[2024-12-12T19:26:01.552+0000] {processor.py:186} INFO - Started process (PID=95) to work on /opt/bitnami/airflow/venv/lib/python3.12/site-packages/airflow/example_dags/subdags/subdag.py
[2024-12-12T19:26:01.554+0000] {processor.py:914} INFO - Processing file /opt/bitnami/airflow/venv/lib/python3.12/site-packages/airflow/example_dags/subdags/subdag.py for tasks to queue
[2024-12-12T19:26:01.558+0000] {logging_mixin.py:190} INFO - [2024-12-12T19:26:01.557+0000] {dagbag.py:588} INFO - Filling up the DagBag from /opt/bitnami/airflow/venv/lib/python3.12/site-packages/airflow/example_dags/subdags/subdag.py
[2024-12-12T19:26:01.560+0000] {processor.py:927} WARNING - No viable dags retrieved from /opt/bitnami/airflow/venv/lib/python3.12/site-packages/airflow/example_dags/subdags/subdag.py
[2024-12-12T19:26:01.577+0000] {processor.py:208} INFO - Processing /opt/bitnami/airflow/venv/lib/python3.12/site-packages/airflow/example_dags/subdags/subdag.py took 0.033 seconds
[2024-12-12T19:26:32.320+0000] {processor.py:186} INFO - Started process (PID=152) to work on /opt/bitnami/airflow/venv/lib/python3.12/site-packages/airflow/example_dags/subdags/subdag.py
[2024-12-12T19:26:32.321+0000] {processor.py:914} INFO - Processing file /opt/bitnami/airflow/venv/lib/python3.12/site-packages/airflow/example_dags/subdags/subdag.py for tasks to queue
[2024-12-12T19:26:32.325+0000] {logging_mixin.py:190} INFO - [2024-12-12T19:26:32.324+0000] {dagbag.py:588} INFO - Filling up the DagBag from /opt/bitnami/airflow/venv/lib/python3.12/site-packages/airflow/example_dags/subdags/subdag.py
[2024-12-12T19:26:32.327+0000] {processor.py:927} WARNING - No viable dags retrieved from /opt/bitnami/airflow/venv/lib/python3.12/site-packages/airflow/example_dags/subdags/subdag.py
[2024-12-12T19:26:32.346+0000] {processor.py:208} INFO - Processing /opt/bitnami/airflow/venv/lib/python3.12/site-packages/airflow/example_dags/subdags/subdag.py took 0.033 seconds
[2024-12-12T19:27:02.488+0000] {processor.py:186} INFO - Started process (PID=209) to work on /opt/bitnami/airflow/venv/lib/python3.12/site-packages/airflow/example_dags/subdags/subdag.py
[2024-12-12T19:27:02.489+0000] {processor.py:914} INFO - Processing file /opt/bitnami/airflow/venv/lib/python3.12/site-packages/airflow/example_dags/subdags/subdag.py for tasks to queue
[2024-12-12T19:27:02.492+0000] {logging_mixin.py:190} INFO - [2024-12-12T19:27:02.492+0000] {dagbag.py:588} INFO - Filling up the DagBag from /opt/bitnami/airflow/venv/lib/python3.12/site-packages/airflow/example_dags/subdags/subdag.py
[2024-12-12T19:27:02.495+0000] {processor.py:927} WARNING - No viable dags retrieved from /opt/bitnami/airflow/venv/lib/python3.12/site-packages/airflow/example_dags/subdags/subdag.py
[2024-12-12T19:27:02.509+0000] {processor.py:208} INFO - Processing /opt/bitnami/airflow/venv/lib/python3.12/site-packages/airflow/example_dags/subdags/subdag.py took 0.027 seconds
[2024-12-12T19:27:33.428+0000] {processor.py:186} INFO - Started process (PID=266) to work on /opt/bitnami/airflow/venv/lib/python3.12/site-packages/airflow/example_dags/subdags/subdag.py
[2024-12-12T19:27:33.429+0000] {processor.py:914} INFO - Processing file /opt/bitnami/airflow/venv/lib/python3.12/site-packages/airflow/example_dags/subdags/subdag.py for tasks to queue
[2024-12-12T19:27:33.432+0000] {logging_mixin.py:190} INFO - [2024-12-12T19:27:33.432+0000] {dagbag.py:588} INFO - Filling up the DagBag from /opt/bitnami/airflow/venv/lib/python3.12/site-packages/airflow/example_dags/subdags/subdag.py
[2024-12-12T19:27:33.435+0000] {processor.py:927} WARNING - No viable dags retrieved from /opt/bitnami/airflow/venv/lib/python3.12/site-packages/airflow/example_dags/subdags/subdag.py
[2024-12-12T19:27:33.450+0000] {processor.py:208} INFO - Processing /opt/bitnami/airflow/venv/lib/python3.12/site-packages/airflow/example_dags/subdags/subdag.py took 0.028 seconds
[2024-12-12T19:28:03.718+0000] {processor.py:186} INFO - Started process (PID=323) to work on /opt/bitnami/airflow/venv/lib/python3.12/site-packages/airflow/example_dags/subdags/subdag.py
[2024-12-12T19:28:03.719+0000] {processor.py:914} INFO - Processing file /opt/bitnami/airflow/venv/lib/python3.12/site-packages/airflow/example_dags/subdags/subdag.py for tasks to queue
[2024-12-12T19:28:03.721+0000] {logging_mixin.py:190} INFO - [2024-12-12T19:28:03.721+0000] {dagbag.py:588} INFO - Filling up the DagBag from /opt/bitnami/airflow/venv/lib/python3.12/site-packages/airflow/example_dags/subdags/subdag.py
[2024-12-12T19:28:03.724+0000] {processor.py:927} WARNING - No viable dags retrieved from /opt/bitnami/airflow/venv/lib/python3.12/site-packages/airflow/example_dags/subdags/subdag.py
[2024-12-12T19:28:03.740+0000] {processor.py:208} INFO - Processing /opt/bitnami/airflow/venv/lib/python3.12/site-packages/airflow/example_dags/subdags/subdag.py took 0.028 seconds
[2024-12-12T19:28:34.392+0000] {processor.py:186} INFO - Started process (PID=380) to work on /opt/bitnami/airflow/venv/lib/python3.12/site-packages/airflow/example_dags/subdags/subdag.py
[2024-12-12T19:28:34.393+0000] {processor.py:914} INFO - Processing file /opt/bitnami/airflow/venv/lib/python3.12/site-packages/airflow/example_dags/subdags/subdag.py for tasks to queue
[2024-12-12T19:28:34.396+0000] {logging_mixin.py:190} INFO - [2024-12-12T19:28:34.395+0000] {dagbag.py:588} INFO - Filling up the DagBag from /opt/bitnami/airflow/venv/lib/python3.12/site-packages/airflow/example_dags/subdags/subdag.py
[2024-12-12T19:28:34.399+0000] {processor.py:927} WARNING - No viable dags retrieved from /opt/bitnami/airflow/venv/lib/python3.12/site-packages/airflow/example_dags/subdags/subdag.py
[2024-12-12T19:28:34.421+0000] {processor.py:208} INFO - Processing /opt/bitnami/airflow/venv/lib/python3.12/site-packages/airflow/example_dags/subdags/subdag.py took 0.037 seconds
[2024-12-12T19:29:04.540+0000] {processor.py:186} INFO - Started process (PID=436) to work on /opt/bitnami/airflow/venv/lib/python3.12/site-packages/airflow/example_dags/subdags/subdag.py
[2024-12-12T19:29:04.541+0000] {processor.py:914} INFO - Processing file /opt/bitnami/airflow/venv/lib/python3.12/site-packages/airflow/example_dags/subdags/subdag.py for tasks to queue
[2024-12-12T19:29:04.544+0000] {logging_mixin.py:190} INFO - [2024-12-12T19:29:04.544+0000] {dagbag.py:588} INFO - Filling up the DagBag from /opt/bitnami/airflow/venv/lib/python3.12/site-packages/airflow/example_dags/subdags/subdag.py
[2024-12-12T19:29:04.546+0000] {processor.py:927} WARNING - No viable dags retrieved from /opt/bitnami/airflow/venv/lib/python3.12/site-packages/airflow/example_dags/subdags/subdag.py
[2024-12-12T19:29:04.564+0000] {processor.py:208} INFO - Processing /opt/bitnami/airflow/venv/lib/python3.12/site-packages/airflow/example_dags/subdags/subdag.py took 0.031 seconds
[2024-12-12T19:29:35.613+0000] {processor.py:186} INFO - Started process (PID=494) to work on /opt/bitnami/airflow/venv/lib/python3.12/site-packages/airflow/example_dags/subdags/subdag.py
[2024-12-12T19:29:35.615+0000] {processor.py:914} INFO - Processing file /opt/bitnami/airflow/venv/lib/python3.12/site-packages/airflow/example_dags/subdags/subdag.py for tasks to queue
[2024-12-12T19:29:35.617+0000] {logging_mixin.py:190} INFO - [2024-12-12T19:29:35.617+0000] {dagbag.py:588} INFO - Filling up the DagBag from /opt/bitnami/airflow/venv/lib/python3.12/site-packages/airflow/example_dags/subdags/subdag.py
[2024-12-12T19:29:35.620+0000] {processor.py:927} WARNING - No viable dags retrieved from /opt/bitnami/airflow/venv/lib/python3.12/site-packages/airflow/example_dags/subdags/subdag.py
[2024-12-12T19:29:35.637+0000] {processor.py:208} INFO - Processing /opt/bitnami/airflow/venv/lib/python3.12/site-packages/airflow/example_dags/subdags/subdag.py took 0.028 seconds
[2024-12-12T19:30:06.266+0000] {processor.py:186} INFO - Started process (PID=551) to work on /opt/bitnami/airflow/venv/lib/python3.12/site-packages/airflow/example_dags/subdags/subdag.py
[2024-12-12T19:30:06.267+0000] {processor.py:914} INFO - Processing file /opt/bitnami/airflow/venv/lib/python3.12/site-packages/airflow/example_dags/subdags/subdag.py for tasks to queue
[2024-12-12T19:30:06.270+0000] {logging_mixin.py:190} INFO - [2024-12-12T19:30:06.270+0000] {dagbag.py:588} INFO - Filling up the DagBag from /opt/bitnami/airflow/venv/lib/python3.12/site-packages/airflow/example_dags/subdags/subdag.py
[2024-12-12T19:30:06.272+0000] {processor.py:927} WARNING - No viable dags retrieved from /opt/bitnami/airflow/venv/lib/python3.12/site-packages/airflow/example_dags/subdags/subdag.py
[2024-12-12T19:30:06.287+0000] {processor.py:208} INFO - Processing /opt/bitnami/airflow/venv/lib/python3.12/site-packages/airflow/example_dags/subdags/subdag.py took 0.026 seconds
[2024-12-12T19:30:36.704+0000] {processor.py:186} INFO - Started process (PID=608) to work on /opt/bitnami/airflow/venv/lib/python3.12/site-packages/airflow/example_dags/subdags/subdag.py
[2024-12-12T19:30:36.706+0000] {processor.py:914} INFO - Processing file /opt/bitnami/airflow/venv/lib/python3.12/site-packages/airflow/example_dags/subdags/subdag.py for tasks to queue
[2024-12-12T19:30:36.710+0000] {logging_mixin.py:190} INFO - [2024-12-12T19:30:36.710+0000] {dagbag.py:588} INFO - Filling up the DagBag from /opt/bitnami/airflow/venv/lib/python3.12/site-packages/airflow/example_dags/subdags/subdag.py
[2024-12-12T19:30:36.714+0000] {processor.py:927} WARNING - No viable dags retrieved from /opt/bitnami/airflow/venv/lib/python3.12/site-packages/airflow/example_dags/subdags/subdag.py
[2024-12-12T19:30:36.736+0000] {processor.py:208} INFO - Processing /opt/bitnami/airflow/venv/lib/python3.12/site-packages/airflow/example_dags/subdags/subdag.py took 0.038 seconds
[2024-12-12T19:31:07.207+0000] {processor.py:186} INFO - Started process (PID=665) to work on /opt/bitnami/airflow/venv/lib/python3.12/site-packages/airflow/example_dags/subdags/subdag.py
[2024-12-12T19:31:07.209+0000] {processor.py:914} INFO - Processing file /opt/bitnami/airflow/venv/lib/python3.12/site-packages/airflow/example_dags/subdags/subdag.py for tasks to queue
[2024-12-12T19:31:07.212+0000] {logging_mixin.py:190} INFO - [2024-12-12T19:31:07.211+0000] {dagbag.py:588} INFO - Filling up the DagBag from /opt/bitnami/airflow/venv/lib/python3.12/site-packages/airflow/example_dags/subdags/subdag.py
[2024-12-12T19:31:07.214+0000] {processor.py:927} WARNING - No viable dags retrieved from /opt/bitnami/airflow/venv/lib/python3.12/site-packages/airflow/example_dags/subdags/subdag.py
[2024-12-12T19:31:07.231+0000] {processor.py:208} INFO - Processing /opt/bitnami/airflow/venv/lib/python3.12/site-packages/airflow/example_dags/subdags/subdag.py took 0.029 seconds
[2024-12-12T19:31:37.754+0000] {processor.py:186} INFO - Started process (PID=722) to work on /opt/bitnami/airflow/venv/lib/python3.12/site-packages/airflow/example_dags/subdags/subdag.py
[2024-12-12T19:31:37.755+0000] {processor.py:914} INFO - Processing file /opt/bitnami/airflow/venv/lib/python3.12/site-packages/airflow/example_dags/subdags/subdag.py for tasks to queue
[2024-12-12T19:31:37.757+0000] {logging_mixin.py:190} INFO - [2024-12-12T19:31:37.757+0000] {dagbag.py:588} INFO - Filling up the DagBag from /opt/bitnami/airflow/venv/lib/python3.12/site-packages/airflow/example_dags/subdags/subdag.py
[2024-12-12T19:31:37.759+0000] {processor.py:927} WARNING - No viable dags retrieved from /opt/bitnami/airflow/venv/lib/python3.12/site-packages/airflow/example_dags/subdags/subdag.py
[2024-12-12T19:31:37.779+0000] {processor.py:208} INFO - Processing /opt/bitnami/airflow/venv/lib/python3.12/site-packages/airflow/example_dags/subdags/subdag.py took 0.033 seconds
[2024-12-12T19:32:08.633+0000] {processor.py:186} INFO - Started process (PID=779) to work on /opt/bitnami/airflow/venv/lib/python3.12/site-packages/airflow/example_dags/subdags/subdag.py
[2024-12-12T19:32:08.634+0000] {processor.py:914} INFO - Processing file /opt/bitnami/airflow/venv/lib/python3.12/site-packages/airflow/example_dags/subdags/subdag.py for tasks to queue
[2024-12-12T19:32:08.639+0000] {logging_mixin.py:190} INFO - [2024-12-12T19:32:08.638+0000] {dagbag.py:588} INFO - Filling up the DagBag from /opt/bitnami/airflow/venv/lib/python3.12/site-packages/airflow/example_dags/subdags/subdag.py
[2024-12-12T19:32:08.641+0000] {processor.py:927} WARNING - No viable dags retrieved from /opt/bitnami/airflow/venv/lib/python3.12/site-packages/airflow/example_dags/subdags/subdag.py
[2024-12-12T19:32:08.657+0000] {processor.py:208} INFO - Processing /opt/bitnami/airflow/venv/lib/python3.12/site-packages/airflow/example_dags/subdags/subdag.py took 0.029 seconds
[2024-12-12T19:32:39.684+0000] {processor.py:186} INFO - Started process (PID=836) to work on /opt/bitnami/airflow/venv/lib/python3.12/site-packages/airflow/example_dags/subdags/subdag.py
[2024-12-12T19:32:39.686+0000] {processor.py:914} INFO - Processing file /opt/bitnami/airflow/venv/lib/python3.12/site-packages/airflow/example_dags/subdags/subdag.py for tasks to queue
[2024-12-12T19:32:39.689+0000] {logging_mixin.py:190} INFO - [2024-12-12T19:32:39.689+0000] {dagbag.py:588} INFO - Filling up the DagBag from /opt/bitnami/airflow/venv/lib/python3.12/site-packages/airflow/example_dags/subdags/subdag.py
[2024-12-12T19:32:39.692+0000] {processor.py:927} WARNING - No viable dags retrieved from /opt/bitnami/airflow/venv/lib/python3.12/site-packages/airflow/example_dags/subdags/subdag.py
[2024-12-12T19:32:39.710+0000] {processor.py:208} INFO - Processing /opt/bitnami/airflow/venv/lib/python3.12/site-packages/airflow/example_dags/subdags/subdag.py took 0.032 seconds
[2024-12-12T19:33:09.787+0000] {processor.py:186} INFO - Started process (PID=893) to work on /opt/bitnami/airflow/venv/lib/python3.12/site-packages/airflow/example_dags/subdags/subdag.py
[2024-12-12T19:33:09.789+0000] {processor.py:914} INFO - Processing file /opt/bitnami/airflow/venv/lib/python3.12/site-packages/airflow/example_dags/subdags/subdag.py for tasks to queue
[2024-12-12T19:33:09.791+0000] {logging_mixin.py:190} INFO - [2024-12-12T19:33:09.791+0000] {dagbag.py:588} INFO - Filling up the DagBag from /opt/bitnami/airflow/venv/lib/python3.12/site-packages/airflow/example_dags/subdags/subdag.py
[2024-12-12T19:33:09.793+0000] {processor.py:927} WARNING - No viable dags retrieved from /opt/bitnami/airflow/venv/lib/python3.12/site-packages/airflow/example_dags/subdags/subdag.py
[2024-12-12T19:33:09.812+0000] {processor.py:208} INFO - Processing /opt/bitnami/airflow/venv/lib/python3.12/site-packages/airflow/example_dags/subdags/subdag.py took 0.030 seconds
[2024-12-12T19:33:40.489+0000] {processor.py:186} INFO - Started process (PID=950) to work on /opt/bitnami/airflow/venv/lib/python3.12/site-packages/airflow/example_dags/subdags/subdag.py
[2024-12-12T19:33:40.490+0000] {processor.py:914} INFO - Processing file /opt/bitnami/airflow/venv/lib/python3.12/site-packages/airflow/example_dags/subdags/subdag.py for tasks to queue
[2024-12-12T19:33:40.492+0000] {logging_mixin.py:190} INFO - [2024-12-12T19:33:40.491+0000] {dagbag.py:588} INFO - Filling up the DagBag from /opt/bitnami/airflow/venv/lib/python3.12/site-packages/airflow/example_dags/subdags/subdag.py
[2024-12-12T19:33:40.493+0000] {processor.py:927} WARNING - No viable dags retrieved from /opt/bitnami/airflow/venv/lib/python3.12/site-packages/airflow/example_dags/subdags/subdag.py
[2024-12-12T19:33:40.509+0000] {processor.py:208} INFO - Processing /opt/bitnami/airflow/venv/lib/python3.12/site-packages/airflow/example_dags/subdags/subdag.py took 0.025 seconds
[2024-12-12T19:34:11.574+0000] {processor.py:186} INFO - Started process (PID=1007) to work on /opt/bitnami/airflow/venv/lib/python3.12/site-packages/airflow/example_dags/subdags/subdag.py
[2024-12-12T19:34:11.576+0000] {processor.py:914} INFO - Processing file /opt/bitnami/airflow/venv/lib/python3.12/site-packages/airflow/example_dags/subdags/subdag.py for tasks to queue
[2024-12-12T19:34:11.578+0000] {logging_mixin.py:190} INFO - [2024-12-12T19:34:11.578+0000] {dagbag.py:588} INFO - Filling up the DagBag from /opt/bitnami/airflow/venv/lib/python3.12/site-packages/airflow/example_dags/subdags/subdag.py
[2024-12-12T19:34:11.582+0000] {processor.py:927} WARNING - No viable dags retrieved from /opt/bitnami/airflow/venv/lib/python3.12/site-packages/airflow/example_dags/subdags/subdag.py
[2024-12-12T19:34:11.600+0000] {processor.py:208} INFO - Processing /opt/bitnami/airflow/venv/lib/python3.12/site-packages/airflow/example_dags/subdags/subdag.py took 0.031 seconds
[2024-12-12T19:34:42.383+0000] {processor.py:186} INFO - Started process (PID=1064) to work on /opt/bitnami/airflow/venv/lib/python3.12/site-packages/airflow/example_dags/subdags/subdag.py
[2024-12-12T19:34:42.385+0000] {processor.py:914} INFO - Processing file /opt/bitnami/airflow/venv/lib/python3.12/site-packages/airflow/example_dags/subdags/subdag.py for tasks to queue
[2024-12-12T19:34:42.390+0000] {logging_mixin.py:190} INFO - [2024-12-12T19:34:42.390+0000] {dagbag.py:588} INFO - Filling up the DagBag from /opt/bitnami/airflow/venv/lib/python3.12/site-packages/airflow/example_dags/subdags/subdag.py
[2024-12-12T19:34:42.393+0000] {processor.py:927} WARNING - No viable dags retrieved from /opt/bitnami/airflow/venv/lib/python3.12/site-packages/airflow/example_dags/subdags/subdag.py
[2024-12-12T19:34:42.416+0000] {processor.py:208} INFO - Processing /opt/bitnami/airflow/venv/lib/python3.12/site-packages/airflow/example_dags/subdags/subdag.py took 0.038 seconds
[2024-12-12T19:35:12.792+0000] {processor.py:186} INFO - Started process (PID=1121) to work on /opt/bitnami/airflow/venv/lib/python3.12/site-packages/airflow/example_dags/subdags/subdag.py
[2024-12-12T19:35:12.793+0000] {processor.py:914} INFO - Processing file /opt/bitnami/airflow/venv/lib/python3.12/site-packages/airflow/example_dags/subdags/subdag.py for tasks to queue
[2024-12-12T19:35:12.795+0000] {logging_mixin.py:190} INFO - [2024-12-12T19:35:12.795+0000] {dagbag.py:588} INFO - Filling up the DagBag from /opt/bitnami/airflow/venv/lib/python3.12/site-packages/airflow/example_dags/subdags/subdag.py
[2024-12-12T19:35:12.797+0000] {processor.py:927} WARNING - No viable dags retrieved from /opt/bitnami/airflow/venv/lib/python3.12/site-packages/airflow/example_dags/subdags/subdag.py
[2024-12-12T19:35:12.810+0000] {processor.py:208} INFO - Processing /opt/bitnami/airflow/venv/lib/python3.12/site-packages/airflow/example_dags/subdags/subdag.py took 0.022 seconds
[2024-12-12T19:35:43.777+0000] {processor.py:186} INFO - Started process (PID=1178) to work on /opt/bitnami/airflow/venv/lib/python3.12/site-packages/airflow/example_dags/subdags/subdag.py
[2024-12-12T19:35:43.778+0000] {processor.py:914} INFO - Processing file /opt/bitnami/airflow/venv/lib/python3.12/site-packages/airflow/example_dags/subdags/subdag.py for tasks to queue
[2024-12-12T19:35:43.780+0000] {logging_mixin.py:190} INFO - [2024-12-12T19:35:43.780+0000] {dagbag.py:588} INFO - Filling up the DagBag from /opt/bitnami/airflow/venv/lib/python3.12/site-packages/airflow/example_dags/subdags/subdag.py
[2024-12-12T19:35:43.782+0000] {processor.py:927} WARNING - No viable dags retrieved from /opt/bitnami/airflow/venv/lib/python3.12/site-packages/airflow/example_dags/subdags/subdag.py
[2024-12-12T19:35:43.797+0000] {processor.py:208} INFO - Processing /opt/bitnami/airflow/venv/lib/python3.12/site-packages/airflow/example_dags/subdags/subdag.py took 0.025 seconds
[2024-12-12T19:36:14.372+0000] {processor.py:186} INFO - Started process (PID=1235) to work on /opt/bitnami/airflow/venv/lib/python3.12/site-packages/airflow/example_dags/subdags/subdag.py
[2024-12-12T19:36:14.373+0000] {processor.py:914} INFO - Processing file /opt/bitnami/airflow/venv/lib/python3.12/site-packages/airflow/example_dags/subdags/subdag.py for tasks to queue
[2024-12-12T19:36:14.375+0000] {logging_mixin.py:190} INFO - [2024-12-12T19:36:14.374+0000] {dagbag.py:588} INFO - Filling up the DagBag from /opt/bitnami/airflow/venv/lib/python3.12/site-packages/airflow/example_dags/subdags/subdag.py
[2024-12-12T19:36:14.376+0000] {processor.py:927} WARNING - No viable dags retrieved from /opt/bitnami/airflow/venv/lib/python3.12/site-packages/airflow/example_dags/subdags/subdag.py
[2024-12-12T19:36:14.390+0000] {processor.py:208} INFO - Processing /opt/bitnami/airflow/venv/lib/python3.12/site-packages/airflow/example_dags/subdags/subdag.py took 0.023 seconds
[2024-12-12T19:36:45.237+0000] {processor.py:186} INFO - Started process (PID=1292) to work on /opt/bitnami/airflow/venv/lib/python3.12/site-packages/airflow/example_dags/subdags/subdag.py
[2024-12-12T19:36:45.238+0000] {processor.py:914} INFO - Processing file /opt/bitnami/airflow/venv/lib/python3.12/site-packages/airflow/example_dags/subdags/subdag.py for tasks to queue
[2024-12-12T19:36:45.240+0000] {logging_mixin.py:190} INFO - [2024-12-12T19:36:45.239+0000] {dagbag.py:588} INFO - Filling up the DagBag from /opt/bitnami/airflow/venv/lib/python3.12/site-packages/airflow/example_dags/subdags/subdag.py
[2024-12-12T19:36:45.241+0000] {processor.py:927} WARNING - No viable dags retrieved from /opt/bitnami/airflow/venv/lib/python3.12/site-packages/airflow/example_dags/subdags/subdag.py
[2024-12-12T19:36:45.253+0000] {processor.py:208} INFO - Processing /opt/bitnami/airflow/venv/lib/python3.12/site-packages/airflow/example_dags/subdags/subdag.py took 0.021 seconds
[2024-12-12T19:37:15.712+0000] {processor.py:186} INFO - Started process (PID=1349) to work on /opt/bitnami/airflow/venv/lib/python3.12/site-packages/airflow/example_dags/subdags/subdag.py
[2024-12-12T19:37:15.713+0000] {processor.py:914} INFO - Processing file /opt/bitnami/airflow/venv/lib/python3.12/site-packages/airflow/example_dags/subdags/subdag.py for tasks to queue
[2024-12-12T19:37:15.715+0000] {logging_mixin.py:190} INFO - [2024-12-12T19:37:15.715+0000] {dagbag.py:588} INFO - Filling up the DagBag from /opt/bitnami/airflow/venv/lib/python3.12/site-packages/airflow/example_dags/subdags/subdag.py
[2024-12-12T19:37:15.717+0000] {processor.py:927} WARNING - No viable dags retrieved from /opt/bitnami/airflow/venv/lib/python3.12/site-packages/airflow/example_dags/subdags/subdag.py
[2024-12-12T19:37:15.733+0000] {processor.py:208} INFO - Processing /opt/bitnami/airflow/venv/lib/python3.12/site-packages/airflow/example_dags/subdags/subdag.py took 0.025 seconds
[2024-12-12T19:37:46.158+0000] {processor.py:186} INFO - Started process (PID=1406) to work on /opt/bitnami/airflow/venv/lib/python3.12/site-packages/airflow/example_dags/subdags/subdag.py
[2024-12-12T19:37:46.159+0000] {processor.py:914} INFO - Processing file /opt/bitnami/airflow/venv/lib/python3.12/site-packages/airflow/example_dags/subdags/subdag.py for tasks to queue
[2024-12-12T19:37:46.162+0000] {logging_mixin.py:190} INFO - [2024-12-12T19:37:46.162+0000] {dagbag.py:588} INFO - Filling up the DagBag from /opt/bitnami/airflow/venv/lib/python3.12/site-packages/airflow/example_dags/subdags/subdag.py
[2024-12-12T19:37:46.164+0000] {processor.py:927} WARNING - No viable dags retrieved from /opt/bitnami/airflow/venv/lib/python3.12/site-packages/airflow/example_dags/subdags/subdag.py
[2024-12-12T19:37:46.181+0000] {processor.py:208} INFO - Processing /opt/bitnami/airflow/venv/lib/python3.12/site-packages/airflow/example_dags/subdags/subdag.py took 0.028 seconds
[2024-12-12T19:38:17.018+0000] {processor.py:186} INFO - Started process (PID=1463) to work on /opt/bitnami/airflow/venv/lib/python3.12/site-packages/airflow/example_dags/subdags/subdag.py
[2024-12-12T19:38:17.019+0000] {processor.py:914} INFO - Processing file /opt/bitnami/airflow/venv/lib/python3.12/site-packages/airflow/example_dags/subdags/subdag.py for tasks to queue
[2024-12-12T19:38:17.021+0000] {logging_mixin.py:190} INFO - [2024-12-12T19:38:17.021+0000] {dagbag.py:588} INFO - Filling up the DagBag from /opt/bitnami/airflow/venv/lib/python3.12/site-packages/airflow/example_dags/subdags/subdag.py
[2024-12-12T19:38:17.023+0000] {processor.py:927} WARNING - No viable dags retrieved from /opt/bitnami/airflow/venv/lib/python3.12/site-packages/airflow/example_dags/subdags/subdag.py
[2024-12-12T19:38:17.033+0000] {processor.py:208} INFO - Processing /opt/bitnami/airflow/venv/lib/python3.12/site-packages/airflow/example_dags/subdags/subdag.py took 0.020 seconds
[2024-12-12T19:38:47.879+0000] {processor.py:186} INFO - Started process (PID=1520) to work on /opt/bitnami/airflow/venv/lib/python3.12/site-packages/airflow/example_dags/subdags/subdag.py
[2024-12-12T19:38:47.881+0000] {processor.py:914} INFO - Processing file /opt/bitnami/airflow/venv/lib/python3.12/site-packages/airflow/example_dags/subdags/subdag.py for tasks to queue
[2024-12-12T19:38:47.883+0000] {logging_mixin.py:190} INFO - [2024-12-12T19:38:47.883+0000] {dagbag.py:588} INFO - Filling up the DagBag from /opt/bitnami/airflow/venv/lib/python3.12/site-packages/airflow/example_dags/subdags/subdag.py
[2024-12-12T19:38:47.885+0000] {processor.py:927} WARNING - No viable dags retrieved from /opt/bitnami/airflow/venv/lib/python3.12/site-packages/airflow/example_dags/subdags/subdag.py
[2024-12-12T19:38:47.901+0000] {processor.py:208} INFO - Processing /opt/bitnami/airflow/venv/lib/python3.12/site-packages/airflow/example_dags/subdags/subdag.py took 0.026 seconds
[2024-12-12T19:39:18.831+0000] {processor.py:186} INFO - Started process (PID=1577) to work on /opt/bitnami/airflow/venv/lib/python3.12/site-packages/airflow/example_dags/subdags/subdag.py
[2024-12-12T19:39:18.832+0000] {processor.py:914} INFO - Processing file /opt/bitnami/airflow/venv/lib/python3.12/site-packages/airflow/example_dags/subdags/subdag.py for tasks to queue
[2024-12-12T19:39:18.834+0000] {logging_mixin.py:190} INFO - [2024-12-12T19:39:18.834+0000] {dagbag.py:588} INFO - Filling up the DagBag from /opt/bitnami/airflow/venv/lib/python3.12/site-packages/airflow/example_dags/subdags/subdag.py
[2024-12-12T19:39:18.836+0000] {processor.py:927} WARNING - No viable dags retrieved from /opt/bitnami/airflow/venv/lib/python3.12/site-packages/airflow/example_dags/subdags/subdag.py
[2024-12-12T19:39:18.849+0000] {processor.py:208} INFO - Processing /opt/bitnami/airflow/venv/lib/python3.12/site-packages/airflow/example_dags/subdags/subdag.py took 0.023 seconds
[2024-12-12T19:39:50.152+0000] {processor.py:186} INFO - Started process (PID=1634) to work on /opt/bitnami/airflow/venv/lib/python3.12/site-packages/airflow/example_dags/subdags/subdag.py
[2024-12-12T19:39:50.153+0000] {processor.py:914} INFO - Processing file /opt/bitnami/airflow/venv/lib/python3.12/site-packages/airflow/example_dags/subdags/subdag.py for tasks to queue
[2024-12-12T19:39:50.155+0000] {logging_mixin.py:190} INFO - [2024-12-12T19:39:50.154+0000] {dagbag.py:588} INFO - Filling up the DagBag from /opt/bitnami/airflow/venv/lib/python3.12/site-packages/airflow/example_dags/subdags/subdag.py
[2024-12-12T19:39:50.157+0000] {processor.py:927} WARNING - No viable dags retrieved from /opt/bitnami/airflow/venv/lib/python3.12/site-packages/airflow/example_dags/subdags/subdag.py
[2024-12-12T19:39:50.171+0000] {processor.py:208} INFO - Processing /opt/bitnami/airflow/venv/lib/python3.12/site-packages/airflow/example_dags/subdags/subdag.py took 0.025 seconds
[2024-12-12T19:40:21.150+0000] {processor.py:186} INFO - Started process (PID=1691) to work on /opt/bitnami/airflow/venv/lib/python3.12/site-packages/airflow/example_dags/subdags/subdag.py
[2024-12-12T19:40:21.152+0000] {processor.py:914} INFO - Processing file /opt/bitnami/airflow/venv/lib/python3.12/site-packages/airflow/example_dags/subdags/subdag.py for tasks to queue
[2024-12-12T19:40:21.154+0000] {logging_mixin.py:190} INFO - [2024-12-12T19:40:21.154+0000] {dagbag.py:588} INFO - Filling up the DagBag from /opt/bitnami/airflow/venv/lib/python3.12/site-packages/airflow/example_dags/subdags/subdag.py
[2024-12-12T19:40:21.156+0000] {processor.py:927} WARNING - No viable dags retrieved from /opt/bitnami/airflow/venv/lib/python3.12/site-packages/airflow/example_dags/subdags/subdag.py
[2024-12-12T19:40:21.173+0000] {processor.py:208} INFO - Processing /opt/bitnami/airflow/venv/lib/python3.12/site-packages/airflow/example_dags/subdags/subdag.py took 0.027 seconds
[2024-12-12T19:40:52.509+0000] {processor.py:186} INFO - Started process (PID=1748) to work on /opt/bitnami/airflow/venv/lib/python3.12/site-packages/airflow/example_dags/subdags/subdag.py
[2024-12-12T19:40:52.510+0000] {processor.py:914} INFO - Processing file /opt/bitnami/airflow/venv/lib/python3.12/site-packages/airflow/example_dags/subdags/subdag.py for tasks to queue
[2024-12-12T19:40:52.512+0000] {logging_mixin.py:190} INFO - [2024-12-12T19:40:52.511+0000] {dagbag.py:588} INFO - Filling up the DagBag from /opt/bitnami/airflow/venv/lib/python3.12/site-packages/airflow/example_dags/subdags/subdag.py
[2024-12-12T19:40:52.513+0000] {processor.py:927} WARNING - No viable dags retrieved from /opt/bitnami/airflow/venv/lib/python3.12/site-packages/airflow/example_dags/subdags/subdag.py
[2024-12-12T19:40:52.526+0000] {processor.py:208} INFO - Processing /opt/bitnami/airflow/venv/lib/python3.12/site-packages/airflow/example_dags/subdags/subdag.py took 0.022 seconds
[2024-12-12T19:41:23.883+0000] {processor.py:186} INFO - Started process (PID=1805) to work on /opt/bitnami/airflow/venv/lib/python3.12/site-packages/airflow/example_dags/subdags/subdag.py
[2024-12-12T19:41:23.884+0000] {processor.py:914} INFO - Processing file /opt/bitnami/airflow/venv/lib/python3.12/site-packages/airflow/example_dags/subdags/subdag.py for tasks to queue
[2024-12-12T19:41:23.887+0000] {logging_mixin.py:190} INFO - [2024-12-12T19:41:23.886+0000] {dagbag.py:588} INFO - Filling up the DagBag from /opt/bitnami/airflow/venv/lib/python3.12/site-packages/airflow/example_dags/subdags/subdag.py
[2024-12-12T19:41:23.889+0000] {processor.py:927} WARNING - No viable dags retrieved from /opt/bitnami/airflow/venv/lib/python3.12/site-packages/airflow/example_dags/subdags/subdag.py
[2024-12-12T19:41:23.909+0000] {processor.py:208} INFO - Processing /opt/bitnami/airflow/venv/lib/python3.12/site-packages/airflow/example_dags/subdags/subdag.py took 0.033 seconds
[2024-12-12T19:41:54.823+0000] {processor.py:186} INFO - Started process (PID=1862) to work on /opt/bitnami/airflow/venv/lib/python3.12/site-packages/airflow/example_dags/subdags/subdag.py
[2024-12-12T19:41:54.824+0000] {processor.py:914} INFO - Processing file /opt/bitnami/airflow/venv/lib/python3.12/site-packages/airflow/example_dags/subdags/subdag.py for tasks to queue
[2024-12-12T19:41:54.827+0000] {logging_mixin.py:190} INFO - [2024-12-12T19:41:54.827+0000] {dagbag.py:588} INFO - Filling up the DagBag from /opt/bitnami/airflow/venv/lib/python3.12/site-packages/airflow/example_dags/subdags/subdag.py
[2024-12-12T19:41:54.830+0000] {processor.py:927} WARNING - No viable dags retrieved from /opt/bitnami/airflow/venv/lib/python3.12/site-packages/airflow/example_dags/subdags/subdag.py
[2024-12-12T19:41:54.847+0000] {processor.py:208} INFO - Processing /opt/bitnami/airflow/venv/lib/python3.12/site-packages/airflow/example_dags/subdags/subdag.py took 0.031 seconds
[2024-12-12T19:42:25.176+0000] {processor.py:186} INFO - Started process (PID=1918) to work on /opt/bitnami/airflow/venv/lib/python3.12/site-packages/airflow/example_dags/subdags/subdag.py
[2024-12-12T19:42:25.178+0000] {processor.py:914} INFO - Processing file /opt/bitnami/airflow/venv/lib/python3.12/site-packages/airflow/example_dags/subdags/subdag.py for tasks to queue
[2024-12-12T19:42:25.181+0000] {logging_mixin.py:190} INFO - [2024-12-12T19:42:25.180+0000] {dagbag.py:588} INFO - Filling up the DagBag from /opt/bitnami/airflow/venv/lib/python3.12/site-packages/airflow/example_dags/subdags/subdag.py
[2024-12-12T19:42:25.183+0000] {processor.py:927} WARNING - No viable dags retrieved from /opt/bitnami/airflow/venv/lib/python3.12/site-packages/airflow/example_dags/subdags/subdag.py
[2024-12-12T19:42:25.201+0000] {processor.py:208} INFO - Processing /opt/bitnami/airflow/venv/lib/python3.12/site-packages/airflow/example_dags/subdags/subdag.py took 0.030 seconds
[2024-12-12T19:42:56.033+0000] {processor.py:186} INFO - Started process (PID=1976) to work on /opt/bitnami/airflow/venv/lib/python3.12/site-packages/airflow/example_dags/subdags/subdag.py
[2024-12-12T19:42:56.034+0000] {processor.py:914} INFO - Processing file /opt/bitnami/airflow/venv/lib/python3.12/site-packages/airflow/example_dags/subdags/subdag.py for tasks to queue
[2024-12-12T19:42:56.037+0000] {logging_mixin.py:190} INFO - [2024-12-12T19:42:56.037+0000] {dagbag.py:588} INFO - Filling up the DagBag from /opt/bitnami/airflow/venv/lib/python3.12/site-packages/airflow/example_dags/subdags/subdag.py
[2024-12-12T19:42:56.040+0000] {processor.py:927} WARNING - No viable dags retrieved from /opt/bitnami/airflow/venv/lib/python3.12/site-packages/airflow/example_dags/subdags/subdag.py
[2024-12-12T19:42:56.055+0000] {processor.py:208} INFO - Processing /opt/bitnami/airflow/venv/lib/python3.12/site-packages/airflow/example_dags/subdags/subdag.py took 0.028 seconds
[2024-12-12T19:43:27.501+0000] {processor.py:186} INFO - Started process (PID=2033) to work on /opt/bitnami/airflow/venv/lib/python3.12/site-packages/airflow/example_dags/subdags/subdag.py
[2024-12-12T19:43:27.504+0000] {processor.py:914} INFO - Processing file /opt/bitnami/airflow/venv/lib/python3.12/site-packages/airflow/example_dags/subdags/subdag.py for tasks to queue
[2024-12-12T19:43:27.507+0000] {logging_mixin.py:190} INFO - [2024-12-12T19:43:27.507+0000] {dagbag.py:588} INFO - Filling up the DagBag from /opt/bitnami/airflow/venv/lib/python3.12/site-packages/airflow/example_dags/subdags/subdag.py
[2024-12-12T19:43:27.510+0000] {processor.py:927} WARNING - No viable dags retrieved from /opt/bitnami/airflow/venv/lib/python3.12/site-packages/airflow/example_dags/subdags/subdag.py
[2024-12-12T19:43:27.529+0000] {processor.py:208} INFO - Processing /opt/bitnami/airflow/venv/lib/python3.12/site-packages/airflow/example_dags/subdags/subdag.py took 0.034 seconds
[2024-12-12T19:43:58.201+0000] {processor.py:186} INFO - Started process (PID=2090) to work on /opt/bitnami/airflow/venv/lib/python3.12/site-packages/airflow/example_dags/subdags/subdag.py
[2024-12-12T19:43:58.203+0000] {processor.py:914} INFO - Processing file /opt/bitnami/airflow/venv/lib/python3.12/site-packages/airflow/example_dags/subdags/subdag.py for tasks to queue
[2024-12-12T19:43:58.207+0000] {logging_mixin.py:190} INFO - [2024-12-12T19:43:58.207+0000] {dagbag.py:588} INFO - Filling up the DagBag from /opt/bitnami/airflow/venv/lib/python3.12/site-packages/airflow/example_dags/subdags/subdag.py
[2024-12-12T19:43:58.209+0000] {processor.py:927} WARNING - No viable dags retrieved from /opt/bitnami/airflow/venv/lib/python3.12/site-packages/airflow/example_dags/subdags/subdag.py
[2024-12-12T19:43:58.229+0000] {processor.py:208} INFO - Processing /opt/bitnami/airflow/venv/lib/python3.12/site-packages/airflow/example_dags/subdags/subdag.py took 0.037 seconds
[2024-12-12T19:44:28.922+0000] {processor.py:186} INFO - Started process (PID=2147) to work on /opt/bitnami/airflow/venv/lib/python3.12/site-packages/airflow/example_dags/subdags/subdag.py
[2024-12-12T19:44:28.924+0000] {processor.py:914} INFO - Processing file /opt/bitnami/airflow/venv/lib/python3.12/site-packages/airflow/example_dags/subdags/subdag.py for tasks to queue
[2024-12-12T19:44:28.926+0000] {logging_mixin.py:190} INFO - [2024-12-12T19:44:28.925+0000] {dagbag.py:588} INFO - Filling up the DagBag from /opt/bitnami/airflow/venv/lib/python3.12/site-packages/airflow/example_dags/subdags/subdag.py
[2024-12-12T19:44:28.927+0000] {processor.py:927} WARNING - No viable dags retrieved from /opt/bitnami/airflow/venv/lib/python3.12/site-packages/airflow/example_dags/subdags/subdag.py
[2024-12-12T19:44:28.939+0000] {processor.py:208} INFO - Processing /opt/bitnami/airflow/venv/lib/python3.12/site-packages/airflow/example_dags/subdags/subdag.py took 0.022 seconds
[2024-12-12T19:45:01.576+0000] {processor.py:186} INFO - Started process (PID=2204) to work on /opt/bitnami/airflow/venv/lib/python3.12/site-packages/airflow/example_dags/subdags/subdag.py
[2024-12-12T19:45:01.579+0000] {processor.py:914} INFO - Processing file /opt/bitnami/airflow/venv/lib/python3.12/site-packages/airflow/example_dags/subdags/subdag.py for tasks to queue
[2024-12-12T19:45:01.582+0000] {logging_mixin.py:190} INFO - [2024-12-12T19:45:01.582+0000] {dagbag.py:588} INFO - Filling up the DagBag from /opt/bitnami/airflow/venv/lib/python3.12/site-packages/airflow/example_dags/subdags/subdag.py
[2024-12-12T19:45:01.585+0000] {processor.py:927} WARNING - No viable dags retrieved from /opt/bitnami/airflow/venv/lib/python3.12/site-packages/airflow/example_dags/subdags/subdag.py
[2024-12-12T19:45:01.612+0000] {processor.py:208} INFO - Processing /opt/bitnami/airflow/venv/lib/python3.12/site-packages/airflow/example_dags/subdags/subdag.py took 0.044 seconds
[2024-12-12T19:45:33.053+0000] {processor.py:186} INFO - Started process (PID=2260) to work on /opt/bitnami/airflow/venv/lib/python3.12/site-packages/airflow/example_dags/subdags/subdag.py
[2024-12-12T19:45:33.054+0000] {processor.py:914} INFO - Processing file /opt/bitnami/airflow/venv/lib/python3.12/site-packages/airflow/example_dags/subdags/subdag.py for tasks to queue
[2024-12-12T19:45:33.056+0000] {logging_mixin.py:190} INFO - [2024-12-12T19:45:33.056+0000] {dagbag.py:588} INFO - Filling up the DagBag from /opt/bitnami/airflow/venv/lib/python3.12/site-packages/airflow/example_dags/subdags/subdag.py
[2024-12-12T19:45:33.058+0000] {processor.py:927} WARNING - No viable dags retrieved from /opt/bitnami/airflow/venv/lib/python3.12/site-packages/airflow/example_dags/subdags/subdag.py
[2024-12-12T19:45:33.072+0000] {processor.py:208} INFO - Processing /opt/bitnami/airflow/venv/lib/python3.12/site-packages/airflow/example_dags/subdags/subdag.py took 0.024 seconds
[2024-12-12T19:46:04.189+0000] {processor.py:186} INFO - Started process (PID=2318) to work on /opt/bitnami/airflow/venv/lib/python3.12/site-packages/airflow/example_dags/subdags/subdag.py
[2024-12-12T19:46:04.190+0000] {processor.py:914} INFO - Processing file /opt/bitnami/airflow/venv/lib/python3.12/site-packages/airflow/example_dags/subdags/subdag.py for tasks to queue
[2024-12-12T19:46:04.192+0000] {logging_mixin.py:190} INFO - [2024-12-12T19:46:04.192+0000] {dagbag.py:588} INFO - Filling up the DagBag from /opt/bitnami/airflow/venv/lib/python3.12/site-packages/airflow/example_dags/subdags/subdag.py
[2024-12-12T19:46:04.194+0000] {processor.py:927} WARNING - No viable dags retrieved from /opt/bitnami/airflow/venv/lib/python3.12/site-packages/airflow/example_dags/subdags/subdag.py
[2024-12-12T19:46:04.207+0000] {processor.py:208} INFO - Processing /opt/bitnami/airflow/venv/lib/python3.12/site-packages/airflow/example_dags/subdags/subdag.py took 0.024 seconds
[2024-12-12T19:46:34.527+0000] {processor.py:186} INFO - Started process (PID=2375) to work on /opt/bitnami/airflow/venv/lib/python3.12/site-packages/airflow/example_dags/subdags/subdag.py
[2024-12-12T19:46:34.529+0000] {processor.py:914} INFO - Processing file /opt/bitnami/airflow/venv/lib/python3.12/site-packages/airflow/example_dags/subdags/subdag.py for tasks to queue
[2024-12-12T19:46:34.531+0000] {logging_mixin.py:190} INFO - [2024-12-12T19:46:34.531+0000] {dagbag.py:588} INFO - Filling up the DagBag from /opt/bitnami/airflow/venv/lib/python3.12/site-packages/airflow/example_dags/subdags/subdag.py
[2024-12-12T19:46:34.533+0000] {processor.py:927} WARNING - No viable dags retrieved from /opt/bitnami/airflow/venv/lib/python3.12/site-packages/airflow/example_dags/subdags/subdag.py
[2024-12-12T19:46:34.547+0000] {processor.py:208} INFO - Processing /opt/bitnami/airflow/venv/lib/python3.12/site-packages/airflow/example_dags/subdags/subdag.py took 0.025 seconds
[2024-12-12T19:47:05.539+0000] {processor.py:186} INFO - Started process (PID=2432) to work on /opt/bitnami/airflow/venv/lib/python3.12/site-packages/airflow/example_dags/subdags/subdag.py
[2024-12-12T19:47:05.541+0000] {processor.py:914} INFO - Processing file /opt/bitnami/airflow/venv/lib/python3.12/site-packages/airflow/example_dags/subdags/subdag.py for tasks to queue
[2024-12-12T19:47:05.543+0000] {logging_mixin.py:190} INFO - [2024-12-12T19:47:05.543+0000] {dagbag.py:588} INFO - Filling up the DagBag from /opt/bitnami/airflow/venv/lib/python3.12/site-packages/airflow/example_dags/subdags/subdag.py
[2024-12-12T19:47:05.546+0000] {processor.py:927} WARNING - No viable dags retrieved from /opt/bitnami/airflow/venv/lib/python3.12/site-packages/airflow/example_dags/subdags/subdag.py
[2024-12-12T19:47:05.562+0000] {processor.py:208} INFO - Processing /opt/bitnami/airflow/venv/lib/python3.12/site-packages/airflow/example_dags/subdags/subdag.py took 0.028 seconds
[2024-12-12T19:47:35.944+0000] {processor.py:186} INFO - Started process (PID=2489) to work on /opt/bitnami/airflow/venv/lib/python3.12/site-packages/airflow/example_dags/subdags/subdag.py
[2024-12-12T19:47:35.946+0000] {processor.py:914} INFO - Processing file /opt/bitnami/airflow/venv/lib/python3.12/site-packages/airflow/example_dags/subdags/subdag.py for tasks to queue
[2024-12-12T19:47:35.948+0000] {logging_mixin.py:190} INFO - [2024-12-12T19:47:35.948+0000] {dagbag.py:588} INFO - Filling up the DagBag from /opt/bitnami/airflow/venv/lib/python3.12/site-packages/airflow/example_dags/subdags/subdag.py
[2024-12-12T19:47:35.951+0000] {processor.py:927} WARNING - No viable dags retrieved from /opt/bitnami/airflow/venv/lib/python3.12/site-packages/airflow/example_dags/subdags/subdag.py
[2024-12-12T19:47:35.967+0000] {processor.py:208} INFO - Processing /opt/bitnami/airflow/venv/lib/python3.12/site-packages/airflow/example_dags/subdags/subdag.py took 0.028 seconds
[2024-12-12T19:48:06.575+0000] {processor.py:186} INFO - Started process (PID=2546) to work on /opt/bitnami/airflow/venv/lib/python3.12/site-packages/airflow/example_dags/subdags/subdag.py
[2024-12-12T19:48:06.576+0000] {processor.py:914} INFO - Processing file /opt/bitnami/airflow/venv/lib/python3.12/site-packages/airflow/example_dags/subdags/subdag.py for tasks to queue
[2024-12-12T19:48:06.578+0000] {logging_mixin.py:190} INFO - [2024-12-12T19:48:06.578+0000] {dagbag.py:588} INFO - Filling up the DagBag from /opt/bitnami/airflow/venv/lib/python3.12/site-packages/airflow/example_dags/subdags/subdag.py
[2024-12-12T19:48:06.580+0000] {processor.py:927} WARNING - No viable dags retrieved from /opt/bitnami/airflow/venv/lib/python3.12/site-packages/airflow/example_dags/subdags/subdag.py
[2024-12-12T19:48:06.599+0000] {processor.py:208} INFO - Processing /opt/bitnami/airflow/venv/lib/python3.12/site-packages/airflow/example_dags/subdags/subdag.py took 0.030 seconds
[2024-12-12T19:48:37.045+0000] {processor.py:186} INFO - Started process (PID=2603) to work on /opt/bitnami/airflow/venv/lib/python3.12/site-packages/airflow/example_dags/subdags/subdag.py
[2024-12-12T19:48:37.047+0000] {processor.py:914} INFO - Processing file /opt/bitnami/airflow/venv/lib/python3.12/site-packages/airflow/example_dags/subdags/subdag.py for tasks to queue
[2024-12-12T19:48:37.050+0000] {logging_mixin.py:190} INFO - [2024-12-12T19:48:37.050+0000] {dagbag.py:588} INFO - Filling up the DagBag from /opt/bitnami/airflow/venv/lib/python3.12/site-packages/airflow/example_dags/subdags/subdag.py
[2024-12-12T19:48:37.052+0000] {processor.py:927} WARNING - No viable dags retrieved from /opt/bitnami/airflow/venv/lib/python3.12/site-packages/airflow/example_dags/subdags/subdag.py
[2024-12-12T19:48:37.072+0000] {processor.py:208} INFO - Processing /opt/bitnami/airflow/venv/lib/python3.12/site-packages/airflow/example_dags/subdags/subdag.py took 0.033 seconds
[2024-12-12T19:49:08.006+0000] {processor.py:186} INFO - Started process (PID=2660) to work on /opt/bitnami/airflow/venv/lib/python3.12/site-packages/airflow/example_dags/subdags/subdag.py
[2024-12-12T19:49:08.008+0000] {processor.py:914} INFO - Processing file /opt/bitnami/airflow/venv/lib/python3.12/site-packages/airflow/example_dags/subdags/subdag.py for tasks to queue
[2024-12-12T19:49:08.012+0000] {logging_mixin.py:190} INFO - [2024-12-12T19:49:08.011+0000] {dagbag.py:588} INFO - Filling up the DagBag from /opt/bitnami/airflow/venv/lib/python3.12/site-packages/airflow/example_dags/subdags/subdag.py
[2024-12-12T19:49:08.015+0000] {processor.py:927} WARNING - No viable dags retrieved from /opt/bitnami/airflow/venv/lib/python3.12/site-packages/airflow/example_dags/subdags/subdag.py
[2024-12-12T19:49:08.031+0000] {processor.py:208} INFO - Processing /opt/bitnami/airflow/venv/lib/python3.12/site-packages/airflow/example_dags/subdags/subdag.py took 0.030 seconds
[2024-12-12T19:49:38.513+0000] {processor.py:186} INFO - Started process (PID=2717) to work on /opt/bitnami/airflow/venv/lib/python3.12/site-packages/airflow/example_dags/subdags/subdag.py
[2024-12-12T19:49:38.515+0000] {processor.py:914} INFO - Processing file /opt/bitnami/airflow/venv/lib/python3.12/site-packages/airflow/example_dags/subdags/subdag.py for tasks to queue
[2024-12-12T19:49:38.519+0000] {logging_mixin.py:190} INFO - [2024-12-12T19:49:38.518+0000] {dagbag.py:588} INFO - Filling up the DagBag from /opt/bitnami/airflow/venv/lib/python3.12/site-packages/airflow/example_dags/subdags/subdag.py
[2024-12-12T19:49:38.521+0000] {processor.py:927} WARNING - No viable dags retrieved from /opt/bitnami/airflow/venv/lib/python3.12/site-packages/airflow/example_dags/subdags/subdag.py
[2024-12-12T19:49:38.541+0000] {processor.py:208} INFO - Processing /opt/bitnami/airflow/venv/lib/python3.12/site-packages/airflow/example_dags/subdags/subdag.py took 0.033 seconds
[2024-12-12T19:50:09.429+0000] {processor.py:186} INFO - Started process (PID=2774) to work on /opt/bitnami/airflow/venv/lib/python3.12/site-packages/airflow/example_dags/subdags/subdag.py
[2024-12-12T19:50:09.431+0000] {processor.py:914} INFO - Processing file /opt/bitnami/airflow/venv/lib/python3.12/site-packages/airflow/example_dags/subdags/subdag.py for tasks to queue
[2024-12-12T19:50:09.433+0000] {logging_mixin.py:190} INFO - [2024-12-12T19:50:09.433+0000] {dagbag.py:588} INFO - Filling up the DagBag from /opt/bitnami/airflow/venv/lib/python3.12/site-packages/airflow/example_dags/subdags/subdag.py
[2024-12-12T19:50:09.436+0000] {processor.py:927} WARNING - No viable dags retrieved from /opt/bitnami/airflow/venv/lib/python3.12/site-packages/airflow/example_dags/subdags/subdag.py
[2024-12-12T19:50:09.452+0000] {processor.py:208} INFO - Processing /opt/bitnami/airflow/venv/lib/python3.12/site-packages/airflow/example_dags/subdags/subdag.py took 0.028 seconds
[2024-12-12T19:50:40.014+0000] {processor.py:186} INFO - Started process (PID=2831) to work on /opt/bitnami/airflow/venv/lib/python3.12/site-packages/airflow/example_dags/subdags/subdag.py
[2024-12-12T19:50:40.015+0000] {processor.py:914} INFO - Processing file /opt/bitnami/airflow/venv/lib/python3.12/site-packages/airflow/example_dags/subdags/subdag.py for tasks to queue
[2024-12-12T19:50:40.018+0000] {logging_mixin.py:190} INFO - [2024-12-12T19:50:40.018+0000] {dagbag.py:588} INFO - Filling up the DagBag from /opt/bitnami/airflow/venv/lib/python3.12/site-packages/airflow/example_dags/subdags/subdag.py
[2024-12-12T19:50:40.020+0000] {processor.py:927} WARNING - No viable dags retrieved from /opt/bitnami/airflow/venv/lib/python3.12/site-packages/airflow/example_dags/subdags/subdag.py
[2024-12-12T19:50:40.036+0000] {processor.py:208} INFO - Processing /opt/bitnami/airflow/venv/lib/python3.12/site-packages/airflow/example_dags/subdags/subdag.py took 0.026 seconds
[2024-12-12T19:51:10.271+0000] {processor.py:186} INFO - Started process (PID=2888) to work on /opt/bitnami/airflow/venv/lib/python3.12/site-packages/airflow/example_dags/subdags/subdag.py
[2024-12-12T19:51:10.273+0000] {processor.py:914} INFO - Processing file /opt/bitnami/airflow/venv/lib/python3.12/site-packages/airflow/example_dags/subdags/subdag.py for tasks to queue
[2024-12-12T19:51:10.278+0000] {logging_mixin.py:190} INFO - [2024-12-12T19:51:10.277+0000] {dagbag.py:588} INFO - Filling up the DagBag from /opt/bitnami/airflow/venv/lib/python3.12/site-packages/airflow/example_dags/subdags/subdag.py
[2024-12-12T19:51:10.282+0000] {processor.py:927} WARNING - No viable dags retrieved from /opt/bitnami/airflow/venv/lib/python3.12/site-packages/airflow/example_dags/subdags/subdag.py
[2024-12-12T19:51:10.304+0000] {processor.py:208} INFO - Processing /opt/bitnami/airflow/venv/lib/python3.12/site-packages/airflow/example_dags/subdags/subdag.py took 0.039 seconds
[2024-12-12T19:51:41.045+0000] {processor.py:186} INFO - Started process (PID=2945) to work on /opt/bitnami/airflow/venv/lib/python3.12/site-packages/airflow/example_dags/subdags/subdag.py
[2024-12-12T19:51:41.047+0000] {processor.py:914} INFO - Processing file /opt/bitnami/airflow/venv/lib/python3.12/site-packages/airflow/example_dags/subdags/subdag.py for tasks to queue
[2024-12-12T19:51:41.050+0000] {logging_mixin.py:190} INFO - [2024-12-12T19:51:41.050+0000] {dagbag.py:588} INFO - Filling up the DagBag from /opt/bitnami/airflow/venv/lib/python3.12/site-packages/airflow/example_dags/subdags/subdag.py
[2024-12-12T19:51:41.053+0000] {processor.py:927} WARNING - No viable dags retrieved from /opt/bitnami/airflow/venv/lib/python3.12/site-packages/airflow/example_dags/subdags/subdag.py
[2024-12-12T19:51:41.066+0000] {processor.py:208} INFO - Processing /opt/bitnami/airflow/venv/lib/python3.12/site-packages/airflow/example_dags/subdags/subdag.py took 0.026 seconds
[2024-12-12T19:52:11.282+0000] {processor.py:186} INFO - Started process (PID=3002) to work on /opt/bitnami/airflow/venv/lib/python3.12/site-packages/airflow/example_dags/subdags/subdag.py
[2024-12-12T19:52:11.284+0000] {processor.py:914} INFO - Processing file /opt/bitnami/airflow/venv/lib/python3.12/site-packages/airflow/example_dags/subdags/subdag.py for tasks to queue
[2024-12-12T19:52:11.287+0000] {logging_mixin.py:190} INFO - [2024-12-12T19:52:11.286+0000] {dagbag.py:588} INFO - Filling up the DagBag from /opt/bitnami/airflow/venv/lib/python3.12/site-packages/airflow/example_dags/subdags/subdag.py
[2024-12-12T19:52:11.289+0000] {processor.py:927} WARNING - No viable dags retrieved from /opt/bitnami/airflow/venv/lib/python3.12/site-packages/airflow/example_dags/subdags/subdag.py
[2024-12-12T19:52:11.304+0000] {processor.py:208} INFO - Processing /opt/bitnami/airflow/venv/lib/python3.12/site-packages/airflow/example_dags/subdags/subdag.py took 0.026 seconds
[2024-12-12T19:52:41.465+0000] {processor.py:186} INFO - Started process (PID=3059) to work on /opt/bitnami/airflow/venv/lib/python3.12/site-packages/airflow/example_dags/subdags/subdag.py
[2024-12-12T19:52:41.467+0000] {processor.py:914} INFO - Processing file /opt/bitnami/airflow/venv/lib/python3.12/site-packages/airflow/example_dags/subdags/subdag.py for tasks to queue
[2024-12-12T19:52:41.470+0000] {logging_mixin.py:190} INFO - [2024-12-12T19:52:41.470+0000] {dagbag.py:588} INFO - Filling up the DagBag from /opt/bitnami/airflow/venv/lib/python3.12/site-packages/airflow/example_dags/subdags/subdag.py
[2024-12-12T19:52:41.472+0000] {processor.py:927} WARNING - No viable dags retrieved from /opt/bitnami/airflow/venv/lib/python3.12/site-packages/airflow/example_dags/subdags/subdag.py
[2024-12-12T19:52:41.487+0000] {processor.py:208} INFO - Processing /opt/bitnami/airflow/venv/lib/python3.12/site-packages/airflow/example_dags/subdags/subdag.py took 0.028 seconds
[2024-12-12T19:53:11.734+0000] {processor.py:186} INFO - Started process (PID=3116) to work on /opt/bitnami/airflow/venv/lib/python3.12/site-packages/airflow/example_dags/subdags/subdag.py
[2024-12-12T19:53:11.735+0000] {processor.py:914} INFO - Processing file /opt/bitnami/airflow/venv/lib/python3.12/site-packages/airflow/example_dags/subdags/subdag.py for tasks to queue
[2024-12-12T19:53:11.738+0000] {logging_mixin.py:190} INFO - [2024-12-12T19:53:11.737+0000] {dagbag.py:588} INFO - Filling up the DagBag from /opt/bitnami/airflow/venv/lib/python3.12/site-packages/airflow/example_dags/subdags/subdag.py
[2024-12-12T19:53:11.739+0000] {processor.py:927} WARNING - No viable dags retrieved from /opt/bitnami/airflow/venv/lib/python3.12/site-packages/airflow/example_dags/subdags/subdag.py
[2024-12-12T19:53:11.754+0000] {processor.py:208} INFO - Processing /opt/bitnami/airflow/venv/lib/python3.12/site-packages/airflow/example_dags/subdags/subdag.py took 0.024 seconds
[2024-12-12T19:56:24.262+0000] {processor.py:186} INFO - Started process (PID=102) to work on /opt/bitnami/airflow/venv/lib/python3.12/site-packages/airflow/example_dags/subdags/subdag.py
[2024-12-12T19:56:24.263+0000] {processor.py:914} INFO - Processing file /opt/bitnami/airflow/venv/lib/python3.12/site-packages/airflow/example_dags/subdags/subdag.py for tasks to queue
[2024-12-12T19:56:24.266+0000] {logging_mixin.py:190} INFO - [2024-12-12T19:56:24.266+0000] {dagbag.py:588} INFO - Filling up the DagBag from /opt/bitnami/airflow/venv/lib/python3.12/site-packages/airflow/example_dags/subdags/subdag.py
[2024-12-12T19:56:24.269+0000] {processor.py:927} WARNING - No viable dags retrieved from /opt/bitnami/airflow/venv/lib/python3.12/site-packages/airflow/example_dags/subdags/subdag.py
[2024-12-12T19:56:24.286+0000] {processor.py:208} INFO - Processing /opt/bitnami/airflow/venv/lib/python3.12/site-packages/airflow/example_dags/subdags/subdag.py took 0.030 seconds
[2024-12-12T19:56:54.399+0000] {processor.py:186} INFO - Started process (PID=160) to work on /opt/bitnami/airflow/venv/lib/python3.12/site-packages/airflow/example_dags/subdags/subdag.py
[2024-12-12T19:56:54.400+0000] {processor.py:914} INFO - Processing file /opt/bitnami/airflow/venv/lib/python3.12/site-packages/airflow/example_dags/subdags/subdag.py for tasks to queue
[2024-12-12T19:56:54.403+0000] {logging_mixin.py:190} INFO - [2024-12-12T19:56:54.403+0000] {dagbag.py:588} INFO - Filling up the DagBag from /opt/bitnami/airflow/venv/lib/python3.12/site-packages/airflow/example_dags/subdags/subdag.py
[2024-12-12T19:56:54.405+0000] {processor.py:927} WARNING - No viable dags retrieved from /opt/bitnami/airflow/venv/lib/python3.12/site-packages/airflow/example_dags/subdags/subdag.py
[2024-12-12T19:56:54.421+0000] {processor.py:208} INFO - Processing /opt/bitnami/airflow/venv/lib/python3.12/site-packages/airflow/example_dags/subdags/subdag.py took 0.029 seconds
[2024-12-12T19:57:24.741+0000] {processor.py:186} INFO - Started process (PID=217) to work on /opt/bitnami/airflow/venv/lib/python3.12/site-packages/airflow/example_dags/subdags/subdag.py
[2024-12-12T19:57:24.742+0000] {processor.py:914} INFO - Processing file /opt/bitnami/airflow/venv/lib/python3.12/site-packages/airflow/example_dags/subdags/subdag.py for tasks to queue
[2024-12-12T19:57:24.745+0000] {logging_mixin.py:190} INFO - [2024-12-12T19:57:24.744+0000] {dagbag.py:588} INFO - Filling up the DagBag from /opt/bitnami/airflow/venv/lib/python3.12/site-packages/airflow/example_dags/subdags/subdag.py
[2024-12-12T19:57:24.748+0000] {processor.py:927} WARNING - No viable dags retrieved from /opt/bitnami/airflow/venv/lib/python3.12/site-packages/airflow/example_dags/subdags/subdag.py
[2024-12-12T19:57:24.765+0000] {processor.py:208} INFO - Processing /opt/bitnami/airflow/venv/lib/python3.12/site-packages/airflow/example_dags/subdags/subdag.py took 0.029 seconds
[2024-12-12T19:57:54.822+0000] {processor.py:186} INFO - Started process (PID=273) to work on /opt/bitnami/airflow/venv/lib/python3.12/site-packages/airflow/example_dags/subdags/subdag.py
[2024-12-12T19:57:54.823+0000] {processor.py:914} INFO - Processing file /opt/bitnami/airflow/venv/lib/python3.12/site-packages/airflow/example_dags/subdags/subdag.py for tasks to queue
[2024-12-12T19:57:54.825+0000] {logging_mixin.py:190} INFO - [2024-12-12T19:57:54.824+0000] {dagbag.py:588} INFO - Filling up the DagBag from /opt/bitnami/airflow/venv/lib/python3.12/site-packages/airflow/example_dags/subdags/subdag.py
[2024-12-12T19:57:54.826+0000] {processor.py:927} WARNING - No viable dags retrieved from /opt/bitnami/airflow/venv/lib/python3.12/site-packages/airflow/example_dags/subdags/subdag.py
[2024-12-12T19:57:54.838+0000] {processor.py:208} INFO - Processing /opt/bitnami/airflow/venv/lib/python3.12/site-packages/airflow/example_dags/subdags/subdag.py took 0.021 seconds
[2024-12-12T19:58:26.531+0000] {processor.py:186} INFO - Started process (PID=332) to work on /opt/bitnami/airflow/venv/lib/python3.12/site-packages/airflow/example_dags/subdags/subdag.py
[2024-12-12T19:58:26.533+0000] {processor.py:914} INFO - Processing file /opt/bitnami/airflow/venv/lib/python3.12/site-packages/airflow/example_dags/subdags/subdag.py for tasks to queue
[2024-12-12T19:58:26.537+0000] {logging_mixin.py:190} INFO - [2024-12-12T19:58:26.537+0000] {dagbag.py:588} INFO - Filling up the DagBag from /opt/bitnami/airflow/venv/lib/python3.12/site-packages/airflow/example_dags/subdags/subdag.py
[2024-12-12T19:58:26.540+0000] {processor.py:927} WARNING - No viable dags retrieved from /opt/bitnami/airflow/venv/lib/python3.12/site-packages/airflow/example_dags/subdags/subdag.py
[2024-12-12T19:58:26.565+0000] {processor.py:208} INFO - Processing /opt/bitnami/airflow/venv/lib/python3.12/site-packages/airflow/example_dags/subdags/subdag.py took 0.046 seconds
[2024-12-12T19:58:56.887+0000] {processor.py:186} INFO - Started process (PID=389) to work on /opt/bitnami/airflow/venv/lib/python3.12/site-packages/airflow/example_dags/subdags/subdag.py
[2024-12-12T19:58:56.888+0000] {processor.py:914} INFO - Processing file /opt/bitnami/airflow/venv/lib/python3.12/site-packages/airflow/example_dags/subdags/subdag.py for tasks to queue
[2024-12-12T19:58:56.891+0000] {logging_mixin.py:190} INFO - [2024-12-12T19:58:56.891+0000] {dagbag.py:588} INFO - Filling up the DagBag from /opt/bitnami/airflow/venv/lib/python3.12/site-packages/airflow/example_dags/subdags/subdag.py
[2024-12-12T19:58:56.895+0000] {processor.py:927} WARNING - No viable dags retrieved from /opt/bitnami/airflow/venv/lib/python3.12/site-packages/airflow/example_dags/subdags/subdag.py
[2024-12-12T19:58:56.910+0000] {processor.py:208} INFO - Processing /opt/bitnami/airflow/venv/lib/python3.12/site-packages/airflow/example_dags/subdags/subdag.py took 0.031 seconds
[2024-12-12T19:59:27.151+0000] {processor.py:186} INFO - Started process (PID=446) to work on /opt/bitnami/airflow/venv/lib/python3.12/site-packages/airflow/example_dags/subdags/subdag.py
[2024-12-12T19:59:27.153+0000] {processor.py:914} INFO - Processing file /opt/bitnami/airflow/venv/lib/python3.12/site-packages/airflow/example_dags/subdags/subdag.py for tasks to queue
[2024-12-12T19:59:27.155+0000] {logging_mixin.py:190} INFO - [2024-12-12T19:59:27.155+0000] {dagbag.py:588} INFO - Filling up the DagBag from /opt/bitnami/airflow/venv/lib/python3.12/site-packages/airflow/example_dags/subdags/subdag.py
[2024-12-12T19:59:27.157+0000] {processor.py:927} WARNING - No viable dags retrieved from /opt/bitnami/airflow/venv/lib/python3.12/site-packages/airflow/example_dags/subdags/subdag.py
[2024-12-12T19:59:27.172+0000] {processor.py:208} INFO - Processing /opt/bitnami/airflow/venv/lib/python3.12/site-packages/airflow/example_dags/subdags/subdag.py took 0.025 seconds
[2024-12-12T19:59:57.835+0000] {processor.py:186} INFO - Started process (PID=503) to work on /opt/bitnami/airflow/venv/lib/python3.12/site-packages/airflow/example_dags/subdags/subdag.py
[2024-12-12T19:59:57.836+0000] {processor.py:914} INFO - Processing file /opt/bitnami/airflow/venv/lib/python3.12/site-packages/airflow/example_dags/subdags/subdag.py for tasks to queue
[2024-12-12T19:59:57.838+0000] {logging_mixin.py:190} INFO - [2024-12-12T19:59:57.838+0000] {dagbag.py:588} INFO - Filling up the DagBag from /opt/bitnami/airflow/venv/lib/python3.12/site-packages/airflow/example_dags/subdags/subdag.py
[2024-12-12T19:59:57.840+0000] {processor.py:927} WARNING - No viable dags retrieved from /opt/bitnami/airflow/venv/lib/python3.12/site-packages/airflow/example_dags/subdags/subdag.py
[2024-12-12T19:59:57.852+0000] {processor.py:208} INFO - Processing /opt/bitnami/airflow/venv/lib/python3.12/site-packages/airflow/example_dags/subdags/subdag.py took 0.021 seconds
[2024-12-12T20:00:28.068+0000] {processor.py:186} INFO - Started process (PID=560) to work on /opt/bitnami/airflow/venv/lib/python3.12/site-packages/airflow/example_dags/subdags/subdag.py
[2024-12-12T20:00:28.069+0000] {processor.py:914} INFO - Processing file /opt/bitnami/airflow/venv/lib/python3.12/site-packages/airflow/example_dags/subdags/subdag.py for tasks to queue
[2024-12-12T20:00:28.073+0000] {logging_mixin.py:190} INFO - [2024-12-12T20:00:28.071+0000] {dagbag.py:588} INFO - Filling up the DagBag from /opt/bitnami/airflow/venv/lib/python3.12/site-packages/airflow/example_dags/subdags/subdag.py
[2024-12-12T20:00:28.076+0000] {processor.py:927} WARNING - No viable dags retrieved from /opt/bitnami/airflow/venv/lib/python3.12/site-packages/airflow/example_dags/subdags/subdag.py
[2024-12-12T20:00:28.093+0000] {processor.py:208} INFO - Processing /opt/bitnami/airflow/venv/lib/python3.12/site-packages/airflow/example_dags/subdags/subdag.py took 0.030 seconds
[2024-12-12T20:00:58.296+0000] {processor.py:186} INFO - Started process (PID=617) to work on /opt/bitnami/airflow/venv/lib/python3.12/site-packages/airflow/example_dags/subdags/subdag.py
[2024-12-12T20:00:58.297+0000] {processor.py:914} INFO - Processing file /opt/bitnami/airflow/venv/lib/python3.12/site-packages/airflow/example_dags/subdags/subdag.py for tasks to queue
[2024-12-12T20:00:58.300+0000] {logging_mixin.py:190} INFO - [2024-12-12T20:00:58.299+0000] {dagbag.py:588} INFO - Filling up the DagBag from /opt/bitnami/airflow/venv/lib/python3.12/site-packages/airflow/example_dags/subdags/subdag.py
[2024-12-12T20:00:58.302+0000] {processor.py:927} WARNING - No viable dags retrieved from /opt/bitnami/airflow/venv/lib/python3.12/site-packages/airflow/example_dags/subdags/subdag.py
[2024-12-12T20:00:58.315+0000] {processor.py:208} INFO - Processing /opt/bitnami/airflow/venv/lib/python3.12/site-packages/airflow/example_dags/subdags/subdag.py took 0.025 seconds
[2024-12-12T20:01:29.145+0000] {processor.py:186} INFO - Started process (PID=674) to work on /opt/bitnami/airflow/venv/lib/python3.12/site-packages/airflow/example_dags/subdags/subdag.py
[2024-12-12T20:01:29.146+0000] {processor.py:914} INFO - Processing file /opt/bitnami/airflow/venv/lib/python3.12/site-packages/airflow/example_dags/subdags/subdag.py for tasks to queue
[2024-12-12T20:01:29.148+0000] {logging_mixin.py:190} INFO - [2024-12-12T20:01:29.148+0000] {dagbag.py:588} INFO - Filling up the DagBag from /opt/bitnami/airflow/venv/lib/python3.12/site-packages/airflow/example_dags/subdags/subdag.py
[2024-12-12T20:01:29.150+0000] {processor.py:927} WARNING - No viable dags retrieved from /opt/bitnami/airflow/venv/lib/python3.12/site-packages/airflow/example_dags/subdags/subdag.py
[2024-12-12T20:01:29.168+0000] {processor.py:208} INFO - Processing /opt/bitnami/airflow/venv/lib/python3.12/site-packages/airflow/example_dags/subdags/subdag.py took 0.028 seconds
[2024-12-12T20:02:00.116+0000] {processor.py:186} INFO - Started process (PID=732) to work on /opt/bitnami/airflow/venv/lib/python3.12/site-packages/airflow/example_dags/subdags/subdag.py
[2024-12-12T20:02:00.118+0000] {processor.py:914} INFO - Processing file /opt/bitnami/airflow/venv/lib/python3.12/site-packages/airflow/example_dags/subdags/subdag.py for tasks to queue
[2024-12-12T20:02:00.120+0000] {logging_mixin.py:190} INFO - [2024-12-12T20:02:00.120+0000] {dagbag.py:588} INFO - Filling up the DagBag from /opt/bitnami/airflow/venv/lib/python3.12/site-packages/airflow/example_dags/subdags/subdag.py
[2024-12-12T20:02:00.122+0000] {processor.py:927} WARNING - No viable dags retrieved from /opt/bitnami/airflow/venv/lib/python3.12/site-packages/airflow/example_dags/subdags/subdag.py
[2024-12-12T20:02:00.137+0000] {processor.py:208} INFO - Processing /opt/bitnami/airflow/venv/lib/python3.12/site-packages/airflow/example_dags/subdags/subdag.py took 0.025 seconds
[2024-12-12T20:02:31.099+0000] {processor.py:186} INFO - Started process (PID=792) to work on /opt/bitnami/airflow/venv/lib/python3.12/site-packages/airflow/example_dags/subdags/subdag.py
[2024-12-12T20:02:31.100+0000] {processor.py:914} INFO - Processing file /opt/bitnami/airflow/venv/lib/python3.12/site-packages/airflow/example_dags/subdags/subdag.py for tasks to queue
[2024-12-12T20:02:31.103+0000] {logging_mixin.py:190} INFO - [2024-12-12T20:02:31.103+0000] {dagbag.py:588} INFO - Filling up the DagBag from /opt/bitnami/airflow/venv/lib/python3.12/site-packages/airflow/example_dags/subdags/subdag.py
[2024-12-12T20:02:31.107+0000] {processor.py:927} WARNING - No viable dags retrieved from /opt/bitnami/airflow/venv/lib/python3.12/site-packages/airflow/example_dags/subdags/subdag.py
[2024-12-12T20:02:31.124+0000] {processor.py:208} INFO - Processing /opt/bitnami/airflow/venv/lib/python3.12/site-packages/airflow/example_dags/subdags/subdag.py took 0.030 seconds
[2024-12-12T20:03:01.479+0000] {processor.py:186} INFO - Started process (PID=849) to work on /opt/bitnami/airflow/venv/lib/python3.12/site-packages/airflow/example_dags/subdags/subdag.py
[2024-12-12T20:03:01.480+0000] {processor.py:914} INFO - Processing file /opt/bitnami/airflow/venv/lib/python3.12/site-packages/airflow/example_dags/subdags/subdag.py for tasks to queue
[2024-12-12T20:03:01.482+0000] {logging_mixin.py:190} INFO - [2024-12-12T20:03:01.482+0000] {dagbag.py:588} INFO - Filling up the DagBag from /opt/bitnami/airflow/venv/lib/python3.12/site-packages/airflow/example_dags/subdags/subdag.py
[2024-12-12T20:03:01.484+0000] {processor.py:927} WARNING - No viable dags retrieved from /opt/bitnami/airflow/venv/lib/python3.12/site-packages/airflow/example_dags/subdags/subdag.py
[2024-12-12T20:03:01.495+0000] {processor.py:208} INFO - Processing /opt/bitnami/airflow/venv/lib/python3.12/site-packages/airflow/example_dags/subdags/subdag.py took 0.020 seconds
[2024-12-12T20:03:32.395+0000] {processor.py:186} INFO - Started process (PID=906) to work on /opt/bitnami/airflow/venv/lib/python3.12/site-packages/airflow/example_dags/subdags/subdag.py
[2024-12-12T20:03:32.396+0000] {processor.py:914} INFO - Processing file /opt/bitnami/airflow/venv/lib/python3.12/site-packages/airflow/example_dags/subdags/subdag.py for tasks to queue
[2024-12-12T20:03:32.398+0000] {logging_mixin.py:190} INFO - [2024-12-12T20:03:32.397+0000] {dagbag.py:588} INFO - Filling up the DagBag from /opt/bitnami/airflow/venv/lib/python3.12/site-packages/airflow/example_dags/subdags/subdag.py
[2024-12-12T20:03:32.400+0000] {processor.py:927} WARNING - No viable dags retrieved from /opt/bitnami/airflow/venv/lib/python3.12/site-packages/airflow/example_dags/subdags/subdag.py
[2024-12-12T20:03:32.415+0000] {processor.py:208} INFO - Processing /opt/bitnami/airflow/venv/lib/python3.12/site-packages/airflow/example_dags/subdags/subdag.py took 0.025 seconds
[2024-12-12T20:09:11.798+0000] {processor.py:186} INFO - Started process (PID=95) to work on /opt/bitnami/airflow/venv/lib/python3.12/site-packages/airflow/example_dags/subdags/subdag.py
[2024-12-12T20:09:11.800+0000] {processor.py:914} INFO - Processing file /opt/bitnami/airflow/venv/lib/python3.12/site-packages/airflow/example_dags/subdags/subdag.py for tasks to queue
[2024-12-12T20:09:11.803+0000] {logging_mixin.py:190} INFO - [2024-12-12T20:09:11.803+0000] {dagbag.py:588} INFO - Filling up the DagBag from /opt/bitnami/airflow/venv/lib/python3.12/site-packages/airflow/example_dags/subdags/subdag.py
[2024-12-12T20:09:11.806+0000] {processor.py:927} WARNING - No viable dags retrieved from /opt/bitnami/airflow/venv/lib/python3.12/site-packages/airflow/example_dags/subdags/subdag.py
[2024-12-12T20:09:11.823+0000] {processor.py:208} INFO - Processing /opt/bitnami/airflow/venv/lib/python3.12/site-packages/airflow/example_dags/subdags/subdag.py took 0.032 seconds
[2024-12-12T20:09:42.694+0000] {processor.py:186} INFO - Started process (PID=152) to work on /opt/bitnami/airflow/venv/lib/python3.12/site-packages/airflow/example_dags/subdags/subdag.py
[2024-12-12T20:09:42.696+0000] {processor.py:914} INFO - Processing file /opt/bitnami/airflow/venv/lib/python3.12/site-packages/airflow/example_dags/subdags/subdag.py for tasks to queue
[2024-12-12T20:09:42.698+0000] {logging_mixin.py:190} INFO - [2024-12-12T20:09:42.698+0000] {dagbag.py:588} INFO - Filling up the DagBag from /opt/bitnami/airflow/venv/lib/python3.12/site-packages/airflow/example_dags/subdags/subdag.py
[2024-12-12T20:09:42.700+0000] {processor.py:927} WARNING - No viable dags retrieved from /opt/bitnami/airflow/venv/lib/python3.12/site-packages/airflow/example_dags/subdags/subdag.py
[2024-12-12T20:09:42.713+0000] {processor.py:208} INFO - Processing /opt/bitnami/airflow/venv/lib/python3.12/site-packages/airflow/example_dags/subdags/subdag.py took 0.023 seconds
[2024-12-12T20:10:13.509+0000] {processor.py:186} INFO - Started process (PID=209) to work on /opt/bitnami/airflow/venv/lib/python3.12/site-packages/airflow/example_dags/subdags/subdag.py
[2024-12-12T20:10:13.510+0000] {processor.py:914} INFO - Processing file /opt/bitnami/airflow/venv/lib/python3.12/site-packages/airflow/example_dags/subdags/subdag.py for tasks to queue
[2024-12-12T20:10:13.513+0000] {logging_mixin.py:190} INFO - [2024-12-12T20:10:13.513+0000] {dagbag.py:588} INFO - Filling up the DagBag from /opt/bitnami/airflow/venv/lib/python3.12/site-packages/airflow/example_dags/subdags/subdag.py
[2024-12-12T20:10:13.516+0000] {processor.py:927} WARNING - No viable dags retrieved from /opt/bitnami/airflow/venv/lib/python3.12/site-packages/airflow/example_dags/subdags/subdag.py
[2024-12-12T20:10:13.528+0000] {processor.py:208} INFO - Processing /opt/bitnami/airflow/venv/lib/python3.12/site-packages/airflow/example_dags/subdags/subdag.py took 0.025 seconds
[2024-12-12T20:10:43.810+0000] {processor.py:186} INFO - Started process (PID=266) to work on /opt/bitnami/airflow/venv/lib/python3.12/site-packages/airflow/example_dags/subdags/subdag.py
[2024-12-12T20:10:43.811+0000] {processor.py:914} INFO - Processing file /opt/bitnami/airflow/venv/lib/python3.12/site-packages/airflow/example_dags/subdags/subdag.py for tasks to queue
[2024-12-12T20:10:43.814+0000] {logging_mixin.py:190} INFO - [2024-12-12T20:10:43.813+0000] {dagbag.py:588} INFO - Filling up the DagBag from /opt/bitnami/airflow/venv/lib/python3.12/site-packages/airflow/example_dags/subdags/subdag.py
[2024-12-12T20:10:43.817+0000] {processor.py:927} WARNING - No viable dags retrieved from /opt/bitnami/airflow/venv/lib/python3.12/site-packages/airflow/example_dags/subdags/subdag.py
[2024-12-12T20:10:43.833+0000] {processor.py:208} INFO - Processing /opt/bitnami/airflow/venv/lib/python3.12/site-packages/airflow/example_dags/subdags/subdag.py took 0.027 seconds
[2024-12-12T20:13:58.628+0000] {processor.py:186} INFO - Started process (PID=95) to work on /opt/bitnami/airflow/venv/lib/python3.12/site-packages/airflow/example_dags/subdags/subdag.py
[2024-12-12T20:13:58.630+0000] {processor.py:914} INFO - Processing file /opt/bitnami/airflow/venv/lib/python3.12/site-packages/airflow/example_dags/subdags/subdag.py for tasks to queue
[2024-12-12T20:13:58.632+0000] {logging_mixin.py:190} INFO - [2024-12-12T20:13:58.632+0000] {dagbag.py:588} INFO - Filling up the DagBag from /opt/bitnami/airflow/venv/lib/python3.12/site-packages/airflow/example_dags/subdags/subdag.py
[2024-12-12T20:13:58.635+0000] {processor.py:927} WARNING - No viable dags retrieved from /opt/bitnami/airflow/venv/lib/python3.12/site-packages/airflow/example_dags/subdags/subdag.py
[2024-12-12T20:13:58.711+0000] {processor.py:208} INFO - Processing /opt/bitnami/airflow/venv/lib/python3.12/site-packages/airflow/example_dags/subdags/subdag.py took 0.090 seconds
[2024-12-12T20:14:29.271+0000] {processor.py:186} INFO - Started process (PID=152) to work on /opt/bitnami/airflow/venv/lib/python3.12/site-packages/airflow/example_dags/subdags/subdag.py
[2024-12-12T20:14:29.274+0000] {processor.py:914} INFO - Processing file /opt/bitnami/airflow/venv/lib/python3.12/site-packages/airflow/example_dags/subdags/subdag.py for tasks to queue
[2024-12-12T20:14:29.281+0000] {logging_mixin.py:190} INFO - [2024-12-12T20:14:29.280+0000] {dagbag.py:588} INFO - Filling up the DagBag from /opt/bitnami/airflow/venv/lib/python3.12/site-packages/airflow/example_dags/subdags/subdag.py
[2024-12-12T20:14:29.286+0000] {processor.py:927} WARNING - No viable dags retrieved from /opt/bitnami/airflow/venv/lib/python3.12/site-packages/airflow/example_dags/subdags/subdag.py
[2024-12-12T20:14:29.356+0000] {processor.py:208} INFO - Processing /opt/bitnami/airflow/venv/lib/python3.12/site-packages/airflow/example_dags/subdags/subdag.py took 0.099 seconds
[2024-12-12T20:15:00.443+0000] {processor.py:186} INFO - Started process (PID=209) to work on /opt/bitnami/airflow/venv/lib/python3.12/site-packages/airflow/example_dags/subdags/subdag.py
[2024-12-12T20:15:00.445+0000] {processor.py:914} INFO - Processing file /opt/bitnami/airflow/venv/lib/python3.12/site-packages/airflow/example_dags/subdags/subdag.py for tasks to queue
[2024-12-12T20:15:00.448+0000] {logging_mixin.py:190} INFO - [2024-12-12T20:15:00.447+0000] {dagbag.py:588} INFO - Filling up the DagBag from /opt/bitnami/airflow/venv/lib/python3.12/site-packages/airflow/example_dags/subdags/subdag.py
[2024-12-12T20:15:00.451+0000] {processor.py:927} WARNING - No viable dags retrieved from /opt/bitnami/airflow/venv/lib/python3.12/site-packages/airflow/example_dags/subdags/subdag.py
[2024-12-12T20:15:00.511+0000] {processor.py:208} INFO - Processing /opt/bitnami/airflow/venv/lib/python3.12/site-packages/airflow/example_dags/subdags/subdag.py took 0.074 seconds
[2024-12-12T20:15:30.574+0000] {processor.py:186} INFO - Started process (PID=265) to work on /opt/bitnami/airflow/venv/lib/python3.12/site-packages/airflow/example_dags/subdags/subdag.py
[2024-12-12T20:15:30.575+0000] {processor.py:914} INFO - Processing file /opt/bitnami/airflow/venv/lib/python3.12/site-packages/airflow/example_dags/subdags/subdag.py for tasks to queue
[2024-12-12T20:15:30.579+0000] {logging_mixin.py:190} INFO - [2024-12-12T20:15:30.579+0000] {dagbag.py:588} INFO - Filling up the DagBag from /opt/bitnami/airflow/venv/lib/python3.12/site-packages/airflow/example_dags/subdags/subdag.py
[2024-12-12T20:15:30.581+0000] {processor.py:927} WARNING - No viable dags retrieved from /opt/bitnami/airflow/venv/lib/python3.12/site-packages/airflow/example_dags/subdags/subdag.py
[2024-12-12T20:15:30.666+0000] {processor.py:208} INFO - Processing /opt/bitnami/airflow/venv/lib/python3.12/site-packages/airflow/example_dags/subdags/subdag.py took 0.099 seconds
