[2024-12-11T14:20:20.878+0000] {local_task_job_runner.py:123} INFO - ::group::Pre task execution logs
[2024-12-11T14:20:20.889+0000] {taskinstance.py:2612} INFO - Dependencies all met for dep_context=non-requeueable deps ti=<TaskInstance: first_etl_dag.load manual__2024-12-11T14:20:12.627708+00:00 [queued]>
[2024-12-11T14:20:20.895+0000] {taskinstance.py:2612} INFO - Dependencies all met for dep_context=requeueable deps ti=<TaskInstance: first_etl_dag.load manual__2024-12-11T14:20:12.627708+00:00 [queued]>
[2024-12-11T14:20:20.896+0000] {taskinstance.py:2865} INFO - Starting attempt 1 of 1
[2024-12-11T14:20:20.904+0000] {taskinstance.py:2888} INFO - Executing <Task(BashOperator): load> on 2024-12-11 14:20:12.627708+00:00
[2024-12-11T14:20:20.912+0000] {standard_task_runner.py:104} INFO - Running: ['airflow', 'tasks', 'run', 'first_etl_dag', 'load', 'manual__2024-12-11T14:20:12.627708+00:00', '--job-id', '4', '--raw', '--subdir', 'DAGS_FOLDER/etl_dags.py', '--cfg-path', '/tmp/tmpy92mkv6r']
[2024-12-11T14:20:20.914+0000] {standard_task_runner.py:105} INFO - Job 4: Subtask load
[2024-12-11T14:20:20.915+0000] {logging_mixin.py:190} WARNING - /opt/bitnami/airflow/venv/lib/python3.12/site-packages/airflow/task/task_runner/standard_task_runner.py:70 DeprecationWarning: This process (pid=298) is multi-threaded, use of fork() may lead to deadlocks in the child.
[2024-12-11T14:20:20.916+0000] {standard_task_runner.py:72} INFO - Started process 340 to run task
[2024-12-11T14:20:20.950+0000] {task_command.py:467} INFO - Running <TaskInstance: first_etl_dag.load manual__2024-12-11T14:20:12.627708+00:00 [running]> on host 2b5cb1ae92d2
[2024-12-11T14:20:21.004+0000] {taskinstance.py:3131} INFO - Exporting env vars: AIRFLOW_CTX_DAG_OWNER='airflow' AIRFLOW_CTX_DAG_ID='first_etl_dag' AIRFLOW_CTX_TASK_ID='load' AIRFLOW_CTX_EXECUTION_DATE='2024-12-11T14:20:12.627708+00:00' AIRFLOW_CTX_TRY_NUMBER='1' AIRFLOW_CTX_DAG_RUN_ID='manual__2024-12-11T14:20:12.627708+00:00'
[2024-12-11T14:20:21.005+0000] {logging_mixin.py:190} INFO - Task instance is in running state
[2024-12-11T14:20:21.006+0000] {logging_mixin.py:190} INFO -  Previous state of the Task instance: queued
[2024-12-11T14:20:21.006+0000] {logging_mixin.py:190} INFO - Current task name:load state:running start_date:2024-12-11 14:20:20.890209+00:00
[2024-12-11T14:20:21.007+0000] {logging_mixin.py:190} INFO - Dag name:first_etl_dag and current dag run status:running
[2024-12-11T14:20:21.007+0000] {taskinstance.py:731} INFO - ::endgroup::
[2024-12-11T14:20:21.008+0000] {subprocess.py:63} INFO - Tmp dir root location: /tmp
[2024-12-11T14:20:21.009+0000] {subprocess.py:75} INFO - Running command: ['/usr/bin/bash', '-c', 'python /opt/bitnami/airflow/dags/load.py']
[2024-12-11T14:20:21.017+0000] {subprocess.py:86} INFO - Output:
[2024-12-11T14:20:21.042+0000] {subprocess.py:97} INFO - Command exited with return code 0
[2024-12-11T14:20:21.071+0000] {taskinstance.py:340} INFO - ::group::Post task execution logs
[2024-12-11T14:20:21.073+0000] {taskinstance.py:352} INFO - Marking task as SUCCESS. dag_id=first_etl_dag, task_id=load, run_id=manual__2024-12-11T14:20:12.627708+00:00, execution_date=20241211T142012, start_date=20241211T142020, end_date=20241211T142021
[2024-12-11T14:20:21.080+0000] {logging_mixin.py:190} INFO - Task instance in success state
[2024-12-11T14:20:21.081+0000] {logging_mixin.py:190} INFO -  Previous state of the Task instance: running
[2024-12-11T14:20:21.082+0000] {logging_mixin.py:190} INFO - Dag name:first_etl_dag queued_at:2024-12-11 14:20:12.638690+00:00
[2024-12-11T14:20:21.083+0000] {logging_mixin.py:190} INFO - Task hostname:2b5cb1ae92d2 operator:BashOperator
[2024-12-11T14:20:21.090+0000] {local_task_job_runner.py:266} INFO - Task exited with return code 0
[2024-12-11T14:20:21.102+0000] {taskinstance.py:3900} INFO - 0 downstream tasks scheduled from follow-on schedule check
[2024-12-11T14:20:21.104+0000] {local_task_job_runner.py:245} INFO - ::endgroup::
