[2024-12-11T12:11:41.793+0000] {local_task_job_runner.py:123} INFO - ::group::Pre task execution logs
[2024-12-11T12:11:41.809+0000] {taskinstance.py:2612} INFO - Dependencies all met for dep_context=non-requeueable deps ti=<TaskInstance: first_etl_dag.load_to_mariadb manual__2024-12-11T12:11:38.686274+00:00 [queued]>
[2024-12-11T12:11:41.816+0000] {taskinstance.py:2612} INFO - Dependencies all met for dep_context=requeueable deps ti=<TaskInstance: first_etl_dag.load_to_mariadb manual__2024-12-11T12:11:38.686274+00:00 [queued]>
[2024-12-11T12:11:41.817+0000] {taskinstance.py:2865} INFO - Starting attempt 1 of 1
[2024-12-11T12:11:41.828+0000] {taskinstance.py:2888} INFO - Executing <Task(BashOperator): load_to_mariadb> on 2024-12-11 12:11:38.686274+00:00
[2024-12-11T12:11:41.838+0000] {standard_task_runner.py:104} INFO - Running: ['airflow', 'tasks', 'run', 'first_etl_dag', 'load_to_mariadb', 'manual__2024-12-11T12:11:38.686274+00:00', '--job-id', '2', '--raw', '--subdir', 'DAGS_FOLDER/etl_dags.py', '--cfg-path', '/tmp/tmpp4eg61to']
[2024-12-11T12:11:41.840+0000] {standard_task_runner.py:105} INFO - Job 2: Subtask load_to_mariadb
[2024-12-11T12:11:41.842+0000] {logging_mixin.py:190} WARNING - /opt/bitnami/airflow/venv/lib/python3.12/site-packages/airflow/task/task_runner/standard_task_runner.py:70 DeprecationWarning: This process (pid=421) is multi-threaded, use of fork() may lead to deadlocks in the child.
[2024-12-11T12:11:41.843+0000] {standard_task_runner.py:72} INFO - Started process 463 to run task
[2024-12-11T12:11:41.891+0000] {task_command.py:467} INFO - Running <TaskInstance: first_etl_dag.load_to_mariadb manual__2024-12-11T12:11:38.686274+00:00 [running]> on host 40b92d3e26a1
[2024-12-11T12:11:41.946+0000] {taskinstance.py:3131} INFO - Exporting env vars: AIRFLOW_CTX_DAG_OWNER='airflow' AIRFLOW_CTX_DAG_ID='first_etl_dag' AIRFLOW_CTX_TASK_ID='load_to_mariadb' AIRFLOW_CTX_EXECUTION_DATE='2024-12-11T12:11:38.686274+00:00' AIRFLOW_CTX_TRY_NUMBER='1' AIRFLOW_CTX_DAG_RUN_ID='manual__2024-12-11T12:11:38.686274+00:00'
[2024-12-11T12:11:41.949+0000] {logging_mixin.py:190} INFO - Task instance is in running state
[2024-12-11T12:11:41.949+0000] {logging_mixin.py:190} INFO -  Previous state of the Task instance: queued
[2024-12-11T12:11:41.950+0000] {logging_mixin.py:190} INFO - Current task name:load_to_mariadb state:running start_date:2024-12-11 12:11:41.811400+00:00
[2024-12-11T12:11:41.950+0000] {logging_mixin.py:190} INFO - Dag name:first_etl_dag and current dag run status:running
[2024-12-11T12:11:41.951+0000] {taskinstance.py:731} INFO - ::endgroup::
[2024-12-11T12:11:41.952+0000] {subprocess.py:63} INFO - Tmp dir root location: /tmp
[2024-12-11T12:11:41.953+0000] {subprocess.py:75} INFO - Running command: ['/usr/bin/bash', '-c', 'python /opt/bitnami/airflow/dags/load_to_mariadb.py']
[2024-12-11T12:11:41.965+0000] {subprocess.py:86} INFO - Output:
[2024-12-11T12:11:41.997+0000] {subprocess.py:97} INFO - Command exited with return code 0
[2024-12-11T12:11:42.020+0000] {taskinstance.py:340} INFO - ::group::Post task execution logs
[2024-12-11T12:11:42.021+0000] {taskinstance.py:352} INFO - Marking task as SUCCESS. dag_id=first_etl_dag, task_id=load_to_mariadb, run_id=manual__2024-12-11T12:11:38.686274+00:00, execution_date=20241211T121138, start_date=20241211T121141, end_date=20241211T121142
[2024-12-11T12:11:42.030+0000] {logging_mixin.py:190} INFO - Task instance in success state
[2024-12-11T12:11:42.030+0000] {logging_mixin.py:190} INFO -  Previous state of the Task instance: running
[2024-12-11T12:11:42.031+0000] {logging_mixin.py:190} INFO - Dag name:first_etl_dag queued_at:2024-12-11 12:11:38.700148+00:00
[2024-12-11T12:11:42.031+0000] {logging_mixin.py:190} INFO - Task hostname:40b92d3e26a1 operator:BashOperator
[2024-12-11T12:11:42.060+0000] {local_task_job_runner.py:266} INFO - Task exited with return code 0
[2024-12-11T12:11:42.073+0000] {taskinstance.py:3900} INFO - 0 downstream tasks scheduled from follow-on schedule check
[2024-12-11T12:11:42.075+0000] {local_task_job_runner.py:245} INFO - ::endgroup::
