[2024-12-12T19:25:53.880+0000] {processor.py:186} INFO - Started process (PID=43) to work on /opt/bitnami/airflow/dags/etl_dags.py
[2024-12-12T19:25:53.881+0000] {processor.py:914} INFO - Processing file /opt/bitnami/airflow/dags/etl_dags.py for tasks to queue
[2024-12-12T19:25:53.884+0000] {logging_mixin.py:190} INFO - [2024-12-12T19:25:53.883+0000] {dagbag.py:588} INFO - Filling up the DagBag from /opt/bitnami/airflow/dags/etl_dags.py
[2024-12-12T19:25:53.905+0000] {processor.py:925} INFO - DAG(s) 'first_etl_dag' retrieved from /opt/bitnami/airflow/dags/etl_dags.py
[2024-12-12T19:25:54.001+0000] {logging_mixin.py:190} INFO - [2024-12-12T19:25:54.000+0000] {override.py:1900} INFO - Created Permission View: can delete on DAG:first_etl_dag
[2024-12-12T19:25:54.012+0000] {logging_mixin.py:190} INFO - [2024-12-12T19:25:54.011+0000] {override.py:1900} INFO - Created Permission View: can read on DAG:first_etl_dag
[2024-12-12T19:25:54.021+0000] {logging_mixin.py:190} INFO - [2024-12-12T19:25:54.021+0000] {override.py:1900} INFO - Created Permission View: can edit on DAG:first_etl_dag
[2024-12-12T19:25:54.031+0000] {logging_mixin.py:190} INFO - [2024-12-12T19:25:54.030+0000] {override.py:1900} INFO - Created Permission View: can delete on DAG Run:first_etl_dag
[2024-12-12T19:25:54.040+0000] {logging_mixin.py:190} INFO - [2024-12-12T19:25:54.040+0000] {override.py:1900} INFO - Created Permission View: menu access on DAG Run:first_etl_dag
[2024-12-12T19:25:54.055+0000] {logging_mixin.py:190} INFO - [2024-12-12T19:25:54.054+0000] {override.py:1900} INFO - Created Permission View: can read on DAG Run:first_etl_dag
[2024-12-12T19:25:54.064+0000] {logging_mixin.py:190} INFO - [2024-12-12T19:25:54.063+0000] {override.py:1900} INFO - Created Permission View: can create on DAG Run:first_etl_dag
[2024-12-12T19:25:54.065+0000] {logging_mixin.py:190} INFO - [2024-12-12T19:25:54.064+0000] {dag.py:3239} INFO - Sync 1 DAGs
[2024-12-12T19:25:54.081+0000] {logging_mixin.py:190} INFO - [2024-12-12T19:25:54.081+0000] {dag.py:3262} INFO - Creating ORM DAG for first_etl_dag
[2024-12-12T19:25:54.094+0000] {logging_mixin.py:190} INFO - [2024-12-12T19:25:54.094+0000] {dag.py:4180} INFO - Setting next_dagrun for first_etl_dag to 2024-12-12 00:00:00+00:00, run_after=2024-12-13 00:00:00+00:00
[2024-12-12T19:25:54.112+0000] {processor.py:208} INFO - Processing /opt/bitnami/airflow/dags/etl_dags.py took 0.238 seconds
[2024-12-12T19:26:24.980+0000] {processor.py:186} INFO - Started process (PID=100) to work on /opt/bitnami/airflow/dags/etl_dags.py
[2024-12-12T19:26:24.983+0000] {processor.py:914} INFO - Processing file /opt/bitnami/airflow/dags/etl_dags.py for tasks to queue
[2024-12-12T19:26:24.986+0000] {logging_mixin.py:190} INFO - [2024-12-12T19:26:24.985+0000] {dagbag.py:588} INFO - Filling up the DagBag from /opt/bitnami/airflow/dags/etl_dags.py
[2024-12-12T19:26:25.021+0000] {processor.py:925} INFO - DAG(s) 'first_etl_dag' retrieved from /opt/bitnami/airflow/dags/etl_dags.py
[2024-12-12T19:26:25.056+0000] {logging_mixin.py:190} INFO - [2024-12-12T19:26:25.055+0000] {dag.py:3239} INFO - Sync 1 DAGs
[2024-12-12T19:26:25.088+0000] {logging_mixin.py:190} INFO - [2024-12-12T19:26:25.088+0000] {dag.py:4180} INFO - Setting next_dagrun for first_etl_dag to 2024-12-12 00:00:00+00:00, run_after=2024-12-13 00:00:00+00:00
[2024-12-12T19:26:25.113+0000] {processor.py:208} INFO - Processing /opt/bitnami/airflow/dags/etl_dags.py took 0.139 seconds
[2024-12-12T19:26:55.703+0000] {processor.py:186} INFO - Started process (PID=157) to work on /opt/bitnami/airflow/dags/etl_dags.py
[2024-12-12T19:26:55.705+0000] {processor.py:914} INFO - Processing file /opt/bitnami/airflow/dags/etl_dags.py for tasks to queue
[2024-12-12T19:26:55.707+0000] {logging_mixin.py:190} INFO - [2024-12-12T19:26:55.706+0000] {dagbag.py:588} INFO - Filling up the DagBag from /opt/bitnami/airflow/dags/etl_dags.py
[2024-12-12T19:26:55.738+0000] {processor.py:925} INFO - DAG(s) 'first_etl_dag' retrieved from /opt/bitnami/airflow/dags/etl_dags.py
[2024-12-12T19:26:55.754+0000] {logging_mixin.py:190} INFO - [2024-12-12T19:26:55.753+0000] {dag.py:3239} INFO - Sync 1 DAGs
[2024-12-12T19:26:55.784+0000] {logging_mixin.py:190} INFO - [2024-12-12T19:26:55.784+0000] {dag.py:4180} INFO - Setting next_dagrun for first_etl_dag to 2024-12-12 00:00:00+00:00, run_after=2024-12-13 00:00:00+00:00
[2024-12-12T19:26:55.809+0000] {processor.py:208} INFO - Processing /opt/bitnami/airflow/dags/etl_dags.py took 0.112 seconds
[2024-12-12T19:27:25.928+0000] {processor.py:186} INFO - Started process (PID=214) to work on /opt/bitnami/airflow/dags/etl_dags.py
[2024-12-12T19:27:25.930+0000] {processor.py:914} INFO - Processing file /opt/bitnami/airflow/dags/etl_dags.py for tasks to queue
[2024-12-12T19:27:25.933+0000] {logging_mixin.py:190} INFO - [2024-12-12T19:27:25.933+0000] {dagbag.py:588} INFO - Filling up the DagBag from /opt/bitnami/airflow/dags/etl_dags.py
[2024-12-12T19:27:25.976+0000] {processor.py:925} INFO - DAG(s) 'first_etl_dag' retrieved from /opt/bitnami/airflow/dags/etl_dags.py
[2024-12-12T19:27:26.056+0000] {logging_mixin.py:190} INFO - [2024-12-12T19:27:26.056+0000] {dag.py:3239} INFO - Sync 1 DAGs
[2024-12-12T19:27:26.079+0000] {logging_mixin.py:190} INFO - [2024-12-12T19:27:26.079+0000] {dag.py:4180} INFO - Setting next_dagrun for first_etl_dag to 2024-12-12 00:00:00+00:00, run_after=2024-12-13 00:00:00+00:00
[2024-12-12T19:27:26.100+0000] {processor.py:208} INFO - Processing /opt/bitnami/airflow/dags/etl_dags.py took 0.178 seconds
[2024-12-12T19:27:56.930+0000] {processor.py:186} INFO - Started process (PID=271) to work on /opt/bitnami/airflow/dags/etl_dags.py
[2024-12-12T19:27:56.932+0000] {processor.py:914} INFO - Processing file /opt/bitnami/airflow/dags/etl_dags.py for tasks to queue
[2024-12-12T19:27:56.936+0000] {logging_mixin.py:190} INFO - [2024-12-12T19:27:56.936+0000] {dagbag.py:588} INFO - Filling up the DagBag from /opt/bitnami/airflow/dags/etl_dags.py
[2024-12-12T19:27:56.963+0000] {processor.py:925} INFO - DAG(s) 'first_etl_dag' retrieved from /opt/bitnami/airflow/dags/etl_dags.py
[2024-12-12T19:27:56.990+0000] {logging_mixin.py:190} INFO - [2024-12-12T19:27:56.989+0000] {dag.py:3239} INFO - Sync 1 DAGs
[2024-12-12T19:27:57.021+0000] {logging_mixin.py:190} INFO - [2024-12-12T19:27:57.021+0000] {dag.py:4180} INFO - Setting next_dagrun for first_etl_dag to 2024-12-12 00:00:00+00:00, run_after=2024-12-13 00:00:00+00:00
[2024-12-12T19:27:57.041+0000] {processor.py:208} INFO - Processing /opt/bitnami/airflow/dags/etl_dags.py took 0.122 seconds
[2024-12-12T19:28:27.097+0000] {processor.py:186} INFO - Started process (PID=329) to work on /opt/bitnami/airflow/dags/etl_dags.py
[2024-12-12T19:28:27.098+0000] {processor.py:914} INFO - Processing file /opt/bitnami/airflow/dags/etl_dags.py for tasks to queue
[2024-12-12T19:28:27.100+0000] {logging_mixin.py:190} INFO - [2024-12-12T19:28:27.100+0000] {dagbag.py:588} INFO - Filling up the DagBag from /opt/bitnami/airflow/dags/etl_dags.py
[2024-12-12T19:28:27.126+0000] {processor.py:925} INFO - DAG(s) 'first_etl_dag' retrieved from /opt/bitnami/airflow/dags/etl_dags.py
[2024-12-12T19:28:27.153+0000] {logging_mixin.py:190} INFO - [2024-12-12T19:28:27.153+0000] {dag.py:3239} INFO - Sync 1 DAGs
[2024-12-12T19:28:27.180+0000] {logging_mixin.py:190} INFO - [2024-12-12T19:28:27.180+0000] {dag.py:4180} INFO - Setting next_dagrun for first_etl_dag to 2024-12-12 00:00:00+00:00, run_after=2024-12-13 00:00:00+00:00
[2024-12-12T19:28:27.200+0000] {processor.py:208} INFO - Processing /opt/bitnami/airflow/dags/etl_dags.py took 0.110 seconds
[2024-12-12T19:28:57.900+0000] {processor.py:186} INFO - Started process (PID=385) to work on /opt/bitnami/airflow/dags/etl_dags.py
[2024-12-12T19:28:57.901+0000] {processor.py:914} INFO - Processing file /opt/bitnami/airflow/dags/etl_dags.py for tasks to queue
[2024-12-12T19:28:57.904+0000] {logging_mixin.py:190} INFO - [2024-12-12T19:28:57.903+0000] {dagbag.py:588} INFO - Filling up the DagBag from /opt/bitnami/airflow/dags/etl_dags.py
[2024-12-12T19:28:57.937+0000] {processor.py:925} INFO - DAG(s) 'first_etl_dag' retrieved from /opt/bitnami/airflow/dags/etl_dags.py
[2024-12-12T19:28:57.953+0000] {logging_mixin.py:190} INFO - [2024-12-12T19:28:57.952+0000] {dag.py:3239} INFO - Sync 1 DAGs
[2024-12-12T19:28:57.972+0000] {logging_mixin.py:190} INFO - [2024-12-12T19:28:57.972+0000] {dag.py:4180} INFO - Setting next_dagrun for first_etl_dag to 2024-12-12 00:00:00+00:00, run_after=2024-12-13 00:00:00+00:00
[2024-12-12T19:28:57.993+0000] {processor.py:208} INFO - Processing /opt/bitnami/airflow/dags/etl_dags.py took 0.098 seconds
[2024-12-12T19:29:28.115+0000] {processor.py:186} INFO - Started process (PID=442) to work on /opt/bitnami/airflow/dags/etl_dags.py
[2024-12-12T19:29:28.117+0000] {processor.py:914} INFO - Processing file /opt/bitnami/airflow/dags/etl_dags.py for tasks to queue
[2024-12-12T19:29:28.122+0000] {logging_mixin.py:190} INFO - [2024-12-12T19:29:28.121+0000] {dagbag.py:588} INFO - Filling up the DagBag from /opt/bitnami/airflow/dags/etl_dags.py
[2024-12-12T19:29:28.164+0000] {processor.py:925} INFO - DAG(s) 'first_etl_dag' retrieved from /opt/bitnami/airflow/dags/etl_dags.py
[2024-12-12T19:29:28.201+0000] {logging_mixin.py:190} INFO - [2024-12-12T19:29:28.200+0000] {dag.py:3239} INFO - Sync 1 DAGs
[2024-12-12T19:29:28.243+0000] {logging_mixin.py:190} INFO - [2024-12-12T19:29:28.243+0000] {dag.py:4180} INFO - Setting next_dagrun for first_etl_dag to 2024-12-12 00:00:00+00:00, run_after=2024-12-13 00:00:00+00:00
[2024-12-12T19:29:28.278+0000] {processor.py:208} INFO - Processing /opt/bitnami/airflow/dags/etl_dags.py took 0.173 seconds
[2024-12-12T19:29:59.063+0000] {processor.py:186} INFO - Started process (PID=499) to work on /opt/bitnami/airflow/dags/etl_dags.py
[2024-12-12T19:29:59.065+0000] {processor.py:914} INFO - Processing file /opt/bitnami/airflow/dags/etl_dags.py for tasks to queue
[2024-12-12T19:29:59.068+0000] {logging_mixin.py:190} INFO - [2024-12-12T19:29:59.067+0000] {dagbag.py:588} INFO - Filling up the DagBag from /opt/bitnami/airflow/dags/etl_dags.py
[2024-12-12T19:29:59.122+0000] {processor.py:925} INFO - DAG(s) 'first_etl_dag' retrieved from /opt/bitnami/airflow/dags/etl_dags.py
[2024-12-12T19:29:59.145+0000] {logging_mixin.py:190} INFO - [2024-12-12T19:29:59.144+0000] {dag.py:3239} INFO - Sync 1 DAGs
[2024-12-12T19:29:59.168+0000] {logging_mixin.py:190} INFO - [2024-12-12T19:29:59.168+0000] {dag.py:4180} INFO - Setting next_dagrun for first_etl_dag to 2024-12-12 00:00:00+00:00, run_after=2024-12-13 00:00:00+00:00
[2024-12-12T19:29:59.192+0000] {processor.py:208} INFO - Processing /opt/bitnami/airflow/dags/etl_dags.py took 0.138 seconds
[2024-12-12T19:30:29.678+0000] {processor.py:186} INFO - Started process (PID=556) to work on /opt/bitnami/airflow/dags/etl_dags.py
[2024-12-12T19:30:29.680+0000] {processor.py:914} INFO - Processing file /opt/bitnami/airflow/dags/etl_dags.py for tasks to queue
[2024-12-12T19:30:29.684+0000] {logging_mixin.py:190} INFO - [2024-12-12T19:30:29.684+0000] {dagbag.py:588} INFO - Filling up the DagBag from /opt/bitnami/airflow/dags/etl_dags.py
[2024-12-12T19:30:29.739+0000] {processor.py:925} INFO - DAG(s) 'first_etl_dag' retrieved from /opt/bitnami/airflow/dags/etl_dags.py
[2024-12-12T19:30:29.768+0000] {logging_mixin.py:190} INFO - [2024-12-12T19:30:29.766+0000] {dag.py:3239} INFO - Sync 1 DAGs
[2024-12-12T19:30:29.792+0000] {logging_mixin.py:190} INFO - [2024-12-12T19:30:29.792+0000] {dag.py:4180} INFO - Setting next_dagrun for first_etl_dag to 2024-12-12 00:00:00+00:00, run_after=2024-12-13 00:00:00+00:00
[2024-12-12T19:30:29.817+0000] {processor.py:208} INFO - Processing /opt/bitnami/airflow/dags/etl_dags.py took 0.154 seconds
[2024-12-12T19:31:00.235+0000] {processor.py:186} INFO - Started process (PID=613) to work on /opt/bitnami/airflow/dags/etl_dags.py
[2024-12-12T19:31:00.236+0000] {processor.py:914} INFO - Processing file /opt/bitnami/airflow/dags/etl_dags.py for tasks to queue
[2024-12-12T19:31:00.239+0000] {logging_mixin.py:190} INFO - [2024-12-12T19:31:00.238+0000] {dagbag.py:588} INFO - Filling up the DagBag from /opt/bitnami/airflow/dags/etl_dags.py
[2024-12-12T19:31:00.276+0000] {processor.py:925} INFO - DAG(s) 'first_etl_dag' retrieved from /opt/bitnami/airflow/dags/etl_dags.py
[2024-12-12T19:31:00.294+0000] {logging_mixin.py:190} INFO - [2024-12-12T19:31:00.293+0000] {dag.py:3239} INFO - Sync 1 DAGs
[2024-12-12T19:31:00.315+0000] {logging_mixin.py:190} INFO - [2024-12-12T19:31:00.315+0000] {dag.py:4180} INFO - Setting next_dagrun for first_etl_dag to 2024-12-12 00:00:00+00:00, run_after=2024-12-13 00:00:00+00:00
[2024-12-12T19:31:00.334+0000] {processor.py:208} INFO - Processing /opt/bitnami/airflow/dags/etl_dags.py took 0.104 seconds
[2024-12-12T19:31:30.602+0000] {processor.py:186} INFO - Started process (PID=670) to work on /opt/bitnami/airflow/dags/etl_dags.py
[2024-12-12T19:31:30.603+0000] {processor.py:914} INFO - Processing file /opt/bitnami/airflow/dags/etl_dags.py for tasks to queue
[2024-12-12T19:31:30.607+0000] {logging_mixin.py:190} INFO - [2024-12-12T19:31:30.607+0000] {dagbag.py:588} INFO - Filling up the DagBag from /opt/bitnami/airflow/dags/etl_dags.py
[2024-12-12T19:31:30.635+0000] {processor.py:925} INFO - DAG(s) 'first_etl_dag' retrieved from /opt/bitnami/airflow/dags/etl_dags.py
[2024-12-12T19:31:30.652+0000] {logging_mixin.py:190} INFO - [2024-12-12T19:31:30.652+0000] {dag.py:3239} INFO - Sync 1 DAGs
[2024-12-12T19:31:30.672+0000] {logging_mixin.py:190} INFO - [2024-12-12T19:31:30.671+0000] {dag.py:4180} INFO - Setting next_dagrun for first_etl_dag to 2024-12-12 00:00:00+00:00, run_after=2024-12-13 00:00:00+00:00
[2024-12-12T19:31:30.702+0000] {processor.py:208} INFO - Processing /opt/bitnami/airflow/dags/etl_dags.py took 0.103 seconds
[2024-12-12T19:32:01.223+0000] {processor.py:186} INFO - Started process (PID=727) to work on /opt/bitnami/airflow/dags/etl_dags.py
[2024-12-12T19:32:01.225+0000] {processor.py:914} INFO - Processing file /opt/bitnami/airflow/dags/etl_dags.py for tasks to queue
[2024-12-12T19:32:01.228+0000] {logging_mixin.py:190} INFO - [2024-12-12T19:32:01.228+0000] {dagbag.py:588} INFO - Filling up the DagBag from /opt/bitnami/airflow/dags/etl_dags.py
[2024-12-12T19:32:01.271+0000] {processor.py:925} INFO - DAG(s) 'first_etl_dag' retrieved from /opt/bitnami/airflow/dags/etl_dags.py
[2024-12-12T19:32:01.296+0000] {logging_mixin.py:190} INFO - [2024-12-12T19:32:01.295+0000] {dag.py:3239} INFO - Sync 1 DAGs
[2024-12-12T19:32:01.323+0000] {logging_mixin.py:190} INFO - [2024-12-12T19:32:01.323+0000] {dag.py:4180} INFO - Setting next_dagrun for first_etl_dag to 2024-12-12 00:00:00+00:00, run_after=2024-12-13 00:00:00+00:00
[2024-12-12T19:32:01.348+0000] {processor.py:208} INFO - Processing /opt/bitnami/airflow/dags/etl_dags.py took 0.133 seconds
[2024-12-12T19:32:32.030+0000] {processor.py:186} INFO - Started process (PID=784) to work on /opt/bitnami/airflow/dags/etl_dags.py
[2024-12-12T19:32:32.032+0000] {processor.py:914} INFO - Processing file /opt/bitnami/airflow/dags/etl_dags.py for tasks to queue
[2024-12-12T19:32:32.036+0000] {logging_mixin.py:190} INFO - [2024-12-12T19:32:32.036+0000] {dagbag.py:588} INFO - Filling up the DagBag from /opt/bitnami/airflow/dags/etl_dags.py
[2024-12-12T19:32:32.074+0000] {processor.py:925} INFO - DAG(s) 'first_etl_dag' retrieved from /opt/bitnami/airflow/dags/etl_dags.py
[2024-12-12T19:32:32.094+0000] {logging_mixin.py:190} INFO - [2024-12-12T19:32:32.094+0000] {dag.py:3239} INFO - Sync 1 DAGs
[2024-12-12T19:32:32.118+0000] {logging_mixin.py:190} INFO - [2024-12-12T19:32:32.117+0000] {dag.py:4180} INFO - Setting next_dagrun for first_etl_dag to 2024-12-12 00:00:00+00:00, run_after=2024-12-13 00:00:00+00:00
[2024-12-12T19:32:32.144+0000] {processor.py:208} INFO - Processing /opt/bitnami/airflow/dags/etl_dags.py took 0.122 seconds
[2024-12-12T19:33:03.113+0000] {processor.py:186} INFO - Started process (PID=841) to work on /opt/bitnami/airflow/dags/etl_dags.py
[2024-12-12T19:33:03.114+0000] {processor.py:914} INFO - Processing file /opt/bitnami/airflow/dags/etl_dags.py for tasks to queue
[2024-12-12T19:33:03.116+0000] {logging_mixin.py:190} INFO - [2024-12-12T19:33:03.116+0000] {dagbag.py:588} INFO - Filling up the DagBag from /opt/bitnami/airflow/dags/etl_dags.py
[2024-12-12T19:33:03.152+0000] {processor.py:925} INFO - DAG(s) 'first_etl_dag' retrieved from /opt/bitnami/airflow/dags/etl_dags.py
[2024-12-12T19:33:03.171+0000] {logging_mixin.py:190} INFO - [2024-12-12T19:33:03.170+0000] {dag.py:3239} INFO - Sync 1 DAGs
[2024-12-12T19:33:03.189+0000] {logging_mixin.py:190} INFO - [2024-12-12T19:33:03.189+0000] {dag.py:4180} INFO - Setting next_dagrun for first_etl_dag to 2024-12-12 00:00:00+00:00, run_after=2024-12-13 00:00:00+00:00
[2024-12-12T19:33:03.211+0000] {processor.py:208} INFO - Processing /opt/bitnami/airflow/dags/etl_dags.py took 0.104 seconds
[2024-12-12T19:33:34.154+0000] {processor.py:186} INFO - Started process (PID=898) to work on /opt/bitnami/airflow/dags/etl_dags.py
[2024-12-12T19:33:34.155+0000] {processor.py:914} INFO - Processing file /opt/bitnami/airflow/dags/etl_dags.py for tasks to queue
[2024-12-12T19:33:34.158+0000] {logging_mixin.py:190} INFO - [2024-12-12T19:33:34.157+0000] {dagbag.py:588} INFO - Filling up the DagBag from /opt/bitnami/airflow/dags/etl_dags.py
[2024-12-12T19:33:34.183+0000] {processor.py:925} INFO - DAG(s) 'first_etl_dag' retrieved from /opt/bitnami/airflow/dags/etl_dags.py
[2024-12-12T19:33:34.201+0000] {logging_mixin.py:190} INFO - [2024-12-12T19:33:34.201+0000] {dag.py:3239} INFO - Sync 1 DAGs
[2024-12-12T19:33:34.222+0000] {logging_mixin.py:190} INFO - [2024-12-12T19:33:34.221+0000] {dag.py:4180} INFO - Setting next_dagrun for first_etl_dag to 2024-12-12 00:00:00+00:00, run_after=2024-12-13 00:00:00+00:00
[2024-12-12T19:33:34.242+0000] {processor.py:208} INFO - Processing /opt/bitnami/airflow/dags/etl_dags.py took 0.093 seconds
[2024-12-12T19:34:04.927+0000] {processor.py:186} INFO - Started process (PID=955) to work on /opt/bitnami/airflow/dags/etl_dags.py
[2024-12-12T19:34:04.929+0000] {processor.py:914} INFO - Processing file /opt/bitnami/airflow/dags/etl_dags.py for tasks to queue
[2024-12-12T19:34:04.932+0000] {logging_mixin.py:190} INFO - [2024-12-12T19:34:04.931+0000] {dagbag.py:588} INFO - Filling up the DagBag from /opt/bitnami/airflow/dags/etl_dags.py
[2024-12-12T19:34:04.972+0000] {processor.py:925} INFO - DAG(s) 'first_etl_dag' retrieved from /opt/bitnami/airflow/dags/etl_dags.py
[2024-12-12T19:34:04.993+0000] {logging_mixin.py:190} INFO - [2024-12-12T19:34:04.992+0000] {dag.py:3239} INFO - Sync 1 DAGs
[2024-12-12T19:34:05.014+0000] {logging_mixin.py:190} INFO - [2024-12-12T19:34:05.013+0000] {dag.py:4180} INFO - Setting next_dagrun for first_etl_dag to 2024-12-12 00:00:00+00:00, run_after=2024-12-13 00:00:00+00:00
[2024-12-12T19:34:05.043+0000] {processor.py:208} INFO - Processing /opt/bitnami/airflow/dags/etl_dags.py took 0.122 seconds
[2024-12-12T19:34:35.116+0000] {processor.py:186} INFO - Started process (PID=1012) to work on /opt/bitnami/airflow/dags/etl_dags.py
[2024-12-12T19:34:35.117+0000] {processor.py:914} INFO - Processing file /opt/bitnami/airflow/dags/etl_dags.py for tasks to queue
[2024-12-12T19:34:35.120+0000] {logging_mixin.py:190} INFO - [2024-12-12T19:34:35.120+0000] {dagbag.py:588} INFO - Filling up the DagBag from /opt/bitnami/airflow/dags/etl_dags.py
[2024-12-12T19:34:35.147+0000] {processor.py:925} INFO - DAG(s) 'first_etl_dag' retrieved from /opt/bitnami/airflow/dags/etl_dags.py
[2024-12-12T19:34:35.163+0000] {logging_mixin.py:190} INFO - [2024-12-12T19:34:35.163+0000] {dag.py:3239} INFO - Sync 1 DAGs
[2024-12-12T19:34:35.182+0000] {logging_mixin.py:190} INFO - [2024-12-12T19:34:35.182+0000] {dag.py:4180} INFO - Setting next_dagrun for first_etl_dag to 2024-12-12 00:00:00+00:00, run_after=2024-12-13 00:00:00+00:00
[2024-12-12T19:34:35.208+0000] {processor.py:208} INFO - Processing /opt/bitnami/airflow/dags/etl_dags.py took 0.098 seconds
[2024-12-12T19:35:05.937+0000] {processor.py:186} INFO - Started process (PID=1069) to work on /opt/bitnami/airflow/dags/etl_dags.py
[2024-12-12T19:35:05.939+0000] {processor.py:914} INFO - Processing file /opt/bitnami/airflow/dags/etl_dags.py for tasks to queue
[2024-12-12T19:35:05.942+0000] {logging_mixin.py:190} INFO - [2024-12-12T19:35:05.942+0000] {dagbag.py:588} INFO - Filling up the DagBag from /opt/bitnami/airflow/dags/etl_dags.py
[2024-12-12T19:35:05.990+0000] {processor.py:925} INFO - DAG(s) 'first_etl_dag' retrieved from /opt/bitnami/airflow/dags/etl_dags.py
[2024-12-12T19:35:06.017+0000] {logging_mixin.py:190} INFO - [2024-12-12T19:35:06.016+0000] {dag.py:3239} INFO - Sync 1 DAGs
[2024-12-12T19:35:06.043+0000] {logging_mixin.py:190} INFO - [2024-12-12T19:35:06.043+0000] {dag.py:4180} INFO - Setting next_dagrun for first_etl_dag to 2024-12-12 00:00:00+00:00, run_after=2024-12-13 00:00:00+00:00
[2024-12-12T19:35:06.065+0000] {processor.py:208} INFO - Processing /opt/bitnami/airflow/dags/etl_dags.py took 0.133 seconds
[2024-12-12T19:35:36.231+0000] {processor.py:186} INFO - Started process (PID=1126) to work on /opt/bitnami/airflow/dags/etl_dags.py
[2024-12-12T19:35:36.234+0000] {processor.py:914} INFO - Processing file /opt/bitnami/airflow/dags/etl_dags.py for tasks to queue
[2024-12-12T19:35:36.239+0000] {logging_mixin.py:190} INFO - [2024-12-12T19:35:36.239+0000] {dagbag.py:588} INFO - Filling up the DagBag from /opt/bitnami/airflow/dags/etl_dags.py
[2024-12-12T19:35:36.264+0000] {processor.py:925} INFO - DAG(s) 'first_etl_dag' retrieved from /opt/bitnami/airflow/dags/etl_dags.py
[2024-12-12T19:35:36.289+0000] {logging_mixin.py:190} INFO - [2024-12-12T19:35:36.288+0000] {dag.py:3239} INFO - Sync 1 DAGs
[2024-12-12T19:35:36.309+0000] {logging_mixin.py:190} INFO - [2024-12-12T19:35:36.308+0000] {dag.py:4180} INFO - Setting next_dagrun for first_etl_dag to 2024-12-12 00:00:00+00:00, run_after=2024-12-13 00:00:00+00:00
[2024-12-12T19:35:36.328+0000] {processor.py:208} INFO - Processing /opt/bitnami/airflow/dags/etl_dags.py took 0.102 seconds
[2024-12-12T19:36:07.282+0000] {processor.py:186} INFO - Started process (PID=1183) to work on /opt/bitnami/airflow/dags/etl_dags.py
[2024-12-12T19:36:07.283+0000] {processor.py:914} INFO - Processing file /opt/bitnami/airflow/dags/etl_dags.py for tasks to queue
[2024-12-12T19:36:07.285+0000] {logging_mixin.py:190} INFO - [2024-12-12T19:36:07.285+0000] {dagbag.py:588} INFO - Filling up the DagBag from /opt/bitnami/airflow/dags/etl_dags.py
[2024-12-12T19:36:07.309+0000] {processor.py:925} INFO - DAG(s) 'first_etl_dag' retrieved from /opt/bitnami/airflow/dags/etl_dags.py
[2024-12-12T19:36:07.328+0000] {logging_mixin.py:190} INFO - [2024-12-12T19:36:07.327+0000] {dag.py:3239} INFO - Sync 1 DAGs
[2024-12-12T19:36:07.348+0000] {logging_mixin.py:190} INFO - [2024-12-12T19:36:07.347+0000] {dag.py:4180} INFO - Setting next_dagrun for first_etl_dag to 2024-12-12 00:00:00+00:00, run_after=2024-12-13 00:00:00+00:00
[2024-12-12T19:36:07.368+0000] {processor.py:208} INFO - Processing /opt/bitnami/airflow/dags/etl_dags.py took 0.091 seconds
[2024-12-12T19:36:37.852+0000] {processor.py:186} INFO - Started process (PID=1240) to work on /opt/bitnami/airflow/dags/etl_dags.py
[2024-12-12T19:36:37.854+0000] {processor.py:914} INFO - Processing file /opt/bitnami/airflow/dags/etl_dags.py for tasks to queue
[2024-12-12T19:36:37.856+0000] {logging_mixin.py:190} INFO - [2024-12-12T19:36:37.856+0000] {dagbag.py:588} INFO - Filling up the DagBag from /opt/bitnami/airflow/dags/etl_dags.py
[2024-12-12T19:36:37.894+0000] {processor.py:925} INFO - DAG(s) 'first_etl_dag' retrieved from /opt/bitnami/airflow/dags/etl_dags.py
[2024-12-12T19:36:37.912+0000] {logging_mixin.py:190} INFO - [2024-12-12T19:36:37.911+0000] {dag.py:3239} INFO - Sync 1 DAGs
[2024-12-12T19:36:37.930+0000] {logging_mixin.py:190} INFO - [2024-12-12T19:36:37.930+0000] {dag.py:4180} INFO - Setting next_dagrun for first_etl_dag to 2024-12-12 00:00:00+00:00, run_after=2024-12-13 00:00:00+00:00
[2024-12-12T19:36:37.951+0000] {processor.py:208} INFO - Processing /opt/bitnami/airflow/dags/etl_dags.py took 0.106 seconds
[2024-12-12T19:37:08.650+0000] {processor.py:186} INFO - Started process (PID=1297) to work on /opt/bitnami/airflow/dags/etl_dags.py
[2024-12-12T19:37:08.652+0000] {processor.py:914} INFO - Processing file /opt/bitnami/airflow/dags/etl_dags.py for tasks to queue
[2024-12-12T19:37:08.655+0000] {logging_mixin.py:190} INFO - [2024-12-12T19:37:08.655+0000] {dagbag.py:588} INFO - Filling up the DagBag from /opt/bitnami/airflow/dags/etl_dags.py
[2024-12-12T19:37:08.691+0000] {processor.py:925} INFO - DAG(s) 'first_etl_dag' retrieved from /opt/bitnami/airflow/dags/etl_dags.py
[2024-12-12T19:37:08.717+0000] {logging_mixin.py:190} INFO - [2024-12-12T19:37:08.716+0000] {dag.py:3239} INFO - Sync 1 DAGs
[2024-12-12T19:37:08.748+0000] {logging_mixin.py:190} INFO - [2024-12-12T19:37:08.748+0000] {dag.py:4180} INFO - Setting next_dagrun for first_etl_dag to 2024-12-12 00:00:00+00:00, run_after=2024-12-13 00:00:00+00:00
[2024-12-12T19:37:08.773+0000] {processor.py:208} INFO - Processing /opt/bitnami/airflow/dags/etl_dags.py took 0.130 seconds
[2024-12-12T19:37:39.162+0000] {processor.py:186} INFO - Started process (PID=1354) to work on /opt/bitnami/airflow/dags/etl_dags.py
[2024-12-12T19:37:39.163+0000] {processor.py:914} INFO - Processing file /opt/bitnami/airflow/dags/etl_dags.py for tasks to queue
[2024-12-12T19:37:39.166+0000] {logging_mixin.py:190} INFO - [2024-12-12T19:37:39.165+0000] {dagbag.py:588} INFO - Filling up the DagBag from /opt/bitnami/airflow/dags/etl_dags.py
[2024-12-12T19:37:39.191+0000] {processor.py:925} INFO - DAG(s) 'first_etl_dag' retrieved from /opt/bitnami/airflow/dags/etl_dags.py
[2024-12-12T19:37:39.209+0000] {logging_mixin.py:190} INFO - [2024-12-12T19:37:39.209+0000] {dag.py:3239} INFO - Sync 1 DAGs
[2024-12-12T19:37:39.233+0000] {logging_mixin.py:190} INFO - [2024-12-12T19:37:39.233+0000] {dag.py:4180} INFO - Setting next_dagrun for first_etl_dag to 2024-12-12 00:00:00+00:00, run_after=2024-12-13 00:00:00+00:00
[2024-12-12T19:37:39.259+0000] {processor.py:208} INFO - Processing /opt/bitnami/airflow/dags/etl_dags.py took 0.103 seconds
[2024-12-12T19:38:09.641+0000] {processor.py:186} INFO - Started process (PID=1411) to work on /opt/bitnami/airflow/dags/etl_dags.py
[2024-12-12T19:38:09.642+0000] {processor.py:914} INFO - Processing file /opt/bitnami/airflow/dags/etl_dags.py for tasks to queue
[2024-12-12T19:38:09.645+0000] {logging_mixin.py:190} INFO - [2024-12-12T19:38:09.645+0000] {dagbag.py:588} INFO - Filling up the DagBag from /opt/bitnami/airflow/dags/etl_dags.py
[2024-12-12T19:38:09.666+0000] {processor.py:925} INFO - DAG(s) 'first_etl_dag' retrieved from /opt/bitnami/airflow/dags/etl_dags.py
[2024-12-12T19:38:09.687+0000] {logging_mixin.py:190} INFO - [2024-12-12T19:38:09.686+0000] {dag.py:3239} INFO - Sync 1 DAGs
[2024-12-12T19:38:09.708+0000] {logging_mixin.py:190} INFO - [2024-12-12T19:38:09.708+0000] {dag.py:4180} INFO - Setting next_dagrun for first_etl_dag to 2024-12-12 00:00:00+00:00, run_after=2024-12-13 00:00:00+00:00
[2024-12-12T19:38:09.727+0000] {processor.py:208} INFO - Processing /opt/bitnami/airflow/dags/etl_dags.py took 0.091 seconds
[2024-12-12T19:38:40.400+0000] {processor.py:186} INFO - Started process (PID=1468) to work on /opt/bitnami/airflow/dags/etl_dags.py
[2024-12-12T19:38:40.402+0000] {processor.py:914} INFO - Processing file /opt/bitnami/airflow/dags/etl_dags.py for tasks to queue
[2024-12-12T19:38:40.405+0000] {logging_mixin.py:190} INFO - [2024-12-12T19:38:40.404+0000] {dagbag.py:588} INFO - Filling up the DagBag from /opt/bitnami/airflow/dags/etl_dags.py
[2024-12-12T19:38:40.444+0000] {processor.py:925} INFO - DAG(s) 'first_etl_dag' retrieved from /opt/bitnami/airflow/dags/etl_dags.py
[2024-12-12T19:38:40.462+0000] {logging_mixin.py:190} INFO - [2024-12-12T19:38:40.462+0000] {dag.py:3239} INFO - Sync 1 DAGs
[2024-12-12T19:38:40.480+0000] {logging_mixin.py:190} INFO - [2024-12-12T19:38:40.480+0000] {dag.py:4180} INFO - Setting next_dagrun for first_etl_dag to 2024-12-12 00:00:00+00:00, run_after=2024-12-13 00:00:00+00:00
[2024-12-12T19:38:40.504+0000] {processor.py:208} INFO - Processing /opt/bitnami/airflow/dags/etl_dags.py took 0.108 seconds
[2024-12-12T19:39:11.270+0000] {processor.py:186} INFO - Started process (PID=1525) to work on /opt/bitnami/airflow/dags/etl_dags.py
[2024-12-12T19:39:11.271+0000] {processor.py:914} INFO - Processing file /opt/bitnami/airflow/dags/etl_dags.py for tasks to queue
[2024-12-12T19:39:11.274+0000] {logging_mixin.py:190} INFO - [2024-12-12T19:39:11.274+0000] {dagbag.py:588} INFO - Filling up the DagBag from /opt/bitnami/airflow/dags/etl_dags.py
[2024-12-12T19:39:11.300+0000] {processor.py:925} INFO - DAG(s) 'first_etl_dag' retrieved from /opt/bitnami/airflow/dags/etl_dags.py
[2024-12-12T19:39:11.318+0000] {logging_mixin.py:190} INFO - [2024-12-12T19:39:11.317+0000] {dag.py:3239} INFO - Sync 1 DAGs
[2024-12-12T19:39:11.340+0000] {logging_mixin.py:190} INFO - [2024-12-12T19:39:11.340+0000] {dag.py:4180} INFO - Setting next_dagrun for first_etl_dag to 2024-12-12 00:00:00+00:00, run_after=2024-12-13 00:00:00+00:00
[2024-12-12T19:39:11.359+0000] {processor.py:208} INFO - Processing /opt/bitnami/airflow/dags/etl_dags.py took 0.094 seconds
[2024-12-12T19:39:42.265+0000] {processor.py:186} INFO - Started process (PID=1582) to work on /opt/bitnami/airflow/dags/etl_dags.py
[2024-12-12T19:39:42.267+0000] {processor.py:914} INFO - Processing file /opt/bitnami/airflow/dags/etl_dags.py for tasks to queue
[2024-12-12T19:39:42.271+0000] {logging_mixin.py:190} INFO - [2024-12-12T19:39:42.270+0000] {dagbag.py:588} INFO - Filling up the DagBag from /opt/bitnami/airflow/dags/etl_dags.py
[2024-12-12T19:39:42.296+0000] {processor.py:925} INFO - DAG(s) 'first_etl_dag' retrieved from /opt/bitnami/airflow/dags/etl_dags.py
[2024-12-12T19:39:42.314+0000] {logging_mixin.py:190} INFO - [2024-12-12T19:39:42.313+0000] {dag.py:3239} INFO - Sync 1 DAGs
[2024-12-12T19:39:42.340+0000] {logging_mixin.py:190} INFO - [2024-12-12T19:39:42.340+0000] {dag.py:4180} INFO - Setting next_dagrun for first_etl_dag to 2024-12-12 00:00:00+00:00, run_after=2024-12-13 00:00:00+00:00
[2024-12-12T19:39:42.368+0000] {processor.py:208} INFO - Processing /opt/bitnami/airflow/dags/etl_dags.py took 0.108 seconds
[2024-12-12T19:40:12.595+0000] {processor.py:186} INFO - Started process (PID=1639) to work on /opt/bitnami/airflow/dags/etl_dags.py
[2024-12-12T19:40:12.596+0000] {processor.py:914} INFO - Processing file /opt/bitnami/airflow/dags/etl_dags.py for tasks to queue
[2024-12-12T19:40:12.598+0000] {logging_mixin.py:190} INFO - [2024-12-12T19:40:12.598+0000] {dagbag.py:588} INFO - Filling up the DagBag from /opt/bitnami/airflow/dags/etl_dags.py
[2024-12-12T19:40:12.627+0000] {processor.py:925} INFO - DAG(s) 'first_etl_dag' retrieved from /opt/bitnami/airflow/dags/etl_dags.py
[2024-12-12T19:40:12.644+0000] {logging_mixin.py:190} INFO - [2024-12-12T19:40:12.643+0000] {dag.py:3239} INFO - Sync 1 DAGs
[2024-12-12T19:40:12.665+0000] {logging_mixin.py:190} INFO - [2024-12-12T19:40:12.665+0000] {dag.py:4180} INFO - Setting next_dagrun for first_etl_dag to 2024-12-12 00:00:00+00:00, run_after=2024-12-13 00:00:00+00:00
[2024-12-12T19:40:12.687+0000] {processor.py:208} INFO - Processing /opt/bitnami/airflow/dags/etl_dags.py took 0.098 seconds
[2024-12-12T19:40:43.552+0000] {processor.py:186} INFO - Started process (PID=1696) to work on /opt/bitnami/airflow/dags/etl_dags.py
[2024-12-12T19:40:43.553+0000] {processor.py:914} INFO - Processing file /opt/bitnami/airflow/dags/etl_dags.py for tasks to queue
[2024-12-12T19:40:43.556+0000] {logging_mixin.py:190} INFO - [2024-12-12T19:40:43.556+0000] {dagbag.py:588} INFO - Filling up the DagBag from /opt/bitnami/airflow/dags/etl_dags.py
[2024-12-12T19:40:43.583+0000] {processor.py:925} INFO - DAG(s) 'first_etl_dag' retrieved from /opt/bitnami/airflow/dags/etl_dags.py
[2024-12-12T19:40:43.600+0000] {logging_mixin.py:190} INFO - [2024-12-12T19:40:43.599+0000] {dag.py:3239} INFO - Sync 1 DAGs
[2024-12-12T19:40:43.623+0000] {logging_mixin.py:190} INFO - [2024-12-12T19:40:43.622+0000] {dag.py:4180} INFO - Setting next_dagrun for first_etl_dag to 2024-12-12 00:00:00+00:00, run_after=2024-12-13 00:00:00+00:00
[2024-12-12T19:40:43.646+0000] {processor.py:208} INFO - Processing /opt/bitnami/airflow/dags/etl_dags.py took 0.100 seconds
[2024-12-12T19:41:13.967+0000] {processor.py:186} INFO - Started process (PID=1753) to work on /opt/bitnami/airflow/dags/etl_dags.py
[2024-12-12T19:41:13.969+0000] {processor.py:914} INFO - Processing file /opt/bitnami/airflow/dags/etl_dags.py for tasks to queue
[2024-12-12T19:41:13.976+0000] {logging_mixin.py:190} INFO - [2024-12-12T19:41:13.975+0000] {dagbag.py:588} INFO - Filling up the DagBag from /opt/bitnami/airflow/dags/etl_dags.py
[2024-12-12T19:41:14.014+0000] {processor.py:925} INFO - DAG(s) 'first_etl_dag' retrieved from /opt/bitnami/airflow/dags/etl_dags.py
[2024-12-12T19:41:14.043+0000] {logging_mixin.py:190} INFO - [2024-12-12T19:41:14.043+0000] {dag.py:3239} INFO - Sync 1 DAGs
[2024-12-12T19:41:14.081+0000] {logging_mixin.py:190} INFO - [2024-12-12T19:41:14.081+0000] {dag.py:4180} INFO - Setting next_dagrun for first_etl_dag to 2024-12-12 00:00:00+00:00, run_after=2024-12-13 00:00:00+00:00
[2024-12-12T19:41:14.115+0000] {processor.py:208} INFO - Processing /opt/bitnami/airflow/dags/etl_dags.py took 0.160 seconds
[2024-12-12T19:41:44.376+0000] {processor.py:186} INFO - Started process (PID=1810) to work on /opt/bitnami/airflow/dags/etl_dags.py
[2024-12-12T19:41:44.378+0000] {processor.py:914} INFO - Processing file /opt/bitnami/airflow/dags/etl_dags.py for tasks to queue
[2024-12-12T19:41:44.381+0000] {logging_mixin.py:190} INFO - [2024-12-12T19:41:44.381+0000] {dagbag.py:588} INFO - Filling up the DagBag from /opt/bitnami/airflow/dags/etl_dags.py
[2024-12-12T19:41:44.423+0000] {processor.py:925} INFO - DAG(s) 'first_etl_dag' retrieved from /opt/bitnami/airflow/dags/etl_dags.py
[2024-12-12T19:41:44.443+0000] {logging_mixin.py:190} INFO - [2024-12-12T19:41:44.443+0000] {dag.py:3239} INFO - Sync 1 DAGs
[2024-12-12T19:41:44.463+0000] {logging_mixin.py:190} INFO - [2024-12-12T19:41:44.463+0000] {dag.py:4180} INFO - Setting next_dagrun for first_etl_dag to 2024-12-12 00:00:00+00:00, run_after=2024-12-13 00:00:00+00:00
[2024-12-12T19:41:44.481+0000] {processor.py:208} INFO - Processing /opt/bitnami/airflow/dags/etl_dags.py took 0.109 seconds
[2024-12-12T19:42:15.239+0000] {processor.py:186} INFO - Started process (PID=1867) to work on /opt/bitnami/airflow/dags/etl_dags.py
[2024-12-12T19:42:15.241+0000] {processor.py:914} INFO - Processing file /opt/bitnami/airflow/dags/etl_dags.py for tasks to queue
[2024-12-12T19:42:15.243+0000] {logging_mixin.py:190} INFO - [2024-12-12T19:42:15.243+0000] {dagbag.py:588} INFO - Filling up the DagBag from /opt/bitnami/airflow/dags/etl_dags.py
[2024-12-12T19:42:15.278+0000] {processor.py:925} INFO - DAG(s) 'first_etl_dag' retrieved from /opt/bitnami/airflow/dags/etl_dags.py
[2024-12-12T19:42:15.295+0000] {logging_mixin.py:190} INFO - [2024-12-12T19:42:15.295+0000] {dag.py:3239} INFO - Sync 1 DAGs
[2024-12-12T19:42:15.313+0000] {logging_mixin.py:190} INFO - [2024-12-12T19:42:15.313+0000] {dag.py:4180} INFO - Setting next_dagrun for first_etl_dag to 2024-12-12 00:00:00+00:00, run_after=2024-12-13 00:00:00+00:00
[2024-12-12T19:42:15.332+0000] {processor.py:208} INFO - Processing /opt/bitnami/airflow/dags/etl_dags.py took 0.098 seconds
[2024-12-12T19:42:45.736+0000] {processor.py:186} INFO - Started process (PID=1924) to work on /opt/bitnami/airflow/dags/etl_dags.py
[2024-12-12T19:42:45.738+0000] {processor.py:914} INFO - Processing file /opt/bitnami/airflow/dags/etl_dags.py for tasks to queue
[2024-12-12T19:42:45.743+0000] {logging_mixin.py:190} INFO - [2024-12-12T19:42:45.743+0000] {dagbag.py:588} INFO - Filling up the DagBag from /opt/bitnami/airflow/dags/etl_dags.py
[2024-12-12T19:42:45.788+0000] {processor.py:925} INFO - DAG(s) 'first_etl_dag' retrieved from /opt/bitnami/airflow/dags/etl_dags.py
[2024-12-12T19:42:45.819+0000] {logging_mixin.py:190} INFO - [2024-12-12T19:42:45.818+0000] {dag.py:3239} INFO - Sync 1 DAGs
[2024-12-12T19:42:45.856+0000] {logging_mixin.py:190} INFO - [2024-12-12T19:42:45.855+0000] {dag.py:4180} INFO - Setting next_dagrun for first_etl_dag to 2024-12-12 00:00:00+00:00, run_after=2024-12-13 00:00:00+00:00
[2024-12-12T19:42:45.889+0000] {processor.py:208} INFO - Processing /opt/bitnami/airflow/dags/etl_dags.py took 0.160 seconds
[2024-12-12T19:43:16.501+0000] {processor.py:186} INFO - Started process (PID=1981) to work on /opt/bitnami/airflow/dags/etl_dags.py
[2024-12-12T19:43:16.502+0000] {processor.py:914} INFO - Processing file /opt/bitnami/airflow/dags/etl_dags.py for tasks to queue
[2024-12-12T19:43:16.505+0000] {logging_mixin.py:190} INFO - [2024-12-12T19:43:16.505+0000] {dagbag.py:588} INFO - Filling up the DagBag from /opt/bitnami/airflow/dags/etl_dags.py
[2024-12-12T19:43:16.555+0000] {processor.py:925} INFO - DAG(s) 'first_etl_dag' retrieved from /opt/bitnami/airflow/dags/etl_dags.py
[2024-12-12T19:43:16.577+0000] {logging_mixin.py:190} INFO - [2024-12-12T19:43:16.576+0000] {dag.py:3239} INFO - Sync 1 DAGs
[2024-12-12T19:43:16.607+0000] {logging_mixin.py:190} INFO - [2024-12-12T19:43:16.607+0000] {dag.py:4180} INFO - Setting next_dagrun for first_etl_dag to 2024-12-12 00:00:00+00:00, run_after=2024-12-13 00:00:00+00:00
[2024-12-12T19:43:16.645+0000] {processor.py:208} INFO - Processing /opt/bitnami/airflow/dags/etl_dags.py took 0.152 seconds
[2024-12-12T19:43:46.928+0000] {processor.py:186} INFO - Started process (PID=2038) to work on /opt/bitnami/airflow/dags/etl_dags.py
[2024-12-12T19:43:46.930+0000] {processor.py:914} INFO - Processing file /opt/bitnami/airflow/dags/etl_dags.py for tasks to queue
[2024-12-12T19:43:46.935+0000] {logging_mixin.py:190} INFO - [2024-12-12T19:43:46.934+0000] {dagbag.py:588} INFO - Filling up the DagBag from /opt/bitnami/airflow/dags/etl_dags.py
[2024-12-12T19:43:46.978+0000] {processor.py:925} INFO - DAG(s) 'first_etl_dag' retrieved from /opt/bitnami/airflow/dags/etl_dags.py
[2024-12-12T19:43:47.011+0000] {logging_mixin.py:190} INFO - [2024-12-12T19:43:47.010+0000] {dag.py:3239} INFO - Sync 1 DAGs
[2024-12-12T19:43:47.044+0000] {logging_mixin.py:190} INFO - [2024-12-12T19:43:47.044+0000] {dag.py:4180} INFO - Setting next_dagrun for first_etl_dag to 2024-12-12 00:00:00+00:00, run_after=2024-12-13 00:00:00+00:00
[2024-12-12T19:43:47.078+0000] {processor.py:208} INFO - Processing /opt/bitnami/airflow/dags/etl_dags.py took 0.165 seconds
[2024-12-12T19:44:17.612+0000] {processor.py:186} INFO - Started process (PID=2095) to work on /opt/bitnami/airflow/dags/etl_dags.py
[2024-12-12T19:44:17.614+0000] {processor.py:914} INFO - Processing file /opt/bitnami/airflow/dags/etl_dags.py for tasks to queue
[2024-12-12T19:44:17.620+0000] {logging_mixin.py:190} INFO - [2024-12-12T19:44:17.619+0000] {dagbag.py:588} INFO - Filling up the DagBag from /opt/bitnami/airflow/dags/etl_dags.py
[2024-12-12T19:44:17.664+0000] {processor.py:925} INFO - DAG(s) 'first_etl_dag' retrieved from /opt/bitnami/airflow/dags/etl_dags.py
[2024-12-12T19:44:17.688+0000] {logging_mixin.py:190} INFO - [2024-12-12T19:44:17.688+0000] {dag.py:3239} INFO - Sync 1 DAGs
[2024-12-12T19:44:17.710+0000] {logging_mixin.py:190} INFO - [2024-12-12T19:44:17.710+0000] {dag.py:4180} INFO - Setting next_dagrun for first_etl_dag to 2024-12-12 00:00:00+00:00, run_after=2024-12-13 00:00:00+00:00
[2024-12-12T19:44:17.733+0000] {processor.py:208} INFO - Processing /opt/bitnami/airflow/dags/etl_dags.py took 0.133 seconds
[2024-12-12T19:44:48.267+0000] {processor.py:186} INFO - Started process (PID=2152) to work on /opt/bitnami/airflow/dags/etl_dags.py
[2024-12-12T19:44:48.269+0000] {processor.py:914} INFO - Processing file /opt/bitnami/airflow/dags/etl_dags.py for tasks to queue
[2024-12-12T19:44:48.273+0000] {logging_mixin.py:190} INFO - [2024-12-12T19:44:48.272+0000] {dagbag.py:588} INFO - Filling up the DagBag from /opt/bitnami/airflow/dags/etl_dags.py
[2024-12-12T19:44:48.308+0000] {processor.py:925} INFO - DAG(s) 'first_etl_dag' retrieved from /opt/bitnami/airflow/dags/etl_dags.py
[2024-12-12T19:44:48.341+0000] {logging_mixin.py:190} INFO - [2024-12-12T19:44:48.341+0000] {dag.py:3239} INFO - Sync 1 DAGs
[2024-12-12T19:44:48.378+0000] {logging_mixin.py:190} INFO - [2024-12-12T19:44:48.377+0000] {dag.py:4180} INFO - Setting next_dagrun for first_etl_dag to 2024-12-12 00:00:00+00:00, run_after=2024-12-13 00:00:00+00:00
[2024-12-12T19:44:48.404+0000] {processor.py:208} INFO - Processing /opt/bitnami/airflow/dags/etl_dags.py took 0.144 seconds
[2024-12-12T19:45:19.201+0000] {processor.py:186} INFO - Started process (PID=2209) to work on /opt/bitnami/airflow/dags/etl_dags.py
[2024-12-12T19:45:19.205+0000] {processor.py:914} INFO - Processing file /opt/bitnami/airflow/dags/etl_dags.py for tasks to queue
[2024-12-12T19:45:19.210+0000] {logging_mixin.py:190} INFO - [2024-12-12T19:45:19.209+0000] {dagbag.py:588} INFO - Filling up the DagBag from /opt/bitnami/airflow/dags/etl_dags.py
[2024-12-12T19:45:19.272+0000] {processor.py:925} INFO - DAG(s) 'first_etl_dag' retrieved from /opt/bitnami/airflow/dags/etl_dags.py
[2024-12-12T19:45:19.315+0000] {logging_mixin.py:190} INFO - [2024-12-12T19:45:19.314+0000] {dag.py:3239} INFO - Sync 1 DAGs
[2024-12-12T19:45:19.362+0000] {logging_mixin.py:190} INFO - [2024-12-12T19:45:19.361+0000] {dag.py:4180} INFO - Setting next_dagrun for first_etl_dag to 2024-12-12 00:00:00+00:00, run_after=2024-12-13 00:00:00+00:00
[2024-12-12T19:45:19.399+0000] {processor.py:208} INFO - Processing /opt/bitnami/airflow/dags/etl_dags.py took 0.208 seconds
[2024-12-12T19:45:49.546+0000] {processor.py:186} INFO - Started process (PID=2266) to work on /opt/bitnami/airflow/dags/etl_dags.py
[2024-12-12T19:45:49.548+0000] {processor.py:914} INFO - Processing file /opt/bitnami/airflow/dags/etl_dags.py for tasks to queue
[2024-12-12T19:45:49.550+0000] {logging_mixin.py:190} INFO - [2024-12-12T19:45:49.550+0000] {dagbag.py:588} INFO - Filling up the DagBag from /opt/bitnami/airflow/dags/etl_dags.py
[2024-12-12T19:45:49.598+0000] {processor.py:925} INFO - DAG(s) 'first_etl_dag' retrieved from /opt/bitnami/airflow/dags/etl_dags.py
[2024-12-12T19:45:49.624+0000] {logging_mixin.py:190} INFO - [2024-12-12T19:45:49.623+0000] {dag.py:3239} INFO - Sync 1 DAGs
[2024-12-12T19:45:49.650+0000] {logging_mixin.py:190} INFO - [2024-12-12T19:45:49.650+0000] {dag.py:4180} INFO - Setting next_dagrun for first_etl_dag to 2024-12-12 00:00:00+00:00, run_after=2024-12-13 00:00:00+00:00
[2024-12-12T19:45:49.675+0000] {processor.py:208} INFO - Processing /opt/bitnami/airflow/dags/etl_dags.py took 0.135 seconds
[2024-12-12T19:46:20.534+0000] {processor.py:186} INFO - Started process (PID=2323) to work on /opt/bitnami/airflow/dags/etl_dags.py
[2024-12-12T19:46:20.536+0000] {processor.py:914} INFO - Processing file /opt/bitnami/airflow/dags/etl_dags.py for tasks to queue
[2024-12-12T19:46:20.540+0000] {logging_mixin.py:190} INFO - [2024-12-12T19:46:20.540+0000] {dagbag.py:588} INFO - Filling up the DagBag from /opt/bitnami/airflow/dags/etl_dags.py
[2024-12-12T19:46:20.589+0000] {processor.py:925} INFO - DAG(s) 'first_etl_dag' retrieved from /opt/bitnami/airflow/dags/etl_dags.py
[2024-12-12T19:46:20.624+0000] {logging_mixin.py:190} INFO - [2024-12-12T19:46:20.622+0000] {dag.py:3239} INFO - Sync 1 DAGs
[2024-12-12T19:46:20.674+0000] {logging_mixin.py:190} INFO - [2024-12-12T19:46:20.674+0000] {dag.py:4180} INFO - Setting next_dagrun for first_etl_dag to 2024-12-12 00:00:00+00:00, run_after=2024-12-13 00:00:00+00:00
[2024-12-12T19:46:20.722+0000] {processor.py:208} INFO - Processing /opt/bitnami/airflow/dags/etl_dags.py took 0.197 seconds
[2024-12-12T19:46:50.945+0000] {processor.py:186} INFO - Started process (PID=2380) to work on /opt/bitnami/airflow/dags/etl_dags.py
[2024-12-12T19:46:50.948+0000] {processor.py:914} INFO - Processing file /opt/bitnami/airflow/dags/etl_dags.py for tasks to queue
[2024-12-12T19:46:50.954+0000] {logging_mixin.py:190} INFO - [2024-12-12T19:46:50.953+0000] {dagbag.py:588} INFO - Filling up the DagBag from /opt/bitnami/airflow/dags/etl_dags.py
[2024-12-12T19:46:51.007+0000] {processor.py:925} INFO - DAG(s) 'first_etl_dag' retrieved from /opt/bitnami/airflow/dags/etl_dags.py
[2024-12-12T19:46:51.030+0000] {logging_mixin.py:190} INFO - [2024-12-12T19:46:51.029+0000] {dag.py:3239} INFO - Sync 1 DAGs
[2024-12-12T19:46:51.051+0000] {logging_mixin.py:190} INFO - [2024-12-12T19:46:51.051+0000] {dag.py:4180} INFO - Setting next_dagrun for first_etl_dag to 2024-12-12 00:00:00+00:00, run_after=2024-12-13 00:00:00+00:00
[2024-12-12T19:46:51.075+0000] {processor.py:208} INFO - Processing /opt/bitnami/airflow/dags/etl_dags.py took 0.143 seconds
[2024-12-12T19:47:22.016+0000] {processor.py:186} INFO - Started process (PID=2437) to work on /opt/bitnami/airflow/dags/etl_dags.py
[2024-12-12T19:47:22.018+0000] {processor.py:914} INFO - Processing file /opt/bitnami/airflow/dags/etl_dags.py for tasks to queue
[2024-12-12T19:47:22.021+0000] {logging_mixin.py:190} INFO - [2024-12-12T19:47:22.021+0000] {dagbag.py:588} INFO - Filling up the DagBag from /opt/bitnami/airflow/dags/etl_dags.py
[2024-12-12T19:47:22.063+0000] {processor.py:925} INFO - DAG(s) 'first_etl_dag' retrieved from /opt/bitnami/airflow/dags/etl_dags.py
[2024-12-12T19:47:22.231+0000] {logging_mixin.py:190} INFO - [2024-12-12T19:47:22.230+0000] {dag.py:3239} INFO - Sync 1 DAGs
[2024-12-12T19:47:22.248+0000] {logging_mixin.py:190} INFO - [2024-12-12T19:47:22.248+0000] {dag.py:4180} INFO - Setting next_dagrun for first_etl_dag to 2024-12-12 00:00:00+00:00, run_after=2024-12-13 00:00:00+00:00
[2024-12-12T19:47:22.267+0000] {processor.py:208} INFO - Processing /opt/bitnami/airflow/dags/etl_dags.py took 0.258 seconds
[2024-12-12T19:47:52.401+0000] {processor.py:186} INFO - Started process (PID=2494) to work on /opt/bitnami/airflow/dags/etl_dags.py
[2024-12-12T19:47:52.402+0000] {processor.py:914} INFO - Processing file /opt/bitnami/airflow/dags/etl_dags.py for tasks to queue
[2024-12-12T19:47:52.405+0000] {logging_mixin.py:190} INFO - [2024-12-12T19:47:52.405+0000] {dagbag.py:588} INFO - Filling up the DagBag from /opt/bitnami/airflow/dags/etl_dags.py
[2024-12-12T19:47:52.442+0000] {processor.py:925} INFO - DAG(s) 'first_etl_dag' retrieved from /opt/bitnami/airflow/dags/etl_dags.py
[2024-12-12T19:47:52.460+0000] {logging_mixin.py:190} INFO - [2024-12-12T19:47:52.459+0000] {dag.py:3239} INFO - Sync 1 DAGs
[2024-12-12T19:47:52.479+0000] {logging_mixin.py:190} INFO - [2024-12-12T19:47:52.479+0000] {dag.py:4180} INFO - Setting next_dagrun for first_etl_dag to 2024-12-12 00:00:00+00:00, run_after=2024-12-13 00:00:00+00:00
[2024-12-12T19:47:52.503+0000] {processor.py:208} INFO - Processing /opt/bitnami/airflow/dags/etl_dags.py took 0.109 seconds
[2024-12-12T19:48:22.986+0000] {processor.py:186} INFO - Started process (PID=2551) to work on /opt/bitnami/airflow/dags/etl_dags.py
[2024-12-12T19:48:22.987+0000] {processor.py:914} INFO - Processing file /opt/bitnami/airflow/dags/etl_dags.py for tasks to queue
[2024-12-12T19:48:22.991+0000] {logging_mixin.py:190} INFO - [2024-12-12T19:48:22.991+0000] {dagbag.py:588} INFO - Filling up the DagBag from /opt/bitnami/airflow/dags/etl_dags.py
[2024-12-12T19:48:23.034+0000] {processor.py:925} INFO - DAG(s) 'first_etl_dag' retrieved from /opt/bitnami/airflow/dags/etl_dags.py
[2024-12-12T19:48:23.056+0000] {logging_mixin.py:190} INFO - [2024-12-12T19:48:23.055+0000] {dag.py:3239} INFO - Sync 1 DAGs
[2024-12-12T19:48:23.086+0000] {logging_mixin.py:190} INFO - [2024-12-12T19:48:23.085+0000] {dag.py:4180} INFO - Setting next_dagrun for first_etl_dag to 2024-12-12 00:00:00+00:00, run_after=2024-12-13 00:00:00+00:00
[2024-12-12T19:48:23.119+0000] {processor.py:208} INFO - Processing /opt/bitnami/airflow/dags/etl_dags.py took 0.138 seconds
[2024-12-12T19:48:53.445+0000] {processor.py:186} INFO - Started process (PID=2608) to work on /opt/bitnami/airflow/dags/etl_dags.py
[2024-12-12T19:48:53.447+0000] {processor.py:914} INFO - Processing file /opt/bitnami/airflow/dags/etl_dags.py for tasks to queue
[2024-12-12T19:48:53.454+0000] {logging_mixin.py:190} INFO - [2024-12-12T19:48:53.453+0000] {dagbag.py:588} INFO - Filling up the DagBag from /opt/bitnami/airflow/dags/etl_dags.py
[2024-12-12T19:48:53.506+0000] {processor.py:925} INFO - DAG(s) 'first_etl_dag' retrieved from /opt/bitnami/airflow/dags/etl_dags.py
[2024-12-12T19:48:53.543+0000] {logging_mixin.py:190} INFO - [2024-12-12T19:48:53.542+0000] {dag.py:3239} INFO - Sync 1 DAGs
[2024-12-12T19:48:53.585+0000] {logging_mixin.py:190} INFO - [2024-12-12T19:48:53.585+0000] {dag.py:4180} INFO - Setting next_dagrun for first_etl_dag to 2024-12-12 00:00:00+00:00, run_after=2024-12-13 00:00:00+00:00
[2024-12-12T19:48:53.634+0000] {processor.py:208} INFO - Processing /opt/bitnami/airflow/dags/etl_dags.py took 0.202 seconds
[2024-12-12T19:49:24.356+0000] {processor.py:186} INFO - Started process (PID=2665) to work on /opt/bitnami/airflow/dags/etl_dags.py
[2024-12-12T19:49:24.360+0000] {processor.py:914} INFO - Processing file /opt/bitnami/airflow/dags/etl_dags.py for tasks to queue
[2024-12-12T19:49:24.364+0000] {logging_mixin.py:190} INFO - [2024-12-12T19:49:24.364+0000] {dagbag.py:588} INFO - Filling up the DagBag from /opt/bitnami/airflow/dags/etl_dags.py
[2024-12-12T19:49:24.415+0000] {processor.py:925} INFO - DAG(s) 'first_etl_dag' retrieved from /opt/bitnami/airflow/dags/etl_dags.py
[2024-12-12T19:49:24.439+0000] {logging_mixin.py:190} INFO - [2024-12-12T19:49:24.438+0000] {dag.py:3239} INFO - Sync 1 DAGs
[2024-12-12T19:49:24.462+0000] {logging_mixin.py:190} INFO - [2024-12-12T19:49:24.462+0000] {dag.py:4180} INFO - Setting next_dagrun for first_etl_dag to 2024-12-12 00:00:00+00:00, run_after=2024-12-13 00:00:00+00:00
[2024-12-12T19:49:24.486+0000] {processor.py:208} INFO - Processing /opt/bitnami/airflow/dags/etl_dags.py took 0.137 seconds
[2024-12-12T19:49:54.873+0000] {processor.py:186} INFO - Started process (PID=2722) to work on /opt/bitnami/airflow/dags/etl_dags.py
[2024-12-12T19:49:54.875+0000] {processor.py:914} INFO - Processing file /opt/bitnami/airflow/dags/etl_dags.py for tasks to queue
[2024-12-12T19:49:54.878+0000] {logging_mixin.py:190} INFO - [2024-12-12T19:49:54.878+0000] {dagbag.py:588} INFO - Filling up the DagBag from /opt/bitnami/airflow/dags/etl_dags.py
[2024-12-12T19:49:54.919+0000] {processor.py:925} INFO - DAG(s) 'first_etl_dag' retrieved from /opt/bitnami/airflow/dags/etl_dags.py
[2024-12-12T19:49:54.945+0000] {logging_mixin.py:190} INFO - [2024-12-12T19:49:54.945+0000] {dag.py:3239} INFO - Sync 1 DAGs
[2024-12-12T19:49:54.967+0000] {logging_mixin.py:190} INFO - [2024-12-12T19:49:54.967+0000] {dag.py:4180} INFO - Setting next_dagrun for first_etl_dag to 2024-12-12 00:00:00+00:00, run_after=2024-12-13 00:00:00+00:00
[2024-12-12T19:49:54.987+0000] {processor.py:208} INFO - Processing /opt/bitnami/airflow/dags/etl_dags.py took 0.120 seconds
[2024-12-12T19:50:25.778+0000] {processor.py:186} INFO - Started process (PID=2779) to work on /opt/bitnami/airflow/dags/etl_dags.py
[2024-12-12T19:50:25.779+0000] {processor.py:914} INFO - Processing file /opt/bitnami/airflow/dags/etl_dags.py for tasks to queue
[2024-12-12T19:50:25.782+0000] {logging_mixin.py:190} INFO - [2024-12-12T19:50:25.782+0000] {dagbag.py:588} INFO - Filling up the DagBag from /opt/bitnami/airflow/dags/etl_dags.py
[2024-12-12T19:50:25.812+0000] {processor.py:925} INFO - DAG(s) 'first_etl_dag' retrieved from /opt/bitnami/airflow/dags/etl_dags.py
[2024-12-12T19:50:25.838+0000] {logging_mixin.py:190} INFO - [2024-12-12T19:50:25.838+0000] {dag.py:3239} INFO - Sync 1 DAGs
[2024-12-12T19:50:25.864+0000] {logging_mixin.py:190} INFO - [2024-12-12T19:50:25.863+0000] {dag.py:4180} INFO - Setting next_dagrun for first_etl_dag to 2024-12-12 00:00:00+00:00, run_after=2024-12-13 00:00:00+00:00
[2024-12-12T19:50:25.886+0000] {processor.py:208} INFO - Processing /opt/bitnami/airflow/dags/etl_dags.py took 0.116 seconds
[2024-12-12T19:50:56.511+0000] {processor.py:186} INFO - Started process (PID=2836) to work on /opt/bitnami/airflow/dags/etl_dags.py
[2024-12-12T19:50:56.514+0000] {processor.py:914} INFO - Processing file /opt/bitnami/airflow/dags/etl_dags.py for tasks to queue
[2024-12-12T19:50:56.519+0000] {logging_mixin.py:190} INFO - [2024-12-12T19:50:56.518+0000] {dagbag.py:588} INFO - Filling up the DagBag from /opt/bitnami/airflow/dags/etl_dags.py
[2024-12-12T19:50:56.569+0000] {processor.py:925} INFO - DAG(s) 'first_etl_dag' retrieved from /opt/bitnami/airflow/dags/etl_dags.py
[2024-12-12T19:50:56.595+0000] {logging_mixin.py:190} INFO - [2024-12-12T19:50:56.594+0000] {dag.py:3239} INFO - Sync 1 DAGs
[2024-12-12T19:50:56.622+0000] {logging_mixin.py:190} INFO - [2024-12-12T19:50:56.621+0000] {dag.py:4180} INFO - Setting next_dagrun for first_etl_dag to 2024-12-12 00:00:00+00:00, run_after=2024-12-13 00:00:00+00:00
[2024-12-12T19:50:56.651+0000] {processor.py:208} INFO - Processing /opt/bitnami/airflow/dags/etl_dags.py took 0.152 seconds
[2024-12-12T19:51:27.616+0000] {processor.py:186} INFO - Started process (PID=2893) to work on /opt/bitnami/airflow/dags/etl_dags.py
[2024-12-12T19:51:27.617+0000] {processor.py:914} INFO - Processing file /opt/bitnami/airflow/dags/etl_dags.py for tasks to queue
[2024-12-12T19:51:27.620+0000] {logging_mixin.py:190} INFO - [2024-12-12T19:51:27.619+0000] {dagbag.py:588} INFO - Filling up the DagBag from /opt/bitnami/airflow/dags/etl_dags.py
[2024-12-12T19:51:27.659+0000] {processor.py:925} INFO - DAG(s) 'first_etl_dag' retrieved from /opt/bitnami/airflow/dags/etl_dags.py
[2024-12-12T19:51:27.679+0000] {logging_mixin.py:190} INFO - [2024-12-12T19:51:27.679+0000] {dag.py:3239} INFO - Sync 1 DAGs
[2024-12-12T19:51:27.699+0000] {logging_mixin.py:190} INFO - [2024-12-12T19:51:27.699+0000] {dag.py:4180} INFO - Setting next_dagrun for first_etl_dag to 2024-12-12 00:00:00+00:00, run_after=2024-12-13 00:00:00+00:00
[2024-12-12T19:51:27.718+0000] {processor.py:208} INFO - Processing /opt/bitnami/airflow/dags/etl_dags.py took 0.107 seconds
[2024-12-12T19:51:58.552+0000] {processor.py:186} INFO - Started process (PID=2950) to work on /opt/bitnami/airflow/dags/etl_dags.py
[2024-12-12T19:51:58.554+0000] {processor.py:914} INFO - Processing file /opt/bitnami/airflow/dags/etl_dags.py for tasks to queue
[2024-12-12T19:51:58.558+0000] {logging_mixin.py:190} INFO - [2024-12-12T19:51:58.557+0000] {dagbag.py:588} INFO - Filling up the DagBag from /opt/bitnami/airflow/dags/etl_dags.py
[2024-12-12T19:51:58.603+0000] {processor.py:925} INFO - DAG(s) 'first_etl_dag' retrieved from /opt/bitnami/airflow/dags/etl_dags.py
[2024-12-12T19:51:58.625+0000] {logging_mixin.py:190} INFO - [2024-12-12T19:51:58.624+0000] {dag.py:3239} INFO - Sync 1 DAGs
[2024-12-12T19:51:58.648+0000] {logging_mixin.py:190} INFO - [2024-12-12T19:51:58.648+0000] {dag.py:4180} INFO - Setting next_dagrun for first_etl_dag to 2024-12-12 00:00:00+00:00, run_after=2024-12-13 00:00:00+00:00
[2024-12-12T19:51:58.670+0000] {processor.py:208} INFO - Processing /opt/bitnami/airflow/dags/etl_dags.py took 0.125 seconds
[2024-12-12T19:52:28.802+0000] {processor.py:186} INFO - Started process (PID=3008) to work on /opt/bitnami/airflow/dags/etl_dags.py
[2024-12-12T19:52:28.804+0000] {processor.py:914} INFO - Processing file /opt/bitnami/airflow/dags/etl_dags.py for tasks to queue
[2024-12-12T19:52:28.808+0000] {logging_mixin.py:190} INFO - [2024-12-12T19:52:28.808+0000] {dagbag.py:588} INFO - Filling up the DagBag from /opt/bitnami/airflow/dags/etl_dags.py
[2024-12-12T19:52:28.848+0000] {processor.py:925} INFO - DAG(s) 'first_etl_dag' retrieved from /opt/bitnami/airflow/dags/etl_dags.py
[2024-12-12T19:52:28.877+0000] {logging_mixin.py:190} INFO - [2024-12-12T19:52:28.876+0000] {dag.py:3239} INFO - Sync 1 DAGs
[2024-12-12T19:52:28.909+0000] {logging_mixin.py:190} INFO - [2024-12-12T19:52:28.908+0000] {dag.py:4180} INFO - Setting next_dagrun for first_etl_dag to 2024-12-12 00:00:00+00:00, run_after=2024-12-13 00:00:00+00:00
[2024-12-12T19:52:28.932+0000] {processor.py:208} INFO - Processing /opt/bitnami/airflow/dags/etl_dags.py took 0.138 seconds
[2024-12-12T19:52:59.859+0000] {processor.py:186} INFO - Started process (PID=3064) to work on /opt/bitnami/airflow/dags/etl_dags.py
[2024-12-12T19:52:59.861+0000] {processor.py:914} INFO - Processing file /opt/bitnami/airflow/dags/etl_dags.py for tasks to queue
[2024-12-12T19:52:59.864+0000] {logging_mixin.py:190} INFO - [2024-12-12T19:52:59.864+0000] {dagbag.py:588} INFO - Filling up the DagBag from /opt/bitnami/airflow/dags/etl_dags.py
[2024-12-12T19:52:59.901+0000] {processor.py:925} INFO - DAG(s) 'first_etl_dag' retrieved from /opt/bitnami/airflow/dags/etl_dags.py
[2024-12-12T19:52:59.932+0000] {logging_mixin.py:190} INFO - [2024-12-12T19:52:59.931+0000] {dag.py:3239} INFO - Sync 1 DAGs
[2024-12-12T19:52:59.975+0000] {logging_mixin.py:190} INFO - [2024-12-12T19:52:59.975+0000] {dag.py:4180} INFO - Setting next_dagrun for first_etl_dag to 2024-12-12 00:00:00+00:00, run_after=2024-12-13 00:00:00+00:00
[2024-12-12T19:53:00.013+0000] {processor.py:208} INFO - Processing /opt/bitnami/airflow/dags/etl_dags.py took 0.159 seconds
[2024-12-12T19:53:30.089+0000] {processor.py:186} INFO - Started process (PID=3122) to work on /opt/bitnami/airflow/dags/etl_dags.py
[2024-12-12T19:53:30.090+0000] {processor.py:914} INFO - Processing file /opt/bitnami/airflow/dags/etl_dags.py for tasks to queue
[2024-12-12T19:53:30.094+0000] {logging_mixin.py:190} INFO - [2024-12-12T19:53:30.093+0000] {dagbag.py:588} INFO - Filling up the DagBag from /opt/bitnami/airflow/dags/etl_dags.py
[2024-12-12T19:53:30.140+0000] {processor.py:925} INFO - DAG(s) 'first_etl_dag' retrieved from /opt/bitnami/airflow/dags/etl_dags.py
[2024-12-12T19:53:30.175+0000] {logging_mixin.py:190} INFO - [2024-12-12T19:53:30.175+0000] {dag.py:3239} INFO - Sync 1 DAGs
[2024-12-12T19:53:30.201+0000] {logging_mixin.py:190} INFO - [2024-12-12T19:53:30.201+0000] {dag.py:4180} INFO - Setting next_dagrun for first_etl_dag to 2024-12-12 00:00:00+00:00, run_after=2024-12-13 00:00:00+00:00
[2024-12-12T19:53:30.225+0000] {processor.py:208} INFO - Processing /opt/bitnami/airflow/dags/etl_dags.py took 0.142 seconds
[2024-12-12T19:56:17.553+0000] {processor.py:186} INFO - Started process (PID=49) to work on /opt/bitnami/airflow/dags/etl_dags.py
[2024-12-12T19:56:17.554+0000] {processor.py:914} INFO - Processing file /opt/bitnami/airflow/dags/etl_dags.py for tasks to queue
[2024-12-12T19:56:17.556+0000] {logging_mixin.py:190} INFO - [2024-12-12T19:56:17.556+0000] {dagbag.py:588} INFO - Filling up the DagBag from /opt/bitnami/airflow/dags/etl_dags.py
[2024-12-12T19:56:17.575+0000] {processor.py:925} INFO - DAG(s) 'first_etl_dag' retrieved from /opt/bitnami/airflow/dags/etl_dags.py
[2024-12-12T19:56:17.647+0000] {logging_mixin.py:190} INFO - [2024-12-12T19:56:17.646+0000] {override.py:1900} INFO - Created Permission View: can read on DAG:first_etl_dag
[2024-12-12T19:56:17.654+0000] {logging_mixin.py:190} INFO - [2024-12-12T19:56:17.654+0000] {override.py:1900} INFO - Created Permission View: can edit on DAG:first_etl_dag
[2024-12-12T19:56:17.661+0000] {logging_mixin.py:190} INFO - [2024-12-12T19:56:17.660+0000] {override.py:1900} INFO - Created Permission View: can delete on DAG:first_etl_dag
[2024-12-12T19:56:17.667+0000] {logging_mixin.py:190} INFO - [2024-12-12T19:56:17.667+0000] {override.py:1900} INFO - Created Permission View: can read on DAG Run:first_etl_dag
[2024-12-12T19:56:17.675+0000] {logging_mixin.py:190} INFO - [2024-12-12T19:56:17.674+0000] {override.py:1900} INFO - Created Permission View: can create on DAG Run:first_etl_dag
[2024-12-12T19:56:17.684+0000] {logging_mixin.py:190} INFO - [2024-12-12T19:56:17.684+0000] {override.py:1900} INFO - Created Permission View: can delete on DAG Run:first_etl_dag
[2024-12-12T19:56:17.691+0000] {logging_mixin.py:190} INFO - [2024-12-12T19:56:17.690+0000] {override.py:1900} INFO - Created Permission View: menu access on DAG Run:first_etl_dag
[2024-12-12T19:56:17.691+0000] {logging_mixin.py:190} INFO - [2024-12-12T19:56:17.691+0000] {dag.py:3239} INFO - Sync 1 DAGs
[2024-12-12T19:56:17.703+0000] {logging_mixin.py:190} INFO - [2024-12-12T19:56:17.703+0000] {dag.py:3262} INFO - Creating ORM DAG for first_etl_dag
[2024-12-12T19:56:17.714+0000] {logging_mixin.py:190} INFO - [2024-12-12T19:56:17.713+0000] {dag.py:4180} INFO - Setting next_dagrun for first_etl_dag to 2024-12-12 00:00:00+00:00, run_after=2024-12-13 00:00:00+00:00
[2024-12-12T19:56:17.730+0000] {processor.py:208} INFO - Processing /opt/bitnami/airflow/dags/etl_dags.py took 0.182 seconds
[2024-12-12T19:56:48.731+0000] {processor.py:186} INFO - Started process (PID=109) to work on /opt/bitnami/airflow/dags/etl_dags.py
[2024-12-12T19:56:48.732+0000] {processor.py:914} INFO - Processing file /opt/bitnami/airflow/dags/etl_dags.py for tasks to queue
[2024-12-12T19:56:48.735+0000] {logging_mixin.py:190} INFO - [2024-12-12T19:56:48.734+0000] {dagbag.py:588} INFO - Filling up the DagBag from /opt/bitnami/airflow/dags/etl_dags.py
[2024-12-12T19:56:48.769+0000] {processor.py:925} INFO - DAG(s) 'first_etl_dag' retrieved from /opt/bitnami/airflow/dags/etl_dags.py
[2024-12-12T19:56:48.793+0000] {logging_mixin.py:190} INFO - [2024-12-12T19:56:48.792+0000] {dag.py:3239} INFO - Sync 1 DAGs
[2024-12-12T19:56:48.817+0000] {logging_mixin.py:190} INFO - [2024-12-12T19:56:48.817+0000] {dag.py:4180} INFO - Setting next_dagrun for first_etl_dag to 2024-12-12 00:00:00+00:00, run_after=2024-12-13 00:00:00+00:00
[2024-12-12T19:56:48.845+0000] {processor.py:208} INFO - Processing /opt/bitnami/airflow/dags/etl_dags.py took 0.120 seconds
[2024-12-12T19:57:18.990+0000] {processor.py:186} INFO - Started process (PID=166) to work on /opt/bitnami/airflow/dags/etl_dags.py
[2024-12-12T19:57:18.991+0000] {processor.py:914} INFO - Processing file /opt/bitnami/airflow/dags/etl_dags.py for tasks to queue
[2024-12-12T19:57:18.993+0000] {logging_mixin.py:190} INFO - [2024-12-12T19:57:18.992+0000] {dagbag.py:588} INFO - Filling up the DagBag from /opt/bitnami/airflow/dags/etl_dags.py
[2024-12-12T19:57:19.019+0000] {processor.py:925} INFO - DAG(s) 'first_etl_dag' retrieved from /opt/bitnami/airflow/dags/etl_dags.py
[2024-12-12T19:57:19.039+0000] {logging_mixin.py:190} INFO - [2024-12-12T19:57:19.038+0000] {dag.py:3239} INFO - Sync 1 DAGs
[2024-12-12T19:57:19.059+0000] {logging_mixin.py:190} INFO - [2024-12-12T19:57:19.059+0000] {dag.py:4180} INFO - Setting next_dagrun for first_etl_dag to 2024-12-12 00:00:00+00:00, run_after=2024-12-13 00:00:00+00:00
[2024-12-12T19:57:19.083+0000] {processor.py:208} INFO - Processing /opt/bitnami/airflow/dags/etl_dags.py took 0.097 seconds
[2024-12-12T19:57:49.285+0000] {processor.py:186} INFO - Started process (PID=223) to work on /opt/bitnami/airflow/dags/etl_dags.py
[2024-12-12T19:57:49.286+0000] {processor.py:914} INFO - Processing file /opt/bitnami/airflow/dags/etl_dags.py for tasks to queue
[2024-12-12T19:57:49.288+0000] {logging_mixin.py:190} INFO - [2024-12-12T19:57:49.288+0000] {dagbag.py:588} INFO - Filling up the DagBag from /opt/bitnami/airflow/dags/etl_dags.py
[2024-12-12T19:57:49.324+0000] {processor.py:925} INFO - DAG(s) 'first_etl_dag' retrieved from /opt/bitnami/airflow/dags/etl_dags.py
[2024-12-12T19:57:49.345+0000] {logging_mixin.py:190} INFO - [2024-12-12T19:57:49.344+0000] {dag.py:3239} INFO - Sync 1 DAGs
[2024-12-12T19:57:49.379+0000] {logging_mixin.py:190} INFO - [2024-12-12T19:57:49.378+0000] {dag.py:4180} INFO - Setting next_dagrun for first_etl_dag to 2024-12-12 00:00:00+00:00, run_after=2024-12-13 00:00:00+00:00
[2024-12-12T19:57:49.411+0000] {processor.py:208} INFO - Processing /opt/bitnami/airflow/dags/etl_dags.py took 0.132 seconds
[2024-12-12T19:58:20.423+0000] {processor.py:186} INFO - Started process (PID=280) to work on /opt/bitnami/airflow/dags/etl_dags.py
[2024-12-12T19:58:20.424+0000] {processor.py:914} INFO - Processing file /opt/bitnami/airflow/dags/etl_dags.py for tasks to queue
[2024-12-12T19:58:20.428+0000] {logging_mixin.py:190} INFO - [2024-12-12T19:58:20.427+0000] {dagbag.py:588} INFO - Filling up the DagBag from /opt/bitnami/airflow/dags/etl_dags.py
[2024-12-12T19:58:20.464+0000] {processor.py:925} INFO - DAG(s) 'first_etl_dag' retrieved from /opt/bitnami/airflow/dags/etl_dags.py
[2024-12-12T19:58:20.537+0000] {logging_mixin.py:190} INFO - [2024-12-12T19:58:20.536+0000] {dag.py:3239} INFO - Sync 1 DAGs
[2024-12-12T19:58:20.556+0000] {logging_mixin.py:190} INFO - [2024-12-12T19:58:20.555+0000] {dag.py:4180} INFO - Setting next_dagrun for first_etl_dag to 2024-12-12 00:00:00+00:00, run_after=2024-12-13 00:00:00+00:00
[2024-12-12T19:58:20.579+0000] {processor.py:208} INFO - Processing /opt/bitnami/airflow/dags/etl_dags.py took 0.162 seconds
[2024-12-12T19:58:51.037+0000] {processor.py:186} INFO - Started process (PID=337) to work on /opt/bitnami/airflow/dags/etl_dags.py
[2024-12-12T19:58:51.038+0000] {processor.py:914} INFO - Processing file /opt/bitnami/airflow/dags/etl_dags.py for tasks to queue
[2024-12-12T19:58:51.041+0000] {logging_mixin.py:190} INFO - [2024-12-12T19:58:51.041+0000] {dagbag.py:588} INFO - Filling up the DagBag from /opt/bitnami/airflow/dags/etl_dags.py
[2024-12-12T19:58:51.069+0000] {processor.py:925} INFO - DAG(s) 'first_etl_dag' retrieved from /opt/bitnami/airflow/dags/etl_dags.py
[2024-12-12T19:58:51.089+0000] {logging_mixin.py:190} INFO - [2024-12-12T19:58:51.088+0000] {dag.py:3239} INFO - Sync 1 DAGs
[2024-12-12T19:58:51.110+0000] {logging_mixin.py:190} INFO - [2024-12-12T19:58:51.110+0000] {dag.py:4180} INFO - Setting next_dagrun for first_etl_dag to 2024-12-12 00:00:00+00:00, run_after=2024-12-13 00:00:00+00:00
[2024-12-12T19:58:51.134+0000] {processor.py:208} INFO - Processing /opt/bitnami/airflow/dags/etl_dags.py took 0.102 seconds
[2024-12-12T19:59:21.414+0000] {processor.py:186} INFO - Started process (PID=394) to work on /opt/bitnami/airflow/dags/etl_dags.py
[2024-12-12T19:59:21.415+0000] {processor.py:914} INFO - Processing file /opt/bitnami/airflow/dags/etl_dags.py for tasks to queue
[2024-12-12T19:59:21.422+0000] {logging_mixin.py:190} INFO - [2024-12-12T19:59:21.421+0000] {dagbag.py:588} INFO - Filling up the DagBag from /opt/bitnami/airflow/dags/etl_dags.py
[2024-12-12T19:59:21.453+0000] {processor.py:925} INFO - DAG(s) 'first_etl_dag' retrieved from /opt/bitnami/airflow/dags/etl_dags.py
[2024-12-12T19:59:21.476+0000] {logging_mixin.py:190} INFO - [2024-12-12T19:59:21.476+0000] {dag.py:3239} INFO - Sync 1 DAGs
[2024-12-12T19:59:21.501+0000] {logging_mixin.py:190} INFO - [2024-12-12T19:59:21.500+0000] {dag.py:4180} INFO - Setting next_dagrun for first_etl_dag to 2024-12-12 00:00:00+00:00, run_after=2024-12-13 00:00:00+00:00
[2024-12-12T19:59:21.522+0000] {processor.py:208} INFO - Processing /opt/bitnami/airflow/dags/etl_dags.py took 0.115 seconds
[2024-12-12T19:59:51.635+0000] {processor.py:186} INFO - Started process (PID=451) to work on /opt/bitnami/airflow/dags/etl_dags.py
[2024-12-12T19:59:51.638+0000] {processor.py:914} INFO - Processing file /opt/bitnami/airflow/dags/etl_dags.py for tasks to queue
[2024-12-12T19:59:51.644+0000] {logging_mixin.py:190} INFO - [2024-12-12T19:59:51.643+0000] {dagbag.py:588} INFO - Filling up the DagBag from /opt/bitnami/airflow/dags/etl_dags.py
[2024-12-12T19:59:51.696+0000] {processor.py:925} INFO - DAG(s) 'first_etl_dag' retrieved from /opt/bitnami/airflow/dags/etl_dags.py
[2024-12-12T19:59:51.729+0000] {logging_mixin.py:190} INFO - [2024-12-12T19:59:51.728+0000] {dag.py:3239} INFO - Sync 1 DAGs
[2024-12-12T19:59:51.762+0000] {logging_mixin.py:190} INFO - [2024-12-12T19:59:51.761+0000] {dag.py:4180} INFO - Setting next_dagrun for first_etl_dag to 2024-12-12 00:00:00+00:00, run_after=2024-12-13 00:00:00+00:00
[2024-12-12T19:59:51.792+0000] {processor.py:208} INFO - Processing /opt/bitnami/airflow/dags/etl_dags.py took 0.168 seconds
[2024-12-12T20:00:22.241+0000] {processor.py:186} INFO - Started process (PID=508) to work on /opt/bitnami/airflow/dags/etl_dags.py
[2024-12-12T20:00:22.242+0000] {processor.py:914} INFO - Processing file /opt/bitnami/airflow/dags/etl_dags.py for tasks to queue
[2024-12-12T20:00:22.245+0000] {logging_mixin.py:190} INFO - [2024-12-12T20:00:22.245+0000] {dagbag.py:588} INFO - Filling up the DagBag from /opt/bitnami/airflow/dags/etl_dags.py
[2024-12-12T20:00:22.273+0000] {processor.py:925} INFO - DAG(s) 'first_etl_dag' retrieved from /opt/bitnami/airflow/dags/etl_dags.py
[2024-12-12T20:00:22.293+0000] {logging_mixin.py:190} INFO - [2024-12-12T20:00:22.293+0000] {dag.py:3239} INFO - Sync 1 DAGs
[2024-12-12T20:00:22.314+0000] {logging_mixin.py:190} INFO - [2024-12-12T20:00:22.314+0000] {dag.py:4180} INFO - Setting next_dagrun for first_etl_dag to 2024-12-12 00:00:00+00:00, run_after=2024-12-13 00:00:00+00:00
[2024-12-12T20:00:22.330+0000] {processor.py:208} INFO - Processing /opt/bitnami/airflow/dags/etl_dags.py took 0.094 seconds
[2024-12-12T20:00:52.570+0000] {processor.py:186} INFO - Started process (PID=565) to work on /opt/bitnami/airflow/dags/etl_dags.py
[2024-12-12T20:00:52.571+0000] {processor.py:914} INFO - Processing file /opt/bitnami/airflow/dags/etl_dags.py for tasks to queue
[2024-12-12T20:00:52.573+0000] {logging_mixin.py:190} INFO - [2024-12-12T20:00:52.573+0000] {dagbag.py:588} INFO - Filling up the DagBag from /opt/bitnami/airflow/dags/etl_dags.py
[2024-12-12T20:00:52.600+0000] {processor.py:925} INFO - DAG(s) 'first_etl_dag' retrieved from /opt/bitnami/airflow/dags/etl_dags.py
[2024-12-12T20:00:52.618+0000] {logging_mixin.py:190} INFO - [2024-12-12T20:00:52.618+0000] {dag.py:3239} INFO - Sync 1 DAGs
[2024-12-12T20:00:52.639+0000] {logging_mixin.py:190} INFO - [2024-12-12T20:00:52.639+0000] {dag.py:4180} INFO - Setting next_dagrun for first_etl_dag to 2024-12-12 00:00:00+00:00, run_after=2024-12-13 00:00:00+00:00
[2024-12-12T20:00:52.660+0000] {processor.py:208} INFO - Processing /opt/bitnami/airflow/dags/etl_dags.py took 0.097 seconds
[2024-12-12T20:01:22.774+0000] {processor.py:186} INFO - Started process (PID=622) to work on /opt/bitnami/airflow/dags/etl_dags.py
[2024-12-12T20:01:22.775+0000] {processor.py:914} INFO - Processing file /opt/bitnami/airflow/dags/etl_dags.py for tasks to queue
[2024-12-12T20:01:22.778+0000] {logging_mixin.py:190} INFO - [2024-12-12T20:01:22.777+0000] {dagbag.py:588} INFO - Filling up the DagBag from /opt/bitnami/airflow/dags/etl_dags.py
[2024-12-12T20:01:22.803+0000] {processor.py:925} INFO - DAG(s) 'first_etl_dag' retrieved from /opt/bitnami/airflow/dags/etl_dags.py
[2024-12-12T20:01:22.821+0000] {logging_mixin.py:190} INFO - [2024-12-12T20:01:22.821+0000] {dag.py:3239} INFO - Sync 1 DAGs
[2024-12-12T20:01:22.842+0000] {logging_mixin.py:190} INFO - [2024-12-12T20:01:22.842+0000] {dag.py:4180} INFO - Setting next_dagrun for first_etl_dag to 2024-12-12 00:00:00+00:00, run_after=2024-12-13 00:00:00+00:00
[2024-12-12T20:01:22.866+0000] {processor.py:208} INFO - Processing /opt/bitnami/airflow/dags/etl_dags.py took 0.097 seconds
[2024-12-12T20:01:53.619+0000] {processor.py:186} INFO - Started process (PID=679) to work on /opt/bitnami/airflow/dags/etl_dags.py
[2024-12-12T20:01:53.621+0000] {processor.py:914} INFO - Processing file /opt/bitnami/airflow/dags/etl_dags.py for tasks to queue
[2024-12-12T20:01:53.624+0000] {logging_mixin.py:190} INFO - [2024-12-12T20:01:53.624+0000] {dagbag.py:588} INFO - Filling up the DagBag from /opt/bitnami/airflow/dags/etl_dags.py
[2024-12-12T20:01:53.662+0000] {processor.py:925} INFO - DAG(s) 'first_etl_dag' retrieved from /opt/bitnami/airflow/dags/etl_dags.py
[2024-12-12T20:01:53.692+0000] {logging_mixin.py:190} INFO - [2024-12-12T20:01:53.691+0000] {dag.py:3239} INFO - Sync 1 DAGs
[2024-12-12T20:01:53.723+0000] {logging_mixin.py:190} INFO - [2024-12-12T20:01:53.723+0000] {dag.py:4180} INFO - Setting next_dagrun for first_etl_dag to 2024-12-12 00:00:00+00:00, run_after=2024-12-13 00:00:00+00:00
[2024-12-12T20:01:53.754+0000] {processor.py:208} INFO - Processing /opt/bitnami/airflow/dags/etl_dags.py took 0.144 seconds
[2024-12-12T20:02:24.552+0000] {processor.py:186} INFO - Started process (PID=740) to work on /opt/bitnami/airflow/dags/etl_dags.py
[2024-12-12T20:02:24.554+0000] {processor.py:914} INFO - Processing file /opt/bitnami/airflow/dags/etl_dags.py for tasks to queue
[2024-12-12T20:02:24.559+0000] {logging_mixin.py:190} INFO - [2024-12-12T20:02:24.558+0000] {dagbag.py:588} INFO - Filling up the DagBag from /opt/bitnami/airflow/dags/etl_dags.py
[2024-12-12T20:02:24.616+0000] {processor.py:925} INFO - DAG(s) 'first_etl_dag' retrieved from /opt/bitnami/airflow/dags/etl_dags.py
[2024-12-12T20:02:24.639+0000] {logging_mixin.py:190} INFO - [2024-12-12T20:02:24.639+0000] {dag.py:3239} INFO - Sync 1 DAGs
[2024-12-12T20:02:24.666+0000] {logging_mixin.py:190} INFO - [2024-12-12T20:02:24.666+0000] {dag.py:4180} INFO - Setting next_dagrun for first_etl_dag to 2024-12-12 00:00:00+00:00, run_after=2024-12-13 00:00:00+00:00
[2024-12-12T20:02:24.698+0000] {processor.py:208} INFO - Processing /opt/bitnami/airflow/dags/etl_dags.py took 0.152 seconds
[2024-12-12T20:02:55.538+0000] {processor.py:186} INFO - Started process (PID=797) to work on /opt/bitnami/airflow/dags/etl_dags.py
[2024-12-12T20:02:55.540+0000] {processor.py:914} INFO - Processing file /opt/bitnami/airflow/dags/etl_dags.py for tasks to queue
[2024-12-12T20:02:55.542+0000] {logging_mixin.py:190} INFO - [2024-12-12T20:02:55.541+0000] {dagbag.py:588} INFO - Filling up the DagBag from /opt/bitnami/airflow/dags/etl_dags.py
[2024-12-12T20:02:55.570+0000] {processor.py:925} INFO - DAG(s) 'first_etl_dag' retrieved from /opt/bitnami/airflow/dags/etl_dags.py
[2024-12-12T20:02:55.587+0000] {logging_mixin.py:190} INFO - [2024-12-12T20:02:55.587+0000] {dag.py:3239} INFO - Sync 1 DAGs
[2024-12-12T20:02:55.608+0000] {logging_mixin.py:190} INFO - [2024-12-12T20:02:55.608+0000] {dag.py:4180} INFO - Setting next_dagrun for first_etl_dag to 2024-12-12 00:00:00+00:00, run_after=2024-12-13 00:00:00+00:00
[2024-12-12T20:02:55.629+0000] {processor.py:208} INFO - Processing /opt/bitnami/airflow/dags/etl_dags.py took 0.095 seconds
[2024-12-12T20:03:25.863+0000] {processor.py:186} INFO - Started process (PID=854) to work on /opt/bitnami/airflow/dags/etl_dags.py
[2024-12-12T20:03:25.865+0000] {processor.py:914} INFO - Processing file /opt/bitnami/airflow/dags/etl_dags.py for tasks to queue
[2024-12-12T20:03:25.868+0000] {logging_mixin.py:190} INFO - [2024-12-12T20:03:25.867+0000] {dagbag.py:588} INFO - Filling up the DagBag from /opt/bitnami/airflow/dags/etl_dags.py
[2024-12-12T20:03:25.891+0000] {processor.py:925} INFO - DAG(s) 'first_etl_dag' retrieved from /opt/bitnami/airflow/dags/etl_dags.py
[2024-12-12T20:03:25.916+0000] {logging_mixin.py:190} INFO - [2024-12-12T20:03:25.915+0000] {dag.py:3239} INFO - Sync 1 DAGs
[2024-12-12T20:03:25.945+0000] {logging_mixin.py:190} INFO - [2024-12-12T20:03:25.945+0000] {dag.py:4180} INFO - Setting next_dagrun for first_etl_dag to 2024-12-12 00:00:00+00:00, run_after=2024-12-13 00:00:00+00:00
[2024-12-12T20:03:25.977+0000] {processor.py:208} INFO - Processing /opt/bitnami/airflow/dags/etl_dags.py took 0.121 seconds
[2024-12-12T20:09:03.989+0000] {processor.py:186} INFO - Started process (PID=43) to work on /opt/bitnami/airflow/dags/etl_dags.py
[2024-12-12T20:09:03.991+0000] {processor.py:914} INFO - Processing file /opt/bitnami/airflow/dags/etl_dags.py for tasks to queue
[2024-12-12T20:09:03.995+0000] {logging_mixin.py:190} INFO - [2024-12-12T20:09:03.995+0000] {dagbag.py:588} INFO - Filling up the DagBag from /opt/bitnami/airflow/dags/etl_dags.py
[2024-12-12T20:09:04.054+0000] {processor.py:925} INFO - DAG(s) 'first_etl_dag' retrieved from /opt/bitnami/airflow/dags/etl_dags.py
[2024-12-12T20:09:04.158+0000] {logging_mixin.py:190} INFO - [2024-12-12T20:09:04.156+0000] {override.py:1900} INFO - Created Permission View: can edit on DAG:first_etl_dag
[2024-12-12T20:09:04.168+0000] {logging_mixin.py:190} INFO - [2024-12-12T20:09:04.167+0000] {override.py:1748} ERROR - Add Permission: (psycopg2.errors.UniqueViolation) duplicate key value violates unique constraint "ab_permission_name_uq"
DETAIL:  Key (name)=(can_read) already exists.

[SQL: INSERT INTO ab_permission (name) VALUES (%(name)s) RETURNING ab_permission.id]
[parameters: {'name': 'can_read'}]
(Background on this error at: https://sqlalche.me/e/14/gkpj)
[2024-12-12T20:09:04.174+0000] {logging_mixin.py:190} INFO - [2024-12-12T20:09:04.174+0000] {override.py:1900} INFO - Created Permission View: None on DAG:first_etl_dag
[2024-12-12T20:09:04.192+0000] {logging_mixin.py:190} INFO - [2024-12-12T20:09:04.191+0000] {override.py:1900} INFO - Created Permission View: can delete on DAG:first_etl_dag
[2024-12-12T20:09:04.205+0000] {logging_mixin.py:190} INFO - [2024-12-12T20:09:04.204+0000] {override.py:1900} INFO - Created Permission View: menu access on DAG Run:first_etl_dag
[2024-12-12T20:09:04.217+0000] {logging_mixin.py:190} INFO - [2024-12-12T20:09:04.216+0000] {override.py:1900} INFO - Created Permission View: can read on DAG Run:first_etl_dag
[2024-12-12T20:09:04.223+0000] {logging_mixin.py:190} INFO - [2024-12-12T20:09:04.223+0000] {override.py:1748} ERROR - Add Permission: (psycopg2.errors.UniqueViolation) duplicate key value violates unique constraint "ab_permission_name_uq"
DETAIL:  Key (name)=(can_create) already exists.

[SQL: INSERT INTO ab_permission (name) VALUES (%(name)s) RETURNING ab_permission.id]
[parameters: {'name': 'can_create'}]
(Background on this error at: https://sqlalche.me/e/14/gkpj)
[2024-12-12T20:09:04.229+0000] {logging_mixin.py:190} INFO - [2024-12-12T20:09:04.229+0000] {override.py:1900} INFO - Created Permission View: None on DAG Run:first_etl_dag
[2024-12-12T20:09:04.238+0000] {logging_mixin.py:190} INFO - [2024-12-12T20:09:04.238+0000] {override.py:1900} INFO - Created Permission View: can delete on DAG Run:first_etl_dag
[2024-12-12T20:09:04.240+0000] {logging_mixin.py:190} INFO - [2024-12-12T20:09:04.239+0000] {dag.py:3239} INFO - Sync 1 DAGs
[2024-12-12T20:09:04.253+0000] {logging_mixin.py:190} INFO - [2024-12-12T20:09:04.253+0000] {dag.py:3262} INFO - Creating ORM DAG for first_etl_dag
[2024-12-12T20:09:04.263+0000] {logging_mixin.py:190} INFO - [2024-12-12T20:09:04.263+0000] {dag.py:4180} INFO - Setting next_dagrun for first_etl_dag to 2024-12-12 00:00:00+00:00, run_after=2024-12-13 00:00:00+00:00
[2024-12-12T20:09:04.296+0000] {processor.py:208} INFO - Processing /opt/bitnami/airflow/dags/etl_dags.py took 0.317 seconds
[2024-12-12T20:09:34.400+0000] {processor.py:186} INFO - Started process (PID=100) to work on /opt/bitnami/airflow/dags/etl_dags.py
[2024-12-12T20:09:34.401+0000] {processor.py:914} INFO - Processing file /opt/bitnami/airflow/dags/etl_dags.py for tasks to queue
[2024-12-12T20:09:34.404+0000] {logging_mixin.py:190} INFO - [2024-12-12T20:09:34.403+0000] {dagbag.py:588} INFO - Filling up the DagBag from /opt/bitnami/airflow/dags/etl_dags.py
[2024-12-12T20:09:34.433+0000] {processor.py:925} INFO - DAG(s) 'first_etl_dag' retrieved from /opt/bitnami/airflow/dags/etl_dags.py
[2024-12-12T20:09:34.449+0000] {logging_mixin.py:190} INFO - [2024-12-12T20:09:34.448+0000] {dag.py:3239} INFO - Sync 1 DAGs
[2024-12-12T20:09:34.468+0000] {logging_mixin.py:190} INFO - [2024-12-12T20:09:34.468+0000] {dag.py:4180} INFO - Setting next_dagrun for first_etl_dag to 2024-12-12 00:00:00+00:00, run_after=2024-12-13 00:00:00+00:00
[2024-12-12T20:09:34.487+0000] {processor.py:208} INFO - Processing /opt/bitnami/airflow/dags/etl_dags.py took 0.092 seconds
[2024-12-12T20:10:05.077+0000] {processor.py:186} INFO - Started process (PID=157) to work on /opt/bitnami/airflow/dags/etl_dags.py
[2024-12-12T20:10:05.079+0000] {processor.py:914} INFO - Processing file /opt/bitnami/airflow/dags/etl_dags.py for tasks to queue
[2024-12-12T20:10:05.082+0000] {logging_mixin.py:190} INFO - [2024-12-12T20:10:05.081+0000] {dagbag.py:588} INFO - Filling up the DagBag from /opt/bitnami/airflow/dags/etl_dags.py
[2024-12-12T20:10:05.127+0000] {processor.py:925} INFO - DAG(s) 'first_etl_dag' retrieved from /opt/bitnami/airflow/dags/etl_dags.py
[2024-12-12T20:10:05.145+0000] {logging_mixin.py:190} INFO - [2024-12-12T20:10:05.144+0000] {dag.py:3239} INFO - Sync 1 DAGs
[2024-12-12T20:10:05.171+0000] {logging_mixin.py:190} INFO - [2024-12-12T20:10:05.171+0000] {dag.py:4180} INFO - Setting next_dagrun for first_etl_dag to 2024-12-12 00:00:00+00:00, run_after=2024-12-13 00:00:00+00:00
[2024-12-12T20:10:05.198+0000] {processor.py:208} INFO - Processing /opt/bitnami/airflow/dags/etl_dags.py took 0.129 seconds
[2024-12-12T20:10:35.936+0000] {processor.py:186} INFO - Started process (PID=214) to work on /opt/bitnami/airflow/dags/etl_dags.py
[2024-12-12T20:10:35.937+0000] {processor.py:914} INFO - Processing file /opt/bitnami/airflow/dags/etl_dags.py for tasks to queue
[2024-12-12T20:10:35.939+0000] {logging_mixin.py:190} INFO - [2024-12-12T20:10:35.939+0000] {dagbag.py:588} INFO - Filling up the DagBag from /opt/bitnami/airflow/dags/etl_dags.py
[2024-12-12T20:10:35.966+0000] {processor.py:925} INFO - DAG(s) 'first_etl_dag' retrieved from /opt/bitnami/airflow/dags/etl_dags.py
[2024-12-12T20:10:36.030+0000] {logging_mixin.py:190} INFO - [2024-12-12T20:10:36.030+0000] {dag.py:3239} INFO - Sync 1 DAGs
[2024-12-12T20:10:36.046+0000] {logging_mixin.py:190} INFO - [2024-12-12T20:10:36.046+0000] {dag.py:4180} INFO - Setting next_dagrun for first_etl_dag to 2024-12-12 00:00:00+00:00, run_after=2024-12-13 00:00:00+00:00
[2024-12-12T20:10:36.064+0000] {processor.py:208} INFO - Processing /opt/bitnami/airflow/dags/etl_dags.py took 0.134 seconds
[2024-12-12T20:13:49.988+0000] {processor.py:186} INFO - Started process (PID=43) to work on /opt/bitnami/airflow/dags/etl_dags.py
[2024-12-12T20:13:49.989+0000] {processor.py:914} INFO - Processing file /opt/bitnami/airflow/dags/etl_dags.py for tasks to queue
[2024-12-12T20:13:49.991+0000] {logging_mixin.py:190} INFO - [2024-12-12T20:13:49.991+0000] {dagbag.py:588} INFO - Filling up the DagBag from /opt/bitnami/airflow/dags/etl_dags.py
[2024-12-12T20:13:50.014+0000] {processor.py:925} INFO - DAG(s) 'first_etl_dag' retrieved from /opt/bitnami/airflow/dags/etl_dags.py
[2024-12-12T20:13:50.132+0000] {logging_mixin.py:190} INFO - [2024-12-12T20:13:50.132+0000] {override.py:1900} INFO - Created Permission View: can edit on DAG:first_etl_dag
[2024-12-12T20:13:50.138+0000] {logging_mixin.py:190} INFO - [2024-12-12T20:13:50.137+0000] {override.py:1748} ERROR - Add Permission: (psycopg2.errors.UniqueViolation) duplicate key value violates unique constraint "ab_permission_name_uq"
DETAIL:  Key (name)=(can_delete) already exists.

[SQL: INSERT INTO ab_permission (name) VALUES (%(name)s) RETURNING ab_permission.id]
[parameters: {'name': 'can_delete'}]
(Background on this error at: https://sqlalche.me/e/14/gkpj)
[2024-12-12T20:13:50.141+0000] {logging_mixin.py:190} INFO - [2024-12-12T20:13:50.141+0000] {override.py:1900} INFO - Created Permission View: None on DAG:first_etl_dag
[2024-12-12T20:13:50.147+0000] {logging_mixin.py:190} INFO - [2024-12-12T20:13:50.147+0000] {override.py:1900} INFO - Created Permission View: can read on DAG:first_etl_dag
[2024-12-12T20:13:50.154+0000] {logging_mixin.py:190} INFO - [2024-12-12T20:13:50.153+0000] {override.py:1748} ERROR - Add Permission: (psycopg2.errors.UniqueViolation) duplicate key value violates unique constraint "ab_permission_name_uq"
DETAIL:  Key (name)=(menu_access) already exists.

[SQL: INSERT INTO ab_permission (name) VALUES (%(name)s) RETURNING ab_permission.id]
[parameters: {'name': 'menu_access'}]
(Background on this error at: https://sqlalche.me/e/14/gkpj)
[2024-12-12T20:13:50.157+0000] {logging_mixin.py:190} INFO - [2024-12-12T20:13:50.157+0000] {override.py:1900} INFO - Created Permission View: None on DAG Run:first_etl_dag
[2024-12-12T20:13:50.166+0000] {logging_mixin.py:190} INFO - [2024-12-12T20:13:50.166+0000] {override.py:1900} INFO - Created Permission View: can delete on DAG Run:first_etl_dag
[2024-12-12T20:13:50.173+0000] {logging_mixin.py:190} INFO - [2024-12-12T20:13:50.173+0000] {override.py:1900} INFO - Created Permission View: can read on DAG Run:first_etl_dag
[2024-12-12T20:13:50.178+0000] {logging_mixin.py:190} INFO - [2024-12-12T20:13:50.178+0000] {override.py:1748} ERROR - Add Permission: (psycopg2.errors.UniqueViolation) duplicate key value violates unique constraint "ab_permission_name_uq"
DETAIL:  Key (name)=(can_create) already exists.

[SQL: INSERT INTO ab_permission (name) VALUES (%(name)s) RETURNING ab_permission.id]
[parameters: {'name': 'can_create'}]
(Background on this error at: https://sqlalche.me/e/14/gkpj)
[2024-12-12T20:13:50.182+0000] {logging_mixin.py:190} INFO - [2024-12-12T20:13:50.181+0000] {override.py:1900} INFO - Created Permission View: None on DAG Run:first_etl_dag
[2024-12-12T20:13:50.182+0000] {logging_mixin.py:190} INFO - [2024-12-12T20:13:50.182+0000] {dag.py:3239} INFO - Sync 1 DAGs
[2024-12-12T20:13:50.205+0000] {logging_mixin.py:190} INFO - [2024-12-12T20:13:50.204+0000] {dag.py:3262} INFO - Creating ORM DAG for first_etl_dag
[2024-12-12T20:13:50.223+0000] {logging_mixin.py:190} INFO - [2024-12-12T20:13:50.222+0000] {dag.py:4180} INFO - Setting next_dagrun for first_etl_dag to 2024-12-12 00:00:00+00:00, run_after=2024-12-13 00:00:00+00:00
[2024-12-12T20:13:50.244+0000] {processor.py:208} INFO - Processing /opt/bitnami/airflow/dags/etl_dags.py took 0.260 seconds
[2024-12-12T20:14:21.254+0000] {processor.py:186} INFO - Started process (PID=100) to work on /opt/bitnami/airflow/dags/etl_dags.py
[2024-12-12T20:14:21.255+0000] {processor.py:914} INFO - Processing file /opt/bitnami/airflow/dags/etl_dags.py for tasks to queue
[2024-12-12T20:14:21.258+0000] {logging_mixin.py:190} INFO - [2024-12-12T20:14:21.258+0000] {dagbag.py:588} INFO - Filling up the DagBag from /opt/bitnami/airflow/dags/etl_dags.py
[2024-12-12T20:14:21.294+0000] {processor.py:925} INFO - DAG(s) 'first_etl_dag' retrieved from /opt/bitnami/airflow/dags/etl_dags.py
[2024-12-12T20:14:21.385+0000] {logging_mixin.py:190} INFO - [2024-12-12T20:14:21.385+0000] {dag.py:3239} INFO - Sync 1 DAGs
[2024-12-12T20:14:21.452+0000] {logging_mixin.py:190} INFO - [2024-12-12T20:14:21.451+0000] {dag.py:4180} INFO - Setting next_dagrun for first_etl_dag to 2024-12-12 00:00:00+00:00, run_after=2024-12-13 00:00:00+00:00
[2024-12-12T20:14:21.487+0000] {processor.py:208} INFO - Processing /opt/bitnami/airflow/dags/etl_dags.py took 0.240 seconds
[2024-12-12T20:14:51.838+0000] {processor.py:186} INFO - Started process (PID=157) to work on /opt/bitnami/airflow/dags/etl_dags.py
[2024-12-12T20:14:51.841+0000] {processor.py:914} INFO - Processing file /opt/bitnami/airflow/dags/etl_dags.py for tasks to queue
[2024-12-12T20:14:51.844+0000] {logging_mixin.py:190} INFO - [2024-12-12T20:14:51.844+0000] {dagbag.py:588} INFO - Filling up the DagBag from /opt/bitnami/airflow/dags/etl_dags.py
[2024-12-12T20:14:51.887+0000] {processor.py:925} INFO - DAG(s) 'first_etl_dag' retrieved from /opt/bitnami/airflow/dags/etl_dags.py
[2024-12-12T20:14:51.944+0000] {logging_mixin.py:190} INFO - [2024-12-12T20:14:51.943+0000] {dag.py:3239} INFO - Sync 1 DAGs
[2024-12-12T20:14:52.007+0000] {logging_mixin.py:190} INFO - [2024-12-12T20:14:52.007+0000] {dag.py:4180} INFO - Setting next_dagrun for first_etl_dag to 2024-12-12 00:00:00+00:00, run_after=2024-12-13 00:00:00+00:00
[2024-12-12T20:14:52.051+0000] {processor.py:208} INFO - Processing /opt/bitnami/airflow/dags/etl_dags.py took 0.220 seconds
[2024-12-12T20:15:22.937+0000] {processor.py:186} INFO - Started process (PID=214) to work on /opt/bitnami/airflow/dags/etl_dags.py
[2024-12-12T20:15:22.938+0000] {processor.py:914} INFO - Processing file /opt/bitnami/airflow/dags/etl_dags.py for tasks to queue
[2024-12-12T20:15:22.941+0000] {logging_mixin.py:190} INFO - [2024-12-12T20:15:22.940+0000] {dagbag.py:588} INFO - Filling up the DagBag from /opt/bitnami/airflow/dags/etl_dags.py
[2024-12-12T20:15:22.982+0000] {processor.py:925} INFO - DAG(s) 'first_etl_dag' retrieved from /opt/bitnami/airflow/dags/etl_dags.py
[2024-12-12T20:15:23.084+0000] {logging_mixin.py:190} INFO - [2024-12-12T20:15:23.084+0000] {dag.py:3239} INFO - Sync 1 DAGs
[2024-12-12T20:15:23.127+0000] {logging_mixin.py:190} INFO - [2024-12-12T20:15:23.127+0000] {dag.py:4180} INFO - Setting next_dagrun for first_etl_dag to 2024-12-12 00:00:00+00:00, run_after=2024-12-13 00:00:00+00:00
[2024-12-12T20:15:23.171+0000] {processor.py:208} INFO - Processing /opt/bitnami/airflow/dags/etl_dags.py took 0.239 seconds
[2024-12-12T20:15:53.621+0000] {processor.py:186} INFO - Started process (PID=271) to work on /opt/bitnami/airflow/dags/etl_dags.py
[2024-12-12T20:15:53.623+0000] {processor.py:914} INFO - Processing file /opt/bitnami/airflow/dags/etl_dags.py for tasks to queue
[2024-12-12T20:15:53.627+0000] {logging_mixin.py:190} INFO - [2024-12-12T20:15:53.626+0000] {dagbag.py:588} INFO - Filling up the DagBag from /opt/bitnami/airflow/dags/etl_dags.py
[2024-12-12T20:15:53.679+0000] {processor.py:925} INFO - DAG(s) 'first_etl_dag' retrieved from /opt/bitnami/airflow/dags/etl_dags.py
[2024-12-12T20:15:53.770+0000] {logging_mixin.py:190} INFO - [2024-12-12T20:15:53.769+0000] {dag.py:3239} INFO - Sync 1 DAGs
[2024-12-12T20:15:53.831+0000] {logging_mixin.py:190} INFO - [2024-12-12T20:15:53.831+0000] {dag.py:4180} INFO - Setting next_dagrun for first_etl_dag to 2024-12-12 00:00:00+00:00, run_after=2024-12-13 00:00:00+00:00
[2024-12-12T20:15:53.878+0000] {processor.py:208} INFO - Processing /opt/bitnami/airflow/dags/etl_dags.py took 0.263 seconds
