[2024-12-13T08:19:44.077+0000] {processor.py:186} INFO - Started process (PID=59) to work on /opt/bitnami/airflow/venv/lib/python3.12/site-packages/airflow/example_dags/example_short_circuit_decorator.py
[2024-12-13T08:19:44.078+0000] {processor.py:914} INFO - Processing file /opt/bitnami/airflow/venv/lib/python3.12/site-packages/airflow/example_dags/example_short_circuit_decorator.py for tasks to queue
[2024-12-13T08:19:44.079+0000] {logging_mixin.py:190} INFO - [2024-12-13T08:19:44.079+0000] {dagbag.py:588} INFO - Filling up the DagBag from /opt/bitnami/airflow/venv/lib/python3.12/site-packages/airflow/example_dags/example_short_circuit_decorator.py
[2024-12-13T08:19:44.085+0000] {processor.py:925} INFO - DAG(s) 'example_short_circuit_decorator' retrieved from /opt/bitnami/airflow/venv/lib/python3.12/site-packages/airflow/example_dags/example_short_circuit_decorator.py
[2024-12-13T08:19:44.121+0000] {logging_mixin.py:190} INFO - [2024-12-13T08:19:44.121+0000] {dag.py:3239} INFO - Sync 1 DAGs
[2024-12-13T08:19:44.139+0000] {logging_mixin.py:190} INFO - [2024-12-13T08:19:44.139+0000] {dag.py:4180} INFO - Setting next_dagrun for example_short_circuit_decorator to None, run_after=None
[2024-12-13T08:19:44.159+0000] {processor.py:208} INFO - Processing /opt/bitnami/airflow/venv/lib/python3.12/site-packages/airflow/example_dags/example_short_circuit_decorator.py took 0.087 seconds
[2024-12-13T08:20:14.445+0000] {processor.py:186} INFO - Started process (PID=116) to work on /opt/bitnami/airflow/venv/lib/python3.12/site-packages/airflow/example_dags/example_short_circuit_decorator.py
[2024-12-13T08:20:14.446+0000] {processor.py:914} INFO - Processing file /opt/bitnami/airflow/venv/lib/python3.12/site-packages/airflow/example_dags/example_short_circuit_decorator.py for tasks to queue
[2024-12-13T08:20:14.448+0000] {logging_mixin.py:190} INFO - [2024-12-13T08:20:14.448+0000] {dagbag.py:588} INFO - Filling up the DagBag from /opt/bitnami/airflow/venv/lib/python3.12/site-packages/airflow/example_dags/example_short_circuit_decorator.py
[2024-12-13T08:20:14.454+0000] {processor.py:925} INFO - DAG(s) 'example_short_circuit_decorator' retrieved from /opt/bitnami/airflow/venv/lib/python3.12/site-packages/airflow/example_dags/example_short_circuit_decorator.py
[2024-12-13T08:20:14.485+0000] {logging_mixin.py:190} INFO - [2024-12-13T08:20:14.485+0000] {dag.py:3239} INFO - Sync 1 DAGs
[2024-12-13T08:20:14.503+0000] {logging_mixin.py:190} INFO - [2024-12-13T08:20:14.503+0000] {dag.py:4180} INFO - Setting next_dagrun for example_short_circuit_decorator to None, run_after=None
[2024-12-13T08:20:14.521+0000] {processor.py:208} INFO - Processing /opt/bitnami/airflow/venv/lib/python3.12/site-packages/airflow/example_dags/example_short_circuit_decorator.py took 0.081 seconds
[2024-12-13T08:20:45.100+0000] {processor.py:186} INFO - Started process (PID=173) to work on /opt/bitnami/airflow/venv/lib/python3.12/site-packages/airflow/example_dags/example_short_circuit_decorator.py
[2024-12-13T08:20:45.102+0000] {processor.py:914} INFO - Processing file /opt/bitnami/airflow/venv/lib/python3.12/site-packages/airflow/example_dags/example_short_circuit_decorator.py for tasks to queue
[2024-12-13T08:20:45.107+0000] {logging_mixin.py:190} INFO - [2024-12-13T08:20:45.107+0000] {dagbag.py:588} INFO - Filling up the DagBag from /opt/bitnami/airflow/venv/lib/python3.12/site-packages/airflow/example_dags/example_short_circuit_decorator.py
[2024-12-13T08:20:45.120+0000] {processor.py:925} INFO - DAG(s) 'example_short_circuit_decorator' retrieved from /opt/bitnami/airflow/venv/lib/python3.12/site-packages/airflow/example_dags/example_short_circuit_decorator.py
[2024-12-13T08:20:45.174+0000] {logging_mixin.py:190} INFO - [2024-12-13T08:20:45.174+0000] {dag.py:3239} INFO - Sync 1 DAGs
[2024-12-13T08:20:45.195+0000] {logging_mixin.py:190} INFO - [2024-12-13T08:20:45.195+0000] {dag.py:4180} INFO - Setting next_dagrun for example_short_circuit_decorator to None, run_after=None
[2024-12-13T08:20:45.231+0000] {processor.py:208} INFO - Processing /opt/bitnami/airflow/venv/lib/python3.12/site-packages/airflow/example_dags/example_short_circuit_decorator.py took 0.140 seconds
[2024-12-13T08:21:15.749+0000] {processor.py:186} INFO - Started process (PID=230) to work on /opt/bitnami/airflow/venv/lib/python3.12/site-packages/airflow/example_dags/example_short_circuit_decorator.py
[2024-12-13T08:21:15.750+0000] {processor.py:914} INFO - Processing file /opt/bitnami/airflow/venv/lib/python3.12/site-packages/airflow/example_dags/example_short_circuit_decorator.py for tasks to queue
[2024-12-13T08:21:15.751+0000] {logging_mixin.py:190} INFO - [2024-12-13T08:21:15.751+0000] {dagbag.py:588} INFO - Filling up the DagBag from /opt/bitnami/airflow/venv/lib/python3.12/site-packages/airflow/example_dags/example_short_circuit_decorator.py
[2024-12-13T08:21:15.758+0000] {processor.py:925} INFO - DAG(s) 'example_short_circuit_decorator' retrieved from /opt/bitnami/airflow/venv/lib/python3.12/site-packages/airflow/example_dags/example_short_circuit_decorator.py
[2024-12-13T08:21:15.842+0000] {logging_mixin.py:190} INFO - [2024-12-13T08:21:15.840+0000] {dag.py:3239} INFO - Sync 1 DAGs
[2024-12-13T08:21:15.859+0000] {logging_mixin.py:190} INFO - [2024-12-13T08:21:15.859+0000] {dag.py:4180} INFO - Setting next_dagrun for example_short_circuit_decorator to None, run_after=None
[2024-12-13T08:21:15.884+0000] {processor.py:208} INFO - Processing /opt/bitnami/airflow/venv/lib/python3.12/site-packages/airflow/example_dags/example_short_circuit_decorator.py took 0.141 seconds
[2024-12-13T08:21:46.996+0000] {processor.py:186} INFO - Started process (PID=287) to work on /opt/bitnami/airflow/venv/lib/python3.12/site-packages/airflow/example_dags/example_short_circuit_decorator.py
[2024-12-13T08:21:46.997+0000] {processor.py:914} INFO - Processing file /opt/bitnami/airflow/venv/lib/python3.12/site-packages/airflow/example_dags/example_short_circuit_decorator.py for tasks to queue
[2024-12-13T08:21:46.999+0000] {logging_mixin.py:190} INFO - [2024-12-13T08:21:46.999+0000] {dagbag.py:588} INFO - Filling up the DagBag from /opt/bitnami/airflow/venv/lib/python3.12/site-packages/airflow/example_dags/example_short_circuit_decorator.py
[2024-12-13T08:21:47.005+0000] {processor.py:925} INFO - DAG(s) 'example_short_circuit_decorator' retrieved from /opt/bitnami/airflow/venv/lib/python3.12/site-packages/airflow/example_dags/example_short_circuit_decorator.py
[2024-12-13T08:21:47.036+0000] {logging_mixin.py:190} INFO - [2024-12-13T08:21:47.036+0000] {dag.py:3239} INFO - Sync 1 DAGs
[2024-12-13T08:21:47.050+0000] {logging_mixin.py:190} INFO - [2024-12-13T08:21:47.050+0000] {dag.py:4180} INFO - Setting next_dagrun for example_short_circuit_decorator to None, run_after=None
[2024-12-13T08:21:47.069+0000] {processor.py:208} INFO - Processing /opt/bitnami/airflow/venv/lib/python3.12/site-packages/airflow/example_dags/example_short_circuit_decorator.py took 0.077 seconds
[2024-12-13T08:22:17.343+0000] {processor.py:186} INFO - Started process (PID=344) to work on /opt/bitnami/airflow/venv/lib/python3.12/site-packages/airflow/example_dags/example_short_circuit_decorator.py
[2024-12-13T08:22:17.344+0000] {processor.py:914} INFO - Processing file /opt/bitnami/airflow/venv/lib/python3.12/site-packages/airflow/example_dags/example_short_circuit_decorator.py for tasks to queue
[2024-12-13T08:22:17.346+0000] {logging_mixin.py:190} INFO - [2024-12-13T08:22:17.346+0000] {dagbag.py:588} INFO - Filling up the DagBag from /opt/bitnami/airflow/venv/lib/python3.12/site-packages/airflow/example_dags/example_short_circuit_decorator.py
[2024-12-13T08:22:17.353+0000] {processor.py:925} INFO - DAG(s) 'example_short_circuit_decorator' retrieved from /opt/bitnami/airflow/venv/lib/python3.12/site-packages/airflow/example_dags/example_short_circuit_decorator.py
[2024-12-13T08:22:17.385+0000] {logging_mixin.py:190} INFO - [2024-12-13T08:22:17.385+0000] {dag.py:3239} INFO - Sync 1 DAGs
[2024-12-13T08:22:17.403+0000] {logging_mixin.py:190} INFO - [2024-12-13T08:22:17.402+0000] {dag.py:4180} INFO - Setting next_dagrun for example_short_circuit_decorator to None, run_after=None
[2024-12-13T08:22:17.422+0000] {processor.py:208} INFO - Processing /opt/bitnami/airflow/venv/lib/python3.12/site-packages/airflow/example_dags/example_short_circuit_decorator.py took 0.084 seconds
[2024-12-13T08:22:48.208+0000] {processor.py:186} INFO - Started process (PID=401) to work on /opt/bitnami/airflow/venv/lib/python3.12/site-packages/airflow/example_dags/example_short_circuit_decorator.py
[2024-12-13T08:22:48.208+0000] {processor.py:914} INFO - Processing file /opt/bitnami/airflow/venv/lib/python3.12/site-packages/airflow/example_dags/example_short_circuit_decorator.py for tasks to queue
[2024-12-13T08:22:48.210+0000] {logging_mixin.py:190} INFO - [2024-12-13T08:22:48.210+0000] {dagbag.py:588} INFO - Filling up the DagBag from /opt/bitnami/airflow/venv/lib/python3.12/site-packages/airflow/example_dags/example_short_circuit_decorator.py
[2024-12-13T08:22:48.218+0000] {processor.py:925} INFO - DAG(s) 'example_short_circuit_decorator' retrieved from /opt/bitnami/airflow/venv/lib/python3.12/site-packages/airflow/example_dags/example_short_circuit_decorator.py
[2024-12-13T08:22:48.249+0000] {logging_mixin.py:190} INFO - [2024-12-13T08:22:48.249+0000] {dag.py:3239} INFO - Sync 1 DAGs
[2024-12-13T08:22:48.265+0000] {logging_mixin.py:190} INFO - [2024-12-13T08:22:48.265+0000] {dag.py:4180} INFO - Setting next_dagrun for example_short_circuit_decorator to None, run_after=None
[2024-12-13T08:22:48.284+0000] {processor.py:208} INFO - Processing /opt/bitnami/airflow/venv/lib/python3.12/site-packages/airflow/example_dags/example_short_circuit_decorator.py took 0.082 seconds
[2024-12-13T08:25:45.122+0000] {processor.py:186} INFO - Started process (PID=59) to work on /opt/bitnami/airflow/venv/lib/python3.12/site-packages/airflow/example_dags/example_short_circuit_decorator.py
[2024-12-13T08:25:45.123+0000] {processor.py:914} INFO - Processing file /opt/bitnami/airflow/venv/lib/python3.12/site-packages/airflow/example_dags/example_short_circuit_decorator.py for tasks to queue
[2024-12-13T08:25:45.126+0000] {logging_mixin.py:190} INFO - [2024-12-13T08:25:45.126+0000] {dagbag.py:588} INFO - Filling up the DagBag from /opt/bitnami/airflow/venv/lib/python3.12/site-packages/airflow/example_dags/example_short_circuit_decorator.py
[2024-12-13T08:25:45.132+0000] {processor.py:925} INFO - DAG(s) 'example_short_circuit_decorator' retrieved from /opt/bitnami/airflow/venv/lib/python3.12/site-packages/airflow/example_dags/example_short_circuit_decorator.py
[2024-12-13T08:25:45.186+0000] {logging_mixin.py:190} INFO - [2024-12-13T08:25:45.185+0000] {dag.py:3239} INFO - Sync 1 DAGs
[2024-12-13T08:25:45.210+0000] {logging_mixin.py:190} INFO - [2024-12-13T08:25:45.209+0000] {dag.py:4180} INFO - Setting next_dagrun for example_short_circuit_decorator to None, run_after=None
[2024-12-13T08:25:45.237+0000] {processor.py:208} INFO - Processing /opt/bitnami/airflow/venv/lib/python3.12/site-packages/airflow/example_dags/example_short_circuit_decorator.py took 0.121 seconds
[2024-12-13T08:26:15.757+0000] {processor.py:186} INFO - Started process (PID=116) to work on /opt/bitnami/airflow/venv/lib/python3.12/site-packages/airflow/example_dags/example_short_circuit_decorator.py
[2024-12-13T08:26:15.758+0000] {processor.py:914} INFO - Processing file /opt/bitnami/airflow/venv/lib/python3.12/site-packages/airflow/example_dags/example_short_circuit_decorator.py for tasks to queue
[2024-12-13T08:26:15.760+0000] {logging_mixin.py:190} INFO - [2024-12-13T08:26:15.760+0000] {dagbag.py:588} INFO - Filling up the DagBag from /opt/bitnami/airflow/venv/lib/python3.12/site-packages/airflow/example_dags/example_short_circuit_decorator.py
[2024-12-13T08:26:15.766+0000] {processor.py:925} INFO - DAG(s) 'example_short_circuit_decorator' retrieved from /opt/bitnami/airflow/venv/lib/python3.12/site-packages/airflow/example_dags/example_short_circuit_decorator.py
[2024-12-13T08:26:15.796+0000] {logging_mixin.py:190} INFO - [2024-12-13T08:26:15.796+0000] {dag.py:3239} INFO - Sync 1 DAGs
[2024-12-13T08:26:15.816+0000] {logging_mixin.py:190} INFO - [2024-12-13T08:26:15.816+0000] {dag.py:4180} INFO - Setting next_dagrun for example_short_circuit_decorator to None, run_after=None
[2024-12-13T08:26:15.834+0000] {processor.py:208} INFO - Processing /opt/bitnami/airflow/venv/lib/python3.12/site-packages/airflow/example_dags/example_short_circuit_decorator.py took 0.082 seconds
[2024-12-13T08:26:47.293+0000] {processor.py:186} INFO - Started process (PID=173) to work on /opt/bitnami/airflow/venv/lib/python3.12/site-packages/airflow/example_dags/example_short_circuit_decorator.py
[2024-12-13T08:26:47.294+0000] {processor.py:914} INFO - Processing file /opt/bitnami/airflow/venv/lib/python3.12/site-packages/airflow/example_dags/example_short_circuit_decorator.py for tasks to queue
[2024-12-13T08:26:47.296+0000] {logging_mixin.py:190} INFO - [2024-12-13T08:26:47.296+0000] {dagbag.py:588} INFO - Filling up the DagBag from /opt/bitnami/airflow/venv/lib/python3.12/site-packages/airflow/example_dags/example_short_circuit_decorator.py
[2024-12-13T08:26:47.303+0000] {processor.py:925} INFO - DAG(s) 'example_short_circuit_decorator' retrieved from /opt/bitnami/airflow/venv/lib/python3.12/site-packages/airflow/example_dags/example_short_circuit_decorator.py
[2024-12-13T08:26:47.402+0000] {logging_mixin.py:190} INFO - [2024-12-13T08:26:47.401+0000] {dag.py:3239} INFO - Sync 1 DAGs
[2024-12-13T08:26:47.425+0000] {logging_mixin.py:190} INFO - [2024-12-13T08:26:47.425+0000] {dag.py:4180} INFO - Setting next_dagrun for example_short_circuit_decorator to None, run_after=None
[2024-12-13T08:26:47.453+0000] {processor.py:208} INFO - Processing /opt/bitnami/airflow/venv/lib/python3.12/site-packages/airflow/example_dags/example_short_circuit_decorator.py took 0.165 seconds
[2024-12-13T08:27:17.866+0000] {processor.py:186} INFO - Started process (PID=230) to work on /opt/bitnami/airflow/venv/lib/python3.12/site-packages/airflow/example_dags/example_short_circuit_decorator.py
[2024-12-13T08:27:17.867+0000] {processor.py:914} INFO - Processing file /opt/bitnami/airflow/venv/lib/python3.12/site-packages/airflow/example_dags/example_short_circuit_decorator.py for tasks to queue
[2024-12-13T08:27:17.868+0000] {logging_mixin.py:190} INFO - [2024-12-13T08:27:17.868+0000] {dagbag.py:588} INFO - Filling up the DagBag from /opt/bitnami/airflow/venv/lib/python3.12/site-packages/airflow/example_dags/example_short_circuit_decorator.py
[2024-12-13T08:27:17.875+0000] {processor.py:925} INFO - DAG(s) 'example_short_circuit_decorator' retrieved from /opt/bitnami/airflow/venv/lib/python3.12/site-packages/airflow/example_dags/example_short_circuit_decorator.py
[2024-12-13T08:27:17.905+0000] {logging_mixin.py:190} INFO - [2024-12-13T08:27:17.904+0000] {dag.py:3239} INFO - Sync 1 DAGs
[2024-12-13T08:27:17.919+0000] {logging_mixin.py:190} INFO - [2024-12-13T08:27:17.919+0000] {dag.py:4180} INFO - Setting next_dagrun for example_short_circuit_decorator to None, run_after=None
[2024-12-13T08:27:17.939+0000] {processor.py:208} INFO - Processing /opt/bitnami/airflow/venv/lib/python3.12/site-packages/airflow/example_dags/example_short_circuit_decorator.py took 0.077 seconds
[2024-12-13T10:42:37.299+0000] {processor.py:186} INFO - Started process (PID=59) to work on /opt/bitnami/airflow/venv/lib/python3.12/site-packages/airflow/example_dags/example_short_circuit_decorator.py
[2024-12-13T10:42:37.302+0000] {processor.py:914} INFO - Processing file /opt/bitnami/airflow/venv/lib/python3.12/site-packages/airflow/example_dags/example_short_circuit_decorator.py for tasks to queue
[2024-12-13T10:42:37.306+0000] {logging_mixin.py:190} INFO - [2024-12-13T10:42:37.306+0000] {dagbag.py:588} INFO - Filling up the DagBag from /opt/bitnami/airflow/venv/lib/python3.12/site-packages/airflow/example_dags/example_short_circuit_decorator.py
[2024-12-13T10:42:37.315+0000] {processor.py:925} INFO - DAG(s) 'example_short_circuit_decorator' retrieved from /opt/bitnami/airflow/venv/lib/python3.12/site-packages/airflow/example_dags/example_short_circuit_decorator.py
[2024-12-13T10:42:37.433+0000] {logging_mixin.py:190} INFO - [2024-12-13T10:42:37.433+0000] {override.py:1900} INFO - Created Permission View: can read on DAG:example_short_circuit_decorator
[2024-12-13T10:42:37.446+0000] {logging_mixin.py:190} INFO - [2024-12-13T10:42:37.446+0000] {override.py:1900} INFO - Created Permission View: can delete on DAG:example_short_circuit_decorator
[2024-12-13T10:42:37.459+0000] {logging_mixin.py:190} INFO - [2024-12-13T10:42:37.459+0000] {override.py:1900} INFO - Created Permission View: can edit on DAG:example_short_circuit_decorator
[2024-12-13T10:42:37.468+0000] {logging_mixin.py:190} INFO - [2024-12-13T10:42:37.468+0000] {override.py:1900} INFO - Created Permission View: can delete on DAG Run:example_short_circuit_decorator
[2024-12-13T10:42:37.475+0000] {logging_mixin.py:190} INFO - [2024-12-13T10:42:37.474+0000] {override.py:1900} INFO - Created Permission View: can read on DAG Run:example_short_circuit_decorator
[2024-12-13T10:42:37.483+0000] {logging_mixin.py:190} INFO - [2024-12-13T10:42:37.483+0000] {override.py:1900} INFO - Created Permission View: can create on DAG Run:example_short_circuit_decorator
[2024-12-13T10:42:37.491+0000] {logging_mixin.py:190} INFO - [2024-12-13T10:42:37.491+0000] {override.py:1900} INFO - Created Permission View: menu access on DAG Run:example_short_circuit_decorator
[2024-12-13T10:42:37.492+0000] {logging_mixin.py:190} INFO - [2024-12-13T10:42:37.492+0000] {dag.py:3239} INFO - Sync 1 DAGs
[2024-12-13T10:42:37.528+0000] {logging_mixin.py:190} INFO - [2024-12-13T10:42:37.528+0000] {dag.py:3262} INFO - Creating ORM DAG for example_short_circuit_decorator
[2024-12-13T10:42:37.529+0000] {logging_mixin.py:190} INFO - [2024-12-13T10:42:37.529+0000] {dag.py:4180} INFO - Setting next_dagrun for example_short_circuit_decorator to None, run_after=None
[2024-12-13T10:42:37.563+0000] {processor.py:208} INFO - Processing /opt/bitnami/airflow/venv/lib/python3.12/site-packages/airflow/example_dags/example_short_circuit_decorator.py took 0.270 seconds
[2024-12-13T10:43:07.670+0000] {processor.py:186} INFO - Started process (PID=116) to work on /opt/bitnami/airflow/venv/lib/python3.12/site-packages/airflow/example_dags/example_short_circuit_decorator.py
[2024-12-13T10:43:07.672+0000] {processor.py:914} INFO - Processing file /opt/bitnami/airflow/venv/lib/python3.12/site-packages/airflow/example_dags/example_short_circuit_decorator.py for tasks to queue
[2024-12-13T10:43:07.674+0000] {logging_mixin.py:190} INFO - [2024-12-13T10:43:07.673+0000] {dagbag.py:588} INFO - Filling up the DagBag from /opt/bitnami/airflow/venv/lib/python3.12/site-packages/airflow/example_dags/example_short_circuit_decorator.py
[2024-12-13T10:43:07.679+0000] {processor.py:925} INFO - DAG(s) 'example_short_circuit_decorator' retrieved from /opt/bitnami/airflow/venv/lib/python3.12/site-packages/airflow/example_dags/example_short_circuit_decorator.py
[2024-12-13T10:43:07.754+0000] {logging_mixin.py:190} INFO - [2024-12-13T10:43:07.754+0000] {dag.py:3239} INFO - Sync 1 DAGs
[2024-12-13T10:43:07.795+0000] {logging_mixin.py:190} INFO - [2024-12-13T10:43:07.795+0000] {dag.py:4180} INFO - Setting next_dagrun for example_short_circuit_decorator to None, run_after=None
[2024-12-13T10:43:07.832+0000] {processor.py:208} INFO - Processing /opt/bitnami/airflow/venv/lib/python3.12/site-packages/airflow/example_dags/example_short_circuit_decorator.py took 0.166 seconds
[2024-12-13T10:43:38.606+0000] {processor.py:186} INFO - Started process (PID=173) to work on /opt/bitnami/airflow/venv/lib/python3.12/site-packages/airflow/example_dags/example_short_circuit_decorator.py
[2024-12-13T10:43:38.609+0000] {processor.py:914} INFO - Processing file /opt/bitnami/airflow/venv/lib/python3.12/site-packages/airflow/example_dags/example_short_circuit_decorator.py for tasks to queue
[2024-12-13T10:43:38.612+0000] {logging_mixin.py:190} INFO - [2024-12-13T10:43:38.612+0000] {dagbag.py:588} INFO - Filling up the DagBag from /opt/bitnami/airflow/venv/lib/python3.12/site-packages/airflow/example_dags/example_short_circuit_decorator.py
[2024-12-13T10:43:38.626+0000] {processor.py:925} INFO - DAG(s) 'example_short_circuit_decorator' retrieved from /opt/bitnami/airflow/venv/lib/python3.12/site-packages/airflow/example_dags/example_short_circuit_decorator.py
[2024-12-13T10:43:38.804+0000] {logging_mixin.py:190} INFO - [2024-12-13T10:43:38.804+0000] {dag.py:3239} INFO - Sync 1 DAGs
[2024-12-13T10:43:38.833+0000] {logging_mixin.py:190} INFO - [2024-12-13T10:43:38.833+0000] {dag.py:4180} INFO - Setting next_dagrun for example_short_circuit_decorator to None, run_after=None
[2024-12-13T10:43:38.877+0000] {processor.py:208} INFO - Processing /opt/bitnami/airflow/venv/lib/python3.12/site-packages/airflow/example_dags/example_short_circuit_decorator.py took 0.278 seconds
[2024-12-13T10:44:09.210+0000] {processor.py:186} INFO - Started process (PID=230) to work on /opt/bitnami/airflow/venv/lib/python3.12/site-packages/airflow/example_dags/example_short_circuit_decorator.py
[2024-12-13T10:44:09.211+0000] {processor.py:914} INFO - Processing file /opt/bitnami/airflow/venv/lib/python3.12/site-packages/airflow/example_dags/example_short_circuit_decorator.py for tasks to queue
[2024-12-13T10:44:09.214+0000] {logging_mixin.py:190} INFO - [2024-12-13T10:44:09.214+0000] {dagbag.py:588} INFO - Filling up the DagBag from /opt/bitnami/airflow/venv/lib/python3.12/site-packages/airflow/example_dags/example_short_circuit_decorator.py
[2024-12-13T10:44:09.223+0000] {processor.py:925} INFO - DAG(s) 'example_short_circuit_decorator' retrieved from /opt/bitnami/airflow/venv/lib/python3.12/site-packages/airflow/example_dags/example_short_circuit_decorator.py
[2024-12-13T10:44:09.310+0000] {logging_mixin.py:190} INFO - [2024-12-13T10:44:09.309+0000] {dag.py:3239} INFO - Sync 1 DAGs
[2024-12-13T10:44:09.343+0000] {logging_mixin.py:190} INFO - [2024-12-13T10:44:09.343+0000] {dag.py:4180} INFO - Setting next_dagrun for example_short_circuit_decorator to None, run_after=None
[2024-12-13T10:44:09.378+0000] {processor.py:208} INFO - Processing /opt/bitnami/airflow/venv/lib/python3.12/site-packages/airflow/example_dags/example_short_circuit_decorator.py took 0.176 seconds
[2024-12-13T10:44:39.883+0000] {processor.py:186} INFO - Started process (PID=287) to work on /opt/bitnami/airflow/venv/lib/python3.12/site-packages/airflow/example_dags/example_short_circuit_decorator.py
[2024-12-13T10:44:39.884+0000] {processor.py:914} INFO - Processing file /opt/bitnami/airflow/venv/lib/python3.12/site-packages/airflow/example_dags/example_short_circuit_decorator.py for tasks to queue
[2024-12-13T10:44:39.886+0000] {logging_mixin.py:190} INFO - [2024-12-13T10:44:39.886+0000] {dagbag.py:588} INFO - Filling up the DagBag from /opt/bitnami/airflow/venv/lib/python3.12/site-packages/airflow/example_dags/example_short_circuit_decorator.py
[2024-12-13T10:44:39.899+0000] {processor.py:925} INFO - DAG(s) 'example_short_circuit_decorator' retrieved from /opt/bitnami/airflow/venv/lib/python3.12/site-packages/airflow/example_dags/example_short_circuit_decorator.py
[2024-12-13T10:44:39.957+0000] {logging_mixin.py:190} INFO - [2024-12-13T10:44:39.957+0000] {dag.py:3239} INFO - Sync 1 DAGs
[2024-12-13T10:44:39.989+0000] {logging_mixin.py:190} INFO - [2024-12-13T10:44:39.989+0000] {dag.py:4180} INFO - Setting next_dagrun for example_short_circuit_decorator to None, run_after=None
[2024-12-13T10:44:40.025+0000] {processor.py:208} INFO - Processing /opt/bitnami/airflow/venv/lib/python3.12/site-packages/airflow/example_dags/example_short_circuit_decorator.py took 0.148 seconds
[2024-12-13T10:52:10.085+0000] {processor.py:186} INFO - Started process (PID=59) to work on /opt/bitnami/airflow/venv/lib/python3.12/site-packages/airflow/example_dags/example_short_circuit_decorator.py
[2024-12-13T10:52:10.086+0000] {processor.py:914} INFO - Processing file /opt/bitnami/airflow/venv/lib/python3.12/site-packages/airflow/example_dags/example_short_circuit_decorator.py for tasks to queue
[2024-12-13T10:52:10.089+0000] {logging_mixin.py:190} INFO - [2024-12-13T10:52:10.088+0000] {dagbag.py:588} INFO - Filling up the DagBag from /opt/bitnami/airflow/venv/lib/python3.12/site-packages/airflow/example_dags/example_short_circuit_decorator.py
[2024-12-13T10:52:10.097+0000] {processor.py:925} INFO - DAG(s) 'example_short_circuit_decorator' retrieved from /opt/bitnami/airflow/venv/lib/python3.12/site-packages/airflow/example_dags/example_short_circuit_decorator.py
[2024-12-13T10:52:10.206+0000] {logging_mixin.py:190} INFO - [2024-12-13T10:52:10.205+0000] {override.py:1900} INFO - Created Permission View: can read on DAG:example_short_circuit_decorator
[2024-12-13T10:52:10.218+0000] {logging_mixin.py:190} INFO - [2024-12-13T10:52:10.217+0000] {override.py:1900} INFO - Created Permission View: can delete on DAG:example_short_circuit_decorator
[2024-12-13T10:52:10.226+0000] {logging_mixin.py:190} INFO - [2024-12-13T10:52:10.226+0000] {override.py:1900} INFO - Created Permission View: can edit on DAG:example_short_circuit_decorator
[2024-12-13T10:52:10.238+0000] {logging_mixin.py:190} INFO - [2024-12-13T10:52:10.238+0000] {override.py:1900} INFO - Created Permission View: menu access on DAG Run:example_short_circuit_decorator
[2024-12-13T10:52:10.245+0000] {logging_mixin.py:190} INFO - [2024-12-13T10:52:10.245+0000] {override.py:1900} INFO - Created Permission View: can read on DAG Run:example_short_circuit_decorator
[2024-12-13T10:52:10.252+0000] {logging_mixin.py:190} INFO - [2024-12-13T10:52:10.252+0000] {override.py:1900} INFO - Created Permission View: can delete on DAG Run:example_short_circuit_decorator
[2024-12-13T10:52:10.262+0000] {logging_mixin.py:190} INFO - [2024-12-13T10:52:10.261+0000] {override.py:1900} INFO - Created Permission View: can create on DAG Run:example_short_circuit_decorator
[2024-12-13T10:52:10.263+0000] {logging_mixin.py:190} INFO - [2024-12-13T10:52:10.262+0000] {dag.py:3239} INFO - Sync 1 DAGs
[2024-12-13T10:52:10.289+0000] {logging_mixin.py:190} INFO - [2024-12-13T10:52:10.289+0000] {dag.py:3262} INFO - Creating ORM DAG for example_short_circuit_decorator
[2024-12-13T10:52:10.290+0000] {logging_mixin.py:190} INFO - [2024-12-13T10:52:10.290+0000] {dag.py:4180} INFO - Setting next_dagrun for example_short_circuit_decorator to None, run_after=None
[2024-12-13T10:52:10.317+0000] {processor.py:208} INFO - Processing /opt/bitnami/airflow/venv/lib/python3.12/site-packages/airflow/example_dags/example_short_circuit_decorator.py took 0.239 seconds
[2024-12-13T10:52:40.489+0000] {processor.py:186} INFO - Started process (PID=116) to work on /opt/bitnami/airflow/venv/lib/python3.12/site-packages/airflow/example_dags/example_short_circuit_decorator.py
[2024-12-13T10:52:40.492+0000] {processor.py:914} INFO - Processing file /opt/bitnami/airflow/venv/lib/python3.12/site-packages/airflow/example_dags/example_short_circuit_decorator.py for tasks to queue
[2024-12-13T10:52:40.501+0000] {logging_mixin.py:190} INFO - [2024-12-13T10:52:40.500+0000] {dagbag.py:588} INFO - Filling up the DagBag from /opt/bitnami/airflow/venv/lib/python3.12/site-packages/airflow/example_dags/example_short_circuit_decorator.py
[2024-12-13T10:52:40.512+0000] {processor.py:925} INFO - DAG(s) 'example_short_circuit_decorator' retrieved from /opt/bitnami/airflow/venv/lib/python3.12/site-packages/airflow/example_dags/example_short_circuit_decorator.py
[2024-12-13T10:52:40.608+0000] {logging_mixin.py:190} INFO - [2024-12-13T10:52:40.607+0000] {dag.py:3239} INFO - Sync 1 DAGs
[2024-12-13T10:52:40.668+0000] {logging_mixin.py:190} INFO - [2024-12-13T10:52:40.667+0000] {dag.py:4180} INFO - Setting next_dagrun for example_short_circuit_decorator to None, run_after=None
[2024-12-13T10:52:40.725+0000] {processor.py:208} INFO - Processing /opt/bitnami/airflow/venv/lib/python3.12/site-packages/airflow/example_dags/example_short_circuit_decorator.py took 0.243 seconds
[2024-12-13T10:53:13.179+0000] {processor.py:186} INFO - Started process (PID=173) to work on /opt/bitnami/airflow/venv/lib/python3.12/site-packages/airflow/example_dags/example_short_circuit_decorator.py
[2024-12-13T10:53:13.181+0000] {processor.py:914} INFO - Processing file /opt/bitnami/airflow/venv/lib/python3.12/site-packages/airflow/example_dags/example_short_circuit_decorator.py for tasks to queue
[2024-12-13T10:53:13.183+0000] {logging_mixin.py:190} INFO - [2024-12-13T10:53:13.183+0000] {dagbag.py:588} INFO - Filling up the DagBag from /opt/bitnami/airflow/venv/lib/python3.12/site-packages/airflow/example_dags/example_short_circuit_decorator.py
[2024-12-13T10:53:13.192+0000] {processor.py:925} INFO - DAG(s) 'example_short_circuit_decorator' retrieved from /opt/bitnami/airflow/venv/lib/python3.12/site-packages/airflow/example_dags/example_short_circuit_decorator.py
[2024-12-13T10:53:13.325+0000] {logging_mixin.py:190} INFO - [2024-12-13T10:53:13.325+0000] {dag.py:3239} INFO - Sync 1 DAGs
[2024-12-13T10:53:13.343+0000] {logging_mixin.py:190} INFO - [2024-12-13T10:53:13.343+0000] {dag.py:4180} INFO - Setting next_dagrun for example_short_circuit_decorator to None, run_after=None
[2024-12-13T10:53:13.368+0000] {processor.py:208} INFO - Processing /opt/bitnami/airflow/venv/lib/python3.12/site-packages/airflow/example_dags/example_short_circuit_decorator.py took 0.197 seconds
[2024-12-13T10:53:43.715+0000] {processor.py:186} INFO - Started process (PID=230) to work on /opt/bitnami/airflow/venv/lib/python3.12/site-packages/airflow/example_dags/example_short_circuit_decorator.py
[2024-12-13T10:53:43.716+0000] {processor.py:914} INFO - Processing file /opt/bitnami/airflow/venv/lib/python3.12/site-packages/airflow/example_dags/example_short_circuit_decorator.py for tasks to queue
[2024-12-13T10:53:43.719+0000] {logging_mixin.py:190} INFO - [2024-12-13T10:53:43.718+0000] {dagbag.py:588} INFO - Filling up the DagBag from /opt/bitnami/airflow/venv/lib/python3.12/site-packages/airflow/example_dags/example_short_circuit_decorator.py
[2024-12-13T10:53:43.724+0000] {processor.py:925} INFO - DAG(s) 'example_short_circuit_decorator' retrieved from /opt/bitnami/airflow/venv/lib/python3.12/site-packages/airflow/example_dags/example_short_circuit_decorator.py
[2024-12-13T10:53:43.786+0000] {logging_mixin.py:190} INFO - [2024-12-13T10:53:43.786+0000] {dag.py:3239} INFO - Sync 1 DAGs
[2024-12-13T10:53:43.819+0000] {logging_mixin.py:190} INFO - [2024-12-13T10:53:43.818+0000] {dag.py:4180} INFO - Setting next_dagrun for example_short_circuit_decorator to None, run_after=None
[2024-12-13T10:53:43.864+0000] {processor.py:208} INFO - Processing /opt/bitnami/airflow/venv/lib/python3.12/site-packages/airflow/example_dags/example_short_circuit_decorator.py took 0.154 seconds
[2024-12-13T10:54:14.179+0000] {processor.py:186} INFO - Started process (PID=287) to work on /opt/bitnami/airflow/venv/lib/python3.12/site-packages/airflow/example_dags/example_short_circuit_decorator.py
[2024-12-13T10:54:14.180+0000] {processor.py:914} INFO - Processing file /opt/bitnami/airflow/venv/lib/python3.12/site-packages/airflow/example_dags/example_short_circuit_decorator.py for tasks to queue
[2024-12-13T10:54:14.183+0000] {logging_mixin.py:190} INFO - [2024-12-13T10:54:14.182+0000] {dagbag.py:588} INFO - Filling up the DagBag from /opt/bitnami/airflow/venv/lib/python3.12/site-packages/airflow/example_dags/example_short_circuit_decorator.py
[2024-12-13T10:54:14.191+0000] {processor.py:925} INFO - DAG(s) 'example_short_circuit_decorator' retrieved from /opt/bitnami/airflow/venv/lib/python3.12/site-packages/airflow/example_dags/example_short_circuit_decorator.py
[2024-12-13T10:54:14.247+0000] {logging_mixin.py:190} INFO - [2024-12-13T10:54:14.246+0000] {dag.py:3239} INFO - Sync 1 DAGs
[2024-12-13T10:54:14.266+0000] {logging_mixin.py:190} INFO - [2024-12-13T10:54:14.266+0000] {dag.py:4180} INFO - Setting next_dagrun for example_short_circuit_decorator to None, run_after=None
[2024-12-13T10:54:14.299+0000] {processor.py:208} INFO - Processing /opt/bitnami/airflow/venv/lib/python3.12/site-packages/airflow/example_dags/example_short_circuit_decorator.py took 0.126 seconds
[2024-12-13T10:54:44.353+0000] {processor.py:186} INFO - Started process (PID=344) to work on /opt/bitnami/airflow/venv/lib/python3.12/site-packages/airflow/example_dags/example_short_circuit_decorator.py
[2024-12-13T10:54:44.354+0000] {processor.py:914} INFO - Processing file /opt/bitnami/airflow/venv/lib/python3.12/site-packages/airflow/example_dags/example_short_circuit_decorator.py for tasks to queue
[2024-12-13T10:54:44.356+0000] {logging_mixin.py:190} INFO - [2024-12-13T10:54:44.356+0000] {dagbag.py:588} INFO - Filling up the DagBag from /opt/bitnami/airflow/venv/lib/python3.12/site-packages/airflow/example_dags/example_short_circuit_decorator.py
[2024-12-13T10:54:44.367+0000] {processor.py:925} INFO - DAG(s) 'example_short_circuit_decorator' retrieved from /opt/bitnami/airflow/venv/lib/python3.12/site-packages/airflow/example_dags/example_short_circuit_decorator.py
[2024-12-13T10:54:44.404+0000] {logging_mixin.py:190} INFO - [2024-12-13T10:54:44.404+0000] {dag.py:3239} INFO - Sync 1 DAGs
[2024-12-13T10:54:44.439+0000] {logging_mixin.py:190} INFO - [2024-12-13T10:54:44.439+0000] {dag.py:4180} INFO - Setting next_dagrun for example_short_circuit_decorator to None, run_after=None
[2024-12-13T10:54:44.469+0000] {processor.py:208} INFO - Processing /opt/bitnami/airflow/venv/lib/python3.12/site-packages/airflow/example_dags/example_short_circuit_decorator.py took 0.122 seconds
[2024-12-13T10:55:15.219+0000] {processor.py:186} INFO - Started process (PID=401) to work on /opt/bitnami/airflow/venv/lib/python3.12/site-packages/airflow/example_dags/example_short_circuit_decorator.py
[2024-12-13T10:55:15.219+0000] {processor.py:914} INFO - Processing file /opt/bitnami/airflow/venv/lib/python3.12/site-packages/airflow/example_dags/example_short_circuit_decorator.py for tasks to queue
[2024-12-13T10:55:15.221+0000] {logging_mixin.py:190} INFO - [2024-12-13T10:55:15.221+0000] {dagbag.py:588} INFO - Filling up the DagBag from /opt/bitnami/airflow/venv/lib/python3.12/site-packages/airflow/example_dags/example_short_circuit_decorator.py
[2024-12-13T10:55:15.232+0000] {processor.py:925} INFO - DAG(s) 'example_short_circuit_decorator' retrieved from /opt/bitnami/airflow/venv/lib/python3.12/site-packages/airflow/example_dags/example_short_circuit_decorator.py
[2024-12-13T10:55:15.317+0000] {logging_mixin.py:190} INFO - [2024-12-13T10:55:15.316+0000] {dag.py:3239} INFO - Sync 1 DAGs
[2024-12-13T10:55:15.350+0000] {logging_mixin.py:190} INFO - [2024-12-13T10:55:15.349+0000] {dag.py:4180} INFO - Setting next_dagrun for example_short_circuit_decorator to None, run_after=None
[2024-12-13T10:55:15.401+0000] {processor.py:208} INFO - Processing /opt/bitnami/airflow/venv/lib/python3.12/site-packages/airflow/example_dags/example_short_circuit_decorator.py took 0.186 seconds
[2024-12-13T10:55:45.646+0000] {processor.py:186} INFO - Started process (PID=458) to work on /opt/bitnami/airflow/venv/lib/python3.12/site-packages/airflow/example_dags/example_short_circuit_decorator.py
[2024-12-13T10:55:45.647+0000] {processor.py:914} INFO - Processing file /opt/bitnami/airflow/venv/lib/python3.12/site-packages/airflow/example_dags/example_short_circuit_decorator.py for tasks to queue
[2024-12-13T10:55:45.649+0000] {logging_mixin.py:190} INFO - [2024-12-13T10:55:45.649+0000] {dagbag.py:588} INFO - Filling up the DagBag from /opt/bitnami/airflow/venv/lib/python3.12/site-packages/airflow/example_dags/example_short_circuit_decorator.py
[2024-12-13T10:55:45.655+0000] {processor.py:925} INFO - DAG(s) 'example_short_circuit_decorator' retrieved from /opt/bitnami/airflow/venv/lib/python3.12/site-packages/airflow/example_dags/example_short_circuit_decorator.py
[2024-12-13T10:55:45.726+0000] {logging_mixin.py:190} INFO - [2024-12-13T10:55:45.726+0000] {dag.py:3239} INFO - Sync 1 DAGs
[2024-12-13T10:55:45.766+0000] {logging_mixin.py:190} INFO - [2024-12-13T10:55:45.766+0000] {dag.py:4180} INFO - Setting next_dagrun for example_short_circuit_decorator to None, run_after=None
[2024-12-13T10:55:45.813+0000] {processor.py:208} INFO - Processing /opt/bitnami/airflow/venv/lib/python3.12/site-packages/airflow/example_dags/example_short_circuit_decorator.py took 0.171 seconds
[2024-12-13T10:56:16.519+0000] {processor.py:186} INFO - Started process (PID=515) to work on /opt/bitnami/airflow/venv/lib/python3.12/site-packages/airflow/example_dags/example_short_circuit_decorator.py
[2024-12-13T10:56:16.520+0000] {processor.py:914} INFO - Processing file /opt/bitnami/airflow/venv/lib/python3.12/site-packages/airflow/example_dags/example_short_circuit_decorator.py for tasks to queue
[2024-12-13T10:56:16.522+0000] {logging_mixin.py:190} INFO - [2024-12-13T10:56:16.522+0000] {dagbag.py:588} INFO - Filling up the DagBag from /opt/bitnami/airflow/venv/lib/python3.12/site-packages/airflow/example_dags/example_short_circuit_decorator.py
[2024-12-13T10:56:16.528+0000] {processor.py:925} INFO - DAG(s) 'example_short_circuit_decorator' retrieved from /opt/bitnami/airflow/venv/lib/python3.12/site-packages/airflow/example_dags/example_short_circuit_decorator.py
[2024-12-13T10:56:16.590+0000] {logging_mixin.py:190} INFO - [2024-12-13T10:56:16.589+0000] {dag.py:3239} INFO - Sync 1 DAGs
[2024-12-13T10:56:16.633+0000] {logging_mixin.py:190} INFO - [2024-12-13T10:56:16.633+0000] {dag.py:4180} INFO - Setting next_dagrun for example_short_circuit_decorator to None, run_after=None
[2024-12-13T10:56:16.680+0000] {processor.py:208} INFO - Processing /opt/bitnami/airflow/venv/lib/python3.12/site-packages/airflow/example_dags/example_short_circuit_decorator.py took 0.165 seconds
[2024-12-13T10:56:46.904+0000] {processor.py:186} INFO - Started process (PID=572) to work on /opt/bitnami/airflow/venv/lib/python3.12/site-packages/airflow/example_dags/example_short_circuit_decorator.py
[2024-12-13T10:56:46.906+0000] {processor.py:914} INFO - Processing file /opt/bitnami/airflow/venv/lib/python3.12/site-packages/airflow/example_dags/example_short_circuit_decorator.py for tasks to queue
[2024-12-13T10:56:46.908+0000] {logging_mixin.py:190} INFO - [2024-12-13T10:56:46.908+0000] {dagbag.py:588} INFO - Filling up the DagBag from /opt/bitnami/airflow/venv/lib/python3.12/site-packages/airflow/example_dags/example_short_circuit_decorator.py
[2024-12-13T10:56:46.916+0000] {processor.py:925} INFO - DAG(s) 'example_short_circuit_decorator' retrieved from /opt/bitnami/airflow/venv/lib/python3.12/site-packages/airflow/example_dags/example_short_circuit_decorator.py
[2024-12-13T10:56:46.967+0000] {logging_mixin.py:190} INFO - [2024-12-13T10:56:46.966+0000] {dag.py:3239} INFO - Sync 1 DAGs
[2024-12-13T10:56:46.994+0000] {logging_mixin.py:190} INFO - [2024-12-13T10:56:46.994+0000] {dag.py:4180} INFO - Setting next_dagrun for example_short_circuit_decorator to None, run_after=None
[2024-12-13T10:56:47.036+0000] {processor.py:208} INFO - Processing /opt/bitnami/airflow/venv/lib/python3.12/site-packages/airflow/example_dags/example_short_circuit_decorator.py took 0.136 seconds
[2024-12-13T10:57:17.413+0000] {processor.py:186} INFO - Started process (PID=629) to work on /opt/bitnami/airflow/venv/lib/python3.12/site-packages/airflow/example_dags/example_short_circuit_decorator.py
[2024-12-13T10:57:17.414+0000] {processor.py:914} INFO - Processing file /opt/bitnami/airflow/venv/lib/python3.12/site-packages/airflow/example_dags/example_short_circuit_decorator.py for tasks to queue
[2024-12-13T10:57:17.417+0000] {logging_mixin.py:190} INFO - [2024-12-13T10:57:17.417+0000] {dagbag.py:588} INFO - Filling up the DagBag from /opt/bitnami/airflow/venv/lib/python3.12/site-packages/airflow/example_dags/example_short_circuit_decorator.py
[2024-12-13T10:57:17.427+0000] {processor.py:925} INFO - DAG(s) 'example_short_circuit_decorator' retrieved from /opt/bitnami/airflow/venv/lib/python3.12/site-packages/airflow/example_dags/example_short_circuit_decorator.py
[2024-12-13T10:57:17.534+0000] {logging_mixin.py:190} INFO - [2024-12-13T10:57:17.533+0000] {dag.py:3239} INFO - Sync 1 DAGs
[2024-12-13T10:57:17.571+0000] {logging_mixin.py:190} INFO - [2024-12-13T10:57:17.571+0000] {dag.py:4180} INFO - Setting next_dagrun for example_short_circuit_decorator to None, run_after=None
[2024-12-13T10:57:17.615+0000] {processor.py:208} INFO - Processing /opt/bitnami/airflow/venv/lib/python3.12/site-packages/airflow/example_dags/example_short_circuit_decorator.py took 0.208 seconds
[2024-12-13T10:57:47.723+0000] {processor.py:186} INFO - Started process (PID=686) to work on /opt/bitnami/airflow/venv/lib/python3.12/site-packages/airflow/example_dags/example_short_circuit_decorator.py
[2024-12-13T10:57:47.724+0000] {processor.py:914} INFO - Processing file /opt/bitnami/airflow/venv/lib/python3.12/site-packages/airflow/example_dags/example_short_circuit_decorator.py for tasks to queue
[2024-12-13T10:57:47.727+0000] {logging_mixin.py:190} INFO - [2024-12-13T10:57:47.727+0000] {dagbag.py:588} INFO - Filling up the DagBag from /opt/bitnami/airflow/venv/lib/python3.12/site-packages/airflow/example_dags/example_short_circuit_decorator.py
[2024-12-13T10:57:47.734+0000] {processor.py:925} INFO - DAG(s) 'example_short_circuit_decorator' retrieved from /opt/bitnami/airflow/venv/lib/python3.12/site-packages/airflow/example_dags/example_short_circuit_decorator.py
[2024-12-13T10:57:47.771+0000] {logging_mixin.py:190} INFO - [2024-12-13T10:57:47.770+0000] {dag.py:3239} INFO - Sync 1 DAGs
[2024-12-13T10:57:47.793+0000] {logging_mixin.py:190} INFO - [2024-12-13T10:57:47.793+0000] {dag.py:4180} INFO - Setting next_dagrun for example_short_circuit_decorator to None, run_after=None
[2024-12-13T10:57:47.817+0000] {processor.py:208} INFO - Processing /opt/bitnami/airflow/venv/lib/python3.12/site-packages/airflow/example_dags/example_short_circuit_decorator.py took 0.098 seconds
[2024-12-13T10:58:17.852+0000] {processor.py:186} INFO - Started process (PID=742) to work on /opt/bitnami/airflow/venv/lib/python3.12/site-packages/airflow/example_dags/example_short_circuit_decorator.py
[2024-12-13T10:58:17.853+0000] {processor.py:914} INFO - Processing file /opt/bitnami/airflow/venv/lib/python3.12/site-packages/airflow/example_dags/example_short_circuit_decorator.py for tasks to queue
[2024-12-13T10:58:17.855+0000] {logging_mixin.py:190} INFO - [2024-12-13T10:58:17.855+0000] {dagbag.py:588} INFO - Filling up the DagBag from /opt/bitnami/airflow/venv/lib/python3.12/site-packages/airflow/example_dags/example_short_circuit_decorator.py
[2024-12-13T10:58:17.861+0000] {processor.py:925} INFO - DAG(s) 'example_short_circuit_decorator' retrieved from /opt/bitnami/airflow/venv/lib/python3.12/site-packages/airflow/example_dags/example_short_circuit_decorator.py
[2024-12-13T10:58:17.914+0000] {logging_mixin.py:190} INFO - [2024-12-13T10:58:17.913+0000] {dag.py:3239} INFO - Sync 1 DAGs
[2024-12-13T10:58:17.939+0000] {logging_mixin.py:190} INFO - [2024-12-13T10:58:17.939+0000] {dag.py:4180} INFO - Setting next_dagrun for example_short_circuit_decorator to None, run_after=None
[2024-12-13T10:58:17.963+0000] {processor.py:208} INFO - Processing /opt/bitnami/airflow/venv/lib/python3.12/site-packages/airflow/example_dags/example_short_circuit_decorator.py took 0.116 seconds
[2024-12-13T10:58:49.351+0000] {processor.py:186} INFO - Started process (PID=800) to work on /opt/bitnami/airflow/venv/lib/python3.12/site-packages/airflow/example_dags/example_short_circuit_decorator.py
[2024-12-13T10:58:49.352+0000] {processor.py:914} INFO - Processing file /opt/bitnami/airflow/venv/lib/python3.12/site-packages/airflow/example_dags/example_short_circuit_decorator.py for tasks to queue
[2024-12-13T10:58:49.354+0000] {logging_mixin.py:190} INFO - [2024-12-13T10:58:49.354+0000] {dagbag.py:588} INFO - Filling up the DagBag from /opt/bitnami/airflow/venv/lib/python3.12/site-packages/airflow/example_dags/example_short_circuit_decorator.py
[2024-12-13T10:58:49.360+0000] {processor.py:925} INFO - DAG(s) 'example_short_circuit_decorator' retrieved from /opt/bitnami/airflow/venv/lib/python3.12/site-packages/airflow/example_dags/example_short_circuit_decorator.py
[2024-12-13T10:58:49.412+0000] {logging_mixin.py:190} INFO - [2024-12-13T10:58:49.411+0000] {dag.py:3239} INFO - Sync 1 DAGs
[2024-12-13T10:58:49.448+0000] {logging_mixin.py:190} INFO - [2024-12-13T10:58:49.448+0000] {dag.py:4180} INFO - Setting next_dagrun for example_short_circuit_decorator to None, run_after=None
[2024-12-13T10:58:49.477+0000] {processor.py:208} INFO - Processing /opt/bitnami/airflow/venv/lib/python3.12/site-packages/airflow/example_dags/example_short_circuit_decorator.py took 0.131 seconds
[2024-12-13T11:07:30.149+0000] {processor.py:186} INFO - Started process (PID=59) to work on /opt/bitnami/airflow/venv/lib/python3.12/site-packages/airflow/example_dags/example_short_circuit_decorator.py
[2024-12-13T11:07:30.150+0000] {processor.py:914} INFO - Processing file /opt/bitnami/airflow/venv/lib/python3.12/site-packages/airflow/example_dags/example_short_circuit_decorator.py for tasks to queue
[2024-12-13T11:07:30.152+0000] {logging_mixin.py:190} INFO - [2024-12-13T11:07:30.152+0000] {dagbag.py:588} INFO - Filling up the DagBag from /opt/bitnami/airflow/venv/lib/python3.12/site-packages/airflow/example_dags/example_short_circuit_decorator.py
[2024-12-13T11:07:30.158+0000] {processor.py:925} INFO - DAG(s) 'example_short_circuit_decorator' retrieved from /opt/bitnami/airflow/venv/lib/python3.12/site-packages/airflow/example_dags/example_short_circuit_decorator.py
[2024-12-13T11:07:30.198+0000] {logging_mixin.py:190} INFO - [2024-12-13T11:07:30.197+0000] {dag.py:3239} INFO - Sync 1 DAGs
[2024-12-13T11:07:30.216+0000] {logging_mixin.py:190} INFO - [2024-12-13T11:07:30.216+0000] {dag.py:4180} INFO - Setting next_dagrun for example_short_circuit_decorator to None, run_after=None
[2024-12-13T11:07:30.234+0000] {processor.py:208} INFO - Processing /opt/bitnami/airflow/venv/lib/python3.12/site-packages/airflow/example_dags/example_short_circuit_decorator.py took 0.090 seconds
[2024-12-13T11:08:00.754+0000] {processor.py:186} INFO - Started process (PID=116) to work on /opt/bitnami/airflow/venv/lib/python3.12/site-packages/airflow/example_dags/example_short_circuit_decorator.py
[2024-12-13T11:08:00.754+0000] {processor.py:914} INFO - Processing file /opt/bitnami/airflow/venv/lib/python3.12/site-packages/airflow/example_dags/example_short_circuit_decorator.py for tasks to queue
[2024-12-13T11:08:00.756+0000] {logging_mixin.py:190} INFO - [2024-12-13T11:08:00.756+0000] {dagbag.py:588} INFO - Filling up the DagBag from /opt/bitnami/airflow/venv/lib/python3.12/site-packages/airflow/example_dags/example_short_circuit_decorator.py
[2024-12-13T11:08:00.764+0000] {processor.py:925} INFO - DAG(s) 'example_short_circuit_decorator' retrieved from /opt/bitnami/airflow/venv/lib/python3.12/site-packages/airflow/example_dags/example_short_circuit_decorator.py
[2024-12-13T11:08:00.822+0000] {logging_mixin.py:190} INFO - [2024-12-13T11:08:00.822+0000] {dag.py:3239} INFO - Sync 1 DAGs
[2024-12-13T11:08:00.853+0000] {logging_mixin.py:190} INFO - [2024-12-13T11:08:00.853+0000] {dag.py:4180} INFO - Setting next_dagrun for example_short_circuit_decorator to None, run_after=None
[2024-12-13T11:08:00.883+0000] {processor.py:208} INFO - Processing /opt/bitnami/airflow/venv/lib/python3.12/site-packages/airflow/example_dags/example_short_circuit_decorator.py took 0.134 seconds
[2024-12-13T11:08:32.059+0000] {processor.py:186} INFO - Started process (PID=173) to work on /opt/bitnami/airflow/venv/lib/python3.12/site-packages/airflow/example_dags/example_short_circuit_decorator.py
[2024-12-13T11:08:32.060+0000] {processor.py:914} INFO - Processing file /opt/bitnami/airflow/venv/lib/python3.12/site-packages/airflow/example_dags/example_short_circuit_decorator.py for tasks to queue
[2024-12-13T11:08:32.063+0000] {logging_mixin.py:190} INFO - [2024-12-13T11:08:32.063+0000] {dagbag.py:588} INFO - Filling up the DagBag from /opt/bitnami/airflow/venv/lib/python3.12/site-packages/airflow/example_dags/example_short_circuit_decorator.py
[2024-12-13T11:08:32.073+0000] {processor.py:925} INFO - DAG(s) 'example_short_circuit_decorator' retrieved from /opt/bitnami/airflow/venv/lib/python3.12/site-packages/airflow/example_dags/example_short_circuit_decorator.py
[2024-12-13T11:08:32.257+0000] {logging_mixin.py:190} INFO - [2024-12-13T11:08:32.256+0000] {dag.py:3239} INFO - Sync 1 DAGs
[2024-12-13T11:08:32.292+0000] {logging_mixin.py:190} INFO - [2024-12-13T11:08:32.291+0000] {dag.py:4180} INFO - Setting next_dagrun for example_short_circuit_decorator to None, run_after=None
[2024-12-13T11:08:32.341+0000] {processor.py:208} INFO - Processing /opt/bitnami/airflow/venv/lib/python3.12/site-packages/airflow/example_dags/example_short_circuit_decorator.py took 0.289 seconds
[2024-12-13T11:09:03.135+0000] {processor.py:186} INFO - Started process (PID=230) to work on /opt/bitnami/airflow/venv/lib/python3.12/site-packages/airflow/example_dags/example_short_circuit_decorator.py
[2024-12-13T11:09:03.137+0000] {processor.py:914} INFO - Processing file /opt/bitnami/airflow/venv/lib/python3.12/site-packages/airflow/example_dags/example_short_circuit_decorator.py for tasks to queue
[2024-12-13T11:09:03.141+0000] {logging_mixin.py:190} INFO - [2024-12-13T11:09:03.141+0000] {dagbag.py:588} INFO - Filling up the DagBag from /opt/bitnami/airflow/venv/lib/python3.12/site-packages/airflow/example_dags/example_short_circuit_decorator.py
[2024-12-13T11:09:03.157+0000] {processor.py:925} INFO - DAG(s) 'example_short_circuit_decorator' retrieved from /opt/bitnami/airflow/venv/lib/python3.12/site-packages/airflow/example_dags/example_short_circuit_decorator.py
[2024-12-13T11:09:03.277+0000] {logging_mixin.py:190} INFO - [2024-12-13T11:09:03.276+0000] {dag.py:3239} INFO - Sync 1 DAGs
[2024-12-13T11:09:03.318+0000] {logging_mixin.py:190} INFO - [2024-12-13T11:09:03.318+0000] {dag.py:4180} INFO - Setting next_dagrun for example_short_circuit_decorator to None, run_after=None
[2024-12-13T11:09:03.364+0000] {processor.py:208} INFO - Processing /opt/bitnami/airflow/venv/lib/python3.12/site-packages/airflow/example_dags/example_short_circuit_decorator.py took 0.240 seconds
[2024-12-13T11:09:33.473+0000] {processor.py:186} INFO - Started process (PID=287) to work on /opt/bitnami/airflow/venv/lib/python3.12/site-packages/airflow/example_dags/example_short_circuit_decorator.py
[2024-12-13T11:09:33.475+0000] {processor.py:914} INFO - Processing file /opt/bitnami/airflow/venv/lib/python3.12/site-packages/airflow/example_dags/example_short_circuit_decorator.py for tasks to queue
[2024-12-13T11:09:33.477+0000] {logging_mixin.py:190} INFO - [2024-12-13T11:09:33.477+0000] {dagbag.py:588} INFO - Filling up the DagBag from /opt/bitnami/airflow/venv/lib/python3.12/site-packages/airflow/example_dags/example_short_circuit_decorator.py
[2024-12-13T11:09:33.486+0000] {processor.py:925} INFO - DAG(s) 'example_short_circuit_decorator' retrieved from /opt/bitnami/airflow/venv/lib/python3.12/site-packages/airflow/example_dags/example_short_circuit_decorator.py
[2024-12-13T11:09:33.587+0000] {logging_mixin.py:190} INFO - [2024-12-13T11:09:33.586+0000] {dag.py:3239} INFO - Sync 1 DAGs
[2024-12-13T11:09:33.612+0000] {logging_mixin.py:190} INFO - [2024-12-13T11:09:33.612+0000] {dag.py:4180} INFO - Setting next_dagrun for example_short_circuit_decorator to None, run_after=None
[2024-12-13T11:09:33.642+0000] {processor.py:208} INFO - Processing /opt/bitnami/airflow/venv/lib/python3.12/site-packages/airflow/example_dags/example_short_circuit_decorator.py took 0.177 seconds
[2024-12-13T11:13:42.814+0000] {processor.py:186} INFO - Started process (PID=59) to work on /opt/bitnami/airflow/venv/lib/python3.12/site-packages/airflow/example_dags/example_short_circuit_decorator.py
[2024-12-13T11:13:42.817+0000] {processor.py:914} INFO - Processing file /opt/bitnami/airflow/venv/lib/python3.12/site-packages/airflow/example_dags/example_short_circuit_decorator.py for tasks to queue
[2024-12-13T11:13:42.821+0000] {logging_mixin.py:190} INFO - [2024-12-13T11:13:42.820+0000] {dagbag.py:588} INFO - Filling up the DagBag from /opt/bitnami/airflow/venv/lib/python3.12/site-packages/airflow/example_dags/example_short_circuit_decorator.py
[2024-12-13T11:13:42.829+0000] {processor.py:925} INFO - DAG(s) 'example_short_circuit_decorator' retrieved from /opt/bitnami/airflow/venv/lib/python3.12/site-packages/airflow/example_dags/example_short_circuit_decorator.py
[2024-12-13T11:13:42.880+0000] {logging_mixin.py:190} INFO - [2024-12-13T11:13:42.880+0000] {dag.py:3239} INFO - Sync 1 DAGs
[2024-12-13T11:13:42.907+0000] {logging_mixin.py:190} INFO - [2024-12-13T11:13:42.907+0000] {dag.py:4180} INFO - Setting next_dagrun for example_short_circuit_decorator to None, run_after=None
[2024-12-13T11:13:42.931+0000] {processor.py:208} INFO - Processing /opt/bitnami/airflow/venv/lib/python3.12/site-packages/airflow/example_dags/example_short_circuit_decorator.py took 0.126 seconds
[2024-12-13T11:14:13.428+0000] {processor.py:186} INFO - Started process (PID=116) to work on /opt/bitnami/airflow/venv/lib/python3.12/site-packages/airflow/example_dags/example_short_circuit_decorator.py
[2024-12-13T11:14:13.429+0000] {processor.py:914} INFO - Processing file /opt/bitnami/airflow/venv/lib/python3.12/site-packages/airflow/example_dags/example_short_circuit_decorator.py for tasks to queue
[2024-12-13T11:14:13.432+0000] {logging_mixin.py:190} INFO - [2024-12-13T11:14:13.432+0000] {dagbag.py:588} INFO - Filling up the DagBag from /opt/bitnami/airflow/venv/lib/python3.12/site-packages/airflow/example_dags/example_short_circuit_decorator.py
[2024-12-13T11:14:13.439+0000] {processor.py:925} INFO - DAG(s) 'example_short_circuit_decorator' retrieved from /opt/bitnami/airflow/venv/lib/python3.12/site-packages/airflow/example_dags/example_short_circuit_decorator.py
[2024-12-13T11:14:13.505+0000] {logging_mixin.py:190} INFO - [2024-12-13T11:14:13.505+0000] {dag.py:3239} INFO - Sync 1 DAGs
[2024-12-13T11:14:13.531+0000] {logging_mixin.py:190} INFO - [2024-12-13T11:14:13.531+0000] {dag.py:4180} INFO - Setting next_dagrun for example_short_circuit_decorator to None, run_after=None
[2024-12-13T11:14:13.556+0000] {processor.py:208} INFO - Processing /opt/bitnami/airflow/venv/lib/python3.12/site-packages/airflow/example_dags/example_short_circuit_decorator.py took 0.132 seconds
[2024-12-13T11:14:45.066+0000] {processor.py:186} INFO - Started process (PID=173) to work on /opt/bitnami/airflow/venv/lib/python3.12/site-packages/airflow/example_dags/example_short_circuit_decorator.py
[2024-12-13T11:14:45.067+0000] {processor.py:914} INFO - Processing file /opt/bitnami/airflow/venv/lib/python3.12/site-packages/airflow/example_dags/example_short_circuit_decorator.py for tasks to queue
[2024-12-13T11:14:45.070+0000] {logging_mixin.py:190} INFO - [2024-12-13T11:14:45.070+0000] {dagbag.py:588} INFO - Filling up the DagBag from /opt/bitnami/airflow/venv/lib/python3.12/site-packages/airflow/example_dags/example_short_circuit_decorator.py
[2024-12-13T11:14:45.081+0000] {processor.py:925} INFO - DAG(s) 'example_short_circuit_decorator' retrieved from /opt/bitnami/airflow/venv/lib/python3.12/site-packages/airflow/example_dags/example_short_circuit_decorator.py
[2024-12-13T11:14:45.252+0000] {logging_mixin.py:190} INFO - [2024-12-13T11:14:45.252+0000] {dag.py:3239} INFO - Sync 1 DAGs
[2024-12-13T11:14:45.290+0000] {logging_mixin.py:190} INFO - [2024-12-13T11:14:45.290+0000] {dag.py:4180} INFO - Setting next_dagrun for example_short_circuit_decorator to None, run_after=None
[2024-12-13T11:14:45.338+0000] {processor.py:208} INFO - Processing /opt/bitnami/airflow/venv/lib/python3.12/site-packages/airflow/example_dags/example_short_circuit_decorator.py took 0.277 seconds
[2024-12-13T11:15:16.267+0000] {processor.py:186} INFO - Started process (PID=230) to work on /opt/bitnami/airflow/venv/lib/python3.12/site-packages/airflow/example_dags/example_short_circuit_decorator.py
[2024-12-13T11:15:16.269+0000] {processor.py:914} INFO - Processing file /opt/bitnami/airflow/venv/lib/python3.12/site-packages/airflow/example_dags/example_short_circuit_decorator.py for tasks to queue
[2024-12-13T11:15:16.272+0000] {logging_mixin.py:190} INFO - [2024-12-13T11:15:16.272+0000] {dagbag.py:588} INFO - Filling up the DagBag from /opt/bitnami/airflow/venv/lib/python3.12/site-packages/airflow/example_dags/example_short_circuit_decorator.py
[2024-12-13T11:15:16.281+0000] {processor.py:925} INFO - DAG(s) 'example_short_circuit_decorator' retrieved from /opt/bitnami/airflow/venv/lib/python3.12/site-packages/airflow/example_dags/example_short_circuit_decorator.py
[2024-12-13T11:15:16.355+0000] {logging_mixin.py:190} INFO - [2024-12-13T11:15:16.354+0000] {dag.py:3239} INFO - Sync 1 DAGs
[2024-12-13T11:15:16.394+0000] {logging_mixin.py:190} INFO - [2024-12-13T11:15:16.394+0000] {dag.py:4180} INFO - Setting next_dagrun for example_short_circuit_decorator to None, run_after=None
[2024-12-13T11:15:16.439+0000] {processor.py:208} INFO - Processing /opt/bitnami/airflow/venv/lib/python3.12/site-packages/airflow/example_dags/example_short_circuit_decorator.py took 0.177 seconds
[2024-12-13T11:57:07.862+0000] {processor.py:186} INFO - Started process (PID=59) to work on /opt/bitnami/airflow/venv/lib/python3.12/site-packages/airflow/example_dags/example_short_circuit_decorator.py
[2024-12-13T11:57:07.864+0000] {processor.py:914} INFO - Processing file /opt/bitnami/airflow/venv/lib/python3.12/site-packages/airflow/example_dags/example_short_circuit_decorator.py for tasks to queue
[2024-12-13T11:57:07.866+0000] {logging_mixin.py:190} INFO - [2024-12-13T11:57:07.866+0000] {dagbag.py:588} INFO - Filling up the DagBag from /opt/bitnami/airflow/venv/lib/python3.12/site-packages/airflow/example_dags/example_short_circuit_decorator.py
[2024-12-13T11:57:07.873+0000] {processor.py:925} INFO - DAG(s) 'example_short_circuit_decorator' retrieved from /opt/bitnami/airflow/venv/lib/python3.12/site-packages/airflow/example_dags/example_short_circuit_decorator.py
[2024-12-13T11:57:07.917+0000] {logging_mixin.py:190} INFO - [2024-12-13T11:57:07.916+0000] {dag.py:3239} INFO - Sync 1 DAGs
[2024-12-13T11:57:07.940+0000] {logging_mixin.py:190} INFO - [2024-12-13T11:57:07.939+0000] {dag.py:4180} INFO - Setting next_dagrun for example_short_circuit_decorator to None, run_after=None
[2024-12-13T11:57:07.964+0000] {processor.py:208} INFO - Processing /opt/bitnami/airflow/venv/lib/python3.12/site-packages/airflow/example_dags/example_short_circuit_decorator.py took 0.107 seconds
[2024-12-13T11:57:38.842+0000] {processor.py:186} INFO - Started process (PID=116) to work on /opt/bitnami/airflow/venv/lib/python3.12/site-packages/airflow/example_dags/example_short_circuit_decorator.py
[2024-12-13T11:57:38.844+0000] {processor.py:914} INFO - Processing file /opt/bitnami/airflow/venv/lib/python3.12/site-packages/airflow/example_dags/example_short_circuit_decorator.py for tasks to queue
[2024-12-13T11:57:38.846+0000] {logging_mixin.py:190} INFO - [2024-12-13T11:57:38.846+0000] {dagbag.py:588} INFO - Filling up the DagBag from /opt/bitnami/airflow/venv/lib/python3.12/site-packages/airflow/example_dags/example_short_circuit_decorator.py
[2024-12-13T11:57:38.854+0000] {processor.py:925} INFO - DAG(s) 'example_short_circuit_decorator' retrieved from /opt/bitnami/airflow/venv/lib/python3.12/site-packages/airflow/example_dags/example_short_circuit_decorator.py
[2024-12-13T11:57:38.912+0000] {logging_mixin.py:190} INFO - [2024-12-13T11:57:38.911+0000] {dag.py:3239} INFO - Sync 1 DAGs
[2024-12-13T11:57:38.940+0000] {logging_mixin.py:190} INFO - [2024-12-13T11:57:38.940+0000] {dag.py:4180} INFO - Setting next_dagrun for example_short_circuit_decorator to None, run_after=None
[2024-12-13T11:57:39.001+0000] {processor.py:208} INFO - Processing /opt/bitnami/airflow/venv/lib/python3.12/site-packages/airflow/example_dags/example_short_circuit_decorator.py took 0.166 seconds
[2024-12-13T11:58:33.434+0000] {processor.py:186} INFO - Started process (PID=59) to work on /opt/bitnami/airflow/venv/lib/python3.12/site-packages/airflow/example_dags/example_short_circuit_decorator.py
[2024-12-13T11:58:33.435+0000] {processor.py:914} INFO - Processing file /opt/bitnami/airflow/venv/lib/python3.12/site-packages/airflow/example_dags/example_short_circuit_decorator.py for tasks to queue
[2024-12-13T11:58:33.438+0000] {logging_mixin.py:190} INFO - [2024-12-13T11:58:33.437+0000] {dagbag.py:588} INFO - Filling up the DagBag from /opt/bitnami/airflow/venv/lib/python3.12/site-packages/airflow/example_dags/example_short_circuit_decorator.py
[2024-12-13T11:58:33.445+0000] {processor.py:925} INFO - DAG(s) 'example_short_circuit_decorator' retrieved from /opt/bitnami/airflow/venv/lib/python3.12/site-packages/airflow/example_dags/example_short_circuit_decorator.py
[2024-12-13T11:58:33.479+0000] {logging_mixin.py:190} INFO - [2024-12-13T11:58:33.479+0000] {dag.py:3239} INFO - Sync 1 DAGs
[2024-12-13T11:58:33.498+0000] {logging_mixin.py:190} INFO - [2024-12-13T11:58:33.497+0000] {dag.py:4180} INFO - Setting next_dagrun for example_short_circuit_decorator to None, run_after=None
[2024-12-13T11:58:33.518+0000] {processor.py:208} INFO - Processing /opt/bitnami/airflow/venv/lib/python3.12/site-packages/airflow/example_dags/example_short_circuit_decorator.py took 0.090 seconds
[2024-12-13T11:59:04.434+0000] {processor.py:186} INFO - Started process (PID=116) to work on /opt/bitnami/airflow/venv/lib/python3.12/site-packages/airflow/example_dags/example_short_circuit_decorator.py
[2024-12-13T11:59:04.435+0000] {processor.py:914} INFO - Processing file /opt/bitnami/airflow/venv/lib/python3.12/site-packages/airflow/example_dags/example_short_circuit_decorator.py for tasks to queue
[2024-12-13T11:59:04.438+0000] {logging_mixin.py:190} INFO - [2024-12-13T11:59:04.438+0000] {dagbag.py:588} INFO - Filling up the DagBag from /opt/bitnami/airflow/venv/lib/python3.12/site-packages/airflow/example_dags/example_short_circuit_decorator.py
[2024-12-13T11:59:04.447+0000] {processor.py:925} INFO - DAG(s) 'example_short_circuit_decorator' retrieved from /opt/bitnami/airflow/venv/lib/python3.12/site-packages/airflow/example_dags/example_short_circuit_decorator.py
[2024-12-13T11:59:04.491+0000] {logging_mixin.py:190} INFO - [2024-12-13T11:59:04.490+0000] {dag.py:3239} INFO - Sync 1 DAGs
[2024-12-13T11:59:04.515+0000] {logging_mixin.py:190} INFO - [2024-12-13T11:59:04.515+0000] {dag.py:4180} INFO - Setting next_dagrun for example_short_circuit_decorator to None, run_after=None
[2024-12-13T11:59:04.549+0000] {processor.py:208} INFO - Processing /opt/bitnami/airflow/venv/lib/python3.12/site-packages/airflow/example_dags/example_short_circuit_decorator.py took 0.121 seconds
[2024-12-13T11:59:35.035+0000] {processor.py:186} INFO - Started process (PID=173) to work on /opt/bitnami/airflow/venv/lib/python3.12/site-packages/airflow/example_dags/example_short_circuit_decorator.py
[2024-12-13T11:59:35.036+0000] {processor.py:914} INFO - Processing file /opt/bitnami/airflow/venv/lib/python3.12/site-packages/airflow/example_dags/example_short_circuit_decorator.py for tasks to queue
[2024-12-13T11:59:35.038+0000] {logging_mixin.py:190} INFO - [2024-12-13T11:59:35.038+0000] {dagbag.py:588} INFO - Filling up the DagBag from /opt/bitnami/airflow/venv/lib/python3.12/site-packages/airflow/example_dags/example_short_circuit_decorator.py
[2024-12-13T11:59:35.045+0000] {processor.py:925} INFO - DAG(s) 'example_short_circuit_decorator' retrieved from /opt/bitnami/airflow/venv/lib/python3.12/site-packages/airflow/example_dags/example_short_circuit_decorator.py
[2024-12-13T11:59:35.122+0000] {logging_mixin.py:190} INFO - [2024-12-13T11:59:35.121+0000] {dag.py:3239} INFO - Sync 1 DAGs
[2024-12-13T11:59:35.141+0000] {logging_mixin.py:190} INFO - [2024-12-13T11:59:35.141+0000] {dag.py:4180} INFO - Setting next_dagrun for example_short_circuit_decorator to None, run_after=None
[2024-12-13T11:59:35.163+0000] {processor.py:208} INFO - Processing /opt/bitnami/airflow/venv/lib/python3.12/site-packages/airflow/example_dags/example_short_circuit_decorator.py took 0.132 seconds
[2024-12-13T12:00:05.797+0000] {processor.py:186} INFO - Started process (PID=230) to work on /opt/bitnami/airflow/venv/lib/python3.12/site-packages/airflow/example_dags/example_short_circuit_decorator.py
[2024-12-13T12:00:05.798+0000] {processor.py:914} INFO - Processing file /opt/bitnami/airflow/venv/lib/python3.12/site-packages/airflow/example_dags/example_short_circuit_decorator.py for tasks to queue
[2024-12-13T12:00:05.801+0000] {logging_mixin.py:190} INFO - [2024-12-13T12:00:05.800+0000] {dagbag.py:588} INFO - Filling up the DagBag from /opt/bitnami/airflow/venv/lib/python3.12/site-packages/airflow/example_dags/example_short_circuit_decorator.py
[2024-12-13T12:00:05.807+0000] {processor.py:925} INFO - DAG(s) 'example_short_circuit_decorator' retrieved from /opt/bitnami/airflow/venv/lib/python3.12/site-packages/airflow/example_dags/example_short_circuit_decorator.py
[2024-12-13T12:00:05.842+0000] {logging_mixin.py:190} INFO - [2024-12-13T12:00:05.842+0000] {dag.py:3239} INFO - Sync 1 DAGs
[2024-12-13T12:00:05.861+0000] {logging_mixin.py:190} INFO - [2024-12-13T12:00:05.860+0000] {dag.py:4180} INFO - Setting next_dagrun for example_short_circuit_decorator to None, run_after=None
[2024-12-13T12:00:05.882+0000] {processor.py:208} INFO - Processing /opt/bitnami/airflow/venv/lib/python3.12/site-packages/airflow/example_dags/example_short_circuit_decorator.py took 0.090 seconds
[2024-12-13T12:00:36.037+0000] {processor.py:186} INFO - Started process (PID=287) to work on /opt/bitnami/airflow/venv/lib/python3.12/site-packages/airflow/example_dags/example_short_circuit_decorator.py
[2024-12-13T12:00:36.038+0000] {processor.py:914} INFO - Processing file /opt/bitnami/airflow/venv/lib/python3.12/site-packages/airflow/example_dags/example_short_circuit_decorator.py for tasks to queue
[2024-12-13T12:00:36.040+0000] {logging_mixin.py:190} INFO - [2024-12-13T12:00:36.040+0000] {dagbag.py:588} INFO - Filling up the DagBag from /opt/bitnami/airflow/venv/lib/python3.12/site-packages/airflow/example_dags/example_short_circuit_decorator.py
[2024-12-13T12:00:36.047+0000] {processor.py:925} INFO - DAG(s) 'example_short_circuit_decorator' retrieved from /opt/bitnami/airflow/venv/lib/python3.12/site-packages/airflow/example_dags/example_short_circuit_decorator.py
[2024-12-13T12:00:36.079+0000] {logging_mixin.py:190} INFO - [2024-12-13T12:00:36.079+0000] {dag.py:3239} INFO - Sync 1 DAGs
[2024-12-13T12:00:36.097+0000] {logging_mixin.py:190} INFO - [2024-12-13T12:00:36.097+0000] {dag.py:4180} INFO - Setting next_dagrun for example_short_circuit_decorator to None, run_after=None
[2024-12-13T12:00:36.119+0000] {processor.py:208} INFO - Processing /opt/bitnami/airflow/venv/lib/python3.12/site-packages/airflow/example_dags/example_short_circuit_decorator.py took 0.086 seconds
[2024-12-13T12:01:06.733+0000] {processor.py:186} INFO - Started process (PID=344) to work on /opt/bitnami/airflow/venv/lib/python3.12/site-packages/airflow/example_dags/example_short_circuit_decorator.py
[2024-12-13T12:01:06.734+0000] {processor.py:914} INFO - Processing file /opt/bitnami/airflow/venv/lib/python3.12/site-packages/airflow/example_dags/example_short_circuit_decorator.py for tasks to queue
[2024-12-13T12:01:06.736+0000] {logging_mixin.py:190} INFO - [2024-12-13T12:01:06.735+0000] {dagbag.py:588} INFO - Filling up the DagBag from /opt/bitnami/airflow/venv/lib/python3.12/site-packages/airflow/example_dags/example_short_circuit_decorator.py
[2024-12-13T12:01:06.742+0000] {processor.py:925} INFO - DAG(s) 'example_short_circuit_decorator' retrieved from /opt/bitnami/airflow/venv/lib/python3.12/site-packages/airflow/example_dags/example_short_circuit_decorator.py
[2024-12-13T12:01:06.775+0000] {logging_mixin.py:190} INFO - [2024-12-13T12:01:06.774+0000] {dag.py:3239} INFO - Sync 1 DAGs
[2024-12-13T12:01:06.794+0000] {logging_mixin.py:190} INFO - [2024-12-13T12:01:06.794+0000] {dag.py:4180} INFO - Setting next_dagrun for example_short_circuit_decorator to None, run_after=None
[2024-12-13T12:01:06.813+0000] {processor.py:208} INFO - Processing /opt/bitnami/airflow/venv/lib/python3.12/site-packages/airflow/example_dags/example_short_circuit_decorator.py took 0.085 seconds
[2024-12-13T12:01:37.522+0000] {processor.py:186} INFO - Started process (PID=401) to work on /opt/bitnami/airflow/venv/lib/python3.12/site-packages/airflow/example_dags/example_short_circuit_decorator.py
[2024-12-13T12:01:37.523+0000] {processor.py:914} INFO - Processing file /opt/bitnami/airflow/venv/lib/python3.12/site-packages/airflow/example_dags/example_short_circuit_decorator.py for tasks to queue
[2024-12-13T12:01:37.525+0000] {logging_mixin.py:190} INFO - [2024-12-13T12:01:37.525+0000] {dagbag.py:588} INFO - Filling up the DagBag from /opt/bitnami/airflow/venv/lib/python3.12/site-packages/airflow/example_dags/example_short_circuit_decorator.py
[2024-12-13T12:01:37.532+0000] {processor.py:925} INFO - DAG(s) 'example_short_circuit_decorator' retrieved from /opt/bitnami/airflow/venv/lib/python3.12/site-packages/airflow/example_dags/example_short_circuit_decorator.py
[2024-12-13T12:01:37.573+0000] {logging_mixin.py:190} INFO - [2024-12-13T12:01:37.573+0000] {dag.py:3239} INFO - Sync 1 DAGs
[2024-12-13T12:01:37.596+0000] {logging_mixin.py:190} INFO - [2024-12-13T12:01:37.595+0000] {dag.py:4180} INFO - Setting next_dagrun for example_short_circuit_decorator to None, run_after=None
[2024-12-13T12:01:37.620+0000] {processor.py:208} INFO - Processing /opt/bitnami/airflow/venv/lib/python3.12/site-packages/airflow/example_dags/example_short_circuit_decorator.py took 0.105 seconds
[2024-12-13T12:02:08.653+0000] {processor.py:186} INFO - Started process (PID=458) to work on /opt/bitnami/airflow/venv/lib/python3.12/site-packages/airflow/example_dags/example_short_circuit_decorator.py
[2024-12-13T12:02:08.654+0000] {processor.py:914} INFO - Processing file /opt/bitnami/airflow/venv/lib/python3.12/site-packages/airflow/example_dags/example_short_circuit_decorator.py for tasks to queue
[2024-12-13T12:02:08.656+0000] {logging_mixin.py:190} INFO - [2024-12-13T12:02:08.656+0000] {dagbag.py:588} INFO - Filling up the DagBag from /opt/bitnami/airflow/venv/lib/python3.12/site-packages/airflow/example_dags/example_short_circuit_decorator.py
[2024-12-13T12:02:08.664+0000] {processor.py:925} INFO - DAG(s) 'example_short_circuit_decorator' retrieved from /opt/bitnami/airflow/venv/lib/python3.12/site-packages/airflow/example_dags/example_short_circuit_decorator.py
[2024-12-13T12:02:08.697+0000] {logging_mixin.py:190} INFO - [2024-12-13T12:02:08.697+0000] {dag.py:3239} INFO - Sync 1 DAGs
[2024-12-13T12:02:08.718+0000] {logging_mixin.py:190} INFO - [2024-12-13T12:02:08.718+0000] {dag.py:4180} INFO - Setting next_dagrun for example_short_circuit_decorator to None, run_after=None
[2024-12-13T12:02:08.744+0000] {processor.py:208} INFO - Processing /opt/bitnami/airflow/venv/lib/python3.12/site-packages/airflow/example_dags/example_short_circuit_decorator.py took 0.096 seconds
