[2024-12-13T08:19:46.972+0000] {processor.py:186} INFO - Started process (PID=94) to work on /opt/bitnami/airflow/venv/lib/python3.12/site-packages/airflow/example_dags/example_xcomargs.py
[2024-12-13T08:19:46.973+0000] {processor.py:914} INFO - Processing file /opt/bitnami/airflow/venv/lib/python3.12/site-packages/airflow/example_dags/example_xcomargs.py for tasks to queue
[2024-12-13T08:19:46.975+0000] {logging_mixin.py:190} INFO - [2024-12-13T08:19:46.975+0000] {dagbag.py:588} INFO - Filling up the DagBag from /opt/bitnami/airflow/venv/lib/python3.12/site-packages/airflow/example_dags/example_xcomargs.py
[2024-12-13T08:19:46.994+0000] {processor.py:925} INFO - DAG(s) 'example_xcom_args', 'example_xcom_args_with_operators' retrieved from /opt/bitnami/airflow/venv/lib/python3.12/site-packages/airflow/example_dags/example_xcomargs.py
[2024-12-13T08:19:47.027+0000] {logging_mixin.py:190} INFO - [2024-12-13T08:19:47.027+0000] {dag.py:3239} INFO - Sync 2 DAGs
[2024-12-13T08:19:47.049+0000] {logging_mixin.py:190} INFO - [2024-12-13T08:19:47.049+0000] {dag.py:4180} INFO - Setting next_dagrun for example_xcom_args to None, run_after=None
[2024-12-13T08:19:47.055+0000] {logging_mixin.py:190} INFO - [2024-12-13T08:19:47.054+0000] {dag.py:4180} INFO - Setting next_dagrun for example_xcom_args_with_operators to None, run_after=None
[2024-12-13T08:19:47.073+0000] {processor.py:208} INFO - Processing /opt/bitnami/airflow/venv/lib/python3.12/site-packages/airflow/example_dags/example_xcomargs.py took 0.106 seconds
[2024-12-13T08:20:17.187+0000] {processor.py:186} INFO - Started process (PID=151) to work on /opt/bitnami/airflow/venv/lib/python3.12/site-packages/airflow/example_dags/example_xcomargs.py
[2024-12-13T08:20:17.188+0000] {processor.py:914} INFO - Processing file /opt/bitnami/airflow/venv/lib/python3.12/site-packages/airflow/example_dags/example_xcomargs.py for tasks to queue
[2024-12-13T08:20:17.191+0000] {logging_mixin.py:190} INFO - [2024-12-13T08:20:17.190+0000] {dagbag.py:588} INFO - Filling up the DagBag from /opt/bitnami/airflow/venv/lib/python3.12/site-packages/airflow/example_dags/example_xcomargs.py
[2024-12-13T08:20:17.198+0000] {processor.py:925} INFO - DAG(s) 'example_xcom_args', 'example_xcom_args_with_operators' retrieved from /opt/bitnami/airflow/venv/lib/python3.12/site-packages/airflow/example_dags/example_xcomargs.py
[2024-12-13T08:20:17.229+0000] {logging_mixin.py:190} INFO - [2024-12-13T08:20:17.229+0000] {dag.py:3239} INFO - Sync 2 DAGs
[2024-12-13T08:20:17.245+0000] {logging_mixin.py:190} INFO - [2024-12-13T08:20:17.245+0000] {dag.py:4180} INFO - Setting next_dagrun for example_xcom_args to None, run_after=None
[2024-12-13T08:20:17.249+0000] {logging_mixin.py:190} INFO - [2024-12-13T08:20:17.249+0000] {dag.py:4180} INFO - Setting next_dagrun for example_xcom_args_with_operators to None, run_after=None
[2024-12-13T08:20:17.266+0000] {processor.py:208} INFO - Processing /opt/bitnami/airflow/venv/lib/python3.12/site-packages/airflow/example_dags/example_xcomargs.py took 0.083 seconds
[2024-12-13T08:20:48.506+0000] {processor.py:186} INFO - Started process (PID=208) to work on /opt/bitnami/airflow/venv/lib/python3.12/site-packages/airflow/example_dags/example_xcomargs.py
[2024-12-13T08:20:48.508+0000] {processor.py:914} INFO - Processing file /opt/bitnami/airflow/venv/lib/python3.12/site-packages/airflow/example_dags/example_xcomargs.py for tasks to queue
[2024-12-13T08:20:48.510+0000] {logging_mixin.py:190} INFO - [2024-12-13T08:20:48.510+0000] {dagbag.py:588} INFO - Filling up the DagBag from /opt/bitnami/airflow/venv/lib/python3.12/site-packages/airflow/example_dags/example_xcomargs.py
[2024-12-13T08:20:48.522+0000] {processor.py:925} INFO - DAG(s) 'example_xcom_args', 'example_xcom_args_with_operators' retrieved from /opt/bitnami/airflow/venv/lib/python3.12/site-packages/airflow/example_dags/example_xcomargs.py
[2024-12-13T08:20:48.652+0000] {logging_mixin.py:190} INFO - [2024-12-13T08:20:48.651+0000] {dag.py:3239} INFO - Sync 2 DAGs
[2024-12-13T08:20:48.678+0000] {logging_mixin.py:190} INFO - [2024-12-13T08:20:48.678+0000] {dag.py:4180} INFO - Setting next_dagrun for example_xcom_args to None, run_after=None
[2024-12-13T08:20:48.685+0000] {logging_mixin.py:190} INFO - [2024-12-13T08:20:48.685+0000] {dag.py:4180} INFO - Setting next_dagrun for example_xcom_args_with_operators to None, run_after=None
[2024-12-13T08:20:48.716+0000] {processor.py:208} INFO - Processing /opt/bitnami/airflow/venv/lib/python3.12/site-packages/airflow/example_dags/example_xcomargs.py took 0.215 seconds
[2024-12-13T08:21:18.823+0000] {processor.py:186} INFO - Started process (PID=265) to work on /opt/bitnami/airflow/venv/lib/python3.12/site-packages/airflow/example_dags/example_xcomargs.py
[2024-12-13T08:21:18.824+0000] {processor.py:914} INFO - Processing file /opt/bitnami/airflow/venv/lib/python3.12/site-packages/airflow/example_dags/example_xcomargs.py for tasks to queue
[2024-12-13T08:21:18.826+0000] {logging_mixin.py:190} INFO - [2024-12-13T08:21:18.826+0000] {dagbag.py:588} INFO - Filling up the DagBag from /opt/bitnami/airflow/venv/lib/python3.12/site-packages/airflow/example_dags/example_xcomargs.py
[2024-12-13T08:21:18.833+0000] {processor.py:925} INFO - DAG(s) 'example_xcom_args', 'example_xcom_args_with_operators' retrieved from /opt/bitnami/airflow/venv/lib/python3.12/site-packages/airflow/example_dags/example_xcomargs.py
[2024-12-13T08:21:18.868+0000] {logging_mixin.py:190} INFO - [2024-12-13T08:21:18.868+0000] {dag.py:3239} INFO - Sync 2 DAGs
[2024-12-13T08:21:18.887+0000] {logging_mixin.py:190} INFO - [2024-12-13T08:21:18.887+0000] {dag.py:4180} INFO - Setting next_dagrun for example_xcom_args to None, run_after=None
[2024-12-13T08:21:18.892+0000] {logging_mixin.py:190} INFO - [2024-12-13T08:21:18.892+0000] {dag.py:4180} INFO - Setting next_dagrun for example_xcom_args_with_operators to None, run_after=None
[2024-12-13T08:21:18.909+0000] {processor.py:208} INFO - Processing /opt/bitnami/airflow/venv/lib/python3.12/site-packages/airflow/example_dags/example_xcomargs.py took 0.090 seconds
[2024-12-13T08:21:49.551+0000] {processor.py:186} INFO - Started process (PID=323) to work on /opt/bitnami/airflow/venv/lib/python3.12/site-packages/airflow/example_dags/example_xcomargs.py
[2024-12-13T08:21:49.553+0000] {processor.py:914} INFO - Processing file /opt/bitnami/airflow/venv/lib/python3.12/site-packages/airflow/example_dags/example_xcomargs.py for tasks to queue
[2024-12-13T08:21:49.556+0000] {logging_mixin.py:190} INFO - [2024-12-13T08:21:49.556+0000] {dagbag.py:588} INFO - Filling up the DagBag from /opt/bitnami/airflow/venv/lib/python3.12/site-packages/airflow/example_dags/example_xcomargs.py
[2024-12-13T08:21:49.564+0000] {processor.py:925} INFO - DAG(s) 'example_xcom_args_with_operators', 'example_xcom_args' retrieved from /opt/bitnami/airflow/venv/lib/python3.12/site-packages/airflow/example_dags/example_xcomargs.py
[2024-12-13T08:21:49.607+0000] {logging_mixin.py:190} INFO - [2024-12-13T08:21:49.607+0000] {dag.py:3239} INFO - Sync 2 DAGs
[2024-12-13T08:21:49.635+0000] {logging_mixin.py:190} INFO - [2024-12-13T08:21:49.635+0000] {dag.py:4180} INFO - Setting next_dagrun for example_xcom_args to None, run_after=None
[2024-12-13T08:21:49.641+0000] {logging_mixin.py:190} INFO - [2024-12-13T08:21:49.640+0000] {dag.py:4180} INFO - Setting next_dagrun for example_xcom_args_with_operators to None, run_after=None
[2024-12-13T08:21:49.660+0000] {processor.py:208} INFO - Processing /opt/bitnami/airflow/venv/lib/python3.12/site-packages/airflow/example_dags/example_xcomargs.py took 0.116 seconds
[2024-12-13T08:22:19.834+0000] {processor.py:186} INFO - Started process (PID=379) to work on /opt/bitnami/airflow/venv/lib/python3.12/site-packages/airflow/example_dags/example_xcomargs.py
[2024-12-13T08:22:19.835+0000] {processor.py:914} INFO - Processing file /opt/bitnami/airflow/venv/lib/python3.12/site-packages/airflow/example_dags/example_xcomargs.py for tasks to queue
[2024-12-13T08:22:19.837+0000] {logging_mixin.py:190} INFO - [2024-12-13T08:22:19.837+0000] {dagbag.py:588} INFO - Filling up the DagBag from /opt/bitnami/airflow/venv/lib/python3.12/site-packages/airflow/example_dags/example_xcomargs.py
[2024-12-13T08:22:19.844+0000] {processor.py:925} INFO - DAG(s) 'example_xcom_args_with_operators', 'example_xcom_args' retrieved from /opt/bitnami/airflow/venv/lib/python3.12/site-packages/airflow/example_dags/example_xcomargs.py
[2024-12-13T08:22:19.875+0000] {logging_mixin.py:190} INFO - [2024-12-13T08:22:19.874+0000] {dag.py:3239} INFO - Sync 2 DAGs
[2024-12-13T08:22:19.891+0000] {logging_mixin.py:190} INFO - [2024-12-13T08:22:19.891+0000] {dag.py:4180} INFO - Setting next_dagrun for example_xcom_args to None, run_after=None
[2024-12-13T08:22:19.895+0000] {logging_mixin.py:190} INFO - [2024-12-13T08:22:19.895+0000] {dag.py:4180} INFO - Setting next_dagrun for example_xcom_args_with_operators to None, run_after=None
[2024-12-13T08:22:19.911+0000] {processor.py:208} INFO - Processing /opt/bitnami/airflow/venv/lib/python3.12/site-packages/airflow/example_dags/example_xcomargs.py took 0.082 seconds
[2024-12-13T08:22:50.656+0000] {processor.py:186} INFO - Started process (PID=436) to work on /opt/bitnami/airflow/venv/lib/python3.12/site-packages/airflow/example_dags/example_xcomargs.py
[2024-12-13T08:22:50.657+0000] {processor.py:914} INFO - Processing file /opt/bitnami/airflow/venv/lib/python3.12/site-packages/airflow/example_dags/example_xcomargs.py for tasks to queue
[2024-12-13T08:22:50.660+0000] {logging_mixin.py:190} INFO - [2024-12-13T08:22:50.660+0000] {dagbag.py:588} INFO - Filling up the DagBag from /opt/bitnami/airflow/venv/lib/python3.12/site-packages/airflow/example_dags/example_xcomargs.py
[2024-12-13T08:22:50.668+0000] {processor.py:925} INFO - DAG(s) 'example_xcom_args', 'example_xcom_args_with_operators' retrieved from /opt/bitnami/airflow/venv/lib/python3.12/site-packages/airflow/example_dags/example_xcomargs.py
[2024-12-13T08:22:50.708+0000] {logging_mixin.py:190} INFO - [2024-12-13T08:22:50.707+0000] {dag.py:3239} INFO - Sync 2 DAGs
[2024-12-13T08:22:50.732+0000] {logging_mixin.py:190} INFO - [2024-12-13T08:22:50.732+0000] {dag.py:4180} INFO - Setting next_dagrun for example_xcom_args to None, run_after=None
[2024-12-13T08:22:50.737+0000] {logging_mixin.py:190} INFO - [2024-12-13T08:22:50.736+0000] {dag.py:4180} INFO - Setting next_dagrun for example_xcom_args_with_operators to None, run_after=None
[2024-12-13T08:22:50.760+0000] {processor.py:208} INFO - Processing /opt/bitnami/airflow/venv/lib/python3.12/site-packages/airflow/example_dags/example_xcomargs.py took 0.110 seconds
[2024-12-13T08:25:48.264+0000] {processor.py:186} INFO - Started process (PID=94) to work on /opt/bitnami/airflow/venv/lib/python3.12/site-packages/airflow/example_dags/example_xcomargs.py
[2024-12-13T08:25:48.265+0000] {processor.py:914} INFO - Processing file /opt/bitnami/airflow/venv/lib/python3.12/site-packages/airflow/example_dags/example_xcomargs.py for tasks to queue
[2024-12-13T08:25:48.267+0000] {logging_mixin.py:190} INFO - [2024-12-13T08:25:48.267+0000] {dagbag.py:588} INFO - Filling up the DagBag from /opt/bitnami/airflow/venv/lib/python3.12/site-packages/airflow/example_dags/example_xcomargs.py
[2024-12-13T08:25:48.274+0000] {processor.py:925} INFO - DAG(s) 'example_xcom_args', 'example_xcom_args_with_operators' retrieved from /opt/bitnami/airflow/venv/lib/python3.12/site-packages/airflow/example_dags/example_xcomargs.py
[2024-12-13T08:25:48.315+0000] {logging_mixin.py:190} INFO - [2024-12-13T08:25:48.315+0000] {dag.py:3239} INFO - Sync 2 DAGs
[2024-12-13T08:25:48.335+0000] {logging_mixin.py:190} INFO - [2024-12-13T08:25:48.335+0000] {dag.py:4180} INFO - Setting next_dagrun for example_xcom_args to None, run_after=None
[2024-12-13T08:25:48.340+0000] {logging_mixin.py:190} INFO - [2024-12-13T08:25:48.340+0000] {dag.py:4180} INFO - Setting next_dagrun for example_xcom_args_with_operators to None, run_after=None
[2024-12-13T08:25:48.359+0000] {processor.py:208} INFO - Processing /opt/bitnami/airflow/venv/lib/python3.12/site-packages/airflow/example_dags/example_xcomargs.py took 0.100 seconds
[2024-12-13T08:26:19.067+0000] {processor.py:186} INFO - Started process (PID=151) to work on /opt/bitnami/airflow/venv/lib/python3.12/site-packages/airflow/example_dags/example_xcomargs.py
[2024-12-13T08:26:19.068+0000] {processor.py:914} INFO - Processing file /opt/bitnami/airflow/venv/lib/python3.12/site-packages/airflow/example_dags/example_xcomargs.py for tasks to queue
[2024-12-13T08:26:19.070+0000] {logging_mixin.py:190} INFO - [2024-12-13T08:26:19.070+0000] {dagbag.py:588} INFO - Filling up the DagBag from /opt/bitnami/airflow/venv/lib/python3.12/site-packages/airflow/example_dags/example_xcomargs.py
[2024-12-13T08:26:19.076+0000] {processor.py:925} INFO - DAG(s) 'example_xcom_args', 'example_xcom_args_with_operators' retrieved from /opt/bitnami/airflow/venv/lib/python3.12/site-packages/airflow/example_dags/example_xcomargs.py
[2024-12-13T08:26:19.104+0000] {logging_mixin.py:190} INFO - [2024-12-13T08:26:19.104+0000] {dag.py:3239} INFO - Sync 2 DAGs
[2024-12-13T08:26:19.119+0000] {logging_mixin.py:190} INFO - [2024-12-13T08:26:19.119+0000] {dag.py:4180} INFO - Setting next_dagrun for example_xcom_args to None, run_after=None
[2024-12-13T08:26:19.123+0000] {logging_mixin.py:190} INFO - [2024-12-13T08:26:19.122+0000] {dag.py:4180} INFO - Setting next_dagrun for example_xcom_args_with_operators to None, run_after=None
[2024-12-13T08:26:19.138+0000] {processor.py:208} INFO - Processing /opt/bitnami/airflow/venv/lib/python3.12/site-packages/airflow/example_dags/example_xcomargs.py took 0.075 seconds
[2024-12-13T08:26:51.243+0000] {processor.py:186} INFO - Started process (PID=208) to work on /opt/bitnami/airflow/venv/lib/python3.12/site-packages/airflow/example_dags/example_xcomargs.py
[2024-12-13T08:26:51.245+0000] {processor.py:914} INFO - Processing file /opt/bitnami/airflow/venv/lib/python3.12/site-packages/airflow/example_dags/example_xcomargs.py for tasks to queue
[2024-12-13T08:26:51.248+0000] {logging_mixin.py:190} INFO - [2024-12-13T08:26:51.247+0000] {dagbag.py:588} INFO - Filling up the DagBag from /opt/bitnami/airflow/venv/lib/python3.12/site-packages/airflow/example_dags/example_xcomargs.py
[2024-12-13T08:26:51.258+0000] {processor.py:925} INFO - DAG(s) 'example_xcom_args_with_operators', 'example_xcom_args' retrieved from /opt/bitnami/airflow/venv/lib/python3.12/site-packages/airflow/example_dags/example_xcomargs.py
[2024-12-13T08:26:51.357+0000] {logging_mixin.py:190} INFO - [2024-12-13T08:26:51.357+0000] {dag.py:3239} INFO - Sync 2 DAGs
[2024-12-13T08:26:51.380+0000] {logging_mixin.py:190} INFO - [2024-12-13T08:26:51.380+0000] {dag.py:4180} INFO - Setting next_dagrun for example_xcom_args to None, run_after=None
[2024-12-13T08:26:51.383+0000] {logging_mixin.py:190} INFO - [2024-12-13T08:26:51.383+0000] {dag.py:4180} INFO - Setting next_dagrun for example_xcom_args_with_operators to None, run_after=None
[2024-12-13T08:26:51.404+0000] {processor.py:208} INFO - Processing /opt/bitnami/airflow/venv/lib/python3.12/site-packages/airflow/example_dags/example_xcomargs.py took 0.166 seconds
[2024-12-13T08:27:21.497+0000] {processor.py:186} INFO - Started process (PID=265) to work on /opt/bitnami/airflow/venv/lib/python3.12/site-packages/airflow/example_dags/example_xcomargs.py
[2024-12-13T08:27:21.498+0000] {processor.py:914} INFO - Processing file /opt/bitnami/airflow/venv/lib/python3.12/site-packages/airflow/example_dags/example_xcomargs.py for tasks to queue
[2024-12-13T08:27:21.500+0000] {logging_mixin.py:190} INFO - [2024-12-13T08:27:21.499+0000] {dagbag.py:588} INFO - Filling up the DagBag from /opt/bitnami/airflow/venv/lib/python3.12/site-packages/airflow/example_dags/example_xcomargs.py
[2024-12-13T08:27:21.506+0000] {processor.py:925} INFO - DAG(s) 'example_xcom_args', 'example_xcom_args_with_operators' retrieved from /opt/bitnami/airflow/venv/lib/python3.12/site-packages/airflow/example_dags/example_xcomargs.py
[2024-12-13T08:27:21.543+0000] {logging_mixin.py:190} INFO - [2024-12-13T08:27:21.543+0000] {dag.py:3239} INFO - Sync 2 DAGs
[2024-12-13T08:27:21.559+0000] {logging_mixin.py:190} INFO - [2024-12-13T08:27:21.559+0000] {dag.py:4180} INFO - Setting next_dagrun for example_xcom_args to None, run_after=None
[2024-12-13T08:27:21.563+0000] {logging_mixin.py:190} INFO - [2024-12-13T08:27:21.563+0000] {dag.py:4180} INFO - Setting next_dagrun for example_xcom_args_with_operators to None, run_after=None
[2024-12-13T08:27:21.579+0000] {processor.py:208} INFO - Processing /opt/bitnami/airflow/venv/lib/python3.12/site-packages/airflow/example_dags/example_xcomargs.py took 0.087 seconds
[2024-12-13T10:42:45.662+0000] {processor.py:186} INFO - Started process (PID=94) to work on /opt/bitnami/airflow/venv/lib/python3.12/site-packages/airflow/example_dags/example_xcomargs.py
[2024-12-13T10:42:45.663+0000] {processor.py:914} INFO - Processing file /opt/bitnami/airflow/venv/lib/python3.12/site-packages/airflow/example_dags/example_xcomargs.py for tasks to queue
[2024-12-13T10:42:45.667+0000] {logging_mixin.py:190} INFO - [2024-12-13T10:42:45.666+0000] {dagbag.py:588} INFO - Filling up the DagBag from /opt/bitnami/airflow/venv/lib/python3.12/site-packages/airflow/example_dags/example_xcomargs.py
[2024-12-13T10:42:45.677+0000] {processor.py:925} INFO - DAG(s) 'example_xcom_args_with_operators', 'example_xcom_args' retrieved from /opt/bitnami/airflow/venv/lib/python3.12/site-packages/airflow/example_dags/example_xcomargs.py
[2024-12-13T10:42:45.867+0000] {logging_mixin.py:190} INFO - [2024-12-13T10:42:45.866+0000] {override.py:1900} INFO - Created Permission View: can read on DAG:example_xcom_args_with_operators
[2024-12-13T10:42:45.886+0000] {logging_mixin.py:190} INFO - [2024-12-13T10:42:45.886+0000] {override.py:1900} INFO - Created Permission View: can delete on DAG:example_xcom_args_with_operators
[2024-12-13T10:42:45.898+0000] {logging_mixin.py:190} INFO - [2024-12-13T10:42:45.897+0000] {override.py:1900} INFO - Created Permission View: can edit on DAG:example_xcom_args_with_operators
[2024-12-13T10:42:45.914+0000] {logging_mixin.py:190} INFO - [2024-12-13T10:42:45.914+0000] {override.py:1900} INFO - Created Permission View: can delete on DAG Run:example_xcom_args_with_operators
[2024-12-13T10:42:45.924+0000] {logging_mixin.py:190} INFO - [2024-12-13T10:42:45.924+0000] {override.py:1900} INFO - Created Permission View: can read on DAG Run:example_xcom_args_with_operators
[2024-12-13T10:42:45.932+0000] {logging_mixin.py:190} INFO - [2024-12-13T10:42:45.932+0000] {override.py:1900} INFO - Created Permission View: can create on DAG Run:example_xcom_args_with_operators
[2024-12-13T10:42:45.940+0000] {logging_mixin.py:190} INFO - [2024-12-13T10:42:45.940+0000] {override.py:1900} INFO - Created Permission View: menu access on DAG Run:example_xcom_args_with_operators
[2024-12-13T10:42:45.954+0000] {logging_mixin.py:190} INFO - [2024-12-13T10:42:45.954+0000] {override.py:1900} INFO - Created Permission View: can read on DAG:example_xcom_args
[2024-12-13T10:42:45.962+0000] {logging_mixin.py:190} INFO - [2024-12-13T10:42:45.962+0000] {override.py:1900} INFO - Created Permission View: can delete on DAG:example_xcom_args
[2024-12-13T10:42:45.968+0000] {logging_mixin.py:190} INFO - [2024-12-13T10:42:45.967+0000] {override.py:1900} INFO - Created Permission View: can edit on DAG:example_xcom_args
[2024-12-13T10:42:45.976+0000] {logging_mixin.py:190} INFO - [2024-12-13T10:42:45.976+0000] {override.py:1900} INFO - Created Permission View: can delete on DAG Run:example_xcom_args
[2024-12-13T10:42:45.983+0000] {logging_mixin.py:190} INFO - [2024-12-13T10:42:45.983+0000] {override.py:1900} INFO - Created Permission View: can read on DAG Run:example_xcom_args
[2024-12-13T10:42:45.990+0000] {logging_mixin.py:190} INFO - [2024-12-13T10:42:45.990+0000] {override.py:1900} INFO - Created Permission View: can create on DAG Run:example_xcom_args
[2024-12-13T10:42:45.997+0000] {logging_mixin.py:190} INFO - [2024-12-13T10:42:45.997+0000] {override.py:1900} INFO - Created Permission View: menu access on DAG Run:example_xcom_args
[2024-12-13T10:42:45.998+0000] {logging_mixin.py:190} INFO - [2024-12-13T10:42:45.998+0000] {dag.py:3239} INFO - Sync 2 DAGs
[2024-12-13T10:42:46.031+0000] {logging_mixin.py:190} INFO - [2024-12-13T10:42:46.030+0000] {dag.py:3262} INFO - Creating ORM DAG for example_xcom_args
[2024-12-13T10:42:46.032+0000] {logging_mixin.py:190} INFO - [2024-12-13T10:42:46.032+0000] {dag.py:3262} INFO - Creating ORM DAG for example_xcom_args_with_operators
[2024-12-13T10:42:46.033+0000] {logging_mixin.py:190} INFO - [2024-12-13T10:42:46.033+0000] {dag.py:4180} INFO - Setting next_dagrun for example_xcom_args to None, run_after=None
[2024-12-13T10:42:46.034+0000] {logging_mixin.py:190} INFO - [2024-12-13T10:42:46.033+0000] {dag.py:4180} INFO - Setting next_dagrun for example_xcom_args_with_operators to None, run_after=None
[2024-12-13T10:42:46.073+0000] {processor.py:208} INFO - Processing /opt/bitnami/airflow/venv/lib/python3.12/site-packages/airflow/example_dags/example_xcomargs.py took 0.417 seconds
[2024-12-13T10:43:16.508+0000] {processor.py:186} INFO - Started process (PID=151) to work on /opt/bitnami/airflow/venv/lib/python3.12/site-packages/airflow/example_dags/example_xcomargs.py
[2024-12-13T10:43:16.510+0000] {processor.py:914} INFO - Processing file /opt/bitnami/airflow/venv/lib/python3.12/site-packages/airflow/example_dags/example_xcomargs.py for tasks to queue
[2024-12-13T10:43:16.513+0000] {logging_mixin.py:190} INFO - [2024-12-13T10:43:16.513+0000] {dagbag.py:588} INFO - Filling up the DagBag from /opt/bitnami/airflow/venv/lib/python3.12/site-packages/airflow/example_dags/example_xcomargs.py
[2024-12-13T10:43:16.525+0000] {processor.py:925} INFO - DAG(s) 'example_xcom_args_with_operators', 'example_xcom_args' retrieved from /opt/bitnami/airflow/venv/lib/python3.12/site-packages/airflow/example_dags/example_xcomargs.py
[2024-12-13T10:43:16.600+0000] {logging_mixin.py:190} INFO - [2024-12-13T10:43:16.600+0000] {dag.py:3239} INFO - Sync 2 DAGs
[2024-12-13T10:43:16.650+0000] {logging_mixin.py:190} INFO - [2024-12-13T10:43:16.650+0000] {dag.py:4180} INFO - Setting next_dagrun for example_xcom_args to None, run_after=None
[2024-12-13T10:43:16.659+0000] {logging_mixin.py:190} INFO - [2024-12-13T10:43:16.659+0000] {dag.py:4180} INFO - Setting next_dagrun for example_xcom_args_with_operators to None, run_after=None
[2024-12-13T10:43:16.695+0000] {processor.py:208} INFO - Processing /opt/bitnami/airflow/venv/lib/python3.12/site-packages/airflow/example_dags/example_xcomargs.py took 0.192 seconds
[2024-12-13T10:43:46.890+0000] {processor.py:186} INFO - Started process (PID=208) to work on /opt/bitnami/airflow/venv/lib/python3.12/site-packages/airflow/example_dags/example_xcomargs.py
[2024-12-13T10:43:46.891+0000] {processor.py:914} INFO - Processing file /opt/bitnami/airflow/venv/lib/python3.12/site-packages/airflow/example_dags/example_xcomargs.py for tasks to queue
[2024-12-13T10:43:46.893+0000] {logging_mixin.py:190} INFO - [2024-12-13T10:43:46.893+0000] {dagbag.py:588} INFO - Filling up the DagBag from /opt/bitnami/airflow/venv/lib/python3.12/site-packages/airflow/example_dags/example_xcomargs.py
[2024-12-13T10:43:46.904+0000] {processor.py:925} INFO - DAG(s) 'example_xcom_args_with_operators', 'example_xcom_args' retrieved from /opt/bitnami/airflow/venv/lib/python3.12/site-packages/airflow/example_dags/example_xcomargs.py
[2024-12-13T10:43:47.060+0000] {logging_mixin.py:190} INFO - [2024-12-13T10:43:47.060+0000] {dag.py:3239} INFO - Sync 2 DAGs
[2024-12-13T10:43:47.093+0000] {logging_mixin.py:190} INFO - [2024-12-13T10:43:47.093+0000] {dag.py:4180} INFO - Setting next_dagrun for example_xcom_args to None, run_after=None
[2024-12-13T10:43:47.102+0000] {logging_mixin.py:190} INFO - [2024-12-13T10:43:47.101+0000] {dag.py:4180} INFO - Setting next_dagrun for example_xcom_args_with_operators to None, run_after=None
[2024-12-13T10:43:47.155+0000] {processor.py:208} INFO - Processing /opt/bitnami/airflow/venv/lib/python3.12/site-packages/airflow/example_dags/example_xcomargs.py took 0.271 seconds
[2024-12-13T10:44:17.595+0000] {processor.py:186} INFO - Started process (PID=265) to work on /opt/bitnami/airflow/venv/lib/python3.12/site-packages/airflow/example_dags/example_xcomargs.py
[2024-12-13T10:44:17.597+0000] {processor.py:914} INFO - Processing file /opt/bitnami/airflow/venv/lib/python3.12/site-packages/airflow/example_dags/example_xcomargs.py for tasks to queue
[2024-12-13T10:44:17.600+0000] {logging_mixin.py:190} INFO - [2024-12-13T10:44:17.599+0000] {dagbag.py:588} INFO - Filling up the DagBag from /opt/bitnami/airflow/venv/lib/python3.12/site-packages/airflow/example_dags/example_xcomargs.py
[2024-12-13T10:44:17.610+0000] {processor.py:925} INFO - DAG(s) 'example_xcom_args_with_operators', 'example_xcom_args' retrieved from /opt/bitnami/airflow/venv/lib/python3.12/site-packages/airflow/example_dags/example_xcomargs.py
[2024-12-13T10:44:17.671+0000] {logging_mixin.py:190} INFO - [2024-12-13T10:44:17.671+0000] {dag.py:3239} INFO - Sync 2 DAGs
[2024-12-13T10:44:17.710+0000] {logging_mixin.py:190} INFO - [2024-12-13T10:44:17.710+0000] {dag.py:4180} INFO - Setting next_dagrun for example_xcom_args to None, run_after=None
[2024-12-13T10:44:17.717+0000] {logging_mixin.py:190} INFO - [2024-12-13T10:44:17.717+0000] {dag.py:4180} INFO - Setting next_dagrun for example_xcom_args_with_operators to None, run_after=None
[2024-12-13T10:44:17.767+0000] {processor.py:208} INFO - Processing /opt/bitnami/airflow/venv/lib/python3.12/site-packages/airflow/example_dags/example_xcomargs.py took 0.177 seconds
[2024-12-13T10:44:48.184+0000] {processor.py:186} INFO - Started process (PID=322) to work on /opt/bitnami/airflow/venv/lib/python3.12/site-packages/airflow/example_dags/example_xcomargs.py
[2024-12-13T10:44:48.185+0000] {processor.py:914} INFO - Processing file /opt/bitnami/airflow/venv/lib/python3.12/site-packages/airflow/example_dags/example_xcomargs.py for tasks to queue
[2024-12-13T10:44:48.188+0000] {logging_mixin.py:190} INFO - [2024-12-13T10:44:48.187+0000] {dagbag.py:588} INFO - Filling up the DagBag from /opt/bitnami/airflow/venv/lib/python3.12/site-packages/airflow/example_dags/example_xcomargs.py
[2024-12-13T10:44:48.195+0000] {processor.py:925} INFO - DAG(s) 'example_xcom_args_with_operators', 'example_xcom_args' retrieved from /opt/bitnami/airflow/venv/lib/python3.12/site-packages/airflow/example_dags/example_xcomargs.py
[2024-12-13T10:44:48.237+0000] {logging_mixin.py:190} INFO - [2024-12-13T10:44:48.237+0000] {dag.py:3239} INFO - Sync 2 DAGs
[2024-12-13T10:44:48.260+0000] {logging_mixin.py:190} INFO - [2024-12-13T10:44:48.259+0000] {dag.py:4180} INFO - Setting next_dagrun for example_xcom_args to None, run_after=None
[2024-12-13T10:44:48.264+0000] {logging_mixin.py:190} INFO - [2024-12-13T10:44:48.264+0000] {dag.py:4180} INFO - Setting next_dagrun for example_xcom_args_with_operators to None, run_after=None
[2024-12-13T10:44:48.290+0000] {processor.py:208} INFO - Processing /opt/bitnami/airflow/venv/lib/python3.12/site-packages/airflow/example_dags/example_xcomargs.py took 0.112 seconds
[2024-12-13T10:52:16.849+0000] {processor.py:186} INFO - Started process (PID=94) to work on /opt/bitnami/airflow/venv/lib/python3.12/site-packages/airflow/example_dags/example_xcomargs.py
[2024-12-13T10:52:16.851+0000] {processor.py:914} INFO - Processing file /opt/bitnami/airflow/venv/lib/python3.12/site-packages/airflow/example_dags/example_xcomargs.py for tasks to queue
[2024-12-13T10:52:16.856+0000] {logging_mixin.py:190} INFO - [2024-12-13T10:52:16.856+0000] {dagbag.py:588} INFO - Filling up the DagBag from /opt/bitnami/airflow/venv/lib/python3.12/site-packages/airflow/example_dags/example_xcomargs.py
[2024-12-13T10:52:16.867+0000] {processor.py:925} INFO - DAG(s) 'example_xcom_args', 'example_xcom_args_with_operators' retrieved from /opt/bitnami/airflow/venv/lib/python3.12/site-packages/airflow/example_dags/example_xcomargs.py
[2024-12-13T10:52:16.993+0000] {logging_mixin.py:190} INFO - [2024-12-13T10:52:16.993+0000] {override.py:1900} INFO - Created Permission View: can read on DAG:example_xcom_args
[2024-12-13T10:52:17.010+0000] {logging_mixin.py:190} INFO - [2024-12-13T10:52:17.010+0000] {override.py:1900} INFO - Created Permission View: can delete on DAG:example_xcom_args
[2024-12-13T10:52:17.018+0000] {logging_mixin.py:190} INFO - [2024-12-13T10:52:17.017+0000] {override.py:1900} INFO - Created Permission View: can edit on DAG:example_xcom_args
[2024-12-13T10:52:17.027+0000] {logging_mixin.py:190} INFO - [2024-12-13T10:52:17.027+0000] {override.py:1900} INFO - Created Permission View: menu access on DAG Run:example_xcom_args
[2024-12-13T10:52:17.034+0000] {logging_mixin.py:190} INFO - [2024-12-13T10:52:17.034+0000] {override.py:1900} INFO - Created Permission View: can read on DAG Run:example_xcom_args
[2024-12-13T10:52:17.043+0000] {logging_mixin.py:190} INFO - [2024-12-13T10:52:17.043+0000] {override.py:1900} INFO - Created Permission View: can delete on DAG Run:example_xcom_args
[2024-12-13T10:52:17.049+0000] {logging_mixin.py:190} INFO - [2024-12-13T10:52:17.049+0000] {override.py:1900} INFO - Created Permission View: can create on DAG Run:example_xcom_args
[2024-12-13T10:52:17.064+0000] {logging_mixin.py:190} INFO - [2024-12-13T10:52:17.063+0000] {override.py:1900} INFO - Created Permission View: can read on DAG:example_xcom_args_with_operators
[2024-12-13T10:52:17.072+0000] {logging_mixin.py:190} INFO - [2024-12-13T10:52:17.071+0000] {override.py:1900} INFO - Created Permission View: can delete on DAG:example_xcom_args_with_operators
[2024-12-13T10:52:17.079+0000] {logging_mixin.py:190} INFO - [2024-12-13T10:52:17.079+0000] {override.py:1900} INFO - Created Permission View: can edit on DAG:example_xcom_args_with_operators
[2024-12-13T10:52:17.088+0000] {logging_mixin.py:190} INFO - [2024-12-13T10:52:17.087+0000] {override.py:1900} INFO - Created Permission View: menu access on DAG Run:example_xcom_args_with_operators
[2024-12-13T10:52:17.094+0000] {logging_mixin.py:190} INFO - [2024-12-13T10:52:17.094+0000] {override.py:1900} INFO - Created Permission View: can read on DAG Run:example_xcom_args_with_operators
[2024-12-13T10:52:17.104+0000] {logging_mixin.py:190} INFO - [2024-12-13T10:52:17.104+0000] {override.py:1900} INFO - Created Permission View: can delete on DAG Run:example_xcom_args_with_operators
[2024-12-13T10:52:17.110+0000] {logging_mixin.py:190} INFO - [2024-12-13T10:52:17.110+0000] {override.py:1900} INFO - Created Permission View: can create on DAG Run:example_xcom_args_with_operators
[2024-12-13T10:52:17.111+0000] {logging_mixin.py:190} INFO - [2024-12-13T10:52:17.111+0000] {dag.py:3239} INFO - Sync 2 DAGs
[2024-12-13T10:52:17.144+0000] {logging_mixin.py:190} INFO - [2024-12-13T10:52:17.144+0000] {dag.py:3262} INFO - Creating ORM DAG for example_xcom_args
[2024-12-13T10:52:17.145+0000] {logging_mixin.py:190} INFO - [2024-12-13T10:52:17.145+0000] {dag.py:3262} INFO - Creating ORM DAG for example_xcom_args_with_operators
[2024-12-13T10:52:17.146+0000] {logging_mixin.py:190} INFO - [2024-12-13T10:52:17.146+0000] {dag.py:4180} INFO - Setting next_dagrun for example_xcom_args to None, run_after=None
[2024-12-13T10:52:17.147+0000] {logging_mixin.py:190} INFO - [2024-12-13T10:52:17.147+0000] {dag.py:4180} INFO - Setting next_dagrun for example_xcom_args_with_operators to None, run_after=None
[2024-12-13T10:52:17.183+0000] {processor.py:208} INFO - Processing /opt/bitnami/airflow/venv/lib/python3.12/site-packages/airflow/example_dags/example_xcomargs.py took 0.340 seconds
[2024-12-13T10:52:47.787+0000] {processor.py:186} INFO - Started process (PID=151) to work on /opt/bitnami/airflow/venv/lib/python3.12/site-packages/airflow/example_dags/example_xcomargs.py
[2024-12-13T10:52:47.788+0000] {processor.py:914} INFO - Processing file /opt/bitnami/airflow/venv/lib/python3.12/site-packages/airflow/example_dags/example_xcomargs.py for tasks to queue
[2024-12-13T10:52:47.791+0000] {logging_mixin.py:190} INFO - [2024-12-13T10:52:47.790+0000] {dagbag.py:588} INFO - Filling up the DagBag from /opt/bitnami/airflow/venv/lib/python3.12/site-packages/airflow/example_dags/example_xcomargs.py
[2024-12-13T10:52:47.799+0000] {processor.py:925} INFO - DAG(s) 'example_xcom_args_with_operators', 'example_xcom_args' retrieved from /opt/bitnami/airflow/venv/lib/python3.12/site-packages/airflow/example_dags/example_xcomargs.py
[2024-12-13T10:52:47.869+0000] {logging_mixin.py:190} INFO - [2024-12-13T10:52:47.867+0000] {dag.py:3239} INFO - Sync 2 DAGs
[2024-12-13T10:52:47.903+0000] {logging_mixin.py:190} INFO - [2024-12-13T10:52:47.903+0000] {dag.py:4180} INFO - Setting next_dagrun for example_xcom_args to None, run_after=None
[2024-12-13T10:52:47.910+0000] {logging_mixin.py:190} INFO - [2024-12-13T10:52:47.909+0000] {dag.py:4180} INFO - Setting next_dagrun for example_xcom_args_with_operators to None, run_after=None
[2024-12-13T10:52:47.948+0000] {processor.py:208} INFO - Processing /opt/bitnami/airflow/venv/lib/python3.12/site-packages/airflow/example_dags/example_xcomargs.py took 0.165 seconds
[2024-12-13T10:53:19.028+0000] {processor.py:186} INFO - Started process (PID=208) to work on /opt/bitnami/airflow/venv/lib/python3.12/site-packages/airflow/example_dags/example_xcomargs.py
[2024-12-13T10:53:19.029+0000] {processor.py:914} INFO - Processing file /opt/bitnami/airflow/venv/lib/python3.12/site-packages/airflow/example_dags/example_xcomargs.py for tasks to queue
[2024-12-13T10:53:19.031+0000] {logging_mixin.py:190} INFO - [2024-12-13T10:53:19.031+0000] {dagbag.py:588} INFO - Filling up the DagBag from /opt/bitnami/airflow/venv/lib/python3.12/site-packages/airflow/example_dags/example_xcomargs.py
[2024-12-13T10:53:19.044+0000] {processor.py:925} INFO - DAG(s) 'example_xcom_args', 'example_xcom_args_with_operators' retrieved from /opt/bitnami/airflow/venv/lib/python3.12/site-packages/airflow/example_dags/example_xcomargs.py
[2024-12-13T10:53:19.213+0000] {logging_mixin.py:190} INFO - [2024-12-13T10:53:19.213+0000] {dag.py:3239} INFO - Sync 2 DAGs
[2024-12-13T10:53:19.241+0000] {logging_mixin.py:190} INFO - [2024-12-13T10:53:19.241+0000] {dag.py:4180} INFO - Setting next_dagrun for example_xcom_args to None, run_after=None
[2024-12-13T10:53:19.246+0000] {logging_mixin.py:190} INFO - [2024-12-13T10:53:19.246+0000] {dag.py:4180} INFO - Setting next_dagrun for example_xcom_args_with_operators to None, run_after=None
[2024-12-13T10:53:19.277+0000] {processor.py:208} INFO - Processing /opt/bitnami/airflow/venv/lib/python3.12/site-packages/airflow/example_dags/example_xcomargs.py took 0.255 seconds
[2024-12-13T10:53:49.373+0000] {processor.py:186} INFO - Started process (PID=265) to work on /opt/bitnami/airflow/venv/lib/python3.12/site-packages/airflow/example_dags/example_xcomargs.py
[2024-12-13T10:53:49.375+0000] {processor.py:914} INFO - Processing file /opt/bitnami/airflow/venv/lib/python3.12/site-packages/airflow/example_dags/example_xcomargs.py for tasks to queue
[2024-12-13T10:53:49.378+0000] {logging_mixin.py:190} INFO - [2024-12-13T10:53:49.377+0000] {dagbag.py:588} INFO - Filling up the DagBag from /opt/bitnami/airflow/venv/lib/python3.12/site-packages/airflow/example_dags/example_xcomargs.py
[2024-12-13T10:53:49.389+0000] {processor.py:925} INFO - DAG(s) 'example_xcom_args_with_operators', 'example_xcom_args' retrieved from /opt/bitnami/airflow/venv/lib/python3.12/site-packages/airflow/example_dags/example_xcomargs.py
[2024-12-13T10:53:49.495+0000] {logging_mixin.py:190} INFO - [2024-12-13T10:53:49.495+0000] {dag.py:3239} INFO - Sync 2 DAGs
[2024-12-13T10:53:49.537+0000] {logging_mixin.py:190} INFO - [2024-12-13T10:53:49.536+0000] {dag.py:4180} INFO - Setting next_dagrun for example_xcom_args to None, run_after=None
[2024-12-13T10:53:49.542+0000] {logging_mixin.py:190} INFO - [2024-12-13T10:53:49.542+0000] {dag.py:4180} INFO - Setting next_dagrun for example_xcom_args_with_operators to None, run_after=None
[2024-12-13T10:53:49.579+0000] {processor.py:208} INFO - Processing /opt/bitnami/airflow/venv/lib/python3.12/site-packages/airflow/example_dags/example_xcomargs.py took 0.210 seconds
[2024-12-13T10:54:20.115+0000] {processor.py:186} INFO - Started process (PID=322) to work on /opt/bitnami/airflow/venv/lib/python3.12/site-packages/airflow/example_dags/example_xcomargs.py
[2024-12-13T10:54:20.117+0000] {processor.py:914} INFO - Processing file /opt/bitnami/airflow/venv/lib/python3.12/site-packages/airflow/example_dags/example_xcomargs.py for tasks to queue
[2024-12-13T10:54:20.119+0000] {logging_mixin.py:190} INFO - [2024-12-13T10:54:20.119+0000] {dagbag.py:588} INFO - Filling up the DagBag from /opt/bitnami/airflow/venv/lib/python3.12/site-packages/airflow/example_dags/example_xcomargs.py
[2024-12-13T10:54:20.126+0000] {processor.py:925} INFO - DAG(s) 'example_xcom_args_with_operators', 'example_xcom_args' retrieved from /opt/bitnami/airflow/venv/lib/python3.12/site-packages/airflow/example_dags/example_xcomargs.py
[2024-12-13T10:54:20.181+0000] {logging_mixin.py:190} INFO - [2024-12-13T10:54:20.181+0000] {dag.py:3239} INFO - Sync 2 DAGs
[2024-12-13T10:54:20.202+0000] {logging_mixin.py:190} INFO - [2024-12-13T10:54:20.202+0000] {dag.py:4180} INFO - Setting next_dagrun for example_xcom_args to None, run_after=None
[2024-12-13T10:54:20.207+0000] {logging_mixin.py:190} INFO - [2024-12-13T10:54:20.207+0000] {dag.py:4180} INFO - Setting next_dagrun for example_xcom_args_with_operators to None, run_after=None
[2024-12-13T10:54:20.227+0000] {processor.py:208} INFO - Processing /opt/bitnami/airflow/venv/lib/python3.12/site-packages/airflow/example_dags/example_xcomargs.py took 0.117 seconds
[2024-12-13T10:54:50.755+0000] {processor.py:186} INFO - Started process (PID=379) to work on /opt/bitnami/airflow/venv/lib/python3.12/site-packages/airflow/example_dags/example_xcomargs.py
[2024-12-13T10:54:50.757+0000] {processor.py:914} INFO - Processing file /opt/bitnami/airflow/venv/lib/python3.12/site-packages/airflow/example_dags/example_xcomargs.py for tasks to queue
[2024-12-13T10:54:50.761+0000] {logging_mixin.py:190} INFO - [2024-12-13T10:54:50.760+0000] {dagbag.py:588} INFO - Filling up the DagBag from /opt/bitnami/airflow/venv/lib/python3.12/site-packages/airflow/example_dags/example_xcomargs.py
[2024-12-13T10:54:50.774+0000] {processor.py:925} INFO - DAG(s) 'example_xcom_args_with_operators', 'example_xcom_args' retrieved from /opt/bitnami/airflow/venv/lib/python3.12/site-packages/airflow/example_dags/example_xcomargs.py
[2024-12-13T10:54:50.861+0000] {logging_mixin.py:190} INFO - [2024-12-13T10:54:50.861+0000] {dag.py:3239} INFO - Sync 2 DAGs
[2024-12-13T10:54:50.905+0000] {logging_mixin.py:190} INFO - [2024-12-13T10:54:50.905+0000] {dag.py:4180} INFO - Setting next_dagrun for example_xcom_args to None, run_after=None
[2024-12-13T10:54:50.912+0000] {logging_mixin.py:190} INFO - [2024-12-13T10:54:50.912+0000] {dag.py:4180} INFO - Setting next_dagrun for example_xcom_args_with_operators to None, run_after=None
[2024-12-13T10:54:50.964+0000] {processor.py:208} INFO - Processing /opt/bitnami/airflow/venv/lib/python3.12/site-packages/airflow/example_dags/example_xcomargs.py took 0.221 seconds
[2024-12-13T10:55:21.787+0000] {processor.py:186} INFO - Started process (PID=437) to work on /opt/bitnami/airflow/venv/lib/python3.12/site-packages/airflow/example_dags/example_xcomargs.py
[2024-12-13T10:55:21.789+0000] {processor.py:914} INFO - Processing file /opt/bitnami/airflow/venv/lib/python3.12/site-packages/airflow/example_dags/example_xcomargs.py for tasks to queue
[2024-12-13T10:55:21.791+0000] {logging_mixin.py:190} INFO - [2024-12-13T10:55:21.791+0000] {dagbag.py:588} INFO - Filling up the DagBag from /opt/bitnami/airflow/venv/lib/python3.12/site-packages/airflow/example_dags/example_xcomargs.py
[2024-12-13T10:55:21.800+0000] {processor.py:925} INFO - DAG(s) 'example_xcom_args_with_operators', 'example_xcom_args' retrieved from /opt/bitnami/airflow/venv/lib/python3.12/site-packages/airflow/example_dags/example_xcomargs.py
[2024-12-13T10:55:21.861+0000] {logging_mixin.py:190} INFO - [2024-12-13T10:55:21.861+0000] {dag.py:3239} INFO - Sync 2 DAGs
[2024-12-13T10:55:21.896+0000] {logging_mixin.py:190} INFO - [2024-12-13T10:55:21.895+0000] {dag.py:4180} INFO - Setting next_dagrun for example_xcom_args to None, run_after=None
[2024-12-13T10:55:21.903+0000] {logging_mixin.py:190} INFO - [2024-12-13T10:55:21.903+0000] {dag.py:4180} INFO - Setting next_dagrun for example_xcom_args_with_operators to None, run_after=None
[2024-12-13T10:55:21.940+0000] {processor.py:208} INFO - Processing /opt/bitnami/airflow/venv/lib/python3.12/site-packages/airflow/example_dags/example_xcomargs.py took 0.160 seconds
[2024-12-13T10:55:52.905+0000] {processor.py:186} INFO - Started process (PID=494) to work on /opt/bitnami/airflow/venv/lib/python3.12/site-packages/airflow/example_dags/example_xcomargs.py
[2024-12-13T10:55:52.906+0000] {processor.py:914} INFO - Processing file /opt/bitnami/airflow/venv/lib/python3.12/site-packages/airflow/example_dags/example_xcomargs.py for tasks to queue
[2024-12-13T10:55:52.909+0000] {logging_mixin.py:190} INFO - [2024-12-13T10:55:52.909+0000] {dagbag.py:588} INFO - Filling up the DagBag from /opt/bitnami/airflow/venv/lib/python3.12/site-packages/airflow/example_dags/example_xcomargs.py
[2024-12-13T10:55:52.920+0000] {processor.py:925} INFO - DAG(s) 'example_xcom_args_with_operators', 'example_xcom_args' retrieved from /opt/bitnami/airflow/venv/lib/python3.12/site-packages/airflow/example_dags/example_xcomargs.py
[2024-12-13T10:55:53.020+0000] {logging_mixin.py:190} INFO - [2024-12-13T10:55:53.020+0000] {dag.py:3239} INFO - Sync 2 DAGs
[2024-12-13T10:55:53.056+0000] {logging_mixin.py:190} INFO - [2024-12-13T10:55:53.056+0000] {dag.py:4180} INFO - Setting next_dagrun for example_xcom_args to None, run_after=None
[2024-12-13T10:55:53.062+0000] {logging_mixin.py:190} INFO - [2024-12-13T10:55:53.062+0000] {dag.py:4180} INFO - Setting next_dagrun for example_xcom_args_with_operators to None, run_after=None
[2024-12-13T10:55:53.098+0000] {processor.py:208} INFO - Processing /opt/bitnami/airflow/venv/lib/python3.12/site-packages/airflow/example_dags/example_xcomargs.py took 0.199 seconds
[2024-12-13T10:56:23.390+0000] {processor.py:186} INFO - Started process (PID=551) to work on /opt/bitnami/airflow/venv/lib/python3.12/site-packages/airflow/example_dags/example_xcomargs.py
[2024-12-13T10:56:23.391+0000] {processor.py:914} INFO - Processing file /opt/bitnami/airflow/venv/lib/python3.12/site-packages/airflow/example_dags/example_xcomargs.py for tasks to queue
[2024-12-13T10:56:23.393+0000] {logging_mixin.py:190} INFO - [2024-12-13T10:56:23.393+0000] {dagbag.py:588} INFO - Filling up the DagBag from /opt/bitnami/airflow/venv/lib/python3.12/site-packages/airflow/example_dags/example_xcomargs.py
[2024-12-13T10:56:23.400+0000] {processor.py:925} INFO - DAG(s) 'example_xcom_args', 'example_xcom_args_with_operators' retrieved from /opt/bitnami/airflow/venv/lib/python3.12/site-packages/airflow/example_dags/example_xcomargs.py
[2024-12-13T10:56:23.475+0000] {logging_mixin.py:190} INFO - [2024-12-13T10:56:23.475+0000] {dag.py:3239} INFO - Sync 2 DAGs
[2024-12-13T10:56:23.511+0000] {logging_mixin.py:190} INFO - [2024-12-13T10:56:23.511+0000] {dag.py:4180} INFO - Setting next_dagrun for example_xcom_args to None, run_after=None
[2024-12-13T10:56:23.518+0000] {logging_mixin.py:190} INFO - [2024-12-13T10:56:23.518+0000] {dag.py:4180} INFO - Setting next_dagrun for example_xcom_args_with_operators to None, run_after=None
[2024-12-13T10:56:23.563+0000] {processor.py:208} INFO - Processing /opt/bitnami/airflow/venv/lib/python3.12/site-packages/airflow/example_dags/example_xcomargs.py took 0.177 seconds
[2024-12-13T10:56:53.609+0000] {processor.py:186} INFO - Started process (PID=608) to work on /opt/bitnami/airflow/venv/lib/python3.12/site-packages/airflow/example_dags/example_xcomargs.py
[2024-12-13T10:56:53.610+0000] {processor.py:914} INFO - Processing file /opt/bitnami/airflow/venv/lib/python3.12/site-packages/airflow/example_dags/example_xcomargs.py for tasks to queue
[2024-12-13T10:56:53.612+0000] {logging_mixin.py:190} INFO - [2024-12-13T10:56:53.612+0000] {dagbag.py:588} INFO - Filling up the DagBag from /opt/bitnami/airflow/venv/lib/python3.12/site-packages/airflow/example_dags/example_xcomargs.py
[2024-12-13T10:56:53.619+0000] {processor.py:925} INFO - DAG(s) 'example_xcom_args_with_operators', 'example_xcom_args' retrieved from /opt/bitnami/airflow/venv/lib/python3.12/site-packages/airflow/example_dags/example_xcomargs.py
[2024-12-13T10:56:53.654+0000] {logging_mixin.py:190} INFO - [2024-12-13T10:56:53.654+0000] {dag.py:3239} INFO - Sync 2 DAGs
[2024-12-13T10:56:53.673+0000] {logging_mixin.py:190} INFO - [2024-12-13T10:56:53.673+0000] {dag.py:4180} INFO - Setting next_dagrun for example_xcom_args to None, run_after=None
[2024-12-13T10:56:53.677+0000] {logging_mixin.py:190} INFO - [2024-12-13T10:56:53.677+0000] {dag.py:4180} INFO - Setting next_dagrun for example_xcom_args_with_operators to None, run_after=None
[2024-12-13T10:56:53.698+0000] {processor.py:208} INFO - Processing /opt/bitnami/airflow/venv/lib/python3.12/site-packages/airflow/example_dags/example_xcomargs.py took 0.093 seconds
[2024-12-13T10:57:23.900+0000] {processor.py:186} INFO - Started process (PID=664) to work on /opt/bitnami/airflow/venv/lib/python3.12/site-packages/airflow/example_dags/example_xcomargs.py
[2024-12-13T10:57:23.901+0000] {processor.py:914} INFO - Processing file /opt/bitnami/airflow/venv/lib/python3.12/site-packages/airflow/example_dags/example_xcomargs.py for tasks to queue
[2024-12-13T10:57:23.903+0000] {logging_mixin.py:190} INFO - [2024-12-13T10:57:23.902+0000] {dagbag.py:588} INFO - Filling up the DagBag from /opt/bitnami/airflow/venv/lib/python3.12/site-packages/airflow/example_dags/example_xcomargs.py
[2024-12-13T10:57:23.910+0000] {processor.py:925} INFO - DAG(s) 'example_xcom_args', 'example_xcom_args_with_operators' retrieved from /opt/bitnami/airflow/venv/lib/python3.12/site-packages/airflow/example_dags/example_xcomargs.py
[2024-12-13T10:57:23.951+0000] {logging_mixin.py:190} INFO - [2024-12-13T10:57:23.951+0000] {dag.py:3239} INFO - Sync 2 DAGs
[2024-12-13T10:57:23.986+0000] {logging_mixin.py:190} INFO - [2024-12-13T10:57:23.986+0000] {dag.py:4180} INFO - Setting next_dagrun for example_xcom_args to None, run_after=None
[2024-12-13T10:57:23.992+0000] {logging_mixin.py:190} INFO - [2024-12-13T10:57:23.992+0000] {dag.py:4180} INFO - Setting next_dagrun for example_xcom_args_with_operators to None, run_after=None
[2024-12-13T10:57:24.018+0000] {processor.py:208} INFO - Processing /opt/bitnami/airflow/venv/lib/python3.12/site-packages/airflow/example_dags/example_xcomargs.py took 0.123 seconds
[2024-12-13T10:57:54.939+0000] {processor.py:186} INFO - Started process (PID=721) to work on /opt/bitnami/airflow/venv/lib/python3.12/site-packages/airflow/example_dags/example_xcomargs.py
[2024-12-13T10:57:54.940+0000] {processor.py:914} INFO - Processing file /opt/bitnami/airflow/venv/lib/python3.12/site-packages/airflow/example_dags/example_xcomargs.py for tasks to queue
[2024-12-13T10:57:54.943+0000] {logging_mixin.py:190} INFO - [2024-12-13T10:57:54.943+0000] {dagbag.py:588} INFO - Filling up the DagBag from /opt/bitnami/airflow/venv/lib/python3.12/site-packages/airflow/example_dags/example_xcomargs.py
[2024-12-13T10:57:54.952+0000] {processor.py:925} INFO - DAG(s) 'example_xcom_args_with_operators', 'example_xcom_args' retrieved from /opt/bitnami/airflow/venv/lib/python3.12/site-packages/airflow/example_dags/example_xcomargs.py
[2024-12-13T10:57:55.016+0000] {logging_mixin.py:190} INFO - [2024-12-13T10:57:55.016+0000] {dag.py:3239} INFO - Sync 2 DAGs
[2024-12-13T10:57:55.041+0000] {logging_mixin.py:190} INFO - [2024-12-13T10:57:55.041+0000] {dag.py:4180} INFO - Setting next_dagrun for example_xcom_args to None, run_after=None
[2024-12-13T10:57:55.047+0000] {logging_mixin.py:190} INFO - [2024-12-13T10:57:55.047+0000] {dag.py:4180} INFO - Setting next_dagrun for example_xcom_args_with_operators to None, run_after=None
[2024-12-13T10:57:55.077+0000] {processor.py:208} INFO - Processing /opt/bitnami/airflow/venv/lib/python3.12/site-packages/airflow/example_dags/example_xcomargs.py took 0.144 seconds
[2024-12-13T10:58:25.997+0000] {processor.py:186} INFO - Started process (PID=778) to work on /opt/bitnami/airflow/venv/lib/python3.12/site-packages/airflow/example_dags/example_xcomargs.py
[2024-12-13T10:58:25.999+0000] {processor.py:914} INFO - Processing file /opt/bitnami/airflow/venv/lib/python3.12/site-packages/airflow/example_dags/example_xcomargs.py for tasks to queue
[2024-12-13T10:58:26.003+0000] {logging_mixin.py:190} INFO - [2024-12-13T10:58:26.003+0000] {dagbag.py:588} INFO - Filling up the DagBag from /opt/bitnami/airflow/venv/lib/python3.12/site-packages/airflow/example_dags/example_xcomargs.py
[2024-12-13T10:58:26.014+0000] {processor.py:925} INFO - DAG(s) 'example_xcom_args_with_operators', 'example_xcom_args' retrieved from /opt/bitnami/airflow/venv/lib/python3.12/site-packages/airflow/example_dags/example_xcomargs.py
[2024-12-13T10:58:26.106+0000] {logging_mixin.py:190} INFO - [2024-12-13T10:58:26.106+0000] {dag.py:3239} INFO - Sync 2 DAGs
[2024-12-13T10:58:26.149+0000] {logging_mixin.py:190} INFO - [2024-12-13T10:58:26.149+0000] {dag.py:4180} INFO - Setting next_dagrun for example_xcom_args to None, run_after=None
[2024-12-13T10:58:26.155+0000] {logging_mixin.py:190} INFO - [2024-12-13T10:58:26.155+0000] {dag.py:4180} INFO - Setting next_dagrun for example_xcom_args_with_operators to None, run_after=None
[2024-12-13T10:58:26.187+0000] {processor.py:208} INFO - Processing /opt/bitnami/airflow/venv/lib/python3.12/site-packages/airflow/example_dags/example_xcomargs.py took 0.196 seconds
[2024-12-13T10:58:57.362+0000] {processor.py:186} INFO - Started process (PID=835) to work on /opt/bitnami/airflow/venv/lib/python3.12/site-packages/airflow/example_dags/example_xcomargs.py
[2024-12-13T10:58:57.363+0000] {processor.py:914} INFO - Processing file /opt/bitnami/airflow/venv/lib/python3.12/site-packages/airflow/example_dags/example_xcomargs.py for tasks to queue
[2024-12-13T10:58:57.366+0000] {logging_mixin.py:190} INFO - [2024-12-13T10:58:57.366+0000] {dagbag.py:588} INFO - Filling up the DagBag from /opt/bitnami/airflow/venv/lib/python3.12/site-packages/airflow/example_dags/example_xcomargs.py
[2024-12-13T10:58:57.374+0000] {processor.py:925} INFO - DAG(s) 'example_xcom_args', 'example_xcom_args_with_operators' retrieved from /opt/bitnami/airflow/venv/lib/python3.12/site-packages/airflow/example_dags/example_xcomargs.py
[2024-12-13T10:58:57.448+0000] {logging_mixin.py:190} INFO - [2024-12-13T10:58:57.447+0000] {dag.py:3239} INFO - Sync 2 DAGs
[2024-12-13T10:58:57.486+0000] {logging_mixin.py:190} INFO - [2024-12-13T10:58:57.486+0000] {dag.py:4180} INFO - Setting next_dagrun for example_xcom_args to None, run_after=None
[2024-12-13T10:58:57.494+0000] {logging_mixin.py:190} INFO - [2024-12-13T10:58:57.494+0000] {dag.py:4180} INFO - Setting next_dagrun for example_xcom_args_with_operators to None, run_after=None
[2024-12-13T10:58:57.535+0000] {processor.py:208} INFO - Processing /opt/bitnami/airflow/venv/lib/python3.12/site-packages/airflow/example_dags/example_xcomargs.py took 0.179 seconds
[2024-12-13T11:07:35.150+0000] {processor.py:186} INFO - Started process (PID=94) to work on /opt/bitnami/airflow/venv/lib/python3.12/site-packages/airflow/example_dags/example_xcomargs.py
[2024-12-13T11:07:35.153+0000] {processor.py:914} INFO - Processing file /opt/bitnami/airflow/venv/lib/python3.12/site-packages/airflow/example_dags/example_xcomargs.py for tasks to queue
[2024-12-13T11:07:35.159+0000] {logging_mixin.py:190} INFO - [2024-12-13T11:07:35.159+0000] {dagbag.py:588} INFO - Filling up the DagBag from /opt/bitnami/airflow/venv/lib/python3.12/site-packages/airflow/example_dags/example_xcomargs.py
[2024-12-13T11:07:35.171+0000] {processor.py:925} INFO - DAG(s) 'example_xcom_args_with_operators', 'example_xcom_args' retrieved from /opt/bitnami/airflow/venv/lib/python3.12/site-packages/airflow/example_dags/example_xcomargs.py
[2024-12-13T11:07:35.268+0000] {logging_mixin.py:190} INFO - [2024-12-13T11:07:35.267+0000] {dag.py:3239} INFO - Sync 2 DAGs
[2024-12-13T11:07:35.314+0000] {logging_mixin.py:190} INFO - [2024-12-13T11:07:35.314+0000] {dag.py:4180} INFO - Setting next_dagrun for example_xcom_args to None, run_after=None
[2024-12-13T11:07:35.321+0000] {logging_mixin.py:190} INFO - [2024-12-13T11:07:35.321+0000] {dag.py:4180} INFO - Setting next_dagrun for example_xcom_args_with_operators to None, run_after=None
[2024-12-13T11:07:35.372+0000] {processor.py:208} INFO - Processing /opt/bitnami/airflow/venv/lib/python3.12/site-packages/airflow/example_dags/example_xcomargs.py took 0.230 seconds
[2024-12-13T11:08:05.527+0000] {processor.py:186} INFO - Started process (PID=151) to work on /opt/bitnami/airflow/venv/lib/python3.12/site-packages/airflow/example_dags/example_xcomargs.py
[2024-12-13T11:08:05.529+0000] {processor.py:914} INFO - Processing file /opt/bitnami/airflow/venv/lib/python3.12/site-packages/airflow/example_dags/example_xcomargs.py for tasks to queue
[2024-12-13T11:08:05.533+0000] {logging_mixin.py:190} INFO - [2024-12-13T11:08:05.532+0000] {dagbag.py:588} INFO - Filling up the DagBag from /opt/bitnami/airflow/venv/lib/python3.12/site-packages/airflow/example_dags/example_xcomargs.py
[2024-12-13T11:08:05.540+0000] {processor.py:925} INFO - DAG(s) 'example_xcom_args', 'example_xcom_args_with_operators' retrieved from /opt/bitnami/airflow/venv/lib/python3.12/site-packages/airflow/example_dags/example_xcomargs.py
[2024-12-13T11:08:05.641+0000] {logging_mixin.py:190} INFO - [2024-12-13T11:08:05.641+0000] {dag.py:3239} INFO - Sync 2 DAGs
[2024-12-13T11:08:05.696+0000] {logging_mixin.py:190} INFO - [2024-12-13T11:08:05.695+0000] {dag.py:4180} INFO - Setting next_dagrun for example_xcom_args to None, run_after=None
[2024-12-13T11:08:05.703+0000] {logging_mixin.py:190} INFO - [2024-12-13T11:08:05.703+0000] {dag.py:4180} INFO - Setting next_dagrun for example_xcom_args_with_operators to None, run_after=None
[2024-12-13T11:08:05.738+0000] {processor.py:208} INFO - Processing /opt/bitnami/airflow/venv/lib/python3.12/site-packages/airflow/example_dags/example_xcomargs.py took 0.218 seconds
[2024-12-13T11:08:38.458+0000] {processor.py:186} INFO - Started process (PID=208) to work on /opt/bitnami/airflow/venv/lib/python3.12/site-packages/airflow/example_dags/example_xcomargs.py
[2024-12-13T11:08:38.460+0000] {processor.py:914} INFO - Processing file /opt/bitnami/airflow/venv/lib/python3.12/site-packages/airflow/example_dags/example_xcomargs.py for tasks to queue
[2024-12-13T11:08:38.464+0000] {logging_mixin.py:190} INFO - [2024-12-13T11:08:38.463+0000] {dagbag.py:588} INFO - Filling up the DagBag from /opt/bitnami/airflow/venv/lib/python3.12/site-packages/airflow/example_dags/example_xcomargs.py
[2024-12-13T11:08:38.473+0000] {processor.py:925} INFO - DAG(s) 'example_xcom_args', 'example_xcom_args_with_operators' retrieved from /opt/bitnami/airflow/venv/lib/python3.12/site-packages/airflow/example_dags/example_xcomargs.py
[2024-12-13T11:08:38.652+0000] {logging_mixin.py:190} INFO - [2024-12-13T11:08:38.652+0000] {dag.py:3239} INFO - Sync 2 DAGs
[2024-12-13T11:08:38.687+0000] {logging_mixin.py:190} INFO - [2024-12-13T11:08:38.687+0000] {dag.py:4180} INFO - Setting next_dagrun for example_xcom_args to None, run_after=None
[2024-12-13T11:08:38.695+0000] {logging_mixin.py:190} INFO - [2024-12-13T11:08:38.695+0000] {dag.py:4180} INFO - Setting next_dagrun for example_xcom_args_with_operators to None, run_after=None
[2024-12-13T11:08:38.730+0000] {processor.py:208} INFO - Processing /opt/bitnami/airflow/venv/lib/python3.12/site-packages/airflow/example_dags/example_xcomargs.py took 0.280 seconds
[2024-12-13T11:09:08.841+0000] {processor.py:186} INFO - Started process (PID=265) to work on /opt/bitnami/airflow/venv/lib/python3.12/site-packages/airflow/example_dags/example_xcomargs.py
[2024-12-13T11:09:08.843+0000] {processor.py:914} INFO - Processing file /opt/bitnami/airflow/venv/lib/python3.12/site-packages/airflow/example_dags/example_xcomargs.py for tasks to queue
[2024-12-13T11:09:08.848+0000] {logging_mixin.py:190} INFO - [2024-12-13T11:09:08.847+0000] {dagbag.py:588} INFO - Filling up the DagBag from /opt/bitnami/airflow/venv/lib/python3.12/site-packages/airflow/example_dags/example_xcomargs.py
[2024-12-13T11:09:08.863+0000] {processor.py:925} INFO - DAG(s) 'example_xcom_args_with_operators', 'example_xcom_args' retrieved from /opt/bitnami/airflow/venv/lib/python3.12/site-packages/airflow/example_dags/example_xcomargs.py
[2024-12-13T11:09:08.966+0000] {logging_mixin.py:190} INFO - [2024-12-13T11:09:08.966+0000] {dag.py:3239} INFO - Sync 2 DAGs
[2024-12-13T11:09:09.005+0000] {logging_mixin.py:190} INFO - [2024-12-13T11:09:09.005+0000] {dag.py:4180} INFO - Setting next_dagrun for example_xcom_args to None, run_after=None
[2024-12-13T11:09:09.015+0000] {logging_mixin.py:190} INFO - [2024-12-13T11:09:09.015+0000] {dag.py:4180} INFO - Setting next_dagrun for example_xcom_args_with_operators to None, run_after=None
[2024-12-13T11:09:09.058+0000] {processor.py:208} INFO - Processing /opt/bitnami/airflow/venv/lib/python3.12/site-packages/airflow/example_dags/example_xcomargs.py took 0.224 seconds
[2024-12-13T11:13:46.376+0000] {processor.py:186} INFO - Started process (PID=94) to work on /opt/bitnami/airflow/venv/lib/python3.12/site-packages/airflow/example_dags/example_xcomargs.py
[2024-12-13T11:13:46.378+0000] {processor.py:914} INFO - Processing file /opt/bitnami/airflow/venv/lib/python3.12/site-packages/airflow/example_dags/example_xcomargs.py for tasks to queue
[2024-12-13T11:13:46.381+0000] {logging_mixin.py:190} INFO - [2024-12-13T11:13:46.381+0000] {dagbag.py:588} INFO - Filling up the DagBag from /opt/bitnami/airflow/venv/lib/python3.12/site-packages/airflow/example_dags/example_xcomargs.py
[2024-12-13T11:13:46.391+0000] {processor.py:925} INFO - DAG(s) 'example_xcom_args', 'example_xcom_args_with_operators' retrieved from /opt/bitnami/airflow/venv/lib/python3.12/site-packages/airflow/example_dags/example_xcomargs.py
[2024-12-13T11:13:46.470+0000] {logging_mixin.py:190} INFO - [2024-12-13T11:13:46.469+0000] {dag.py:3239} INFO - Sync 2 DAGs
[2024-12-13T11:13:46.522+0000] {logging_mixin.py:190} INFO - [2024-12-13T11:13:46.521+0000] {dag.py:4180} INFO - Setting next_dagrun for example_xcom_args to None, run_after=None
[2024-12-13T11:13:46.532+0000] {logging_mixin.py:190} INFO - [2024-12-13T11:13:46.532+0000] {dag.py:4180} INFO - Setting next_dagrun for example_xcom_args_with_operators to None, run_after=None
[2024-12-13T11:13:46.568+0000] {processor.py:208} INFO - Processing /opt/bitnami/airflow/venv/lib/python3.12/site-packages/airflow/example_dags/example_xcomargs.py took 0.201 seconds
[2024-12-13T11:14:16.653+0000] {processor.py:186} INFO - Started process (PID=151) to work on /opt/bitnami/airflow/venv/lib/python3.12/site-packages/airflow/example_dags/example_xcomargs.py
[2024-12-13T11:14:16.654+0000] {processor.py:914} INFO - Processing file /opt/bitnami/airflow/venv/lib/python3.12/site-packages/airflow/example_dags/example_xcomargs.py for tasks to queue
[2024-12-13T11:14:16.656+0000] {logging_mixin.py:190} INFO - [2024-12-13T11:14:16.656+0000] {dagbag.py:588} INFO - Filling up the DagBag from /opt/bitnami/airflow/venv/lib/python3.12/site-packages/airflow/example_dags/example_xcomargs.py
[2024-12-13T11:14:16.663+0000] {processor.py:925} INFO - DAG(s) 'example_xcom_args_with_operators', 'example_xcom_args' retrieved from /opt/bitnami/airflow/venv/lib/python3.12/site-packages/airflow/example_dags/example_xcomargs.py
[2024-12-13T11:14:16.701+0000] {logging_mixin.py:190} INFO - [2024-12-13T11:14:16.701+0000] {dag.py:3239} INFO - Sync 2 DAGs
[2024-12-13T11:14:16.751+0000] {logging_mixin.py:190} INFO - [2024-12-13T11:14:16.751+0000] {dag.py:4180} INFO - Setting next_dagrun for example_xcom_args to None, run_after=None
[2024-12-13T11:14:16.759+0000] {logging_mixin.py:190} INFO - [2024-12-13T11:14:16.759+0000] {dag.py:4180} INFO - Setting next_dagrun for example_xcom_args_with_operators to None, run_after=None
[2024-12-13T11:14:16.789+0000] {processor.py:208} INFO - Processing /opt/bitnami/airflow/venv/lib/python3.12/site-packages/airflow/example_dags/example_xcomargs.py took 0.141 seconds
[2024-12-13T11:14:51.964+0000] {processor.py:186} INFO - Started process (PID=208) to work on /opt/bitnami/airflow/venv/lib/python3.12/site-packages/airflow/example_dags/example_xcomargs.py
[2024-12-13T11:14:51.966+0000] {processor.py:914} INFO - Processing file /opt/bitnami/airflow/venv/lib/python3.12/site-packages/airflow/example_dags/example_xcomargs.py for tasks to queue
[2024-12-13T11:14:51.969+0000] {logging_mixin.py:190} INFO - [2024-12-13T11:14:51.968+0000] {dagbag.py:588} INFO - Filling up the DagBag from /opt/bitnami/airflow/venv/lib/python3.12/site-packages/airflow/example_dags/example_xcomargs.py
[2024-12-13T11:14:51.977+0000] {processor.py:925} INFO - DAG(s) 'example_xcom_args_with_operators', 'example_xcom_args' retrieved from /opt/bitnami/airflow/venv/lib/python3.12/site-packages/airflow/example_dags/example_xcomargs.py
[2024-12-13T11:14:52.168+0000] {logging_mixin.py:190} INFO - [2024-12-13T11:14:52.167+0000] {dag.py:3239} INFO - Sync 2 DAGs
[2024-12-13T11:14:52.201+0000] {logging_mixin.py:190} INFO - [2024-12-13T11:14:52.201+0000] {dag.py:4180} INFO - Setting next_dagrun for example_xcom_args to None, run_after=None
[2024-12-13T11:14:52.207+0000] {logging_mixin.py:190} INFO - [2024-12-13T11:14:52.206+0000] {dag.py:4180} INFO - Setting next_dagrun for example_xcom_args_with_operators to None, run_after=None
[2024-12-13T11:14:52.245+0000] {processor.py:208} INFO - Processing /opt/bitnami/airflow/venv/lib/python3.12/site-packages/airflow/example_dags/example_xcomargs.py took 0.289 seconds
[2024-12-13T11:15:22.502+0000] {processor.py:186} INFO - Started process (PID=265) to work on /opt/bitnami/airflow/venv/lib/python3.12/site-packages/airflow/example_dags/example_xcomargs.py
[2024-12-13T11:15:22.503+0000] {processor.py:914} INFO - Processing file /opt/bitnami/airflow/venv/lib/python3.12/site-packages/airflow/example_dags/example_xcomargs.py for tasks to queue
[2024-12-13T11:15:22.506+0000] {logging_mixin.py:190} INFO - [2024-12-13T11:15:22.505+0000] {dagbag.py:588} INFO - Filling up the DagBag from /opt/bitnami/airflow/venv/lib/python3.12/site-packages/airflow/example_dags/example_xcomargs.py
[2024-12-13T11:15:22.515+0000] {processor.py:925} INFO - DAG(s) 'example_xcom_args_with_operators', 'example_xcom_args' retrieved from /opt/bitnami/airflow/venv/lib/python3.12/site-packages/airflow/example_dags/example_xcomargs.py
[2024-12-13T11:15:22.589+0000] {logging_mixin.py:190} INFO - [2024-12-13T11:15:22.589+0000] {dag.py:3239} INFO - Sync 2 DAGs
[2024-12-13T11:15:22.625+0000] {logging_mixin.py:190} INFO - [2024-12-13T11:15:22.624+0000] {dag.py:4180} INFO - Setting next_dagrun for example_xcom_args to None, run_after=None
[2024-12-13T11:15:22.637+0000] {logging_mixin.py:190} INFO - [2024-12-13T11:15:22.637+0000] {dag.py:4180} INFO - Setting next_dagrun for example_xcom_args_with_operators to None, run_after=None
[2024-12-13T11:15:22.680+0000] {processor.py:208} INFO - Processing /opt/bitnami/airflow/venv/lib/python3.12/site-packages/airflow/example_dags/example_xcomargs.py took 0.183 seconds
[2024-12-13T11:57:10.147+0000] {processor.py:186} INFO - Started process (PID=94) to work on /opt/bitnami/airflow/venv/lib/python3.12/site-packages/airflow/example_dags/example_xcomargs.py
[2024-12-13T11:57:10.148+0000] {processor.py:914} INFO - Processing file /opt/bitnami/airflow/venv/lib/python3.12/site-packages/airflow/example_dags/example_xcomargs.py for tasks to queue
[2024-12-13T11:57:10.150+0000] {logging_mixin.py:190} INFO - [2024-12-13T11:57:10.150+0000] {dagbag.py:588} INFO - Filling up the DagBag from /opt/bitnami/airflow/venv/lib/python3.12/site-packages/airflow/example_dags/example_xcomargs.py
[2024-12-13T11:57:10.157+0000] {processor.py:925} INFO - DAG(s) 'example_xcom_args', 'example_xcom_args_with_operators' retrieved from /opt/bitnami/airflow/venv/lib/python3.12/site-packages/airflow/example_dags/example_xcomargs.py
[2024-12-13T11:57:10.190+0000] {logging_mixin.py:190} INFO - [2024-12-13T11:57:10.190+0000] {dag.py:3239} INFO - Sync 2 DAGs
[2024-12-13T11:57:10.213+0000] {logging_mixin.py:190} INFO - [2024-12-13T11:57:10.213+0000] {dag.py:4180} INFO - Setting next_dagrun for example_xcom_args to None, run_after=None
[2024-12-13T11:57:10.218+0000] {logging_mixin.py:190} INFO - [2024-12-13T11:57:10.218+0000] {dag.py:4180} INFO - Setting next_dagrun for example_xcom_args_with_operators to None, run_after=None
[2024-12-13T11:57:10.236+0000] {processor.py:208} INFO - Processing /opt/bitnami/airflow/venv/lib/python3.12/site-packages/airflow/example_dags/example_xcomargs.py took 0.093 seconds
[2024-12-13T11:57:41.955+0000] {processor.py:186} INFO - Started process (PID=151) to work on /opt/bitnami/airflow/venv/lib/python3.12/site-packages/airflow/example_dags/example_xcomargs.py
[2024-12-13T11:57:41.956+0000] {processor.py:914} INFO - Processing file /opt/bitnami/airflow/venv/lib/python3.12/site-packages/airflow/example_dags/example_xcomargs.py for tasks to queue
[2024-12-13T11:57:41.958+0000] {logging_mixin.py:190} INFO - [2024-12-13T11:57:41.958+0000] {dagbag.py:588} INFO - Filling up the DagBag from /opt/bitnami/airflow/venv/lib/python3.12/site-packages/airflow/example_dags/example_xcomargs.py
[2024-12-13T11:57:41.965+0000] {processor.py:925} INFO - DAG(s) 'example_xcom_args_with_operators', 'example_xcom_args' retrieved from /opt/bitnami/airflow/venv/lib/python3.12/site-packages/airflow/example_dags/example_xcomargs.py
[2024-12-13T11:57:42.000+0000] {logging_mixin.py:190} INFO - [2024-12-13T11:57:42.000+0000] {dag.py:3239} INFO - Sync 2 DAGs
[2024-12-13T11:57:42.018+0000] {logging_mixin.py:190} INFO - [2024-12-13T11:57:42.018+0000] {dag.py:4180} INFO - Setting next_dagrun for example_xcom_args to None, run_after=None
[2024-12-13T11:57:42.023+0000] {logging_mixin.py:190} INFO - [2024-12-13T11:57:42.023+0000] {dag.py:4180} INFO - Setting next_dagrun for example_xcom_args_with_operators to None, run_after=None
[2024-12-13T11:57:42.041+0000] {processor.py:208} INFO - Processing /opt/bitnami/airflow/venv/lib/python3.12/site-packages/airflow/example_dags/example_xcomargs.py took 0.091 seconds
[2024-12-13T11:58:36.255+0000] {processor.py:186} INFO - Started process (PID=94) to work on /opt/bitnami/airflow/venv/lib/python3.12/site-packages/airflow/example_dags/example_xcomargs.py
[2024-12-13T11:58:36.256+0000] {processor.py:914} INFO - Processing file /opt/bitnami/airflow/venv/lib/python3.12/site-packages/airflow/example_dags/example_xcomargs.py for tasks to queue
[2024-12-13T11:58:36.261+0000] {logging_mixin.py:190} INFO - [2024-12-13T11:58:36.261+0000] {dagbag.py:588} INFO - Filling up the DagBag from /opt/bitnami/airflow/venv/lib/python3.12/site-packages/airflow/example_dags/example_xcomargs.py
[2024-12-13T11:58:36.270+0000] {processor.py:925} INFO - DAG(s) 'example_xcom_args', 'example_xcom_args_with_operators' retrieved from /opt/bitnami/airflow/venv/lib/python3.12/site-packages/airflow/example_dags/example_xcomargs.py
[2024-12-13T11:58:36.315+0000] {logging_mixin.py:190} INFO - [2024-12-13T11:58:36.315+0000] {dag.py:3239} INFO - Sync 2 DAGs
[2024-12-13T11:58:36.338+0000] {logging_mixin.py:190} INFO - [2024-12-13T11:58:36.338+0000] {dag.py:4180} INFO - Setting next_dagrun for example_xcom_args to None, run_after=None
[2024-12-13T11:58:36.343+0000] {logging_mixin.py:190} INFO - [2024-12-13T11:58:36.343+0000] {dag.py:4180} INFO - Setting next_dagrun for example_xcom_args_with_operators to None, run_after=None
[2024-12-13T11:58:36.364+0000] {processor.py:208} INFO - Processing /opt/bitnami/airflow/venv/lib/python3.12/site-packages/airflow/example_dags/example_xcomargs.py took 0.114 seconds
[2024-12-13T11:59:07.734+0000] {processor.py:186} INFO - Started process (PID=151) to work on /opt/bitnami/airflow/venv/lib/python3.12/site-packages/airflow/example_dags/example_xcomargs.py
[2024-12-13T11:59:07.735+0000] {processor.py:914} INFO - Processing file /opt/bitnami/airflow/venv/lib/python3.12/site-packages/airflow/example_dags/example_xcomargs.py for tasks to queue
[2024-12-13T11:59:07.738+0000] {logging_mixin.py:190} INFO - [2024-12-13T11:59:07.737+0000] {dagbag.py:588} INFO - Filling up the DagBag from /opt/bitnami/airflow/venv/lib/python3.12/site-packages/airflow/example_dags/example_xcomargs.py
[2024-12-13T11:59:07.745+0000] {processor.py:925} INFO - DAG(s) 'example_xcom_args', 'example_xcom_args_with_operators' retrieved from /opt/bitnami/airflow/venv/lib/python3.12/site-packages/airflow/example_dags/example_xcomargs.py
[2024-12-13T11:59:07.788+0000] {logging_mixin.py:190} INFO - [2024-12-13T11:59:07.788+0000] {dag.py:3239} INFO - Sync 2 DAGs
[2024-12-13T11:59:07.813+0000] {logging_mixin.py:190} INFO - [2024-12-13T11:59:07.813+0000] {dag.py:4180} INFO - Setting next_dagrun for example_xcom_args to None, run_after=None
[2024-12-13T11:59:07.819+0000] {logging_mixin.py:190} INFO - [2024-12-13T11:59:07.819+0000] {dag.py:4180} INFO - Setting next_dagrun for example_xcom_args_with_operators to None, run_after=None
[2024-12-13T11:59:07.841+0000] {processor.py:208} INFO - Processing /opt/bitnami/airflow/venv/lib/python3.12/site-packages/airflow/example_dags/example_xcomargs.py took 0.112 seconds
[2024-12-13T11:59:39.123+0000] {processor.py:186} INFO - Started process (PID=208) to work on /opt/bitnami/airflow/venv/lib/python3.12/site-packages/airflow/example_dags/example_xcomargs.py
[2024-12-13T11:59:39.124+0000] {processor.py:914} INFO - Processing file /opt/bitnami/airflow/venv/lib/python3.12/site-packages/airflow/example_dags/example_xcomargs.py for tasks to queue
[2024-12-13T11:59:39.126+0000] {logging_mixin.py:190} INFO - [2024-12-13T11:59:39.126+0000] {dagbag.py:588} INFO - Filling up the DagBag from /opt/bitnami/airflow/venv/lib/python3.12/site-packages/airflow/example_dags/example_xcomargs.py
[2024-12-13T11:59:39.133+0000] {processor.py:925} INFO - DAG(s) 'example_xcom_args', 'example_xcom_args_with_operators' retrieved from /opt/bitnami/airflow/venv/lib/python3.12/site-packages/airflow/example_dags/example_xcomargs.py
[2024-12-13T11:59:39.235+0000] {logging_mixin.py:190} INFO - [2024-12-13T11:59:39.234+0000] {dag.py:3239} INFO - Sync 2 DAGs
[2024-12-13T11:59:39.255+0000] {logging_mixin.py:190} INFO - [2024-12-13T11:59:39.255+0000] {dag.py:4180} INFO - Setting next_dagrun for example_xcom_args to None, run_after=None
[2024-12-13T11:59:39.261+0000] {logging_mixin.py:190} INFO - [2024-12-13T11:59:39.261+0000] {dag.py:4180} INFO - Setting next_dagrun for example_xcom_args_with_operators to None, run_after=None
[2024-12-13T11:59:39.285+0000] {processor.py:208} INFO - Processing /opt/bitnami/airflow/venv/lib/python3.12/site-packages/airflow/example_dags/example_xcomargs.py took 0.168 seconds
[2024-12-13T12:00:09.631+0000] {processor.py:186} INFO - Started process (PID=265) to work on /opt/bitnami/airflow/venv/lib/python3.12/site-packages/airflow/example_dags/example_xcomargs.py
[2024-12-13T12:00:09.632+0000] {processor.py:914} INFO - Processing file /opt/bitnami/airflow/venv/lib/python3.12/site-packages/airflow/example_dags/example_xcomargs.py for tasks to queue
[2024-12-13T12:00:09.635+0000] {logging_mixin.py:190} INFO - [2024-12-13T12:00:09.634+0000] {dagbag.py:588} INFO - Filling up the DagBag from /opt/bitnami/airflow/venv/lib/python3.12/site-packages/airflow/example_dags/example_xcomargs.py
[2024-12-13T12:00:09.641+0000] {processor.py:925} INFO - DAG(s) 'example_xcom_args_with_operators', 'example_xcom_args' retrieved from /opt/bitnami/airflow/venv/lib/python3.12/site-packages/airflow/example_dags/example_xcomargs.py
[2024-12-13T12:00:09.670+0000] {logging_mixin.py:190} INFO - [2024-12-13T12:00:09.670+0000] {dag.py:3239} INFO - Sync 2 DAGs
[2024-12-13T12:00:09.687+0000] {logging_mixin.py:190} INFO - [2024-12-13T12:00:09.687+0000] {dag.py:4180} INFO - Setting next_dagrun for example_xcom_args to None, run_after=None
[2024-12-13T12:00:09.690+0000] {logging_mixin.py:190} INFO - [2024-12-13T12:00:09.690+0000] {dag.py:4180} INFO - Setting next_dagrun for example_xcom_args_with_operators to None, run_after=None
[2024-12-13T12:00:09.706+0000] {processor.py:208} INFO - Processing /opt/bitnami/airflow/venv/lib/python3.12/site-packages/airflow/example_dags/example_xcomargs.py took 0.079 seconds
[2024-12-13T12:00:40.428+0000] {processor.py:186} INFO - Started process (PID=322) to work on /opt/bitnami/airflow/venv/lib/python3.12/site-packages/airflow/example_dags/example_xcomargs.py
[2024-12-13T12:00:40.429+0000] {processor.py:914} INFO - Processing file /opt/bitnami/airflow/venv/lib/python3.12/site-packages/airflow/example_dags/example_xcomargs.py for tasks to queue
[2024-12-13T12:00:40.431+0000] {logging_mixin.py:190} INFO - [2024-12-13T12:00:40.431+0000] {dagbag.py:588} INFO - Filling up the DagBag from /opt/bitnami/airflow/venv/lib/python3.12/site-packages/airflow/example_dags/example_xcomargs.py
[2024-12-13T12:00:40.438+0000] {processor.py:925} INFO - DAG(s) 'example_xcom_args_with_operators', 'example_xcom_args' retrieved from /opt/bitnami/airflow/venv/lib/python3.12/site-packages/airflow/example_dags/example_xcomargs.py
[2024-12-13T12:00:40.471+0000] {logging_mixin.py:190} INFO - [2024-12-13T12:00:40.470+0000] {dag.py:3239} INFO - Sync 2 DAGs
[2024-12-13T12:00:40.492+0000] {logging_mixin.py:190} INFO - [2024-12-13T12:00:40.492+0000] {dag.py:4180} INFO - Setting next_dagrun for example_xcom_args to None, run_after=None
[2024-12-13T12:00:40.497+0000] {logging_mixin.py:190} INFO - [2024-12-13T12:00:40.497+0000] {dag.py:4180} INFO - Setting next_dagrun for example_xcom_args_with_operators to None, run_after=None
[2024-12-13T12:00:40.516+0000] {processor.py:208} INFO - Processing /opt/bitnami/airflow/venv/lib/python3.12/site-packages/airflow/example_dags/example_xcomargs.py took 0.093 seconds
[2024-12-13T12:01:11.044+0000] {processor.py:186} INFO - Started process (PID=379) to work on /opt/bitnami/airflow/venv/lib/python3.12/site-packages/airflow/example_dags/example_xcomargs.py
[2024-12-13T12:01:11.045+0000] {processor.py:914} INFO - Processing file /opt/bitnami/airflow/venv/lib/python3.12/site-packages/airflow/example_dags/example_xcomargs.py for tasks to queue
[2024-12-13T12:01:11.047+0000] {logging_mixin.py:190} INFO - [2024-12-13T12:01:11.047+0000] {dagbag.py:588} INFO - Filling up the DagBag from /opt/bitnami/airflow/venv/lib/python3.12/site-packages/airflow/example_dags/example_xcomargs.py
[2024-12-13T12:01:11.056+0000] {processor.py:925} INFO - DAG(s) 'example_xcom_args_with_operators', 'example_xcom_args' retrieved from /opt/bitnami/airflow/venv/lib/python3.12/site-packages/airflow/example_dags/example_xcomargs.py
[2024-12-13T12:01:11.092+0000] {logging_mixin.py:190} INFO - [2024-12-13T12:01:11.092+0000] {dag.py:3239} INFO - Sync 2 DAGs
[2024-12-13T12:01:11.113+0000] {logging_mixin.py:190} INFO - [2024-12-13T12:01:11.113+0000] {dag.py:4180} INFO - Setting next_dagrun for example_xcom_args to None, run_after=None
[2024-12-13T12:01:11.119+0000] {logging_mixin.py:190} INFO - [2024-12-13T12:01:11.119+0000] {dag.py:4180} INFO - Setting next_dagrun for example_xcom_args_with_operators to None, run_after=None
[2024-12-13T12:01:11.138+0000] {processor.py:208} INFO - Processing /opt/bitnami/airflow/venv/lib/python3.12/site-packages/airflow/example_dags/example_xcomargs.py took 0.100 seconds
[2024-12-13T12:01:41.967+0000] {processor.py:186} INFO - Started process (PID=436) to work on /opt/bitnami/airflow/venv/lib/python3.12/site-packages/airflow/example_dags/example_xcomargs.py
[2024-12-13T12:01:41.968+0000] {processor.py:914} INFO - Processing file /opt/bitnami/airflow/venv/lib/python3.12/site-packages/airflow/example_dags/example_xcomargs.py for tasks to queue
[2024-12-13T12:01:41.970+0000] {logging_mixin.py:190} INFO - [2024-12-13T12:01:41.970+0000] {dagbag.py:588} INFO - Filling up the DagBag from /opt/bitnami/airflow/venv/lib/python3.12/site-packages/airflow/example_dags/example_xcomargs.py
[2024-12-13T12:01:41.976+0000] {processor.py:925} INFO - DAG(s) 'example_xcom_args', 'example_xcom_args_with_operators' retrieved from /opt/bitnami/airflow/venv/lib/python3.12/site-packages/airflow/example_dags/example_xcomargs.py
[2024-12-13T12:01:42.008+0000] {logging_mixin.py:190} INFO - [2024-12-13T12:01:42.008+0000] {dag.py:3239} INFO - Sync 2 DAGs
[2024-12-13T12:01:42.024+0000] {logging_mixin.py:190} INFO - [2024-12-13T12:01:42.024+0000] {dag.py:4180} INFO - Setting next_dagrun for example_xcom_args to None, run_after=None
[2024-12-13T12:01:42.028+0000] {logging_mixin.py:190} INFO - [2024-12-13T12:01:42.027+0000] {dag.py:4180} INFO - Setting next_dagrun for example_xcom_args_with_operators to None, run_after=None
[2024-12-13T12:01:42.042+0000] {processor.py:208} INFO - Processing /opt/bitnami/airflow/venv/lib/python3.12/site-packages/airflow/example_dags/example_xcomargs.py took 0.080 seconds
[2024-12-13T12:02:12.414+0000] {processor.py:186} INFO - Started process (PID=493) to work on /opt/bitnami/airflow/venv/lib/python3.12/site-packages/airflow/example_dags/example_xcomargs.py
[2024-12-13T12:02:12.415+0000] {processor.py:914} INFO - Processing file /opt/bitnami/airflow/venv/lib/python3.12/site-packages/airflow/example_dags/example_xcomargs.py for tasks to queue
[2024-12-13T12:02:12.417+0000] {logging_mixin.py:190} INFO - [2024-12-13T12:02:12.417+0000] {dagbag.py:588} INFO - Filling up the DagBag from /opt/bitnami/airflow/venv/lib/python3.12/site-packages/airflow/example_dags/example_xcomargs.py
[2024-12-13T12:02:12.424+0000] {processor.py:925} INFO - DAG(s) 'example_xcom_args', 'example_xcom_args_with_operators' retrieved from /opt/bitnami/airflow/venv/lib/python3.12/site-packages/airflow/example_dags/example_xcomargs.py
[2024-12-13T12:02:12.457+0000] {logging_mixin.py:190} INFO - [2024-12-13T12:02:12.457+0000] {dag.py:3239} INFO - Sync 2 DAGs
[2024-12-13T12:02:12.477+0000] {logging_mixin.py:190} INFO - [2024-12-13T12:02:12.477+0000] {dag.py:4180} INFO - Setting next_dagrun for example_xcom_args to None, run_after=None
[2024-12-13T12:02:12.482+0000] {logging_mixin.py:190} INFO - [2024-12-13T12:02:12.481+0000] {dag.py:4180} INFO - Setting next_dagrun for example_xcom_args_with_operators to None, run_after=None
[2024-12-13T12:02:12.500+0000] {processor.py:208} INFO - Processing /opt/bitnami/airflow/venv/lib/python3.12/site-packages/airflow/example_dags/example_xcomargs.py took 0.091 seconds
