[2024-12-13T08:19:45.455+0000] {processor.py:186} INFO - Started process (PID=75) to work on /opt/bitnami/airflow/venv/lib/python3.12/site-packages/airflow/example_dags/example_branch_python_dop_operator_3.py
[2024-12-13T08:19:45.456+0000] {processor.py:914} INFO - Processing file /opt/bitnami/airflow/venv/lib/python3.12/site-packages/airflow/example_dags/example_branch_python_dop_operator_3.py for tasks to queue
[2024-12-13T08:19:45.458+0000] {logging_mixin.py:190} INFO - [2024-12-13T08:19:45.458+0000] {dagbag.py:588} INFO - Filling up the DagBag from /opt/bitnami/airflow/venv/lib/python3.12/site-packages/airflow/example_dags/example_branch_python_dop_operator_3.py
[2024-12-13T08:19:45.465+0000] {processor.py:925} INFO - DAG(s) 'example_branch_dop_operator_v3' retrieved from /opt/bitnami/airflow/venv/lib/python3.12/site-packages/airflow/example_dags/example_branch_python_dop_operator_3.py
[2024-12-13T08:19:45.497+0000] {logging_mixin.py:190} INFO - [2024-12-13T08:19:45.496+0000] {dag.py:3239} INFO - Sync 1 DAGs
[2024-12-13T08:19:45.528+0000] {logging_mixin.py:190} INFO - [2024-12-13T08:19:45.528+0000] {dag.py:4180} INFO - Setting next_dagrun for example_branch_dop_operator_v3 to 2024-12-13 08:18:00+00:00, run_after=2024-12-13 08:19:00+00:00
[2024-12-13T08:19:45.546+0000] {processor.py:208} INFO - Processing /opt/bitnami/airflow/venv/lib/python3.12/site-packages/airflow/example_dags/example_branch_python_dop_operator_3.py took 0.096 seconds
[2024-12-13T08:20:15.698+0000] {processor.py:186} INFO - Started process (PID=132) to work on /opt/bitnami/airflow/venv/lib/python3.12/site-packages/airflow/example_dags/example_branch_python_dop_operator_3.py
[2024-12-13T08:20:15.698+0000] {processor.py:914} INFO - Processing file /opt/bitnami/airflow/venv/lib/python3.12/site-packages/airflow/example_dags/example_branch_python_dop_operator_3.py for tasks to queue
[2024-12-13T08:20:15.700+0000] {logging_mixin.py:190} INFO - [2024-12-13T08:20:15.700+0000] {dagbag.py:588} INFO - Filling up the DagBag from /opt/bitnami/airflow/venv/lib/python3.12/site-packages/airflow/example_dags/example_branch_python_dop_operator_3.py
[2024-12-13T08:20:15.707+0000] {processor.py:925} INFO - DAG(s) 'example_branch_dop_operator_v3' retrieved from /opt/bitnami/airflow/venv/lib/python3.12/site-packages/airflow/example_dags/example_branch_python_dop_operator_3.py
[2024-12-13T08:20:15.741+0000] {logging_mixin.py:190} INFO - [2024-12-13T08:20:15.740+0000] {dag.py:3239} INFO - Sync 1 DAGs
[2024-12-13T08:20:15.768+0000] {logging_mixin.py:190} INFO - [2024-12-13T08:20:15.768+0000] {dag.py:4180} INFO - Setting next_dagrun for example_branch_dop_operator_v3 to 2024-12-13 08:19:00+00:00, run_after=2024-12-13 08:20:00+00:00
[2024-12-13T08:20:15.789+0000] {processor.py:208} INFO - Processing /opt/bitnami/airflow/venv/lib/python3.12/site-packages/airflow/example_dags/example_branch_python_dop_operator_3.py took 0.097 seconds
[2024-12-13T08:20:46.349+0000] {processor.py:186} INFO - Started process (PID=189) to work on /opt/bitnami/airflow/venv/lib/python3.12/site-packages/airflow/example_dags/example_branch_python_dop_operator_3.py
[2024-12-13T08:20:46.350+0000] {processor.py:914} INFO - Processing file /opt/bitnami/airflow/venv/lib/python3.12/site-packages/airflow/example_dags/example_branch_python_dop_operator_3.py for tasks to queue
[2024-12-13T08:20:46.353+0000] {logging_mixin.py:190} INFO - [2024-12-13T08:20:46.353+0000] {dagbag.py:588} INFO - Filling up the DagBag from /opt/bitnami/airflow/venv/lib/python3.12/site-packages/airflow/example_dags/example_branch_python_dop_operator_3.py
[2024-12-13T08:20:46.361+0000] {processor.py:925} INFO - DAG(s) 'example_branch_dop_operator_v3' retrieved from /opt/bitnami/airflow/venv/lib/python3.12/site-packages/airflow/example_dags/example_branch_python_dop_operator_3.py
[2024-12-13T08:20:46.393+0000] {logging_mixin.py:190} INFO - [2024-12-13T08:20:46.392+0000] {dag.py:3239} INFO - Sync 1 DAGs
[2024-12-13T08:20:46.421+0000] {logging_mixin.py:190} INFO - [2024-12-13T08:20:46.421+0000] {dag.py:4180} INFO - Setting next_dagrun for example_branch_dop_operator_v3 to 2024-12-13 08:19:00+00:00, run_after=2024-12-13 08:20:00+00:00
[2024-12-13T08:20:46.459+0000] {processor.py:208} INFO - Processing /opt/bitnami/airflow/venv/lib/python3.12/site-packages/airflow/example_dags/example_branch_python_dop_operator_3.py took 0.116 seconds
[2024-12-13T08:21:17.173+0000] {processor.py:186} INFO - Started process (PID=246) to work on /opt/bitnami/airflow/venv/lib/python3.12/site-packages/airflow/example_dags/example_branch_python_dop_operator_3.py
[2024-12-13T08:21:17.174+0000] {processor.py:914} INFO - Processing file /opt/bitnami/airflow/venv/lib/python3.12/site-packages/airflow/example_dags/example_branch_python_dop_operator_3.py for tasks to queue
[2024-12-13T08:21:17.176+0000] {logging_mixin.py:190} INFO - [2024-12-13T08:21:17.176+0000] {dagbag.py:588} INFO - Filling up the DagBag from /opt/bitnami/airflow/venv/lib/python3.12/site-packages/airflow/example_dags/example_branch_python_dop_operator_3.py
[2024-12-13T08:21:17.182+0000] {processor.py:925} INFO - DAG(s) 'example_branch_dop_operator_v3' retrieved from /opt/bitnami/airflow/venv/lib/python3.12/site-packages/airflow/example_dags/example_branch_python_dop_operator_3.py
[2024-12-13T08:21:17.265+0000] {logging_mixin.py:190} INFO - [2024-12-13T08:21:17.264+0000] {dag.py:3239} INFO - Sync 1 DAGs
[2024-12-13T08:21:17.289+0000] {logging_mixin.py:190} INFO - [2024-12-13T08:21:17.289+0000] {dag.py:4180} INFO - Setting next_dagrun for example_branch_dop_operator_v3 to 2024-12-13 08:20:00+00:00, run_after=2024-12-13 08:21:00+00:00
[2024-12-13T08:21:17.316+0000] {processor.py:208} INFO - Processing /opt/bitnami/airflow/venv/lib/python3.12/site-packages/airflow/example_dags/example_branch_python_dop_operator_3.py took 0.147 seconds
[2024-12-13T08:21:48.124+0000] {processor.py:186} INFO - Started process (PID=303) to work on /opt/bitnami/airflow/venv/lib/python3.12/site-packages/airflow/example_dags/example_branch_python_dop_operator_3.py
[2024-12-13T08:21:48.125+0000] {processor.py:914} INFO - Processing file /opt/bitnami/airflow/venv/lib/python3.12/site-packages/airflow/example_dags/example_branch_python_dop_operator_3.py for tasks to queue
[2024-12-13T08:21:48.126+0000] {logging_mixin.py:190} INFO - [2024-12-13T08:21:48.126+0000] {dagbag.py:588} INFO - Filling up the DagBag from /opt/bitnami/airflow/venv/lib/python3.12/site-packages/airflow/example_dags/example_branch_python_dop_operator_3.py
[2024-12-13T08:21:48.133+0000] {processor.py:925} INFO - DAG(s) 'example_branch_dop_operator_v3' retrieved from /opt/bitnami/airflow/venv/lib/python3.12/site-packages/airflow/example_dags/example_branch_python_dop_operator_3.py
[2024-12-13T08:21:48.170+0000] {logging_mixin.py:190} INFO - [2024-12-13T08:21:48.169+0000] {dag.py:3239} INFO - Sync 1 DAGs
[2024-12-13T08:21:48.211+0000] {logging_mixin.py:190} INFO - [2024-12-13T08:21:48.210+0000] {dag.py:4180} INFO - Setting next_dagrun for example_branch_dop_operator_v3 to 2024-12-13 08:20:00+00:00, run_after=2024-12-13 08:21:00+00:00
[2024-12-13T08:21:48.238+0000] {processor.py:208} INFO - Processing /opt/bitnami/airflow/venv/lib/python3.12/site-packages/airflow/example_dags/example_branch_python_dop_operator_3.py took 0.119 seconds
[2024-12-13T08:22:18.564+0000] {processor.py:186} INFO - Started process (PID=360) to work on /opt/bitnami/airflow/venv/lib/python3.12/site-packages/airflow/example_dags/example_branch_python_dop_operator_3.py
[2024-12-13T08:22:18.565+0000] {processor.py:914} INFO - Processing file /opt/bitnami/airflow/venv/lib/python3.12/site-packages/airflow/example_dags/example_branch_python_dop_operator_3.py for tasks to queue
[2024-12-13T08:22:18.568+0000] {logging_mixin.py:190} INFO - [2024-12-13T08:22:18.567+0000] {dagbag.py:588} INFO - Filling up the DagBag from /opt/bitnami/airflow/venv/lib/python3.12/site-packages/airflow/example_dags/example_branch_python_dop_operator_3.py
[2024-12-13T08:22:18.575+0000] {processor.py:925} INFO - DAG(s) 'example_branch_dop_operator_v3' retrieved from /opt/bitnami/airflow/venv/lib/python3.12/site-packages/airflow/example_dags/example_branch_python_dop_operator_3.py
[2024-12-13T08:22:18.605+0000] {logging_mixin.py:190} INFO - [2024-12-13T08:22:18.605+0000] {dag.py:3239} INFO - Sync 1 DAGs
[2024-12-13T08:22:18.637+0000] {logging_mixin.py:190} INFO - [2024-12-13T08:22:18.637+0000] {dag.py:4180} INFO - Setting next_dagrun for example_branch_dop_operator_v3 to 2024-12-13 08:21:00+00:00, run_after=2024-12-13 08:22:00+00:00
[2024-12-13T08:22:18.656+0000] {processor.py:208} INFO - Processing /opt/bitnami/airflow/venv/lib/python3.12/site-packages/airflow/example_dags/example_branch_python_dop_operator_3.py took 0.097 seconds
[2024-12-13T08:22:49.312+0000] {processor.py:186} INFO - Started process (PID=417) to work on /opt/bitnami/airflow/venv/lib/python3.12/site-packages/airflow/example_dags/example_branch_python_dop_operator_3.py
[2024-12-13T08:22:49.313+0000] {processor.py:914} INFO - Processing file /opt/bitnami/airflow/venv/lib/python3.12/site-packages/airflow/example_dags/example_branch_python_dop_operator_3.py for tasks to queue
[2024-12-13T08:22:49.316+0000] {logging_mixin.py:190} INFO - [2024-12-13T08:22:49.315+0000] {dagbag.py:588} INFO - Filling up the DagBag from /opt/bitnami/airflow/venv/lib/python3.12/site-packages/airflow/example_dags/example_branch_python_dop_operator_3.py
[2024-12-13T08:22:49.324+0000] {processor.py:925} INFO - DAG(s) 'example_branch_dop_operator_v3' retrieved from /opt/bitnami/airflow/venv/lib/python3.12/site-packages/airflow/example_dags/example_branch_python_dop_operator_3.py
[2024-12-13T08:22:49.358+0000] {logging_mixin.py:190} INFO - [2024-12-13T08:22:49.357+0000] {dag.py:3239} INFO - Sync 1 DAGs
[2024-12-13T08:22:49.389+0000] {logging_mixin.py:190} INFO - [2024-12-13T08:22:49.389+0000] {dag.py:4180} INFO - Setting next_dagrun for example_branch_dop_operator_v3 to 2024-12-13 08:21:00+00:00, run_after=2024-12-13 08:22:00+00:00
[2024-12-13T08:22:49.406+0000] {processor.py:208} INFO - Processing /opt/bitnami/airflow/venv/lib/python3.12/site-packages/airflow/example_dags/example_branch_python_dop_operator_3.py took 0.100 seconds
[2024-12-13T08:25:46.504+0000] {processor.py:186} INFO - Started process (PID=75) to work on /opt/bitnami/airflow/venv/lib/python3.12/site-packages/airflow/example_dags/example_branch_python_dop_operator_3.py
[2024-12-13T08:25:46.506+0000] {processor.py:914} INFO - Processing file /opt/bitnami/airflow/venv/lib/python3.12/site-packages/airflow/example_dags/example_branch_python_dop_operator_3.py for tasks to queue
[2024-12-13T08:25:46.508+0000] {logging_mixin.py:190} INFO - [2024-12-13T08:25:46.508+0000] {dagbag.py:588} INFO - Filling up the DagBag from /opt/bitnami/airflow/venv/lib/python3.12/site-packages/airflow/example_dags/example_branch_python_dop_operator_3.py
[2024-12-13T08:25:46.516+0000] {processor.py:925} INFO - DAG(s) 'example_branch_dop_operator_v3' retrieved from /opt/bitnami/airflow/venv/lib/python3.12/site-packages/airflow/example_dags/example_branch_python_dop_operator_3.py
[2024-12-13T08:25:46.549+0000] {logging_mixin.py:190} INFO - [2024-12-13T08:25:46.549+0000] {dag.py:3239} INFO - Sync 1 DAGs
[2024-12-13T08:25:46.596+0000] {logging_mixin.py:190} INFO - [2024-12-13T08:25:46.596+0000] {dag.py:4180} INFO - Setting next_dagrun for example_branch_dop_operator_v3 to 2024-12-13 08:24:00+00:00, run_after=2024-12-13 08:25:00+00:00
[2024-12-13T08:25:46.619+0000] {processor.py:208} INFO - Processing /opt/bitnami/airflow/venv/lib/python3.12/site-packages/airflow/example_dags/example_branch_python_dop_operator_3.py took 0.121 seconds
[2024-12-13T08:26:16.687+0000] {processor.py:186} INFO - Started process (PID=131) to work on /opt/bitnami/airflow/venv/lib/python3.12/site-packages/airflow/example_dags/example_branch_python_dop_operator_3.py
[2024-12-13T08:26:16.688+0000] {processor.py:914} INFO - Processing file /opt/bitnami/airflow/venv/lib/python3.12/site-packages/airflow/example_dags/example_branch_python_dop_operator_3.py for tasks to queue
[2024-12-13T08:26:16.690+0000] {logging_mixin.py:190} INFO - [2024-12-13T08:26:16.690+0000] {dagbag.py:588} INFO - Filling up the DagBag from /opt/bitnami/airflow/venv/lib/python3.12/site-packages/airflow/example_dags/example_branch_python_dop_operator_3.py
[2024-12-13T08:26:16.696+0000] {processor.py:925} INFO - DAG(s) 'example_branch_dop_operator_v3' retrieved from /opt/bitnami/airflow/venv/lib/python3.12/site-packages/airflow/example_dags/example_branch_python_dop_operator_3.py
[2024-12-13T08:26:16.720+0000] {logging_mixin.py:190} INFO - [2024-12-13T08:26:16.720+0000] {dag.py:3239} INFO - Sync 1 DAGs
[2024-12-13T08:26:16.744+0000] {logging_mixin.py:190} INFO - [2024-12-13T08:26:16.744+0000] {dag.py:4180} INFO - Setting next_dagrun for example_branch_dop_operator_v3 to 2024-12-13 08:25:00+00:00, run_after=2024-12-13 08:26:00+00:00
[2024-12-13T08:26:16.761+0000] {processor.py:208} INFO - Processing /opt/bitnami/airflow/venv/lib/python3.12/site-packages/airflow/example_dags/example_branch_python_dop_operator_3.py took 0.078 seconds
[2024-12-13T08:26:49.170+0000] {processor.py:186} INFO - Started process (PID=189) to work on /opt/bitnami/airflow/venv/lib/python3.12/site-packages/airflow/example_dags/example_branch_python_dop_operator_3.py
[2024-12-13T08:26:49.171+0000] {processor.py:914} INFO - Processing file /opt/bitnami/airflow/venv/lib/python3.12/site-packages/airflow/example_dags/example_branch_python_dop_operator_3.py for tasks to queue
[2024-12-13T08:26:49.173+0000] {logging_mixin.py:190} INFO - [2024-12-13T08:26:49.173+0000] {dagbag.py:588} INFO - Filling up the DagBag from /opt/bitnami/airflow/venv/lib/python3.12/site-packages/airflow/example_dags/example_branch_python_dop_operator_3.py
[2024-12-13T08:26:49.180+0000] {processor.py:925} INFO - DAG(s) 'example_branch_dop_operator_v3' retrieved from /opt/bitnami/airflow/venv/lib/python3.12/site-packages/airflow/example_dags/example_branch_python_dop_operator_3.py
[2024-12-13T08:26:49.261+0000] {logging_mixin.py:190} INFO - [2024-12-13T08:26:49.261+0000] {dag.py:3239} INFO - Sync 1 DAGs
[2024-12-13T08:26:49.292+0000] {logging_mixin.py:190} INFO - [2024-12-13T08:26:49.291+0000] {dag.py:4180} INFO - Setting next_dagrun for example_branch_dop_operator_v3 to 2024-12-13 08:25:00+00:00, run_after=2024-12-13 08:26:00+00:00
[2024-12-13T08:26:49.317+0000] {processor.py:208} INFO - Processing /opt/bitnami/airflow/venv/lib/python3.12/site-packages/airflow/example_dags/example_branch_python_dop_operator_3.py took 0.152 seconds
[2024-12-13T08:27:19.804+0000] {processor.py:186} INFO - Started process (PID=246) to work on /opt/bitnami/airflow/venv/lib/python3.12/site-packages/airflow/example_dags/example_branch_python_dop_operator_3.py
[2024-12-13T08:27:19.805+0000] {processor.py:914} INFO - Processing file /opt/bitnami/airflow/venv/lib/python3.12/site-packages/airflow/example_dags/example_branch_python_dop_operator_3.py for tasks to queue
[2024-12-13T08:27:19.806+0000] {logging_mixin.py:190} INFO - [2024-12-13T08:27:19.806+0000] {dagbag.py:588} INFO - Filling up the DagBag from /opt/bitnami/airflow/venv/lib/python3.12/site-packages/airflow/example_dags/example_branch_python_dop_operator_3.py
[2024-12-13T08:27:19.813+0000] {processor.py:925} INFO - DAG(s) 'example_branch_dop_operator_v3' retrieved from /opt/bitnami/airflow/venv/lib/python3.12/site-packages/airflow/example_dags/example_branch_python_dop_operator_3.py
[2024-12-13T08:27:19.842+0000] {logging_mixin.py:190} INFO - [2024-12-13T08:27:19.841+0000] {dag.py:3239} INFO - Sync 1 DAGs
[2024-12-13T08:27:19.875+0000] {logging_mixin.py:190} INFO - [2024-12-13T08:27:19.874+0000] {dag.py:4180} INFO - Setting next_dagrun for example_branch_dop_operator_v3 to 2024-12-13 08:26:00+00:00, run_after=2024-12-13 08:27:00+00:00
[2024-12-13T08:27:19.897+0000] {processor.py:208} INFO - Processing /opt/bitnami/airflow/venv/lib/python3.12/site-packages/airflow/example_dags/example_branch_python_dop_operator_3.py took 0.097 seconds
[2024-12-13T10:42:41.229+0000] {processor.py:186} INFO - Started process (PID=75) to work on /opt/bitnami/airflow/venv/lib/python3.12/site-packages/airflow/example_dags/example_branch_python_dop_operator_3.py
[2024-12-13T10:42:41.231+0000] {processor.py:914} INFO - Processing file /opt/bitnami/airflow/venv/lib/python3.12/site-packages/airflow/example_dags/example_branch_python_dop_operator_3.py for tasks to queue
[2024-12-13T10:42:41.234+0000] {logging_mixin.py:190} INFO - [2024-12-13T10:42:41.234+0000] {dagbag.py:588} INFO - Filling up the DagBag from /opt/bitnami/airflow/venv/lib/python3.12/site-packages/airflow/example_dags/example_branch_python_dop_operator_3.py
[2024-12-13T10:42:41.244+0000] {processor.py:925} INFO - DAG(s) 'example_branch_dop_operator_v3' retrieved from /opt/bitnami/airflow/venv/lib/python3.12/site-packages/airflow/example_dags/example_branch_python_dop_operator_3.py
[2024-12-13T10:42:41.417+0000] {logging_mixin.py:190} INFO - [2024-12-13T10:42:41.416+0000] {override.py:1900} INFO - Created Permission View: can read on DAG:example_branch_dop_operator_v3
[2024-12-13T10:42:41.433+0000] {logging_mixin.py:190} INFO - [2024-12-13T10:42:41.433+0000] {override.py:1900} INFO - Created Permission View: can delete on DAG:example_branch_dop_operator_v3
[2024-12-13T10:42:41.448+0000] {logging_mixin.py:190} INFO - [2024-12-13T10:42:41.447+0000] {override.py:1900} INFO - Created Permission View: can edit on DAG:example_branch_dop_operator_v3
[2024-12-13T10:42:41.464+0000] {logging_mixin.py:190} INFO - [2024-12-13T10:42:41.464+0000] {override.py:1900} INFO - Created Permission View: can delete on DAG Run:example_branch_dop_operator_v3
[2024-12-13T10:42:41.473+0000] {logging_mixin.py:190} INFO - [2024-12-13T10:42:41.472+0000] {override.py:1900} INFO - Created Permission View: can read on DAG Run:example_branch_dop_operator_v3
[2024-12-13T10:42:41.483+0000] {logging_mixin.py:190} INFO - [2024-12-13T10:42:41.483+0000] {override.py:1900} INFO - Created Permission View: can create on DAG Run:example_branch_dop_operator_v3
[2024-12-13T10:42:41.494+0000] {logging_mixin.py:190} INFO - [2024-12-13T10:42:41.493+0000] {override.py:1900} INFO - Created Permission View: menu access on DAG Run:example_branch_dop_operator_v3
[2024-12-13T10:42:41.495+0000] {logging_mixin.py:190} INFO - [2024-12-13T10:42:41.494+0000] {dag.py:3239} INFO - Sync 1 DAGs
[2024-12-13T10:42:41.542+0000] {logging_mixin.py:190} INFO - [2024-12-13T10:42:41.542+0000] {dag.py:3262} INFO - Creating ORM DAG for example_branch_dop_operator_v3
[2024-12-13T10:42:41.563+0000] {logging_mixin.py:190} INFO - [2024-12-13T10:42:41.563+0000] {dag.py:4180} INFO - Setting next_dagrun for example_branch_dop_operator_v3 to 2024-12-13 10:41:00+00:00, run_after=2024-12-13 10:42:00+00:00
[2024-12-13T10:42:41.603+0000] {processor.py:208} INFO - Processing /opt/bitnami/airflow/venv/lib/python3.12/site-packages/airflow/example_dags/example_branch_python_dop_operator_3.py took 0.380 seconds
[2024-12-13T10:43:11.790+0000] {processor.py:186} INFO - Started process (PID=131) to work on /opt/bitnami/airflow/venv/lib/python3.12/site-packages/airflow/example_dags/example_branch_python_dop_operator_3.py
[2024-12-13T10:43:11.791+0000] {processor.py:914} INFO - Processing file /opt/bitnami/airflow/venv/lib/python3.12/site-packages/airflow/example_dags/example_branch_python_dop_operator_3.py for tasks to queue
[2024-12-13T10:43:11.793+0000] {logging_mixin.py:190} INFO - [2024-12-13T10:43:11.793+0000] {dagbag.py:588} INFO - Filling up the DagBag from /opt/bitnami/airflow/venv/lib/python3.12/site-packages/airflow/example_dags/example_branch_python_dop_operator_3.py
[2024-12-13T10:43:11.802+0000] {processor.py:925} INFO - DAG(s) 'example_branch_dop_operator_v3' retrieved from /opt/bitnami/airflow/venv/lib/python3.12/site-packages/airflow/example_dags/example_branch_python_dop_operator_3.py
[2024-12-13T10:43:11.891+0000] {logging_mixin.py:190} INFO - [2024-12-13T10:43:11.891+0000] {dag.py:3239} INFO - Sync 1 DAGs
[2024-12-13T10:43:11.954+0000] {logging_mixin.py:190} INFO - [2024-12-13T10:43:11.953+0000] {dag.py:4180} INFO - Setting next_dagrun for example_branch_dop_operator_v3 to 2024-12-13 10:42:00+00:00, run_after=2024-12-13 10:43:00+00:00
[2024-12-13T10:43:11.992+0000] {processor.py:208} INFO - Processing /opt/bitnami/airflow/venv/lib/python3.12/site-packages/airflow/example_dags/example_branch_python_dop_operator_3.py took 0.208 seconds
[2024-12-13T10:43:42.089+0000] {processor.py:186} INFO - Started process (PID=187) to work on /opt/bitnami/airflow/venv/lib/python3.12/site-packages/airflow/example_dags/example_branch_python_dop_operator_3.py
[2024-12-13T10:43:42.091+0000] {processor.py:914} INFO - Processing file /opt/bitnami/airflow/venv/lib/python3.12/site-packages/airflow/example_dags/example_branch_python_dop_operator_3.py for tasks to queue
[2024-12-13T10:43:42.093+0000] {logging_mixin.py:190} INFO - [2024-12-13T10:43:42.093+0000] {dagbag.py:588} INFO - Filling up the DagBag from /opt/bitnami/airflow/venv/lib/python3.12/site-packages/airflow/example_dags/example_branch_python_dop_operator_3.py
[2024-12-13T10:43:42.101+0000] {processor.py:925} INFO - DAG(s) 'example_branch_dop_operator_v3' retrieved from /opt/bitnami/airflow/venv/lib/python3.12/site-packages/airflow/example_dags/example_branch_python_dop_operator_3.py
[2024-12-13T10:43:42.274+0000] {logging_mixin.py:190} INFO - [2024-12-13T10:43:42.273+0000] {dag.py:3239} INFO - Sync 1 DAGs
[2024-12-13T10:43:42.355+0000] {logging_mixin.py:190} INFO - [2024-12-13T10:43:42.355+0000] {dag.py:4180} INFO - Setting next_dagrun for example_branch_dop_operator_v3 to 2024-12-13 10:42:00+00:00, run_after=2024-12-13 10:43:00+00:00
[2024-12-13T10:43:42.409+0000] {processor.py:208} INFO - Processing /opt/bitnami/airflow/venv/lib/python3.12/site-packages/airflow/example_dags/example_branch_python_dop_operator_3.py took 0.324 seconds
[2024-12-13T10:44:12.616+0000] {processor.py:186} INFO - Started process (PID=244) to work on /opt/bitnami/airflow/venv/lib/python3.12/site-packages/airflow/example_dags/example_branch_python_dop_operator_3.py
[2024-12-13T10:44:12.617+0000] {processor.py:914} INFO - Processing file /opt/bitnami/airflow/venv/lib/python3.12/site-packages/airflow/example_dags/example_branch_python_dop_operator_3.py for tasks to queue
[2024-12-13T10:44:12.619+0000] {logging_mixin.py:190} INFO - [2024-12-13T10:44:12.619+0000] {dagbag.py:588} INFO - Filling up the DagBag from /opt/bitnami/airflow/venv/lib/python3.12/site-packages/airflow/example_dags/example_branch_python_dop_operator_3.py
[2024-12-13T10:44:12.625+0000] {processor.py:925} INFO - DAG(s) 'example_branch_dop_operator_v3' retrieved from /opt/bitnami/airflow/venv/lib/python3.12/site-packages/airflow/example_dags/example_branch_python_dop_operator_3.py
[2024-12-13T10:44:12.690+0000] {logging_mixin.py:190} INFO - [2024-12-13T10:44:12.689+0000] {dag.py:3239} INFO - Sync 1 DAGs
[2024-12-13T10:44:12.741+0000] {logging_mixin.py:190} INFO - [2024-12-13T10:44:12.741+0000] {dag.py:4180} INFO - Setting next_dagrun for example_branch_dop_operator_v3 to 2024-12-13 10:43:00+00:00, run_after=2024-12-13 10:44:00+00:00
[2024-12-13T10:44:12.780+0000] {processor.py:208} INFO - Processing /opt/bitnami/airflow/venv/lib/python3.12/site-packages/airflow/example_dags/example_branch_python_dop_operator_3.py took 0.168 seconds
[2024-12-13T10:44:43.150+0000] {processor.py:186} INFO - Started process (PID=301) to work on /opt/bitnami/airflow/venv/lib/python3.12/site-packages/airflow/example_dags/example_branch_python_dop_operator_3.py
[2024-12-13T10:44:43.151+0000] {processor.py:914} INFO - Processing file /opt/bitnami/airflow/venv/lib/python3.12/site-packages/airflow/example_dags/example_branch_python_dop_operator_3.py for tasks to queue
[2024-12-13T10:44:43.155+0000] {logging_mixin.py:190} INFO - [2024-12-13T10:44:43.155+0000] {dagbag.py:588} INFO - Filling up the DagBag from /opt/bitnami/airflow/venv/lib/python3.12/site-packages/airflow/example_dags/example_branch_python_dop_operator_3.py
[2024-12-13T10:44:43.163+0000] {processor.py:925} INFO - DAG(s) 'example_branch_dop_operator_v3' retrieved from /opt/bitnami/airflow/venv/lib/python3.12/site-packages/airflow/example_dags/example_branch_python_dop_operator_3.py
[2024-12-13T10:44:43.203+0000] {logging_mixin.py:190} INFO - [2024-12-13T10:44:43.203+0000] {dag.py:3239} INFO - Sync 1 DAGs
[2024-12-13T10:44:43.235+0000] {logging_mixin.py:190} INFO - [2024-12-13T10:44:43.235+0000] {dag.py:4180} INFO - Setting next_dagrun for example_branch_dop_operator_v3 to 2024-12-13 10:43:00+00:00, run_after=2024-12-13 10:44:00+00:00
[2024-12-13T10:44:43.257+0000] {processor.py:208} INFO - Processing /opt/bitnami/airflow/venv/lib/python3.12/site-packages/airflow/example_dags/example_branch_python_dop_operator_3.py took 0.113 seconds
[2024-12-13T10:52:12.900+0000] {processor.py:186} INFO - Started process (PID=75) to work on /opt/bitnami/airflow/venv/lib/python3.12/site-packages/airflow/example_dags/example_branch_python_dop_operator_3.py
[2024-12-13T10:52:12.902+0000] {processor.py:914} INFO - Processing file /opt/bitnami/airflow/venv/lib/python3.12/site-packages/airflow/example_dags/example_branch_python_dop_operator_3.py for tasks to queue
[2024-12-13T10:52:12.905+0000] {logging_mixin.py:190} INFO - [2024-12-13T10:52:12.905+0000] {dagbag.py:588} INFO - Filling up the DagBag from /opt/bitnami/airflow/venv/lib/python3.12/site-packages/airflow/example_dags/example_branch_python_dop_operator_3.py
[2024-12-13T10:52:12.911+0000] {processor.py:925} INFO - DAG(s) 'example_branch_dop_operator_v3' retrieved from /opt/bitnami/airflow/venv/lib/python3.12/site-packages/airflow/example_dags/example_branch_python_dop_operator_3.py
[2024-12-13T10:52:13.062+0000] {logging_mixin.py:190} INFO - [2024-12-13T10:52:13.062+0000] {override.py:1900} INFO - Created Permission View: can read on DAG:example_branch_dop_operator_v3
[2024-12-13T10:52:13.082+0000] {logging_mixin.py:190} INFO - [2024-12-13T10:52:13.082+0000] {override.py:1900} INFO - Created Permission View: can delete on DAG:example_branch_dop_operator_v3
[2024-12-13T10:52:13.095+0000] {logging_mixin.py:190} INFO - [2024-12-13T10:52:13.095+0000] {override.py:1900} INFO - Created Permission View: can edit on DAG:example_branch_dop_operator_v3
[2024-12-13T10:52:13.108+0000] {logging_mixin.py:190} INFO - [2024-12-13T10:52:13.108+0000] {override.py:1900} INFO - Created Permission View: menu access on DAG Run:example_branch_dop_operator_v3
[2024-12-13T10:52:13.116+0000] {logging_mixin.py:190} INFO - [2024-12-13T10:52:13.116+0000] {override.py:1900} INFO - Created Permission View: can read on DAG Run:example_branch_dop_operator_v3
[2024-12-13T10:52:13.125+0000] {logging_mixin.py:190} INFO - [2024-12-13T10:52:13.125+0000] {override.py:1900} INFO - Created Permission View: can delete on DAG Run:example_branch_dop_operator_v3
[2024-12-13T10:52:13.133+0000] {logging_mixin.py:190} INFO - [2024-12-13T10:52:13.133+0000] {override.py:1900} INFO - Created Permission View: can create on DAG Run:example_branch_dop_operator_v3
[2024-12-13T10:52:13.134+0000] {logging_mixin.py:190} INFO - [2024-12-13T10:52:13.134+0000] {dag.py:3239} INFO - Sync 1 DAGs
[2024-12-13T10:52:13.175+0000] {logging_mixin.py:190} INFO - [2024-12-13T10:52:13.175+0000] {dag.py:3262} INFO - Creating ORM DAG for example_branch_dop_operator_v3
[2024-12-13T10:52:13.196+0000] {logging_mixin.py:190} INFO - [2024-12-13T10:52:13.195+0000] {dag.py:4180} INFO - Setting next_dagrun for example_branch_dop_operator_v3 to 2024-12-13 10:51:00+00:00, run_after=2024-12-13 10:52:00+00:00
[2024-12-13T10:52:13.220+0000] {processor.py:208} INFO - Processing /opt/bitnami/airflow/venv/lib/python3.12/site-packages/airflow/example_dags/example_branch_python_dop_operator_3.py took 0.324 seconds
[2024-12-13T10:52:43.932+0000] {processor.py:186} INFO - Started process (PID=132) to work on /opt/bitnami/airflow/venv/lib/python3.12/site-packages/airflow/example_dags/example_branch_python_dop_operator_3.py
[2024-12-13T10:52:43.933+0000] {processor.py:914} INFO - Processing file /opt/bitnami/airflow/venv/lib/python3.12/site-packages/airflow/example_dags/example_branch_python_dop_operator_3.py for tasks to queue
[2024-12-13T10:52:43.935+0000] {logging_mixin.py:190} INFO - [2024-12-13T10:52:43.935+0000] {dagbag.py:588} INFO - Filling up the DagBag from /opt/bitnami/airflow/venv/lib/python3.12/site-packages/airflow/example_dags/example_branch_python_dop_operator_3.py
[2024-12-13T10:52:43.942+0000] {processor.py:925} INFO - DAG(s) 'example_branch_dop_operator_v3' retrieved from /opt/bitnami/airflow/venv/lib/python3.12/site-packages/airflow/example_dags/example_branch_python_dop_operator_3.py
[2024-12-13T10:52:43.979+0000] {logging_mixin.py:190} INFO - [2024-12-13T10:52:43.979+0000] {dag.py:3239} INFO - Sync 1 DAGs
[2024-12-13T10:52:44.019+0000] {logging_mixin.py:190} INFO - [2024-12-13T10:52:44.019+0000] {dag.py:4180} INFO - Setting next_dagrun for example_branch_dop_operator_v3 to 2024-12-13 10:51:00+00:00, run_after=2024-12-13 10:52:00+00:00
[2024-12-13T10:52:44.052+0000] {processor.py:208} INFO - Processing /opt/bitnami/airflow/venv/lib/python3.12/site-packages/airflow/example_dags/example_branch_python_dop_operator_3.py took 0.124 seconds
[2024-12-13T10:53:15.581+0000] {processor.py:186} INFO - Started process (PID=189) to work on /opt/bitnami/airflow/venv/lib/python3.12/site-packages/airflow/example_dags/example_branch_python_dop_operator_3.py
[2024-12-13T10:53:15.583+0000] {processor.py:914} INFO - Processing file /opt/bitnami/airflow/venv/lib/python3.12/site-packages/airflow/example_dags/example_branch_python_dop_operator_3.py for tasks to queue
[2024-12-13T10:53:15.587+0000] {logging_mixin.py:190} INFO - [2024-12-13T10:53:15.586+0000] {dagbag.py:588} INFO - Filling up the DagBag from /opt/bitnami/airflow/venv/lib/python3.12/site-packages/airflow/example_dags/example_branch_python_dop_operator_3.py
[2024-12-13T10:53:15.597+0000] {processor.py:925} INFO - DAG(s) 'example_branch_dop_operator_v3' retrieved from /opt/bitnami/airflow/venv/lib/python3.12/site-packages/airflow/example_dags/example_branch_python_dop_operator_3.py
[2024-12-13T10:53:15.755+0000] {logging_mixin.py:190} INFO - [2024-12-13T10:53:15.754+0000] {dag.py:3239} INFO - Sync 1 DAGs
[2024-12-13T10:53:15.798+0000] {logging_mixin.py:190} INFO - [2024-12-13T10:53:15.798+0000] {dag.py:4180} INFO - Setting next_dagrun for example_branch_dop_operator_v3 to 2024-12-13 10:52:00+00:00, run_after=2024-12-13 10:53:00+00:00
[2024-12-13T10:53:15.836+0000] {processor.py:208} INFO - Processing /opt/bitnami/airflow/venv/lib/python3.12/site-packages/airflow/example_dags/example_branch_python_dop_operator_3.py took 0.260 seconds
[2024-12-13T10:53:46.145+0000] {processor.py:186} INFO - Started process (PID=246) to work on /opt/bitnami/airflow/venv/lib/python3.12/site-packages/airflow/example_dags/example_branch_python_dop_operator_3.py
[2024-12-13T10:53:46.146+0000] {processor.py:914} INFO - Processing file /opt/bitnami/airflow/venv/lib/python3.12/site-packages/airflow/example_dags/example_branch_python_dop_operator_3.py for tasks to queue
[2024-12-13T10:53:46.149+0000] {logging_mixin.py:190} INFO - [2024-12-13T10:53:46.149+0000] {dagbag.py:588} INFO - Filling up the DagBag from /opt/bitnami/airflow/venv/lib/python3.12/site-packages/airflow/example_dags/example_branch_python_dop_operator_3.py
[2024-12-13T10:53:46.156+0000] {processor.py:925} INFO - DAG(s) 'example_branch_dop_operator_v3' retrieved from /opt/bitnami/airflow/venv/lib/python3.12/site-packages/airflow/example_dags/example_branch_python_dop_operator_3.py
[2024-12-13T10:53:46.239+0000] {logging_mixin.py:190} INFO - [2024-12-13T10:53:46.239+0000] {dag.py:3239} INFO - Sync 1 DAGs
[2024-12-13T10:53:46.292+0000] {logging_mixin.py:190} INFO - [2024-12-13T10:53:46.291+0000] {dag.py:4180} INFO - Setting next_dagrun for example_branch_dop_operator_v3 to 2024-12-13 10:52:00+00:00, run_after=2024-12-13 10:53:00+00:00
[2024-12-13T10:53:46.357+0000] {processor.py:208} INFO - Processing /opt/bitnami/airflow/venv/lib/python3.12/site-packages/airflow/example_dags/example_branch_python_dop_operator_3.py took 0.218 seconds
[2024-12-13T10:54:16.530+0000] {processor.py:186} INFO - Started process (PID=302) to work on /opt/bitnami/airflow/venv/lib/python3.12/site-packages/airflow/example_dags/example_branch_python_dop_operator_3.py
[2024-12-13T10:54:16.531+0000] {processor.py:914} INFO - Processing file /opt/bitnami/airflow/venv/lib/python3.12/site-packages/airflow/example_dags/example_branch_python_dop_operator_3.py for tasks to queue
[2024-12-13T10:54:16.534+0000] {logging_mixin.py:190} INFO - [2024-12-13T10:54:16.534+0000] {dagbag.py:588} INFO - Filling up the DagBag from /opt/bitnami/airflow/venv/lib/python3.12/site-packages/airflow/example_dags/example_branch_python_dop_operator_3.py
[2024-12-13T10:54:16.544+0000] {processor.py:925} INFO - DAG(s) 'example_branch_dop_operator_v3' retrieved from /opt/bitnami/airflow/venv/lib/python3.12/site-packages/airflow/example_dags/example_branch_python_dop_operator_3.py
[2024-12-13T10:54:16.585+0000] {logging_mixin.py:190} INFO - [2024-12-13T10:54:16.584+0000] {dag.py:3239} INFO - Sync 1 DAGs
[2024-12-13T10:54:16.621+0000] {logging_mixin.py:190} INFO - [2024-12-13T10:54:16.620+0000] {dag.py:4180} INFO - Setting next_dagrun for example_branch_dop_operator_v3 to 2024-12-13 10:53:00+00:00, run_after=2024-12-13 10:54:00+00:00
[2024-12-13T10:54:16.650+0000] {processor.py:208} INFO - Processing /opt/bitnami/airflow/venv/lib/python3.12/site-packages/airflow/example_dags/example_branch_python_dop_operator_3.py took 0.126 seconds
[2024-12-13T10:54:47.402+0000] {processor.py:186} INFO - Started process (PID=360) to work on /opt/bitnami/airflow/venv/lib/python3.12/site-packages/airflow/example_dags/example_branch_python_dop_operator_3.py
[2024-12-13T10:54:47.403+0000] {processor.py:914} INFO - Processing file /opt/bitnami/airflow/venv/lib/python3.12/site-packages/airflow/example_dags/example_branch_python_dop_operator_3.py for tasks to queue
[2024-12-13T10:54:47.405+0000] {logging_mixin.py:190} INFO - [2024-12-13T10:54:47.405+0000] {dagbag.py:588} INFO - Filling up the DagBag from /opt/bitnami/airflow/venv/lib/python3.12/site-packages/airflow/example_dags/example_branch_python_dop_operator_3.py
[2024-12-13T10:54:47.412+0000] {processor.py:925} INFO - DAG(s) 'example_branch_dop_operator_v3' retrieved from /opt/bitnami/airflow/venv/lib/python3.12/site-packages/airflow/example_dags/example_branch_python_dop_operator_3.py
[2024-12-13T10:54:47.499+0000] {logging_mixin.py:190} INFO - [2024-12-13T10:54:47.498+0000] {dag.py:3239} INFO - Sync 1 DAGs
[2024-12-13T10:54:47.559+0000] {logging_mixin.py:190} INFO - [2024-12-13T10:54:47.559+0000] {dag.py:4180} INFO - Setting next_dagrun for example_branch_dop_operator_v3 to 2024-12-13 10:53:00+00:00, run_after=2024-12-13 10:54:00+00:00
[2024-12-13T10:54:47.594+0000] {processor.py:208} INFO - Processing /opt/bitnami/airflow/venv/lib/python3.12/site-packages/airflow/example_dags/example_branch_python_dop_operator_3.py took 0.197 seconds
[2024-12-13T10:55:18.056+0000] {processor.py:186} INFO - Started process (PID=416) to work on /opt/bitnami/airflow/venv/lib/python3.12/site-packages/airflow/example_dags/example_branch_python_dop_operator_3.py
[2024-12-13T10:55:18.057+0000] {processor.py:914} INFO - Processing file /opt/bitnami/airflow/venv/lib/python3.12/site-packages/airflow/example_dags/example_branch_python_dop_operator_3.py for tasks to queue
[2024-12-13T10:55:18.060+0000] {logging_mixin.py:190} INFO - [2024-12-13T10:55:18.060+0000] {dagbag.py:588} INFO - Filling up the DagBag from /opt/bitnami/airflow/venv/lib/python3.12/site-packages/airflow/example_dags/example_branch_python_dop_operator_3.py
[2024-12-13T10:55:18.067+0000] {processor.py:925} INFO - DAG(s) 'example_branch_dop_operator_v3' retrieved from /opt/bitnami/airflow/venv/lib/python3.12/site-packages/airflow/example_dags/example_branch_python_dop_operator_3.py
[2024-12-13T10:55:18.155+0000] {logging_mixin.py:190} INFO - [2024-12-13T10:55:18.154+0000] {dag.py:3239} INFO - Sync 1 DAGs
[2024-12-13T10:55:18.213+0000] {logging_mixin.py:190} INFO - [2024-12-13T10:55:18.213+0000] {dag.py:4180} INFO - Setting next_dagrun for example_branch_dop_operator_v3 to 2024-12-13 10:54:00+00:00, run_after=2024-12-13 10:55:00+00:00
[2024-12-13T10:55:18.256+0000] {processor.py:208} INFO - Processing /opt/bitnami/airflow/venv/lib/python3.12/site-packages/airflow/example_dags/example_branch_python_dop_operator_3.py took 0.205 seconds
[2024-12-13T10:55:48.986+0000] {processor.py:186} INFO - Started process (PID=474) to work on /opt/bitnami/airflow/venv/lib/python3.12/site-packages/airflow/example_dags/example_branch_python_dop_operator_3.py
[2024-12-13T10:55:48.987+0000] {processor.py:914} INFO - Processing file /opt/bitnami/airflow/venv/lib/python3.12/site-packages/airflow/example_dags/example_branch_python_dop_operator_3.py for tasks to queue
[2024-12-13T10:55:48.990+0000] {logging_mixin.py:190} INFO - [2024-12-13T10:55:48.990+0000] {dagbag.py:588} INFO - Filling up the DagBag from /opt/bitnami/airflow/venv/lib/python3.12/site-packages/airflow/example_dags/example_branch_python_dop_operator_3.py
[2024-12-13T10:55:48.998+0000] {processor.py:925} INFO - DAG(s) 'example_branch_dop_operator_v3' retrieved from /opt/bitnami/airflow/venv/lib/python3.12/site-packages/airflow/example_dags/example_branch_python_dop_operator_3.py
[2024-12-13T10:55:49.087+0000] {logging_mixin.py:190} INFO - [2024-12-13T10:55:49.086+0000] {dag.py:3239} INFO - Sync 1 DAGs
[2024-12-13T10:55:49.184+0000] {logging_mixin.py:190} INFO - [2024-12-13T10:55:49.183+0000] {dag.py:4180} INFO - Setting next_dagrun for example_branch_dop_operator_v3 to 2024-12-13 10:54:00+00:00, run_after=2024-12-13 10:55:00+00:00
[2024-12-13T10:55:49.228+0000] {processor.py:208} INFO - Processing /opt/bitnami/airflow/venv/lib/python3.12/site-packages/airflow/example_dags/example_branch_python_dop_operator_3.py took 0.249 seconds
[2024-12-13T10:56:20.079+0000] {processor.py:186} INFO - Started process (PID=531) to work on /opt/bitnami/airflow/venv/lib/python3.12/site-packages/airflow/example_dags/example_branch_python_dop_operator_3.py
[2024-12-13T10:56:20.080+0000] {processor.py:914} INFO - Processing file /opt/bitnami/airflow/venv/lib/python3.12/site-packages/airflow/example_dags/example_branch_python_dop_operator_3.py for tasks to queue
[2024-12-13T10:56:20.082+0000] {logging_mixin.py:190} INFO - [2024-12-13T10:56:20.082+0000] {dagbag.py:588} INFO - Filling up the DagBag from /opt/bitnami/airflow/venv/lib/python3.12/site-packages/airflow/example_dags/example_branch_python_dop_operator_3.py
[2024-12-13T10:56:20.089+0000] {processor.py:925} INFO - DAG(s) 'example_branch_dop_operator_v3' retrieved from /opt/bitnami/airflow/venv/lib/python3.12/site-packages/airflow/example_dags/example_branch_python_dop_operator_3.py
[2024-12-13T10:56:20.156+0000] {logging_mixin.py:190} INFO - [2024-12-13T10:56:20.155+0000] {dag.py:3239} INFO - Sync 1 DAGs
[2024-12-13T10:56:20.209+0000] {logging_mixin.py:190} INFO - [2024-12-13T10:56:20.209+0000] {dag.py:4180} INFO - Setting next_dagrun for example_branch_dop_operator_v3 to 2024-12-13 10:55:00+00:00, run_after=2024-12-13 10:56:00+00:00
[2024-12-13T10:56:20.244+0000] {processor.py:208} INFO - Processing /opt/bitnami/airflow/venv/lib/python3.12/site-packages/airflow/example_dags/example_branch_python_dop_operator_3.py took 0.169 seconds
[2024-12-13T10:56:50.708+0000] {processor.py:186} INFO - Started process (PID=587) to work on /opt/bitnami/airflow/venv/lib/python3.12/site-packages/airflow/example_dags/example_branch_python_dop_operator_3.py
[2024-12-13T10:56:50.709+0000] {processor.py:914} INFO - Processing file /opt/bitnami/airflow/venv/lib/python3.12/site-packages/airflow/example_dags/example_branch_python_dop_operator_3.py for tasks to queue
[2024-12-13T10:56:50.711+0000] {logging_mixin.py:190} INFO - [2024-12-13T10:56:50.711+0000] {dagbag.py:588} INFO - Filling up the DagBag from /opt/bitnami/airflow/venv/lib/python3.12/site-packages/airflow/example_dags/example_branch_python_dop_operator_3.py
[2024-12-13T10:56:50.718+0000] {processor.py:925} INFO - DAG(s) 'example_branch_dop_operator_v3' retrieved from /opt/bitnami/airflow/venv/lib/python3.12/site-packages/airflow/example_dags/example_branch_python_dop_operator_3.py
[2024-12-13T10:56:50.778+0000] {logging_mixin.py:190} INFO - [2024-12-13T10:56:50.778+0000] {dag.py:3239} INFO - Sync 1 DAGs
[2024-12-13T10:56:50.819+0000] {logging_mixin.py:190} INFO - [2024-12-13T10:56:50.819+0000] {dag.py:4180} INFO - Setting next_dagrun for example_branch_dop_operator_v3 to 2024-12-13 10:55:00+00:00, run_after=2024-12-13 10:56:00+00:00
[2024-12-13T10:56:50.838+0000] {processor.py:208} INFO - Processing /opt/bitnami/airflow/venv/lib/python3.12/site-packages/airflow/example_dags/example_branch_python_dop_operator_3.py took 0.134 seconds
[2024-12-13T10:57:21.170+0000] {processor.py:186} INFO - Started process (PID=644) to work on /opt/bitnami/airflow/venv/lib/python3.12/site-packages/airflow/example_dags/example_branch_python_dop_operator_3.py
[2024-12-13T10:57:21.172+0000] {processor.py:914} INFO - Processing file /opt/bitnami/airflow/venv/lib/python3.12/site-packages/airflow/example_dags/example_branch_python_dop_operator_3.py for tasks to queue
[2024-12-13T10:57:21.175+0000] {logging_mixin.py:190} INFO - [2024-12-13T10:57:21.175+0000] {dagbag.py:588} INFO - Filling up the DagBag from /opt/bitnami/airflow/venv/lib/python3.12/site-packages/airflow/example_dags/example_branch_python_dop_operator_3.py
[2024-12-13T10:57:21.184+0000] {processor.py:925} INFO - DAG(s) 'example_branch_dop_operator_v3' retrieved from /opt/bitnami/airflow/venv/lib/python3.12/site-packages/airflow/example_dags/example_branch_python_dop_operator_3.py
[2024-12-13T10:57:21.274+0000] {logging_mixin.py:190} INFO - [2024-12-13T10:57:21.272+0000] {dag.py:3239} INFO - Sync 1 DAGs
[2024-12-13T10:57:21.325+0000] {logging_mixin.py:190} INFO - [2024-12-13T10:57:21.325+0000] {dag.py:4180} INFO - Setting next_dagrun for example_branch_dop_operator_v3 to 2024-12-13 10:56:00+00:00, run_after=2024-12-13 10:57:00+00:00
[2024-12-13T10:57:21.350+0000] {processor.py:208} INFO - Processing /opt/bitnami/airflow/venv/lib/python3.12/site-packages/airflow/example_dags/example_branch_python_dop_operator_3.py took 0.185 seconds
[2024-12-13T10:57:51.922+0000] {processor.py:186} INFO - Started process (PID=701) to work on /opt/bitnami/airflow/venv/lib/python3.12/site-packages/airflow/example_dags/example_branch_python_dop_operator_3.py
[2024-12-13T10:57:51.923+0000] {processor.py:914} INFO - Processing file /opt/bitnami/airflow/venv/lib/python3.12/site-packages/airflow/example_dags/example_branch_python_dop_operator_3.py for tasks to queue
[2024-12-13T10:57:51.925+0000] {logging_mixin.py:190} INFO - [2024-12-13T10:57:51.925+0000] {dagbag.py:588} INFO - Filling up the DagBag from /opt/bitnami/airflow/venv/lib/python3.12/site-packages/airflow/example_dags/example_branch_python_dop_operator_3.py
[2024-12-13T10:57:51.932+0000] {processor.py:925} INFO - DAG(s) 'example_branch_dop_operator_v3' retrieved from /opt/bitnami/airflow/venv/lib/python3.12/site-packages/airflow/example_dags/example_branch_python_dop_operator_3.py
[2024-12-13T10:57:51.975+0000] {logging_mixin.py:190} INFO - [2024-12-13T10:57:51.975+0000] {dag.py:3239} INFO - Sync 1 DAGs
[2024-12-13T10:57:52.016+0000] {logging_mixin.py:190} INFO - [2024-12-13T10:57:52.016+0000] {dag.py:4180} INFO - Setting next_dagrun for example_branch_dop_operator_v3 to 2024-12-13 10:56:00+00:00, run_after=2024-12-13 10:57:00+00:00
[2024-12-13T10:57:52.046+0000] {processor.py:208} INFO - Processing /opt/bitnami/airflow/venv/lib/python3.12/site-packages/airflow/example_dags/example_branch_python_dop_operator_3.py took 0.128 seconds
[2024-12-13T10:58:23.140+0000] {processor.py:186} INFO - Started process (PID=759) to work on /opt/bitnami/airflow/venv/lib/python3.12/site-packages/airflow/example_dags/example_branch_python_dop_operator_3.py
[2024-12-13T10:58:23.141+0000] {processor.py:914} INFO - Processing file /opt/bitnami/airflow/venv/lib/python3.12/site-packages/airflow/example_dags/example_branch_python_dop_operator_3.py for tasks to queue
[2024-12-13T10:58:23.143+0000] {logging_mixin.py:190} INFO - [2024-12-13T10:58:23.143+0000] {dagbag.py:588} INFO - Filling up the DagBag from /opt/bitnami/airflow/venv/lib/python3.12/site-packages/airflow/example_dags/example_branch_python_dop_operator_3.py
[2024-12-13T10:58:23.151+0000] {processor.py:925} INFO - DAG(s) 'example_branch_dop_operator_v3' retrieved from /opt/bitnami/airflow/venv/lib/python3.12/site-packages/airflow/example_dags/example_branch_python_dop_operator_3.py
[2024-12-13T10:58:23.211+0000] {logging_mixin.py:190} INFO - [2024-12-13T10:58:23.210+0000] {dag.py:3239} INFO - Sync 1 DAGs
[2024-12-13T10:58:23.255+0000] {logging_mixin.py:190} INFO - [2024-12-13T10:58:23.255+0000] {dag.py:4180} INFO - Setting next_dagrun for example_branch_dop_operator_v3 to 2024-12-13 10:57:00+00:00, run_after=2024-12-13 10:58:00+00:00
[2024-12-13T10:58:23.288+0000] {processor.py:208} INFO - Processing /opt/bitnami/airflow/venv/lib/python3.12/site-packages/airflow/example_dags/example_branch_python_dop_operator_3.py took 0.154 seconds
[2024-12-13T10:58:54.000+0000] {processor.py:186} INFO - Started process (PID=816) to work on /opt/bitnami/airflow/venv/lib/python3.12/site-packages/airflow/example_dags/example_branch_python_dop_operator_3.py
[2024-12-13T10:58:54.001+0000] {processor.py:914} INFO - Processing file /opt/bitnami/airflow/venv/lib/python3.12/site-packages/airflow/example_dags/example_branch_python_dop_operator_3.py for tasks to queue
[2024-12-13T10:58:54.003+0000] {logging_mixin.py:190} INFO - [2024-12-13T10:58:54.003+0000] {dagbag.py:588} INFO - Filling up the DagBag from /opt/bitnami/airflow/venv/lib/python3.12/site-packages/airflow/example_dags/example_branch_python_dop_operator_3.py
[2024-12-13T10:58:54.010+0000] {processor.py:925} INFO - DAG(s) 'example_branch_dop_operator_v3' retrieved from /opt/bitnami/airflow/venv/lib/python3.12/site-packages/airflow/example_dags/example_branch_python_dop_operator_3.py
[2024-12-13T10:58:54.049+0000] {logging_mixin.py:190} INFO - [2024-12-13T10:58:54.049+0000] {dag.py:3239} INFO - Sync 1 DAGs
[2024-12-13T10:58:54.084+0000] {logging_mixin.py:190} INFO - [2024-12-13T10:58:54.084+0000] {dag.py:4180} INFO - Setting next_dagrun for example_branch_dop_operator_v3 to 2024-12-13 10:57:00+00:00, run_after=2024-12-13 10:58:00+00:00
[2024-12-13T10:58:54.121+0000] {processor.py:208} INFO - Processing /opt/bitnami/airflow/venv/lib/python3.12/site-packages/airflow/example_dags/example_branch_python_dop_operator_3.py took 0.125 seconds
[2024-12-13T11:07:31.967+0000] {processor.py:186} INFO - Started process (PID=75) to work on /opt/bitnami/airflow/venv/lib/python3.12/site-packages/airflow/example_dags/example_branch_python_dop_operator_3.py
[2024-12-13T11:07:31.968+0000] {processor.py:914} INFO - Processing file /opt/bitnami/airflow/venv/lib/python3.12/site-packages/airflow/example_dags/example_branch_python_dop_operator_3.py for tasks to queue
[2024-12-13T11:07:31.971+0000] {logging_mixin.py:190} INFO - [2024-12-13T11:07:31.970+0000] {dagbag.py:588} INFO - Filling up the DagBag from /opt/bitnami/airflow/venv/lib/python3.12/site-packages/airflow/example_dags/example_branch_python_dop_operator_3.py
[2024-12-13T11:07:31.979+0000] {processor.py:925} INFO - DAG(s) 'example_branch_dop_operator_v3' retrieved from /opt/bitnami/airflow/venv/lib/python3.12/site-packages/airflow/example_dags/example_branch_python_dop_operator_3.py
[2024-12-13T11:07:32.042+0000] {logging_mixin.py:190} INFO - [2024-12-13T11:07:32.042+0000] {dag.py:3239} INFO - Sync 1 DAGs
[2024-12-13T11:07:32.123+0000] {logging_mixin.py:190} INFO - [2024-12-13T11:07:32.122+0000] {dag.py:4180} INFO - Setting next_dagrun for example_branch_dop_operator_v3 to 2024-12-13 11:06:00+00:00, run_after=2024-12-13 11:07:00+00:00
[2024-12-13T11:07:32.176+0000] {processor.py:208} INFO - Processing /opt/bitnami/airflow/venv/lib/python3.12/site-packages/airflow/example_dags/example_branch_python_dop_operator_3.py took 0.216 seconds
[2024-12-13T11:08:02.719+0000] {processor.py:186} INFO - Started process (PID=132) to work on /opt/bitnami/airflow/venv/lib/python3.12/site-packages/airflow/example_dags/example_branch_python_dop_operator_3.py
[2024-12-13T11:08:02.721+0000] {processor.py:914} INFO - Processing file /opt/bitnami/airflow/venv/lib/python3.12/site-packages/airflow/example_dags/example_branch_python_dop_operator_3.py for tasks to queue
[2024-12-13T11:08:02.723+0000] {logging_mixin.py:190} INFO - [2024-12-13T11:08:02.723+0000] {dagbag.py:588} INFO - Filling up the DagBag from /opt/bitnami/airflow/venv/lib/python3.12/site-packages/airflow/example_dags/example_branch_python_dop_operator_3.py
[2024-12-13T11:08:02.731+0000] {processor.py:925} INFO - DAG(s) 'example_branch_dop_operator_v3' retrieved from /opt/bitnami/airflow/venv/lib/python3.12/site-packages/airflow/example_dags/example_branch_python_dop_operator_3.py
[2024-12-13T11:08:02.795+0000] {logging_mixin.py:190} INFO - [2024-12-13T11:08:02.795+0000] {dag.py:3239} INFO - Sync 1 DAGs
[2024-12-13T11:08:02.836+0000] {logging_mixin.py:190} INFO - [2024-12-13T11:08:02.836+0000] {dag.py:4180} INFO - Setting next_dagrun for example_branch_dop_operator_v3 to 2024-12-13 11:07:00+00:00, run_after=2024-12-13 11:08:00+00:00
[2024-12-13T11:08:02.877+0000] {processor.py:208} INFO - Processing /opt/bitnami/airflow/venv/lib/python3.12/site-packages/airflow/example_dags/example_branch_python_dop_operator_3.py took 0.163 seconds
[2024-12-13T11:08:35.109+0000] {processor.py:186} INFO - Started process (PID=189) to work on /opt/bitnami/airflow/venv/lib/python3.12/site-packages/airflow/example_dags/example_branch_python_dop_operator_3.py
[2024-12-13T11:08:35.110+0000] {processor.py:914} INFO - Processing file /opt/bitnami/airflow/venv/lib/python3.12/site-packages/airflow/example_dags/example_branch_python_dop_operator_3.py for tasks to queue
[2024-12-13T11:08:35.114+0000] {logging_mixin.py:190} INFO - [2024-12-13T11:08:35.113+0000] {dagbag.py:588} INFO - Filling up the DagBag from /opt/bitnami/airflow/venv/lib/python3.12/site-packages/airflow/example_dags/example_branch_python_dop_operator_3.py
[2024-12-13T11:08:35.123+0000] {processor.py:925} INFO - DAG(s) 'example_branch_dop_operator_v3' retrieved from /opt/bitnami/airflow/venv/lib/python3.12/site-packages/airflow/example_dags/example_branch_python_dop_operator_3.py
[2024-12-13T11:08:35.258+0000] {logging_mixin.py:190} INFO - [2024-12-13T11:08:35.257+0000] {dag.py:3239} INFO - Sync 1 DAGs
[2024-12-13T11:08:35.294+0000] {logging_mixin.py:190} INFO - [2024-12-13T11:08:35.294+0000] {dag.py:4180} INFO - Setting next_dagrun for example_branch_dop_operator_v3 to 2024-12-13 11:07:00+00:00, run_after=2024-12-13 11:08:00+00:00
[2024-12-13T11:08:35.322+0000] {processor.py:208} INFO - Processing /opt/bitnami/airflow/venv/lib/python3.12/site-packages/airflow/example_dags/example_branch_python_dop_operator_3.py took 0.220 seconds
[2024-12-13T11:09:05.834+0000] {processor.py:186} INFO - Started process (PID=246) to work on /opt/bitnami/airflow/venv/lib/python3.12/site-packages/airflow/example_dags/example_branch_python_dop_operator_3.py
[2024-12-13T11:09:05.835+0000] {processor.py:914} INFO - Processing file /opt/bitnami/airflow/venv/lib/python3.12/site-packages/airflow/example_dags/example_branch_python_dop_operator_3.py for tasks to queue
[2024-12-13T11:09:05.838+0000] {logging_mixin.py:190} INFO - [2024-12-13T11:09:05.838+0000] {dagbag.py:588} INFO - Filling up the DagBag from /opt/bitnami/airflow/venv/lib/python3.12/site-packages/airflow/example_dags/example_branch_python_dop_operator_3.py
[2024-12-13T11:09:05.846+0000] {processor.py:925} INFO - DAG(s) 'example_branch_dop_operator_v3' retrieved from /opt/bitnami/airflow/venv/lib/python3.12/site-packages/airflow/example_dags/example_branch_python_dop_operator_3.py
[2024-12-13T11:09:05.945+0000] {logging_mixin.py:190} INFO - [2024-12-13T11:09:05.944+0000] {dag.py:3239} INFO - Sync 1 DAGs
[2024-12-13T11:09:06.015+0000] {logging_mixin.py:190} INFO - [2024-12-13T11:09:06.014+0000] {dag.py:4180} INFO - Setting next_dagrun for example_branch_dop_operator_v3 to 2024-12-13 11:08:00+00:00, run_after=2024-12-13 11:09:00+00:00
[2024-12-13T11:09:06.066+0000] {processor.py:208} INFO - Processing /opt/bitnami/airflow/venv/lib/python3.12/site-packages/airflow/example_dags/example_branch_python_dop_operator_3.py took 0.238 seconds
[2024-12-13T11:13:44.605+0000] {processor.py:186} INFO - Started process (PID=75) to work on /opt/bitnami/airflow/venv/lib/python3.12/site-packages/airflow/example_dags/example_branch_python_dop_operator_3.py
[2024-12-13T11:13:44.605+0000] {processor.py:914} INFO - Processing file /opt/bitnami/airflow/venv/lib/python3.12/site-packages/airflow/example_dags/example_branch_python_dop_operator_3.py for tasks to queue
[2024-12-13T11:13:44.608+0000] {logging_mixin.py:190} INFO - [2024-12-13T11:13:44.608+0000] {dagbag.py:588} INFO - Filling up the DagBag from /opt/bitnami/airflow/venv/lib/python3.12/site-packages/airflow/example_dags/example_branch_python_dop_operator_3.py
[2024-12-13T11:13:44.616+0000] {processor.py:925} INFO - DAG(s) 'example_branch_dop_operator_v3' retrieved from /opt/bitnami/airflow/venv/lib/python3.12/site-packages/airflow/example_dags/example_branch_python_dop_operator_3.py
[2024-12-13T11:13:44.659+0000] {logging_mixin.py:190} INFO - [2024-12-13T11:13:44.658+0000] {dag.py:3239} INFO - Sync 1 DAGs
[2024-12-13T11:13:44.692+0000] {logging_mixin.py:190} INFO - [2024-12-13T11:13:44.692+0000] {dag.py:4180} INFO - Setting next_dagrun for example_branch_dop_operator_v3 to 2024-12-13 11:12:00+00:00, run_after=2024-12-13 11:13:00+00:00
[2024-12-13T11:13:44.714+0000] {processor.py:208} INFO - Processing /opt/bitnami/airflow/venv/lib/python3.12/site-packages/airflow/example_dags/example_branch_python_dop_operator_3.py took 0.115 seconds
[2024-12-13T11:14:14.896+0000] {processor.py:186} INFO - Started process (PID=132) to work on /opt/bitnami/airflow/venv/lib/python3.12/site-packages/airflow/example_dags/example_branch_python_dop_operator_3.py
[2024-12-13T11:14:14.898+0000] {processor.py:914} INFO - Processing file /opt/bitnami/airflow/venv/lib/python3.12/site-packages/airflow/example_dags/example_branch_python_dop_operator_3.py for tasks to queue
[2024-12-13T11:14:14.900+0000] {logging_mixin.py:190} INFO - [2024-12-13T11:14:14.900+0000] {dagbag.py:588} INFO - Filling up the DagBag from /opt/bitnami/airflow/venv/lib/python3.12/site-packages/airflow/example_dags/example_branch_python_dop_operator_3.py
[2024-12-13T11:14:14.909+0000] {processor.py:925} INFO - DAG(s) 'example_branch_dop_operator_v3' retrieved from /opt/bitnami/airflow/venv/lib/python3.12/site-packages/airflow/example_dags/example_branch_python_dop_operator_3.py
[2024-12-13T11:14:14.965+0000] {logging_mixin.py:190} INFO - [2024-12-13T11:14:14.964+0000] {dag.py:3239} INFO - Sync 1 DAGs
[2024-12-13T11:14:14.998+0000] {logging_mixin.py:190} INFO - [2024-12-13T11:14:14.998+0000] {dag.py:4180} INFO - Setting next_dagrun for example_branch_dop_operator_v3 to 2024-12-13 11:13:00+00:00, run_after=2024-12-13 11:14:00+00:00
[2024-12-13T11:14:15.020+0000] {processor.py:208} INFO - Processing /opt/bitnami/airflow/venv/lib/python3.12/site-packages/airflow/example_dags/example_branch_python_dop_operator_3.py took 0.130 seconds
[2024-12-13T11:14:48.386+0000] {processor.py:186} INFO - Started process (PID=189) to work on /opt/bitnami/airflow/venv/lib/python3.12/site-packages/airflow/example_dags/example_branch_python_dop_operator_3.py
[2024-12-13T11:14:48.388+0000] {processor.py:914} INFO - Processing file /opt/bitnami/airflow/venv/lib/python3.12/site-packages/airflow/example_dags/example_branch_python_dop_operator_3.py for tasks to queue
[2024-12-13T11:14:48.391+0000] {logging_mixin.py:190} INFO - [2024-12-13T11:14:48.391+0000] {dagbag.py:588} INFO - Filling up the DagBag from /opt/bitnami/airflow/venv/lib/python3.12/site-packages/airflow/example_dags/example_branch_python_dop_operator_3.py
[2024-12-13T11:14:48.401+0000] {processor.py:925} INFO - DAG(s) 'example_branch_dop_operator_v3' retrieved from /opt/bitnami/airflow/venv/lib/python3.12/site-packages/airflow/example_dags/example_branch_python_dop_operator_3.py
[2024-12-13T11:14:48.547+0000] {logging_mixin.py:190} INFO - [2024-12-13T11:14:48.546+0000] {dag.py:3239} INFO - Sync 1 DAGs
[2024-12-13T11:14:48.601+0000] {logging_mixin.py:190} INFO - [2024-12-13T11:14:48.601+0000] {dag.py:4180} INFO - Setting next_dagrun for example_branch_dop_operator_v3 to 2024-12-13 11:13:00+00:00, run_after=2024-12-13 11:14:00+00:00
[2024-12-13T11:14:48.645+0000] {processor.py:208} INFO - Processing /opt/bitnami/airflow/venv/lib/python3.12/site-packages/airflow/example_dags/example_branch_python_dop_operator_3.py took 0.266 seconds
[2024-12-13T11:15:19.353+0000] {processor.py:186} INFO - Started process (PID=246) to work on /opt/bitnami/airflow/venv/lib/python3.12/site-packages/airflow/example_dags/example_branch_python_dop_operator_3.py
[2024-12-13T11:15:19.354+0000] {processor.py:914} INFO - Processing file /opt/bitnami/airflow/venv/lib/python3.12/site-packages/airflow/example_dags/example_branch_python_dop_operator_3.py for tasks to queue
[2024-12-13T11:15:19.356+0000] {logging_mixin.py:190} INFO - [2024-12-13T11:15:19.356+0000] {dagbag.py:588} INFO - Filling up the DagBag from /opt/bitnami/airflow/venv/lib/python3.12/site-packages/airflow/example_dags/example_branch_python_dop_operator_3.py
[2024-12-13T11:15:19.363+0000] {processor.py:925} INFO - DAG(s) 'example_branch_dop_operator_v3' retrieved from /opt/bitnami/airflow/venv/lib/python3.12/site-packages/airflow/example_dags/example_branch_python_dop_operator_3.py
[2024-12-13T11:15:19.400+0000] {logging_mixin.py:190} INFO - [2024-12-13T11:15:19.399+0000] {dag.py:3239} INFO - Sync 1 DAGs
[2024-12-13T11:15:19.425+0000] {logging_mixin.py:190} INFO - [2024-12-13T11:15:19.425+0000] {dag.py:4180} INFO - Setting next_dagrun for example_branch_dop_operator_v3 to 2024-12-13 11:14:00+00:00, run_after=2024-12-13 11:15:00+00:00
[2024-12-13T11:15:19.446+0000] {processor.py:208} INFO - Processing /opt/bitnami/airflow/venv/lib/python3.12/site-packages/airflow/example_dags/example_branch_python_dop_operator_3.py took 0.100 seconds
[2024-12-13T11:57:09.060+0000] {processor.py:186} INFO - Started process (PID=75) to work on /opt/bitnami/airflow/venv/lib/python3.12/site-packages/airflow/example_dags/example_branch_python_dop_operator_3.py
[2024-12-13T11:57:09.061+0000] {processor.py:914} INFO - Processing file /opt/bitnami/airflow/venv/lib/python3.12/site-packages/airflow/example_dags/example_branch_python_dop_operator_3.py for tasks to queue
[2024-12-13T11:57:09.063+0000] {logging_mixin.py:190} INFO - [2024-12-13T11:57:09.063+0000] {dagbag.py:588} INFO - Filling up the DagBag from /opt/bitnami/airflow/venv/lib/python3.12/site-packages/airflow/example_dags/example_branch_python_dop_operator_3.py
[2024-12-13T11:57:09.069+0000] {processor.py:925} INFO - DAG(s) 'example_branch_dop_operator_v3' retrieved from /opt/bitnami/airflow/venv/lib/python3.12/site-packages/airflow/example_dags/example_branch_python_dop_operator_3.py
[2024-12-13T11:57:09.093+0000] {logging_mixin.py:190} INFO - [2024-12-13T11:57:09.093+0000] {dag.py:3239} INFO - Sync 1 DAGs
[2024-12-13T11:57:09.120+0000] {logging_mixin.py:190} INFO - [2024-12-13T11:57:09.120+0000] {dag.py:4180} INFO - Setting next_dagrun for example_branch_dop_operator_v3 to 2024-12-13 11:56:00+00:00, run_after=2024-12-13 11:57:00+00:00
[2024-12-13T11:57:09.141+0000] {processor.py:208} INFO - Processing /opt/bitnami/airflow/venv/lib/python3.12/site-packages/airflow/example_dags/example_branch_python_dop_operator_3.py took 0.085 seconds
[2024-12-13T11:57:40.474+0000] {processor.py:186} INFO - Started process (PID=132) to work on /opt/bitnami/airflow/venv/lib/python3.12/site-packages/airflow/example_dags/example_branch_python_dop_operator_3.py
[2024-12-13T11:57:40.475+0000] {processor.py:914} INFO - Processing file /opt/bitnami/airflow/venv/lib/python3.12/site-packages/airflow/example_dags/example_branch_python_dop_operator_3.py for tasks to queue
[2024-12-13T11:57:40.477+0000] {logging_mixin.py:190} INFO - [2024-12-13T11:57:40.477+0000] {dagbag.py:588} INFO - Filling up the DagBag from /opt/bitnami/airflow/venv/lib/python3.12/site-packages/airflow/example_dags/example_branch_python_dop_operator_3.py
[2024-12-13T11:57:40.484+0000] {processor.py:925} INFO - DAG(s) 'example_branch_dop_operator_v3' retrieved from /opt/bitnami/airflow/venv/lib/python3.12/site-packages/airflow/example_dags/example_branch_python_dop_operator_3.py
[2024-12-13T11:57:40.518+0000] {logging_mixin.py:190} INFO - [2024-12-13T11:57:40.517+0000] {dag.py:3239} INFO - Sync 1 DAGs
[2024-12-13T11:57:40.547+0000] {logging_mixin.py:190} INFO - [2024-12-13T11:57:40.547+0000] {dag.py:4180} INFO - Setting next_dagrun for example_branch_dop_operator_v3 to 2024-12-13 11:56:00+00:00, run_after=2024-12-13 11:57:00+00:00
[2024-12-13T11:57:40.566+0000] {processor.py:208} INFO - Processing /opt/bitnami/airflow/venv/lib/python3.12/site-packages/airflow/example_dags/example_branch_python_dop_operator_3.py took 0.097 seconds
[2024-12-13T11:58:34.642+0000] {processor.py:186} INFO - Started process (PID=75) to work on /opt/bitnami/airflow/venv/lib/python3.12/site-packages/airflow/example_dags/example_branch_python_dop_operator_3.py
[2024-12-13T11:58:34.642+0000] {processor.py:914} INFO - Processing file /opt/bitnami/airflow/venv/lib/python3.12/site-packages/airflow/example_dags/example_branch_python_dop_operator_3.py for tasks to queue
[2024-12-13T11:58:34.644+0000] {logging_mixin.py:190} INFO - [2024-12-13T11:58:34.644+0000] {dagbag.py:588} INFO - Filling up the DagBag from /opt/bitnami/airflow/venv/lib/python3.12/site-packages/airflow/example_dags/example_branch_python_dop_operator_3.py
[2024-12-13T11:58:34.650+0000] {processor.py:925} INFO - DAG(s) 'example_branch_dop_operator_v3' retrieved from /opt/bitnami/airflow/venv/lib/python3.12/site-packages/airflow/example_dags/example_branch_python_dop_operator_3.py
[2024-12-13T11:58:34.682+0000] {logging_mixin.py:190} INFO - [2024-12-13T11:58:34.681+0000] {dag.py:3239} INFO - Sync 1 DAGs
[2024-12-13T11:58:34.714+0000] {logging_mixin.py:190} INFO - [2024-12-13T11:58:34.714+0000] {dag.py:4180} INFO - Setting next_dagrun for example_branch_dop_operator_v3 to 2024-12-13 11:57:00+00:00, run_after=2024-12-13 11:58:00+00:00
[2024-12-13T11:58:34.744+0000] {processor.py:208} INFO - Processing /opt/bitnami/airflow/venv/lib/python3.12/site-packages/airflow/example_dags/example_branch_python_dop_operator_3.py took 0.106 seconds
[2024-12-13T11:59:06.105+0000] {processor.py:186} INFO - Started process (PID=132) to work on /opt/bitnami/airflow/venv/lib/python3.12/site-packages/airflow/example_dags/example_branch_python_dop_operator_3.py
[2024-12-13T11:59:06.106+0000] {processor.py:914} INFO - Processing file /opt/bitnami/airflow/venv/lib/python3.12/site-packages/airflow/example_dags/example_branch_python_dop_operator_3.py for tasks to queue
[2024-12-13T11:59:06.109+0000] {logging_mixin.py:190} INFO - [2024-12-13T11:59:06.108+0000] {dagbag.py:588} INFO - Filling up the DagBag from /opt/bitnami/airflow/venv/lib/python3.12/site-packages/airflow/example_dags/example_branch_python_dop_operator_3.py
[2024-12-13T11:59:06.116+0000] {processor.py:925} INFO - DAG(s) 'example_branch_dop_operator_v3' retrieved from /opt/bitnami/airflow/venv/lib/python3.12/site-packages/airflow/example_dags/example_branch_python_dop_operator_3.py
[2024-12-13T11:59:06.149+0000] {logging_mixin.py:190} INFO - [2024-12-13T11:59:06.148+0000] {dag.py:3239} INFO - Sync 1 DAGs
[2024-12-13T11:59:06.184+0000] {logging_mixin.py:190} INFO - [2024-12-13T11:59:06.184+0000] {dag.py:4180} INFO - Setting next_dagrun for example_branch_dop_operator_v3 to 2024-12-13 11:58:00+00:00, run_after=2024-12-13 11:59:00+00:00
[2024-12-13T11:59:06.206+0000] {processor.py:208} INFO - Processing /opt/bitnami/airflow/venv/lib/python3.12/site-packages/airflow/example_dags/example_branch_python_dop_operator_3.py took 0.106 seconds
[2024-12-13T11:59:37.118+0000] {processor.py:186} INFO - Started process (PID=189) to work on /opt/bitnami/airflow/venv/lib/python3.12/site-packages/airflow/example_dags/example_branch_python_dop_operator_3.py
[2024-12-13T11:59:37.119+0000] {processor.py:914} INFO - Processing file /opt/bitnami/airflow/venv/lib/python3.12/site-packages/airflow/example_dags/example_branch_python_dop_operator_3.py for tasks to queue
[2024-12-13T11:59:37.121+0000] {logging_mixin.py:190} INFO - [2024-12-13T11:59:37.121+0000] {dagbag.py:588} INFO - Filling up the DagBag from /opt/bitnami/airflow/venv/lib/python3.12/site-packages/airflow/example_dags/example_branch_python_dop_operator_3.py
[2024-12-13T11:59:37.127+0000] {processor.py:925} INFO - DAG(s) 'example_branch_dop_operator_v3' retrieved from /opt/bitnami/airflow/venv/lib/python3.12/site-packages/airflow/example_dags/example_branch_python_dop_operator_3.py
[2024-12-13T11:59:37.209+0000] {logging_mixin.py:190} INFO - [2024-12-13T11:59:37.208+0000] {dag.py:3239} INFO - Sync 1 DAGs
[2024-12-13T11:59:37.243+0000] {logging_mixin.py:190} INFO - [2024-12-13T11:59:37.243+0000] {dag.py:4180} INFO - Setting next_dagrun for example_branch_dop_operator_v3 to 2024-12-13 11:58:00+00:00, run_after=2024-12-13 11:59:00+00:00
[2024-12-13T11:59:37.265+0000] {processor.py:208} INFO - Processing /opt/bitnami/airflow/venv/lib/python3.12/site-packages/airflow/example_dags/example_branch_python_dop_operator_3.py took 0.152 seconds
[2024-12-13T12:00:07.351+0000] {processor.py:186} INFO - Started process (PID=246) to work on /opt/bitnami/airflow/venv/lib/python3.12/site-packages/airflow/example_dags/example_branch_python_dop_operator_3.py
[2024-12-13T12:00:07.352+0000] {processor.py:914} INFO - Processing file /opt/bitnami/airflow/venv/lib/python3.12/site-packages/airflow/example_dags/example_branch_python_dop_operator_3.py for tasks to queue
[2024-12-13T12:00:07.354+0000] {logging_mixin.py:190} INFO - [2024-12-13T12:00:07.354+0000] {dagbag.py:588} INFO - Filling up the DagBag from /opt/bitnami/airflow/venv/lib/python3.12/site-packages/airflow/example_dags/example_branch_python_dop_operator_3.py
[2024-12-13T12:00:07.361+0000] {processor.py:925} INFO - DAG(s) 'example_branch_dop_operator_v3' retrieved from /opt/bitnami/airflow/venv/lib/python3.12/site-packages/airflow/example_dags/example_branch_python_dop_operator_3.py
[2024-12-13T12:00:07.389+0000] {logging_mixin.py:190} INFO - [2024-12-13T12:00:07.388+0000] {dag.py:3239} INFO - Sync 1 DAGs
[2024-12-13T12:00:07.418+0000] {logging_mixin.py:190} INFO - [2024-12-13T12:00:07.418+0000] {dag.py:4180} INFO - Setting next_dagrun for example_branch_dop_operator_v3 to 2024-12-13 11:59:00+00:00, run_after=2024-12-13 12:00:00+00:00
[2024-12-13T12:00:07.436+0000] {processor.py:208} INFO - Processing /opt/bitnami/airflow/venv/lib/python3.12/site-packages/airflow/example_dags/example_branch_python_dop_operator_3.py took 0.090 seconds
[2024-12-13T12:00:38.210+0000] {processor.py:186} INFO - Started process (PID=303) to work on /opt/bitnami/airflow/venv/lib/python3.12/site-packages/airflow/example_dags/example_branch_python_dop_operator_3.py
[2024-12-13T12:00:38.211+0000] {processor.py:914} INFO - Processing file /opt/bitnami/airflow/venv/lib/python3.12/site-packages/airflow/example_dags/example_branch_python_dop_operator_3.py for tasks to queue
[2024-12-13T12:00:38.214+0000] {logging_mixin.py:190} INFO - [2024-12-13T12:00:38.213+0000] {dagbag.py:588} INFO - Filling up the DagBag from /opt/bitnami/airflow/venv/lib/python3.12/site-packages/airflow/example_dags/example_branch_python_dop_operator_3.py
[2024-12-13T12:00:38.221+0000] {processor.py:925} INFO - DAG(s) 'example_branch_dop_operator_v3' retrieved from /opt/bitnami/airflow/venv/lib/python3.12/site-packages/airflow/example_dags/example_branch_python_dop_operator_3.py
[2024-12-13T12:00:38.250+0000] {logging_mixin.py:190} INFO - [2024-12-13T12:00:38.250+0000] {dag.py:3239} INFO - Sync 1 DAGs
[2024-12-13T12:00:38.282+0000] {logging_mixin.py:190} INFO - [2024-12-13T12:00:38.282+0000] {dag.py:4180} INFO - Setting next_dagrun for example_branch_dop_operator_v3 to 2024-12-13 11:59:00+00:00, run_after=2024-12-13 12:00:00+00:00
[2024-12-13T12:00:38.305+0000] {processor.py:208} INFO - Processing /opt/bitnami/airflow/venv/lib/python3.12/site-packages/airflow/example_dags/example_branch_python_dop_operator_3.py took 0.099 seconds
[2024-12-13T12:01:09.673+0000] {processor.py:186} INFO - Started process (PID=360) to work on /opt/bitnami/airflow/venv/lib/python3.12/site-packages/airflow/example_dags/example_branch_python_dop_operator_3.py
[2024-12-13T12:01:09.674+0000] {processor.py:914} INFO - Processing file /opt/bitnami/airflow/venv/lib/python3.12/site-packages/airflow/example_dags/example_branch_python_dop_operator_3.py for tasks to queue
[2024-12-13T12:01:09.676+0000] {logging_mixin.py:190} INFO - [2024-12-13T12:01:09.676+0000] {dagbag.py:588} INFO - Filling up the DagBag from /opt/bitnami/airflow/venv/lib/python3.12/site-packages/airflow/example_dags/example_branch_python_dop_operator_3.py
[2024-12-13T12:01:09.683+0000] {processor.py:925} INFO - DAG(s) 'example_branch_dop_operator_v3' retrieved from /opt/bitnami/airflow/venv/lib/python3.12/site-packages/airflow/example_dags/example_branch_python_dop_operator_3.py
[2024-12-13T12:01:09.712+0000] {logging_mixin.py:190} INFO - [2024-12-13T12:01:09.712+0000] {dag.py:3239} INFO - Sync 1 DAGs
[2024-12-13T12:01:09.741+0000] {logging_mixin.py:190} INFO - [2024-12-13T12:01:09.741+0000] {dag.py:4180} INFO - Setting next_dagrun for example_branch_dop_operator_v3 to 2024-12-13 12:00:00+00:00, run_after=2024-12-13 12:01:00+00:00
[2024-12-13T12:01:09.759+0000] {processor.py:208} INFO - Processing /opt/bitnami/airflow/venv/lib/python3.12/site-packages/airflow/example_dags/example_branch_python_dop_operator_3.py took 0.092 seconds
[2024-12-13T12:01:40.558+0000] {processor.py:186} INFO - Started process (PID=417) to work on /opt/bitnami/airflow/venv/lib/python3.12/site-packages/airflow/example_dags/example_branch_python_dop_operator_3.py
[2024-12-13T12:01:40.558+0000] {processor.py:914} INFO - Processing file /opt/bitnami/airflow/venv/lib/python3.12/site-packages/airflow/example_dags/example_branch_python_dop_operator_3.py for tasks to queue
[2024-12-13T12:01:40.560+0000] {logging_mixin.py:190} INFO - [2024-12-13T12:01:40.560+0000] {dagbag.py:588} INFO - Filling up the DagBag from /opt/bitnami/airflow/venv/lib/python3.12/site-packages/airflow/example_dags/example_branch_python_dop_operator_3.py
[2024-12-13T12:01:40.567+0000] {processor.py:925} INFO - DAG(s) 'example_branch_dop_operator_v3' retrieved from /opt/bitnami/airflow/venv/lib/python3.12/site-packages/airflow/example_dags/example_branch_python_dop_operator_3.py
[2024-12-13T12:01:40.597+0000] {logging_mixin.py:190} INFO - [2024-12-13T12:01:40.597+0000] {dag.py:3239} INFO - Sync 1 DAGs
[2024-12-13T12:01:40.625+0000] {logging_mixin.py:190} INFO - [2024-12-13T12:01:40.624+0000] {dag.py:4180} INFO - Setting next_dagrun for example_branch_dop_operator_v3 to 2024-12-13 12:00:00+00:00, run_after=2024-12-13 12:01:00+00:00
[2024-12-13T12:01:40.644+0000] {processor.py:208} INFO - Processing /opt/bitnami/airflow/venv/lib/python3.12/site-packages/airflow/example_dags/example_branch_python_dop_operator_3.py took 0.091 seconds
[2024-12-13T12:02:11.156+0000] {processor.py:186} INFO - Started process (PID=474) to work on /opt/bitnami/airflow/venv/lib/python3.12/site-packages/airflow/example_dags/example_branch_python_dop_operator_3.py
[2024-12-13T12:02:11.157+0000] {processor.py:914} INFO - Processing file /opt/bitnami/airflow/venv/lib/python3.12/site-packages/airflow/example_dags/example_branch_python_dop_operator_3.py for tasks to queue
[2024-12-13T12:02:11.159+0000] {logging_mixin.py:190} INFO - [2024-12-13T12:02:11.159+0000] {dagbag.py:588} INFO - Filling up the DagBag from /opt/bitnami/airflow/venv/lib/python3.12/site-packages/airflow/example_dags/example_branch_python_dop_operator_3.py
[2024-12-13T12:02:11.166+0000] {processor.py:925} INFO - DAG(s) 'example_branch_dop_operator_v3' retrieved from /opt/bitnami/airflow/venv/lib/python3.12/site-packages/airflow/example_dags/example_branch_python_dop_operator_3.py
[2024-12-13T12:02:11.202+0000] {logging_mixin.py:190} INFO - [2024-12-13T12:02:11.202+0000] {dag.py:3239} INFO - Sync 1 DAGs
[2024-12-13T12:02:11.234+0000] {logging_mixin.py:190} INFO - [2024-12-13T12:02:11.234+0000] {dag.py:4180} INFO - Setting next_dagrun for example_branch_dop_operator_v3 to 2024-12-13 12:01:00+00:00, run_after=2024-12-13 12:02:00+00:00
[2024-12-13T12:02:11.256+0000] {processor.py:208} INFO - Processing /opt/bitnami/airflow/venv/lib/python3.12/site-packages/airflow/example_dags/example_branch_python_dop_operator_3.py took 0.104 seconds
