[2024-12-13T08:19:44.464+0000] {processor.py:186} INFO - Started process (PID=63) to work on /opt/bitnami/airflow/venv/lib/python3.12/site-packages/airflow/example_dags/example_params_ui_tutorial.py
[2024-12-13T08:19:44.465+0000] {processor.py:914} INFO - Processing file /opt/bitnami/airflow/venv/lib/python3.12/site-packages/airflow/example_dags/example_params_ui_tutorial.py for tasks to queue
[2024-12-13T08:19:44.467+0000] {logging_mixin.py:190} INFO - [2024-12-13T08:19:44.466+0000] {dagbag.py:588} INFO - Filling up the DagBag from /opt/bitnami/airflow/venv/lib/python3.12/site-packages/airflow/example_dags/example_params_ui_tutorial.py
[2024-12-13T08:19:44.472+0000] {processor.py:925} INFO - DAG(s) 'example_params_ui_tutorial' retrieved from /opt/bitnami/airflow/venv/lib/python3.12/site-packages/airflow/example_dags/example_params_ui_tutorial.py
[2024-12-13T08:19:44.571+0000] {logging_mixin.py:190} INFO - [2024-12-13T08:19:44.570+0000] {dag.py:3239} INFO - Sync 1 DAGs
[2024-12-13T08:19:44.587+0000] {logging_mixin.py:190} INFO - [2024-12-13T08:19:44.587+0000] {dag.py:4180} INFO - Setting next_dagrun for example_params_ui_tutorial to None, run_after=None
[2024-12-13T08:19:44.611+0000] {processor.py:208} INFO - Processing /opt/bitnami/airflow/venv/lib/python3.12/site-packages/airflow/example_dags/example_params_ui_tutorial.py took 0.151 seconds
[2024-12-13T08:20:14.778+0000] {processor.py:186} INFO - Started process (PID=121) to work on /opt/bitnami/airflow/venv/lib/python3.12/site-packages/airflow/example_dags/example_params_ui_tutorial.py
[2024-12-13T08:20:14.779+0000] {processor.py:914} INFO - Processing file /opt/bitnami/airflow/venv/lib/python3.12/site-packages/airflow/example_dags/example_params_ui_tutorial.py for tasks to queue
[2024-12-13T08:20:14.782+0000] {logging_mixin.py:190} INFO - [2024-12-13T08:20:14.781+0000] {dagbag.py:588} INFO - Filling up the DagBag from /opt/bitnami/airflow/venv/lib/python3.12/site-packages/airflow/example_dags/example_params_ui_tutorial.py
[2024-12-13T08:20:14.793+0000] {processor.py:925} INFO - DAG(s) 'example_params_ui_tutorial' retrieved from /opt/bitnami/airflow/venv/lib/python3.12/site-packages/airflow/example_dags/example_params_ui_tutorial.py
[2024-12-13T08:20:14.858+0000] {logging_mixin.py:190} INFO - [2024-12-13T08:20:14.858+0000] {dag.py:3239} INFO - Sync 1 DAGs
[2024-12-13T08:20:14.883+0000] {logging_mixin.py:190} INFO - [2024-12-13T08:20:14.882+0000] {dag.py:4180} INFO - Setting next_dagrun for example_params_ui_tutorial to None, run_after=None
[2024-12-13T08:20:14.908+0000] {processor.py:208} INFO - Processing /opt/bitnami/airflow/venv/lib/python3.12/site-packages/airflow/example_dags/example_params_ui_tutorial.py took 0.135 seconds
[2024-12-13T08:20:45.369+0000] {processor.py:186} INFO - Started process (PID=177) to work on /opt/bitnami/airflow/venv/lib/python3.12/site-packages/airflow/example_dags/example_params_ui_tutorial.py
[2024-12-13T08:20:45.370+0000] {processor.py:914} INFO - Processing file /opt/bitnami/airflow/venv/lib/python3.12/site-packages/airflow/example_dags/example_params_ui_tutorial.py for tasks to queue
[2024-12-13T08:20:45.372+0000] {logging_mixin.py:190} INFO - [2024-12-13T08:20:45.372+0000] {dagbag.py:588} INFO - Filling up the DagBag from /opt/bitnami/airflow/venv/lib/python3.12/site-packages/airflow/example_dags/example_params_ui_tutorial.py
[2024-12-13T08:20:45.378+0000] {processor.py:925} INFO - DAG(s) 'example_params_ui_tutorial' retrieved from /opt/bitnami/airflow/venv/lib/python3.12/site-packages/airflow/example_dags/example_params_ui_tutorial.py
[2024-12-13T08:20:45.434+0000] {logging_mixin.py:190} INFO - [2024-12-13T08:20:45.434+0000] {dag.py:3239} INFO - Sync 1 DAGs
[2024-12-13T08:20:45.462+0000] {logging_mixin.py:190} INFO - [2024-12-13T08:20:45.462+0000] {dag.py:4180} INFO - Setting next_dagrun for example_params_ui_tutorial to None, run_after=None
[2024-12-13T08:20:45.492+0000] {processor.py:208} INFO - Processing /opt/bitnami/airflow/venv/lib/python3.12/site-packages/airflow/example_dags/example_params_ui_tutorial.py took 0.128 seconds
[2024-12-13T08:21:16.092+0000] {processor.py:186} INFO - Started process (PID=234) to work on /opt/bitnami/airflow/venv/lib/python3.12/site-packages/airflow/example_dags/example_params_ui_tutorial.py
[2024-12-13T08:21:16.093+0000] {processor.py:914} INFO - Processing file /opt/bitnami/airflow/venv/lib/python3.12/site-packages/airflow/example_dags/example_params_ui_tutorial.py for tasks to queue
[2024-12-13T08:21:16.095+0000] {logging_mixin.py:190} INFO - [2024-12-13T08:21:16.095+0000] {dagbag.py:588} INFO - Filling up the DagBag from /opt/bitnami/airflow/venv/lib/python3.12/site-packages/airflow/example_dags/example_params_ui_tutorial.py
[2024-12-13T08:21:16.101+0000] {processor.py:925} INFO - DAG(s) 'example_params_ui_tutorial' retrieved from /opt/bitnami/airflow/venv/lib/python3.12/site-packages/airflow/example_dags/example_params_ui_tutorial.py
[2024-12-13T08:21:16.200+0000] {logging_mixin.py:190} INFO - [2024-12-13T08:21:16.200+0000] {dag.py:3239} INFO - Sync 1 DAGs
[2024-12-13T08:21:16.218+0000] {logging_mixin.py:190} INFO - [2024-12-13T08:21:16.218+0000] {dag.py:4180} INFO - Setting next_dagrun for example_params_ui_tutorial to None, run_after=None
[2024-12-13T08:21:16.245+0000] {processor.py:208} INFO - Processing /opt/bitnami/airflow/venv/lib/python3.12/site-packages/airflow/example_dags/example_params_ui_tutorial.py took 0.157 seconds
[2024-12-13T08:21:47.229+0000] {processor.py:186} INFO - Started process (PID=291) to work on /opt/bitnami/airflow/venv/lib/python3.12/site-packages/airflow/example_dags/example_params_ui_tutorial.py
[2024-12-13T08:21:47.230+0000] {processor.py:914} INFO - Processing file /opt/bitnami/airflow/venv/lib/python3.12/site-packages/airflow/example_dags/example_params_ui_tutorial.py for tasks to queue
[2024-12-13T08:21:47.232+0000] {logging_mixin.py:190} INFO - [2024-12-13T08:21:47.232+0000] {dagbag.py:588} INFO - Filling up the DagBag from /opt/bitnami/airflow/venv/lib/python3.12/site-packages/airflow/example_dags/example_params_ui_tutorial.py
[2024-12-13T08:21:47.240+0000] {processor.py:925} INFO - DAG(s) 'example_params_ui_tutorial' retrieved from /opt/bitnami/airflow/venv/lib/python3.12/site-packages/airflow/example_dags/example_params_ui_tutorial.py
[2024-12-13T08:21:47.300+0000] {logging_mixin.py:190} INFO - [2024-12-13T08:21:47.299+0000] {dag.py:3239} INFO - Sync 1 DAGs
[2024-12-13T08:21:47.319+0000] {logging_mixin.py:190} INFO - [2024-12-13T08:21:47.319+0000] {dag.py:4180} INFO - Setting next_dagrun for example_params_ui_tutorial to None, run_after=None
[2024-12-13T08:21:47.344+0000] {processor.py:208} INFO - Processing /opt/bitnami/airflow/venv/lib/python3.12/site-packages/airflow/example_dags/example_params_ui_tutorial.py took 0.120 seconds
[2024-12-13T08:22:17.555+0000] {processor.py:186} INFO - Started process (PID=348) to work on /opt/bitnami/airflow/venv/lib/python3.12/site-packages/airflow/example_dags/example_params_ui_tutorial.py
[2024-12-13T08:22:17.556+0000] {processor.py:914} INFO - Processing file /opt/bitnami/airflow/venv/lib/python3.12/site-packages/airflow/example_dags/example_params_ui_tutorial.py for tasks to queue
[2024-12-13T08:22:17.558+0000] {logging_mixin.py:190} INFO - [2024-12-13T08:22:17.557+0000] {dagbag.py:588} INFO - Filling up the DagBag from /opt/bitnami/airflow/venv/lib/python3.12/site-packages/airflow/example_dags/example_params_ui_tutorial.py
[2024-12-13T08:22:17.564+0000] {processor.py:925} INFO - DAG(s) 'example_params_ui_tutorial' retrieved from /opt/bitnami/airflow/venv/lib/python3.12/site-packages/airflow/example_dags/example_params_ui_tutorial.py
[2024-12-13T08:22:17.612+0000] {logging_mixin.py:190} INFO - [2024-12-13T08:22:17.611+0000] {dag.py:3239} INFO - Sync 1 DAGs
[2024-12-13T08:22:17.629+0000] {logging_mixin.py:190} INFO - [2024-12-13T08:22:17.629+0000] {dag.py:4180} INFO - Setting next_dagrun for example_params_ui_tutorial to None, run_after=None
[2024-12-13T08:22:17.654+0000] {processor.py:208} INFO - Processing /opt/bitnami/airflow/venv/lib/python3.12/site-packages/airflow/example_dags/example_params_ui_tutorial.py took 0.104 seconds
[2024-12-13T08:22:48.420+0000] {processor.py:186} INFO - Started process (PID=405) to work on /opt/bitnami/airflow/venv/lib/python3.12/site-packages/airflow/example_dags/example_params_ui_tutorial.py
[2024-12-13T08:22:48.421+0000] {processor.py:914} INFO - Processing file /opt/bitnami/airflow/venv/lib/python3.12/site-packages/airflow/example_dags/example_params_ui_tutorial.py for tasks to queue
[2024-12-13T08:22:48.423+0000] {logging_mixin.py:190} INFO - [2024-12-13T08:22:48.423+0000] {dagbag.py:588} INFO - Filling up the DagBag from /opt/bitnami/airflow/venv/lib/python3.12/site-packages/airflow/example_dags/example_params_ui_tutorial.py
[2024-12-13T08:22:48.429+0000] {processor.py:925} INFO - DAG(s) 'example_params_ui_tutorial' retrieved from /opt/bitnami/airflow/venv/lib/python3.12/site-packages/airflow/example_dags/example_params_ui_tutorial.py
[2024-12-13T08:22:48.476+0000] {logging_mixin.py:190} INFO - [2024-12-13T08:22:48.476+0000] {dag.py:3239} INFO - Sync 1 DAGs
[2024-12-13T08:22:48.496+0000] {logging_mixin.py:190} INFO - [2024-12-13T08:22:48.496+0000] {dag.py:4180} INFO - Setting next_dagrun for example_params_ui_tutorial to None, run_after=None
[2024-12-13T08:22:48.515+0000] {processor.py:208} INFO - Processing /opt/bitnami/airflow/venv/lib/python3.12/site-packages/airflow/example_dags/example_params_ui_tutorial.py took 0.100 seconds
[2024-12-13T08:25:45.470+0000] {processor.py:186} INFO - Started process (PID=63) to work on /opt/bitnami/airflow/venv/lib/python3.12/site-packages/airflow/example_dags/example_params_ui_tutorial.py
[2024-12-13T08:25:45.471+0000] {processor.py:914} INFO - Processing file /opt/bitnami/airflow/venv/lib/python3.12/site-packages/airflow/example_dags/example_params_ui_tutorial.py for tasks to queue
[2024-12-13T08:25:45.473+0000] {logging_mixin.py:190} INFO - [2024-12-13T08:25:45.473+0000] {dagbag.py:588} INFO - Filling up the DagBag from /opt/bitnami/airflow/venv/lib/python3.12/site-packages/airflow/example_dags/example_params_ui_tutorial.py
[2024-12-13T08:25:45.479+0000] {processor.py:925} INFO - DAG(s) 'example_params_ui_tutorial' retrieved from /opt/bitnami/airflow/venv/lib/python3.12/site-packages/airflow/example_dags/example_params_ui_tutorial.py
[2024-12-13T08:25:45.543+0000] {logging_mixin.py:190} INFO - [2024-12-13T08:25:45.543+0000] {dag.py:3239} INFO - Sync 1 DAGs
[2024-12-13T08:25:45.565+0000] {logging_mixin.py:190} INFO - [2024-12-13T08:25:45.565+0000] {dag.py:4180} INFO - Setting next_dagrun for example_params_ui_tutorial to None, run_after=None
[2024-12-13T08:25:45.592+0000] {processor.py:208} INFO - Processing /opt/bitnami/airflow/venv/lib/python3.12/site-packages/airflow/example_dags/example_params_ui_tutorial.py took 0.129 seconds
[2024-12-13T08:26:15.975+0000] {processor.py:186} INFO - Started process (PID=120) to work on /opt/bitnami/airflow/venv/lib/python3.12/site-packages/airflow/example_dags/example_params_ui_tutorial.py
[2024-12-13T08:26:15.976+0000] {processor.py:914} INFO - Processing file /opt/bitnami/airflow/venv/lib/python3.12/site-packages/airflow/example_dags/example_params_ui_tutorial.py for tasks to queue
[2024-12-13T08:26:15.979+0000] {logging_mixin.py:190} INFO - [2024-12-13T08:26:15.979+0000] {dagbag.py:588} INFO - Filling up the DagBag from /opt/bitnami/airflow/venv/lib/python3.12/site-packages/airflow/example_dags/example_params_ui_tutorial.py
[2024-12-13T08:26:15.987+0000] {processor.py:925} INFO - DAG(s) 'example_params_ui_tutorial' retrieved from /opt/bitnami/airflow/venv/lib/python3.12/site-packages/airflow/example_dags/example_params_ui_tutorial.py
[2024-12-13T08:26:16.041+0000] {logging_mixin.py:190} INFO - [2024-12-13T08:26:16.041+0000] {dag.py:3239} INFO - Sync 1 DAGs
[2024-12-13T08:26:16.061+0000] {logging_mixin.py:190} INFO - [2024-12-13T08:26:16.061+0000] {dag.py:4180} INFO - Setting next_dagrun for example_params_ui_tutorial to None, run_after=None
[2024-12-13T08:26:16.084+0000] {processor.py:208} INFO - Processing /opt/bitnami/airflow/venv/lib/python3.12/site-packages/airflow/example_dags/example_params_ui_tutorial.py took 0.115 seconds
[2024-12-13T08:26:47.673+0000] {processor.py:186} INFO - Started process (PID=177) to work on /opt/bitnami/airflow/venv/lib/python3.12/site-packages/airflow/example_dags/example_params_ui_tutorial.py
[2024-12-13T08:26:47.674+0000] {processor.py:914} INFO - Processing file /opt/bitnami/airflow/venv/lib/python3.12/site-packages/airflow/example_dags/example_params_ui_tutorial.py for tasks to queue
[2024-12-13T08:26:47.676+0000] {logging_mixin.py:190} INFO - [2024-12-13T08:26:47.676+0000] {dagbag.py:588} INFO - Filling up the DagBag from /opt/bitnami/airflow/venv/lib/python3.12/site-packages/airflow/example_dags/example_params_ui_tutorial.py
[2024-12-13T08:26:47.683+0000] {processor.py:925} INFO - DAG(s) 'example_params_ui_tutorial' retrieved from /opt/bitnami/airflow/venv/lib/python3.12/site-packages/airflow/example_dags/example_params_ui_tutorial.py
[2024-12-13T08:26:47.783+0000] {logging_mixin.py:190} INFO - [2024-12-13T08:26:47.783+0000] {dag.py:3239} INFO - Sync 1 DAGs
[2024-12-13T08:26:47.798+0000] {logging_mixin.py:190} INFO - [2024-12-13T08:26:47.798+0000] {dag.py:4180} INFO - Setting next_dagrun for example_params_ui_tutorial to None, run_after=None
[2024-12-13T08:26:47.819+0000] {processor.py:208} INFO - Processing /opt/bitnami/airflow/venv/lib/python3.12/site-packages/airflow/example_dags/example_params_ui_tutorial.py took 0.151 seconds
[2024-12-13T08:27:18.062+0000] {processor.py:186} INFO - Started process (PID=234) to work on /opt/bitnami/airflow/venv/lib/python3.12/site-packages/airflow/example_dags/example_params_ui_tutorial.py
[2024-12-13T08:27:18.063+0000] {processor.py:914} INFO - Processing file /opt/bitnami/airflow/venv/lib/python3.12/site-packages/airflow/example_dags/example_params_ui_tutorial.py for tasks to queue
[2024-12-13T08:27:18.065+0000] {logging_mixin.py:190} INFO - [2024-12-13T08:27:18.065+0000] {dagbag.py:588} INFO - Filling up the DagBag from /opt/bitnami/airflow/venv/lib/python3.12/site-packages/airflow/example_dags/example_params_ui_tutorial.py
[2024-12-13T08:27:18.071+0000] {processor.py:925} INFO - DAG(s) 'example_params_ui_tutorial' retrieved from /opt/bitnami/airflow/venv/lib/python3.12/site-packages/airflow/example_dags/example_params_ui_tutorial.py
[2024-12-13T08:27:18.113+0000] {logging_mixin.py:190} INFO - [2024-12-13T08:27:18.113+0000] {dag.py:3239} INFO - Sync 1 DAGs
[2024-12-13T08:27:18.128+0000] {logging_mixin.py:190} INFO - [2024-12-13T08:27:18.128+0000] {dag.py:4180} INFO - Setting next_dagrun for example_params_ui_tutorial to None, run_after=None
[2024-12-13T08:27:18.147+0000] {processor.py:208} INFO - Processing /opt/bitnami/airflow/venv/lib/python3.12/site-packages/airflow/example_dags/example_params_ui_tutorial.py took 0.089 seconds
[2024-12-13T10:42:38.063+0000] {processor.py:186} INFO - Started process (PID=63) to work on /opt/bitnami/airflow/venv/lib/python3.12/site-packages/airflow/example_dags/example_params_ui_tutorial.py
[2024-12-13T10:42:38.065+0000] {processor.py:914} INFO - Processing file /opt/bitnami/airflow/venv/lib/python3.12/site-packages/airflow/example_dags/example_params_ui_tutorial.py for tasks to queue
[2024-12-13T10:42:38.069+0000] {logging_mixin.py:190} INFO - [2024-12-13T10:42:38.068+0000] {dagbag.py:588} INFO - Filling up the DagBag from /opt/bitnami/airflow/venv/lib/python3.12/site-packages/airflow/example_dags/example_params_ui_tutorial.py
[2024-12-13T10:42:38.077+0000] {processor.py:925} INFO - DAG(s) 'example_params_ui_tutorial' retrieved from /opt/bitnami/airflow/venv/lib/python3.12/site-packages/airflow/example_dags/example_params_ui_tutorial.py
[2024-12-13T10:42:38.267+0000] {logging_mixin.py:190} INFO - [2024-12-13T10:42:38.266+0000] {override.py:1900} INFO - Created Permission View: can read on DAG:example_params_ui_tutorial
[2024-12-13T10:42:38.286+0000] {logging_mixin.py:190} INFO - [2024-12-13T10:42:38.285+0000] {override.py:1900} INFO - Created Permission View: can delete on DAG:example_params_ui_tutorial
[2024-12-13T10:42:38.295+0000] {logging_mixin.py:190} INFO - [2024-12-13T10:42:38.295+0000] {override.py:1900} INFO - Created Permission View: can edit on DAG:example_params_ui_tutorial
[2024-12-13T10:42:38.310+0000] {logging_mixin.py:190} INFO - [2024-12-13T10:42:38.310+0000] {override.py:1900} INFO - Created Permission View: can delete on DAG Run:example_params_ui_tutorial
[2024-12-13T10:42:38.321+0000] {logging_mixin.py:190} INFO - [2024-12-13T10:42:38.320+0000] {override.py:1900} INFO - Created Permission View: can read on DAG Run:example_params_ui_tutorial
[2024-12-13T10:42:38.334+0000] {logging_mixin.py:190} INFO - [2024-12-13T10:42:38.333+0000] {override.py:1900} INFO - Created Permission View: can create on DAG Run:example_params_ui_tutorial
[2024-12-13T10:42:38.345+0000] {logging_mixin.py:190} INFO - [2024-12-13T10:42:38.345+0000] {override.py:1900} INFO - Created Permission View: menu access on DAG Run:example_params_ui_tutorial
[2024-12-13T10:42:38.346+0000] {logging_mixin.py:190} INFO - [2024-12-13T10:42:38.345+0000] {dag.py:3239} INFO - Sync 1 DAGs
[2024-12-13T10:42:38.374+0000] {logging_mixin.py:190} INFO - [2024-12-13T10:42:38.374+0000] {dag.py:3262} INFO - Creating ORM DAG for example_params_ui_tutorial
[2024-12-13T10:42:38.377+0000] {logging_mixin.py:190} INFO - [2024-12-13T10:42:38.376+0000] {dag.py:4180} INFO - Setting next_dagrun for example_params_ui_tutorial to None, run_after=None
[2024-12-13T10:42:38.420+0000] {processor.py:208} INFO - Processing /opt/bitnami/airflow/venv/lib/python3.12/site-packages/airflow/example_dags/example_params_ui_tutorial.py took 0.365 seconds
[2024-12-13T10:43:08.902+0000] {processor.py:186} INFO - Started process (PID=120) to work on /opt/bitnami/airflow/venv/lib/python3.12/site-packages/airflow/example_dags/example_params_ui_tutorial.py
[2024-12-13T10:43:08.903+0000] {processor.py:914} INFO - Processing file /opt/bitnami/airflow/venv/lib/python3.12/site-packages/airflow/example_dags/example_params_ui_tutorial.py for tasks to queue
[2024-12-13T10:43:08.905+0000] {logging_mixin.py:190} INFO - [2024-12-13T10:43:08.904+0000] {dagbag.py:588} INFO - Filling up the DagBag from /opt/bitnami/airflow/venv/lib/python3.12/site-packages/airflow/example_dags/example_params_ui_tutorial.py
[2024-12-13T10:43:08.910+0000] {processor.py:925} INFO - DAG(s) 'example_params_ui_tutorial' retrieved from /opt/bitnami/airflow/venv/lib/python3.12/site-packages/airflow/example_dags/example_params_ui_tutorial.py
[2024-12-13T10:43:09.016+0000] {logging_mixin.py:190} INFO - [2024-12-13T10:43:09.016+0000] {dag.py:3239} INFO - Sync 1 DAGs
[2024-12-13T10:43:09.043+0000] {logging_mixin.py:190} INFO - [2024-12-13T10:43:09.043+0000] {dag.py:4180} INFO - Setting next_dagrun for example_params_ui_tutorial to None, run_after=None
[2024-12-13T10:43:09.068+0000] {processor.py:208} INFO - Processing /opt/bitnami/airflow/venv/lib/python3.12/site-packages/airflow/example_dags/example_params_ui_tutorial.py took 0.171 seconds
[2024-12-13T10:43:39.248+0000] {processor.py:186} INFO - Started process (PID=177) to work on /opt/bitnami/airflow/venv/lib/python3.12/site-packages/airflow/example_dags/example_params_ui_tutorial.py
[2024-12-13T10:43:39.250+0000] {processor.py:914} INFO - Processing file /opt/bitnami/airflow/venv/lib/python3.12/site-packages/airflow/example_dags/example_params_ui_tutorial.py for tasks to queue
[2024-12-13T10:43:39.253+0000] {logging_mixin.py:190} INFO - [2024-12-13T10:43:39.252+0000] {dagbag.py:588} INFO - Filling up the DagBag from /opt/bitnami/airflow/venv/lib/python3.12/site-packages/airflow/example_dags/example_params_ui_tutorial.py
[2024-12-13T10:43:39.261+0000] {processor.py:925} INFO - DAG(s) 'example_params_ui_tutorial' retrieved from /opt/bitnami/airflow/venv/lib/python3.12/site-packages/airflow/example_dags/example_params_ui_tutorial.py
[2024-12-13T10:43:39.438+0000] {logging_mixin.py:190} INFO - [2024-12-13T10:43:39.437+0000] {dag.py:3239} INFO - Sync 1 DAGs
[2024-12-13T10:43:39.467+0000] {logging_mixin.py:190} INFO - [2024-12-13T10:43:39.467+0000] {dag.py:4180} INFO - Setting next_dagrun for example_params_ui_tutorial to None, run_after=None
[2024-12-13T10:43:39.510+0000] {processor.py:208} INFO - Processing /opt/bitnami/airflow/venv/lib/python3.12/site-packages/airflow/example_dags/example_params_ui_tutorial.py took 0.269 seconds
[2024-12-13T10:44:09.574+0000] {processor.py:186} INFO - Started process (PID=234) to work on /opt/bitnami/airflow/venv/lib/python3.12/site-packages/airflow/example_dags/example_params_ui_tutorial.py
[2024-12-13T10:44:09.575+0000] {processor.py:914} INFO - Processing file /opt/bitnami/airflow/venv/lib/python3.12/site-packages/airflow/example_dags/example_params_ui_tutorial.py for tasks to queue
[2024-12-13T10:44:09.578+0000] {logging_mixin.py:190} INFO - [2024-12-13T10:44:09.577+0000] {dagbag.py:588} INFO - Filling up the DagBag from /opt/bitnami/airflow/venv/lib/python3.12/site-packages/airflow/example_dags/example_params_ui_tutorial.py
[2024-12-13T10:44:09.586+0000] {processor.py:925} INFO - DAG(s) 'example_params_ui_tutorial' retrieved from /opt/bitnami/airflow/venv/lib/python3.12/site-packages/airflow/example_dags/example_params_ui_tutorial.py
[2024-12-13T10:44:09.635+0000] {logging_mixin.py:190} INFO - [2024-12-13T10:44:09.635+0000] {dag.py:3239} INFO - Sync 1 DAGs
[2024-12-13T10:44:09.664+0000] {logging_mixin.py:190} INFO - [2024-12-13T10:44:09.663+0000] {dag.py:4180} INFO - Setting next_dagrun for example_params_ui_tutorial to None, run_after=None
[2024-12-13T10:44:09.695+0000] {processor.py:208} INFO - Processing /opt/bitnami/airflow/venv/lib/python3.12/site-packages/airflow/example_dags/example_params_ui_tutorial.py took 0.125 seconds
[2024-12-13T10:44:40.467+0000] {processor.py:186} INFO - Started process (PID=291) to work on /opt/bitnami/airflow/venv/lib/python3.12/site-packages/airflow/example_dags/example_params_ui_tutorial.py
[2024-12-13T10:44:40.471+0000] {processor.py:914} INFO - Processing file /opt/bitnami/airflow/venv/lib/python3.12/site-packages/airflow/example_dags/example_params_ui_tutorial.py for tasks to queue
[2024-12-13T10:44:40.475+0000] {logging_mixin.py:190} INFO - [2024-12-13T10:44:40.474+0000] {dagbag.py:588} INFO - Filling up the DagBag from /opt/bitnami/airflow/venv/lib/python3.12/site-packages/airflow/example_dags/example_params_ui_tutorial.py
[2024-12-13T10:44:40.484+0000] {processor.py:925} INFO - DAG(s) 'example_params_ui_tutorial' retrieved from /opt/bitnami/airflow/venv/lib/python3.12/site-packages/airflow/example_dags/example_params_ui_tutorial.py
[2024-12-13T10:44:40.598+0000] {logging_mixin.py:190} INFO - [2024-12-13T10:44:40.598+0000] {dag.py:3239} INFO - Sync 1 DAGs
[2024-12-13T10:44:40.636+0000] {logging_mixin.py:190} INFO - [2024-12-13T10:44:40.636+0000] {dag.py:4180} INFO - Setting next_dagrun for example_params_ui_tutorial to None, run_after=None
[2024-12-13T10:44:40.675+0000] {processor.py:208} INFO - Processing /opt/bitnami/airflow/venv/lib/python3.12/site-packages/airflow/example_dags/example_params_ui_tutorial.py took 0.217 seconds
[2024-12-13T10:52:10.598+0000] {processor.py:186} INFO - Started process (PID=63) to work on /opt/bitnami/airflow/venv/lib/python3.12/site-packages/airflow/example_dags/example_params_ui_tutorial.py
[2024-12-13T10:52:10.599+0000] {processor.py:914} INFO - Processing file /opt/bitnami/airflow/venv/lib/python3.12/site-packages/airflow/example_dags/example_params_ui_tutorial.py for tasks to queue
[2024-12-13T10:52:10.602+0000] {logging_mixin.py:190} INFO - [2024-12-13T10:52:10.602+0000] {dagbag.py:588} INFO - Filling up the DagBag from /opt/bitnami/airflow/venv/lib/python3.12/site-packages/airflow/example_dags/example_params_ui_tutorial.py
[2024-12-13T10:52:10.612+0000] {processor.py:925} INFO - DAG(s) 'example_params_ui_tutorial' retrieved from /opt/bitnami/airflow/venv/lib/python3.12/site-packages/airflow/example_dags/example_params_ui_tutorial.py
[2024-12-13T10:52:10.737+0000] {logging_mixin.py:190} INFO - [2024-12-13T10:52:10.736+0000] {override.py:1900} INFO - Created Permission View: can read on DAG:example_params_ui_tutorial
[2024-12-13T10:52:10.747+0000] {logging_mixin.py:190} INFO - [2024-12-13T10:52:10.747+0000] {override.py:1900} INFO - Created Permission View: can delete on DAG:example_params_ui_tutorial
[2024-12-13T10:52:10.754+0000] {logging_mixin.py:190} INFO - [2024-12-13T10:52:10.753+0000] {override.py:1900} INFO - Created Permission View: can edit on DAG:example_params_ui_tutorial
[2024-12-13T10:52:10.760+0000] {logging_mixin.py:190} INFO - [2024-12-13T10:52:10.760+0000] {override.py:1900} INFO - Created Permission View: menu access on DAG Run:example_params_ui_tutorial
[2024-12-13T10:52:10.766+0000] {logging_mixin.py:190} INFO - [2024-12-13T10:52:10.766+0000] {override.py:1900} INFO - Created Permission View: can read on DAG Run:example_params_ui_tutorial
[2024-12-13T10:52:10.773+0000] {logging_mixin.py:190} INFO - [2024-12-13T10:52:10.773+0000] {override.py:1900} INFO - Created Permission View: can delete on DAG Run:example_params_ui_tutorial
[2024-12-13T10:52:10.779+0000] {logging_mixin.py:190} INFO - [2024-12-13T10:52:10.779+0000] {override.py:1900} INFO - Created Permission View: can create on DAG Run:example_params_ui_tutorial
[2024-12-13T10:52:10.780+0000] {logging_mixin.py:190} INFO - [2024-12-13T10:52:10.780+0000] {dag.py:3239} INFO - Sync 1 DAGs
[2024-12-13T10:52:10.804+0000] {logging_mixin.py:190} INFO - [2024-12-13T10:52:10.803+0000] {dag.py:3262} INFO - Creating ORM DAG for example_params_ui_tutorial
[2024-12-13T10:52:10.804+0000] {logging_mixin.py:190} INFO - [2024-12-13T10:52:10.804+0000] {dag.py:4180} INFO - Setting next_dagrun for example_params_ui_tutorial to None, run_after=None
[2024-12-13T10:52:10.827+0000] {processor.py:208} INFO - Processing /opt/bitnami/airflow/venv/lib/python3.12/site-packages/airflow/example_dags/example_params_ui_tutorial.py took 0.234 seconds
[2024-12-13T10:52:41.371+0000] {processor.py:186} INFO - Started process (PID=120) to work on /opt/bitnami/airflow/venv/lib/python3.12/site-packages/airflow/example_dags/example_params_ui_tutorial.py
[2024-12-13T10:52:41.373+0000] {processor.py:914} INFO - Processing file /opt/bitnami/airflow/venv/lib/python3.12/site-packages/airflow/example_dags/example_params_ui_tutorial.py for tasks to queue
[2024-12-13T10:52:41.375+0000] {logging_mixin.py:190} INFO - [2024-12-13T10:52:41.375+0000] {dagbag.py:588} INFO - Filling up the DagBag from /opt/bitnami/airflow/venv/lib/python3.12/site-packages/airflow/example_dags/example_params_ui_tutorial.py
[2024-12-13T10:52:41.381+0000] {processor.py:925} INFO - DAG(s) 'example_params_ui_tutorial' retrieved from /opt/bitnami/airflow/venv/lib/python3.12/site-packages/airflow/example_dags/example_params_ui_tutorial.py
[2024-12-13T10:52:41.449+0000] {logging_mixin.py:190} INFO - [2024-12-13T10:52:41.448+0000] {dag.py:3239} INFO - Sync 1 DAGs
[2024-12-13T10:52:41.480+0000] {logging_mixin.py:190} INFO - [2024-12-13T10:52:41.479+0000] {dag.py:4180} INFO - Setting next_dagrun for example_params_ui_tutorial to None, run_after=None
[2024-12-13T10:52:41.513+0000] {processor.py:208} INFO - Processing /opt/bitnami/airflow/venv/lib/python3.12/site-packages/airflow/example_dags/example_params_ui_tutorial.py took 0.146 seconds
[2024-12-13T10:53:13.656+0000] {processor.py:186} INFO - Started process (PID=177) to work on /opt/bitnami/airflow/venv/lib/python3.12/site-packages/airflow/example_dags/example_params_ui_tutorial.py
[2024-12-13T10:53:13.657+0000] {processor.py:914} INFO - Processing file /opt/bitnami/airflow/venv/lib/python3.12/site-packages/airflow/example_dags/example_params_ui_tutorial.py for tasks to queue
[2024-12-13T10:53:13.659+0000] {logging_mixin.py:190} INFO - [2024-12-13T10:53:13.659+0000] {dagbag.py:588} INFO - Filling up the DagBag from /opt/bitnami/airflow/venv/lib/python3.12/site-packages/airflow/example_dags/example_params_ui_tutorial.py
[2024-12-13T10:53:13.666+0000] {processor.py:925} INFO - DAG(s) 'example_params_ui_tutorial' retrieved from /opt/bitnami/airflow/venv/lib/python3.12/site-packages/airflow/example_dags/example_params_ui_tutorial.py
[2024-12-13T10:53:13.781+0000] {logging_mixin.py:190} INFO - [2024-12-13T10:53:13.781+0000] {dag.py:3239} INFO - Sync 1 DAGs
[2024-12-13T10:53:13.806+0000] {logging_mixin.py:190} INFO - [2024-12-13T10:53:13.806+0000] {dag.py:4180} INFO - Setting next_dagrun for example_params_ui_tutorial to None, run_after=None
[2024-12-13T10:53:13.843+0000] {processor.py:208} INFO - Processing /opt/bitnami/airflow/venv/lib/python3.12/site-packages/airflow/example_dags/example_params_ui_tutorial.py took 0.193 seconds
[2024-12-13T10:53:44.341+0000] {processor.py:186} INFO - Started process (PID=234) to work on /opt/bitnami/airflow/venv/lib/python3.12/site-packages/airflow/example_dags/example_params_ui_tutorial.py
[2024-12-13T10:53:44.343+0000] {processor.py:914} INFO - Processing file /opt/bitnami/airflow/venv/lib/python3.12/site-packages/airflow/example_dags/example_params_ui_tutorial.py for tasks to queue
[2024-12-13T10:53:44.348+0000] {logging_mixin.py:190} INFO - [2024-12-13T10:53:44.347+0000] {dagbag.py:588} INFO - Filling up the DagBag from /opt/bitnami/airflow/venv/lib/python3.12/site-packages/airflow/example_dags/example_params_ui_tutorial.py
[2024-12-13T10:53:44.355+0000] {processor.py:925} INFO - DAG(s) 'example_params_ui_tutorial' retrieved from /opt/bitnami/airflow/venv/lib/python3.12/site-packages/airflow/example_dags/example_params_ui_tutorial.py
[2024-12-13T10:53:44.470+0000] {logging_mixin.py:190} INFO - [2024-12-13T10:53:44.469+0000] {dag.py:3239} INFO - Sync 1 DAGs
[2024-12-13T10:53:44.506+0000] {logging_mixin.py:190} INFO - [2024-12-13T10:53:44.506+0000] {dag.py:4180} INFO - Setting next_dagrun for example_params_ui_tutorial to None, run_after=None
[2024-12-13T10:53:44.549+0000] {processor.py:208} INFO - Processing /opt/bitnami/airflow/venv/lib/python3.12/site-packages/airflow/example_dags/example_params_ui_tutorial.py took 0.214 seconds
[2024-12-13T10:54:14.600+0000] {processor.py:186} INFO - Started process (PID=291) to work on /opt/bitnami/airflow/venv/lib/python3.12/site-packages/airflow/example_dags/example_params_ui_tutorial.py
[2024-12-13T10:54:14.600+0000] {processor.py:914} INFO - Processing file /opt/bitnami/airflow/venv/lib/python3.12/site-packages/airflow/example_dags/example_params_ui_tutorial.py for tasks to queue
[2024-12-13T10:54:14.602+0000] {logging_mixin.py:190} INFO - [2024-12-13T10:54:14.602+0000] {dagbag.py:588} INFO - Filling up the DagBag from /opt/bitnami/airflow/venv/lib/python3.12/site-packages/airflow/example_dags/example_params_ui_tutorial.py
[2024-12-13T10:54:14.607+0000] {processor.py:925} INFO - DAG(s) 'example_params_ui_tutorial' retrieved from /opt/bitnami/airflow/venv/lib/python3.12/site-packages/airflow/example_dags/example_params_ui_tutorial.py
[2024-12-13T10:54:14.655+0000] {logging_mixin.py:190} INFO - [2024-12-13T10:54:14.655+0000] {dag.py:3239} INFO - Sync 1 DAGs
[2024-12-13T10:54:14.672+0000] {logging_mixin.py:190} INFO - [2024-12-13T10:54:14.672+0000] {dag.py:4180} INFO - Setting next_dagrun for example_params_ui_tutorial to None, run_after=None
[2024-12-13T10:54:14.692+0000] {processor.py:208} INFO - Processing /opt/bitnami/airflow/venv/lib/python3.12/site-packages/airflow/example_dags/example_params_ui_tutorial.py took 0.097 seconds
[2024-12-13T10:54:44.837+0000] {processor.py:186} INFO - Started process (PID=348) to work on /opt/bitnami/airflow/venv/lib/python3.12/site-packages/airflow/example_dags/example_params_ui_tutorial.py
[2024-12-13T10:54:44.839+0000] {processor.py:914} INFO - Processing file /opt/bitnami/airflow/venv/lib/python3.12/site-packages/airflow/example_dags/example_params_ui_tutorial.py for tasks to queue
[2024-12-13T10:54:44.841+0000] {logging_mixin.py:190} INFO - [2024-12-13T10:54:44.841+0000] {dagbag.py:588} INFO - Filling up the DagBag from /opt/bitnami/airflow/venv/lib/python3.12/site-packages/airflow/example_dags/example_params_ui_tutorial.py
[2024-12-13T10:54:44.847+0000] {processor.py:925} INFO - DAG(s) 'example_params_ui_tutorial' retrieved from /opt/bitnami/airflow/venv/lib/python3.12/site-packages/airflow/example_dags/example_params_ui_tutorial.py
[2024-12-13T10:54:44.914+0000] {logging_mixin.py:190} INFO - [2024-12-13T10:54:44.914+0000] {dag.py:3239} INFO - Sync 1 DAGs
[2024-12-13T10:54:44.945+0000] {logging_mixin.py:190} INFO - [2024-12-13T10:54:44.945+0000] {dag.py:4180} INFO - Setting next_dagrun for example_params_ui_tutorial to None, run_after=None
[2024-12-13T10:54:44.977+0000] {processor.py:208} INFO - Processing /opt/bitnami/airflow/venv/lib/python3.12/site-packages/airflow/example_dags/example_params_ui_tutorial.py took 0.145 seconds
[2024-12-13T10:55:15.610+0000] {processor.py:186} INFO - Started process (PID=405) to work on /opt/bitnami/airflow/venv/lib/python3.12/site-packages/airflow/example_dags/example_params_ui_tutorial.py
[2024-12-13T10:55:15.611+0000] {processor.py:914} INFO - Processing file /opt/bitnami/airflow/venv/lib/python3.12/site-packages/airflow/example_dags/example_params_ui_tutorial.py for tasks to queue
[2024-12-13T10:55:15.614+0000] {logging_mixin.py:190} INFO - [2024-12-13T10:55:15.613+0000] {dagbag.py:588} INFO - Filling up the DagBag from /opt/bitnami/airflow/venv/lib/python3.12/site-packages/airflow/example_dags/example_params_ui_tutorial.py
[2024-12-13T10:55:15.620+0000] {processor.py:925} INFO - DAG(s) 'example_params_ui_tutorial' retrieved from /opt/bitnami/airflow/venv/lib/python3.12/site-packages/airflow/example_dags/example_params_ui_tutorial.py
[2024-12-13T10:55:15.729+0000] {logging_mixin.py:190} INFO - [2024-12-13T10:55:15.728+0000] {dag.py:3239} INFO - Sync 1 DAGs
[2024-12-13T10:55:15.758+0000] {logging_mixin.py:190} INFO - [2024-12-13T10:55:15.757+0000] {dag.py:4180} INFO - Setting next_dagrun for example_params_ui_tutorial to None, run_after=None
[2024-12-13T10:55:15.794+0000] {processor.py:208} INFO - Processing /opt/bitnami/airflow/venv/lib/python3.12/site-packages/airflow/example_dags/example_params_ui_tutorial.py took 0.188 seconds
[2024-12-13T10:55:46.163+0000] {processor.py:186} INFO - Started process (PID=462) to work on /opt/bitnami/airflow/venv/lib/python3.12/site-packages/airflow/example_dags/example_params_ui_tutorial.py
[2024-12-13T10:55:46.165+0000] {processor.py:914} INFO - Processing file /opt/bitnami/airflow/venv/lib/python3.12/site-packages/airflow/example_dags/example_params_ui_tutorial.py for tasks to queue
[2024-12-13T10:55:46.168+0000] {logging_mixin.py:190} INFO - [2024-12-13T10:55:46.168+0000] {dagbag.py:588} INFO - Filling up the DagBag from /opt/bitnami/airflow/venv/lib/python3.12/site-packages/airflow/example_dags/example_params_ui_tutorial.py
[2024-12-13T10:55:46.175+0000] {processor.py:925} INFO - DAG(s) 'example_params_ui_tutorial' retrieved from /opt/bitnami/airflow/venv/lib/python3.12/site-packages/airflow/example_dags/example_params_ui_tutorial.py
[2024-12-13T10:55:46.288+0000] {logging_mixin.py:190} INFO - [2024-12-13T10:55:46.288+0000] {dag.py:3239} INFO - Sync 1 DAGs
[2024-12-13T10:55:46.328+0000] {logging_mixin.py:190} INFO - [2024-12-13T10:55:46.328+0000] {dag.py:4180} INFO - Setting next_dagrun for example_params_ui_tutorial to None, run_after=None
[2024-12-13T10:55:46.369+0000] {processor.py:208} INFO - Processing /opt/bitnami/airflow/venv/lib/python3.12/site-packages/airflow/example_dags/example_params_ui_tutorial.py took 0.210 seconds
[2024-12-13T10:56:17.243+0000] {processor.py:186} INFO - Started process (PID=519) to work on /opt/bitnami/airflow/venv/lib/python3.12/site-packages/airflow/example_dags/example_params_ui_tutorial.py
[2024-12-13T10:56:17.245+0000] {processor.py:914} INFO - Processing file /opt/bitnami/airflow/venv/lib/python3.12/site-packages/airflow/example_dags/example_params_ui_tutorial.py for tasks to queue
[2024-12-13T10:56:17.250+0000] {logging_mixin.py:190} INFO - [2024-12-13T10:56:17.249+0000] {dagbag.py:588} INFO - Filling up the DagBag from /opt/bitnami/airflow/venv/lib/python3.12/site-packages/airflow/example_dags/example_params_ui_tutorial.py
[2024-12-13T10:56:17.258+0000] {processor.py:925} INFO - DAG(s) 'example_params_ui_tutorial' retrieved from /opt/bitnami/airflow/venv/lib/python3.12/site-packages/airflow/example_dags/example_params_ui_tutorial.py
[2024-12-13T10:56:17.352+0000] {logging_mixin.py:190} INFO - [2024-12-13T10:56:17.351+0000] {dag.py:3239} INFO - Sync 1 DAGs
[2024-12-13T10:56:17.385+0000] {logging_mixin.py:190} INFO - [2024-12-13T10:56:17.384+0000] {dag.py:4180} INFO - Setting next_dagrun for example_params_ui_tutorial to None, run_after=None
[2024-12-13T10:56:17.421+0000] {processor.py:208} INFO - Processing /opt/bitnami/airflow/venv/lib/python3.12/site-packages/airflow/example_dags/example_params_ui_tutorial.py took 0.184 seconds
[2024-12-13T10:56:47.486+0000] {processor.py:186} INFO - Started process (PID=576) to work on /opt/bitnami/airflow/venv/lib/python3.12/site-packages/airflow/example_dags/example_params_ui_tutorial.py
[2024-12-13T10:56:47.487+0000] {processor.py:914} INFO - Processing file /opt/bitnami/airflow/venv/lib/python3.12/site-packages/airflow/example_dags/example_params_ui_tutorial.py for tasks to queue
[2024-12-13T10:56:47.489+0000] {logging_mixin.py:190} INFO - [2024-12-13T10:56:47.489+0000] {dagbag.py:588} INFO - Filling up the DagBag from /opt/bitnami/airflow/venv/lib/python3.12/site-packages/airflow/example_dags/example_params_ui_tutorial.py
[2024-12-13T10:56:47.495+0000] {processor.py:925} INFO - DAG(s) 'example_params_ui_tutorial' retrieved from /opt/bitnami/airflow/venv/lib/python3.12/site-packages/airflow/example_dags/example_params_ui_tutorial.py
[2024-12-13T10:56:47.576+0000] {logging_mixin.py:190} INFO - [2024-12-13T10:56:47.575+0000] {dag.py:3239} INFO - Sync 1 DAGs
[2024-12-13T10:56:47.616+0000] {logging_mixin.py:190} INFO - [2024-12-13T10:56:47.616+0000] {dag.py:4180} INFO - Setting next_dagrun for example_params_ui_tutorial to None, run_after=None
[2024-12-13T10:56:47.655+0000] {processor.py:208} INFO - Processing /opt/bitnami/airflow/venv/lib/python3.12/site-packages/airflow/example_dags/example_params_ui_tutorial.py took 0.174 seconds
[2024-12-13T10:57:18.026+0000] {processor.py:186} INFO - Started process (PID=633) to work on /opt/bitnami/airflow/venv/lib/python3.12/site-packages/airflow/example_dags/example_params_ui_tutorial.py
[2024-12-13T10:57:18.027+0000] {processor.py:914} INFO - Processing file /opt/bitnami/airflow/venv/lib/python3.12/site-packages/airflow/example_dags/example_params_ui_tutorial.py for tasks to queue
[2024-12-13T10:57:18.029+0000] {logging_mixin.py:190} INFO - [2024-12-13T10:57:18.029+0000] {dagbag.py:588} INFO - Filling up the DagBag from /opt/bitnami/airflow/venv/lib/python3.12/site-packages/airflow/example_dags/example_params_ui_tutorial.py
[2024-12-13T10:57:18.034+0000] {processor.py:925} INFO - DAG(s) 'example_params_ui_tutorial' retrieved from /opt/bitnami/airflow/venv/lib/python3.12/site-packages/airflow/example_dags/example_params_ui_tutorial.py
[2024-12-13T10:57:18.093+0000] {logging_mixin.py:190} INFO - [2024-12-13T10:57:18.093+0000] {dag.py:3239} INFO - Sync 1 DAGs
[2024-12-13T10:57:18.113+0000] {logging_mixin.py:190} INFO - [2024-12-13T10:57:18.112+0000] {dag.py:4180} INFO - Setting next_dagrun for example_params_ui_tutorial to None, run_after=None
[2024-12-13T10:57:18.137+0000] {processor.py:208} INFO - Processing /opt/bitnami/airflow/venv/lib/python3.12/site-packages/airflow/example_dags/example_params_ui_tutorial.py took 0.116 seconds
[2024-12-13T10:57:48.999+0000] {processor.py:186} INFO - Started process (PID=690) to work on /opt/bitnami/airflow/venv/lib/python3.12/site-packages/airflow/example_dags/example_params_ui_tutorial.py
[2024-12-13T10:57:49.000+0000] {processor.py:914} INFO - Processing file /opt/bitnami/airflow/venv/lib/python3.12/site-packages/airflow/example_dags/example_params_ui_tutorial.py for tasks to queue
[2024-12-13T10:57:49.002+0000] {logging_mixin.py:190} INFO - [2024-12-13T10:57:49.001+0000] {dagbag.py:588} INFO - Filling up the DagBag from /opt/bitnami/airflow/venv/lib/python3.12/site-packages/airflow/example_dags/example_params_ui_tutorial.py
[2024-12-13T10:57:49.007+0000] {processor.py:925} INFO - DAG(s) 'example_params_ui_tutorial' retrieved from /opt/bitnami/airflow/venv/lib/python3.12/site-packages/airflow/example_dags/example_params_ui_tutorial.py
[2024-12-13T10:57:49.059+0000] {logging_mixin.py:190} INFO - [2024-12-13T10:57:49.059+0000] {dag.py:3239} INFO - Sync 1 DAGs
[2024-12-13T10:57:49.078+0000] {logging_mixin.py:190} INFO - [2024-12-13T10:57:49.078+0000] {dag.py:4180} INFO - Setting next_dagrun for example_params_ui_tutorial to None, run_after=None
[2024-12-13T10:57:49.103+0000] {processor.py:208} INFO - Processing /opt/bitnami/airflow/venv/lib/python3.12/site-packages/airflow/example_dags/example_params_ui_tutorial.py took 0.109 seconds
[2024-12-13T10:58:19.414+0000] {processor.py:186} INFO - Started process (PID=747) to work on /opt/bitnami/airflow/venv/lib/python3.12/site-packages/airflow/example_dags/example_params_ui_tutorial.py
[2024-12-13T10:58:19.415+0000] {processor.py:914} INFO - Processing file /opt/bitnami/airflow/venv/lib/python3.12/site-packages/airflow/example_dags/example_params_ui_tutorial.py for tasks to queue
[2024-12-13T10:58:19.418+0000] {logging_mixin.py:190} INFO - [2024-12-13T10:58:19.417+0000] {dagbag.py:588} INFO - Filling up the DagBag from /opt/bitnami/airflow/venv/lib/python3.12/site-packages/airflow/example_dags/example_params_ui_tutorial.py
[2024-12-13T10:58:19.429+0000] {processor.py:925} INFO - DAG(s) 'example_params_ui_tutorial' retrieved from /opt/bitnami/airflow/venv/lib/python3.12/site-packages/airflow/example_dags/example_params_ui_tutorial.py
[2024-12-13T10:58:19.524+0000] {logging_mixin.py:190} INFO - [2024-12-13T10:58:19.523+0000] {dag.py:3239} INFO - Sync 1 DAGs
[2024-12-13T10:58:19.561+0000] {logging_mixin.py:190} INFO - [2024-12-13T10:58:19.561+0000] {dag.py:4180} INFO - Setting next_dagrun for example_params_ui_tutorial to None, run_after=None
[2024-12-13T10:58:19.611+0000] {processor.py:208} INFO - Processing /opt/bitnami/airflow/venv/lib/python3.12/site-packages/airflow/example_dags/example_params_ui_tutorial.py took 0.204 seconds
[2024-12-13T10:58:49.855+0000] {processor.py:186} INFO - Started process (PID=804) to work on /opt/bitnami/airflow/venv/lib/python3.12/site-packages/airflow/example_dags/example_params_ui_tutorial.py
[2024-12-13T10:58:49.856+0000] {processor.py:914} INFO - Processing file /opt/bitnami/airflow/venv/lib/python3.12/site-packages/airflow/example_dags/example_params_ui_tutorial.py for tasks to queue
[2024-12-13T10:58:49.859+0000] {logging_mixin.py:190} INFO - [2024-12-13T10:58:49.858+0000] {dagbag.py:588} INFO - Filling up the DagBag from /opt/bitnami/airflow/venv/lib/python3.12/site-packages/airflow/example_dags/example_params_ui_tutorial.py
[2024-12-13T10:58:49.864+0000] {processor.py:925} INFO - DAG(s) 'example_params_ui_tutorial' retrieved from /opt/bitnami/airflow/venv/lib/python3.12/site-packages/airflow/example_dags/example_params_ui_tutorial.py
[2024-12-13T10:58:49.952+0000] {logging_mixin.py:190} INFO - [2024-12-13T10:58:49.952+0000] {dag.py:3239} INFO - Sync 1 DAGs
[2024-12-13T10:58:49.987+0000] {logging_mixin.py:190} INFO - [2024-12-13T10:58:49.987+0000] {dag.py:4180} INFO - Setting next_dagrun for example_params_ui_tutorial to None, run_after=None
[2024-12-13T10:58:50.013+0000] {processor.py:208} INFO - Processing /opt/bitnami/airflow/venv/lib/python3.12/site-packages/airflow/example_dags/example_params_ui_tutorial.py took 0.163 seconds
[2024-12-13T11:07:30.576+0000] {processor.py:186} INFO - Started process (PID=63) to work on /opt/bitnami/airflow/venv/lib/python3.12/site-packages/airflow/example_dags/example_params_ui_tutorial.py
[2024-12-13T11:07:30.576+0000] {processor.py:914} INFO - Processing file /opt/bitnami/airflow/venv/lib/python3.12/site-packages/airflow/example_dags/example_params_ui_tutorial.py for tasks to queue
[2024-12-13T11:07:30.579+0000] {logging_mixin.py:190} INFO - [2024-12-13T11:07:30.579+0000] {dagbag.py:588} INFO - Filling up the DagBag from /opt/bitnami/airflow/venv/lib/python3.12/site-packages/airflow/example_dags/example_params_ui_tutorial.py
[2024-12-13T11:07:30.591+0000] {processor.py:925} INFO - DAG(s) 'example_params_ui_tutorial' retrieved from /opt/bitnami/airflow/venv/lib/python3.12/site-packages/airflow/example_dags/example_params_ui_tutorial.py
[2024-12-13T11:07:30.677+0000] {logging_mixin.py:190} INFO - [2024-12-13T11:07:30.676+0000] {dag.py:3239} INFO - Sync 1 DAGs
[2024-12-13T11:07:30.700+0000] {logging_mixin.py:190} INFO - [2024-12-13T11:07:30.700+0000] {dag.py:4180} INFO - Setting next_dagrun for example_params_ui_tutorial to None, run_after=None
[2024-12-13T11:07:30.725+0000] {processor.py:208} INFO - Processing /opt/bitnami/airflow/venv/lib/python3.12/site-packages/airflow/example_dags/example_params_ui_tutorial.py took 0.155 seconds
[2024-12-13T11:08:01.058+0000] {processor.py:186} INFO - Started process (PID=120) to work on /opt/bitnami/airflow/venv/lib/python3.12/site-packages/airflow/example_dags/example_params_ui_tutorial.py
[2024-12-13T11:08:01.059+0000] {processor.py:914} INFO - Processing file /opt/bitnami/airflow/venv/lib/python3.12/site-packages/airflow/example_dags/example_params_ui_tutorial.py for tasks to queue
[2024-12-13T11:08:01.061+0000] {logging_mixin.py:190} INFO - [2024-12-13T11:08:01.061+0000] {dagbag.py:588} INFO - Filling up the DagBag from /opt/bitnami/airflow/venv/lib/python3.12/site-packages/airflow/example_dags/example_params_ui_tutorial.py
[2024-12-13T11:08:01.067+0000] {processor.py:925} INFO - DAG(s) 'example_params_ui_tutorial' retrieved from /opt/bitnami/airflow/venv/lib/python3.12/site-packages/airflow/example_dags/example_params_ui_tutorial.py
[2024-12-13T11:08:01.120+0000] {logging_mixin.py:190} INFO - [2024-12-13T11:08:01.120+0000] {dag.py:3239} INFO - Sync 1 DAGs
[2024-12-13T11:08:01.159+0000] {logging_mixin.py:190} INFO - [2024-12-13T11:08:01.159+0000] {dag.py:4180} INFO - Setting next_dagrun for example_params_ui_tutorial to None, run_after=None
[2024-12-13T11:08:01.193+0000] {processor.py:208} INFO - Processing /opt/bitnami/airflow/venv/lib/python3.12/site-packages/airflow/example_dags/example_params_ui_tutorial.py took 0.141 seconds
[2024-12-13T11:08:32.798+0000] {processor.py:186} INFO - Started process (PID=177) to work on /opt/bitnami/airflow/venv/lib/python3.12/site-packages/airflow/example_dags/example_params_ui_tutorial.py
[2024-12-13T11:08:32.799+0000] {processor.py:914} INFO - Processing file /opt/bitnami/airflow/venv/lib/python3.12/site-packages/airflow/example_dags/example_params_ui_tutorial.py for tasks to queue
[2024-12-13T11:08:32.802+0000] {logging_mixin.py:190} INFO - [2024-12-13T11:08:32.802+0000] {dagbag.py:588} INFO - Filling up the DagBag from /opt/bitnami/airflow/venv/lib/python3.12/site-packages/airflow/example_dags/example_params_ui_tutorial.py
[2024-12-13T11:08:32.808+0000] {processor.py:925} INFO - DAG(s) 'example_params_ui_tutorial' retrieved from /opt/bitnami/airflow/venv/lib/python3.12/site-packages/airflow/example_dags/example_params_ui_tutorial.py
[2024-12-13T11:08:32.944+0000] {logging_mixin.py:190} INFO - [2024-12-13T11:08:32.944+0000] {dag.py:3239} INFO - Sync 1 DAGs
[2024-12-13T11:08:32.971+0000] {logging_mixin.py:190} INFO - [2024-12-13T11:08:32.971+0000] {dag.py:4180} INFO - Setting next_dagrun for example_params_ui_tutorial to None, run_after=None
[2024-12-13T11:08:33.009+0000] {processor.py:208} INFO - Processing /opt/bitnami/airflow/venv/lib/python3.12/site-packages/airflow/example_dags/example_params_ui_tutorial.py took 0.217 seconds
[2024-12-13T11:09:03.925+0000] {processor.py:186} INFO - Started process (PID=234) to work on /opt/bitnami/airflow/venv/lib/python3.12/site-packages/airflow/example_dags/example_params_ui_tutorial.py
[2024-12-13T11:09:03.926+0000] {processor.py:914} INFO - Processing file /opt/bitnami/airflow/venv/lib/python3.12/site-packages/airflow/example_dags/example_params_ui_tutorial.py for tasks to queue
[2024-12-13T11:09:03.929+0000] {logging_mixin.py:190} INFO - [2024-12-13T11:09:03.928+0000] {dagbag.py:588} INFO - Filling up the DagBag from /opt/bitnami/airflow/venv/lib/python3.12/site-packages/airflow/example_dags/example_params_ui_tutorial.py
[2024-12-13T11:09:03.936+0000] {processor.py:925} INFO - DAG(s) 'example_params_ui_tutorial' retrieved from /opt/bitnami/airflow/venv/lib/python3.12/site-packages/airflow/example_dags/example_params_ui_tutorial.py
[2024-12-13T11:09:04.048+0000] {logging_mixin.py:190} INFO - [2024-12-13T11:09:04.048+0000] {dag.py:3239} INFO - Sync 1 DAGs
[2024-12-13T11:09:04.093+0000] {logging_mixin.py:190} INFO - [2024-12-13T11:09:04.093+0000] {dag.py:4180} INFO - Setting next_dagrun for example_params_ui_tutorial to None, run_after=None
[2024-12-13T11:09:04.135+0000] {processor.py:208} INFO - Processing /opt/bitnami/airflow/venv/lib/python3.12/site-packages/airflow/example_dags/example_params_ui_tutorial.py took 0.217 seconds
[2024-12-13T11:13:43.193+0000] {processor.py:186} INFO - Started process (PID=63) to work on /opt/bitnami/airflow/venv/lib/python3.12/site-packages/airflow/example_dags/example_params_ui_tutorial.py
[2024-12-13T11:13:43.195+0000] {processor.py:914} INFO - Processing file /opt/bitnami/airflow/venv/lib/python3.12/site-packages/airflow/example_dags/example_params_ui_tutorial.py for tasks to queue
[2024-12-13T11:13:43.198+0000] {logging_mixin.py:190} INFO - [2024-12-13T11:13:43.197+0000] {dagbag.py:588} INFO - Filling up the DagBag from /opt/bitnami/airflow/venv/lib/python3.12/site-packages/airflow/example_dags/example_params_ui_tutorial.py
[2024-12-13T11:13:43.207+0000] {processor.py:925} INFO - DAG(s) 'example_params_ui_tutorial' retrieved from /opt/bitnami/airflow/venv/lib/python3.12/site-packages/airflow/example_dags/example_params_ui_tutorial.py
[2024-12-13T11:13:43.278+0000] {logging_mixin.py:190} INFO - [2024-12-13T11:13:43.277+0000] {dag.py:3239} INFO - Sync 1 DAGs
[2024-12-13T11:13:43.303+0000] {logging_mixin.py:190} INFO - [2024-12-13T11:13:43.303+0000] {dag.py:4180} INFO - Setting next_dagrun for example_params_ui_tutorial to None, run_after=None
[2024-12-13T11:13:43.335+0000] {processor.py:208} INFO - Processing /opt/bitnami/airflow/venv/lib/python3.12/site-packages/airflow/example_dags/example_params_ui_tutorial.py took 0.150 seconds
[2024-12-13T11:14:13.893+0000] {processor.py:186} INFO - Started process (PID=120) to work on /opt/bitnami/airflow/venv/lib/python3.12/site-packages/airflow/example_dags/example_params_ui_tutorial.py
[2024-12-13T11:14:13.894+0000] {processor.py:914} INFO - Processing file /opt/bitnami/airflow/venv/lib/python3.12/site-packages/airflow/example_dags/example_params_ui_tutorial.py for tasks to queue
[2024-12-13T11:14:13.896+0000] {logging_mixin.py:190} INFO - [2024-12-13T11:14:13.896+0000] {dagbag.py:588} INFO - Filling up the DagBag from /opt/bitnami/airflow/venv/lib/python3.12/site-packages/airflow/example_dags/example_params_ui_tutorial.py
[2024-12-13T11:14:13.902+0000] {processor.py:925} INFO - DAG(s) 'example_params_ui_tutorial' retrieved from /opt/bitnami/airflow/venv/lib/python3.12/site-packages/airflow/example_dags/example_params_ui_tutorial.py
[2024-12-13T11:14:13.957+0000] {logging_mixin.py:190} INFO - [2024-12-13T11:14:13.957+0000] {dag.py:3239} INFO - Sync 1 DAGs
[2024-12-13T11:14:13.985+0000] {logging_mixin.py:190} INFO - [2024-12-13T11:14:13.985+0000] {dag.py:4180} INFO - Setting next_dagrun for example_params_ui_tutorial to None, run_after=None
[2024-12-13T11:14:14.009+0000] {processor.py:208} INFO - Processing /opt/bitnami/airflow/venv/lib/python3.12/site-packages/airflow/example_dags/example_params_ui_tutorial.py took 0.120 seconds
[2024-12-13T11:14:45.780+0000] {processor.py:186} INFO - Started process (PID=177) to work on /opt/bitnami/airflow/venv/lib/python3.12/site-packages/airflow/example_dags/example_params_ui_tutorial.py
[2024-12-13T11:14:45.782+0000] {processor.py:914} INFO - Processing file /opt/bitnami/airflow/venv/lib/python3.12/site-packages/airflow/example_dags/example_params_ui_tutorial.py for tasks to queue
[2024-12-13T11:14:45.785+0000] {logging_mixin.py:190} INFO - [2024-12-13T11:14:45.784+0000] {dagbag.py:588} INFO - Filling up the DagBag from /opt/bitnami/airflow/venv/lib/python3.12/site-packages/airflow/example_dags/example_params_ui_tutorial.py
[2024-12-13T11:14:45.793+0000] {processor.py:925} INFO - DAG(s) 'example_params_ui_tutorial' retrieved from /opt/bitnami/airflow/venv/lib/python3.12/site-packages/airflow/example_dags/example_params_ui_tutorial.py
[2024-12-13T11:14:45.998+0000] {logging_mixin.py:190} INFO - [2024-12-13T11:14:45.998+0000] {dag.py:3239} INFO - Sync 1 DAGs
[2024-12-13T11:14:46.045+0000] {logging_mixin.py:190} INFO - [2024-12-13T11:14:46.044+0000] {dag.py:4180} INFO - Setting next_dagrun for example_params_ui_tutorial to None, run_after=None
[2024-12-13T11:14:46.098+0000] {processor.py:208} INFO - Processing /opt/bitnami/airflow/venv/lib/python3.12/site-packages/airflow/example_dags/example_params_ui_tutorial.py took 0.325 seconds
[2024-12-13T11:15:16.807+0000] {processor.py:186} INFO - Started process (PID=234) to work on /opt/bitnami/airflow/venv/lib/python3.12/site-packages/airflow/example_dags/example_params_ui_tutorial.py
[2024-12-13T11:15:16.808+0000] {processor.py:914} INFO - Processing file /opt/bitnami/airflow/venv/lib/python3.12/site-packages/airflow/example_dags/example_params_ui_tutorial.py for tasks to queue
[2024-12-13T11:15:16.812+0000] {logging_mixin.py:190} INFO - [2024-12-13T11:15:16.811+0000] {dagbag.py:588} INFO - Filling up the DagBag from /opt/bitnami/airflow/venv/lib/python3.12/site-packages/airflow/example_dags/example_params_ui_tutorial.py
[2024-12-13T11:15:16.821+0000] {processor.py:925} INFO - DAG(s) 'example_params_ui_tutorial' retrieved from /opt/bitnami/airflow/venv/lib/python3.12/site-packages/airflow/example_dags/example_params_ui_tutorial.py
[2024-12-13T11:15:16.947+0000] {logging_mixin.py:190} INFO - [2024-12-13T11:15:16.946+0000] {dag.py:3239} INFO - Sync 1 DAGs
[2024-12-13T11:15:16.977+0000] {logging_mixin.py:190} INFO - [2024-12-13T11:15:16.976+0000] {dag.py:4180} INFO - Setting next_dagrun for example_params_ui_tutorial to None, run_after=None
[2024-12-13T11:15:17.022+0000] {processor.py:208} INFO - Processing /opt/bitnami/airflow/venv/lib/python3.12/site-packages/airflow/example_dags/example_params_ui_tutorial.py took 0.222 seconds
[2024-12-13T11:57:08.173+0000] {processor.py:186} INFO - Started process (PID=63) to work on /opt/bitnami/airflow/venv/lib/python3.12/site-packages/airflow/example_dags/example_params_ui_tutorial.py
[2024-12-13T11:57:08.175+0000] {processor.py:914} INFO - Processing file /opt/bitnami/airflow/venv/lib/python3.12/site-packages/airflow/example_dags/example_params_ui_tutorial.py for tasks to queue
[2024-12-13T11:57:08.177+0000] {logging_mixin.py:190} INFO - [2024-12-13T11:57:08.177+0000] {dagbag.py:588} INFO - Filling up the DagBag from /opt/bitnami/airflow/venv/lib/python3.12/site-packages/airflow/example_dags/example_params_ui_tutorial.py
[2024-12-13T11:57:08.184+0000] {processor.py:925} INFO - DAG(s) 'example_params_ui_tutorial' retrieved from /opt/bitnami/airflow/venv/lib/python3.12/site-packages/airflow/example_dags/example_params_ui_tutorial.py
[2024-12-13T11:57:08.245+0000] {logging_mixin.py:190} INFO - [2024-12-13T11:57:08.244+0000] {dag.py:3239} INFO - Sync 1 DAGs
[2024-12-13T11:57:08.269+0000] {logging_mixin.py:190} INFO - [2024-12-13T11:57:08.269+0000] {dag.py:4180} INFO - Setting next_dagrun for example_params_ui_tutorial to None, run_after=None
[2024-12-13T11:57:08.303+0000] {processor.py:208} INFO - Processing /opt/bitnami/airflow/venv/lib/python3.12/site-packages/airflow/example_dags/example_params_ui_tutorial.py took 0.135 seconds
[2024-12-13T11:57:39.316+0000] {processor.py:186} INFO - Started process (PID=120) to work on /opt/bitnami/airflow/venv/lib/python3.12/site-packages/airflow/example_dags/example_params_ui_tutorial.py
[2024-12-13T11:57:39.321+0000] {processor.py:914} INFO - Processing file /opt/bitnami/airflow/venv/lib/python3.12/site-packages/airflow/example_dags/example_params_ui_tutorial.py for tasks to queue
[2024-12-13T11:57:39.327+0000] {logging_mixin.py:190} INFO - [2024-12-13T11:57:39.326+0000] {dagbag.py:588} INFO - Filling up the DagBag from /opt/bitnami/airflow/venv/lib/python3.12/site-packages/airflow/example_dags/example_params_ui_tutorial.py
[2024-12-13T11:57:39.345+0000] {processor.py:925} INFO - DAG(s) 'example_params_ui_tutorial' retrieved from /opt/bitnami/airflow/venv/lib/python3.12/site-packages/airflow/example_dags/example_params_ui_tutorial.py
[2024-12-13T11:57:39.420+0000] {logging_mixin.py:190} INFO - [2024-12-13T11:57:39.419+0000] {dag.py:3239} INFO - Sync 1 DAGs
[2024-12-13T11:57:39.463+0000] {logging_mixin.py:190} INFO - [2024-12-13T11:57:39.462+0000] {dag.py:4180} INFO - Setting next_dagrun for example_params_ui_tutorial to None, run_after=None
[2024-12-13T11:57:39.511+0000] {processor.py:208} INFO - Processing /opt/bitnami/airflow/venv/lib/python3.12/site-packages/airflow/example_dags/example_params_ui_tutorial.py took 0.205 seconds
[2024-12-13T11:58:33.682+0000] {processor.py:186} INFO - Started process (PID=63) to work on /opt/bitnami/airflow/venv/lib/python3.12/site-packages/airflow/example_dags/example_params_ui_tutorial.py
[2024-12-13T11:58:33.683+0000] {processor.py:914} INFO - Processing file /opt/bitnami/airflow/venv/lib/python3.12/site-packages/airflow/example_dags/example_params_ui_tutorial.py for tasks to queue
[2024-12-13T11:58:33.686+0000] {logging_mixin.py:190} INFO - [2024-12-13T11:58:33.685+0000] {dagbag.py:588} INFO - Filling up the DagBag from /opt/bitnami/airflow/venv/lib/python3.12/site-packages/airflow/example_dags/example_params_ui_tutorial.py
[2024-12-13T11:58:33.691+0000] {processor.py:925} INFO - DAG(s) 'example_params_ui_tutorial' retrieved from /opt/bitnami/airflow/venv/lib/python3.12/site-packages/airflow/example_dags/example_params_ui_tutorial.py
[2024-12-13T11:58:33.748+0000] {logging_mixin.py:190} INFO - [2024-12-13T11:58:33.748+0000] {dag.py:3239} INFO - Sync 1 DAGs
[2024-12-13T11:58:33.771+0000] {logging_mixin.py:190} INFO - [2024-12-13T11:58:33.771+0000] {dag.py:4180} INFO - Setting next_dagrun for example_params_ui_tutorial to None, run_after=None
[2024-12-13T11:58:33.795+0000] {processor.py:208} INFO - Processing /opt/bitnami/airflow/venv/lib/python3.12/site-packages/airflow/example_dags/example_params_ui_tutorial.py took 0.117 seconds
[2024-12-13T11:59:04.940+0000] {processor.py:186} INFO - Started process (PID=120) to work on /opt/bitnami/airflow/venv/lib/python3.12/site-packages/airflow/example_dags/example_params_ui_tutorial.py
[2024-12-13T11:59:04.943+0000] {processor.py:914} INFO - Processing file /opt/bitnami/airflow/venv/lib/python3.12/site-packages/airflow/example_dags/example_params_ui_tutorial.py for tasks to queue
[2024-12-13T11:59:04.947+0000] {logging_mixin.py:190} INFO - [2024-12-13T11:59:04.946+0000] {dagbag.py:588} INFO - Filling up the DagBag from /opt/bitnami/airflow/venv/lib/python3.12/site-packages/airflow/example_dags/example_params_ui_tutorial.py
[2024-12-13T11:59:04.962+0000] {processor.py:925} INFO - DAG(s) 'example_params_ui_tutorial' retrieved from /opt/bitnami/airflow/venv/lib/python3.12/site-packages/airflow/example_dags/example_params_ui_tutorial.py
[2024-12-13T11:59:05.039+0000] {logging_mixin.py:190} INFO - [2024-12-13T11:59:05.038+0000] {dag.py:3239} INFO - Sync 1 DAGs
[2024-12-13T11:59:05.060+0000] {logging_mixin.py:190} INFO - [2024-12-13T11:59:05.060+0000] {dag.py:4180} INFO - Setting next_dagrun for example_params_ui_tutorial to None, run_after=None
[2024-12-13T11:59:05.085+0000] {processor.py:208} INFO - Processing /opt/bitnami/airflow/venv/lib/python3.12/site-packages/airflow/example_dags/example_params_ui_tutorial.py took 0.153 seconds
[2024-12-13T11:59:35.524+0000] {processor.py:186} INFO - Started process (PID=177) to work on /opt/bitnami/airflow/venv/lib/python3.12/site-packages/airflow/example_dags/example_params_ui_tutorial.py
[2024-12-13T11:59:35.525+0000] {processor.py:914} INFO - Processing file /opt/bitnami/airflow/venv/lib/python3.12/site-packages/airflow/example_dags/example_params_ui_tutorial.py for tasks to queue
[2024-12-13T11:59:35.527+0000] {logging_mixin.py:190} INFO - [2024-12-13T11:59:35.527+0000] {dagbag.py:588} INFO - Filling up the DagBag from /opt/bitnami/airflow/venv/lib/python3.12/site-packages/airflow/example_dags/example_params_ui_tutorial.py
[2024-12-13T11:59:35.533+0000] {processor.py:925} INFO - DAG(s) 'example_params_ui_tutorial' retrieved from /opt/bitnami/airflow/venv/lib/python3.12/site-packages/airflow/example_dags/example_params_ui_tutorial.py
[2024-12-13T11:59:35.635+0000] {logging_mixin.py:190} INFO - [2024-12-13T11:59:35.634+0000] {dag.py:3239} INFO - Sync 1 DAGs
[2024-12-13T11:59:35.652+0000] {logging_mixin.py:190} INFO - [2024-12-13T11:59:35.651+0000] {dag.py:4180} INFO - Setting next_dagrun for example_params_ui_tutorial to None, run_after=None
[2024-12-13T11:59:35.677+0000] {processor.py:208} INFO - Processing /opt/bitnami/airflow/venv/lib/python3.12/site-packages/airflow/example_dags/example_params_ui_tutorial.py took 0.158 seconds
[2024-12-13T12:00:06.139+0000] {processor.py:186} INFO - Started process (PID=234) to work on /opt/bitnami/airflow/venv/lib/python3.12/site-packages/airflow/example_dags/example_params_ui_tutorial.py
[2024-12-13T12:00:06.140+0000] {processor.py:914} INFO - Processing file /opt/bitnami/airflow/venv/lib/python3.12/site-packages/airflow/example_dags/example_params_ui_tutorial.py for tasks to queue
[2024-12-13T12:00:06.142+0000] {logging_mixin.py:190} INFO - [2024-12-13T12:00:06.142+0000] {dagbag.py:588} INFO - Filling up the DagBag from /opt/bitnami/airflow/venv/lib/python3.12/site-packages/airflow/example_dags/example_params_ui_tutorial.py
[2024-12-13T12:00:06.148+0000] {processor.py:925} INFO - DAG(s) 'example_params_ui_tutorial' retrieved from /opt/bitnami/airflow/venv/lib/python3.12/site-packages/airflow/example_dags/example_params_ui_tutorial.py
[2024-12-13T12:00:06.198+0000] {logging_mixin.py:190} INFO - [2024-12-13T12:00:06.198+0000] {dag.py:3239} INFO - Sync 1 DAGs
[2024-12-13T12:00:06.216+0000] {logging_mixin.py:190} INFO - [2024-12-13T12:00:06.216+0000] {dag.py:4180} INFO - Setting next_dagrun for example_params_ui_tutorial to None, run_after=None
[2024-12-13T12:00:06.235+0000] {processor.py:208} INFO - Processing /opt/bitnami/airflow/venv/lib/python3.12/site-packages/airflow/example_dags/example_params_ui_tutorial.py took 0.101 seconds
[2024-12-13T12:00:36.261+0000] {processor.py:186} INFO - Started process (PID=292) to work on /opt/bitnami/airflow/venv/lib/python3.12/site-packages/airflow/example_dags/example_params_ui_tutorial.py
[2024-12-13T12:00:36.261+0000] {processor.py:914} INFO - Processing file /opt/bitnami/airflow/venv/lib/python3.12/site-packages/airflow/example_dags/example_params_ui_tutorial.py for tasks to queue
[2024-12-13T12:00:36.263+0000] {logging_mixin.py:190} INFO - [2024-12-13T12:00:36.263+0000] {dagbag.py:588} INFO - Filling up the DagBag from /opt/bitnami/airflow/venv/lib/python3.12/site-packages/airflow/example_dags/example_params_ui_tutorial.py
[2024-12-13T12:00:36.269+0000] {processor.py:925} INFO - DAG(s) 'example_params_ui_tutorial' retrieved from /opt/bitnami/airflow/venv/lib/python3.12/site-packages/airflow/example_dags/example_params_ui_tutorial.py
[2024-12-13T12:00:36.314+0000] {logging_mixin.py:190} INFO - [2024-12-13T12:00:36.314+0000] {dag.py:3239} INFO - Sync 1 DAGs
[2024-12-13T12:00:36.331+0000] {logging_mixin.py:190} INFO - [2024-12-13T12:00:36.330+0000] {dag.py:4180} INFO - Setting next_dagrun for example_params_ui_tutorial to None, run_after=None
[2024-12-13T12:00:36.350+0000] {processor.py:208} INFO - Processing /opt/bitnami/airflow/venv/lib/python3.12/site-packages/airflow/example_dags/example_params_ui_tutorial.py took 0.094 seconds
[2024-12-13T12:01:06.948+0000] {processor.py:186} INFO - Started process (PID=348) to work on /opt/bitnami/airflow/venv/lib/python3.12/site-packages/airflow/example_dags/example_params_ui_tutorial.py
[2024-12-13T12:01:06.949+0000] {processor.py:914} INFO - Processing file /opt/bitnami/airflow/venv/lib/python3.12/site-packages/airflow/example_dags/example_params_ui_tutorial.py for tasks to queue
[2024-12-13T12:01:06.951+0000] {logging_mixin.py:190} INFO - [2024-12-13T12:01:06.950+0000] {dagbag.py:588} INFO - Filling up the DagBag from /opt/bitnami/airflow/venv/lib/python3.12/site-packages/airflow/example_dags/example_params_ui_tutorial.py
[2024-12-13T12:01:06.960+0000] {processor.py:925} INFO - DAG(s) 'example_params_ui_tutorial' retrieved from /opt/bitnami/airflow/venv/lib/python3.12/site-packages/airflow/example_dags/example_params_ui_tutorial.py
[2024-12-13T12:01:07.013+0000] {logging_mixin.py:190} INFO - [2024-12-13T12:01:07.013+0000] {dag.py:3239} INFO - Sync 1 DAGs
[2024-12-13T12:01:07.032+0000] {logging_mixin.py:190} INFO - [2024-12-13T12:01:07.032+0000] {dag.py:4180} INFO - Setting next_dagrun for example_params_ui_tutorial to None, run_after=None
[2024-12-13T12:01:07.053+0000] {processor.py:208} INFO - Processing /opt/bitnami/airflow/venv/lib/python3.12/site-packages/airflow/example_dags/example_params_ui_tutorial.py took 0.110 seconds
[2024-12-13T12:01:37.790+0000] {processor.py:186} INFO - Started process (PID=405) to work on /opt/bitnami/airflow/venv/lib/python3.12/site-packages/airflow/example_dags/example_params_ui_tutorial.py
[2024-12-13T12:01:37.791+0000] {processor.py:914} INFO - Processing file /opt/bitnami/airflow/venv/lib/python3.12/site-packages/airflow/example_dags/example_params_ui_tutorial.py for tasks to queue
[2024-12-13T12:01:37.794+0000] {logging_mixin.py:190} INFO - [2024-12-13T12:01:37.793+0000] {dagbag.py:588} INFO - Filling up the DagBag from /opt/bitnami/airflow/venv/lib/python3.12/site-packages/airflow/example_dags/example_params_ui_tutorial.py
[2024-12-13T12:01:37.800+0000] {processor.py:925} INFO - DAG(s) 'example_params_ui_tutorial' retrieved from /opt/bitnami/airflow/venv/lib/python3.12/site-packages/airflow/example_dags/example_params_ui_tutorial.py
[2024-12-13T12:01:37.856+0000] {logging_mixin.py:190} INFO - [2024-12-13T12:01:37.856+0000] {dag.py:3239} INFO - Sync 1 DAGs
[2024-12-13T12:01:37.877+0000] {logging_mixin.py:190} INFO - [2024-12-13T12:01:37.877+0000] {dag.py:4180} INFO - Setting next_dagrun for example_params_ui_tutorial to None, run_after=None
[2024-12-13T12:01:37.901+0000] {processor.py:208} INFO - Processing /opt/bitnami/airflow/venv/lib/python3.12/site-packages/airflow/example_dags/example_params_ui_tutorial.py took 0.115 seconds
[2024-12-13T12:02:09.147+0000] {processor.py:186} INFO - Started process (PID=462) to work on /opt/bitnami/airflow/venv/lib/python3.12/site-packages/airflow/example_dags/example_params_ui_tutorial.py
[2024-12-13T12:02:09.150+0000] {processor.py:914} INFO - Processing file /opt/bitnami/airflow/venv/lib/python3.12/site-packages/airflow/example_dags/example_params_ui_tutorial.py for tasks to queue
[2024-12-13T12:02:09.153+0000] {logging_mixin.py:190} INFO - [2024-12-13T12:02:09.152+0000] {dagbag.py:588} INFO - Filling up the DagBag from /opt/bitnami/airflow/venv/lib/python3.12/site-packages/airflow/example_dags/example_params_ui_tutorial.py
[2024-12-13T12:02:09.166+0000] {processor.py:925} INFO - DAG(s) 'example_params_ui_tutorial' retrieved from /opt/bitnami/airflow/venv/lib/python3.12/site-packages/airflow/example_dags/example_params_ui_tutorial.py
[2024-12-13T12:02:09.261+0000] {logging_mixin.py:190} INFO - [2024-12-13T12:02:09.261+0000] {dag.py:3239} INFO - Sync 1 DAGs
[2024-12-13T12:02:09.293+0000] {logging_mixin.py:190} INFO - [2024-12-13T12:02:09.292+0000] {dag.py:4180} INFO - Setting next_dagrun for example_params_ui_tutorial to None, run_after=None
[2024-12-13T12:02:09.332+0000] {processor.py:208} INFO - Processing /opt/bitnami/airflow/venv/lib/python3.12/site-packages/airflow/example_dags/example_params_ui_tutorial.py took 0.194 seconds
