[2024-12-13T08:19:44.941+0000] {processor.py:186} INFO - Started process (PID=70) to work on /opt/bitnami/airflow/venv/lib/python3.12/site-packages/airflow/example_dags/example_kubernetes_executor.py
[2024-12-13T08:19:44.942+0000] {processor.py:914} INFO - Processing file /opt/bitnami/airflow/venv/lib/python3.12/site-packages/airflow/example_dags/example_kubernetes_executor.py for tasks to queue
[2024-12-13T08:19:44.944+0000] {logging_mixin.py:190} INFO - [2024-12-13T08:19:44.943+0000] {dagbag.py:588} INFO - Filling up the DagBag from /opt/bitnami/airflow/venv/lib/python3.12/site-packages/airflow/example_dags/example_kubernetes_executor.py
[2024-12-13T08:19:44.953+0000] {processor.py:925} INFO - DAG(s) 'example_kubernetes_executor' retrieved from /opt/bitnami/airflow/venv/lib/python3.12/site-packages/airflow/example_dags/example_kubernetes_executor.py
[2024-12-13T08:19:45.002+0000] {logging_mixin.py:190} INFO - [2024-12-13T08:19:45.001+0000] {dag.py:3239} INFO - Sync 1 DAGs
[2024-12-13T08:19:45.025+0000] {logging_mixin.py:190} INFO - [2024-12-13T08:19:45.025+0000] {dag.py:4180} INFO - Setting next_dagrun for example_kubernetes_executor to None, run_after=None
[2024-12-13T08:19:45.051+0000] {processor.py:208} INFO - Processing /opt/bitnami/airflow/venv/lib/python3.12/site-packages/airflow/example_dags/example_kubernetes_executor.py took 0.114 seconds
[2024-12-13T08:20:15.351+0000] {processor.py:186} INFO - Started process (PID=127) to work on /opt/bitnami/airflow/venv/lib/python3.12/site-packages/airflow/example_dags/example_kubernetes_executor.py
[2024-12-13T08:20:15.352+0000] {processor.py:914} INFO - Processing file /opt/bitnami/airflow/venv/lib/python3.12/site-packages/airflow/example_dags/example_kubernetes_executor.py for tasks to queue
[2024-12-13T08:20:15.354+0000] {logging_mixin.py:190} INFO - [2024-12-13T08:20:15.354+0000] {dagbag.py:588} INFO - Filling up the DagBag from /opt/bitnami/airflow/venv/lib/python3.12/site-packages/airflow/example_dags/example_kubernetes_executor.py
[2024-12-13T08:20:15.364+0000] {processor.py:925} INFO - DAG(s) 'example_kubernetes_executor' retrieved from /opt/bitnami/airflow/venv/lib/python3.12/site-packages/airflow/example_dags/example_kubernetes_executor.py
[2024-12-13T08:20:15.406+0000] {logging_mixin.py:190} INFO - [2024-12-13T08:20:15.405+0000] {dag.py:3239} INFO - Sync 1 DAGs
[2024-12-13T08:20:15.425+0000] {logging_mixin.py:190} INFO - [2024-12-13T08:20:15.425+0000] {dag.py:4180} INFO - Setting next_dagrun for example_kubernetes_executor to None, run_after=None
[2024-12-13T08:20:15.446+0000] {processor.py:208} INFO - Processing /opt/bitnami/airflow/venv/lib/python3.12/site-packages/airflow/example_dags/example_kubernetes_executor.py took 0.100 seconds
[2024-12-13T08:20:45.844+0000] {processor.py:186} INFO - Started process (PID=184) to work on /opt/bitnami/airflow/venv/lib/python3.12/site-packages/airflow/example_dags/example_kubernetes_executor.py
[2024-12-13T08:20:45.847+0000] {processor.py:914} INFO - Processing file /opt/bitnami/airflow/venv/lib/python3.12/site-packages/airflow/example_dags/example_kubernetes_executor.py for tasks to queue
[2024-12-13T08:20:45.850+0000] {logging_mixin.py:190} INFO - [2024-12-13T08:20:45.850+0000] {dagbag.py:588} INFO - Filling up the DagBag from /opt/bitnami/airflow/venv/lib/python3.12/site-packages/airflow/example_dags/example_kubernetes_executor.py
[2024-12-13T08:20:45.866+0000] {processor.py:925} INFO - DAG(s) 'example_kubernetes_executor' retrieved from /opt/bitnami/airflow/venv/lib/python3.12/site-packages/airflow/example_dags/example_kubernetes_executor.py
[2024-12-13T08:20:45.935+0000] {logging_mixin.py:190} INFO - [2024-12-13T08:20:45.934+0000] {dag.py:3239} INFO - Sync 1 DAGs
[2024-12-13T08:20:45.967+0000] {logging_mixin.py:190} INFO - [2024-12-13T08:20:45.966+0000] {dag.py:4180} INFO - Setting next_dagrun for example_kubernetes_executor to None, run_after=None
[2024-12-13T08:20:46.007+0000] {processor.py:208} INFO - Processing /opt/bitnami/airflow/venv/lib/python3.12/site-packages/airflow/example_dags/example_kubernetes_executor.py took 0.170 seconds
[2024-12-13T08:21:16.631+0000] {processor.py:186} INFO - Started process (PID=241) to work on /opt/bitnami/airflow/venv/lib/python3.12/site-packages/airflow/example_dags/example_kubernetes_executor.py
[2024-12-13T08:21:16.632+0000] {processor.py:914} INFO - Processing file /opt/bitnami/airflow/venv/lib/python3.12/site-packages/airflow/example_dags/example_kubernetes_executor.py for tasks to queue
[2024-12-13T08:21:16.633+0000] {logging_mixin.py:190} INFO - [2024-12-13T08:21:16.633+0000] {dagbag.py:588} INFO - Filling up the DagBag from /opt/bitnami/airflow/venv/lib/python3.12/site-packages/airflow/example_dags/example_kubernetes_executor.py
[2024-12-13T08:21:16.643+0000] {processor.py:925} INFO - DAG(s) 'example_kubernetes_executor' retrieved from /opt/bitnami/airflow/venv/lib/python3.12/site-packages/airflow/example_dags/example_kubernetes_executor.py
[2024-12-13T08:21:16.722+0000] {logging_mixin.py:190} INFO - [2024-12-13T08:21:16.722+0000] {dag.py:3239} INFO - Sync 1 DAGs
[2024-12-13T08:21:16.735+0000] {logging_mixin.py:190} INFO - [2024-12-13T08:21:16.735+0000] {dag.py:4180} INFO - Setting next_dagrun for example_kubernetes_executor to None, run_after=None
[2024-12-13T08:21:16.753+0000] {processor.py:208} INFO - Processing /opt/bitnami/airflow/venv/lib/python3.12/site-packages/airflow/example_dags/example_kubernetes_executor.py took 0.127 seconds
[2024-12-13T08:21:47.729+0000] {processor.py:186} INFO - Started process (PID=298) to work on /opt/bitnami/airflow/venv/lib/python3.12/site-packages/airflow/example_dags/example_kubernetes_executor.py
[2024-12-13T08:21:47.730+0000] {processor.py:914} INFO - Processing file /opt/bitnami/airflow/venv/lib/python3.12/site-packages/airflow/example_dags/example_kubernetes_executor.py for tasks to queue
[2024-12-13T08:21:47.732+0000] {logging_mixin.py:190} INFO - [2024-12-13T08:21:47.732+0000] {dagbag.py:588} INFO - Filling up the DagBag from /opt/bitnami/airflow/venv/lib/python3.12/site-packages/airflow/example_dags/example_kubernetes_executor.py
[2024-12-13T08:21:47.741+0000] {processor.py:925} INFO - DAG(s) 'example_kubernetes_executor' retrieved from /opt/bitnami/airflow/venv/lib/python3.12/site-packages/airflow/example_dags/example_kubernetes_executor.py
[2024-12-13T08:21:47.782+0000] {logging_mixin.py:190} INFO - [2024-12-13T08:21:47.781+0000] {dag.py:3239} INFO - Sync 1 DAGs
[2024-12-13T08:21:47.802+0000] {logging_mixin.py:190} INFO - [2024-12-13T08:21:47.801+0000] {dag.py:4180} INFO - Setting next_dagrun for example_kubernetes_executor to None, run_after=None
[2024-12-13T08:21:47.820+0000] {processor.py:208} INFO - Processing /opt/bitnami/airflow/venv/lib/python3.12/site-packages/airflow/example_dags/example_kubernetes_executor.py took 0.095 seconds
[2024-12-13T08:22:17.982+0000] {processor.py:186} INFO - Started process (PID=355) to work on /opt/bitnami/airflow/venv/lib/python3.12/site-packages/airflow/example_dags/example_kubernetes_executor.py
[2024-12-13T08:22:17.983+0000] {processor.py:914} INFO - Processing file /opt/bitnami/airflow/venv/lib/python3.12/site-packages/airflow/example_dags/example_kubernetes_executor.py for tasks to queue
[2024-12-13T08:22:17.985+0000] {logging_mixin.py:190} INFO - [2024-12-13T08:22:17.985+0000] {dagbag.py:588} INFO - Filling up the DagBag from /opt/bitnami/airflow/venv/lib/python3.12/site-packages/airflow/example_dags/example_kubernetes_executor.py
[2024-12-13T08:22:17.996+0000] {processor.py:925} INFO - DAG(s) 'example_kubernetes_executor' retrieved from /opt/bitnami/airflow/venv/lib/python3.12/site-packages/airflow/example_dags/example_kubernetes_executor.py
[2024-12-13T08:22:18.051+0000] {logging_mixin.py:190} INFO - [2024-12-13T08:22:18.050+0000] {dag.py:3239} INFO - Sync 1 DAGs
[2024-12-13T08:22:18.085+0000] {logging_mixin.py:190} INFO - [2024-12-13T08:22:18.085+0000] {dag.py:4180} INFO - Setting next_dagrun for example_kubernetes_executor to None, run_after=None
[2024-12-13T08:22:18.111+0000] {processor.py:208} INFO - Processing /opt/bitnami/airflow/venv/lib/python3.12/site-packages/airflow/example_dags/example_kubernetes_executor.py took 0.133 seconds
[2024-12-13T08:22:48.801+0000] {processor.py:186} INFO - Started process (PID=412) to work on /opt/bitnami/airflow/venv/lib/python3.12/site-packages/airflow/example_dags/example_kubernetes_executor.py
[2024-12-13T08:22:48.802+0000] {processor.py:914} INFO - Processing file /opt/bitnami/airflow/venv/lib/python3.12/site-packages/airflow/example_dags/example_kubernetes_executor.py for tasks to queue
[2024-12-13T08:22:48.804+0000] {logging_mixin.py:190} INFO - [2024-12-13T08:22:48.804+0000] {dagbag.py:588} INFO - Filling up the DagBag from /opt/bitnami/airflow/venv/lib/python3.12/site-packages/airflow/example_dags/example_kubernetes_executor.py
[2024-12-13T08:22:48.814+0000] {processor.py:925} INFO - DAG(s) 'example_kubernetes_executor' retrieved from /opt/bitnami/airflow/venv/lib/python3.12/site-packages/airflow/example_dags/example_kubernetes_executor.py
[2024-12-13T08:22:48.855+0000] {logging_mixin.py:190} INFO - [2024-12-13T08:22:48.854+0000] {dag.py:3239} INFO - Sync 1 DAGs
[2024-12-13T08:22:48.871+0000] {logging_mixin.py:190} INFO - [2024-12-13T08:22:48.871+0000] {dag.py:4180} INFO - Setting next_dagrun for example_kubernetes_executor to None, run_after=None
[2024-12-13T08:22:48.891+0000] {processor.py:208} INFO - Processing /opt/bitnami/airflow/venv/lib/python3.12/site-packages/airflow/example_dags/example_kubernetes_executor.py took 0.094 seconds
[2024-12-13T08:25:45.946+0000] {processor.py:186} INFO - Started process (PID=70) to work on /opt/bitnami/airflow/venv/lib/python3.12/site-packages/airflow/example_dags/example_kubernetes_executor.py
[2024-12-13T08:25:45.947+0000] {processor.py:914} INFO - Processing file /opt/bitnami/airflow/venv/lib/python3.12/site-packages/airflow/example_dags/example_kubernetes_executor.py for tasks to queue
[2024-12-13T08:25:45.949+0000] {logging_mixin.py:190} INFO - [2024-12-13T08:25:45.949+0000] {dagbag.py:588} INFO - Filling up the DagBag from /opt/bitnami/airflow/venv/lib/python3.12/site-packages/airflow/example_dags/example_kubernetes_executor.py
[2024-12-13T08:25:45.958+0000] {processor.py:925} INFO - DAG(s) 'example_kubernetes_executor' retrieved from /opt/bitnami/airflow/venv/lib/python3.12/site-packages/airflow/example_dags/example_kubernetes_executor.py
[2024-12-13T08:25:46.005+0000] {logging_mixin.py:190} INFO - [2024-12-13T08:25:46.005+0000] {dag.py:3239} INFO - Sync 1 DAGs
[2024-12-13T08:25:46.036+0000] {logging_mixin.py:190} INFO - [2024-12-13T08:25:46.036+0000] {dag.py:4180} INFO - Setting next_dagrun for example_kubernetes_executor to None, run_after=None
[2024-12-13T08:25:46.060+0000] {processor.py:208} INFO - Processing /opt/bitnami/airflow/venv/lib/python3.12/site-packages/airflow/example_dags/example_kubernetes_executor.py took 0.118 seconds
[2024-12-13T08:26:16.477+0000] {processor.py:186} INFO - Started process (PID=127) to work on /opt/bitnami/airflow/venv/lib/python3.12/site-packages/airflow/example_dags/example_kubernetes_executor.py
[2024-12-13T08:26:16.478+0000] {processor.py:914} INFO - Processing file /opt/bitnami/airflow/venv/lib/python3.12/site-packages/airflow/example_dags/example_kubernetes_executor.py for tasks to queue
[2024-12-13T08:26:16.480+0000] {logging_mixin.py:190} INFO - [2024-12-13T08:26:16.479+0000] {dagbag.py:588} INFO - Filling up the DagBag from /opt/bitnami/airflow/venv/lib/python3.12/site-packages/airflow/example_dags/example_kubernetes_executor.py
[2024-12-13T08:26:16.488+0000] {processor.py:925} INFO - DAG(s) 'example_kubernetes_executor' retrieved from /opt/bitnami/airflow/venv/lib/python3.12/site-packages/airflow/example_dags/example_kubernetes_executor.py
[2024-12-13T08:26:16.529+0000] {logging_mixin.py:190} INFO - [2024-12-13T08:26:16.528+0000] {dag.py:3239} INFO - Sync 1 DAGs
[2024-12-13T08:26:16.546+0000] {logging_mixin.py:190} INFO - [2024-12-13T08:26:16.545+0000] {dag.py:4180} INFO - Setting next_dagrun for example_kubernetes_executor to None, run_after=None
[2024-12-13T08:26:16.562+0000] {processor.py:208} INFO - Processing /opt/bitnami/airflow/venv/lib/python3.12/site-packages/airflow/example_dags/example_kubernetes_executor.py took 0.090 seconds
[2024-12-13T08:26:48.528+0000] {processor.py:186} INFO - Started process (PID=184) to work on /opt/bitnami/airflow/venv/lib/python3.12/site-packages/airflow/example_dags/example_kubernetes_executor.py
[2024-12-13T08:26:48.529+0000] {processor.py:914} INFO - Processing file /opt/bitnami/airflow/venv/lib/python3.12/site-packages/airflow/example_dags/example_kubernetes_executor.py for tasks to queue
[2024-12-13T08:26:48.531+0000] {logging_mixin.py:190} INFO - [2024-12-13T08:26:48.531+0000] {dagbag.py:588} INFO - Filling up the DagBag from /opt/bitnami/airflow/venv/lib/python3.12/site-packages/airflow/example_dags/example_kubernetes_executor.py
[2024-12-13T08:26:48.541+0000] {processor.py:925} INFO - DAG(s) 'example_kubernetes_executor' retrieved from /opt/bitnami/airflow/venv/lib/python3.12/site-packages/airflow/example_dags/example_kubernetes_executor.py
[2024-12-13T08:26:48.625+0000] {logging_mixin.py:190} INFO - [2024-12-13T08:26:48.625+0000] {dag.py:3239} INFO - Sync 1 DAGs
[2024-12-13T08:26:48.644+0000] {logging_mixin.py:190} INFO - [2024-12-13T08:26:48.644+0000] {dag.py:4180} INFO - Setting next_dagrun for example_kubernetes_executor to None, run_after=None
[2024-12-13T08:26:48.668+0000] {processor.py:208} INFO - Processing /opt/bitnami/airflow/venv/lib/python3.12/site-packages/airflow/example_dags/example_kubernetes_executor.py took 0.145 seconds
[2024-12-13T08:27:19.412+0000] {processor.py:186} INFO - Started process (PID=241) to work on /opt/bitnami/airflow/venv/lib/python3.12/site-packages/airflow/example_dags/example_kubernetes_executor.py
[2024-12-13T08:27:19.413+0000] {processor.py:914} INFO - Processing file /opt/bitnami/airflow/venv/lib/python3.12/site-packages/airflow/example_dags/example_kubernetes_executor.py for tasks to queue
[2024-12-13T08:27:19.415+0000] {logging_mixin.py:190} INFO - [2024-12-13T08:27:19.415+0000] {dagbag.py:588} INFO - Filling up the DagBag from /opt/bitnami/airflow/venv/lib/python3.12/site-packages/airflow/example_dags/example_kubernetes_executor.py
[2024-12-13T08:27:19.424+0000] {processor.py:925} INFO - DAG(s) 'example_kubernetes_executor' retrieved from /opt/bitnami/airflow/venv/lib/python3.12/site-packages/airflow/example_dags/example_kubernetes_executor.py
[2024-12-13T08:27:19.464+0000] {logging_mixin.py:190} INFO - [2024-12-13T08:27:19.464+0000] {dag.py:3239} INFO - Sync 1 DAGs
[2024-12-13T08:27:19.478+0000] {logging_mixin.py:190} INFO - [2024-12-13T08:27:19.478+0000] {dag.py:4180} INFO - Setting next_dagrun for example_kubernetes_executor to None, run_after=None
[2024-12-13T08:27:19.496+0000] {processor.py:208} INFO - Processing /opt/bitnami/airflow/venv/lib/python3.12/site-packages/airflow/example_dags/example_kubernetes_executor.py took 0.088 seconds
[2024-12-13T10:42:39.607+0000] {processor.py:186} INFO - Started process (PID=70) to work on /opt/bitnami/airflow/venv/lib/python3.12/site-packages/airflow/example_dags/example_kubernetes_executor.py
[2024-12-13T10:42:39.609+0000] {processor.py:914} INFO - Processing file /opt/bitnami/airflow/venv/lib/python3.12/site-packages/airflow/example_dags/example_kubernetes_executor.py for tasks to queue
[2024-12-13T10:42:39.611+0000] {logging_mixin.py:190} INFO - [2024-12-13T10:42:39.611+0000] {dagbag.py:588} INFO - Filling up the DagBag from /opt/bitnami/airflow/venv/lib/python3.12/site-packages/airflow/example_dags/example_kubernetes_executor.py
[2024-12-13T10:42:39.621+0000] {processor.py:925} INFO - DAG(s) 'example_kubernetes_executor' retrieved from /opt/bitnami/airflow/venv/lib/python3.12/site-packages/airflow/example_dags/example_kubernetes_executor.py
[2024-12-13T10:42:39.788+0000] {logging_mixin.py:190} INFO - [2024-12-13T10:42:39.787+0000] {override.py:1900} INFO - Created Permission View: can read on DAG:example_kubernetes_executor
[2024-12-13T10:42:39.807+0000] {logging_mixin.py:190} INFO - [2024-12-13T10:42:39.807+0000] {override.py:1900} INFO - Created Permission View: can delete on DAG:example_kubernetes_executor
[2024-12-13T10:42:39.816+0000] {logging_mixin.py:190} INFO - [2024-12-13T10:42:39.816+0000] {override.py:1900} INFO - Created Permission View: can edit on DAG:example_kubernetes_executor
[2024-12-13T10:42:39.830+0000] {logging_mixin.py:190} INFO - [2024-12-13T10:42:39.830+0000] {override.py:1900} INFO - Created Permission View: can delete on DAG Run:example_kubernetes_executor
[2024-12-13T10:42:39.839+0000] {logging_mixin.py:190} INFO - [2024-12-13T10:42:39.839+0000] {override.py:1900} INFO - Created Permission View: can read on DAG Run:example_kubernetes_executor
[2024-12-13T10:42:39.847+0000] {logging_mixin.py:190} INFO - [2024-12-13T10:42:39.847+0000] {override.py:1900} INFO - Created Permission View: can create on DAG Run:example_kubernetes_executor
[2024-12-13T10:42:39.854+0000] {logging_mixin.py:190} INFO - [2024-12-13T10:42:39.854+0000] {override.py:1900} INFO - Created Permission View: menu access on DAG Run:example_kubernetes_executor
[2024-12-13T10:42:39.855+0000] {logging_mixin.py:190} INFO - [2024-12-13T10:42:39.855+0000] {dag.py:3239} INFO - Sync 1 DAGs
[2024-12-13T10:42:39.915+0000] {logging_mixin.py:190} INFO - [2024-12-13T10:42:39.915+0000] {dag.py:3262} INFO - Creating ORM DAG for example_kubernetes_executor
[2024-12-13T10:42:39.917+0000] {logging_mixin.py:190} INFO - [2024-12-13T10:42:39.916+0000] {dag.py:4180} INFO - Setting next_dagrun for example_kubernetes_executor to None, run_after=None
[2024-12-13T10:42:39.971+0000] {processor.py:208} INFO - Processing /opt/bitnami/airflow/venv/lib/python3.12/site-packages/airflow/example_dags/example_kubernetes_executor.py took 0.368 seconds
[2024-12-13T10:43:10.521+0000] {processor.py:186} INFO - Started process (PID=127) to work on /opt/bitnami/airflow/venv/lib/python3.12/site-packages/airflow/example_dags/example_kubernetes_executor.py
[2024-12-13T10:43:10.522+0000] {processor.py:914} INFO - Processing file /opt/bitnami/airflow/venv/lib/python3.12/site-packages/airflow/example_dags/example_kubernetes_executor.py for tasks to queue
[2024-12-13T10:43:10.526+0000] {logging_mixin.py:190} INFO - [2024-12-13T10:43:10.525+0000] {dagbag.py:588} INFO - Filling up the DagBag from /opt/bitnami/airflow/venv/lib/python3.12/site-packages/airflow/example_dags/example_kubernetes_executor.py
[2024-12-13T10:43:10.536+0000] {processor.py:925} INFO - DAG(s) 'example_kubernetes_executor' retrieved from /opt/bitnami/airflow/venv/lib/python3.12/site-packages/airflow/example_dags/example_kubernetes_executor.py
[2024-12-13T10:43:10.629+0000] {logging_mixin.py:190} INFO - [2024-12-13T10:43:10.628+0000] {dag.py:3239} INFO - Sync 1 DAGs
[2024-12-13T10:43:10.667+0000] {logging_mixin.py:190} INFO - [2024-12-13T10:43:10.666+0000] {dag.py:4180} INFO - Setting next_dagrun for example_kubernetes_executor to None, run_after=None
[2024-12-13T10:43:10.702+0000] {processor.py:208} INFO - Processing /opt/bitnami/airflow/venv/lib/python3.12/site-packages/airflow/example_dags/example_kubernetes_executor.py took 0.187 seconds
[2024-12-13T10:43:41.433+0000] {processor.py:186} INFO - Started process (PID=184) to work on /opt/bitnami/airflow/venv/lib/python3.12/site-packages/airflow/example_dags/example_kubernetes_executor.py
[2024-12-13T10:43:41.435+0000] {processor.py:914} INFO - Processing file /opt/bitnami/airflow/venv/lib/python3.12/site-packages/airflow/example_dags/example_kubernetes_executor.py for tasks to queue
[2024-12-13T10:43:41.437+0000] {logging_mixin.py:190} INFO - [2024-12-13T10:43:41.437+0000] {dagbag.py:588} INFO - Filling up the DagBag from /opt/bitnami/airflow/venv/lib/python3.12/site-packages/airflow/example_dags/example_kubernetes_executor.py
[2024-12-13T10:43:41.447+0000] {processor.py:925} INFO - DAG(s) 'example_kubernetes_executor' retrieved from /opt/bitnami/airflow/venv/lib/python3.12/site-packages/airflow/example_dags/example_kubernetes_executor.py
[2024-12-13T10:43:41.622+0000] {logging_mixin.py:190} INFO - [2024-12-13T10:43:41.621+0000] {dag.py:3239} INFO - Sync 1 DAGs
[2024-12-13T10:43:41.660+0000] {logging_mixin.py:190} INFO - [2024-12-13T10:43:41.660+0000] {dag.py:4180} INFO - Setting next_dagrun for example_kubernetes_executor to None, run_after=None
[2024-12-13T10:43:41.715+0000] {processor.py:208} INFO - Processing /opt/bitnami/airflow/venv/lib/python3.12/site-packages/airflow/example_dags/example_kubernetes_executor.py took 0.289 seconds
[2024-12-13T10:44:12.194+0000] {processor.py:186} INFO - Started process (PID=241) to work on /opt/bitnami/airflow/venv/lib/python3.12/site-packages/airflow/example_dags/example_kubernetes_executor.py
[2024-12-13T10:44:12.196+0000] {processor.py:914} INFO - Processing file /opt/bitnami/airflow/venv/lib/python3.12/site-packages/airflow/example_dags/example_kubernetes_executor.py for tasks to queue
[2024-12-13T10:44:12.198+0000] {logging_mixin.py:190} INFO - [2024-12-13T10:44:12.198+0000] {dagbag.py:588} INFO - Filling up the DagBag from /opt/bitnami/airflow/venv/lib/python3.12/site-packages/airflow/example_dags/example_kubernetes_executor.py
[2024-12-13T10:44:12.212+0000] {processor.py:925} INFO - DAG(s) 'example_kubernetes_executor' retrieved from /opt/bitnami/airflow/venv/lib/python3.12/site-packages/airflow/example_dags/example_kubernetes_executor.py
[2024-12-13T10:44:12.276+0000] {logging_mixin.py:190} INFO - [2024-12-13T10:44:12.275+0000] {dag.py:3239} INFO - Sync 1 DAGs
[2024-12-13T10:44:12.307+0000] {logging_mixin.py:190} INFO - [2024-12-13T10:44:12.307+0000] {dag.py:4180} INFO - Setting next_dagrun for example_kubernetes_executor to None, run_after=None
[2024-12-13T10:44:12.335+0000] {processor.py:208} INFO - Processing /opt/bitnami/airflow/venv/lib/python3.12/site-packages/airflow/example_dags/example_kubernetes_executor.py took 0.147 seconds
[2024-12-13T10:44:42.973+0000] {processor.py:186} INFO - Started process (PID=298) to work on /opt/bitnami/airflow/venv/lib/python3.12/site-packages/airflow/example_dags/example_kubernetes_executor.py
[2024-12-13T10:44:42.975+0000] {processor.py:914} INFO - Processing file /opt/bitnami/airflow/venv/lib/python3.12/site-packages/airflow/example_dags/example_kubernetes_executor.py for tasks to queue
[2024-12-13T10:44:42.977+0000] {logging_mixin.py:190} INFO - [2024-12-13T10:44:42.977+0000] {dagbag.py:588} INFO - Filling up the DagBag from /opt/bitnami/airflow/venv/lib/python3.12/site-packages/airflow/example_dags/example_kubernetes_executor.py
[2024-12-13T10:44:42.990+0000] {processor.py:925} INFO - DAG(s) 'example_kubernetes_executor' retrieved from /opt/bitnami/airflow/venv/lib/python3.12/site-packages/airflow/example_dags/example_kubernetes_executor.py
[2024-12-13T10:44:43.040+0000] {logging_mixin.py:190} INFO - [2024-12-13T10:44:43.039+0000] {dag.py:3239} INFO - Sync 1 DAGs
[2024-12-13T10:44:43.060+0000] {logging_mixin.py:190} INFO - [2024-12-13T10:44:43.060+0000] {dag.py:4180} INFO - Setting next_dagrun for example_kubernetes_executor to None, run_after=None
[2024-12-13T10:44:43.087+0000] {processor.py:208} INFO - Processing /opt/bitnami/airflow/venv/lib/python3.12/site-packages/airflow/example_dags/example_kubernetes_executor.py took 0.120 seconds
[2024-12-13T10:52:11.710+0000] {processor.py:186} INFO - Started process (PID=70) to work on /opt/bitnami/airflow/venv/lib/python3.12/site-packages/airflow/example_dags/example_kubernetes_executor.py
[2024-12-13T10:52:11.711+0000] {processor.py:914} INFO - Processing file /opt/bitnami/airflow/venv/lib/python3.12/site-packages/airflow/example_dags/example_kubernetes_executor.py for tasks to queue
[2024-12-13T10:52:11.714+0000] {logging_mixin.py:190} INFO - [2024-12-13T10:52:11.713+0000] {dagbag.py:588} INFO - Filling up the DagBag from /opt/bitnami/airflow/venv/lib/python3.12/site-packages/airflow/example_dags/example_kubernetes_executor.py
[2024-12-13T10:52:11.724+0000] {processor.py:925} INFO - DAG(s) 'example_kubernetes_executor' retrieved from /opt/bitnami/airflow/venv/lib/python3.12/site-packages/airflow/example_dags/example_kubernetes_executor.py
[2024-12-13T10:52:11.857+0000] {logging_mixin.py:190} INFO - [2024-12-13T10:52:11.856+0000] {override.py:1900} INFO - Created Permission View: can read on DAG:example_kubernetes_executor
[2024-12-13T10:52:11.871+0000] {logging_mixin.py:190} INFO - [2024-12-13T10:52:11.871+0000] {override.py:1900} INFO - Created Permission View: can delete on DAG:example_kubernetes_executor
[2024-12-13T10:52:11.878+0000] {logging_mixin.py:190} INFO - [2024-12-13T10:52:11.878+0000] {override.py:1900} INFO - Created Permission View: can edit on DAG:example_kubernetes_executor
[2024-12-13T10:52:11.888+0000] {logging_mixin.py:190} INFO - [2024-12-13T10:52:11.887+0000] {override.py:1900} INFO - Created Permission View: menu access on DAG Run:example_kubernetes_executor
[2024-12-13T10:52:11.894+0000] {logging_mixin.py:190} INFO - [2024-12-13T10:52:11.894+0000] {override.py:1900} INFO - Created Permission View: can read on DAG Run:example_kubernetes_executor
[2024-12-13T10:52:11.900+0000] {logging_mixin.py:190} INFO - [2024-12-13T10:52:11.900+0000] {override.py:1900} INFO - Created Permission View: can delete on DAG Run:example_kubernetes_executor
[2024-12-13T10:52:11.906+0000] {logging_mixin.py:190} INFO - [2024-12-13T10:52:11.906+0000] {override.py:1900} INFO - Created Permission View: can create on DAG Run:example_kubernetes_executor
[2024-12-13T10:52:11.908+0000] {logging_mixin.py:190} INFO - [2024-12-13T10:52:11.907+0000] {dag.py:3239} INFO - Sync 1 DAGs
[2024-12-13T10:52:11.934+0000] {logging_mixin.py:190} INFO - [2024-12-13T10:52:11.934+0000] {dag.py:3262} INFO - Creating ORM DAG for example_kubernetes_executor
[2024-12-13T10:52:11.935+0000] {logging_mixin.py:190} INFO - [2024-12-13T10:52:11.934+0000] {dag.py:4180} INFO - Setting next_dagrun for example_kubernetes_executor to None, run_after=None
[2024-12-13T10:52:11.961+0000] {processor.py:208} INFO - Processing /opt/bitnami/airflow/venv/lib/python3.12/site-packages/airflow/example_dags/example_kubernetes_executor.py took 0.258 seconds
[2024-12-13T10:52:42.396+0000] {processor.py:186} INFO - Started process (PID=127) to work on /opt/bitnami/airflow/venv/lib/python3.12/site-packages/airflow/example_dags/example_kubernetes_executor.py
[2024-12-13T10:52:42.397+0000] {processor.py:914} INFO - Processing file /opt/bitnami/airflow/venv/lib/python3.12/site-packages/airflow/example_dags/example_kubernetes_executor.py for tasks to queue
[2024-12-13T10:52:42.401+0000] {logging_mixin.py:190} INFO - [2024-12-13T10:52:42.401+0000] {dagbag.py:588} INFO - Filling up the DagBag from /opt/bitnami/airflow/venv/lib/python3.12/site-packages/airflow/example_dags/example_kubernetes_executor.py
[2024-12-13T10:52:42.416+0000] {processor.py:925} INFO - DAG(s) 'example_kubernetes_executor' retrieved from /opt/bitnami/airflow/venv/lib/python3.12/site-packages/airflow/example_dags/example_kubernetes_executor.py
[2024-12-13T10:52:42.522+0000] {logging_mixin.py:190} INFO - [2024-12-13T10:52:42.522+0000] {dag.py:3239} INFO - Sync 1 DAGs
[2024-12-13T10:52:42.559+0000] {logging_mixin.py:190} INFO - [2024-12-13T10:52:42.559+0000] {dag.py:4180} INFO - Setting next_dagrun for example_kubernetes_executor to None, run_after=None
[2024-12-13T10:52:42.609+0000] {processor.py:208} INFO - Processing /opt/bitnami/airflow/venv/lib/python3.12/site-packages/airflow/example_dags/example_kubernetes_executor.py took 0.223 seconds
[2024-12-13T10:53:14.746+0000] {processor.py:186} INFO - Started process (PID=184) to work on /opt/bitnami/airflow/venv/lib/python3.12/site-packages/airflow/example_dags/example_kubernetes_executor.py
[2024-12-13T10:53:14.748+0000] {processor.py:914} INFO - Processing file /opt/bitnami/airflow/venv/lib/python3.12/site-packages/airflow/example_dags/example_kubernetes_executor.py for tasks to queue
[2024-12-13T10:53:14.752+0000] {logging_mixin.py:190} INFO - [2024-12-13T10:53:14.751+0000] {dagbag.py:588} INFO - Filling up the DagBag from /opt/bitnami/airflow/venv/lib/python3.12/site-packages/airflow/example_dags/example_kubernetes_executor.py
[2024-12-13T10:53:14.766+0000] {processor.py:925} INFO - DAG(s) 'example_kubernetes_executor' retrieved from /opt/bitnami/airflow/venv/lib/python3.12/site-packages/airflow/example_dags/example_kubernetes_executor.py
[2024-12-13T10:53:14.946+0000] {logging_mixin.py:190} INFO - [2024-12-13T10:53:14.945+0000] {dag.py:3239} INFO - Sync 1 DAGs
[2024-12-13T10:53:14.983+0000] {logging_mixin.py:190} INFO - [2024-12-13T10:53:14.983+0000] {dag.py:4180} INFO - Setting next_dagrun for example_kubernetes_executor to None, run_after=None
[2024-12-13T10:53:15.028+0000] {processor.py:208} INFO - Processing /opt/bitnami/airflow/venv/lib/python3.12/site-packages/airflow/example_dags/example_kubernetes_executor.py took 0.289 seconds
[2024-12-13T10:53:45.290+0000] {processor.py:186} INFO - Started process (PID=241) to work on /opt/bitnami/airflow/venv/lib/python3.12/site-packages/airflow/example_dags/example_kubernetes_executor.py
[2024-12-13T10:53:45.291+0000] {processor.py:914} INFO - Processing file /opt/bitnami/airflow/venv/lib/python3.12/site-packages/airflow/example_dags/example_kubernetes_executor.py for tasks to queue
[2024-12-13T10:53:45.293+0000] {logging_mixin.py:190} INFO - [2024-12-13T10:53:45.293+0000] {dagbag.py:588} INFO - Filling up the DagBag from /opt/bitnami/airflow/venv/lib/python3.12/site-packages/airflow/example_dags/example_kubernetes_executor.py
[2024-12-13T10:53:45.304+0000] {processor.py:925} INFO - DAG(s) 'example_kubernetes_executor' retrieved from /opt/bitnami/airflow/venv/lib/python3.12/site-packages/airflow/example_dags/example_kubernetes_executor.py
[2024-12-13T10:53:45.376+0000] {logging_mixin.py:190} INFO - [2024-12-13T10:53:45.375+0000] {dag.py:3239} INFO - Sync 1 DAGs
[2024-12-13T10:53:45.403+0000] {logging_mixin.py:190} INFO - [2024-12-13T10:53:45.403+0000] {dag.py:4180} INFO - Setting next_dagrun for example_kubernetes_executor to None, run_after=None
[2024-12-13T10:53:45.434+0000] {processor.py:208} INFO - Processing /opt/bitnami/airflow/venv/lib/python3.12/site-packages/airflow/example_dags/example_kubernetes_executor.py took 0.149 seconds
[2024-12-13T10:54:16.244+0000] {processor.py:186} INFO - Started process (PID=298) to work on /opt/bitnami/airflow/venv/lib/python3.12/site-packages/airflow/example_dags/example_kubernetes_executor.py
[2024-12-13T10:54:16.246+0000] {processor.py:914} INFO - Processing file /opt/bitnami/airflow/venv/lib/python3.12/site-packages/airflow/example_dags/example_kubernetes_executor.py for tasks to queue
[2024-12-13T10:54:16.249+0000] {logging_mixin.py:190} INFO - [2024-12-13T10:54:16.249+0000] {dagbag.py:588} INFO - Filling up the DagBag from /opt/bitnami/airflow/venv/lib/python3.12/site-packages/airflow/example_dags/example_kubernetes_executor.py
[2024-12-13T10:54:16.261+0000] {processor.py:925} INFO - DAG(s) 'example_kubernetes_executor' retrieved from /opt/bitnami/airflow/venv/lib/python3.12/site-packages/airflow/example_dags/example_kubernetes_executor.py
[2024-12-13T10:54:16.310+0000] {logging_mixin.py:190} INFO - [2024-12-13T10:54:16.309+0000] {dag.py:3239} INFO - Sync 1 DAGs
[2024-12-13T10:54:16.328+0000] {logging_mixin.py:190} INFO - [2024-12-13T10:54:16.327+0000] {dag.py:4180} INFO - Setting next_dagrun for example_kubernetes_executor to None, run_after=None
[2024-12-13T10:54:16.349+0000] {processor.py:208} INFO - Processing /opt/bitnami/airflow/venv/lib/python3.12/site-packages/airflow/example_dags/example_kubernetes_executor.py took 0.110 seconds
[2024-12-13T10:54:46.674+0000] {processor.py:186} INFO - Started process (PID=355) to work on /opt/bitnami/airflow/venv/lib/python3.12/site-packages/airflow/example_dags/example_kubernetes_executor.py
[2024-12-13T10:54:46.675+0000] {processor.py:914} INFO - Processing file /opt/bitnami/airflow/venv/lib/python3.12/site-packages/airflow/example_dags/example_kubernetes_executor.py for tasks to queue
[2024-12-13T10:54:46.678+0000] {logging_mixin.py:190} INFO - [2024-12-13T10:54:46.677+0000] {dagbag.py:588} INFO - Filling up the DagBag from /opt/bitnami/airflow/venv/lib/python3.12/site-packages/airflow/example_dags/example_kubernetes_executor.py
[2024-12-13T10:54:46.691+0000] {processor.py:925} INFO - DAG(s) 'example_kubernetes_executor' retrieved from /opt/bitnami/airflow/venv/lib/python3.12/site-packages/airflow/example_dags/example_kubernetes_executor.py
[2024-12-13T10:54:46.757+0000] {logging_mixin.py:190} INFO - [2024-12-13T10:54:46.756+0000] {dag.py:3239} INFO - Sync 1 DAGs
[2024-12-13T10:54:46.781+0000] {logging_mixin.py:190} INFO - [2024-12-13T10:54:46.780+0000] {dag.py:4180} INFO - Setting next_dagrun for example_kubernetes_executor to None, run_after=None
[2024-12-13T10:54:46.813+0000] {processor.py:208} INFO - Processing /opt/bitnami/airflow/venv/lib/python3.12/site-packages/airflow/example_dags/example_kubernetes_executor.py took 0.145 seconds
[2024-12-13T10:55:17.647+0000] {processor.py:186} INFO - Started process (PID=412) to work on /opt/bitnami/airflow/venv/lib/python3.12/site-packages/airflow/example_dags/example_kubernetes_executor.py
[2024-12-13T10:55:17.648+0000] {processor.py:914} INFO - Processing file /opt/bitnami/airflow/venv/lib/python3.12/site-packages/airflow/example_dags/example_kubernetes_executor.py for tasks to queue
[2024-12-13T10:55:17.650+0000] {logging_mixin.py:190} INFO - [2024-12-13T10:55:17.650+0000] {dagbag.py:588} INFO - Filling up the DagBag from /opt/bitnami/airflow/venv/lib/python3.12/site-packages/airflow/example_dags/example_kubernetes_executor.py
[2024-12-13T10:55:17.662+0000] {processor.py:925} INFO - DAG(s) 'example_kubernetes_executor' retrieved from /opt/bitnami/airflow/venv/lib/python3.12/site-packages/airflow/example_dags/example_kubernetes_executor.py
[2024-12-13T10:55:17.755+0000] {logging_mixin.py:190} INFO - [2024-12-13T10:55:17.754+0000] {dag.py:3239} INFO - Sync 1 DAGs
[2024-12-13T10:55:17.779+0000] {logging_mixin.py:190} INFO - [2024-12-13T10:55:17.779+0000] {dag.py:4180} INFO - Setting next_dagrun for example_kubernetes_executor to None, run_after=None
[2024-12-13T10:55:17.801+0000] {processor.py:208} INFO - Processing /opt/bitnami/airflow/venv/lib/python3.12/site-packages/airflow/example_dags/example_kubernetes_executor.py took 0.161 seconds
[2024-12-13T10:55:48.218+0000] {processor.py:186} INFO - Started process (PID=469) to work on /opt/bitnami/airflow/venv/lib/python3.12/site-packages/airflow/example_dags/example_kubernetes_executor.py
[2024-12-13T10:55:48.219+0000] {processor.py:914} INFO - Processing file /opt/bitnami/airflow/venv/lib/python3.12/site-packages/airflow/example_dags/example_kubernetes_executor.py for tasks to queue
[2024-12-13T10:55:48.221+0000] {logging_mixin.py:190} INFO - [2024-12-13T10:55:48.221+0000] {dagbag.py:588} INFO - Filling up the DagBag from /opt/bitnami/airflow/venv/lib/python3.12/site-packages/airflow/example_dags/example_kubernetes_executor.py
[2024-12-13T10:55:48.231+0000] {processor.py:925} INFO - DAG(s) 'example_kubernetes_executor' retrieved from /opt/bitnami/airflow/venv/lib/python3.12/site-packages/airflow/example_dags/example_kubernetes_executor.py
[2024-12-13T10:55:48.309+0000] {logging_mixin.py:190} INFO - [2024-12-13T10:55:48.308+0000] {dag.py:3239} INFO - Sync 1 DAGs
[2024-12-13T10:55:48.341+0000] {logging_mixin.py:190} INFO - [2024-12-13T10:55:48.341+0000] {dag.py:4180} INFO - Setting next_dagrun for example_kubernetes_executor to None, run_after=None
[2024-12-13T10:55:48.386+0000] {processor.py:208} INFO - Processing /opt/bitnami/airflow/venv/lib/python3.12/site-packages/airflow/example_dags/example_kubernetes_executor.py took 0.173 seconds
[2024-12-13T10:56:19.264+0000] {processor.py:186} INFO - Started process (PID=526) to work on /opt/bitnami/airflow/venv/lib/python3.12/site-packages/airflow/example_dags/example_kubernetes_executor.py
[2024-12-13T10:56:19.265+0000] {processor.py:914} INFO - Processing file /opt/bitnami/airflow/venv/lib/python3.12/site-packages/airflow/example_dags/example_kubernetes_executor.py for tasks to queue
[2024-12-13T10:56:19.268+0000] {logging_mixin.py:190} INFO - [2024-12-13T10:56:19.267+0000] {dagbag.py:588} INFO - Filling up the DagBag from /opt/bitnami/airflow/venv/lib/python3.12/site-packages/airflow/example_dags/example_kubernetes_executor.py
[2024-12-13T10:56:19.278+0000] {processor.py:925} INFO - DAG(s) 'example_kubernetes_executor' retrieved from /opt/bitnami/airflow/venv/lib/python3.12/site-packages/airflow/example_dags/example_kubernetes_executor.py
[2024-12-13T10:56:19.357+0000] {logging_mixin.py:190} INFO - [2024-12-13T10:56:19.356+0000] {dag.py:3239} INFO - Sync 1 DAGs
[2024-12-13T10:56:19.391+0000] {logging_mixin.py:190} INFO - [2024-12-13T10:56:19.391+0000] {dag.py:4180} INFO - Setting next_dagrun for example_kubernetes_executor to None, run_after=None
[2024-12-13T10:56:19.438+0000] {processor.py:208} INFO - Processing /opt/bitnami/airflow/venv/lib/python3.12/site-packages/airflow/example_dags/example_kubernetes_executor.py took 0.178 seconds
[2024-12-13T10:56:50.322+0000] {processor.py:186} INFO - Started process (PID=583) to work on /opt/bitnami/airflow/venv/lib/python3.12/site-packages/airflow/example_dags/example_kubernetes_executor.py
[2024-12-13T10:56:50.323+0000] {processor.py:914} INFO - Processing file /opt/bitnami/airflow/venv/lib/python3.12/site-packages/airflow/example_dags/example_kubernetes_executor.py for tasks to queue
[2024-12-13T10:56:50.326+0000] {logging_mixin.py:190} INFO - [2024-12-13T10:56:50.325+0000] {dagbag.py:588} INFO - Filling up the DagBag from /opt/bitnami/airflow/venv/lib/python3.12/site-packages/airflow/example_dags/example_kubernetes_executor.py
[2024-12-13T10:56:50.335+0000] {processor.py:925} INFO - DAG(s) 'example_kubernetes_executor' retrieved from /opt/bitnami/airflow/venv/lib/python3.12/site-packages/airflow/example_dags/example_kubernetes_executor.py
[2024-12-13T10:56:50.403+0000] {logging_mixin.py:190} INFO - [2024-12-13T10:56:50.402+0000] {dag.py:3239} INFO - Sync 1 DAGs
[2024-12-13T10:56:50.434+0000] {logging_mixin.py:190} INFO - [2024-12-13T10:56:50.434+0000] {dag.py:4180} INFO - Setting next_dagrun for example_kubernetes_executor to None, run_after=None
[2024-12-13T10:56:50.466+0000] {processor.py:208} INFO - Processing /opt/bitnami/airflow/venv/lib/python3.12/site-packages/airflow/example_dags/example_kubernetes_executor.py took 0.148 seconds
[2024-12-13T10:57:20.794+0000] {processor.py:186} INFO - Started process (PID=640) to work on /opt/bitnami/airflow/venv/lib/python3.12/site-packages/airflow/example_dags/example_kubernetes_executor.py
[2024-12-13T10:57:20.796+0000] {processor.py:914} INFO - Processing file /opt/bitnami/airflow/venv/lib/python3.12/site-packages/airflow/example_dags/example_kubernetes_executor.py for tasks to queue
[2024-12-13T10:57:20.798+0000] {logging_mixin.py:190} INFO - [2024-12-13T10:57:20.798+0000] {dagbag.py:588} INFO - Filling up the DagBag from /opt/bitnami/airflow/venv/lib/python3.12/site-packages/airflow/example_dags/example_kubernetes_executor.py
[2024-12-13T10:57:20.808+0000] {processor.py:925} INFO - DAG(s) 'example_kubernetes_executor' retrieved from /opt/bitnami/airflow/venv/lib/python3.12/site-packages/airflow/example_dags/example_kubernetes_executor.py
[2024-12-13T10:57:20.858+0000] {logging_mixin.py:190} INFO - [2024-12-13T10:57:20.857+0000] {dag.py:3239} INFO - Sync 1 DAGs
[2024-12-13T10:57:20.883+0000] {logging_mixin.py:190} INFO - [2024-12-13T10:57:20.883+0000] {dag.py:4180} INFO - Setting next_dagrun for example_kubernetes_executor to None, run_after=None
[2024-12-13T10:57:20.918+0000] {processor.py:208} INFO - Processing /opt/bitnami/airflow/venv/lib/python3.12/site-packages/airflow/example_dags/example_kubernetes_executor.py took 0.128 seconds
[2024-12-13T10:57:51.552+0000] {processor.py:186} INFO - Started process (PID=697) to work on /opt/bitnami/airflow/venv/lib/python3.12/site-packages/airflow/example_dags/example_kubernetes_executor.py
[2024-12-13T10:57:51.553+0000] {processor.py:914} INFO - Processing file /opt/bitnami/airflow/venv/lib/python3.12/site-packages/airflow/example_dags/example_kubernetes_executor.py for tasks to queue
[2024-12-13T10:57:51.555+0000] {logging_mixin.py:190} INFO - [2024-12-13T10:57:51.555+0000] {dagbag.py:588} INFO - Filling up the DagBag from /opt/bitnami/airflow/venv/lib/python3.12/site-packages/airflow/example_dags/example_kubernetes_executor.py
[2024-12-13T10:57:51.568+0000] {processor.py:925} INFO - DAG(s) 'example_kubernetes_executor' retrieved from /opt/bitnami/airflow/venv/lib/python3.12/site-packages/airflow/example_dags/example_kubernetes_executor.py
[2024-12-13T10:57:51.632+0000] {logging_mixin.py:190} INFO - [2024-12-13T10:57:51.632+0000] {dag.py:3239} INFO - Sync 1 DAGs
[2024-12-13T10:57:51.657+0000] {logging_mixin.py:190} INFO - [2024-12-13T10:57:51.657+0000] {dag.py:4180} INFO - Setting next_dagrun for example_kubernetes_executor to None, run_after=None
[2024-12-13T10:57:51.692+0000] {processor.py:208} INFO - Processing /opt/bitnami/airflow/venv/lib/python3.12/site-packages/airflow/example_dags/example_kubernetes_executor.py took 0.145 seconds
[2024-12-13T10:58:22.424+0000] {processor.py:186} INFO - Started process (PID=754) to work on /opt/bitnami/airflow/venv/lib/python3.12/site-packages/airflow/example_dags/example_kubernetes_executor.py
[2024-12-13T10:58:22.426+0000] {processor.py:914} INFO - Processing file /opt/bitnami/airflow/venv/lib/python3.12/site-packages/airflow/example_dags/example_kubernetes_executor.py for tasks to queue
[2024-12-13T10:58:22.428+0000] {logging_mixin.py:190} INFO - [2024-12-13T10:58:22.428+0000] {dagbag.py:588} INFO - Filling up the DagBag from /opt/bitnami/airflow/venv/lib/python3.12/site-packages/airflow/example_dags/example_kubernetes_executor.py
[2024-12-13T10:58:22.439+0000] {processor.py:925} INFO - DAG(s) 'example_kubernetes_executor' retrieved from /opt/bitnami/airflow/venv/lib/python3.12/site-packages/airflow/example_dags/example_kubernetes_executor.py
[2024-12-13T10:58:22.535+0000] {logging_mixin.py:190} INFO - [2024-12-13T10:58:22.535+0000] {dag.py:3239} INFO - Sync 1 DAGs
[2024-12-13T10:58:22.576+0000] {logging_mixin.py:190} INFO - [2024-12-13T10:58:22.576+0000] {dag.py:4180} INFO - Setting next_dagrun for example_kubernetes_executor to None, run_after=None
[2024-12-13T10:58:22.624+0000] {processor.py:208} INFO - Processing /opt/bitnami/airflow/venv/lib/python3.12/site-packages/airflow/example_dags/example_kubernetes_executor.py took 0.204 seconds
[2024-12-13T10:58:53.489+0000] {processor.py:186} INFO - Started process (PID=811) to work on /opt/bitnami/airflow/venv/lib/python3.12/site-packages/airflow/example_dags/example_kubernetes_executor.py
[2024-12-13T10:58:53.490+0000] {processor.py:914} INFO - Processing file /opt/bitnami/airflow/venv/lib/python3.12/site-packages/airflow/example_dags/example_kubernetes_executor.py for tasks to queue
[2024-12-13T10:58:53.492+0000] {logging_mixin.py:190} INFO - [2024-12-13T10:58:53.492+0000] {dagbag.py:588} INFO - Filling up the DagBag from /opt/bitnami/airflow/venv/lib/python3.12/site-packages/airflow/example_dags/example_kubernetes_executor.py
[2024-12-13T10:58:53.502+0000] {processor.py:925} INFO - DAG(s) 'example_kubernetes_executor' retrieved from /opt/bitnami/airflow/venv/lib/python3.12/site-packages/airflow/example_dags/example_kubernetes_executor.py
[2024-12-13T10:58:53.576+0000] {logging_mixin.py:190} INFO - [2024-12-13T10:58:53.575+0000] {dag.py:3239} INFO - Sync 1 DAGs
[2024-12-13T10:58:53.605+0000] {logging_mixin.py:190} INFO - [2024-12-13T10:58:53.605+0000] {dag.py:4180} INFO - Setting next_dagrun for example_kubernetes_executor to None, run_after=None
[2024-12-13T10:58:53.665+0000] {processor.py:208} INFO - Processing /opt/bitnami/airflow/venv/lib/python3.12/site-packages/airflow/example_dags/example_kubernetes_executor.py took 0.180 seconds
[2024-12-13T11:07:31.284+0000] {processor.py:186} INFO - Started process (PID=70) to work on /opt/bitnami/airflow/venv/lib/python3.12/site-packages/airflow/example_dags/example_kubernetes_executor.py
[2024-12-13T11:07:31.285+0000] {processor.py:914} INFO - Processing file /opt/bitnami/airflow/venv/lib/python3.12/site-packages/airflow/example_dags/example_kubernetes_executor.py for tasks to queue
[2024-12-13T11:07:31.288+0000] {logging_mixin.py:190} INFO - [2024-12-13T11:07:31.288+0000] {dagbag.py:588} INFO - Filling up the DagBag from /opt/bitnami/airflow/venv/lib/python3.12/site-packages/airflow/example_dags/example_kubernetes_executor.py
[2024-12-13T11:07:31.299+0000] {processor.py:925} INFO - DAG(s) 'example_kubernetes_executor' retrieved from /opt/bitnami/airflow/venv/lib/python3.12/site-packages/airflow/example_dags/example_kubernetes_executor.py
[2024-12-13T11:07:31.349+0000] {logging_mixin.py:190} INFO - [2024-12-13T11:07:31.349+0000] {dag.py:3239} INFO - Sync 1 DAGs
[2024-12-13T11:07:31.374+0000] {logging_mixin.py:190} INFO - [2024-12-13T11:07:31.374+0000] {dag.py:4180} INFO - Setting next_dagrun for example_kubernetes_executor to None, run_after=None
[2024-12-13T11:07:31.400+0000] {processor.py:208} INFO - Processing /opt/bitnami/airflow/venv/lib/python3.12/site-packages/airflow/example_dags/example_kubernetes_executor.py took 0.120 seconds
[2024-12-13T11:08:01.900+0000] {processor.py:186} INFO - Started process (PID=127) to work on /opt/bitnami/airflow/venv/lib/python3.12/site-packages/airflow/example_dags/example_kubernetes_executor.py
[2024-12-13T11:08:01.902+0000] {processor.py:914} INFO - Processing file /opt/bitnami/airflow/venv/lib/python3.12/site-packages/airflow/example_dags/example_kubernetes_executor.py for tasks to queue
[2024-12-13T11:08:01.904+0000] {logging_mixin.py:190} INFO - [2024-12-13T11:08:01.904+0000] {dagbag.py:588} INFO - Filling up the DagBag from /opt/bitnami/airflow/venv/lib/python3.12/site-packages/airflow/example_dags/example_kubernetes_executor.py
[2024-12-13T11:08:01.913+0000] {processor.py:925} INFO - DAG(s) 'example_kubernetes_executor' retrieved from /opt/bitnami/airflow/venv/lib/python3.12/site-packages/airflow/example_dags/example_kubernetes_executor.py
[2024-12-13T11:08:02.015+0000] {logging_mixin.py:190} INFO - [2024-12-13T11:08:02.015+0000] {dag.py:3239} INFO - Sync 1 DAGs
[2024-12-13T11:08:02.060+0000] {logging_mixin.py:190} INFO - [2024-12-13T11:08:02.060+0000] {dag.py:4180} INFO - Setting next_dagrun for example_kubernetes_executor to None, run_after=None
[2024-12-13T11:08:02.106+0000] {processor.py:208} INFO - Processing /opt/bitnami/airflow/venv/lib/python3.12/site-packages/airflow/example_dags/example_kubernetes_executor.py took 0.210 seconds
[2024-12-13T11:08:33.972+0000] {processor.py:186} INFO - Started process (PID=184) to work on /opt/bitnami/airflow/venv/lib/python3.12/site-packages/airflow/example_dags/example_kubernetes_executor.py
[2024-12-13T11:08:33.974+0000] {processor.py:914} INFO - Processing file /opt/bitnami/airflow/venv/lib/python3.12/site-packages/airflow/example_dags/example_kubernetes_executor.py for tasks to queue
[2024-12-13T11:08:33.977+0000] {logging_mixin.py:190} INFO - [2024-12-13T11:08:33.976+0000] {dagbag.py:588} INFO - Filling up the DagBag from /opt/bitnami/airflow/venv/lib/python3.12/site-packages/airflow/example_dags/example_kubernetes_executor.py
[2024-12-13T11:08:33.989+0000] {processor.py:925} INFO - DAG(s) 'example_kubernetes_executor' retrieved from /opt/bitnami/airflow/venv/lib/python3.12/site-packages/airflow/example_dags/example_kubernetes_executor.py
[2024-12-13T11:08:34.140+0000] {logging_mixin.py:190} INFO - [2024-12-13T11:08:34.140+0000] {dag.py:3239} INFO - Sync 1 DAGs
[2024-12-13T11:08:34.166+0000] {logging_mixin.py:190} INFO - [2024-12-13T11:08:34.166+0000] {dag.py:4180} INFO - Setting next_dagrun for example_kubernetes_executor to None, run_after=None
[2024-12-13T11:08:34.221+0000] {processor.py:208} INFO - Processing /opt/bitnami/airflow/venv/lib/python3.12/site-packages/airflow/example_dags/example_kubernetes_executor.py took 0.256 seconds
[2024-12-13T11:09:05.012+0000] {processor.py:186} INFO - Started process (PID=241) to work on /opt/bitnami/airflow/venv/lib/python3.12/site-packages/airflow/example_dags/example_kubernetes_executor.py
[2024-12-13T11:09:05.013+0000] {processor.py:914} INFO - Processing file /opt/bitnami/airflow/venv/lib/python3.12/site-packages/airflow/example_dags/example_kubernetes_executor.py for tasks to queue
[2024-12-13T11:09:05.015+0000] {logging_mixin.py:190} INFO - [2024-12-13T11:09:05.014+0000] {dagbag.py:588} INFO - Filling up the DagBag from /opt/bitnami/airflow/venv/lib/python3.12/site-packages/airflow/example_dags/example_kubernetes_executor.py
[2024-12-13T11:09:05.023+0000] {processor.py:925} INFO - DAG(s) 'example_kubernetes_executor' retrieved from /opt/bitnami/airflow/venv/lib/python3.12/site-packages/airflow/example_dags/example_kubernetes_executor.py
[2024-12-13T11:09:05.079+0000] {logging_mixin.py:190} INFO - [2024-12-13T11:09:05.078+0000] {dag.py:3239} INFO - Sync 1 DAGs
[2024-12-13T11:09:05.113+0000] {logging_mixin.py:190} INFO - [2024-12-13T11:09:05.112+0000] {dag.py:4180} INFO - Setting next_dagrun for example_kubernetes_executor to None, run_after=None
[2024-12-13T11:09:05.145+0000] {processor.py:208} INFO - Processing /opt/bitnami/airflow/venv/lib/python3.12/site-packages/airflow/example_dags/example_kubernetes_executor.py took 0.138 seconds
[2024-12-13T11:13:43.855+0000] {processor.py:186} INFO - Started process (PID=70) to work on /opt/bitnami/airflow/venv/lib/python3.12/site-packages/airflow/example_dags/example_kubernetes_executor.py
[2024-12-13T11:13:43.856+0000] {processor.py:914} INFO - Processing file /opt/bitnami/airflow/venv/lib/python3.12/site-packages/airflow/example_dags/example_kubernetes_executor.py for tasks to queue
[2024-12-13T11:13:43.859+0000] {logging_mixin.py:190} INFO - [2024-12-13T11:13:43.858+0000] {dagbag.py:588} INFO - Filling up the DagBag from /opt/bitnami/airflow/venv/lib/python3.12/site-packages/airflow/example_dags/example_kubernetes_executor.py
[2024-12-13T11:13:43.872+0000] {processor.py:925} INFO - DAG(s) 'example_kubernetes_executor' retrieved from /opt/bitnami/airflow/venv/lib/python3.12/site-packages/airflow/example_dags/example_kubernetes_executor.py
[2024-12-13T11:13:43.929+0000] {logging_mixin.py:190} INFO - [2024-12-13T11:13:43.928+0000] {dag.py:3239} INFO - Sync 1 DAGs
[2024-12-13T11:13:43.952+0000] {logging_mixin.py:190} INFO - [2024-12-13T11:13:43.952+0000] {dag.py:4180} INFO - Setting next_dagrun for example_kubernetes_executor to None, run_after=None
[2024-12-13T11:13:43.980+0000] {processor.py:208} INFO - Processing /opt/bitnami/airflow/venv/lib/python3.12/site-packages/airflow/example_dags/example_kubernetes_executor.py took 0.131 seconds
[2024-12-13T11:14:14.499+0000] {processor.py:186} INFO - Started process (PID=127) to work on /opt/bitnami/airflow/venv/lib/python3.12/site-packages/airflow/example_dags/example_kubernetes_executor.py
[2024-12-13T11:14:14.500+0000] {processor.py:914} INFO - Processing file /opt/bitnami/airflow/venv/lib/python3.12/site-packages/airflow/example_dags/example_kubernetes_executor.py for tasks to queue
[2024-12-13T11:14:14.502+0000] {logging_mixin.py:190} INFO - [2024-12-13T11:14:14.502+0000] {dagbag.py:588} INFO - Filling up the DagBag from /opt/bitnami/airflow/venv/lib/python3.12/site-packages/airflow/example_dags/example_kubernetes_executor.py
[2024-12-13T11:14:14.511+0000] {processor.py:925} INFO - DAG(s) 'example_kubernetes_executor' retrieved from /opt/bitnami/airflow/venv/lib/python3.12/site-packages/airflow/example_dags/example_kubernetes_executor.py
[2024-12-13T11:14:14.555+0000] {logging_mixin.py:190} INFO - [2024-12-13T11:14:14.555+0000] {dag.py:3239} INFO - Sync 1 DAGs
[2024-12-13T11:14:14.583+0000] {logging_mixin.py:190} INFO - [2024-12-13T11:14:14.583+0000] {dag.py:4180} INFO - Setting next_dagrun for example_kubernetes_executor to None, run_after=None
[2024-12-13T11:14:14.606+0000] {processor.py:208} INFO - Processing /opt/bitnami/airflow/venv/lib/python3.12/site-packages/airflow/example_dags/example_kubernetes_executor.py took 0.112 seconds
[2024-12-13T11:14:47.209+0000] {processor.py:186} INFO - Started process (PID=184) to work on /opt/bitnami/airflow/venv/lib/python3.12/site-packages/airflow/example_dags/example_kubernetes_executor.py
[2024-12-13T11:14:47.211+0000] {processor.py:914} INFO - Processing file /opt/bitnami/airflow/venv/lib/python3.12/site-packages/airflow/example_dags/example_kubernetes_executor.py for tasks to queue
[2024-12-13T11:14:47.215+0000] {logging_mixin.py:190} INFO - [2024-12-13T11:14:47.215+0000] {dagbag.py:588} INFO - Filling up the DagBag from /opt/bitnami/airflow/venv/lib/python3.12/site-packages/airflow/example_dags/example_kubernetes_executor.py
[2024-12-13T11:14:47.233+0000] {processor.py:925} INFO - DAG(s) 'example_kubernetes_executor' retrieved from /opt/bitnami/airflow/venv/lib/python3.12/site-packages/airflow/example_dags/example_kubernetes_executor.py
[2024-12-13T11:14:47.408+0000] {logging_mixin.py:190} INFO - [2024-12-13T11:14:47.408+0000] {dag.py:3239} INFO - Sync 1 DAGs
[2024-12-13T11:14:47.440+0000] {logging_mixin.py:190} INFO - [2024-12-13T11:14:47.440+0000] {dag.py:4180} INFO - Setting next_dagrun for example_kubernetes_executor to None, run_after=None
[2024-12-13T11:14:47.484+0000] {processor.py:208} INFO - Processing /opt/bitnami/airflow/venv/lib/python3.12/site-packages/airflow/example_dags/example_kubernetes_executor.py took 0.283 seconds
[2024-12-13T11:15:17.783+0000] {processor.py:186} INFO - Started process (PID=241) to work on /opt/bitnami/airflow/venv/lib/python3.12/site-packages/airflow/example_dags/example_kubernetes_executor.py
[2024-12-13T11:15:17.784+0000] {processor.py:914} INFO - Processing file /opt/bitnami/airflow/venv/lib/python3.12/site-packages/airflow/example_dags/example_kubernetes_executor.py for tasks to queue
[2024-12-13T11:15:17.787+0000] {logging_mixin.py:190} INFO - [2024-12-13T11:15:17.787+0000] {dagbag.py:588} INFO - Filling up the DagBag from /opt/bitnami/airflow/venv/lib/python3.12/site-packages/airflow/example_dags/example_kubernetes_executor.py
[2024-12-13T11:15:17.800+0000] {processor.py:925} INFO - DAG(s) 'example_kubernetes_executor' retrieved from /opt/bitnami/airflow/venv/lib/python3.12/site-packages/airflow/example_dags/example_kubernetes_executor.py
[2024-12-13T11:15:17.884+0000] {logging_mixin.py:190} INFO - [2024-12-13T11:15:17.883+0000] {dag.py:3239} INFO - Sync 1 DAGs
[2024-12-13T11:15:17.915+0000] {logging_mixin.py:190} INFO - [2024-12-13T11:15:17.915+0000] {dag.py:4180} INFO - Setting next_dagrun for example_kubernetes_executor to None, run_after=None
[2024-12-13T11:15:17.953+0000] {processor.py:208} INFO - Processing /opt/bitnami/airflow/venv/lib/python3.12/site-packages/airflow/example_dags/example_kubernetes_executor.py took 0.176 seconds
[2024-12-13T11:57:08.651+0000] {processor.py:186} INFO - Started process (PID=70) to work on /opt/bitnami/airflow/venv/lib/python3.12/site-packages/airflow/example_dags/example_kubernetes_executor.py
[2024-12-13T11:57:08.652+0000] {processor.py:914} INFO - Processing file /opt/bitnami/airflow/venv/lib/python3.12/site-packages/airflow/example_dags/example_kubernetes_executor.py for tasks to queue
[2024-12-13T11:57:08.654+0000] {logging_mixin.py:190} INFO - [2024-12-13T11:57:08.654+0000] {dagbag.py:588} INFO - Filling up the DagBag from /opt/bitnami/airflow/venv/lib/python3.12/site-packages/airflow/example_dags/example_kubernetes_executor.py
[2024-12-13T11:57:08.663+0000] {processor.py:925} INFO - DAG(s) 'example_kubernetes_executor' retrieved from /opt/bitnami/airflow/venv/lib/python3.12/site-packages/airflow/example_dags/example_kubernetes_executor.py
[2024-12-13T11:57:08.700+0000] {logging_mixin.py:190} INFO - [2024-12-13T11:57:08.700+0000] {dag.py:3239} INFO - Sync 1 DAGs
[2024-12-13T11:57:08.714+0000] {logging_mixin.py:190} INFO - [2024-12-13T11:57:08.713+0000] {dag.py:4180} INFO - Setting next_dagrun for example_kubernetes_executor to None, run_after=None
[2024-12-13T11:57:08.731+0000] {processor.py:208} INFO - Processing /opt/bitnami/airflow/venv/lib/python3.12/site-packages/airflow/example_dags/example_kubernetes_executor.py took 0.085 seconds
[2024-12-13T11:57:39.974+0000] {processor.py:186} INFO - Started process (PID=127) to work on /opt/bitnami/airflow/venv/lib/python3.12/site-packages/airflow/example_dags/example_kubernetes_executor.py
[2024-12-13T11:57:39.975+0000] {processor.py:914} INFO - Processing file /opt/bitnami/airflow/venv/lib/python3.12/site-packages/airflow/example_dags/example_kubernetes_executor.py for tasks to queue
[2024-12-13T11:57:39.978+0000] {logging_mixin.py:190} INFO - [2024-12-13T11:57:39.978+0000] {dagbag.py:588} INFO - Filling up the DagBag from /opt/bitnami/airflow/venv/lib/python3.12/site-packages/airflow/example_dags/example_kubernetes_executor.py
[2024-12-13T11:57:39.990+0000] {processor.py:925} INFO - DAG(s) 'example_kubernetes_executor' retrieved from /opt/bitnami/airflow/venv/lib/python3.12/site-packages/airflow/example_dags/example_kubernetes_executor.py
[2024-12-13T11:57:40.044+0000] {logging_mixin.py:190} INFO - [2024-12-13T11:57:40.044+0000] {dag.py:3239} INFO - Sync 1 DAGs
[2024-12-13T11:57:40.061+0000] {logging_mixin.py:190} INFO - [2024-12-13T11:57:40.061+0000] {dag.py:4180} INFO - Setting next_dagrun for example_kubernetes_executor to None, run_after=None
[2024-12-13T11:57:40.090+0000] {processor.py:208} INFO - Processing /opt/bitnami/airflow/venv/lib/python3.12/site-packages/airflow/example_dags/example_kubernetes_executor.py took 0.122 seconds
[2024-12-13T11:58:34.208+0000] {processor.py:186} INFO - Started process (PID=70) to work on /opt/bitnami/airflow/venv/lib/python3.12/site-packages/airflow/example_dags/example_kubernetes_executor.py
[2024-12-13T11:58:34.209+0000] {processor.py:914} INFO - Processing file /opt/bitnami/airflow/venv/lib/python3.12/site-packages/airflow/example_dags/example_kubernetes_executor.py for tasks to queue
[2024-12-13T11:58:34.211+0000] {logging_mixin.py:190} INFO - [2024-12-13T11:58:34.211+0000] {dagbag.py:588} INFO - Filling up the DagBag from /opt/bitnami/airflow/venv/lib/python3.12/site-packages/airflow/example_dags/example_kubernetes_executor.py
[2024-12-13T11:58:34.220+0000] {processor.py:925} INFO - DAG(s) 'example_kubernetes_executor' retrieved from /opt/bitnami/airflow/venv/lib/python3.12/site-packages/airflow/example_dags/example_kubernetes_executor.py
[2024-12-13T11:58:34.266+0000] {logging_mixin.py:190} INFO - [2024-12-13T11:58:34.266+0000] {dag.py:3239} INFO - Sync 1 DAGs
[2024-12-13T11:58:34.283+0000] {logging_mixin.py:190} INFO - [2024-12-13T11:58:34.283+0000] {dag.py:4180} INFO - Setting next_dagrun for example_kubernetes_executor to None, run_after=None
[2024-12-13T11:58:34.301+0000] {processor.py:208} INFO - Processing /opt/bitnami/airflow/venv/lib/python3.12/site-packages/airflow/example_dags/example_kubernetes_executor.py took 0.098 seconds
[2024-12-13T11:59:05.531+0000] {processor.py:186} INFO - Started process (PID=127) to work on /opt/bitnami/airflow/venv/lib/python3.12/site-packages/airflow/example_dags/example_kubernetes_executor.py
[2024-12-13T11:59:05.532+0000] {processor.py:914} INFO - Processing file /opt/bitnami/airflow/venv/lib/python3.12/site-packages/airflow/example_dags/example_kubernetes_executor.py for tasks to queue
[2024-12-13T11:59:05.534+0000] {logging_mixin.py:190} INFO - [2024-12-13T11:59:05.534+0000] {dagbag.py:588} INFO - Filling up the DagBag from /opt/bitnami/airflow/venv/lib/python3.12/site-packages/airflow/example_dags/example_kubernetes_executor.py
[2024-12-13T11:59:05.547+0000] {processor.py:925} INFO - DAG(s) 'example_kubernetes_executor' retrieved from /opt/bitnami/airflow/venv/lib/python3.12/site-packages/airflow/example_dags/example_kubernetes_executor.py
[2024-12-13T11:59:05.600+0000] {logging_mixin.py:190} INFO - [2024-12-13T11:59:05.599+0000] {dag.py:3239} INFO - Sync 1 DAGs
[2024-12-13T11:59:05.627+0000] {logging_mixin.py:190} INFO - [2024-12-13T11:59:05.626+0000] {dag.py:4180} INFO - Setting next_dagrun for example_kubernetes_executor to None, run_after=None
[2024-12-13T11:59:05.655+0000] {processor.py:208} INFO - Processing /opt/bitnami/airflow/venv/lib/python3.12/site-packages/airflow/example_dags/example_kubernetes_executor.py took 0.130 seconds
[2024-12-13T11:59:36.038+0000] {processor.py:186} INFO - Started process (PID=183) to work on /opt/bitnami/airflow/venv/lib/python3.12/site-packages/airflow/example_dags/example_kubernetes_executor.py
[2024-12-13T11:59:36.039+0000] {processor.py:914} INFO - Processing file /opt/bitnami/airflow/venv/lib/python3.12/site-packages/airflow/example_dags/example_kubernetes_executor.py for tasks to queue
[2024-12-13T11:59:36.041+0000] {logging_mixin.py:190} INFO - [2024-12-13T11:59:36.041+0000] {dagbag.py:588} INFO - Filling up the DagBag from /opt/bitnami/airflow/venv/lib/python3.12/site-packages/airflow/example_dags/example_kubernetes_executor.py
[2024-12-13T11:59:36.050+0000] {processor.py:925} INFO - DAG(s) 'example_kubernetes_executor' retrieved from /opt/bitnami/airflow/venv/lib/python3.12/site-packages/airflow/example_dags/example_kubernetes_executor.py
[2024-12-13T11:59:36.133+0000] {logging_mixin.py:190} INFO - [2024-12-13T11:59:36.133+0000] {dag.py:3239} INFO - Sync 1 DAGs
[2024-12-13T11:59:36.146+0000] {logging_mixin.py:190} INFO - [2024-12-13T11:59:36.146+0000] {dag.py:4180} INFO - Setting next_dagrun for example_kubernetes_executor to None, run_after=None
[2024-12-13T11:59:36.165+0000] {processor.py:208} INFO - Processing /opt/bitnami/airflow/venv/lib/python3.12/site-packages/airflow/example_dags/example_kubernetes_executor.py took 0.132 seconds
[2024-12-13T12:00:06.668+0000] {processor.py:186} INFO - Started process (PID=241) to work on /opt/bitnami/airflow/venv/lib/python3.12/site-packages/airflow/example_dags/example_kubernetes_executor.py
[2024-12-13T12:00:06.669+0000] {processor.py:914} INFO - Processing file /opt/bitnami/airflow/venv/lib/python3.12/site-packages/airflow/example_dags/example_kubernetes_executor.py for tasks to queue
[2024-12-13T12:00:06.671+0000] {logging_mixin.py:190} INFO - [2024-12-13T12:00:06.671+0000] {dagbag.py:588} INFO - Filling up the DagBag from /opt/bitnami/airflow/venv/lib/python3.12/site-packages/airflow/example_dags/example_kubernetes_executor.py
[2024-12-13T12:00:06.681+0000] {processor.py:925} INFO - DAG(s) 'example_kubernetes_executor' retrieved from /opt/bitnami/airflow/venv/lib/python3.12/site-packages/airflow/example_dags/example_kubernetes_executor.py
[2024-12-13T12:00:06.729+0000] {logging_mixin.py:190} INFO - [2024-12-13T12:00:06.729+0000] {dag.py:3239} INFO - Sync 1 DAGs
[2024-12-13T12:00:06.752+0000] {logging_mixin.py:190} INFO - [2024-12-13T12:00:06.751+0000] {dag.py:4180} INFO - Setting next_dagrun for example_kubernetes_executor to None, run_after=None
[2024-12-13T12:00:06.771+0000] {processor.py:208} INFO - Processing /opt/bitnami/airflow/venv/lib/python3.12/site-packages/airflow/example_dags/example_kubernetes_executor.py took 0.108 seconds
[2024-12-13T12:00:37.795+0000] {processor.py:186} INFO - Started process (PID=298) to work on /opt/bitnami/airflow/venv/lib/python3.12/site-packages/airflow/example_dags/example_kubernetes_executor.py
[2024-12-13T12:00:37.796+0000] {processor.py:914} INFO - Processing file /opt/bitnami/airflow/venv/lib/python3.12/site-packages/airflow/example_dags/example_kubernetes_executor.py for tasks to queue
[2024-12-13T12:00:37.798+0000] {logging_mixin.py:190} INFO - [2024-12-13T12:00:37.798+0000] {dagbag.py:588} INFO - Filling up the DagBag from /opt/bitnami/airflow/venv/lib/python3.12/site-packages/airflow/example_dags/example_kubernetes_executor.py
[2024-12-13T12:00:37.808+0000] {processor.py:925} INFO - DAG(s) 'example_kubernetes_executor' retrieved from /opt/bitnami/airflow/venv/lib/python3.12/site-packages/airflow/example_dags/example_kubernetes_executor.py
[2024-12-13T12:00:37.849+0000] {logging_mixin.py:190} INFO - [2024-12-13T12:00:37.848+0000] {dag.py:3239} INFO - Sync 1 DAGs
[2024-12-13T12:00:37.865+0000] {logging_mixin.py:190} INFO - [2024-12-13T12:00:37.865+0000] {dag.py:4180} INFO - Setting next_dagrun for example_kubernetes_executor to None, run_after=None
[2024-12-13T12:00:37.884+0000] {processor.py:208} INFO - Processing /opt/bitnami/airflow/venv/lib/python3.12/site-packages/airflow/example_dags/example_kubernetes_executor.py took 0.094 seconds
[2024-12-13T12:01:09.256+0000] {processor.py:186} INFO - Started process (PID=355) to work on /opt/bitnami/airflow/venv/lib/python3.12/site-packages/airflow/example_dags/example_kubernetes_executor.py
[2024-12-13T12:01:09.257+0000] {processor.py:914} INFO - Processing file /opt/bitnami/airflow/venv/lib/python3.12/site-packages/airflow/example_dags/example_kubernetes_executor.py for tasks to queue
[2024-12-13T12:01:09.259+0000] {logging_mixin.py:190} INFO - [2024-12-13T12:01:09.259+0000] {dagbag.py:588} INFO - Filling up the DagBag from /opt/bitnami/airflow/venv/lib/python3.12/site-packages/airflow/example_dags/example_kubernetes_executor.py
[2024-12-13T12:01:09.268+0000] {processor.py:925} INFO - DAG(s) 'example_kubernetes_executor' retrieved from /opt/bitnami/airflow/venv/lib/python3.12/site-packages/airflow/example_dags/example_kubernetes_executor.py
[2024-12-13T12:01:09.304+0000] {logging_mixin.py:190} INFO - [2024-12-13T12:01:09.304+0000] {dag.py:3239} INFO - Sync 1 DAGs
[2024-12-13T12:01:09.322+0000] {logging_mixin.py:190} INFO - [2024-12-13T12:01:09.322+0000] {dag.py:4180} INFO - Setting next_dagrun for example_kubernetes_executor to None, run_after=None
[2024-12-13T12:01:09.341+0000] {processor.py:208} INFO - Processing /opt/bitnami/airflow/venv/lib/python3.12/site-packages/airflow/example_dags/example_kubernetes_executor.py took 0.089 seconds
[2024-12-13T12:01:40.122+0000] {processor.py:186} INFO - Started process (PID=412) to work on /opt/bitnami/airflow/venv/lib/python3.12/site-packages/airflow/example_dags/example_kubernetes_executor.py
[2024-12-13T12:01:40.123+0000] {processor.py:914} INFO - Processing file /opt/bitnami/airflow/venv/lib/python3.12/site-packages/airflow/example_dags/example_kubernetes_executor.py for tasks to queue
[2024-12-13T12:01:40.125+0000] {logging_mixin.py:190} INFO - [2024-12-13T12:01:40.125+0000] {dagbag.py:588} INFO - Filling up the DagBag from /opt/bitnami/airflow/venv/lib/python3.12/site-packages/airflow/example_dags/example_kubernetes_executor.py
[2024-12-13T12:01:40.134+0000] {processor.py:925} INFO - DAG(s) 'example_kubernetes_executor' retrieved from /opt/bitnami/airflow/venv/lib/python3.12/site-packages/airflow/example_dags/example_kubernetes_executor.py
[2024-12-13T12:01:40.173+0000] {logging_mixin.py:190} INFO - [2024-12-13T12:01:40.172+0000] {dag.py:3239} INFO - Sync 1 DAGs
[2024-12-13T12:01:40.191+0000] {logging_mixin.py:190} INFO - [2024-12-13T12:01:40.191+0000] {dag.py:4180} INFO - Setting next_dagrun for example_kubernetes_executor to None, run_after=None
[2024-12-13T12:01:40.210+0000] {processor.py:208} INFO - Processing /opt/bitnami/airflow/venv/lib/python3.12/site-packages/airflow/example_dags/example_kubernetes_executor.py took 0.093 seconds
[2024-12-13T12:02:10.659+0000] {processor.py:186} INFO - Started process (PID=469) to work on /opt/bitnami/airflow/venv/lib/python3.12/site-packages/airflow/example_dags/example_kubernetes_executor.py
[2024-12-13T12:02:10.660+0000] {processor.py:914} INFO - Processing file /opt/bitnami/airflow/venv/lib/python3.12/site-packages/airflow/example_dags/example_kubernetes_executor.py for tasks to queue
[2024-12-13T12:02:10.662+0000] {logging_mixin.py:190} INFO - [2024-12-13T12:02:10.662+0000] {dagbag.py:588} INFO - Filling up the DagBag from /opt/bitnami/airflow/venv/lib/python3.12/site-packages/airflow/example_dags/example_kubernetes_executor.py
[2024-12-13T12:02:10.673+0000] {processor.py:925} INFO - DAG(s) 'example_kubernetes_executor' retrieved from /opt/bitnami/airflow/venv/lib/python3.12/site-packages/airflow/example_dags/example_kubernetes_executor.py
[2024-12-13T12:02:10.719+0000] {logging_mixin.py:190} INFO - [2024-12-13T12:02:10.719+0000] {dag.py:3239} INFO - Sync 1 DAGs
[2024-12-13T12:02:10.740+0000] {logging_mixin.py:190} INFO - [2024-12-13T12:02:10.739+0000] {dag.py:4180} INFO - Setting next_dagrun for example_kubernetes_executor to None, run_after=None
[2024-12-13T12:02:10.764+0000] {processor.py:208} INFO - Processing /opt/bitnami/airflow/venv/lib/python3.12/site-packages/airflow/example_dags/example_kubernetes_executor.py took 0.110 seconds
