[2024-12-13T08:19:43.510+0000] {processor.py:186} INFO - Started process (PID=53) to work on /opt/bitnami/airflow/venv/lib/python3.12/site-packages/airflow/example_dags/example_latest_only_with_trigger.py
[2024-12-13T08:19:43.510+0000] {processor.py:914} INFO - Processing file /opt/bitnami/airflow/venv/lib/python3.12/site-packages/airflow/example_dags/example_latest_only_with_trigger.py for tasks to queue
[2024-12-13T08:19:43.512+0000] {logging_mixin.py:190} INFO - [2024-12-13T08:19:43.512+0000] {dagbag.py:588} INFO - Filling up the DagBag from /opt/bitnami/airflow/venv/lib/python3.12/site-packages/airflow/example_dags/example_latest_only_with_trigger.py
[2024-12-13T08:19:43.518+0000] {processor.py:925} INFO - DAG(s) 'latest_only_with_trigger' retrieved from /opt/bitnami/airflow/venv/lib/python3.12/site-packages/airflow/example_dags/example_latest_only_with_trigger.py
[2024-12-13T08:19:43.557+0000] {logging_mixin.py:190} INFO - [2024-12-13T08:19:43.557+0000] {dag.py:3239} INFO - Sync 1 DAGs
[2024-12-13T08:19:43.586+0000] {logging_mixin.py:190} INFO - [2024-12-13T08:19:43.586+0000] {dag.py:4180} INFO - Setting next_dagrun for latest_only_with_trigger to 2024-12-13 04:00:00+00:00, run_after=2024-12-13 08:00:00+00:00
[2024-12-13T08:19:43.606+0000] {processor.py:208} INFO - Processing /opt/bitnami/airflow/venv/lib/python3.12/site-packages/airflow/example_dags/example_latest_only_with_trigger.py took 0.101 seconds
[2024-12-13T08:20:14.137+0000] {processor.py:186} INFO - Started process (PID=110) to work on /opt/bitnami/airflow/venv/lib/python3.12/site-packages/airflow/example_dags/example_latest_only_with_trigger.py
[2024-12-13T08:20:14.138+0000] {processor.py:914} INFO - Processing file /opt/bitnami/airflow/venv/lib/python3.12/site-packages/airflow/example_dags/example_latest_only_with_trigger.py for tasks to queue
[2024-12-13T08:20:14.140+0000] {logging_mixin.py:190} INFO - [2024-12-13T08:20:14.140+0000] {dagbag.py:588} INFO - Filling up the DagBag from /opt/bitnami/airflow/venv/lib/python3.12/site-packages/airflow/example_dags/example_latest_only_with_trigger.py
[2024-12-13T08:20:14.144+0000] {processor.py:925} INFO - DAG(s) 'latest_only_with_trigger' retrieved from /opt/bitnami/airflow/venv/lib/python3.12/site-packages/airflow/example_dags/example_latest_only_with_trigger.py
[2024-12-13T08:20:14.174+0000] {logging_mixin.py:190} INFO - [2024-12-13T08:20:14.174+0000] {dag.py:3239} INFO - Sync 1 DAGs
[2024-12-13T08:20:14.200+0000] {logging_mixin.py:190} INFO - [2024-12-13T08:20:14.199+0000] {dag.py:4180} INFO - Setting next_dagrun for latest_only_with_trigger to 2024-12-13 04:00:00+00:00, run_after=2024-12-13 08:00:00+00:00
[2024-12-13T08:20:14.219+0000] {processor.py:208} INFO - Processing /opt/bitnami/airflow/venv/lib/python3.12/site-packages/airflow/example_dags/example_latest_only_with_trigger.py took 0.086 seconds
[2024-12-13T08:20:44.498+0000] {processor.py:186} INFO - Started process (PID=167) to work on /opt/bitnami/airflow/venv/lib/python3.12/site-packages/airflow/example_dags/example_latest_only_with_trigger.py
[2024-12-13T08:20:44.499+0000] {processor.py:914} INFO - Processing file /opt/bitnami/airflow/venv/lib/python3.12/site-packages/airflow/example_dags/example_latest_only_with_trigger.py for tasks to queue
[2024-12-13T08:20:44.501+0000] {logging_mixin.py:190} INFO - [2024-12-13T08:20:44.501+0000] {dagbag.py:588} INFO - Filling up the DagBag from /opt/bitnami/airflow/venv/lib/python3.12/site-packages/airflow/example_dags/example_latest_only_with_trigger.py
[2024-12-13T08:20:44.505+0000] {processor.py:925} INFO - DAG(s) 'latest_only_with_trigger' retrieved from /opt/bitnami/airflow/venv/lib/python3.12/site-packages/airflow/example_dags/example_latest_only_with_trigger.py
[2024-12-13T08:20:44.539+0000] {logging_mixin.py:190} INFO - [2024-12-13T08:20:44.539+0000] {dag.py:3239} INFO - Sync 1 DAGs
[2024-12-13T08:20:44.567+0000] {logging_mixin.py:190} INFO - [2024-12-13T08:20:44.567+0000] {dag.py:4180} INFO - Setting next_dagrun for latest_only_with_trigger to 2024-12-13 04:00:00+00:00, run_after=2024-12-13 08:00:00+00:00
[2024-12-13T08:20:44.588+0000] {processor.py:208} INFO - Processing /opt/bitnami/airflow/venv/lib/python3.12/site-packages/airflow/example_dags/example_latest_only_with_trigger.py took 0.095 seconds
[2024-12-13T08:21:14.957+0000] {processor.py:186} INFO - Started process (PID=224) to work on /opt/bitnami/airflow/venv/lib/python3.12/site-packages/airflow/example_dags/example_latest_only_with_trigger.py
[2024-12-13T08:21:14.958+0000] {processor.py:914} INFO - Processing file /opt/bitnami/airflow/venv/lib/python3.12/site-packages/airflow/example_dags/example_latest_only_with_trigger.py for tasks to queue
[2024-12-13T08:21:14.960+0000] {logging_mixin.py:190} INFO - [2024-12-13T08:21:14.959+0000] {dagbag.py:588} INFO - Filling up the DagBag from /opt/bitnami/airflow/venv/lib/python3.12/site-packages/airflow/example_dags/example_latest_only_with_trigger.py
[2024-12-13T08:21:14.965+0000] {processor.py:925} INFO - DAG(s) 'latest_only_with_trigger' retrieved from /opt/bitnami/airflow/venv/lib/python3.12/site-packages/airflow/example_dags/example_latest_only_with_trigger.py
[2024-12-13T08:21:15.041+0000] {logging_mixin.py:190} INFO - [2024-12-13T08:21:15.041+0000] {dag.py:3239} INFO - Sync 1 DAGs
[2024-12-13T08:21:15.072+0000] {logging_mixin.py:190} INFO - [2024-12-13T08:21:15.072+0000] {dag.py:4180} INFO - Setting next_dagrun for latest_only_with_trigger to 2024-12-13 04:00:00+00:00, run_after=2024-12-13 08:00:00+00:00
[2024-12-13T08:21:15.095+0000] {processor.py:208} INFO - Processing /opt/bitnami/airflow/venv/lib/python3.12/site-packages/airflow/example_dags/example_latest_only_with_trigger.py took 0.143 seconds
[2024-12-13T08:21:46.134+0000] {processor.py:186} INFO - Started process (PID=280) to work on /opt/bitnami/airflow/venv/lib/python3.12/site-packages/airflow/example_dags/example_latest_only_with_trigger.py
[2024-12-13T08:21:46.135+0000] {processor.py:914} INFO - Processing file /opt/bitnami/airflow/venv/lib/python3.12/site-packages/airflow/example_dags/example_latest_only_with_trigger.py for tasks to queue
[2024-12-13T08:21:46.139+0000] {logging_mixin.py:190} INFO - [2024-12-13T08:21:46.138+0000] {dagbag.py:588} INFO - Filling up the DagBag from /opt/bitnami/airflow/venv/lib/python3.12/site-packages/airflow/example_dags/example_latest_only_with_trigger.py
[2024-12-13T08:21:46.146+0000] {processor.py:925} INFO - DAG(s) 'latest_only_with_trigger' retrieved from /opt/bitnami/airflow/venv/lib/python3.12/site-packages/airflow/example_dags/example_latest_only_with_trigger.py
[2024-12-13T08:21:46.196+0000] {logging_mixin.py:190} INFO - [2024-12-13T08:21:46.195+0000] {dag.py:3239} INFO - Sync 1 DAGs
[2024-12-13T08:21:46.246+0000] {logging_mixin.py:190} INFO - [2024-12-13T08:21:46.246+0000] {dag.py:4180} INFO - Setting next_dagrun for latest_only_with_trigger to 2024-12-13 04:00:00+00:00, run_after=2024-12-13 08:00:00+00:00
[2024-12-13T08:21:46.288+0000] {processor.py:208} INFO - Processing /opt/bitnami/airflow/venv/lib/python3.12/site-packages/airflow/example_dags/example_latest_only_with_trigger.py took 0.161 seconds
[2024-12-13T08:22:17.002+0000] {processor.py:186} INFO - Started process (PID=338) to work on /opt/bitnami/airflow/venv/lib/python3.12/site-packages/airflow/example_dags/example_latest_only_with_trigger.py
[2024-12-13T08:22:17.004+0000] {processor.py:914} INFO - Processing file /opt/bitnami/airflow/venv/lib/python3.12/site-packages/airflow/example_dags/example_latest_only_with_trigger.py for tasks to queue
[2024-12-13T08:22:17.006+0000] {logging_mixin.py:190} INFO - [2024-12-13T08:22:17.006+0000] {dagbag.py:588} INFO - Filling up the DagBag from /opt/bitnami/airflow/venv/lib/python3.12/site-packages/airflow/example_dags/example_latest_only_with_trigger.py
[2024-12-13T08:22:17.011+0000] {processor.py:925} INFO - DAG(s) 'latest_only_with_trigger' retrieved from /opt/bitnami/airflow/venv/lib/python3.12/site-packages/airflow/example_dags/example_latest_only_with_trigger.py
[2024-12-13T08:22:17.042+0000] {logging_mixin.py:190} INFO - [2024-12-13T08:22:17.041+0000] {dag.py:3239} INFO - Sync 1 DAGs
[2024-12-13T08:22:17.068+0000] {logging_mixin.py:190} INFO - [2024-12-13T08:22:17.068+0000] {dag.py:4180} INFO - Setting next_dagrun for latest_only_with_trigger to 2024-12-13 04:00:00+00:00, run_after=2024-12-13 08:00:00+00:00
[2024-12-13T08:22:17.087+0000] {processor.py:208} INFO - Processing /opt/bitnami/airflow/venv/lib/python3.12/site-packages/airflow/example_dags/example_latest_only_with_trigger.py took 0.089 seconds
[2024-12-13T08:22:47.891+0000] {processor.py:186} INFO - Started process (PID=395) to work on /opt/bitnami/airflow/venv/lib/python3.12/site-packages/airflow/example_dags/example_latest_only_with_trigger.py
[2024-12-13T08:22:47.892+0000] {processor.py:914} INFO - Processing file /opt/bitnami/airflow/venv/lib/python3.12/site-packages/airflow/example_dags/example_latest_only_with_trigger.py for tasks to queue
[2024-12-13T08:22:47.894+0000] {logging_mixin.py:190} INFO - [2024-12-13T08:22:47.894+0000] {dagbag.py:588} INFO - Filling up the DagBag from /opt/bitnami/airflow/venv/lib/python3.12/site-packages/airflow/example_dags/example_latest_only_with_trigger.py
[2024-12-13T08:22:47.898+0000] {processor.py:925} INFO - DAG(s) 'latest_only_with_trigger' retrieved from /opt/bitnami/airflow/venv/lib/python3.12/site-packages/airflow/example_dags/example_latest_only_with_trigger.py
[2024-12-13T08:22:47.929+0000] {logging_mixin.py:190} INFO - [2024-12-13T08:22:47.929+0000] {dag.py:3239} INFO - Sync 1 DAGs
[2024-12-13T08:22:47.953+0000] {logging_mixin.py:190} INFO - [2024-12-13T08:22:47.953+0000] {dag.py:4180} INFO - Setting next_dagrun for latest_only_with_trigger to 2024-12-13 04:00:00+00:00, run_after=2024-12-13 08:00:00+00:00
[2024-12-13T08:22:47.972+0000] {processor.py:208} INFO - Processing /opt/bitnami/airflow/venv/lib/python3.12/site-packages/airflow/example_dags/example_latest_only_with_trigger.py took 0.086 seconds
[2024-12-13T08:25:44.677+0000] {processor.py:186} INFO - Started process (PID=53) to work on /opt/bitnami/airflow/venv/lib/python3.12/site-packages/airflow/example_dags/example_latest_only_with_trigger.py
[2024-12-13T08:25:44.678+0000] {processor.py:914} INFO - Processing file /opt/bitnami/airflow/venv/lib/python3.12/site-packages/airflow/example_dags/example_latest_only_with_trigger.py for tasks to queue
[2024-12-13T08:25:44.679+0000] {logging_mixin.py:190} INFO - [2024-12-13T08:25:44.679+0000] {dagbag.py:588} INFO - Filling up the DagBag from /opt/bitnami/airflow/venv/lib/python3.12/site-packages/airflow/example_dags/example_latest_only_with_trigger.py
[2024-12-13T08:25:44.684+0000] {processor.py:925} INFO - DAG(s) 'latest_only_with_trigger' retrieved from /opt/bitnami/airflow/venv/lib/python3.12/site-packages/airflow/example_dags/example_latest_only_with_trigger.py
[2024-12-13T08:25:44.729+0000] {logging_mixin.py:190} INFO - [2024-12-13T08:25:44.728+0000] {dag.py:3239} INFO - Sync 1 DAGs
[2024-12-13T08:25:44.761+0000] {logging_mixin.py:190} INFO - [2024-12-13T08:25:44.761+0000] {dag.py:4180} INFO - Setting next_dagrun for latest_only_with_trigger to 2024-12-13 04:00:00+00:00, run_after=2024-12-13 08:00:00+00:00
[2024-12-13T08:25:44.785+0000] {processor.py:208} INFO - Processing /opt/bitnami/airflow/venv/lib/python3.12/site-packages/airflow/example_dags/example_latest_only_with_trigger.py took 0.113 seconds
[2024-12-13T08:26:15.401+0000] {processor.py:186} INFO - Started process (PID=110) to work on /opt/bitnami/airflow/venv/lib/python3.12/site-packages/airflow/example_dags/example_latest_only_with_trigger.py
[2024-12-13T08:26:15.402+0000] {processor.py:914} INFO - Processing file /opt/bitnami/airflow/venv/lib/python3.12/site-packages/airflow/example_dags/example_latest_only_with_trigger.py for tasks to queue
[2024-12-13T08:26:15.404+0000] {logging_mixin.py:190} INFO - [2024-12-13T08:26:15.404+0000] {dagbag.py:588} INFO - Filling up the DagBag from /opt/bitnami/airflow/venv/lib/python3.12/site-packages/airflow/example_dags/example_latest_only_with_trigger.py
[2024-12-13T08:26:15.408+0000] {processor.py:925} INFO - DAG(s) 'latest_only_with_trigger' retrieved from /opt/bitnami/airflow/venv/lib/python3.12/site-packages/airflow/example_dags/example_latest_only_with_trigger.py
[2024-12-13T08:26:15.445+0000] {logging_mixin.py:190} INFO - [2024-12-13T08:26:15.445+0000] {dag.py:3239} INFO - Sync 1 DAGs
[2024-12-13T08:26:15.482+0000] {logging_mixin.py:190} INFO - [2024-12-13T08:26:15.481+0000] {dag.py:4180} INFO - Setting next_dagrun for latest_only_with_trigger to 2024-12-13 04:00:00+00:00, run_after=2024-12-13 08:00:00+00:00
[2024-12-13T08:26:15.507+0000] {processor.py:208} INFO - Processing /opt/bitnami/airflow/venv/lib/python3.12/site-packages/airflow/example_dags/example_latest_only_with_trigger.py took 0.110 seconds
[2024-12-13T08:26:46.567+0000] {processor.py:186} INFO - Started process (PID=167) to work on /opt/bitnami/airflow/venv/lib/python3.12/site-packages/airflow/example_dags/example_latest_only_with_trigger.py
[2024-12-13T08:26:46.568+0000] {processor.py:914} INFO - Processing file /opt/bitnami/airflow/venv/lib/python3.12/site-packages/airflow/example_dags/example_latest_only_with_trigger.py for tasks to queue
[2024-12-13T08:26:46.571+0000] {logging_mixin.py:190} INFO - [2024-12-13T08:26:46.570+0000] {dagbag.py:588} INFO - Filling up the DagBag from /opt/bitnami/airflow/venv/lib/python3.12/site-packages/airflow/example_dags/example_latest_only_with_trigger.py
[2024-12-13T08:26:46.575+0000] {processor.py:925} INFO - DAG(s) 'latest_only_with_trigger' retrieved from /opt/bitnami/airflow/venv/lib/python3.12/site-packages/airflow/example_dags/example_latest_only_with_trigger.py
[2024-12-13T08:26:46.665+0000] {logging_mixin.py:190} INFO - [2024-12-13T08:26:46.665+0000] {dag.py:3239} INFO - Sync 1 DAGs
[2024-12-13T08:26:46.691+0000] {logging_mixin.py:190} INFO - [2024-12-13T08:26:46.691+0000] {dag.py:4180} INFO - Setting next_dagrun for latest_only_with_trigger to 2024-12-13 04:00:00+00:00, run_after=2024-12-13 08:00:00+00:00
[2024-12-13T08:26:46.718+0000] {processor.py:208} INFO - Processing /opt/bitnami/airflow/venv/lib/python3.12/site-packages/airflow/example_dags/example_latest_only_with_trigger.py took 0.156 seconds
[2024-12-13T08:27:17.477+0000] {processor.py:186} INFO - Started process (PID=224) to work on /opt/bitnami/airflow/venv/lib/python3.12/site-packages/airflow/example_dags/example_latest_only_with_trigger.py
[2024-12-13T08:27:17.478+0000] {processor.py:914} INFO - Processing file /opt/bitnami/airflow/venv/lib/python3.12/site-packages/airflow/example_dags/example_latest_only_with_trigger.py for tasks to queue
[2024-12-13T08:27:17.480+0000] {logging_mixin.py:190} INFO - [2024-12-13T08:27:17.480+0000] {dagbag.py:588} INFO - Filling up the DagBag from /opt/bitnami/airflow/venv/lib/python3.12/site-packages/airflow/example_dags/example_latest_only_with_trigger.py
[2024-12-13T08:27:17.484+0000] {processor.py:925} INFO - DAG(s) 'latest_only_with_trigger' retrieved from /opt/bitnami/airflow/venv/lib/python3.12/site-packages/airflow/example_dags/example_latest_only_with_trigger.py
[2024-12-13T08:27:17.529+0000] {logging_mixin.py:190} INFO - [2024-12-13T08:27:17.529+0000] {dag.py:3239} INFO - Sync 1 DAGs
[2024-12-13T08:27:17.560+0000] {logging_mixin.py:190} INFO - [2024-12-13T08:27:17.559+0000] {dag.py:4180} INFO - Setting next_dagrun for latest_only_with_trigger to 2024-12-13 04:00:00+00:00, run_after=2024-12-13 08:00:00+00:00
[2024-12-13T08:27:17.585+0000] {processor.py:208} INFO - Processing /opt/bitnami/airflow/venv/lib/python3.12/site-packages/airflow/example_dags/example_latest_only_with_trigger.py took 0.112 seconds
[2024-12-13T10:42:35.829+0000] {processor.py:186} INFO - Started process (PID=53) to work on /opt/bitnami/airflow/venv/lib/python3.12/site-packages/airflow/example_dags/example_latest_only_with_trigger.py
[2024-12-13T10:42:35.831+0000] {processor.py:914} INFO - Processing file /opt/bitnami/airflow/venv/lib/python3.12/site-packages/airflow/example_dags/example_latest_only_with_trigger.py for tasks to queue
[2024-12-13T10:42:35.834+0000] {logging_mixin.py:190} INFO - [2024-12-13T10:42:35.834+0000] {dagbag.py:588} INFO - Filling up the DagBag from /opt/bitnami/airflow/venv/lib/python3.12/site-packages/airflow/example_dags/example_latest_only_with_trigger.py
[2024-12-13T10:42:35.840+0000] {processor.py:925} INFO - DAG(s) 'latest_only_with_trigger' retrieved from /opt/bitnami/airflow/venv/lib/python3.12/site-packages/airflow/example_dags/example_latest_only_with_trigger.py
[2024-12-13T10:42:36.002+0000] {logging_mixin.py:190} INFO - [2024-12-13T10:42:36.001+0000] {override.py:1900} INFO - Created Permission View: can read on DAG:latest_only_with_trigger
[2024-12-13T10:42:36.026+0000] {logging_mixin.py:190} INFO - [2024-12-13T10:42:36.025+0000] {override.py:1900} INFO - Created Permission View: can delete on DAG:latest_only_with_trigger
[2024-12-13T10:42:36.039+0000] {logging_mixin.py:190} INFO - [2024-12-13T10:42:36.038+0000] {override.py:1900} INFO - Created Permission View: can edit on DAG:latest_only_with_trigger
[2024-12-13T10:42:36.056+0000] {logging_mixin.py:190} INFO - [2024-12-13T10:42:36.055+0000] {override.py:1900} INFO - Created Permission View: can delete on DAG Run:latest_only_with_trigger
[2024-12-13T10:42:36.069+0000] {logging_mixin.py:190} INFO - [2024-12-13T10:42:36.069+0000] {override.py:1900} INFO - Created Permission View: can read on DAG Run:latest_only_with_trigger
[2024-12-13T10:42:36.082+0000] {logging_mixin.py:190} INFO - [2024-12-13T10:42:36.081+0000] {override.py:1900} INFO - Created Permission View: can create on DAG Run:latest_only_with_trigger
[2024-12-13T10:42:36.099+0000] {logging_mixin.py:190} INFO - [2024-12-13T10:42:36.099+0000] {override.py:1900} INFO - Created Permission View: menu access on DAG Run:latest_only_with_trigger
[2024-12-13T10:42:36.101+0000] {logging_mixin.py:190} INFO - [2024-12-13T10:42:36.101+0000] {dag.py:3239} INFO - Sync 1 DAGs
[2024-12-13T10:42:36.146+0000] {logging_mixin.py:190} INFO - [2024-12-13T10:42:36.146+0000] {dag.py:3262} INFO - Creating ORM DAG for latest_only_with_trigger
[2024-12-13T10:42:36.165+0000] {logging_mixin.py:190} INFO - [2024-12-13T10:42:36.165+0000] {dag.py:4180} INFO - Setting next_dagrun for latest_only_with_trigger to 2024-12-13 04:00:00+00:00, run_after=2024-12-13 08:00:00+00:00
[2024-12-13T10:42:36.196+0000] {processor.py:208} INFO - Processing /opt/bitnami/airflow/venv/lib/python3.12/site-packages/airflow/example_dags/example_latest_only_with_trigger.py took 0.374 seconds
[2024-12-13T10:43:06.574+0000] {processor.py:186} INFO - Started process (PID=109) to work on /opt/bitnami/airflow/venv/lib/python3.12/site-packages/airflow/example_dags/example_latest_only_with_trigger.py
[2024-12-13T10:43:06.575+0000] {processor.py:914} INFO - Processing file /opt/bitnami/airflow/venv/lib/python3.12/site-packages/airflow/example_dags/example_latest_only_with_trigger.py for tasks to queue
[2024-12-13T10:43:06.577+0000] {logging_mixin.py:190} INFO - [2024-12-13T10:43:06.577+0000] {dagbag.py:588} INFO - Filling up the DagBag from /opt/bitnami/airflow/venv/lib/python3.12/site-packages/airflow/example_dags/example_latest_only_with_trigger.py
[2024-12-13T10:43:06.582+0000] {processor.py:925} INFO - DAG(s) 'latest_only_with_trigger' retrieved from /opt/bitnami/airflow/venv/lib/python3.12/site-packages/airflow/example_dags/example_latest_only_with_trigger.py
[2024-12-13T10:43:06.649+0000] {logging_mixin.py:190} INFO - [2024-12-13T10:43:06.648+0000] {dag.py:3239} INFO - Sync 1 DAGs
[2024-12-13T10:43:06.713+0000] {logging_mixin.py:190} INFO - [2024-12-13T10:43:06.712+0000] {dag.py:4180} INFO - Setting next_dagrun for latest_only_with_trigger to 2024-12-13 04:00:00+00:00, run_after=2024-12-13 08:00:00+00:00
[2024-12-13T10:43:06.742+0000] {processor.py:208} INFO - Processing /opt/bitnami/airflow/venv/lib/python3.12/site-packages/airflow/example_dags/example_latest_only_with_trigger.py took 0.172 seconds
[2024-12-13T10:43:37.220+0000] {processor.py:186} INFO - Started process (PID=166) to work on /opt/bitnami/airflow/venv/lib/python3.12/site-packages/airflow/example_dags/example_latest_only_with_trigger.py
[2024-12-13T10:43:37.222+0000] {processor.py:914} INFO - Processing file /opt/bitnami/airflow/venv/lib/python3.12/site-packages/airflow/example_dags/example_latest_only_with_trigger.py for tasks to queue
[2024-12-13T10:43:37.227+0000] {logging_mixin.py:190} INFO - [2024-12-13T10:43:37.226+0000] {dagbag.py:588} INFO - Filling up the DagBag from /opt/bitnami/airflow/venv/lib/python3.12/site-packages/airflow/example_dags/example_latest_only_with_trigger.py
[2024-12-13T10:43:37.239+0000] {processor.py:925} INFO - DAG(s) 'latest_only_with_trigger' retrieved from /opt/bitnami/airflow/venv/lib/python3.12/site-packages/airflow/example_dags/example_latest_only_with_trigger.py
[2024-12-13T10:43:37.421+0000] {logging_mixin.py:190} INFO - [2024-12-13T10:43:37.421+0000] {dag.py:3239} INFO - Sync 1 DAGs
[2024-12-13T10:43:37.481+0000] {logging_mixin.py:190} INFO - [2024-12-13T10:43:37.481+0000] {dag.py:4180} INFO - Setting next_dagrun for latest_only_with_trigger to 2024-12-13 04:00:00+00:00, run_after=2024-12-13 08:00:00+00:00
[2024-12-13T10:43:37.523+0000] {processor.py:208} INFO - Processing /opt/bitnami/airflow/venv/lib/python3.12/site-packages/airflow/example_dags/example_latest_only_with_trigger.py took 0.312 seconds
[2024-12-13T10:44:08.183+0000] {processor.py:186} INFO - Started process (PID=223) to work on /opt/bitnami/airflow/venv/lib/python3.12/site-packages/airflow/example_dags/example_latest_only_with_trigger.py
[2024-12-13T10:44:08.184+0000] {processor.py:914} INFO - Processing file /opt/bitnami/airflow/venv/lib/python3.12/site-packages/airflow/example_dags/example_latest_only_with_trigger.py for tasks to queue
[2024-12-13T10:44:08.187+0000] {logging_mixin.py:190} INFO - [2024-12-13T10:44:08.186+0000] {dagbag.py:588} INFO - Filling up the DagBag from /opt/bitnami/airflow/venv/lib/python3.12/site-packages/airflow/example_dags/example_latest_only_with_trigger.py
[2024-12-13T10:44:08.192+0000] {processor.py:925} INFO - DAG(s) 'latest_only_with_trigger' retrieved from /opt/bitnami/airflow/venv/lib/python3.12/site-packages/airflow/example_dags/example_latest_only_with_trigger.py
[2024-12-13T10:44:08.286+0000] {logging_mixin.py:190} INFO - [2024-12-13T10:44:08.285+0000] {dag.py:3239} INFO - Sync 1 DAGs
[2024-12-13T10:44:08.335+0000] {logging_mixin.py:190} INFO - [2024-12-13T10:44:08.335+0000] {dag.py:4180} INFO - Setting next_dagrun for latest_only_with_trigger to 2024-12-13 04:00:00+00:00, run_after=2024-12-13 08:00:00+00:00
[2024-12-13T10:44:08.373+0000] {processor.py:208} INFO - Processing /opt/bitnami/airflow/venv/lib/python3.12/site-packages/airflow/example_dags/example_latest_only_with_trigger.py took 0.194 seconds
[2024-12-13T10:44:39.369+0000] {processor.py:186} INFO - Started process (PID=281) to work on /opt/bitnami/airflow/venv/lib/python3.12/site-packages/airflow/example_dags/example_latest_only_with_trigger.py
[2024-12-13T10:44:39.371+0000] {processor.py:914} INFO - Processing file /opt/bitnami/airflow/venv/lib/python3.12/site-packages/airflow/example_dags/example_latest_only_with_trigger.py for tasks to queue
[2024-12-13T10:44:39.374+0000] {logging_mixin.py:190} INFO - [2024-12-13T10:44:39.374+0000] {dagbag.py:588} INFO - Filling up the DagBag from /opt/bitnami/airflow/venv/lib/python3.12/site-packages/airflow/example_dags/example_latest_only_with_trigger.py
[2024-12-13T10:44:39.379+0000] {processor.py:925} INFO - DAG(s) 'latest_only_with_trigger' retrieved from /opt/bitnami/airflow/venv/lib/python3.12/site-packages/airflow/example_dags/example_latest_only_with_trigger.py
[2024-12-13T10:44:39.467+0000] {logging_mixin.py:190} INFO - [2024-12-13T10:44:39.467+0000] {dag.py:3239} INFO - Sync 1 DAGs
[2024-12-13T10:44:39.513+0000] {logging_mixin.py:190} INFO - [2024-12-13T10:44:39.513+0000] {dag.py:4180} INFO - Setting next_dagrun for latest_only_with_trigger to 2024-12-13 04:00:00+00:00, run_after=2024-12-13 08:00:00+00:00
[2024-12-13T10:44:39.550+0000] {processor.py:208} INFO - Processing /opt/bitnami/airflow/venv/lib/python3.12/site-packages/airflow/example_dags/example_latest_only_with_trigger.py took 0.186 seconds
[2024-12-13T10:52:09.050+0000] {processor.py:186} INFO - Started process (PID=53) to work on /opt/bitnami/airflow/venv/lib/python3.12/site-packages/airflow/example_dags/example_latest_only_with_trigger.py
[2024-12-13T10:52:09.051+0000] {processor.py:914} INFO - Processing file /opt/bitnami/airflow/venv/lib/python3.12/site-packages/airflow/example_dags/example_latest_only_with_trigger.py for tasks to queue
[2024-12-13T10:52:09.053+0000] {logging_mixin.py:190} INFO - [2024-12-13T10:52:09.053+0000] {dagbag.py:588} INFO - Filling up the DagBag from /opt/bitnami/airflow/venv/lib/python3.12/site-packages/airflow/example_dags/example_latest_only_with_trigger.py
[2024-12-13T10:52:09.062+0000] {processor.py:925} INFO - DAG(s) 'latest_only_with_trigger' retrieved from /opt/bitnami/airflow/venv/lib/python3.12/site-packages/airflow/example_dags/example_latest_only_with_trigger.py
[2024-12-13T10:52:09.196+0000] {logging_mixin.py:190} INFO - [2024-12-13T10:52:09.196+0000] {override.py:1900} INFO - Created Permission View: can read on DAG:latest_only_with_trigger
[2024-12-13T10:52:09.212+0000] {logging_mixin.py:190} INFO - [2024-12-13T10:52:09.212+0000] {override.py:1900} INFO - Created Permission View: can delete on DAG:latest_only_with_trigger
[2024-12-13T10:52:09.221+0000] {logging_mixin.py:190} INFO - [2024-12-13T10:52:09.220+0000] {override.py:1900} INFO - Created Permission View: can edit on DAG:latest_only_with_trigger
[2024-12-13T10:52:09.232+0000] {logging_mixin.py:190} INFO - [2024-12-13T10:52:09.232+0000] {override.py:1900} INFO - Created Permission View: menu access on DAG Run:latest_only_with_trigger
[2024-12-13T10:52:09.241+0000] {logging_mixin.py:190} INFO - [2024-12-13T10:52:09.240+0000] {override.py:1900} INFO - Created Permission View: can read on DAG Run:latest_only_with_trigger
[2024-12-13T10:52:09.250+0000] {logging_mixin.py:190} INFO - [2024-12-13T10:52:09.250+0000] {override.py:1900} INFO - Created Permission View: can delete on DAG Run:latest_only_with_trigger
[2024-12-13T10:52:09.259+0000] {logging_mixin.py:190} INFO - [2024-12-13T10:52:09.259+0000] {override.py:1900} INFO - Created Permission View: can create on DAG Run:latest_only_with_trigger
[2024-12-13T10:52:09.260+0000] {logging_mixin.py:190} INFO - [2024-12-13T10:52:09.260+0000] {dag.py:3239} INFO - Sync 1 DAGs
[2024-12-13T10:52:09.299+0000] {logging_mixin.py:190} INFO - [2024-12-13T10:52:09.299+0000] {dag.py:3262} INFO - Creating ORM DAG for latest_only_with_trigger
[2024-12-13T10:52:09.323+0000] {logging_mixin.py:190} INFO - [2024-12-13T10:52:09.322+0000] {dag.py:4180} INFO - Setting next_dagrun for latest_only_with_trigger to 2024-12-13 04:00:00+00:00, run_after=2024-12-13 08:00:00+00:00
[2024-12-13T10:52:09.359+0000] {processor.py:208} INFO - Processing /opt/bitnami/airflow/venv/lib/python3.12/site-packages/airflow/example_dags/example_latest_only_with_trigger.py took 0.316 seconds
[2024-12-13T10:52:39.717+0000] {processor.py:186} INFO - Started process (PID=110) to work on /opt/bitnami/airflow/venv/lib/python3.12/site-packages/airflow/example_dags/example_latest_only_with_trigger.py
[2024-12-13T10:52:39.718+0000] {processor.py:914} INFO - Processing file /opt/bitnami/airflow/venv/lib/python3.12/site-packages/airflow/example_dags/example_latest_only_with_trigger.py for tasks to queue
[2024-12-13T10:52:39.721+0000] {logging_mixin.py:190} INFO - [2024-12-13T10:52:39.720+0000] {dagbag.py:588} INFO - Filling up the DagBag from /opt/bitnami/airflow/venv/lib/python3.12/site-packages/airflow/example_dags/example_latest_only_with_trigger.py
[2024-12-13T10:52:39.725+0000] {processor.py:925} INFO - DAG(s) 'latest_only_with_trigger' retrieved from /opt/bitnami/airflow/venv/lib/python3.12/site-packages/airflow/example_dags/example_latest_only_with_trigger.py
[2024-12-13T10:52:39.754+0000] {logging_mixin.py:190} INFO - [2024-12-13T10:52:39.753+0000] {dag.py:3239} INFO - Sync 1 DAGs
[2024-12-13T10:52:39.797+0000] {logging_mixin.py:190} INFO - [2024-12-13T10:52:39.797+0000] {dag.py:4180} INFO - Setting next_dagrun for latest_only_with_trigger to 2024-12-13 04:00:00+00:00, run_after=2024-12-13 08:00:00+00:00
[2024-12-13T10:52:39.826+0000] {processor.py:208} INFO - Processing /opt/bitnami/airflow/venv/lib/python3.12/site-packages/airflow/example_dags/example_latest_only_with_trigger.py took 0.115 seconds
[2024-12-13T10:53:11.419+0000] {processor.py:186} INFO - Started process (PID=167) to work on /opt/bitnami/airflow/venv/lib/python3.12/site-packages/airflow/example_dags/example_latest_only_with_trigger.py
[2024-12-13T10:53:11.421+0000] {processor.py:914} INFO - Processing file /opt/bitnami/airflow/venv/lib/python3.12/site-packages/airflow/example_dags/example_latest_only_with_trigger.py for tasks to queue
[2024-12-13T10:53:11.425+0000] {logging_mixin.py:190} INFO - [2024-12-13T10:53:11.425+0000] {dagbag.py:588} INFO - Filling up the DagBag from /opt/bitnami/airflow/venv/lib/python3.12/site-packages/airflow/example_dags/example_latest_only_with_trigger.py
[2024-12-13T10:53:11.436+0000] {processor.py:925} INFO - DAG(s) 'latest_only_with_trigger' retrieved from /opt/bitnami/airflow/venv/lib/python3.12/site-packages/airflow/example_dags/example_latest_only_with_trigger.py
[2024-12-13T10:53:11.583+0000] {logging_mixin.py:190} INFO - [2024-12-13T10:53:11.583+0000] {dag.py:3239} INFO - Sync 1 DAGs
[2024-12-13T10:53:11.637+0000] {logging_mixin.py:190} INFO - [2024-12-13T10:53:11.636+0000] {dag.py:4180} INFO - Setting next_dagrun for latest_only_with_trigger to 2024-12-13 04:00:00+00:00, run_after=2024-12-13 08:00:00+00:00
[2024-12-13T10:53:11.698+0000] {processor.py:208} INFO - Processing /opt/bitnami/airflow/venv/lib/python3.12/site-packages/airflow/example_dags/example_latest_only_with_trigger.py took 0.285 seconds
[2024-12-13T10:53:42.044+0000] {processor.py:186} INFO - Started process (PID=224) to work on /opt/bitnami/airflow/venv/lib/python3.12/site-packages/airflow/example_dags/example_latest_only_with_trigger.py
[2024-12-13T10:53:42.045+0000] {processor.py:914} INFO - Processing file /opt/bitnami/airflow/venv/lib/python3.12/site-packages/airflow/example_dags/example_latest_only_with_trigger.py for tasks to queue
[2024-12-13T10:53:42.047+0000] {logging_mixin.py:190} INFO - [2024-12-13T10:53:42.047+0000] {dagbag.py:588} INFO - Filling up the DagBag from /opt/bitnami/airflow/venv/lib/python3.12/site-packages/airflow/example_dags/example_latest_only_with_trigger.py
[2024-12-13T10:53:42.052+0000] {processor.py:925} INFO - DAG(s) 'latest_only_with_trigger' retrieved from /opt/bitnami/airflow/venv/lib/python3.12/site-packages/airflow/example_dags/example_latest_only_with_trigger.py
[2024-12-13T10:53:42.132+0000] {logging_mixin.py:190} INFO - [2024-12-13T10:53:42.131+0000] {dag.py:3239} INFO - Sync 1 DAGs
[2024-12-13T10:53:42.190+0000] {logging_mixin.py:190} INFO - [2024-12-13T10:53:42.189+0000] {dag.py:4180} INFO - Setting next_dagrun for latest_only_with_trigger to 2024-12-13 04:00:00+00:00, run_after=2024-12-13 08:00:00+00:00
[2024-12-13T10:53:42.227+0000] {processor.py:208} INFO - Processing /opt/bitnami/airflow/venv/lib/python3.12/site-packages/airflow/example_dags/example_latest_only_with_trigger.py took 0.189 seconds
[2024-12-13T10:54:12.343+0000] {processor.py:186} INFO - Started process (PID=281) to work on /opt/bitnami/airflow/venv/lib/python3.12/site-packages/airflow/example_dags/example_latest_only_with_trigger.py
[2024-12-13T10:54:12.345+0000] {processor.py:914} INFO - Processing file /opt/bitnami/airflow/venv/lib/python3.12/site-packages/airflow/example_dags/example_latest_only_with_trigger.py for tasks to queue
[2024-12-13T10:54:12.347+0000] {logging_mixin.py:190} INFO - [2024-12-13T10:54:12.347+0000] {dagbag.py:588} INFO - Filling up the DagBag from /opt/bitnami/airflow/venv/lib/python3.12/site-packages/airflow/example_dags/example_latest_only_with_trigger.py
[2024-12-13T10:54:12.352+0000] {processor.py:925} INFO - DAG(s) 'latest_only_with_trigger' retrieved from /opt/bitnami/airflow/venv/lib/python3.12/site-packages/airflow/example_dags/example_latest_only_with_trigger.py
[2024-12-13T10:54:12.419+0000] {logging_mixin.py:190} INFO - [2024-12-13T10:54:12.419+0000] {dag.py:3239} INFO - Sync 1 DAGs
[2024-12-13T10:54:12.448+0000] {logging_mixin.py:190} INFO - [2024-12-13T10:54:12.448+0000] {dag.py:4180} INFO - Setting next_dagrun for latest_only_with_trigger to 2024-12-13 04:00:00+00:00, run_after=2024-12-13 08:00:00+00:00
[2024-12-13T10:54:12.471+0000] {processor.py:208} INFO - Processing /opt/bitnami/airflow/venv/lib/python3.12/site-packages/airflow/example_dags/example_latest_only_with_trigger.py took 0.132 seconds
[2024-12-13T10:54:42.785+0000] {processor.py:186} INFO - Started process (PID=338) to work on /opt/bitnami/airflow/venv/lib/python3.12/site-packages/airflow/example_dags/example_latest_only_with_trigger.py
[2024-12-13T10:54:42.786+0000] {processor.py:914} INFO - Processing file /opt/bitnami/airflow/venv/lib/python3.12/site-packages/airflow/example_dags/example_latest_only_with_trigger.py for tasks to queue
[2024-12-13T10:54:42.788+0000] {logging_mixin.py:190} INFO - [2024-12-13T10:54:42.788+0000] {dagbag.py:588} INFO - Filling up the DagBag from /opt/bitnami/airflow/venv/lib/python3.12/site-packages/airflow/example_dags/example_latest_only_with_trigger.py
[2024-12-13T10:54:42.793+0000] {processor.py:925} INFO - DAG(s) 'latest_only_with_trigger' retrieved from /opt/bitnami/airflow/venv/lib/python3.12/site-packages/airflow/example_dags/example_latest_only_with_trigger.py
[2024-12-13T10:54:42.836+0000] {logging_mixin.py:190} INFO - [2024-12-13T10:54:42.836+0000] {dag.py:3239} INFO - Sync 1 DAGs
[2024-12-13T10:54:42.870+0000] {logging_mixin.py:190} INFO - [2024-12-13T10:54:42.870+0000] {dag.py:4180} INFO - Setting next_dagrun for latest_only_with_trigger to 2024-12-13 04:00:00+00:00, run_after=2024-12-13 08:00:00+00:00
[2024-12-13T10:54:42.896+0000] {processor.py:208} INFO - Processing /opt/bitnami/airflow/venv/lib/python3.12/site-packages/airflow/example_dags/example_latest_only_with_trigger.py took 0.117 seconds
[2024-12-13T10:55:14.007+0000] {processor.py:186} INFO - Started process (PID=395) to work on /opt/bitnami/airflow/venv/lib/python3.12/site-packages/airflow/example_dags/example_latest_only_with_trigger.py
[2024-12-13T10:55:14.008+0000] {processor.py:914} INFO - Processing file /opt/bitnami/airflow/venv/lib/python3.12/site-packages/airflow/example_dags/example_latest_only_with_trigger.py for tasks to queue
[2024-12-13T10:55:14.010+0000] {logging_mixin.py:190} INFO - [2024-12-13T10:55:14.010+0000] {dagbag.py:588} INFO - Filling up the DagBag from /opt/bitnami/airflow/venv/lib/python3.12/site-packages/airflow/example_dags/example_latest_only_with_trigger.py
[2024-12-13T10:55:14.016+0000] {processor.py:925} INFO - DAG(s) 'latest_only_with_trigger' retrieved from /opt/bitnami/airflow/venv/lib/python3.12/site-packages/airflow/example_dags/example_latest_only_with_trigger.py
[2024-12-13T10:55:14.087+0000] {logging_mixin.py:190} INFO - [2024-12-13T10:55:14.087+0000] {dag.py:3239} INFO - Sync 1 DAGs
[2024-12-13T10:55:14.130+0000] {logging_mixin.py:190} INFO - [2024-12-13T10:55:14.130+0000] {dag.py:4180} INFO - Setting next_dagrun for latest_only_with_trigger to 2024-12-13 04:00:00+00:00, run_after=2024-12-13 08:00:00+00:00
[2024-12-13T10:55:14.166+0000] {processor.py:208} INFO - Processing /opt/bitnami/airflow/venv/lib/python3.12/site-packages/airflow/example_dags/example_latest_only_with_trigger.py took 0.164 seconds
[2024-12-13T10:55:44.415+0000] {processor.py:186} INFO - Started process (PID=452) to work on /opt/bitnami/airflow/venv/lib/python3.12/site-packages/airflow/example_dags/example_latest_only_with_trigger.py
[2024-12-13T10:55:44.416+0000] {processor.py:914} INFO - Processing file /opt/bitnami/airflow/venv/lib/python3.12/site-packages/airflow/example_dags/example_latest_only_with_trigger.py for tasks to queue
[2024-12-13T10:55:44.419+0000] {logging_mixin.py:190} INFO - [2024-12-13T10:55:44.419+0000] {dagbag.py:588} INFO - Filling up the DagBag from /opt/bitnami/airflow/venv/lib/python3.12/site-packages/airflow/example_dags/example_latest_only_with_trigger.py
[2024-12-13T10:55:44.423+0000] {processor.py:925} INFO - DAG(s) 'latest_only_with_trigger' retrieved from /opt/bitnami/airflow/venv/lib/python3.12/site-packages/airflow/example_dags/example_latest_only_with_trigger.py
[2024-12-13T10:55:44.492+0000] {logging_mixin.py:190} INFO - [2024-12-13T10:55:44.492+0000] {dag.py:3239} INFO - Sync 1 DAGs
[2024-12-13T10:55:44.553+0000] {logging_mixin.py:190} INFO - [2024-12-13T10:55:44.553+0000] {dag.py:4180} INFO - Setting next_dagrun for latest_only_with_trigger to 2024-12-13 04:00:00+00:00, run_after=2024-12-13 08:00:00+00:00
[2024-12-13T10:55:44.595+0000] {processor.py:208} INFO - Processing /opt/bitnami/airflow/venv/lib/python3.12/site-packages/airflow/example_dags/example_latest_only_with_trigger.py took 0.185 seconds
[2024-12-13T10:56:14.972+0000] {processor.py:186} INFO - Started process (PID=509) to work on /opt/bitnami/airflow/venv/lib/python3.12/site-packages/airflow/example_dags/example_latest_only_with_trigger.py
[2024-12-13T10:56:14.974+0000] {processor.py:914} INFO - Processing file /opt/bitnami/airflow/venv/lib/python3.12/site-packages/airflow/example_dags/example_latest_only_with_trigger.py for tasks to queue
[2024-12-13T10:56:14.977+0000] {logging_mixin.py:190} INFO - [2024-12-13T10:56:14.977+0000] {dagbag.py:588} INFO - Filling up the DagBag from /opt/bitnami/airflow/venv/lib/python3.12/site-packages/airflow/example_dags/example_latest_only_with_trigger.py
[2024-12-13T10:56:14.987+0000] {processor.py:925} INFO - DAG(s) 'latest_only_with_trigger' retrieved from /opt/bitnami/airflow/venv/lib/python3.12/site-packages/airflow/example_dags/example_latest_only_with_trigger.py
[2024-12-13T10:56:15.067+0000] {logging_mixin.py:190} INFO - [2024-12-13T10:56:15.066+0000] {dag.py:3239} INFO - Sync 1 DAGs
[2024-12-13T10:56:15.129+0000] {logging_mixin.py:190} INFO - [2024-12-13T10:56:15.129+0000] {dag.py:4180} INFO - Setting next_dagrun for latest_only_with_trigger to 2024-12-13 04:00:00+00:00, run_after=2024-12-13 08:00:00+00:00
[2024-12-13T10:56:15.168+0000] {processor.py:208} INFO - Processing /opt/bitnami/airflow/venv/lib/python3.12/site-packages/airflow/example_dags/example_latest_only_with_trigger.py took 0.203 seconds
[2024-12-13T10:56:45.289+0000] {processor.py:186} INFO - Started process (PID=566) to work on /opt/bitnami/airflow/venv/lib/python3.12/site-packages/airflow/example_dags/example_latest_only_with_trigger.py
[2024-12-13T10:56:45.290+0000] {processor.py:914} INFO - Processing file /opt/bitnami/airflow/venv/lib/python3.12/site-packages/airflow/example_dags/example_latest_only_with_trigger.py for tasks to queue
[2024-12-13T10:56:45.292+0000] {logging_mixin.py:190} INFO - [2024-12-13T10:56:45.292+0000] {dagbag.py:588} INFO - Filling up the DagBag from /opt/bitnami/airflow/venv/lib/python3.12/site-packages/airflow/example_dags/example_latest_only_with_trigger.py
[2024-12-13T10:56:45.298+0000] {processor.py:925} INFO - DAG(s) 'latest_only_with_trigger' retrieved from /opt/bitnami/airflow/venv/lib/python3.12/site-packages/airflow/example_dags/example_latest_only_with_trigger.py
[2024-12-13T10:56:45.359+0000] {logging_mixin.py:190} INFO - [2024-12-13T10:56:45.359+0000] {dag.py:3239} INFO - Sync 1 DAGs
[2024-12-13T10:56:45.392+0000] {logging_mixin.py:190} INFO - [2024-12-13T10:56:45.392+0000] {dag.py:4180} INFO - Setting next_dagrun for latest_only_with_trigger to 2024-12-13 04:00:00+00:00, run_after=2024-12-13 08:00:00+00:00
[2024-12-13T10:56:45.412+0000] {processor.py:208} INFO - Processing /opt/bitnami/airflow/venv/lib/python3.12/site-packages/airflow/example_dags/example_latest_only_with_trigger.py took 0.128 seconds
[2024-12-13T10:57:15.793+0000] {processor.py:186} INFO - Started process (PID=623) to work on /opt/bitnami/airflow/venv/lib/python3.12/site-packages/airflow/example_dags/example_latest_only_with_trigger.py
[2024-12-13T10:57:15.794+0000] {processor.py:914} INFO - Processing file /opt/bitnami/airflow/venv/lib/python3.12/site-packages/airflow/example_dags/example_latest_only_with_trigger.py for tasks to queue
[2024-12-13T10:57:15.796+0000] {logging_mixin.py:190} INFO - [2024-12-13T10:57:15.796+0000] {dagbag.py:588} INFO - Filling up the DagBag from /opt/bitnami/airflow/venv/lib/python3.12/site-packages/airflow/example_dags/example_latest_only_with_trigger.py
[2024-12-13T10:57:15.801+0000] {processor.py:925} INFO - DAG(s) 'latest_only_with_trigger' retrieved from /opt/bitnami/airflow/venv/lib/python3.12/site-packages/airflow/example_dags/example_latest_only_with_trigger.py
[2024-12-13T10:57:15.865+0000] {logging_mixin.py:190} INFO - [2024-12-13T10:57:15.864+0000] {dag.py:3239} INFO - Sync 1 DAGs
[2024-12-13T10:57:15.902+0000] {logging_mixin.py:190} INFO - [2024-12-13T10:57:15.902+0000] {dag.py:4180} INFO - Setting next_dagrun for latest_only_with_trigger to 2024-12-13 04:00:00+00:00, run_after=2024-12-13 08:00:00+00:00
[2024-12-13T10:57:15.929+0000] {processor.py:208} INFO - Processing /opt/bitnami/airflow/venv/lib/python3.12/site-packages/airflow/example_dags/example_latest_only_with_trigger.py took 0.141 seconds
[2024-12-13T10:57:46.057+0000] {processor.py:186} INFO - Started process (PID=680) to work on /opt/bitnami/airflow/venv/lib/python3.12/site-packages/airflow/example_dags/example_latest_only_with_trigger.py
[2024-12-13T10:57:46.059+0000] {processor.py:914} INFO - Processing file /opt/bitnami/airflow/venv/lib/python3.12/site-packages/airflow/example_dags/example_latest_only_with_trigger.py for tasks to queue
[2024-12-13T10:57:46.061+0000] {logging_mixin.py:190} INFO - [2024-12-13T10:57:46.061+0000] {dagbag.py:588} INFO - Filling up the DagBag from /opt/bitnami/airflow/venv/lib/python3.12/site-packages/airflow/example_dags/example_latest_only_with_trigger.py
[2024-12-13T10:57:46.067+0000] {processor.py:925} INFO - DAG(s) 'latest_only_with_trigger' retrieved from /opt/bitnami/airflow/venv/lib/python3.12/site-packages/airflow/example_dags/example_latest_only_with_trigger.py
[2024-12-13T10:57:46.163+0000] {logging_mixin.py:190} INFO - [2024-12-13T10:57:46.162+0000] {dag.py:3239} INFO - Sync 1 DAGs
[2024-12-13T10:57:46.203+0000] {logging_mixin.py:190} INFO - [2024-12-13T10:57:46.203+0000] {dag.py:4180} INFO - Setting next_dagrun for latest_only_with_trigger to 2024-12-13 04:00:00+00:00, run_after=2024-12-13 08:00:00+00:00
[2024-12-13T10:57:46.227+0000] {processor.py:208} INFO - Processing /opt/bitnami/airflow/venv/lib/python3.12/site-packages/airflow/example_dags/example_latest_only_with_trigger.py took 0.176 seconds
[2024-12-13T10:58:17.432+0000] {processor.py:186} INFO - Started process (PID=737) to work on /opt/bitnami/airflow/venv/lib/python3.12/site-packages/airflow/example_dags/example_latest_only_with_trigger.py
[2024-12-13T10:58:17.433+0000] {processor.py:914} INFO - Processing file /opt/bitnami/airflow/venv/lib/python3.12/site-packages/airflow/example_dags/example_latest_only_with_trigger.py for tasks to queue
[2024-12-13T10:58:17.435+0000] {logging_mixin.py:190} INFO - [2024-12-13T10:58:17.435+0000] {dagbag.py:588} INFO - Filling up the DagBag from /opt/bitnami/airflow/venv/lib/python3.12/site-packages/airflow/example_dags/example_latest_only_with_trigger.py
[2024-12-13T10:58:17.442+0000] {processor.py:925} INFO - DAG(s) 'latest_only_with_trigger' retrieved from /opt/bitnami/airflow/venv/lib/python3.12/site-packages/airflow/example_dags/example_latest_only_with_trigger.py
[2024-12-13T10:58:17.490+0000] {logging_mixin.py:190} INFO - [2024-12-13T10:58:17.490+0000] {dag.py:3239} INFO - Sync 1 DAGs
[2024-12-13T10:58:17.522+0000] {logging_mixin.py:190} INFO - [2024-12-13T10:58:17.522+0000] {dag.py:4180} INFO - Setting next_dagrun for latest_only_with_trigger to 2024-12-13 04:00:00+00:00, run_after=2024-12-13 08:00:00+00:00
[2024-12-13T10:58:17.541+0000] {processor.py:208} INFO - Processing /opt/bitnami/airflow/venv/lib/python3.12/site-packages/airflow/example_dags/example_latest_only_with_trigger.py took 0.115 seconds
[2024-12-13T10:58:48.835+0000] {processor.py:186} INFO - Started process (PID=794) to work on /opt/bitnami/airflow/venv/lib/python3.12/site-packages/airflow/example_dags/example_latest_only_with_trigger.py
[2024-12-13T10:58:48.836+0000] {processor.py:914} INFO - Processing file /opt/bitnami/airflow/venv/lib/python3.12/site-packages/airflow/example_dags/example_latest_only_with_trigger.py for tasks to queue
[2024-12-13T10:58:48.838+0000] {logging_mixin.py:190} INFO - [2024-12-13T10:58:48.838+0000] {dagbag.py:588} INFO - Filling up the DagBag from /opt/bitnami/airflow/venv/lib/python3.12/site-packages/airflow/example_dags/example_latest_only_with_trigger.py
[2024-12-13T10:58:48.843+0000] {processor.py:925} INFO - DAG(s) 'latest_only_with_trigger' retrieved from /opt/bitnami/airflow/venv/lib/python3.12/site-packages/airflow/example_dags/example_latest_only_with_trigger.py
[2024-12-13T10:58:48.885+0000] {logging_mixin.py:190} INFO - [2024-12-13T10:58:48.885+0000] {dag.py:3239} INFO - Sync 1 DAGs
[2024-12-13T10:58:48.911+0000] {logging_mixin.py:190} INFO - [2024-12-13T10:58:48.911+0000] {dag.py:4180} INFO - Setting next_dagrun for latest_only_with_trigger to 2024-12-13 04:00:00+00:00, run_after=2024-12-13 08:00:00+00:00
[2024-12-13T10:58:48.933+0000] {processor.py:208} INFO - Processing /opt/bitnami/airflow/venv/lib/python3.12/site-packages/airflow/example_dags/example_latest_only_with_trigger.py took 0.103 seconds
[2024-12-13T11:07:29.428+0000] {processor.py:186} INFO - Started process (PID=53) to work on /opt/bitnami/airflow/venv/lib/python3.12/site-packages/airflow/example_dags/example_latest_only_with_trigger.py
[2024-12-13T11:07:29.429+0000] {processor.py:914} INFO - Processing file /opt/bitnami/airflow/venv/lib/python3.12/site-packages/airflow/example_dags/example_latest_only_with_trigger.py for tasks to queue
[2024-12-13T11:07:29.432+0000] {logging_mixin.py:190} INFO - [2024-12-13T11:07:29.431+0000] {dagbag.py:588} INFO - Filling up the DagBag from /opt/bitnami/airflow/venv/lib/python3.12/site-packages/airflow/example_dags/example_latest_only_with_trigger.py
[2024-12-13T11:07:29.437+0000] {processor.py:925} INFO - DAG(s) 'latest_only_with_trigger' retrieved from /opt/bitnami/airflow/venv/lib/python3.12/site-packages/airflow/example_dags/example_latest_only_with_trigger.py
[2024-12-13T11:07:29.484+0000] {logging_mixin.py:190} INFO - [2024-12-13T11:07:29.484+0000] {dag.py:3239} INFO - Sync 1 DAGs
[2024-12-13T11:07:29.523+0000] {logging_mixin.py:190} INFO - [2024-12-13T11:07:29.523+0000] {dag.py:4180} INFO - Setting next_dagrun for latest_only_with_trigger to 2024-12-13 04:00:00+00:00, run_after=2024-12-13 08:00:00+00:00
[2024-12-13T11:07:29.551+0000] {processor.py:208} INFO - Processing /opt/bitnami/airflow/venv/lib/python3.12/site-packages/airflow/example_dags/example_latest_only_with_trigger.py took 0.129 seconds
[2024-12-13T11:08:00.275+0000] {processor.py:186} INFO - Started process (PID=110) to work on /opt/bitnami/airflow/venv/lib/python3.12/site-packages/airflow/example_dags/example_latest_only_with_trigger.py
[2024-12-13T11:08:00.276+0000] {processor.py:914} INFO - Processing file /opt/bitnami/airflow/venv/lib/python3.12/site-packages/airflow/example_dags/example_latest_only_with_trigger.py for tasks to queue
[2024-12-13T11:08:00.279+0000] {logging_mixin.py:190} INFO - [2024-12-13T11:08:00.278+0000] {dagbag.py:588} INFO - Filling up the DagBag from /opt/bitnami/airflow/venv/lib/python3.12/site-packages/airflow/example_dags/example_latest_only_with_trigger.py
[2024-12-13T11:08:00.283+0000] {processor.py:925} INFO - DAG(s) 'latest_only_with_trigger' retrieved from /opt/bitnami/airflow/venv/lib/python3.12/site-packages/airflow/example_dags/example_latest_only_with_trigger.py
[2024-12-13T11:08:00.347+0000] {logging_mixin.py:190} INFO - [2024-12-13T11:08:00.347+0000] {dag.py:3239} INFO - Sync 1 DAGs
[2024-12-13T11:08:00.377+0000] {logging_mixin.py:190} INFO - [2024-12-13T11:08:00.377+0000] {dag.py:4180} INFO - Setting next_dagrun for latest_only_with_trigger to 2024-12-13 04:00:00+00:00, run_after=2024-12-13 08:00:00+00:00
[2024-12-13T11:08:00.400+0000] {processor.py:208} INFO - Processing /opt/bitnami/airflow/venv/lib/python3.12/site-packages/airflow/example_dags/example_latest_only_with_trigger.py took 0.130 seconds
[2024-12-13T11:08:31.005+0000] {processor.py:186} INFO - Started process (PID=167) to work on /opt/bitnami/airflow/venv/lib/python3.12/site-packages/airflow/example_dags/example_latest_only_with_trigger.py
[2024-12-13T11:08:31.007+0000] {processor.py:914} INFO - Processing file /opt/bitnami/airflow/venv/lib/python3.12/site-packages/airflow/example_dags/example_latest_only_with_trigger.py for tasks to queue
[2024-12-13T11:08:31.011+0000] {logging_mixin.py:190} INFO - [2024-12-13T11:08:31.010+0000] {dagbag.py:588} INFO - Filling up the DagBag from /opt/bitnami/airflow/venv/lib/python3.12/site-packages/airflow/example_dags/example_latest_only_with_trigger.py
[2024-12-13T11:08:31.021+0000] {processor.py:925} INFO - DAG(s) 'latest_only_with_trigger' retrieved from /opt/bitnami/airflow/venv/lib/python3.12/site-packages/airflow/example_dags/example_latest_only_with_trigger.py
[2024-12-13T11:08:31.178+0000] {logging_mixin.py:190} INFO - [2024-12-13T11:08:31.177+0000] {dag.py:3239} INFO - Sync 1 DAGs
[2024-12-13T11:08:31.221+0000] {logging_mixin.py:190} INFO - [2024-12-13T11:08:31.221+0000] {dag.py:4180} INFO - Setting next_dagrun for latest_only_with_trigger to 2024-12-13 04:00:00+00:00, run_after=2024-12-13 08:00:00+00:00
[2024-12-13T11:08:31.261+0000] {processor.py:208} INFO - Processing /opt/bitnami/airflow/venv/lib/python3.12/site-packages/airflow/example_dags/example_latest_only_with_trigger.py took 0.263 seconds
[2024-12-13T11:09:01.339+0000] {processor.py:186} INFO - Started process (PID=224) to work on /opt/bitnami/airflow/venv/lib/python3.12/site-packages/airflow/example_dags/example_latest_only_with_trigger.py
[2024-12-13T11:09:01.340+0000] {processor.py:914} INFO - Processing file /opt/bitnami/airflow/venv/lib/python3.12/site-packages/airflow/example_dags/example_latest_only_with_trigger.py for tasks to queue
[2024-12-13T11:09:01.344+0000] {logging_mixin.py:190} INFO - [2024-12-13T11:09:01.344+0000] {dagbag.py:588} INFO - Filling up the DagBag from /opt/bitnami/airflow/venv/lib/python3.12/site-packages/airflow/example_dags/example_latest_only_with_trigger.py
[2024-12-13T11:09:01.351+0000] {processor.py:925} INFO - DAG(s) 'latest_only_with_trigger' retrieved from /opt/bitnami/airflow/venv/lib/python3.12/site-packages/airflow/example_dags/example_latest_only_with_trigger.py
[2024-12-13T11:09:01.412+0000] {logging_mixin.py:190} INFO - [2024-12-13T11:09:01.411+0000] {dag.py:3239} INFO - Sync 1 DAGs
[2024-12-13T11:09:01.468+0000] {logging_mixin.py:190} INFO - [2024-12-13T11:09:01.468+0000] {dag.py:4180} INFO - Setting next_dagrun for latest_only_with_trigger to 2024-12-13 04:00:00+00:00, run_after=2024-12-13 08:00:00+00:00
[2024-12-13T11:09:01.520+0000] {processor.py:208} INFO - Processing /opt/bitnami/airflow/venv/lib/python3.12/site-packages/airflow/example_dags/example_latest_only_with_trigger.py took 0.190 seconds
[2024-12-13T11:09:31.573+0000] {processor.py:186} INFO - Started process (PID=280) to work on /opt/bitnami/airflow/venv/lib/python3.12/site-packages/airflow/example_dags/example_latest_only_with_trigger.py
[2024-12-13T11:09:31.574+0000] {processor.py:914} INFO - Processing file /opt/bitnami/airflow/venv/lib/python3.12/site-packages/airflow/example_dags/example_latest_only_with_trigger.py for tasks to queue
[2024-12-13T11:09:31.578+0000] {logging_mixin.py:190} INFO - [2024-12-13T11:09:31.578+0000] {dagbag.py:588} INFO - Filling up the DagBag from /opt/bitnami/airflow/venv/lib/python3.12/site-packages/airflow/example_dags/example_latest_only_with_trigger.py
[2024-12-13T11:09:31.588+0000] {processor.py:925} INFO - DAG(s) 'latest_only_with_trigger' retrieved from /opt/bitnami/airflow/venv/lib/python3.12/site-packages/airflow/example_dags/example_latest_only_with_trigger.py
[2024-12-13T11:09:31.680+0000] {logging_mixin.py:190} INFO - [2024-12-13T11:09:31.679+0000] {dag.py:3239} INFO - Sync 1 DAGs
[2024-12-13T11:09:31.734+0000] {logging_mixin.py:190} INFO - [2024-12-13T11:09:31.734+0000] {dag.py:4180} INFO - Setting next_dagrun for latest_only_with_trigger to 2024-12-13 04:00:00+00:00, run_after=2024-12-13 08:00:00+00:00
[2024-12-13T11:09:31.770+0000] {processor.py:208} INFO - Processing /opt/bitnami/airflow/venv/lib/python3.12/site-packages/airflow/example_dags/example_latest_only_with_trigger.py took 0.204 seconds
[2024-12-13T11:13:41.997+0000] {processor.py:186} INFO - Started process (PID=53) to work on /opt/bitnami/airflow/venv/lib/python3.12/site-packages/airflow/example_dags/example_latest_only_with_trigger.py
[2024-12-13T11:13:41.998+0000] {processor.py:914} INFO - Processing file /opt/bitnami/airflow/venv/lib/python3.12/site-packages/airflow/example_dags/example_latest_only_with_trigger.py for tasks to queue
[2024-12-13T11:13:42.002+0000] {logging_mixin.py:190} INFO - [2024-12-13T11:13:42.001+0000] {dagbag.py:588} INFO - Filling up the DagBag from /opt/bitnami/airflow/venv/lib/python3.12/site-packages/airflow/example_dags/example_latest_only_with_trigger.py
[2024-12-13T11:13:42.010+0000] {processor.py:925} INFO - DAG(s) 'latest_only_with_trigger' retrieved from /opt/bitnami/airflow/venv/lib/python3.12/site-packages/airflow/example_dags/example_latest_only_with_trigger.py
[2024-12-13T11:13:42.095+0000] {logging_mixin.py:190} INFO - [2024-12-13T11:13:42.094+0000] {dag.py:3239} INFO - Sync 1 DAGs
[2024-12-13T11:13:42.147+0000] {logging_mixin.py:190} INFO - [2024-12-13T11:13:42.146+0000] {dag.py:4180} INFO - Setting next_dagrun for latest_only_with_trigger to 2024-12-13 04:00:00+00:00, run_after=2024-12-13 08:00:00+00:00
[2024-12-13T11:13:42.214+0000] {processor.py:208} INFO - Processing /opt/bitnami/airflow/venv/lib/python3.12/site-packages/airflow/example_dags/example_latest_only_with_trigger.py took 0.223 seconds
[2024-12-13T11:14:12.299+0000] {processor.py:186} INFO - Started process (PID=109) to work on /opt/bitnami/airflow/venv/lib/python3.12/site-packages/airflow/example_dags/example_latest_only_with_trigger.py
[2024-12-13T11:14:12.300+0000] {processor.py:914} INFO - Processing file /opt/bitnami/airflow/venv/lib/python3.12/site-packages/airflow/example_dags/example_latest_only_with_trigger.py for tasks to queue
[2024-12-13T11:14:12.303+0000] {logging_mixin.py:190} INFO - [2024-12-13T11:14:12.302+0000] {dagbag.py:588} INFO - Filling up the DagBag from /opt/bitnami/airflow/venv/lib/python3.12/site-packages/airflow/example_dags/example_latest_only_with_trigger.py
[2024-12-13T11:14:12.307+0000] {processor.py:925} INFO - DAG(s) 'latest_only_with_trigger' retrieved from /opt/bitnami/airflow/venv/lib/python3.12/site-packages/airflow/example_dags/example_latest_only_with_trigger.py
[2024-12-13T11:14:12.359+0000] {logging_mixin.py:190} INFO - [2024-12-13T11:14:12.359+0000] {dag.py:3239} INFO - Sync 1 DAGs
[2024-12-13T11:14:12.413+0000] {logging_mixin.py:190} INFO - [2024-12-13T11:14:12.413+0000] {dag.py:4180} INFO - Setting next_dagrun for latest_only_with_trigger to 2024-12-13 04:00:00+00:00, run_after=2024-12-13 08:00:00+00:00
[2024-12-13T11:14:12.458+0000] {processor.py:208} INFO - Processing /opt/bitnami/airflow/venv/lib/python3.12/site-packages/airflow/example_dags/example_latest_only_with_trigger.py took 0.165 seconds
[2024-12-13T11:14:43.862+0000] {processor.py:186} INFO - Started process (PID=167) to work on /opt/bitnami/airflow/venv/lib/python3.12/site-packages/airflow/example_dags/example_latest_only_with_trigger.py
[2024-12-13T11:14:43.864+0000] {processor.py:914} INFO - Processing file /opt/bitnami/airflow/venv/lib/python3.12/site-packages/airflow/example_dags/example_latest_only_with_trigger.py for tasks to queue
[2024-12-13T11:14:43.867+0000] {logging_mixin.py:190} INFO - [2024-12-13T11:14:43.867+0000] {dagbag.py:588} INFO - Filling up the DagBag from /opt/bitnami/airflow/venv/lib/python3.12/site-packages/airflow/example_dags/example_latest_only_with_trigger.py
[2024-12-13T11:14:43.874+0000] {processor.py:925} INFO - DAG(s) 'latest_only_with_trigger' retrieved from /opt/bitnami/airflow/venv/lib/python3.12/site-packages/airflow/example_dags/example_latest_only_with_trigger.py
[2024-12-13T11:14:44.020+0000] {logging_mixin.py:190} INFO - [2024-12-13T11:14:44.019+0000] {dag.py:3239} INFO - Sync 1 DAGs
[2024-12-13T11:14:44.063+0000] {logging_mixin.py:190} INFO - [2024-12-13T11:14:44.063+0000] {dag.py:4180} INFO - Setting next_dagrun for latest_only_with_trigger to 2024-12-13 04:00:00+00:00, run_after=2024-12-13 08:00:00+00:00
[2024-12-13T11:14:44.104+0000] {processor.py:208} INFO - Processing /opt/bitnami/airflow/venv/lib/python3.12/site-packages/airflow/example_dags/example_latest_only_with_trigger.py took 0.249 seconds
[2024-12-13T11:15:14.356+0000] {processor.py:186} INFO - Started process (PID=224) to work on /opt/bitnami/airflow/venv/lib/python3.12/site-packages/airflow/example_dags/example_latest_only_with_trigger.py
[2024-12-13T11:15:14.358+0000] {processor.py:914} INFO - Processing file /opt/bitnami/airflow/venv/lib/python3.12/site-packages/airflow/example_dags/example_latest_only_with_trigger.py for tasks to queue
[2024-12-13T11:15:14.362+0000] {logging_mixin.py:190} INFO - [2024-12-13T11:15:14.362+0000] {dagbag.py:588} INFO - Filling up the DagBag from /opt/bitnami/airflow/venv/lib/python3.12/site-packages/airflow/example_dags/example_latest_only_with_trigger.py
[2024-12-13T11:15:14.369+0000] {processor.py:925} INFO - DAG(s) 'latest_only_with_trigger' retrieved from /opt/bitnami/airflow/venv/lib/python3.12/site-packages/airflow/example_dags/example_latest_only_with_trigger.py
[2024-12-13T11:15:14.475+0000] {logging_mixin.py:190} INFO - [2024-12-13T11:15:14.474+0000] {dag.py:3239} INFO - Sync 1 DAGs
[2024-12-13T11:15:14.537+0000] {logging_mixin.py:190} INFO - [2024-12-13T11:15:14.537+0000] {dag.py:4180} INFO - Setting next_dagrun for latest_only_with_trigger to 2024-12-13 04:00:00+00:00, run_after=2024-12-13 08:00:00+00:00
[2024-12-13T11:15:14.573+0000] {processor.py:208} INFO - Processing /opt/bitnami/airflow/venv/lib/python3.12/site-packages/airflow/example_dags/example_latest_only_with_trigger.py took 0.222 seconds
[2024-12-13T11:57:07.287+0000] {processor.py:186} INFO - Started process (PID=53) to work on /opt/bitnami/airflow/venv/lib/python3.12/site-packages/airflow/example_dags/example_latest_only_with_trigger.py
[2024-12-13T11:57:07.289+0000] {processor.py:914} INFO - Processing file /opt/bitnami/airflow/venv/lib/python3.12/site-packages/airflow/example_dags/example_latest_only_with_trigger.py for tasks to queue
[2024-12-13T11:57:07.292+0000] {logging_mixin.py:190} INFO - [2024-12-13T11:57:07.291+0000] {dagbag.py:588} INFO - Filling up the DagBag from /opt/bitnami/airflow/venv/lib/python3.12/site-packages/airflow/example_dags/example_latest_only_with_trigger.py
[2024-12-13T11:57:07.296+0000] {processor.py:925} INFO - DAG(s) 'latest_only_with_trigger' retrieved from /opt/bitnami/airflow/venv/lib/python3.12/site-packages/airflow/example_dags/example_latest_only_with_trigger.py
[2024-12-13T11:57:07.336+0000] {logging_mixin.py:190} INFO - [2024-12-13T11:57:07.335+0000] {dag.py:3239} INFO - Sync 1 DAGs
[2024-12-13T11:57:07.365+0000] {logging_mixin.py:190} INFO - [2024-12-13T11:57:07.364+0000] {dag.py:4180} INFO - Setting next_dagrun for latest_only_with_trigger to 2024-12-13 04:00:00+00:00, run_after=2024-12-13 08:00:00+00:00
[2024-12-13T11:57:07.385+0000] {processor.py:208} INFO - Processing /opt/bitnami/airflow/venv/lib/python3.12/site-packages/airflow/example_dags/example_latest_only_with_trigger.py took 0.104 seconds
[2024-12-13T11:57:38.286+0000] {processor.py:186} INFO - Started process (PID=110) to work on /opt/bitnami/airflow/venv/lib/python3.12/site-packages/airflow/example_dags/example_latest_only_with_trigger.py
[2024-12-13T11:57:38.287+0000] {processor.py:914} INFO - Processing file /opt/bitnami/airflow/venv/lib/python3.12/site-packages/airflow/example_dags/example_latest_only_with_trigger.py for tasks to queue
[2024-12-13T11:57:38.289+0000] {logging_mixin.py:190} INFO - [2024-12-13T11:57:38.289+0000] {dagbag.py:588} INFO - Filling up the DagBag from /opt/bitnami/airflow/venv/lib/python3.12/site-packages/airflow/example_dags/example_latest_only_with_trigger.py
[2024-12-13T11:57:38.293+0000] {processor.py:925} INFO - DAG(s) 'latest_only_with_trigger' retrieved from /opt/bitnami/airflow/venv/lib/python3.12/site-packages/airflow/example_dags/example_latest_only_with_trigger.py
[2024-12-13T11:57:38.325+0000] {logging_mixin.py:190} INFO - [2024-12-13T11:57:38.325+0000] {dag.py:3239} INFO - Sync 1 DAGs
[2024-12-13T11:57:38.355+0000] {logging_mixin.py:190} INFO - [2024-12-13T11:57:38.355+0000] {dag.py:4180} INFO - Setting next_dagrun for latest_only_with_trigger to 2024-12-13 04:00:00+00:00, run_after=2024-12-13 08:00:00+00:00
[2024-12-13T11:57:38.379+0000] {processor.py:208} INFO - Processing /opt/bitnami/airflow/venv/lib/python3.12/site-packages/airflow/example_dags/example_latest_only_with_trigger.py took 0.097 seconds
[2024-12-13T11:58:32.828+0000] {processor.py:186} INFO - Started process (PID=53) to work on /opt/bitnami/airflow/venv/lib/python3.12/site-packages/airflow/example_dags/example_latest_only_with_trigger.py
[2024-12-13T11:58:32.829+0000] {processor.py:914} INFO - Processing file /opt/bitnami/airflow/venv/lib/python3.12/site-packages/airflow/example_dags/example_latest_only_with_trigger.py for tasks to queue
[2024-12-13T11:58:32.831+0000] {logging_mixin.py:190} INFO - [2024-12-13T11:58:32.830+0000] {dagbag.py:588} INFO - Filling up the DagBag from /opt/bitnami/airflow/venv/lib/python3.12/site-packages/airflow/example_dags/example_latest_only_with_trigger.py
[2024-12-13T11:58:32.836+0000] {processor.py:925} INFO - DAG(s) 'latest_only_with_trigger' retrieved from /opt/bitnami/airflow/venv/lib/python3.12/site-packages/airflow/example_dags/example_latest_only_with_trigger.py
[2024-12-13T11:58:32.868+0000] {logging_mixin.py:190} INFO - [2024-12-13T11:58:32.868+0000] {dag.py:3239} INFO - Sync 1 DAGs
[2024-12-13T11:58:32.906+0000] {logging_mixin.py:190} INFO - [2024-12-13T11:58:32.906+0000] {dag.py:4180} INFO - Setting next_dagrun for latest_only_with_trigger to 2024-12-13 04:00:00+00:00, run_after=2024-12-13 08:00:00+00:00
[2024-12-13T11:58:32.947+0000] {processor.py:208} INFO - Processing /opt/bitnami/airflow/venv/lib/python3.12/site-packages/airflow/example_dags/example_latest_only_with_trigger.py took 0.123 seconds
[2024-12-13T11:59:03.673+0000] {processor.py:186} INFO - Started process (PID=110) to work on /opt/bitnami/airflow/venv/lib/python3.12/site-packages/airflow/example_dags/example_latest_only_with_trigger.py
[2024-12-13T11:59:03.675+0000] {processor.py:914} INFO - Processing file /opt/bitnami/airflow/venv/lib/python3.12/site-packages/airflow/example_dags/example_latest_only_with_trigger.py for tasks to queue
[2024-12-13T11:59:03.677+0000] {logging_mixin.py:190} INFO - [2024-12-13T11:59:03.677+0000] {dagbag.py:588} INFO - Filling up the DagBag from /opt/bitnami/airflow/venv/lib/python3.12/site-packages/airflow/example_dags/example_latest_only_with_trigger.py
[2024-12-13T11:59:03.683+0000] {processor.py:925} INFO - DAG(s) 'latest_only_with_trigger' retrieved from /opt/bitnami/airflow/venv/lib/python3.12/site-packages/airflow/example_dags/example_latest_only_with_trigger.py
[2024-12-13T11:59:03.759+0000] {logging_mixin.py:190} INFO - [2024-12-13T11:59:03.758+0000] {dag.py:3239} INFO - Sync 1 DAGs
[2024-12-13T11:59:03.802+0000] {logging_mixin.py:190} INFO - [2024-12-13T11:59:03.801+0000] {dag.py:4180} INFO - Setting next_dagrun for latest_only_with_trigger to 2024-12-13 04:00:00+00:00, run_after=2024-12-13 08:00:00+00:00
[2024-12-13T11:59:03.849+0000] {processor.py:208} INFO - Processing /opt/bitnami/airflow/venv/lib/python3.12/site-packages/airflow/example_dags/example_latest_only_with_trigger.py took 0.182 seconds
[2024-12-13T11:59:34.309+0000] {processor.py:186} INFO - Started process (PID=167) to work on /opt/bitnami/airflow/venv/lib/python3.12/site-packages/airflow/example_dags/example_latest_only_with_trigger.py
[2024-12-13T11:59:34.310+0000] {processor.py:914} INFO - Processing file /opt/bitnami/airflow/venv/lib/python3.12/site-packages/airflow/example_dags/example_latest_only_with_trigger.py for tasks to queue
[2024-12-13T11:59:34.312+0000] {logging_mixin.py:190} INFO - [2024-12-13T11:59:34.312+0000] {dagbag.py:588} INFO - Filling up the DagBag from /opt/bitnami/airflow/venv/lib/python3.12/site-packages/airflow/example_dags/example_latest_only_with_trigger.py
[2024-12-13T11:59:34.317+0000] {processor.py:925} INFO - DAG(s) 'latest_only_with_trigger' retrieved from /opt/bitnami/airflow/venv/lib/python3.12/site-packages/airflow/example_dags/example_latest_only_with_trigger.py
[2024-12-13T11:59:34.398+0000] {logging_mixin.py:190} INFO - [2024-12-13T11:59:34.397+0000] {dag.py:3239} INFO - Sync 1 DAGs
[2024-12-13T11:59:34.426+0000] {logging_mixin.py:190} INFO - [2024-12-13T11:59:34.426+0000] {dag.py:4180} INFO - Setting next_dagrun for latest_only_with_trigger to 2024-12-13 04:00:00+00:00, run_after=2024-12-13 08:00:00+00:00
[2024-12-13T11:59:34.448+0000] {processor.py:208} INFO - Processing /opt/bitnami/airflow/venv/lib/python3.12/site-packages/airflow/example_dags/example_latest_only_with_trigger.py took 0.144 seconds
[2024-12-13T12:00:05.214+0000] {processor.py:186} INFO - Started process (PID=224) to work on /opt/bitnami/airflow/venv/lib/python3.12/site-packages/airflow/example_dags/example_latest_only_with_trigger.py
[2024-12-13T12:00:05.215+0000] {processor.py:914} INFO - Processing file /opt/bitnami/airflow/venv/lib/python3.12/site-packages/airflow/example_dags/example_latest_only_with_trigger.py for tasks to queue
[2024-12-13T12:00:05.217+0000] {logging_mixin.py:190} INFO - [2024-12-13T12:00:05.217+0000] {dagbag.py:588} INFO - Filling up the DagBag from /opt/bitnami/airflow/venv/lib/python3.12/site-packages/airflow/example_dags/example_latest_only_with_trigger.py
[2024-12-13T12:00:05.222+0000] {processor.py:925} INFO - DAG(s) 'latest_only_with_trigger' retrieved from /opt/bitnami/airflow/venv/lib/python3.12/site-packages/airflow/example_dags/example_latest_only_with_trigger.py
[2024-12-13T12:00:05.273+0000] {logging_mixin.py:190} INFO - [2024-12-13T12:00:05.272+0000] {dag.py:3239} INFO - Sync 1 DAGs
[2024-12-13T12:00:05.301+0000] {logging_mixin.py:190} INFO - [2024-12-13T12:00:05.301+0000] {dag.py:4180} INFO - Setting next_dagrun for latest_only_with_trigger to 2024-12-13 08:00:00+00:00, run_after=2024-12-13 12:00:00+00:00
[2024-12-13T12:00:05.321+0000] {processor.py:208} INFO - Processing /opt/bitnami/airflow/venv/lib/python3.12/site-packages/airflow/example_dags/example_latest_only_with_trigger.py took 0.112 seconds
[2024-12-13T12:00:35.577+0000] {processor.py:186} INFO - Started process (PID=281) to work on /opt/bitnami/airflow/venv/lib/python3.12/site-packages/airflow/example_dags/example_latest_only_with_trigger.py
[2024-12-13T12:00:35.578+0000] {processor.py:914} INFO - Processing file /opt/bitnami/airflow/venv/lib/python3.12/site-packages/airflow/example_dags/example_latest_only_with_trigger.py for tasks to queue
[2024-12-13T12:00:35.580+0000] {logging_mixin.py:190} INFO - [2024-12-13T12:00:35.580+0000] {dagbag.py:588} INFO - Filling up the DagBag from /opt/bitnami/airflow/venv/lib/python3.12/site-packages/airflow/example_dags/example_latest_only_with_trigger.py
[2024-12-13T12:00:35.584+0000] {processor.py:925} INFO - DAG(s) 'latest_only_with_trigger' retrieved from /opt/bitnami/airflow/venv/lib/python3.12/site-packages/airflow/example_dags/example_latest_only_with_trigger.py
[2024-12-13T12:00:35.619+0000] {logging_mixin.py:190} INFO - [2024-12-13T12:00:35.619+0000] {dag.py:3239} INFO - Sync 1 DAGs
[2024-12-13T12:00:35.649+0000] {logging_mixin.py:190} INFO - [2024-12-13T12:00:35.649+0000] {dag.py:4180} INFO - Setting next_dagrun for latest_only_with_trigger to 2024-12-13 08:00:00+00:00, run_after=2024-12-13 12:00:00+00:00
[2024-12-13T12:00:35.673+0000] {processor.py:208} INFO - Processing /opt/bitnami/airflow/venv/lib/python3.12/site-packages/airflow/example_dags/example_latest_only_with_trigger.py took 0.100 seconds
[2024-12-13T12:01:06.318+0000] {processor.py:186} INFO - Started process (PID=338) to work on /opt/bitnami/airflow/venv/lib/python3.12/site-packages/airflow/example_dags/example_latest_only_with_trigger.py
[2024-12-13T12:01:06.318+0000] {processor.py:914} INFO - Processing file /opt/bitnami/airflow/venv/lib/python3.12/site-packages/airflow/example_dags/example_latest_only_with_trigger.py for tasks to queue
[2024-12-13T12:01:06.320+0000] {logging_mixin.py:190} INFO - [2024-12-13T12:01:06.320+0000] {dagbag.py:588} INFO - Filling up the DagBag from /opt/bitnami/airflow/venv/lib/python3.12/site-packages/airflow/example_dags/example_latest_only_with_trigger.py
[2024-12-13T12:01:06.325+0000] {processor.py:925} INFO - DAG(s) 'latest_only_with_trigger' retrieved from /opt/bitnami/airflow/venv/lib/python3.12/site-packages/airflow/example_dags/example_latest_only_with_trigger.py
[2024-12-13T12:01:06.358+0000] {logging_mixin.py:190} INFO - [2024-12-13T12:01:06.357+0000] {dag.py:3239} INFO - Sync 1 DAGs
[2024-12-13T12:01:06.386+0000] {logging_mixin.py:190} INFO - [2024-12-13T12:01:06.386+0000] {dag.py:4180} INFO - Setting next_dagrun for latest_only_with_trigger to 2024-12-13 08:00:00+00:00, run_after=2024-12-13 12:00:00+00:00
[2024-12-13T12:01:06.408+0000] {processor.py:208} INFO - Processing /opt/bitnami/airflow/venv/lib/python3.12/site-packages/airflow/example_dags/example_latest_only_with_trigger.py took 0.095 seconds
[2024-12-13T12:01:36.983+0000] {processor.py:186} INFO - Started process (PID=395) to work on /opt/bitnami/airflow/venv/lib/python3.12/site-packages/airflow/example_dags/example_latest_only_with_trigger.py
[2024-12-13T12:01:36.984+0000] {processor.py:914} INFO - Processing file /opt/bitnami/airflow/venv/lib/python3.12/site-packages/airflow/example_dags/example_latest_only_with_trigger.py for tasks to queue
[2024-12-13T12:01:36.986+0000] {logging_mixin.py:190} INFO - [2024-12-13T12:01:36.986+0000] {dagbag.py:588} INFO - Filling up the DagBag from /opt/bitnami/airflow/venv/lib/python3.12/site-packages/airflow/example_dags/example_latest_only_with_trigger.py
[2024-12-13T12:01:36.991+0000] {processor.py:925} INFO - DAG(s) 'latest_only_with_trigger' retrieved from /opt/bitnami/airflow/venv/lib/python3.12/site-packages/airflow/example_dags/example_latest_only_with_trigger.py
[2024-12-13T12:01:37.037+0000] {logging_mixin.py:190} INFO - [2024-12-13T12:01:37.036+0000] {dag.py:3239} INFO - Sync 1 DAGs
[2024-12-13T12:01:37.073+0000] {logging_mixin.py:190} INFO - [2024-12-13T12:01:37.072+0000] {dag.py:4180} INFO - Setting next_dagrun for latest_only_with_trigger to 2024-12-13 08:00:00+00:00, run_after=2024-12-13 12:00:00+00:00
[2024-12-13T12:01:37.097+0000] {processor.py:208} INFO - Processing /opt/bitnami/airflow/venv/lib/python3.12/site-packages/airflow/example_dags/example_latest_only_with_trigger.py took 0.119 seconds
[2024-12-13T12:02:07.976+0000] {processor.py:186} INFO - Started process (PID=452) to work on /opt/bitnami/airflow/venv/lib/python3.12/site-packages/airflow/example_dags/example_latest_only_with_trigger.py
[2024-12-13T12:02:07.978+0000] {processor.py:914} INFO - Processing file /opt/bitnami/airflow/venv/lib/python3.12/site-packages/airflow/example_dags/example_latest_only_with_trigger.py for tasks to queue
[2024-12-13T12:02:07.981+0000] {logging_mixin.py:190} INFO - [2024-12-13T12:02:07.981+0000] {dagbag.py:588} INFO - Filling up the DagBag from /opt/bitnami/airflow/venv/lib/python3.12/site-packages/airflow/example_dags/example_latest_only_with_trigger.py
[2024-12-13T12:02:07.988+0000] {processor.py:925} INFO - DAG(s) 'latest_only_with_trigger' retrieved from /opt/bitnami/airflow/venv/lib/python3.12/site-packages/airflow/example_dags/example_latest_only_with_trigger.py
[2024-12-13T12:02:08.038+0000] {logging_mixin.py:190} INFO - [2024-12-13T12:02:08.037+0000] {dag.py:3239} INFO - Sync 1 DAGs
[2024-12-13T12:02:08.089+0000] {logging_mixin.py:190} INFO - [2024-12-13T12:02:08.088+0000] {dag.py:4180} INFO - Setting next_dagrun for latest_only_with_trigger to 2024-12-13 08:00:00+00:00, run_after=2024-12-13 12:00:00+00:00
[2024-12-13T12:02:08.154+0000] {processor.py:208} INFO - Processing /opt/bitnami/airflow/venv/lib/python3.12/site-packages/airflow/example_dags/example_latest_only_with_trigger.py took 0.184 seconds
