[2024-12-13T08:19:44.516+0000] {processor.py:186} INFO - Started process (PID=64) to work on /opt/bitnami/airflow/venv/lib/python3.12/site-packages/airflow/example_dags/example_task_group.py
[2024-12-13T08:19:44.516+0000] {processor.py:914} INFO - Processing file /opt/bitnami/airflow/venv/lib/python3.12/site-packages/airflow/example_dags/example_task_group.py for tasks to queue
[2024-12-13T08:19:44.518+0000] {logging_mixin.py:190} INFO - [2024-12-13T08:19:44.518+0000] {dagbag.py:588} INFO - Filling up the DagBag from /opt/bitnami/airflow/venv/lib/python3.12/site-packages/airflow/example_dags/example_task_group.py
[2024-12-13T08:19:44.524+0000] {processor.py:925} INFO - DAG(s) 'example_task_group' retrieved from /opt/bitnami/airflow/venv/lib/python3.12/site-packages/airflow/example_dags/example_task_group.py
[2024-12-13T08:19:44.555+0000] {logging_mixin.py:190} INFO - [2024-12-13T08:19:44.555+0000] {dag.py:3239} INFO - Sync 1 DAGs
[2024-12-13T08:19:44.576+0000] {logging_mixin.py:190} INFO - [2024-12-13T08:19:44.576+0000] {dag.py:4180} INFO - Setting next_dagrun for example_task_group to None, run_after=None
[2024-12-13T08:19:44.597+0000] {processor.py:208} INFO - Processing /opt/bitnami/airflow/venv/lib/python3.12/site-packages/airflow/example_dags/example_task_group.py took 0.086 seconds
[2024-12-13T08:20:14.678+0000] {processor.py:186} INFO - Started process (PID=120) to work on /opt/bitnami/airflow/venv/lib/python3.12/site-packages/airflow/example_dags/example_task_group.py
[2024-12-13T08:20:14.679+0000] {processor.py:914} INFO - Processing file /opt/bitnami/airflow/venv/lib/python3.12/site-packages/airflow/example_dags/example_task_group.py for tasks to queue
[2024-12-13T08:20:14.681+0000] {logging_mixin.py:190} INFO - [2024-12-13T08:20:14.680+0000] {dagbag.py:588} INFO - Filling up the DagBag from /opt/bitnami/airflow/venv/lib/python3.12/site-packages/airflow/example_dags/example_task_group.py
[2024-12-13T08:20:14.687+0000] {processor.py:925} INFO - DAG(s) 'example_task_group' retrieved from /opt/bitnami/airflow/venv/lib/python3.12/site-packages/airflow/example_dags/example_task_group.py
[2024-12-13T08:20:14.728+0000] {logging_mixin.py:190} INFO - [2024-12-13T08:20:14.728+0000] {dag.py:3239} INFO - Sync 1 DAGs
[2024-12-13T08:20:14.745+0000] {logging_mixin.py:190} INFO - [2024-12-13T08:20:14.744+0000] {dag.py:4180} INFO - Setting next_dagrun for example_task_group to None, run_after=None
[2024-12-13T08:20:14.767+0000] {processor.py:208} INFO - Processing /opt/bitnami/airflow/venv/lib/python3.12/site-packages/airflow/example_dags/example_task_group.py took 0.102 seconds
[2024-12-13T08:20:45.418+0000] {processor.py:186} INFO - Started process (PID=178) to work on /opt/bitnami/airflow/venv/lib/python3.12/site-packages/airflow/example_dags/example_task_group.py
[2024-12-13T08:20:45.419+0000] {processor.py:914} INFO - Processing file /opt/bitnami/airflow/venv/lib/python3.12/site-packages/airflow/example_dags/example_task_group.py for tasks to queue
[2024-12-13T08:20:45.423+0000] {logging_mixin.py:190} INFO - [2024-12-13T08:20:45.422+0000] {dagbag.py:588} INFO - Filling up the DagBag from /opt/bitnami/airflow/venv/lib/python3.12/site-packages/airflow/example_dags/example_task_group.py
[2024-12-13T08:20:45.432+0000] {processor.py:925} INFO - DAG(s) 'example_task_group' retrieved from /opt/bitnami/airflow/venv/lib/python3.12/site-packages/airflow/example_dags/example_task_group.py
[2024-12-13T08:20:45.483+0000] {logging_mixin.py:190} INFO - [2024-12-13T08:20:45.482+0000] {dag.py:3239} INFO - Sync 1 DAGs
[2024-12-13T08:20:45.504+0000] {logging_mixin.py:190} INFO - [2024-12-13T08:20:45.504+0000] {dag.py:4180} INFO - Setting next_dagrun for example_task_group to None, run_after=None
[2024-12-13T08:20:45.528+0000] {processor.py:208} INFO - Processing /opt/bitnami/airflow/venv/lib/python3.12/site-packages/airflow/example_dags/example_task_group.py took 0.117 seconds
[2024-12-13T08:21:16.140+0000] {processor.py:186} INFO - Started process (PID=235) to work on /opt/bitnami/airflow/venv/lib/python3.12/site-packages/airflow/example_dags/example_task_group.py
[2024-12-13T08:21:16.141+0000] {processor.py:914} INFO - Processing file /opt/bitnami/airflow/venv/lib/python3.12/site-packages/airflow/example_dags/example_task_group.py for tasks to queue
[2024-12-13T08:21:16.144+0000] {logging_mixin.py:190} INFO - [2024-12-13T08:21:16.143+0000] {dagbag.py:588} INFO - Filling up the DagBag from /opt/bitnami/airflow/venv/lib/python3.12/site-packages/airflow/example_dags/example_task_group.py
[2024-12-13T08:21:16.150+0000] {processor.py:925} INFO - DAG(s) 'example_task_group' retrieved from /opt/bitnami/airflow/venv/lib/python3.12/site-packages/airflow/example_dags/example_task_group.py
[2024-12-13T08:21:16.238+0000] {logging_mixin.py:190} INFO - [2024-12-13T08:21:16.238+0000] {dag.py:3239} INFO - Sync 1 DAGs
[2024-12-13T08:21:16.255+0000] {logging_mixin.py:190} INFO - [2024-12-13T08:21:16.254+0000] {dag.py:4180} INFO - Setting next_dagrun for example_task_group to None, run_after=None
[2024-12-13T08:21:16.279+0000] {processor.py:208} INFO - Processing /opt/bitnami/airflow/venv/lib/python3.12/site-packages/airflow/example_dags/example_task_group.py took 0.144 seconds
[2024-12-13T08:21:47.357+0000] {processor.py:186} INFO - Started process (PID=292) to work on /opt/bitnami/airflow/venv/lib/python3.12/site-packages/airflow/example_dags/example_task_group.py
[2024-12-13T08:21:47.359+0000] {processor.py:914} INFO - Processing file /opt/bitnami/airflow/venv/lib/python3.12/site-packages/airflow/example_dags/example_task_group.py for tasks to queue
[2024-12-13T08:21:47.362+0000] {logging_mixin.py:190} INFO - [2024-12-13T08:21:47.362+0000] {dagbag.py:588} INFO - Filling up the DagBag from /opt/bitnami/airflow/venv/lib/python3.12/site-packages/airflow/example_dags/example_task_group.py
[2024-12-13T08:21:47.370+0000] {processor.py:925} INFO - DAG(s) 'example_task_group' retrieved from /opt/bitnami/airflow/venv/lib/python3.12/site-packages/airflow/example_dags/example_task_group.py
[2024-12-13T08:21:47.423+0000] {logging_mixin.py:190} INFO - [2024-12-13T08:21:47.423+0000] {dag.py:3239} INFO - Sync 1 DAGs
[2024-12-13T08:21:47.443+0000] {logging_mixin.py:190} INFO - [2024-12-13T08:21:47.443+0000] {dag.py:4180} INFO - Setting next_dagrun for example_task_group to None, run_after=None
[2024-12-13T08:21:47.469+0000] {processor.py:208} INFO - Processing /opt/bitnami/airflow/venv/lib/python3.12/site-packages/airflow/example_dags/example_task_group.py took 0.118 seconds
[2024-12-13T08:22:17.610+0000] {processor.py:186} INFO - Started process (PID=349) to work on /opt/bitnami/airflow/venv/lib/python3.12/site-packages/airflow/example_dags/example_task_group.py
[2024-12-13T08:22:17.611+0000] {processor.py:914} INFO - Processing file /opt/bitnami/airflow/venv/lib/python3.12/site-packages/airflow/example_dags/example_task_group.py for tasks to queue
[2024-12-13T08:22:17.613+0000] {logging_mixin.py:190} INFO - [2024-12-13T08:22:17.612+0000] {dagbag.py:588} INFO - Filling up the DagBag from /opt/bitnami/airflow/venv/lib/python3.12/site-packages/airflow/example_dags/example_task_group.py
[2024-12-13T08:22:17.618+0000] {processor.py:925} INFO - DAG(s) 'example_task_group' retrieved from /opt/bitnami/airflow/venv/lib/python3.12/site-packages/airflow/example_dags/example_task_group.py
[2024-12-13T08:22:17.654+0000] {logging_mixin.py:190} INFO - [2024-12-13T08:22:17.654+0000] {dag.py:3239} INFO - Sync 1 DAGs
[2024-12-13T08:22:17.675+0000] {logging_mixin.py:190} INFO - [2024-12-13T08:22:17.675+0000] {dag.py:4180} INFO - Setting next_dagrun for example_task_group to None, run_after=None
[2024-12-13T08:22:17.697+0000] {processor.py:208} INFO - Processing /opt/bitnami/airflow/venv/lib/python3.12/site-packages/airflow/example_dags/example_task_group.py took 0.091 seconds
[2024-12-13T08:22:48.476+0000] {processor.py:186} INFO - Started process (PID=406) to work on /opt/bitnami/airflow/venv/lib/python3.12/site-packages/airflow/example_dags/example_task_group.py
[2024-12-13T08:22:48.477+0000] {processor.py:914} INFO - Processing file /opt/bitnami/airflow/venv/lib/python3.12/site-packages/airflow/example_dags/example_task_group.py for tasks to queue
[2024-12-13T08:22:48.479+0000] {logging_mixin.py:190} INFO - [2024-12-13T08:22:48.479+0000] {dagbag.py:588} INFO - Filling up the DagBag from /opt/bitnami/airflow/venv/lib/python3.12/site-packages/airflow/example_dags/example_task_group.py
[2024-12-13T08:22:48.485+0000] {processor.py:925} INFO - DAG(s) 'example_task_group' retrieved from /opt/bitnami/airflow/venv/lib/python3.12/site-packages/airflow/example_dags/example_task_group.py
[2024-12-13T08:22:48.515+0000] {logging_mixin.py:190} INFO - [2024-12-13T08:22:48.514+0000] {dag.py:3239} INFO - Sync 1 DAGs
[2024-12-13T08:22:48.533+0000] {logging_mixin.py:190} INFO - [2024-12-13T08:22:48.533+0000] {dag.py:4180} INFO - Setting next_dagrun for example_task_group to None, run_after=None
[2024-12-13T08:22:48.553+0000] {processor.py:208} INFO - Processing /opt/bitnami/airflow/venv/lib/python3.12/site-packages/airflow/example_dags/example_task_group.py took 0.082 seconds
[2024-12-13T08:25:45.580+0000] {processor.py:186} INFO - Started process (PID=64) to work on /opt/bitnami/airflow/venv/lib/python3.12/site-packages/airflow/example_dags/example_task_group.py
[2024-12-13T08:25:45.582+0000] {processor.py:914} INFO - Processing file /opt/bitnami/airflow/venv/lib/python3.12/site-packages/airflow/example_dags/example_task_group.py for tasks to queue
[2024-12-13T08:25:45.584+0000] {logging_mixin.py:190} INFO - [2024-12-13T08:25:45.584+0000] {dagbag.py:588} INFO - Filling up the DagBag from /opt/bitnami/airflow/venv/lib/python3.12/site-packages/airflow/example_dags/example_task_group.py
[2024-12-13T08:25:45.590+0000] {processor.py:925} INFO - DAG(s) 'example_task_group' retrieved from /opt/bitnami/airflow/venv/lib/python3.12/site-packages/airflow/example_dags/example_task_group.py
[2024-12-13T08:25:45.635+0000] {logging_mixin.py:190} INFO - [2024-12-13T08:25:45.635+0000] {dag.py:3239} INFO - Sync 1 DAGs
[2024-12-13T08:25:45.661+0000] {logging_mixin.py:190} INFO - [2024-12-13T08:25:45.661+0000] {dag.py:4180} INFO - Setting next_dagrun for example_task_group to None, run_after=None
[2024-12-13T08:25:45.685+0000] {processor.py:208} INFO - Processing /opt/bitnami/airflow/venv/lib/python3.12/site-packages/airflow/example_dags/example_task_group.py took 0.110 seconds
[2024-12-13T08:26:16.010+0000] {processor.py:186} INFO - Started process (PID=121) to work on /opt/bitnami/airflow/venv/lib/python3.12/site-packages/airflow/example_dags/example_task_group.py
[2024-12-13T08:26:16.011+0000] {processor.py:914} INFO - Processing file /opt/bitnami/airflow/venv/lib/python3.12/site-packages/airflow/example_dags/example_task_group.py for tasks to queue
[2024-12-13T08:26:16.012+0000] {logging_mixin.py:190} INFO - [2024-12-13T08:26:16.012+0000] {dagbag.py:588} INFO - Filling up the DagBag from /opt/bitnami/airflow/venv/lib/python3.12/site-packages/airflow/example_dags/example_task_group.py
[2024-12-13T08:26:16.018+0000] {processor.py:925} INFO - DAG(s) 'example_task_group' retrieved from /opt/bitnami/airflow/venv/lib/python3.12/site-packages/airflow/example_dags/example_task_group.py
[2024-12-13T08:26:16.045+0000] {logging_mixin.py:190} INFO - [2024-12-13T08:26:16.044+0000] {dag.py:3239} INFO - Sync 1 DAGs
[2024-12-13T08:26:16.061+0000] {logging_mixin.py:190} INFO - [2024-12-13T08:26:16.061+0000] {dag.py:4180} INFO - Setting next_dagrun for example_task_group to None, run_after=None
[2024-12-13T08:26:16.086+0000] {processor.py:208} INFO - Processing /opt/bitnami/airflow/venv/lib/python3.12/site-packages/airflow/example_dags/example_task_group.py took 0.081 seconds
[2024-12-13T08:26:47.840+0000] {processor.py:186} INFO - Started process (PID=178) to work on /opt/bitnami/airflow/venv/lib/python3.12/site-packages/airflow/example_dags/example_task_group.py
[2024-12-13T08:26:47.841+0000] {processor.py:914} INFO - Processing file /opt/bitnami/airflow/venv/lib/python3.12/site-packages/airflow/example_dags/example_task_group.py for tasks to queue
[2024-12-13T08:26:47.843+0000] {logging_mixin.py:190} INFO - [2024-12-13T08:26:47.843+0000] {dagbag.py:588} INFO - Filling up the DagBag from /opt/bitnami/airflow/venv/lib/python3.12/site-packages/airflow/example_dags/example_task_group.py
[2024-12-13T08:26:47.848+0000] {processor.py:925} INFO - DAG(s) 'example_task_group' retrieved from /opt/bitnami/airflow/venv/lib/python3.12/site-packages/airflow/example_dags/example_task_group.py
[2024-12-13T08:26:47.924+0000] {logging_mixin.py:190} INFO - [2024-12-13T08:26:47.924+0000] {dag.py:3239} INFO - Sync 1 DAGs
[2024-12-13T08:26:47.943+0000] {logging_mixin.py:190} INFO - [2024-12-13T08:26:47.943+0000] {dag.py:4180} INFO - Setting next_dagrun for example_task_group to None, run_after=None
[2024-12-13T08:26:47.964+0000] {processor.py:208} INFO - Processing /opt/bitnami/airflow/venv/lib/python3.12/site-packages/airflow/example_dags/example_task_group.py took 0.129 seconds
[2024-12-13T08:27:18.129+0000] {processor.py:186} INFO - Started process (PID=235) to work on /opt/bitnami/airflow/venv/lib/python3.12/site-packages/airflow/example_dags/example_task_group.py
[2024-12-13T08:27:18.130+0000] {processor.py:914} INFO - Processing file /opt/bitnami/airflow/venv/lib/python3.12/site-packages/airflow/example_dags/example_task_group.py for tasks to queue
[2024-12-13T08:27:18.132+0000] {logging_mixin.py:190} INFO - [2024-12-13T08:27:18.132+0000] {dagbag.py:588} INFO - Filling up the DagBag from /opt/bitnami/airflow/venv/lib/python3.12/site-packages/airflow/example_dags/example_task_group.py
[2024-12-13T08:27:18.137+0000] {processor.py:925} INFO - DAG(s) 'example_task_group' retrieved from /opt/bitnami/airflow/venv/lib/python3.12/site-packages/airflow/example_dags/example_task_group.py
[2024-12-13T08:27:18.166+0000] {logging_mixin.py:190} INFO - [2024-12-13T08:27:18.166+0000] {dag.py:3239} INFO - Sync 1 DAGs
[2024-12-13T08:27:18.181+0000] {logging_mixin.py:190} INFO - [2024-12-13T08:27:18.181+0000] {dag.py:4180} INFO - Setting next_dagrun for example_task_group to None, run_after=None
[2024-12-13T08:27:18.200+0000] {processor.py:208} INFO - Processing /opt/bitnami/airflow/venv/lib/python3.12/site-packages/airflow/example_dags/example_task_group.py took 0.075 seconds
[2024-12-13T10:42:38.467+0000] {processor.py:186} INFO - Started process (PID=64) to work on /opt/bitnami/airflow/venv/lib/python3.12/site-packages/airflow/example_dags/example_task_group.py
[2024-12-13T10:42:38.469+0000] {processor.py:914} INFO - Processing file /opt/bitnami/airflow/venv/lib/python3.12/site-packages/airflow/example_dags/example_task_group.py for tasks to queue
[2024-12-13T10:42:38.472+0000] {logging_mixin.py:190} INFO - [2024-12-13T10:42:38.471+0000] {dagbag.py:588} INFO - Filling up the DagBag from /opt/bitnami/airflow/venv/lib/python3.12/site-packages/airflow/example_dags/example_task_group.py
[2024-12-13T10:42:38.479+0000] {processor.py:925} INFO - DAG(s) 'example_task_group' retrieved from /opt/bitnami/airflow/venv/lib/python3.12/site-packages/airflow/example_dags/example_task_group.py
[2024-12-13T10:42:38.631+0000] {logging_mixin.py:190} INFO - [2024-12-13T10:42:38.630+0000] {override.py:1900} INFO - Created Permission View: can read on DAG:example_task_group
[2024-12-13T10:42:38.651+0000] {logging_mixin.py:190} INFO - [2024-12-13T10:42:38.651+0000] {override.py:1900} INFO - Created Permission View: can delete on DAG:example_task_group
[2024-12-13T10:42:38.662+0000] {logging_mixin.py:190} INFO - [2024-12-13T10:42:38.662+0000] {override.py:1900} INFO - Created Permission View: can edit on DAG:example_task_group
[2024-12-13T10:42:38.675+0000] {logging_mixin.py:190} INFO - [2024-12-13T10:42:38.674+0000] {override.py:1900} INFO - Created Permission View: can delete on DAG Run:example_task_group
[2024-12-13T10:42:38.683+0000] {logging_mixin.py:190} INFO - [2024-12-13T10:42:38.683+0000] {override.py:1900} INFO - Created Permission View: can read on DAG Run:example_task_group
[2024-12-13T10:42:38.693+0000] {logging_mixin.py:190} INFO - [2024-12-13T10:42:38.692+0000] {override.py:1900} INFO - Created Permission View: can create on DAG Run:example_task_group
[2024-12-13T10:42:38.702+0000] {logging_mixin.py:190} INFO - [2024-12-13T10:42:38.702+0000] {override.py:1900} INFO - Created Permission View: menu access on DAG Run:example_task_group
[2024-12-13T10:42:38.703+0000] {logging_mixin.py:190} INFO - [2024-12-13T10:42:38.703+0000] {dag.py:3239} INFO - Sync 1 DAGs
[2024-12-13T10:42:38.755+0000] {logging_mixin.py:190} INFO - [2024-12-13T10:42:38.755+0000] {dag.py:3262} INFO - Creating ORM DAG for example_task_group
[2024-12-13T10:42:38.756+0000] {logging_mixin.py:190} INFO - [2024-12-13T10:42:38.756+0000] {dag.py:4180} INFO - Setting next_dagrun for example_task_group to None, run_after=None
[2024-12-13T10:42:38.792+0000] {processor.py:208} INFO - Processing /opt/bitnami/airflow/venv/lib/python3.12/site-packages/airflow/example_dags/example_task_group.py took 0.331 seconds
[2024-12-13T10:43:09.113+0000] {processor.py:186} INFO - Started process (PID=121) to work on /opt/bitnami/airflow/venv/lib/python3.12/site-packages/airflow/example_dags/example_task_group.py
[2024-12-13T10:43:09.115+0000] {processor.py:914} INFO - Processing file /opt/bitnami/airflow/venv/lib/python3.12/site-packages/airflow/example_dags/example_task_group.py for tasks to queue
[2024-12-13T10:43:09.117+0000] {logging_mixin.py:190} INFO - [2024-12-13T10:43:09.117+0000] {dagbag.py:588} INFO - Filling up the DagBag from /opt/bitnami/airflow/venv/lib/python3.12/site-packages/airflow/example_dags/example_task_group.py
[2024-12-13T10:43:09.124+0000] {processor.py:925} INFO - DAG(s) 'example_task_group' retrieved from /opt/bitnami/airflow/venv/lib/python3.12/site-packages/airflow/example_dags/example_task_group.py
[2024-12-13T10:43:09.200+0000] {logging_mixin.py:190} INFO - [2024-12-13T10:43:09.200+0000] {dag.py:3239} INFO - Sync 1 DAGs
[2024-12-13T10:43:09.239+0000] {logging_mixin.py:190} INFO - [2024-12-13T10:43:09.239+0000] {dag.py:4180} INFO - Setting next_dagrun for example_task_group to None, run_after=None
[2024-12-13T10:43:09.276+0000] {processor.py:208} INFO - Processing /opt/bitnami/airflow/venv/lib/python3.12/site-packages/airflow/example_dags/example_task_group.py took 0.166 seconds
[2024-12-13T10:43:39.474+0000] {processor.py:186} INFO - Started process (PID=178) to work on /opt/bitnami/airflow/venv/lib/python3.12/site-packages/airflow/example_dags/example_task_group.py
[2024-12-13T10:43:39.476+0000] {processor.py:914} INFO - Processing file /opt/bitnami/airflow/venv/lib/python3.12/site-packages/airflow/example_dags/example_task_group.py for tasks to queue
[2024-12-13T10:43:39.478+0000] {logging_mixin.py:190} INFO - [2024-12-13T10:43:39.478+0000] {dagbag.py:588} INFO - Filling up the DagBag from /opt/bitnami/airflow/venv/lib/python3.12/site-packages/airflow/example_dags/example_task_group.py
[2024-12-13T10:43:39.485+0000] {processor.py:925} INFO - DAG(s) 'example_task_group' retrieved from /opt/bitnami/airflow/venv/lib/python3.12/site-packages/airflow/example_dags/example_task_group.py
[2024-12-13T10:43:39.650+0000] {logging_mixin.py:190} INFO - [2024-12-13T10:43:39.649+0000] {dag.py:3239} INFO - Sync 1 DAGs
[2024-12-13T10:43:39.684+0000] {logging_mixin.py:190} INFO - [2024-12-13T10:43:39.683+0000] {dag.py:4180} INFO - Setting next_dagrun for example_task_group to None, run_after=None
[2024-12-13T10:43:39.726+0000] {processor.py:208} INFO - Processing /opt/bitnami/airflow/venv/lib/python3.12/site-packages/airflow/example_dags/example_task_group.py took 0.257 seconds
[2024-12-13T10:44:10.666+0000] {processor.py:186} INFO - Started process (PID=235) to work on /opt/bitnami/airflow/venv/lib/python3.12/site-packages/airflow/example_dags/example_task_group.py
[2024-12-13T10:44:10.668+0000] {processor.py:914} INFO - Processing file /opt/bitnami/airflow/venv/lib/python3.12/site-packages/airflow/example_dags/example_task_group.py for tasks to queue
[2024-12-13T10:44:10.670+0000] {logging_mixin.py:190} INFO - [2024-12-13T10:44:10.670+0000] {dagbag.py:588} INFO - Filling up the DagBag from /opt/bitnami/airflow/venv/lib/python3.12/site-packages/airflow/example_dags/example_task_group.py
[2024-12-13T10:44:10.675+0000] {processor.py:925} INFO - DAG(s) 'example_task_group' retrieved from /opt/bitnami/airflow/venv/lib/python3.12/site-packages/airflow/example_dags/example_task_group.py
[2024-12-13T10:44:10.754+0000] {logging_mixin.py:190} INFO - [2024-12-13T10:44:10.754+0000] {dag.py:3239} INFO - Sync 1 DAGs
[2024-12-13T10:44:10.795+0000] {logging_mixin.py:190} INFO - [2024-12-13T10:44:10.795+0000] {dag.py:4180} INFO - Setting next_dagrun for example_task_group to None, run_after=None
[2024-12-13T10:44:10.851+0000] {processor.py:208} INFO - Processing /opt/bitnami/airflow/venv/lib/python3.12/site-packages/airflow/example_dags/example_task_group.py took 0.188 seconds
[2024-12-13T10:44:41.487+0000] {processor.py:186} INFO - Started process (PID=292) to work on /opt/bitnami/airflow/venv/lib/python3.12/site-packages/airflow/example_dags/example_task_group.py
[2024-12-13T10:44:41.489+0000] {processor.py:914} INFO - Processing file /opt/bitnami/airflow/venv/lib/python3.12/site-packages/airflow/example_dags/example_task_group.py for tasks to queue
[2024-12-13T10:44:41.493+0000] {logging_mixin.py:190} INFO - [2024-12-13T10:44:41.492+0000] {dagbag.py:588} INFO - Filling up the DagBag from /opt/bitnami/airflow/venv/lib/python3.12/site-packages/airflow/example_dags/example_task_group.py
[2024-12-13T10:44:41.501+0000] {processor.py:925} INFO - DAG(s) 'example_task_group' retrieved from /opt/bitnami/airflow/venv/lib/python3.12/site-packages/airflow/example_dags/example_task_group.py
[2024-12-13T10:44:41.597+0000] {logging_mixin.py:190} INFO - [2024-12-13T10:44:41.597+0000] {dag.py:3239} INFO - Sync 1 DAGs
[2024-12-13T10:44:41.638+0000] {logging_mixin.py:190} INFO - [2024-12-13T10:44:41.638+0000] {dag.py:4180} INFO - Setting next_dagrun for example_task_group to None, run_after=None
[2024-12-13T10:44:41.697+0000] {processor.py:208} INFO - Processing /opt/bitnami/airflow/venv/lib/python3.12/site-packages/airflow/example_dags/example_task_group.py took 0.216 seconds
[2024-12-13T10:52:10.670+0000] {processor.py:186} INFO - Started process (PID=64) to work on /opt/bitnami/airflow/venv/lib/python3.12/site-packages/airflow/example_dags/example_task_group.py
[2024-12-13T10:52:10.671+0000] {processor.py:914} INFO - Processing file /opt/bitnami/airflow/venv/lib/python3.12/site-packages/airflow/example_dags/example_task_group.py for tasks to queue
[2024-12-13T10:52:10.673+0000] {logging_mixin.py:190} INFO - [2024-12-13T10:52:10.673+0000] {dagbag.py:588} INFO - Filling up the DagBag from /opt/bitnami/airflow/venv/lib/python3.12/site-packages/airflow/example_dags/example_task_group.py
[2024-12-13T10:52:10.679+0000] {processor.py:925} INFO - DAG(s) 'example_task_group' retrieved from /opt/bitnami/airflow/venv/lib/python3.12/site-packages/airflow/example_dags/example_task_group.py
[2024-12-13T10:52:10.764+0000] {logging_mixin.py:190} INFO - [2024-12-13T10:52:10.764+0000] {override.py:1900} INFO - Created Permission View: can read on DAG:example_task_group
[2024-12-13T10:52:10.775+0000] {logging_mixin.py:190} INFO - [2024-12-13T10:52:10.775+0000] {override.py:1900} INFO - Created Permission View: can delete on DAG:example_task_group
[2024-12-13T10:52:10.782+0000] {logging_mixin.py:190} INFO - [2024-12-13T10:52:10.781+0000] {override.py:1900} INFO - Created Permission View: can edit on DAG:example_task_group
[2024-12-13T10:52:10.789+0000] {logging_mixin.py:190} INFO - [2024-12-13T10:52:10.789+0000] {override.py:1900} INFO - Created Permission View: menu access on DAG Run:example_task_group
[2024-12-13T10:52:10.799+0000] {logging_mixin.py:190} INFO - [2024-12-13T10:52:10.799+0000] {override.py:1900} INFO - Created Permission View: can read on DAG Run:example_task_group
[2024-12-13T10:52:10.805+0000] {logging_mixin.py:190} INFO - [2024-12-13T10:52:10.805+0000] {override.py:1900} INFO - Created Permission View: can delete on DAG Run:example_task_group
[2024-12-13T10:52:10.811+0000] {logging_mixin.py:190} INFO - [2024-12-13T10:52:10.811+0000] {override.py:1900} INFO - Created Permission View: can create on DAG Run:example_task_group
[2024-12-13T10:52:10.812+0000] {logging_mixin.py:190} INFO - [2024-12-13T10:52:10.812+0000] {dag.py:3239} INFO - Sync 1 DAGs
[2024-12-13T10:52:10.829+0000] {logging_mixin.py:190} INFO - [2024-12-13T10:52:10.829+0000] {dag.py:3262} INFO - Creating ORM DAG for example_task_group
[2024-12-13T10:52:10.830+0000] {logging_mixin.py:190} INFO - [2024-12-13T10:52:10.830+0000] {dag.py:4180} INFO - Setting next_dagrun for example_task_group to None, run_after=None
[2024-12-13T10:52:10.856+0000] {processor.py:208} INFO - Processing /opt/bitnami/airflow/venv/lib/python3.12/site-packages/airflow/example_dags/example_task_group.py took 0.193 seconds
[2024-12-13T10:52:41.371+0000] {processor.py:186} INFO - Started process (PID=121) to work on /opt/bitnami/airflow/venv/lib/python3.12/site-packages/airflow/example_dags/example_task_group.py
[2024-12-13T10:52:41.372+0000] {processor.py:914} INFO - Processing file /opt/bitnami/airflow/venv/lib/python3.12/site-packages/airflow/example_dags/example_task_group.py for tasks to queue
[2024-12-13T10:52:41.375+0000] {logging_mixin.py:190} INFO - [2024-12-13T10:52:41.374+0000] {dagbag.py:588} INFO - Filling up the DagBag from /opt/bitnami/airflow/venv/lib/python3.12/site-packages/airflow/example_dags/example_task_group.py
[2024-12-13T10:52:41.381+0000] {processor.py:925} INFO - DAG(s) 'example_task_group' retrieved from /opt/bitnami/airflow/venv/lib/python3.12/site-packages/airflow/example_dags/example_task_group.py
[2024-12-13T10:52:41.430+0000] {logging_mixin.py:190} INFO - [2024-12-13T10:52:41.430+0000] {dag.py:3239} INFO - Sync 1 DAGs
[2024-12-13T10:52:41.475+0000] {logging_mixin.py:190} INFO - [2024-12-13T10:52:41.475+0000] {dag.py:4180} INFO - Setting next_dagrun for example_task_group to None, run_after=None
[2024-12-13T10:52:41.516+0000] {processor.py:208} INFO - Processing /opt/bitnami/airflow/venv/lib/python3.12/site-packages/airflow/example_dags/example_task_group.py took 0.148 seconds
[2024-12-13T10:53:13.863+0000] {processor.py:186} INFO - Started process (PID=178) to work on /opt/bitnami/airflow/venv/lib/python3.12/site-packages/airflow/example_dags/example_task_group.py
[2024-12-13T10:53:13.864+0000] {processor.py:914} INFO - Processing file /opt/bitnami/airflow/venv/lib/python3.12/site-packages/airflow/example_dags/example_task_group.py for tasks to queue
[2024-12-13T10:53:13.867+0000] {logging_mixin.py:190} INFO - [2024-12-13T10:53:13.867+0000] {dagbag.py:588} INFO - Filling up the DagBag from /opt/bitnami/airflow/venv/lib/python3.12/site-packages/airflow/example_dags/example_task_group.py
[2024-12-13T10:53:13.875+0000] {processor.py:925} INFO - DAG(s) 'example_task_group' retrieved from /opt/bitnami/airflow/venv/lib/python3.12/site-packages/airflow/example_dags/example_task_group.py
[2024-12-13T10:53:13.985+0000] {logging_mixin.py:190} INFO - [2024-12-13T10:53:13.985+0000] {dag.py:3239} INFO - Sync 1 DAGs
[2024-12-13T10:53:14.004+0000] {logging_mixin.py:190} INFO - [2024-12-13T10:53:14.004+0000] {dag.py:4180} INFO - Setting next_dagrun for example_task_group to None, run_after=None
[2024-12-13T10:53:14.027+0000] {processor.py:208} INFO - Processing /opt/bitnami/airflow/venv/lib/python3.12/site-packages/airflow/example_dags/example_task_group.py took 0.170 seconds
[2024-12-13T10:53:44.342+0000] {processor.py:186} INFO - Started process (PID=235) to work on /opt/bitnami/airflow/venv/lib/python3.12/site-packages/airflow/example_dags/example_task_group.py
[2024-12-13T10:53:44.344+0000] {processor.py:914} INFO - Processing file /opt/bitnami/airflow/venv/lib/python3.12/site-packages/airflow/example_dags/example_task_group.py for tasks to queue
[2024-12-13T10:53:44.349+0000] {logging_mixin.py:190} INFO - [2024-12-13T10:53:44.348+0000] {dagbag.py:588} INFO - Filling up the DagBag from /opt/bitnami/airflow/venv/lib/python3.12/site-packages/airflow/example_dags/example_task_group.py
[2024-12-13T10:53:44.356+0000] {processor.py:925} INFO - DAG(s) 'example_task_group' retrieved from /opt/bitnami/airflow/venv/lib/python3.12/site-packages/airflow/example_dags/example_task_group.py
[2024-12-13T10:53:44.440+0000] {logging_mixin.py:190} INFO - [2024-12-13T10:53:44.440+0000] {dag.py:3239} INFO - Sync 1 DAGs
[2024-12-13T10:53:44.479+0000] {logging_mixin.py:190} INFO - [2024-12-13T10:53:44.479+0000] {dag.py:4180} INFO - Setting next_dagrun for example_task_group to None, run_after=None
[2024-12-13T10:53:44.524+0000] {processor.py:208} INFO - Processing /opt/bitnami/airflow/venv/lib/python3.12/site-packages/airflow/example_dags/example_task_group.py took 0.190 seconds
[2024-12-13T10:54:14.599+0000] {processor.py:186} INFO - Started process (PID=292) to work on /opt/bitnami/airflow/venv/lib/python3.12/site-packages/airflow/example_dags/example_task_group.py
[2024-12-13T10:54:14.600+0000] {processor.py:914} INFO - Processing file /opt/bitnami/airflow/venv/lib/python3.12/site-packages/airflow/example_dags/example_task_group.py for tasks to queue
[2024-12-13T10:54:14.602+0000] {logging_mixin.py:190} INFO - [2024-12-13T10:54:14.602+0000] {dagbag.py:588} INFO - Filling up the DagBag from /opt/bitnami/airflow/venv/lib/python3.12/site-packages/airflow/example_dags/example_task_group.py
[2024-12-13T10:54:14.607+0000] {processor.py:925} INFO - DAG(s) 'example_task_group' retrieved from /opt/bitnami/airflow/venv/lib/python3.12/site-packages/airflow/example_dags/example_task_group.py
[2024-12-13T10:54:14.638+0000] {logging_mixin.py:190} INFO - [2024-12-13T10:54:14.638+0000] {dag.py:3239} INFO - Sync 1 DAGs
[2024-12-13T10:54:14.653+0000] {logging_mixin.py:190} INFO - [2024-12-13T10:54:14.652+0000] {dag.py:4180} INFO - Setting next_dagrun for example_task_group to None, run_after=None
[2024-12-13T10:54:14.673+0000] {processor.py:208} INFO - Processing /opt/bitnami/airflow/venv/lib/python3.12/site-packages/airflow/example_dags/example_task_group.py took 0.078 seconds
[2024-12-13T10:54:45.034+0000] {processor.py:186} INFO - Started process (PID=349) to work on /opt/bitnami/airflow/venv/lib/python3.12/site-packages/airflow/example_dags/example_task_group.py
[2024-12-13T10:54:45.036+0000] {processor.py:914} INFO - Processing file /opt/bitnami/airflow/venv/lib/python3.12/site-packages/airflow/example_dags/example_task_group.py for tasks to queue
[2024-12-13T10:54:45.038+0000] {logging_mixin.py:190} INFO - [2024-12-13T10:54:45.038+0000] {dagbag.py:588} INFO - Filling up the DagBag from /opt/bitnami/airflow/venv/lib/python3.12/site-packages/airflow/example_dags/example_task_group.py
[2024-12-13T10:54:45.043+0000] {processor.py:925} INFO - DAG(s) 'example_task_group' retrieved from /opt/bitnami/airflow/venv/lib/python3.12/site-packages/airflow/example_dags/example_task_group.py
[2024-12-13T10:54:45.083+0000] {logging_mixin.py:190} INFO - [2024-12-13T10:54:45.083+0000] {dag.py:3239} INFO - Sync 1 DAGs
[2024-12-13T10:54:45.103+0000] {logging_mixin.py:190} INFO - [2024-12-13T10:54:45.102+0000] {dag.py:4180} INFO - Setting next_dagrun for example_task_group to None, run_after=None
[2024-12-13T10:54:45.129+0000] {processor.py:208} INFO - Processing /opt/bitnami/airflow/venv/lib/python3.12/site-packages/airflow/example_dags/example_task_group.py took 0.099 seconds
[2024-12-13T10:55:15.817+0000] {processor.py:186} INFO - Started process (PID=406) to work on /opt/bitnami/airflow/venv/lib/python3.12/site-packages/airflow/example_dags/example_task_group.py
[2024-12-13T10:55:15.818+0000] {processor.py:914} INFO - Processing file /opt/bitnami/airflow/venv/lib/python3.12/site-packages/airflow/example_dags/example_task_group.py for tasks to queue
[2024-12-13T10:55:15.820+0000] {logging_mixin.py:190} INFO - [2024-12-13T10:55:15.820+0000] {dagbag.py:588} INFO - Filling up the DagBag from /opt/bitnami/airflow/venv/lib/python3.12/site-packages/airflow/example_dags/example_task_group.py
[2024-12-13T10:55:15.826+0000] {processor.py:925} INFO - DAG(s) 'example_task_group' retrieved from /opt/bitnami/airflow/venv/lib/python3.12/site-packages/airflow/example_dags/example_task_group.py
[2024-12-13T10:55:15.905+0000] {logging_mixin.py:190} INFO - [2024-12-13T10:55:15.905+0000] {dag.py:3239} INFO - Sync 1 DAGs
[2024-12-13T10:55:15.944+0000] {logging_mixin.py:190} INFO - [2024-12-13T10:55:15.944+0000] {dag.py:4180} INFO - Setting next_dagrun for example_task_group to None, run_after=None
[2024-12-13T10:55:15.990+0000] {processor.py:208} INFO - Processing /opt/bitnami/airflow/venv/lib/python3.12/site-packages/airflow/example_dags/example_task_group.py took 0.178 seconds
[2024-12-13T10:55:46.434+0000] {processor.py:186} INFO - Started process (PID=463) to work on /opt/bitnami/airflow/venv/lib/python3.12/site-packages/airflow/example_dags/example_task_group.py
[2024-12-13T10:55:46.435+0000] {processor.py:914} INFO - Processing file /opt/bitnami/airflow/venv/lib/python3.12/site-packages/airflow/example_dags/example_task_group.py for tasks to queue
[2024-12-13T10:55:46.438+0000] {logging_mixin.py:190} INFO - [2024-12-13T10:55:46.438+0000] {dagbag.py:588} INFO - Filling up the DagBag from /opt/bitnami/airflow/venv/lib/python3.12/site-packages/airflow/example_dags/example_task_group.py
[2024-12-13T10:55:46.444+0000] {processor.py:925} INFO - DAG(s) 'example_task_group' retrieved from /opt/bitnami/airflow/venv/lib/python3.12/site-packages/airflow/example_dags/example_task_group.py
[2024-12-13T10:55:46.562+0000] {logging_mixin.py:190} INFO - [2024-12-13T10:55:46.561+0000] {dag.py:3239} INFO - Sync 1 DAGs
[2024-12-13T10:55:46.615+0000] {logging_mixin.py:190} INFO - [2024-12-13T10:55:46.614+0000] {dag.py:4180} INFO - Setting next_dagrun for example_task_group to None, run_after=None
[2024-12-13T10:55:46.673+0000] {processor.py:208} INFO - Processing /opt/bitnami/airflow/venv/lib/python3.12/site-packages/airflow/example_dags/example_task_group.py took 0.243 seconds
[2024-12-13T10:56:17.484+0000] {processor.py:186} INFO - Started process (PID=520) to work on /opt/bitnami/airflow/venv/lib/python3.12/site-packages/airflow/example_dags/example_task_group.py
[2024-12-13T10:56:17.485+0000] {processor.py:914} INFO - Processing file /opt/bitnami/airflow/venv/lib/python3.12/site-packages/airflow/example_dags/example_task_group.py for tasks to queue
[2024-12-13T10:56:17.487+0000] {logging_mixin.py:190} INFO - [2024-12-13T10:56:17.487+0000] {dagbag.py:588} INFO - Filling up the DagBag from /opt/bitnami/airflow/venv/lib/python3.12/site-packages/airflow/example_dags/example_task_group.py
[2024-12-13T10:56:17.493+0000] {processor.py:925} INFO - DAG(s) 'example_task_group' retrieved from /opt/bitnami/airflow/venv/lib/python3.12/site-packages/airflow/example_dags/example_task_group.py
[2024-12-13T10:56:17.562+0000] {logging_mixin.py:190} INFO - [2024-12-13T10:56:17.562+0000] {dag.py:3239} INFO - Sync 1 DAGs
[2024-12-13T10:56:17.596+0000] {logging_mixin.py:190} INFO - [2024-12-13T10:56:17.596+0000] {dag.py:4180} INFO - Setting next_dagrun for example_task_group to None, run_after=None
[2024-12-13T10:56:17.640+0000] {processor.py:208} INFO - Processing /opt/bitnami/airflow/venv/lib/python3.12/site-packages/airflow/example_dags/example_task_group.py took 0.161 seconds
[2024-12-13T10:56:47.735+0000] {processor.py:186} INFO - Started process (PID=577) to work on /opt/bitnami/airflow/venv/lib/python3.12/site-packages/airflow/example_dags/example_task_group.py
[2024-12-13T10:56:47.736+0000] {processor.py:914} INFO - Processing file /opt/bitnami/airflow/venv/lib/python3.12/site-packages/airflow/example_dags/example_task_group.py for tasks to queue
[2024-12-13T10:56:47.738+0000] {logging_mixin.py:190} INFO - [2024-12-13T10:56:47.738+0000] {dagbag.py:588} INFO - Filling up the DagBag from /opt/bitnami/airflow/venv/lib/python3.12/site-packages/airflow/example_dags/example_task_group.py
[2024-12-13T10:56:47.744+0000] {processor.py:925} INFO - DAG(s) 'example_task_group' retrieved from /opt/bitnami/airflow/venv/lib/python3.12/site-packages/airflow/example_dags/example_task_group.py
[2024-12-13T10:56:47.804+0000] {logging_mixin.py:190} INFO - [2024-12-13T10:56:47.804+0000] {dag.py:3239} INFO - Sync 1 DAGs
[2024-12-13T10:56:47.850+0000] {logging_mixin.py:190} INFO - [2024-12-13T10:56:47.850+0000] {dag.py:4180} INFO - Setting next_dagrun for example_task_group to None, run_after=None
[2024-12-13T10:56:47.894+0000] {processor.py:208} INFO - Processing /opt/bitnami/airflow/venv/lib/python3.12/site-packages/airflow/example_dags/example_task_group.py took 0.163 seconds
[2024-12-13T10:57:18.173+0000] {processor.py:186} INFO - Started process (PID=634) to work on /opt/bitnami/airflow/venv/lib/python3.12/site-packages/airflow/example_dags/example_task_group.py
[2024-12-13T10:57:18.174+0000] {processor.py:914} INFO - Processing file /opt/bitnami/airflow/venv/lib/python3.12/site-packages/airflow/example_dags/example_task_group.py for tasks to queue
[2024-12-13T10:57:18.175+0000] {logging_mixin.py:190} INFO - [2024-12-13T10:57:18.175+0000] {dagbag.py:588} INFO - Filling up the DagBag from /opt/bitnami/airflow/venv/lib/python3.12/site-packages/airflow/example_dags/example_task_group.py
[2024-12-13T10:57:18.181+0000] {processor.py:925} INFO - DAG(s) 'example_task_group' retrieved from /opt/bitnami/airflow/venv/lib/python3.12/site-packages/airflow/example_dags/example_task_group.py
[2024-12-13T10:57:18.214+0000] {logging_mixin.py:190} INFO - [2024-12-13T10:57:18.213+0000] {dag.py:3239} INFO - Sync 1 DAGs
[2024-12-13T10:57:18.241+0000] {logging_mixin.py:190} INFO - [2024-12-13T10:57:18.241+0000] {dag.py:4180} INFO - Setting next_dagrun for example_task_group to None, run_after=None
[2024-12-13T10:57:18.274+0000] {processor.py:208} INFO - Processing /opt/bitnami/airflow/venv/lib/python3.12/site-packages/airflow/example_dags/example_task_group.py took 0.105 seconds
[2024-12-13T10:57:49.153+0000] {processor.py:186} INFO - Started process (PID=691) to work on /opt/bitnami/airflow/venv/lib/python3.12/site-packages/airflow/example_dags/example_task_group.py
[2024-12-13T10:57:49.154+0000] {processor.py:914} INFO - Processing file /opt/bitnami/airflow/venv/lib/python3.12/site-packages/airflow/example_dags/example_task_group.py for tasks to queue
[2024-12-13T10:57:49.157+0000] {logging_mixin.py:190} INFO - [2024-12-13T10:57:49.156+0000] {dagbag.py:588} INFO - Filling up the DagBag from /opt/bitnami/airflow/venv/lib/python3.12/site-packages/airflow/example_dags/example_task_group.py
[2024-12-13T10:57:49.165+0000] {processor.py:925} INFO - DAG(s) 'example_task_group' retrieved from /opt/bitnami/airflow/venv/lib/python3.12/site-packages/airflow/example_dags/example_task_group.py
[2024-12-13T10:57:49.215+0000] {logging_mixin.py:190} INFO - [2024-12-13T10:57:49.215+0000] {dag.py:3239} INFO - Sync 1 DAGs
[2024-12-13T10:57:49.246+0000] {logging_mixin.py:190} INFO - [2024-12-13T10:57:49.246+0000] {dag.py:4180} INFO - Setting next_dagrun for example_task_group to None, run_after=None
[2024-12-13T10:57:49.272+0000] {processor.py:208} INFO - Processing /opt/bitnami/airflow/venv/lib/python3.12/site-packages/airflow/example_dags/example_task_group.py took 0.123 seconds
[2024-12-13T10:58:19.689+0000] {processor.py:186} INFO - Started process (PID=748) to work on /opt/bitnami/airflow/venv/lib/python3.12/site-packages/airflow/example_dags/example_task_group.py
[2024-12-13T10:58:19.691+0000] {processor.py:914} INFO - Processing file /opt/bitnami/airflow/venv/lib/python3.12/site-packages/airflow/example_dags/example_task_group.py for tasks to queue
[2024-12-13T10:58:19.693+0000] {logging_mixin.py:190} INFO - [2024-12-13T10:58:19.693+0000] {dagbag.py:588} INFO - Filling up the DagBag from /opt/bitnami/airflow/venv/lib/python3.12/site-packages/airflow/example_dags/example_task_group.py
[2024-12-13T10:58:19.699+0000] {processor.py:925} INFO - DAG(s) 'example_task_group' retrieved from /opt/bitnami/airflow/venv/lib/python3.12/site-packages/airflow/example_dags/example_task_group.py
[2024-12-13T10:58:19.779+0000] {logging_mixin.py:190} INFO - [2024-12-13T10:58:19.779+0000] {dag.py:3239} INFO - Sync 1 DAGs
[2024-12-13T10:58:19.814+0000] {logging_mixin.py:190} INFO - [2024-12-13T10:58:19.814+0000] {dag.py:4180} INFO - Setting next_dagrun for example_task_group to None, run_after=None
[2024-12-13T10:58:19.845+0000] {processor.py:208} INFO - Processing /opt/bitnami/airflow/venv/lib/python3.12/site-packages/airflow/example_dags/example_task_group.py took 0.161 seconds
[2024-12-13T10:58:50.059+0000] {processor.py:186} INFO - Started process (PID=805) to work on /opt/bitnami/airflow/venv/lib/python3.12/site-packages/airflow/example_dags/example_task_group.py
[2024-12-13T10:58:50.060+0000] {processor.py:914} INFO - Processing file /opt/bitnami/airflow/venv/lib/python3.12/site-packages/airflow/example_dags/example_task_group.py for tasks to queue
[2024-12-13T10:58:50.062+0000] {logging_mixin.py:190} INFO - [2024-12-13T10:58:50.062+0000] {dagbag.py:588} INFO - Filling up the DagBag from /opt/bitnami/airflow/venv/lib/python3.12/site-packages/airflow/example_dags/example_task_group.py
[2024-12-13T10:58:50.067+0000] {processor.py:925} INFO - DAG(s) 'example_task_group' retrieved from /opt/bitnami/airflow/venv/lib/python3.12/site-packages/airflow/example_dags/example_task_group.py
[2024-12-13T10:58:50.144+0000] {logging_mixin.py:190} INFO - [2024-12-13T10:58:50.143+0000] {dag.py:3239} INFO - Sync 1 DAGs
[2024-12-13T10:58:50.180+0000] {logging_mixin.py:190} INFO - [2024-12-13T10:58:50.180+0000] {dag.py:4180} INFO - Setting next_dagrun for example_task_group to None, run_after=None
[2024-12-13T10:58:50.215+0000] {processor.py:208} INFO - Processing /opt/bitnami/airflow/venv/lib/python3.12/site-packages/airflow/example_dags/example_task_group.py took 0.161 seconds
[2024-12-13T11:07:30.578+0000] {processor.py:186} INFO - Started process (PID=64) to work on /opt/bitnami/airflow/venv/lib/python3.12/site-packages/airflow/example_dags/example_task_group.py
[2024-12-13T11:07:30.580+0000] {processor.py:914} INFO - Processing file /opt/bitnami/airflow/venv/lib/python3.12/site-packages/airflow/example_dags/example_task_group.py for tasks to queue
[2024-12-13T11:07:30.583+0000] {logging_mixin.py:190} INFO - [2024-12-13T11:07:30.583+0000] {dagbag.py:588} INFO - Filling up the DagBag from /opt/bitnami/airflow/venv/lib/python3.12/site-packages/airflow/example_dags/example_task_group.py
[2024-12-13T11:07:30.592+0000] {processor.py:925} INFO - DAG(s) 'example_task_group' retrieved from /opt/bitnami/airflow/venv/lib/python3.12/site-packages/airflow/example_dags/example_task_group.py
[2024-12-13T11:07:30.657+0000] {logging_mixin.py:190} INFO - [2024-12-13T11:07:30.657+0000] {dag.py:3239} INFO - Sync 1 DAGs
[2024-12-13T11:07:30.693+0000] {logging_mixin.py:190} INFO - [2024-12-13T11:07:30.693+0000] {dag.py:4180} INFO - Setting next_dagrun for example_task_group to None, run_after=None
[2024-12-13T11:07:30.722+0000] {processor.py:208} INFO - Processing /opt/bitnami/airflow/venv/lib/python3.12/site-packages/airflow/example_dags/example_task_group.py took 0.151 seconds
[2024-12-13T11:08:01.080+0000] {processor.py:186} INFO - Started process (PID=121) to work on /opt/bitnami/airflow/venv/lib/python3.12/site-packages/airflow/example_dags/example_task_group.py
[2024-12-13T11:08:01.081+0000] {processor.py:914} INFO - Processing file /opt/bitnami/airflow/venv/lib/python3.12/site-packages/airflow/example_dags/example_task_group.py for tasks to queue
[2024-12-13T11:08:01.083+0000] {logging_mixin.py:190} INFO - [2024-12-13T11:08:01.083+0000] {dagbag.py:588} INFO - Filling up the DagBag from /opt/bitnami/airflow/venv/lib/python3.12/site-packages/airflow/example_dags/example_task_group.py
[2024-12-13T11:08:01.089+0000] {processor.py:925} INFO - DAG(s) 'example_task_group' retrieved from /opt/bitnami/airflow/venv/lib/python3.12/site-packages/airflow/example_dags/example_task_group.py
[2024-12-13T11:08:01.122+0000] {logging_mixin.py:190} INFO - [2024-12-13T11:08:01.122+0000] {dag.py:3239} INFO - Sync 1 DAGs
[2024-12-13T11:08:01.159+0000] {logging_mixin.py:190} INFO - [2024-12-13T11:08:01.159+0000] {dag.py:4180} INFO - Setting next_dagrun for example_task_group to None, run_after=None
[2024-12-13T11:08:01.193+0000] {processor.py:208} INFO - Processing /opt/bitnami/airflow/venv/lib/python3.12/site-packages/airflow/example_dags/example_task_group.py took 0.118 seconds
[2024-12-13T11:08:32.798+0000] {processor.py:186} INFO - Started process (PID=178) to work on /opt/bitnami/airflow/venv/lib/python3.12/site-packages/airflow/example_dags/example_task_group.py
[2024-12-13T11:08:32.799+0000] {processor.py:914} INFO - Processing file /opt/bitnami/airflow/venv/lib/python3.12/site-packages/airflow/example_dags/example_task_group.py for tasks to queue
[2024-12-13T11:08:32.802+0000] {logging_mixin.py:190} INFO - [2024-12-13T11:08:32.801+0000] {dagbag.py:588} INFO - Filling up the DagBag from /opt/bitnami/airflow/venv/lib/python3.12/site-packages/airflow/example_dags/example_task_group.py
[2024-12-13T11:08:32.808+0000] {processor.py:925} INFO - DAG(s) 'example_task_group' retrieved from /opt/bitnami/airflow/venv/lib/python3.12/site-packages/airflow/example_dags/example_task_group.py
[2024-12-13T11:08:32.934+0000] {logging_mixin.py:190} INFO - [2024-12-13T11:08:32.934+0000] {dag.py:3239} INFO - Sync 1 DAGs
[2024-12-13T11:08:32.967+0000] {logging_mixin.py:190} INFO - [2024-12-13T11:08:32.967+0000] {dag.py:4180} INFO - Setting next_dagrun for example_task_group to None, run_after=None
[2024-12-13T11:08:33.006+0000] {processor.py:208} INFO - Processing /opt/bitnami/airflow/venv/lib/python3.12/site-packages/airflow/example_dags/example_task_group.py took 0.213 seconds
[2024-12-13T11:09:04.199+0000] {processor.py:186} INFO - Started process (PID=235) to work on /opt/bitnami/airflow/venv/lib/python3.12/site-packages/airflow/example_dags/example_task_group.py
[2024-12-13T11:09:04.200+0000] {processor.py:914} INFO - Processing file /opt/bitnami/airflow/venv/lib/python3.12/site-packages/airflow/example_dags/example_task_group.py for tasks to queue
[2024-12-13T11:09:04.203+0000] {logging_mixin.py:190} INFO - [2024-12-13T11:09:04.203+0000] {dagbag.py:588} INFO - Filling up the DagBag from /opt/bitnami/airflow/venv/lib/python3.12/site-packages/airflow/example_dags/example_task_group.py
[2024-12-13T11:09:04.215+0000] {processor.py:925} INFO - DAG(s) 'example_task_group' retrieved from /opt/bitnami/airflow/venv/lib/python3.12/site-packages/airflow/example_dags/example_task_group.py
[2024-12-13T11:09:04.283+0000] {logging_mixin.py:190} INFO - [2024-12-13T11:09:04.283+0000] {dag.py:3239} INFO - Sync 1 DAGs
[2024-12-13T11:09:04.321+0000] {logging_mixin.py:190} INFO - [2024-12-13T11:09:04.320+0000] {dag.py:4180} INFO - Setting next_dagrun for example_task_group to None, run_after=None
[2024-12-13T11:09:04.365+0000] {processor.py:208} INFO - Processing /opt/bitnami/airflow/venv/lib/python3.12/site-packages/airflow/example_dags/example_task_group.py took 0.176 seconds
[2024-12-13T11:13:43.373+0000] {processor.py:186} INFO - Started process (PID=64) to work on /opt/bitnami/airflow/venv/lib/python3.12/site-packages/airflow/example_dags/example_task_group.py
[2024-12-13T11:13:43.374+0000] {processor.py:914} INFO - Processing file /opt/bitnami/airflow/venv/lib/python3.12/site-packages/airflow/example_dags/example_task_group.py for tasks to queue
[2024-12-13T11:13:43.377+0000] {logging_mixin.py:190} INFO - [2024-12-13T11:13:43.377+0000] {dagbag.py:588} INFO - Filling up the DagBag from /opt/bitnami/airflow/venv/lib/python3.12/site-packages/airflow/example_dags/example_task_group.py
[2024-12-13T11:13:43.385+0000] {processor.py:925} INFO - DAG(s) 'example_task_group' retrieved from /opt/bitnami/airflow/venv/lib/python3.12/site-packages/airflow/example_dags/example_task_group.py
[2024-12-13T11:13:43.447+0000] {logging_mixin.py:190} INFO - [2024-12-13T11:13:43.446+0000] {dag.py:3239} INFO - Sync 1 DAGs
[2024-12-13T11:13:43.478+0000] {logging_mixin.py:190} INFO - [2024-12-13T11:13:43.477+0000] {dag.py:4180} INFO - Setting next_dagrun for example_task_group to None, run_after=None
[2024-12-13T11:13:43.508+0000] {processor.py:208} INFO - Processing /opt/bitnami/airflow/venv/lib/python3.12/site-packages/airflow/example_dags/example_task_group.py took 0.141 seconds
[2024-12-13T11:14:14.037+0000] {processor.py:186} INFO - Started process (PID=121) to work on /opt/bitnami/airflow/venv/lib/python3.12/site-packages/airflow/example_dags/example_task_group.py
[2024-12-13T11:14:14.039+0000] {processor.py:914} INFO - Processing file /opt/bitnami/airflow/venv/lib/python3.12/site-packages/airflow/example_dags/example_task_group.py for tasks to queue
[2024-12-13T11:14:14.041+0000] {logging_mixin.py:190} INFO - [2024-12-13T11:14:14.040+0000] {dagbag.py:588} INFO - Filling up the DagBag from /opt/bitnami/airflow/venv/lib/python3.12/site-packages/airflow/example_dags/example_task_group.py
[2024-12-13T11:14:14.046+0000] {processor.py:925} INFO - DAG(s) 'example_task_group' retrieved from /opt/bitnami/airflow/venv/lib/python3.12/site-packages/airflow/example_dags/example_task_group.py
[2024-12-13T11:14:14.097+0000] {logging_mixin.py:190} INFO - [2024-12-13T11:14:14.096+0000] {dag.py:3239} INFO - Sync 1 DAGs
[2024-12-13T11:14:14.120+0000] {logging_mixin.py:190} INFO - [2024-12-13T11:14:14.120+0000] {dag.py:4180} INFO - Setting next_dagrun for example_task_group to None, run_after=None
[2024-12-13T11:14:14.149+0000] {processor.py:208} INFO - Processing /opt/bitnami/airflow/venv/lib/python3.12/site-packages/airflow/example_dags/example_task_group.py took 0.116 seconds
[2024-12-13T11:14:46.136+0000] {processor.py:186} INFO - Started process (PID=178) to work on /opt/bitnami/airflow/venv/lib/python3.12/site-packages/airflow/example_dags/example_task_group.py
[2024-12-13T11:14:46.137+0000] {processor.py:914} INFO - Processing file /opt/bitnami/airflow/venv/lib/python3.12/site-packages/airflow/example_dags/example_task_group.py for tasks to queue
[2024-12-13T11:14:46.144+0000] {logging_mixin.py:190} INFO - [2024-12-13T11:14:46.142+0000] {dagbag.py:588} INFO - Filling up the DagBag from /opt/bitnami/airflow/venv/lib/python3.12/site-packages/airflow/example_dags/example_task_group.py
[2024-12-13T11:14:46.155+0000] {processor.py:925} INFO - DAG(s) 'example_task_group' retrieved from /opt/bitnami/airflow/venv/lib/python3.12/site-packages/airflow/example_dags/example_task_group.py
[2024-12-13T11:14:46.325+0000] {logging_mixin.py:190} INFO - [2024-12-13T11:14:46.324+0000] {dag.py:3239} INFO - Sync 1 DAGs
[2024-12-13T11:14:46.362+0000] {logging_mixin.py:190} INFO - [2024-12-13T11:14:46.361+0000] {dag.py:4180} INFO - Setting next_dagrun for example_task_group to None, run_after=None
[2024-12-13T11:14:46.421+0000] {processor.py:208} INFO - Processing /opt/bitnami/airflow/venv/lib/python3.12/site-packages/airflow/example_dags/example_task_group.py took 0.292 seconds
[2024-12-13T11:15:17.044+0000] {processor.py:186} INFO - Started process (PID=235) to work on /opt/bitnami/airflow/venv/lib/python3.12/site-packages/airflow/example_dags/example_task_group.py
[2024-12-13T11:15:17.045+0000] {processor.py:914} INFO - Processing file /opt/bitnami/airflow/venv/lib/python3.12/site-packages/airflow/example_dags/example_task_group.py for tasks to queue
[2024-12-13T11:15:17.049+0000] {logging_mixin.py:190} INFO - [2024-12-13T11:15:17.049+0000] {dagbag.py:588} INFO - Filling up the DagBag from /opt/bitnami/airflow/venv/lib/python3.12/site-packages/airflow/example_dags/example_task_group.py
[2024-12-13T11:15:17.057+0000] {processor.py:925} INFO - DAG(s) 'example_task_group' retrieved from /opt/bitnami/airflow/venv/lib/python3.12/site-packages/airflow/example_dags/example_task_group.py
[2024-12-13T11:15:17.155+0000] {logging_mixin.py:190} INFO - [2024-12-13T11:15:17.155+0000] {dag.py:3239} INFO - Sync 1 DAGs
[2024-12-13T11:15:17.198+0000] {logging_mixin.py:190} INFO - [2024-12-13T11:15:17.197+0000] {dag.py:4180} INFO - Setting next_dagrun for example_task_group to None, run_after=None
[2024-12-13T11:15:17.245+0000] {processor.py:208} INFO - Processing /opt/bitnami/airflow/venv/lib/python3.12/site-packages/airflow/example_dags/example_task_group.py took 0.208 seconds
[2024-12-13T11:57:08.334+0000] {processor.py:186} INFO - Started process (PID=64) to work on /opt/bitnami/airflow/venv/lib/python3.12/site-packages/airflow/example_dags/example_task_group.py
[2024-12-13T11:57:08.335+0000] {processor.py:914} INFO - Processing file /opt/bitnami/airflow/venv/lib/python3.12/site-packages/airflow/example_dags/example_task_group.py for tasks to queue
[2024-12-13T11:57:08.337+0000] {logging_mixin.py:190} INFO - [2024-12-13T11:57:08.336+0000] {dagbag.py:588} INFO - Filling up the DagBag from /opt/bitnami/airflow/venv/lib/python3.12/site-packages/airflow/example_dags/example_task_group.py
[2024-12-13T11:57:08.342+0000] {processor.py:925} INFO - DAG(s) 'example_task_group' retrieved from /opt/bitnami/airflow/venv/lib/python3.12/site-packages/airflow/example_dags/example_task_group.py
[2024-12-13T11:57:08.373+0000] {logging_mixin.py:190} INFO - [2024-12-13T11:57:08.373+0000] {dag.py:3239} INFO - Sync 1 DAGs
[2024-12-13T11:57:08.389+0000] {logging_mixin.py:190} INFO - [2024-12-13T11:57:08.389+0000] {dag.py:4180} INFO - Setting next_dagrun for example_task_group to None, run_after=None
[2024-12-13T11:57:08.408+0000] {processor.py:208} INFO - Processing /opt/bitnami/airflow/venv/lib/python3.12/site-packages/airflow/example_dags/example_task_group.py took 0.079 seconds
[2024-12-13T11:57:39.498+0000] {processor.py:186} INFO - Started process (PID=121) to work on /opt/bitnami/airflow/venv/lib/python3.12/site-packages/airflow/example_dags/example_task_group.py
[2024-12-13T11:57:39.499+0000] {processor.py:914} INFO - Processing file /opt/bitnami/airflow/venv/lib/python3.12/site-packages/airflow/example_dags/example_task_group.py for tasks to queue
[2024-12-13T11:57:39.501+0000] {logging_mixin.py:190} INFO - [2024-12-13T11:57:39.501+0000] {dagbag.py:588} INFO - Filling up the DagBag from /opt/bitnami/airflow/venv/lib/python3.12/site-packages/airflow/example_dags/example_task_group.py
[2024-12-13T11:57:39.510+0000] {processor.py:925} INFO - DAG(s) 'example_task_group' retrieved from /opt/bitnami/airflow/venv/lib/python3.12/site-packages/airflow/example_dags/example_task_group.py
[2024-12-13T11:57:39.553+0000] {logging_mixin.py:190} INFO - [2024-12-13T11:57:39.553+0000] {dag.py:3239} INFO - Sync 1 DAGs
[2024-12-13T11:57:39.578+0000] {logging_mixin.py:190} INFO - [2024-12-13T11:57:39.578+0000] {dag.py:4180} INFO - Setting next_dagrun for example_task_group to None, run_after=None
[2024-12-13T11:57:39.605+0000] {processor.py:208} INFO - Processing /opt/bitnami/airflow/venv/lib/python3.12/site-packages/airflow/example_dags/example_task_group.py took 0.117 seconds
[2024-12-13T11:58:33.821+0000] {processor.py:186} INFO - Started process (PID=64) to work on /opt/bitnami/airflow/venv/lib/python3.12/site-packages/airflow/example_dags/example_task_group.py
[2024-12-13T11:58:33.822+0000] {processor.py:914} INFO - Processing file /opt/bitnami/airflow/venv/lib/python3.12/site-packages/airflow/example_dags/example_task_group.py for tasks to queue
[2024-12-13T11:58:33.824+0000] {logging_mixin.py:190} INFO - [2024-12-13T11:58:33.824+0000] {dagbag.py:588} INFO - Filling up the DagBag from /opt/bitnami/airflow/venv/lib/python3.12/site-packages/airflow/example_dags/example_task_group.py
[2024-12-13T11:58:33.830+0000] {processor.py:925} INFO - DAG(s) 'example_task_group' retrieved from /opt/bitnami/airflow/venv/lib/python3.12/site-packages/airflow/example_dags/example_task_group.py
[2024-12-13T11:58:33.863+0000] {logging_mixin.py:190} INFO - [2024-12-13T11:58:33.862+0000] {dag.py:3239} INFO - Sync 1 DAGs
[2024-12-13T11:58:33.884+0000] {logging_mixin.py:190} INFO - [2024-12-13T11:58:33.884+0000] {dag.py:4180} INFO - Setting next_dagrun for example_task_group to None, run_after=None
[2024-12-13T11:58:33.905+0000] {processor.py:208} INFO - Processing /opt/bitnami/airflow/venv/lib/python3.12/site-packages/airflow/example_dags/example_task_group.py took 0.089 seconds
[2024-12-13T11:59:04.946+0000] {processor.py:186} INFO - Started process (PID=121) to work on /opt/bitnami/airflow/venv/lib/python3.12/site-packages/airflow/example_dags/example_task_group.py
[2024-12-13T11:59:04.948+0000] {processor.py:914} INFO - Processing file /opt/bitnami/airflow/venv/lib/python3.12/site-packages/airflow/example_dags/example_task_group.py for tasks to queue
[2024-12-13T11:59:04.953+0000] {logging_mixin.py:190} INFO - [2024-12-13T11:59:04.953+0000] {dagbag.py:588} INFO - Filling up the DagBag from /opt/bitnami/airflow/venv/lib/python3.12/site-packages/airflow/example_dags/example_task_group.py
[2024-12-13T11:59:04.968+0000] {processor.py:925} INFO - DAG(s) 'example_task_group' retrieved from /opt/bitnami/airflow/venv/lib/python3.12/site-packages/airflow/example_dags/example_task_group.py
[2024-12-13T11:59:05.019+0000] {logging_mixin.py:190} INFO - [2024-12-13T11:59:05.019+0000] {dag.py:3239} INFO - Sync 1 DAGs
[2024-12-13T11:59:05.050+0000] {logging_mixin.py:190} INFO - [2024-12-13T11:59:05.050+0000] {dag.py:4180} INFO - Setting next_dagrun for example_task_group to None, run_after=None
[2024-12-13T11:59:05.074+0000] {processor.py:208} INFO - Processing /opt/bitnami/airflow/venv/lib/python3.12/site-packages/airflow/example_dags/example_task_group.py took 0.138 seconds
[2024-12-13T11:59:35.526+0000] {processor.py:186} INFO - Started process (PID=178) to work on /opt/bitnami/airflow/venv/lib/python3.12/site-packages/airflow/example_dags/example_task_group.py
[2024-12-13T11:59:35.527+0000] {processor.py:914} INFO - Processing file /opt/bitnami/airflow/venv/lib/python3.12/site-packages/airflow/example_dags/example_task_group.py for tasks to queue
[2024-12-13T11:59:35.528+0000] {logging_mixin.py:190} INFO - [2024-12-13T11:59:35.528+0000] {dagbag.py:588} INFO - Filling up the DagBag from /opt/bitnami/airflow/venv/lib/python3.12/site-packages/airflow/example_dags/example_task_group.py
[2024-12-13T11:59:35.534+0000] {processor.py:925} INFO - DAG(s) 'example_task_group' retrieved from /opt/bitnami/airflow/venv/lib/python3.12/site-packages/airflow/example_dags/example_task_group.py
[2024-12-13T11:59:35.617+0000] {logging_mixin.py:190} INFO - [2024-12-13T11:59:35.617+0000] {dag.py:3239} INFO - Sync 1 DAGs
[2024-12-13T11:59:35.638+0000] {logging_mixin.py:190} INFO - [2024-12-13T11:59:35.637+0000] {dag.py:4180} INFO - Setting next_dagrun for example_task_group to None, run_after=None
[2024-12-13T11:59:35.661+0000] {processor.py:208} INFO - Processing /opt/bitnami/airflow/venv/lib/python3.12/site-packages/airflow/example_dags/example_task_group.py took 0.140 seconds
[2024-12-13T12:00:06.140+0000] {processor.py:186} INFO - Started process (PID=235) to work on /opt/bitnami/airflow/venv/lib/python3.12/site-packages/airflow/example_dags/example_task_group.py
[2024-12-13T12:00:06.141+0000] {processor.py:914} INFO - Processing file /opt/bitnami/airflow/venv/lib/python3.12/site-packages/airflow/example_dags/example_task_group.py for tasks to queue
[2024-12-13T12:00:06.143+0000] {logging_mixin.py:190} INFO - [2024-12-13T12:00:06.142+0000] {dagbag.py:588} INFO - Filling up the DagBag from /opt/bitnami/airflow/venv/lib/python3.12/site-packages/airflow/example_dags/example_task_group.py
[2024-12-13T12:00:06.148+0000] {processor.py:925} INFO - DAG(s) 'example_task_group' retrieved from /opt/bitnami/airflow/venv/lib/python3.12/site-packages/airflow/example_dags/example_task_group.py
[2024-12-13T12:00:06.182+0000] {logging_mixin.py:190} INFO - [2024-12-13T12:00:06.182+0000] {dag.py:3239} INFO - Sync 1 DAGs
[2024-12-13T12:00:06.200+0000] {logging_mixin.py:190} INFO - [2024-12-13T12:00:06.200+0000] {dag.py:4180} INFO - Setting next_dagrun for example_task_group to None, run_after=None
[2024-12-13T12:00:06.221+0000] {processor.py:208} INFO - Processing /opt/bitnami/airflow/venv/lib/python3.12/site-packages/airflow/example_dags/example_task_group.py took 0.087 seconds
[2024-12-13T12:00:36.252+0000] {processor.py:186} INFO - Started process (PID=291) to work on /opt/bitnami/airflow/venv/lib/python3.12/site-packages/airflow/example_dags/example_task_group.py
[2024-12-13T12:00:36.253+0000] {processor.py:914} INFO - Processing file /opt/bitnami/airflow/venv/lib/python3.12/site-packages/airflow/example_dags/example_task_group.py for tasks to queue
[2024-12-13T12:00:36.255+0000] {logging_mixin.py:190} INFO - [2024-12-13T12:00:36.254+0000] {dagbag.py:588} INFO - Filling up the DagBag from /opt/bitnami/airflow/venv/lib/python3.12/site-packages/airflow/example_dags/example_task_group.py
[2024-12-13T12:00:36.260+0000] {processor.py:925} INFO - DAG(s) 'example_task_group' retrieved from /opt/bitnami/airflow/venv/lib/python3.12/site-packages/airflow/example_dags/example_task_group.py
[2024-12-13T12:00:36.290+0000] {logging_mixin.py:190} INFO - [2024-12-13T12:00:36.290+0000] {dag.py:3239} INFO - Sync 1 DAGs
[2024-12-13T12:00:36.306+0000] {logging_mixin.py:190} INFO - [2024-12-13T12:00:36.305+0000] {dag.py:4180} INFO - Setting next_dagrun for example_task_group to None, run_after=None
[2024-12-13T12:00:36.326+0000] {processor.py:208} INFO - Processing /opt/bitnami/airflow/venv/lib/python3.12/site-packages/airflow/example_dags/example_task_group.py took 0.078 seconds
[2024-12-13T12:01:06.984+0000] {processor.py:186} INFO - Started process (PID=349) to work on /opt/bitnami/airflow/venv/lib/python3.12/site-packages/airflow/example_dags/example_task_group.py
[2024-12-13T12:01:06.985+0000] {processor.py:914} INFO - Processing file /opt/bitnami/airflow/venv/lib/python3.12/site-packages/airflow/example_dags/example_task_group.py for tasks to queue
[2024-12-13T12:01:06.987+0000] {logging_mixin.py:190} INFO - [2024-12-13T12:01:06.987+0000] {dagbag.py:588} INFO - Filling up the DagBag from /opt/bitnami/airflow/venv/lib/python3.12/site-packages/airflow/example_dags/example_task_group.py
[2024-12-13T12:01:06.993+0000] {processor.py:925} INFO - DAG(s) 'example_task_group' retrieved from /opt/bitnami/airflow/venv/lib/python3.12/site-packages/airflow/example_dags/example_task_group.py
[2024-12-13T12:01:07.026+0000] {logging_mixin.py:190} INFO - [2024-12-13T12:01:07.026+0000] {dag.py:3239} INFO - Sync 1 DAGs
[2024-12-13T12:01:07.042+0000] {logging_mixin.py:190} INFO - [2024-12-13T12:01:07.042+0000] {dag.py:4180} INFO - Setting next_dagrun for example_task_group to None, run_after=None
[2024-12-13T12:01:07.060+0000] {processor.py:208} INFO - Processing /opt/bitnami/airflow/venv/lib/python3.12/site-packages/airflow/example_dags/example_task_group.py took 0.081 seconds
[2024-12-13T12:01:37.834+0000] {processor.py:186} INFO - Started process (PID=406) to work on /opt/bitnami/airflow/venv/lib/python3.12/site-packages/airflow/example_dags/example_task_group.py
[2024-12-13T12:01:37.834+0000] {processor.py:914} INFO - Processing file /opt/bitnami/airflow/venv/lib/python3.12/site-packages/airflow/example_dags/example_task_group.py for tasks to queue
[2024-12-13T12:01:37.837+0000] {logging_mixin.py:190} INFO - [2024-12-13T12:01:37.836+0000] {dagbag.py:588} INFO - Filling up the DagBag from /opt/bitnami/airflow/venv/lib/python3.12/site-packages/airflow/example_dags/example_task_group.py
[2024-12-13T12:01:37.842+0000] {processor.py:925} INFO - DAG(s) 'example_task_group' retrieved from /opt/bitnami/airflow/venv/lib/python3.12/site-packages/airflow/example_dags/example_task_group.py
[2024-12-13T12:01:37.880+0000] {logging_mixin.py:190} INFO - [2024-12-13T12:01:37.880+0000] {dag.py:3239} INFO - Sync 1 DAGs
[2024-12-13T12:01:37.899+0000] {logging_mixin.py:190} INFO - [2024-12-13T12:01:37.899+0000] {dag.py:4180} INFO - Setting next_dagrun for example_task_group to None, run_after=None
[2024-12-13T12:01:37.923+0000] {processor.py:208} INFO - Processing /opt/bitnami/airflow/venv/lib/python3.12/site-packages/airflow/example_dags/example_task_group.py took 0.095 seconds
[2024-12-13T12:02:09.150+0000] {processor.py:186} INFO - Started process (PID=463) to work on /opt/bitnami/airflow/venv/lib/python3.12/site-packages/airflow/example_dags/example_task_group.py
[2024-12-13T12:02:09.151+0000] {processor.py:914} INFO - Processing file /opt/bitnami/airflow/venv/lib/python3.12/site-packages/airflow/example_dags/example_task_group.py for tasks to queue
[2024-12-13T12:02:09.156+0000] {logging_mixin.py:190} INFO - [2024-12-13T12:02:09.156+0000] {dagbag.py:588} INFO - Filling up the DagBag from /opt/bitnami/airflow/venv/lib/python3.12/site-packages/airflow/example_dags/example_task_group.py
[2024-12-13T12:02:09.168+0000] {processor.py:925} INFO - DAG(s) 'example_task_group' retrieved from /opt/bitnami/airflow/venv/lib/python3.12/site-packages/airflow/example_dags/example_task_group.py
[2024-12-13T12:02:09.233+0000] {logging_mixin.py:190} INFO - [2024-12-13T12:02:09.233+0000] {dag.py:3239} INFO - Sync 1 DAGs
[2024-12-13T12:02:09.268+0000] {logging_mixin.py:190} INFO - [2024-12-13T12:02:09.267+0000] {dag.py:4180} INFO - Setting next_dagrun for example_task_group to None, run_after=None
[2024-12-13T12:02:09.311+0000] {processor.py:208} INFO - Processing /opt/bitnami/airflow/venv/lib/python3.12/site-packages/airflow/example_dags/example_task_group.py took 0.169 seconds
