[2024-12-13T08:19:44.076+0000] {processor.py:186} INFO - Started process (PID=58) to work on /opt/bitnami/airflow/venv/lib/python3.12/site-packages/airflow/example_dags/example_task_group_decorator.py
[2024-12-13T08:19:44.077+0000] {processor.py:914} INFO - Processing file /opt/bitnami/airflow/venv/lib/python3.12/site-packages/airflow/example_dags/example_task_group_decorator.py for tasks to queue
[2024-12-13T08:19:44.079+0000] {logging_mixin.py:190} INFO - [2024-12-13T08:19:44.078+0000] {dagbag.py:588} INFO - Filling up the DagBag from /opt/bitnami/airflow/venv/lib/python3.12/site-packages/airflow/example_dags/example_task_group_decorator.py
[2024-12-13T08:19:44.089+0000] {processor.py:925} INFO - DAG(s) 'example_task_group_decorator' retrieved from /opt/bitnami/airflow/venv/lib/python3.12/site-packages/airflow/example_dags/example_task_group_decorator.py
[2024-12-13T08:19:44.125+0000] {logging_mixin.py:190} INFO - [2024-12-13T08:19:44.125+0000] {dag.py:3239} INFO - Sync 1 DAGs
[2024-12-13T08:19:44.140+0000] {logging_mixin.py:190} INFO - [2024-12-13T08:19:44.140+0000] {dag.py:4180} INFO - Setting next_dagrun for example_task_group_decorator to None, run_after=None
[2024-12-13T08:19:44.160+0000] {processor.py:208} INFO - Processing /opt/bitnami/airflow/venv/lib/python3.12/site-packages/airflow/example_dags/example_task_group_decorator.py took 0.089 seconds
[2024-12-13T08:20:14.404+0000] {processor.py:186} INFO - Started process (PID=115) to work on /opt/bitnami/airflow/venv/lib/python3.12/site-packages/airflow/example_dags/example_task_group_decorator.py
[2024-12-13T08:20:14.405+0000] {processor.py:914} INFO - Processing file /opt/bitnami/airflow/venv/lib/python3.12/site-packages/airflow/example_dags/example_task_group_decorator.py for tasks to queue
[2024-12-13T08:20:14.407+0000] {logging_mixin.py:190} INFO - [2024-12-13T08:20:14.407+0000] {dagbag.py:588} INFO - Filling up the DagBag from /opt/bitnami/airflow/venv/lib/python3.12/site-packages/airflow/example_dags/example_task_group_decorator.py
[2024-12-13T08:20:14.417+0000] {processor.py:925} INFO - DAG(s) 'example_task_group_decorator' retrieved from /opt/bitnami/airflow/venv/lib/python3.12/site-packages/airflow/example_dags/example_task_group_decorator.py
[2024-12-13T08:20:14.451+0000] {logging_mixin.py:190} INFO - [2024-12-13T08:20:14.451+0000] {dag.py:3239} INFO - Sync 1 DAGs
[2024-12-13T08:20:14.470+0000] {logging_mixin.py:190} INFO - [2024-12-13T08:20:14.470+0000] {dag.py:4180} INFO - Setting next_dagrun for example_task_group_decorator to None, run_after=None
[2024-12-13T08:20:14.488+0000] {processor.py:208} INFO - Processing /opt/bitnami/airflow/venv/lib/python3.12/site-packages/airflow/example_dags/example_task_group_decorator.py took 0.088 seconds
[2024-12-13T08:20:45.002+0000] {processor.py:186} INFO - Started process (PID=172) to work on /opt/bitnami/airflow/venv/lib/python3.12/site-packages/airflow/example_dags/example_task_group_decorator.py
[2024-12-13T08:20:45.003+0000] {processor.py:914} INFO - Processing file /opt/bitnami/airflow/venv/lib/python3.12/site-packages/airflow/example_dags/example_task_group_decorator.py for tasks to queue
[2024-12-13T08:20:45.008+0000] {logging_mixin.py:190} INFO - [2024-12-13T08:20:45.007+0000] {dagbag.py:588} INFO - Filling up the DagBag from /opt/bitnami/airflow/venv/lib/python3.12/site-packages/airflow/example_dags/example_task_group_decorator.py
[2024-12-13T08:20:45.023+0000] {processor.py:925} INFO - DAG(s) 'example_task_group_decorator' retrieved from /opt/bitnami/airflow/venv/lib/python3.12/site-packages/airflow/example_dags/example_task_group_decorator.py
[2024-12-13T08:20:45.088+0000] {logging_mixin.py:190} INFO - [2024-12-13T08:20:45.087+0000] {dag.py:3239} INFO - Sync 1 DAGs
[2024-12-13T08:20:45.129+0000] {logging_mixin.py:190} INFO - [2024-12-13T08:20:45.129+0000] {dag.py:4180} INFO - Setting next_dagrun for example_task_group_decorator to None, run_after=None
[2024-12-13T08:20:45.168+0000] {processor.py:208} INFO - Processing /opt/bitnami/airflow/venv/lib/python3.12/site-packages/airflow/example_dags/example_task_group_decorator.py took 0.175 seconds
[2024-12-13T08:21:15.590+0000] {processor.py:186} INFO - Started process (PID=229) to work on /opt/bitnami/airflow/venv/lib/python3.12/site-packages/airflow/example_dags/example_task_group_decorator.py
[2024-12-13T08:21:15.592+0000] {processor.py:914} INFO - Processing file /opt/bitnami/airflow/venv/lib/python3.12/site-packages/airflow/example_dags/example_task_group_decorator.py for tasks to queue
[2024-12-13T08:21:15.595+0000] {logging_mixin.py:190} INFO - [2024-12-13T08:21:15.595+0000] {dagbag.py:588} INFO - Filling up the DagBag from /opt/bitnami/airflow/venv/lib/python3.12/site-packages/airflow/example_dags/example_task_group_decorator.py
[2024-12-13T08:21:15.606+0000] {processor.py:925} INFO - DAG(s) 'example_task_group_decorator' retrieved from /opt/bitnami/airflow/venv/lib/python3.12/site-packages/airflow/example_dags/example_task_group_decorator.py
[2024-12-13T08:21:15.739+0000] {logging_mixin.py:190} INFO - [2024-12-13T08:21:15.737+0000] {dag.py:3239} INFO - Sync 1 DAGs
[2024-12-13T08:21:15.757+0000] {logging_mixin.py:190} INFO - [2024-12-13T08:21:15.757+0000] {dag.py:4180} INFO - Setting next_dagrun for example_task_group_decorator to None, run_after=None
[2024-12-13T08:21:15.779+0000] {processor.py:208} INFO - Processing /opt/bitnami/airflow/venv/lib/python3.12/site-packages/airflow/example_dags/example_task_group_decorator.py took 0.194 seconds
[2024-12-13T08:21:46.891+0000] {processor.py:186} INFO - Started process (PID=286) to work on /opt/bitnami/airflow/venv/lib/python3.12/site-packages/airflow/example_dags/example_task_group_decorator.py
[2024-12-13T08:21:46.892+0000] {processor.py:914} INFO - Processing file /opt/bitnami/airflow/venv/lib/python3.12/site-packages/airflow/example_dags/example_task_group_decorator.py for tasks to queue
[2024-12-13T08:21:46.894+0000] {logging_mixin.py:190} INFO - [2024-12-13T08:21:46.894+0000] {dagbag.py:588} INFO - Filling up the DagBag from /opt/bitnami/airflow/venv/lib/python3.12/site-packages/airflow/example_dags/example_task_group_decorator.py
[2024-12-13T08:21:46.904+0000] {processor.py:925} INFO - DAG(s) 'example_task_group_decorator' retrieved from /opt/bitnami/airflow/venv/lib/python3.12/site-packages/airflow/example_dags/example_task_group_decorator.py
[2024-12-13T08:21:46.939+0000] {logging_mixin.py:190} INFO - [2024-12-13T08:21:46.939+0000] {dag.py:3239} INFO - Sync 1 DAGs
[2024-12-13T08:21:46.954+0000] {logging_mixin.py:190} INFO - [2024-12-13T08:21:46.954+0000] {dag.py:4180} INFO - Setting next_dagrun for example_task_group_decorator to None, run_after=None
[2024-12-13T08:21:46.971+0000] {processor.py:208} INFO - Processing /opt/bitnami/airflow/venv/lib/python3.12/site-packages/airflow/example_dags/example_task_group_decorator.py took 0.084 seconds
[2024-12-13T08:22:17.308+0000] {processor.py:186} INFO - Started process (PID=343) to work on /opt/bitnami/airflow/venv/lib/python3.12/site-packages/airflow/example_dags/example_task_group_decorator.py
[2024-12-13T08:22:17.309+0000] {processor.py:914} INFO - Processing file /opt/bitnami/airflow/venv/lib/python3.12/site-packages/airflow/example_dags/example_task_group_decorator.py for tasks to queue
[2024-12-13T08:22:17.311+0000] {logging_mixin.py:190} INFO - [2024-12-13T08:22:17.311+0000] {dagbag.py:588} INFO - Filling up the DagBag from /opt/bitnami/airflow/venv/lib/python3.12/site-packages/airflow/example_dags/example_task_group_decorator.py
[2024-12-13T08:22:17.322+0000] {processor.py:925} INFO - DAG(s) 'example_task_group_decorator' retrieved from /opt/bitnami/airflow/venv/lib/python3.12/site-packages/airflow/example_dags/example_task_group_decorator.py
[2024-12-13T08:22:17.355+0000] {logging_mixin.py:190} INFO - [2024-12-13T08:22:17.355+0000] {dag.py:3239} INFO - Sync 1 DAGs
[2024-12-13T08:22:17.371+0000] {logging_mixin.py:190} INFO - [2024-12-13T08:22:17.371+0000] {dag.py:4180} INFO - Setting next_dagrun for example_task_group_decorator to None, run_after=None
[2024-12-13T08:22:17.390+0000] {processor.py:208} INFO - Processing /opt/bitnami/airflow/venv/lib/python3.12/site-packages/airflow/example_dags/example_task_group_decorator.py took 0.088 seconds
[2024-12-13T08:22:48.178+0000] {processor.py:186} INFO - Started process (PID=400) to work on /opt/bitnami/airflow/venv/lib/python3.12/site-packages/airflow/example_dags/example_task_group_decorator.py
[2024-12-13T08:22:48.179+0000] {processor.py:914} INFO - Processing file /opt/bitnami/airflow/venv/lib/python3.12/site-packages/airflow/example_dags/example_task_group_decorator.py for tasks to queue
[2024-12-13T08:22:48.180+0000] {logging_mixin.py:190} INFO - [2024-12-13T08:22:48.180+0000] {dagbag.py:588} INFO - Filling up the DagBag from /opt/bitnami/airflow/venv/lib/python3.12/site-packages/airflow/example_dags/example_task_group_decorator.py
[2024-12-13T08:22:48.190+0000] {processor.py:925} INFO - DAG(s) 'example_task_group_decorator' retrieved from /opt/bitnami/airflow/venv/lib/python3.12/site-packages/airflow/example_dags/example_task_group_decorator.py
[2024-12-13T08:22:48.224+0000] {logging_mixin.py:190} INFO - [2024-12-13T08:22:48.224+0000] {dag.py:3239} INFO - Sync 1 DAGs
[2024-12-13T08:22:48.240+0000] {logging_mixin.py:190} INFO - [2024-12-13T08:22:48.240+0000] {dag.py:4180} INFO - Setting next_dagrun for example_task_group_decorator to None, run_after=None
[2024-12-13T08:22:48.257+0000] {processor.py:208} INFO - Processing /opt/bitnami/airflow/venv/lib/python3.12/site-packages/airflow/example_dags/example_task_group_decorator.py took 0.084 seconds
[2024-12-13T08:25:45.084+0000] {processor.py:186} INFO - Started process (PID=58) to work on /opt/bitnami/airflow/venv/lib/python3.12/site-packages/airflow/example_dags/example_task_group_decorator.py
[2024-12-13T08:25:45.086+0000] {processor.py:914} INFO - Processing file /opt/bitnami/airflow/venv/lib/python3.12/site-packages/airflow/example_dags/example_task_group_decorator.py for tasks to queue
[2024-12-13T08:25:45.089+0000] {logging_mixin.py:190} INFO - [2024-12-13T08:25:45.089+0000] {dagbag.py:588} INFO - Filling up the DagBag from /opt/bitnami/airflow/venv/lib/python3.12/site-packages/airflow/example_dags/example_task_group_decorator.py
[2024-12-13T08:25:45.102+0000] {processor.py:925} INFO - DAG(s) 'example_task_group_decorator' retrieved from /opt/bitnami/airflow/venv/lib/python3.12/site-packages/airflow/example_dags/example_task_group_decorator.py
[2024-12-13T08:25:45.158+0000] {logging_mixin.py:190} INFO - [2024-12-13T08:25:45.158+0000] {dag.py:3239} INFO - Sync 1 DAGs
[2024-12-13T08:25:45.185+0000] {logging_mixin.py:190} INFO - [2024-12-13T08:25:45.185+0000] {dag.py:4180} INFO - Setting next_dagrun for example_task_group_decorator to None, run_after=None
[2024-12-13T08:25:45.219+0000] {processor.py:208} INFO - Processing /opt/bitnami/airflow/venv/lib/python3.12/site-packages/airflow/example_dags/example_task_group_decorator.py took 0.140 seconds
[2024-12-13T08:26:15.688+0000] {processor.py:186} INFO - Started process (PID=115) to work on /opt/bitnami/airflow/venv/lib/python3.12/site-packages/airflow/example_dags/example_task_group_decorator.py
[2024-12-13T08:26:15.689+0000] {processor.py:914} INFO - Processing file /opt/bitnami/airflow/venv/lib/python3.12/site-packages/airflow/example_dags/example_task_group_decorator.py for tasks to queue
[2024-12-13T08:26:15.691+0000] {logging_mixin.py:190} INFO - [2024-12-13T08:26:15.691+0000] {dagbag.py:588} INFO - Filling up the DagBag from /opt/bitnami/airflow/venv/lib/python3.12/site-packages/airflow/example_dags/example_task_group_decorator.py
[2024-12-13T08:26:15.701+0000] {processor.py:925} INFO - DAG(s) 'example_task_group_decorator' retrieved from /opt/bitnami/airflow/venv/lib/python3.12/site-packages/airflow/example_dags/example_task_group_decorator.py
[2024-12-13T08:26:15.735+0000] {logging_mixin.py:190} INFO - [2024-12-13T08:26:15.735+0000] {dag.py:3239} INFO - Sync 1 DAGs
[2024-12-13T08:26:15.752+0000] {logging_mixin.py:190} INFO - [2024-12-13T08:26:15.751+0000] {dag.py:4180} INFO - Setting next_dagrun for example_task_group_decorator to None, run_after=None
[2024-12-13T08:26:15.770+0000] {processor.py:208} INFO - Processing /opt/bitnami/airflow/venv/lib/python3.12/site-packages/airflow/example_dags/example_task_group_decorator.py took 0.086 seconds
[2024-12-13T08:26:47.071+0000] {processor.py:186} INFO - Started process (PID=172) to work on /opt/bitnami/airflow/venv/lib/python3.12/site-packages/airflow/example_dags/example_task_group_decorator.py
[2024-12-13T08:26:47.072+0000] {processor.py:914} INFO - Processing file /opt/bitnami/airflow/venv/lib/python3.12/site-packages/airflow/example_dags/example_task_group_decorator.py for tasks to queue
[2024-12-13T08:26:47.074+0000] {logging_mixin.py:190} INFO - [2024-12-13T08:26:47.074+0000] {dagbag.py:588} INFO - Filling up the DagBag from /opt/bitnami/airflow/venv/lib/python3.12/site-packages/airflow/example_dags/example_task_group_decorator.py
[2024-12-13T08:26:47.084+0000] {processor.py:925} INFO - DAG(s) 'example_task_group_decorator' retrieved from /opt/bitnami/airflow/venv/lib/python3.12/site-packages/airflow/example_dags/example_task_group_decorator.py
[2024-12-13T08:26:47.186+0000] {logging_mixin.py:190} INFO - [2024-12-13T08:26:47.185+0000] {dag.py:3239} INFO - Sync 1 DAGs
[2024-12-13T08:26:47.218+0000] {logging_mixin.py:190} INFO - [2024-12-13T08:26:47.218+0000] {dag.py:4180} INFO - Setting next_dagrun for example_task_group_decorator to None, run_after=None
[2024-12-13T08:26:47.257+0000] {processor.py:208} INFO - Processing /opt/bitnami/airflow/venv/lib/python3.12/site-packages/airflow/example_dags/example_task_group_decorator.py took 0.190 seconds
[2024-12-13T08:27:17.844+0000] {processor.py:186} INFO - Started process (PID=229) to work on /opt/bitnami/airflow/venv/lib/python3.12/site-packages/airflow/example_dags/example_task_group_decorator.py
[2024-12-13T08:27:17.845+0000] {processor.py:914} INFO - Processing file /opt/bitnami/airflow/venv/lib/python3.12/site-packages/airflow/example_dags/example_task_group_decorator.py for tasks to queue
[2024-12-13T08:27:17.847+0000] {logging_mixin.py:190} INFO - [2024-12-13T08:27:17.847+0000] {dagbag.py:588} INFO - Filling up the DagBag from /opt/bitnami/airflow/venv/lib/python3.12/site-packages/airflow/example_dags/example_task_group_decorator.py
[2024-12-13T08:27:17.858+0000] {processor.py:925} INFO - DAG(s) 'example_task_group_decorator' retrieved from /opt/bitnami/airflow/venv/lib/python3.12/site-packages/airflow/example_dags/example_task_group_decorator.py
[2024-12-13T08:27:17.889+0000] {logging_mixin.py:190} INFO - [2024-12-13T08:27:17.889+0000] {dag.py:3239} INFO - Sync 1 DAGs
[2024-12-13T08:27:17.904+0000] {logging_mixin.py:190} INFO - [2024-12-13T08:27:17.904+0000] {dag.py:4180} INFO - Setting next_dagrun for example_task_group_decorator to None, run_after=None
[2024-12-13T08:27:17.921+0000] {processor.py:208} INFO - Processing /opt/bitnami/airflow/venv/lib/python3.12/site-packages/airflow/example_dags/example_task_group_decorator.py took 0.081 seconds
[2024-12-13T10:42:37.023+0000] {processor.py:186} INFO - Started process (PID=58) to work on /opt/bitnami/airflow/venv/lib/python3.12/site-packages/airflow/example_dags/example_task_group_decorator.py
[2024-12-13T10:42:37.026+0000] {processor.py:914} INFO - Processing file /opt/bitnami/airflow/venv/lib/python3.12/site-packages/airflow/example_dags/example_task_group_decorator.py for tasks to queue
[2024-12-13T10:42:37.029+0000] {logging_mixin.py:190} INFO - [2024-12-13T10:42:37.028+0000] {dagbag.py:588} INFO - Filling up the DagBag from /opt/bitnami/airflow/venv/lib/python3.12/site-packages/airflow/example_dags/example_task_group_decorator.py
[2024-12-13T10:42:37.041+0000] {processor.py:925} INFO - DAG(s) 'example_task_group_decorator' retrieved from /opt/bitnami/airflow/venv/lib/python3.12/site-packages/airflow/example_dags/example_task_group_decorator.py
[2024-12-13T10:42:37.176+0000] {logging_mixin.py:190} INFO - [2024-12-13T10:42:37.176+0000] {override.py:1900} INFO - Created Permission View: can read on DAG:example_task_group_decorator
[2024-12-13T10:42:37.188+0000] {logging_mixin.py:190} INFO - [2024-12-13T10:42:37.188+0000] {override.py:1900} INFO - Created Permission View: can delete on DAG:example_task_group_decorator
[2024-12-13T10:42:37.195+0000] {logging_mixin.py:190} INFO - [2024-12-13T10:42:37.195+0000] {override.py:1900} INFO - Created Permission View: can edit on DAG:example_task_group_decorator
[2024-12-13T10:42:37.206+0000] {logging_mixin.py:190} INFO - [2024-12-13T10:42:37.205+0000] {override.py:1900} INFO - Created Permission View: can delete on DAG Run:example_task_group_decorator
[2024-12-13T10:42:37.213+0000] {logging_mixin.py:190} INFO - [2024-12-13T10:42:37.212+0000] {override.py:1900} INFO - Created Permission View: can read on DAG Run:example_task_group_decorator
[2024-12-13T10:42:37.221+0000] {logging_mixin.py:190} INFO - [2024-12-13T10:42:37.221+0000] {override.py:1900} INFO - Created Permission View: can create on DAG Run:example_task_group_decorator
[2024-12-13T10:42:37.229+0000] {logging_mixin.py:190} INFO - [2024-12-13T10:42:37.228+0000] {override.py:1900} INFO - Created Permission View: menu access on DAG Run:example_task_group_decorator
[2024-12-13T10:42:37.230+0000] {logging_mixin.py:190} INFO - [2024-12-13T10:42:37.229+0000] {dag.py:3239} INFO - Sync 1 DAGs
[2024-12-13T10:42:37.257+0000] {logging_mixin.py:190} INFO - [2024-12-13T10:42:37.257+0000] {dag.py:3262} INFO - Creating ORM DAG for example_task_group_decorator
[2024-12-13T10:42:37.258+0000] {logging_mixin.py:190} INFO - [2024-12-13T10:42:37.258+0000] {dag.py:4180} INFO - Setting next_dagrun for example_task_group_decorator to None, run_after=None
[2024-12-13T10:42:37.294+0000] {processor.py:208} INFO - Processing /opt/bitnami/airflow/venv/lib/python3.12/site-packages/airflow/example_dags/example_task_group_decorator.py took 0.278 seconds
[2024-12-13T10:43:07.475+0000] {processor.py:186} INFO - Started process (PID=115) to work on /opt/bitnami/airflow/venv/lib/python3.12/site-packages/airflow/example_dags/example_task_group_decorator.py
[2024-12-13T10:43:07.476+0000] {processor.py:914} INFO - Processing file /opt/bitnami/airflow/venv/lib/python3.12/site-packages/airflow/example_dags/example_task_group_decorator.py for tasks to queue
[2024-12-13T10:43:07.478+0000] {logging_mixin.py:190} INFO - [2024-12-13T10:43:07.478+0000] {dagbag.py:588} INFO - Filling up the DagBag from /opt/bitnami/airflow/venv/lib/python3.12/site-packages/airflow/example_dags/example_task_group_decorator.py
[2024-12-13T10:43:07.488+0000] {processor.py:925} INFO - DAG(s) 'example_task_group_decorator' retrieved from /opt/bitnami/airflow/venv/lib/python3.12/site-packages/airflow/example_dags/example_task_group_decorator.py
[2024-12-13T10:43:07.542+0000] {logging_mixin.py:190} INFO - [2024-12-13T10:43:07.542+0000] {dag.py:3239} INFO - Sync 1 DAGs
[2024-12-13T10:43:07.585+0000] {logging_mixin.py:190} INFO - [2024-12-13T10:43:07.585+0000] {dag.py:4180} INFO - Setting next_dagrun for example_task_group_decorator to None, run_after=None
[2024-12-13T10:43:07.618+0000] {processor.py:208} INFO - Processing /opt/bitnami/airflow/venv/lib/python3.12/site-packages/airflow/example_dags/example_task_group_decorator.py took 0.147 seconds
[2024-12-13T10:43:38.555+0000] {processor.py:186} INFO - Started process (PID=172) to work on /opt/bitnami/airflow/venv/lib/python3.12/site-packages/airflow/example_dags/example_task_group_decorator.py
[2024-12-13T10:43:38.557+0000] {processor.py:914} INFO - Processing file /opt/bitnami/airflow/venv/lib/python3.12/site-packages/airflow/example_dags/example_task_group_decorator.py for tasks to queue
[2024-12-13T10:43:38.560+0000] {logging_mixin.py:190} INFO - [2024-12-13T10:43:38.560+0000] {dagbag.py:588} INFO - Filling up the DagBag from /opt/bitnami/airflow/venv/lib/python3.12/site-packages/airflow/example_dags/example_task_group_decorator.py
[2024-12-13T10:43:38.577+0000] {processor.py:925} INFO - DAG(s) 'example_task_group_decorator' retrieved from /opt/bitnami/airflow/venv/lib/python3.12/site-packages/airflow/example_dags/example_task_group_decorator.py
[2024-12-13T10:43:38.756+0000] {logging_mixin.py:190} INFO - [2024-12-13T10:43:38.756+0000] {dag.py:3239} INFO - Sync 1 DAGs
[2024-12-13T10:43:38.793+0000] {logging_mixin.py:190} INFO - [2024-12-13T10:43:38.792+0000] {dag.py:4180} INFO - Setting next_dagrun for example_task_group_decorator to None, run_after=None
[2024-12-13T10:43:38.836+0000] {processor.py:208} INFO - Processing /opt/bitnami/airflow/venv/lib/python3.12/site-packages/airflow/example_dags/example_task_group_decorator.py took 0.287 seconds
[2024-12-13T10:44:09.124+0000] {processor.py:186} INFO - Started process (PID=229) to work on /opt/bitnami/airflow/venv/lib/python3.12/site-packages/airflow/example_dags/example_task_group_decorator.py
[2024-12-13T10:44:09.124+0000] {processor.py:914} INFO - Processing file /opt/bitnami/airflow/venv/lib/python3.12/site-packages/airflow/example_dags/example_task_group_decorator.py for tasks to queue
[2024-12-13T10:44:09.127+0000] {logging_mixin.py:190} INFO - [2024-12-13T10:44:09.126+0000] {dagbag.py:588} INFO - Filling up the DagBag from /opt/bitnami/airflow/venv/lib/python3.12/site-packages/airflow/example_dags/example_task_group_decorator.py
[2024-12-13T10:44:09.138+0000] {processor.py:925} INFO - DAG(s) 'example_task_group_decorator' retrieved from /opt/bitnami/airflow/venv/lib/python3.12/site-packages/airflow/example_dags/example_task_group_decorator.py
[2024-12-13T10:44:09.229+0000] {logging_mixin.py:190} INFO - [2024-12-13T10:44:09.228+0000] {dag.py:3239} INFO - Sync 1 DAGs
[2024-12-13T10:44:09.260+0000] {logging_mixin.py:190} INFO - [2024-12-13T10:44:09.260+0000] {dag.py:4180} INFO - Setting next_dagrun for example_task_group_decorator to None, run_after=None
[2024-12-13T10:44:09.293+0000] {processor.py:208} INFO - Processing /opt/bitnami/airflow/venv/lib/python3.12/site-packages/airflow/example_dags/example_task_group_decorator.py took 0.175 seconds
[2024-12-13T10:44:39.850+0000] {processor.py:186} INFO - Started process (PID=286) to work on /opt/bitnami/airflow/venv/lib/python3.12/site-packages/airflow/example_dags/example_task_group_decorator.py
[2024-12-13T10:44:39.851+0000] {processor.py:914} INFO - Processing file /opt/bitnami/airflow/venv/lib/python3.12/site-packages/airflow/example_dags/example_task_group_decorator.py for tasks to queue
[2024-12-13T10:44:39.853+0000] {logging_mixin.py:190} INFO - [2024-12-13T10:44:39.853+0000] {dagbag.py:588} INFO - Filling up the DagBag from /opt/bitnami/airflow/venv/lib/python3.12/site-packages/airflow/example_dags/example_task_group_decorator.py
[2024-12-13T10:44:39.867+0000] {processor.py:925} INFO - DAG(s) 'example_task_group_decorator' retrieved from /opt/bitnami/airflow/venv/lib/python3.12/site-packages/airflow/example_dags/example_task_group_decorator.py
[2024-12-13T10:44:39.931+0000] {logging_mixin.py:190} INFO - [2024-12-13T10:44:39.930+0000] {dag.py:3239} INFO - Sync 1 DAGs
[2024-12-13T10:44:39.964+0000] {logging_mixin.py:190} INFO - [2024-12-13T10:44:39.964+0000] {dag.py:4180} INFO - Setting next_dagrun for example_task_group_decorator to None, run_after=None
[2024-12-13T10:44:40.003+0000] {processor.py:208} INFO - Processing /opt/bitnami/airflow/venv/lib/python3.12/site-packages/airflow/example_dags/example_task_group_decorator.py took 0.158 seconds
[2024-12-13T10:52:09.943+0000] {processor.py:186} INFO - Started process (PID=58) to work on /opt/bitnami/airflow/venv/lib/python3.12/site-packages/airflow/example_dags/example_task_group_decorator.py
[2024-12-13T10:52:09.944+0000] {processor.py:914} INFO - Processing file /opt/bitnami/airflow/venv/lib/python3.12/site-packages/airflow/example_dags/example_task_group_decorator.py for tasks to queue
[2024-12-13T10:52:09.947+0000] {logging_mixin.py:190} INFO - [2024-12-13T10:52:09.947+0000] {dagbag.py:588} INFO - Filling up the DagBag from /opt/bitnami/airflow/venv/lib/python3.12/site-packages/airflow/example_dags/example_task_group_decorator.py
[2024-12-13T10:52:09.964+0000] {processor.py:925} INFO - DAG(s) 'example_task_group_decorator' retrieved from /opt/bitnami/airflow/venv/lib/python3.12/site-packages/airflow/example_dags/example_task_group_decorator.py
[2024-12-13T10:52:10.063+0000] {logging_mixin.py:190} INFO - [2024-12-13T10:52:10.062+0000] {override.py:1900} INFO - Created Permission View: can read on DAG:example_task_group_decorator
[2024-12-13T10:52:10.077+0000] {logging_mixin.py:190} INFO - [2024-12-13T10:52:10.077+0000] {override.py:1900} INFO - Created Permission View: can delete on DAG:example_task_group_decorator
[2024-12-13T10:52:10.086+0000] {logging_mixin.py:190} INFO - [2024-12-13T10:52:10.085+0000] {override.py:1900} INFO - Created Permission View: can edit on DAG:example_task_group_decorator
[2024-12-13T10:52:10.094+0000] {logging_mixin.py:190} INFO - [2024-12-13T10:52:10.093+0000] {override.py:1900} INFO - Created Permission View: menu access on DAG Run:example_task_group_decorator
[2024-12-13T10:52:10.100+0000] {logging_mixin.py:190} INFO - [2024-12-13T10:52:10.100+0000] {override.py:1900} INFO - Created Permission View: can read on DAG Run:example_task_group_decorator
[2024-12-13T10:52:10.107+0000] {logging_mixin.py:190} INFO - [2024-12-13T10:52:10.107+0000] {override.py:1900} INFO - Created Permission View: can delete on DAG Run:example_task_group_decorator
[2024-12-13T10:52:10.117+0000] {logging_mixin.py:190} INFO - [2024-12-13T10:52:10.116+0000] {override.py:1900} INFO - Created Permission View: can create on DAG Run:example_task_group_decorator
[2024-12-13T10:52:10.118+0000] {logging_mixin.py:190} INFO - [2024-12-13T10:52:10.117+0000] {dag.py:3239} INFO - Sync 1 DAGs
[2024-12-13T10:52:10.144+0000] {logging_mixin.py:190} INFO - [2024-12-13T10:52:10.144+0000] {dag.py:3262} INFO - Creating ORM DAG for example_task_group_decorator
[2024-12-13T10:52:10.145+0000] {logging_mixin.py:190} INFO - [2024-12-13T10:52:10.145+0000] {dag.py:4180} INFO - Setting next_dagrun for example_task_group_decorator to None, run_after=None
[2024-12-13T10:52:10.166+0000] {processor.py:208} INFO - Processing /opt/bitnami/airflow/venv/lib/python3.12/site-packages/airflow/example_dags/example_task_group_decorator.py took 0.229 seconds
[2024-12-13T10:52:40.216+0000] {processor.py:186} INFO - Started process (PID=115) to work on /opt/bitnami/airflow/venv/lib/python3.12/site-packages/airflow/example_dags/example_task_group_decorator.py
[2024-12-13T10:52:40.218+0000] {processor.py:914} INFO - Processing file /opt/bitnami/airflow/venv/lib/python3.12/site-packages/airflow/example_dags/example_task_group_decorator.py for tasks to queue
[2024-12-13T10:52:40.221+0000] {logging_mixin.py:190} INFO - [2024-12-13T10:52:40.221+0000] {dagbag.py:588} INFO - Filling up the DagBag from /opt/bitnami/airflow/venv/lib/python3.12/site-packages/airflow/example_dags/example_task_group_decorator.py
[2024-12-13T10:52:40.241+0000] {processor.py:925} INFO - DAG(s) 'example_task_group_decorator' retrieved from /opt/bitnami/airflow/venv/lib/python3.12/site-packages/airflow/example_dags/example_task_group_decorator.py
[2024-12-13T10:52:40.329+0000] {logging_mixin.py:190} INFO - [2024-12-13T10:52:40.329+0000] {dag.py:3239} INFO - Sync 1 DAGs
[2024-12-13T10:52:40.387+0000] {logging_mixin.py:190} INFO - [2024-12-13T10:52:40.387+0000] {dag.py:4180} INFO - Setting next_dagrun for example_task_group_decorator to None, run_after=None
[2024-12-13T10:52:40.435+0000] {processor.py:208} INFO - Processing /opt/bitnami/airflow/venv/lib/python3.12/site-packages/airflow/example_dags/example_task_group_decorator.py took 0.227 seconds
[2024-12-13T10:53:12.838+0000] {processor.py:186} INFO - Started process (PID=172) to work on /opt/bitnami/airflow/venv/lib/python3.12/site-packages/airflow/example_dags/example_task_group_decorator.py
[2024-12-13T10:53:12.839+0000] {processor.py:914} INFO - Processing file /opt/bitnami/airflow/venv/lib/python3.12/site-packages/airflow/example_dags/example_task_group_decorator.py for tasks to queue
[2024-12-13T10:53:12.842+0000] {logging_mixin.py:190} INFO - [2024-12-13T10:53:12.841+0000] {dagbag.py:588} INFO - Filling up the DagBag from /opt/bitnami/airflow/venv/lib/python3.12/site-packages/airflow/example_dags/example_task_group_decorator.py
[2024-12-13T10:53:12.860+0000] {processor.py:925} INFO - DAG(s) 'example_task_group_decorator' retrieved from /opt/bitnami/airflow/venv/lib/python3.12/site-packages/airflow/example_dags/example_task_group_decorator.py
[2024-12-13T10:53:13.026+0000] {logging_mixin.py:190} INFO - [2024-12-13T10:53:13.025+0000] {dag.py:3239} INFO - Sync 1 DAGs
[2024-12-13T10:53:13.068+0000] {logging_mixin.py:190} INFO - [2024-12-13T10:53:13.068+0000] {dag.py:4180} INFO - Setting next_dagrun for example_task_group_decorator to None, run_after=None
[2024-12-13T10:53:13.115+0000] {processor.py:208} INFO - Processing /opt/bitnami/airflow/venv/lib/python3.12/site-packages/airflow/example_dags/example_task_group_decorator.py took 0.282 seconds
[2024-12-13T10:53:43.478+0000] {processor.py:186} INFO - Started process (PID=229) to work on /opt/bitnami/airflow/venv/lib/python3.12/site-packages/airflow/example_dags/example_task_group_decorator.py
[2024-12-13T10:53:43.480+0000] {processor.py:914} INFO - Processing file /opt/bitnami/airflow/venv/lib/python3.12/site-packages/airflow/example_dags/example_task_group_decorator.py for tasks to queue
[2024-12-13T10:53:43.483+0000] {logging_mixin.py:190} INFO - [2024-12-13T10:53:43.483+0000] {dagbag.py:588} INFO - Filling up the DagBag from /opt/bitnami/airflow/venv/lib/python3.12/site-packages/airflow/example_dags/example_task_group_decorator.py
[2024-12-13T10:53:43.493+0000] {processor.py:925} INFO - DAG(s) 'example_task_group_decorator' retrieved from /opt/bitnami/airflow/venv/lib/python3.12/site-packages/airflow/example_dags/example_task_group_decorator.py
[2024-12-13T10:53:43.558+0000] {logging_mixin.py:190} INFO - [2024-12-13T10:53:43.557+0000] {dag.py:3239} INFO - Sync 1 DAGs
[2024-12-13T10:53:43.594+0000] {logging_mixin.py:190} INFO - [2024-12-13T10:53:43.593+0000] {dag.py:4180} INFO - Setting next_dagrun for example_task_group_decorator to None, run_after=None
[2024-12-13T10:53:43.632+0000] {processor.py:208} INFO - Processing /opt/bitnami/airflow/venv/lib/python3.12/site-packages/airflow/example_dags/example_task_group_decorator.py took 0.159 seconds
[2024-12-13T10:54:13.972+0000] {processor.py:186} INFO - Started process (PID=286) to work on /opt/bitnami/airflow/venv/lib/python3.12/site-packages/airflow/example_dags/example_task_group_decorator.py
[2024-12-13T10:54:13.973+0000] {processor.py:914} INFO - Processing file /opt/bitnami/airflow/venv/lib/python3.12/site-packages/airflow/example_dags/example_task_group_decorator.py for tasks to queue
[2024-12-13T10:54:13.976+0000] {logging_mixin.py:190} INFO - [2024-12-13T10:54:13.976+0000] {dagbag.py:588} INFO - Filling up the DagBag from /opt/bitnami/airflow/venv/lib/python3.12/site-packages/airflow/example_dags/example_task_group_decorator.py
[2024-12-13T10:54:13.987+0000] {processor.py:925} INFO - DAG(s) 'example_task_group_decorator' retrieved from /opt/bitnami/airflow/venv/lib/python3.12/site-packages/airflow/example_dags/example_task_group_decorator.py
[2024-12-13T10:54:14.067+0000] {logging_mixin.py:190} INFO - [2024-12-13T10:54:14.066+0000] {dag.py:3239} INFO - Sync 1 DAGs
[2024-12-13T10:54:14.091+0000] {logging_mixin.py:190} INFO - [2024-12-13T10:54:14.091+0000] {dag.py:4180} INFO - Setting next_dagrun for example_task_group_decorator to None, run_after=None
[2024-12-13T10:54:14.125+0000] {processor.py:208} INFO - Processing /opt/bitnami/airflow/venv/lib/python3.12/site-packages/airflow/example_dags/example_task_group_decorator.py took 0.157 seconds
[2024-12-13T10:54:44.169+0000] {processor.py:186} INFO - Started process (PID=343) to work on /opt/bitnami/airflow/venv/lib/python3.12/site-packages/airflow/example_dags/example_task_group_decorator.py
[2024-12-13T10:54:44.170+0000] {processor.py:914} INFO - Processing file /opt/bitnami/airflow/venv/lib/python3.12/site-packages/airflow/example_dags/example_task_group_decorator.py for tasks to queue
[2024-12-13T10:54:44.173+0000] {logging_mixin.py:190} INFO - [2024-12-13T10:54:44.172+0000] {dagbag.py:588} INFO - Filling up the DagBag from /opt/bitnami/airflow/venv/lib/python3.12/site-packages/airflow/example_dags/example_task_group_decorator.py
[2024-12-13T10:54:44.185+0000] {processor.py:925} INFO - DAG(s) 'example_task_group_decorator' retrieved from /opt/bitnami/airflow/venv/lib/python3.12/site-packages/airflow/example_dags/example_task_group_decorator.py
[2024-12-13T10:54:44.255+0000] {logging_mixin.py:190} INFO - [2024-12-13T10:54:44.254+0000] {dag.py:3239} INFO - Sync 1 DAGs
[2024-12-13T10:54:44.287+0000] {logging_mixin.py:190} INFO - [2024-12-13T10:54:44.287+0000] {dag.py:4180} INFO - Setting next_dagrun for example_task_group_decorator to None, run_after=None
[2024-12-13T10:54:44.321+0000] {processor.py:208} INFO - Processing /opt/bitnami/airflow/venv/lib/python3.12/site-packages/airflow/example_dags/example_task_group_decorator.py took 0.159 seconds
[2024-12-13T10:55:14.974+0000] {processor.py:186} INFO - Started process (PID=400) to work on /opt/bitnami/airflow/venv/lib/python3.12/site-packages/airflow/example_dags/example_task_group_decorator.py
[2024-12-13T10:55:14.976+0000] {processor.py:914} INFO - Processing file /opt/bitnami/airflow/venv/lib/python3.12/site-packages/airflow/example_dags/example_task_group_decorator.py for tasks to queue
[2024-12-13T10:55:14.981+0000] {logging_mixin.py:190} INFO - [2024-12-13T10:55:14.980+0000] {dagbag.py:588} INFO - Filling up the DagBag from /opt/bitnami/airflow/venv/lib/python3.12/site-packages/airflow/example_dags/example_task_group_decorator.py
[2024-12-13T10:55:14.997+0000] {processor.py:925} INFO - DAG(s) 'example_task_group_decorator' retrieved from /opt/bitnami/airflow/venv/lib/python3.12/site-packages/airflow/example_dags/example_task_group_decorator.py
[2024-12-13T10:55:15.102+0000] {logging_mixin.py:190} INFO - [2024-12-13T10:55:15.101+0000] {dag.py:3239} INFO - Sync 1 DAGs
[2024-12-13T10:55:15.148+0000] {logging_mixin.py:190} INFO - [2024-12-13T10:55:15.147+0000] {dag.py:4180} INFO - Setting next_dagrun for example_task_group_decorator to None, run_after=None
[2024-12-13T10:55:15.174+0000] {processor.py:208} INFO - Processing /opt/bitnami/airflow/venv/lib/python3.12/site-packages/airflow/example_dags/example_task_group_decorator.py took 0.208 seconds
[2024-12-13T10:55:45.383+0000] {processor.py:186} INFO - Started process (PID=457) to work on /opt/bitnami/airflow/venv/lib/python3.12/site-packages/airflow/example_dags/example_task_group_decorator.py
[2024-12-13T10:55:45.384+0000] {processor.py:914} INFO - Processing file /opt/bitnami/airflow/venv/lib/python3.12/site-packages/airflow/example_dags/example_task_group_decorator.py for tasks to queue
[2024-12-13T10:55:45.387+0000] {logging_mixin.py:190} INFO - [2024-12-13T10:55:45.387+0000] {dagbag.py:588} INFO - Filling up the DagBag from /opt/bitnami/airflow/venv/lib/python3.12/site-packages/airflow/example_dags/example_task_group_decorator.py
[2024-12-13T10:55:45.398+0000] {processor.py:925} INFO - DAG(s) 'example_task_group_decorator' retrieved from /opt/bitnami/airflow/venv/lib/python3.12/site-packages/airflow/example_dags/example_task_group_decorator.py
[2024-12-13T10:55:45.491+0000] {logging_mixin.py:190} INFO - [2024-12-13T10:55:45.490+0000] {dag.py:3239} INFO - Sync 1 DAGs
[2024-12-13T10:55:45.529+0000] {logging_mixin.py:190} INFO - [2024-12-13T10:55:45.528+0000] {dag.py:4180} INFO - Setting next_dagrun for example_task_group_decorator to None, run_after=None
[2024-12-13T10:55:45.586+0000] {processor.py:208} INFO - Processing /opt/bitnami/airflow/venv/lib/python3.12/site-packages/airflow/example_dags/example_task_group_decorator.py took 0.208 seconds
[2024-12-13T10:56:16.519+0000] {processor.py:186} INFO - Started process (PID=514) to work on /opt/bitnami/airflow/venv/lib/python3.12/site-packages/airflow/example_dags/example_task_group_decorator.py
[2024-12-13T10:56:16.520+0000] {processor.py:914} INFO - Processing file /opt/bitnami/airflow/venv/lib/python3.12/site-packages/airflow/example_dags/example_task_group_decorator.py for tasks to queue
[2024-12-13T10:56:16.522+0000] {logging_mixin.py:190} INFO - [2024-12-13T10:56:16.522+0000] {dagbag.py:588} INFO - Filling up the DagBag from /opt/bitnami/airflow/venv/lib/python3.12/site-packages/airflow/example_dags/example_task_group_decorator.py
[2024-12-13T10:56:16.532+0000] {processor.py:925} INFO - DAG(s) 'example_task_group_decorator' retrieved from /opt/bitnami/airflow/venv/lib/python3.12/site-packages/airflow/example_dags/example_task_group_decorator.py
[2024-12-13T10:56:16.590+0000] {logging_mixin.py:190} INFO - [2024-12-13T10:56:16.590+0000] {dag.py:3239} INFO - Sync 1 DAGs
[2024-12-13T10:56:16.633+0000] {logging_mixin.py:190} INFO - [2024-12-13T10:56:16.633+0000] {dag.py:4180} INFO - Setting next_dagrun for example_task_group_decorator to None, run_after=None
[2024-12-13T10:56:16.676+0000] {processor.py:208} INFO - Processing /opt/bitnami/airflow/venv/lib/python3.12/site-packages/airflow/example_dags/example_task_group_decorator.py took 0.161 seconds
[2024-12-13T10:56:46.904+0000] {processor.py:186} INFO - Started process (PID=571) to work on /opt/bitnami/airflow/venv/lib/python3.12/site-packages/airflow/example_dags/example_task_group_decorator.py
[2024-12-13T10:56:46.906+0000] {processor.py:914} INFO - Processing file /opt/bitnami/airflow/venv/lib/python3.12/site-packages/airflow/example_dags/example_task_group_decorator.py for tasks to queue
[2024-12-13T10:56:46.908+0000] {logging_mixin.py:190} INFO - [2024-12-13T10:56:46.908+0000] {dagbag.py:588} INFO - Filling up the DagBag from /opt/bitnami/airflow/venv/lib/python3.12/site-packages/airflow/example_dags/example_task_group_decorator.py
[2024-12-13T10:56:46.919+0000] {processor.py:925} INFO - DAG(s) 'example_task_group_decorator' retrieved from /opt/bitnami/airflow/venv/lib/python3.12/site-packages/airflow/example_dags/example_task_group_decorator.py
[2024-12-13T10:56:46.971+0000] {logging_mixin.py:190} INFO - [2024-12-13T10:56:46.971+0000] {dag.py:3239} INFO - Sync 1 DAGs
[2024-12-13T10:56:46.995+0000] {logging_mixin.py:190} INFO - [2024-12-13T10:56:46.995+0000] {dag.py:4180} INFO - Setting next_dagrun for example_task_group_decorator to None, run_after=None
[2024-12-13T10:56:47.060+0000] {processor.py:208} INFO - Processing /opt/bitnami/airflow/venv/lib/python3.12/site-packages/airflow/example_dags/example_task_group_decorator.py took 0.159 seconds
[2024-12-13T10:57:17.413+0000] {processor.py:186} INFO - Started process (PID=628) to work on /opt/bitnami/airflow/venv/lib/python3.12/site-packages/airflow/example_dags/example_task_group_decorator.py
[2024-12-13T10:57:17.414+0000] {processor.py:914} INFO - Processing file /opt/bitnami/airflow/venv/lib/python3.12/site-packages/airflow/example_dags/example_task_group_decorator.py for tasks to queue
[2024-12-13T10:57:17.417+0000] {logging_mixin.py:190} INFO - [2024-12-13T10:57:17.417+0000] {dagbag.py:588} INFO - Filling up the DagBag from /opt/bitnami/airflow/venv/lib/python3.12/site-packages/airflow/example_dags/example_task_group_decorator.py
[2024-12-13T10:57:17.430+0000] {processor.py:925} INFO - DAG(s) 'example_task_group_decorator' retrieved from /opt/bitnami/airflow/venv/lib/python3.12/site-packages/airflow/example_dags/example_task_group_decorator.py
[2024-12-13T10:57:17.537+0000] {logging_mixin.py:190} INFO - [2024-12-13T10:57:17.536+0000] {dag.py:3239} INFO - Sync 1 DAGs
[2024-12-13T10:57:17.571+0000] {logging_mixin.py:190} INFO - [2024-12-13T10:57:17.571+0000] {dag.py:4180} INFO - Setting next_dagrun for example_task_group_decorator to None, run_after=None
[2024-12-13T10:57:17.616+0000] {processor.py:208} INFO - Processing /opt/bitnami/airflow/venv/lib/python3.12/site-packages/airflow/example_dags/example_task_group_decorator.py took 0.209 seconds
[2024-12-13T10:57:47.723+0000] {processor.py:186} INFO - Started process (PID=685) to work on /opt/bitnami/airflow/venv/lib/python3.12/site-packages/airflow/example_dags/example_task_group_decorator.py
[2024-12-13T10:57:47.724+0000] {processor.py:914} INFO - Processing file /opt/bitnami/airflow/venv/lib/python3.12/site-packages/airflow/example_dags/example_task_group_decorator.py for tasks to queue
[2024-12-13T10:57:47.726+0000] {logging_mixin.py:190} INFO - [2024-12-13T10:57:47.726+0000] {dagbag.py:588} INFO - Filling up the DagBag from /opt/bitnami/airflow/venv/lib/python3.12/site-packages/airflow/example_dags/example_task_group_decorator.py
[2024-12-13T10:57:47.737+0000] {processor.py:925} INFO - DAG(s) 'example_task_group_decorator' retrieved from /opt/bitnami/airflow/venv/lib/python3.12/site-packages/airflow/example_dags/example_task_group_decorator.py
[2024-12-13T10:57:47.772+0000] {logging_mixin.py:190} INFO - [2024-12-13T10:57:47.772+0000] {dag.py:3239} INFO - Sync 1 DAGs
[2024-12-13T10:57:47.793+0000] {logging_mixin.py:190} INFO - [2024-12-13T10:57:47.793+0000] {dag.py:4180} INFO - Setting next_dagrun for example_task_group_decorator to None, run_after=None
[2024-12-13T10:57:47.822+0000] {processor.py:208} INFO - Processing /opt/bitnami/airflow/venv/lib/python3.12/site-packages/airflow/example_dags/example_task_group_decorator.py took 0.103 seconds
[2024-12-13T10:58:18.017+0000] {processor.py:186} INFO - Started process (PID=743) to work on /opt/bitnami/airflow/venv/lib/python3.12/site-packages/airflow/example_dags/example_task_group_decorator.py
[2024-12-13T10:58:18.018+0000] {processor.py:914} INFO - Processing file /opt/bitnami/airflow/venv/lib/python3.12/site-packages/airflow/example_dags/example_task_group_decorator.py for tasks to queue
[2024-12-13T10:58:18.020+0000] {logging_mixin.py:190} INFO - [2024-12-13T10:58:18.020+0000] {dagbag.py:588} INFO - Filling up the DagBag from /opt/bitnami/airflow/venv/lib/python3.12/site-packages/airflow/example_dags/example_task_group_decorator.py
[2024-12-13T10:58:18.030+0000] {processor.py:925} INFO - DAG(s) 'example_task_group_decorator' retrieved from /opt/bitnami/airflow/venv/lib/python3.12/site-packages/airflow/example_dags/example_task_group_decorator.py
[2024-12-13T10:58:18.072+0000] {logging_mixin.py:190} INFO - [2024-12-13T10:58:18.071+0000] {dag.py:3239} INFO - Sync 1 DAGs
[2024-12-13T10:58:18.089+0000] {logging_mixin.py:190} INFO - [2024-12-13T10:58:18.089+0000] {dag.py:4180} INFO - Setting next_dagrun for example_task_group_decorator to None, run_after=None
[2024-12-13T10:58:18.112+0000] {processor.py:208} INFO - Processing /opt/bitnami/airflow/venv/lib/python3.12/site-packages/airflow/example_dags/example_task_group_decorator.py took 0.100 seconds
[2024-12-13T10:58:49.226+0000] {processor.py:186} INFO - Started process (PID=799) to work on /opt/bitnami/airflow/venv/lib/python3.12/site-packages/airflow/example_dags/example_task_group_decorator.py
[2024-12-13T10:58:49.227+0000] {processor.py:914} INFO - Processing file /opt/bitnami/airflow/venv/lib/python3.12/site-packages/airflow/example_dags/example_task_group_decorator.py for tasks to queue
[2024-12-13T10:58:49.229+0000] {logging_mixin.py:190} INFO - [2024-12-13T10:58:49.229+0000] {dagbag.py:588} INFO - Filling up the DagBag from /opt/bitnami/airflow/venv/lib/python3.12/site-packages/airflow/example_dags/example_task_group_decorator.py
[2024-12-13T10:58:49.245+0000] {processor.py:925} INFO - DAG(s) 'example_task_group_decorator' retrieved from /opt/bitnami/airflow/venv/lib/python3.12/site-packages/airflow/example_dags/example_task_group_decorator.py
[2024-12-13T10:58:49.287+0000] {logging_mixin.py:190} INFO - [2024-12-13T10:58:49.287+0000] {dag.py:3239} INFO - Sync 1 DAGs
[2024-12-13T10:58:49.305+0000] {logging_mixin.py:190} INFO - [2024-12-13T10:58:49.305+0000] {dag.py:4180} INFO - Setting next_dagrun for example_task_group_decorator to None, run_after=None
[2024-12-13T10:58:49.325+0000] {processor.py:208} INFO - Processing /opt/bitnami/airflow/venv/lib/python3.12/site-packages/airflow/example_dags/example_task_group_decorator.py took 0.104 seconds
[2024-12-13T11:07:29.998+0000] {processor.py:186} INFO - Started process (PID=58) to work on /opt/bitnami/airflow/venv/lib/python3.12/site-packages/airflow/example_dags/example_task_group_decorator.py
[2024-12-13T11:07:29.999+0000] {processor.py:914} INFO - Processing file /opt/bitnami/airflow/venv/lib/python3.12/site-packages/airflow/example_dags/example_task_group_decorator.py for tasks to queue
[2024-12-13T11:07:30.001+0000] {logging_mixin.py:190} INFO - [2024-12-13T11:07:30.001+0000] {dagbag.py:588} INFO - Filling up the DagBag from /opt/bitnami/airflow/venv/lib/python3.12/site-packages/airflow/example_dags/example_task_group_decorator.py
[2024-12-13T11:07:30.016+0000] {processor.py:925} INFO - DAG(s) 'example_task_group_decorator' retrieved from /opt/bitnami/airflow/venv/lib/python3.12/site-packages/airflow/example_dags/example_task_group_decorator.py
[2024-12-13T11:07:30.069+0000] {logging_mixin.py:190} INFO - [2024-12-13T11:07:30.068+0000] {dag.py:3239} INFO - Sync 1 DAGs
[2024-12-13T11:07:30.090+0000] {logging_mixin.py:190} INFO - [2024-12-13T11:07:30.090+0000] {dag.py:4180} INFO - Setting next_dagrun for example_task_group_decorator to None, run_after=None
[2024-12-13T11:07:30.115+0000] {processor.py:208} INFO - Processing /opt/bitnami/airflow/venv/lib/python3.12/site-packages/airflow/example_dags/example_task_group_decorator.py took 0.123 seconds
[2024-12-13T11:08:00.662+0000] {processor.py:186} INFO - Started process (PID=115) to work on /opt/bitnami/airflow/venv/lib/python3.12/site-packages/airflow/example_dags/example_task_group_decorator.py
[2024-12-13T11:08:00.662+0000] {processor.py:914} INFO - Processing file /opt/bitnami/airflow/venv/lib/python3.12/site-packages/airflow/example_dags/example_task_group_decorator.py for tasks to queue
[2024-12-13T11:08:00.665+0000] {logging_mixin.py:190} INFO - [2024-12-13T11:08:00.664+0000] {dagbag.py:588} INFO - Filling up the DagBag from /opt/bitnami/airflow/venv/lib/python3.12/site-packages/airflow/example_dags/example_task_group_decorator.py
[2024-12-13T11:08:00.675+0000] {processor.py:925} INFO - DAG(s) 'example_task_group_decorator' retrieved from /opt/bitnami/airflow/venv/lib/python3.12/site-packages/airflow/example_dags/example_task_group_decorator.py
[2024-12-13T11:08:00.731+0000] {logging_mixin.py:190} INFO - [2024-12-13T11:08:00.730+0000] {dag.py:3239} INFO - Sync 1 DAGs
[2024-12-13T11:08:00.750+0000] {logging_mixin.py:190} INFO - [2024-12-13T11:08:00.750+0000] {dag.py:4180} INFO - Setting next_dagrun for example_task_group_decorator to None, run_after=None
[2024-12-13T11:08:00.774+0000] {processor.py:208} INFO - Processing /opt/bitnami/airflow/venv/lib/python3.12/site-packages/airflow/example_dags/example_task_group_decorator.py took 0.118 seconds
[2024-12-13T11:08:32.061+0000] {processor.py:186} INFO - Started process (PID=172) to work on /opt/bitnami/airflow/venv/lib/python3.12/site-packages/airflow/example_dags/example_task_group_decorator.py
[2024-12-13T11:08:32.062+0000] {processor.py:914} INFO - Processing file /opt/bitnami/airflow/venv/lib/python3.12/site-packages/airflow/example_dags/example_task_group_decorator.py for tasks to queue
[2024-12-13T11:08:32.065+0000] {logging_mixin.py:190} INFO - [2024-12-13T11:08:32.065+0000] {dagbag.py:588} INFO - Filling up the DagBag from /opt/bitnami/airflow/venv/lib/python3.12/site-packages/airflow/example_dags/example_task_group_decorator.py
[2024-12-13T11:08:32.078+0000] {processor.py:925} INFO - DAG(s) 'example_task_group_decorator' retrieved from /opt/bitnami/airflow/venv/lib/python3.12/site-packages/airflow/example_dags/example_task_group_decorator.py
[2024-12-13T11:08:32.255+0000] {logging_mixin.py:190} INFO - [2024-12-13T11:08:32.254+0000] {dag.py:3239} INFO - Sync 1 DAGs
[2024-12-13T11:08:32.292+0000] {logging_mixin.py:190} INFO - [2024-12-13T11:08:32.291+0000] {dag.py:4180} INFO - Setting next_dagrun for example_task_group_decorator to None, run_after=None
[2024-12-13T11:08:32.342+0000] {processor.py:208} INFO - Processing /opt/bitnami/airflow/venv/lib/python3.12/site-packages/airflow/example_dags/example_task_group_decorator.py took 0.287 seconds
[2024-12-13T11:09:03.135+0000] {processor.py:186} INFO - Started process (PID=229) to work on /opt/bitnami/airflow/venv/lib/python3.12/site-packages/airflow/example_dags/example_task_group_decorator.py
[2024-12-13T11:09:03.137+0000] {processor.py:914} INFO - Processing file /opt/bitnami/airflow/venv/lib/python3.12/site-packages/airflow/example_dags/example_task_group_decorator.py for tasks to queue
[2024-12-13T11:09:03.141+0000] {logging_mixin.py:190} INFO - [2024-12-13T11:09:03.141+0000] {dagbag.py:588} INFO - Filling up the DagBag from /opt/bitnami/airflow/venv/lib/python3.12/site-packages/airflow/example_dags/example_task_group_decorator.py
[2024-12-13T11:09:03.165+0000] {processor.py:925} INFO - DAG(s) 'example_task_group_decorator' retrieved from /opt/bitnami/airflow/venv/lib/python3.12/site-packages/airflow/example_dags/example_task_group_decorator.py
[2024-12-13T11:09:03.280+0000] {logging_mixin.py:190} INFO - [2024-12-13T11:09:03.279+0000] {dag.py:3239} INFO - Sync 1 DAGs
[2024-12-13T11:09:03.318+0000] {logging_mixin.py:190} INFO - [2024-12-13T11:09:03.318+0000] {dag.py:4180} INFO - Setting next_dagrun for example_task_group_decorator to None, run_after=None
[2024-12-13T11:09:03.366+0000] {processor.py:208} INFO - Processing /opt/bitnami/airflow/venv/lib/python3.12/site-packages/airflow/example_dags/example_task_group_decorator.py took 0.241 seconds
[2024-12-13T11:09:33.473+0000] {processor.py:186} INFO - Started process (PID=286) to work on /opt/bitnami/airflow/venv/lib/python3.12/site-packages/airflow/example_dags/example_task_group_decorator.py
[2024-12-13T11:09:33.475+0000] {processor.py:914} INFO - Processing file /opt/bitnami/airflow/venv/lib/python3.12/site-packages/airflow/example_dags/example_task_group_decorator.py for tasks to queue
[2024-12-13T11:09:33.477+0000] {logging_mixin.py:190} INFO - [2024-12-13T11:09:33.477+0000] {dagbag.py:588} INFO - Filling up the DagBag from /opt/bitnami/airflow/venv/lib/python3.12/site-packages/airflow/example_dags/example_task_group_decorator.py
[2024-12-13T11:09:33.491+0000] {processor.py:925} INFO - DAG(s) 'example_task_group_decorator' retrieved from /opt/bitnami/airflow/venv/lib/python3.12/site-packages/airflow/example_dags/example_task_group_decorator.py
[2024-12-13T11:09:33.590+0000] {logging_mixin.py:190} INFO - [2024-12-13T11:09:33.590+0000] {dag.py:3239} INFO - Sync 1 DAGs
[2024-12-13T11:09:33.614+0000] {logging_mixin.py:190} INFO - [2024-12-13T11:09:33.614+0000] {dag.py:4180} INFO - Setting next_dagrun for example_task_group_decorator to None, run_after=None
[2024-12-13T11:09:33.648+0000] {processor.py:208} INFO - Processing /opt/bitnami/airflow/venv/lib/python3.12/site-packages/airflow/example_dags/example_task_group_decorator.py took 0.184 seconds
[2024-12-13T11:13:42.661+0000] {processor.py:186} INFO - Started process (PID=58) to work on /opt/bitnami/airflow/venv/lib/python3.12/site-packages/airflow/example_dags/example_task_group_decorator.py
[2024-12-13T11:13:42.662+0000] {processor.py:914} INFO - Processing file /opt/bitnami/airflow/venv/lib/python3.12/site-packages/airflow/example_dags/example_task_group_decorator.py for tasks to queue
[2024-12-13T11:13:42.664+0000] {logging_mixin.py:190} INFO - [2024-12-13T11:13:42.664+0000] {dagbag.py:588} INFO - Filling up the DagBag from /opt/bitnami/airflow/venv/lib/python3.12/site-packages/airflow/example_dags/example_task_group_decorator.py
[2024-12-13T11:13:42.675+0000] {processor.py:925} INFO - DAG(s) 'example_task_group_decorator' retrieved from /opt/bitnami/airflow/venv/lib/python3.12/site-packages/airflow/example_dags/example_task_group_decorator.py
[2024-12-13T11:13:42.722+0000] {logging_mixin.py:190} INFO - [2024-12-13T11:13:42.722+0000] {dag.py:3239} INFO - Sync 1 DAGs
[2024-12-13T11:13:42.747+0000] {logging_mixin.py:190} INFO - [2024-12-13T11:13:42.746+0000] {dag.py:4180} INFO - Setting next_dagrun for example_task_group_decorator to None, run_after=None
[2024-12-13T11:13:42.770+0000] {processor.py:208} INFO - Processing /opt/bitnami/airflow/venv/lib/python3.12/site-packages/airflow/example_dags/example_task_group_decorator.py took 0.114 seconds
[2024-12-13T11:14:13.189+0000] {processor.py:186} INFO - Started process (PID=115) to work on /opt/bitnami/airflow/venv/lib/python3.12/site-packages/airflow/example_dags/example_task_group_decorator.py
[2024-12-13T11:14:13.191+0000] {processor.py:914} INFO - Processing file /opt/bitnami/airflow/venv/lib/python3.12/site-packages/airflow/example_dags/example_task_group_decorator.py for tasks to queue
[2024-12-13T11:14:13.194+0000] {logging_mixin.py:190} INFO - [2024-12-13T11:14:13.194+0000] {dagbag.py:588} INFO - Filling up the DagBag from /opt/bitnami/airflow/venv/lib/python3.12/site-packages/airflow/example_dags/example_task_group_decorator.py
[2024-12-13T11:14:13.205+0000] {processor.py:925} INFO - DAG(s) 'example_task_group_decorator' retrieved from /opt/bitnami/airflow/venv/lib/python3.12/site-packages/airflow/example_dags/example_task_group_decorator.py
[2024-12-13T11:14:13.267+0000] {logging_mixin.py:190} INFO - [2024-12-13T11:14:13.267+0000] {dag.py:3239} INFO - Sync 1 DAGs
[2024-12-13T11:14:13.311+0000] {logging_mixin.py:190} INFO - [2024-12-13T11:14:13.311+0000] {dag.py:4180} INFO - Setting next_dagrun for example_task_group_decorator to None, run_after=None
[2024-12-13T11:14:13.357+0000] {processor.py:208} INFO - Processing /opt/bitnami/airflow/venv/lib/python3.12/site-packages/airflow/example_dags/example_task_group_decorator.py took 0.172 seconds
[2024-12-13T11:14:44.743+0000] {processor.py:186} INFO - Started process (PID=172) to work on /opt/bitnami/airflow/venv/lib/python3.12/site-packages/airflow/example_dags/example_task_group_decorator.py
[2024-12-13T11:14:44.745+0000] {processor.py:914} INFO - Processing file /opt/bitnami/airflow/venv/lib/python3.12/site-packages/airflow/example_dags/example_task_group_decorator.py for tasks to queue
[2024-12-13T11:14:44.747+0000] {logging_mixin.py:190} INFO - [2024-12-13T11:14:44.747+0000] {dagbag.py:588} INFO - Filling up the DagBag from /opt/bitnami/airflow/venv/lib/python3.12/site-packages/airflow/example_dags/example_task_group_decorator.py
[2024-12-13T11:14:44.759+0000] {processor.py:925} INFO - DAG(s) 'example_task_group_decorator' retrieved from /opt/bitnami/airflow/venv/lib/python3.12/site-packages/airflow/example_dags/example_task_group_decorator.py
[2024-12-13T11:14:44.913+0000] {logging_mixin.py:190} INFO - [2024-12-13T11:14:44.913+0000] {dag.py:3239} INFO - Sync 1 DAGs
[2024-12-13T11:14:44.958+0000] {logging_mixin.py:190} INFO - [2024-12-13T11:14:44.958+0000] {dag.py:4180} INFO - Setting next_dagrun for example_task_group_decorator to None, run_after=None
[2024-12-13T11:14:45.010+0000] {processor.py:208} INFO - Processing /opt/bitnami/airflow/venv/lib/python3.12/site-packages/airflow/example_dags/example_task_group_decorator.py took 0.273 seconds
[2024-12-13T11:15:15.097+0000] {processor.py:186} INFO - Started process (PID=229) to work on /opt/bitnami/airflow/venv/lib/python3.12/site-packages/airflow/example_dags/example_task_group_decorator.py
[2024-12-13T11:15:15.099+0000] {processor.py:914} INFO - Processing file /opt/bitnami/airflow/venv/lib/python3.12/site-packages/airflow/example_dags/example_task_group_decorator.py for tasks to queue
[2024-12-13T11:15:15.101+0000] {logging_mixin.py:190} INFO - [2024-12-13T11:15:15.101+0000] {dagbag.py:588} INFO - Filling up the DagBag from /opt/bitnami/airflow/venv/lib/python3.12/site-packages/airflow/example_dags/example_task_group_decorator.py
[2024-12-13T11:15:15.114+0000] {processor.py:925} INFO - DAG(s) 'example_task_group_decorator' retrieved from /opt/bitnami/airflow/venv/lib/python3.12/site-packages/airflow/example_dags/example_task_group_decorator.py
[2024-12-13T11:15:15.192+0000] {logging_mixin.py:190} INFO - [2024-12-13T11:15:15.192+0000] {dag.py:3239} INFO - Sync 1 DAGs
[2024-12-13T11:15:15.229+0000] {logging_mixin.py:190} INFO - [2024-12-13T11:15:15.228+0000] {dag.py:4180} INFO - Setting next_dagrun for example_task_group_decorator to None, run_after=None
[2024-12-13T11:15:15.255+0000] {processor.py:208} INFO - Processing /opt/bitnami/airflow/venv/lib/python3.12/site-packages/airflow/example_dags/example_task_group_decorator.py took 0.164 seconds
[2024-12-13T11:57:07.681+0000] {processor.py:186} INFO - Started process (PID=58) to work on /opt/bitnami/airflow/venv/lib/python3.12/site-packages/airflow/example_dags/example_task_group_decorator.py
[2024-12-13T11:57:07.684+0000] {processor.py:914} INFO - Processing file /opt/bitnami/airflow/venv/lib/python3.12/site-packages/airflow/example_dags/example_task_group_decorator.py for tasks to queue
[2024-12-13T11:57:07.687+0000] {logging_mixin.py:190} INFO - [2024-12-13T11:57:07.687+0000] {dagbag.py:588} INFO - Filling up the DagBag from /opt/bitnami/airflow/venv/lib/python3.12/site-packages/airflow/example_dags/example_task_group_decorator.py
[2024-12-13T11:57:07.702+0000] {processor.py:925} INFO - DAG(s) 'example_task_group_decorator' retrieved from /opt/bitnami/airflow/venv/lib/python3.12/site-packages/airflow/example_dags/example_task_group_decorator.py
[2024-12-13T11:57:07.758+0000] {logging_mixin.py:190} INFO - [2024-12-13T11:57:07.757+0000] {dag.py:3239} INFO - Sync 1 DAGs
[2024-12-13T11:57:07.786+0000] {logging_mixin.py:190} INFO - [2024-12-13T11:57:07.786+0000] {dag.py:4180} INFO - Setting next_dagrun for example_task_group_decorator to None, run_after=None
[2024-12-13T11:57:07.826+0000] {processor.py:208} INFO - Processing /opt/bitnami/airflow/venv/lib/python3.12/site-packages/airflow/example_dags/example_task_group_decorator.py took 0.158 seconds
[2024-12-13T11:57:38.815+0000] {processor.py:186} INFO - Started process (PID=115) to work on /opt/bitnami/airflow/venv/lib/python3.12/site-packages/airflow/example_dags/example_task_group_decorator.py
[2024-12-13T11:57:38.816+0000] {processor.py:914} INFO - Processing file /opt/bitnami/airflow/venv/lib/python3.12/site-packages/airflow/example_dags/example_task_group_decorator.py for tasks to queue
[2024-12-13T11:57:38.819+0000] {logging_mixin.py:190} INFO - [2024-12-13T11:57:38.818+0000] {dagbag.py:588} INFO - Filling up the DagBag from /opt/bitnami/airflow/venv/lib/python3.12/site-packages/airflow/example_dags/example_task_group_decorator.py
[2024-12-13T11:57:38.831+0000] {processor.py:925} INFO - DAG(s) 'example_task_group_decorator' retrieved from /opt/bitnami/airflow/venv/lib/python3.12/site-packages/airflow/example_dags/example_task_group_decorator.py
[2024-12-13T11:57:38.885+0000] {logging_mixin.py:190} INFO - [2024-12-13T11:57:38.884+0000] {dag.py:3239} INFO - Sync 1 DAGs
[2024-12-13T11:57:38.920+0000] {logging_mixin.py:190} INFO - [2024-12-13T11:57:38.919+0000] {dag.py:4180} INFO - Setting next_dagrun for example_task_group_decorator to None, run_after=None
[2024-12-13T11:57:38.966+0000] {processor.py:208} INFO - Processing /opt/bitnami/airflow/venv/lib/python3.12/site-packages/airflow/example_dags/example_task_group_decorator.py took 0.157 seconds
[2024-12-13T11:58:33.318+0000] {processor.py:186} INFO - Started process (PID=58) to work on /opt/bitnami/airflow/venv/lib/python3.12/site-packages/airflow/example_dags/example_task_group_decorator.py
[2024-12-13T11:58:33.319+0000] {processor.py:914} INFO - Processing file /opt/bitnami/airflow/venv/lib/python3.12/site-packages/airflow/example_dags/example_task_group_decorator.py for tasks to queue
[2024-12-13T11:58:33.321+0000] {logging_mixin.py:190} INFO - [2024-12-13T11:58:33.321+0000] {dagbag.py:588} INFO - Filling up the DagBag from /opt/bitnami/airflow/venv/lib/python3.12/site-packages/airflow/example_dags/example_task_group_decorator.py
[2024-12-13T11:58:33.332+0000] {processor.py:925} INFO - DAG(s) 'example_task_group_decorator' retrieved from /opt/bitnami/airflow/venv/lib/python3.12/site-packages/airflow/example_dags/example_task_group_decorator.py
[2024-12-13T11:58:33.366+0000] {logging_mixin.py:190} INFO - [2024-12-13T11:58:33.366+0000] {dag.py:3239} INFO - Sync 1 DAGs
[2024-12-13T11:58:33.386+0000] {logging_mixin.py:190} INFO - [2024-12-13T11:58:33.386+0000] {dag.py:4180} INFO - Setting next_dagrun for example_task_group_decorator to None, run_after=None
[2024-12-13T11:58:33.405+0000] {processor.py:208} INFO - Processing /opt/bitnami/airflow/venv/lib/python3.12/site-packages/airflow/example_dags/example_task_group_decorator.py took 0.092 seconds
[2024-12-13T11:59:04.257+0000] {processor.py:186} INFO - Started process (PID=115) to work on /opt/bitnami/airflow/venv/lib/python3.12/site-packages/airflow/example_dags/example_task_group_decorator.py
[2024-12-13T11:59:04.258+0000] {processor.py:914} INFO - Processing file /opt/bitnami/airflow/venv/lib/python3.12/site-packages/airflow/example_dags/example_task_group_decorator.py for tasks to queue
[2024-12-13T11:59:04.262+0000] {logging_mixin.py:190} INFO - [2024-12-13T11:59:04.262+0000] {dagbag.py:588} INFO - Filling up the DagBag from /opt/bitnami/airflow/venv/lib/python3.12/site-packages/airflow/example_dags/example_task_group_decorator.py
[2024-12-13T11:59:04.279+0000] {processor.py:925} INFO - DAG(s) 'example_task_group_decorator' retrieved from /opt/bitnami/airflow/venv/lib/python3.12/site-packages/airflow/example_dags/example_task_group_decorator.py
[2024-12-13T11:59:04.337+0000] {logging_mixin.py:190} INFO - [2024-12-13T11:59:04.337+0000] {dag.py:3239} INFO - Sync 1 DAGs
[2024-12-13T11:59:04.376+0000] {logging_mixin.py:190} INFO - [2024-12-13T11:59:04.376+0000] {dag.py:4180} INFO - Setting next_dagrun for example_task_group_decorator to None, run_after=None
[2024-12-13T11:59:04.403+0000] {processor.py:208} INFO - Processing /opt/bitnami/airflow/venv/lib/python3.12/site-packages/airflow/example_dags/example_task_group_decorator.py took 0.151 seconds
[2024-12-13T11:59:34.844+0000] {processor.py:186} INFO - Started process (PID=172) to work on /opt/bitnami/airflow/venv/lib/python3.12/site-packages/airflow/example_dags/example_task_group_decorator.py
[2024-12-13T11:59:34.845+0000] {processor.py:914} INFO - Processing file /opt/bitnami/airflow/venv/lib/python3.12/site-packages/airflow/example_dags/example_task_group_decorator.py for tasks to queue
[2024-12-13T11:59:34.847+0000] {logging_mixin.py:190} INFO - [2024-12-13T11:59:34.847+0000] {dagbag.py:588} INFO - Filling up the DagBag from /opt/bitnami/airflow/venv/lib/python3.12/site-packages/airflow/example_dags/example_task_group_decorator.py
[2024-12-13T11:59:34.860+0000] {processor.py:925} INFO - DAG(s) 'example_task_group_decorator' retrieved from /opt/bitnami/airflow/venv/lib/python3.12/site-packages/airflow/example_dags/example_task_group_decorator.py
[2024-12-13T11:59:34.960+0000] {logging_mixin.py:190} INFO - [2024-12-13T11:59:34.959+0000] {dag.py:3239} INFO - Sync 1 DAGs
[2024-12-13T11:59:34.981+0000] {logging_mixin.py:190} INFO - [2024-12-13T11:59:34.980+0000] {dag.py:4180} INFO - Setting next_dagrun for example_task_group_decorator to None, run_after=None
[2024-12-13T11:59:35.007+0000] {processor.py:208} INFO - Processing /opt/bitnami/airflow/venv/lib/python3.12/site-packages/airflow/example_dags/example_task_group_decorator.py took 0.170 seconds
[2024-12-13T12:00:05.669+0000] {processor.py:186} INFO - Started process (PID=229) to work on /opt/bitnami/airflow/venv/lib/python3.12/site-packages/airflow/example_dags/example_task_group_decorator.py
[2024-12-13T12:00:05.669+0000] {processor.py:914} INFO - Processing file /opt/bitnami/airflow/venv/lib/python3.12/site-packages/airflow/example_dags/example_task_group_decorator.py for tasks to queue
[2024-12-13T12:00:05.671+0000] {logging_mixin.py:190} INFO - [2024-12-13T12:00:05.671+0000] {dagbag.py:588} INFO - Filling up the DagBag from /opt/bitnami/airflow/venv/lib/python3.12/site-packages/airflow/example_dags/example_task_group_decorator.py
[2024-12-13T12:00:05.686+0000] {processor.py:925} INFO - DAG(s) 'example_task_group_decorator' retrieved from /opt/bitnami/airflow/venv/lib/python3.12/site-packages/airflow/example_dags/example_task_group_decorator.py
[2024-12-13T12:00:05.726+0000] {logging_mixin.py:190} INFO - [2024-12-13T12:00:05.726+0000] {dag.py:3239} INFO - Sync 1 DAGs
[2024-12-13T12:00:05.748+0000] {logging_mixin.py:190} INFO - [2024-12-13T12:00:05.748+0000] {dag.py:4180} INFO - Setting next_dagrun for example_task_group_decorator to None, run_after=None
[2024-12-13T12:00:05.768+0000] {processor.py:208} INFO - Processing /opt/bitnami/airflow/venv/lib/python3.12/site-packages/airflow/example_dags/example_task_group_decorator.py took 0.104 seconds
[2024-12-13T12:00:35.944+0000] {processor.py:186} INFO - Started process (PID=286) to work on /opt/bitnami/airflow/venv/lib/python3.12/site-packages/airflow/example_dags/example_task_group_decorator.py
[2024-12-13T12:00:35.945+0000] {processor.py:914} INFO - Processing file /opt/bitnami/airflow/venv/lib/python3.12/site-packages/airflow/example_dags/example_task_group_decorator.py for tasks to queue
[2024-12-13T12:00:35.948+0000] {logging_mixin.py:190} INFO - [2024-12-13T12:00:35.947+0000] {dagbag.py:588} INFO - Filling up the DagBag from /opt/bitnami/airflow/venv/lib/python3.12/site-packages/airflow/example_dags/example_task_group_decorator.py
[2024-12-13T12:00:35.958+0000] {processor.py:925} INFO - DAG(s) 'example_task_group_decorator' retrieved from /opt/bitnami/airflow/venv/lib/python3.12/site-packages/airflow/example_dags/example_task_group_decorator.py
[2024-12-13T12:00:35.995+0000] {logging_mixin.py:190} INFO - [2024-12-13T12:00:35.995+0000] {dag.py:3239} INFO - Sync 1 DAGs
[2024-12-13T12:00:36.012+0000] {logging_mixin.py:190} INFO - [2024-12-13T12:00:36.012+0000] {dag.py:4180} INFO - Setting next_dagrun for example_task_group_decorator to None, run_after=None
[2024-12-13T12:00:36.034+0000] {processor.py:208} INFO - Processing /opt/bitnami/airflow/venv/lib/python3.12/site-packages/airflow/example_dags/example_task_group_decorator.py took 0.095 seconds
[2024-12-13T12:01:06.666+0000] {processor.py:186} INFO - Started process (PID=343) to work on /opt/bitnami/airflow/venv/lib/python3.12/site-packages/airflow/example_dags/example_task_group_decorator.py
[2024-12-13T12:01:06.667+0000] {processor.py:914} INFO - Processing file /opt/bitnami/airflow/venv/lib/python3.12/site-packages/airflow/example_dags/example_task_group_decorator.py for tasks to queue
[2024-12-13T12:01:06.669+0000] {logging_mixin.py:190} INFO - [2024-12-13T12:01:06.668+0000] {dagbag.py:588} INFO - Filling up the DagBag from /opt/bitnami/airflow/venv/lib/python3.12/site-packages/airflow/example_dags/example_task_group_decorator.py
[2024-12-13T12:01:06.679+0000] {processor.py:925} INFO - DAG(s) 'example_task_group_decorator' retrieved from /opt/bitnami/airflow/venv/lib/python3.12/site-packages/airflow/example_dags/example_task_group_decorator.py
[2024-12-13T12:01:06.709+0000] {logging_mixin.py:190} INFO - [2024-12-13T12:01:06.709+0000] {dag.py:3239} INFO - Sync 1 DAGs
[2024-12-13T12:01:06.730+0000] {logging_mixin.py:190} INFO - [2024-12-13T12:01:06.730+0000] {dag.py:4180} INFO - Setting next_dagrun for example_task_group_decorator to None, run_after=None
[2024-12-13T12:01:06.751+0000] {processor.py:208} INFO - Processing /opt/bitnami/airflow/venv/lib/python3.12/site-packages/airflow/example_dags/example_task_group_decorator.py took 0.090 seconds
[2024-12-13T12:01:37.447+0000] {processor.py:186} INFO - Started process (PID=400) to work on /opt/bitnami/airflow/venv/lib/python3.12/site-packages/airflow/example_dags/example_task_group_decorator.py
[2024-12-13T12:01:37.448+0000] {processor.py:914} INFO - Processing file /opt/bitnami/airflow/venv/lib/python3.12/site-packages/airflow/example_dags/example_task_group_decorator.py for tasks to queue
[2024-12-13T12:01:37.450+0000] {logging_mixin.py:190} INFO - [2024-12-13T12:01:37.450+0000] {dagbag.py:588} INFO - Filling up the DagBag from /opt/bitnami/airflow/venv/lib/python3.12/site-packages/airflow/example_dags/example_task_group_decorator.py
[2024-12-13T12:01:37.461+0000] {processor.py:925} INFO - DAG(s) 'example_task_group_decorator' retrieved from /opt/bitnami/airflow/venv/lib/python3.12/site-packages/airflow/example_dags/example_task_group_decorator.py
[2024-12-13T12:01:37.504+0000] {logging_mixin.py:190} INFO - [2024-12-13T12:01:37.504+0000] {dag.py:3239} INFO - Sync 1 DAGs
[2024-12-13T12:01:37.524+0000] {logging_mixin.py:190} INFO - [2024-12-13T12:01:37.523+0000] {dag.py:4180} INFO - Setting next_dagrun for example_task_group_decorator to None, run_after=None
[2024-12-13T12:01:37.547+0000] {processor.py:208} INFO - Processing /opt/bitnami/airflow/venv/lib/python3.12/site-packages/airflow/example_dags/example_task_group_decorator.py took 0.105 seconds
[2024-12-13T12:02:08.647+0000] {processor.py:186} INFO - Started process (PID=457) to work on /opt/bitnami/airflow/venv/lib/python3.12/site-packages/airflow/example_dags/example_task_group_decorator.py
[2024-12-13T12:02:08.647+0000] {processor.py:914} INFO - Processing file /opt/bitnami/airflow/venv/lib/python3.12/site-packages/airflow/example_dags/example_task_group_decorator.py for tasks to queue
[2024-12-13T12:02:08.650+0000] {logging_mixin.py:190} INFO - [2024-12-13T12:02:08.649+0000] {dagbag.py:588} INFO - Filling up the DagBag from /opt/bitnami/airflow/venv/lib/python3.12/site-packages/airflow/example_dags/example_task_group_decorator.py
[2024-12-13T12:02:08.660+0000] {processor.py:925} INFO - DAG(s) 'example_task_group_decorator' retrieved from /opt/bitnami/airflow/venv/lib/python3.12/site-packages/airflow/example_dags/example_task_group_decorator.py
[2024-12-13T12:02:08.698+0000] {logging_mixin.py:190} INFO - [2024-12-13T12:02:08.698+0000] {dag.py:3239} INFO - Sync 1 DAGs
[2024-12-13T12:02:08.718+0000] {logging_mixin.py:190} INFO - [2024-12-13T12:02:08.718+0000] {dag.py:4180} INFO - Setting next_dagrun for example_task_group_decorator to None, run_after=None
[2024-12-13T12:02:08.746+0000] {processor.py:208} INFO - Processing /opt/bitnami/airflow/venv/lib/python3.12/site-packages/airflow/example_dags/example_task_group_decorator.py took 0.105 seconds
