[2024-12-13T08:19:43.846+0000] {processor.py:186} INFO - Started process (PID=55) to work on /opt/bitnami/airflow/venv/lib/python3.12/site-packages/airflow/example_dags/example_sensors.py
[2024-12-13T08:19:43.847+0000] {processor.py:914} INFO - Processing file /opt/bitnami/airflow/venv/lib/python3.12/site-packages/airflow/example_dags/example_sensors.py for tasks to queue
[2024-12-13T08:19:43.849+0000] {logging_mixin.py:190} INFO - [2024-12-13T08:19:43.849+0000] {dagbag.py:588} INFO - Filling up the DagBag from /opt/bitnami/airflow/venv/lib/python3.12/site-packages/airflow/example_dags/example_sensors.py
[2024-12-13T08:19:43.856+0000] {processor.py:925} INFO - DAG(s) 'example_sensors' retrieved from /opt/bitnami/airflow/venv/lib/python3.12/site-packages/airflow/example_dags/example_sensors.py
[2024-12-13T08:19:43.893+0000] {logging_mixin.py:190} INFO - [2024-12-13T08:19:43.893+0000] {dag.py:3239} INFO - Sync 1 DAGs
[2024-12-13T08:19:43.911+0000] {logging_mixin.py:190} INFO - [2024-12-13T08:19:43.911+0000] {dag.py:4180} INFO - Setting next_dagrun for example_sensors to None, run_after=None
[2024-12-13T08:19:43.932+0000] {processor.py:208} INFO - Processing /opt/bitnami/airflow/venv/lib/python3.12/site-packages/airflow/example_dags/example_sensors.py took 0.090 seconds
[2024-12-13T08:20:14.246+0000] {processor.py:186} INFO - Started process (PID=112) to work on /opt/bitnami/airflow/venv/lib/python3.12/site-packages/airflow/example_dags/example_sensors.py
[2024-12-13T08:20:14.247+0000] {processor.py:914} INFO - Processing file /opt/bitnami/airflow/venv/lib/python3.12/site-packages/airflow/example_dags/example_sensors.py for tasks to queue
[2024-12-13T08:20:14.249+0000] {logging_mixin.py:190} INFO - [2024-12-13T08:20:14.249+0000] {dagbag.py:588} INFO - Filling up the DagBag from /opt/bitnami/airflow/venv/lib/python3.12/site-packages/airflow/example_dags/example_sensors.py
[2024-12-13T08:20:14.256+0000] {processor.py:925} INFO - DAG(s) 'example_sensors' retrieved from /opt/bitnami/airflow/venv/lib/python3.12/site-packages/airflow/example_dags/example_sensors.py
[2024-12-13T08:20:14.291+0000] {logging_mixin.py:190} INFO - [2024-12-13T08:20:14.290+0000] {dag.py:3239} INFO - Sync 1 DAGs
[2024-12-13T08:20:14.308+0000] {logging_mixin.py:190} INFO - [2024-12-13T08:20:14.308+0000] {dag.py:4180} INFO - Setting next_dagrun for example_sensors to None, run_after=None
[2024-12-13T08:20:14.326+0000] {processor.py:208} INFO - Processing /opt/bitnami/airflow/venv/lib/python3.12/site-packages/airflow/example_dags/example_sensors.py took 0.084 seconds
[2024-12-13T08:20:44.772+0000] {processor.py:186} INFO - Started process (PID=169) to work on /opt/bitnami/airflow/venv/lib/python3.12/site-packages/airflow/example_dags/example_sensors.py
[2024-12-13T08:20:44.773+0000] {processor.py:914} INFO - Processing file /opt/bitnami/airflow/venv/lib/python3.12/site-packages/airflow/example_dags/example_sensors.py for tasks to queue
[2024-12-13T08:20:44.775+0000] {logging_mixin.py:190} INFO - [2024-12-13T08:20:44.775+0000] {dagbag.py:588} INFO - Filling up the DagBag from /opt/bitnami/airflow/venv/lib/python3.12/site-packages/airflow/example_dags/example_sensors.py
[2024-12-13T08:20:44.787+0000] {processor.py:925} INFO - DAG(s) 'example_sensors' retrieved from /opt/bitnami/airflow/venv/lib/python3.12/site-packages/airflow/example_dags/example_sensors.py
[2024-12-13T08:20:44.839+0000] {logging_mixin.py:190} INFO - [2024-12-13T08:20:44.838+0000] {dag.py:3239} INFO - Sync 1 DAGs
[2024-12-13T08:20:44.859+0000] {logging_mixin.py:190} INFO - [2024-12-13T08:20:44.858+0000] {dag.py:4180} INFO - Setting next_dagrun for example_sensors to None, run_after=None
[2024-12-13T08:20:44.883+0000] {processor.py:208} INFO - Processing /opt/bitnami/airflow/venv/lib/python3.12/site-packages/airflow/example_dags/example_sensors.py took 0.118 seconds
[2024-12-13T08:21:15.326+0000] {processor.py:186} INFO - Started process (PID=226) to work on /opt/bitnami/airflow/venv/lib/python3.12/site-packages/airflow/example_dags/example_sensors.py
[2024-12-13T08:21:15.326+0000] {processor.py:914} INFO - Processing file /opt/bitnami/airflow/venv/lib/python3.12/site-packages/airflow/example_dags/example_sensors.py for tasks to queue
[2024-12-13T08:21:15.330+0000] {logging_mixin.py:190} INFO - [2024-12-13T08:21:15.330+0000] {dagbag.py:588} INFO - Filling up the DagBag from /opt/bitnami/airflow/venv/lib/python3.12/site-packages/airflow/example_dags/example_sensors.py
[2024-12-13T08:21:15.339+0000] {processor.py:925} INFO - DAG(s) 'example_sensors' retrieved from /opt/bitnami/airflow/venv/lib/python3.12/site-packages/airflow/example_dags/example_sensors.py
[2024-12-13T08:21:15.436+0000] {logging_mixin.py:190} INFO - [2024-12-13T08:21:15.436+0000] {dag.py:3239} INFO - Sync 1 DAGs
[2024-12-13T08:21:15.453+0000] {logging_mixin.py:190} INFO - [2024-12-13T08:21:15.452+0000] {dag.py:4180} INFO - Setting next_dagrun for example_sensors to None, run_after=None
[2024-12-13T08:21:15.484+0000] {processor.py:208} INFO - Processing /opt/bitnami/airflow/venv/lib/python3.12/site-packages/airflow/example_dags/example_sensors.py took 0.165 seconds
[2024-12-13T08:21:46.538+0000] {processor.py:186} INFO - Started process (PID=283) to work on /opt/bitnami/airflow/venv/lib/python3.12/site-packages/airflow/example_dags/example_sensors.py
[2024-12-13T08:21:46.541+0000] {processor.py:914} INFO - Processing file /opt/bitnami/airflow/venv/lib/python3.12/site-packages/airflow/example_dags/example_sensors.py for tasks to queue
[2024-12-13T08:21:46.544+0000] {logging_mixin.py:190} INFO - [2024-12-13T08:21:46.544+0000] {dagbag.py:588} INFO - Filling up the DagBag from /opt/bitnami/airflow/venv/lib/python3.12/site-packages/airflow/example_dags/example_sensors.py
[2024-12-13T08:21:46.556+0000] {processor.py:925} INFO - DAG(s) 'example_sensors' retrieved from /opt/bitnami/airflow/venv/lib/python3.12/site-packages/airflow/example_dags/example_sensors.py
[2024-12-13T08:21:46.613+0000] {logging_mixin.py:190} INFO - [2024-12-13T08:21:46.612+0000] {dag.py:3239} INFO - Sync 1 DAGs
[2024-12-13T08:21:46.640+0000] {logging_mixin.py:190} INFO - [2024-12-13T08:21:46.640+0000] {dag.py:4180} INFO - Setting next_dagrun for example_sensors to None, run_after=None
[2024-12-13T08:21:46.672+0000] {processor.py:208} INFO - Processing /opt/bitnami/airflow/venv/lib/python3.12/site-packages/airflow/example_dags/example_sensors.py took 0.141 seconds
[2024-12-13T08:22:17.116+0000] {processor.py:186} INFO - Started process (PID=340) to work on /opt/bitnami/airflow/venv/lib/python3.12/site-packages/airflow/example_dags/example_sensors.py
[2024-12-13T08:22:17.117+0000] {processor.py:914} INFO - Processing file /opt/bitnami/airflow/venv/lib/python3.12/site-packages/airflow/example_dags/example_sensors.py for tasks to queue
[2024-12-13T08:22:17.119+0000] {logging_mixin.py:190} INFO - [2024-12-13T08:22:17.119+0000] {dagbag.py:588} INFO - Filling up the DagBag from /opt/bitnami/airflow/venv/lib/python3.12/site-packages/airflow/example_dags/example_sensors.py
[2024-12-13T08:22:17.127+0000] {processor.py:925} INFO - DAG(s) 'example_sensors' retrieved from /opt/bitnami/airflow/venv/lib/python3.12/site-packages/airflow/example_dags/example_sensors.py
[2024-12-13T08:22:17.174+0000] {logging_mixin.py:190} INFO - [2024-12-13T08:22:17.174+0000] {dag.py:3239} INFO - Sync 1 DAGs
[2024-12-13T08:22:17.194+0000] {logging_mixin.py:190} INFO - [2024-12-13T08:22:17.194+0000] {dag.py:4180} INFO - Setting next_dagrun for example_sensors to None, run_after=None
[2024-12-13T08:22:17.213+0000] {processor.py:208} INFO - Processing /opt/bitnami/airflow/venv/lib/python3.12/site-packages/airflow/example_dags/example_sensors.py took 0.103 seconds
[2024-12-13T08:22:47.999+0000] {processor.py:186} INFO - Started process (PID=397) to work on /opt/bitnami/airflow/venv/lib/python3.12/site-packages/airflow/example_dags/example_sensors.py
[2024-12-13T08:22:48.000+0000] {processor.py:914} INFO - Processing file /opt/bitnami/airflow/venv/lib/python3.12/site-packages/airflow/example_dags/example_sensors.py for tasks to queue
[2024-12-13T08:22:48.002+0000] {logging_mixin.py:190} INFO - [2024-12-13T08:22:48.001+0000] {dagbag.py:588} INFO - Filling up the DagBag from /opt/bitnami/airflow/venv/lib/python3.12/site-packages/airflow/example_dags/example_sensors.py
[2024-12-13T08:22:48.009+0000] {processor.py:925} INFO - DAG(s) 'example_sensors' retrieved from /opt/bitnami/airflow/venv/lib/python3.12/site-packages/airflow/example_dags/example_sensors.py
[2024-12-13T08:22:48.044+0000] {logging_mixin.py:190} INFO - [2024-12-13T08:22:48.044+0000] {dag.py:3239} INFO - Sync 1 DAGs
[2024-12-13T08:22:48.059+0000] {logging_mixin.py:190} INFO - [2024-12-13T08:22:48.059+0000] {dag.py:4180} INFO - Setting next_dagrun for example_sensors to None, run_after=None
[2024-12-13T08:22:48.080+0000] {processor.py:208} INFO - Processing /opt/bitnami/airflow/venv/lib/python3.12/site-packages/airflow/example_dags/example_sensors.py took 0.086 seconds
[2024-12-13T08:25:44.821+0000] {processor.py:186} INFO - Started process (PID=55) to work on /opt/bitnami/airflow/venv/lib/python3.12/site-packages/airflow/example_dags/example_sensors.py
[2024-12-13T08:25:44.822+0000] {processor.py:914} INFO - Processing file /opt/bitnami/airflow/venv/lib/python3.12/site-packages/airflow/example_dags/example_sensors.py for tasks to queue
[2024-12-13T08:25:44.824+0000] {logging_mixin.py:190} INFO - [2024-12-13T08:25:44.824+0000] {dagbag.py:588} INFO - Filling up the DagBag from /opt/bitnami/airflow/venv/lib/python3.12/site-packages/airflow/example_dags/example_sensors.py
[2024-12-13T08:25:44.831+0000] {processor.py:925} INFO - DAG(s) 'example_sensors' retrieved from /opt/bitnami/airflow/venv/lib/python3.12/site-packages/airflow/example_dags/example_sensors.py
[2024-12-13T08:25:44.877+0000] {logging_mixin.py:190} INFO - [2024-12-13T08:25:44.877+0000] {dag.py:3239} INFO - Sync 1 DAGs
[2024-12-13T08:25:44.898+0000] {logging_mixin.py:190} INFO - [2024-12-13T08:25:44.898+0000] {dag.py:4180} INFO - Setting next_dagrun for example_sensors to None, run_after=None
[2024-12-13T08:25:44.929+0000] {processor.py:208} INFO - Processing /opt/bitnami/airflow/venv/lib/python3.12/site-packages/airflow/example_dags/example_sensors.py took 0.114 seconds
[2024-12-13T08:26:15.537+0000] {processor.py:186} INFO - Started process (PID=112) to work on /opt/bitnami/airflow/venv/lib/python3.12/site-packages/airflow/example_dags/example_sensors.py
[2024-12-13T08:26:15.538+0000] {processor.py:914} INFO - Processing file /opt/bitnami/airflow/venv/lib/python3.12/site-packages/airflow/example_dags/example_sensors.py for tasks to queue
[2024-12-13T08:26:15.540+0000] {logging_mixin.py:190} INFO - [2024-12-13T08:26:15.540+0000] {dagbag.py:588} INFO - Filling up the DagBag from /opt/bitnami/airflow/venv/lib/python3.12/site-packages/airflow/example_dags/example_sensors.py
[2024-12-13T08:26:15.548+0000] {processor.py:925} INFO - DAG(s) 'example_sensors' retrieved from /opt/bitnami/airflow/venv/lib/python3.12/site-packages/airflow/example_dags/example_sensors.py
[2024-12-13T08:26:15.594+0000] {logging_mixin.py:190} INFO - [2024-12-13T08:26:15.594+0000] {dag.py:3239} INFO - Sync 1 DAGs
[2024-12-13T08:26:15.617+0000] {logging_mixin.py:190} INFO - [2024-12-13T08:26:15.617+0000] {dag.py:4180} INFO - Setting next_dagrun for example_sensors to None, run_after=None
[2024-12-13T08:26:15.639+0000] {processor.py:208} INFO - Processing /opt/bitnami/airflow/venv/lib/python3.12/site-packages/airflow/example_dags/example_sensors.py took 0.106 seconds
[2024-12-13T08:26:46.746+0000] {processor.py:186} INFO - Started process (PID=169) to work on /opt/bitnami/airflow/venv/lib/python3.12/site-packages/airflow/example_dags/example_sensors.py
[2024-12-13T08:26:46.747+0000] {processor.py:914} INFO - Processing file /opt/bitnami/airflow/venv/lib/python3.12/site-packages/airflow/example_dags/example_sensors.py for tasks to queue
[2024-12-13T08:26:46.749+0000] {logging_mixin.py:190} INFO - [2024-12-13T08:26:46.748+0000] {dagbag.py:588} INFO - Filling up the DagBag from /opt/bitnami/airflow/venv/lib/python3.12/site-packages/airflow/example_dags/example_sensors.py
[2024-12-13T08:26:46.757+0000] {processor.py:925} INFO - DAG(s) 'example_sensors' retrieved from /opt/bitnami/airflow/venv/lib/python3.12/site-packages/airflow/example_dags/example_sensors.py
[2024-12-13T08:26:46.838+0000] {logging_mixin.py:190} INFO - [2024-12-13T08:26:46.838+0000] {dag.py:3239} INFO - Sync 1 DAGs
[2024-12-13T08:26:46.853+0000] {logging_mixin.py:190} INFO - [2024-12-13T08:26:46.853+0000] {dag.py:4180} INFO - Setting next_dagrun for example_sensors to None, run_after=None
[2024-12-13T08:26:46.878+0000] {processor.py:208} INFO - Processing /opt/bitnami/airflow/venv/lib/python3.12/site-packages/airflow/example_dags/example_sensors.py took 0.137 seconds
[2024-12-13T08:27:17.640+0000] {processor.py:186} INFO - Started process (PID=226) to work on /opt/bitnami/airflow/venv/lib/python3.12/site-packages/airflow/example_dags/example_sensors.py
[2024-12-13T08:27:17.641+0000] {processor.py:914} INFO - Processing file /opt/bitnami/airflow/venv/lib/python3.12/site-packages/airflow/example_dags/example_sensors.py for tasks to queue
[2024-12-13T08:27:17.642+0000] {logging_mixin.py:190} INFO - [2024-12-13T08:27:17.642+0000] {dagbag.py:588} INFO - Filling up the DagBag from /opt/bitnami/airflow/venv/lib/python3.12/site-packages/airflow/example_dags/example_sensors.py
[2024-12-13T08:27:17.650+0000] {processor.py:925} INFO - DAG(s) 'example_sensors' retrieved from /opt/bitnami/airflow/venv/lib/python3.12/site-packages/airflow/example_dags/example_sensors.py
[2024-12-13T08:27:17.685+0000] {logging_mixin.py:190} INFO - [2024-12-13T08:27:17.685+0000] {dag.py:3239} INFO - Sync 1 DAGs
[2024-12-13T08:27:17.705+0000] {logging_mixin.py:190} INFO - [2024-12-13T08:27:17.704+0000] {dag.py:4180} INFO - Setting next_dagrun for example_sensors to None, run_after=None
[2024-12-13T08:27:17.742+0000] {processor.py:208} INFO - Processing /opt/bitnami/airflow/venv/lib/python3.12/site-packages/airflow/example_dags/example_sensors.py took 0.107 seconds
[2024-12-13T10:42:36.623+0000] {processor.py:186} INFO - Started process (PID=55) to work on /opt/bitnami/airflow/venv/lib/python3.12/site-packages/airflow/example_dags/example_sensors.py
[2024-12-13T10:42:36.625+0000] {processor.py:914} INFO - Processing file /opt/bitnami/airflow/venv/lib/python3.12/site-packages/airflow/example_dags/example_sensors.py for tasks to queue
[2024-12-13T10:42:36.628+0000] {logging_mixin.py:190} INFO - [2024-12-13T10:42:36.627+0000] {dagbag.py:588} INFO - Filling up the DagBag from /opt/bitnami/airflow/venv/lib/python3.12/site-packages/airflow/example_dags/example_sensors.py
[2024-12-13T10:42:36.638+0000] {processor.py:925} INFO - DAG(s) 'example_sensors' retrieved from /opt/bitnami/airflow/venv/lib/python3.12/site-packages/airflow/example_dags/example_sensors.py
[2024-12-13T10:42:36.781+0000] {logging_mixin.py:190} INFO - [2024-12-13T10:42:36.780+0000] {override.py:1900} INFO - Created Permission View: can read on DAG:example_sensors
[2024-12-13T10:42:36.795+0000] {logging_mixin.py:190} INFO - [2024-12-13T10:42:36.794+0000] {override.py:1900} INFO - Created Permission View: can delete on DAG:example_sensors
[2024-12-13T10:42:36.803+0000] {logging_mixin.py:190} INFO - [2024-12-13T10:42:36.802+0000] {override.py:1900} INFO - Created Permission View: can edit on DAG:example_sensors
[2024-12-13T10:42:36.813+0000] {logging_mixin.py:190} INFO - [2024-12-13T10:42:36.813+0000] {override.py:1900} INFO - Created Permission View: can delete on DAG Run:example_sensors
[2024-12-13T10:42:36.822+0000] {logging_mixin.py:190} INFO - [2024-12-13T10:42:36.822+0000] {override.py:1900} INFO - Created Permission View: can read on DAG Run:example_sensors
[2024-12-13T10:42:36.833+0000] {logging_mixin.py:190} INFO - [2024-12-13T10:42:36.833+0000] {override.py:1900} INFO - Created Permission View: can create on DAG Run:example_sensors
[2024-12-13T10:42:36.841+0000] {logging_mixin.py:190} INFO - [2024-12-13T10:42:36.841+0000] {override.py:1900} INFO - Created Permission View: menu access on DAG Run:example_sensors
[2024-12-13T10:42:36.842+0000] {logging_mixin.py:190} INFO - [2024-12-13T10:42:36.842+0000] {dag.py:3239} INFO - Sync 1 DAGs
[2024-12-13T10:42:36.882+0000] {logging_mixin.py:190} INFO - [2024-12-13T10:42:36.882+0000] {dag.py:3262} INFO - Creating ORM DAG for example_sensors
[2024-12-13T10:42:36.884+0000] {logging_mixin.py:190} INFO - [2024-12-13T10:42:36.883+0000] {dag.py:4180} INFO - Setting next_dagrun for example_sensors to None, run_after=None
[2024-12-13T10:42:36.906+0000] {processor.py:208} INFO - Processing /opt/bitnami/airflow/venv/lib/python3.12/site-packages/airflow/example_dags/example_sensors.py took 0.289 seconds
[2024-12-13T10:43:07.058+0000] {processor.py:186} INFO - Started process (PID=112) to work on /opt/bitnami/airflow/venv/lib/python3.12/site-packages/airflow/example_dags/example_sensors.py
[2024-12-13T10:43:07.059+0000] {processor.py:914} INFO - Processing file /opt/bitnami/airflow/venv/lib/python3.12/site-packages/airflow/example_dags/example_sensors.py for tasks to queue
[2024-12-13T10:43:07.061+0000] {logging_mixin.py:190} INFO - [2024-12-13T10:43:07.061+0000] {dagbag.py:588} INFO - Filling up the DagBag from /opt/bitnami/airflow/venv/lib/python3.12/site-packages/airflow/example_dags/example_sensors.py
[2024-12-13T10:43:07.068+0000] {processor.py:925} INFO - DAG(s) 'example_sensors' retrieved from /opt/bitnami/airflow/venv/lib/python3.12/site-packages/airflow/example_dags/example_sensors.py
[2024-12-13T10:43:07.113+0000] {logging_mixin.py:190} INFO - [2024-12-13T10:43:07.112+0000] {dag.py:3239} INFO - Sync 1 DAGs
[2024-12-13T10:43:07.142+0000] {logging_mixin.py:190} INFO - [2024-12-13T10:43:07.142+0000] {dag.py:4180} INFO - Setting next_dagrun for example_sensors to None, run_after=None
[2024-12-13T10:43:07.171+0000] {processor.py:208} INFO - Processing /opt/bitnami/airflow/venv/lib/python3.12/site-packages/airflow/example_dags/example_sensors.py took 0.118 seconds
[2024-12-13T10:43:37.856+0000] {processor.py:186} INFO - Started process (PID=169) to work on /opt/bitnami/airflow/venv/lib/python3.12/site-packages/airflow/example_dags/example_sensors.py
[2024-12-13T10:43:37.857+0000] {processor.py:914} INFO - Processing file /opt/bitnami/airflow/venv/lib/python3.12/site-packages/airflow/example_dags/example_sensors.py for tasks to queue
[2024-12-13T10:43:37.860+0000] {logging_mixin.py:190} INFO - [2024-12-13T10:43:37.860+0000] {dagbag.py:588} INFO - Filling up the DagBag from /opt/bitnami/airflow/venv/lib/python3.12/site-packages/airflow/example_dags/example_sensors.py
[2024-12-13T10:43:37.872+0000] {processor.py:925} INFO - DAG(s) 'example_sensors' retrieved from /opt/bitnami/airflow/venv/lib/python3.12/site-packages/airflow/example_dags/example_sensors.py
[2024-12-13T10:43:38.067+0000] {logging_mixin.py:190} INFO - [2024-12-13T10:43:38.067+0000] {dag.py:3239} INFO - Sync 1 DAGs
[2024-12-13T10:43:38.107+0000] {logging_mixin.py:190} INFO - [2024-12-13T10:43:38.106+0000] {dag.py:4180} INFO - Setting next_dagrun for example_sensors to None, run_after=None
[2024-12-13T10:43:38.160+0000] {processor.py:208} INFO - Processing /opt/bitnami/airflow/venv/lib/python3.12/site-packages/airflow/example_dags/example_sensors.py took 0.310 seconds
[2024-12-13T10:44:08.705+0000] {processor.py:186} INFO - Started process (PID=226) to work on /opt/bitnami/airflow/venv/lib/python3.12/site-packages/airflow/example_dags/example_sensors.py
[2024-12-13T10:44:08.707+0000] {processor.py:914} INFO - Processing file /opt/bitnami/airflow/venv/lib/python3.12/site-packages/airflow/example_dags/example_sensors.py for tasks to queue
[2024-12-13T10:44:08.709+0000] {logging_mixin.py:190} INFO - [2024-12-13T10:44:08.709+0000] {dagbag.py:588} INFO - Filling up the DagBag from /opt/bitnami/airflow/venv/lib/python3.12/site-packages/airflow/example_dags/example_sensors.py
[2024-12-13T10:44:08.716+0000] {processor.py:925} INFO - DAG(s) 'example_sensors' retrieved from /opt/bitnami/airflow/venv/lib/python3.12/site-packages/airflow/example_dags/example_sensors.py
[2024-12-13T10:44:08.809+0000] {logging_mixin.py:190} INFO - [2024-12-13T10:44:08.809+0000] {dag.py:3239} INFO - Sync 1 DAGs
[2024-12-13T10:44:08.839+0000] {logging_mixin.py:190} INFO - [2024-12-13T10:44:08.839+0000] {dag.py:4180} INFO - Setting next_dagrun for example_sensors to None, run_after=None
[2024-12-13T10:44:08.882+0000] {processor.py:208} INFO - Processing /opt/bitnami/airflow/venv/lib/python3.12/site-packages/airflow/example_dags/example_sensors.py took 0.182 seconds
[2024-12-13T10:44:39.586+0000] {processor.py:186} INFO - Started process (PID=283) to work on /opt/bitnami/airflow/venv/lib/python3.12/site-packages/airflow/example_dags/example_sensors.py
[2024-12-13T10:44:39.586+0000] {processor.py:914} INFO - Processing file /opt/bitnami/airflow/venv/lib/python3.12/site-packages/airflow/example_dags/example_sensors.py for tasks to queue
[2024-12-13T10:44:39.588+0000] {logging_mixin.py:190} INFO - [2024-12-13T10:44:39.588+0000] {dagbag.py:588} INFO - Filling up the DagBag from /opt/bitnami/airflow/venv/lib/python3.12/site-packages/airflow/example_dags/example_sensors.py
[2024-12-13T10:44:39.596+0000] {processor.py:925} INFO - DAG(s) 'example_sensors' retrieved from /opt/bitnami/airflow/venv/lib/python3.12/site-packages/airflow/example_dags/example_sensors.py
[2024-12-13T10:44:39.642+0000] {logging_mixin.py:190} INFO - [2024-12-13T10:44:39.642+0000] {dag.py:3239} INFO - Sync 1 DAGs
[2024-12-13T10:44:39.672+0000] {logging_mixin.py:190} INFO - [2024-12-13T10:44:39.672+0000] {dag.py:4180} INFO - Setting next_dagrun for example_sensors to None, run_after=None
[2024-12-13T10:44:39.707+0000] {processor.py:208} INFO - Processing /opt/bitnami/airflow/venv/lib/python3.12/site-packages/airflow/example_dags/example_sensors.py took 0.126 seconds
[2024-12-13T10:52:09.562+0000] {processor.py:186} INFO - Started process (PID=55) to work on /opt/bitnami/airflow/venv/lib/python3.12/site-packages/airflow/example_dags/example_sensors.py
[2024-12-13T10:52:09.564+0000] {processor.py:914} INFO - Processing file /opt/bitnami/airflow/venv/lib/python3.12/site-packages/airflow/example_dags/example_sensors.py for tasks to queue
[2024-12-13T10:52:09.567+0000] {logging_mixin.py:190} INFO - [2024-12-13T10:52:09.567+0000] {dagbag.py:588} INFO - Filling up the DagBag from /opt/bitnami/airflow/venv/lib/python3.12/site-packages/airflow/example_dags/example_sensors.py
[2024-12-13T10:52:09.577+0000] {processor.py:925} INFO - DAG(s) 'example_sensors' retrieved from /opt/bitnami/airflow/venv/lib/python3.12/site-packages/airflow/example_dags/example_sensors.py
[2024-12-13T10:52:09.700+0000] {logging_mixin.py:190} INFO - [2024-12-13T10:52:09.699+0000] {override.py:1900} INFO - Created Permission View: can read on DAG:example_sensors
[2024-12-13T10:52:09.712+0000] {logging_mixin.py:190} INFO - [2024-12-13T10:52:09.712+0000] {override.py:1900} INFO - Created Permission View: can delete on DAG:example_sensors
[2024-12-13T10:52:09.719+0000] {logging_mixin.py:190} INFO - [2024-12-13T10:52:09.719+0000] {override.py:1900} INFO - Created Permission View: can edit on DAG:example_sensors
[2024-12-13T10:52:09.727+0000] {logging_mixin.py:190} INFO - [2024-12-13T10:52:09.727+0000] {override.py:1900} INFO - Created Permission View: menu access on DAG Run:example_sensors
[2024-12-13T10:52:09.734+0000] {logging_mixin.py:190} INFO - [2024-12-13T10:52:09.734+0000] {override.py:1900} INFO - Created Permission View: can read on DAG Run:example_sensors
[2024-12-13T10:52:09.741+0000] {logging_mixin.py:190} INFO - [2024-12-13T10:52:09.741+0000] {override.py:1900} INFO - Created Permission View: can delete on DAG Run:example_sensors
[2024-12-13T10:52:09.752+0000] {logging_mixin.py:190} INFO - [2024-12-13T10:52:09.752+0000] {override.py:1900} INFO - Created Permission View: can create on DAG Run:example_sensors
[2024-12-13T10:52:09.752+0000] {logging_mixin.py:190} INFO - [2024-12-13T10:52:09.752+0000] {dag.py:3239} INFO - Sync 1 DAGs
[2024-12-13T10:52:09.775+0000] {logging_mixin.py:190} INFO - [2024-12-13T10:52:09.775+0000] {dag.py:3262} INFO - Creating ORM DAG for example_sensors
[2024-12-13T10:52:09.776+0000] {logging_mixin.py:190} INFO - [2024-12-13T10:52:09.776+0000] {dag.py:4180} INFO - Setting next_dagrun for example_sensors to None, run_after=None
[2024-12-13T10:52:09.799+0000] {processor.py:208} INFO - Processing /opt/bitnami/airflow/venv/lib/python3.12/site-packages/airflow/example_dags/example_sensors.py took 0.242 seconds
[2024-12-13T10:52:39.922+0000] {processor.py:186} INFO - Started process (PID=112) to work on /opt/bitnami/airflow/venv/lib/python3.12/site-packages/airflow/example_dags/example_sensors.py
[2024-12-13T10:52:39.924+0000] {processor.py:914} INFO - Processing file /opt/bitnami/airflow/venv/lib/python3.12/site-packages/airflow/example_dags/example_sensors.py for tasks to queue
[2024-12-13T10:52:39.927+0000] {logging_mixin.py:190} INFO - [2024-12-13T10:52:39.927+0000] {dagbag.py:588} INFO - Filling up the DagBag from /opt/bitnami/airflow/venv/lib/python3.12/site-packages/airflow/example_dags/example_sensors.py
[2024-12-13T10:52:39.938+0000] {processor.py:925} INFO - DAG(s) 'example_sensors' retrieved from /opt/bitnami/airflow/venv/lib/python3.12/site-packages/airflow/example_dags/example_sensors.py
[2024-12-13T10:52:40.005+0000] {logging_mixin.py:190} INFO - [2024-12-13T10:52:40.004+0000] {dag.py:3239} INFO - Sync 1 DAGs
[2024-12-13T10:52:40.031+0000] {logging_mixin.py:190} INFO - [2024-12-13T10:52:40.031+0000] {dag.py:4180} INFO - Setting next_dagrun for example_sensors to None, run_after=None
[2024-12-13T10:52:40.061+0000] {processor.py:208} INFO - Processing /opt/bitnami/airflow/venv/lib/python3.12/site-packages/airflow/example_dags/example_sensors.py took 0.148 seconds
[2024-12-13T10:53:12.119+0000] {processor.py:186} INFO - Started process (PID=169) to work on /opt/bitnami/airflow/venv/lib/python3.12/site-packages/airflow/example_dags/example_sensors.py
[2024-12-13T10:53:12.121+0000] {processor.py:914} INFO - Processing file /opt/bitnami/airflow/venv/lib/python3.12/site-packages/airflow/example_dags/example_sensors.py for tasks to queue
[2024-12-13T10:53:12.124+0000] {logging_mixin.py:190} INFO - [2024-12-13T10:53:12.123+0000] {dagbag.py:588} INFO - Filling up the DagBag from /opt/bitnami/airflow/venv/lib/python3.12/site-packages/airflow/example_dags/example_sensors.py
[2024-12-13T10:53:12.132+0000] {processor.py:925} INFO - DAG(s) 'example_sensors' retrieved from /opt/bitnami/airflow/venv/lib/python3.12/site-packages/airflow/example_dags/example_sensors.py
[2024-12-13T10:53:12.296+0000] {logging_mixin.py:190} INFO - [2024-12-13T10:53:12.295+0000] {dag.py:3239} INFO - Sync 1 DAGs
[2024-12-13T10:53:12.337+0000] {logging_mixin.py:190} INFO - [2024-12-13T10:53:12.337+0000] {dag.py:4180} INFO - Setting next_dagrun for example_sensors to None, run_after=None
[2024-12-13T10:53:12.394+0000] {processor.py:208} INFO - Processing /opt/bitnami/airflow/venv/lib/python3.12/site-packages/airflow/example_dags/example_sensors.py took 0.281 seconds
[2024-12-13T10:53:43.282+0000] {processor.py:186} INFO - Started process (PID=226) to work on /opt/bitnami/airflow/venv/lib/python3.12/site-packages/airflow/example_dags/example_sensors.py
[2024-12-13T10:53:43.283+0000] {processor.py:914} INFO - Processing file /opt/bitnami/airflow/venv/lib/python3.12/site-packages/airflow/example_dags/example_sensors.py for tasks to queue
[2024-12-13T10:53:43.286+0000] {logging_mixin.py:190} INFO - [2024-12-13T10:53:43.286+0000] {dagbag.py:588} INFO - Filling up the DagBag from /opt/bitnami/airflow/venv/lib/python3.12/site-packages/airflow/example_dags/example_sensors.py
[2024-12-13T10:53:43.298+0000] {processor.py:925} INFO - DAG(s) 'example_sensors' retrieved from /opt/bitnami/airflow/venv/lib/python3.12/site-packages/airflow/example_dags/example_sensors.py
[2024-12-13T10:53:43.374+0000] {logging_mixin.py:190} INFO - [2024-12-13T10:53:43.374+0000] {dag.py:3239} INFO - Sync 1 DAGs
[2024-12-13T10:53:43.405+0000] {logging_mixin.py:190} INFO - [2024-12-13T10:53:43.404+0000] {dag.py:4180} INFO - Setting next_dagrun for example_sensors to None, run_after=None
[2024-12-13T10:53:43.437+0000] {processor.py:208} INFO - Processing /opt/bitnami/airflow/venv/lib/python3.12/site-packages/airflow/example_dags/example_sensors.py took 0.159 seconds
[2024-12-13T10:54:13.529+0000] {processor.py:186} INFO - Started process (PID=283) to work on /opt/bitnami/airflow/venv/lib/python3.12/site-packages/airflow/example_dags/example_sensors.py
[2024-12-13T10:54:13.530+0000] {processor.py:914} INFO - Processing file /opt/bitnami/airflow/venv/lib/python3.12/site-packages/airflow/example_dags/example_sensors.py for tasks to queue
[2024-12-13T10:54:13.531+0000] {logging_mixin.py:190} INFO - [2024-12-13T10:54:13.531+0000] {dagbag.py:588} INFO - Filling up the DagBag from /opt/bitnami/airflow/venv/lib/python3.12/site-packages/airflow/example_dags/example_sensors.py
[2024-12-13T10:54:13.539+0000] {processor.py:925} INFO - DAG(s) 'example_sensors' retrieved from /opt/bitnami/airflow/venv/lib/python3.12/site-packages/airflow/example_dags/example_sensors.py
[2024-12-13T10:54:13.602+0000] {logging_mixin.py:190} INFO - [2024-12-13T10:54:13.602+0000] {dag.py:3239} INFO - Sync 1 DAGs
[2024-12-13T10:54:13.628+0000] {logging_mixin.py:190} INFO - [2024-12-13T10:54:13.628+0000] {dag.py:4180} INFO - Setting next_dagrun for example_sensors to None, run_after=None
[2024-12-13T10:54:13.665+0000] {processor.py:208} INFO - Processing /opt/bitnami/airflow/venv/lib/python3.12/site-packages/airflow/example_dags/example_sensors.py took 0.140 seconds
[2024-12-13T10:54:43.959+0000] {processor.py:186} INFO - Started process (PID=340) to work on /opt/bitnami/airflow/venv/lib/python3.12/site-packages/airflow/example_dags/example_sensors.py
[2024-12-13T10:54:43.960+0000] {processor.py:914} INFO - Processing file /opt/bitnami/airflow/venv/lib/python3.12/site-packages/airflow/example_dags/example_sensors.py for tasks to queue
[2024-12-13T10:54:43.962+0000] {logging_mixin.py:190} INFO - [2024-12-13T10:54:43.962+0000] {dagbag.py:588} INFO - Filling up the DagBag from /opt/bitnami/airflow/venv/lib/python3.12/site-packages/airflow/example_dags/example_sensors.py
[2024-12-13T10:54:43.969+0000] {processor.py:925} INFO - DAG(s) 'example_sensors' retrieved from /opt/bitnami/airflow/venv/lib/python3.12/site-packages/airflow/example_dags/example_sensors.py
[2024-12-13T10:54:44.037+0000] {logging_mixin.py:190} INFO - [2024-12-13T10:54:44.037+0000] {dag.py:3239} INFO - Sync 1 DAGs
[2024-12-13T10:54:44.070+0000] {logging_mixin.py:190} INFO - [2024-12-13T10:54:44.070+0000] {dag.py:4180} INFO - Setting next_dagrun for example_sensors to None, run_after=None
[2024-12-13T10:54:44.112+0000] {processor.py:208} INFO - Processing /opt/bitnami/airflow/venv/lib/python3.12/site-packages/airflow/example_dags/example_sensors.py took 0.157 seconds
[2024-12-13T10:55:14.491+0000] {processor.py:186} INFO - Started process (PID=397) to work on /opt/bitnami/airflow/venv/lib/python3.12/site-packages/airflow/example_dags/example_sensors.py
[2024-12-13T10:55:14.492+0000] {processor.py:914} INFO - Processing file /opt/bitnami/airflow/venv/lib/python3.12/site-packages/airflow/example_dags/example_sensors.py for tasks to queue
[2024-12-13T10:55:14.494+0000] {logging_mixin.py:190} INFO - [2024-12-13T10:55:14.494+0000] {dagbag.py:588} INFO - Filling up the DagBag from /opt/bitnami/airflow/venv/lib/python3.12/site-packages/airflow/example_dags/example_sensors.py
[2024-12-13T10:55:14.503+0000] {processor.py:925} INFO - DAG(s) 'example_sensors' retrieved from /opt/bitnami/airflow/venv/lib/python3.12/site-packages/airflow/example_dags/example_sensors.py
[2024-12-13T10:55:14.589+0000] {logging_mixin.py:190} INFO - [2024-12-13T10:55:14.588+0000] {dag.py:3239} INFO - Sync 1 DAGs
[2024-12-13T10:55:14.632+0000] {logging_mixin.py:190} INFO - [2024-12-13T10:55:14.632+0000] {dag.py:4180} INFO - Setting next_dagrun for example_sensors to None, run_after=None
[2024-12-13T10:55:14.685+0000] {processor.py:208} INFO - Processing /opt/bitnami/airflow/venv/lib/python3.12/site-packages/airflow/example_dags/example_sensors.py took 0.199 seconds
[2024-12-13T10:55:44.944+0000] {processor.py:186} INFO - Started process (PID=454) to work on /opt/bitnami/airflow/venv/lib/python3.12/site-packages/airflow/example_dags/example_sensors.py
[2024-12-13T10:55:44.945+0000] {processor.py:914} INFO - Processing file /opt/bitnami/airflow/venv/lib/python3.12/site-packages/airflow/example_dags/example_sensors.py for tasks to queue
[2024-12-13T10:55:44.948+0000] {logging_mixin.py:190} INFO - [2024-12-13T10:55:44.948+0000] {dagbag.py:588} INFO - Filling up the DagBag from /opt/bitnami/airflow/venv/lib/python3.12/site-packages/airflow/example_dags/example_sensors.py
[2024-12-13T10:55:44.958+0000] {processor.py:925} INFO - DAG(s) 'example_sensors' retrieved from /opt/bitnami/airflow/venv/lib/python3.12/site-packages/airflow/example_dags/example_sensors.py
[2024-12-13T10:55:45.030+0000] {logging_mixin.py:190} INFO - [2024-12-13T10:55:45.030+0000] {dag.py:3239} INFO - Sync 1 DAGs
[2024-12-13T10:55:45.059+0000] {logging_mixin.py:190} INFO - [2024-12-13T10:55:45.059+0000] {dag.py:4180} INFO - Setting next_dagrun for example_sensors to None, run_after=None
[2024-12-13T10:55:45.092+0000] {processor.py:208} INFO - Processing /opt/bitnami/airflow/venv/lib/python3.12/site-packages/airflow/example_dags/example_sensors.py took 0.154 seconds
[2024-12-13T10:56:15.226+0000] {processor.py:186} INFO - Started process (PID=511) to work on /opt/bitnami/airflow/venv/lib/python3.12/site-packages/airflow/example_dags/example_sensors.py
[2024-12-13T10:56:15.228+0000] {processor.py:914} INFO - Processing file /opt/bitnami/airflow/venv/lib/python3.12/site-packages/airflow/example_dags/example_sensors.py for tasks to queue
[2024-12-13T10:56:15.230+0000] {logging_mixin.py:190} INFO - [2024-12-13T10:56:15.230+0000] {dagbag.py:588} INFO - Filling up the DagBag from /opt/bitnami/airflow/venv/lib/python3.12/site-packages/airflow/example_dags/example_sensors.py
[2024-12-13T10:56:15.238+0000] {processor.py:925} INFO - DAG(s) 'example_sensors' retrieved from /opt/bitnami/airflow/venv/lib/python3.12/site-packages/airflow/example_dags/example_sensors.py
[2024-12-13T10:56:15.289+0000] {logging_mixin.py:190} INFO - [2024-12-13T10:56:15.289+0000] {dag.py:3239} INFO - Sync 1 DAGs
[2024-12-13T10:56:15.309+0000] {logging_mixin.py:190} INFO - [2024-12-13T10:56:15.309+0000] {dag.py:4180} INFO - Setting next_dagrun for example_sensors to None, run_after=None
[2024-12-13T10:56:15.340+0000] {processor.py:208} INFO - Processing /opt/bitnami/airflow/venv/lib/python3.12/site-packages/airflow/example_dags/example_sensors.py took 0.119 seconds
[2024-12-13T10:56:45.550+0000] {processor.py:186} INFO - Started process (PID=568) to work on /opt/bitnami/airflow/venv/lib/python3.12/site-packages/airflow/example_dags/example_sensors.py
[2024-12-13T10:56:45.551+0000] {processor.py:914} INFO - Processing file /opt/bitnami/airflow/venv/lib/python3.12/site-packages/airflow/example_dags/example_sensors.py for tasks to queue
[2024-12-13T10:56:45.553+0000] {logging_mixin.py:190} INFO - [2024-12-13T10:56:45.553+0000] {dagbag.py:588} INFO - Filling up the DagBag from /opt/bitnami/airflow/venv/lib/python3.12/site-packages/airflow/example_dags/example_sensors.py
[2024-12-13T10:56:45.561+0000] {processor.py:925} INFO - DAG(s) 'example_sensors' retrieved from /opt/bitnami/airflow/venv/lib/python3.12/site-packages/airflow/example_dags/example_sensors.py
[2024-12-13T10:56:45.613+0000] {logging_mixin.py:190} INFO - [2024-12-13T10:56:45.612+0000] {dag.py:3239} INFO - Sync 1 DAGs
[2024-12-13T10:56:45.640+0000] {logging_mixin.py:190} INFO - [2024-12-13T10:56:45.640+0000] {dag.py:4180} INFO - Setting next_dagrun for example_sensors to None, run_after=None
[2024-12-13T10:56:45.672+0000] {processor.py:208} INFO - Processing /opt/bitnami/airflow/venv/lib/python3.12/site-packages/airflow/example_dags/example_sensors.py took 0.126 seconds
[2024-12-13T10:57:15.975+0000] {processor.py:186} INFO - Started process (PID=625) to work on /opt/bitnami/airflow/venv/lib/python3.12/site-packages/airflow/example_dags/example_sensors.py
[2024-12-13T10:57:15.977+0000] {processor.py:914} INFO - Processing file /opt/bitnami/airflow/venv/lib/python3.12/site-packages/airflow/example_dags/example_sensors.py for tasks to queue
[2024-12-13T10:57:15.981+0000] {logging_mixin.py:190} INFO - [2024-12-13T10:57:15.981+0000] {dagbag.py:588} INFO - Filling up the DagBag from /opt/bitnami/airflow/venv/lib/python3.12/site-packages/airflow/example_dags/example_sensors.py
[2024-12-13T10:57:15.996+0000] {processor.py:925} INFO - DAG(s) 'example_sensors' retrieved from /opt/bitnami/airflow/venv/lib/python3.12/site-packages/airflow/example_dags/example_sensors.py
[2024-12-13T10:57:16.074+0000] {logging_mixin.py:190} INFO - [2024-12-13T10:57:16.074+0000] {dag.py:3239} INFO - Sync 1 DAGs
[2024-12-13T10:57:16.104+0000] {logging_mixin.py:190} INFO - [2024-12-13T10:57:16.103+0000] {dag.py:4180} INFO - Setting next_dagrun for example_sensors to None, run_after=None
[2024-12-13T10:57:16.150+0000] {processor.py:208} INFO - Processing /opt/bitnami/airflow/venv/lib/python3.12/site-packages/airflow/example_dags/example_sensors.py took 0.182 seconds
[2024-12-13T10:57:46.359+0000] {processor.py:186} INFO - Started process (PID=682) to work on /opt/bitnami/airflow/venv/lib/python3.12/site-packages/airflow/example_dags/example_sensors.py
[2024-12-13T10:57:46.360+0000] {processor.py:914} INFO - Processing file /opt/bitnami/airflow/venv/lib/python3.12/site-packages/airflow/example_dags/example_sensors.py for tasks to queue
[2024-12-13T10:57:46.362+0000] {logging_mixin.py:190} INFO - [2024-12-13T10:57:46.362+0000] {dagbag.py:588} INFO - Filling up the DagBag from /opt/bitnami/airflow/venv/lib/python3.12/site-packages/airflow/example_dags/example_sensors.py
[2024-12-13T10:57:46.371+0000] {processor.py:925} INFO - DAG(s) 'example_sensors' retrieved from /opt/bitnami/airflow/venv/lib/python3.12/site-packages/airflow/example_dags/example_sensors.py
[2024-12-13T10:57:46.408+0000] {logging_mixin.py:190} INFO - [2024-12-13T10:57:46.408+0000] {dag.py:3239} INFO - Sync 1 DAGs
[2024-12-13T10:57:46.434+0000] {logging_mixin.py:190} INFO - [2024-12-13T10:57:46.434+0000] {dag.py:4180} INFO - Setting next_dagrun for example_sensors to None, run_after=None
[2024-12-13T10:57:46.456+0000] {processor.py:208} INFO - Processing /opt/bitnami/airflow/venv/lib/python3.12/site-packages/airflow/example_dags/example_sensors.py took 0.102 seconds
[2024-12-13T10:58:17.589+0000] {processor.py:186} INFO - Started process (PID=739) to work on /opt/bitnami/airflow/venv/lib/python3.12/site-packages/airflow/example_dags/example_sensors.py
[2024-12-13T10:58:17.590+0000] {processor.py:914} INFO - Processing file /opt/bitnami/airflow/venv/lib/python3.12/site-packages/airflow/example_dags/example_sensors.py for tasks to queue
[2024-12-13T10:58:17.592+0000] {logging_mixin.py:190} INFO - [2024-12-13T10:58:17.592+0000] {dagbag.py:588} INFO - Filling up the DagBag from /opt/bitnami/airflow/venv/lib/python3.12/site-packages/airflow/example_dags/example_sensors.py
[2024-12-13T10:58:17.601+0000] {processor.py:925} INFO - DAG(s) 'example_sensors' retrieved from /opt/bitnami/airflow/venv/lib/python3.12/site-packages/airflow/example_dags/example_sensors.py
[2024-12-13T10:58:17.650+0000] {logging_mixin.py:190} INFO - [2024-12-13T10:58:17.650+0000] {dag.py:3239} INFO - Sync 1 DAGs
[2024-12-13T10:58:17.673+0000] {logging_mixin.py:190} INFO - [2024-12-13T10:58:17.673+0000] {dag.py:4180} INFO - Setting next_dagrun for example_sensors to None, run_after=None
[2024-12-13T10:58:17.707+0000] {processor.py:208} INFO - Processing /opt/bitnami/airflow/venv/lib/python3.12/site-packages/airflow/example_dags/example_sensors.py took 0.127 seconds
[2024-12-13T10:58:49.073+0000] {processor.py:186} INFO - Started process (PID=796) to work on /opt/bitnami/airflow/venv/lib/python3.12/site-packages/airflow/example_dags/example_sensors.py
[2024-12-13T10:58:49.074+0000] {processor.py:914} INFO - Processing file /opt/bitnami/airflow/venv/lib/python3.12/site-packages/airflow/example_dags/example_sensors.py for tasks to queue
[2024-12-13T10:58:49.076+0000] {logging_mixin.py:190} INFO - [2024-12-13T10:58:49.076+0000] {dagbag.py:588} INFO - Filling up the DagBag from /opt/bitnami/airflow/venv/lib/python3.12/site-packages/airflow/example_dags/example_sensors.py
[2024-12-13T10:58:49.083+0000] {processor.py:925} INFO - DAG(s) 'example_sensors' retrieved from /opt/bitnami/airflow/venv/lib/python3.12/site-packages/airflow/example_dags/example_sensors.py
[2024-12-13T10:58:49.128+0000] {logging_mixin.py:190} INFO - [2024-12-13T10:58:49.128+0000] {dag.py:3239} INFO - Sync 1 DAGs
[2024-12-13T10:58:49.149+0000] {logging_mixin.py:190} INFO - [2024-12-13T10:58:49.149+0000] {dag.py:4180} INFO - Setting next_dagrun for example_sensors to None, run_after=None
[2024-12-13T10:58:49.176+0000] {processor.py:208} INFO - Processing /opt/bitnami/airflow/venv/lib/python3.12/site-packages/airflow/example_dags/example_sensors.py took 0.107 seconds
[2024-12-13T11:07:29.594+0000] {processor.py:186} INFO - Started process (PID=55) to work on /opt/bitnami/airflow/venv/lib/python3.12/site-packages/airflow/example_dags/example_sensors.py
[2024-12-13T11:07:29.597+0000] {processor.py:914} INFO - Processing file /opt/bitnami/airflow/venv/lib/python3.12/site-packages/airflow/example_dags/example_sensors.py for tasks to queue
[2024-12-13T11:07:29.602+0000] {logging_mixin.py:190} INFO - [2024-12-13T11:07:29.602+0000] {dagbag.py:588} INFO - Filling up the DagBag from /opt/bitnami/airflow/venv/lib/python3.12/site-packages/airflow/example_dags/example_sensors.py
[2024-12-13T11:07:29.618+0000] {processor.py:925} INFO - DAG(s) 'example_sensors' retrieved from /opt/bitnami/airflow/venv/lib/python3.12/site-packages/airflow/example_dags/example_sensors.py
[2024-12-13T11:07:29.687+0000] {logging_mixin.py:190} INFO - [2024-12-13T11:07:29.687+0000] {dag.py:3239} INFO - Sync 1 DAGs
[2024-12-13T11:07:29.730+0000] {logging_mixin.py:190} INFO - [2024-12-13T11:07:29.729+0000] {dag.py:4180} INFO - Setting next_dagrun for example_sensors to None, run_after=None
[2024-12-13T11:07:29.763+0000] {processor.py:208} INFO - Processing /opt/bitnami/airflow/venv/lib/python3.12/site-packages/airflow/example_dags/example_sensors.py took 0.178 seconds
[2024-12-13T11:08:00.429+0000] {processor.py:186} INFO - Started process (PID=112) to work on /opt/bitnami/airflow/venv/lib/python3.12/site-packages/airflow/example_dags/example_sensors.py
[2024-12-13T11:08:00.430+0000] {processor.py:914} INFO - Processing file /opt/bitnami/airflow/venv/lib/python3.12/site-packages/airflow/example_dags/example_sensors.py for tasks to queue
[2024-12-13T11:08:00.432+0000] {logging_mixin.py:190} INFO - [2024-12-13T11:08:00.432+0000] {dagbag.py:588} INFO - Filling up the DagBag from /opt/bitnami/airflow/venv/lib/python3.12/site-packages/airflow/example_dags/example_sensors.py
[2024-12-13T11:08:00.439+0000] {processor.py:925} INFO - DAG(s) 'example_sensors' retrieved from /opt/bitnami/airflow/venv/lib/python3.12/site-packages/airflow/example_dags/example_sensors.py
[2024-12-13T11:08:00.522+0000] {logging_mixin.py:190} INFO - [2024-12-13T11:08:00.522+0000] {dag.py:3239} INFO - Sync 1 DAGs
[2024-12-13T11:08:00.555+0000] {logging_mixin.py:190} INFO - [2024-12-13T11:08:00.555+0000] {dag.py:4180} INFO - Setting next_dagrun for example_sensors to None, run_after=None
[2024-12-13T11:08:00.586+0000] {processor.py:208} INFO - Processing /opt/bitnami/airflow/venv/lib/python3.12/site-packages/airflow/example_dags/example_sensors.py took 0.164 seconds
[2024-12-13T11:08:31.555+0000] {processor.py:186} INFO - Started process (PID=169) to work on /opt/bitnami/airflow/venv/lib/python3.12/site-packages/airflow/example_dags/example_sensors.py
[2024-12-13T11:08:31.556+0000] {processor.py:914} INFO - Processing file /opt/bitnami/airflow/venv/lib/python3.12/site-packages/airflow/example_dags/example_sensors.py for tasks to queue
[2024-12-13T11:08:31.559+0000] {logging_mixin.py:190} INFO - [2024-12-13T11:08:31.558+0000] {dagbag.py:588} INFO - Filling up the DagBag from /opt/bitnami/airflow/venv/lib/python3.12/site-packages/airflow/example_dags/example_sensors.py
[2024-12-13T11:08:31.567+0000] {processor.py:925} INFO - DAG(s) 'example_sensors' retrieved from /opt/bitnami/airflow/venv/lib/python3.12/site-packages/airflow/example_dags/example_sensors.py
[2024-12-13T11:08:31.678+0000] {logging_mixin.py:190} INFO - [2024-12-13T11:08:31.678+0000] {dag.py:3239} INFO - Sync 1 DAGs
[2024-12-13T11:08:31.702+0000] {logging_mixin.py:190} INFO - [2024-12-13T11:08:31.701+0000] {dag.py:4180} INFO - Setting next_dagrun for example_sensors to None, run_after=None
[2024-12-13T11:08:31.746+0000] {processor.py:208} INFO - Processing /opt/bitnami/airflow/venv/lib/python3.12/site-packages/airflow/example_dags/example_sensors.py took 0.197 seconds
[2024-12-13T11:09:01.804+0000] {processor.py:186} INFO - Started process (PID=226) to work on /opt/bitnami/airflow/venv/lib/python3.12/site-packages/airflow/example_dags/example_sensors.py
[2024-12-13T11:09:01.805+0000] {processor.py:914} INFO - Processing file /opt/bitnami/airflow/venv/lib/python3.12/site-packages/airflow/example_dags/example_sensors.py for tasks to queue
[2024-12-13T11:09:01.811+0000] {logging_mixin.py:190} INFO - [2024-12-13T11:09:01.810+0000] {dagbag.py:588} INFO - Filling up the DagBag from /opt/bitnami/airflow/venv/lib/python3.12/site-packages/airflow/example_dags/example_sensors.py
[2024-12-13T11:09:01.825+0000] {processor.py:925} INFO - DAG(s) 'example_sensors' retrieved from /opt/bitnami/airflow/venv/lib/python3.12/site-packages/airflow/example_dags/example_sensors.py
[2024-12-13T11:09:01.918+0000] {logging_mixin.py:190} INFO - [2024-12-13T11:09:01.918+0000] {dag.py:3239} INFO - Sync 1 DAGs
[2024-12-13T11:09:01.963+0000] {logging_mixin.py:190} INFO - [2024-12-13T11:09:01.963+0000] {dag.py:4180} INFO - Setting next_dagrun for example_sensors to None, run_after=None
[2024-12-13T11:09:02.010+0000] {processor.py:208} INFO - Processing /opt/bitnami/airflow/venv/lib/python3.12/site-packages/airflow/example_dags/example_sensors.py took 0.215 seconds
[2024-12-13T11:09:32.138+0000] {processor.py:186} INFO - Started process (PID=283) to work on /opt/bitnami/airflow/venv/lib/python3.12/site-packages/airflow/example_dags/example_sensors.py
[2024-12-13T11:09:32.139+0000] {processor.py:914} INFO - Processing file /opt/bitnami/airflow/venv/lib/python3.12/site-packages/airflow/example_dags/example_sensors.py for tasks to queue
[2024-12-13T11:09:32.142+0000] {logging_mixin.py:190} INFO - [2024-12-13T11:09:32.142+0000] {dagbag.py:588} INFO - Filling up the DagBag from /opt/bitnami/airflow/venv/lib/python3.12/site-packages/airflow/example_dags/example_sensors.py
[2024-12-13T11:09:32.149+0000] {processor.py:925} INFO - DAG(s) 'example_sensors' retrieved from /opt/bitnami/airflow/venv/lib/python3.12/site-packages/airflow/example_dags/example_sensors.py
[2024-12-13T11:09:32.234+0000] {logging_mixin.py:190} INFO - [2024-12-13T11:09:32.234+0000] {dag.py:3239} INFO - Sync 1 DAGs
[2024-12-13T11:09:32.252+0000] {logging_mixin.py:190} INFO - [2024-12-13T11:09:32.252+0000] {dag.py:4180} INFO - Setting next_dagrun for example_sensors to None, run_after=None
[2024-12-13T11:09:32.272+0000] {processor.py:208} INFO - Processing /opt/bitnami/airflow/venv/lib/python3.12/site-packages/airflow/example_dags/example_sensors.py took 0.139 seconds
[2024-12-13T11:13:42.297+0000] {processor.py:186} INFO - Started process (PID=55) to work on /opt/bitnami/airflow/venv/lib/python3.12/site-packages/airflow/example_dags/example_sensors.py
[2024-12-13T11:13:42.299+0000] {processor.py:914} INFO - Processing file /opt/bitnami/airflow/venv/lib/python3.12/site-packages/airflow/example_dags/example_sensors.py for tasks to queue
[2024-12-13T11:13:42.301+0000] {logging_mixin.py:190} INFO - [2024-12-13T11:13:42.301+0000] {dagbag.py:588} INFO - Filling up the DagBag from /opt/bitnami/airflow/venv/lib/python3.12/site-packages/airflow/example_dags/example_sensors.py
[2024-12-13T11:13:42.311+0000] {processor.py:925} INFO - DAG(s) 'example_sensors' retrieved from /opt/bitnami/airflow/venv/lib/python3.12/site-packages/airflow/example_dags/example_sensors.py
[2024-12-13T11:13:42.364+0000] {logging_mixin.py:190} INFO - [2024-12-13T11:13:42.364+0000] {dag.py:3239} INFO - Sync 1 DAGs
[2024-12-13T11:13:42.390+0000] {logging_mixin.py:190} INFO - [2024-12-13T11:13:42.390+0000] {dag.py:4180} INFO - Setting next_dagrun for example_sensors to None, run_after=None
[2024-12-13T11:13:42.418+0000] {processor.py:208} INFO - Processing /opt/bitnami/airflow/venv/lib/python3.12/site-packages/airflow/example_dags/example_sensors.py took 0.127 seconds
[2024-12-13T11:14:12.671+0000] {processor.py:186} INFO - Started process (PID=112) to work on /opt/bitnami/airflow/venv/lib/python3.12/site-packages/airflow/example_dags/example_sensors.py
[2024-12-13T11:14:12.672+0000] {processor.py:914} INFO - Processing file /opt/bitnami/airflow/venv/lib/python3.12/site-packages/airflow/example_dags/example_sensors.py for tasks to queue
[2024-12-13T11:14:12.675+0000] {logging_mixin.py:190} INFO - [2024-12-13T11:14:12.674+0000] {dagbag.py:588} INFO - Filling up the DagBag from /opt/bitnami/airflow/venv/lib/python3.12/site-packages/airflow/example_dags/example_sensors.py
[2024-12-13T11:14:12.684+0000] {processor.py:925} INFO - DAG(s) 'example_sensors' retrieved from /opt/bitnami/airflow/venv/lib/python3.12/site-packages/airflow/example_dags/example_sensors.py
[2024-12-13T11:14:12.785+0000] {logging_mixin.py:190} INFO - [2024-12-13T11:14:12.785+0000] {dag.py:3239} INFO - Sync 1 DAGs
[2024-12-13T11:14:12.818+0000] {logging_mixin.py:190} INFO - [2024-12-13T11:14:12.817+0000] {dag.py:4180} INFO - Setting next_dagrun for example_sensors to None, run_after=None
[2024-12-13T11:14:12.854+0000] {processor.py:208} INFO - Processing /opt/bitnami/airflow/venv/lib/python3.12/site-packages/airflow/example_dags/example_sensors.py took 0.190 seconds
[2024-12-13T11:14:44.150+0000] {processor.py:186} INFO - Started process (PID=169) to work on /opt/bitnami/airflow/venv/lib/python3.12/site-packages/airflow/example_dags/example_sensors.py
[2024-12-13T11:14:44.152+0000] {processor.py:914} INFO - Processing file /opt/bitnami/airflow/venv/lib/python3.12/site-packages/airflow/example_dags/example_sensors.py for tasks to queue
[2024-12-13T11:14:44.154+0000] {logging_mixin.py:190} INFO - [2024-12-13T11:14:44.154+0000] {dagbag.py:588} INFO - Filling up the DagBag from /opt/bitnami/airflow/venv/lib/python3.12/site-packages/airflow/example_dags/example_sensors.py
[2024-12-13T11:14:44.164+0000] {processor.py:925} INFO - DAG(s) 'example_sensors' retrieved from /opt/bitnami/airflow/venv/lib/python3.12/site-packages/airflow/example_dags/example_sensors.py
[2024-12-13T11:14:44.317+0000] {logging_mixin.py:190} INFO - [2024-12-13T11:14:44.317+0000] {dag.py:3239} INFO - Sync 1 DAGs
[2024-12-13T11:14:44.349+0000] {logging_mixin.py:190} INFO - [2024-12-13T11:14:44.349+0000] {dag.py:4180} INFO - Setting next_dagrun for example_sensors to None, run_after=None
[2024-12-13T11:14:44.391+0000] {processor.py:208} INFO - Processing /opt/bitnami/airflow/venv/lib/python3.12/site-packages/airflow/example_dags/example_sensors.py took 0.247 seconds
[2024-12-13T11:15:14.838+0000] {processor.py:186} INFO - Started process (PID=226) to work on /opt/bitnami/airflow/venv/lib/python3.12/site-packages/airflow/example_dags/example_sensors.py
[2024-12-13T11:15:14.840+0000] {processor.py:914} INFO - Processing file /opt/bitnami/airflow/venv/lib/python3.12/site-packages/airflow/example_dags/example_sensors.py for tasks to queue
[2024-12-13T11:15:14.843+0000] {logging_mixin.py:190} INFO - [2024-12-13T11:15:14.842+0000] {dagbag.py:588} INFO - Filling up the DagBag from /opt/bitnami/airflow/venv/lib/python3.12/site-packages/airflow/example_dags/example_sensors.py
[2024-12-13T11:15:14.854+0000] {processor.py:925} INFO - DAG(s) 'example_sensors' retrieved from /opt/bitnami/airflow/venv/lib/python3.12/site-packages/airflow/example_dags/example_sensors.py
[2024-12-13T11:15:14.953+0000] {logging_mixin.py:190} INFO - [2024-12-13T11:15:14.953+0000] {dag.py:3239} INFO - Sync 1 DAGs
[2024-12-13T11:15:14.973+0000] {logging_mixin.py:190} INFO - [2024-12-13T11:15:14.973+0000] {dag.py:4180} INFO - Setting next_dagrun for example_sensors to None, run_after=None
[2024-12-13T11:15:15.004+0000] {processor.py:208} INFO - Processing /opt/bitnami/airflow/venv/lib/python3.12/site-packages/airflow/example_dags/example_sensors.py took 0.172 seconds
[2024-12-13T11:57:07.414+0000] {processor.py:186} INFO - Started process (PID=55) to work on /opt/bitnami/airflow/venv/lib/python3.12/site-packages/airflow/example_dags/example_sensors.py
[2024-12-13T11:57:07.416+0000] {processor.py:914} INFO - Processing file /opt/bitnami/airflow/venv/lib/python3.12/site-packages/airflow/example_dags/example_sensors.py for tasks to queue
[2024-12-13T11:57:07.417+0000] {logging_mixin.py:190} INFO - [2024-12-13T11:57:07.417+0000] {dagbag.py:588} INFO - Filling up the DagBag from /opt/bitnami/airflow/venv/lib/python3.12/site-packages/airflow/example_dags/example_sensors.py
[2024-12-13T11:57:07.425+0000] {processor.py:925} INFO - DAG(s) 'example_sensors' retrieved from /opt/bitnami/airflow/venv/lib/python3.12/site-packages/airflow/example_dags/example_sensors.py
[2024-12-13T11:57:07.462+0000] {logging_mixin.py:190} INFO - [2024-12-13T11:57:07.462+0000] {dag.py:3239} INFO - Sync 1 DAGs
[2024-12-13T11:57:07.478+0000] {logging_mixin.py:190} INFO - [2024-12-13T11:57:07.477+0000] {dag.py:4180} INFO - Setting next_dagrun for example_sensors to None, run_after=None
[2024-12-13T11:57:07.499+0000] {processor.py:208} INFO - Processing /opt/bitnami/airflow/venv/lib/python3.12/site-packages/airflow/example_dags/example_sensors.py took 0.090 seconds
[2024-12-13T11:57:38.409+0000] {processor.py:186} INFO - Started process (PID=112) to work on /opt/bitnami/airflow/venv/lib/python3.12/site-packages/airflow/example_dags/example_sensors.py
[2024-12-13T11:57:38.410+0000] {processor.py:914} INFO - Processing file /opt/bitnami/airflow/venv/lib/python3.12/site-packages/airflow/example_dags/example_sensors.py for tasks to queue
[2024-12-13T11:57:38.413+0000] {logging_mixin.py:190} INFO - [2024-12-13T11:57:38.412+0000] {dagbag.py:588} INFO - Filling up the DagBag from /opt/bitnami/airflow/venv/lib/python3.12/site-packages/airflow/example_dags/example_sensors.py
[2024-12-13T11:57:38.422+0000] {processor.py:925} INFO - DAG(s) 'example_sensors' retrieved from /opt/bitnami/airflow/venv/lib/python3.12/site-packages/airflow/example_dags/example_sensors.py
[2024-12-13T11:57:38.469+0000] {logging_mixin.py:190} INFO - [2024-12-13T11:57:38.469+0000] {dag.py:3239} INFO - Sync 1 DAGs
[2024-12-13T11:57:38.487+0000] {logging_mixin.py:190} INFO - [2024-12-13T11:57:38.486+0000] {dag.py:4180} INFO - Setting next_dagrun for example_sensors to None, run_after=None
[2024-12-13T11:57:38.599+0000] {processor.py:208} INFO - Processing /opt/bitnami/airflow/venv/lib/python3.12/site-packages/airflow/example_dags/example_sensors.py took 0.197 seconds
[2024-12-13T11:58:33.017+0000] {processor.py:186} INFO - Started process (PID=55) to work on /opt/bitnami/airflow/venv/lib/python3.12/site-packages/airflow/example_dags/example_sensors.py
[2024-12-13T11:58:33.018+0000] {processor.py:914} INFO - Processing file /opt/bitnami/airflow/venv/lib/python3.12/site-packages/airflow/example_dags/example_sensors.py for tasks to queue
[2024-12-13T11:58:33.020+0000] {logging_mixin.py:190} INFO - [2024-12-13T11:58:33.020+0000] {dagbag.py:588} INFO - Filling up the DagBag from /opt/bitnami/airflow/venv/lib/python3.12/site-packages/airflow/example_dags/example_sensors.py
[2024-12-13T11:58:33.028+0000] {processor.py:925} INFO - DAG(s) 'example_sensors' retrieved from /opt/bitnami/airflow/venv/lib/python3.12/site-packages/airflow/example_dags/example_sensors.py
[2024-12-13T11:58:33.078+0000] {logging_mixin.py:190} INFO - [2024-12-13T11:58:33.077+0000] {dag.py:3239} INFO - Sync 1 DAGs
[2024-12-13T11:58:33.100+0000] {logging_mixin.py:190} INFO - [2024-12-13T11:58:33.100+0000] {dag.py:4180} INFO - Setting next_dagrun for example_sensors to None, run_after=None
[2024-12-13T11:58:33.125+0000] {processor.py:208} INFO - Processing /opt/bitnami/airflow/venv/lib/python3.12/site-packages/airflow/example_dags/example_sensors.py took 0.113 seconds
[2024-12-13T11:59:03.901+0000] {processor.py:186} INFO - Started process (PID=112) to work on /opt/bitnami/airflow/venv/lib/python3.12/site-packages/airflow/example_dags/example_sensors.py
[2024-12-13T11:59:03.903+0000] {processor.py:914} INFO - Processing file /opt/bitnami/airflow/venv/lib/python3.12/site-packages/airflow/example_dags/example_sensors.py for tasks to queue
[2024-12-13T11:59:03.908+0000] {logging_mixin.py:190} INFO - [2024-12-13T11:59:03.907+0000] {dagbag.py:588} INFO - Filling up the DagBag from /opt/bitnami/airflow/venv/lib/python3.12/site-packages/airflow/example_dags/example_sensors.py
[2024-12-13T11:59:03.928+0000] {processor.py:925} INFO - DAG(s) 'example_sensors' retrieved from /opt/bitnami/airflow/venv/lib/python3.12/site-packages/airflow/example_dags/example_sensors.py
[2024-12-13T11:59:03.990+0000] {logging_mixin.py:190} INFO - [2024-12-13T11:59:03.990+0000] {dag.py:3239} INFO - Sync 1 DAGs
[2024-12-13T11:59:04.012+0000] {logging_mixin.py:190} INFO - [2024-12-13T11:59:04.011+0000] {dag.py:4180} INFO - Setting next_dagrun for example_sensors to None, run_after=None
[2024-12-13T11:59:04.043+0000] {processor.py:208} INFO - Processing /opt/bitnami/airflow/venv/lib/python3.12/site-packages/airflow/example_dags/example_sensors.py took 0.154 seconds
[2024-12-13T11:59:34.478+0000] {processor.py:186} INFO - Started process (PID=169) to work on /opt/bitnami/airflow/venv/lib/python3.12/site-packages/airflow/example_dags/example_sensors.py
[2024-12-13T11:59:34.479+0000] {processor.py:914} INFO - Processing file /opt/bitnami/airflow/venv/lib/python3.12/site-packages/airflow/example_dags/example_sensors.py for tasks to queue
[2024-12-13T11:59:34.482+0000] {logging_mixin.py:190} INFO - [2024-12-13T11:59:34.481+0000] {dagbag.py:588} INFO - Filling up the DagBag from /opt/bitnami/airflow/venv/lib/python3.12/site-packages/airflow/example_dags/example_sensors.py
[2024-12-13T11:59:34.489+0000] {processor.py:925} INFO - DAG(s) 'example_sensors' retrieved from /opt/bitnami/airflow/venv/lib/python3.12/site-packages/airflow/example_dags/example_sensors.py
[2024-12-13T11:59:34.574+0000] {logging_mixin.py:190} INFO - [2024-12-13T11:59:34.574+0000] {dag.py:3239} INFO - Sync 1 DAGs
[2024-12-13T11:59:34.592+0000] {logging_mixin.py:190} INFO - [2024-12-13T11:59:34.592+0000] {dag.py:4180} INFO - Setting next_dagrun for example_sensors to None, run_after=None
[2024-12-13T11:59:34.620+0000] {processor.py:208} INFO - Processing /opt/bitnami/airflow/venv/lib/python3.12/site-packages/airflow/example_dags/example_sensors.py took 0.147 seconds
[2024-12-13T12:00:05.463+0000] {processor.py:186} INFO - Started process (PID=226) to work on /opt/bitnami/airflow/venv/lib/python3.12/site-packages/airflow/example_dags/example_sensors.py
[2024-12-13T12:00:05.463+0000] {processor.py:914} INFO - Processing file /opt/bitnami/airflow/venv/lib/python3.12/site-packages/airflow/example_dags/example_sensors.py for tasks to queue
[2024-12-13T12:00:05.465+0000] {logging_mixin.py:190} INFO - [2024-12-13T12:00:05.465+0000] {dagbag.py:588} INFO - Filling up the DagBag from /opt/bitnami/airflow/venv/lib/python3.12/site-packages/airflow/example_dags/example_sensors.py
[2024-12-13T12:00:05.472+0000] {processor.py:925} INFO - DAG(s) 'example_sensors' retrieved from /opt/bitnami/airflow/venv/lib/python3.12/site-packages/airflow/example_dags/example_sensors.py
[2024-12-13T12:00:05.504+0000] {logging_mixin.py:190} INFO - [2024-12-13T12:00:05.504+0000] {dag.py:3239} INFO - Sync 1 DAGs
[2024-12-13T12:00:05.521+0000] {logging_mixin.py:190} INFO - [2024-12-13T12:00:05.520+0000] {dag.py:4180} INFO - Setting next_dagrun for example_sensors to None, run_after=None
[2024-12-13T12:00:05.537+0000] {processor.py:208} INFO - Processing /opt/bitnami/airflow/venv/lib/python3.12/site-packages/airflow/example_dags/example_sensors.py took 0.079 seconds
[2024-12-13T12:00:35.823+0000] {processor.py:186} INFO - Started process (PID=283) to work on /opt/bitnami/airflow/venv/lib/python3.12/site-packages/airflow/example_dags/example_sensors.py
[2024-12-13T12:00:35.824+0000] {processor.py:914} INFO - Processing file /opt/bitnami/airflow/venv/lib/python3.12/site-packages/airflow/example_dags/example_sensors.py for tasks to queue
[2024-12-13T12:00:35.826+0000] {logging_mixin.py:190} INFO - [2024-12-13T12:00:35.826+0000] {dagbag.py:588} INFO - Filling up the DagBag from /opt/bitnami/airflow/venv/lib/python3.12/site-packages/airflow/example_dags/example_sensors.py
[2024-12-13T12:00:35.833+0000] {processor.py:925} INFO - DAG(s) 'example_sensors' retrieved from /opt/bitnami/airflow/venv/lib/python3.12/site-packages/airflow/example_dags/example_sensors.py
[2024-12-13T12:00:35.868+0000] {logging_mixin.py:190} INFO - [2024-12-13T12:00:35.868+0000] {dag.py:3239} INFO - Sync 1 DAGs
[2024-12-13T12:00:35.884+0000] {logging_mixin.py:190} INFO - [2024-12-13T12:00:35.884+0000] {dag.py:4180} INFO - Setting next_dagrun for example_sensors to None, run_after=None
[2024-12-13T12:00:35.903+0000] {processor.py:208} INFO - Processing /opt/bitnami/airflow/venv/lib/python3.12/site-packages/airflow/example_dags/example_sensors.py took 0.084 seconds
[2024-12-13T12:01:06.541+0000] {processor.py:186} INFO - Started process (PID=340) to work on /opt/bitnami/airflow/venv/lib/python3.12/site-packages/airflow/example_dags/example_sensors.py
[2024-12-13T12:01:06.542+0000] {processor.py:914} INFO - Processing file /opt/bitnami/airflow/venv/lib/python3.12/site-packages/airflow/example_dags/example_sensors.py for tasks to queue
[2024-12-13T12:01:06.544+0000] {logging_mixin.py:190} INFO - [2024-12-13T12:01:06.543+0000] {dagbag.py:588} INFO - Filling up the DagBag from /opt/bitnami/airflow/venv/lib/python3.12/site-packages/airflow/example_dags/example_sensors.py
[2024-12-13T12:01:06.551+0000] {processor.py:925} INFO - DAG(s) 'example_sensors' retrieved from /opt/bitnami/airflow/venv/lib/python3.12/site-packages/airflow/example_dags/example_sensors.py
[2024-12-13T12:01:06.580+0000] {logging_mixin.py:190} INFO - [2024-12-13T12:01:06.580+0000] {dag.py:3239} INFO - Sync 1 DAGs
[2024-12-13T12:01:06.595+0000] {logging_mixin.py:190} INFO - [2024-12-13T12:01:06.595+0000] {dag.py:4180} INFO - Setting next_dagrun for example_sensors to None, run_after=None
[2024-12-13T12:01:06.613+0000] {processor.py:208} INFO - Processing /opt/bitnami/airflow/venv/lib/python3.12/site-packages/airflow/example_dags/example_sensors.py took 0.077 seconds
[2024-12-13T12:01:37.277+0000] {processor.py:186} INFO - Started process (PID=397) to work on /opt/bitnami/airflow/venv/lib/python3.12/site-packages/airflow/example_dags/example_sensors.py
[2024-12-13T12:01:37.279+0000] {processor.py:914} INFO - Processing file /opt/bitnami/airflow/venv/lib/python3.12/site-packages/airflow/example_dags/example_sensors.py for tasks to queue
[2024-12-13T12:01:37.282+0000] {logging_mixin.py:190} INFO - [2024-12-13T12:01:37.281+0000] {dagbag.py:588} INFO - Filling up the DagBag from /opt/bitnami/airflow/venv/lib/python3.12/site-packages/airflow/example_dags/example_sensors.py
[2024-12-13T12:01:37.291+0000] {processor.py:925} INFO - DAG(s) 'example_sensors' retrieved from /opt/bitnami/airflow/venv/lib/python3.12/site-packages/airflow/example_dags/example_sensors.py
[2024-12-13T12:01:37.331+0000] {logging_mixin.py:190} INFO - [2024-12-13T12:01:37.331+0000] {dag.py:3239} INFO - Sync 1 DAGs
[2024-12-13T12:01:37.351+0000] {logging_mixin.py:190} INFO - [2024-12-13T12:01:37.350+0000] {dag.py:4180} INFO - Setting next_dagrun for example_sensors to None, run_after=None
[2024-12-13T12:01:37.373+0000] {processor.py:208} INFO - Processing /opt/bitnami/airflow/venv/lib/python3.12/site-packages/airflow/example_dags/example_sensors.py took 0.102 seconds
[2024-12-13T12:02:08.356+0000] {processor.py:186} INFO - Started process (PID=454) to work on /opt/bitnami/airflow/venv/lib/python3.12/site-packages/airflow/example_dags/example_sensors.py
[2024-12-13T12:02:08.358+0000] {processor.py:914} INFO - Processing file /opt/bitnami/airflow/venv/lib/python3.12/site-packages/airflow/example_dags/example_sensors.py for tasks to queue
[2024-12-13T12:02:08.362+0000] {logging_mixin.py:190} INFO - [2024-12-13T12:02:08.361+0000] {dagbag.py:588} INFO - Filling up the DagBag from /opt/bitnami/airflow/venv/lib/python3.12/site-packages/airflow/example_dags/example_sensors.py
[2024-12-13T12:02:08.373+0000] {processor.py:925} INFO - DAG(s) 'example_sensors' retrieved from /opt/bitnami/airflow/venv/lib/python3.12/site-packages/airflow/example_dags/example_sensors.py
[2024-12-13T12:02:08.426+0000] {logging_mixin.py:190} INFO - [2024-12-13T12:02:08.426+0000] {dag.py:3239} INFO - Sync 1 DAGs
[2024-12-13T12:02:08.451+0000] {logging_mixin.py:190} INFO - [2024-12-13T12:02:08.450+0000] {dag.py:4180} INFO - Setting next_dagrun for example_sensors to None, run_after=None
[2024-12-13T12:02:08.476+0000] {processor.py:208} INFO - Processing /opt/bitnami/airflow/venv/lib/python3.12/site-packages/airflow/example_dags/example_sensors.py took 0.126 seconds
