[2024-12-13T08:19:46.447+0000] {processor.py:186} INFO - Started process (PID=86) to work on /opt/bitnami/airflow/venv/lib/python3.12/site-packages/airflow/example_dags/example_display_name.py
[2024-12-13T08:19:46.448+0000] {processor.py:914} INFO - Processing file /opt/bitnami/airflow/venv/lib/python3.12/site-packages/airflow/example_dags/example_display_name.py for tasks to queue
[2024-12-13T08:19:46.450+0000] {logging_mixin.py:190} INFO - [2024-12-13T08:19:46.450+0000] {dagbag.py:588} INFO - Filling up the DagBag from /opt/bitnami/airflow/venv/lib/python3.12/site-packages/airflow/example_dags/example_display_name.py
[2024-12-13T08:19:46.455+0000] {processor.py:925} INFO - DAG(s) 'example_display_name' retrieved from /opt/bitnami/airflow/venv/lib/python3.12/site-packages/airflow/example_dags/example_display_name.py
[2024-12-13T08:19:46.490+0000] {logging_mixin.py:190} INFO - [2024-12-13T08:19:46.489+0000] {dag.py:3239} INFO - Sync 1 DAGs
[2024-12-13T08:19:46.509+0000] {logging_mixin.py:190} INFO - [2024-12-13T08:19:46.509+0000] {dag.py:4180} INFO - Setting next_dagrun for example_display_name to None, run_after=None
[2024-12-13T08:19:46.526+0000] {processor.py:208} INFO - Processing /opt/bitnami/airflow/venv/lib/python3.12/site-packages/airflow/example_dags/example_display_name.py took 0.083 seconds
[2024-12-13T08:20:16.573+0000] {processor.py:186} INFO - Started process (PID=143) to work on /opt/bitnami/airflow/venv/lib/python3.12/site-packages/airflow/example_dags/example_display_name.py
[2024-12-13T08:20:16.574+0000] {processor.py:914} INFO - Processing file /opt/bitnami/airflow/venv/lib/python3.12/site-packages/airflow/example_dags/example_display_name.py for tasks to queue
[2024-12-13T08:20:16.576+0000] {logging_mixin.py:190} INFO - [2024-12-13T08:20:16.576+0000] {dagbag.py:588} INFO - Filling up the DagBag from /opt/bitnami/airflow/venv/lib/python3.12/site-packages/airflow/example_dags/example_display_name.py
[2024-12-13T08:20:16.581+0000] {processor.py:925} INFO - DAG(s) 'example_display_name' retrieved from /opt/bitnami/airflow/venv/lib/python3.12/site-packages/airflow/example_dags/example_display_name.py
[2024-12-13T08:20:16.613+0000] {logging_mixin.py:190} INFO - [2024-12-13T08:20:16.612+0000] {dag.py:3239} INFO - Sync 1 DAGs
[2024-12-13T08:20:16.631+0000] {logging_mixin.py:190} INFO - [2024-12-13T08:20:16.631+0000] {dag.py:4180} INFO - Setting next_dagrun for example_display_name to None, run_after=None
[2024-12-13T08:20:16.652+0000] {processor.py:208} INFO - Processing /opt/bitnami/airflow/venv/lib/python3.12/site-packages/airflow/example_dags/example_display_name.py took 0.084 seconds
[2024-12-13T08:20:47.532+0000] {processor.py:186} INFO - Started process (PID=200) to work on /opt/bitnami/airflow/venv/lib/python3.12/site-packages/airflow/example_dags/example_display_name.py
[2024-12-13T08:20:47.535+0000] {processor.py:914} INFO - Processing file /opt/bitnami/airflow/venv/lib/python3.12/site-packages/airflow/example_dags/example_display_name.py for tasks to queue
[2024-12-13T08:20:47.537+0000] {logging_mixin.py:190} INFO - [2024-12-13T08:20:47.537+0000] {dagbag.py:588} INFO - Filling up the DagBag from /opt/bitnami/airflow/venv/lib/python3.12/site-packages/airflow/example_dags/example_display_name.py
[2024-12-13T08:20:47.544+0000] {processor.py:925} INFO - DAG(s) 'example_display_name' retrieved from /opt/bitnami/airflow/venv/lib/python3.12/site-packages/airflow/example_dags/example_display_name.py
[2024-12-13T08:20:47.674+0000] {logging_mixin.py:190} INFO - [2024-12-13T08:20:47.673+0000] {dag.py:3239} INFO - Sync 1 DAGs
[2024-12-13T08:20:47.702+0000] {logging_mixin.py:190} INFO - [2024-12-13T08:20:47.702+0000] {dag.py:4180} INFO - Setting next_dagrun for example_display_name to None, run_after=None
[2024-12-13T08:20:47.741+0000] {processor.py:208} INFO - Processing /opt/bitnami/airflow/venv/lib/python3.12/site-packages/airflow/example_dags/example_display_name.py took 0.213 seconds
[2024-12-13T08:21:18.117+0000] {processor.py:186} INFO - Started process (PID=257) to work on /opt/bitnami/airflow/venv/lib/python3.12/site-packages/airflow/example_dags/example_display_name.py
[2024-12-13T08:21:18.118+0000] {processor.py:914} INFO - Processing file /opt/bitnami/airflow/venv/lib/python3.12/site-packages/airflow/example_dags/example_display_name.py for tasks to queue
[2024-12-13T08:21:18.120+0000] {logging_mixin.py:190} INFO - [2024-12-13T08:21:18.120+0000] {dagbag.py:588} INFO - Filling up the DagBag from /opt/bitnami/airflow/venv/lib/python3.12/site-packages/airflow/example_dags/example_display_name.py
[2024-12-13T08:21:18.125+0000] {processor.py:925} INFO - DAG(s) 'example_display_name' retrieved from /opt/bitnami/airflow/venv/lib/python3.12/site-packages/airflow/example_dags/example_display_name.py
[2024-12-13T08:21:18.161+0000] {logging_mixin.py:190} INFO - [2024-12-13T08:21:18.161+0000] {dag.py:3239} INFO - Sync 1 DAGs
[2024-12-13T08:21:18.182+0000] {logging_mixin.py:190} INFO - [2024-12-13T08:21:18.182+0000] {dag.py:4180} INFO - Setting next_dagrun for example_display_name to None, run_after=None
[2024-12-13T08:21:18.205+0000] {processor.py:208} INFO - Processing /opt/bitnami/airflow/venv/lib/python3.12/site-packages/airflow/example_dags/example_display_name.py took 0.093 seconds
[2024-12-13T08:21:48.988+0000] {processor.py:186} INFO - Started process (PID=314) to work on /opt/bitnami/airflow/venv/lib/python3.12/site-packages/airflow/example_dags/example_display_name.py
[2024-12-13T08:21:48.989+0000] {processor.py:914} INFO - Processing file /opt/bitnami/airflow/venv/lib/python3.12/site-packages/airflow/example_dags/example_display_name.py for tasks to queue
[2024-12-13T08:21:48.993+0000] {logging_mixin.py:190} INFO - [2024-12-13T08:21:48.992+0000] {dagbag.py:588} INFO - Filling up the DagBag from /opt/bitnami/airflow/venv/lib/python3.12/site-packages/airflow/example_dags/example_display_name.py
[2024-12-13T08:21:49.001+0000] {processor.py:925} INFO - DAG(s) 'example_display_name' retrieved from /opt/bitnami/airflow/venv/lib/python3.12/site-packages/airflow/example_dags/example_display_name.py
[2024-12-13T08:21:49.040+0000] {logging_mixin.py:190} INFO - [2024-12-13T08:21:49.039+0000] {dag.py:3239} INFO - Sync 1 DAGs
[2024-12-13T08:21:49.065+0000] {logging_mixin.py:190} INFO - [2024-12-13T08:21:49.065+0000] {dag.py:4180} INFO - Setting next_dagrun for example_display_name to None, run_after=None
[2024-12-13T08:21:49.088+0000] {processor.py:208} INFO - Processing /opt/bitnami/airflow/venv/lib/python3.12/site-packages/airflow/example_dags/example_display_name.py took 0.105 seconds
[2024-12-13T08:22:19.357+0000] {processor.py:186} INFO - Started process (PID=371) to work on /opt/bitnami/airflow/venv/lib/python3.12/site-packages/airflow/example_dags/example_display_name.py
[2024-12-13T08:22:19.358+0000] {processor.py:914} INFO - Processing file /opt/bitnami/airflow/venv/lib/python3.12/site-packages/airflow/example_dags/example_display_name.py for tasks to queue
[2024-12-13T08:22:19.360+0000] {logging_mixin.py:190} INFO - [2024-12-13T08:22:19.360+0000] {dagbag.py:588} INFO - Filling up the DagBag from /opt/bitnami/airflow/venv/lib/python3.12/site-packages/airflow/example_dags/example_display_name.py
[2024-12-13T08:22:19.365+0000] {processor.py:925} INFO - DAG(s) 'example_display_name' retrieved from /opt/bitnami/airflow/venv/lib/python3.12/site-packages/airflow/example_dags/example_display_name.py
[2024-12-13T08:22:19.396+0000] {logging_mixin.py:190} INFO - [2024-12-13T08:22:19.395+0000] {dag.py:3239} INFO - Sync 1 DAGs
[2024-12-13T08:22:19.413+0000] {logging_mixin.py:190} INFO - [2024-12-13T08:22:19.413+0000] {dag.py:4180} INFO - Setting next_dagrun for example_display_name to None, run_after=None
[2024-12-13T08:22:19.434+0000] {processor.py:208} INFO - Processing /opt/bitnami/airflow/venv/lib/python3.12/site-packages/airflow/example_dags/example_display_name.py took 0.082 seconds
[2024-12-13T08:22:50.204+0000] {processor.py:186} INFO - Started process (PID=428) to work on /opt/bitnami/airflow/venv/lib/python3.12/site-packages/airflow/example_dags/example_display_name.py
[2024-12-13T08:22:50.205+0000] {processor.py:914} INFO - Processing file /opt/bitnami/airflow/venv/lib/python3.12/site-packages/airflow/example_dags/example_display_name.py for tasks to queue
[2024-12-13T08:22:50.207+0000] {logging_mixin.py:190} INFO - [2024-12-13T08:22:50.207+0000] {dagbag.py:588} INFO - Filling up the DagBag from /opt/bitnami/airflow/venv/lib/python3.12/site-packages/airflow/example_dags/example_display_name.py
[2024-12-13T08:22:50.212+0000] {processor.py:925} INFO - DAG(s) 'example_display_name' retrieved from /opt/bitnami/airflow/venv/lib/python3.12/site-packages/airflow/example_dags/example_display_name.py
[2024-12-13T08:22:50.237+0000] {logging_mixin.py:190} INFO - [2024-12-13T08:22:50.236+0000] {dag.py:3239} INFO - Sync 1 DAGs
[2024-12-13T08:22:50.251+0000] {logging_mixin.py:190} INFO - [2024-12-13T08:22:50.251+0000] {dag.py:4180} INFO - Setting next_dagrun for example_display_name to None, run_after=None
[2024-12-13T08:22:50.272+0000] {processor.py:208} INFO - Processing /opt/bitnami/airflow/venv/lib/python3.12/site-packages/airflow/example_dags/example_display_name.py took 0.072 seconds
[2024-12-13T08:25:47.576+0000] {processor.py:186} INFO - Started process (PID=86) to work on /opt/bitnami/airflow/venv/lib/python3.12/site-packages/airflow/example_dags/example_display_name.py
[2024-12-13T08:25:47.577+0000] {processor.py:914} INFO - Processing file /opt/bitnami/airflow/venv/lib/python3.12/site-packages/airflow/example_dags/example_display_name.py for tasks to queue
[2024-12-13T08:25:47.580+0000] {logging_mixin.py:190} INFO - [2024-12-13T08:25:47.579+0000] {dagbag.py:588} INFO - Filling up the DagBag from /opt/bitnami/airflow/venv/lib/python3.12/site-packages/airflow/example_dags/example_display_name.py
[2024-12-13T08:25:47.584+0000] {processor.py:925} INFO - DAG(s) 'example_display_name' retrieved from /opt/bitnami/airflow/venv/lib/python3.12/site-packages/airflow/example_dags/example_display_name.py
[2024-12-13T08:25:47.613+0000] {logging_mixin.py:190} INFO - [2024-12-13T08:25:47.612+0000] {dag.py:3239} INFO - Sync 1 DAGs
[2024-12-13T08:25:47.640+0000] {logging_mixin.py:190} INFO - [2024-12-13T08:25:47.640+0000] {dag.py:4180} INFO - Setting next_dagrun for example_display_name to None, run_after=None
[2024-12-13T08:25:47.662+0000] {processor.py:208} INFO - Processing /opt/bitnami/airflow/venv/lib/python3.12/site-packages/airflow/example_dags/example_display_name.py took 0.092 seconds
[2024-12-13T08:26:18.555+0000] {processor.py:186} INFO - Started process (PID=143) to work on /opt/bitnami/airflow/venv/lib/python3.12/site-packages/airflow/example_dags/example_display_name.py
[2024-12-13T08:26:18.556+0000] {processor.py:914} INFO - Processing file /opt/bitnami/airflow/venv/lib/python3.12/site-packages/airflow/example_dags/example_display_name.py for tasks to queue
[2024-12-13T08:26:18.558+0000] {logging_mixin.py:190} INFO - [2024-12-13T08:26:18.558+0000] {dagbag.py:588} INFO - Filling up the DagBag from /opt/bitnami/airflow/venv/lib/python3.12/site-packages/airflow/example_dags/example_display_name.py
[2024-12-13T08:26:18.562+0000] {processor.py:925} INFO - DAG(s) 'example_display_name' retrieved from /opt/bitnami/airflow/venv/lib/python3.12/site-packages/airflow/example_dags/example_display_name.py
[2024-12-13T08:26:18.591+0000] {logging_mixin.py:190} INFO - [2024-12-13T08:26:18.591+0000] {dag.py:3239} INFO - Sync 1 DAGs
[2024-12-13T08:26:18.607+0000] {logging_mixin.py:190} INFO - [2024-12-13T08:26:18.607+0000] {dag.py:4180} INFO - Setting next_dagrun for example_display_name to None, run_after=None
[2024-12-13T08:26:18.625+0000] {processor.py:208} INFO - Processing /opt/bitnami/airflow/venv/lib/python3.12/site-packages/airflow/example_dags/example_display_name.py took 0.075 seconds
[2024-12-13T08:26:50.495+0000] {processor.py:186} INFO - Started process (PID=200) to work on /opt/bitnami/airflow/venv/lib/python3.12/site-packages/airflow/example_dags/example_display_name.py
[2024-12-13T08:26:50.496+0000] {processor.py:914} INFO - Processing file /opt/bitnami/airflow/venv/lib/python3.12/site-packages/airflow/example_dags/example_display_name.py for tasks to queue
[2024-12-13T08:26:50.498+0000] {logging_mixin.py:190} INFO - [2024-12-13T08:26:50.498+0000] {dagbag.py:588} INFO - Filling up the DagBag from /opt/bitnami/airflow/venv/lib/python3.12/site-packages/airflow/example_dags/example_display_name.py
[2024-12-13T08:26:50.504+0000] {processor.py:925} INFO - DAG(s) 'example_display_name' retrieved from /opt/bitnami/airflow/venv/lib/python3.12/site-packages/airflow/example_dags/example_display_name.py
[2024-12-13T08:26:50.606+0000] {logging_mixin.py:190} INFO - [2024-12-13T08:26:50.605+0000] {dag.py:3239} INFO - Sync 1 DAGs
[2024-12-13T08:26:50.625+0000] {logging_mixin.py:190} INFO - [2024-12-13T08:26:50.624+0000] {dag.py:4180} INFO - Setting next_dagrun for example_display_name to None, run_after=None
[2024-12-13T08:26:50.648+0000] {processor.py:208} INFO - Processing /opt/bitnami/airflow/venv/lib/python3.12/site-packages/airflow/example_dags/example_display_name.py took 0.158 seconds
[2024-12-13T08:27:20.883+0000] {processor.py:186} INFO - Started process (PID=257) to work on /opt/bitnami/airflow/venv/lib/python3.12/site-packages/airflow/example_dags/example_display_name.py
[2024-12-13T08:27:20.884+0000] {processor.py:914} INFO - Processing file /opt/bitnami/airflow/venv/lib/python3.12/site-packages/airflow/example_dags/example_display_name.py for tasks to queue
[2024-12-13T08:27:20.887+0000] {logging_mixin.py:190} INFO - [2024-12-13T08:27:20.886+0000] {dagbag.py:588} INFO - Filling up the DagBag from /opt/bitnami/airflow/venv/lib/python3.12/site-packages/airflow/example_dags/example_display_name.py
[2024-12-13T08:27:20.892+0000] {processor.py:925} INFO - DAG(s) 'example_display_name' retrieved from /opt/bitnami/airflow/venv/lib/python3.12/site-packages/airflow/example_dags/example_display_name.py
[2024-12-13T08:27:20.941+0000] {logging_mixin.py:190} INFO - [2024-12-13T08:27:20.940+0000] {dag.py:3239} INFO - Sync 1 DAGs
[2024-12-13T08:27:20.973+0000] {logging_mixin.py:190} INFO - [2024-12-13T08:27:20.973+0000] {dag.py:4180} INFO - Setting next_dagrun for example_display_name to None, run_after=None
[2024-12-13T08:27:21.021+0000] {processor.py:208} INFO - Processing /opt/bitnami/airflow/venv/lib/python3.12/site-packages/airflow/example_dags/example_display_name.py took 0.143 seconds
[2024-12-13T10:42:44.041+0000] {processor.py:186} INFO - Started process (PID=86) to work on /opt/bitnami/airflow/venv/lib/python3.12/site-packages/airflow/example_dags/example_display_name.py
[2024-12-13T10:42:44.043+0000] {processor.py:914} INFO - Processing file /opt/bitnami/airflow/venv/lib/python3.12/site-packages/airflow/example_dags/example_display_name.py for tasks to queue
[2024-12-13T10:42:44.046+0000] {logging_mixin.py:190} INFO - [2024-12-13T10:42:44.045+0000] {dagbag.py:588} INFO - Filling up the DagBag from /opt/bitnami/airflow/venv/lib/python3.12/site-packages/airflow/example_dags/example_display_name.py
[2024-12-13T10:42:44.052+0000] {processor.py:925} INFO - DAG(s) 'example_display_name' retrieved from /opt/bitnami/airflow/venv/lib/python3.12/site-packages/airflow/example_dags/example_display_name.py
[2024-12-13T10:42:44.182+0000] {logging_mixin.py:190} INFO - [2024-12-13T10:42:44.181+0000] {override.py:1900} INFO - Created Permission View: can read on DAG:example_display_name
[2024-12-13T10:42:44.196+0000] {logging_mixin.py:190} INFO - [2024-12-13T10:42:44.196+0000] {override.py:1900} INFO - Created Permission View: can delete on DAG:example_display_name
[2024-12-13T10:42:44.206+0000] {logging_mixin.py:190} INFO - [2024-12-13T10:42:44.205+0000] {override.py:1900} INFO - Created Permission View: can edit on DAG:example_display_name
[2024-12-13T10:42:44.218+0000] {logging_mixin.py:190} INFO - [2024-12-13T10:42:44.218+0000] {override.py:1900} INFO - Created Permission View: can delete on DAG Run:example_display_name
[2024-12-13T10:42:44.228+0000] {logging_mixin.py:190} INFO - [2024-12-13T10:42:44.227+0000] {override.py:1900} INFO - Created Permission View: can read on DAG Run:example_display_name
[2024-12-13T10:42:44.237+0000] {logging_mixin.py:190} INFO - [2024-12-13T10:42:44.237+0000] {override.py:1900} INFO - Created Permission View: can create on DAG Run:example_display_name
[2024-12-13T10:42:44.247+0000] {logging_mixin.py:190} INFO - [2024-12-13T10:42:44.247+0000] {override.py:1900} INFO - Created Permission View: menu access on DAG Run:example_display_name
[2024-12-13T10:42:44.248+0000] {logging_mixin.py:190} INFO - [2024-12-13T10:42:44.248+0000] {dag.py:3239} INFO - Sync 1 DAGs
[2024-12-13T10:42:44.294+0000] {logging_mixin.py:190} INFO - [2024-12-13T10:42:44.294+0000] {dag.py:3262} INFO - Creating ORM DAG for example_display_name
[2024-12-13T10:42:44.296+0000] {logging_mixin.py:190} INFO - [2024-12-13T10:42:44.296+0000] {dag.py:4180} INFO - Setting next_dagrun for example_display_name to None, run_after=None
[2024-12-13T10:42:44.327+0000] {processor.py:208} INFO - Processing /opt/bitnami/airflow/venv/lib/python3.12/site-packages/airflow/example_dags/example_display_name.py took 0.291 seconds
[2024-12-13T10:43:14.400+0000] {processor.py:186} INFO - Started process (PID=143) to work on /opt/bitnami/airflow/venv/lib/python3.12/site-packages/airflow/example_dags/example_display_name.py
[2024-12-13T10:43:14.401+0000] {processor.py:914} INFO - Processing file /opt/bitnami/airflow/venv/lib/python3.12/site-packages/airflow/example_dags/example_display_name.py for tasks to queue
[2024-12-13T10:43:14.403+0000] {logging_mixin.py:190} INFO - [2024-12-13T10:43:14.403+0000] {dagbag.py:588} INFO - Filling up the DagBag from /opt/bitnami/airflow/venv/lib/python3.12/site-packages/airflow/example_dags/example_display_name.py
[2024-12-13T10:43:14.408+0000] {processor.py:925} INFO - DAG(s) 'example_display_name' retrieved from /opt/bitnami/airflow/venv/lib/python3.12/site-packages/airflow/example_dags/example_display_name.py
[2024-12-13T10:43:14.442+0000] {logging_mixin.py:190} INFO - [2024-12-13T10:43:14.441+0000] {dag.py:3239} INFO - Sync 1 DAGs
[2024-12-13T10:43:14.466+0000] {logging_mixin.py:190} INFO - [2024-12-13T10:43:14.466+0000] {dag.py:4180} INFO - Setting next_dagrun for example_display_name to None, run_after=None
[2024-12-13T10:43:14.490+0000] {processor.py:208} INFO - Processing /opt/bitnami/airflow/venv/lib/python3.12/site-packages/airflow/example_dags/example_display_name.py took 0.093 seconds
[2024-12-13T10:43:45.427+0000] {processor.py:186} INFO - Started process (PID=200) to work on /opt/bitnami/airflow/venv/lib/python3.12/site-packages/airflow/example_dags/example_display_name.py
[2024-12-13T10:43:45.429+0000] {processor.py:914} INFO - Processing file /opt/bitnami/airflow/venv/lib/python3.12/site-packages/airflow/example_dags/example_display_name.py for tasks to queue
[2024-12-13T10:43:45.432+0000] {logging_mixin.py:190} INFO - [2024-12-13T10:43:45.432+0000] {dagbag.py:588} INFO - Filling up the DagBag from /opt/bitnami/airflow/venv/lib/python3.12/site-packages/airflow/example_dags/example_display_name.py
[2024-12-13T10:43:45.438+0000] {processor.py:925} INFO - DAG(s) 'example_display_name' retrieved from /opt/bitnami/airflow/venv/lib/python3.12/site-packages/airflow/example_dags/example_display_name.py
[2024-12-13T10:43:45.590+0000] {logging_mixin.py:190} INFO - [2024-12-13T10:43:45.590+0000] {dag.py:3239} INFO - Sync 1 DAGs
[2024-12-13T10:43:45.621+0000] {logging_mixin.py:190} INFO - [2024-12-13T10:43:45.621+0000] {dag.py:4180} INFO - Setting next_dagrun for example_display_name to None, run_after=None
[2024-12-13T10:43:45.661+0000] {processor.py:208} INFO - Processing /opt/bitnami/airflow/venv/lib/python3.12/site-packages/airflow/example_dags/example_display_name.py took 0.238 seconds
[2024-12-13T10:44:16.161+0000] {processor.py:186} INFO - Started process (PID=257) to work on /opt/bitnami/airflow/venv/lib/python3.12/site-packages/airflow/example_dags/example_display_name.py
[2024-12-13T10:44:16.162+0000] {processor.py:914} INFO - Processing file /opt/bitnami/airflow/venv/lib/python3.12/site-packages/airflow/example_dags/example_display_name.py for tasks to queue
[2024-12-13T10:44:16.164+0000] {logging_mixin.py:190} INFO - [2024-12-13T10:44:16.164+0000] {dagbag.py:588} INFO - Filling up the DagBag from /opt/bitnami/airflow/venv/lib/python3.12/site-packages/airflow/example_dags/example_display_name.py
[2024-12-13T10:44:16.169+0000] {processor.py:925} INFO - DAG(s) 'example_display_name' retrieved from /opt/bitnami/airflow/venv/lib/python3.12/site-packages/airflow/example_dags/example_display_name.py
[2024-12-13T10:44:16.239+0000] {logging_mixin.py:190} INFO - [2024-12-13T10:44:16.239+0000] {dag.py:3239} INFO - Sync 1 DAGs
[2024-12-13T10:44:16.263+0000] {logging_mixin.py:190} INFO - [2024-12-13T10:44:16.263+0000] {dag.py:4180} INFO - Setting next_dagrun for example_display_name to None, run_after=None
[2024-12-13T10:44:16.305+0000] {processor.py:208} INFO - Processing /opt/bitnami/airflow/venv/lib/python3.12/site-packages/airflow/example_dags/example_display_name.py took 0.149 seconds
[2024-12-13T10:44:46.826+0000] {processor.py:186} INFO - Started process (PID=314) to work on /opt/bitnami/airflow/venv/lib/python3.12/site-packages/airflow/example_dags/example_display_name.py
[2024-12-13T10:44:46.827+0000] {processor.py:914} INFO - Processing file /opt/bitnami/airflow/venv/lib/python3.12/site-packages/airflow/example_dags/example_display_name.py for tasks to queue
[2024-12-13T10:44:46.829+0000] {logging_mixin.py:190} INFO - [2024-12-13T10:44:46.829+0000] {dagbag.py:588} INFO - Filling up the DagBag from /opt/bitnami/airflow/venv/lib/python3.12/site-packages/airflow/example_dags/example_display_name.py
[2024-12-13T10:44:46.834+0000] {processor.py:925} INFO - DAG(s) 'example_display_name' retrieved from /opt/bitnami/airflow/venv/lib/python3.12/site-packages/airflow/example_dags/example_display_name.py
[2024-12-13T10:44:46.912+0000] {logging_mixin.py:190} INFO - [2024-12-13T10:44:46.911+0000] {dag.py:3239} INFO - Sync 1 DAGs
[2024-12-13T10:44:46.948+0000] {logging_mixin.py:190} INFO - [2024-12-13T10:44:46.947+0000] {dag.py:4180} INFO - Setting next_dagrun for example_display_name to None, run_after=None
[2024-12-13T10:44:46.990+0000] {processor.py:208} INFO - Processing /opt/bitnami/airflow/venv/lib/python3.12/site-packages/airflow/example_dags/example_display_name.py took 0.169 seconds
[2024-12-13T10:52:15.207+0000] {processor.py:186} INFO - Started process (PID=86) to work on /opt/bitnami/airflow/venv/lib/python3.12/site-packages/airflow/example_dags/example_display_name.py
[2024-12-13T10:52:15.208+0000] {processor.py:914} INFO - Processing file /opt/bitnami/airflow/venv/lib/python3.12/site-packages/airflow/example_dags/example_display_name.py for tasks to queue
[2024-12-13T10:52:15.210+0000] {logging_mixin.py:190} INFO - [2024-12-13T10:52:15.210+0000] {dagbag.py:588} INFO - Filling up the DagBag from /opt/bitnami/airflow/venv/lib/python3.12/site-packages/airflow/example_dags/example_display_name.py
[2024-12-13T10:52:15.216+0000] {processor.py:925} INFO - DAG(s) 'example_display_name' retrieved from /opt/bitnami/airflow/venv/lib/python3.12/site-packages/airflow/example_dags/example_display_name.py
[2024-12-13T10:52:15.311+0000] {logging_mixin.py:190} INFO - [2024-12-13T10:52:15.310+0000] {override.py:1900} INFO - Created Permission View: can read on DAG:example_display_name
[2024-12-13T10:52:15.323+0000] {logging_mixin.py:190} INFO - [2024-12-13T10:52:15.322+0000] {override.py:1900} INFO - Created Permission View: can delete on DAG:example_display_name
[2024-12-13T10:52:15.331+0000] {logging_mixin.py:190} INFO - [2024-12-13T10:52:15.331+0000] {override.py:1900} INFO - Created Permission View: can edit on DAG:example_display_name
[2024-12-13T10:52:15.339+0000] {logging_mixin.py:190} INFO - [2024-12-13T10:52:15.339+0000] {override.py:1900} INFO - Created Permission View: menu access on DAG Run:example_display_name
[2024-12-13T10:52:15.347+0000] {logging_mixin.py:190} INFO - [2024-12-13T10:52:15.347+0000] {override.py:1900} INFO - Created Permission View: can read on DAG Run:example_display_name
[2024-12-13T10:52:15.356+0000] {logging_mixin.py:190} INFO - [2024-12-13T10:52:15.355+0000] {override.py:1900} INFO - Created Permission View: can delete on DAG Run:example_display_name
[2024-12-13T10:52:15.364+0000] {logging_mixin.py:190} INFO - [2024-12-13T10:52:15.364+0000] {override.py:1900} INFO - Created Permission View: can create on DAG Run:example_display_name
[2024-12-13T10:52:15.366+0000] {logging_mixin.py:190} INFO - [2024-12-13T10:52:15.365+0000] {dag.py:3239} INFO - Sync 1 DAGs
[2024-12-13T10:52:15.387+0000] {logging_mixin.py:190} INFO - [2024-12-13T10:52:15.387+0000] {dag.py:3262} INFO - Creating ORM DAG for example_display_name
[2024-12-13T10:52:15.389+0000] {logging_mixin.py:190} INFO - [2024-12-13T10:52:15.389+0000] {dag.py:4180} INFO - Setting next_dagrun for example_display_name to None, run_after=None
[2024-12-13T10:52:15.417+0000] {processor.py:208} INFO - Processing /opt/bitnami/airflow/venv/lib/python3.12/site-packages/airflow/example_dags/example_display_name.py took 0.215 seconds
[2024-12-13T10:52:46.437+0000] {processor.py:186} INFO - Started process (PID=143) to work on /opt/bitnami/airflow/venv/lib/python3.12/site-packages/airflow/example_dags/example_display_name.py
[2024-12-13T10:52:46.439+0000] {processor.py:914} INFO - Processing file /opt/bitnami/airflow/venv/lib/python3.12/site-packages/airflow/example_dags/example_display_name.py for tasks to queue
[2024-12-13T10:52:46.441+0000] {logging_mixin.py:190} INFO - [2024-12-13T10:52:46.441+0000] {dagbag.py:588} INFO - Filling up the DagBag from /opt/bitnami/airflow/venv/lib/python3.12/site-packages/airflow/example_dags/example_display_name.py
[2024-12-13T10:52:46.447+0000] {processor.py:925} INFO - DAG(s) 'example_display_name' retrieved from /opt/bitnami/airflow/venv/lib/python3.12/site-packages/airflow/example_dags/example_display_name.py
[2024-12-13T10:52:46.518+0000] {logging_mixin.py:190} INFO - [2024-12-13T10:52:46.517+0000] {dag.py:3239} INFO - Sync 1 DAGs
[2024-12-13T10:52:46.562+0000] {logging_mixin.py:190} INFO - [2024-12-13T10:52:46.562+0000] {dag.py:4180} INFO - Setting next_dagrun for example_display_name to None, run_after=None
[2024-12-13T10:52:46.614+0000] {processor.py:208} INFO - Processing /opt/bitnami/airflow/venv/lib/python3.12/site-packages/airflow/example_dags/example_display_name.py took 0.181 seconds
[2024-12-13T10:53:17.706+0000] {processor.py:186} INFO - Started process (PID=200) to work on /opt/bitnami/airflow/venv/lib/python3.12/site-packages/airflow/example_dags/example_display_name.py
[2024-12-13T10:53:17.707+0000] {processor.py:914} INFO - Processing file /opt/bitnami/airflow/venv/lib/python3.12/site-packages/airflow/example_dags/example_display_name.py for tasks to queue
[2024-12-13T10:53:17.711+0000] {logging_mixin.py:190} INFO - [2024-12-13T10:53:17.710+0000] {dagbag.py:588} INFO - Filling up the DagBag from /opt/bitnami/airflow/venv/lib/python3.12/site-packages/airflow/example_dags/example_display_name.py
[2024-12-13T10:53:17.717+0000] {processor.py:925} INFO - DAG(s) 'example_display_name' retrieved from /opt/bitnami/airflow/venv/lib/python3.12/site-packages/airflow/example_dags/example_display_name.py
[2024-12-13T10:53:17.838+0000] {logging_mixin.py:190} INFO - [2024-12-13T10:53:17.838+0000] {dag.py:3239} INFO - Sync 1 DAGs
[2024-12-13T10:53:17.856+0000] {logging_mixin.py:190} INFO - [2024-12-13T10:53:17.856+0000] {dag.py:4180} INFO - Setting next_dagrun for example_display_name to None, run_after=None
[2024-12-13T10:53:17.884+0000] {processor.py:208} INFO - Processing /opt/bitnami/airflow/venv/lib/python3.12/site-packages/airflow/example_dags/example_display_name.py took 0.185 seconds
[2024-12-13T10:53:47.969+0000] {processor.py:186} INFO - Started process (PID=257) to work on /opt/bitnami/airflow/venv/lib/python3.12/site-packages/airflow/example_dags/example_display_name.py
[2024-12-13T10:53:47.971+0000] {processor.py:914} INFO - Processing file /opt/bitnami/airflow/venv/lib/python3.12/site-packages/airflow/example_dags/example_display_name.py for tasks to queue
[2024-12-13T10:53:47.974+0000] {logging_mixin.py:190} INFO - [2024-12-13T10:53:47.974+0000] {dagbag.py:588} INFO - Filling up the DagBag from /opt/bitnami/airflow/venv/lib/python3.12/site-packages/airflow/example_dags/example_display_name.py
[2024-12-13T10:53:47.980+0000] {processor.py:925} INFO - DAG(s) 'example_display_name' retrieved from /opt/bitnami/airflow/venv/lib/python3.12/site-packages/airflow/example_dags/example_display_name.py
[2024-12-13T10:53:48.092+0000] {logging_mixin.py:190} INFO - [2024-12-13T10:53:48.091+0000] {dag.py:3239} INFO - Sync 1 DAGs
[2024-12-13T10:53:48.137+0000] {logging_mixin.py:190} INFO - [2024-12-13T10:53:48.137+0000] {dag.py:4180} INFO - Setting next_dagrun for example_display_name to None, run_after=None
[2024-12-13T10:53:48.186+0000] {processor.py:208} INFO - Processing /opt/bitnami/airflow/venv/lib/python3.12/site-packages/airflow/example_dags/example_display_name.py took 0.223 seconds
[2024-12-13T10:54:19.106+0000] {processor.py:186} INFO - Started process (PID=314) to work on /opt/bitnami/airflow/venv/lib/python3.12/site-packages/airflow/example_dags/example_display_name.py
[2024-12-13T10:54:19.107+0000] {processor.py:914} INFO - Processing file /opt/bitnami/airflow/venv/lib/python3.12/site-packages/airflow/example_dags/example_display_name.py for tasks to queue
[2024-12-13T10:54:19.110+0000] {logging_mixin.py:190} INFO - [2024-12-13T10:54:19.110+0000] {dagbag.py:588} INFO - Filling up the DagBag from /opt/bitnami/airflow/venv/lib/python3.12/site-packages/airflow/example_dags/example_display_name.py
[2024-12-13T10:54:19.114+0000] {processor.py:925} INFO - DAG(s) 'example_display_name' retrieved from /opt/bitnami/airflow/venv/lib/python3.12/site-packages/airflow/example_dags/example_display_name.py
[2024-12-13T10:54:19.179+0000] {logging_mixin.py:190} INFO - [2024-12-13T10:54:19.178+0000] {dag.py:3239} INFO - Sync 1 DAGs
[2024-12-13T10:54:19.219+0000] {logging_mixin.py:190} INFO - [2024-12-13T10:54:19.219+0000] {dag.py:4180} INFO - Setting next_dagrun for example_display_name to None, run_after=None
[2024-12-13T10:54:19.264+0000] {processor.py:208} INFO - Processing /opt/bitnami/airflow/venv/lib/python3.12/site-packages/airflow/example_dags/example_display_name.py took 0.162 seconds
[2024-12-13T10:54:49.767+0000] {processor.py:186} INFO - Started process (PID=371) to work on /opt/bitnami/airflow/venv/lib/python3.12/site-packages/airflow/example_dags/example_display_name.py
[2024-12-13T10:54:49.769+0000] {processor.py:914} INFO - Processing file /opt/bitnami/airflow/venv/lib/python3.12/site-packages/airflow/example_dags/example_display_name.py for tasks to queue
[2024-12-13T10:54:49.772+0000] {logging_mixin.py:190} INFO - [2024-12-13T10:54:49.771+0000] {dagbag.py:588} INFO - Filling up the DagBag from /opt/bitnami/airflow/venv/lib/python3.12/site-packages/airflow/example_dags/example_display_name.py
[2024-12-13T10:54:49.780+0000] {processor.py:925} INFO - DAG(s) 'example_display_name' retrieved from /opt/bitnami/airflow/venv/lib/python3.12/site-packages/airflow/example_dags/example_display_name.py
[2024-12-13T10:54:49.818+0000] {logging_mixin.py:190} INFO - [2024-12-13T10:54:49.817+0000] {dag.py:3239} INFO - Sync 1 DAGs
[2024-12-13T10:54:49.842+0000] {logging_mixin.py:190} INFO - [2024-12-13T10:54:49.842+0000] {dag.py:4180} INFO - Setting next_dagrun for example_display_name to None, run_after=None
[2024-12-13T10:54:49.868+0000] {processor.py:208} INFO - Processing /opt/bitnami/airflow/venv/lib/python3.12/site-packages/airflow/example_dags/example_display_name.py took 0.107 seconds
[2024-12-13T10:55:20.710+0000] {processor.py:186} INFO - Started process (PID=428) to work on /opt/bitnami/airflow/venv/lib/python3.12/site-packages/airflow/example_dags/example_display_name.py
[2024-12-13T10:55:20.712+0000] {processor.py:914} INFO - Processing file /opt/bitnami/airflow/venv/lib/python3.12/site-packages/airflow/example_dags/example_display_name.py for tasks to queue
[2024-12-13T10:55:20.723+0000] {logging_mixin.py:190} INFO - [2024-12-13T10:55:20.722+0000] {dagbag.py:588} INFO - Filling up the DagBag from /opt/bitnami/airflow/venv/lib/python3.12/site-packages/airflow/example_dags/example_display_name.py
[2024-12-13T10:55:20.733+0000] {processor.py:925} INFO - DAG(s) 'example_display_name' retrieved from /opt/bitnami/airflow/venv/lib/python3.12/site-packages/airflow/example_dags/example_display_name.py
[2024-12-13T10:55:20.800+0000] {logging_mixin.py:190} INFO - [2024-12-13T10:55:20.798+0000] {dag.py:3239} INFO - Sync 1 DAGs
[2024-12-13T10:55:20.835+0000] {logging_mixin.py:190} INFO - [2024-12-13T10:55:20.835+0000] {dag.py:4180} INFO - Setting next_dagrun for example_display_name to None, run_after=None
[2024-12-13T10:55:20.875+0000] {processor.py:208} INFO - Processing /opt/bitnami/airflow/venv/lib/python3.12/site-packages/airflow/example_dags/example_display_name.py took 0.170 seconds
[2024-12-13T10:55:51.634+0000] {processor.py:186} INFO - Started process (PID=485) to work on /opt/bitnami/airflow/venv/lib/python3.12/site-packages/airflow/example_dags/example_display_name.py
[2024-12-13T10:55:51.636+0000] {processor.py:914} INFO - Processing file /opt/bitnami/airflow/venv/lib/python3.12/site-packages/airflow/example_dags/example_display_name.py for tasks to queue
[2024-12-13T10:55:51.639+0000] {logging_mixin.py:190} INFO - [2024-12-13T10:55:51.638+0000] {dagbag.py:588} INFO - Filling up the DagBag from /opt/bitnami/airflow/venv/lib/python3.12/site-packages/airflow/example_dags/example_display_name.py
[2024-12-13T10:55:51.643+0000] {processor.py:925} INFO - DAG(s) 'example_display_name' retrieved from /opt/bitnami/airflow/venv/lib/python3.12/site-packages/airflow/example_dags/example_display_name.py
[2024-12-13T10:55:51.748+0000] {logging_mixin.py:190} INFO - [2024-12-13T10:55:51.747+0000] {dag.py:3239} INFO - Sync 1 DAGs
[2024-12-13T10:55:51.784+0000] {logging_mixin.py:190} INFO - [2024-12-13T10:55:51.784+0000] {dag.py:4180} INFO - Setting next_dagrun for example_display_name to None, run_after=None
[2024-12-13T10:55:51.831+0000] {processor.py:208} INFO - Processing /opt/bitnami/airflow/venv/lib/python3.12/site-packages/airflow/example_dags/example_display_name.py took 0.201 seconds
[2024-12-13T10:56:22.403+0000] {processor.py:186} INFO - Started process (PID=542) to work on /opt/bitnami/airflow/venv/lib/python3.12/site-packages/airflow/example_dags/example_display_name.py
[2024-12-13T10:56:22.404+0000] {processor.py:914} INFO - Processing file /opt/bitnami/airflow/venv/lib/python3.12/site-packages/airflow/example_dags/example_display_name.py for tasks to queue
[2024-12-13T10:56:22.406+0000] {logging_mixin.py:190} INFO - [2024-12-13T10:56:22.406+0000] {dagbag.py:588} INFO - Filling up the DagBag from /opt/bitnami/airflow/venv/lib/python3.12/site-packages/airflow/example_dags/example_display_name.py
[2024-12-13T10:56:22.410+0000] {processor.py:925} INFO - DAG(s) 'example_display_name' retrieved from /opt/bitnami/airflow/venv/lib/python3.12/site-packages/airflow/example_dags/example_display_name.py
[2024-12-13T10:56:22.471+0000] {logging_mixin.py:190} INFO - [2024-12-13T10:56:22.471+0000] {dag.py:3239} INFO - Sync 1 DAGs
[2024-12-13T10:56:22.495+0000] {logging_mixin.py:190} INFO - [2024-12-13T10:56:22.495+0000] {dag.py:4180} INFO - Setting next_dagrun for example_display_name to None, run_after=None
[2024-12-13T10:56:22.523+0000] {processor.py:208} INFO - Processing /opt/bitnami/airflow/venv/lib/python3.12/site-packages/airflow/example_dags/example_display_name.py took 0.124 seconds
[2024-12-13T10:56:52.980+0000] {processor.py:186} INFO - Started process (PID=599) to work on /opt/bitnami/airflow/venv/lib/python3.12/site-packages/airflow/example_dags/example_display_name.py
[2024-12-13T10:56:52.981+0000] {processor.py:914} INFO - Processing file /opt/bitnami/airflow/venv/lib/python3.12/site-packages/airflow/example_dags/example_display_name.py for tasks to queue
[2024-12-13T10:56:52.983+0000] {logging_mixin.py:190} INFO - [2024-12-13T10:56:52.982+0000] {dagbag.py:588} INFO - Filling up the DagBag from /opt/bitnami/airflow/venv/lib/python3.12/site-packages/airflow/example_dags/example_display_name.py
[2024-12-13T10:56:52.987+0000] {processor.py:925} INFO - DAG(s) 'example_display_name' retrieved from /opt/bitnami/airflow/venv/lib/python3.12/site-packages/airflow/example_dags/example_display_name.py
[2024-12-13T10:56:53.045+0000] {logging_mixin.py:190} INFO - [2024-12-13T10:56:53.044+0000] {dag.py:3239} INFO - Sync 1 DAGs
[2024-12-13T10:56:53.070+0000] {logging_mixin.py:190} INFO - [2024-12-13T10:56:53.070+0000] {dag.py:4180} INFO - Setting next_dagrun for example_display_name to None, run_after=None
[2024-12-13T10:56:53.101+0000] {processor.py:208} INFO - Processing /opt/bitnami/airflow/venv/lib/python3.12/site-packages/airflow/example_dags/example_display_name.py took 0.127 seconds
[2024-12-13T10:57:23.358+0000] {processor.py:186} INFO - Started process (PID=656) to work on /opt/bitnami/airflow/venv/lib/python3.12/site-packages/airflow/example_dags/example_display_name.py
[2024-12-13T10:57:23.358+0000] {processor.py:914} INFO - Processing file /opt/bitnami/airflow/venv/lib/python3.12/site-packages/airflow/example_dags/example_display_name.py for tasks to queue
[2024-12-13T10:57:23.360+0000] {logging_mixin.py:190} INFO - [2024-12-13T10:57:23.360+0000] {dagbag.py:588} INFO - Filling up the DagBag from /opt/bitnami/airflow/venv/lib/python3.12/site-packages/airflow/example_dags/example_display_name.py
[2024-12-13T10:57:23.365+0000] {processor.py:925} INFO - DAG(s) 'example_display_name' retrieved from /opt/bitnami/airflow/venv/lib/python3.12/site-packages/airflow/example_dags/example_display_name.py
[2024-12-13T10:57:23.397+0000] {logging_mixin.py:190} INFO - [2024-12-13T10:57:23.396+0000] {dag.py:3239} INFO - Sync 1 DAGs
[2024-12-13T10:57:23.425+0000] {logging_mixin.py:190} INFO - [2024-12-13T10:57:23.425+0000] {dag.py:4180} INFO - Setting next_dagrun for example_display_name to None, run_after=None
[2024-12-13T10:57:23.447+0000] {processor.py:208} INFO - Processing /opt/bitnami/airflow/venv/lib/python3.12/site-packages/airflow/example_dags/example_display_name.py took 0.094 seconds
[2024-12-13T10:57:54.316+0000] {processor.py:186} INFO - Started process (PID=713) to work on /opt/bitnami/airflow/venv/lib/python3.12/site-packages/airflow/example_dags/example_display_name.py
[2024-12-13T10:57:54.317+0000] {processor.py:914} INFO - Processing file /opt/bitnami/airflow/venv/lib/python3.12/site-packages/airflow/example_dags/example_display_name.py for tasks to queue
[2024-12-13T10:57:54.320+0000] {logging_mixin.py:190} INFO - [2024-12-13T10:57:54.320+0000] {dagbag.py:588} INFO - Filling up the DagBag from /opt/bitnami/airflow/venv/lib/python3.12/site-packages/airflow/example_dags/example_display_name.py
[2024-12-13T10:57:54.325+0000] {processor.py:925} INFO - DAG(s) 'example_display_name' retrieved from /opt/bitnami/airflow/venv/lib/python3.12/site-packages/airflow/example_dags/example_display_name.py
[2024-12-13T10:57:54.369+0000] {logging_mixin.py:190} INFO - [2024-12-13T10:57:54.369+0000] {dag.py:3239} INFO - Sync 1 DAGs
[2024-12-13T10:57:54.387+0000] {logging_mixin.py:190} INFO - [2024-12-13T10:57:54.387+0000] {dag.py:4180} INFO - Setting next_dagrun for example_display_name to None, run_after=None
[2024-12-13T10:57:54.422+0000] {processor.py:208} INFO - Processing /opt/bitnami/airflow/venv/lib/python3.12/site-packages/airflow/example_dags/example_display_name.py took 0.111 seconds
[2024-12-13T10:58:25.216+0000] {processor.py:186} INFO - Started process (PID=770) to work on /opt/bitnami/airflow/venv/lib/python3.12/site-packages/airflow/example_dags/example_display_name.py
[2024-12-13T10:58:25.218+0000] {processor.py:914} INFO - Processing file /opt/bitnami/airflow/venv/lib/python3.12/site-packages/airflow/example_dags/example_display_name.py for tasks to queue
[2024-12-13T10:58:25.221+0000] {logging_mixin.py:190} INFO - [2024-12-13T10:58:25.220+0000] {dagbag.py:588} INFO - Filling up the DagBag from /opt/bitnami/airflow/venv/lib/python3.12/site-packages/airflow/example_dags/example_display_name.py
[2024-12-13T10:58:25.228+0000] {processor.py:925} INFO - DAG(s) 'example_display_name' retrieved from /opt/bitnami/airflow/venv/lib/python3.12/site-packages/airflow/example_dags/example_display_name.py
[2024-12-13T10:58:25.265+0000] {logging_mixin.py:190} INFO - [2024-12-13T10:58:25.265+0000] {dag.py:3239} INFO - Sync 1 DAGs
[2024-12-13T10:58:25.285+0000] {logging_mixin.py:190} INFO - [2024-12-13T10:58:25.285+0000] {dag.py:4180} INFO - Setting next_dagrun for example_display_name to None, run_after=None
[2024-12-13T10:58:25.309+0000] {processor.py:208} INFO - Processing /opt/bitnami/airflow/venv/lib/python3.12/site-packages/airflow/example_dags/example_display_name.py took 0.099 seconds
[2024-12-13T10:58:56.254+0000] {processor.py:186} INFO - Started process (PID=827) to work on /opt/bitnami/airflow/venv/lib/python3.12/site-packages/airflow/example_dags/example_display_name.py
[2024-12-13T10:58:56.256+0000] {processor.py:914} INFO - Processing file /opt/bitnami/airflow/venv/lib/python3.12/site-packages/airflow/example_dags/example_display_name.py for tasks to queue
[2024-12-13T10:58:56.258+0000] {logging_mixin.py:190} INFO - [2024-12-13T10:58:56.258+0000] {dagbag.py:588} INFO - Filling up the DagBag from /opt/bitnami/airflow/venv/lib/python3.12/site-packages/airflow/example_dags/example_display_name.py
[2024-12-13T10:58:56.263+0000] {processor.py:925} INFO - DAG(s) 'example_display_name' retrieved from /opt/bitnami/airflow/venv/lib/python3.12/site-packages/airflow/example_dags/example_display_name.py
[2024-12-13T10:58:56.316+0000] {logging_mixin.py:190} INFO - [2024-12-13T10:58:56.316+0000] {dag.py:3239} INFO - Sync 1 DAGs
[2024-12-13T10:58:56.342+0000] {logging_mixin.py:190} INFO - [2024-12-13T10:58:56.342+0000] {dag.py:4180} INFO - Setting next_dagrun for example_display_name to None, run_after=None
[2024-12-13T10:58:56.382+0000] {processor.py:208} INFO - Processing /opt/bitnami/airflow/venv/lib/python3.12/site-packages/airflow/example_dags/example_display_name.py took 0.132 seconds
[2024-12-13T11:07:33.701+0000] {processor.py:186} INFO - Started process (PID=86) to work on /opt/bitnami/airflow/venv/lib/python3.12/site-packages/airflow/example_dags/example_display_name.py
[2024-12-13T11:07:33.702+0000] {processor.py:914} INFO - Processing file /opt/bitnami/airflow/venv/lib/python3.12/site-packages/airflow/example_dags/example_display_name.py for tasks to queue
[2024-12-13T11:07:33.706+0000] {logging_mixin.py:190} INFO - [2024-12-13T11:07:33.706+0000] {dagbag.py:588} INFO - Filling up the DagBag from /opt/bitnami/airflow/venv/lib/python3.12/site-packages/airflow/example_dags/example_display_name.py
[2024-12-13T11:07:33.714+0000] {processor.py:925} INFO - DAG(s) 'example_display_name' retrieved from /opt/bitnami/airflow/venv/lib/python3.12/site-packages/airflow/example_dags/example_display_name.py
[2024-12-13T11:07:33.767+0000] {logging_mixin.py:190} INFO - [2024-12-13T11:07:33.766+0000] {dag.py:3239} INFO - Sync 1 DAGs
[2024-12-13T11:07:33.829+0000] {logging_mixin.py:190} INFO - [2024-12-13T11:07:33.828+0000] {dag.py:4180} INFO - Setting next_dagrun for example_display_name to None, run_after=None
[2024-12-13T11:07:33.885+0000] {processor.py:208} INFO - Processing /opt/bitnami/airflow/venv/lib/python3.12/site-packages/airflow/example_dags/example_display_name.py took 0.192 seconds
[2024-12-13T11:08:04.439+0000] {processor.py:186} INFO - Started process (PID=143) to work on /opt/bitnami/airflow/venv/lib/python3.12/site-packages/airflow/example_dags/example_display_name.py
[2024-12-13T11:08:04.440+0000] {processor.py:914} INFO - Processing file /opt/bitnami/airflow/venv/lib/python3.12/site-packages/airflow/example_dags/example_display_name.py for tasks to queue
[2024-12-13T11:08:04.442+0000] {logging_mixin.py:190} INFO - [2024-12-13T11:08:04.442+0000] {dagbag.py:588} INFO - Filling up the DagBag from /opt/bitnami/airflow/venv/lib/python3.12/site-packages/airflow/example_dags/example_display_name.py
[2024-12-13T11:08:04.447+0000] {processor.py:925} INFO - DAG(s) 'example_display_name' retrieved from /opt/bitnami/airflow/venv/lib/python3.12/site-packages/airflow/example_dags/example_display_name.py
[2024-12-13T11:08:04.492+0000] {logging_mixin.py:190} INFO - [2024-12-13T11:08:04.491+0000] {dag.py:3239} INFO - Sync 1 DAGs
[2024-12-13T11:08:04.515+0000] {logging_mixin.py:190} INFO - [2024-12-13T11:08:04.515+0000] {dag.py:4180} INFO - Setting next_dagrun for example_display_name to None, run_after=None
[2024-12-13T11:08:04.533+0000] {processor.py:208} INFO - Processing /opt/bitnami/airflow/venv/lib/python3.12/site-packages/airflow/example_dags/example_display_name.py took 0.098 seconds
[2024-12-13T11:08:37.245+0000] {processor.py:186} INFO - Started process (PID=200) to work on /opt/bitnami/airflow/venv/lib/python3.12/site-packages/airflow/example_dags/example_display_name.py
[2024-12-13T11:08:37.246+0000] {processor.py:914} INFO - Processing file /opt/bitnami/airflow/venv/lib/python3.12/site-packages/airflow/example_dags/example_display_name.py for tasks to queue
[2024-12-13T11:08:37.249+0000] {logging_mixin.py:190} INFO - [2024-12-13T11:08:37.249+0000] {dagbag.py:588} INFO - Filling up the DagBag from /opt/bitnami/airflow/venv/lib/python3.12/site-packages/airflow/example_dags/example_display_name.py
[2024-12-13T11:08:37.255+0000] {processor.py:925} INFO - DAG(s) 'example_display_name' retrieved from /opt/bitnami/airflow/venv/lib/python3.12/site-packages/airflow/example_dags/example_display_name.py
[2024-12-13T11:08:37.367+0000] {logging_mixin.py:190} INFO - [2024-12-13T11:08:37.367+0000] {dag.py:3239} INFO - Sync 1 DAGs
[2024-12-13T11:08:37.397+0000] {logging_mixin.py:190} INFO - [2024-12-13T11:08:37.397+0000] {dag.py:4180} INFO - Setting next_dagrun for example_display_name to None, run_after=None
[2024-12-13T11:08:37.432+0000] {processor.py:208} INFO - Processing /opt/bitnami/airflow/venv/lib/python3.12/site-packages/airflow/example_dags/example_display_name.py took 0.194 seconds
[2024-12-13T11:09:07.656+0000] {processor.py:186} INFO - Started process (PID=257) to work on /opt/bitnami/airflow/venv/lib/python3.12/site-packages/airflow/example_dags/example_display_name.py
[2024-12-13T11:09:07.657+0000] {processor.py:914} INFO - Processing file /opt/bitnami/airflow/venv/lib/python3.12/site-packages/airflow/example_dags/example_display_name.py for tasks to queue
[2024-12-13T11:09:07.660+0000] {logging_mixin.py:190} INFO - [2024-12-13T11:09:07.660+0000] {dagbag.py:588} INFO - Filling up the DagBag from /opt/bitnami/airflow/venv/lib/python3.12/site-packages/airflow/example_dags/example_display_name.py
[2024-12-13T11:09:07.665+0000] {processor.py:925} INFO - DAG(s) 'example_display_name' retrieved from /opt/bitnami/airflow/venv/lib/python3.12/site-packages/airflow/example_dags/example_display_name.py
[2024-12-13T11:09:07.737+0000] {logging_mixin.py:190} INFO - [2024-12-13T11:09:07.736+0000] {dag.py:3239} INFO - Sync 1 DAGs
[2024-12-13T11:09:07.769+0000] {logging_mixin.py:190} INFO - [2024-12-13T11:09:07.769+0000] {dag.py:4180} INFO - Setting next_dagrun for example_display_name to None, run_after=None
[2024-12-13T11:09:07.810+0000] {processor.py:208} INFO - Processing /opt/bitnami/airflow/venv/lib/python3.12/site-packages/airflow/example_dags/example_display_name.py took 0.158 seconds
[2024-12-13T11:13:45.544+0000] {processor.py:186} INFO - Started process (PID=86) to work on /opt/bitnami/airflow/venv/lib/python3.12/site-packages/airflow/example_dags/example_display_name.py
[2024-12-13T11:13:45.545+0000] {processor.py:914} INFO - Processing file /opt/bitnami/airflow/venv/lib/python3.12/site-packages/airflow/example_dags/example_display_name.py for tasks to queue
[2024-12-13T11:13:45.547+0000] {logging_mixin.py:190} INFO - [2024-12-13T11:13:45.546+0000] {dagbag.py:588} INFO - Filling up the DagBag from /opt/bitnami/airflow/venv/lib/python3.12/site-packages/airflow/example_dags/example_display_name.py
[2024-12-13T11:13:45.552+0000] {processor.py:925} INFO - DAG(s) 'example_display_name' retrieved from /opt/bitnami/airflow/venv/lib/python3.12/site-packages/airflow/example_dags/example_display_name.py
[2024-12-13T11:13:45.598+0000] {logging_mixin.py:190} INFO - [2024-12-13T11:13:45.597+0000] {dag.py:3239} INFO - Sync 1 DAGs
[2024-12-13T11:13:45.626+0000] {logging_mixin.py:190} INFO - [2024-12-13T11:13:45.626+0000] {dag.py:4180} INFO - Setting next_dagrun for example_display_name to None, run_after=None
[2024-12-13T11:13:45.653+0000] {processor.py:208} INFO - Processing /opt/bitnami/airflow/venv/lib/python3.12/site-packages/airflow/example_dags/example_display_name.py took 0.115 seconds
[2024-12-13T11:14:15.909+0000] {processor.py:186} INFO - Started process (PID=143) to work on /opt/bitnami/airflow/venv/lib/python3.12/site-packages/airflow/example_dags/example_display_name.py
[2024-12-13T11:14:15.910+0000] {processor.py:914} INFO - Processing file /opt/bitnami/airflow/venv/lib/python3.12/site-packages/airflow/example_dags/example_display_name.py for tasks to queue
[2024-12-13T11:14:15.912+0000] {logging_mixin.py:190} INFO - [2024-12-13T11:14:15.912+0000] {dagbag.py:588} INFO - Filling up the DagBag from /opt/bitnami/airflow/venv/lib/python3.12/site-packages/airflow/example_dags/example_display_name.py
[2024-12-13T11:14:15.918+0000] {processor.py:925} INFO - DAG(s) 'example_display_name' retrieved from /opt/bitnami/airflow/venv/lib/python3.12/site-packages/airflow/example_dags/example_display_name.py
[2024-12-13T11:14:15.999+0000] {logging_mixin.py:190} INFO - [2024-12-13T11:14:15.998+0000] {dag.py:3239} INFO - Sync 1 DAGs
[2024-12-13T11:14:16.034+0000] {logging_mixin.py:190} INFO - [2024-12-13T11:14:16.034+0000] {dag.py:4180} INFO - Setting next_dagrun for example_display_name to None, run_after=None
[2024-12-13T11:14:16.071+0000] {processor.py:208} INFO - Processing /opt/bitnami/airflow/venv/lib/python3.12/site-packages/airflow/example_dags/example_display_name.py took 0.167 seconds
[2024-12-13T11:14:50.367+0000] {processor.py:186} INFO - Started process (PID=200) to work on /opt/bitnami/airflow/venv/lib/python3.12/site-packages/airflow/example_dags/example_display_name.py
[2024-12-13T11:14:50.369+0000] {processor.py:914} INFO - Processing file /opt/bitnami/airflow/venv/lib/python3.12/site-packages/airflow/example_dags/example_display_name.py for tasks to queue
[2024-12-13T11:14:50.372+0000] {logging_mixin.py:190} INFO - [2024-12-13T11:14:50.371+0000] {dagbag.py:588} INFO - Filling up the DagBag from /opt/bitnami/airflow/venv/lib/python3.12/site-packages/airflow/example_dags/example_display_name.py
[2024-12-13T11:14:50.380+0000] {processor.py:925} INFO - DAG(s) 'example_display_name' retrieved from /opt/bitnami/airflow/venv/lib/python3.12/site-packages/airflow/example_dags/example_display_name.py
[2024-12-13T11:14:50.516+0000] {logging_mixin.py:190} INFO - [2024-12-13T11:14:50.516+0000] {dag.py:3239} INFO - Sync 1 DAGs
[2024-12-13T11:14:50.541+0000] {logging_mixin.py:190} INFO - [2024-12-13T11:14:50.540+0000] {dag.py:4180} INFO - Setting next_dagrun for example_display_name to None, run_after=None
[2024-12-13T11:14:50.583+0000] {processor.py:208} INFO - Processing /opt/bitnami/airflow/venv/lib/python3.12/site-packages/airflow/example_dags/example_display_name.py took 0.222 seconds
[2024-12-13T11:15:20.743+0000] {processor.py:186} INFO - Started process (PID=257) to work on /opt/bitnami/airflow/venv/lib/python3.12/site-packages/airflow/example_dags/example_display_name.py
[2024-12-13T11:15:20.744+0000] {processor.py:914} INFO - Processing file /opt/bitnami/airflow/venv/lib/python3.12/site-packages/airflow/example_dags/example_display_name.py for tasks to queue
[2024-12-13T11:15:20.746+0000] {logging_mixin.py:190} INFO - [2024-12-13T11:15:20.746+0000] {dagbag.py:588} INFO - Filling up the DagBag from /opt/bitnami/airflow/venv/lib/python3.12/site-packages/airflow/example_dags/example_display_name.py
[2024-12-13T11:15:20.751+0000] {processor.py:925} INFO - DAG(s) 'example_display_name' retrieved from /opt/bitnami/airflow/venv/lib/python3.12/site-packages/airflow/example_dags/example_display_name.py
[2024-12-13T11:15:20.781+0000] {logging_mixin.py:190} INFO - [2024-12-13T11:15:20.781+0000] {dag.py:3239} INFO - Sync 1 DAGs
[2024-12-13T11:15:20.809+0000] {logging_mixin.py:190} INFO - [2024-12-13T11:15:20.809+0000] {dag.py:4180} INFO - Setting next_dagrun for example_display_name to None, run_after=None
[2024-12-13T11:15:20.840+0000] {processor.py:208} INFO - Processing /opt/bitnami/airflow/venv/lib/python3.12/site-packages/airflow/example_dags/example_display_name.py took 0.102 seconds
[2024-12-13T11:57:09.758+0000] {processor.py:186} INFO - Started process (PID=86) to work on /opt/bitnami/airflow/venv/lib/python3.12/site-packages/airflow/example_dags/example_display_name.py
[2024-12-13T11:57:09.759+0000] {processor.py:914} INFO - Processing file /opt/bitnami/airflow/venv/lib/python3.12/site-packages/airflow/example_dags/example_display_name.py for tasks to queue
[2024-12-13T11:57:09.761+0000] {logging_mixin.py:190} INFO - [2024-12-13T11:57:09.761+0000] {dagbag.py:588} INFO - Filling up the DagBag from /opt/bitnami/airflow/venv/lib/python3.12/site-packages/airflow/example_dags/example_display_name.py
[2024-12-13T11:57:09.765+0000] {processor.py:925} INFO - DAG(s) 'example_display_name' retrieved from /opt/bitnami/airflow/venv/lib/python3.12/site-packages/airflow/example_dags/example_display_name.py
[2024-12-13T11:57:09.790+0000] {logging_mixin.py:190} INFO - [2024-12-13T11:57:09.790+0000] {dag.py:3239} INFO - Sync 1 DAGs
[2024-12-13T11:57:09.808+0000] {logging_mixin.py:190} INFO - [2024-12-13T11:57:09.807+0000] {dag.py:4180} INFO - Setting next_dagrun for example_display_name to None, run_after=None
[2024-12-13T11:57:09.825+0000] {processor.py:208} INFO - Processing /opt/bitnami/airflow/venv/lib/python3.12/site-packages/airflow/example_dags/example_display_name.py took 0.071 seconds
[2024-12-13T11:57:41.342+0000] {processor.py:186} INFO - Started process (PID=143) to work on /opt/bitnami/airflow/venv/lib/python3.12/site-packages/airflow/example_dags/example_display_name.py
[2024-12-13T11:57:41.344+0000] {processor.py:914} INFO - Processing file /opt/bitnami/airflow/venv/lib/python3.12/site-packages/airflow/example_dags/example_display_name.py for tasks to queue
[2024-12-13T11:57:41.345+0000] {logging_mixin.py:190} INFO - [2024-12-13T11:57:41.345+0000] {dagbag.py:588} INFO - Filling up the DagBag from /opt/bitnami/airflow/venv/lib/python3.12/site-packages/airflow/example_dags/example_display_name.py
[2024-12-13T11:57:41.350+0000] {processor.py:925} INFO - DAG(s) 'example_display_name' retrieved from /opt/bitnami/airflow/venv/lib/python3.12/site-packages/airflow/example_dags/example_display_name.py
[2024-12-13T11:57:41.391+0000] {logging_mixin.py:190} INFO - [2024-12-13T11:57:41.389+0000] {dag.py:3239} INFO - Sync 1 DAGs
[2024-12-13T11:57:41.423+0000] {logging_mixin.py:190} INFO - [2024-12-13T11:57:41.423+0000] {dag.py:4180} INFO - Setting next_dagrun for example_display_name to None, run_after=None
[2024-12-13T11:57:41.448+0000] {processor.py:208} INFO - Processing /opt/bitnami/airflow/venv/lib/python3.12/site-packages/airflow/example_dags/example_display_name.py took 0.110 seconds
[2024-12-13T11:58:35.629+0000] {processor.py:186} INFO - Started process (PID=86) to work on /opt/bitnami/airflow/venv/lib/python3.12/site-packages/airflow/example_dags/example_display_name.py
[2024-12-13T11:58:35.630+0000] {processor.py:914} INFO - Processing file /opt/bitnami/airflow/venv/lib/python3.12/site-packages/airflow/example_dags/example_display_name.py for tasks to queue
[2024-12-13T11:58:35.633+0000] {logging_mixin.py:190} INFO - [2024-12-13T11:58:35.632+0000] {dagbag.py:588} INFO - Filling up the DagBag from /opt/bitnami/airflow/venv/lib/python3.12/site-packages/airflow/example_dags/example_display_name.py
[2024-12-13T11:58:35.637+0000] {processor.py:925} INFO - DAG(s) 'example_display_name' retrieved from /opt/bitnami/airflow/venv/lib/python3.12/site-packages/airflow/example_dags/example_display_name.py
[2024-12-13T11:58:35.672+0000] {logging_mixin.py:190} INFO - [2024-12-13T11:58:35.672+0000] {dag.py:3239} INFO - Sync 1 DAGs
[2024-12-13T11:58:35.703+0000] {logging_mixin.py:190} INFO - [2024-12-13T11:58:35.703+0000] {dag.py:4180} INFO - Setting next_dagrun for example_display_name to None, run_after=None
[2024-12-13T11:58:35.724+0000] {processor.py:208} INFO - Processing /opt/bitnami/airflow/venv/lib/python3.12/site-packages/airflow/example_dags/example_display_name.py took 0.099 seconds
[2024-12-13T11:59:07.017+0000] {processor.py:186} INFO - Started process (PID=143) to work on /opt/bitnami/airflow/venv/lib/python3.12/site-packages/airflow/example_dags/example_display_name.py
[2024-12-13T11:59:07.018+0000] {processor.py:914} INFO - Processing file /opt/bitnami/airflow/venv/lib/python3.12/site-packages/airflow/example_dags/example_display_name.py for tasks to queue
[2024-12-13T11:59:07.020+0000] {logging_mixin.py:190} INFO - [2024-12-13T11:59:07.020+0000] {dagbag.py:588} INFO - Filling up the DagBag from /opt/bitnami/airflow/venv/lib/python3.12/site-packages/airflow/example_dags/example_display_name.py
[2024-12-13T11:59:07.026+0000] {processor.py:925} INFO - DAG(s) 'example_display_name' retrieved from /opt/bitnami/airflow/venv/lib/python3.12/site-packages/airflow/example_dags/example_display_name.py
[2024-12-13T11:59:07.069+0000] {logging_mixin.py:190} INFO - [2024-12-13T11:59:07.068+0000] {dag.py:3239} INFO - Sync 1 DAGs
[2024-12-13T11:59:07.093+0000] {logging_mixin.py:190} INFO - [2024-12-13T11:59:07.092+0000] {dag.py:4180} INFO - Setting next_dagrun for example_display_name to None, run_after=None
[2024-12-13T11:59:07.121+0000] {processor.py:208} INFO - Processing /opt/bitnami/airflow/venv/lib/python3.12/site-packages/airflow/example_dags/example_display_name.py took 0.109 seconds
[2024-12-13T11:59:38.336+0000] {processor.py:186} INFO - Started process (PID=200) to work on /opt/bitnami/airflow/venv/lib/python3.12/site-packages/airflow/example_dags/example_display_name.py
[2024-12-13T11:59:38.337+0000] {processor.py:914} INFO - Processing file /opt/bitnami/airflow/venv/lib/python3.12/site-packages/airflow/example_dags/example_display_name.py for tasks to queue
[2024-12-13T11:59:38.340+0000] {logging_mixin.py:190} INFO - [2024-12-13T11:59:38.340+0000] {dagbag.py:588} INFO - Filling up the DagBag from /opt/bitnami/airflow/venv/lib/python3.12/site-packages/airflow/example_dags/example_display_name.py
[2024-12-13T11:59:38.345+0000] {processor.py:925} INFO - DAG(s) 'example_display_name' retrieved from /opt/bitnami/airflow/venv/lib/python3.12/site-packages/airflow/example_dags/example_display_name.py
[2024-12-13T11:59:38.432+0000] {logging_mixin.py:190} INFO - [2024-12-13T11:59:38.432+0000] {dag.py:3239} INFO - Sync 1 DAGs
[2024-12-13T11:59:38.451+0000] {logging_mixin.py:190} INFO - [2024-12-13T11:59:38.451+0000] {dag.py:4180} INFO - Setting next_dagrun for example_display_name to None, run_after=None
[2024-12-13T11:59:38.475+0000] {processor.py:208} INFO - Processing /opt/bitnami/airflow/venv/lib/python3.12/site-packages/airflow/example_dags/example_display_name.py took 0.145 seconds
[2024-12-13T12:00:09.145+0000] {processor.py:186} INFO - Started process (PID=257) to work on /opt/bitnami/airflow/venv/lib/python3.12/site-packages/airflow/example_dags/example_display_name.py
[2024-12-13T12:00:09.147+0000] {processor.py:914} INFO - Processing file /opt/bitnami/airflow/venv/lib/python3.12/site-packages/airflow/example_dags/example_display_name.py for tasks to queue
[2024-12-13T12:00:09.149+0000] {logging_mixin.py:190} INFO - [2024-12-13T12:00:09.149+0000] {dagbag.py:588} INFO - Filling up the DagBag from /opt/bitnami/airflow/venv/lib/python3.12/site-packages/airflow/example_dags/example_display_name.py
[2024-12-13T12:00:09.154+0000] {processor.py:925} INFO - DAG(s) 'example_display_name' retrieved from /opt/bitnami/airflow/venv/lib/python3.12/site-packages/airflow/example_dags/example_display_name.py
[2024-12-13T12:00:09.194+0000] {logging_mixin.py:190} INFO - [2024-12-13T12:00:09.194+0000] {dag.py:3239} INFO - Sync 1 DAGs
[2024-12-13T12:00:09.212+0000] {logging_mixin.py:190} INFO - [2024-12-13T12:00:09.212+0000] {dag.py:4180} INFO - Setting next_dagrun for example_display_name to None, run_after=None
[2024-12-13T12:00:09.232+0000] {processor.py:208} INFO - Processing /opt/bitnami/airflow/venv/lib/python3.12/site-packages/airflow/example_dags/example_display_name.py took 0.092 seconds
[2024-12-13T12:00:40.000+0000] {processor.py:186} INFO - Started process (PID=314) to work on /opt/bitnami/airflow/venv/lib/python3.12/site-packages/airflow/example_dags/example_display_name.py
[2024-12-13T12:00:40.001+0000] {processor.py:914} INFO - Processing file /opt/bitnami/airflow/venv/lib/python3.12/site-packages/airflow/example_dags/example_display_name.py for tasks to queue
[2024-12-13T12:00:40.003+0000] {logging_mixin.py:190} INFO - [2024-12-13T12:00:40.003+0000] {dagbag.py:588} INFO - Filling up the DagBag from /opt/bitnami/airflow/venv/lib/python3.12/site-packages/airflow/example_dags/example_display_name.py
[2024-12-13T12:00:40.008+0000] {processor.py:925} INFO - DAG(s) 'example_display_name' retrieved from /opt/bitnami/airflow/venv/lib/python3.12/site-packages/airflow/example_dags/example_display_name.py
[2024-12-13T12:00:40.041+0000] {logging_mixin.py:190} INFO - [2024-12-13T12:00:40.041+0000] {dag.py:3239} INFO - Sync 1 DAGs
[2024-12-13T12:00:40.059+0000] {logging_mixin.py:190} INFO - [2024-12-13T12:00:40.059+0000] {dag.py:4180} INFO - Setting next_dagrun for example_display_name to None, run_after=None
[2024-12-13T12:00:40.080+0000] {processor.py:208} INFO - Processing /opt/bitnami/airflow/venv/lib/python3.12/site-packages/airflow/example_dags/example_display_name.py took 0.085 seconds
[2024-12-13T12:01:10.483+0000] {processor.py:186} INFO - Started process (PID=371) to work on /opt/bitnami/airflow/venv/lib/python3.12/site-packages/airflow/example_dags/example_display_name.py
[2024-12-13T12:01:10.485+0000] {processor.py:914} INFO - Processing file /opt/bitnami/airflow/venv/lib/python3.12/site-packages/airflow/example_dags/example_display_name.py for tasks to queue
[2024-12-13T12:01:10.487+0000] {logging_mixin.py:190} INFO - [2024-12-13T12:01:10.486+0000] {dagbag.py:588} INFO - Filling up the DagBag from /opt/bitnami/airflow/venv/lib/python3.12/site-packages/airflow/example_dags/example_display_name.py
[2024-12-13T12:01:10.491+0000] {processor.py:925} INFO - DAG(s) 'example_display_name' retrieved from /opt/bitnami/airflow/venv/lib/python3.12/site-packages/airflow/example_dags/example_display_name.py
[2024-12-13T12:01:10.520+0000] {logging_mixin.py:190} INFO - [2024-12-13T12:01:10.519+0000] {dag.py:3239} INFO - Sync 1 DAGs
[2024-12-13T12:01:10.537+0000] {logging_mixin.py:190} INFO - [2024-12-13T12:01:10.537+0000] {dag.py:4180} INFO - Setting next_dagrun for example_display_name to None, run_after=None
[2024-12-13T12:01:10.558+0000] {processor.py:208} INFO - Processing /opt/bitnami/airflow/venv/lib/python3.12/site-packages/airflow/example_dags/example_display_name.py took 0.079 seconds
[2024-12-13T12:01:41.303+0000] {processor.py:186} INFO - Started process (PID=428) to work on /opt/bitnami/airflow/venv/lib/python3.12/site-packages/airflow/example_dags/example_display_name.py
[2024-12-13T12:01:41.304+0000] {processor.py:914} INFO - Processing file /opt/bitnami/airflow/venv/lib/python3.12/site-packages/airflow/example_dags/example_display_name.py for tasks to queue
[2024-12-13T12:01:41.306+0000] {logging_mixin.py:190} INFO - [2024-12-13T12:01:41.305+0000] {dagbag.py:588} INFO - Filling up the DagBag from /opt/bitnami/airflow/venv/lib/python3.12/site-packages/airflow/example_dags/example_display_name.py
[2024-12-13T12:01:41.311+0000] {processor.py:925} INFO - DAG(s) 'example_display_name' retrieved from /opt/bitnami/airflow/venv/lib/python3.12/site-packages/airflow/example_dags/example_display_name.py
[2024-12-13T12:01:41.345+0000] {logging_mixin.py:190} INFO - [2024-12-13T12:01:41.345+0000] {dag.py:3239} INFO - Sync 1 DAGs
[2024-12-13T12:01:41.366+0000] {logging_mixin.py:190} INFO - [2024-12-13T12:01:41.366+0000] {dag.py:4180} INFO - Setting next_dagrun for example_display_name to None, run_after=None
[2024-12-13T12:01:41.388+0000] {processor.py:208} INFO - Processing /opt/bitnami/airflow/venv/lib/python3.12/site-packages/airflow/example_dags/example_display_name.py took 0.090 seconds
[2024-12-13T12:02:11.965+0000] {processor.py:186} INFO - Started process (PID=485) to work on /opt/bitnami/airflow/venv/lib/python3.12/site-packages/airflow/example_dags/example_display_name.py
[2024-12-13T12:02:11.967+0000] {processor.py:914} INFO - Processing file /opt/bitnami/airflow/venv/lib/python3.12/site-packages/airflow/example_dags/example_display_name.py for tasks to queue
[2024-12-13T12:02:11.969+0000] {logging_mixin.py:190} INFO - [2024-12-13T12:02:11.969+0000] {dagbag.py:588} INFO - Filling up the DagBag from /opt/bitnami/airflow/venv/lib/python3.12/site-packages/airflow/example_dags/example_display_name.py
[2024-12-13T12:02:11.974+0000] {processor.py:925} INFO - DAG(s) 'example_display_name' retrieved from /opt/bitnami/airflow/venv/lib/python3.12/site-packages/airflow/example_dags/example_display_name.py
[2024-12-13T12:02:12.008+0000] {logging_mixin.py:190} INFO - [2024-12-13T12:02:12.007+0000] {dag.py:3239} INFO - Sync 1 DAGs
[2024-12-13T12:02:12.027+0000] {logging_mixin.py:190} INFO - [2024-12-13T12:02:12.027+0000] {dag.py:4180} INFO - Setting next_dagrun for example_display_name to None, run_after=None
[2024-12-13T12:02:12.047+0000] {processor.py:208} INFO - Processing /opt/bitnami/airflow/venv/lib/python3.12/site-packages/airflow/example_dags/example_display_name.py took 0.087 seconds
