[2024-12-13T08:19:46.695+0000] {processor.py:186} INFO - Started process (PID=91) to work on /opt/bitnami/airflow/venv/lib/python3.12/site-packages/airflow/example_dags/example_setup_teardown.py
[2024-12-13T08:19:46.696+0000] {processor.py:914} INFO - Processing file /opt/bitnami/airflow/venv/lib/python3.12/site-packages/airflow/example_dags/example_setup_teardown.py for tasks to queue
[2024-12-13T08:19:46.698+0000] {logging_mixin.py:190} INFO - [2024-12-13T08:19:46.698+0000] {dagbag.py:588} INFO - Filling up the DagBag from /opt/bitnami/airflow/venv/lib/python3.12/site-packages/airflow/example_dags/example_setup_teardown.py
[2024-12-13T08:19:46.704+0000] {processor.py:925} INFO - DAG(s) 'example_setup_teardown' retrieved from /opt/bitnami/airflow/venv/lib/python3.12/site-packages/airflow/example_dags/example_setup_teardown.py
[2024-12-13T08:19:46.742+0000] {logging_mixin.py:190} INFO - [2024-12-13T08:19:46.742+0000] {dag.py:3239} INFO - Sync 1 DAGs
[2024-12-13T08:19:46.760+0000] {logging_mixin.py:190} INFO - [2024-12-13T08:19:46.760+0000] {dag.py:4180} INFO - Setting next_dagrun for example_setup_teardown to None, run_after=None
[2024-12-13T08:19:46.781+0000] {processor.py:208} INFO - Processing /opt/bitnami/airflow/venv/lib/python3.12/site-packages/airflow/example_dags/example_setup_teardown.py took 0.090 seconds
[2024-12-13T08:20:16.952+0000] {processor.py:186} INFO - Started process (PID=148) to work on /opt/bitnami/airflow/venv/lib/python3.12/site-packages/airflow/example_dags/example_setup_teardown.py
[2024-12-13T08:20:16.953+0000] {processor.py:914} INFO - Processing file /opt/bitnami/airflow/venv/lib/python3.12/site-packages/airflow/example_dags/example_setup_teardown.py for tasks to queue
[2024-12-13T08:20:16.955+0000] {logging_mixin.py:190} INFO - [2024-12-13T08:20:16.954+0000] {dagbag.py:588} INFO - Filling up the DagBag from /opt/bitnami/airflow/venv/lib/python3.12/site-packages/airflow/example_dags/example_setup_teardown.py
[2024-12-13T08:20:16.960+0000] {processor.py:925} INFO - DAG(s) 'example_setup_teardown' retrieved from /opt/bitnami/airflow/venv/lib/python3.12/site-packages/airflow/example_dags/example_setup_teardown.py
[2024-12-13T08:20:16.991+0000] {logging_mixin.py:190} INFO - [2024-12-13T08:20:16.991+0000] {dag.py:3239} INFO - Sync 1 DAGs
[2024-12-13T08:20:17.013+0000] {logging_mixin.py:190} INFO - [2024-12-13T08:20:17.013+0000] {dag.py:4180} INFO - Setting next_dagrun for example_setup_teardown to None, run_after=None
[2024-12-13T08:20:17.034+0000] {processor.py:208} INFO - Processing /opt/bitnami/airflow/venv/lib/python3.12/site-packages/airflow/example_dags/example_setup_teardown.py took 0.087 seconds
[2024-12-13T08:20:48.216+0000] {processor.py:186} INFO - Started process (PID=205) to work on /opt/bitnami/airflow/venv/lib/python3.12/site-packages/airflow/example_dags/example_setup_teardown.py
[2024-12-13T08:20:48.218+0000] {processor.py:914} INFO - Processing file /opt/bitnami/airflow/venv/lib/python3.12/site-packages/airflow/example_dags/example_setup_teardown.py for tasks to queue
[2024-12-13T08:20:48.223+0000] {logging_mixin.py:190} INFO - [2024-12-13T08:20:48.223+0000] {dagbag.py:588} INFO - Filling up the DagBag from /opt/bitnami/airflow/venv/lib/python3.12/site-packages/airflow/example_dags/example_setup_teardown.py
[2024-12-13T08:20:48.232+0000] {processor.py:925} INFO - DAG(s) 'example_setup_teardown' retrieved from /opt/bitnami/airflow/venv/lib/python3.12/site-packages/airflow/example_dags/example_setup_teardown.py
[2024-12-13T08:20:48.348+0000] {logging_mixin.py:190} INFO - [2024-12-13T08:20:48.348+0000] {dag.py:3239} INFO - Sync 1 DAGs
[2024-12-13T08:20:48.370+0000] {logging_mixin.py:190} INFO - [2024-12-13T08:20:48.370+0000] {dag.py:4180} INFO - Setting next_dagrun for example_setup_teardown to None, run_after=None
[2024-12-13T08:20:48.403+0000] {processor.py:208} INFO - Processing /opt/bitnami/airflow/venv/lib/python3.12/site-packages/airflow/example_dags/example_setup_teardown.py took 0.191 seconds
[2024-12-13T08:21:18.600+0000] {processor.py:186} INFO - Started process (PID=262) to work on /opt/bitnami/airflow/venv/lib/python3.12/site-packages/airflow/example_dags/example_setup_teardown.py
[2024-12-13T08:21:18.601+0000] {processor.py:914} INFO - Processing file /opt/bitnami/airflow/venv/lib/python3.12/site-packages/airflow/example_dags/example_setup_teardown.py for tasks to queue
[2024-12-13T08:21:18.603+0000] {logging_mixin.py:190} INFO - [2024-12-13T08:21:18.603+0000] {dagbag.py:588} INFO - Filling up the DagBag from /opt/bitnami/airflow/venv/lib/python3.12/site-packages/airflow/example_dags/example_setup_teardown.py
[2024-12-13T08:21:18.609+0000] {processor.py:925} INFO - DAG(s) 'example_setup_teardown' retrieved from /opt/bitnami/airflow/venv/lib/python3.12/site-packages/airflow/example_dags/example_setup_teardown.py
[2024-12-13T08:21:18.642+0000] {logging_mixin.py:190} INFO - [2024-12-13T08:21:18.642+0000] {dag.py:3239} INFO - Sync 1 DAGs
[2024-12-13T08:21:18.661+0000] {logging_mixin.py:190} INFO - [2024-12-13T08:21:18.661+0000] {dag.py:4180} INFO - Setting next_dagrun for example_setup_teardown to None, run_after=None
[2024-12-13T08:21:18.683+0000] {processor.py:208} INFO - Processing /opt/bitnami/airflow/venv/lib/python3.12/site-packages/airflow/example_dags/example_setup_teardown.py took 0.088 seconds
[2024-12-13T08:21:49.295+0000] {processor.py:186} INFO - Started process (PID=319) to work on /opt/bitnami/airflow/venv/lib/python3.12/site-packages/airflow/example_dags/example_setup_teardown.py
[2024-12-13T08:21:49.296+0000] {processor.py:914} INFO - Processing file /opt/bitnami/airflow/venv/lib/python3.12/site-packages/airflow/example_dags/example_setup_teardown.py for tasks to queue
[2024-12-13T08:21:49.297+0000] {logging_mixin.py:190} INFO - [2024-12-13T08:21:49.297+0000] {dagbag.py:588} INFO - Filling up the DagBag from /opt/bitnami/airflow/venv/lib/python3.12/site-packages/airflow/example_dags/example_setup_teardown.py
[2024-12-13T08:21:49.303+0000] {processor.py:925} INFO - DAG(s) 'example_setup_teardown' retrieved from /opt/bitnami/airflow/venv/lib/python3.12/site-packages/airflow/example_dags/example_setup_teardown.py
[2024-12-13T08:21:49.335+0000] {logging_mixin.py:190} INFO - [2024-12-13T08:21:49.335+0000] {dag.py:3239} INFO - Sync 1 DAGs
[2024-12-13T08:21:49.355+0000] {logging_mixin.py:190} INFO - [2024-12-13T08:21:49.355+0000] {dag.py:4180} INFO - Setting next_dagrun for example_setup_teardown to None, run_after=None
[2024-12-13T08:21:49.380+0000] {processor.py:208} INFO - Processing /opt/bitnami/airflow/venv/lib/python3.12/site-packages/airflow/example_dags/example_setup_teardown.py took 0.090 seconds
[2024-12-13T08:22:19.713+0000] {processor.py:186} INFO - Started process (PID=376) to work on /opt/bitnami/airflow/venv/lib/python3.12/site-packages/airflow/example_dags/example_setup_teardown.py
[2024-12-13T08:22:19.714+0000] {processor.py:914} INFO - Processing file /opt/bitnami/airflow/venv/lib/python3.12/site-packages/airflow/example_dags/example_setup_teardown.py for tasks to queue
[2024-12-13T08:22:19.716+0000] {logging_mixin.py:190} INFO - [2024-12-13T08:22:19.716+0000] {dagbag.py:588} INFO - Filling up the DagBag from /opt/bitnami/airflow/venv/lib/python3.12/site-packages/airflow/example_dags/example_setup_teardown.py
[2024-12-13T08:22:19.722+0000] {processor.py:925} INFO - DAG(s) 'example_setup_teardown' retrieved from /opt/bitnami/airflow/venv/lib/python3.12/site-packages/airflow/example_dags/example_setup_teardown.py
[2024-12-13T08:22:19.751+0000] {logging_mixin.py:190} INFO - [2024-12-13T08:22:19.751+0000] {dag.py:3239} INFO - Sync 1 DAGs
[2024-12-13T08:22:19.768+0000] {logging_mixin.py:190} INFO - [2024-12-13T08:22:19.768+0000] {dag.py:4180} INFO - Setting next_dagrun for example_setup_teardown to None, run_after=None
[2024-12-13T08:22:19.788+0000] {processor.py:208} INFO - Processing /opt/bitnami/airflow/venv/lib/python3.12/site-packages/airflow/example_dags/example_setup_teardown.py took 0.080 seconds
[2024-12-13T08:22:50.450+0000] {processor.py:186} INFO - Started process (PID=433) to work on /opt/bitnami/airflow/venv/lib/python3.12/site-packages/airflow/example_dags/example_setup_teardown.py
[2024-12-13T08:22:50.451+0000] {processor.py:914} INFO - Processing file /opt/bitnami/airflow/venv/lib/python3.12/site-packages/airflow/example_dags/example_setup_teardown.py for tasks to queue
[2024-12-13T08:22:50.453+0000] {logging_mixin.py:190} INFO - [2024-12-13T08:22:50.452+0000] {dagbag.py:588} INFO - Filling up the DagBag from /opt/bitnami/airflow/venv/lib/python3.12/site-packages/airflow/example_dags/example_setup_teardown.py
[2024-12-13T08:22:50.458+0000] {processor.py:925} INFO - DAG(s) 'example_setup_teardown' retrieved from /opt/bitnami/airflow/venv/lib/python3.12/site-packages/airflow/example_dags/example_setup_teardown.py
[2024-12-13T08:22:50.487+0000] {logging_mixin.py:190} INFO - [2024-12-13T08:22:50.486+0000] {dag.py:3239} INFO - Sync 1 DAGs
[2024-12-13T08:22:50.503+0000] {logging_mixin.py:190} INFO - [2024-12-13T08:22:50.503+0000] {dag.py:4180} INFO - Setting next_dagrun for example_setup_teardown to None, run_after=None
[2024-12-13T08:22:50.522+0000] {processor.py:208} INFO - Processing /opt/bitnami/airflow/venv/lib/python3.12/site-packages/airflow/example_dags/example_setup_teardown.py took 0.077 seconds
[2024-12-13T08:25:48.116+0000] {processor.py:186} INFO - Started process (PID=91) to work on /opt/bitnami/airflow/venv/lib/python3.12/site-packages/airflow/example_dags/example_setup_teardown.py
[2024-12-13T08:25:48.118+0000] {processor.py:914} INFO - Processing file /opt/bitnami/airflow/venv/lib/python3.12/site-packages/airflow/example_dags/example_setup_teardown.py for tasks to queue
[2024-12-13T08:25:48.120+0000] {logging_mixin.py:190} INFO - [2024-12-13T08:25:48.120+0000] {dagbag.py:588} INFO - Filling up the DagBag from /opt/bitnami/airflow/venv/lib/python3.12/site-packages/airflow/example_dags/example_setup_teardown.py
[2024-12-13T08:25:48.126+0000] {processor.py:925} INFO - DAG(s) 'example_setup_teardown' retrieved from /opt/bitnami/airflow/venv/lib/python3.12/site-packages/airflow/example_dags/example_setup_teardown.py
[2024-12-13T08:25:48.168+0000] {logging_mixin.py:190} INFO - [2024-12-13T08:25:48.167+0000] {dag.py:3239} INFO - Sync 1 DAGs
[2024-12-13T08:25:48.198+0000] {logging_mixin.py:190} INFO - [2024-12-13T08:25:48.198+0000] {dag.py:4180} INFO - Setting next_dagrun for example_setup_teardown to None, run_after=None
[2024-12-13T08:25:48.223+0000] {processor.py:208} INFO - Processing /opt/bitnami/airflow/venv/lib/python3.12/site-packages/airflow/example_dags/example_setup_teardown.py took 0.112 seconds
[2024-12-13T08:26:18.956+0000] {processor.py:186} INFO - Started process (PID=148) to work on /opt/bitnami/airflow/venv/lib/python3.12/site-packages/airflow/example_dags/example_setup_teardown.py
[2024-12-13T08:26:18.957+0000] {processor.py:914} INFO - Processing file /opt/bitnami/airflow/venv/lib/python3.12/site-packages/airflow/example_dags/example_setup_teardown.py for tasks to queue
[2024-12-13T08:26:18.959+0000] {logging_mixin.py:190} INFO - [2024-12-13T08:26:18.959+0000] {dagbag.py:588} INFO - Filling up the DagBag from /opt/bitnami/airflow/venv/lib/python3.12/site-packages/airflow/example_dags/example_setup_teardown.py
[2024-12-13T08:26:18.964+0000] {processor.py:925} INFO - DAG(s) 'example_setup_teardown' retrieved from /opt/bitnami/airflow/venv/lib/python3.12/site-packages/airflow/example_dags/example_setup_teardown.py
[2024-12-13T08:26:18.998+0000] {logging_mixin.py:190} INFO - [2024-12-13T08:26:18.998+0000] {dag.py:3239} INFO - Sync 1 DAGs
[2024-12-13T08:26:19.019+0000] {logging_mixin.py:190} INFO - [2024-12-13T08:26:19.018+0000] {dag.py:4180} INFO - Setting next_dagrun for example_setup_teardown to None, run_after=None
[2024-12-13T08:26:19.038+0000] {processor.py:208} INFO - Processing /opt/bitnami/airflow/venv/lib/python3.12/site-packages/airflow/example_dags/example_setup_teardown.py took 0.086 seconds
[2024-12-13T08:26:51.046+0000] {processor.py:186} INFO - Started process (PID=205) to work on /opt/bitnami/airflow/venv/lib/python3.12/site-packages/airflow/example_dags/example_setup_teardown.py
[2024-12-13T08:26:51.047+0000] {processor.py:914} INFO - Processing file /opt/bitnami/airflow/venv/lib/python3.12/site-packages/airflow/example_dags/example_setup_teardown.py for tasks to queue
[2024-12-13T08:26:51.049+0000] {logging_mixin.py:190} INFO - [2024-12-13T08:26:51.049+0000] {dagbag.py:588} INFO - Filling up the DagBag from /opt/bitnami/airflow/venv/lib/python3.12/site-packages/airflow/example_dags/example_setup_teardown.py
[2024-12-13T08:26:51.055+0000] {processor.py:925} INFO - DAG(s) 'example_setup_teardown' retrieved from /opt/bitnami/airflow/venv/lib/python3.12/site-packages/airflow/example_dags/example_setup_teardown.py
[2024-12-13T08:26:51.146+0000] {logging_mixin.py:190} INFO - [2024-12-13T08:26:51.146+0000] {dag.py:3239} INFO - Sync 1 DAGs
[2024-12-13T08:26:51.164+0000] {logging_mixin.py:190} INFO - [2024-12-13T08:26:51.164+0000] {dag.py:4180} INFO - Setting next_dagrun for example_setup_teardown to None, run_after=None
[2024-12-13T08:26:51.200+0000] {processor.py:208} INFO - Processing /opt/bitnami/airflow/venv/lib/python3.12/site-packages/airflow/example_dags/example_setup_teardown.py took 0.159 seconds
[2024-12-13T08:27:21.288+0000] {processor.py:186} INFO - Started process (PID=262) to work on /opt/bitnami/airflow/venv/lib/python3.12/site-packages/airflow/example_dags/example_setup_teardown.py
[2024-12-13T08:27:21.288+0000] {processor.py:914} INFO - Processing file /opt/bitnami/airflow/venv/lib/python3.12/site-packages/airflow/example_dags/example_setup_teardown.py for tasks to queue
[2024-12-13T08:27:21.291+0000] {logging_mixin.py:190} INFO - [2024-12-13T08:27:21.290+0000] {dagbag.py:588} INFO - Filling up the DagBag from /opt/bitnami/airflow/venv/lib/python3.12/site-packages/airflow/example_dags/example_setup_teardown.py
[2024-12-13T08:27:21.296+0000] {processor.py:925} INFO - DAG(s) 'example_setup_teardown' retrieved from /opt/bitnami/airflow/venv/lib/python3.12/site-packages/airflow/example_dags/example_setup_teardown.py
[2024-12-13T08:27:21.333+0000] {logging_mixin.py:190} INFO - [2024-12-13T08:27:21.332+0000] {dag.py:3239} INFO - Sync 1 DAGs
[2024-12-13T08:27:21.354+0000] {logging_mixin.py:190} INFO - [2024-12-13T08:27:21.354+0000] {dag.py:4180} INFO - Setting next_dagrun for example_setup_teardown to None, run_after=None
[2024-12-13T08:27:21.378+0000] {processor.py:208} INFO - Processing /opt/bitnami/airflow/venv/lib/python3.12/site-packages/airflow/example_dags/example_setup_teardown.py took 0.096 seconds
[2024-12-13T10:42:44.999+0000] {processor.py:186} INFO - Started process (PID=91) to work on /opt/bitnami/airflow/venv/lib/python3.12/site-packages/airflow/example_dags/example_setup_teardown.py
[2024-12-13T10:42:45.001+0000] {processor.py:914} INFO - Processing file /opt/bitnami/airflow/venv/lib/python3.12/site-packages/airflow/example_dags/example_setup_teardown.py for tasks to queue
[2024-12-13T10:42:45.004+0000] {logging_mixin.py:190} INFO - [2024-12-13T10:42:45.003+0000] {dagbag.py:588} INFO - Filling up the DagBag from /opt/bitnami/airflow/venv/lib/python3.12/site-packages/airflow/example_dags/example_setup_teardown.py
[2024-12-13T10:42:45.010+0000] {processor.py:925} INFO - DAG(s) 'example_setup_teardown' retrieved from /opt/bitnami/airflow/venv/lib/python3.12/site-packages/airflow/example_dags/example_setup_teardown.py
[2024-12-13T10:42:45.148+0000] {logging_mixin.py:190} INFO - [2024-12-13T10:42:45.147+0000] {override.py:1900} INFO - Created Permission View: can read on DAG:example_setup_teardown
[2024-12-13T10:42:45.164+0000] {logging_mixin.py:190} INFO - [2024-12-13T10:42:45.163+0000] {override.py:1900} INFO - Created Permission View: can delete on DAG:example_setup_teardown
[2024-12-13T10:42:45.173+0000] {logging_mixin.py:190} INFO - [2024-12-13T10:42:45.172+0000] {override.py:1900} INFO - Created Permission View: can edit on DAG:example_setup_teardown
[2024-12-13T10:42:45.184+0000] {logging_mixin.py:190} INFO - [2024-12-13T10:42:45.184+0000] {override.py:1900} INFO - Created Permission View: can delete on DAG Run:example_setup_teardown
[2024-12-13T10:42:45.193+0000] {logging_mixin.py:190} INFO - [2024-12-13T10:42:45.193+0000] {override.py:1900} INFO - Created Permission View: can read on DAG Run:example_setup_teardown
[2024-12-13T10:42:45.203+0000] {logging_mixin.py:190} INFO - [2024-12-13T10:42:45.203+0000] {override.py:1900} INFO - Created Permission View: can create on DAG Run:example_setup_teardown
[2024-12-13T10:42:45.212+0000] {logging_mixin.py:190} INFO - [2024-12-13T10:42:45.212+0000] {override.py:1900} INFO - Created Permission View: menu access on DAG Run:example_setup_teardown
[2024-12-13T10:42:45.213+0000] {logging_mixin.py:190} INFO - [2024-12-13T10:42:45.213+0000] {dag.py:3239} INFO - Sync 1 DAGs
[2024-12-13T10:42:45.246+0000] {logging_mixin.py:190} INFO - [2024-12-13T10:42:45.245+0000] {dag.py:3262} INFO - Creating ORM DAG for example_setup_teardown
[2024-12-13T10:42:45.247+0000] {logging_mixin.py:190} INFO - [2024-12-13T10:42:45.247+0000] {dag.py:4180} INFO - Setting next_dagrun for example_setup_teardown to None, run_after=None
[2024-12-13T10:42:45.282+0000] {processor.py:208} INFO - Processing /opt/bitnami/airflow/venv/lib/python3.12/site-packages/airflow/example_dags/example_setup_teardown.py took 0.291 seconds
[2024-12-13T10:43:15.820+0000] {processor.py:186} INFO - Started process (PID=148) to work on /opt/bitnami/airflow/venv/lib/python3.12/site-packages/airflow/example_dags/example_setup_teardown.py
[2024-12-13T10:43:15.822+0000] {processor.py:914} INFO - Processing file /opt/bitnami/airflow/venv/lib/python3.12/site-packages/airflow/example_dags/example_setup_teardown.py for tasks to queue
[2024-12-13T10:43:15.824+0000] {logging_mixin.py:190} INFO - [2024-12-13T10:43:15.824+0000] {dagbag.py:588} INFO - Filling up the DagBag from /opt/bitnami/airflow/venv/lib/python3.12/site-packages/airflow/example_dags/example_setup_teardown.py
[2024-12-13T10:43:15.830+0000] {processor.py:925} INFO - DAG(s) 'example_setup_teardown' retrieved from /opt/bitnami/airflow/venv/lib/python3.12/site-packages/airflow/example_dags/example_setup_teardown.py
[2024-12-13T10:43:15.918+0000] {logging_mixin.py:190} INFO - [2024-12-13T10:43:15.918+0000] {dag.py:3239} INFO - Sync 1 DAGs
[2024-12-13T10:43:15.959+0000] {logging_mixin.py:190} INFO - [2024-12-13T10:43:15.959+0000] {dag.py:4180} INFO - Setting next_dagrun for example_setup_teardown to None, run_after=None
[2024-12-13T10:43:16.008+0000] {processor.py:208} INFO - Processing /opt/bitnami/airflow/venv/lib/python3.12/site-packages/airflow/example_dags/example_setup_teardown.py took 0.193 seconds
[2024-12-13T10:43:46.355+0000] {processor.py:186} INFO - Started process (PID=205) to work on /opt/bitnami/airflow/venv/lib/python3.12/site-packages/airflow/example_dags/example_setup_teardown.py
[2024-12-13T10:43:46.357+0000] {processor.py:914} INFO - Processing file /opt/bitnami/airflow/venv/lib/python3.12/site-packages/airflow/example_dags/example_setup_teardown.py for tasks to queue
[2024-12-13T10:43:46.360+0000] {logging_mixin.py:190} INFO - [2024-12-13T10:43:46.360+0000] {dagbag.py:588} INFO - Filling up the DagBag from /opt/bitnami/airflow/venv/lib/python3.12/site-packages/airflow/example_dags/example_setup_teardown.py
[2024-12-13T10:43:46.368+0000] {processor.py:925} INFO - DAG(s) 'example_setup_teardown' retrieved from /opt/bitnami/airflow/venv/lib/python3.12/site-packages/airflow/example_dags/example_setup_teardown.py
[2024-12-13T10:43:46.491+0000] {logging_mixin.py:190} INFO - [2024-12-13T10:43:46.491+0000] {dag.py:3239} INFO - Sync 1 DAGs
[2024-12-13T10:43:46.515+0000] {logging_mixin.py:190} INFO - [2024-12-13T10:43:46.514+0000] {dag.py:4180} INFO - Setting next_dagrun for example_setup_teardown to None, run_after=None
[2024-12-13T10:43:46.541+0000] {processor.py:208} INFO - Processing /opt/bitnami/airflow/venv/lib/python3.12/site-packages/airflow/example_dags/example_setup_teardown.py took 0.194 seconds
[2024-12-13T10:44:17.162+0000] {processor.py:186} INFO - Started process (PID=262) to work on /opt/bitnami/airflow/venv/lib/python3.12/site-packages/airflow/example_dags/example_setup_teardown.py
[2024-12-13T10:44:17.163+0000] {processor.py:914} INFO - Processing file /opt/bitnami/airflow/venv/lib/python3.12/site-packages/airflow/example_dags/example_setup_teardown.py for tasks to queue
[2024-12-13T10:44:17.165+0000] {logging_mixin.py:190} INFO - [2024-12-13T10:44:17.165+0000] {dagbag.py:588} INFO - Filling up the DagBag from /opt/bitnami/airflow/venv/lib/python3.12/site-packages/airflow/example_dags/example_setup_teardown.py
[2024-12-13T10:44:17.170+0000] {processor.py:925} INFO - DAG(s) 'example_setup_teardown' retrieved from /opt/bitnami/airflow/venv/lib/python3.12/site-packages/airflow/example_dags/example_setup_teardown.py
[2024-12-13T10:44:17.218+0000] {logging_mixin.py:190} INFO - [2024-12-13T10:44:17.217+0000] {dag.py:3239} INFO - Sync 1 DAGs
[2024-12-13T10:44:17.252+0000] {logging_mixin.py:190} INFO - [2024-12-13T10:44:17.251+0000] {dag.py:4180} INFO - Setting next_dagrun for example_setup_teardown to None, run_after=None
[2024-12-13T10:44:17.299+0000] {processor.py:208} INFO - Processing /opt/bitnami/airflow/venv/lib/python3.12/site-packages/airflow/example_dags/example_setup_teardown.py took 0.142 seconds
[2024-12-13T10:44:47.763+0000] {processor.py:186} INFO - Started process (PID=319) to work on /opt/bitnami/airflow/venv/lib/python3.12/site-packages/airflow/example_dags/example_setup_teardown.py
[2024-12-13T10:44:47.764+0000] {processor.py:914} INFO - Processing file /opt/bitnami/airflow/venv/lib/python3.12/site-packages/airflow/example_dags/example_setup_teardown.py for tasks to queue
[2024-12-13T10:44:47.767+0000] {logging_mixin.py:190} INFO - [2024-12-13T10:44:47.767+0000] {dagbag.py:588} INFO - Filling up the DagBag from /opt/bitnami/airflow/venv/lib/python3.12/site-packages/airflow/example_dags/example_setup_teardown.py
[2024-12-13T10:44:47.775+0000] {processor.py:925} INFO - DAG(s) 'example_setup_teardown' retrieved from /opt/bitnami/airflow/venv/lib/python3.12/site-packages/airflow/example_dags/example_setup_teardown.py
[2024-12-13T10:44:47.842+0000] {logging_mixin.py:190} INFO - [2024-12-13T10:44:47.842+0000] {dag.py:3239} INFO - Sync 1 DAGs
[2024-12-13T10:44:47.874+0000] {logging_mixin.py:190} INFO - [2024-12-13T10:44:47.874+0000] {dag.py:4180} INFO - Setting next_dagrun for example_setup_teardown to None, run_after=None
[2024-12-13T10:44:47.924+0000] {processor.py:208} INFO - Processing /opt/bitnami/airflow/venv/lib/python3.12/site-packages/airflow/example_dags/example_setup_teardown.py took 0.169 seconds
[2024-12-13T10:52:16.468+0000] {processor.py:186} INFO - Started process (PID=91) to work on /opt/bitnami/airflow/venv/lib/python3.12/site-packages/airflow/example_dags/example_setup_teardown.py
[2024-12-13T10:52:16.469+0000] {processor.py:914} INFO - Processing file /opt/bitnami/airflow/venv/lib/python3.12/site-packages/airflow/example_dags/example_setup_teardown.py for tasks to queue
[2024-12-13T10:52:16.472+0000] {logging_mixin.py:190} INFO - [2024-12-13T10:52:16.472+0000] {dagbag.py:588} INFO - Filling up the DagBag from /opt/bitnami/airflow/venv/lib/python3.12/site-packages/airflow/example_dags/example_setup_teardown.py
[2024-12-13T10:52:16.481+0000] {processor.py:925} INFO - DAG(s) 'example_setup_teardown' retrieved from /opt/bitnami/airflow/venv/lib/python3.12/site-packages/airflow/example_dags/example_setup_teardown.py
[2024-12-13T10:52:16.594+0000] {logging_mixin.py:190} INFO - [2024-12-13T10:52:16.593+0000] {override.py:1900} INFO - Created Permission View: can read on DAG:example_setup_teardown
[2024-12-13T10:52:16.606+0000] {logging_mixin.py:190} INFO - [2024-12-13T10:52:16.606+0000] {override.py:1900} INFO - Created Permission View: can delete on DAG:example_setup_teardown
[2024-12-13T10:52:16.613+0000] {logging_mixin.py:190} INFO - [2024-12-13T10:52:16.613+0000] {override.py:1900} INFO - Created Permission View: can edit on DAG:example_setup_teardown
[2024-12-13T10:52:16.623+0000] {logging_mixin.py:190} INFO - [2024-12-13T10:52:16.622+0000] {override.py:1900} INFO - Created Permission View: menu access on DAG Run:example_setup_teardown
[2024-12-13T10:52:16.630+0000] {logging_mixin.py:190} INFO - [2024-12-13T10:52:16.629+0000] {override.py:1900} INFO - Created Permission View: can read on DAG Run:example_setup_teardown
[2024-12-13T10:52:16.636+0000] {logging_mixin.py:190} INFO - [2024-12-13T10:52:16.636+0000] {override.py:1900} INFO - Created Permission View: can delete on DAG Run:example_setup_teardown
[2024-12-13T10:52:16.642+0000] {logging_mixin.py:190} INFO - [2024-12-13T10:52:16.641+0000] {override.py:1900} INFO - Created Permission View: can create on DAG Run:example_setup_teardown
[2024-12-13T10:52:16.642+0000] {logging_mixin.py:190} INFO - [2024-12-13T10:52:16.642+0000] {dag.py:3239} INFO - Sync 1 DAGs
[2024-12-13T10:52:16.671+0000] {logging_mixin.py:190} INFO - [2024-12-13T10:52:16.671+0000] {dag.py:3262} INFO - Creating ORM DAG for example_setup_teardown
[2024-12-13T10:52:16.672+0000] {logging_mixin.py:190} INFO - [2024-12-13T10:52:16.672+0000] {dag.py:4180} INFO - Setting next_dagrun for example_setup_teardown to None, run_after=None
[2024-12-13T10:52:16.695+0000] {processor.py:208} INFO - Processing /opt/bitnami/airflow/venv/lib/python3.12/site-packages/airflow/example_dags/example_setup_teardown.py took 0.233 seconds
[2024-12-13T10:52:47.526+0000] {processor.py:186} INFO - Started process (PID=148) to work on /opt/bitnami/airflow/venv/lib/python3.12/site-packages/airflow/example_dags/example_setup_teardown.py
[2024-12-13T10:52:47.527+0000] {processor.py:914} INFO - Processing file /opt/bitnami/airflow/venv/lib/python3.12/site-packages/airflow/example_dags/example_setup_teardown.py for tasks to queue
[2024-12-13T10:52:47.530+0000] {logging_mixin.py:190} INFO - [2024-12-13T10:52:47.530+0000] {dagbag.py:588} INFO - Filling up the DagBag from /opt/bitnami/airflow/venv/lib/python3.12/site-packages/airflow/example_dags/example_setup_teardown.py
[2024-12-13T10:52:47.539+0000] {processor.py:925} INFO - DAG(s) 'example_setup_teardown' retrieved from /opt/bitnami/airflow/venv/lib/python3.12/site-packages/airflow/example_dags/example_setup_teardown.py
[2024-12-13T10:52:47.630+0000] {logging_mixin.py:190} INFO - [2024-12-13T10:52:47.630+0000] {dag.py:3239} INFO - Sync 1 DAGs
[2024-12-13T10:52:47.688+0000] {logging_mixin.py:190} INFO - [2024-12-13T10:52:47.688+0000] {dag.py:4180} INFO - Setting next_dagrun for example_setup_teardown to None, run_after=None
[2024-12-13T10:52:47.731+0000] {processor.py:208} INFO - Processing /opt/bitnami/airflow/venv/lib/python3.12/site-packages/airflow/example_dags/example_setup_teardown.py took 0.212 seconds
[2024-12-13T10:53:18.499+0000] {processor.py:186} INFO - Started process (PID=205) to work on /opt/bitnami/airflow/venv/lib/python3.12/site-packages/airflow/example_dags/example_setup_teardown.py
[2024-12-13T10:53:18.500+0000] {processor.py:914} INFO - Processing file /opt/bitnami/airflow/venv/lib/python3.12/site-packages/airflow/example_dags/example_setup_teardown.py for tasks to queue
[2024-12-13T10:53:18.503+0000] {logging_mixin.py:190} INFO - [2024-12-13T10:53:18.503+0000] {dagbag.py:588} INFO - Filling up the DagBag from /opt/bitnami/airflow/venv/lib/python3.12/site-packages/airflow/example_dags/example_setup_teardown.py
[2024-12-13T10:53:18.512+0000] {processor.py:925} INFO - DAG(s) 'example_setup_teardown' retrieved from /opt/bitnami/airflow/venv/lib/python3.12/site-packages/airflow/example_dags/example_setup_teardown.py
[2024-12-13T10:53:18.661+0000] {logging_mixin.py:190} INFO - [2024-12-13T10:53:18.661+0000] {dag.py:3239} INFO - Sync 1 DAGs
[2024-12-13T10:53:18.689+0000] {logging_mixin.py:190} INFO - [2024-12-13T10:53:18.689+0000] {dag.py:4180} INFO - Setting next_dagrun for example_setup_teardown to None, run_after=None
[2024-12-13T10:53:18.721+0000] {processor.py:208} INFO - Processing /opt/bitnami/airflow/venv/lib/python3.12/site-packages/airflow/example_dags/example_setup_teardown.py took 0.229 seconds
[2024-12-13T10:53:48.820+0000] {processor.py:186} INFO - Started process (PID=262) to work on /opt/bitnami/airflow/venv/lib/python3.12/site-packages/airflow/example_dags/example_setup_teardown.py
[2024-12-13T10:53:48.822+0000] {processor.py:914} INFO - Processing file /opt/bitnami/airflow/venv/lib/python3.12/site-packages/airflow/example_dags/example_setup_teardown.py for tasks to queue
[2024-12-13T10:53:48.825+0000] {logging_mixin.py:190} INFO - [2024-12-13T10:53:48.824+0000] {dagbag.py:588} INFO - Filling up the DagBag from /opt/bitnami/airflow/venv/lib/python3.12/site-packages/airflow/example_dags/example_setup_teardown.py
[2024-12-13T10:53:48.832+0000] {processor.py:925} INFO - DAG(s) 'example_setup_teardown' retrieved from /opt/bitnami/airflow/venv/lib/python3.12/site-packages/airflow/example_dags/example_setup_teardown.py
[2024-12-13T10:53:48.904+0000] {logging_mixin.py:190} INFO - [2024-12-13T10:53:48.904+0000] {dag.py:3239} INFO - Sync 1 DAGs
[2024-12-13T10:53:48.932+0000] {logging_mixin.py:190} INFO - [2024-12-13T10:53:48.932+0000] {dag.py:4180} INFO - Setting next_dagrun for example_setup_teardown to None, run_after=None
[2024-12-13T10:53:48.973+0000] {processor.py:208} INFO - Processing /opt/bitnami/airflow/venv/lib/python3.12/site-packages/airflow/example_dags/example_setup_teardown.py took 0.158 seconds
[2024-12-13T10:54:19.708+0000] {processor.py:186} INFO - Started process (PID=319) to work on /opt/bitnami/airflow/venv/lib/python3.12/site-packages/airflow/example_dags/example_setup_teardown.py
[2024-12-13T10:54:19.709+0000] {processor.py:914} INFO - Processing file /opt/bitnami/airflow/venv/lib/python3.12/site-packages/airflow/example_dags/example_setup_teardown.py for tasks to queue
[2024-12-13T10:54:19.711+0000] {logging_mixin.py:190} INFO - [2024-12-13T10:54:19.711+0000] {dagbag.py:588} INFO - Filling up the DagBag from /opt/bitnami/airflow/venv/lib/python3.12/site-packages/airflow/example_dags/example_setup_teardown.py
[2024-12-13T10:54:19.718+0000] {processor.py:925} INFO - DAG(s) 'example_setup_teardown' retrieved from /opt/bitnami/airflow/venv/lib/python3.12/site-packages/airflow/example_dags/example_setup_teardown.py
[2024-12-13T10:54:19.791+0000] {logging_mixin.py:190} INFO - [2024-12-13T10:54:19.791+0000] {dag.py:3239} INFO - Sync 1 DAGs
[2024-12-13T10:54:19.821+0000] {logging_mixin.py:190} INFO - [2024-12-13T10:54:19.821+0000] {dag.py:4180} INFO - Setting next_dagrun for example_setup_teardown to None, run_after=None
[2024-12-13T10:54:19.859+0000] {processor.py:208} INFO - Processing /opt/bitnami/airflow/venv/lib/python3.12/site-packages/airflow/example_dags/example_setup_teardown.py took 0.155 seconds
[2024-12-13T10:54:50.136+0000] {processor.py:186} INFO - Started process (PID=376) to work on /opt/bitnami/airflow/venv/lib/python3.12/site-packages/airflow/example_dags/example_setup_teardown.py
[2024-12-13T10:54:50.137+0000] {processor.py:914} INFO - Processing file /opt/bitnami/airflow/venv/lib/python3.12/site-packages/airflow/example_dags/example_setup_teardown.py for tasks to queue
[2024-12-13T10:54:50.140+0000] {logging_mixin.py:190} INFO - [2024-12-13T10:54:50.139+0000] {dagbag.py:588} INFO - Filling up the DagBag from /opt/bitnami/airflow/venv/lib/python3.12/site-packages/airflow/example_dags/example_setup_teardown.py
[2024-12-13T10:54:50.148+0000] {processor.py:925} INFO - DAG(s) 'example_setup_teardown' retrieved from /opt/bitnami/airflow/venv/lib/python3.12/site-packages/airflow/example_dags/example_setup_teardown.py
[2024-12-13T10:54:50.184+0000] {logging_mixin.py:190} INFO - [2024-12-13T10:54:50.184+0000] {dag.py:3239} INFO - Sync 1 DAGs
[2024-12-13T10:54:50.201+0000] {logging_mixin.py:190} INFO - [2024-12-13T10:54:50.201+0000] {dag.py:4180} INFO - Setting next_dagrun for example_setup_teardown to None, run_after=None
[2024-12-13T10:54:50.226+0000] {processor.py:208} INFO - Processing /opt/bitnami/airflow/venv/lib/python3.12/site-packages/airflow/example_dags/example_setup_teardown.py took 0.096 seconds
[2024-12-13T10:55:21.436+0000] {processor.py:186} INFO - Started process (PID=433) to work on /opt/bitnami/airflow/venv/lib/python3.12/site-packages/airflow/example_dags/example_setup_teardown.py
[2024-12-13T10:55:21.439+0000] {processor.py:914} INFO - Processing file /opt/bitnami/airflow/venv/lib/python3.12/site-packages/airflow/example_dags/example_setup_teardown.py for tasks to queue
[2024-12-13T10:55:21.443+0000] {logging_mixin.py:190} INFO - [2024-12-13T10:55:21.442+0000] {dagbag.py:588} INFO - Filling up the DagBag from /opt/bitnami/airflow/venv/lib/python3.12/site-packages/airflow/example_dags/example_setup_teardown.py
[2024-12-13T10:55:21.453+0000] {processor.py:925} INFO - DAG(s) 'example_setup_teardown' retrieved from /opt/bitnami/airflow/venv/lib/python3.12/site-packages/airflow/example_dags/example_setup_teardown.py
[2024-12-13T10:55:21.538+0000] {logging_mixin.py:190} INFO - [2024-12-13T10:55:21.537+0000] {dag.py:3239} INFO - Sync 1 DAGs
[2024-12-13T10:55:21.570+0000] {logging_mixin.py:190} INFO - [2024-12-13T10:55:21.570+0000] {dag.py:4180} INFO - Setting next_dagrun for example_setup_teardown to None, run_after=None
[2024-12-13T10:55:21.607+0000] {processor.py:208} INFO - Processing /opt/bitnami/airflow/venv/lib/python3.12/site-packages/airflow/example_dags/example_setup_teardown.py took 0.179 seconds
[2024-12-13T10:55:52.319+0000] {processor.py:186} INFO - Started process (PID=490) to work on /opt/bitnami/airflow/venv/lib/python3.12/site-packages/airflow/example_dags/example_setup_teardown.py
[2024-12-13T10:55:52.321+0000] {processor.py:914} INFO - Processing file /opt/bitnami/airflow/venv/lib/python3.12/site-packages/airflow/example_dags/example_setup_teardown.py for tasks to queue
[2024-12-13T10:55:52.323+0000] {logging_mixin.py:190} INFO - [2024-12-13T10:55:52.323+0000] {dagbag.py:588} INFO - Filling up the DagBag from /opt/bitnami/airflow/venv/lib/python3.12/site-packages/airflow/example_dags/example_setup_teardown.py
[2024-12-13T10:55:52.330+0000] {processor.py:925} INFO - DAG(s) 'example_setup_teardown' retrieved from /opt/bitnami/airflow/venv/lib/python3.12/site-packages/airflow/example_dags/example_setup_teardown.py
[2024-12-13T10:55:52.413+0000] {logging_mixin.py:190} INFO - [2024-12-13T10:55:52.412+0000] {dag.py:3239} INFO - Sync 1 DAGs
[2024-12-13T10:55:52.449+0000] {logging_mixin.py:190} INFO - [2024-12-13T10:55:52.449+0000] {dag.py:4180} INFO - Setting next_dagrun for example_setup_teardown to None, run_after=None
[2024-12-13T10:55:52.503+0000] {processor.py:208} INFO - Processing /opt/bitnami/airflow/venv/lib/python3.12/site-packages/airflow/example_dags/example_setup_teardown.py took 0.188 seconds
[2024-12-13T10:56:22.835+0000] {processor.py:186} INFO - Started process (PID=547) to work on /opt/bitnami/airflow/venv/lib/python3.12/site-packages/airflow/example_dags/example_setup_teardown.py
[2024-12-13T10:56:22.836+0000] {processor.py:914} INFO - Processing file /opt/bitnami/airflow/venv/lib/python3.12/site-packages/airflow/example_dags/example_setup_teardown.py for tasks to queue
[2024-12-13T10:56:22.838+0000] {logging_mixin.py:190} INFO - [2024-12-13T10:56:22.837+0000] {dagbag.py:588} INFO - Filling up the DagBag from /opt/bitnami/airflow/venv/lib/python3.12/site-packages/airflow/example_dags/example_setup_teardown.py
[2024-12-13T10:56:22.844+0000] {processor.py:925} INFO - DAG(s) 'example_setup_teardown' retrieved from /opt/bitnami/airflow/venv/lib/python3.12/site-packages/airflow/example_dags/example_setup_teardown.py
[2024-12-13T10:56:22.887+0000] {logging_mixin.py:190} INFO - [2024-12-13T10:56:22.887+0000] {dag.py:3239} INFO - Sync 1 DAGs
[2024-12-13T10:56:22.909+0000] {logging_mixin.py:190} INFO - [2024-12-13T10:56:22.909+0000] {dag.py:4180} INFO - Setting next_dagrun for example_setup_teardown to None, run_after=None
[2024-12-13T10:56:22.935+0000] {processor.py:208} INFO - Processing /opt/bitnami/airflow/venv/lib/python3.12/site-packages/airflow/example_dags/example_setup_teardown.py took 0.104 seconds
[2024-12-13T10:56:53.411+0000] {processor.py:186} INFO - Started process (PID=604) to work on /opt/bitnami/airflow/venv/lib/python3.12/site-packages/airflow/example_dags/example_setup_teardown.py
[2024-12-13T10:56:53.413+0000] {processor.py:914} INFO - Processing file /opt/bitnami/airflow/venv/lib/python3.12/site-packages/airflow/example_dags/example_setup_teardown.py for tasks to queue
[2024-12-13T10:56:53.415+0000] {logging_mixin.py:190} INFO - [2024-12-13T10:56:53.415+0000] {dagbag.py:588} INFO - Filling up the DagBag from /opt/bitnami/airflow/venv/lib/python3.12/site-packages/airflow/example_dags/example_setup_teardown.py
[2024-12-13T10:56:53.421+0000] {processor.py:925} INFO - DAG(s) 'example_setup_teardown' retrieved from /opt/bitnami/airflow/venv/lib/python3.12/site-packages/airflow/example_dags/example_setup_teardown.py
[2024-12-13T10:56:53.463+0000] {logging_mixin.py:190} INFO - [2024-12-13T10:56:53.463+0000] {dag.py:3239} INFO - Sync 1 DAGs
[2024-12-13T10:56:53.480+0000] {logging_mixin.py:190} INFO - [2024-12-13T10:56:53.479+0000] {dag.py:4180} INFO - Setting next_dagrun for example_setup_teardown to None, run_after=None
[2024-12-13T10:56:53.499+0000] {processor.py:208} INFO - Processing /opt/bitnami/airflow/venv/lib/python3.12/site-packages/airflow/example_dags/example_setup_teardown.py took 0.094 seconds
[2024-12-13T10:57:23.737+0000] {processor.py:186} INFO - Started process (PID=661) to work on /opt/bitnami/airflow/venv/lib/python3.12/site-packages/airflow/example_dags/example_setup_teardown.py
[2024-12-13T10:57:23.738+0000] {processor.py:914} INFO - Processing file /opt/bitnami/airflow/venv/lib/python3.12/site-packages/airflow/example_dags/example_setup_teardown.py for tasks to queue
[2024-12-13T10:57:23.740+0000] {logging_mixin.py:190} INFO - [2024-12-13T10:57:23.740+0000] {dagbag.py:588} INFO - Filling up the DagBag from /opt/bitnami/airflow/venv/lib/python3.12/site-packages/airflow/example_dags/example_setup_teardown.py
[2024-12-13T10:57:23.746+0000] {processor.py:925} INFO - DAG(s) 'example_setup_teardown' retrieved from /opt/bitnami/airflow/venv/lib/python3.12/site-packages/airflow/example_dags/example_setup_teardown.py
[2024-12-13T10:57:23.776+0000] {logging_mixin.py:190} INFO - [2024-12-13T10:57:23.775+0000] {dag.py:3239} INFO - Sync 1 DAGs
[2024-12-13T10:57:23.799+0000] {logging_mixin.py:190} INFO - [2024-12-13T10:57:23.798+0000] {dag.py:4180} INFO - Setting next_dagrun for example_setup_teardown to None, run_after=None
[2024-12-13T10:57:23.818+0000] {processor.py:208} INFO - Processing /opt/bitnami/airflow/venv/lib/python3.12/site-packages/airflow/example_dags/example_setup_teardown.py took 0.086 seconds
[2024-12-13T10:57:54.709+0000] {processor.py:186} INFO - Started process (PID=718) to work on /opt/bitnami/airflow/venv/lib/python3.12/site-packages/airflow/example_dags/example_setup_teardown.py
[2024-12-13T10:57:54.710+0000] {processor.py:914} INFO - Processing file /opt/bitnami/airflow/venv/lib/python3.12/site-packages/airflow/example_dags/example_setup_teardown.py for tasks to queue
[2024-12-13T10:57:54.712+0000] {logging_mixin.py:190} INFO - [2024-12-13T10:57:54.712+0000] {dagbag.py:588} INFO - Filling up the DagBag from /opt/bitnami/airflow/venv/lib/python3.12/site-packages/airflow/example_dags/example_setup_teardown.py
[2024-12-13T10:57:54.718+0000] {processor.py:925} INFO - DAG(s) 'example_setup_teardown' retrieved from /opt/bitnami/airflow/venv/lib/python3.12/site-packages/airflow/example_dags/example_setup_teardown.py
[2024-12-13T10:57:54.750+0000] {logging_mixin.py:190} INFO - [2024-12-13T10:57:54.750+0000] {dag.py:3239} INFO - Sync 1 DAGs
[2024-12-13T10:57:54.764+0000] {logging_mixin.py:190} INFO - [2024-12-13T10:57:54.764+0000] {dag.py:4180} INFO - Setting next_dagrun for example_setup_teardown to None, run_after=None
[2024-12-13T10:57:54.788+0000] {processor.py:208} INFO - Processing /opt/bitnami/airflow/venv/lib/python3.12/site-packages/airflow/example_dags/example_setup_teardown.py took 0.084 seconds
[2024-12-13T10:58:25.641+0000] {processor.py:186} INFO - Started process (PID=775) to work on /opt/bitnami/airflow/venv/lib/python3.12/site-packages/airflow/example_dags/example_setup_teardown.py
[2024-12-13T10:58:25.643+0000] {processor.py:914} INFO - Processing file /opt/bitnami/airflow/venv/lib/python3.12/site-packages/airflow/example_dags/example_setup_teardown.py for tasks to queue
[2024-12-13T10:58:25.646+0000] {logging_mixin.py:190} INFO - [2024-12-13T10:58:25.645+0000] {dagbag.py:588} INFO - Filling up the DagBag from /opt/bitnami/airflow/venv/lib/python3.12/site-packages/airflow/example_dags/example_setup_teardown.py
[2024-12-13T10:58:25.653+0000] {processor.py:925} INFO - DAG(s) 'example_setup_teardown' retrieved from /opt/bitnami/airflow/venv/lib/python3.12/site-packages/airflow/example_dags/example_setup_teardown.py
[2024-12-13T10:58:25.731+0000] {logging_mixin.py:190} INFO - [2024-12-13T10:58:25.731+0000] {dag.py:3239} INFO - Sync 1 DAGs
[2024-12-13T10:58:25.755+0000] {logging_mixin.py:190} INFO - [2024-12-13T10:58:25.755+0000] {dag.py:4180} INFO - Setting next_dagrun for example_setup_teardown to None, run_after=None
[2024-12-13T10:58:25.783+0000] {processor.py:208} INFO - Processing /opt/bitnami/airflow/venv/lib/python3.12/site-packages/airflow/example_dags/example_setup_teardown.py took 0.148 seconds
[2024-12-13T10:58:56.937+0000] {processor.py:186} INFO - Started process (PID=832) to work on /opt/bitnami/airflow/venv/lib/python3.12/site-packages/airflow/example_dags/example_setup_teardown.py
[2024-12-13T10:58:56.938+0000] {processor.py:914} INFO - Processing file /opt/bitnami/airflow/venv/lib/python3.12/site-packages/airflow/example_dags/example_setup_teardown.py for tasks to queue
[2024-12-13T10:58:56.941+0000] {logging_mixin.py:190} INFO - [2024-12-13T10:58:56.941+0000] {dagbag.py:588} INFO - Filling up the DagBag from /opt/bitnami/airflow/venv/lib/python3.12/site-packages/airflow/example_dags/example_setup_teardown.py
[2024-12-13T10:58:56.949+0000] {processor.py:925} INFO - DAG(s) 'example_setup_teardown' retrieved from /opt/bitnami/airflow/venv/lib/python3.12/site-packages/airflow/example_dags/example_setup_teardown.py
[2024-12-13T10:58:57.018+0000] {logging_mixin.py:190} INFO - [2024-12-13T10:58:57.018+0000] {dag.py:3239} INFO - Sync 1 DAGs
[2024-12-13T10:58:57.055+0000] {logging_mixin.py:190} INFO - [2024-12-13T10:58:57.055+0000] {dag.py:4180} INFO - Setting next_dagrun for example_setup_teardown to None, run_after=None
[2024-12-13T10:58:57.102+0000] {processor.py:208} INFO - Processing /opt/bitnami/airflow/venv/lib/python3.12/site-packages/airflow/example_dags/example_setup_teardown.py took 0.170 seconds
[2024-12-13T11:07:34.548+0000] {processor.py:186} INFO - Started process (PID=91) to work on /opt/bitnami/airflow/venv/lib/python3.12/site-packages/airflow/example_dags/example_setup_teardown.py
[2024-12-13T11:07:34.550+0000] {processor.py:914} INFO - Processing file /opt/bitnami/airflow/venv/lib/python3.12/site-packages/airflow/example_dags/example_setup_teardown.py for tasks to queue
[2024-12-13T11:07:34.555+0000] {logging_mixin.py:190} INFO - [2024-12-13T11:07:34.554+0000] {dagbag.py:588} INFO - Filling up the DagBag from /opt/bitnami/airflow/venv/lib/python3.12/site-packages/airflow/example_dags/example_setup_teardown.py
[2024-12-13T11:07:34.565+0000] {processor.py:925} INFO - DAG(s) 'example_setup_teardown' retrieved from /opt/bitnami/airflow/venv/lib/python3.12/site-packages/airflow/example_dags/example_setup_teardown.py
[2024-12-13T11:07:34.660+0000] {logging_mixin.py:190} INFO - [2024-12-13T11:07:34.659+0000] {dag.py:3239} INFO - Sync 1 DAGs
[2024-12-13T11:07:34.718+0000] {logging_mixin.py:190} INFO - [2024-12-13T11:07:34.718+0000] {dag.py:4180} INFO - Setting next_dagrun for example_setup_teardown to None, run_after=None
[2024-12-13T11:07:34.762+0000] {processor.py:208} INFO - Processing /opt/bitnami/airflow/venv/lib/python3.12/site-packages/airflow/example_dags/example_setup_teardown.py took 0.219 seconds
[2024-12-13T11:08:04.995+0000] {processor.py:186} INFO - Started process (PID=148) to work on /opt/bitnami/airflow/venv/lib/python3.12/site-packages/airflow/example_dags/example_setup_teardown.py
[2024-12-13T11:08:04.996+0000] {processor.py:914} INFO - Processing file /opt/bitnami/airflow/venv/lib/python3.12/site-packages/airflow/example_dags/example_setup_teardown.py for tasks to queue
[2024-12-13T11:08:04.999+0000] {logging_mixin.py:190} INFO - [2024-12-13T11:08:04.999+0000] {dagbag.py:588} INFO - Filling up the DagBag from /opt/bitnami/airflow/venv/lib/python3.12/site-packages/airflow/example_dags/example_setup_teardown.py
[2024-12-13T11:08:05.007+0000] {processor.py:925} INFO - DAG(s) 'example_setup_teardown' retrieved from /opt/bitnami/airflow/venv/lib/python3.12/site-packages/airflow/example_dags/example_setup_teardown.py
[2024-12-13T11:08:05.086+0000] {logging_mixin.py:190} INFO - [2024-12-13T11:08:05.086+0000] {dag.py:3239} INFO - Sync 1 DAGs
[2024-12-13T11:08:05.126+0000] {logging_mixin.py:190} INFO - [2024-12-13T11:08:05.126+0000] {dag.py:4180} INFO - Setting next_dagrun for example_setup_teardown to None, run_after=None
[2024-12-13T11:08:05.161+0000] {processor.py:208} INFO - Processing /opt/bitnami/airflow/venv/lib/python3.12/site-packages/airflow/example_dags/example_setup_teardown.py took 0.173 seconds
[2024-12-13T11:08:37.941+0000] {processor.py:186} INFO - Started process (PID=205) to work on /opt/bitnami/airflow/venv/lib/python3.12/site-packages/airflow/example_dags/example_setup_teardown.py
[2024-12-13T11:08:37.943+0000] {processor.py:914} INFO - Processing file /opt/bitnami/airflow/venv/lib/python3.12/site-packages/airflow/example_dags/example_setup_teardown.py for tasks to queue
[2024-12-13T11:08:37.946+0000] {logging_mixin.py:190} INFO - [2024-12-13T11:08:37.945+0000] {dagbag.py:588} INFO - Filling up the DagBag from /opt/bitnami/airflow/venv/lib/python3.12/site-packages/airflow/example_dags/example_setup_teardown.py
[2024-12-13T11:08:37.952+0000] {processor.py:925} INFO - DAG(s) 'example_setup_teardown' retrieved from /opt/bitnami/airflow/venv/lib/python3.12/site-packages/airflow/example_dags/example_setup_teardown.py
[2024-12-13T11:08:38.037+0000] {logging_mixin.py:190} INFO - [2024-12-13T11:08:38.036+0000] {dag.py:3239} INFO - Sync 1 DAGs
[2024-12-13T11:08:38.058+0000] {logging_mixin.py:190} INFO - [2024-12-13T11:08:38.058+0000] {dag.py:4180} INFO - Setting next_dagrun for example_setup_teardown to None, run_after=None
[2024-12-13T11:08:38.090+0000] {processor.py:208} INFO - Processing /opt/bitnami/airflow/venv/lib/python3.12/site-packages/airflow/example_dags/example_setup_teardown.py took 0.155 seconds
[2024-12-13T11:09:08.567+0000] {processor.py:186} INFO - Started process (PID=262) to work on /opt/bitnami/airflow/venv/lib/python3.12/site-packages/airflow/example_dags/example_setup_teardown.py
[2024-12-13T11:09:08.569+0000] {processor.py:914} INFO - Processing file /opt/bitnami/airflow/venv/lib/python3.12/site-packages/airflow/example_dags/example_setup_teardown.py for tasks to queue
[2024-12-13T11:09:08.573+0000] {logging_mixin.py:190} INFO - [2024-12-13T11:09:08.572+0000] {dagbag.py:588} INFO - Filling up the DagBag from /opt/bitnami/airflow/venv/lib/python3.12/site-packages/airflow/example_dags/example_setup_teardown.py
[2024-12-13T11:09:08.580+0000] {processor.py:925} INFO - DAG(s) 'example_setup_teardown' retrieved from /opt/bitnami/airflow/venv/lib/python3.12/site-packages/airflow/example_dags/example_setup_teardown.py
[2024-12-13T11:09:08.670+0000] {logging_mixin.py:190} INFO - [2024-12-13T11:09:08.670+0000] {dag.py:3239} INFO - Sync 1 DAGs
[2024-12-13T11:09:08.710+0000] {logging_mixin.py:190} INFO - [2024-12-13T11:09:08.710+0000] {dag.py:4180} INFO - Setting next_dagrun for example_setup_teardown to None, run_after=None
[2024-12-13T11:09:08.753+0000] {processor.py:208} INFO - Processing /opt/bitnami/airflow/venv/lib/python3.12/site-packages/airflow/example_dags/example_setup_teardown.py took 0.193 seconds
[2024-12-13T11:13:46.047+0000] {processor.py:186} INFO - Started process (PID=91) to work on /opt/bitnami/airflow/venv/lib/python3.12/site-packages/airflow/example_dags/example_setup_teardown.py
[2024-12-13T11:13:46.049+0000] {processor.py:914} INFO - Processing file /opt/bitnami/airflow/venv/lib/python3.12/site-packages/airflow/example_dags/example_setup_teardown.py for tasks to queue
[2024-12-13T11:13:46.054+0000] {logging_mixin.py:190} INFO - [2024-12-13T11:13:46.053+0000] {dagbag.py:588} INFO - Filling up the DagBag from /opt/bitnami/airflow/venv/lib/python3.12/site-packages/airflow/example_dags/example_setup_teardown.py
[2024-12-13T11:13:46.061+0000] {processor.py:925} INFO - DAG(s) 'example_setup_teardown' retrieved from /opt/bitnami/airflow/venv/lib/python3.12/site-packages/airflow/example_dags/example_setup_teardown.py
[2024-12-13T11:13:46.109+0000] {logging_mixin.py:190} INFO - [2024-12-13T11:13:46.109+0000] {dag.py:3239} INFO - Sync 1 DAGs
[2024-12-13T11:13:46.141+0000] {logging_mixin.py:190} INFO - [2024-12-13T11:13:46.141+0000] {dag.py:4180} INFO - Setting next_dagrun for example_setup_teardown to None, run_after=None
[2024-12-13T11:13:46.184+0000] {processor.py:208} INFO - Processing /opt/bitnami/airflow/venv/lib/python3.12/site-packages/airflow/example_dags/example_setup_teardown.py took 0.146 seconds
[2024-12-13T11:14:16.403+0000] {processor.py:186} INFO - Started process (PID=148) to work on /opt/bitnami/airflow/venv/lib/python3.12/site-packages/airflow/example_dags/example_setup_teardown.py
[2024-12-13T11:14:16.404+0000] {processor.py:914} INFO - Processing file /opt/bitnami/airflow/venv/lib/python3.12/site-packages/airflow/example_dags/example_setup_teardown.py for tasks to queue
[2024-12-13T11:14:16.406+0000] {logging_mixin.py:190} INFO - [2024-12-13T11:14:16.406+0000] {dagbag.py:588} INFO - Filling up the DagBag from /opt/bitnami/airflow/venv/lib/python3.12/site-packages/airflow/example_dags/example_setup_teardown.py
[2024-12-13T11:14:16.412+0000] {processor.py:925} INFO - DAG(s) 'example_setup_teardown' retrieved from /opt/bitnami/airflow/venv/lib/python3.12/site-packages/airflow/example_dags/example_setup_teardown.py
[2024-12-13T11:14:16.458+0000] {logging_mixin.py:190} INFO - [2024-12-13T11:14:16.457+0000] {dag.py:3239} INFO - Sync 1 DAGs
[2024-12-13T11:14:16.482+0000] {logging_mixin.py:190} INFO - [2024-12-13T11:14:16.482+0000] {dag.py:4180} INFO - Setting next_dagrun for example_setup_teardown to None, run_after=None
[2024-12-13T11:14:16.510+0000] {processor.py:208} INFO - Processing /opt/bitnami/airflow/venv/lib/python3.12/site-packages/airflow/example_dags/example_setup_teardown.py took 0.112 seconds
[2024-12-13T11:14:51.319+0000] {processor.py:186} INFO - Started process (PID=205) to work on /opt/bitnami/airflow/venv/lib/python3.12/site-packages/airflow/example_dags/example_setup_teardown.py
[2024-12-13T11:14:51.323+0000] {processor.py:914} INFO - Processing file /opt/bitnami/airflow/venv/lib/python3.12/site-packages/airflow/example_dags/example_setup_teardown.py for tasks to queue
[2024-12-13T11:14:51.328+0000] {logging_mixin.py:190} INFO - [2024-12-13T11:14:51.327+0000] {dagbag.py:588} INFO - Filling up the DagBag from /opt/bitnami/airflow/venv/lib/python3.12/site-packages/airflow/example_dags/example_setup_teardown.py
[2024-12-13T11:14:51.340+0000] {processor.py:925} INFO - DAG(s) 'example_setup_teardown' retrieved from /opt/bitnami/airflow/venv/lib/python3.12/site-packages/airflow/example_dags/example_setup_teardown.py
[2024-12-13T11:14:51.464+0000] {logging_mixin.py:190} INFO - [2024-12-13T11:14:51.464+0000] {dag.py:3239} INFO - Sync 1 DAGs
[2024-12-13T11:14:51.495+0000] {logging_mixin.py:190} INFO - [2024-12-13T11:14:51.495+0000] {dag.py:4180} INFO - Setting next_dagrun for example_setup_teardown to None, run_after=None
[2024-12-13T11:14:51.539+0000] {processor.py:208} INFO - Processing /opt/bitnami/airflow/venv/lib/python3.12/site-packages/airflow/example_dags/example_setup_teardown.py took 0.230 seconds
[2024-12-13T11:15:22.237+0000] {processor.py:186} INFO - Started process (PID=262) to work on /opt/bitnami/airflow/venv/lib/python3.12/site-packages/airflow/example_dags/example_setup_teardown.py
[2024-12-13T11:15:22.238+0000] {processor.py:914} INFO - Processing file /opt/bitnami/airflow/venv/lib/python3.12/site-packages/airflow/example_dags/example_setup_teardown.py for tasks to queue
[2024-12-13T11:15:22.241+0000] {logging_mixin.py:190} INFO - [2024-12-13T11:15:22.241+0000] {dagbag.py:588} INFO - Filling up the DagBag from /opt/bitnami/airflow/venv/lib/python3.12/site-packages/airflow/example_dags/example_setup_teardown.py
[2024-12-13T11:15:22.249+0000] {processor.py:925} INFO - DAG(s) 'example_setup_teardown' retrieved from /opt/bitnami/airflow/venv/lib/python3.12/site-packages/airflow/example_dags/example_setup_teardown.py
[2024-12-13T11:15:22.335+0000] {logging_mixin.py:190} INFO - [2024-12-13T11:15:22.335+0000] {dag.py:3239} INFO - Sync 1 DAGs
[2024-12-13T11:15:22.373+0000] {logging_mixin.py:190} INFO - [2024-12-13T11:15:22.373+0000] {dag.py:4180} INFO - Setting next_dagrun for example_setup_teardown to None, run_after=None
[2024-12-13T11:15:22.417+0000] {processor.py:208} INFO - Processing /opt/bitnami/airflow/venv/lib/python3.12/site-packages/airflow/example_dags/example_setup_teardown.py took 0.189 seconds
[2024-12-13T11:57:10.011+0000] {processor.py:186} INFO - Started process (PID=91) to work on /opt/bitnami/airflow/venv/lib/python3.12/site-packages/airflow/example_dags/example_setup_teardown.py
[2024-12-13T11:57:10.012+0000] {processor.py:914} INFO - Processing file /opt/bitnami/airflow/venv/lib/python3.12/site-packages/airflow/example_dags/example_setup_teardown.py for tasks to queue
[2024-12-13T11:57:10.014+0000] {logging_mixin.py:190} INFO - [2024-12-13T11:57:10.014+0000] {dagbag.py:588} INFO - Filling up the DagBag from /opt/bitnami/airflow/venv/lib/python3.12/site-packages/airflow/example_dags/example_setup_teardown.py
[2024-12-13T11:57:10.019+0000] {processor.py:925} INFO - DAG(s) 'example_setup_teardown' retrieved from /opt/bitnami/airflow/venv/lib/python3.12/site-packages/airflow/example_dags/example_setup_teardown.py
[2024-12-13T11:57:10.046+0000] {logging_mixin.py:190} INFO - [2024-12-13T11:57:10.045+0000] {dag.py:3239} INFO - Sync 1 DAGs
[2024-12-13T11:57:10.063+0000] {logging_mixin.py:190} INFO - [2024-12-13T11:57:10.063+0000] {dag.py:4180} INFO - Setting next_dagrun for example_setup_teardown to None, run_after=None
[2024-12-13T11:57:10.080+0000] {processor.py:208} INFO - Processing /opt/bitnami/airflow/venv/lib/python3.12/site-packages/airflow/example_dags/example_setup_teardown.py took 0.073 seconds
[2024-12-13T11:57:41.747+0000] {processor.py:186} INFO - Started process (PID=148) to work on /opt/bitnami/airflow/venv/lib/python3.12/site-packages/airflow/example_dags/example_setup_teardown.py
[2024-12-13T11:57:41.748+0000] {processor.py:914} INFO - Processing file /opt/bitnami/airflow/venv/lib/python3.12/site-packages/airflow/example_dags/example_setup_teardown.py for tasks to queue
[2024-12-13T11:57:41.750+0000] {logging_mixin.py:190} INFO - [2024-12-13T11:57:41.750+0000] {dagbag.py:588} INFO - Filling up the DagBag from /opt/bitnami/airflow/venv/lib/python3.12/site-packages/airflow/example_dags/example_setup_teardown.py
[2024-12-13T11:57:41.755+0000] {processor.py:925} INFO - DAG(s) 'example_setup_teardown' retrieved from /opt/bitnami/airflow/venv/lib/python3.12/site-packages/airflow/example_dags/example_setup_teardown.py
[2024-12-13T11:57:41.783+0000] {logging_mixin.py:190} INFO - [2024-12-13T11:57:41.783+0000] {dag.py:3239} INFO - Sync 1 DAGs
[2024-12-13T11:57:41.801+0000] {logging_mixin.py:190} INFO - [2024-12-13T11:57:41.800+0000] {dag.py:4180} INFO - Setting next_dagrun for example_setup_teardown to None, run_after=None
[2024-12-13T11:57:41.819+0000] {processor.py:208} INFO - Processing /opt/bitnami/airflow/venv/lib/python3.12/site-packages/airflow/example_dags/example_setup_teardown.py took 0.076 seconds
[2024-12-13T11:58:36.012+0000] {processor.py:186} INFO - Started process (PID=91) to work on /opt/bitnami/airflow/venv/lib/python3.12/site-packages/airflow/example_dags/example_setup_teardown.py
[2024-12-13T11:58:36.013+0000] {processor.py:914} INFO - Processing file /opt/bitnami/airflow/venv/lib/python3.12/site-packages/airflow/example_dags/example_setup_teardown.py for tasks to queue
[2024-12-13T11:58:36.015+0000] {logging_mixin.py:190} INFO - [2024-12-13T11:58:36.015+0000] {dagbag.py:588} INFO - Filling up the DagBag from /opt/bitnami/airflow/venv/lib/python3.12/site-packages/airflow/example_dags/example_setup_teardown.py
[2024-12-13T11:58:36.022+0000] {processor.py:925} INFO - DAG(s) 'example_setup_teardown' retrieved from /opt/bitnami/airflow/venv/lib/python3.12/site-packages/airflow/example_dags/example_setup_teardown.py
[2024-12-13T11:58:36.054+0000] {logging_mixin.py:190} INFO - [2024-12-13T11:58:36.054+0000] {dag.py:3239} INFO - Sync 1 DAGs
[2024-12-13T11:58:36.075+0000] {logging_mixin.py:190} INFO - [2024-12-13T11:58:36.074+0000] {dag.py:4180} INFO - Setting next_dagrun for example_setup_teardown to None, run_after=None
[2024-12-13T11:58:36.100+0000] {processor.py:208} INFO - Processing /opt/bitnami/airflow/venv/lib/python3.12/site-packages/airflow/example_dags/example_setup_teardown.py took 0.092 seconds
[2024-12-13T11:59:07.440+0000] {processor.py:186} INFO - Started process (PID=148) to work on /opt/bitnami/airflow/venv/lib/python3.12/site-packages/airflow/example_dags/example_setup_teardown.py
[2024-12-13T11:59:07.441+0000] {processor.py:914} INFO - Processing file /opt/bitnami/airflow/venv/lib/python3.12/site-packages/airflow/example_dags/example_setup_teardown.py for tasks to queue
[2024-12-13T11:59:07.443+0000] {logging_mixin.py:190} INFO - [2024-12-13T11:59:07.443+0000] {dagbag.py:588} INFO - Filling up the DagBag from /opt/bitnami/airflow/venv/lib/python3.12/site-packages/airflow/example_dags/example_setup_teardown.py
[2024-12-13T11:59:07.449+0000] {processor.py:925} INFO - DAG(s) 'example_setup_teardown' retrieved from /opt/bitnami/airflow/venv/lib/python3.12/site-packages/airflow/example_dags/example_setup_teardown.py
[2024-12-13T11:59:07.488+0000] {logging_mixin.py:190} INFO - [2024-12-13T11:59:07.488+0000] {dag.py:3239} INFO - Sync 1 DAGs
[2024-12-13T11:59:07.513+0000] {logging_mixin.py:190} INFO - [2024-12-13T11:59:07.513+0000] {dag.py:4180} INFO - Setting next_dagrun for example_setup_teardown to None, run_after=None
[2024-12-13T11:59:07.567+0000] {processor.py:208} INFO - Processing /opt/bitnami/airflow/venv/lib/python3.12/site-packages/airflow/example_dags/example_setup_teardown.py took 0.132 seconds
[2024-12-13T11:59:38.937+0000] {processor.py:186} INFO - Started process (PID=205) to work on /opt/bitnami/airflow/venv/lib/python3.12/site-packages/airflow/example_dags/example_setup_teardown.py
[2024-12-13T11:59:38.938+0000] {processor.py:914} INFO - Processing file /opt/bitnami/airflow/venv/lib/python3.12/site-packages/airflow/example_dags/example_setup_teardown.py for tasks to queue
[2024-12-13T11:59:38.940+0000] {logging_mixin.py:190} INFO - [2024-12-13T11:59:38.940+0000] {dagbag.py:588} INFO - Filling up the DagBag from /opt/bitnami/airflow/venv/lib/python3.12/site-packages/airflow/example_dags/example_setup_teardown.py
[2024-12-13T11:59:38.945+0000] {processor.py:925} INFO - DAG(s) 'example_setup_teardown' retrieved from /opt/bitnami/airflow/venv/lib/python3.12/site-packages/airflow/example_dags/example_setup_teardown.py
[2024-12-13T11:59:39.032+0000] {logging_mixin.py:190} INFO - [2024-12-13T11:59:39.032+0000] {dag.py:3239} INFO - Sync 1 DAGs
[2024-12-13T11:59:39.052+0000] {logging_mixin.py:190} INFO - [2024-12-13T11:59:39.051+0000] {dag.py:4180} INFO - Setting next_dagrun for example_setup_teardown to None, run_after=None
[2024-12-13T11:59:39.077+0000] {processor.py:208} INFO - Processing /opt/bitnami/airflow/venv/lib/python3.12/site-packages/airflow/example_dags/example_setup_teardown.py took 0.145 seconds
[2024-12-13T12:00:09.416+0000] {processor.py:186} INFO - Started process (PID=262) to work on /opt/bitnami/airflow/venv/lib/python3.12/site-packages/airflow/example_dags/example_setup_teardown.py
[2024-12-13T12:00:09.418+0000] {processor.py:914} INFO - Processing file /opt/bitnami/airflow/venv/lib/python3.12/site-packages/airflow/example_dags/example_setup_teardown.py for tasks to queue
[2024-12-13T12:00:09.422+0000] {logging_mixin.py:190} INFO - [2024-12-13T12:00:09.421+0000] {dagbag.py:588} INFO - Filling up the DagBag from /opt/bitnami/airflow/venv/lib/python3.12/site-packages/airflow/example_dags/example_setup_teardown.py
[2024-12-13T12:00:09.431+0000] {processor.py:925} INFO - DAG(s) 'example_setup_teardown' retrieved from /opt/bitnami/airflow/venv/lib/python3.12/site-packages/airflow/example_dags/example_setup_teardown.py
[2024-12-13T12:00:09.472+0000] {logging_mixin.py:190} INFO - [2024-12-13T12:00:09.472+0000] {dag.py:3239} INFO - Sync 1 DAGs
[2024-12-13T12:00:09.492+0000] {logging_mixin.py:190} INFO - [2024-12-13T12:00:09.492+0000] {dag.py:4180} INFO - Setting next_dagrun for example_setup_teardown to None, run_after=None
[2024-12-13T12:00:09.513+0000] {processor.py:208} INFO - Processing /opt/bitnami/airflow/venv/lib/python3.12/site-packages/airflow/example_dags/example_setup_teardown.py took 0.104 seconds
[2024-12-13T12:00:40.238+0000] {processor.py:186} INFO - Started process (PID=319) to work on /opt/bitnami/airflow/venv/lib/python3.12/site-packages/airflow/example_dags/example_setup_teardown.py
[2024-12-13T12:00:40.239+0000] {processor.py:914} INFO - Processing file /opt/bitnami/airflow/venv/lib/python3.12/site-packages/airflow/example_dags/example_setup_teardown.py for tasks to queue
[2024-12-13T12:00:40.241+0000] {logging_mixin.py:190} INFO - [2024-12-13T12:00:40.241+0000] {dagbag.py:588} INFO - Filling up the DagBag from /opt/bitnami/airflow/venv/lib/python3.12/site-packages/airflow/example_dags/example_setup_teardown.py
[2024-12-13T12:00:40.247+0000] {processor.py:925} INFO - DAG(s) 'example_setup_teardown' retrieved from /opt/bitnami/airflow/venv/lib/python3.12/site-packages/airflow/example_dags/example_setup_teardown.py
[2024-12-13T12:00:40.274+0000] {logging_mixin.py:190} INFO - [2024-12-13T12:00:40.274+0000] {dag.py:3239} INFO - Sync 1 DAGs
[2024-12-13T12:00:40.288+0000] {logging_mixin.py:190} INFO - [2024-12-13T12:00:40.288+0000] {dag.py:4180} INFO - Setting next_dagrun for example_setup_teardown to None, run_after=None
[2024-12-13T12:00:40.307+0000] {processor.py:208} INFO - Processing /opt/bitnami/airflow/venv/lib/python3.12/site-packages/airflow/example_dags/example_setup_teardown.py took 0.073 seconds
[2024-12-13T12:01:10.818+0000] {processor.py:186} INFO - Started process (PID=376) to work on /opt/bitnami/airflow/venv/lib/python3.12/site-packages/airflow/example_dags/example_setup_teardown.py
[2024-12-13T12:01:10.819+0000] {processor.py:914} INFO - Processing file /opt/bitnami/airflow/venv/lib/python3.12/site-packages/airflow/example_dags/example_setup_teardown.py for tasks to queue
[2024-12-13T12:01:10.821+0000] {logging_mixin.py:190} INFO - [2024-12-13T12:01:10.821+0000] {dagbag.py:588} INFO - Filling up the DagBag from /opt/bitnami/airflow/venv/lib/python3.12/site-packages/airflow/example_dags/example_setup_teardown.py
[2024-12-13T12:01:10.827+0000] {processor.py:925} INFO - DAG(s) 'example_setup_teardown' retrieved from /opt/bitnami/airflow/venv/lib/python3.12/site-packages/airflow/example_dags/example_setup_teardown.py
[2024-12-13T12:01:10.858+0000] {logging_mixin.py:190} INFO - [2024-12-13T12:01:10.858+0000] {dag.py:3239} INFO - Sync 1 DAGs
[2024-12-13T12:01:10.877+0000] {logging_mixin.py:190} INFO - [2024-12-13T12:01:10.877+0000] {dag.py:4180} INFO - Setting next_dagrun for example_setup_teardown to None, run_after=None
[2024-12-13T12:01:10.899+0000] {processor.py:208} INFO - Processing /opt/bitnami/airflow/venv/lib/python3.12/site-packages/airflow/example_dags/example_setup_teardown.py took 0.086 seconds
[2024-12-13T12:01:41.759+0000] {processor.py:186} INFO - Started process (PID=433) to work on /opt/bitnami/airflow/venv/lib/python3.12/site-packages/airflow/example_dags/example_setup_teardown.py
[2024-12-13T12:01:41.760+0000] {processor.py:914} INFO - Processing file /opt/bitnami/airflow/venv/lib/python3.12/site-packages/airflow/example_dags/example_setup_teardown.py for tasks to queue
[2024-12-13T12:01:41.761+0000] {logging_mixin.py:190} INFO - [2024-12-13T12:01:41.761+0000] {dagbag.py:588} INFO - Filling up the DagBag from /opt/bitnami/airflow/venv/lib/python3.12/site-packages/airflow/example_dags/example_setup_teardown.py
[2024-12-13T12:01:41.767+0000] {processor.py:925} INFO - DAG(s) 'example_setup_teardown' retrieved from /opt/bitnami/airflow/venv/lib/python3.12/site-packages/airflow/example_dags/example_setup_teardown.py
[2024-12-13T12:01:41.799+0000] {logging_mixin.py:190} INFO - [2024-12-13T12:01:41.799+0000] {dag.py:3239} INFO - Sync 1 DAGs
[2024-12-13T12:01:41.816+0000] {logging_mixin.py:190} INFO - [2024-12-13T12:01:41.816+0000] {dag.py:4180} INFO - Setting next_dagrun for example_setup_teardown to None, run_after=None
[2024-12-13T12:01:41.838+0000] {processor.py:208} INFO - Processing /opt/bitnami/airflow/venv/lib/python3.12/site-packages/airflow/example_dags/example_setup_teardown.py took 0.084 seconds
[2024-12-13T12:02:12.226+0000] {processor.py:186} INFO - Started process (PID=490) to work on /opt/bitnami/airflow/venv/lib/python3.12/site-packages/airflow/example_dags/example_setup_teardown.py
[2024-12-13T12:02:12.227+0000] {processor.py:914} INFO - Processing file /opt/bitnami/airflow/venv/lib/python3.12/site-packages/airflow/example_dags/example_setup_teardown.py for tasks to queue
[2024-12-13T12:02:12.229+0000] {logging_mixin.py:190} INFO - [2024-12-13T12:02:12.229+0000] {dagbag.py:588} INFO - Filling up the DagBag from /opt/bitnami/airflow/venv/lib/python3.12/site-packages/airflow/example_dags/example_setup_teardown.py
[2024-12-13T12:02:12.234+0000] {processor.py:925} INFO - DAG(s) 'example_setup_teardown' retrieved from /opt/bitnami/airflow/venv/lib/python3.12/site-packages/airflow/example_dags/example_setup_teardown.py
[2024-12-13T12:02:12.264+0000] {logging_mixin.py:190} INFO - [2024-12-13T12:02:12.263+0000] {dag.py:3239} INFO - Sync 1 DAGs
[2024-12-13T12:02:12.284+0000] {logging_mixin.py:190} INFO - [2024-12-13T12:02:12.284+0000] {dag.py:4180} INFO - Setting next_dagrun for example_setup_teardown to None, run_after=None
[2024-12-13T12:02:12.305+0000] {processor.py:208} INFO - Processing /opt/bitnami/airflow/venv/lib/python3.12/site-packages/airflow/example_dags/example_setup_teardown.py took 0.084 seconds
