[2024-12-13T08:19:43.640+0000] {processor.py:186} INFO - Started process (PID=54) to work on /opt/bitnami/airflow/venv/lib/python3.12/site-packages/airflow/example_dags/example_python_operator.py
[2024-12-13T08:19:43.641+0000] {processor.py:914} INFO - Processing file /opt/bitnami/airflow/venv/lib/python3.12/site-packages/airflow/example_dags/example_python_operator.py for tasks to queue
[2024-12-13T08:19:43.643+0000] {logging_mixin.py:190} INFO - [2024-12-13T08:19:43.643+0000] {dagbag.py:588} INFO - Filling up the DagBag from /opt/bitnami/airflow/venv/lib/python3.12/site-packages/airflow/example_dags/example_python_operator.py
[2024-12-13T08:19:43.653+0000] {processor.py:925} INFO - DAG(s) 'example_python_operator' retrieved from /opt/bitnami/airflow/venv/lib/python3.12/site-packages/airflow/example_dags/example_python_operator.py
[2024-12-13T08:19:43.761+0000] {logging_mixin.py:190} INFO - [2024-12-13T08:19:43.760+0000] {dag.py:3239} INFO - Sync 1 DAGs
[2024-12-13T08:19:43.786+0000] {logging_mixin.py:190} INFO - [2024-12-13T08:19:43.786+0000] {dag.py:4180} INFO - Setting next_dagrun for example_python_operator to None, run_after=None
[2024-12-13T08:19:43.808+0000] {processor.py:208} INFO - Processing /opt/bitnami/airflow/venv/lib/python3.12/site-packages/airflow/example_dags/example_python_operator.py took 0.173 seconds
[2024-12-13T08:20:14.191+0000] {processor.py:186} INFO - Started process (PID=111) to work on /opt/bitnami/airflow/venv/lib/python3.12/site-packages/airflow/example_dags/example_python_operator.py
[2024-12-13T08:20:14.192+0000] {processor.py:914} INFO - Processing file /opt/bitnami/airflow/venv/lib/python3.12/site-packages/airflow/example_dags/example_python_operator.py for tasks to queue
[2024-12-13T08:20:14.194+0000] {logging_mixin.py:190} INFO - [2024-12-13T08:20:14.194+0000] {dagbag.py:588} INFO - Filling up the DagBag from /opt/bitnami/airflow/venv/lib/python3.12/site-packages/airflow/example_dags/example_python_operator.py
[2024-12-13T08:20:14.203+0000] {processor.py:925} INFO - DAG(s) 'example_python_operator' retrieved from /opt/bitnami/airflow/venv/lib/python3.12/site-packages/airflow/example_dags/example_python_operator.py
[2024-12-13T08:20:14.233+0000] {logging_mixin.py:190} INFO - [2024-12-13T08:20:14.233+0000] {dag.py:3239} INFO - Sync 1 DAGs
[2024-12-13T08:20:14.252+0000] {logging_mixin.py:190} INFO - [2024-12-13T08:20:14.252+0000] {dag.py:4180} INFO - Setting next_dagrun for example_python_operator to None, run_after=None
[2024-12-13T08:20:14.272+0000] {processor.py:208} INFO - Processing /opt/bitnami/airflow/venv/lib/python3.12/site-packages/airflow/example_dags/example_python_operator.py took 0.085 seconds
[2024-12-13T08:20:44.615+0000] {processor.py:186} INFO - Started process (PID=168) to work on /opt/bitnami/airflow/venv/lib/python3.12/site-packages/airflow/example_dags/example_python_operator.py
[2024-12-13T08:20:44.616+0000] {processor.py:914} INFO - Processing file /opt/bitnami/airflow/venv/lib/python3.12/site-packages/airflow/example_dags/example_python_operator.py for tasks to queue
[2024-12-13T08:20:44.618+0000] {logging_mixin.py:190} INFO - [2024-12-13T08:20:44.618+0000] {dagbag.py:588} INFO - Filling up the DagBag from /opt/bitnami/airflow/venv/lib/python3.12/site-packages/airflow/example_dags/example_python_operator.py
[2024-12-13T08:20:44.629+0000] {processor.py:925} INFO - DAG(s) 'example_python_operator' retrieved from /opt/bitnami/airflow/venv/lib/python3.12/site-packages/airflow/example_dags/example_python_operator.py
[2024-12-13T08:20:44.663+0000] {logging_mixin.py:190} INFO - [2024-12-13T08:20:44.663+0000] {dag.py:3239} INFO - Sync 1 DAGs
[2024-12-13T08:20:44.690+0000] {logging_mixin.py:190} INFO - [2024-12-13T08:20:44.690+0000] {dag.py:4180} INFO - Setting next_dagrun for example_python_operator to None, run_after=None
[2024-12-13T08:20:44.724+0000] {processor.py:208} INFO - Processing /opt/bitnami/airflow/venv/lib/python3.12/site-packages/airflow/example_dags/example_python_operator.py took 0.114 seconds
[2024-12-13T08:21:15.121+0000] {processor.py:186} INFO - Started process (PID=225) to work on /opt/bitnami/airflow/venv/lib/python3.12/site-packages/airflow/example_dags/example_python_operator.py
[2024-12-13T08:21:15.122+0000] {processor.py:914} INFO - Processing file /opt/bitnami/airflow/venv/lib/python3.12/site-packages/airflow/example_dags/example_python_operator.py for tasks to queue
[2024-12-13T08:21:15.124+0000] {logging_mixin.py:190} INFO - [2024-12-13T08:21:15.124+0000] {dagbag.py:588} INFO - Filling up the DagBag from /opt/bitnami/airflow/venv/lib/python3.12/site-packages/airflow/example_dags/example_python_operator.py
[2024-12-13T08:21:15.133+0000] {processor.py:925} INFO - DAG(s) 'example_python_operator' retrieved from /opt/bitnami/airflow/venv/lib/python3.12/site-packages/airflow/example_dags/example_python_operator.py
[2024-12-13T08:21:15.232+0000] {logging_mixin.py:190} INFO - [2024-12-13T08:21:15.230+0000] {dag.py:3239} INFO - Sync 1 DAGs
[2024-12-13T08:21:15.261+0000] {logging_mixin.py:190} INFO - [2024-12-13T08:21:15.260+0000] {dag.py:4180} INFO - Setting next_dagrun for example_python_operator to None, run_after=None
[2024-12-13T08:21:15.295+0000] {processor.py:208} INFO - Processing /opt/bitnami/airflow/venv/lib/python3.12/site-packages/airflow/example_dags/example_python_operator.py took 0.178 seconds
[2024-12-13T08:21:46.353+0000] {processor.py:186} INFO - Started process (PID=282) to work on /opt/bitnami/airflow/venv/lib/python3.12/site-packages/airflow/example_dags/example_python_operator.py
[2024-12-13T08:21:46.354+0000] {processor.py:914} INFO - Processing file /opt/bitnami/airflow/venv/lib/python3.12/site-packages/airflow/example_dags/example_python_operator.py for tasks to queue
[2024-12-13T08:21:46.357+0000] {logging_mixin.py:190} INFO - [2024-12-13T08:21:46.356+0000] {dagbag.py:588} INFO - Filling up the DagBag from /opt/bitnami/airflow/venv/lib/python3.12/site-packages/airflow/example_dags/example_python_operator.py
[2024-12-13T08:21:46.368+0000] {processor.py:925} INFO - DAG(s) 'example_python_operator' retrieved from /opt/bitnami/airflow/venv/lib/python3.12/site-packages/airflow/example_dags/example_python_operator.py
[2024-12-13T08:21:46.423+0000] {logging_mixin.py:190} INFO - [2024-12-13T08:21:46.422+0000] {dag.py:3239} INFO - Sync 1 DAGs
[2024-12-13T08:21:46.455+0000] {logging_mixin.py:190} INFO - [2024-12-13T08:21:46.454+0000] {dag.py:4180} INFO - Setting next_dagrun for example_python_operator to None, run_after=None
[2024-12-13T08:21:46.496+0000] {processor.py:208} INFO - Processing /opt/bitnami/airflow/venv/lib/python3.12/site-packages/airflow/example_dags/example_python_operator.py took 0.149 seconds
[2024-12-13T08:22:17.054+0000] {processor.py:186} INFO - Started process (PID=339) to work on /opt/bitnami/airflow/venv/lib/python3.12/site-packages/airflow/example_dags/example_python_operator.py
[2024-12-13T08:22:17.055+0000] {processor.py:914} INFO - Processing file /opt/bitnami/airflow/venv/lib/python3.12/site-packages/airflow/example_dags/example_python_operator.py for tasks to queue
[2024-12-13T08:22:17.057+0000] {logging_mixin.py:190} INFO - [2024-12-13T08:22:17.056+0000] {dagbag.py:588} INFO - Filling up the DagBag from /opt/bitnami/airflow/venv/lib/python3.12/site-packages/airflow/example_dags/example_python_operator.py
[2024-12-13T08:22:17.065+0000] {processor.py:925} INFO - DAG(s) 'example_python_operator' retrieved from /opt/bitnami/airflow/venv/lib/python3.12/site-packages/airflow/example_dags/example_python_operator.py
[2024-12-13T08:22:17.102+0000] {logging_mixin.py:190} INFO - [2024-12-13T08:22:17.101+0000] {dag.py:3239} INFO - Sync 1 DAGs
[2024-12-13T08:22:17.124+0000] {logging_mixin.py:190} INFO - [2024-12-13T08:22:17.124+0000] {dag.py:4180} INFO - Setting next_dagrun for example_python_operator to None, run_after=None
[2024-12-13T08:22:17.152+0000] {processor.py:208} INFO - Processing /opt/bitnami/airflow/venv/lib/python3.12/site-packages/airflow/example_dags/example_python_operator.py took 0.104 seconds
[2024-12-13T08:22:47.945+0000] {processor.py:186} INFO - Started process (PID=396) to work on /opt/bitnami/airflow/venv/lib/python3.12/site-packages/airflow/example_dags/example_python_operator.py
[2024-12-13T08:22:47.946+0000] {processor.py:914} INFO - Processing file /opt/bitnami/airflow/venv/lib/python3.12/site-packages/airflow/example_dags/example_python_operator.py for tasks to queue
[2024-12-13T08:22:47.948+0000] {logging_mixin.py:190} INFO - [2024-12-13T08:22:47.947+0000] {dagbag.py:588} INFO - Filling up the DagBag from /opt/bitnami/airflow/venv/lib/python3.12/site-packages/airflow/example_dags/example_python_operator.py
[2024-12-13T08:22:47.956+0000] {processor.py:925} INFO - DAG(s) 'example_python_operator' retrieved from /opt/bitnami/airflow/venv/lib/python3.12/site-packages/airflow/example_dags/example_python_operator.py
[2024-12-13T08:22:47.988+0000] {logging_mixin.py:190} INFO - [2024-12-13T08:22:47.987+0000] {dag.py:3239} INFO - Sync 1 DAGs
[2024-12-13T08:22:48.005+0000] {logging_mixin.py:190} INFO - [2024-12-13T08:22:48.005+0000] {dag.py:4180} INFO - Setting next_dagrun for example_python_operator to None, run_after=None
[2024-12-13T08:22:48.023+0000] {processor.py:208} INFO - Processing /opt/bitnami/airflow/venv/lib/python3.12/site-packages/airflow/example_dags/example_python_operator.py took 0.083 seconds
[2024-12-13T08:25:44.724+0000] {processor.py:186} INFO - Started process (PID=54) to work on /opt/bitnami/airflow/venv/lib/python3.12/site-packages/airflow/example_dags/example_python_operator.py
[2024-12-13T08:25:44.725+0000] {processor.py:914} INFO - Processing file /opt/bitnami/airflow/venv/lib/python3.12/site-packages/airflow/example_dags/example_python_operator.py for tasks to queue
[2024-12-13T08:25:44.727+0000] {logging_mixin.py:190} INFO - [2024-12-13T08:25:44.727+0000] {dagbag.py:588} INFO - Filling up the DagBag from /opt/bitnami/airflow/venv/lib/python3.12/site-packages/airflow/example_dags/example_python_operator.py
[2024-12-13T08:25:44.735+0000] {processor.py:925} INFO - DAG(s) 'example_python_operator' retrieved from /opt/bitnami/airflow/venv/lib/python3.12/site-packages/airflow/example_dags/example_python_operator.py
[2024-12-13T08:25:44.832+0000] {logging_mixin.py:190} INFO - [2024-12-13T08:25:44.832+0000] {dag.py:3239} INFO - Sync 1 DAGs
[2024-12-13T08:25:44.855+0000] {logging_mixin.py:190} INFO - [2024-12-13T08:25:44.854+0000] {dag.py:4180} INFO - Setting next_dagrun for example_python_operator to None, run_after=None
[2024-12-13T08:25:44.878+0000] {processor.py:208} INFO - Processing /opt/bitnami/airflow/venv/lib/python3.12/site-packages/airflow/example_dags/example_python_operator.py took 0.159 seconds
[2024-12-13T08:26:15.440+0000] {processor.py:186} INFO - Started process (PID=111) to work on /opt/bitnami/airflow/venv/lib/python3.12/site-packages/airflow/example_dags/example_python_operator.py
[2024-12-13T08:26:15.441+0000] {processor.py:914} INFO - Processing file /opt/bitnami/airflow/venv/lib/python3.12/site-packages/airflow/example_dags/example_python_operator.py for tasks to queue
[2024-12-13T08:26:15.443+0000] {logging_mixin.py:190} INFO - [2024-12-13T08:26:15.443+0000] {dagbag.py:588} INFO - Filling up the DagBag from /opt/bitnami/airflow/venv/lib/python3.12/site-packages/airflow/example_dags/example_python_operator.py
[2024-12-13T08:26:15.452+0000] {processor.py:925} INFO - DAG(s) 'example_python_operator' retrieved from /opt/bitnami/airflow/venv/lib/python3.12/site-packages/airflow/example_dags/example_python_operator.py
[2024-12-13T08:26:15.495+0000] {logging_mixin.py:190} INFO - [2024-12-13T08:26:15.495+0000] {dag.py:3239} INFO - Sync 1 DAGs
[2024-12-13T08:26:15.513+0000] {logging_mixin.py:190} INFO - [2024-12-13T08:26:15.513+0000] {dag.py:4180} INFO - Setting next_dagrun for example_python_operator to None, run_after=None
[2024-12-13T08:26:15.536+0000] {processor.py:208} INFO - Processing /opt/bitnami/airflow/venv/lib/python3.12/site-packages/airflow/example_dags/example_python_operator.py took 0.100 seconds
[2024-12-13T08:26:46.712+0000] {processor.py:186} INFO - Started process (PID=168) to work on /opt/bitnami/airflow/venv/lib/python3.12/site-packages/airflow/example_dags/example_python_operator.py
[2024-12-13T08:26:46.713+0000] {processor.py:914} INFO - Processing file /opt/bitnami/airflow/venv/lib/python3.12/site-packages/airflow/example_dags/example_python_operator.py for tasks to queue
[2024-12-13T08:26:46.715+0000] {logging_mixin.py:190} INFO - [2024-12-13T08:26:46.715+0000] {dagbag.py:588} INFO - Filling up the DagBag from /opt/bitnami/airflow/venv/lib/python3.12/site-packages/airflow/example_dags/example_python_operator.py
[2024-12-13T08:26:46.724+0000] {processor.py:925} INFO - DAG(s) 'example_python_operator' retrieved from /opt/bitnami/airflow/venv/lib/python3.12/site-packages/airflow/example_dags/example_python_operator.py
[2024-12-13T08:26:46.811+0000] {logging_mixin.py:190} INFO - [2024-12-13T08:26:46.810+0000] {dag.py:3239} INFO - Sync 1 DAGs
[2024-12-13T08:26:46.828+0000] {logging_mixin.py:190} INFO - [2024-12-13T08:26:46.827+0000] {dag.py:4180} INFO - Setting next_dagrun for example_python_operator to None, run_after=None
[2024-12-13T08:26:46.851+0000] {processor.py:208} INFO - Processing /opt/bitnami/airflow/venv/lib/python3.12/site-packages/airflow/example_dags/example_python_operator.py took 0.144 seconds
[2024-12-13T08:27:17.610+0000] {processor.py:186} INFO - Started process (PID=225) to work on /opt/bitnami/airflow/venv/lib/python3.12/site-packages/airflow/example_dags/example_python_operator.py
[2024-12-13T08:27:17.610+0000] {processor.py:914} INFO - Processing file /opt/bitnami/airflow/venv/lib/python3.12/site-packages/airflow/example_dags/example_python_operator.py for tasks to queue
[2024-12-13T08:27:17.612+0000] {logging_mixin.py:190} INFO - [2024-12-13T08:27:17.612+0000] {dagbag.py:588} INFO - Filling up the DagBag from /opt/bitnami/airflow/venv/lib/python3.12/site-packages/airflow/example_dags/example_python_operator.py
[2024-12-13T08:27:17.621+0000] {processor.py:925} INFO - DAG(s) 'example_python_operator' retrieved from /opt/bitnami/airflow/venv/lib/python3.12/site-packages/airflow/example_dags/example_python_operator.py
[2024-12-13T08:27:17.653+0000] {logging_mixin.py:190} INFO - [2024-12-13T08:27:17.652+0000] {dag.py:3239} INFO - Sync 1 DAGs
[2024-12-13T08:27:17.668+0000] {logging_mixin.py:190} INFO - [2024-12-13T08:27:17.668+0000] {dag.py:4180} INFO - Setting next_dagrun for example_python_operator to None, run_after=None
[2024-12-13T08:27:17.685+0000] {processor.py:208} INFO - Processing /opt/bitnami/airflow/venv/lib/python3.12/site-packages/airflow/example_dags/example_python_operator.py took 0.080 seconds
[2024-12-13T10:42:36.240+0000] {processor.py:186} INFO - Started process (PID=54) to work on /opt/bitnami/airflow/venv/lib/python3.12/site-packages/airflow/example_dags/example_python_operator.py
[2024-12-13T10:42:36.243+0000] {processor.py:914} INFO - Processing file /opt/bitnami/airflow/venv/lib/python3.12/site-packages/airflow/example_dags/example_python_operator.py for tasks to queue
[2024-12-13T10:42:36.246+0000] {logging_mixin.py:190} INFO - [2024-12-13T10:42:36.245+0000] {dagbag.py:588} INFO - Filling up the DagBag from /opt/bitnami/airflow/venv/lib/python3.12/site-packages/airflow/example_dags/example_python_operator.py
[2024-12-13T10:42:36.256+0000] {processor.py:925} INFO - DAG(s) 'example_python_operator' retrieved from /opt/bitnami/airflow/venv/lib/python3.12/site-packages/airflow/example_dags/example_python_operator.py
[2024-12-13T10:42:36.401+0000] {logging_mixin.py:190} INFO - [2024-12-13T10:42:36.399+0000] {override.py:1900} INFO - Created Permission View: can read on DAG:example_python_operator
[2024-12-13T10:42:36.424+0000] {logging_mixin.py:190} INFO - [2024-12-13T10:42:36.423+0000] {override.py:1900} INFO - Created Permission View: can delete on DAG:example_python_operator
[2024-12-13T10:42:36.440+0000] {logging_mixin.py:190} INFO - [2024-12-13T10:42:36.440+0000] {override.py:1900} INFO - Created Permission View: can edit on DAG:example_python_operator
[2024-12-13T10:42:36.456+0000] {logging_mixin.py:190} INFO - [2024-12-13T10:42:36.456+0000] {override.py:1900} INFO - Created Permission View: can delete on DAG Run:example_python_operator
[2024-12-13T10:42:36.467+0000] {logging_mixin.py:190} INFO - [2024-12-13T10:42:36.467+0000] {override.py:1900} INFO - Created Permission View: can read on DAG Run:example_python_operator
[2024-12-13T10:42:36.479+0000] {logging_mixin.py:190} INFO - [2024-12-13T10:42:36.478+0000] {override.py:1900} INFO - Created Permission View: can create on DAG Run:example_python_operator
[2024-12-13T10:42:36.491+0000] {logging_mixin.py:190} INFO - [2024-12-13T10:42:36.491+0000] {override.py:1900} INFO - Created Permission View: menu access on DAG Run:example_python_operator
[2024-12-13T10:42:36.493+0000] {logging_mixin.py:190} INFO - [2024-12-13T10:42:36.492+0000] {dag.py:3239} INFO - Sync 1 DAGs
[2024-12-13T10:42:36.532+0000] {logging_mixin.py:190} INFO - [2024-12-13T10:42:36.532+0000] {dag.py:3262} INFO - Creating ORM DAG for example_python_operator
[2024-12-13T10:42:36.534+0000] {logging_mixin.py:190} INFO - [2024-12-13T10:42:36.534+0000] {dag.py:4180} INFO - Setting next_dagrun for example_python_operator to None, run_after=None
[2024-12-13T10:42:36.572+0000] {processor.py:208} INFO - Processing /opt/bitnami/airflow/venv/lib/python3.12/site-packages/airflow/example_dags/example_python_operator.py took 0.338 seconds
[2024-12-13T10:43:06.815+0000] {processor.py:186} INFO - Started process (PID=110) to work on /opt/bitnami/airflow/venv/lib/python3.12/site-packages/airflow/example_dags/example_python_operator.py
[2024-12-13T10:43:06.816+0000] {processor.py:914} INFO - Processing file /opt/bitnami/airflow/venv/lib/python3.12/site-packages/airflow/example_dags/example_python_operator.py for tasks to queue
[2024-12-13T10:43:06.818+0000] {logging_mixin.py:190} INFO - [2024-12-13T10:43:06.818+0000] {dagbag.py:588} INFO - Filling up the DagBag from /opt/bitnami/airflow/venv/lib/python3.12/site-packages/airflow/example_dags/example_python_operator.py
[2024-12-13T10:43:06.827+0000] {processor.py:925} INFO - DAG(s) 'example_python_operator' retrieved from /opt/bitnami/airflow/venv/lib/python3.12/site-packages/airflow/example_dags/example_python_operator.py
[2024-12-13T10:43:06.932+0000] {logging_mixin.py:190} INFO - [2024-12-13T10:43:06.931+0000] {dag.py:3239} INFO - Sync 1 DAGs
[2024-12-13T10:43:06.990+0000] {logging_mixin.py:190} INFO - [2024-12-13T10:43:06.990+0000] {dag.py:4180} INFO - Setting next_dagrun for example_python_operator to None, run_after=None
[2024-12-13T10:43:07.016+0000] {processor.py:208} INFO - Processing /opt/bitnami/airflow/venv/lib/python3.12/site-packages/airflow/example_dags/example_python_operator.py took 0.206 seconds
[2024-12-13T10:43:37.551+0000] {processor.py:186} INFO - Started process (PID=167) to work on /opt/bitnami/airflow/venv/lib/python3.12/site-packages/airflow/example_dags/example_python_operator.py
[2024-12-13T10:43:37.553+0000] {processor.py:914} INFO - Processing file /opt/bitnami/airflow/venv/lib/python3.12/site-packages/airflow/example_dags/example_python_operator.py for tasks to queue
[2024-12-13T10:43:37.557+0000] {logging_mixin.py:190} INFO - [2024-12-13T10:43:37.557+0000] {dagbag.py:588} INFO - Filling up the DagBag from /opt/bitnami/airflow/venv/lib/python3.12/site-packages/airflow/example_dags/example_python_operator.py
[2024-12-13T10:43:37.569+0000] {processor.py:925} INFO - DAG(s) 'example_python_operator' retrieved from /opt/bitnami/airflow/venv/lib/python3.12/site-packages/airflow/example_dags/example_python_operator.py
[2024-12-13T10:43:37.722+0000] {logging_mixin.py:190} INFO - [2024-12-13T10:43:37.720+0000] {dag.py:3239} INFO - Sync 1 DAGs
[2024-12-13T10:43:37.756+0000] {logging_mixin.py:190} INFO - [2024-12-13T10:43:37.756+0000] {dag.py:4180} INFO - Setting next_dagrun for example_python_operator to None, run_after=None
[2024-12-13T10:43:37.806+0000] {processor.py:208} INFO - Processing /opt/bitnami/airflow/venv/lib/python3.12/site-packages/airflow/example_dags/example_python_operator.py took 0.262 seconds
[2024-12-13T10:44:08.454+0000] {processor.py:186} INFO - Started process (PID=224) to work on /opt/bitnami/airflow/venv/lib/python3.12/site-packages/airflow/example_dags/example_python_operator.py
[2024-12-13T10:44:08.455+0000] {processor.py:914} INFO - Processing file /opt/bitnami/airflow/venv/lib/python3.12/site-packages/airflow/example_dags/example_python_operator.py for tasks to queue
[2024-12-13T10:44:08.458+0000] {logging_mixin.py:190} INFO - [2024-12-13T10:44:08.458+0000] {dagbag.py:588} INFO - Filling up the DagBag from /opt/bitnami/airflow/venv/lib/python3.12/site-packages/airflow/example_dags/example_python_operator.py
[2024-12-13T10:44:08.466+0000] {processor.py:925} INFO - DAG(s) 'example_python_operator' retrieved from /opt/bitnami/airflow/venv/lib/python3.12/site-packages/airflow/example_dags/example_python_operator.py
[2024-12-13T10:44:08.557+0000] {logging_mixin.py:190} INFO - [2024-12-13T10:44:08.556+0000] {dag.py:3239} INFO - Sync 1 DAGs
[2024-12-13T10:44:08.596+0000] {logging_mixin.py:190} INFO - [2024-12-13T10:44:08.595+0000] {dag.py:4180} INFO - Setting next_dagrun for example_python_operator to None, run_after=None
[2024-12-13T10:44:08.650+0000] {processor.py:208} INFO - Processing /opt/bitnami/airflow/venv/lib/python3.12/site-packages/airflow/example_dags/example_python_operator.py took 0.201 seconds
[2024-12-13T10:44:39.530+0000] {processor.py:186} INFO - Started process (PID=282) to work on /opt/bitnami/airflow/venv/lib/python3.12/site-packages/airflow/example_dags/example_python_operator.py
[2024-12-13T10:44:39.532+0000] {processor.py:914} INFO - Processing file /opt/bitnami/airflow/venv/lib/python3.12/site-packages/airflow/example_dags/example_python_operator.py for tasks to queue
[2024-12-13T10:44:39.534+0000] {logging_mixin.py:190} INFO - [2024-12-13T10:44:39.534+0000] {dagbag.py:588} INFO - Filling up the DagBag from /opt/bitnami/airflow/venv/lib/python3.12/site-packages/airflow/example_dags/example_python_operator.py
[2024-12-13T10:44:39.546+0000] {processor.py:925} INFO - DAG(s) 'example_python_operator' retrieved from /opt/bitnami/airflow/venv/lib/python3.12/site-packages/airflow/example_dags/example_python_operator.py
[2024-12-13T10:44:39.598+0000] {logging_mixin.py:190} INFO - [2024-12-13T10:44:39.597+0000] {dag.py:3239} INFO - Sync 1 DAGs
[2024-12-13T10:44:39.619+0000] {logging_mixin.py:190} INFO - [2024-12-13T10:44:39.618+0000] {dag.py:4180} INFO - Setting next_dagrun for example_python_operator to None, run_after=None
[2024-12-13T10:44:39.640+0000] {processor.py:208} INFO - Processing /opt/bitnami/airflow/venv/lib/python3.12/site-packages/airflow/example_dags/example_python_operator.py took 0.114 seconds
[2024-12-13T10:52:09.406+0000] {processor.py:186} INFO - Started process (PID=54) to work on /opt/bitnami/airflow/venv/lib/python3.12/site-packages/airflow/example_dags/example_python_operator.py
[2024-12-13T10:52:09.407+0000] {processor.py:914} INFO - Processing file /opt/bitnami/airflow/venv/lib/python3.12/site-packages/airflow/example_dags/example_python_operator.py for tasks to queue
[2024-12-13T10:52:09.409+0000] {logging_mixin.py:190} INFO - [2024-12-13T10:52:09.409+0000] {dagbag.py:588} INFO - Filling up the DagBag from /opt/bitnami/airflow/venv/lib/python3.12/site-packages/airflow/example_dags/example_python_operator.py
[2024-12-13T10:52:09.419+0000] {processor.py:925} INFO - DAG(s) 'example_python_operator' retrieved from /opt/bitnami/airflow/venv/lib/python3.12/site-packages/airflow/example_dags/example_python_operator.py
[2024-12-13T10:52:09.537+0000] {logging_mixin.py:190} INFO - [2024-12-13T10:52:09.537+0000] {override.py:1900} INFO - Created Permission View: can read on DAG:example_python_operator
[2024-12-13T10:52:09.558+0000] {logging_mixin.py:190} INFO - [2024-12-13T10:52:09.557+0000] {override.py:1900} INFO - Created Permission View: can delete on DAG:example_python_operator
[2024-12-13T10:52:09.568+0000] {logging_mixin.py:190} INFO - [2024-12-13T10:52:09.567+0000] {override.py:1900} INFO - Created Permission View: can edit on DAG:example_python_operator
[2024-12-13T10:52:09.581+0000] {logging_mixin.py:190} INFO - [2024-12-13T10:52:09.581+0000] {override.py:1900} INFO - Created Permission View: menu access on DAG Run:example_python_operator
[2024-12-13T10:52:09.590+0000] {logging_mixin.py:190} INFO - [2024-12-13T10:52:09.590+0000] {override.py:1900} INFO - Created Permission View: can read on DAG Run:example_python_operator
[2024-12-13T10:52:09.599+0000] {logging_mixin.py:190} INFO - [2024-12-13T10:52:09.598+0000] {override.py:1900} INFO - Created Permission View: can delete on DAG Run:example_python_operator
[2024-12-13T10:52:09.606+0000] {logging_mixin.py:190} INFO - [2024-12-13T10:52:09.605+0000] {override.py:1900} INFO - Created Permission View: can create on DAG Run:example_python_operator
[2024-12-13T10:52:09.607+0000] {logging_mixin.py:190} INFO - [2024-12-13T10:52:09.606+0000] {dag.py:3239} INFO - Sync 1 DAGs
[2024-12-13T10:52:09.628+0000] {logging_mixin.py:190} INFO - [2024-12-13T10:52:09.628+0000] {dag.py:3262} INFO - Creating ORM DAG for example_python_operator
[2024-12-13T10:52:09.629+0000] {logging_mixin.py:190} INFO - [2024-12-13T10:52:09.629+0000] {dag.py:4180} INFO - Setting next_dagrun for example_python_operator to None, run_after=None
[2024-12-13T10:52:09.660+0000] {processor.py:208} INFO - Processing /opt/bitnami/airflow/venv/lib/python3.12/site-packages/airflow/example_dags/example_python_operator.py took 0.260 seconds
[2024-12-13T10:52:39.858+0000] {processor.py:186} INFO - Started process (PID=111) to work on /opt/bitnami/airflow/venv/lib/python3.12/site-packages/airflow/example_dags/example_python_operator.py
[2024-12-13T10:52:39.859+0000] {processor.py:914} INFO - Processing file /opt/bitnami/airflow/venv/lib/python3.12/site-packages/airflow/example_dags/example_python_operator.py for tasks to queue
[2024-12-13T10:52:39.861+0000] {logging_mixin.py:190} INFO - [2024-12-13T10:52:39.861+0000] {dagbag.py:588} INFO - Filling up the DagBag from /opt/bitnami/airflow/venv/lib/python3.12/site-packages/airflow/example_dags/example_python_operator.py
[2024-12-13T10:52:39.870+0000] {processor.py:925} INFO - DAG(s) 'example_python_operator' retrieved from /opt/bitnami/airflow/venv/lib/python3.12/site-packages/airflow/example_dags/example_python_operator.py
[2024-12-13T10:52:39.941+0000] {logging_mixin.py:190} INFO - [2024-12-13T10:52:39.940+0000] {dag.py:3239} INFO - Sync 1 DAGs
[2024-12-13T10:52:39.979+0000] {logging_mixin.py:190} INFO - [2024-12-13T10:52:39.978+0000] {dag.py:4180} INFO - Setting next_dagrun for example_python_operator to None, run_after=None
[2024-12-13T10:52:40.009+0000] {processor.py:208} INFO - Processing /opt/bitnami/airflow/venv/lib/python3.12/site-packages/airflow/example_dags/example_python_operator.py took 0.157 seconds
[2024-12-13T10:53:11.761+0000] {processor.py:186} INFO - Started process (PID=168) to work on /opt/bitnami/airflow/venv/lib/python3.12/site-packages/airflow/example_dags/example_python_operator.py
[2024-12-13T10:53:11.763+0000] {processor.py:914} INFO - Processing file /opt/bitnami/airflow/venv/lib/python3.12/site-packages/airflow/example_dags/example_python_operator.py for tasks to queue
[2024-12-13T10:53:11.767+0000] {logging_mixin.py:190} INFO - [2024-12-13T10:53:11.767+0000] {dagbag.py:588} INFO - Filling up the DagBag from /opt/bitnami/airflow/venv/lib/python3.12/site-packages/airflow/example_dags/example_python_operator.py
[2024-12-13T10:53:11.783+0000] {processor.py:925} INFO - DAG(s) 'example_python_operator' retrieved from /opt/bitnami/airflow/venv/lib/python3.12/site-packages/airflow/example_dags/example_python_operator.py
[2024-12-13T10:53:11.970+0000] {logging_mixin.py:190} INFO - [2024-12-13T10:53:11.969+0000] {dag.py:3239} INFO - Sync 1 DAGs
[2024-12-13T10:53:12.010+0000] {logging_mixin.py:190} INFO - [2024-12-13T10:53:12.010+0000] {dag.py:4180} INFO - Setting next_dagrun for example_python_operator to None, run_after=None
[2024-12-13T10:53:12.064+0000] {processor.py:208} INFO - Processing /opt/bitnami/airflow/venv/lib/python3.12/site-packages/airflow/example_dags/example_python_operator.py took 0.314 seconds
[2024-12-13T10:53:42.158+0000] {processor.py:186} INFO - Started process (PID=225) to work on /opt/bitnami/airflow/venv/lib/python3.12/site-packages/airflow/example_dags/example_python_operator.py
[2024-12-13T10:53:42.160+0000] {processor.py:914} INFO - Processing file /opt/bitnami/airflow/venv/lib/python3.12/site-packages/airflow/example_dags/example_python_operator.py for tasks to queue
[2024-12-13T10:53:42.162+0000] {logging_mixin.py:190} INFO - [2024-12-13T10:53:42.162+0000] {dagbag.py:588} INFO - Filling up the DagBag from /opt/bitnami/airflow/venv/lib/python3.12/site-packages/airflow/example_dags/example_python_operator.py
[2024-12-13T10:53:42.173+0000] {processor.py:925} INFO - DAG(s) 'example_python_operator' retrieved from /opt/bitnami/airflow/venv/lib/python3.12/site-packages/airflow/example_dags/example_python_operator.py
[2024-12-13T10:53:42.247+0000] {logging_mixin.py:190} INFO - [2024-12-13T10:53:42.247+0000] {dag.py:3239} INFO - Sync 1 DAGs
[2024-12-13T10:53:42.286+0000] {logging_mixin.py:190} INFO - [2024-12-13T10:53:42.286+0000] {dag.py:4180} INFO - Setting next_dagrun for example_python_operator to None, run_after=None
[2024-12-13T10:53:42.319+0000] {processor.py:208} INFO - Processing /opt/bitnami/airflow/venv/lib/python3.12/site-packages/airflow/example_dags/example_python_operator.py took 0.168 seconds
[2024-12-13T10:54:12.464+0000] {processor.py:186} INFO - Started process (PID=282) to work on /opt/bitnami/airflow/venv/lib/python3.12/site-packages/airflow/example_dags/example_python_operator.py
[2024-12-13T10:54:12.465+0000] {processor.py:914} INFO - Processing file /opt/bitnami/airflow/venv/lib/python3.12/site-packages/airflow/example_dags/example_python_operator.py for tasks to queue
[2024-12-13T10:54:12.467+0000] {logging_mixin.py:190} INFO - [2024-12-13T10:54:12.467+0000] {dagbag.py:588} INFO - Filling up the DagBag from /opt/bitnami/airflow/venv/lib/python3.12/site-packages/airflow/example_dags/example_python_operator.py
[2024-12-13T10:54:12.477+0000] {processor.py:925} INFO - DAG(s) 'example_python_operator' retrieved from /opt/bitnami/airflow/venv/lib/python3.12/site-packages/airflow/example_dags/example_python_operator.py
[2024-12-13T10:54:12.519+0000] {logging_mixin.py:190} INFO - [2024-12-13T10:54:12.519+0000] {dag.py:3239} INFO - Sync 1 DAGs
[2024-12-13T10:54:12.548+0000] {logging_mixin.py:190} INFO - [2024-12-13T10:54:12.548+0000] {dag.py:4180} INFO - Setting next_dagrun for example_python_operator to None, run_after=None
[2024-12-13T10:54:12.574+0000] {processor.py:208} INFO - Processing /opt/bitnami/airflow/venv/lib/python3.12/site-packages/airflow/example_dags/example_python_operator.py took 0.115 seconds
[2024-12-13T10:54:42.875+0000] {processor.py:186} INFO - Started process (PID=339) to work on /opt/bitnami/airflow/venv/lib/python3.12/site-packages/airflow/example_dags/example_python_operator.py
[2024-12-13T10:54:42.876+0000] {processor.py:914} INFO - Processing file /opt/bitnami/airflow/venv/lib/python3.12/site-packages/airflow/example_dags/example_python_operator.py for tasks to queue
[2024-12-13T10:54:42.878+0000] {logging_mixin.py:190} INFO - [2024-12-13T10:54:42.878+0000] {dagbag.py:588} INFO - Filling up the DagBag from /opt/bitnami/airflow/venv/lib/python3.12/site-packages/airflow/example_dags/example_python_operator.py
[2024-12-13T10:54:42.887+0000] {processor.py:925} INFO - DAG(s) 'example_python_operator' retrieved from /opt/bitnami/airflow/venv/lib/python3.12/site-packages/airflow/example_dags/example_python_operator.py
[2024-12-13T10:54:42.937+0000] {logging_mixin.py:190} INFO - [2024-12-13T10:54:42.937+0000] {dag.py:3239} INFO - Sync 1 DAGs
[2024-12-13T10:54:42.969+0000] {logging_mixin.py:190} INFO - [2024-12-13T10:54:42.969+0000] {dag.py:4180} INFO - Setting next_dagrun for example_python_operator to None, run_after=None
[2024-12-13T10:54:43.008+0000] {processor.py:208} INFO - Processing /opt/bitnami/airflow/venv/lib/python3.12/site-packages/airflow/example_dags/example_python_operator.py took 0.138 seconds
[2024-12-13T10:55:14.216+0000] {processor.py:186} INFO - Started process (PID=396) to work on /opt/bitnami/airflow/venv/lib/python3.12/site-packages/airflow/example_dags/example_python_operator.py
[2024-12-13T10:55:14.217+0000] {processor.py:914} INFO - Processing file /opt/bitnami/airflow/venv/lib/python3.12/site-packages/airflow/example_dags/example_python_operator.py for tasks to queue
[2024-12-13T10:55:14.220+0000] {logging_mixin.py:190} INFO - [2024-12-13T10:55:14.219+0000] {dagbag.py:588} INFO - Filling up the DagBag from /opt/bitnami/airflow/venv/lib/python3.12/site-packages/airflow/example_dags/example_python_operator.py
[2024-12-13T10:55:14.228+0000] {processor.py:925} INFO - DAG(s) 'example_python_operator' retrieved from /opt/bitnami/airflow/venv/lib/python3.12/site-packages/airflow/example_dags/example_python_operator.py
[2024-12-13T10:55:14.328+0000] {logging_mixin.py:190} INFO - [2024-12-13T10:55:14.328+0000] {dag.py:3239} INFO - Sync 1 DAGs
[2024-12-13T10:55:14.370+0000] {logging_mixin.py:190} INFO - [2024-12-13T10:55:14.370+0000] {dag.py:4180} INFO - Setting next_dagrun for example_python_operator to None, run_after=None
[2024-12-13T10:55:14.430+0000] {processor.py:208} INFO - Processing /opt/bitnami/airflow/venv/lib/python3.12/site-packages/airflow/example_dags/example_python_operator.py took 0.219 seconds
[2024-12-13T10:55:44.681+0000] {processor.py:186} INFO - Started process (PID=453) to work on /opt/bitnami/airflow/venv/lib/python3.12/site-packages/airflow/example_dags/example_python_operator.py
[2024-12-13T10:55:44.682+0000] {processor.py:914} INFO - Processing file /opt/bitnami/airflow/venv/lib/python3.12/site-packages/airflow/example_dags/example_python_operator.py for tasks to queue
[2024-12-13T10:55:44.684+0000] {logging_mixin.py:190} INFO - [2024-12-13T10:55:44.684+0000] {dagbag.py:588} INFO - Filling up the DagBag from /opt/bitnami/airflow/venv/lib/python3.12/site-packages/airflow/example_dags/example_python_operator.py
[2024-12-13T10:55:44.694+0000] {processor.py:925} INFO - DAG(s) 'example_python_operator' retrieved from /opt/bitnami/airflow/venv/lib/python3.12/site-packages/airflow/example_dags/example_python_operator.py
[2024-12-13T10:55:44.796+0000] {logging_mixin.py:190} INFO - [2024-12-13T10:55:44.796+0000] {dag.py:3239} INFO - Sync 1 DAGs
[2024-12-13T10:55:44.834+0000] {logging_mixin.py:190} INFO - [2024-12-13T10:55:44.834+0000] {dag.py:4180} INFO - Setting next_dagrun for example_python_operator to None, run_after=None
[2024-12-13T10:55:44.881+0000] {processor.py:208} INFO - Processing /opt/bitnami/airflow/venv/lib/python3.12/site-packages/airflow/example_dags/example_python_operator.py took 0.204 seconds
[2024-12-13T10:56:15.161+0000] {processor.py:186} INFO - Started process (PID=510) to work on /opt/bitnami/airflow/venv/lib/python3.12/site-packages/airflow/example_dags/example_python_operator.py
[2024-12-13T10:56:15.162+0000] {processor.py:914} INFO - Processing file /opt/bitnami/airflow/venv/lib/python3.12/site-packages/airflow/example_dags/example_python_operator.py for tasks to queue
[2024-12-13T10:56:15.165+0000] {logging_mixin.py:190} INFO - [2024-12-13T10:56:15.165+0000] {dagbag.py:588} INFO - Filling up the DagBag from /opt/bitnami/airflow/venv/lib/python3.12/site-packages/airflow/example_dags/example_python_operator.py
[2024-12-13T10:56:15.177+0000] {processor.py:925} INFO - DAG(s) 'example_python_operator' retrieved from /opt/bitnami/airflow/venv/lib/python3.12/site-packages/airflow/example_dags/example_python_operator.py
[2024-12-13T10:56:15.273+0000] {logging_mixin.py:190} INFO - [2024-12-13T10:56:15.273+0000] {dag.py:3239} INFO - Sync 1 DAGs
[2024-12-13T10:56:15.294+0000] {logging_mixin.py:190} INFO - [2024-12-13T10:56:15.294+0000] {dag.py:4180} INFO - Setting next_dagrun for example_python_operator to None, run_after=None
[2024-12-13T10:56:15.321+0000] {processor.py:208} INFO - Processing /opt/bitnami/airflow/venv/lib/python3.12/site-packages/airflow/example_dags/example_python_operator.py took 0.166 seconds
[2024-12-13T10:56:45.440+0000] {processor.py:186} INFO - Started process (PID=567) to work on /opt/bitnami/airflow/venv/lib/python3.12/site-packages/airflow/example_dags/example_python_operator.py
[2024-12-13T10:56:45.441+0000] {processor.py:914} INFO - Processing file /opt/bitnami/airflow/venv/lib/python3.12/site-packages/airflow/example_dags/example_python_operator.py for tasks to queue
[2024-12-13T10:56:45.443+0000] {logging_mixin.py:190} INFO - [2024-12-13T10:56:45.443+0000] {dagbag.py:588} INFO - Filling up the DagBag from /opt/bitnami/airflow/venv/lib/python3.12/site-packages/airflow/example_dags/example_python_operator.py
[2024-12-13T10:56:45.453+0000] {processor.py:925} INFO - DAG(s) 'example_python_operator' retrieved from /opt/bitnami/airflow/venv/lib/python3.12/site-packages/airflow/example_dags/example_python_operator.py
[2024-12-13T10:56:45.487+0000] {logging_mixin.py:190} INFO - [2024-12-13T10:56:45.486+0000] {dag.py:3239} INFO - Sync 1 DAGs
[2024-12-13T10:56:45.506+0000] {logging_mixin.py:190} INFO - [2024-12-13T10:56:45.505+0000] {dag.py:4180} INFO - Setting next_dagrun for example_python_operator to None, run_after=None
[2024-12-13T10:56:45.526+0000] {processor.py:208} INFO - Processing /opt/bitnami/airflow/venv/lib/python3.12/site-packages/airflow/example_dags/example_python_operator.py took 0.091 seconds
[2024-12-13T10:57:15.926+0000] {processor.py:186} INFO - Started process (PID=624) to work on /opt/bitnami/airflow/venv/lib/python3.12/site-packages/airflow/example_dags/example_python_operator.py
[2024-12-13T10:57:15.927+0000] {processor.py:914} INFO - Processing file /opt/bitnami/airflow/venv/lib/python3.12/site-packages/airflow/example_dags/example_python_operator.py for tasks to queue
[2024-12-13T10:57:15.930+0000] {logging_mixin.py:190} INFO - [2024-12-13T10:57:15.929+0000] {dagbag.py:588} INFO - Filling up the DagBag from /opt/bitnami/airflow/venv/lib/python3.12/site-packages/airflow/example_dags/example_python_operator.py
[2024-12-13T10:57:15.944+0000] {processor.py:925} INFO - DAG(s) 'example_python_operator' retrieved from /opt/bitnami/airflow/venv/lib/python3.12/site-packages/airflow/example_dags/example_python_operator.py
[2024-12-13T10:57:16.021+0000] {logging_mixin.py:190} INFO - [2024-12-13T10:57:16.020+0000] {dag.py:3239} INFO - Sync 1 DAGs
[2024-12-13T10:57:16.055+0000] {logging_mixin.py:190} INFO - [2024-12-13T10:57:16.055+0000] {dag.py:4180} INFO - Setting next_dagrun for example_python_operator to None, run_after=None
[2024-12-13T10:57:16.088+0000] {processor.py:208} INFO - Processing /opt/bitnami/airflow/venv/lib/python3.12/site-packages/airflow/example_dags/example_python_operator.py took 0.168 seconds
[2024-12-13T10:57:46.253+0000] {processor.py:186} INFO - Started process (PID=681) to work on /opt/bitnami/airflow/venv/lib/python3.12/site-packages/airflow/example_dags/example_python_operator.py
[2024-12-13T10:57:46.254+0000] {processor.py:914} INFO - Processing file /opt/bitnami/airflow/venv/lib/python3.12/site-packages/airflow/example_dags/example_python_operator.py for tasks to queue
[2024-12-13T10:57:46.256+0000] {logging_mixin.py:190} INFO - [2024-12-13T10:57:46.256+0000] {dagbag.py:588} INFO - Filling up the DagBag from /opt/bitnami/airflow/venv/lib/python3.12/site-packages/airflow/example_dags/example_python_operator.py
[2024-12-13T10:57:46.265+0000] {processor.py:925} INFO - DAG(s) 'example_python_operator' retrieved from /opt/bitnami/airflow/venv/lib/python3.12/site-packages/airflow/example_dags/example_python_operator.py
[2024-12-13T10:57:46.330+0000] {logging_mixin.py:190} INFO - [2024-12-13T10:57:46.330+0000] {dag.py:3239} INFO - Sync 1 DAGs
[2024-12-13T10:57:46.352+0000] {logging_mixin.py:190} INFO - [2024-12-13T10:57:46.352+0000] {dag.py:4180} INFO - Setting next_dagrun for example_python_operator to None, run_after=None
[2024-12-13T10:57:46.374+0000] {processor.py:208} INFO - Processing /opt/bitnami/airflow/venv/lib/python3.12/site-packages/airflow/example_dags/example_python_operator.py took 0.126 seconds
[2024-12-13T10:58:17.534+0000] {processor.py:186} INFO - Started process (PID=738) to work on /opt/bitnami/airflow/venv/lib/python3.12/site-packages/airflow/example_dags/example_python_operator.py
[2024-12-13T10:58:17.535+0000] {processor.py:914} INFO - Processing file /opt/bitnami/airflow/venv/lib/python3.12/site-packages/airflow/example_dags/example_python_operator.py for tasks to queue
[2024-12-13T10:58:17.537+0000] {logging_mixin.py:190} INFO - [2024-12-13T10:58:17.537+0000] {dagbag.py:588} INFO - Filling up the DagBag from /opt/bitnami/airflow/venv/lib/python3.12/site-packages/airflow/example_dags/example_python_operator.py
[2024-12-13T10:58:17.548+0000] {processor.py:925} INFO - DAG(s) 'example_python_operator' retrieved from /opt/bitnami/airflow/venv/lib/python3.12/site-packages/airflow/example_dags/example_python_operator.py
[2024-12-13T10:58:17.609+0000] {logging_mixin.py:190} INFO - [2024-12-13T10:58:17.608+0000] {dag.py:3239} INFO - Sync 1 DAGs
[2024-12-13T10:58:17.630+0000] {logging_mixin.py:190} INFO - [2024-12-13T10:58:17.630+0000] {dag.py:4180} INFO - Setting next_dagrun for example_python_operator to None, run_after=None
[2024-12-13T10:58:17.657+0000] {processor.py:208} INFO - Processing /opt/bitnami/airflow/venv/lib/python3.12/site-packages/airflow/example_dags/example_python_operator.py took 0.127 seconds
[2024-12-13T10:58:48.960+0000] {processor.py:186} INFO - Started process (PID=795) to work on /opt/bitnami/airflow/venv/lib/python3.12/site-packages/airflow/example_dags/example_python_operator.py
[2024-12-13T10:58:48.961+0000] {processor.py:914} INFO - Processing file /opt/bitnami/airflow/venv/lib/python3.12/site-packages/airflow/example_dags/example_python_operator.py for tasks to queue
[2024-12-13T10:58:48.963+0000] {logging_mixin.py:190} INFO - [2024-12-13T10:58:48.963+0000] {dagbag.py:588} INFO - Filling up the DagBag from /opt/bitnami/airflow/venv/lib/python3.12/site-packages/airflow/example_dags/example_python_operator.py
[2024-12-13T10:58:48.971+0000] {processor.py:925} INFO - DAG(s) 'example_python_operator' retrieved from /opt/bitnami/airflow/venv/lib/python3.12/site-packages/airflow/example_dags/example_python_operator.py
[2024-12-13T10:58:49.007+0000] {logging_mixin.py:190} INFO - [2024-12-13T10:58:49.007+0000] {dag.py:3239} INFO - Sync 1 DAGs
[2024-12-13T10:58:49.024+0000] {logging_mixin.py:190} INFO - [2024-12-13T10:58:49.024+0000] {dag.py:4180} INFO - Setting next_dagrun for example_python_operator to None, run_after=None
[2024-12-13T10:58:49.043+0000] {processor.py:208} INFO - Processing /opt/bitnami/airflow/venv/lib/python3.12/site-packages/airflow/example_dags/example_python_operator.py took 0.087 seconds
[2024-12-13T11:07:29.540+0000] {processor.py:186} INFO - Started process (PID=54) to work on /opt/bitnami/airflow/venv/lib/python3.12/site-packages/airflow/example_dags/example_python_operator.py
[2024-12-13T11:07:29.541+0000] {processor.py:914} INFO - Processing file /opt/bitnami/airflow/venv/lib/python3.12/site-packages/airflow/example_dags/example_python_operator.py for tasks to queue
[2024-12-13T11:07:29.545+0000] {logging_mixin.py:190} INFO - [2024-12-13T11:07:29.544+0000] {dagbag.py:588} INFO - Filling up the DagBag from /opt/bitnami/airflow/venv/lib/python3.12/site-packages/airflow/example_dags/example_python_operator.py
[2024-12-13T11:07:29.562+0000] {processor.py:925} INFO - DAG(s) 'example_python_operator' retrieved from /opt/bitnami/airflow/venv/lib/python3.12/site-packages/airflow/example_dags/example_python_operator.py
[2024-12-13T11:07:29.703+0000] {logging_mixin.py:190} INFO - [2024-12-13T11:07:29.702+0000] {dag.py:3239} INFO - Sync 1 DAGs
[2024-12-13T11:07:29.729+0000] {logging_mixin.py:190} INFO - [2024-12-13T11:07:29.728+0000] {dag.py:4180} INFO - Setting next_dagrun for example_python_operator to None, run_after=None
[2024-12-13T11:07:29.762+0000] {processor.py:208} INFO - Processing /opt/bitnami/airflow/venv/lib/python3.12/site-packages/airflow/example_dags/example_python_operator.py took 0.228 seconds
[2024-12-13T11:08:00.328+0000] {processor.py:186} INFO - Started process (PID=111) to work on /opt/bitnami/airflow/venv/lib/python3.12/site-packages/airflow/example_dags/example_python_operator.py
[2024-12-13T11:08:00.329+0000] {processor.py:914} INFO - Processing file /opt/bitnami/airflow/venv/lib/python3.12/site-packages/airflow/example_dags/example_python_operator.py for tasks to queue
[2024-12-13T11:08:00.332+0000] {logging_mixin.py:190} INFO - [2024-12-13T11:08:00.332+0000] {dagbag.py:588} INFO - Filling up the DagBag from /opt/bitnami/airflow/venv/lib/python3.12/site-packages/airflow/example_dags/example_python_operator.py
[2024-12-13T11:08:00.341+0000] {processor.py:925} INFO - DAG(s) 'example_python_operator' retrieved from /opt/bitnami/airflow/venv/lib/python3.12/site-packages/airflow/example_dags/example_python_operator.py
[2024-12-13T11:08:00.382+0000] {logging_mixin.py:190} INFO - [2024-12-13T11:08:00.382+0000] {dag.py:3239} INFO - Sync 1 DAGs
[2024-12-13T11:08:00.401+0000] {logging_mixin.py:190} INFO - [2024-12-13T11:08:00.401+0000] {dag.py:4180} INFO - Setting next_dagrun for example_python_operator to None, run_after=None
[2024-12-13T11:08:00.421+0000] {processor.py:208} INFO - Processing /opt/bitnami/airflow/venv/lib/python3.12/site-packages/airflow/example_dags/example_python_operator.py took 0.098 seconds
[2024-12-13T11:08:31.316+0000] {processor.py:186} INFO - Started process (PID=168) to work on /opt/bitnami/airflow/venv/lib/python3.12/site-packages/airflow/example_dags/example_python_operator.py
[2024-12-13T11:08:31.318+0000] {processor.py:914} INFO - Processing file /opt/bitnami/airflow/venv/lib/python3.12/site-packages/airflow/example_dags/example_python_operator.py for tasks to queue
[2024-12-13T11:08:31.321+0000] {logging_mixin.py:190} INFO - [2024-12-13T11:08:31.320+0000] {dagbag.py:588} INFO - Filling up the DagBag from /opt/bitnami/airflow/venv/lib/python3.12/site-packages/airflow/example_dags/example_python_operator.py
[2024-12-13T11:08:31.331+0000] {processor.py:925} INFO - DAG(s) 'example_python_operator' retrieved from /opt/bitnami/airflow/venv/lib/python3.12/site-packages/airflow/example_dags/example_python_operator.py
[2024-12-13T11:08:31.450+0000] {logging_mixin.py:190} INFO - [2024-12-13T11:08:31.450+0000] {dag.py:3239} INFO - Sync 1 DAGs
[2024-12-13T11:08:31.475+0000] {logging_mixin.py:190} INFO - [2024-12-13T11:08:31.475+0000] {dag.py:4180} INFO - Setting next_dagrun for example_python_operator to None, run_after=None
[2024-12-13T11:08:31.509+0000] {processor.py:208} INFO - Processing /opt/bitnami/airflow/venv/lib/python3.12/site-packages/airflow/example_dags/example_python_operator.py took 0.198 seconds
[2024-12-13T11:09:01.565+0000] {processor.py:186} INFO - Started process (PID=225) to work on /opt/bitnami/airflow/venv/lib/python3.12/site-packages/airflow/example_dags/example_python_operator.py
[2024-12-13T11:09:01.567+0000] {processor.py:914} INFO - Processing file /opt/bitnami/airflow/venv/lib/python3.12/site-packages/airflow/example_dags/example_python_operator.py for tasks to queue
[2024-12-13T11:09:01.570+0000] {logging_mixin.py:190} INFO - [2024-12-13T11:09:01.570+0000] {dagbag.py:588} INFO - Filling up the DagBag from /opt/bitnami/airflow/venv/lib/python3.12/site-packages/airflow/example_dags/example_python_operator.py
[2024-12-13T11:09:01.585+0000] {processor.py:925} INFO - DAG(s) 'example_python_operator' retrieved from /opt/bitnami/airflow/venv/lib/python3.12/site-packages/airflow/example_dags/example_python_operator.py
[2024-12-13T11:09:01.655+0000] {logging_mixin.py:190} INFO - [2024-12-13T11:09:01.654+0000] {dag.py:3239} INFO - Sync 1 DAGs
[2024-12-13T11:09:01.695+0000] {logging_mixin.py:190} INFO - [2024-12-13T11:09:01.694+0000] {dag.py:4180} INFO - Setting next_dagrun for example_python_operator to None, run_after=None
[2024-12-13T11:09:01.741+0000] {processor.py:208} INFO - Processing /opt/bitnami/airflow/venv/lib/python3.12/site-packages/airflow/example_dags/example_python_operator.py took 0.184 seconds
[2024-12-13T11:09:31.858+0000] {processor.py:186} INFO - Started process (PID=281) to work on /opt/bitnami/airflow/venv/lib/python3.12/site-packages/airflow/example_dags/example_python_operator.py
[2024-12-13T11:09:31.860+0000] {processor.py:914} INFO - Processing file /opt/bitnami/airflow/venv/lib/python3.12/site-packages/airflow/example_dags/example_python_operator.py for tasks to queue
[2024-12-13T11:09:31.864+0000] {logging_mixin.py:190} INFO - [2024-12-13T11:09:31.864+0000] {dagbag.py:588} INFO - Filling up the DagBag from /opt/bitnami/airflow/venv/lib/python3.12/site-packages/airflow/example_dags/example_python_operator.py
[2024-12-13T11:09:31.879+0000] {processor.py:925} INFO - DAG(s) 'example_python_operator' retrieved from /opt/bitnami/airflow/venv/lib/python3.12/site-packages/airflow/example_dags/example_python_operator.py
[2024-12-13T11:09:32.001+0000] {logging_mixin.py:190} INFO - [2024-12-13T11:09:32.000+0000] {dag.py:3239} INFO - Sync 1 DAGs
[2024-12-13T11:09:32.038+0000] {logging_mixin.py:190} INFO - [2024-12-13T11:09:32.038+0000] {dag.py:4180} INFO - Setting next_dagrun for example_python_operator to None, run_after=None
[2024-12-13T11:09:32.077+0000] {processor.py:208} INFO - Processing /opt/bitnami/airflow/venv/lib/python3.12/site-packages/airflow/example_dags/example_python_operator.py took 0.226 seconds
[2024-12-13T11:13:42.267+0000] {processor.py:186} INFO - Started process (PID=54) to work on /opt/bitnami/airflow/venv/lib/python3.12/site-packages/airflow/example_dags/example_python_operator.py
[2024-12-13T11:13:42.268+0000] {processor.py:914} INFO - Processing file /opt/bitnami/airflow/venv/lib/python3.12/site-packages/airflow/example_dags/example_python_operator.py for tasks to queue
[2024-12-13T11:13:42.271+0000] {logging_mixin.py:190} INFO - [2024-12-13T11:13:42.271+0000] {dagbag.py:588} INFO - Filling up the DagBag from /opt/bitnami/airflow/venv/lib/python3.12/site-packages/airflow/example_dags/example_python_operator.py
[2024-12-13T11:13:42.284+0000] {processor.py:925} INFO - DAG(s) 'example_python_operator' retrieved from /opt/bitnami/airflow/venv/lib/python3.12/site-packages/airflow/example_dags/example_python_operator.py
[2024-12-13T11:13:42.397+0000] {logging_mixin.py:190} INFO - [2024-12-13T11:13:42.397+0000] {dag.py:3239} INFO - Sync 1 DAGs
[2024-12-13T11:13:42.418+0000] {logging_mixin.py:190} INFO - [2024-12-13T11:13:42.417+0000] {dag.py:4180} INFO - Setting next_dagrun for example_python_operator to None, run_after=None
[2024-12-13T11:13:42.454+0000] {processor.py:208} INFO - Processing /opt/bitnami/airflow/venv/lib/python3.12/site-packages/airflow/example_dags/example_python_operator.py took 0.194 seconds
[2024-12-13T11:14:12.502+0000] {processor.py:186} INFO - Started process (PID=111) to work on /opt/bitnami/airflow/venv/lib/python3.12/site-packages/airflow/example_dags/example_python_operator.py
[2024-12-13T11:14:12.503+0000] {processor.py:914} INFO - Processing file /opt/bitnami/airflow/venv/lib/python3.12/site-packages/airflow/example_dags/example_python_operator.py for tasks to queue
[2024-12-13T11:14:12.509+0000] {logging_mixin.py:190} INFO - [2024-12-13T11:14:12.508+0000] {dagbag.py:588} INFO - Filling up the DagBag from /opt/bitnami/airflow/venv/lib/python3.12/site-packages/airflow/example_dags/example_python_operator.py
[2024-12-13T11:14:12.524+0000] {processor.py:925} INFO - DAG(s) 'example_python_operator' retrieved from /opt/bitnami/airflow/venv/lib/python3.12/site-packages/airflow/example_dags/example_python_operator.py
[2024-12-13T11:14:12.581+0000] {logging_mixin.py:190} INFO - [2024-12-13T11:14:12.581+0000] {dag.py:3239} INFO - Sync 1 DAGs
[2024-12-13T11:14:12.605+0000] {logging_mixin.py:190} INFO - [2024-12-13T11:14:12.605+0000] {dag.py:4180} INFO - Setting next_dagrun for example_python_operator to None, run_after=None
[2024-12-13T11:14:12.636+0000] {processor.py:208} INFO - Processing /opt/bitnami/airflow/venv/lib/python3.12/site-packages/airflow/example_dags/example_python_operator.py took 0.139 seconds
[2024-12-13T11:14:44.125+0000] {processor.py:186} INFO - Started process (PID=168) to work on /opt/bitnami/airflow/venv/lib/python3.12/site-packages/airflow/example_dags/example_python_operator.py
[2024-12-13T11:14:44.126+0000] {processor.py:914} INFO - Processing file /opt/bitnami/airflow/venv/lib/python3.12/site-packages/airflow/example_dags/example_python_operator.py for tasks to queue
[2024-12-13T11:14:44.129+0000] {logging_mixin.py:190} INFO - [2024-12-13T11:14:44.129+0000] {dagbag.py:588} INFO - Filling up the DagBag from /opt/bitnami/airflow/venv/lib/python3.12/site-packages/airflow/example_dags/example_python_operator.py
[2024-12-13T11:14:44.142+0000] {processor.py:925} INFO - DAG(s) 'example_python_operator' retrieved from /opt/bitnami/airflow/venv/lib/python3.12/site-packages/airflow/example_dags/example_python_operator.py
[2024-12-13T11:14:44.291+0000] {logging_mixin.py:190} INFO - [2024-12-13T11:14:44.290+0000] {dag.py:3239} INFO - Sync 1 DAGs
[2024-12-13T11:14:44.331+0000] {logging_mixin.py:190} INFO - [2024-12-13T11:14:44.331+0000] {dag.py:4180} INFO - Setting next_dagrun for example_python_operator to None, run_after=None
[2024-12-13T11:14:44.375+0000] {processor.py:208} INFO - Processing /opt/bitnami/airflow/venv/lib/python3.12/site-packages/airflow/example_dags/example_python_operator.py took 0.256 seconds
[2024-12-13T11:15:14.624+0000] {processor.py:186} INFO - Started process (PID=225) to work on /opt/bitnami/airflow/venv/lib/python3.12/site-packages/airflow/example_dags/example_python_operator.py
[2024-12-13T11:15:14.625+0000] {processor.py:914} INFO - Processing file /opt/bitnami/airflow/venv/lib/python3.12/site-packages/airflow/example_dags/example_python_operator.py for tasks to queue
[2024-12-13T11:15:14.629+0000] {logging_mixin.py:190} INFO - [2024-12-13T11:15:14.629+0000] {dagbag.py:588} INFO - Filling up the DagBag from /opt/bitnami/airflow/venv/lib/python3.12/site-packages/airflow/example_dags/example_python_operator.py
[2024-12-13T11:15:14.638+0000] {processor.py:925} INFO - DAG(s) 'example_python_operator' retrieved from /opt/bitnami/airflow/venv/lib/python3.12/site-packages/airflow/example_dags/example_python_operator.py
[2024-12-13T11:15:14.739+0000] {logging_mixin.py:190} INFO - [2024-12-13T11:15:14.738+0000] {dag.py:3239} INFO - Sync 1 DAGs
[2024-12-13T11:15:14.771+0000] {logging_mixin.py:190} INFO - [2024-12-13T11:15:14.770+0000] {dag.py:4180} INFO - Setting next_dagrun for example_python_operator to None, run_after=None
[2024-12-13T11:15:14.817+0000] {processor.py:208} INFO - Processing /opt/bitnami/airflow/venv/lib/python3.12/site-packages/airflow/example_dags/example_python_operator.py took 0.198 seconds
[2024-12-13T11:57:07.343+0000] {processor.py:186} INFO - Started process (PID=54) to work on /opt/bitnami/airflow/venv/lib/python3.12/site-packages/airflow/example_dags/example_python_operator.py
[2024-12-13T11:57:07.344+0000] {processor.py:914} INFO - Processing file /opt/bitnami/airflow/venv/lib/python3.12/site-packages/airflow/example_dags/example_python_operator.py for tasks to queue
[2024-12-13T11:57:07.346+0000] {logging_mixin.py:190} INFO - [2024-12-13T11:57:07.346+0000] {dagbag.py:588} INFO - Filling up the DagBag from /opt/bitnami/airflow/venv/lib/python3.12/site-packages/airflow/example_dags/example_python_operator.py
[2024-12-13T11:57:07.355+0000] {processor.py:925} INFO - DAG(s) 'example_python_operator' retrieved from /opt/bitnami/airflow/venv/lib/python3.12/site-packages/airflow/example_dags/example_python_operator.py
[2024-12-13T11:57:07.440+0000] {logging_mixin.py:190} INFO - [2024-12-13T11:57:07.440+0000] {dag.py:3239} INFO - Sync 1 DAGs
[2024-12-13T11:57:07.457+0000] {logging_mixin.py:190} INFO - [2024-12-13T11:57:07.457+0000] {dag.py:4180} INFO - Setting next_dagrun for example_python_operator to None, run_after=None
[2024-12-13T11:57:07.478+0000] {processor.py:208} INFO - Processing /opt/bitnami/airflow/venv/lib/python3.12/site-packages/airflow/example_dags/example_python_operator.py took 0.139 seconds
[2024-12-13T11:57:38.373+0000] {processor.py:186} INFO - Started process (PID=111) to work on /opt/bitnami/airflow/venv/lib/python3.12/site-packages/airflow/example_dags/example_python_operator.py
[2024-12-13T11:57:38.374+0000] {processor.py:914} INFO - Processing file /opt/bitnami/airflow/venv/lib/python3.12/site-packages/airflow/example_dags/example_python_operator.py for tasks to queue
[2024-12-13T11:57:38.376+0000] {logging_mixin.py:190} INFO - [2024-12-13T11:57:38.375+0000] {dagbag.py:588} INFO - Filling up the DagBag from /opt/bitnami/airflow/venv/lib/python3.12/site-packages/airflow/example_dags/example_python_operator.py
[2024-12-13T11:57:38.385+0000] {processor.py:925} INFO - DAG(s) 'example_python_operator' retrieved from /opt/bitnami/airflow/venv/lib/python3.12/site-packages/airflow/example_dags/example_python_operator.py
[2024-12-13T11:57:38.424+0000] {logging_mixin.py:190} INFO - [2024-12-13T11:57:38.424+0000] {dag.py:3239} INFO - Sync 1 DAGs
[2024-12-13T11:57:38.452+0000] {logging_mixin.py:190} INFO - [2024-12-13T11:57:38.451+0000] {dag.py:4180} INFO - Setting next_dagrun for example_python_operator to None, run_after=None
[2024-12-13T11:57:38.598+0000] {processor.py:208} INFO - Processing /opt/bitnami/airflow/venv/lib/python3.12/site-packages/airflow/example_dags/example_python_operator.py took 0.230 seconds
[2024-12-13T11:58:32.980+0000] {processor.py:186} INFO - Started process (PID=54) to work on /opt/bitnami/airflow/venv/lib/python3.12/site-packages/airflow/example_dags/example_python_operator.py
[2024-12-13T11:58:32.981+0000] {processor.py:914} INFO - Processing file /opt/bitnami/airflow/venv/lib/python3.12/site-packages/airflow/example_dags/example_python_operator.py for tasks to queue
[2024-12-13T11:58:32.984+0000] {logging_mixin.py:190} INFO - [2024-12-13T11:58:32.984+0000] {dagbag.py:588} INFO - Filling up the DagBag from /opt/bitnami/airflow/venv/lib/python3.12/site-packages/airflow/example_dags/example_python_operator.py
[2024-12-13T11:58:32.994+0000] {processor.py:925} INFO - DAG(s) 'example_python_operator' retrieved from /opt/bitnami/airflow/venv/lib/python3.12/site-packages/airflow/example_dags/example_python_operator.py
[2024-12-13T11:58:33.093+0000] {logging_mixin.py:190} INFO - [2024-12-13T11:58:33.092+0000] {dag.py:3239} INFO - Sync 1 DAGs
[2024-12-13T11:58:33.109+0000] {logging_mixin.py:190} INFO - [2024-12-13T11:58:33.109+0000] {dag.py:4180} INFO - Setting next_dagrun for example_python_operator to None, run_after=None
[2024-12-13T11:58:33.132+0000] {processor.py:208} INFO - Processing /opt/bitnami/airflow/venv/lib/python3.12/site-packages/airflow/example_dags/example_python_operator.py took 0.158 seconds
[2024-12-13T11:59:03.869+0000] {processor.py:186} INFO - Started process (PID=111) to work on /opt/bitnami/airflow/venv/lib/python3.12/site-packages/airflow/example_dags/example_python_operator.py
[2024-12-13T11:59:03.871+0000] {processor.py:914} INFO - Processing file /opt/bitnami/airflow/venv/lib/python3.12/site-packages/airflow/example_dags/example_python_operator.py for tasks to queue
[2024-12-13T11:59:03.875+0000] {logging_mixin.py:190} INFO - [2024-12-13T11:59:03.875+0000] {dagbag.py:588} INFO - Filling up the DagBag from /opt/bitnami/airflow/venv/lib/python3.12/site-packages/airflow/example_dags/example_python_operator.py
[2024-12-13T11:59:03.895+0000] {processor.py:925} INFO - DAG(s) 'example_python_operator' retrieved from /opt/bitnami/airflow/venv/lib/python3.12/site-packages/airflow/example_dags/example_python_operator.py
[2024-12-13T11:59:03.964+0000] {logging_mixin.py:190} INFO - [2024-12-13T11:59:03.963+0000] {dag.py:3239} INFO - Sync 1 DAGs
[2024-12-13T11:59:03.999+0000] {logging_mixin.py:190} INFO - [2024-12-13T11:59:03.998+0000] {dag.py:4180} INFO - Setting next_dagrun for example_python_operator to None, run_after=None
[2024-12-13T11:59:04.028+0000] {processor.py:208} INFO - Processing /opt/bitnami/airflow/venv/lib/python3.12/site-packages/airflow/example_dags/example_python_operator.py took 0.165 seconds
[2024-12-13T11:59:34.311+0000] {processor.py:186} INFO - Started process (PID=168) to work on /opt/bitnami/airflow/venv/lib/python3.12/site-packages/airflow/example_dags/example_python_operator.py
[2024-12-13T11:59:34.312+0000] {processor.py:914} INFO - Processing file /opt/bitnami/airflow/venv/lib/python3.12/site-packages/airflow/example_dags/example_python_operator.py for tasks to queue
[2024-12-13T11:59:34.314+0000] {logging_mixin.py:190} INFO - [2024-12-13T11:59:34.314+0000] {dagbag.py:588} INFO - Filling up the DagBag from /opt/bitnami/airflow/venv/lib/python3.12/site-packages/airflow/example_dags/example_python_operator.py
[2024-12-13T11:59:34.323+0000] {processor.py:925} INFO - DAG(s) 'example_python_operator' retrieved from /opt/bitnami/airflow/venv/lib/python3.12/site-packages/airflow/example_dags/example_python_operator.py
[2024-12-13T11:59:34.398+0000] {logging_mixin.py:190} INFO - [2024-12-13T11:59:34.397+0000] {dag.py:3239} INFO - Sync 1 DAGs
[2024-12-13T11:59:34.418+0000] {logging_mixin.py:190} INFO - [2024-12-13T11:59:34.418+0000] {dag.py:4180} INFO - Setting next_dagrun for example_python_operator to None, run_after=None
[2024-12-13T11:59:34.441+0000] {processor.py:208} INFO - Processing /opt/bitnami/airflow/venv/lib/python3.12/site-packages/airflow/example_dags/example_python_operator.py took 0.134 seconds
[2024-12-13T12:00:05.345+0000] {processor.py:186} INFO - Started process (PID=225) to work on /opt/bitnami/airflow/venv/lib/python3.12/site-packages/airflow/example_dags/example_python_operator.py
[2024-12-13T12:00:05.346+0000] {processor.py:914} INFO - Processing file /opt/bitnami/airflow/venv/lib/python3.12/site-packages/airflow/example_dags/example_python_operator.py for tasks to queue
[2024-12-13T12:00:05.348+0000] {logging_mixin.py:190} INFO - [2024-12-13T12:00:05.348+0000] {dagbag.py:588} INFO - Filling up the DagBag from /opt/bitnami/airflow/venv/lib/python3.12/site-packages/airflow/example_dags/example_python_operator.py
[2024-12-13T12:00:05.356+0000] {processor.py:925} INFO - DAG(s) 'example_python_operator' retrieved from /opt/bitnami/airflow/venv/lib/python3.12/site-packages/airflow/example_dags/example_python_operator.py
[2024-12-13T12:00:05.390+0000] {logging_mixin.py:190} INFO - [2024-12-13T12:00:05.390+0000] {dag.py:3239} INFO - Sync 1 DAGs
[2024-12-13T12:00:05.409+0000] {logging_mixin.py:190} INFO - [2024-12-13T12:00:05.408+0000] {dag.py:4180} INFO - Setting next_dagrun for example_python_operator to None, run_after=None
[2024-12-13T12:00:05.431+0000] {processor.py:208} INFO - Processing /opt/bitnami/airflow/venv/lib/python3.12/site-packages/airflow/example_dags/example_python_operator.py took 0.090 seconds
[2024-12-13T12:00:35.703+0000] {processor.py:186} INFO - Started process (PID=282) to work on /opt/bitnami/airflow/venv/lib/python3.12/site-packages/airflow/example_dags/example_python_operator.py
[2024-12-13T12:00:35.704+0000] {processor.py:914} INFO - Processing file /opt/bitnami/airflow/venv/lib/python3.12/site-packages/airflow/example_dags/example_python_operator.py for tasks to queue
[2024-12-13T12:00:35.706+0000] {logging_mixin.py:190} INFO - [2024-12-13T12:00:35.706+0000] {dagbag.py:588} INFO - Filling up the DagBag from /opt/bitnami/airflow/venv/lib/python3.12/site-packages/airflow/example_dags/example_python_operator.py
[2024-12-13T12:00:35.716+0000] {processor.py:925} INFO - DAG(s) 'example_python_operator' retrieved from /opt/bitnami/airflow/venv/lib/python3.12/site-packages/airflow/example_dags/example_python_operator.py
[2024-12-13T12:00:35.759+0000] {logging_mixin.py:190} INFO - [2024-12-13T12:00:35.758+0000] {dag.py:3239} INFO - Sync 1 DAGs
[2024-12-13T12:00:35.776+0000] {logging_mixin.py:190} INFO - [2024-12-13T12:00:35.776+0000] {dag.py:4180} INFO - Setting next_dagrun for example_python_operator to None, run_after=None
[2024-12-13T12:00:35.798+0000] {processor.py:208} INFO - Processing /opt/bitnami/airflow/venv/lib/python3.12/site-packages/airflow/example_dags/example_python_operator.py took 0.100 seconds
[2024-12-13T12:01:06.433+0000] {processor.py:186} INFO - Started process (PID=339) to work on /opt/bitnami/airflow/venv/lib/python3.12/site-packages/airflow/example_dags/example_python_operator.py
[2024-12-13T12:01:06.434+0000] {processor.py:914} INFO - Processing file /opt/bitnami/airflow/venv/lib/python3.12/site-packages/airflow/example_dags/example_python_operator.py for tasks to queue
[2024-12-13T12:01:06.436+0000] {logging_mixin.py:190} INFO - [2024-12-13T12:01:06.435+0000] {dagbag.py:588} INFO - Filling up the DagBag from /opt/bitnami/airflow/venv/lib/python3.12/site-packages/airflow/example_dags/example_python_operator.py
[2024-12-13T12:01:06.444+0000] {processor.py:925} INFO - DAG(s) 'example_python_operator' retrieved from /opt/bitnami/airflow/venv/lib/python3.12/site-packages/airflow/example_dags/example_python_operator.py
[2024-12-13T12:01:06.482+0000] {logging_mixin.py:190} INFO - [2024-12-13T12:01:06.482+0000] {dag.py:3239} INFO - Sync 1 DAGs
[2024-12-13T12:01:06.499+0000] {logging_mixin.py:190} INFO - [2024-12-13T12:01:06.499+0000] {dag.py:4180} INFO - Setting next_dagrun for example_python_operator to None, run_after=None
[2024-12-13T12:01:06.518+0000] {processor.py:208} INFO - Processing /opt/bitnami/airflow/venv/lib/python3.12/site-packages/airflow/example_dags/example_python_operator.py took 0.090 seconds
[2024-12-13T12:01:37.130+0000] {processor.py:186} INFO - Started process (PID=396) to work on /opt/bitnami/airflow/venv/lib/python3.12/site-packages/airflow/example_dags/example_python_operator.py
[2024-12-13T12:01:37.132+0000] {processor.py:914} INFO - Processing file /opt/bitnami/airflow/venv/lib/python3.12/site-packages/airflow/example_dags/example_python_operator.py for tasks to queue
[2024-12-13T12:01:37.134+0000] {logging_mixin.py:190} INFO - [2024-12-13T12:01:37.134+0000] {dagbag.py:588} INFO - Filling up the DagBag from /opt/bitnami/airflow/venv/lib/python3.12/site-packages/airflow/example_dags/example_python_operator.py
[2024-12-13T12:01:37.145+0000] {processor.py:925} INFO - DAG(s) 'example_python_operator' retrieved from /opt/bitnami/airflow/venv/lib/python3.12/site-packages/airflow/example_dags/example_python_operator.py
[2024-12-13T12:01:37.191+0000] {logging_mixin.py:190} INFO - [2024-12-13T12:01:37.190+0000] {dag.py:3239} INFO - Sync 1 DAGs
[2024-12-13T12:01:37.212+0000] {logging_mixin.py:190} INFO - [2024-12-13T12:01:37.212+0000] {dag.py:4180} INFO - Setting next_dagrun for example_python_operator to None, run_after=None
[2024-12-13T12:01:37.242+0000] {processor.py:208} INFO - Processing /opt/bitnami/airflow/venv/lib/python3.12/site-packages/airflow/example_dags/example_python_operator.py took 0.119 seconds
[2024-12-13T12:02:08.190+0000] {processor.py:186} INFO - Started process (PID=453) to work on /opt/bitnami/airflow/venv/lib/python3.12/site-packages/airflow/example_dags/example_python_operator.py
[2024-12-13T12:02:08.191+0000] {processor.py:914} INFO - Processing file /opt/bitnami/airflow/venv/lib/python3.12/site-packages/airflow/example_dags/example_python_operator.py for tasks to queue
[2024-12-13T12:02:08.194+0000] {logging_mixin.py:190} INFO - [2024-12-13T12:02:08.193+0000] {dagbag.py:588} INFO - Filling up the DagBag from /opt/bitnami/airflow/venv/lib/python3.12/site-packages/airflow/example_dags/example_python_operator.py
[2024-12-13T12:02:08.205+0000] {processor.py:925} INFO - DAG(s) 'example_python_operator' retrieved from /opt/bitnami/airflow/venv/lib/python3.12/site-packages/airflow/example_dags/example_python_operator.py
[2024-12-13T12:02:08.245+0000] {logging_mixin.py:190} INFO - [2024-12-13T12:02:08.245+0000] {dag.py:3239} INFO - Sync 1 DAGs
[2024-12-13T12:02:08.265+0000] {logging_mixin.py:190} INFO - [2024-12-13T12:02:08.265+0000] {dag.py:4180} INFO - Setting next_dagrun for example_python_operator to None, run_after=None
[2024-12-13T12:02:08.307+0000] {processor.py:208} INFO - Processing /opt/bitnami/airflow/venv/lib/python3.12/site-packages/airflow/example_dags/example_python_operator.py took 0.123 seconds
