[2024-12-13T08:19:45.905+0000] {processor.py:186} INFO - Started process (PID=79) to work on /opt/bitnami/airflow/venv/lib/python3.12/site-packages/airflow/example_dags/example_params_trigger_ui.py
[2024-12-13T08:19:45.906+0000] {processor.py:914} INFO - Processing file /opt/bitnami/airflow/venv/lib/python3.12/site-packages/airflow/example_dags/example_params_trigger_ui.py for tasks to queue
[2024-12-13T08:19:45.908+0000] {logging_mixin.py:190} INFO - [2024-12-13T08:19:45.908+0000] {dagbag.py:588} INFO - Filling up the DagBag from /opt/bitnami/airflow/venv/lib/python3.12/site-packages/airflow/example_dags/example_params_trigger_ui.py
[2024-12-13T08:19:45.916+0000] {processor.py:925} INFO - DAG(s) 'example_params_trigger_ui' retrieved from /opt/bitnami/airflow/venv/lib/python3.12/site-packages/airflow/example_dags/example_params_trigger_ui.py
[2024-12-13T08:19:45.977+0000] {logging_mixin.py:190} INFO - [2024-12-13T08:19:45.977+0000] {dag.py:3239} INFO - Sync 1 DAGs
[2024-12-13T08:19:45.996+0000] {logging_mixin.py:190} INFO - [2024-12-13T08:19:45.995+0000] {dag.py:4180} INFO - Setting next_dagrun for example_params_trigger_ui to None, run_after=None
[2024-12-13T08:19:46.017+0000] {processor.py:208} INFO - Processing /opt/bitnami/airflow/venv/lib/python3.12/site-packages/airflow/example_dags/example_params_trigger_ui.py took 0.117 seconds
[2024-12-13T08:20:16.122+0000] {processor.py:186} INFO - Started process (PID=136) to work on /opt/bitnami/airflow/venv/lib/python3.12/site-packages/airflow/example_dags/example_params_trigger_ui.py
[2024-12-13T08:20:16.123+0000] {processor.py:914} INFO - Processing file /opt/bitnami/airflow/venv/lib/python3.12/site-packages/airflow/example_dags/example_params_trigger_ui.py for tasks to queue
[2024-12-13T08:20:16.125+0000] {logging_mixin.py:190} INFO - [2024-12-13T08:20:16.125+0000] {dagbag.py:588} INFO - Filling up the DagBag from /opt/bitnami/airflow/venv/lib/python3.12/site-packages/airflow/example_dags/example_params_trigger_ui.py
[2024-12-13T08:20:16.132+0000] {processor.py:925} INFO - DAG(s) 'example_params_trigger_ui' retrieved from /opt/bitnami/airflow/venv/lib/python3.12/site-packages/airflow/example_dags/example_params_trigger_ui.py
[2024-12-13T08:20:16.179+0000] {logging_mixin.py:190} INFO - [2024-12-13T08:20:16.179+0000] {dag.py:3239} INFO - Sync 1 DAGs
[2024-12-13T08:20:16.195+0000] {logging_mixin.py:190} INFO - [2024-12-13T08:20:16.195+0000] {dag.py:4180} INFO - Setting next_dagrun for example_params_trigger_ui to None, run_after=None
[2024-12-13T08:20:16.212+0000] {processor.py:208} INFO - Processing /opt/bitnami/airflow/venv/lib/python3.12/site-packages/airflow/example_dags/example_params_trigger_ui.py took 0.094 seconds
[2024-12-13T08:20:46.744+0000] {processor.py:186} INFO - Started process (PID=193) to work on /opt/bitnami/airflow/venv/lib/python3.12/site-packages/airflow/example_dags/example_params_trigger_ui.py
[2024-12-13T08:20:46.746+0000] {processor.py:914} INFO - Processing file /opt/bitnami/airflow/venv/lib/python3.12/site-packages/airflow/example_dags/example_params_trigger_ui.py for tasks to queue
[2024-12-13T08:20:46.751+0000] {logging_mixin.py:190} INFO - [2024-12-13T08:20:46.751+0000] {dagbag.py:588} INFO - Filling up the DagBag from /opt/bitnami/airflow/venv/lib/python3.12/site-packages/airflow/example_dags/example_params_trigger_ui.py
[2024-12-13T08:20:46.763+0000] {processor.py:925} INFO - DAG(s) 'example_params_trigger_ui' retrieved from /opt/bitnami/airflow/venv/lib/python3.12/site-packages/airflow/example_dags/example_params_trigger_ui.py
[2024-12-13T08:20:46.896+0000] {logging_mixin.py:190} INFO - [2024-12-13T08:20:46.895+0000] {dag.py:3239} INFO - Sync 1 DAGs
[2024-12-13T08:20:46.915+0000] {logging_mixin.py:190} INFO - [2024-12-13T08:20:46.914+0000] {dag.py:4180} INFO - Setting next_dagrun for example_params_trigger_ui to None, run_after=None
[2024-12-13T08:20:46.959+0000] {processor.py:208} INFO - Processing /opt/bitnami/airflow/venv/lib/python3.12/site-packages/airflow/example_dags/example_params_trigger_ui.py took 0.223 seconds
[2024-12-13T08:21:17.682+0000] {processor.py:186} INFO - Started process (PID=250) to work on /opt/bitnami/airflow/venv/lib/python3.12/site-packages/airflow/example_dags/example_params_trigger_ui.py
[2024-12-13T08:21:17.683+0000] {processor.py:914} INFO - Processing file /opt/bitnami/airflow/venv/lib/python3.12/site-packages/airflow/example_dags/example_params_trigger_ui.py for tasks to queue
[2024-12-13T08:21:17.685+0000] {logging_mixin.py:190} INFO - [2024-12-13T08:21:17.685+0000] {dagbag.py:588} INFO - Filling up the DagBag from /opt/bitnami/airflow/venv/lib/python3.12/site-packages/airflow/example_dags/example_params_trigger_ui.py
[2024-12-13T08:21:17.693+0000] {processor.py:925} INFO - DAG(s) 'example_params_trigger_ui' retrieved from /opt/bitnami/airflow/venv/lib/python3.12/site-packages/airflow/example_dags/example_params_trigger_ui.py
[2024-12-13T08:21:17.746+0000] {logging_mixin.py:190} INFO - [2024-12-13T08:21:17.745+0000] {dag.py:3239} INFO - Sync 1 DAGs
[2024-12-13T08:21:17.766+0000] {logging_mixin.py:190} INFO - [2024-12-13T08:21:17.766+0000] {dag.py:4180} INFO - Setting next_dagrun for example_params_trigger_ui to None, run_after=None
[2024-12-13T08:21:17.787+0000] {processor.py:208} INFO - Processing /opt/bitnami/airflow/venv/lib/python3.12/site-packages/airflow/example_dags/example_params_trigger_ui.py took 0.110 seconds
[2024-12-13T08:21:48.479+0000] {processor.py:186} INFO - Started process (PID=307) to work on /opt/bitnami/airflow/venv/lib/python3.12/site-packages/airflow/example_dags/example_params_trigger_ui.py
[2024-12-13T08:21:48.480+0000] {processor.py:914} INFO - Processing file /opt/bitnami/airflow/venv/lib/python3.12/site-packages/airflow/example_dags/example_params_trigger_ui.py for tasks to queue
[2024-12-13T08:21:48.482+0000] {logging_mixin.py:190} INFO - [2024-12-13T08:21:48.482+0000] {dagbag.py:588} INFO - Filling up the DagBag from /opt/bitnami/airflow/venv/lib/python3.12/site-packages/airflow/example_dags/example_params_trigger_ui.py
[2024-12-13T08:21:48.491+0000] {processor.py:925} INFO - DAG(s) 'example_params_trigger_ui' retrieved from /opt/bitnami/airflow/venv/lib/python3.12/site-packages/airflow/example_dags/example_params_trigger_ui.py
[2024-12-13T08:21:48.542+0000] {logging_mixin.py:190} INFO - [2024-12-13T08:21:48.542+0000] {dag.py:3239} INFO - Sync 1 DAGs
[2024-12-13T08:21:48.558+0000] {logging_mixin.py:190} INFO - [2024-12-13T08:21:48.558+0000] {dag.py:4180} INFO - Setting next_dagrun for example_params_trigger_ui to None, run_after=None
[2024-12-13T08:21:48.577+0000] {processor.py:208} INFO - Processing /opt/bitnami/airflow/venv/lib/python3.12/site-packages/airflow/example_dags/example_params_trigger_ui.py took 0.103 seconds
[2024-12-13T08:22:18.879+0000] {processor.py:186} INFO - Started process (PID=364) to work on /opt/bitnami/airflow/venv/lib/python3.12/site-packages/airflow/example_dags/example_params_trigger_ui.py
[2024-12-13T08:22:18.880+0000] {processor.py:914} INFO - Processing file /opt/bitnami/airflow/venv/lib/python3.12/site-packages/airflow/example_dags/example_params_trigger_ui.py for tasks to queue
[2024-12-13T08:22:18.882+0000] {logging_mixin.py:190} INFO - [2024-12-13T08:22:18.882+0000] {dagbag.py:588} INFO - Filling up the DagBag from /opt/bitnami/airflow/venv/lib/python3.12/site-packages/airflow/example_dags/example_params_trigger_ui.py
[2024-12-13T08:22:18.890+0000] {processor.py:925} INFO - DAG(s) 'example_params_trigger_ui' retrieved from /opt/bitnami/airflow/venv/lib/python3.12/site-packages/airflow/example_dags/example_params_trigger_ui.py
[2024-12-13T08:22:18.937+0000] {logging_mixin.py:190} INFO - [2024-12-13T08:22:18.936+0000] {dag.py:3239} INFO - Sync 1 DAGs
[2024-12-13T08:22:18.953+0000] {logging_mixin.py:190} INFO - [2024-12-13T08:22:18.952+0000] {dag.py:4180} INFO - Setting next_dagrun for example_params_trigger_ui to None, run_after=None
[2024-12-13T08:22:18.973+0000] {processor.py:208} INFO - Processing /opt/bitnami/airflow/venv/lib/python3.12/site-packages/airflow/example_dags/example_params_trigger_ui.py took 0.099 seconds
[2024-12-13T08:22:49.768+0000] {processor.py:186} INFO - Started process (PID=421) to work on /opt/bitnami/airflow/venv/lib/python3.12/site-packages/airflow/example_dags/example_params_trigger_ui.py
[2024-12-13T08:22:49.769+0000] {processor.py:914} INFO - Processing file /opt/bitnami/airflow/venv/lib/python3.12/site-packages/airflow/example_dags/example_params_trigger_ui.py for tasks to queue
[2024-12-13T08:22:49.771+0000] {logging_mixin.py:190} INFO - [2024-12-13T08:22:49.771+0000] {dagbag.py:588} INFO - Filling up the DagBag from /opt/bitnami/airflow/venv/lib/python3.12/site-packages/airflow/example_dags/example_params_trigger_ui.py
[2024-12-13T08:22:49.778+0000] {processor.py:925} INFO - DAG(s) 'example_params_trigger_ui' retrieved from /opt/bitnami/airflow/venv/lib/python3.12/site-packages/airflow/example_dags/example_params_trigger_ui.py
[2024-12-13T08:22:49.827+0000] {logging_mixin.py:190} INFO - [2024-12-13T08:22:49.827+0000] {dag.py:3239} INFO - Sync 1 DAGs
[2024-12-13T08:22:49.842+0000] {logging_mixin.py:190} INFO - [2024-12-13T08:22:49.842+0000] {dag.py:4180} INFO - Setting next_dagrun for example_params_trigger_ui to None, run_after=None
[2024-12-13T08:22:49.861+0000] {processor.py:208} INFO - Processing /opt/bitnami/airflow/venv/lib/python3.12/site-packages/airflow/example_dags/example_params_trigger_ui.py took 0.098 seconds
[2024-12-13T08:25:47.013+0000] {processor.py:186} INFO - Started process (PID=79) to work on /opt/bitnami/airflow/venv/lib/python3.12/site-packages/airflow/example_dags/example_params_trigger_ui.py
[2024-12-13T08:25:47.014+0000] {processor.py:914} INFO - Processing file /opt/bitnami/airflow/venv/lib/python3.12/site-packages/airflow/example_dags/example_params_trigger_ui.py for tasks to queue
[2024-12-13T08:25:47.016+0000] {logging_mixin.py:190} INFO - [2024-12-13T08:25:47.016+0000] {dagbag.py:588} INFO - Filling up the DagBag from /opt/bitnami/airflow/venv/lib/python3.12/site-packages/airflow/example_dags/example_params_trigger_ui.py
[2024-12-13T08:25:47.025+0000] {processor.py:925} INFO - DAG(s) 'example_params_trigger_ui' retrieved from /opt/bitnami/airflow/venv/lib/python3.12/site-packages/airflow/example_dags/example_params_trigger_ui.py
[2024-12-13T08:25:47.087+0000] {logging_mixin.py:190} INFO - [2024-12-13T08:25:47.086+0000] {dag.py:3239} INFO - Sync 1 DAGs
[2024-12-13T08:25:47.110+0000] {logging_mixin.py:190} INFO - [2024-12-13T08:25:47.110+0000] {dag.py:4180} INFO - Setting next_dagrun for example_params_trigger_ui to None, run_after=None
[2024-12-13T08:25:47.134+0000] {processor.py:208} INFO - Processing /opt/bitnami/airflow/venv/lib/python3.12/site-packages/airflow/example_dags/example_params_trigger_ui.py took 0.126 seconds
[2024-12-13T08:26:18.063+0000] {processor.py:186} INFO - Started process (PID=136) to work on /opt/bitnami/airflow/venv/lib/python3.12/site-packages/airflow/example_dags/example_params_trigger_ui.py
[2024-12-13T08:26:18.064+0000] {processor.py:914} INFO - Processing file /opt/bitnami/airflow/venv/lib/python3.12/site-packages/airflow/example_dags/example_params_trigger_ui.py for tasks to queue
[2024-12-13T08:26:18.066+0000] {logging_mixin.py:190} INFO - [2024-12-13T08:26:18.066+0000] {dagbag.py:588} INFO - Filling up the DagBag from /opt/bitnami/airflow/venv/lib/python3.12/site-packages/airflow/example_dags/example_params_trigger_ui.py
[2024-12-13T08:26:18.073+0000] {processor.py:925} INFO - DAG(s) 'example_params_trigger_ui' retrieved from /opt/bitnami/airflow/venv/lib/python3.12/site-packages/airflow/example_dags/example_params_trigger_ui.py
[2024-12-13T08:26:18.116+0000] {logging_mixin.py:190} INFO - [2024-12-13T08:26:18.116+0000] {dag.py:3239} INFO - Sync 1 DAGs
[2024-12-13T08:26:18.131+0000] {logging_mixin.py:190} INFO - [2024-12-13T08:26:18.130+0000] {dag.py:4180} INFO - Setting next_dagrun for example_params_trigger_ui to None, run_after=None
[2024-12-13T08:26:18.148+0000] {processor.py:208} INFO - Processing /opt/bitnami/airflow/venv/lib/python3.12/site-packages/airflow/example_dags/example_params_trigger_ui.py took 0.089 seconds
[2024-12-13T08:26:49.834+0000] {processor.py:186} INFO - Started process (PID=193) to work on /opt/bitnami/airflow/venv/lib/python3.12/site-packages/airflow/example_dags/example_params_trigger_ui.py
[2024-12-13T08:26:49.835+0000] {processor.py:914} INFO - Processing file /opt/bitnami/airflow/venv/lib/python3.12/site-packages/airflow/example_dags/example_params_trigger_ui.py for tasks to queue
[2024-12-13T08:26:49.837+0000] {logging_mixin.py:190} INFO - [2024-12-13T08:26:49.837+0000] {dagbag.py:588} INFO - Filling up the DagBag from /opt/bitnami/airflow/venv/lib/python3.12/site-packages/airflow/example_dags/example_params_trigger_ui.py
[2024-12-13T08:26:49.845+0000] {processor.py:925} INFO - DAG(s) 'example_params_trigger_ui' retrieved from /opt/bitnami/airflow/venv/lib/python3.12/site-packages/airflow/example_dags/example_params_trigger_ui.py
[2024-12-13T08:26:49.937+0000] {logging_mixin.py:190} INFO - [2024-12-13T08:26:49.937+0000] {dag.py:3239} INFO - Sync 1 DAGs
[2024-12-13T08:26:49.951+0000] {logging_mixin.py:190} INFO - [2024-12-13T08:26:49.950+0000] {dag.py:4180} INFO - Setting next_dagrun for example_params_trigger_ui to None, run_after=None
[2024-12-13T08:26:49.974+0000] {processor.py:208} INFO - Processing /opt/bitnami/airflow/venv/lib/python3.12/site-packages/airflow/example_dags/example_params_trigger_ui.py took 0.145 seconds
[2024-12-13T08:27:20.240+0000] {processor.py:186} INFO - Started process (PID=249) to work on /opt/bitnami/airflow/venv/lib/python3.12/site-packages/airflow/example_dags/example_params_trigger_ui.py
[2024-12-13T08:27:20.241+0000] {processor.py:914} INFO - Processing file /opt/bitnami/airflow/venv/lib/python3.12/site-packages/airflow/example_dags/example_params_trigger_ui.py for tasks to queue
[2024-12-13T08:27:20.243+0000] {logging_mixin.py:190} INFO - [2024-12-13T08:27:20.243+0000] {dagbag.py:588} INFO - Filling up the DagBag from /opt/bitnami/airflow/venv/lib/python3.12/site-packages/airflow/example_dags/example_params_trigger_ui.py
[2024-12-13T08:27:20.252+0000] {processor.py:925} INFO - DAG(s) 'example_params_trigger_ui' retrieved from /opt/bitnami/airflow/venv/lib/python3.12/site-packages/airflow/example_dags/example_params_trigger_ui.py
[2024-12-13T08:27:20.308+0000] {logging_mixin.py:190} INFO - [2024-12-13T08:27:20.308+0000] {dag.py:3239} INFO - Sync 1 DAGs
[2024-12-13T08:27:20.326+0000] {logging_mixin.py:190} INFO - [2024-12-13T08:27:20.326+0000] {dag.py:4180} INFO - Setting next_dagrun for example_params_trigger_ui to None, run_after=None
[2024-12-13T08:27:20.346+0000] {processor.py:208} INFO - Processing /opt/bitnami/airflow/venv/lib/python3.12/site-packages/airflow/example_dags/example_params_trigger_ui.py took 0.111 seconds
[2024-12-13T10:42:42.505+0000] {processor.py:186} INFO - Started process (PID=79) to work on /opt/bitnami/airflow/venv/lib/python3.12/site-packages/airflow/example_dags/example_params_trigger_ui.py
[2024-12-13T10:42:42.507+0000] {processor.py:914} INFO - Processing file /opt/bitnami/airflow/venv/lib/python3.12/site-packages/airflow/example_dags/example_params_trigger_ui.py for tasks to queue
[2024-12-13T10:42:42.510+0000] {logging_mixin.py:190} INFO - [2024-12-13T10:42:42.509+0000] {dagbag.py:588} INFO - Filling up the DagBag from /opt/bitnami/airflow/venv/lib/python3.12/site-packages/airflow/example_dags/example_params_trigger_ui.py
[2024-12-13T10:42:42.523+0000] {processor.py:925} INFO - DAG(s) 'example_params_trigger_ui' retrieved from /opt/bitnami/airflow/venv/lib/python3.12/site-packages/airflow/example_dags/example_params_trigger_ui.py
[2024-12-13T10:42:42.709+0000] {logging_mixin.py:190} INFO - [2024-12-13T10:42:42.708+0000] {override.py:1900} INFO - Created Permission View: can read on DAG:example_params_trigger_ui
[2024-12-13T10:42:42.722+0000] {logging_mixin.py:190} INFO - [2024-12-13T10:42:42.721+0000] {override.py:1900} INFO - Created Permission View: can delete on DAG:example_params_trigger_ui
[2024-12-13T10:42:42.732+0000] {logging_mixin.py:190} INFO - [2024-12-13T10:42:42.731+0000] {override.py:1900} INFO - Created Permission View: can edit on DAG:example_params_trigger_ui
[2024-12-13T10:42:42.748+0000] {logging_mixin.py:190} INFO - [2024-12-13T10:42:42.748+0000] {override.py:1900} INFO - Created Permission View: can delete on DAG Run:example_params_trigger_ui
[2024-12-13T10:42:42.757+0000] {logging_mixin.py:190} INFO - [2024-12-13T10:42:42.757+0000] {override.py:1900} INFO - Created Permission View: can read on DAG Run:example_params_trigger_ui
[2024-12-13T10:42:42.773+0000] {logging_mixin.py:190} INFO - [2024-12-13T10:42:42.772+0000] {override.py:1900} INFO - Created Permission View: can create on DAG Run:example_params_trigger_ui
[2024-12-13T10:42:42.785+0000] {logging_mixin.py:190} INFO - [2024-12-13T10:42:42.784+0000] {override.py:1900} INFO - Created Permission View: menu access on DAG Run:example_params_trigger_ui
[2024-12-13T10:42:42.787+0000] {logging_mixin.py:190} INFO - [2024-12-13T10:42:42.786+0000] {dag.py:3239} INFO - Sync 1 DAGs
[2024-12-13T10:42:42.840+0000] {logging_mixin.py:190} INFO - [2024-12-13T10:42:42.840+0000] {dag.py:3262} INFO - Creating ORM DAG for example_params_trigger_ui
[2024-12-13T10:42:42.842+0000] {logging_mixin.py:190} INFO - [2024-12-13T10:42:42.842+0000] {dag.py:4180} INFO - Setting next_dagrun for example_params_trigger_ui to None, run_after=None
[2024-12-13T10:42:42.894+0000] {processor.py:208} INFO - Processing /opt/bitnami/airflow/venv/lib/python3.12/site-packages/airflow/example_dags/example_params_trigger_ui.py took 0.395 seconds
[2024-12-13T10:43:13.596+0000] {processor.py:186} INFO - Started process (PID=136) to work on /opt/bitnami/airflow/venv/lib/python3.12/site-packages/airflow/example_dags/example_params_trigger_ui.py
[2024-12-13T10:43:13.597+0000] {processor.py:914} INFO - Processing file /opt/bitnami/airflow/venv/lib/python3.12/site-packages/airflow/example_dags/example_params_trigger_ui.py for tasks to queue
[2024-12-13T10:43:13.601+0000] {logging_mixin.py:190} INFO - [2024-12-13T10:43:13.600+0000] {dagbag.py:588} INFO - Filling up the DagBag from /opt/bitnami/airflow/venv/lib/python3.12/site-packages/airflow/example_dags/example_params_trigger_ui.py
[2024-12-13T10:43:13.610+0000] {processor.py:925} INFO - DAG(s) 'example_params_trigger_ui' retrieved from /opt/bitnami/airflow/venv/lib/python3.12/site-packages/airflow/example_dags/example_params_trigger_ui.py
[2024-12-13T10:43:13.694+0000] {logging_mixin.py:190} INFO - [2024-12-13T10:43:13.693+0000] {dag.py:3239} INFO - Sync 1 DAGs
[2024-12-13T10:43:13.714+0000] {logging_mixin.py:190} INFO - [2024-12-13T10:43:13.714+0000] {dag.py:4180} INFO - Setting next_dagrun for example_params_trigger_ui to None, run_after=None
[2024-12-13T10:43:13.733+0000] {processor.py:208} INFO - Processing /opt/bitnami/airflow/venv/lib/python3.12/site-packages/airflow/example_dags/example_params_trigger_ui.py took 0.143 seconds
[2024-12-13T10:43:44.420+0000] {processor.py:186} INFO - Started process (PID=193) to work on /opt/bitnami/airflow/venv/lib/python3.12/site-packages/airflow/example_dags/example_params_trigger_ui.py
[2024-12-13T10:43:44.422+0000] {processor.py:914} INFO - Processing file /opt/bitnami/airflow/venv/lib/python3.12/site-packages/airflow/example_dags/example_params_trigger_ui.py for tasks to queue
[2024-12-13T10:43:44.424+0000] {logging_mixin.py:190} INFO - [2024-12-13T10:43:44.424+0000] {dagbag.py:588} INFO - Filling up the DagBag from /opt/bitnami/airflow/venv/lib/python3.12/site-packages/airflow/example_dags/example_params_trigger_ui.py
[2024-12-13T10:43:44.435+0000] {processor.py:925} INFO - DAG(s) 'example_params_trigger_ui' retrieved from /opt/bitnami/airflow/venv/lib/python3.12/site-packages/airflow/example_dags/example_params_trigger_ui.py
[2024-12-13T10:43:44.613+0000] {logging_mixin.py:190} INFO - [2024-12-13T10:43:44.613+0000] {dag.py:3239} INFO - Sync 1 DAGs
[2024-12-13T10:43:44.647+0000] {logging_mixin.py:190} INFO - [2024-12-13T10:43:44.647+0000] {dag.py:4180} INFO - Setting next_dagrun for example_params_trigger_ui to None, run_after=None
[2024-12-13T10:43:44.690+0000] {processor.py:208} INFO - Processing /opt/bitnami/airflow/venv/lib/python3.12/site-packages/airflow/example_dags/example_params_trigger_ui.py took 0.277 seconds
[2024-12-13T10:44:15.301+0000] {processor.py:186} INFO - Started process (PID=250) to work on /opt/bitnami/airflow/venv/lib/python3.12/site-packages/airflow/example_dags/example_params_trigger_ui.py
[2024-12-13T10:44:15.303+0000] {processor.py:914} INFO - Processing file /opt/bitnami/airflow/venv/lib/python3.12/site-packages/airflow/example_dags/example_params_trigger_ui.py for tasks to queue
[2024-12-13T10:44:15.305+0000] {logging_mixin.py:190} INFO - [2024-12-13T10:44:15.305+0000] {dagbag.py:588} INFO - Filling up the DagBag from /opt/bitnami/airflow/venv/lib/python3.12/site-packages/airflow/example_dags/example_params_trigger_ui.py
[2024-12-13T10:44:15.315+0000] {processor.py:925} INFO - DAG(s) 'example_params_trigger_ui' retrieved from /opt/bitnami/airflow/venv/lib/python3.12/site-packages/airflow/example_dags/example_params_trigger_ui.py
[2024-12-13T10:44:15.372+0000] {logging_mixin.py:190} INFO - [2024-12-13T10:44:15.372+0000] {dag.py:3239} INFO - Sync 1 DAGs
[2024-12-13T10:44:15.399+0000] {logging_mixin.py:190} INFO - [2024-12-13T10:44:15.399+0000] {dag.py:4180} INFO - Setting next_dagrun for example_params_trigger_ui to None, run_after=None
[2024-12-13T10:44:15.430+0000] {processor.py:208} INFO - Processing /opt/bitnami/airflow/venv/lib/python3.12/site-packages/airflow/example_dags/example_params_trigger_ui.py took 0.135 seconds
[2024-12-13T10:44:45.912+0000] {processor.py:186} INFO - Started process (PID=307) to work on /opt/bitnami/airflow/venv/lib/python3.12/site-packages/airflow/example_dags/example_params_trigger_ui.py
[2024-12-13T10:44:45.914+0000] {processor.py:914} INFO - Processing file /opt/bitnami/airflow/venv/lib/python3.12/site-packages/airflow/example_dags/example_params_trigger_ui.py for tasks to queue
[2024-12-13T10:44:45.916+0000] {logging_mixin.py:190} INFO - [2024-12-13T10:44:45.916+0000] {dagbag.py:588} INFO - Filling up the DagBag from /opt/bitnami/airflow/venv/lib/python3.12/site-packages/airflow/example_dags/example_params_trigger_ui.py
[2024-12-13T10:44:45.928+0000] {processor.py:925} INFO - DAG(s) 'example_params_trigger_ui' retrieved from /opt/bitnami/airflow/venv/lib/python3.12/site-packages/airflow/example_dags/example_params_trigger_ui.py
[2024-12-13T10:44:46.020+0000] {logging_mixin.py:190} INFO - [2024-12-13T10:44:46.019+0000] {dag.py:3239} INFO - Sync 1 DAGs
[2024-12-13T10:44:46.062+0000] {logging_mixin.py:190} INFO - [2024-12-13T10:44:46.062+0000] {dag.py:4180} INFO - Setting next_dagrun for example_params_trigger_ui to None, run_after=None
[2024-12-13T10:44:46.105+0000] {processor.py:208} INFO - Processing /opt/bitnami/airflow/venv/lib/python3.12/site-packages/airflow/example_dags/example_params_trigger_ui.py took 0.198 seconds
[2024-12-13T10:52:14.062+0000] {processor.py:186} INFO - Started process (PID=79) to work on /opt/bitnami/airflow/venv/lib/python3.12/site-packages/airflow/example_dags/example_params_trigger_ui.py
[2024-12-13T10:52:14.064+0000] {processor.py:914} INFO - Processing file /opt/bitnami/airflow/venv/lib/python3.12/site-packages/airflow/example_dags/example_params_trigger_ui.py for tasks to queue
[2024-12-13T10:52:14.067+0000] {logging_mixin.py:190} INFO - [2024-12-13T10:52:14.066+0000] {dagbag.py:588} INFO - Filling up the DagBag from /opt/bitnami/airflow/venv/lib/python3.12/site-packages/airflow/example_dags/example_params_trigger_ui.py
[2024-12-13T10:52:14.075+0000] {processor.py:925} INFO - DAG(s) 'example_params_trigger_ui' retrieved from /opt/bitnami/airflow/venv/lib/python3.12/site-packages/airflow/example_dags/example_params_trigger_ui.py
[2024-12-13T10:52:14.226+0000] {logging_mixin.py:190} INFO - [2024-12-13T10:52:14.226+0000] {override.py:1900} INFO - Created Permission View: can read on DAG:example_params_trigger_ui
[2024-12-13T10:52:14.238+0000] {logging_mixin.py:190} INFO - [2024-12-13T10:52:14.237+0000] {override.py:1900} INFO - Created Permission View: can delete on DAG:example_params_trigger_ui
[2024-12-13T10:52:14.245+0000] {logging_mixin.py:190} INFO - [2024-12-13T10:52:14.244+0000] {override.py:1900} INFO - Created Permission View: can edit on DAG:example_params_trigger_ui
[2024-12-13T10:52:14.256+0000] {logging_mixin.py:190} INFO - [2024-12-13T10:52:14.255+0000] {override.py:1900} INFO - Created Permission View: menu access on DAG Run:example_params_trigger_ui
[2024-12-13T10:52:14.269+0000] {logging_mixin.py:190} INFO - [2024-12-13T10:52:14.269+0000] {override.py:1900} INFO - Created Permission View: can read on DAG Run:example_params_trigger_ui
[2024-12-13T10:52:14.281+0000] {logging_mixin.py:190} INFO - [2024-12-13T10:52:14.281+0000] {override.py:1900} INFO - Created Permission View: can delete on DAG Run:example_params_trigger_ui
[2024-12-13T10:52:14.291+0000] {logging_mixin.py:190} INFO - [2024-12-13T10:52:14.291+0000] {override.py:1900} INFO - Created Permission View: can create on DAG Run:example_params_trigger_ui
[2024-12-13T10:52:14.292+0000] {logging_mixin.py:190} INFO - [2024-12-13T10:52:14.292+0000] {dag.py:3239} INFO - Sync 1 DAGs
[2024-12-13T10:52:14.338+0000] {logging_mixin.py:190} INFO - [2024-12-13T10:52:14.338+0000] {dag.py:3262} INFO - Creating ORM DAG for example_params_trigger_ui
[2024-12-13T10:52:14.339+0000] {logging_mixin.py:190} INFO - [2024-12-13T10:52:14.339+0000] {dag.py:4180} INFO - Setting next_dagrun for example_params_trigger_ui to None, run_after=None
[2024-12-13T10:52:14.385+0000] {processor.py:208} INFO - Processing /opt/bitnami/airflow/venv/lib/python3.12/site-packages/airflow/example_dags/example_params_trigger_ui.py took 0.328 seconds
[2024-12-13T10:52:44.511+0000] {processor.py:186} INFO - Started process (PID=136) to work on /opt/bitnami/airflow/venv/lib/python3.12/site-packages/airflow/example_dags/example_params_trigger_ui.py
[2024-12-13T10:52:44.512+0000] {processor.py:914} INFO - Processing file /opt/bitnami/airflow/venv/lib/python3.12/site-packages/airflow/example_dags/example_params_trigger_ui.py for tasks to queue
[2024-12-13T10:52:44.516+0000] {logging_mixin.py:190} INFO - [2024-12-13T10:52:44.516+0000] {dagbag.py:588} INFO - Filling up the DagBag from /opt/bitnami/airflow/venv/lib/python3.12/site-packages/airflow/example_dags/example_params_trigger_ui.py
[2024-12-13T10:52:44.531+0000] {processor.py:925} INFO - DAG(s) 'example_params_trigger_ui' retrieved from /opt/bitnami/airflow/venv/lib/python3.12/site-packages/airflow/example_dags/example_params_trigger_ui.py
[2024-12-13T10:52:44.636+0000] {logging_mixin.py:190} INFO - [2024-12-13T10:52:44.635+0000] {dag.py:3239} INFO - Sync 1 DAGs
[2024-12-13T10:52:44.693+0000] {logging_mixin.py:190} INFO - [2024-12-13T10:52:44.692+0000] {dag.py:4180} INFO - Setting next_dagrun for example_params_trigger_ui to None, run_after=None
[2024-12-13T10:52:44.746+0000] {processor.py:208} INFO - Processing /opt/bitnami/airflow/venv/lib/python3.12/site-packages/airflow/example_dags/example_params_trigger_ui.py took 0.241 seconds
[2024-12-13T10:53:16.476+0000] {processor.py:186} INFO - Started process (PID=193) to work on /opt/bitnami/airflow/venv/lib/python3.12/site-packages/airflow/example_dags/example_params_trigger_ui.py
[2024-12-13T10:53:16.477+0000] {processor.py:914} INFO - Processing file /opt/bitnami/airflow/venv/lib/python3.12/site-packages/airflow/example_dags/example_params_trigger_ui.py for tasks to queue
[2024-12-13T10:53:16.481+0000] {logging_mixin.py:190} INFO - [2024-12-13T10:53:16.481+0000] {dagbag.py:588} INFO - Filling up the DagBag from /opt/bitnami/airflow/venv/lib/python3.12/site-packages/airflow/example_dags/example_params_trigger_ui.py
[2024-12-13T10:53:16.496+0000] {processor.py:925} INFO - DAG(s) 'example_params_trigger_ui' retrieved from /opt/bitnami/airflow/venv/lib/python3.12/site-packages/airflow/example_dags/example_params_trigger_ui.py
[2024-12-13T10:53:16.670+0000] {logging_mixin.py:190} INFO - [2024-12-13T10:53:16.670+0000] {dag.py:3239} INFO - Sync 1 DAGs
[2024-12-13T10:53:16.711+0000] {logging_mixin.py:190} INFO - [2024-12-13T10:53:16.711+0000] {dag.py:4180} INFO - Setting next_dagrun for example_params_trigger_ui to None, run_after=None
[2024-12-13T10:53:16.756+0000] {processor.py:208} INFO - Processing /opt/bitnami/airflow/venv/lib/python3.12/site-packages/airflow/example_dags/example_params_trigger_ui.py took 0.289 seconds
[2024-12-13T10:53:47.052+0000] {processor.py:186} INFO - Started process (PID=250) to work on /opt/bitnami/airflow/venv/lib/python3.12/site-packages/airflow/example_dags/example_params_trigger_ui.py
[2024-12-13T10:53:47.053+0000] {processor.py:914} INFO - Processing file /opt/bitnami/airflow/venv/lib/python3.12/site-packages/airflow/example_dags/example_params_trigger_ui.py for tasks to queue
[2024-12-13T10:53:47.056+0000] {logging_mixin.py:190} INFO - [2024-12-13T10:53:47.055+0000] {dagbag.py:588} INFO - Filling up the DagBag from /opt/bitnami/airflow/venv/lib/python3.12/site-packages/airflow/example_dags/example_params_trigger_ui.py
[2024-12-13T10:53:47.073+0000] {processor.py:925} INFO - DAG(s) 'example_params_trigger_ui' retrieved from /opt/bitnami/airflow/venv/lib/python3.12/site-packages/airflow/example_dags/example_params_trigger_ui.py
[2024-12-13T10:53:47.201+0000] {logging_mixin.py:190} INFO - [2024-12-13T10:53:47.200+0000] {dag.py:3239} INFO - Sync 1 DAGs
[2024-12-13T10:53:47.242+0000] {logging_mixin.py:190} INFO - [2024-12-13T10:53:47.242+0000] {dag.py:4180} INFO - Setting next_dagrun for example_params_trigger_ui to None, run_after=None
[2024-12-13T10:53:47.283+0000] {processor.py:208} INFO - Processing /opt/bitnami/airflow/venv/lib/python3.12/site-packages/airflow/example_dags/example_params_trigger_ui.py took 0.238 seconds
[2024-12-13T10:54:18.207+0000] {processor.py:186} INFO - Started process (PID=307) to work on /opt/bitnami/airflow/venv/lib/python3.12/site-packages/airflow/example_dags/example_params_trigger_ui.py
[2024-12-13T10:54:18.209+0000] {processor.py:914} INFO - Processing file /opt/bitnami/airflow/venv/lib/python3.12/site-packages/airflow/example_dags/example_params_trigger_ui.py for tasks to queue
[2024-12-13T10:54:18.211+0000] {logging_mixin.py:190} INFO - [2024-12-13T10:54:18.211+0000] {dagbag.py:588} INFO - Filling up the DagBag from /opt/bitnami/airflow/venv/lib/python3.12/site-packages/airflow/example_dags/example_params_trigger_ui.py
[2024-12-13T10:54:18.221+0000] {processor.py:925} INFO - DAG(s) 'example_params_trigger_ui' retrieved from /opt/bitnami/airflow/venv/lib/python3.12/site-packages/airflow/example_dags/example_params_trigger_ui.py
[2024-12-13T10:54:18.310+0000] {logging_mixin.py:190} INFO - [2024-12-13T10:54:18.310+0000] {dag.py:3239} INFO - Sync 1 DAGs
[2024-12-13T10:54:18.334+0000] {logging_mixin.py:190} INFO - [2024-12-13T10:54:18.334+0000] {dag.py:4180} INFO - Setting next_dagrun for example_params_trigger_ui to None, run_after=None
[2024-12-13T10:54:18.364+0000] {processor.py:208} INFO - Processing /opt/bitnami/airflow/venv/lib/python3.12/site-packages/airflow/example_dags/example_params_trigger_ui.py took 0.164 seconds
[2024-12-13T10:54:49.031+0000] {processor.py:186} INFO - Started process (PID=364) to work on /opt/bitnami/airflow/venv/lib/python3.12/site-packages/airflow/example_dags/example_params_trigger_ui.py
[2024-12-13T10:54:49.033+0000] {processor.py:914} INFO - Processing file /opt/bitnami/airflow/venv/lib/python3.12/site-packages/airflow/example_dags/example_params_trigger_ui.py for tasks to queue
[2024-12-13T10:54:49.035+0000] {logging_mixin.py:190} INFO - [2024-12-13T10:54:49.035+0000] {dagbag.py:588} INFO - Filling up the DagBag from /opt/bitnami/airflow/venv/lib/python3.12/site-packages/airflow/example_dags/example_params_trigger_ui.py
[2024-12-13T10:54:49.046+0000] {processor.py:925} INFO - DAG(s) 'example_params_trigger_ui' retrieved from /opt/bitnami/airflow/venv/lib/python3.12/site-packages/airflow/example_dags/example_params_trigger_ui.py
[2024-12-13T10:54:49.156+0000] {logging_mixin.py:190} INFO - [2024-12-13T10:54:49.155+0000] {dag.py:3239} INFO - Sync 1 DAGs
[2024-12-13T10:54:49.184+0000] {logging_mixin.py:190} INFO - [2024-12-13T10:54:49.184+0000] {dag.py:4180} INFO - Setting next_dagrun for example_params_trigger_ui to None, run_after=None
[2024-12-13T10:54:49.209+0000] {processor.py:208} INFO - Processing /opt/bitnami/airflow/venv/lib/python3.12/site-packages/airflow/example_dags/example_params_trigger_ui.py took 0.186 seconds
[2024-12-13T10:55:19.729+0000] {processor.py:186} INFO - Started process (PID=421) to work on /opt/bitnami/airflow/venv/lib/python3.12/site-packages/airflow/example_dags/example_params_trigger_ui.py
[2024-12-13T10:55:19.730+0000] {processor.py:914} INFO - Processing file /opt/bitnami/airflow/venv/lib/python3.12/site-packages/airflow/example_dags/example_params_trigger_ui.py for tasks to queue
[2024-12-13T10:55:19.733+0000] {logging_mixin.py:190} INFO - [2024-12-13T10:55:19.732+0000] {dagbag.py:588} INFO - Filling up the DagBag from /opt/bitnami/airflow/venv/lib/python3.12/site-packages/airflow/example_dags/example_params_trigger_ui.py
[2024-12-13T10:55:19.742+0000] {processor.py:925} INFO - DAG(s) 'example_params_trigger_ui' retrieved from /opt/bitnami/airflow/venv/lib/python3.12/site-packages/airflow/example_dags/example_params_trigger_ui.py
[2024-12-13T10:55:19.809+0000] {logging_mixin.py:190} INFO - [2024-12-13T10:55:19.808+0000] {dag.py:3239} INFO - Sync 1 DAGs
[2024-12-13T10:55:19.841+0000] {logging_mixin.py:190} INFO - [2024-12-13T10:55:19.841+0000] {dag.py:4180} INFO - Setting next_dagrun for example_params_trigger_ui to None, run_after=None
[2024-12-13T10:55:19.879+0000] {processor.py:208} INFO - Processing /opt/bitnami/airflow/venv/lib/python3.12/site-packages/airflow/example_dags/example_params_trigger_ui.py took 0.154 seconds
[2024-12-13T10:55:50.684+0000] {processor.py:186} INFO - Started process (PID=478) to work on /opt/bitnami/airflow/venv/lib/python3.12/site-packages/airflow/example_dags/example_params_trigger_ui.py
[2024-12-13T10:55:50.686+0000] {processor.py:914} INFO - Processing file /opt/bitnami/airflow/venv/lib/python3.12/site-packages/airflow/example_dags/example_params_trigger_ui.py for tasks to queue
[2024-12-13T10:55:50.689+0000] {logging_mixin.py:190} INFO - [2024-12-13T10:55:50.689+0000] {dagbag.py:588} INFO - Filling up the DagBag from /opt/bitnami/airflow/venv/lib/python3.12/site-packages/airflow/example_dags/example_params_trigger_ui.py
[2024-12-13T10:55:50.704+0000] {processor.py:925} INFO - DAG(s) 'example_params_trigger_ui' retrieved from /opt/bitnami/airflow/venv/lib/python3.12/site-packages/airflow/example_dags/example_params_trigger_ui.py
[2024-12-13T10:55:50.835+0000] {logging_mixin.py:190} INFO - [2024-12-13T10:55:50.833+0000] {dag.py:3239} INFO - Sync 1 DAGs
[2024-12-13T10:55:50.874+0000] {logging_mixin.py:190} INFO - [2024-12-13T10:55:50.874+0000] {dag.py:4180} INFO - Setting next_dagrun for example_params_trigger_ui to None, run_after=None
[2024-12-13T10:55:50.919+0000] {processor.py:208} INFO - Processing /opt/bitnami/airflow/venv/lib/python3.12/site-packages/airflow/example_dags/example_params_trigger_ui.py took 0.242 seconds
[2024-12-13T10:56:21.659+0000] {processor.py:186} INFO - Started process (PID=535) to work on /opt/bitnami/airflow/venv/lib/python3.12/site-packages/airflow/example_dags/example_params_trigger_ui.py
[2024-12-13T10:56:21.661+0000] {processor.py:914} INFO - Processing file /opt/bitnami/airflow/venv/lib/python3.12/site-packages/airflow/example_dags/example_params_trigger_ui.py for tasks to queue
[2024-12-13T10:56:21.663+0000] {logging_mixin.py:190} INFO - [2024-12-13T10:56:21.663+0000] {dagbag.py:588} INFO - Filling up the DagBag from /opt/bitnami/airflow/venv/lib/python3.12/site-packages/airflow/example_dags/example_params_trigger_ui.py
[2024-12-13T10:56:21.673+0000] {processor.py:925} INFO - DAG(s) 'example_params_trigger_ui' retrieved from /opt/bitnami/airflow/venv/lib/python3.12/site-packages/airflow/example_dags/example_params_trigger_ui.py
[2024-12-13T10:56:21.751+0000] {logging_mixin.py:190} INFO - [2024-12-13T10:56:21.750+0000] {dag.py:3239} INFO - Sync 1 DAGs
[2024-12-13T10:56:21.783+0000] {logging_mixin.py:190} INFO - [2024-12-13T10:56:21.783+0000] {dag.py:4180} INFO - Setting next_dagrun for example_params_trigger_ui to None, run_after=None
[2024-12-13T10:56:21.814+0000] {processor.py:208} INFO - Processing /opt/bitnami/airflow/venv/lib/python3.12/site-packages/airflow/example_dags/example_params_trigger_ui.py took 0.160 seconds
[2024-12-13T10:56:52.398+0000] {processor.py:186} INFO - Started process (PID=592) to work on /opt/bitnami/airflow/venv/lib/python3.12/site-packages/airflow/example_dags/example_params_trigger_ui.py
[2024-12-13T10:56:52.399+0000] {processor.py:914} INFO - Processing file /opt/bitnami/airflow/venv/lib/python3.12/site-packages/airflow/example_dags/example_params_trigger_ui.py for tasks to queue
[2024-12-13T10:56:52.401+0000] {logging_mixin.py:190} INFO - [2024-12-13T10:56:52.401+0000] {dagbag.py:588} INFO - Filling up the DagBag from /opt/bitnami/airflow/venv/lib/python3.12/site-packages/airflow/example_dags/example_params_trigger_ui.py
[2024-12-13T10:56:52.408+0000] {processor.py:925} INFO - DAG(s) 'example_params_trigger_ui' retrieved from /opt/bitnami/airflow/venv/lib/python3.12/site-packages/airflow/example_dags/example_params_trigger_ui.py
[2024-12-13T10:56:52.470+0000] {logging_mixin.py:190} INFO - [2024-12-13T10:56:52.470+0000] {dag.py:3239} INFO - Sync 1 DAGs
[2024-12-13T10:56:52.495+0000] {logging_mixin.py:190} INFO - [2024-12-13T10:56:52.495+0000] {dag.py:4180} INFO - Setting next_dagrun for example_params_trigger_ui to None, run_after=None
[2024-12-13T10:56:52.533+0000] {processor.py:208} INFO - Processing /opt/bitnami/airflow/venv/lib/python3.12/site-packages/airflow/example_dags/example_params_trigger_ui.py took 0.139 seconds
[2024-12-13T10:57:22.853+0000] {processor.py:186} INFO - Started process (PID=649) to work on /opt/bitnami/airflow/venv/lib/python3.12/site-packages/airflow/example_dags/example_params_trigger_ui.py
[2024-12-13T10:57:22.854+0000] {processor.py:914} INFO - Processing file /opt/bitnami/airflow/venv/lib/python3.12/site-packages/airflow/example_dags/example_params_trigger_ui.py for tasks to queue
[2024-12-13T10:57:22.856+0000] {logging_mixin.py:190} INFO - [2024-12-13T10:57:22.856+0000] {dagbag.py:588} INFO - Filling up the DagBag from /opt/bitnami/airflow/venv/lib/python3.12/site-packages/airflow/example_dags/example_params_trigger_ui.py
[2024-12-13T10:57:22.863+0000] {processor.py:925} INFO - DAG(s) 'example_params_trigger_ui' retrieved from /opt/bitnami/airflow/venv/lib/python3.12/site-packages/airflow/example_dags/example_params_trigger_ui.py
[2024-12-13T10:57:22.928+0000] {logging_mixin.py:190} INFO - [2024-12-13T10:57:22.927+0000] {dag.py:3239} INFO - Sync 1 DAGs
[2024-12-13T10:57:22.952+0000] {logging_mixin.py:190} INFO - [2024-12-13T10:57:22.952+0000] {dag.py:4180} INFO - Setting next_dagrun for example_params_trigger_ui to None, run_after=None
[2024-12-13T10:57:22.978+0000] {processor.py:208} INFO - Processing /opt/bitnami/airflow/venv/lib/python3.12/site-packages/airflow/example_dags/example_params_trigger_ui.py took 0.130 seconds
[2024-12-13T10:57:53.568+0000] {processor.py:186} INFO - Started process (PID=706) to work on /opt/bitnami/airflow/venv/lib/python3.12/site-packages/airflow/example_dags/example_params_trigger_ui.py
[2024-12-13T10:57:53.569+0000] {processor.py:914} INFO - Processing file /opt/bitnami/airflow/venv/lib/python3.12/site-packages/airflow/example_dags/example_params_trigger_ui.py for tasks to queue
[2024-12-13T10:57:53.571+0000] {logging_mixin.py:190} INFO - [2024-12-13T10:57:53.571+0000] {dagbag.py:588} INFO - Filling up the DagBag from /opt/bitnami/airflow/venv/lib/python3.12/site-packages/airflow/example_dags/example_params_trigger_ui.py
[2024-12-13T10:57:53.586+0000] {processor.py:925} INFO - DAG(s) 'example_params_trigger_ui' retrieved from /opt/bitnami/airflow/venv/lib/python3.12/site-packages/airflow/example_dags/example_params_trigger_ui.py
[2024-12-13T10:57:53.674+0000] {logging_mixin.py:190} INFO - [2024-12-13T10:57:53.673+0000] {dag.py:3239} INFO - Sync 1 DAGs
[2024-12-13T10:57:53.705+0000] {logging_mixin.py:190} INFO - [2024-12-13T10:57:53.704+0000] {dag.py:4180} INFO - Setting next_dagrun for example_params_trigger_ui to None, run_after=None
[2024-12-13T10:57:53.735+0000] {processor.py:208} INFO - Processing /opt/bitnami/airflow/venv/lib/python3.12/site-packages/airflow/example_dags/example_params_trigger_ui.py took 0.171 seconds
[2024-12-13T10:58:24.584+0000] {processor.py:186} INFO - Started process (PID=763) to work on /opt/bitnami/airflow/venv/lib/python3.12/site-packages/airflow/example_dags/example_params_trigger_ui.py
[2024-12-13T10:58:24.586+0000] {processor.py:914} INFO - Processing file /opt/bitnami/airflow/venv/lib/python3.12/site-packages/airflow/example_dags/example_params_trigger_ui.py for tasks to queue
[2024-12-13T10:58:24.588+0000] {logging_mixin.py:190} INFO - [2024-12-13T10:58:24.587+0000] {dagbag.py:588} INFO - Filling up the DagBag from /opt/bitnami/airflow/venv/lib/python3.12/site-packages/airflow/example_dags/example_params_trigger_ui.py
[2024-12-13T10:58:24.596+0000] {processor.py:925} INFO - DAG(s) 'example_params_trigger_ui' retrieved from /opt/bitnami/airflow/venv/lib/python3.12/site-packages/airflow/example_dags/example_params_trigger_ui.py
[2024-12-13T10:58:24.659+0000] {logging_mixin.py:190} INFO - [2024-12-13T10:58:24.659+0000] {dag.py:3239} INFO - Sync 1 DAGs
[2024-12-13T10:58:24.678+0000] {logging_mixin.py:190} INFO - [2024-12-13T10:58:24.678+0000] {dag.py:4180} INFO - Setting next_dagrun for example_params_trigger_ui to None, run_after=None
[2024-12-13T10:58:24.703+0000] {processor.py:208} INFO - Processing /opt/bitnami/airflow/venv/lib/python3.12/site-packages/airflow/example_dags/example_params_trigger_ui.py took 0.124 seconds
[2024-12-13T10:58:55.436+0000] {processor.py:186} INFO - Started process (PID=820) to work on /opt/bitnami/airflow/venv/lib/python3.12/site-packages/airflow/example_dags/example_params_trigger_ui.py
[2024-12-13T10:58:55.438+0000] {processor.py:914} INFO - Processing file /opt/bitnami/airflow/venv/lib/python3.12/site-packages/airflow/example_dags/example_params_trigger_ui.py for tasks to queue
[2024-12-13T10:58:55.440+0000] {logging_mixin.py:190} INFO - [2024-12-13T10:58:55.440+0000] {dagbag.py:588} INFO - Filling up the DagBag from /opt/bitnami/airflow/venv/lib/python3.12/site-packages/airflow/example_dags/example_params_trigger_ui.py
[2024-12-13T10:58:55.451+0000] {processor.py:925} INFO - DAG(s) 'example_params_trigger_ui' retrieved from /opt/bitnami/airflow/venv/lib/python3.12/site-packages/airflow/example_dags/example_params_trigger_ui.py
[2024-12-13T10:58:55.527+0000] {logging_mixin.py:190} INFO - [2024-12-13T10:58:55.527+0000] {dag.py:3239} INFO - Sync 1 DAGs
[2024-12-13T10:58:55.563+0000] {logging_mixin.py:190} INFO - [2024-12-13T10:58:55.563+0000] {dag.py:4180} INFO - Setting next_dagrun for example_params_trigger_ui to None, run_after=None
[2024-12-13T10:58:55.590+0000] {processor.py:208} INFO - Processing /opt/bitnami/airflow/venv/lib/python3.12/site-packages/airflow/example_dags/example_params_trigger_ui.py took 0.159 seconds
[2024-12-13T11:07:32.640+0000] {processor.py:186} INFO - Started process (PID=79) to work on /opt/bitnami/airflow/venv/lib/python3.12/site-packages/airflow/example_dags/example_params_trigger_ui.py
[2024-12-13T11:07:32.641+0000] {processor.py:914} INFO - Processing file /opt/bitnami/airflow/venv/lib/python3.12/site-packages/airflow/example_dags/example_params_trigger_ui.py for tasks to queue
[2024-12-13T11:07:32.644+0000] {logging_mixin.py:190} INFO - [2024-12-13T11:07:32.644+0000] {dagbag.py:588} INFO - Filling up the DagBag from /opt/bitnami/airflow/venv/lib/python3.12/site-packages/airflow/example_dags/example_params_trigger_ui.py
[2024-12-13T11:07:32.653+0000] {processor.py:925} INFO - DAG(s) 'example_params_trigger_ui' retrieved from /opt/bitnami/airflow/venv/lib/python3.12/site-packages/airflow/example_dags/example_params_trigger_ui.py
[2024-12-13T11:07:32.764+0000] {logging_mixin.py:190} INFO - [2024-12-13T11:07:32.764+0000] {dag.py:3239} INFO - Sync 1 DAGs
[2024-12-13T11:07:32.821+0000] {logging_mixin.py:190} INFO - [2024-12-13T11:07:32.820+0000] {dag.py:4180} INFO - Setting next_dagrun for example_params_trigger_ui to None, run_after=None
[2024-12-13T11:07:32.870+0000] {processor.py:208} INFO - Processing /opt/bitnami/airflow/venv/lib/python3.12/site-packages/airflow/example_dags/example_params_trigger_ui.py took 0.236 seconds
[2024-12-13T11:08:03.287+0000] {processor.py:186} INFO - Started process (PID=136) to work on /opt/bitnami/airflow/venv/lib/python3.12/site-packages/airflow/example_dags/example_params_trigger_ui.py
[2024-12-13T11:08:03.288+0000] {processor.py:914} INFO - Processing file /opt/bitnami/airflow/venv/lib/python3.12/site-packages/airflow/example_dags/example_params_trigger_ui.py for tasks to queue
[2024-12-13T11:08:03.292+0000] {logging_mixin.py:190} INFO - [2024-12-13T11:08:03.292+0000] {dagbag.py:588} INFO - Filling up the DagBag from /opt/bitnami/airflow/venv/lib/python3.12/site-packages/airflow/example_dags/example_params_trigger_ui.py
[2024-12-13T11:08:03.302+0000] {processor.py:925} INFO - DAG(s) 'example_params_trigger_ui' retrieved from /opt/bitnami/airflow/venv/lib/python3.12/site-packages/airflow/example_dags/example_params_trigger_ui.py
[2024-12-13T11:08:03.404+0000] {logging_mixin.py:190} INFO - [2024-12-13T11:08:03.404+0000] {dag.py:3239} INFO - Sync 1 DAGs
[2024-12-13T11:08:03.436+0000] {logging_mixin.py:190} INFO - [2024-12-13T11:08:03.436+0000] {dag.py:4180} INFO - Setting next_dagrun for example_params_trigger_ui to None, run_after=None
[2024-12-13T11:08:03.479+0000] {processor.py:208} INFO - Processing /opt/bitnami/airflow/venv/lib/python3.12/site-packages/airflow/example_dags/example_params_trigger_ui.py took 0.198 seconds
[2024-12-13T11:08:35.787+0000] {processor.py:186} INFO - Started process (PID=193) to work on /opt/bitnami/airflow/venv/lib/python3.12/site-packages/airflow/example_dags/example_params_trigger_ui.py
[2024-12-13T11:08:35.788+0000] {processor.py:914} INFO - Processing file /opt/bitnami/airflow/venv/lib/python3.12/site-packages/airflow/example_dags/example_params_trigger_ui.py for tasks to queue
[2024-12-13T11:08:35.791+0000] {logging_mixin.py:190} INFO - [2024-12-13T11:08:35.791+0000] {dagbag.py:588} INFO - Filling up the DagBag from /opt/bitnami/airflow/venv/lib/python3.12/site-packages/airflow/example_dags/example_params_trigger_ui.py
[2024-12-13T11:08:35.799+0000] {processor.py:925} INFO - DAG(s) 'example_params_trigger_ui' retrieved from /opt/bitnami/airflow/venv/lib/python3.12/site-packages/airflow/example_dags/example_params_trigger_ui.py
[2024-12-13T11:08:35.912+0000] {logging_mixin.py:190} INFO - [2024-12-13T11:08:35.911+0000] {dag.py:3239} INFO - Sync 1 DAGs
[2024-12-13T11:08:35.933+0000] {logging_mixin.py:190} INFO - [2024-12-13T11:08:35.933+0000] {dag.py:4180} INFO - Setting next_dagrun for example_params_trigger_ui to None, run_after=None
[2024-12-13T11:08:35.961+0000] {processor.py:208} INFO - Processing /opt/bitnami/airflow/venv/lib/python3.12/site-packages/airflow/example_dags/example_params_trigger_ui.py took 0.179 seconds
[2024-12-13T11:09:06.607+0000] {processor.py:186} INFO - Started process (PID=250) to work on /opt/bitnami/airflow/venv/lib/python3.12/site-packages/airflow/example_dags/example_params_trigger_ui.py
[2024-12-13T11:09:06.609+0000] {processor.py:914} INFO - Processing file /opt/bitnami/airflow/venv/lib/python3.12/site-packages/airflow/example_dags/example_params_trigger_ui.py for tasks to queue
[2024-12-13T11:09:06.611+0000] {logging_mixin.py:190} INFO - [2024-12-13T11:09:06.611+0000] {dagbag.py:588} INFO - Filling up the DagBag from /opt/bitnami/airflow/venv/lib/python3.12/site-packages/airflow/example_dags/example_params_trigger_ui.py
[2024-12-13T11:09:06.621+0000] {processor.py:925} INFO - DAG(s) 'example_params_trigger_ui' retrieved from /opt/bitnami/airflow/venv/lib/python3.12/site-packages/airflow/example_dags/example_params_trigger_ui.py
[2024-12-13T11:09:06.736+0000] {logging_mixin.py:190} INFO - [2024-12-13T11:09:06.736+0000] {dag.py:3239} INFO - Sync 1 DAGs
[2024-12-13T11:09:06.778+0000] {logging_mixin.py:190} INFO - [2024-12-13T11:09:06.778+0000] {dag.py:4180} INFO - Setting next_dagrun for example_params_trigger_ui to None, run_after=None
[2024-12-13T11:09:06.826+0000] {processor.py:208} INFO - Processing /opt/bitnami/airflow/venv/lib/python3.12/site-packages/airflow/example_dags/example_params_trigger_ui.py took 0.225 seconds
[2024-12-13T11:13:45.004+0000] {processor.py:186} INFO - Started process (PID=79) to work on /opt/bitnami/airflow/venv/lib/python3.12/site-packages/airflow/example_dags/example_params_trigger_ui.py
[2024-12-13T11:13:45.005+0000] {processor.py:914} INFO - Processing file /opt/bitnami/airflow/venv/lib/python3.12/site-packages/airflow/example_dags/example_params_trigger_ui.py for tasks to queue
[2024-12-13T11:13:45.008+0000] {logging_mixin.py:190} INFO - [2024-12-13T11:13:45.007+0000] {dagbag.py:588} INFO - Filling up the DagBag from /opt/bitnami/airflow/venv/lib/python3.12/site-packages/airflow/example_dags/example_params_trigger_ui.py
[2024-12-13T11:13:45.016+0000] {processor.py:925} INFO - DAG(s) 'example_params_trigger_ui' retrieved from /opt/bitnami/airflow/venv/lib/python3.12/site-packages/airflow/example_dags/example_params_trigger_ui.py
[2024-12-13T11:13:45.074+0000] {logging_mixin.py:190} INFO - [2024-12-13T11:13:45.073+0000] {dag.py:3239} INFO - Sync 1 DAGs
[2024-12-13T11:13:45.094+0000] {logging_mixin.py:190} INFO - [2024-12-13T11:13:45.093+0000] {dag.py:4180} INFO - Setting next_dagrun for example_params_trigger_ui to None, run_after=None
[2024-12-13T11:13:45.117+0000] {processor.py:208} INFO - Processing /opt/bitnami/airflow/venv/lib/python3.12/site-packages/airflow/example_dags/example_params_trigger_ui.py took 0.118 seconds
[2024-12-13T11:14:15.302+0000] {processor.py:186} INFO - Started process (PID=136) to work on /opt/bitnami/airflow/venv/lib/python3.12/site-packages/airflow/example_dags/example_params_trigger_ui.py
[2024-12-13T11:14:15.303+0000] {processor.py:914} INFO - Processing file /opt/bitnami/airflow/venv/lib/python3.12/site-packages/airflow/example_dags/example_params_trigger_ui.py for tasks to queue
[2024-12-13T11:14:15.306+0000] {logging_mixin.py:190} INFO - [2024-12-13T11:14:15.305+0000] {dagbag.py:588} INFO - Filling up the DagBag from /opt/bitnami/airflow/venv/lib/python3.12/site-packages/airflow/example_dags/example_params_trigger_ui.py
[2024-12-13T11:14:15.315+0000] {processor.py:925} INFO - DAG(s) 'example_params_trigger_ui' retrieved from /opt/bitnami/airflow/venv/lib/python3.12/site-packages/airflow/example_dags/example_params_trigger_ui.py
[2024-12-13T11:14:15.410+0000] {logging_mixin.py:190} INFO - [2024-12-13T11:14:15.410+0000] {dag.py:3239} INFO - Sync 1 DAGs
[2024-12-13T11:14:15.439+0000] {logging_mixin.py:190} INFO - [2024-12-13T11:14:15.438+0000] {dag.py:4180} INFO - Setting next_dagrun for example_params_trigger_ui to None, run_after=None
[2024-12-13T11:14:15.469+0000] {processor.py:208} INFO - Processing /opt/bitnami/airflow/venv/lib/python3.12/site-packages/airflow/example_dags/example_params_trigger_ui.py took 0.172 seconds
[2024-12-13T11:14:49.189+0000] {processor.py:186} INFO - Started process (PID=193) to work on /opt/bitnami/airflow/venv/lib/python3.12/site-packages/airflow/example_dags/example_params_trigger_ui.py
[2024-12-13T11:14:49.192+0000] {processor.py:914} INFO - Processing file /opt/bitnami/airflow/venv/lib/python3.12/site-packages/airflow/example_dags/example_params_trigger_ui.py for tasks to queue
[2024-12-13T11:14:49.195+0000] {logging_mixin.py:190} INFO - [2024-12-13T11:14:49.194+0000] {dagbag.py:588} INFO - Filling up the DagBag from /opt/bitnami/airflow/venv/lib/python3.12/site-packages/airflow/example_dags/example_params_trigger_ui.py
[2024-12-13T11:14:49.205+0000] {processor.py:925} INFO - DAG(s) 'example_params_trigger_ui' retrieved from /opt/bitnami/airflow/venv/lib/python3.12/site-packages/airflow/example_dags/example_params_trigger_ui.py
[2024-12-13T11:14:49.350+0000] {logging_mixin.py:190} INFO - [2024-12-13T11:14:49.349+0000] {dag.py:3239} INFO - Sync 1 DAGs
[2024-12-13T11:14:49.372+0000] {logging_mixin.py:190} INFO - [2024-12-13T11:14:49.371+0000] {dag.py:4180} INFO - Setting next_dagrun for example_params_trigger_ui to None, run_after=None
[2024-12-13T11:14:49.402+0000] {processor.py:208} INFO - Processing /opt/bitnami/airflow/venv/lib/python3.12/site-packages/airflow/example_dags/example_params_trigger_ui.py took 0.219 seconds
[2024-12-13T11:15:19.974+0000] {processor.py:186} INFO - Started process (PID=250) to work on /opt/bitnami/airflow/venv/lib/python3.12/site-packages/airflow/example_dags/example_params_trigger_ui.py
[2024-12-13T11:15:19.976+0000] {processor.py:914} INFO - Processing file /opt/bitnami/airflow/venv/lib/python3.12/site-packages/airflow/example_dags/example_params_trigger_ui.py for tasks to queue
[2024-12-13T11:15:19.980+0000] {logging_mixin.py:190} INFO - [2024-12-13T11:15:19.979+0000] {dagbag.py:588} INFO - Filling up the DagBag from /opt/bitnami/airflow/venv/lib/python3.12/site-packages/airflow/example_dags/example_params_trigger_ui.py
[2024-12-13T11:15:19.993+0000] {processor.py:925} INFO - DAG(s) 'example_params_trigger_ui' retrieved from /opt/bitnami/airflow/venv/lib/python3.12/site-packages/airflow/example_dags/example_params_trigger_ui.py
[2024-12-13T11:15:20.089+0000] {logging_mixin.py:190} INFO - [2024-12-13T11:15:20.089+0000] {dag.py:3239} INFO - Sync 1 DAGs
[2024-12-13T11:15:20.127+0000] {logging_mixin.py:190} INFO - [2024-12-13T11:15:20.127+0000] {dag.py:4180} INFO - Setting next_dagrun for example_params_trigger_ui to None, run_after=None
[2024-12-13T11:15:20.171+0000] {processor.py:208} INFO - Processing /opt/bitnami/airflow/venv/lib/python3.12/site-packages/airflow/example_dags/example_params_trigger_ui.py took 0.206 seconds
[2024-12-13T11:57:09.367+0000] {processor.py:186} INFO - Started process (PID=79) to work on /opt/bitnami/airflow/venv/lib/python3.12/site-packages/airflow/example_dags/example_params_trigger_ui.py
[2024-12-13T11:57:09.368+0000] {processor.py:914} INFO - Processing file /opt/bitnami/airflow/venv/lib/python3.12/site-packages/airflow/example_dags/example_params_trigger_ui.py for tasks to queue
[2024-12-13T11:57:09.370+0000] {logging_mixin.py:190} INFO - [2024-12-13T11:57:09.369+0000] {dagbag.py:588} INFO - Filling up the DagBag from /opt/bitnami/airflow/venv/lib/python3.12/site-packages/airflow/example_dags/example_params_trigger_ui.py
[2024-12-13T11:57:09.377+0000] {processor.py:925} INFO - DAG(s) 'example_params_trigger_ui' retrieved from /opt/bitnami/airflow/venv/lib/python3.12/site-packages/airflow/example_dags/example_params_trigger_ui.py
[2024-12-13T11:57:09.424+0000] {logging_mixin.py:190} INFO - [2024-12-13T11:57:09.423+0000] {dag.py:3239} INFO - Sync 1 DAGs
[2024-12-13T11:57:09.438+0000] {logging_mixin.py:190} INFO - [2024-12-13T11:57:09.438+0000] {dag.py:4180} INFO - Setting next_dagrun for example_params_trigger_ui to None, run_after=None
[2024-12-13T11:57:09.458+0000] {processor.py:208} INFO - Processing /opt/bitnami/airflow/venv/lib/python3.12/site-packages/airflow/example_dags/example_params_trigger_ui.py took 0.096 seconds
[2024-12-13T11:57:40.800+0000] {processor.py:186} INFO - Started process (PID=136) to work on /opt/bitnami/airflow/venv/lib/python3.12/site-packages/airflow/example_dags/example_params_trigger_ui.py
[2024-12-13T11:57:40.801+0000] {processor.py:914} INFO - Processing file /opt/bitnami/airflow/venv/lib/python3.12/site-packages/airflow/example_dags/example_params_trigger_ui.py for tasks to queue
[2024-12-13T11:57:40.803+0000] {logging_mixin.py:190} INFO - [2024-12-13T11:57:40.803+0000] {dagbag.py:588} INFO - Filling up the DagBag from /opt/bitnami/airflow/venv/lib/python3.12/site-packages/airflow/example_dags/example_params_trigger_ui.py
[2024-12-13T11:57:40.811+0000] {processor.py:925} INFO - DAG(s) 'example_params_trigger_ui' retrieved from /opt/bitnami/airflow/venv/lib/python3.12/site-packages/airflow/example_dags/example_params_trigger_ui.py
[2024-12-13T11:57:40.863+0000] {logging_mixin.py:190} INFO - [2024-12-13T11:57:40.863+0000] {dag.py:3239} INFO - Sync 1 DAGs
[2024-12-13T11:57:40.882+0000] {logging_mixin.py:190} INFO - [2024-12-13T11:57:40.882+0000] {dag.py:4180} INFO - Setting next_dagrun for example_params_trigger_ui to None, run_after=None
[2024-12-13T11:57:40.900+0000] {processor.py:208} INFO - Processing /opt/bitnami/airflow/venv/lib/python3.12/site-packages/airflow/example_dags/example_params_trigger_ui.py took 0.104 seconds
[2024-12-13T11:58:35.070+0000] {processor.py:186} INFO - Started process (PID=79) to work on /opt/bitnami/airflow/venv/lib/python3.12/site-packages/airflow/example_dags/example_params_trigger_ui.py
[2024-12-13T11:58:35.071+0000] {processor.py:914} INFO - Processing file /opt/bitnami/airflow/venv/lib/python3.12/site-packages/airflow/example_dags/example_params_trigger_ui.py for tasks to queue
[2024-12-13T11:58:35.073+0000] {logging_mixin.py:190} INFO - [2024-12-13T11:58:35.073+0000] {dagbag.py:588} INFO - Filling up the DagBag from /opt/bitnami/airflow/venv/lib/python3.12/site-packages/airflow/example_dags/example_params_trigger_ui.py
[2024-12-13T11:58:35.080+0000] {processor.py:925} INFO - DAG(s) 'example_params_trigger_ui' retrieved from /opt/bitnami/airflow/venv/lib/python3.12/site-packages/airflow/example_dags/example_params_trigger_ui.py
[2024-12-13T11:58:35.130+0000] {logging_mixin.py:190} INFO - [2024-12-13T11:58:35.129+0000] {dag.py:3239} INFO - Sync 1 DAGs
[2024-12-13T11:58:35.152+0000] {logging_mixin.py:190} INFO - [2024-12-13T11:58:35.152+0000] {dag.py:4180} INFO - Setting next_dagrun for example_params_trigger_ui to None, run_after=None
[2024-12-13T11:58:35.173+0000] {processor.py:208} INFO - Processing /opt/bitnami/airflow/venv/lib/python3.12/site-packages/airflow/example_dags/example_params_trigger_ui.py took 0.107 seconds
[2024-12-13T11:59:06.487+0000] {processor.py:186} INFO - Started process (PID=136) to work on /opt/bitnami/airflow/venv/lib/python3.12/site-packages/airflow/example_dags/example_params_trigger_ui.py
[2024-12-13T11:59:06.488+0000] {processor.py:914} INFO - Processing file /opt/bitnami/airflow/venv/lib/python3.12/site-packages/airflow/example_dags/example_params_trigger_ui.py for tasks to queue
[2024-12-13T11:59:06.490+0000] {logging_mixin.py:190} INFO - [2024-12-13T11:59:06.490+0000] {dagbag.py:588} INFO - Filling up the DagBag from /opt/bitnami/airflow/venv/lib/python3.12/site-packages/airflow/example_dags/example_params_trigger_ui.py
[2024-12-13T11:59:06.499+0000] {processor.py:925} INFO - DAG(s) 'example_params_trigger_ui' retrieved from /opt/bitnami/airflow/venv/lib/python3.12/site-packages/airflow/example_dags/example_params_trigger_ui.py
[2024-12-13T11:59:06.553+0000] {logging_mixin.py:190} INFO - [2024-12-13T11:59:06.552+0000] {dag.py:3239} INFO - Sync 1 DAGs
[2024-12-13T11:59:06.579+0000] {logging_mixin.py:190} INFO - [2024-12-13T11:59:06.579+0000] {dag.py:4180} INFO - Setting next_dagrun for example_params_trigger_ui to None, run_after=None
[2024-12-13T11:59:06.605+0000] {processor.py:208} INFO - Processing /opt/bitnami/airflow/venv/lib/python3.12/site-packages/airflow/example_dags/example_params_trigger_ui.py took 0.124 seconds
[2024-12-13T11:59:37.564+0000] {processor.py:186} INFO - Started process (PID=193) to work on /opt/bitnami/airflow/venv/lib/python3.12/site-packages/airflow/example_dags/example_params_trigger_ui.py
[2024-12-13T11:59:37.565+0000] {processor.py:914} INFO - Processing file /opt/bitnami/airflow/venv/lib/python3.12/site-packages/airflow/example_dags/example_params_trigger_ui.py for tasks to queue
[2024-12-13T11:59:37.569+0000] {logging_mixin.py:190} INFO - [2024-12-13T11:59:37.569+0000] {dagbag.py:588} INFO - Filling up the DagBag from /opt/bitnami/airflow/venv/lib/python3.12/site-packages/airflow/example_dags/example_params_trigger_ui.py
[2024-12-13T11:59:37.577+0000] {processor.py:925} INFO - DAG(s) 'example_params_trigger_ui' retrieved from /opt/bitnami/airflow/venv/lib/python3.12/site-packages/airflow/example_dags/example_params_trigger_ui.py
[2024-12-13T11:59:37.689+0000] {logging_mixin.py:190} INFO - [2024-12-13T11:59:37.688+0000] {dag.py:3239} INFO - Sync 1 DAGs
[2024-12-13T11:59:37.714+0000] {logging_mixin.py:190} INFO - [2024-12-13T11:59:37.713+0000] {dag.py:4180} INFO - Setting next_dagrun for example_params_trigger_ui to None, run_after=None
[2024-12-13T11:59:37.744+0000] {processor.py:208} INFO - Processing /opt/bitnami/airflow/venv/lib/python3.12/site-packages/airflow/example_dags/example_params_trigger_ui.py took 0.185 seconds
[2024-12-13T12:00:08.674+0000] {processor.py:186} INFO - Started process (PID=250) to work on /opt/bitnami/airflow/venv/lib/python3.12/site-packages/airflow/example_dags/example_params_trigger_ui.py
[2024-12-13T12:00:08.675+0000] {processor.py:914} INFO - Processing file /opt/bitnami/airflow/venv/lib/python3.12/site-packages/airflow/example_dags/example_params_trigger_ui.py for tasks to queue
[2024-12-13T12:00:08.677+0000] {logging_mixin.py:190} INFO - [2024-12-13T12:00:08.677+0000] {dagbag.py:588} INFO - Filling up the DagBag from /opt/bitnami/airflow/venv/lib/python3.12/site-packages/airflow/example_dags/example_params_trigger_ui.py
[2024-12-13T12:00:08.685+0000] {processor.py:925} INFO - DAG(s) 'example_params_trigger_ui' retrieved from /opt/bitnami/airflow/venv/lib/python3.12/site-packages/airflow/example_dags/example_params_trigger_ui.py
[2024-12-13T12:00:08.735+0000] {logging_mixin.py:190} INFO - [2024-12-13T12:00:08.735+0000] {dag.py:3239} INFO - Sync 1 DAGs
[2024-12-13T12:00:08.750+0000] {logging_mixin.py:190} INFO - [2024-12-13T12:00:08.750+0000] {dag.py:4180} INFO - Setting next_dagrun for example_params_trigger_ui to None, run_after=None
[2024-12-13T12:00:08.769+0000] {processor.py:208} INFO - Processing /opt/bitnami/airflow/venv/lib/python3.12/site-packages/airflow/example_dags/example_params_trigger_ui.py took 0.099 seconds
[2024-12-13T12:00:39.512+0000] {processor.py:186} INFO - Started process (PID=307) to work on /opt/bitnami/airflow/venv/lib/python3.12/site-packages/airflow/example_dags/example_params_trigger_ui.py
[2024-12-13T12:00:39.513+0000] {processor.py:914} INFO - Processing file /opt/bitnami/airflow/venv/lib/python3.12/site-packages/airflow/example_dags/example_params_trigger_ui.py for tasks to queue
[2024-12-13T12:00:39.515+0000] {logging_mixin.py:190} INFO - [2024-12-13T12:00:39.514+0000] {dagbag.py:588} INFO - Filling up the DagBag from /opt/bitnami/airflow/venv/lib/python3.12/site-packages/airflow/example_dags/example_params_trigger_ui.py
[2024-12-13T12:00:39.522+0000] {processor.py:925} INFO - DAG(s) 'example_params_trigger_ui' retrieved from /opt/bitnami/airflow/venv/lib/python3.12/site-packages/airflow/example_dags/example_params_trigger_ui.py
[2024-12-13T12:00:39.570+0000] {logging_mixin.py:190} INFO - [2024-12-13T12:00:39.570+0000] {dag.py:3239} INFO - Sync 1 DAGs
[2024-12-13T12:00:39.592+0000] {logging_mixin.py:190} INFO - [2024-12-13T12:00:39.592+0000] {dag.py:4180} INFO - Setting next_dagrun for example_params_trigger_ui to None, run_after=None
[2024-12-13T12:00:39.613+0000] {processor.py:208} INFO - Processing /opt/bitnami/airflow/venv/lib/python3.12/site-packages/airflow/example_dags/example_params_trigger_ui.py took 0.107 seconds
[2024-12-13T12:01:09.982+0000] {processor.py:186} INFO - Started process (PID=364) to work on /opt/bitnami/airflow/venv/lib/python3.12/site-packages/airflow/example_dags/example_params_trigger_ui.py
[2024-12-13T12:01:09.983+0000] {processor.py:914} INFO - Processing file /opt/bitnami/airflow/venv/lib/python3.12/site-packages/airflow/example_dags/example_params_trigger_ui.py for tasks to queue
[2024-12-13T12:01:09.985+0000] {logging_mixin.py:190} INFO - [2024-12-13T12:01:09.985+0000] {dagbag.py:588} INFO - Filling up the DagBag from /opt/bitnami/airflow/venv/lib/python3.12/site-packages/airflow/example_dags/example_params_trigger_ui.py
[2024-12-13T12:01:09.993+0000] {processor.py:925} INFO - DAG(s) 'example_params_trigger_ui' retrieved from /opt/bitnami/airflow/venv/lib/python3.12/site-packages/airflow/example_dags/example_params_trigger_ui.py
[2024-12-13T12:01:10.041+0000] {logging_mixin.py:190} INFO - [2024-12-13T12:01:10.041+0000] {dag.py:3239} INFO - Sync 1 DAGs
[2024-12-13T12:01:10.059+0000] {logging_mixin.py:190} INFO - [2024-12-13T12:01:10.059+0000] {dag.py:4180} INFO - Setting next_dagrun for example_params_trigger_ui to None, run_after=None
[2024-12-13T12:01:10.081+0000] {processor.py:208} INFO - Processing /opt/bitnami/airflow/venv/lib/python3.12/site-packages/airflow/example_dags/example_params_trigger_ui.py took 0.104 seconds
[2024-12-13T12:01:40.916+0000] {processor.py:186} INFO - Started process (PID=421) to work on /opt/bitnami/airflow/venv/lib/python3.12/site-packages/airflow/example_dags/example_params_trigger_ui.py
[2024-12-13T12:01:40.917+0000] {processor.py:914} INFO - Processing file /opt/bitnami/airflow/venv/lib/python3.12/site-packages/airflow/example_dags/example_params_trigger_ui.py for tasks to queue
[2024-12-13T12:01:40.919+0000] {logging_mixin.py:190} INFO - [2024-12-13T12:01:40.919+0000] {dagbag.py:588} INFO - Filling up the DagBag from /opt/bitnami/airflow/venv/lib/python3.12/site-packages/airflow/example_dags/example_params_trigger_ui.py
[2024-12-13T12:01:40.926+0000] {processor.py:925} INFO - DAG(s) 'example_params_trigger_ui' retrieved from /opt/bitnami/airflow/venv/lib/python3.12/site-packages/airflow/example_dags/example_params_trigger_ui.py
[2024-12-13T12:01:40.975+0000] {logging_mixin.py:190} INFO - [2024-12-13T12:01:40.975+0000] {dag.py:3239} INFO - Sync 1 DAGs
[2024-12-13T12:01:40.993+0000] {logging_mixin.py:190} INFO - [2024-12-13T12:01:40.993+0000] {dag.py:4180} INFO - Setting next_dagrun for example_params_trigger_ui to None, run_after=None
[2024-12-13T12:01:41.013+0000] {processor.py:208} INFO - Processing /opt/bitnami/airflow/venv/lib/python3.12/site-packages/airflow/example_dags/example_params_trigger_ui.py took 0.101 seconds
[2024-12-13T12:02:11.485+0000] {processor.py:186} INFO - Started process (PID=478) to work on /opt/bitnami/airflow/venv/lib/python3.12/site-packages/airflow/example_dags/example_params_trigger_ui.py
[2024-12-13T12:02:11.486+0000] {processor.py:914} INFO - Processing file /opt/bitnami/airflow/venv/lib/python3.12/site-packages/airflow/example_dags/example_params_trigger_ui.py for tasks to queue
[2024-12-13T12:02:11.488+0000] {logging_mixin.py:190} INFO - [2024-12-13T12:02:11.488+0000] {dagbag.py:588} INFO - Filling up the DagBag from /opt/bitnami/airflow/venv/lib/python3.12/site-packages/airflow/example_dags/example_params_trigger_ui.py
[2024-12-13T12:02:11.496+0000] {processor.py:925} INFO - DAG(s) 'example_params_trigger_ui' retrieved from /opt/bitnami/airflow/venv/lib/python3.12/site-packages/airflow/example_dags/example_params_trigger_ui.py
[2024-12-13T12:02:11.551+0000] {logging_mixin.py:190} INFO - [2024-12-13T12:02:11.550+0000] {dag.py:3239} INFO - Sync 1 DAGs
[2024-12-13T12:02:11.574+0000] {logging_mixin.py:190} INFO - [2024-12-13T12:02:11.574+0000] {dag.py:4180} INFO - Setting next_dagrun for example_params_trigger_ui to None, run_after=None
[2024-12-13T12:02:11.602+0000] {processor.py:208} INFO - Processing /opt/bitnami/airflow/venv/lib/python3.12/site-packages/airflow/example_dags/example_params_trigger_ui.py took 0.124 seconds
