[2024-12-13T08:19:43.102+0000] {processor.py:186} INFO - Started process (PID=49) to work on /opt/bitnami/airflow/venv/lib/python3.12/site-packages/airflow/example_dags/example_short_circuit_operator.py
[2024-12-13T08:19:43.103+0000] {processor.py:914} INFO - Processing file /opt/bitnami/airflow/venv/lib/python3.12/site-packages/airflow/example_dags/example_short_circuit_operator.py for tasks to queue
[2024-12-13T08:19:43.106+0000] {logging_mixin.py:190} INFO - [2024-12-13T08:19:43.106+0000] {dagbag.py:588} INFO - Filling up the DagBag from /opt/bitnami/airflow/venv/lib/python3.12/site-packages/airflow/example_dags/example_short_circuit_operator.py
[2024-12-13T08:19:43.111+0000] {processor.py:925} INFO - DAG(s) 'example_short_circuit_operator' retrieved from /opt/bitnami/airflow/venv/lib/python3.12/site-packages/airflow/example_dags/example_short_circuit_operator.py
[2024-12-13T08:19:43.160+0000] {logging_mixin.py:190} INFO - [2024-12-13T08:19:43.160+0000] {dag.py:3239} INFO - Sync 1 DAGs
[2024-12-13T08:19:43.177+0000] {logging_mixin.py:190} INFO - [2024-12-13T08:19:43.177+0000] {dag.py:4180} INFO - Setting next_dagrun for example_short_circuit_operator to None, run_after=None
[2024-12-13T08:19:43.201+0000] {processor.py:208} INFO - Processing /opt/bitnami/airflow/venv/lib/python3.12/site-packages/airflow/example_dags/example_short_circuit_operator.py took 0.104 seconds
[2024-12-13T08:20:13.834+0000] {processor.py:186} INFO - Started process (PID=106) to work on /opt/bitnami/airflow/venv/lib/python3.12/site-packages/airflow/example_dags/example_short_circuit_operator.py
[2024-12-13T08:20:13.835+0000] {processor.py:914} INFO - Processing file /opt/bitnami/airflow/venv/lib/python3.12/site-packages/airflow/example_dags/example_short_circuit_operator.py for tasks to queue
[2024-12-13T08:20:13.837+0000] {logging_mixin.py:190} INFO - [2024-12-13T08:20:13.837+0000] {dagbag.py:588} INFO - Filling up the DagBag from /opt/bitnami/airflow/venv/lib/python3.12/site-packages/airflow/example_dags/example_short_circuit_operator.py
[2024-12-13T08:20:13.842+0000] {processor.py:925} INFO - DAG(s) 'example_short_circuit_operator' retrieved from /opt/bitnami/airflow/venv/lib/python3.12/site-packages/airflow/example_dags/example_short_circuit_operator.py
[2024-12-13T08:20:13.873+0000] {logging_mixin.py:190} INFO - [2024-12-13T08:20:13.873+0000] {dag.py:3239} INFO - Sync 1 DAGs
[2024-12-13T08:20:13.888+0000] {logging_mixin.py:190} INFO - [2024-12-13T08:20:13.888+0000] {dag.py:4180} INFO - Setting next_dagrun for example_short_circuit_operator to None, run_after=None
[2024-12-13T08:20:13.909+0000] {processor.py:208} INFO - Processing /opt/bitnami/airflow/venv/lib/python3.12/site-packages/airflow/example_dags/example_short_circuit_operator.py took 0.079 seconds
[2024-12-13T08:20:44.050+0000] {processor.py:186} INFO - Started process (PID=163) to work on /opt/bitnami/airflow/venv/lib/python3.12/site-packages/airflow/example_dags/example_short_circuit_operator.py
[2024-12-13T08:20:44.051+0000] {processor.py:914} INFO - Processing file /opt/bitnami/airflow/venv/lib/python3.12/site-packages/airflow/example_dags/example_short_circuit_operator.py for tasks to queue
[2024-12-13T08:20:44.053+0000] {logging_mixin.py:190} INFO - [2024-12-13T08:20:44.053+0000] {dagbag.py:588} INFO - Filling up the DagBag from /opt/bitnami/airflow/venv/lib/python3.12/site-packages/airflow/example_dags/example_short_circuit_operator.py
[2024-12-13T08:20:44.059+0000] {processor.py:925} INFO - DAG(s) 'example_short_circuit_operator' retrieved from /opt/bitnami/airflow/venv/lib/python3.12/site-packages/airflow/example_dags/example_short_circuit_operator.py
[2024-12-13T08:20:44.095+0000] {logging_mixin.py:190} INFO - [2024-12-13T08:20:44.095+0000] {dag.py:3239} INFO - Sync 1 DAGs
[2024-12-13T08:20:44.112+0000] {logging_mixin.py:190} INFO - [2024-12-13T08:20:44.112+0000] {dag.py:4180} INFO - Setting next_dagrun for example_short_circuit_operator to None, run_after=None
[2024-12-13T08:20:44.139+0000] {processor.py:208} INFO - Processing /opt/bitnami/airflow/venv/lib/python3.12/site-packages/airflow/example_dags/example_short_circuit_operator.py took 0.094 seconds
[2024-12-13T08:21:14.614+0000] {processor.py:186} INFO - Started process (PID=220) to work on /opt/bitnami/airflow/venv/lib/python3.12/site-packages/airflow/example_dags/example_short_circuit_operator.py
[2024-12-13T08:21:14.615+0000] {processor.py:914} INFO - Processing file /opt/bitnami/airflow/venv/lib/python3.12/site-packages/airflow/example_dags/example_short_circuit_operator.py for tasks to queue
[2024-12-13T08:21:14.617+0000] {logging_mixin.py:190} INFO - [2024-12-13T08:21:14.617+0000] {dagbag.py:588} INFO - Filling up the DagBag from /opt/bitnami/airflow/venv/lib/python3.12/site-packages/airflow/example_dags/example_short_circuit_operator.py
[2024-12-13T08:21:14.624+0000] {processor.py:925} INFO - DAG(s) 'example_short_circuit_operator' retrieved from /opt/bitnami/airflow/venv/lib/python3.12/site-packages/airflow/example_dags/example_short_circuit_operator.py
[2024-12-13T08:21:14.735+0000] {logging_mixin.py:190} INFO - [2024-12-13T08:21:14.734+0000] {dag.py:3239} INFO - Sync 1 DAGs
[2024-12-13T08:21:14.754+0000] {logging_mixin.py:190} INFO - [2024-12-13T08:21:14.754+0000] {dag.py:4180} INFO - Setting next_dagrun for example_short_circuit_operator to None, run_after=None
[2024-12-13T08:21:14.776+0000] {processor.py:208} INFO - Processing /opt/bitnami/airflow/venv/lib/python3.12/site-packages/airflow/example_dags/example_short_circuit_operator.py took 0.169 seconds
[2024-12-13T08:21:45.787+0000] {processor.py:186} INFO - Started process (PID=277) to work on /opt/bitnami/airflow/venv/lib/python3.12/site-packages/airflow/example_dags/example_short_circuit_operator.py
[2024-12-13T08:21:45.789+0000] {processor.py:914} INFO - Processing file /opt/bitnami/airflow/venv/lib/python3.12/site-packages/airflow/example_dags/example_short_circuit_operator.py for tasks to queue
[2024-12-13T08:21:45.793+0000] {logging_mixin.py:190} INFO - [2024-12-13T08:21:45.793+0000] {dagbag.py:588} INFO - Filling up the DagBag from /opt/bitnami/airflow/venv/lib/python3.12/site-packages/airflow/example_dags/example_short_circuit_operator.py
[2024-12-13T08:21:45.802+0000] {processor.py:925} INFO - DAG(s) 'example_short_circuit_operator' retrieved from /opt/bitnami/airflow/venv/lib/python3.12/site-packages/airflow/example_dags/example_short_circuit_operator.py
[2024-12-13T08:21:45.846+0000] {logging_mixin.py:190} INFO - [2024-12-13T08:21:45.845+0000] {dag.py:3239} INFO - Sync 1 DAGs
[2024-12-13T08:21:45.866+0000] {logging_mixin.py:190} INFO - [2024-12-13T08:21:45.866+0000] {dag.py:4180} INFO - Setting next_dagrun for example_short_circuit_operator to None, run_after=None
[2024-12-13T08:21:45.897+0000] {processor.py:208} INFO - Processing /opt/bitnami/airflow/venv/lib/python3.12/site-packages/airflow/example_dags/example_short_circuit_operator.py took 0.118 seconds
[2024-12-13T08:22:16.628+0000] {processor.py:186} INFO - Started process (PID=334) to work on /opt/bitnami/airflow/venv/lib/python3.12/site-packages/airflow/example_dags/example_short_circuit_operator.py
[2024-12-13T08:22:16.629+0000] {processor.py:914} INFO - Processing file /opt/bitnami/airflow/venv/lib/python3.12/site-packages/airflow/example_dags/example_short_circuit_operator.py for tasks to queue
[2024-12-13T08:22:16.631+0000] {logging_mixin.py:190} INFO - [2024-12-13T08:22:16.631+0000] {dagbag.py:588} INFO - Filling up the DagBag from /opt/bitnami/airflow/venv/lib/python3.12/site-packages/airflow/example_dags/example_short_circuit_operator.py
[2024-12-13T08:22:16.636+0000] {processor.py:925} INFO - DAG(s) 'example_short_circuit_operator' retrieved from /opt/bitnami/airflow/venv/lib/python3.12/site-packages/airflow/example_dags/example_short_circuit_operator.py
[2024-12-13T08:22:16.668+0000] {logging_mixin.py:190} INFO - [2024-12-13T08:22:16.668+0000] {dag.py:3239} INFO - Sync 1 DAGs
[2024-12-13T08:22:16.683+0000] {logging_mixin.py:190} INFO - [2024-12-13T08:22:16.683+0000] {dag.py:4180} INFO - Setting next_dagrun for example_short_circuit_operator to None, run_after=None
[2024-12-13T08:22:16.704+0000] {processor.py:208} INFO - Processing /opt/bitnami/airflow/venv/lib/python3.12/site-packages/airflow/example_dags/example_short_circuit_operator.py took 0.081 seconds
[2024-12-13T08:22:47.598+0000] {processor.py:186} INFO - Started process (PID=391) to work on /opt/bitnami/airflow/venv/lib/python3.12/site-packages/airflow/example_dags/example_short_circuit_operator.py
[2024-12-13T08:22:47.599+0000] {processor.py:914} INFO - Processing file /opt/bitnami/airflow/venv/lib/python3.12/site-packages/airflow/example_dags/example_short_circuit_operator.py for tasks to queue
[2024-12-13T08:22:47.601+0000] {logging_mixin.py:190} INFO - [2024-12-13T08:22:47.600+0000] {dagbag.py:588} INFO - Filling up the DagBag from /opt/bitnami/airflow/venv/lib/python3.12/site-packages/airflow/example_dags/example_short_circuit_operator.py
[2024-12-13T08:22:47.606+0000] {processor.py:925} INFO - DAG(s) 'example_short_circuit_operator' retrieved from /opt/bitnami/airflow/venv/lib/python3.12/site-packages/airflow/example_dags/example_short_circuit_operator.py
[2024-12-13T08:22:47.636+0000] {logging_mixin.py:190} INFO - [2024-12-13T08:22:47.636+0000] {dag.py:3239} INFO - Sync 1 DAGs
[2024-12-13T08:22:47.650+0000] {logging_mixin.py:190} INFO - [2024-12-13T08:22:47.650+0000] {dag.py:4180} INFO - Setting next_dagrun for example_short_circuit_operator to None, run_after=None
[2024-12-13T08:22:47.667+0000] {processor.py:208} INFO - Processing /opt/bitnami/airflow/venv/lib/python3.12/site-packages/airflow/example_dags/example_short_circuit_operator.py took 0.074 seconds
[2024-12-13T08:25:44.274+0000] {processor.py:186} INFO - Started process (PID=49) to work on /opt/bitnami/airflow/venv/lib/python3.12/site-packages/airflow/example_dags/example_short_circuit_operator.py
[2024-12-13T08:25:44.275+0000] {processor.py:914} INFO - Processing file /opt/bitnami/airflow/venv/lib/python3.12/site-packages/airflow/example_dags/example_short_circuit_operator.py for tasks to queue
[2024-12-13T08:25:44.279+0000] {logging_mixin.py:190} INFO - [2024-12-13T08:25:44.279+0000] {dagbag.py:588} INFO - Filling up the DagBag from /opt/bitnami/airflow/venv/lib/python3.12/site-packages/airflow/example_dags/example_short_circuit_operator.py
[2024-12-13T08:25:44.284+0000] {processor.py:925} INFO - DAG(s) 'example_short_circuit_operator' retrieved from /opt/bitnami/airflow/venv/lib/python3.12/site-packages/airflow/example_dags/example_short_circuit_operator.py
[2024-12-13T08:25:44.331+0000] {logging_mixin.py:190} INFO - [2024-12-13T08:25:44.331+0000] {dag.py:3239} INFO - Sync 1 DAGs
[2024-12-13T08:25:44.350+0000] {logging_mixin.py:190} INFO - [2024-12-13T08:25:44.349+0000] {dag.py:4180} INFO - Setting next_dagrun for example_short_circuit_operator to None, run_after=None
[2024-12-13T08:25:44.373+0000] {processor.py:208} INFO - Processing /opt/bitnami/airflow/venv/lib/python3.12/site-packages/airflow/example_dags/example_short_circuit_operator.py took 0.104 seconds
[2024-12-13T08:26:15.039+0000] {processor.py:186} INFO - Started process (PID=106) to work on /opt/bitnami/airflow/venv/lib/python3.12/site-packages/airflow/example_dags/example_short_circuit_operator.py
[2024-12-13T08:26:15.040+0000] {processor.py:914} INFO - Processing file /opt/bitnami/airflow/venv/lib/python3.12/site-packages/airflow/example_dags/example_short_circuit_operator.py for tasks to queue
[2024-12-13T08:26:15.043+0000] {logging_mixin.py:190} INFO - [2024-12-13T08:26:15.042+0000] {dagbag.py:588} INFO - Filling up the DagBag from /opt/bitnami/airflow/venv/lib/python3.12/site-packages/airflow/example_dags/example_short_circuit_operator.py
[2024-12-13T08:26:15.051+0000] {processor.py:925} INFO - DAG(s) 'example_short_circuit_operator' retrieved from /opt/bitnami/airflow/venv/lib/python3.12/site-packages/airflow/example_dags/example_short_circuit_operator.py
[2024-12-13T08:26:15.091+0000] {logging_mixin.py:190} INFO - [2024-12-13T08:26:15.091+0000] {dag.py:3239} INFO - Sync 1 DAGs
[2024-12-13T08:26:15.113+0000] {logging_mixin.py:190} INFO - [2024-12-13T08:26:15.113+0000] {dag.py:4180} INFO - Setting next_dagrun for example_short_circuit_operator to None, run_after=None
[2024-12-13T08:26:15.134+0000] {processor.py:208} INFO - Processing /opt/bitnami/airflow/venv/lib/python3.12/site-packages/airflow/example_dags/example_short_circuit_operator.py took 0.099 seconds
[2024-12-13T08:26:46.035+0000] {processor.py:186} INFO - Started process (PID=163) to work on /opt/bitnami/airflow/venv/lib/python3.12/site-packages/airflow/example_dags/example_short_circuit_operator.py
[2024-12-13T08:26:46.036+0000] {processor.py:914} INFO - Processing file /opt/bitnami/airflow/venv/lib/python3.12/site-packages/airflow/example_dags/example_short_circuit_operator.py for tasks to queue
[2024-12-13T08:26:46.038+0000] {logging_mixin.py:190} INFO - [2024-12-13T08:26:46.038+0000] {dagbag.py:588} INFO - Filling up the DagBag from /opt/bitnami/airflow/venv/lib/python3.12/site-packages/airflow/example_dags/example_short_circuit_operator.py
[2024-12-13T08:26:46.044+0000] {processor.py:925} INFO - DAG(s) 'example_short_circuit_operator' retrieved from /opt/bitnami/airflow/venv/lib/python3.12/site-packages/airflow/example_dags/example_short_circuit_operator.py
[2024-12-13T08:26:46.125+0000] {logging_mixin.py:190} INFO - [2024-12-13T08:26:46.124+0000] {dag.py:3239} INFO - Sync 1 DAGs
[2024-12-13T08:26:46.146+0000] {logging_mixin.py:190} INFO - [2024-12-13T08:26:46.146+0000] {dag.py:4180} INFO - Setting next_dagrun for example_short_circuit_operator to None, run_after=None
[2024-12-13T08:26:46.180+0000] {processor.py:208} INFO - Processing /opt/bitnami/airflow/venv/lib/python3.12/site-packages/airflow/example_dags/example_short_circuit_operator.py took 0.149 seconds
[2024-12-13T08:27:16.266+0000] {processor.py:186} INFO - Started process (PID=220) to work on /opt/bitnami/airflow/venv/lib/python3.12/site-packages/airflow/example_dags/example_short_circuit_operator.py
[2024-12-13T08:27:16.267+0000] {processor.py:914} INFO - Processing file /opt/bitnami/airflow/venv/lib/python3.12/site-packages/airflow/example_dags/example_short_circuit_operator.py for tasks to queue
[2024-12-13T08:27:16.269+0000] {logging_mixin.py:190} INFO - [2024-12-13T08:27:16.269+0000] {dagbag.py:588} INFO - Filling up the DagBag from /opt/bitnami/airflow/venv/lib/python3.12/site-packages/airflow/example_dags/example_short_circuit_operator.py
[2024-12-13T08:27:16.274+0000] {processor.py:925} INFO - DAG(s) 'example_short_circuit_operator' retrieved from /opt/bitnami/airflow/venv/lib/python3.12/site-packages/airflow/example_dags/example_short_circuit_operator.py
[2024-12-13T08:27:16.307+0000] {logging_mixin.py:190} INFO - [2024-12-13T08:27:16.306+0000] {dag.py:3239} INFO - Sync 1 DAGs
[2024-12-13T08:27:16.324+0000] {logging_mixin.py:190} INFO - [2024-12-13T08:27:16.324+0000] {dag.py:4180} INFO - Setting next_dagrun for example_short_circuit_operator to None, run_after=None
[2024-12-13T08:27:16.341+0000] {processor.py:208} INFO - Processing /opt/bitnami/airflow/venv/lib/python3.12/site-packages/airflow/example_dags/example_short_circuit_operator.py took 0.079 seconds
[2024-12-13T10:42:34.905+0000] {processor.py:186} INFO - Started process (PID=49) to work on /opt/bitnami/airflow/venv/lib/python3.12/site-packages/airflow/example_dags/example_short_circuit_operator.py
[2024-12-13T10:42:34.908+0000] {processor.py:914} INFO - Processing file /opt/bitnami/airflow/venv/lib/python3.12/site-packages/airflow/example_dags/example_short_circuit_operator.py for tasks to queue
[2024-12-13T10:42:34.912+0000] {logging_mixin.py:190} INFO - [2024-12-13T10:42:34.911+0000] {dagbag.py:588} INFO - Filling up the DagBag from /opt/bitnami/airflow/venv/lib/python3.12/site-packages/airflow/example_dags/example_short_circuit_operator.py
[2024-12-13T10:42:34.923+0000] {processor.py:925} INFO - DAG(s) 'example_short_circuit_operator' retrieved from /opt/bitnami/airflow/venv/lib/python3.12/site-packages/airflow/example_dags/example_short_circuit_operator.py
[2024-12-13T10:42:35.082+0000] {logging_mixin.py:190} INFO - [2024-12-13T10:42:35.080+0000] {override.py:1900} INFO - Created Permission View: can read on DAG:example_short_circuit_operator
[2024-12-13T10:42:35.100+0000] {logging_mixin.py:190} INFO - [2024-12-13T10:42:35.100+0000] {override.py:1900} INFO - Created Permission View: can delete on DAG:example_short_circuit_operator
[2024-12-13T10:42:35.109+0000] {logging_mixin.py:190} INFO - [2024-12-13T10:42:35.109+0000] {override.py:1900} INFO - Created Permission View: can edit on DAG:example_short_circuit_operator
[2024-12-13T10:42:35.119+0000] {logging_mixin.py:190} INFO - [2024-12-13T10:42:35.119+0000] {override.py:1900} INFO - Created Permission View: can delete on DAG Run:example_short_circuit_operator
[2024-12-13T10:42:35.130+0000] {logging_mixin.py:190} INFO - [2024-12-13T10:42:35.130+0000] {override.py:1900} INFO - Created Permission View: can read on DAG Run:example_short_circuit_operator
[2024-12-13T10:42:35.142+0000] {logging_mixin.py:190} INFO - [2024-12-13T10:42:35.142+0000] {override.py:1900} INFO - Created Permission View: can create on DAG Run:example_short_circuit_operator
[2024-12-13T10:42:35.153+0000] {logging_mixin.py:190} INFO - [2024-12-13T10:42:35.153+0000] {override.py:1900} INFO - Created Permission View: menu access on DAG Run:example_short_circuit_operator
[2024-12-13T10:42:35.154+0000] {logging_mixin.py:190} INFO - [2024-12-13T10:42:35.154+0000] {dag.py:3239} INFO - Sync 1 DAGs
[2024-12-13T10:42:35.204+0000] {logging_mixin.py:190} INFO - [2024-12-13T10:42:35.204+0000] {dag.py:3262} INFO - Creating ORM DAG for example_short_circuit_operator
[2024-12-13T10:42:35.208+0000] {logging_mixin.py:190} INFO - [2024-12-13T10:42:35.208+0000] {dag.py:4180} INFO - Setting next_dagrun for example_short_circuit_operator to None, run_after=None
[2024-12-13T10:42:35.248+0000] {processor.py:208} INFO - Processing /opt/bitnami/airflow/venv/lib/python3.12/site-packages/airflow/example_dags/example_short_circuit_operator.py took 0.352 seconds
[2024-12-13T10:43:05.352+0000] {processor.py:186} INFO - Started process (PID=106) to work on /opt/bitnami/airflow/venv/lib/python3.12/site-packages/airflow/example_dags/example_short_circuit_operator.py
[2024-12-13T10:43:05.353+0000] {processor.py:914} INFO - Processing file /opt/bitnami/airflow/venv/lib/python3.12/site-packages/airflow/example_dags/example_short_circuit_operator.py for tasks to queue
[2024-12-13T10:43:05.356+0000] {logging_mixin.py:190} INFO - [2024-12-13T10:43:05.356+0000] {dagbag.py:588} INFO - Filling up the DagBag from /opt/bitnami/airflow/venv/lib/python3.12/site-packages/airflow/example_dags/example_short_circuit_operator.py
[2024-12-13T10:43:05.365+0000] {processor.py:925} INFO - DAG(s) 'example_short_circuit_operator' retrieved from /opt/bitnami/airflow/venv/lib/python3.12/site-packages/airflow/example_dags/example_short_circuit_operator.py
[2024-12-13T10:43:05.448+0000] {logging_mixin.py:190} INFO - [2024-12-13T10:43:05.448+0000] {dag.py:3239} INFO - Sync 1 DAGs
[2024-12-13T10:43:05.488+0000] {logging_mixin.py:190} INFO - [2024-12-13T10:43:05.487+0000] {dag.py:4180} INFO - Setting next_dagrun for example_short_circuit_operator to None, run_after=None
[2024-12-13T10:43:05.514+0000] {processor.py:208} INFO - Processing /opt/bitnami/airflow/venv/lib/python3.12/site-packages/airflow/example_dags/example_short_circuit_operator.py took 0.169 seconds
[2024-12-13T10:43:35.967+0000] {processor.py:186} INFO - Started process (PID=163) to work on /opt/bitnami/airflow/venv/lib/python3.12/site-packages/airflow/example_dags/example_short_circuit_operator.py
[2024-12-13T10:43:35.970+0000] {processor.py:914} INFO - Processing file /opt/bitnami/airflow/venv/lib/python3.12/site-packages/airflow/example_dags/example_short_circuit_operator.py for tasks to queue
[2024-12-13T10:43:35.973+0000] {logging_mixin.py:190} INFO - [2024-12-13T10:43:35.973+0000] {dagbag.py:588} INFO - Filling up the DagBag from /opt/bitnami/airflow/venv/lib/python3.12/site-packages/airflow/example_dags/example_short_circuit_operator.py
[2024-12-13T10:43:35.980+0000] {processor.py:925} INFO - DAG(s) 'example_short_circuit_operator' retrieved from /opt/bitnami/airflow/venv/lib/python3.12/site-packages/airflow/example_dags/example_short_circuit_operator.py
[2024-12-13T10:43:36.060+0000] {logging_mixin.py:190} INFO - [2024-12-13T10:43:36.060+0000] {dag.py:3239} INFO - Sync 1 DAGs
[2024-12-13T10:43:36.094+0000] {logging_mixin.py:190} INFO - [2024-12-13T10:43:36.093+0000] {dag.py:4180} INFO - Setting next_dagrun for example_short_circuit_operator to None, run_after=None
[2024-12-13T10:43:36.133+0000] {processor.py:208} INFO - Processing /opt/bitnami/airflow/venv/lib/python3.12/site-packages/airflow/example_dags/example_short_circuit_operator.py took 0.175 seconds
[2024-12-13T10:44:06.782+0000] {processor.py:186} INFO - Started process (PID=220) to work on /opt/bitnami/airflow/venv/lib/python3.12/site-packages/airflow/example_dags/example_short_circuit_operator.py
[2024-12-13T10:44:06.785+0000] {processor.py:914} INFO - Processing file /opt/bitnami/airflow/venv/lib/python3.12/site-packages/airflow/example_dags/example_short_circuit_operator.py for tasks to queue
[2024-12-13T10:44:06.790+0000] {logging_mixin.py:190} INFO - [2024-12-13T10:44:06.789+0000] {dagbag.py:588} INFO - Filling up the DagBag from /opt/bitnami/airflow/venv/lib/python3.12/site-packages/airflow/example_dags/example_short_circuit_operator.py
[2024-12-13T10:44:06.801+0000] {processor.py:925} INFO - DAG(s) 'example_short_circuit_operator' retrieved from /opt/bitnami/airflow/venv/lib/python3.12/site-packages/airflow/example_dags/example_short_circuit_operator.py
[2024-12-13T10:44:07.006+0000] {logging_mixin.py:190} INFO - [2024-12-13T10:44:07.005+0000] {dag.py:3239} INFO - Sync 1 DAGs
[2024-12-13T10:44:07.054+0000] {logging_mixin.py:190} INFO - [2024-12-13T10:44:07.054+0000] {dag.py:4180} INFO - Setting next_dagrun for example_short_circuit_operator to None, run_after=None
[2024-12-13T10:44:07.102+0000] {processor.py:208} INFO - Processing /opt/bitnami/airflow/venv/lib/python3.12/site-packages/airflow/example_dags/example_short_circuit_operator.py took 0.328 seconds
[2024-12-13T10:44:37.889+0000] {processor.py:186} INFO - Started process (PID=277) to work on /opt/bitnami/airflow/venv/lib/python3.12/site-packages/airflow/example_dags/example_short_circuit_operator.py
[2024-12-13T10:44:37.891+0000] {processor.py:914} INFO - Processing file /opt/bitnami/airflow/venv/lib/python3.12/site-packages/airflow/example_dags/example_short_circuit_operator.py for tasks to queue
[2024-12-13T10:44:37.895+0000] {logging_mixin.py:190} INFO - [2024-12-13T10:44:37.894+0000] {dagbag.py:588} INFO - Filling up the DagBag from /opt/bitnami/airflow/venv/lib/python3.12/site-packages/airflow/example_dags/example_short_circuit_operator.py
[2024-12-13T10:44:37.901+0000] {processor.py:925} INFO - DAG(s) 'example_short_circuit_operator' retrieved from /opt/bitnami/airflow/venv/lib/python3.12/site-packages/airflow/example_dags/example_short_circuit_operator.py
[2024-12-13T10:44:37.998+0000] {logging_mixin.py:190} INFO - [2024-12-13T10:44:37.998+0000] {dag.py:3239} INFO - Sync 1 DAGs
[2024-12-13T10:44:38.036+0000] {logging_mixin.py:190} INFO - [2024-12-13T10:44:38.036+0000] {dag.py:4180} INFO - Setting next_dagrun for example_short_circuit_operator to None, run_after=None
[2024-12-13T10:44:38.075+0000] {processor.py:208} INFO - Processing /opt/bitnami/airflow/venv/lib/python3.12/site-packages/airflow/example_dags/example_short_circuit_operator.py took 0.192 seconds
[2024-12-13T10:52:08.221+0000] {processor.py:186} INFO - Started process (PID=49) to work on /opt/bitnami/airflow/venv/lib/python3.12/site-packages/airflow/example_dags/example_short_circuit_operator.py
[2024-12-13T10:52:08.222+0000] {processor.py:914} INFO - Processing file /opt/bitnami/airflow/venv/lib/python3.12/site-packages/airflow/example_dags/example_short_circuit_operator.py for tasks to queue
[2024-12-13T10:52:08.225+0000] {logging_mixin.py:190} INFO - [2024-12-13T10:52:08.224+0000] {dagbag.py:588} INFO - Filling up the DagBag from /opt/bitnami/airflow/venv/lib/python3.12/site-packages/airflow/example_dags/example_short_circuit_operator.py
[2024-12-13T10:52:08.231+0000] {processor.py:925} INFO - DAG(s) 'example_short_circuit_operator' retrieved from /opt/bitnami/airflow/venv/lib/python3.12/site-packages/airflow/example_dags/example_short_circuit_operator.py
[2024-12-13T10:52:08.328+0000] {logging_mixin.py:190} INFO - [2024-12-13T10:52:08.328+0000] {override.py:1900} INFO - Created Permission View: can read on DAG:example_short_circuit_operator
[2024-12-13T10:52:08.338+0000] {logging_mixin.py:190} INFO - [2024-12-13T10:52:08.338+0000] {override.py:1900} INFO - Created Permission View: can delete on DAG:example_short_circuit_operator
[2024-12-13T10:52:08.346+0000] {logging_mixin.py:190} INFO - [2024-12-13T10:52:08.345+0000] {override.py:1900} INFO - Created Permission View: can edit on DAG:example_short_circuit_operator
[2024-12-13T10:52:08.356+0000] {logging_mixin.py:190} INFO - [2024-12-13T10:52:08.356+0000] {override.py:1900} INFO - Created Permission View: menu access on DAG Run:example_short_circuit_operator
[2024-12-13T10:52:08.367+0000] {logging_mixin.py:190} INFO - [2024-12-13T10:52:08.366+0000] {override.py:1900} INFO - Created Permission View: can read on DAG Run:example_short_circuit_operator
[2024-12-13T10:52:08.378+0000] {logging_mixin.py:190} INFO - [2024-12-13T10:52:08.377+0000] {override.py:1900} INFO - Created Permission View: can delete on DAG Run:example_short_circuit_operator
[2024-12-13T10:52:08.388+0000] {logging_mixin.py:190} INFO - [2024-12-13T10:52:08.387+0000] {override.py:1900} INFO - Created Permission View: can create on DAG Run:example_short_circuit_operator
[2024-12-13T10:52:08.389+0000] {logging_mixin.py:190} INFO - [2024-12-13T10:52:08.388+0000] {dag.py:3239} INFO - Sync 1 DAGs
[2024-12-13T10:52:08.413+0000] {logging_mixin.py:190} INFO - [2024-12-13T10:52:08.413+0000] {dag.py:3262} INFO - Creating ORM DAG for example_short_circuit_operator
[2024-12-13T10:52:08.414+0000] {logging_mixin.py:190} INFO - [2024-12-13T10:52:08.414+0000] {dag.py:4180} INFO - Setting next_dagrun for example_short_circuit_operator to None, run_after=None
[2024-12-13T10:52:08.438+0000] {processor.py:208} INFO - Processing /opt/bitnami/airflow/venv/lib/python3.12/site-packages/airflow/example_dags/example_short_circuit_operator.py took 0.223 seconds
[2024-12-13T10:52:39.298+0000] {processor.py:186} INFO - Started process (PID=106) to work on /opt/bitnami/airflow/venv/lib/python3.12/site-packages/airflow/example_dags/example_short_circuit_operator.py
[2024-12-13T10:52:39.300+0000] {processor.py:914} INFO - Processing file /opt/bitnami/airflow/venv/lib/python3.12/site-packages/airflow/example_dags/example_short_circuit_operator.py for tasks to queue
[2024-12-13T10:52:39.303+0000] {logging_mixin.py:190} INFO - [2024-12-13T10:52:39.302+0000] {dagbag.py:588} INFO - Filling up the DagBag from /opt/bitnami/airflow/venv/lib/python3.12/site-packages/airflow/example_dags/example_short_circuit_operator.py
[2024-12-13T10:52:39.312+0000] {processor.py:925} INFO - DAG(s) 'example_short_circuit_operator' retrieved from /opt/bitnami/airflow/venv/lib/python3.12/site-packages/airflow/example_dags/example_short_circuit_operator.py
[2024-12-13T10:52:39.403+0000] {logging_mixin.py:190} INFO - [2024-12-13T10:52:39.402+0000] {dag.py:3239} INFO - Sync 1 DAGs
[2024-12-13T10:52:39.442+0000] {logging_mixin.py:190} INFO - [2024-12-13T10:52:39.441+0000] {dag.py:4180} INFO - Setting next_dagrun for example_short_circuit_operator to None, run_after=None
[2024-12-13T10:52:39.490+0000] {processor.py:208} INFO - Processing /opt/bitnami/airflow/venv/lib/python3.12/site-packages/airflow/example_dags/example_short_circuit_operator.py took 0.199 seconds
[2024-12-13T10:53:10.574+0000] {processor.py:186} INFO - Started process (PID=163) to work on /opt/bitnami/airflow/venv/lib/python3.12/site-packages/airflow/example_dags/example_short_circuit_operator.py
[2024-12-13T10:53:10.575+0000] {processor.py:914} INFO - Processing file /opt/bitnami/airflow/venv/lib/python3.12/site-packages/airflow/example_dags/example_short_circuit_operator.py for tasks to queue
[2024-12-13T10:53:10.579+0000] {logging_mixin.py:190} INFO - [2024-12-13T10:53:10.578+0000] {dagbag.py:588} INFO - Filling up the DagBag from /opt/bitnami/airflow/venv/lib/python3.12/site-packages/airflow/example_dags/example_short_circuit_operator.py
[2024-12-13T10:53:10.586+0000] {processor.py:925} INFO - DAG(s) 'example_short_circuit_operator' retrieved from /opt/bitnami/airflow/venv/lib/python3.12/site-packages/airflow/example_dags/example_short_circuit_operator.py
[2024-12-13T10:53:10.747+0000] {logging_mixin.py:190} INFO - [2024-12-13T10:53:10.746+0000] {dag.py:3239} INFO - Sync 1 DAGs
[2024-12-13T10:53:10.780+0000] {logging_mixin.py:190} INFO - [2024-12-13T10:53:10.779+0000] {dag.py:4180} INFO - Setting next_dagrun for example_short_circuit_operator to None, run_after=None
[2024-12-13T10:53:10.829+0000] {processor.py:208} INFO - Processing /opt/bitnami/airflow/venv/lib/python3.12/site-packages/airflow/example_dags/example_short_circuit_operator.py took 0.262 seconds
[2024-12-13T10:53:41.608+0000] {processor.py:186} INFO - Started process (PID=220) to work on /opt/bitnami/airflow/venv/lib/python3.12/site-packages/airflow/example_dags/example_short_circuit_operator.py
[2024-12-13T10:53:41.609+0000] {processor.py:914} INFO - Processing file /opt/bitnami/airflow/venv/lib/python3.12/site-packages/airflow/example_dags/example_short_circuit_operator.py for tasks to queue
[2024-12-13T10:53:41.611+0000] {logging_mixin.py:190} INFO - [2024-12-13T10:53:41.611+0000] {dagbag.py:588} INFO - Filling up the DagBag from /opt/bitnami/airflow/venv/lib/python3.12/site-packages/airflow/example_dags/example_short_circuit_operator.py
[2024-12-13T10:53:41.617+0000] {processor.py:925} INFO - DAG(s) 'example_short_circuit_operator' retrieved from /opt/bitnami/airflow/venv/lib/python3.12/site-packages/airflow/example_dags/example_short_circuit_operator.py
[2024-12-13T10:53:41.678+0000] {logging_mixin.py:190} INFO - [2024-12-13T10:53:41.678+0000] {dag.py:3239} INFO - Sync 1 DAGs
[2024-12-13T10:53:41.709+0000] {logging_mixin.py:190} INFO - [2024-12-13T10:53:41.708+0000] {dag.py:4180} INFO - Setting next_dagrun for example_short_circuit_operator to None, run_after=None
[2024-12-13T10:53:41.753+0000] {processor.py:208} INFO - Processing /opt/bitnami/airflow/venv/lib/python3.12/site-packages/airflow/example_dags/example_short_circuit_operator.py took 0.150 seconds
[2024-12-13T10:54:11.974+0000] {processor.py:186} INFO - Started process (PID=277) to work on /opt/bitnami/airflow/venv/lib/python3.12/site-packages/airflow/example_dags/example_short_circuit_operator.py
[2024-12-13T10:54:11.975+0000] {processor.py:914} INFO - Processing file /opt/bitnami/airflow/venv/lib/python3.12/site-packages/airflow/example_dags/example_short_circuit_operator.py for tasks to queue
[2024-12-13T10:54:11.978+0000] {logging_mixin.py:190} INFO - [2024-12-13T10:54:11.977+0000] {dagbag.py:588} INFO - Filling up the DagBag from /opt/bitnami/airflow/venv/lib/python3.12/site-packages/airflow/example_dags/example_short_circuit_operator.py
[2024-12-13T10:54:11.984+0000] {processor.py:925} INFO - DAG(s) 'example_short_circuit_operator' retrieved from /opt/bitnami/airflow/venv/lib/python3.12/site-packages/airflow/example_dags/example_short_circuit_operator.py
[2024-12-13T10:54:12.064+0000] {logging_mixin.py:190} INFO - [2024-12-13T10:54:12.063+0000] {dag.py:3239} INFO - Sync 1 DAGs
[2024-12-13T10:54:12.086+0000] {logging_mixin.py:190} INFO - [2024-12-13T10:54:12.086+0000] {dag.py:4180} INFO - Setting next_dagrun for example_short_circuit_operator to None, run_after=None
[2024-12-13T10:54:12.112+0000] {processor.py:208} INFO - Processing /opt/bitnami/airflow/venv/lib/python3.12/site-packages/airflow/example_dags/example_short_circuit_operator.py took 0.145 seconds
[2024-12-13T10:54:42.349+0000] {processor.py:186} INFO - Started process (PID=334) to work on /opt/bitnami/airflow/venv/lib/python3.12/site-packages/airflow/example_dags/example_short_circuit_operator.py
[2024-12-13T10:54:42.350+0000] {processor.py:914} INFO - Processing file /opt/bitnami/airflow/venv/lib/python3.12/site-packages/airflow/example_dags/example_short_circuit_operator.py for tasks to queue
[2024-12-13T10:54:42.353+0000] {logging_mixin.py:190} INFO - [2024-12-13T10:54:42.352+0000] {dagbag.py:588} INFO - Filling up the DagBag from /opt/bitnami/airflow/venv/lib/python3.12/site-packages/airflow/example_dags/example_short_circuit_operator.py
[2024-12-13T10:54:42.358+0000] {processor.py:925} INFO - DAG(s) 'example_short_circuit_operator' retrieved from /opt/bitnami/airflow/venv/lib/python3.12/site-packages/airflow/example_dags/example_short_circuit_operator.py
[2024-12-13T10:54:42.452+0000] {logging_mixin.py:190} INFO - [2024-12-13T10:54:42.451+0000] {dag.py:3239} INFO - Sync 1 DAGs
[2024-12-13T10:54:42.495+0000] {logging_mixin.py:190} INFO - [2024-12-13T10:54:42.495+0000] {dag.py:4180} INFO - Setting next_dagrun for example_short_circuit_operator to None, run_after=None
[2024-12-13T10:54:42.539+0000] {processor.py:208} INFO - Processing /opt/bitnami/airflow/venv/lib/python3.12/site-packages/airflow/example_dags/example_short_circuit_operator.py took 0.196 seconds
[2024-12-13T10:55:13.572+0000] {processor.py:186} INFO - Started process (PID=391) to work on /opt/bitnami/airflow/venv/lib/python3.12/site-packages/airflow/example_dags/example_short_circuit_operator.py
[2024-12-13T10:55:13.573+0000] {processor.py:914} INFO - Processing file /opt/bitnami/airflow/venv/lib/python3.12/site-packages/airflow/example_dags/example_short_circuit_operator.py for tasks to queue
[2024-12-13T10:55:13.575+0000] {logging_mixin.py:190} INFO - [2024-12-13T10:55:13.575+0000] {dagbag.py:588} INFO - Filling up the DagBag from /opt/bitnami/airflow/venv/lib/python3.12/site-packages/airflow/example_dags/example_short_circuit_operator.py
[2024-12-13T10:55:13.581+0000] {processor.py:925} INFO - DAG(s) 'example_short_circuit_operator' retrieved from /opt/bitnami/airflow/venv/lib/python3.12/site-packages/airflow/example_dags/example_short_circuit_operator.py
[2024-12-13T10:55:13.632+0000] {logging_mixin.py:190} INFO - [2024-12-13T10:55:13.631+0000] {dag.py:3239} INFO - Sync 1 DAGs
[2024-12-13T10:55:13.652+0000] {logging_mixin.py:190} INFO - [2024-12-13T10:55:13.651+0000] {dag.py:4180} INFO - Setting next_dagrun for example_short_circuit_operator to None, run_after=None
[2024-12-13T10:55:13.672+0000] {processor.py:208} INFO - Processing /opt/bitnami/airflow/venv/lib/python3.12/site-packages/airflow/example_dags/example_short_circuit_operator.py took 0.104 seconds
[2024-12-13T10:55:43.909+0000] {processor.py:186} INFO - Started process (PID=448) to work on /opt/bitnami/airflow/venv/lib/python3.12/site-packages/airflow/example_dags/example_short_circuit_operator.py
[2024-12-13T10:55:43.910+0000] {processor.py:914} INFO - Processing file /opt/bitnami/airflow/venv/lib/python3.12/site-packages/airflow/example_dags/example_short_circuit_operator.py for tasks to queue
[2024-12-13T10:55:43.912+0000] {logging_mixin.py:190} INFO - [2024-12-13T10:55:43.912+0000] {dagbag.py:588} INFO - Filling up the DagBag from /opt/bitnami/airflow/venv/lib/python3.12/site-packages/airflow/example_dags/example_short_circuit_operator.py
[2024-12-13T10:55:43.918+0000] {processor.py:925} INFO - DAG(s) 'example_short_circuit_operator' retrieved from /opt/bitnami/airflow/venv/lib/python3.12/site-packages/airflow/example_dags/example_short_circuit_operator.py
[2024-12-13T10:55:43.947+0000] {logging_mixin.py:190} INFO - [2024-12-13T10:55:43.947+0000] {dag.py:3239} INFO - Sync 1 DAGs
[2024-12-13T10:55:43.963+0000] {logging_mixin.py:190} INFO - [2024-12-13T10:55:43.963+0000] {dag.py:4180} INFO - Setting next_dagrun for example_short_circuit_operator to None, run_after=None
[2024-12-13T10:55:43.988+0000] {processor.py:208} INFO - Processing /opt/bitnami/airflow/venv/lib/python3.12/site-packages/airflow/example_dags/example_short_circuit_operator.py took 0.084 seconds
[2024-12-13T10:56:14.297+0000] {processor.py:186} INFO - Started process (PID=505) to work on /opt/bitnami/airflow/venv/lib/python3.12/site-packages/airflow/example_dags/example_short_circuit_operator.py
[2024-12-13T10:56:14.298+0000] {processor.py:914} INFO - Processing file /opt/bitnami/airflow/venv/lib/python3.12/site-packages/airflow/example_dags/example_short_circuit_operator.py for tasks to queue
[2024-12-13T10:56:14.301+0000] {logging_mixin.py:190} INFO - [2024-12-13T10:56:14.301+0000] {dagbag.py:588} INFO - Filling up the DagBag from /opt/bitnami/airflow/venv/lib/python3.12/site-packages/airflow/example_dags/example_short_circuit_operator.py
[2024-12-13T10:56:14.308+0000] {processor.py:925} INFO - DAG(s) 'example_short_circuit_operator' retrieved from /opt/bitnami/airflow/venv/lib/python3.12/site-packages/airflow/example_dags/example_short_circuit_operator.py
[2024-12-13T10:56:14.400+0000] {logging_mixin.py:190} INFO - [2024-12-13T10:56:14.399+0000] {dag.py:3239} INFO - Sync 1 DAGs
[2024-12-13T10:56:14.433+0000] {logging_mixin.py:190} INFO - [2024-12-13T10:56:14.433+0000] {dag.py:4180} INFO - Setting next_dagrun for example_short_circuit_operator to None, run_after=None
[2024-12-13T10:56:14.473+0000] {processor.py:208} INFO - Processing /opt/bitnami/airflow/venv/lib/python3.12/site-packages/airflow/example_dags/example_short_circuit_operator.py took 0.182 seconds
[2024-12-13T10:56:44.664+0000] {processor.py:186} INFO - Started process (PID=562) to work on /opt/bitnami/airflow/venv/lib/python3.12/site-packages/airflow/example_dags/example_short_circuit_operator.py
[2024-12-13T10:56:44.665+0000] {processor.py:914} INFO - Processing file /opt/bitnami/airflow/venv/lib/python3.12/site-packages/airflow/example_dags/example_short_circuit_operator.py for tasks to queue
[2024-12-13T10:56:44.667+0000] {logging_mixin.py:190} INFO - [2024-12-13T10:56:44.667+0000] {dagbag.py:588} INFO - Filling up the DagBag from /opt/bitnami/airflow/venv/lib/python3.12/site-packages/airflow/example_dags/example_short_circuit_operator.py
[2024-12-13T10:56:44.673+0000] {processor.py:925} INFO - DAG(s) 'example_short_circuit_operator' retrieved from /opt/bitnami/airflow/venv/lib/python3.12/site-packages/airflow/example_dags/example_short_circuit_operator.py
[2024-12-13T10:56:44.707+0000] {logging_mixin.py:190} INFO - [2024-12-13T10:56:44.707+0000] {dag.py:3239} INFO - Sync 1 DAGs
[2024-12-13T10:56:44.733+0000] {logging_mixin.py:190} INFO - [2024-12-13T10:56:44.733+0000] {dag.py:4180} INFO - Setting next_dagrun for example_short_circuit_operator to None, run_after=None
[2024-12-13T10:56:44.777+0000] {processor.py:208} INFO - Processing /opt/bitnami/airflow/venv/lib/python3.12/site-packages/airflow/example_dags/example_short_circuit_operator.py took 0.117 seconds
[2024-12-13T10:57:15.474+0000] {processor.py:186} INFO - Started process (PID=619) to work on /opt/bitnami/airflow/venv/lib/python3.12/site-packages/airflow/example_dags/example_short_circuit_operator.py
[2024-12-13T10:57:15.475+0000] {processor.py:914} INFO - Processing file /opt/bitnami/airflow/venv/lib/python3.12/site-packages/airflow/example_dags/example_short_circuit_operator.py for tasks to queue
[2024-12-13T10:57:15.478+0000] {logging_mixin.py:190} INFO - [2024-12-13T10:57:15.477+0000] {dagbag.py:588} INFO - Filling up the DagBag from /opt/bitnami/airflow/venv/lib/python3.12/site-packages/airflow/example_dags/example_short_circuit_operator.py
[2024-12-13T10:57:15.483+0000] {processor.py:925} INFO - DAG(s) 'example_short_circuit_operator' retrieved from /opt/bitnami/airflow/venv/lib/python3.12/site-packages/airflow/example_dags/example_short_circuit_operator.py
[2024-12-13T10:57:15.546+0000] {logging_mixin.py:190} INFO - [2024-12-13T10:57:15.545+0000] {dag.py:3239} INFO - Sync 1 DAGs
[2024-12-13T10:57:15.569+0000] {logging_mixin.py:190} INFO - [2024-12-13T10:57:15.569+0000] {dag.py:4180} INFO - Setting next_dagrun for example_short_circuit_operator to None, run_after=None
[2024-12-13T10:57:15.588+0000] {processor.py:208} INFO - Processing /opt/bitnami/airflow/venv/lib/python3.12/site-packages/airflow/example_dags/example_short_circuit_operator.py took 0.120 seconds
[2024-12-13T10:57:45.797+0000] {processor.py:186} INFO - Started process (PID=676) to work on /opt/bitnami/airflow/venv/lib/python3.12/site-packages/airflow/example_dags/example_short_circuit_operator.py
[2024-12-13T10:57:45.799+0000] {processor.py:914} INFO - Processing file /opt/bitnami/airflow/venv/lib/python3.12/site-packages/airflow/example_dags/example_short_circuit_operator.py for tasks to queue
[2024-12-13T10:57:45.801+0000] {logging_mixin.py:190} INFO - [2024-12-13T10:57:45.801+0000] {dagbag.py:588} INFO - Filling up the DagBag from /opt/bitnami/airflow/venv/lib/python3.12/site-packages/airflow/example_dags/example_short_circuit_operator.py
[2024-12-13T10:57:45.807+0000] {processor.py:925} INFO - DAG(s) 'example_short_circuit_operator' retrieved from /opt/bitnami/airflow/venv/lib/python3.12/site-packages/airflow/example_dags/example_short_circuit_operator.py
[2024-12-13T10:57:45.838+0000] {logging_mixin.py:190} INFO - [2024-12-13T10:57:45.838+0000] {dag.py:3239} INFO - Sync 1 DAGs
[2024-12-13T10:57:45.853+0000] {logging_mixin.py:190} INFO - [2024-12-13T10:57:45.853+0000] {dag.py:4180} INFO - Setting next_dagrun for example_short_circuit_operator to None, run_after=None
[2024-12-13T10:57:45.874+0000] {processor.py:208} INFO - Processing /opt/bitnami/airflow/venv/lib/python3.12/site-packages/airflow/example_dags/example_short_circuit_operator.py took 0.081 seconds
[2024-12-13T10:58:17.169+0000] {processor.py:186} INFO - Started process (PID=733) to work on /opt/bitnami/airflow/venv/lib/python3.12/site-packages/airflow/example_dags/example_short_circuit_operator.py
[2024-12-13T10:58:17.170+0000] {processor.py:914} INFO - Processing file /opt/bitnami/airflow/venv/lib/python3.12/site-packages/airflow/example_dags/example_short_circuit_operator.py for tasks to queue
[2024-12-13T10:58:17.173+0000] {logging_mixin.py:190} INFO - [2024-12-13T10:58:17.172+0000] {dagbag.py:588} INFO - Filling up the DagBag from /opt/bitnami/airflow/venv/lib/python3.12/site-packages/airflow/example_dags/example_short_circuit_operator.py
[2024-12-13T10:58:17.179+0000] {processor.py:925} INFO - DAG(s) 'example_short_circuit_operator' retrieved from /opt/bitnami/airflow/venv/lib/python3.12/site-packages/airflow/example_dags/example_short_circuit_operator.py
[2024-12-13T10:58:17.212+0000] {logging_mixin.py:190} INFO - [2024-12-13T10:58:17.211+0000] {dag.py:3239} INFO - Sync 1 DAGs
[2024-12-13T10:58:17.228+0000] {logging_mixin.py:190} INFO - [2024-12-13T10:58:17.227+0000] {dag.py:4180} INFO - Setting next_dagrun for example_short_circuit_operator to None, run_after=None
[2024-12-13T10:58:17.248+0000] {processor.py:208} INFO - Processing /opt/bitnami/airflow/venv/lib/python3.12/site-packages/airflow/example_dags/example_short_circuit_operator.py took 0.084 seconds
[2024-12-13T10:58:48.359+0000] {processor.py:186} INFO - Started process (PID=790) to work on /opt/bitnami/airflow/venv/lib/python3.12/site-packages/airflow/example_dags/example_short_circuit_operator.py
[2024-12-13T10:58:48.360+0000] {processor.py:914} INFO - Processing file /opt/bitnami/airflow/venv/lib/python3.12/site-packages/airflow/example_dags/example_short_circuit_operator.py for tasks to queue
[2024-12-13T10:58:48.362+0000] {logging_mixin.py:190} INFO - [2024-12-13T10:58:48.362+0000] {dagbag.py:588} INFO - Filling up the DagBag from /opt/bitnami/airflow/venv/lib/python3.12/site-packages/airflow/example_dags/example_short_circuit_operator.py
[2024-12-13T10:58:48.368+0000] {processor.py:925} INFO - DAG(s) 'example_short_circuit_operator' retrieved from /opt/bitnami/airflow/venv/lib/python3.12/site-packages/airflow/example_dags/example_short_circuit_operator.py
[2024-12-13T10:58:48.448+0000] {logging_mixin.py:190} INFO - [2024-12-13T10:58:48.448+0000] {dag.py:3239} INFO - Sync 1 DAGs
[2024-12-13T10:58:48.475+0000] {logging_mixin.py:190} INFO - [2024-12-13T10:58:48.475+0000] {dag.py:4180} INFO - Setting next_dagrun for example_short_circuit_operator to None, run_after=None
[2024-12-13T10:58:48.505+0000] {processor.py:208} INFO - Processing /opt/bitnami/airflow/venv/lib/python3.12/site-packages/airflow/example_dags/example_short_circuit_operator.py took 0.152 seconds
[2024-12-13T11:07:28.998+0000] {processor.py:186} INFO - Started process (PID=49) to work on /opt/bitnami/airflow/venv/lib/python3.12/site-packages/airflow/example_dags/example_short_circuit_operator.py
[2024-12-13T11:07:28.999+0000] {processor.py:914} INFO - Processing file /opt/bitnami/airflow/venv/lib/python3.12/site-packages/airflow/example_dags/example_short_circuit_operator.py for tasks to queue
[2024-12-13T11:07:29.004+0000] {logging_mixin.py:190} INFO - [2024-12-13T11:07:29.003+0000] {dagbag.py:588} INFO - Filling up the DagBag from /opt/bitnami/airflow/venv/lib/python3.12/site-packages/airflow/example_dags/example_short_circuit_operator.py
[2024-12-13T11:07:29.009+0000] {processor.py:925} INFO - DAG(s) 'example_short_circuit_operator' retrieved from /opt/bitnami/airflow/venv/lib/python3.12/site-packages/airflow/example_dags/example_short_circuit_operator.py
[2024-12-13T11:07:29.060+0000] {logging_mixin.py:190} INFO - [2024-12-13T11:07:29.060+0000] {dag.py:3239} INFO - Sync 1 DAGs
[2024-12-13T11:07:29.081+0000] {logging_mixin.py:190} INFO - [2024-12-13T11:07:29.080+0000] {dag.py:4180} INFO - Setting next_dagrun for example_short_circuit_operator to None, run_after=None
[2024-12-13T11:07:29.105+0000] {processor.py:208} INFO - Processing /opt/bitnami/airflow/venv/lib/python3.12/site-packages/airflow/example_dags/example_short_circuit_operator.py took 0.113 seconds
[2024-12-13T11:07:59.748+0000] {processor.py:186} INFO - Started process (PID=106) to work on /opt/bitnami/airflow/venv/lib/python3.12/site-packages/airflow/example_dags/example_short_circuit_operator.py
[2024-12-13T11:07:59.749+0000] {processor.py:914} INFO - Processing file /opt/bitnami/airflow/venv/lib/python3.12/site-packages/airflow/example_dags/example_short_circuit_operator.py for tasks to queue
[2024-12-13T11:07:59.752+0000] {logging_mixin.py:190} INFO - [2024-12-13T11:07:59.752+0000] {dagbag.py:588} INFO - Filling up the DagBag from /opt/bitnami/airflow/venv/lib/python3.12/site-packages/airflow/example_dags/example_short_circuit_operator.py
[2024-12-13T11:07:59.757+0000] {processor.py:925} INFO - DAG(s) 'example_short_circuit_operator' retrieved from /opt/bitnami/airflow/venv/lib/python3.12/site-packages/airflow/example_dags/example_short_circuit_operator.py
[2024-12-13T11:07:59.840+0000] {logging_mixin.py:190} INFO - [2024-12-13T11:07:59.839+0000] {dag.py:3239} INFO - Sync 1 DAGs
[2024-12-13T11:07:59.873+0000] {logging_mixin.py:190} INFO - [2024-12-13T11:07:59.873+0000] {dag.py:4180} INFO - Setting next_dagrun for example_short_circuit_operator to None, run_after=None
[2024-12-13T11:07:59.911+0000] {processor.py:208} INFO - Processing /opt/bitnami/airflow/venv/lib/python3.12/site-packages/airflow/example_dags/example_short_circuit_operator.py took 0.168 seconds
[2024-12-13T11:08:30.279+0000] {processor.py:186} INFO - Started process (PID=163) to work on /opt/bitnami/airflow/venv/lib/python3.12/site-packages/airflow/example_dags/example_short_circuit_operator.py
[2024-12-13T11:08:30.281+0000] {processor.py:914} INFO - Processing file /opt/bitnami/airflow/venv/lib/python3.12/site-packages/airflow/example_dags/example_short_circuit_operator.py for tasks to queue
[2024-12-13T11:08:30.285+0000] {logging_mixin.py:190} INFO - [2024-12-13T11:08:30.284+0000] {dagbag.py:588} INFO - Filling up the DagBag from /opt/bitnami/airflow/venv/lib/python3.12/site-packages/airflow/example_dags/example_short_circuit_operator.py
[2024-12-13T11:08:30.299+0000] {processor.py:925} INFO - DAG(s) 'example_short_circuit_operator' retrieved from /opt/bitnami/airflow/venv/lib/python3.12/site-packages/airflow/example_dags/example_short_circuit_operator.py
[2024-12-13T11:08:30.431+0000] {logging_mixin.py:190} INFO - [2024-12-13T11:08:30.431+0000] {dag.py:3239} INFO - Sync 1 DAGs
[2024-12-13T11:08:30.465+0000] {logging_mixin.py:190} INFO - [2024-12-13T11:08:30.464+0000] {dag.py:4180} INFO - Setting next_dagrun for example_short_circuit_operator to None, run_after=None
[2024-12-13T11:08:30.505+0000] {processor.py:208} INFO - Processing /opt/bitnami/airflow/venv/lib/python3.12/site-packages/airflow/example_dags/example_short_circuit_operator.py took 0.232 seconds
[2024-12-13T11:09:00.943+0000] {processor.py:186} INFO - Started process (PID=220) to work on /opt/bitnami/airflow/venv/lib/python3.12/site-packages/airflow/example_dags/example_short_circuit_operator.py
[2024-12-13T11:09:00.945+0000] {processor.py:914} INFO - Processing file /opt/bitnami/airflow/venv/lib/python3.12/site-packages/airflow/example_dags/example_short_circuit_operator.py for tasks to queue
[2024-12-13T11:09:00.950+0000] {logging_mixin.py:190} INFO - [2024-12-13T11:09:00.949+0000] {dagbag.py:588} INFO - Filling up the DagBag from /opt/bitnami/airflow/venv/lib/python3.12/site-packages/airflow/example_dags/example_short_circuit_operator.py
[2024-12-13T11:09:00.960+0000] {processor.py:925} INFO - DAG(s) 'example_short_circuit_operator' retrieved from /opt/bitnami/airflow/venv/lib/python3.12/site-packages/airflow/example_dags/example_short_circuit_operator.py
[2024-12-13T11:09:01.029+0000] {logging_mixin.py:190} INFO - [2024-12-13T11:09:01.028+0000] {dag.py:3239} INFO - Sync 1 DAGs
[2024-12-13T11:09:01.067+0000] {logging_mixin.py:190} INFO - [2024-12-13T11:09:01.067+0000] {dag.py:4180} INFO - Setting next_dagrun for example_short_circuit_operator to None, run_after=None
[2024-12-13T11:09:01.100+0000] {processor.py:208} INFO - Processing /opt/bitnami/airflow/venv/lib/python3.12/site-packages/airflow/example_dags/example_short_circuit_operator.py took 0.168 seconds
[2024-12-13T11:09:31.213+0000] {processor.py:186} INFO - Started process (PID=277) to work on /opt/bitnami/airflow/venv/lib/python3.12/site-packages/airflow/example_dags/example_short_circuit_operator.py
[2024-12-13T11:09:31.214+0000] {processor.py:914} INFO - Processing file /opt/bitnami/airflow/venv/lib/python3.12/site-packages/airflow/example_dags/example_short_circuit_operator.py for tasks to queue
[2024-12-13T11:09:31.216+0000] {logging_mixin.py:190} INFO - [2024-12-13T11:09:31.216+0000] {dagbag.py:588} INFO - Filling up the DagBag from /opt/bitnami/airflow/venv/lib/python3.12/site-packages/airflow/example_dags/example_short_circuit_operator.py
[2024-12-13T11:09:31.223+0000] {processor.py:925} INFO - DAG(s) 'example_short_circuit_operator' retrieved from /opt/bitnami/airflow/venv/lib/python3.12/site-packages/airflow/example_dags/example_short_circuit_operator.py
[2024-12-13T11:09:31.300+0000] {logging_mixin.py:190} INFO - [2024-12-13T11:09:31.300+0000] {dag.py:3239} INFO - Sync 1 DAGs
[2024-12-13T11:09:31.319+0000] {logging_mixin.py:190} INFO - [2024-12-13T11:09:31.318+0000] {dag.py:4180} INFO - Setting next_dagrun for example_short_circuit_operator to None, run_after=None
[2024-12-13T11:09:31.342+0000] {processor.py:208} INFO - Processing /opt/bitnami/airflow/venv/lib/python3.12/site-packages/airflow/example_dags/example_short_circuit_operator.py took 0.135 seconds
[2024-12-13T11:13:41.491+0000] {processor.py:186} INFO - Started process (PID=49) to work on /opt/bitnami/airflow/venv/lib/python3.12/site-packages/airflow/example_dags/example_short_circuit_operator.py
[2024-12-13T11:13:41.493+0000] {processor.py:914} INFO - Processing file /opt/bitnami/airflow/venv/lib/python3.12/site-packages/airflow/example_dags/example_short_circuit_operator.py for tasks to queue
[2024-12-13T11:13:41.498+0000] {logging_mixin.py:190} INFO - [2024-12-13T11:13:41.498+0000] {dagbag.py:588} INFO - Filling up the DagBag from /opt/bitnami/airflow/venv/lib/python3.12/site-packages/airflow/example_dags/example_short_circuit_operator.py
[2024-12-13T11:13:41.505+0000] {processor.py:925} INFO - DAG(s) 'example_short_circuit_operator' retrieved from /opt/bitnami/airflow/venv/lib/python3.12/site-packages/airflow/example_dags/example_short_circuit_operator.py
[2024-12-13T11:13:41.563+0000] {logging_mixin.py:190} INFO - [2024-12-13T11:13:41.563+0000] {dag.py:3239} INFO - Sync 1 DAGs
[2024-12-13T11:13:41.587+0000] {logging_mixin.py:190} INFO - [2024-12-13T11:13:41.587+0000] {dag.py:4180} INFO - Setting next_dagrun for example_short_circuit_operator to None, run_after=None
[2024-12-13T11:13:41.616+0000] {processor.py:208} INFO - Processing /opt/bitnami/airflow/venv/lib/python3.12/site-packages/airflow/example_dags/example_short_circuit_operator.py took 0.132 seconds
[2024-12-13T11:14:11.792+0000] {processor.py:186} INFO - Started process (PID=106) to work on /opt/bitnami/airflow/venv/lib/python3.12/site-packages/airflow/example_dags/example_short_circuit_operator.py
[2024-12-13T11:14:11.793+0000] {processor.py:914} INFO - Processing file /opt/bitnami/airflow/venv/lib/python3.12/site-packages/airflow/example_dags/example_short_circuit_operator.py for tasks to queue
[2024-12-13T11:14:11.795+0000] {logging_mixin.py:190} INFO - [2024-12-13T11:14:11.795+0000] {dagbag.py:588} INFO - Filling up the DagBag from /opt/bitnami/airflow/venv/lib/python3.12/site-packages/airflow/example_dags/example_short_circuit_operator.py
[2024-12-13T11:14:11.800+0000] {processor.py:925} INFO - DAG(s) 'example_short_circuit_operator' retrieved from /opt/bitnami/airflow/venv/lib/python3.12/site-packages/airflow/example_dags/example_short_circuit_operator.py
[2024-12-13T11:14:11.834+0000] {logging_mixin.py:190} INFO - [2024-12-13T11:14:11.834+0000] {dag.py:3239} INFO - Sync 1 DAGs
[2024-12-13T11:14:11.852+0000] {logging_mixin.py:190} INFO - [2024-12-13T11:14:11.852+0000] {dag.py:4180} INFO - Setting next_dagrun for example_short_circuit_operator to None, run_after=None
[2024-12-13T11:14:11.869+0000] {processor.py:208} INFO - Processing /opt/bitnami/airflow/venv/lib/python3.12/site-packages/airflow/example_dags/example_short_circuit_operator.py took 0.081 seconds
[2024-12-13T11:14:43.179+0000] {processor.py:186} INFO - Started process (PID=163) to work on /opt/bitnami/airflow/venv/lib/python3.12/site-packages/airflow/example_dags/example_short_circuit_operator.py
[2024-12-13T11:14:43.181+0000] {processor.py:914} INFO - Processing file /opt/bitnami/airflow/venv/lib/python3.12/site-packages/airflow/example_dags/example_short_circuit_operator.py for tasks to queue
[2024-12-13T11:14:43.185+0000] {logging_mixin.py:190} INFO - [2024-12-13T11:14:43.185+0000] {dagbag.py:588} INFO - Filling up the DagBag from /opt/bitnami/airflow/venv/lib/python3.12/site-packages/airflow/example_dags/example_short_circuit_operator.py
[2024-12-13T11:14:43.193+0000] {processor.py:925} INFO - DAG(s) 'example_short_circuit_operator' retrieved from /opt/bitnami/airflow/venv/lib/python3.12/site-packages/airflow/example_dags/example_short_circuit_operator.py
[2024-12-13T11:14:43.368+0000] {logging_mixin.py:190} INFO - [2024-12-13T11:14:43.367+0000] {dag.py:3239} INFO - Sync 1 DAGs
[2024-12-13T11:14:43.405+0000] {logging_mixin.py:190} INFO - [2024-12-13T11:14:43.404+0000] {dag.py:4180} INFO - Setting next_dagrun for example_short_circuit_operator to None, run_after=None
[2024-12-13T11:14:43.451+0000] {processor.py:208} INFO - Processing /opt/bitnami/airflow/venv/lib/python3.12/site-packages/airflow/example_dags/example_short_circuit_operator.py took 0.279 seconds
[2024-12-13T11:15:13.653+0000] {processor.py:186} INFO - Started process (PID=220) to work on /opt/bitnami/airflow/venv/lib/python3.12/site-packages/airflow/example_dags/example_short_circuit_operator.py
[2024-12-13T11:15:13.654+0000] {processor.py:914} INFO - Processing file /opt/bitnami/airflow/venv/lib/python3.12/site-packages/airflow/example_dags/example_short_circuit_operator.py for tasks to queue
[2024-12-13T11:15:13.657+0000] {logging_mixin.py:190} INFO - [2024-12-13T11:15:13.656+0000] {dagbag.py:588} INFO - Filling up the DagBag from /opt/bitnami/airflow/venv/lib/python3.12/site-packages/airflow/example_dags/example_short_circuit_operator.py
[2024-12-13T11:15:13.667+0000] {processor.py:925} INFO - DAG(s) 'example_short_circuit_operator' retrieved from /opt/bitnami/airflow/venv/lib/python3.12/site-packages/airflow/example_dags/example_short_circuit_operator.py
[2024-12-13T11:15:13.721+0000] {logging_mixin.py:190} INFO - [2024-12-13T11:15:13.721+0000] {dag.py:3239} INFO - Sync 1 DAGs
[2024-12-13T11:15:13.755+0000] {logging_mixin.py:190} INFO - [2024-12-13T11:15:13.755+0000] {dag.py:4180} INFO - Setting next_dagrun for example_short_circuit_operator to None, run_after=None
[2024-12-13T11:15:13.803+0000] {processor.py:208} INFO - Processing /opt/bitnami/airflow/venv/lib/python3.12/site-packages/airflow/example_dags/example_short_circuit_operator.py took 0.160 seconds
[2024-12-13T11:57:06.925+0000] {processor.py:186} INFO - Started process (PID=49) to work on /opt/bitnami/airflow/venv/lib/python3.12/site-packages/airflow/example_dags/example_short_circuit_operator.py
[2024-12-13T11:57:06.926+0000] {processor.py:914} INFO - Processing file /opt/bitnami/airflow/venv/lib/python3.12/site-packages/airflow/example_dags/example_short_circuit_operator.py for tasks to queue
[2024-12-13T11:57:06.930+0000] {logging_mixin.py:190} INFO - [2024-12-13T11:57:06.930+0000] {dagbag.py:588} INFO - Filling up the DagBag from /opt/bitnami/airflow/venv/lib/python3.12/site-packages/airflow/example_dags/example_short_circuit_operator.py
[2024-12-13T11:57:06.935+0000] {processor.py:925} INFO - DAG(s) 'example_short_circuit_operator' retrieved from /opt/bitnami/airflow/venv/lib/python3.12/site-packages/airflow/example_dags/example_short_circuit_operator.py
[2024-12-13T11:57:06.973+0000] {logging_mixin.py:190} INFO - [2024-12-13T11:57:06.972+0000] {dag.py:3239} INFO - Sync 1 DAGs
[2024-12-13T11:57:06.988+0000] {logging_mixin.py:190} INFO - [2024-12-13T11:57:06.988+0000] {dag.py:4180} INFO - Setting next_dagrun for example_short_circuit_operator to None, run_after=None
[2024-12-13T11:57:07.012+0000] {processor.py:208} INFO - Processing /opt/bitnami/airflow/venv/lib/python3.12/site-packages/airflow/example_dags/example_short_circuit_operator.py took 0.091 seconds
[2024-12-13T11:57:37.985+0000] {processor.py:186} INFO - Started process (PID=106) to work on /opt/bitnami/airflow/venv/lib/python3.12/site-packages/airflow/example_dags/example_short_circuit_operator.py
[2024-12-13T11:57:37.986+0000] {processor.py:914} INFO - Processing file /opt/bitnami/airflow/venv/lib/python3.12/site-packages/airflow/example_dags/example_short_circuit_operator.py for tasks to queue
[2024-12-13T11:57:37.988+0000] {logging_mixin.py:190} INFO - [2024-12-13T11:57:37.988+0000] {dagbag.py:588} INFO - Filling up the DagBag from /opt/bitnami/airflow/venv/lib/python3.12/site-packages/airflow/example_dags/example_short_circuit_operator.py
[2024-12-13T11:57:37.994+0000] {processor.py:925} INFO - DAG(s) 'example_short_circuit_operator' retrieved from /opt/bitnami/airflow/venv/lib/python3.12/site-packages/airflow/example_dags/example_short_circuit_operator.py
[2024-12-13T11:57:38.034+0000] {logging_mixin.py:190} INFO - [2024-12-13T11:57:38.033+0000] {dag.py:3239} INFO - Sync 1 DAGs
[2024-12-13T11:57:38.057+0000] {logging_mixin.py:190} INFO - [2024-12-13T11:57:38.056+0000] {dag.py:4180} INFO - Setting next_dagrun for example_short_circuit_operator to None, run_after=None
[2024-12-13T11:57:38.081+0000] {processor.py:208} INFO - Processing /opt/bitnami/airflow/venv/lib/python3.12/site-packages/airflow/example_dags/example_short_circuit_operator.py took 0.101 seconds
[2024-12-13T11:58:32.575+0000] {processor.py:186} INFO - Started process (PID=49) to work on /opt/bitnami/airflow/venv/lib/python3.12/site-packages/airflow/example_dags/example_short_circuit_operator.py
[2024-12-13T11:58:32.576+0000] {processor.py:914} INFO - Processing file /opt/bitnami/airflow/venv/lib/python3.12/site-packages/airflow/example_dags/example_short_circuit_operator.py for tasks to queue
[2024-12-13T11:58:32.580+0000] {logging_mixin.py:190} INFO - [2024-12-13T11:58:32.580+0000] {dagbag.py:588} INFO - Filling up the DagBag from /opt/bitnami/airflow/venv/lib/python3.12/site-packages/airflow/example_dags/example_short_circuit_operator.py
[2024-12-13T11:58:32.584+0000] {processor.py:925} INFO - DAG(s) 'example_short_circuit_operator' retrieved from /opt/bitnami/airflow/venv/lib/python3.12/site-packages/airflow/example_dags/example_short_circuit_operator.py
[2024-12-13T11:58:32.628+0000] {logging_mixin.py:190} INFO - [2024-12-13T11:58:32.627+0000] {dag.py:3239} INFO - Sync 1 DAGs
[2024-12-13T11:58:32.646+0000] {logging_mixin.py:190} INFO - [2024-12-13T11:58:32.646+0000] {dag.py:4180} INFO - Setting next_dagrun for example_short_circuit_operator to None, run_after=None
[2024-12-13T11:58:32.670+0000] {processor.py:208} INFO - Processing /opt/bitnami/airflow/venv/lib/python3.12/site-packages/airflow/example_dags/example_short_circuit_operator.py took 0.100 seconds
[2024-12-13T11:59:03.172+0000] {processor.py:186} INFO - Started process (PID=106) to work on /opt/bitnami/airflow/venv/lib/python3.12/site-packages/airflow/example_dags/example_short_circuit_operator.py
[2024-12-13T11:59:03.173+0000] {processor.py:914} INFO - Processing file /opt/bitnami/airflow/venv/lib/python3.12/site-packages/airflow/example_dags/example_short_circuit_operator.py for tasks to queue
[2024-12-13T11:59:03.175+0000] {logging_mixin.py:190} INFO - [2024-12-13T11:59:03.175+0000] {dagbag.py:588} INFO - Filling up the DagBag from /opt/bitnami/airflow/venv/lib/python3.12/site-packages/airflow/example_dags/example_short_circuit_operator.py
[2024-12-13T11:59:03.182+0000] {processor.py:925} INFO - DAG(s) 'example_short_circuit_operator' retrieved from /opt/bitnami/airflow/venv/lib/python3.12/site-packages/airflow/example_dags/example_short_circuit_operator.py
[2024-12-13T11:59:03.240+0000] {logging_mixin.py:190} INFO - [2024-12-13T11:59:03.240+0000] {dag.py:3239} INFO - Sync 1 DAGs
[2024-12-13T11:59:03.265+0000] {logging_mixin.py:190} INFO - [2024-12-13T11:59:03.265+0000] {dag.py:4180} INFO - Setting next_dagrun for example_short_circuit_operator to None, run_after=None
[2024-12-13T11:59:03.290+0000] {processor.py:208} INFO - Processing /opt/bitnami/airflow/venv/lib/python3.12/site-packages/airflow/example_dags/example_short_circuit_operator.py took 0.124 seconds
[2024-12-13T11:59:33.551+0000] {processor.py:186} INFO - Started process (PID=163) to work on /opt/bitnami/airflow/venv/lib/python3.12/site-packages/airflow/example_dags/example_short_circuit_operator.py
[2024-12-13T11:59:33.551+0000] {processor.py:914} INFO - Processing file /opt/bitnami/airflow/venv/lib/python3.12/site-packages/airflow/example_dags/example_short_circuit_operator.py for tasks to queue
[2024-12-13T11:59:33.554+0000] {logging_mixin.py:190} INFO - [2024-12-13T11:59:33.553+0000] {dagbag.py:588} INFO - Filling up the DagBag from /opt/bitnami/airflow/venv/lib/python3.12/site-packages/airflow/example_dags/example_short_circuit_operator.py
[2024-12-13T11:59:33.559+0000] {processor.py:925} INFO - DAG(s) 'example_short_circuit_operator' retrieved from /opt/bitnami/airflow/venv/lib/python3.12/site-packages/airflow/example_dags/example_short_circuit_operator.py
[2024-12-13T11:59:33.639+0000] {logging_mixin.py:190} INFO - [2024-12-13T11:59:33.639+0000] {dag.py:3239} INFO - Sync 1 DAGs
[2024-12-13T11:59:33.659+0000] {logging_mixin.py:190} INFO - [2024-12-13T11:59:33.659+0000] {dag.py:4180} INFO - Setting next_dagrun for example_short_circuit_operator to None, run_after=None
[2024-12-13T11:59:33.684+0000] {processor.py:208} INFO - Processing /opt/bitnami/airflow/venv/lib/python3.12/site-packages/airflow/example_dags/example_short_circuit_operator.py took 0.138 seconds
[2024-12-13T12:00:03.967+0000] {processor.py:186} INFO - Started process (PID=220) to work on /opt/bitnami/airflow/venv/lib/python3.12/site-packages/airflow/example_dags/example_short_circuit_operator.py
[2024-12-13T12:00:03.968+0000] {processor.py:914} INFO - Processing file /opt/bitnami/airflow/venv/lib/python3.12/site-packages/airflow/example_dags/example_short_circuit_operator.py for tasks to queue
[2024-12-13T12:00:03.970+0000] {logging_mixin.py:190} INFO - [2024-12-13T12:00:03.970+0000] {dagbag.py:588} INFO - Filling up the DagBag from /opt/bitnami/airflow/venv/lib/python3.12/site-packages/airflow/example_dags/example_short_circuit_operator.py
[2024-12-13T12:00:03.975+0000] {processor.py:925} INFO - DAG(s) 'example_short_circuit_operator' retrieved from /opt/bitnami/airflow/venv/lib/python3.12/site-packages/airflow/example_dags/example_short_circuit_operator.py
[2024-12-13T12:00:04.007+0000] {logging_mixin.py:190} INFO - [2024-12-13T12:00:04.007+0000] {dag.py:3239} INFO - Sync 1 DAGs
[2024-12-13T12:00:04.024+0000] {logging_mixin.py:190} INFO - [2024-12-13T12:00:04.024+0000] {dag.py:4180} INFO - Setting next_dagrun for example_short_circuit_operator to None, run_after=None
[2024-12-13T12:00:04.045+0000] {processor.py:208} INFO - Processing /opt/bitnami/airflow/venv/lib/python3.12/site-packages/airflow/example_dags/example_short_circuit_operator.py took 0.083 seconds
[2024-12-13T12:00:34.381+0000] {processor.py:186} INFO - Started process (PID=277) to work on /opt/bitnami/airflow/venv/lib/python3.12/site-packages/airflow/example_dags/example_short_circuit_operator.py
[2024-12-13T12:00:34.382+0000] {processor.py:914} INFO - Processing file /opt/bitnami/airflow/venv/lib/python3.12/site-packages/airflow/example_dags/example_short_circuit_operator.py for tasks to queue
[2024-12-13T12:00:34.384+0000] {logging_mixin.py:190} INFO - [2024-12-13T12:00:34.384+0000] {dagbag.py:588} INFO - Filling up the DagBag from /opt/bitnami/airflow/venv/lib/python3.12/site-packages/airflow/example_dags/example_short_circuit_operator.py
[2024-12-13T12:00:34.389+0000] {processor.py:925} INFO - DAG(s) 'example_short_circuit_operator' retrieved from /opt/bitnami/airflow/venv/lib/python3.12/site-packages/airflow/example_dags/example_short_circuit_operator.py
[2024-12-13T12:00:34.424+0000] {logging_mixin.py:190} INFO - [2024-12-13T12:00:34.423+0000] {dag.py:3239} INFO - Sync 1 DAGs
[2024-12-13T12:00:34.446+0000] {logging_mixin.py:190} INFO - [2024-12-13T12:00:34.446+0000] {dag.py:4180} INFO - Setting next_dagrun for example_short_circuit_operator to None, run_after=None
[2024-12-13T12:00:34.469+0000] {processor.py:208} INFO - Processing /opt/bitnami/airflow/venv/lib/python3.12/site-packages/airflow/example_dags/example_short_circuit_operator.py took 0.093 seconds
[2024-12-13T12:01:05.104+0000] {processor.py:186} INFO - Started process (PID=334) to work on /opt/bitnami/airflow/venv/lib/python3.12/site-packages/airflow/example_dags/example_short_circuit_operator.py
[2024-12-13T12:01:05.105+0000] {processor.py:914} INFO - Processing file /opt/bitnami/airflow/venv/lib/python3.12/site-packages/airflow/example_dags/example_short_circuit_operator.py for tasks to queue
[2024-12-13T12:01:05.107+0000] {logging_mixin.py:190} INFO - [2024-12-13T12:01:05.107+0000] {dagbag.py:588} INFO - Filling up the DagBag from /opt/bitnami/airflow/venv/lib/python3.12/site-packages/airflow/example_dags/example_short_circuit_operator.py
[2024-12-13T12:01:05.112+0000] {processor.py:925} INFO - DAG(s) 'example_short_circuit_operator' retrieved from /opt/bitnami/airflow/venv/lib/python3.12/site-packages/airflow/example_dags/example_short_circuit_operator.py
[2024-12-13T12:01:05.146+0000] {logging_mixin.py:190} INFO - [2024-12-13T12:01:05.146+0000] {dag.py:3239} INFO - Sync 1 DAGs
[2024-12-13T12:01:05.169+0000] {logging_mixin.py:190} INFO - [2024-12-13T12:01:05.169+0000] {dag.py:4180} INFO - Setting next_dagrun for example_short_circuit_operator to None, run_after=None
[2024-12-13T12:01:05.191+0000] {processor.py:208} INFO - Processing /opt/bitnami/airflow/venv/lib/python3.12/site-packages/airflow/example_dags/example_short_circuit_operator.py took 0.092 seconds
[2024-12-13T12:01:35.770+0000] {processor.py:186} INFO - Started process (PID=391) to work on /opt/bitnami/airflow/venv/lib/python3.12/site-packages/airflow/example_dags/example_short_circuit_operator.py
[2024-12-13T12:01:35.771+0000] {processor.py:914} INFO - Processing file /opt/bitnami/airflow/venv/lib/python3.12/site-packages/airflow/example_dags/example_short_circuit_operator.py for tasks to queue
[2024-12-13T12:01:35.774+0000] {logging_mixin.py:190} INFO - [2024-12-13T12:01:35.773+0000] {dagbag.py:588} INFO - Filling up the DagBag from /opt/bitnami/airflow/venv/lib/python3.12/site-packages/airflow/example_dags/example_short_circuit_operator.py
[2024-12-13T12:01:35.779+0000] {processor.py:925} INFO - DAG(s) 'example_short_circuit_operator' retrieved from /opt/bitnami/airflow/venv/lib/python3.12/site-packages/airflow/example_dags/example_short_circuit_operator.py
[2024-12-13T12:01:35.813+0000] {logging_mixin.py:190} INFO - [2024-12-13T12:01:35.813+0000] {dag.py:3239} INFO - Sync 1 DAGs
[2024-12-13T12:01:35.830+0000] {logging_mixin.py:190} INFO - [2024-12-13T12:01:35.830+0000] {dag.py:4180} INFO - Setting next_dagrun for example_short_circuit_operator to None, run_after=None
[2024-12-13T12:01:35.854+0000] {processor.py:208} INFO - Processing /opt/bitnami/airflow/venv/lib/python3.12/site-packages/airflow/example_dags/example_short_circuit_operator.py took 0.088 seconds
[2024-12-13T12:02:06.739+0000] {processor.py:186} INFO - Started process (PID=448) to work on /opt/bitnami/airflow/venv/lib/python3.12/site-packages/airflow/example_dags/example_short_circuit_operator.py
[2024-12-13T12:02:06.740+0000] {processor.py:914} INFO - Processing file /opt/bitnami/airflow/venv/lib/python3.12/site-packages/airflow/example_dags/example_short_circuit_operator.py for tasks to queue
[2024-12-13T12:02:06.743+0000] {logging_mixin.py:190} INFO - [2024-12-13T12:02:06.742+0000] {dagbag.py:588} INFO - Filling up the DagBag from /opt/bitnami/airflow/venv/lib/python3.12/site-packages/airflow/example_dags/example_short_circuit_operator.py
[2024-12-13T12:02:06.748+0000] {processor.py:925} INFO - DAG(s) 'example_short_circuit_operator' retrieved from /opt/bitnami/airflow/venv/lib/python3.12/site-packages/airflow/example_dags/example_short_circuit_operator.py
[2024-12-13T12:02:06.790+0000] {logging_mixin.py:190} INFO - [2024-12-13T12:02:06.790+0000] {dag.py:3239} INFO - Sync 1 DAGs
[2024-12-13T12:02:06.809+0000] {logging_mixin.py:190} INFO - [2024-12-13T12:02:06.809+0000] {dag.py:4180} INFO - Setting next_dagrun for example_short_circuit_operator to None, run_after=None
[2024-12-13T12:02:06.834+0000] {processor.py:208} INFO - Processing /opt/bitnami/airflow/venv/lib/python3.12/site-packages/airflow/example_dags/example_short_circuit_operator.py took 0.100 seconds
[2024-12-13T12:02:37.185+0000] {processor.py:186} INFO - Started process (PID=505) to work on /opt/bitnami/airflow/venv/lib/python3.12/site-packages/airflow/example_dags/example_short_circuit_operator.py
[2024-12-13T12:02:37.186+0000] {processor.py:914} INFO - Processing file /opt/bitnami/airflow/venv/lib/python3.12/site-packages/airflow/example_dags/example_short_circuit_operator.py for tasks to queue
[2024-12-13T12:02:37.189+0000] {logging_mixin.py:190} INFO - [2024-12-13T12:02:37.188+0000] {dagbag.py:588} INFO - Filling up the DagBag from /opt/bitnami/airflow/venv/lib/python3.12/site-packages/airflow/example_dags/example_short_circuit_operator.py
[2024-12-13T12:02:37.195+0000] {processor.py:925} INFO - DAG(s) 'example_short_circuit_operator' retrieved from /opt/bitnami/airflow/venv/lib/python3.12/site-packages/airflow/example_dags/example_short_circuit_operator.py
[2024-12-13T12:02:37.239+0000] {logging_mixin.py:190} INFO - [2024-12-13T12:02:37.239+0000] {dag.py:3239} INFO - Sync 1 DAGs
[2024-12-13T12:02:37.260+0000] {logging_mixin.py:190} INFO - [2024-12-13T12:02:37.259+0000] {dag.py:4180} INFO - Setting next_dagrun for example_short_circuit_operator to None, run_after=None
[2024-12-13T12:02:37.279+0000] {processor.py:208} INFO - Processing /opt/bitnami/airflow/venv/lib/python3.12/site-packages/airflow/example_dags/example_short_circuit_operator.py took 0.100 seconds
