[2024-12-13T08:19:42.894+0000] {processor.py:186} INFO - Started process (PID=46) to work on /opt/bitnami/airflow/venv/lib/python3.12/site-packages/airflow/example_dags/example_branch_operator.py
[2024-12-13T08:19:42.895+0000] {processor.py:914} INFO - Processing file /opt/bitnami/airflow/venv/lib/python3.12/site-packages/airflow/example_dags/example_branch_operator.py for tasks to queue
[2024-12-13T08:19:42.898+0000] {logging_mixin.py:190} INFO - [2024-12-13T08:19:42.898+0000] {dagbag.py:588} INFO - Filling up the DagBag from /opt/bitnami/airflow/venv/lib/python3.12/site-packages/airflow/example_dags/example_branch_operator.py
[2024-12-13T08:19:42.914+0000] {processor.py:925} INFO - DAG(s) 'example_branch_operator' retrieved from /opt/bitnami/airflow/venv/lib/python3.12/site-packages/airflow/example_dags/example_branch_operator.py
[2024-12-13T08:19:43.014+0000] {logging_mixin.py:190} INFO - [2024-12-13T08:19:43.014+0000] {dag.py:3239} INFO - Sync 1 DAGs
[2024-12-13T08:19:43.045+0000] {logging_mixin.py:190} INFO - [2024-12-13T08:19:43.045+0000] {dag.py:4180} INFO - Setting next_dagrun for example_branch_operator to 2024-12-12 00:00:00+00:00, run_after=2024-12-13 00:00:00+00:00
[2024-12-13T08:19:43.072+0000] {processor.py:208} INFO - Processing /opt/bitnami/airflow/venv/lib/python3.12/site-packages/airflow/example_dags/example_branch_operator.py took 0.182 seconds
[2024-12-13T08:20:13.712+0000] {processor.py:186} INFO - Started process (PID=103) to work on /opt/bitnami/airflow/venv/lib/python3.12/site-packages/airflow/example_dags/example_branch_operator.py
[2024-12-13T08:20:13.713+0000] {processor.py:914} INFO - Processing file /opt/bitnami/airflow/venv/lib/python3.12/site-packages/airflow/example_dags/example_branch_operator.py for tasks to queue
[2024-12-13T08:20:13.715+0000] {logging_mixin.py:190} INFO - [2024-12-13T08:20:13.715+0000] {dagbag.py:588} INFO - Filling up the DagBag from /opt/bitnami/airflow/venv/lib/python3.12/site-packages/airflow/example_dags/example_branch_operator.py
[2024-12-13T08:20:13.727+0000] {processor.py:925} INFO - DAG(s) 'example_branch_operator' retrieved from /opt/bitnami/airflow/venv/lib/python3.12/site-packages/airflow/example_dags/example_branch_operator.py
[2024-12-13T08:20:13.765+0000] {logging_mixin.py:190} INFO - [2024-12-13T08:20:13.765+0000] {dag.py:3239} INFO - Sync 1 DAGs
[2024-12-13T08:20:13.788+0000] {logging_mixin.py:190} INFO - [2024-12-13T08:20:13.788+0000] {dag.py:4180} INFO - Setting next_dagrun for example_branch_operator to 2024-12-12 00:00:00+00:00, run_after=2024-12-13 00:00:00+00:00
[2024-12-13T08:20:13.807+0000] {processor.py:208} INFO - Processing /opt/bitnami/airflow/venv/lib/python3.12/site-packages/airflow/example_dags/example_branch_operator.py took 0.100 seconds
[2024-12-13T08:20:43.881+0000] {processor.py:186} INFO - Started process (PID=160) to work on /opt/bitnami/airflow/venv/lib/python3.12/site-packages/airflow/example_dags/example_branch_operator.py
[2024-12-13T08:20:43.883+0000] {processor.py:914} INFO - Processing file /opt/bitnami/airflow/venv/lib/python3.12/site-packages/airflow/example_dags/example_branch_operator.py for tasks to queue
[2024-12-13T08:20:43.885+0000] {logging_mixin.py:190} INFO - [2024-12-13T08:20:43.884+0000] {dagbag.py:588} INFO - Filling up the DagBag from /opt/bitnami/airflow/venv/lib/python3.12/site-packages/airflow/example_dags/example_branch_operator.py
[2024-12-13T08:20:43.898+0000] {processor.py:925} INFO - DAG(s) 'example_branch_operator' retrieved from /opt/bitnami/airflow/venv/lib/python3.12/site-packages/airflow/example_dags/example_branch_operator.py
[2024-12-13T08:20:43.934+0000] {logging_mixin.py:190} INFO - [2024-12-13T08:20:43.933+0000] {dag.py:3239} INFO - Sync 1 DAGs
[2024-12-13T08:20:43.962+0000] {logging_mixin.py:190} INFO - [2024-12-13T08:20:43.962+0000] {dag.py:4180} INFO - Setting next_dagrun for example_branch_operator to 2024-12-12 00:00:00+00:00, run_after=2024-12-13 00:00:00+00:00
[2024-12-13T08:20:44.008+0000] {processor.py:208} INFO - Processing /opt/bitnami/airflow/venv/lib/python3.12/site-packages/airflow/example_dags/example_branch_operator.py took 0.132 seconds
[2024-12-13T08:21:14.295+0000] {processor.py:186} INFO - Started process (PID=217) to work on /opt/bitnami/airflow/venv/lib/python3.12/site-packages/airflow/example_dags/example_branch_operator.py
[2024-12-13T08:21:14.296+0000] {processor.py:914} INFO - Processing file /opt/bitnami/airflow/venv/lib/python3.12/site-packages/airflow/example_dags/example_branch_operator.py for tasks to queue
[2024-12-13T08:21:14.298+0000] {logging_mixin.py:190} INFO - [2024-12-13T08:21:14.298+0000] {dagbag.py:588} INFO - Filling up the DagBag from /opt/bitnami/airflow/venv/lib/python3.12/site-packages/airflow/example_dags/example_branch_operator.py
[2024-12-13T08:21:14.312+0000] {processor.py:925} INFO - DAG(s) 'example_branch_operator' retrieved from /opt/bitnami/airflow/venv/lib/python3.12/site-packages/airflow/example_dags/example_branch_operator.py
[2024-12-13T08:21:14.412+0000] {logging_mixin.py:190} INFO - [2024-12-13T08:21:14.412+0000] {dag.py:3239} INFO - Sync 1 DAGs
[2024-12-13T08:21:14.439+0000] {logging_mixin.py:190} INFO - [2024-12-13T08:21:14.439+0000] {dag.py:4180} INFO - Setting next_dagrun for example_branch_operator to 2024-12-12 00:00:00+00:00, run_after=2024-12-13 00:00:00+00:00
[2024-12-13T08:21:14.465+0000] {processor.py:208} INFO - Processing /opt/bitnami/airflow/venv/lib/python3.12/site-packages/airflow/example_dags/example_branch_operator.py took 0.175 seconds
[2024-12-13T08:21:45.529+0000] {processor.py:186} INFO - Started process (PID=274) to work on /opt/bitnami/airflow/venv/lib/python3.12/site-packages/airflow/example_dags/example_branch_operator.py
[2024-12-13T08:21:45.530+0000] {processor.py:914} INFO - Processing file /opt/bitnami/airflow/venv/lib/python3.12/site-packages/airflow/example_dags/example_branch_operator.py for tasks to queue
[2024-12-13T08:21:45.533+0000] {logging_mixin.py:190} INFO - [2024-12-13T08:21:45.533+0000] {dagbag.py:588} INFO - Filling up the DagBag from /opt/bitnami/airflow/venv/lib/python3.12/site-packages/airflow/example_dags/example_branch_operator.py
[2024-12-13T08:21:45.551+0000] {processor.py:925} INFO - DAG(s) 'example_branch_operator' retrieved from /opt/bitnami/airflow/venv/lib/python3.12/site-packages/airflow/example_dags/example_branch_operator.py
[2024-12-13T08:21:45.606+0000] {logging_mixin.py:190} INFO - [2024-12-13T08:21:45.605+0000] {dag.py:3239} INFO - Sync 1 DAGs
[2024-12-13T08:21:45.651+0000] {logging_mixin.py:190} INFO - [2024-12-13T08:21:45.651+0000] {dag.py:4180} INFO - Setting next_dagrun for example_branch_operator to 2024-12-12 00:00:00+00:00, run_after=2024-12-13 00:00:00+00:00
[2024-12-13T08:21:45.682+0000] {processor.py:208} INFO - Processing /opt/bitnami/airflow/venv/lib/python3.12/site-packages/airflow/example_dags/example_branch_operator.py took 0.161 seconds
[2024-12-13T08:22:16.445+0000] {processor.py:186} INFO - Started process (PID=331) to work on /opt/bitnami/airflow/venv/lib/python3.12/site-packages/airflow/example_dags/example_branch_operator.py
[2024-12-13T08:22:16.446+0000] {processor.py:914} INFO - Processing file /opt/bitnami/airflow/venv/lib/python3.12/site-packages/airflow/example_dags/example_branch_operator.py for tasks to queue
[2024-12-13T08:22:16.449+0000] {logging_mixin.py:190} INFO - [2024-12-13T08:22:16.448+0000] {dagbag.py:588} INFO - Filling up the DagBag from /opt/bitnami/airflow/venv/lib/python3.12/site-packages/airflow/example_dags/example_branch_operator.py
[2024-12-13T08:22:16.464+0000] {processor.py:925} INFO - DAG(s) 'example_branch_operator' retrieved from /opt/bitnami/airflow/venv/lib/python3.12/site-packages/airflow/example_dags/example_branch_operator.py
[2024-12-13T08:22:16.526+0000] {logging_mixin.py:190} INFO - [2024-12-13T08:22:16.525+0000] {dag.py:3239} INFO - Sync 1 DAGs
[2024-12-13T08:22:16.574+0000] {logging_mixin.py:190} INFO - [2024-12-13T08:22:16.574+0000] {dag.py:4180} INFO - Setting next_dagrun for example_branch_operator to 2024-12-12 00:00:00+00:00, run_after=2024-12-13 00:00:00+00:00
[2024-12-13T08:22:16.597+0000] {processor.py:208} INFO - Processing /opt/bitnami/airflow/venv/lib/python3.12/site-packages/airflow/example_dags/example_branch_operator.py took 0.158 seconds
[2024-12-13T08:22:47.481+0000] {processor.py:186} INFO - Started process (PID=388) to work on /opt/bitnami/airflow/venv/lib/python3.12/site-packages/airflow/example_dags/example_branch_operator.py
[2024-12-13T08:22:47.482+0000] {processor.py:914} INFO - Processing file /opt/bitnami/airflow/venv/lib/python3.12/site-packages/airflow/example_dags/example_branch_operator.py for tasks to queue
[2024-12-13T08:22:47.484+0000] {logging_mixin.py:190} INFO - [2024-12-13T08:22:47.484+0000] {dagbag.py:588} INFO - Filling up the DagBag from /opt/bitnami/airflow/venv/lib/python3.12/site-packages/airflow/example_dags/example_branch_operator.py
[2024-12-13T08:22:47.497+0000] {processor.py:925} INFO - DAG(s) 'example_branch_operator' retrieved from /opt/bitnami/airflow/venv/lib/python3.12/site-packages/airflow/example_dags/example_branch_operator.py
[2024-12-13T08:22:47.533+0000] {logging_mixin.py:190} INFO - [2024-12-13T08:22:47.533+0000] {dag.py:3239} INFO - Sync 1 DAGs
[2024-12-13T08:22:47.556+0000] {logging_mixin.py:190} INFO - [2024-12-13T08:22:47.556+0000] {dag.py:4180} INFO - Setting next_dagrun for example_branch_operator to 2024-12-12 00:00:00+00:00, run_after=2024-12-13 00:00:00+00:00
[2024-12-13T08:22:47.574+0000] {processor.py:208} INFO - Processing /opt/bitnami/airflow/venv/lib/python3.12/site-packages/airflow/example_dags/example_branch_operator.py took 0.097 seconds
[2024-12-13T08:25:44.055+0000] {processor.py:186} INFO - Started process (PID=46) to work on /opt/bitnami/airflow/venv/lib/python3.12/site-packages/airflow/example_dags/example_branch_operator.py
[2024-12-13T08:25:44.057+0000] {processor.py:914} INFO - Processing file /opt/bitnami/airflow/venv/lib/python3.12/site-packages/airflow/example_dags/example_branch_operator.py for tasks to queue
[2024-12-13T08:25:44.060+0000] {logging_mixin.py:190} INFO - [2024-12-13T08:25:44.060+0000] {dagbag.py:588} INFO - Filling up the DagBag from /opt/bitnami/airflow/venv/lib/python3.12/site-packages/airflow/example_dags/example_branch_operator.py
[2024-12-13T08:25:44.081+0000] {processor.py:925} INFO - DAG(s) 'example_branch_operator' retrieved from /opt/bitnami/airflow/venv/lib/python3.12/site-packages/airflow/example_dags/example_branch_operator.py
[2024-12-13T08:25:44.191+0000] {logging_mixin.py:190} INFO - [2024-12-13T08:25:44.191+0000] {dag.py:3239} INFO - Sync 1 DAGs
[2024-12-13T08:25:44.223+0000] {logging_mixin.py:190} INFO - [2024-12-13T08:25:44.223+0000] {dag.py:4180} INFO - Setting next_dagrun for example_branch_operator to 2024-12-12 00:00:00+00:00, run_after=2024-12-13 00:00:00+00:00
[2024-12-13T08:25:44.247+0000] {processor.py:208} INFO - Processing /opt/bitnami/airflow/venv/lib/python3.12/site-packages/airflow/example_dags/example_branch_operator.py took 0.199 seconds
[2024-12-13T08:26:14.932+0000] {processor.py:186} INFO - Started process (PID=103) to work on /opt/bitnami/airflow/venv/lib/python3.12/site-packages/airflow/example_dags/example_branch_operator.py
[2024-12-13T08:26:14.933+0000] {processor.py:914} INFO - Processing file /opt/bitnami/airflow/venv/lib/python3.12/site-packages/airflow/example_dags/example_branch_operator.py for tasks to queue
[2024-12-13T08:26:14.935+0000] {logging_mixin.py:190} INFO - [2024-12-13T08:26:14.935+0000] {dagbag.py:588} INFO - Filling up the DagBag from /opt/bitnami/airflow/venv/lib/python3.12/site-packages/airflow/example_dags/example_branch_operator.py
[2024-12-13T08:26:14.946+0000] {processor.py:925} INFO - DAG(s) 'example_branch_operator' retrieved from /opt/bitnami/airflow/venv/lib/python3.12/site-packages/airflow/example_dags/example_branch_operator.py
[2024-12-13T08:26:14.976+0000] {logging_mixin.py:190} INFO - [2024-12-13T08:26:14.976+0000] {dag.py:3239} INFO - Sync 1 DAGs
[2024-12-13T08:26:14.997+0000] {logging_mixin.py:190} INFO - [2024-12-13T08:26:14.997+0000] {dag.py:4180} INFO - Setting next_dagrun for example_branch_operator to 2024-12-12 00:00:00+00:00, run_after=2024-12-13 00:00:00+00:00
[2024-12-13T08:26:15.016+0000] {processor.py:208} INFO - Processing /opt/bitnami/airflow/venv/lib/python3.12/site-packages/airflow/example_dags/example_branch_operator.py took 0.089 seconds
[2024-12-13T08:26:45.743+0000] {processor.py:186} INFO - Started process (PID=160) to work on /opt/bitnami/airflow/venv/lib/python3.12/site-packages/airflow/example_dags/example_branch_operator.py
[2024-12-13T08:26:45.744+0000] {processor.py:914} INFO - Processing file /opt/bitnami/airflow/venv/lib/python3.12/site-packages/airflow/example_dags/example_branch_operator.py for tasks to queue
[2024-12-13T08:26:45.749+0000] {logging_mixin.py:190} INFO - [2024-12-13T08:26:45.748+0000] {dagbag.py:588} INFO - Filling up the DagBag from /opt/bitnami/airflow/venv/lib/python3.12/site-packages/airflow/example_dags/example_branch_operator.py
[2024-12-13T08:26:45.767+0000] {processor.py:925} INFO - DAG(s) 'example_branch_operator' retrieved from /opt/bitnami/airflow/venv/lib/python3.12/site-packages/airflow/example_dags/example_branch_operator.py
[2024-12-13T08:26:45.860+0000] {logging_mixin.py:190} INFO - [2024-12-13T08:26:45.859+0000] {dag.py:3239} INFO - Sync 1 DAGs
[2024-12-13T08:26:45.888+0000] {logging_mixin.py:190} INFO - [2024-12-13T08:26:45.888+0000] {dag.py:4180} INFO - Setting next_dagrun for example_branch_operator to 2024-12-12 00:00:00+00:00, run_after=2024-12-13 00:00:00+00:00
[2024-12-13T08:26:45.914+0000] {processor.py:208} INFO - Processing /opt/bitnami/airflow/venv/lib/python3.12/site-packages/airflow/example_dags/example_branch_operator.py took 0.178 seconds
[2024-12-13T08:27:15.948+0000] {processor.py:186} INFO - Started process (PID=217) to work on /opt/bitnami/airflow/venv/lib/python3.12/site-packages/airflow/example_dags/example_branch_operator.py
[2024-12-13T08:27:15.948+0000] {processor.py:914} INFO - Processing file /opt/bitnami/airflow/venv/lib/python3.12/site-packages/airflow/example_dags/example_branch_operator.py for tasks to queue
[2024-12-13T08:27:15.950+0000] {logging_mixin.py:190} INFO - [2024-12-13T08:27:15.950+0000] {dagbag.py:588} INFO - Filling up the DagBag from /opt/bitnami/airflow/venv/lib/python3.12/site-packages/airflow/example_dags/example_branch_operator.py
[2024-12-13T08:27:15.963+0000] {processor.py:925} INFO - DAG(s) 'example_branch_operator' retrieved from /opt/bitnami/airflow/venv/lib/python3.12/site-packages/airflow/example_dags/example_branch_operator.py
[2024-12-13T08:27:15.997+0000] {logging_mixin.py:190} INFO - [2024-12-13T08:27:15.996+0000] {dag.py:3239} INFO - Sync 1 DAGs
[2024-12-13T08:27:16.019+0000] {logging_mixin.py:190} INFO - [2024-12-13T08:27:16.019+0000] {dag.py:4180} INFO - Setting next_dagrun for example_branch_operator to 2024-12-12 00:00:00+00:00, run_after=2024-12-13 00:00:00+00:00
[2024-12-13T08:27:16.035+0000] {processor.py:208} INFO - Processing /opt/bitnami/airflow/venv/lib/python3.12/site-packages/airflow/example_dags/example_branch_operator.py took 0.091 seconds
[2024-12-13T10:42:34.191+0000] {processor.py:186} INFO - Started process (PID=46) to work on /opt/bitnami/airflow/venv/lib/python3.12/site-packages/airflow/example_dags/example_branch_operator.py
[2024-12-13T10:42:34.193+0000] {processor.py:914} INFO - Processing file /opt/bitnami/airflow/venv/lib/python3.12/site-packages/airflow/example_dags/example_branch_operator.py for tasks to queue
[2024-12-13T10:42:34.197+0000] {logging_mixin.py:190} INFO - [2024-12-13T10:42:34.196+0000] {dagbag.py:588} INFO - Filling up the DagBag from /opt/bitnami/airflow/venv/lib/python3.12/site-packages/airflow/example_dags/example_branch_operator.py
[2024-12-13T10:42:34.216+0000] {processor.py:925} INFO - DAG(s) 'example_branch_operator' retrieved from /opt/bitnami/airflow/venv/lib/python3.12/site-packages/airflow/example_dags/example_branch_operator.py
[2024-12-13T10:42:34.383+0000] {logging_mixin.py:190} INFO - [2024-12-13T10:42:34.382+0000] {override.py:1900} INFO - Created Permission View: can read on DAG:example_branch_operator
[2024-12-13T10:42:34.396+0000] {logging_mixin.py:190} INFO - [2024-12-13T10:42:34.396+0000] {override.py:1900} INFO - Created Permission View: can delete on DAG:example_branch_operator
[2024-12-13T10:42:34.405+0000] {logging_mixin.py:190} INFO - [2024-12-13T10:42:34.405+0000] {override.py:1900} INFO - Created Permission View: can edit on DAG:example_branch_operator
[2024-12-13T10:42:34.420+0000] {logging_mixin.py:190} INFO - [2024-12-13T10:42:34.420+0000] {override.py:1900} INFO - Created Permission View: can delete on DAG Run:example_branch_operator
[2024-12-13T10:42:34.431+0000] {logging_mixin.py:190} INFO - [2024-12-13T10:42:34.430+0000] {override.py:1900} INFO - Created Permission View: can read on DAG Run:example_branch_operator
[2024-12-13T10:42:34.438+0000] {logging_mixin.py:190} INFO - [2024-12-13T10:42:34.438+0000] {override.py:1900} INFO - Created Permission View: can create on DAG Run:example_branch_operator
[2024-12-13T10:42:34.447+0000] {logging_mixin.py:190} INFO - [2024-12-13T10:42:34.446+0000] {override.py:1900} INFO - Created Permission View: menu access on DAG Run:example_branch_operator
[2024-12-13T10:42:34.448+0000] {logging_mixin.py:190} INFO - [2024-12-13T10:42:34.448+0000] {dag.py:3239} INFO - Sync 1 DAGs
[2024-12-13T10:42:34.480+0000] {logging_mixin.py:190} INFO - [2024-12-13T10:42:34.480+0000] {dag.py:3262} INFO - Creating ORM DAG for example_branch_operator
[2024-12-13T10:42:34.497+0000] {logging_mixin.py:190} INFO - [2024-12-13T10:42:34.497+0000] {dag.py:4180} INFO - Setting next_dagrun for example_branch_operator to 2024-12-12 00:00:00+00:00, run_after=2024-12-13 00:00:00+00:00
[2024-12-13T10:42:34.538+0000] {processor.py:208} INFO - Processing /opt/bitnami/airflow/venv/lib/python3.12/site-packages/airflow/example_dags/example_branch_operator.py took 0.353 seconds
[2024-12-13T10:43:05.015+0000] {processor.py:186} INFO - Started process (PID=103) to work on /opt/bitnami/airflow/venv/lib/python3.12/site-packages/airflow/example_dags/example_branch_operator.py
[2024-12-13T10:43:05.016+0000] {processor.py:914} INFO - Processing file /opt/bitnami/airflow/venv/lib/python3.12/site-packages/airflow/example_dags/example_branch_operator.py for tasks to queue
[2024-12-13T10:43:05.018+0000] {logging_mixin.py:190} INFO - [2024-12-13T10:43:05.018+0000] {dagbag.py:588} INFO - Filling up the DagBag from /opt/bitnami/airflow/venv/lib/python3.12/site-packages/airflow/example_dags/example_branch_operator.py
[2024-12-13T10:43:05.032+0000] {processor.py:925} INFO - DAG(s) 'example_branch_operator' retrieved from /opt/bitnami/airflow/venv/lib/python3.12/site-packages/airflow/example_dags/example_branch_operator.py
[2024-12-13T10:43:05.093+0000] {logging_mixin.py:190} INFO - [2024-12-13T10:43:05.093+0000] {dag.py:3239} INFO - Sync 1 DAGs
[2024-12-13T10:43:05.125+0000] {logging_mixin.py:190} INFO - [2024-12-13T10:43:05.125+0000] {dag.py:4180} INFO - Setting next_dagrun for example_branch_operator to 2024-12-12 00:00:00+00:00, run_after=2024-12-13 00:00:00+00:00
[2024-12-13T10:43:05.147+0000] {processor.py:208} INFO - Processing /opt/bitnami/airflow/venv/lib/python3.12/site-packages/airflow/example_dags/example_branch_operator.py took 0.137 seconds
[2024-12-13T10:43:35.420+0000] {processor.py:186} INFO - Started process (PID=160) to work on /opt/bitnami/airflow/venv/lib/python3.12/site-packages/airflow/example_dags/example_branch_operator.py
[2024-12-13T10:43:35.422+0000] {processor.py:914} INFO - Processing file /opt/bitnami/airflow/venv/lib/python3.12/site-packages/airflow/example_dags/example_branch_operator.py for tasks to queue
[2024-12-13T10:43:35.426+0000] {logging_mixin.py:190} INFO - [2024-12-13T10:43:35.426+0000] {dagbag.py:588} INFO - Filling up the DagBag from /opt/bitnami/airflow/venv/lib/python3.12/site-packages/airflow/example_dags/example_branch_operator.py
[2024-12-13T10:43:35.445+0000] {processor.py:925} INFO - DAG(s) 'example_branch_operator' retrieved from /opt/bitnami/airflow/venv/lib/python3.12/site-packages/airflow/example_dags/example_branch_operator.py
[2024-12-13T10:43:35.562+0000] {logging_mixin.py:190} INFO - [2024-12-13T10:43:35.561+0000] {dag.py:3239} INFO - Sync 1 DAGs
[2024-12-13T10:43:35.627+0000] {logging_mixin.py:190} INFO - [2024-12-13T10:43:35.626+0000] {dag.py:4180} INFO - Setting next_dagrun for example_branch_operator to 2024-12-12 00:00:00+00:00, run_after=2024-12-13 00:00:00+00:00
[2024-12-13T10:43:35.675+0000] {processor.py:208} INFO - Processing /opt/bitnami/airflow/venv/lib/python3.12/site-packages/airflow/example_dags/example_branch_operator.py took 0.260 seconds
[2024-12-13T10:44:06.154+0000] {processor.py:186} INFO - Started process (PID=217) to work on /opt/bitnami/airflow/venv/lib/python3.12/site-packages/airflow/example_dags/example_branch_operator.py
[2024-12-13T10:44:06.155+0000] {processor.py:914} INFO - Processing file /opt/bitnami/airflow/venv/lib/python3.12/site-packages/airflow/example_dags/example_branch_operator.py for tasks to queue
[2024-12-13T10:44:06.158+0000] {logging_mixin.py:190} INFO - [2024-12-13T10:44:06.157+0000] {dagbag.py:588} INFO - Filling up the DagBag from /opt/bitnami/airflow/venv/lib/python3.12/site-packages/airflow/example_dags/example_branch_operator.py
[2024-12-13T10:44:06.174+0000] {processor.py:925} INFO - DAG(s) 'example_branch_operator' retrieved from /opt/bitnami/airflow/venv/lib/python3.12/site-packages/airflow/example_dags/example_branch_operator.py
[2024-12-13T10:44:06.368+0000] {logging_mixin.py:190} INFO - [2024-12-13T10:44:06.367+0000] {dag.py:3239} INFO - Sync 1 DAGs
[2024-12-13T10:44:06.438+0000] {logging_mixin.py:190} INFO - [2024-12-13T10:44:06.438+0000] {dag.py:4180} INFO - Setting next_dagrun for example_branch_operator to 2024-12-12 00:00:00+00:00, run_after=2024-12-13 00:00:00+00:00
[2024-12-13T10:44:06.494+0000] {processor.py:208} INFO - Processing /opt/bitnami/airflow/venv/lib/python3.12/site-packages/airflow/example_dags/example_branch_operator.py took 0.349 seconds
[2024-12-13T10:44:36.557+0000] {processor.py:186} INFO - Started process (PID=274) to work on /opt/bitnami/airflow/venv/lib/python3.12/site-packages/airflow/example_dags/example_branch_operator.py
[2024-12-13T10:44:36.558+0000] {processor.py:914} INFO - Processing file /opt/bitnami/airflow/venv/lib/python3.12/site-packages/airflow/example_dags/example_branch_operator.py for tasks to queue
[2024-12-13T10:44:36.560+0000] {logging_mixin.py:190} INFO - [2024-12-13T10:44:36.560+0000] {dagbag.py:588} INFO - Filling up the DagBag from /opt/bitnami/airflow/venv/lib/python3.12/site-packages/airflow/example_dags/example_branch_operator.py
[2024-12-13T10:44:36.573+0000] {processor.py:925} INFO - DAG(s) 'example_branch_operator' retrieved from /opt/bitnami/airflow/venv/lib/python3.12/site-packages/airflow/example_dags/example_branch_operator.py
[2024-12-13T10:44:36.615+0000] {logging_mixin.py:190} INFO - [2024-12-13T10:44:36.615+0000] {dag.py:3239} INFO - Sync 1 DAGs
[2024-12-13T10:44:36.660+0000] {logging_mixin.py:190} INFO - [2024-12-13T10:44:36.659+0000] {dag.py:4180} INFO - Setting next_dagrun for example_branch_operator to 2024-12-12 00:00:00+00:00, run_after=2024-12-13 00:00:00+00:00
[2024-12-13T10:44:36.691+0000] {processor.py:208} INFO - Processing /opt/bitnami/airflow/venv/lib/python3.12/site-packages/airflow/example_dags/example_branch_operator.py took 0.138 seconds
[2024-12-13T10:52:07.951+0000] {processor.py:186} INFO - Started process (PID=46) to work on /opt/bitnami/airflow/venv/lib/python3.12/site-packages/airflow/example_dags/example_branch_operator.py
[2024-12-13T10:52:07.952+0000] {processor.py:914} INFO - Processing file /opt/bitnami/airflow/venv/lib/python3.12/site-packages/airflow/example_dags/example_branch_operator.py for tasks to queue
[2024-12-13T10:52:07.954+0000] {logging_mixin.py:190} INFO - [2024-12-13T10:52:07.954+0000] {dagbag.py:588} INFO - Filling up the DagBag from /opt/bitnami/airflow/venv/lib/python3.12/site-packages/airflow/example_dags/example_branch_operator.py
[2024-12-13T10:52:07.971+0000] {processor.py:925} INFO - DAG(s) 'example_branch_operator' retrieved from /opt/bitnami/airflow/venv/lib/python3.12/site-packages/airflow/example_dags/example_branch_operator.py
[2024-12-13T10:52:08.081+0000] {logging_mixin.py:190} INFO - [2024-12-13T10:52:08.080+0000] {override.py:1900} INFO - Created Permission View: can read on DAG:example_branch_operator
[2024-12-13T10:52:08.093+0000] {logging_mixin.py:190} INFO - [2024-12-13T10:52:08.093+0000] {override.py:1900} INFO - Created Permission View: can delete on DAG:example_branch_operator
[2024-12-13T10:52:08.100+0000] {logging_mixin.py:190} INFO - [2024-12-13T10:52:08.100+0000] {override.py:1900} INFO - Created Permission View: can edit on DAG:example_branch_operator
[2024-12-13T10:52:08.110+0000] {logging_mixin.py:190} INFO - [2024-12-13T10:52:08.110+0000] {override.py:1900} INFO - Created Permission View: menu access on DAG Run:example_branch_operator
[2024-12-13T10:52:08.117+0000] {logging_mixin.py:190} INFO - [2024-12-13T10:52:08.117+0000] {override.py:1900} INFO - Created Permission View: can read on DAG Run:example_branch_operator
[2024-12-13T10:52:08.126+0000] {logging_mixin.py:190} INFO - [2024-12-13T10:52:08.125+0000] {override.py:1900} INFO - Created Permission View: can delete on DAG Run:example_branch_operator
[2024-12-13T10:52:08.133+0000] {logging_mixin.py:190} INFO - [2024-12-13T10:52:08.132+0000] {override.py:1900} INFO - Created Permission View: can create on DAG Run:example_branch_operator
[2024-12-13T10:52:08.133+0000] {logging_mixin.py:190} INFO - [2024-12-13T10:52:08.133+0000] {dag.py:3239} INFO - Sync 1 DAGs
[2024-12-13T10:52:08.151+0000] {logging_mixin.py:190} INFO - [2024-12-13T10:52:08.150+0000] {dag.py:3262} INFO - Creating ORM DAG for example_branch_operator
[2024-12-13T10:52:08.165+0000] {logging_mixin.py:190} INFO - [2024-12-13T10:52:08.164+0000] {dag.py:4180} INFO - Setting next_dagrun for example_branch_operator to 2024-12-12 00:00:00+00:00, run_after=2024-12-13 00:00:00+00:00
[2024-12-13T10:52:08.188+0000] {processor.py:208} INFO - Processing /opt/bitnami/airflow/venv/lib/python3.12/site-packages/airflow/example_dags/example_branch_operator.py took 0.244 seconds
[2024-12-13T10:52:38.869+0000] {processor.py:186} INFO - Started process (PID=103) to work on /opt/bitnami/airflow/venv/lib/python3.12/site-packages/airflow/example_dags/example_branch_operator.py
[2024-12-13T10:52:38.870+0000] {processor.py:914} INFO - Processing file /opt/bitnami/airflow/venv/lib/python3.12/site-packages/airflow/example_dags/example_branch_operator.py for tasks to queue
[2024-12-13T10:52:38.872+0000] {logging_mixin.py:190} INFO - [2024-12-13T10:52:38.872+0000] {dagbag.py:588} INFO - Filling up the DagBag from /opt/bitnami/airflow/venv/lib/python3.12/site-packages/airflow/example_dags/example_branch_operator.py
[2024-12-13T10:52:38.888+0000] {processor.py:925} INFO - DAG(s) 'example_branch_operator' retrieved from /opt/bitnami/airflow/venv/lib/python3.12/site-packages/airflow/example_dags/example_branch_operator.py
[2024-12-13T10:52:38.926+0000] {logging_mixin.py:190} INFO - [2024-12-13T10:52:38.926+0000] {dag.py:3239} INFO - Sync 1 DAGs
[2024-12-13T10:52:38.970+0000] {logging_mixin.py:190} INFO - [2024-12-13T10:52:38.970+0000] {dag.py:4180} INFO - Setting next_dagrun for example_branch_operator to 2024-12-12 00:00:00+00:00, run_after=2024-12-13 00:00:00+00:00
[2024-12-13T10:52:39.008+0000] {processor.py:208} INFO - Processing /opt/bitnami/airflow/venv/lib/python3.12/site-packages/airflow/example_dags/example_branch_operator.py took 0.144 seconds
[2024-12-13T10:53:09.985+0000] {processor.py:186} INFO - Started process (PID=160) to work on /opt/bitnami/airflow/venv/lib/python3.12/site-packages/airflow/example_dags/example_branch_operator.py
[2024-12-13T10:53:09.987+0000] {processor.py:914} INFO - Processing file /opt/bitnami/airflow/venv/lib/python3.12/site-packages/airflow/example_dags/example_branch_operator.py for tasks to queue
[2024-12-13T10:53:09.992+0000] {logging_mixin.py:190} INFO - [2024-12-13T10:53:09.991+0000] {dagbag.py:588} INFO - Filling up the DagBag from /opt/bitnami/airflow/venv/lib/python3.12/site-packages/airflow/example_dags/example_branch_operator.py
[2024-12-13T10:53:10.013+0000] {processor.py:925} INFO - DAG(s) 'example_branch_operator' retrieved from /opt/bitnami/airflow/venv/lib/python3.12/site-packages/airflow/example_dags/example_branch_operator.py
[2024-12-13T10:53:10.169+0000] {logging_mixin.py:190} INFO - [2024-12-13T10:53:10.169+0000] {dag.py:3239} INFO - Sync 1 DAGs
[2024-12-13T10:53:10.223+0000] {logging_mixin.py:190} INFO - [2024-12-13T10:53:10.223+0000] {dag.py:4180} INFO - Setting next_dagrun for example_branch_operator to 2024-12-12 00:00:00+00:00, run_after=2024-12-13 00:00:00+00:00
[2024-12-13T10:53:10.280+0000] {processor.py:208} INFO - Processing /opt/bitnami/airflow/venv/lib/python3.12/site-packages/airflow/example_dags/example_branch_operator.py took 0.302 seconds
[2024-12-13T10:53:40.313+0000] {processor.py:186} INFO - Started process (PID=217) to work on /opt/bitnami/airflow/venv/lib/python3.12/site-packages/airflow/example_dags/example_branch_operator.py
[2024-12-13T10:53:40.314+0000] {processor.py:914} INFO - Processing file /opt/bitnami/airflow/venv/lib/python3.12/site-packages/airflow/example_dags/example_branch_operator.py for tasks to queue
[2024-12-13T10:53:40.316+0000] {logging_mixin.py:190} INFO - [2024-12-13T10:53:40.316+0000] {dagbag.py:588} INFO - Filling up the DagBag from /opt/bitnami/airflow/venv/lib/python3.12/site-packages/airflow/example_dags/example_branch_operator.py
[2024-12-13T10:53:40.330+0000] {processor.py:925} INFO - DAG(s) 'example_branch_operator' retrieved from /opt/bitnami/airflow/venv/lib/python3.12/site-packages/airflow/example_dags/example_branch_operator.py
[2024-12-13T10:53:40.400+0000] {logging_mixin.py:190} INFO - [2024-12-13T10:53:40.400+0000] {dag.py:3239} INFO - Sync 1 DAGs
[2024-12-13T10:53:40.437+0000] {logging_mixin.py:190} INFO - [2024-12-13T10:53:40.437+0000] {dag.py:4180} INFO - Setting next_dagrun for example_branch_operator to 2024-12-12 00:00:00+00:00, run_after=2024-12-13 00:00:00+00:00
[2024-12-13T10:53:40.467+0000] {processor.py:208} INFO - Processing /opt/bitnami/airflow/venv/lib/python3.12/site-packages/airflow/example_dags/example_branch_operator.py took 0.159 seconds
[2024-12-13T10:54:11.590+0000] {processor.py:186} INFO - Started process (PID=274) to work on /opt/bitnami/airflow/venv/lib/python3.12/site-packages/airflow/example_dags/example_branch_operator.py
[2024-12-13T10:54:11.591+0000] {processor.py:914} INFO - Processing file /opt/bitnami/airflow/venv/lib/python3.12/site-packages/airflow/example_dags/example_branch_operator.py for tasks to queue
[2024-12-13T10:54:11.593+0000] {logging_mixin.py:190} INFO - [2024-12-13T10:54:11.593+0000] {dagbag.py:588} INFO - Filling up the DagBag from /opt/bitnami/airflow/venv/lib/python3.12/site-packages/airflow/example_dags/example_branch_operator.py
[2024-12-13T10:54:11.606+0000] {processor.py:925} INFO - DAG(s) 'example_branch_operator' retrieved from /opt/bitnami/airflow/venv/lib/python3.12/site-packages/airflow/example_dags/example_branch_operator.py
[2024-12-13T10:54:11.695+0000] {logging_mixin.py:190} INFO - [2024-12-13T10:54:11.694+0000] {dag.py:3239} INFO - Sync 1 DAGs
[2024-12-13T10:54:11.753+0000] {logging_mixin.py:190} INFO - [2024-12-13T10:54:11.752+0000] {dag.py:4180} INFO - Setting next_dagrun for example_branch_operator to 2024-12-12 00:00:00+00:00, run_after=2024-12-13 00:00:00+00:00
[2024-12-13T10:54:11.787+0000] {processor.py:208} INFO - Processing /opt/bitnami/airflow/venv/lib/python3.12/site-packages/airflow/example_dags/example_branch_operator.py took 0.201 seconds
[2024-12-13T10:54:41.949+0000] {processor.py:186} INFO - Started process (PID=331) to work on /opt/bitnami/airflow/venv/lib/python3.12/site-packages/airflow/example_dags/example_branch_operator.py
[2024-12-13T10:54:41.950+0000] {processor.py:914} INFO - Processing file /opt/bitnami/airflow/venv/lib/python3.12/site-packages/airflow/example_dags/example_branch_operator.py for tasks to queue
[2024-12-13T10:54:41.953+0000] {logging_mixin.py:190} INFO - [2024-12-13T10:54:41.952+0000] {dagbag.py:588} INFO - Filling up the DagBag from /opt/bitnami/airflow/venv/lib/python3.12/site-packages/airflow/example_dags/example_branch_operator.py
[2024-12-13T10:54:41.967+0000] {processor.py:925} INFO - DAG(s) 'example_branch_operator' retrieved from /opt/bitnami/airflow/venv/lib/python3.12/site-packages/airflow/example_dags/example_branch_operator.py
[2024-12-13T10:54:42.028+0000] {logging_mixin.py:190} INFO - [2024-12-13T10:54:42.027+0000] {dag.py:3239} INFO - Sync 1 DAGs
[2024-12-13T10:54:42.071+0000] {logging_mixin.py:190} INFO - [2024-12-13T10:54:42.071+0000] {dag.py:4180} INFO - Setting next_dagrun for example_branch_operator to 2024-12-12 00:00:00+00:00, run_after=2024-12-13 00:00:00+00:00
[2024-12-13T10:54:42.101+0000] {processor.py:208} INFO - Processing /opt/bitnami/airflow/venv/lib/python3.12/site-packages/airflow/example_dags/example_branch_operator.py took 0.156 seconds
[2024-12-13T10:55:12.722+0000] {processor.py:186} INFO - Started process (PID=388) to work on /opt/bitnami/airflow/venv/lib/python3.12/site-packages/airflow/example_dags/example_branch_operator.py
[2024-12-13T10:55:12.723+0000] {processor.py:914} INFO - Processing file /opt/bitnami/airflow/venv/lib/python3.12/site-packages/airflow/example_dags/example_branch_operator.py for tasks to queue
[2024-12-13T10:55:12.726+0000] {logging_mixin.py:190} INFO - [2024-12-13T10:55:12.726+0000] {dagbag.py:588} INFO - Filling up the DagBag from /opt/bitnami/airflow/venv/lib/python3.12/site-packages/airflow/example_dags/example_branch_operator.py
[2024-12-13T10:55:12.740+0000] {processor.py:925} INFO - DAG(s) 'example_branch_operator' retrieved from /opt/bitnami/airflow/venv/lib/python3.12/site-packages/airflow/example_dags/example_branch_operator.py
[2024-12-13T10:55:12.810+0000] {logging_mixin.py:190} INFO - [2024-12-13T10:55:12.810+0000] {dag.py:3239} INFO - Sync 1 DAGs
[2024-12-13T10:55:12.859+0000] {logging_mixin.py:190} INFO - [2024-12-13T10:55:12.858+0000] {dag.py:4180} INFO - Setting next_dagrun for example_branch_operator to 2024-12-12 00:00:00+00:00, run_after=2024-12-13 00:00:00+00:00
[2024-12-13T10:55:12.891+0000] {processor.py:208} INFO - Processing /opt/bitnami/airflow/venv/lib/python3.12/site-packages/airflow/example_dags/example_branch_operator.py took 0.174 seconds
[2024-12-13T10:55:43.753+0000] {processor.py:186} INFO - Started process (PID=445) to work on /opt/bitnami/airflow/venv/lib/python3.12/site-packages/airflow/example_dags/example_branch_operator.py
[2024-12-13T10:55:43.755+0000] {processor.py:914} INFO - Processing file /opt/bitnami/airflow/venv/lib/python3.12/site-packages/airflow/example_dags/example_branch_operator.py for tasks to queue
[2024-12-13T10:55:43.758+0000] {logging_mixin.py:190} INFO - [2024-12-13T10:55:43.757+0000] {dagbag.py:588} INFO - Filling up the DagBag from /opt/bitnami/airflow/venv/lib/python3.12/site-packages/airflow/example_dags/example_branch_operator.py
[2024-12-13T10:55:43.771+0000] {processor.py:925} INFO - DAG(s) 'example_branch_operator' retrieved from /opt/bitnami/airflow/venv/lib/python3.12/site-packages/airflow/example_dags/example_branch_operator.py
[2024-12-13T10:55:43.822+0000] {logging_mixin.py:190} INFO - [2024-12-13T10:55:43.822+0000] {dag.py:3239} INFO - Sync 1 DAGs
[2024-12-13T10:55:43.858+0000] {logging_mixin.py:190} INFO - [2024-12-13T10:55:43.858+0000] {dag.py:4180} INFO - Setting next_dagrun for example_branch_operator to 2024-12-12 00:00:00+00:00, run_after=2024-12-13 00:00:00+00:00
[2024-12-13T10:55:43.877+0000] {processor.py:208} INFO - Processing /opt/bitnami/airflow/venv/lib/python3.12/site-packages/airflow/example_dags/example_branch_operator.py took 0.128 seconds
[2024-12-13T10:56:14.067+0000] {processor.py:186} INFO - Started process (PID=502) to work on /opt/bitnami/airflow/venv/lib/python3.12/site-packages/airflow/example_dags/example_branch_operator.py
[2024-12-13T10:56:14.068+0000] {processor.py:914} INFO - Processing file /opt/bitnami/airflow/venv/lib/python3.12/site-packages/airflow/example_dags/example_branch_operator.py for tasks to queue
[2024-12-13T10:56:14.070+0000] {logging_mixin.py:190} INFO - [2024-12-13T10:56:14.070+0000] {dagbag.py:588} INFO - Filling up the DagBag from /opt/bitnami/airflow/venv/lib/python3.12/site-packages/airflow/example_dags/example_branch_operator.py
[2024-12-13T10:56:14.083+0000] {processor.py:925} INFO - DAG(s) 'example_branch_operator' retrieved from /opt/bitnami/airflow/venv/lib/python3.12/site-packages/airflow/example_dags/example_branch_operator.py
[2024-12-13T10:56:14.142+0000] {logging_mixin.py:190} INFO - [2024-12-13T10:56:14.141+0000] {dag.py:3239} INFO - Sync 1 DAGs
[2024-12-13T10:56:14.194+0000] {logging_mixin.py:190} INFO - [2024-12-13T10:56:14.193+0000] {dag.py:4180} INFO - Setting next_dagrun for example_branch_operator to 2024-12-12 00:00:00+00:00, run_after=2024-12-13 00:00:00+00:00
[2024-12-13T10:56:14.240+0000] {processor.py:208} INFO - Processing /opt/bitnami/airflow/venv/lib/python3.12/site-packages/airflow/example_dags/example_branch_operator.py took 0.177 seconds
[2024-12-13T10:56:44.439+0000] {processor.py:186} INFO - Started process (PID=559) to work on /opt/bitnami/airflow/venv/lib/python3.12/site-packages/airflow/example_dags/example_branch_operator.py
[2024-12-13T10:56:44.441+0000] {processor.py:914} INFO - Processing file /opt/bitnami/airflow/venv/lib/python3.12/site-packages/airflow/example_dags/example_branch_operator.py for tasks to queue
[2024-12-13T10:56:44.444+0000] {logging_mixin.py:190} INFO - [2024-12-13T10:56:44.443+0000] {dagbag.py:588} INFO - Filling up the DagBag from /opt/bitnami/airflow/venv/lib/python3.12/site-packages/airflow/example_dags/example_branch_operator.py
[2024-12-13T10:56:44.459+0000] {processor.py:925} INFO - DAG(s) 'example_branch_operator' retrieved from /opt/bitnami/airflow/venv/lib/python3.12/site-packages/airflow/example_dags/example_branch_operator.py
[2024-12-13T10:56:44.556+0000] {logging_mixin.py:190} INFO - [2024-12-13T10:56:44.555+0000] {dag.py:3239} INFO - Sync 1 DAGs
[2024-12-13T10:56:44.602+0000] {logging_mixin.py:190} INFO - [2024-12-13T10:56:44.602+0000] {dag.py:4180} INFO - Setting next_dagrun for example_branch_operator to 2024-12-12 00:00:00+00:00, run_after=2024-12-13 00:00:00+00:00
[2024-12-13T10:56:44.636+0000] {processor.py:208} INFO - Processing /opt/bitnami/airflow/venv/lib/python3.12/site-packages/airflow/example_dags/example_branch_operator.py took 0.207 seconds
[2024-12-13T10:57:15.235+0000] {processor.py:186} INFO - Started process (PID=616) to work on /opt/bitnami/airflow/venv/lib/python3.12/site-packages/airflow/example_dags/example_branch_operator.py
[2024-12-13T10:57:15.236+0000] {processor.py:914} INFO - Processing file /opt/bitnami/airflow/venv/lib/python3.12/site-packages/airflow/example_dags/example_branch_operator.py for tasks to queue
[2024-12-13T10:57:15.238+0000] {logging_mixin.py:190} INFO - [2024-12-13T10:57:15.237+0000] {dagbag.py:588} INFO - Filling up the DagBag from /opt/bitnami/airflow/venv/lib/python3.12/site-packages/airflow/example_dags/example_branch_operator.py
[2024-12-13T10:57:15.251+0000] {processor.py:925} INFO - DAG(s) 'example_branch_operator' retrieved from /opt/bitnami/airflow/venv/lib/python3.12/site-packages/airflow/example_dags/example_branch_operator.py
[2024-12-13T10:57:15.290+0000] {logging_mixin.py:190} INFO - [2024-12-13T10:57:15.290+0000] {dag.py:3239} INFO - Sync 1 DAGs
[2024-12-13T10:57:15.320+0000] {logging_mixin.py:190} INFO - [2024-12-13T10:57:15.320+0000] {dag.py:4180} INFO - Setting next_dagrun for example_branch_operator to 2024-12-12 00:00:00+00:00, run_after=2024-12-13 00:00:00+00:00
[2024-12-13T10:57:15.354+0000] {processor.py:208} INFO - Processing /opt/bitnami/airflow/venv/lib/python3.12/site-packages/airflow/example_dags/example_branch_operator.py took 0.123 seconds
[2024-12-13T10:57:45.649+0000] {processor.py:186} INFO - Started process (PID=673) to work on /opt/bitnami/airflow/venv/lib/python3.12/site-packages/airflow/example_dags/example_branch_operator.py
[2024-12-13T10:57:45.650+0000] {processor.py:914} INFO - Processing file /opt/bitnami/airflow/venv/lib/python3.12/site-packages/airflow/example_dags/example_branch_operator.py for tasks to queue
[2024-12-13T10:57:45.652+0000] {logging_mixin.py:190} INFO - [2024-12-13T10:57:45.652+0000] {dagbag.py:588} INFO - Filling up the DagBag from /opt/bitnami/airflow/venv/lib/python3.12/site-packages/airflow/example_dags/example_branch_operator.py
[2024-12-13T10:57:45.665+0000] {processor.py:925} INFO - DAG(s) 'example_branch_operator' retrieved from /opt/bitnami/airflow/venv/lib/python3.12/site-packages/airflow/example_dags/example_branch_operator.py
[2024-12-13T10:57:45.708+0000] {logging_mixin.py:190} INFO - [2024-12-13T10:57:45.707+0000] {dag.py:3239} INFO - Sync 1 DAGs
[2024-12-13T10:57:45.743+0000] {logging_mixin.py:190} INFO - [2024-12-13T10:57:45.743+0000] {dag.py:4180} INFO - Setting next_dagrun for example_branch_operator to 2024-12-12 00:00:00+00:00, run_after=2024-12-13 00:00:00+00:00
[2024-12-13T10:57:45.765+0000] {processor.py:208} INFO - Processing /opt/bitnami/airflow/venv/lib/python3.12/site-packages/airflow/example_dags/example_branch_operator.py took 0.121 seconds
[2024-12-13T10:58:16.812+0000] {processor.py:186} INFO - Started process (PID=730) to work on /opt/bitnami/airflow/venv/lib/python3.12/site-packages/airflow/example_dags/example_branch_operator.py
[2024-12-13T10:58:16.813+0000] {processor.py:914} INFO - Processing file /opt/bitnami/airflow/venv/lib/python3.12/site-packages/airflow/example_dags/example_branch_operator.py for tasks to queue
[2024-12-13T10:58:16.816+0000] {logging_mixin.py:190} INFO - [2024-12-13T10:58:16.815+0000] {dagbag.py:588} INFO - Filling up the DagBag from /opt/bitnami/airflow/venv/lib/python3.12/site-packages/airflow/example_dags/example_branch_operator.py
[2024-12-13T10:58:16.830+0000] {processor.py:925} INFO - DAG(s) 'example_branch_operator' retrieved from /opt/bitnami/airflow/venv/lib/python3.12/site-packages/airflow/example_dags/example_branch_operator.py
[2024-12-13T10:58:16.903+0000] {logging_mixin.py:190} INFO - [2024-12-13T10:58:16.903+0000] {dag.py:3239} INFO - Sync 1 DAGs
[2024-12-13T10:58:16.957+0000] {logging_mixin.py:190} INFO - [2024-12-13T10:58:16.956+0000] {dag.py:4180} INFO - Setting next_dagrun for example_branch_operator to 2024-12-12 00:00:00+00:00, run_after=2024-12-13 00:00:00+00:00
[2024-12-13T10:58:16.994+0000] {processor.py:208} INFO - Processing /opt/bitnami/airflow/venv/lib/python3.12/site-packages/airflow/example_dags/example_branch_operator.py took 0.187 seconds
[2024-12-13T10:58:48.109+0000] {processor.py:186} INFO - Started process (PID=787) to work on /opt/bitnami/airflow/venv/lib/python3.12/site-packages/airflow/example_dags/example_branch_operator.py
[2024-12-13T10:58:48.110+0000] {processor.py:914} INFO - Processing file /opt/bitnami/airflow/venv/lib/python3.12/site-packages/airflow/example_dags/example_branch_operator.py for tasks to queue
[2024-12-13T10:58:48.114+0000] {logging_mixin.py:190} INFO - [2024-12-13T10:58:48.114+0000] {dagbag.py:588} INFO - Filling up the DagBag from /opt/bitnami/airflow/venv/lib/python3.12/site-packages/airflow/example_dags/example_branch_operator.py
[2024-12-13T10:58:48.138+0000] {processor.py:925} INFO - DAG(s) 'example_branch_operator' retrieved from /opt/bitnami/airflow/venv/lib/python3.12/site-packages/airflow/example_dags/example_branch_operator.py
[2024-12-13T10:58:48.206+0000] {logging_mixin.py:190} INFO - [2024-12-13T10:58:48.206+0000] {dag.py:3239} INFO - Sync 1 DAGs
[2024-12-13T10:58:48.267+0000] {logging_mixin.py:190} INFO - [2024-12-13T10:58:48.267+0000] {dag.py:4180} INFO - Setting next_dagrun for example_branch_operator to 2024-12-12 00:00:00+00:00, run_after=2024-12-13 00:00:00+00:00
[2024-12-13T10:58:48.313+0000] {processor.py:208} INFO - Processing /opt/bitnami/airflow/venv/lib/python3.12/site-packages/airflow/example_dags/example_branch_operator.py took 0.209 seconds
[2024-12-13T11:07:28.761+0000] {processor.py:186} INFO - Started process (PID=46) to work on /opt/bitnami/airflow/venv/lib/python3.12/site-packages/airflow/example_dags/example_branch_operator.py
[2024-12-13T11:07:28.762+0000] {processor.py:914} INFO - Processing file /opt/bitnami/airflow/venv/lib/python3.12/site-packages/airflow/example_dags/example_branch_operator.py for tasks to queue
[2024-12-13T11:07:28.765+0000] {logging_mixin.py:190} INFO - [2024-12-13T11:07:28.764+0000] {dagbag.py:588} INFO - Filling up the DagBag from /opt/bitnami/airflow/venv/lib/python3.12/site-packages/airflow/example_dags/example_branch_operator.py
[2024-12-13T11:07:28.781+0000] {processor.py:925} INFO - DAG(s) 'example_branch_operator' retrieved from /opt/bitnami/airflow/venv/lib/python3.12/site-packages/airflow/example_dags/example_branch_operator.py
[2024-12-13T11:07:28.902+0000] {logging_mixin.py:190} INFO - [2024-12-13T11:07:28.901+0000] {dag.py:3239} INFO - Sync 1 DAGs
[2024-12-13T11:07:28.938+0000] {logging_mixin.py:190} INFO - [2024-12-13T11:07:28.937+0000] {dag.py:4180} INFO - Setting next_dagrun for example_branch_operator to 2024-12-12 00:00:00+00:00, run_after=2024-12-13 00:00:00+00:00
[2024-12-13T11:07:28.965+0000] {processor.py:208} INFO - Processing /opt/bitnami/airflow/venv/lib/python3.12/site-packages/airflow/example_dags/example_branch_operator.py took 0.210 seconds
[2024-12-13T11:07:59.578+0000] {processor.py:186} INFO - Started process (PID=103) to work on /opt/bitnami/airflow/venv/lib/python3.12/site-packages/airflow/example_dags/example_branch_operator.py
[2024-12-13T11:07:59.580+0000] {processor.py:914} INFO - Processing file /opt/bitnami/airflow/venv/lib/python3.12/site-packages/airflow/example_dags/example_branch_operator.py for tasks to queue
[2024-12-13T11:07:59.582+0000] {logging_mixin.py:190} INFO - [2024-12-13T11:07:59.582+0000] {dagbag.py:588} INFO - Filling up the DagBag from /opt/bitnami/airflow/venv/lib/python3.12/site-packages/airflow/example_dags/example_branch_operator.py
[2024-12-13T11:07:59.595+0000] {processor.py:925} INFO - DAG(s) 'example_branch_operator' retrieved from /opt/bitnami/airflow/venv/lib/python3.12/site-packages/airflow/example_dags/example_branch_operator.py
[2024-12-13T11:07:59.646+0000] {logging_mixin.py:190} INFO - [2024-12-13T11:07:59.645+0000] {dag.py:3239} INFO - Sync 1 DAGs
[2024-12-13T11:07:59.682+0000] {logging_mixin.py:190} INFO - [2024-12-13T11:07:59.681+0000] {dag.py:4180} INFO - Setting next_dagrun for example_branch_operator to 2024-12-12 00:00:00+00:00, run_after=2024-12-13 00:00:00+00:00
[2024-12-13T11:07:59.707+0000] {processor.py:208} INFO - Processing /opt/bitnami/airflow/venv/lib/python3.12/site-packages/airflow/example_dags/example_branch_operator.py took 0.134 seconds
[2024-12-13T11:08:29.827+0000] {processor.py:186} INFO - Started process (PID=160) to work on /opt/bitnami/airflow/venv/lib/python3.12/site-packages/airflow/example_dags/example_branch_operator.py
[2024-12-13T11:08:29.829+0000] {processor.py:914} INFO - Processing file /opt/bitnami/airflow/venv/lib/python3.12/site-packages/airflow/example_dags/example_branch_operator.py for tasks to queue
[2024-12-13T11:08:29.831+0000] {logging_mixin.py:190} INFO - [2024-12-13T11:08:29.831+0000] {dagbag.py:588} INFO - Filling up the DagBag from /opt/bitnami/airflow/venv/lib/python3.12/site-packages/airflow/example_dags/example_branch_operator.py
[2024-12-13T11:08:29.845+0000] {processor.py:925} INFO - DAG(s) 'example_branch_operator' retrieved from /opt/bitnami/airflow/venv/lib/python3.12/site-packages/airflow/example_dags/example_branch_operator.py
[2024-12-13T11:08:29.954+0000] {logging_mixin.py:190} INFO - [2024-12-13T11:08:29.954+0000] {dag.py:3239} INFO - Sync 1 DAGs
[2024-12-13T11:08:29.993+0000] {logging_mixin.py:190} INFO - [2024-12-13T11:08:29.993+0000] {dag.py:4180} INFO - Setting next_dagrun for example_branch_operator to 2024-12-12 00:00:00+00:00, run_after=2024-12-13 00:00:00+00:00
[2024-12-13T11:08:30.034+0000] {processor.py:208} INFO - Processing /opt/bitnami/airflow/venv/lib/python3.12/site-packages/airflow/example_dags/example_branch_operator.py took 0.211 seconds
[2024-12-13T11:09:00.552+0000] {processor.py:186} INFO - Started process (PID=217) to work on /opt/bitnami/airflow/venv/lib/python3.12/site-packages/airflow/example_dags/example_branch_operator.py
[2024-12-13T11:09:00.554+0000] {processor.py:914} INFO - Processing file /opt/bitnami/airflow/venv/lib/python3.12/site-packages/airflow/example_dags/example_branch_operator.py for tasks to queue
[2024-12-13T11:09:00.557+0000] {logging_mixin.py:190} INFO - [2024-12-13T11:09:00.557+0000] {dagbag.py:588} INFO - Filling up the DagBag from /opt/bitnami/airflow/venv/lib/python3.12/site-packages/airflow/example_dags/example_branch_operator.py
[2024-12-13T11:09:00.584+0000] {processor.py:925} INFO - DAG(s) 'example_branch_operator' retrieved from /opt/bitnami/airflow/venv/lib/python3.12/site-packages/airflow/example_dags/example_branch_operator.py
[2024-12-13T11:09:00.669+0000] {logging_mixin.py:190} INFO - [2024-12-13T11:09:00.669+0000] {dag.py:3239} INFO - Sync 1 DAGs
[2024-12-13T11:09:00.731+0000] {logging_mixin.py:190} INFO - [2024-12-13T11:09:00.730+0000] {dag.py:4180} INFO - Setting next_dagrun for example_branch_operator to 2024-12-12 00:00:00+00:00, run_after=2024-12-13 00:00:00+00:00
[2024-12-13T11:09:00.771+0000] {processor.py:208} INFO - Processing /opt/bitnami/airflow/venv/lib/python3.12/site-packages/airflow/example_dags/example_branch_operator.py took 0.227 seconds
[2024-12-13T11:09:30.912+0000] {processor.py:186} INFO - Started process (PID=274) to work on /opt/bitnami/airflow/venv/lib/python3.12/site-packages/airflow/example_dags/example_branch_operator.py
[2024-12-13T11:09:30.913+0000] {processor.py:914} INFO - Processing file /opt/bitnami/airflow/venv/lib/python3.12/site-packages/airflow/example_dags/example_branch_operator.py for tasks to queue
[2024-12-13T11:09:30.915+0000] {logging_mixin.py:190} INFO - [2024-12-13T11:09:30.915+0000] {dagbag.py:588} INFO - Filling up the DagBag from /opt/bitnami/airflow/venv/lib/python3.12/site-packages/airflow/example_dags/example_branch_operator.py
[2024-12-13T11:09:30.927+0000] {processor.py:925} INFO - DAG(s) 'example_branch_operator' retrieved from /opt/bitnami/airflow/venv/lib/python3.12/site-packages/airflow/example_dags/example_branch_operator.py
[2024-12-13T11:09:30.961+0000] {logging_mixin.py:190} INFO - [2024-12-13T11:09:30.961+0000] {dag.py:3239} INFO - Sync 1 DAGs
[2024-12-13T11:09:31.003+0000] {logging_mixin.py:190} INFO - [2024-12-13T11:09:31.003+0000] {dag.py:4180} INFO - Setting next_dagrun for example_branch_operator to 2024-12-12 00:00:00+00:00, run_after=2024-12-13 00:00:00+00:00
[2024-12-13T11:09:31.035+0000] {processor.py:208} INFO - Processing /opt/bitnami/airflow/venv/lib/python3.12/site-packages/airflow/example_dags/example_branch_operator.py took 0.127 seconds
[2024-12-13T11:13:41.214+0000] {processor.py:186} INFO - Started process (PID=46) to work on /opt/bitnami/airflow/venv/lib/python3.12/site-packages/airflow/example_dags/example_branch_operator.py
[2024-12-13T11:13:41.215+0000] {processor.py:914} INFO - Processing file /opt/bitnami/airflow/venv/lib/python3.12/site-packages/airflow/example_dags/example_branch_operator.py for tasks to queue
[2024-12-13T11:13:41.217+0000] {logging_mixin.py:190} INFO - [2024-12-13T11:13:41.217+0000] {dagbag.py:588} INFO - Filling up the DagBag from /opt/bitnami/airflow/venv/lib/python3.12/site-packages/airflow/example_dags/example_branch_operator.py
[2024-12-13T11:13:41.239+0000] {processor.py:925} INFO - DAG(s) 'example_branch_operator' retrieved from /opt/bitnami/airflow/venv/lib/python3.12/site-packages/airflow/example_dags/example_branch_operator.py
[2024-12-13T11:13:41.370+0000] {logging_mixin.py:190} INFO - [2024-12-13T11:13:41.369+0000] {dag.py:3239} INFO - Sync 1 DAGs
[2024-12-13T11:13:41.406+0000] {logging_mixin.py:190} INFO - [2024-12-13T11:13:41.405+0000] {dag.py:4180} INFO - Setting next_dagrun for example_branch_operator to 2024-12-12 00:00:00+00:00, run_after=2024-12-13 00:00:00+00:00
[2024-12-13T11:13:41.450+0000] {processor.py:208} INFO - Processing /opt/bitnami/airflow/venv/lib/python3.12/site-packages/airflow/example_dags/example_branch_operator.py took 0.244 seconds
[2024-12-13T11:14:11.485+0000] {processor.py:186} INFO - Started process (PID=103) to work on /opt/bitnami/airflow/venv/lib/python3.12/site-packages/airflow/example_dags/example_branch_operator.py
[2024-12-13T11:14:11.486+0000] {processor.py:914} INFO - Processing file /opt/bitnami/airflow/venv/lib/python3.12/site-packages/airflow/example_dags/example_branch_operator.py for tasks to queue
[2024-12-13T11:14:11.488+0000] {logging_mixin.py:190} INFO - [2024-12-13T11:14:11.488+0000] {dagbag.py:588} INFO - Filling up the DagBag from /opt/bitnami/airflow/venv/lib/python3.12/site-packages/airflow/example_dags/example_branch_operator.py
[2024-12-13T11:14:11.501+0000] {processor.py:925} INFO - DAG(s) 'example_branch_operator' retrieved from /opt/bitnami/airflow/venv/lib/python3.12/site-packages/airflow/example_dags/example_branch_operator.py
[2024-12-13T11:14:11.557+0000] {logging_mixin.py:190} INFO - [2024-12-13T11:14:11.557+0000] {dag.py:3239} INFO - Sync 1 DAGs
[2024-12-13T11:14:11.593+0000] {logging_mixin.py:190} INFO - [2024-12-13T11:14:11.593+0000] {dag.py:4180} INFO - Setting next_dagrun for example_branch_operator to 2024-12-12 00:00:00+00:00, run_after=2024-12-13 00:00:00+00:00
[2024-12-13T11:14:11.616+0000] {processor.py:208} INFO - Processing /opt/bitnami/airflow/venv/lib/python3.12/site-packages/airflow/example_dags/example_branch_operator.py took 0.135 seconds
[2024-12-13T11:14:42.617+0000] {processor.py:186} INFO - Started process (PID=160) to work on /opt/bitnami/airflow/venv/lib/python3.12/site-packages/airflow/example_dags/example_branch_operator.py
[2024-12-13T11:14:42.618+0000] {processor.py:914} INFO - Processing file /opt/bitnami/airflow/venv/lib/python3.12/site-packages/airflow/example_dags/example_branch_operator.py for tasks to queue
[2024-12-13T11:14:42.621+0000] {logging_mixin.py:190} INFO - [2024-12-13T11:14:42.621+0000] {dagbag.py:588} INFO - Filling up the DagBag from /opt/bitnami/airflow/venv/lib/python3.12/site-packages/airflow/example_dags/example_branch_operator.py
[2024-12-13T11:14:42.646+0000] {processor.py:925} INFO - DAG(s) 'example_branch_operator' retrieved from /opt/bitnami/airflow/venv/lib/python3.12/site-packages/airflow/example_dags/example_branch_operator.py
[2024-12-13T11:14:42.800+0000] {logging_mixin.py:190} INFO - [2024-12-13T11:14:42.799+0000] {dag.py:3239} INFO - Sync 1 DAGs
[2024-12-13T11:14:42.848+0000] {logging_mixin.py:190} INFO - [2024-12-13T11:14:42.848+0000] {dag.py:4180} INFO - Setting next_dagrun for example_branch_operator to 2024-12-12 00:00:00+00:00, run_after=2024-12-13 00:00:00+00:00
[2024-12-13T11:14:42.903+0000] {processor.py:208} INFO - Processing /opt/bitnami/airflow/venv/lib/python3.12/site-packages/airflow/example_dags/example_branch_operator.py took 0.293 seconds
[2024-12-13T11:15:13.225+0000] {processor.py:186} INFO - Started process (PID=217) to work on /opt/bitnami/airflow/venv/lib/python3.12/site-packages/airflow/example_dags/example_branch_operator.py
[2024-12-13T11:15:13.226+0000] {processor.py:914} INFO - Processing file /opt/bitnami/airflow/venv/lib/python3.12/site-packages/airflow/example_dags/example_branch_operator.py for tasks to queue
[2024-12-13T11:15:13.231+0000] {logging_mixin.py:190} INFO - [2024-12-13T11:15:13.230+0000] {dagbag.py:588} INFO - Filling up the DagBag from /opt/bitnami/airflow/venv/lib/python3.12/site-packages/airflow/example_dags/example_branch_operator.py
[2024-12-13T11:15:13.249+0000] {processor.py:925} INFO - DAG(s) 'example_branch_operator' retrieved from /opt/bitnami/airflow/venv/lib/python3.12/site-packages/airflow/example_dags/example_branch_operator.py
[2024-12-13T11:15:13.368+0000] {logging_mixin.py:190} INFO - [2024-12-13T11:15:13.367+0000] {dag.py:3239} INFO - Sync 1 DAGs
[2024-12-13T11:15:13.435+0000] {logging_mixin.py:190} INFO - [2024-12-13T11:15:13.435+0000] {dag.py:4180} INFO - Setting next_dagrun for example_branch_operator to 2024-12-12 00:00:00+00:00, run_after=2024-12-13 00:00:00+00:00
[2024-12-13T11:15:13.481+0000] {processor.py:208} INFO - Processing /opt/bitnami/airflow/venv/lib/python3.12/site-packages/airflow/example_dags/example_branch_operator.py took 0.263 seconds
[2024-12-13T11:57:06.695+0000] {processor.py:186} INFO - Started process (PID=46) to work on /opt/bitnami/airflow/venv/lib/python3.12/site-packages/airflow/example_dags/example_branch_operator.py
[2024-12-13T11:57:06.696+0000] {processor.py:914} INFO - Processing file /opt/bitnami/airflow/venv/lib/python3.12/site-packages/airflow/example_dags/example_branch_operator.py for tasks to queue
[2024-12-13T11:57:06.698+0000] {logging_mixin.py:190} INFO - [2024-12-13T11:57:06.698+0000] {dagbag.py:588} INFO - Filling up the DagBag from /opt/bitnami/airflow/venv/lib/python3.12/site-packages/airflow/example_dags/example_branch_operator.py
[2024-12-13T11:57:06.716+0000] {processor.py:925} INFO - DAG(s) 'example_branch_operator' retrieved from /opt/bitnami/airflow/venv/lib/python3.12/site-packages/airflow/example_dags/example_branch_operator.py
[2024-12-13T11:57:06.825+0000] {logging_mixin.py:190} INFO - [2024-12-13T11:57:06.825+0000] {dag.py:3239} INFO - Sync 1 DAGs
[2024-12-13T11:57:06.866+0000] {logging_mixin.py:190} INFO - [2024-12-13T11:57:06.865+0000] {dag.py:4180} INFO - Setting next_dagrun for example_branch_operator to 2024-12-12 00:00:00+00:00, run_after=2024-12-13 00:00:00+00:00
[2024-12-13T11:57:06.894+0000] {processor.py:208} INFO - Processing /opt/bitnami/airflow/venv/lib/python3.12/site-packages/airflow/example_dags/example_branch_operator.py took 0.203 seconds
[2024-12-13T11:57:37.735+0000] {processor.py:186} INFO - Started process (PID=103) to work on /opt/bitnami/airflow/venv/lib/python3.12/site-packages/airflow/example_dags/example_branch_operator.py
[2024-12-13T11:57:37.736+0000] {processor.py:914} INFO - Processing file /opt/bitnami/airflow/venv/lib/python3.12/site-packages/airflow/example_dags/example_branch_operator.py for tasks to queue
[2024-12-13T11:57:37.739+0000] {logging_mixin.py:190} INFO - [2024-12-13T11:57:37.739+0000] {dagbag.py:588} INFO - Filling up the DagBag from /opt/bitnami/airflow/venv/lib/python3.12/site-packages/airflow/example_dags/example_branch_operator.py
[2024-12-13T11:57:37.755+0000] {processor.py:925} INFO - DAG(s) 'example_branch_operator' retrieved from /opt/bitnami/airflow/venv/lib/python3.12/site-packages/airflow/example_dags/example_branch_operator.py
[2024-12-13T11:57:37.804+0000] {logging_mixin.py:190} INFO - [2024-12-13T11:57:37.803+0000] {dag.py:3239} INFO - Sync 1 DAGs
[2024-12-13T11:57:37.840+0000] {logging_mixin.py:190} INFO - [2024-12-13T11:57:37.840+0000] {dag.py:4180} INFO - Setting next_dagrun for example_branch_operator to 2024-12-12 00:00:00+00:00, run_after=2024-12-13 00:00:00+00:00
[2024-12-13T11:57:37.869+0000] {processor.py:208} INFO - Processing /opt/bitnami/airflow/venv/lib/python3.12/site-packages/airflow/example_dags/example_branch_operator.py took 0.140 seconds
[2024-12-13T11:58:32.201+0000] {processor.py:186} INFO - Started process (PID=46) to work on /opt/bitnami/airflow/venv/lib/python3.12/site-packages/airflow/example_dags/example_branch_operator.py
[2024-12-13T11:58:32.202+0000] {processor.py:914} INFO - Processing file /opt/bitnami/airflow/venv/lib/python3.12/site-packages/airflow/example_dags/example_branch_operator.py for tasks to queue
[2024-12-13T11:58:32.204+0000] {logging_mixin.py:190} INFO - [2024-12-13T11:58:32.204+0000] {dagbag.py:588} INFO - Filling up the DagBag from /opt/bitnami/airflow/venv/lib/python3.12/site-packages/airflow/example_dags/example_branch_operator.py
[2024-12-13T11:58:32.220+0000] {processor.py:925} INFO - DAG(s) 'example_branch_operator' retrieved from /opt/bitnami/airflow/venv/lib/python3.12/site-packages/airflow/example_dags/example_branch_operator.py
[2024-12-13T11:58:32.311+0000] {logging_mixin.py:190} INFO - [2024-12-13T11:58:32.310+0000] {dag.py:3239} INFO - Sync 1 DAGs
[2024-12-13T11:58:32.339+0000] {logging_mixin.py:190} INFO - [2024-12-13T11:58:32.339+0000] {dag.py:4180} INFO - Setting next_dagrun for example_branch_operator to 2024-12-12 00:00:00+00:00, run_after=2024-12-13 00:00:00+00:00
[2024-12-13T11:58:32.361+0000] {processor.py:208} INFO - Processing /opt/bitnami/airflow/venv/lib/python3.12/site-packages/airflow/example_dags/example_branch_operator.py took 0.164 seconds
[2024-12-13T11:59:02.913+0000] {processor.py:186} INFO - Started process (PID=103) to work on /opt/bitnami/airflow/venv/lib/python3.12/site-packages/airflow/example_dags/example_branch_operator.py
[2024-12-13T11:59:02.915+0000] {processor.py:914} INFO - Processing file /opt/bitnami/airflow/venv/lib/python3.12/site-packages/airflow/example_dags/example_branch_operator.py for tasks to queue
[2024-12-13T11:59:02.917+0000] {logging_mixin.py:190} INFO - [2024-12-13T11:59:02.917+0000] {dagbag.py:588} INFO - Filling up the DagBag from /opt/bitnami/airflow/venv/lib/python3.12/site-packages/airflow/example_dags/example_branch_operator.py
[2024-12-13T11:59:02.933+0000] {processor.py:925} INFO - DAG(s) 'example_branch_operator' retrieved from /opt/bitnami/airflow/venv/lib/python3.12/site-packages/airflow/example_dags/example_branch_operator.py
[2024-12-13T11:59:02.980+0000] {logging_mixin.py:190} INFO - [2024-12-13T11:59:02.979+0000] {dag.py:3239} INFO - Sync 1 DAGs
[2024-12-13T11:59:03.010+0000] {logging_mixin.py:190} INFO - [2024-12-13T11:59:03.010+0000] {dag.py:4180} INFO - Setting next_dagrun for example_branch_operator to 2024-12-12 00:00:00+00:00, run_after=2024-12-13 00:00:00+00:00
[2024-12-13T11:59:03.036+0000] {processor.py:208} INFO - Processing /opt/bitnami/airflow/venv/lib/python3.12/site-packages/airflow/example_dags/example_branch_operator.py took 0.128 seconds
[2024-12-13T11:59:33.287+0000] {processor.py:186} INFO - Started process (PID=160) to work on /opt/bitnami/airflow/venv/lib/python3.12/site-packages/airflow/example_dags/example_branch_operator.py
[2024-12-13T11:59:33.288+0000] {processor.py:914} INFO - Processing file /opt/bitnami/airflow/venv/lib/python3.12/site-packages/airflow/example_dags/example_branch_operator.py for tasks to queue
[2024-12-13T11:59:33.290+0000] {logging_mixin.py:190} INFO - [2024-12-13T11:59:33.290+0000] {dagbag.py:588} INFO - Filling up the DagBag from /opt/bitnami/airflow/venv/lib/python3.12/site-packages/airflow/example_dags/example_branch_operator.py
[2024-12-13T11:59:33.304+0000] {processor.py:925} INFO - DAG(s) 'example_branch_operator' retrieved from /opt/bitnami/airflow/venv/lib/python3.12/site-packages/airflow/example_dags/example_branch_operator.py
[2024-12-13T11:59:33.384+0000] {logging_mixin.py:190} INFO - [2024-12-13T11:59:33.383+0000] {dag.py:3239} INFO - Sync 1 DAGs
[2024-12-13T11:59:33.411+0000] {logging_mixin.py:190} INFO - [2024-12-13T11:59:33.411+0000] {dag.py:4180} INFO - Setting next_dagrun for example_branch_operator to 2024-12-12 00:00:00+00:00, run_after=2024-12-13 00:00:00+00:00
[2024-12-13T11:59:33.435+0000] {processor.py:208} INFO - Processing /opt/bitnami/airflow/venv/lib/python3.12/site-packages/airflow/example_dags/example_branch_operator.py took 0.153 seconds
[2024-12-13T12:00:03.810+0000] {processor.py:186} INFO - Started process (PID=217) to work on /opt/bitnami/airflow/venv/lib/python3.12/site-packages/airflow/example_dags/example_branch_operator.py
[2024-12-13T12:00:03.811+0000] {processor.py:914} INFO - Processing file /opt/bitnami/airflow/venv/lib/python3.12/site-packages/airflow/example_dags/example_branch_operator.py for tasks to queue
[2024-12-13T12:00:03.813+0000] {logging_mixin.py:190} INFO - [2024-12-13T12:00:03.813+0000] {dagbag.py:588} INFO - Filling up the DagBag from /opt/bitnami/airflow/venv/lib/python3.12/site-packages/airflow/example_dags/example_branch_operator.py
[2024-12-13T12:00:03.829+0000] {processor.py:925} INFO - DAG(s) 'example_branch_operator' retrieved from /opt/bitnami/airflow/venv/lib/python3.12/site-packages/airflow/example_dags/example_branch_operator.py
[2024-12-13T12:00:03.867+0000] {logging_mixin.py:190} INFO - [2024-12-13T12:00:03.867+0000] {dag.py:3239} INFO - Sync 1 DAGs
[2024-12-13T12:00:03.895+0000] {logging_mixin.py:190} INFO - [2024-12-13T12:00:03.895+0000] {dag.py:4180} INFO - Setting next_dagrun for example_branch_operator to 2024-12-12 00:00:00+00:00, run_after=2024-12-13 00:00:00+00:00
[2024-12-13T12:00:03.914+0000] {processor.py:208} INFO - Processing /opt/bitnami/airflow/venv/lib/python3.12/site-packages/airflow/example_dags/example_branch_operator.py took 0.110 seconds
[2024-12-13T12:00:34.166+0000] {processor.py:186} INFO - Started process (PID=274) to work on /opt/bitnami/airflow/venv/lib/python3.12/site-packages/airflow/example_dags/example_branch_operator.py
[2024-12-13T12:00:34.166+0000] {processor.py:914} INFO - Processing file /opt/bitnami/airflow/venv/lib/python3.12/site-packages/airflow/example_dags/example_branch_operator.py for tasks to queue
[2024-12-13T12:00:34.168+0000] {logging_mixin.py:190} INFO - [2024-12-13T12:00:34.168+0000] {dagbag.py:588} INFO - Filling up the DagBag from /opt/bitnami/airflow/venv/lib/python3.12/site-packages/airflow/example_dags/example_branch_operator.py
[2024-12-13T12:00:34.183+0000] {processor.py:925} INFO - DAG(s) 'example_branch_operator' retrieved from /opt/bitnami/airflow/venv/lib/python3.12/site-packages/airflow/example_dags/example_branch_operator.py
[2024-12-13T12:00:34.223+0000] {logging_mixin.py:190} INFO - [2024-12-13T12:00:34.223+0000] {dag.py:3239} INFO - Sync 1 DAGs
[2024-12-13T12:00:34.252+0000] {logging_mixin.py:190} INFO - [2024-12-13T12:00:34.252+0000] {dag.py:4180} INFO - Setting next_dagrun for example_branch_operator to 2024-12-12 00:00:00+00:00, run_after=2024-12-13 00:00:00+00:00
[2024-12-13T12:00:34.272+0000] {processor.py:208} INFO - Processing /opt/bitnami/airflow/venv/lib/python3.12/site-packages/airflow/example_dags/example_branch_operator.py took 0.111 seconds
[2024-12-13T12:01:04.903+0000] {processor.py:186} INFO - Started process (PID=331) to work on /opt/bitnami/airflow/venv/lib/python3.12/site-packages/airflow/example_dags/example_branch_operator.py
[2024-12-13T12:01:04.903+0000] {processor.py:914} INFO - Processing file /opt/bitnami/airflow/venv/lib/python3.12/site-packages/airflow/example_dags/example_branch_operator.py for tasks to queue
[2024-12-13T12:01:04.905+0000] {logging_mixin.py:190} INFO - [2024-12-13T12:01:04.905+0000] {dagbag.py:588} INFO - Filling up the DagBag from /opt/bitnami/airflow/venv/lib/python3.12/site-packages/airflow/example_dags/example_branch_operator.py
[2024-12-13T12:01:04.918+0000] {processor.py:925} INFO - DAG(s) 'example_branch_operator' retrieved from /opt/bitnami/airflow/venv/lib/python3.12/site-packages/airflow/example_dags/example_branch_operator.py
[2024-12-13T12:01:04.958+0000] {logging_mixin.py:190} INFO - [2024-12-13T12:01:04.957+0000] {dag.py:3239} INFO - Sync 1 DAGs
[2024-12-13T12:01:04.988+0000] {logging_mixin.py:190} INFO - [2024-12-13T12:01:04.988+0000] {dag.py:4180} INFO - Setting next_dagrun for example_branch_operator to 2024-12-12 00:00:00+00:00, run_after=2024-12-13 00:00:00+00:00
[2024-12-13T12:01:05.009+0000] {processor.py:208} INFO - Processing /opt/bitnami/airflow/venv/lib/python3.12/site-packages/airflow/example_dags/example_branch_operator.py took 0.111 seconds
[2024-12-13T12:01:35.560+0000] {processor.py:186} INFO - Started process (PID=388) to work on /opt/bitnami/airflow/venv/lib/python3.12/site-packages/airflow/example_dags/example_branch_operator.py
[2024-12-13T12:01:35.561+0000] {processor.py:914} INFO - Processing file /opt/bitnami/airflow/venv/lib/python3.12/site-packages/airflow/example_dags/example_branch_operator.py for tasks to queue
[2024-12-13T12:01:35.563+0000] {logging_mixin.py:190} INFO - [2024-12-13T12:01:35.563+0000] {dagbag.py:588} INFO - Filling up the DagBag from /opt/bitnami/airflow/venv/lib/python3.12/site-packages/airflow/example_dags/example_branch_operator.py
[2024-12-13T12:01:35.575+0000] {processor.py:925} INFO - DAG(s) 'example_branch_operator' retrieved from /opt/bitnami/airflow/venv/lib/python3.12/site-packages/airflow/example_dags/example_branch_operator.py
[2024-12-13T12:01:35.618+0000] {logging_mixin.py:190} INFO - [2024-12-13T12:01:35.617+0000] {dag.py:3239} INFO - Sync 1 DAGs
[2024-12-13T12:01:35.648+0000] {logging_mixin.py:190} INFO - [2024-12-13T12:01:35.648+0000] {dag.py:4180} INFO - Setting next_dagrun for example_branch_operator to 2024-12-12 00:00:00+00:00, run_after=2024-12-13 00:00:00+00:00
[2024-12-13T12:01:35.672+0000] {processor.py:208} INFO - Processing /opt/bitnami/airflow/venv/lib/python3.12/site-packages/airflow/example_dags/example_branch_operator.py took 0.116 seconds
[2024-12-13T12:02:06.498+0000] {processor.py:186} INFO - Started process (PID=445) to work on /opt/bitnami/airflow/venv/lib/python3.12/site-packages/airflow/example_dags/example_branch_operator.py
[2024-12-13T12:02:06.503+0000] {processor.py:914} INFO - Processing file /opt/bitnami/airflow/venv/lib/python3.12/site-packages/airflow/example_dags/example_branch_operator.py for tasks to queue
[2024-12-13T12:02:06.506+0000] {logging_mixin.py:190} INFO - [2024-12-13T12:02:06.506+0000] {dagbag.py:588} INFO - Filling up the DagBag from /opt/bitnami/airflow/venv/lib/python3.12/site-packages/airflow/example_dags/example_branch_operator.py
[2024-12-13T12:02:06.523+0000] {processor.py:925} INFO - DAG(s) 'example_branch_operator' retrieved from /opt/bitnami/airflow/venv/lib/python3.12/site-packages/airflow/example_dags/example_branch_operator.py
[2024-12-13T12:02:06.573+0000] {logging_mixin.py:190} INFO - [2024-12-13T12:02:06.572+0000] {dag.py:3239} INFO - Sync 1 DAGs
[2024-12-13T12:02:06.602+0000] {logging_mixin.py:190} INFO - [2024-12-13T12:02:06.602+0000] {dag.py:4180} INFO - Setting next_dagrun for example_branch_operator to 2024-12-12 00:00:00+00:00, run_after=2024-12-13 00:00:00+00:00
[2024-12-13T12:02:06.627+0000] {processor.py:208} INFO - Processing /opt/bitnami/airflow/venv/lib/python3.12/site-packages/airflow/example_dags/example_branch_operator.py took 0.134 seconds
[2024-12-13T12:02:36.979+0000] {processor.py:186} INFO - Started process (PID=502) to work on /opt/bitnami/airflow/venv/lib/python3.12/site-packages/airflow/example_dags/example_branch_operator.py
[2024-12-13T12:02:36.979+0000] {processor.py:914} INFO - Processing file /opt/bitnami/airflow/venv/lib/python3.12/site-packages/airflow/example_dags/example_branch_operator.py for tasks to queue
[2024-12-13T12:02:36.983+0000] {logging_mixin.py:190} INFO - [2024-12-13T12:02:36.982+0000] {dagbag.py:588} INFO - Filling up the DagBag from /opt/bitnami/airflow/venv/lib/python3.12/site-packages/airflow/example_dags/example_branch_operator.py
[2024-12-13T12:02:36.996+0000] {processor.py:925} INFO - DAG(s) 'example_branch_operator' retrieved from /opt/bitnami/airflow/venv/lib/python3.12/site-packages/airflow/example_dags/example_branch_operator.py
[2024-12-13T12:02:37.034+0000] {logging_mixin.py:190} INFO - [2024-12-13T12:02:37.034+0000] {dag.py:3239} INFO - Sync 1 DAGs
[2024-12-13T12:02:37.063+0000] {logging_mixin.py:190} INFO - [2024-12-13T12:02:37.063+0000] {dag.py:4180} INFO - Setting next_dagrun for example_branch_operator to 2024-12-12 00:00:00+00:00, run_after=2024-12-13 00:00:00+00:00
[2024-12-13T12:02:37.083+0000] {processor.py:208} INFO - Processing /opt/bitnami/airflow/venv/lib/python3.12/site-packages/airflow/example_dags/example_branch_operator.py took 0.109 seconds
