[2024-12-13T08:19:43.846+0000] {processor.py:186} INFO - Started process (PID=56) to work on /opt/bitnami/airflow/venv/lib/python3.12/site-packages/airflow/example_dags/example_bash_operator.py
[2024-12-13T08:19:43.846+0000] {processor.py:914} INFO - Processing file /opt/bitnami/airflow/venv/lib/python3.12/site-packages/airflow/example_dags/example_bash_operator.py for tasks to queue
[2024-12-13T08:19:43.848+0000] {logging_mixin.py:190} INFO - [2024-12-13T08:19:43.848+0000] {dagbag.py:588} INFO - Filling up the DagBag from /opt/bitnami/airflow/venv/lib/python3.12/site-packages/airflow/example_dags/example_bash_operator.py
[2024-12-13T08:19:43.857+0000] {processor.py:925} INFO - DAG(s) 'example_bash_operator' retrieved from /opt/bitnami/airflow/venv/lib/python3.12/site-packages/airflow/example_dags/example_bash_operator.py
[2024-12-13T08:19:43.893+0000] {logging_mixin.py:190} INFO - [2024-12-13T08:19:43.893+0000] {dag.py:3239} INFO - Sync 1 DAGs
[2024-12-13T08:19:43.920+0000] {logging_mixin.py:190} INFO - [2024-12-13T08:19:43.920+0000] {dag.py:4180} INFO - Setting next_dagrun for example_bash_operator to 2024-12-12 00:00:00+00:00, run_after=2024-12-13 00:00:00+00:00
[2024-12-13T08:19:43.939+0000] {processor.py:208} INFO - Processing /opt/bitnami/airflow/venv/lib/python3.12/site-packages/airflow/example_dags/example_bash_operator.py took 0.098 seconds
[2024-12-13T08:20:14.295+0000] {processor.py:186} INFO - Started process (PID=113) to work on /opt/bitnami/airflow/venv/lib/python3.12/site-packages/airflow/example_dags/example_bash_operator.py
[2024-12-13T08:20:14.296+0000] {processor.py:914} INFO - Processing file /opt/bitnami/airflow/venv/lib/python3.12/site-packages/airflow/example_dags/example_bash_operator.py for tasks to queue
[2024-12-13T08:20:14.298+0000] {logging_mixin.py:190} INFO - [2024-12-13T08:20:14.298+0000] {dagbag.py:588} INFO - Filling up the DagBag from /opt/bitnami/airflow/venv/lib/python3.12/site-packages/airflow/example_dags/example_bash_operator.py
[2024-12-13T08:20:14.307+0000] {processor.py:925} INFO - DAG(s) 'example_bash_operator' retrieved from /opt/bitnami/airflow/venv/lib/python3.12/site-packages/airflow/example_dags/example_bash_operator.py
[2024-12-13T08:20:14.340+0000] {logging_mixin.py:190} INFO - [2024-12-13T08:20:14.340+0000] {dag.py:3239} INFO - Sync 1 DAGs
[2024-12-13T08:20:14.366+0000] {logging_mixin.py:190} INFO - [2024-12-13T08:20:14.366+0000] {dag.py:4180} INFO - Setting next_dagrun for example_bash_operator to 2024-12-12 00:00:00+00:00, run_after=2024-12-13 00:00:00+00:00
[2024-12-13T08:20:14.383+0000] {processor.py:208} INFO - Processing /opt/bitnami/airflow/venv/lib/python3.12/site-packages/airflow/example_dags/example_bash_operator.py took 0.092 seconds
[2024-12-13T08:20:44.831+0000] {processor.py:186} INFO - Started process (PID=170) to work on /opt/bitnami/airflow/venv/lib/python3.12/site-packages/airflow/example_dags/example_bash_operator.py
[2024-12-13T08:20:44.832+0000] {processor.py:914} INFO - Processing file /opt/bitnami/airflow/venv/lib/python3.12/site-packages/airflow/example_dags/example_bash_operator.py for tasks to queue
[2024-12-13T08:20:44.834+0000] {logging_mixin.py:190} INFO - [2024-12-13T08:20:44.834+0000] {dagbag.py:588} INFO - Filling up the DagBag from /opt/bitnami/airflow/venv/lib/python3.12/site-packages/airflow/example_dags/example_bash_operator.py
[2024-12-13T08:20:44.843+0000] {processor.py:925} INFO - DAG(s) 'example_bash_operator' retrieved from /opt/bitnami/airflow/venv/lib/python3.12/site-packages/airflow/example_dags/example_bash_operator.py
[2024-12-13T08:20:44.891+0000] {logging_mixin.py:190} INFO - [2024-12-13T08:20:44.891+0000] {dag.py:3239} INFO - Sync 1 DAGs
[2024-12-13T08:20:44.925+0000] {logging_mixin.py:190} INFO - [2024-12-13T08:20:44.925+0000] {dag.py:4180} INFO - Setting next_dagrun for example_bash_operator to 2024-12-12 00:00:00+00:00, run_after=2024-12-13 00:00:00+00:00
[2024-12-13T08:20:44.952+0000] {processor.py:208} INFO - Processing /opt/bitnami/airflow/venv/lib/python3.12/site-packages/airflow/example_dags/example_bash_operator.py took 0.126 seconds
[2024-12-13T08:21:15.388+0000] {processor.py:186} INFO - Started process (PID=227) to work on /opt/bitnami/airflow/venv/lib/python3.12/site-packages/airflow/example_dags/example_bash_operator.py
[2024-12-13T08:21:15.389+0000] {processor.py:914} INFO - Processing file /opt/bitnami/airflow/venv/lib/python3.12/site-packages/airflow/example_dags/example_bash_operator.py for tasks to queue
[2024-12-13T08:21:15.394+0000] {logging_mixin.py:190} INFO - [2024-12-13T08:21:15.393+0000] {dagbag.py:588} INFO - Filling up the DagBag from /opt/bitnami/airflow/venv/lib/python3.12/site-packages/airflow/example_dags/example_bash_operator.py
[2024-12-13T08:21:15.405+0000] {processor.py:925} INFO - DAG(s) 'example_bash_operator' retrieved from /opt/bitnami/airflow/venv/lib/python3.12/site-packages/airflow/example_dags/example_bash_operator.py
[2024-12-13T08:21:15.512+0000] {logging_mixin.py:190} INFO - [2024-12-13T08:21:15.511+0000] {dag.py:3239} INFO - Sync 1 DAGs
[2024-12-13T08:21:15.539+0000] {logging_mixin.py:190} INFO - [2024-12-13T08:21:15.538+0000] {dag.py:4180} INFO - Setting next_dagrun for example_bash_operator to 2024-12-12 00:00:00+00:00, run_after=2024-12-13 00:00:00+00:00
[2024-12-13T08:21:15.561+0000] {processor.py:208} INFO - Processing /opt/bitnami/airflow/venv/lib/python3.12/site-packages/airflow/example_dags/example_bash_operator.py took 0.179 seconds
[2024-12-13T08:21:46.715+0000] {processor.py:186} INFO - Started process (PID=284) to work on /opt/bitnami/airflow/venv/lib/python3.12/site-packages/airflow/example_dags/example_bash_operator.py
[2024-12-13T08:21:46.716+0000] {processor.py:914} INFO - Processing file /opt/bitnami/airflow/venv/lib/python3.12/site-packages/airflow/example_dags/example_bash_operator.py for tasks to queue
[2024-12-13T08:21:46.719+0000] {logging_mixin.py:190} INFO - [2024-12-13T08:21:46.719+0000] {dagbag.py:588} INFO - Filling up the DagBag from /opt/bitnami/airflow/venv/lib/python3.12/site-packages/airflow/example_dags/example_bash_operator.py
[2024-12-13T08:21:46.734+0000] {processor.py:925} INFO - DAG(s) 'example_bash_operator' retrieved from /opt/bitnami/airflow/venv/lib/python3.12/site-packages/airflow/example_dags/example_bash_operator.py
[2024-12-13T08:21:46.792+0000] {logging_mixin.py:190} INFO - [2024-12-13T08:21:46.792+0000] {dag.py:3239} INFO - Sync 1 DAGs
[2024-12-13T08:21:46.838+0000] {logging_mixin.py:190} INFO - [2024-12-13T08:21:46.837+0000] {dag.py:4180} INFO - Setting next_dagrun for example_bash_operator to 2024-12-12 00:00:00+00:00, run_after=2024-12-13 00:00:00+00:00
[2024-12-13T08:21:46.866+0000] {processor.py:208} INFO - Processing /opt/bitnami/airflow/venv/lib/python3.12/site-packages/airflow/example_dags/example_bash_operator.py took 0.160 seconds
[2024-12-13T08:22:17.186+0000] {processor.py:186} INFO - Started process (PID=341) to work on /opt/bitnami/airflow/venv/lib/python3.12/site-packages/airflow/example_dags/example_bash_operator.py
[2024-12-13T08:22:17.187+0000] {processor.py:914} INFO - Processing file /opt/bitnami/airflow/venv/lib/python3.12/site-packages/airflow/example_dags/example_bash_operator.py for tasks to queue
[2024-12-13T08:22:17.189+0000] {logging_mixin.py:190} INFO - [2024-12-13T08:22:17.189+0000] {dagbag.py:588} INFO - Filling up the DagBag from /opt/bitnami/airflow/venv/lib/python3.12/site-packages/airflow/example_dags/example_bash_operator.py
[2024-12-13T08:22:17.199+0000] {processor.py:925} INFO - DAG(s) 'example_bash_operator' retrieved from /opt/bitnami/airflow/venv/lib/python3.12/site-packages/airflow/example_dags/example_bash_operator.py
[2024-12-13T08:22:17.236+0000] {logging_mixin.py:190} INFO - [2024-12-13T08:22:17.236+0000] {dag.py:3239} INFO - Sync 1 DAGs
[2024-12-13T08:22:17.263+0000] {logging_mixin.py:190} INFO - [2024-12-13T08:22:17.263+0000] {dag.py:4180} INFO - Setting next_dagrun for example_bash_operator to 2024-12-12 00:00:00+00:00, run_after=2024-12-13 00:00:00+00:00
[2024-12-13T08:22:17.281+0000] {processor.py:208} INFO - Processing /opt/bitnami/airflow/venv/lib/python3.12/site-packages/airflow/example_dags/example_bash_operator.py took 0.100 seconds
[2024-12-13T08:22:48.049+0000] {processor.py:186} INFO - Started process (PID=398) to work on /opt/bitnami/airflow/venv/lib/python3.12/site-packages/airflow/example_dags/example_bash_operator.py
[2024-12-13T08:22:48.050+0000] {processor.py:914} INFO - Processing file /opt/bitnami/airflow/venv/lib/python3.12/site-packages/airflow/example_dags/example_bash_operator.py for tasks to queue
[2024-12-13T08:22:48.052+0000] {logging_mixin.py:190} INFO - [2024-12-13T08:22:48.052+0000] {dagbag.py:588} INFO - Filling up the DagBag from /opt/bitnami/airflow/venv/lib/python3.12/site-packages/airflow/example_dags/example_bash_operator.py
[2024-12-13T08:22:48.061+0000] {processor.py:925} INFO - DAG(s) 'example_bash_operator' retrieved from /opt/bitnami/airflow/venv/lib/python3.12/site-packages/airflow/example_dags/example_bash_operator.py
[2024-12-13T08:22:48.105+0000] {logging_mixin.py:190} INFO - [2024-12-13T08:22:48.104+0000] {dag.py:3239} INFO - Sync 1 DAGs
[2024-12-13T08:22:48.132+0000] {logging_mixin.py:190} INFO - [2024-12-13T08:22:48.132+0000] {dag.py:4180} INFO - Setting next_dagrun for example_bash_operator to 2024-12-12 00:00:00+00:00, run_after=2024-12-13 00:00:00+00:00
[2024-12-13T08:22:48.152+0000] {processor.py:208} INFO - Processing /opt/bitnami/airflow/venv/lib/python3.12/site-packages/airflow/example_dags/example_bash_operator.py took 0.108 seconds
[2024-12-13T08:25:44.907+0000] {processor.py:186} INFO - Started process (PID=56) to work on /opt/bitnami/airflow/venv/lib/python3.12/site-packages/airflow/example_dags/example_bash_operator.py
[2024-12-13T08:25:44.908+0000] {processor.py:914} INFO - Processing file /opt/bitnami/airflow/venv/lib/python3.12/site-packages/airflow/example_dags/example_bash_operator.py for tasks to queue
[2024-12-13T08:25:44.911+0000] {logging_mixin.py:190} INFO - [2024-12-13T08:25:44.911+0000] {dagbag.py:588} INFO - Filling up the DagBag from /opt/bitnami/airflow/venv/lib/python3.12/site-packages/airflow/example_dags/example_bash_operator.py
[2024-12-13T08:25:44.922+0000] {processor.py:925} INFO - DAG(s) 'example_bash_operator' retrieved from /opt/bitnami/airflow/venv/lib/python3.12/site-packages/airflow/example_dags/example_bash_operator.py
[2024-12-13T08:25:44.985+0000] {logging_mixin.py:190} INFO - [2024-12-13T08:25:44.985+0000] {dag.py:3239} INFO - Sync 1 DAGs
[2024-12-13T08:25:45.025+0000] {logging_mixin.py:190} INFO - [2024-12-13T08:25:45.025+0000] {dag.py:4180} INFO - Setting next_dagrun for example_bash_operator to 2024-12-12 00:00:00+00:00, run_after=2024-12-13 00:00:00+00:00
[2024-12-13T08:25:45.055+0000] {processor.py:208} INFO - Processing /opt/bitnami/airflow/venv/lib/python3.12/site-packages/airflow/example_dags/example_bash_operator.py took 0.155 seconds
[2024-12-13T08:26:15.566+0000] {processor.py:186} INFO - Started process (PID=113) to work on /opt/bitnami/airflow/venv/lib/python3.12/site-packages/airflow/example_dags/example_bash_operator.py
[2024-12-13T08:26:15.567+0000] {processor.py:914} INFO - Processing file /opt/bitnami/airflow/venv/lib/python3.12/site-packages/airflow/example_dags/example_bash_operator.py for tasks to queue
[2024-12-13T08:26:15.569+0000] {logging_mixin.py:190} INFO - [2024-12-13T08:26:15.568+0000] {dagbag.py:588} INFO - Filling up the DagBag from /opt/bitnami/airflow/venv/lib/python3.12/site-packages/airflow/example_dags/example_bash_operator.py
[2024-12-13T08:26:15.578+0000] {processor.py:925} INFO - DAG(s) 'example_bash_operator' retrieved from /opt/bitnami/airflow/venv/lib/python3.12/site-packages/airflow/example_dags/example_bash_operator.py
[2024-12-13T08:26:15.621+0000] {logging_mixin.py:190} INFO - [2024-12-13T08:26:15.621+0000] {dag.py:3239} INFO - Sync 1 DAGs
[2024-12-13T08:26:15.646+0000] {logging_mixin.py:190} INFO - [2024-12-13T08:26:15.646+0000] {dag.py:4180} INFO - Setting next_dagrun for example_bash_operator to 2024-12-12 00:00:00+00:00, run_after=2024-12-13 00:00:00+00:00
[2024-12-13T08:26:15.665+0000] {processor.py:208} INFO - Processing /opt/bitnami/airflow/venv/lib/python3.12/site-packages/airflow/example_dags/example_bash_operator.py took 0.104 seconds
[2024-12-13T08:26:46.878+0000] {processor.py:186} INFO - Started process (PID=170) to work on /opt/bitnami/airflow/venv/lib/python3.12/site-packages/airflow/example_dags/example_bash_operator.py
[2024-12-13T08:26:46.879+0000] {processor.py:914} INFO - Processing file /opt/bitnami/airflow/venv/lib/python3.12/site-packages/airflow/example_dags/example_bash_operator.py for tasks to queue
[2024-12-13T08:26:46.881+0000] {logging_mixin.py:190} INFO - [2024-12-13T08:26:46.881+0000] {dagbag.py:588} INFO - Filling up the DagBag from /opt/bitnami/airflow/venv/lib/python3.12/site-packages/airflow/example_dags/example_bash_operator.py
[2024-12-13T08:26:46.891+0000] {processor.py:925} INFO - DAG(s) 'example_bash_operator' retrieved from /opt/bitnami/airflow/venv/lib/python3.12/site-packages/airflow/example_dags/example_bash_operator.py
[2024-12-13T08:26:46.975+0000] {logging_mixin.py:190} INFO - [2024-12-13T08:26:46.975+0000] {dag.py:3239} INFO - Sync 1 DAGs
[2024-12-13T08:26:47.008+0000] {logging_mixin.py:190} INFO - [2024-12-13T08:26:47.008+0000] {dag.py:4180} INFO - Setting next_dagrun for example_bash_operator to 2024-12-12 00:00:00+00:00, run_after=2024-12-13 00:00:00+00:00
[2024-12-13T08:26:47.037+0000] {processor.py:208} INFO - Processing /opt/bitnami/airflow/venv/lib/python3.12/site-packages/airflow/example_dags/example_bash_operator.py took 0.164 seconds
[2024-12-13T08:27:17.717+0000] {processor.py:186} INFO - Started process (PID=227) to work on /opt/bitnami/airflow/venv/lib/python3.12/site-packages/airflow/example_dags/example_bash_operator.py
[2024-12-13T08:27:17.719+0000] {processor.py:914} INFO - Processing file /opt/bitnami/airflow/venv/lib/python3.12/site-packages/airflow/example_dags/example_bash_operator.py for tasks to queue
[2024-12-13T08:27:17.721+0000] {logging_mixin.py:190} INFO - [2024-12-13T08:27:17.721+0000] {dagbag.py:588} INFO - Filling up the DagBag from /opt/bitnami/airflow/venv/lib/python3.12/site-packages/airflow/example_dags/example_bash_operator.py
[2024-12-13T08:27:17.732+0000] {processor.py:925} INFO - DAG(s) 'example_bash_operator' retrieved from /opt/bitnami/airflow/venv/lib/python3.12/site-packages/airflow/example_dags/example_bash_operator.py
[2024-12-13T08:27:17.776+0000] {logging_mixin.py:190} INFO - [2024-12-13T08:27:17.776+0000] {dag.py:3239} INFO - Sync 1 DAGs
[2024-12-13T08:27:17.801+0000] {logging_mixin.py:190} INFO - [2024-12-13T08:27:17.800+0000] {dag.py:4180} INFO - Setting next_dagrun for example_bash_operator to 2024-12-12 00:00:00+00:00, run_after=2024-12-13 00:00:00+00:00
[2024-12-13T08:27:17.821+0000] {processor.py:208} INFO - Processing /opt/bitnami/airflow/venv/lib/python3.12/site-packages/airflow/example_dags/example_bash_operator.py took 0.110 seconds
[2024-12-13T10:42:36.719+0000] {processor.py:186} INFO - Started process (PID=56) to work on /opt/bitnami/airflow/venv/lib/python3.12/site-packages/airflow/example_dags/example_bash_operator.py
[2024-12-13T10:42:36.721+0000] {processor.py:914} INFO - Processing file /opt/bitnami/airflow/venv/lib/python3.12/site-packages/airflow/example_dags/example_bash_operator.py for tasks to queue
[2024-12-13T10:42:36.723+0000] {logging_mixin.py:190} INFO - [2024-12-13T10:42:36.723+0000] {dagbag.py:588} INFO - Filling up the DagBag from /opt/bitnami/airflow/venv/lib/python3.12/site-packages/airflow/example_dags/example_bash_operator.py
[2024-12-13T10:42:36.735+0000] {processor.py:925} INFO - DAG(s) 'example_bash_operator' retrieved from /opt/bitnami/airflow/venv/lib/python3.12/site-packages/airflow/example_dags/example_bash_operator.py
[2024-12-13T10:42:36.855+0000] {logging_mixin.py:190} INFO - [2024-12-13T10:42:36.855+0000] {override.py:1900} INFO - Created Permission View: can read on DAG:example_bash_operator
[2024-12-13T10:42:36.867+0000] {logging_mixin.py:190} INFO - [2024-12-13T10:42:36.866+0000] {override.py:1900} INFO - Created Permission View: can delete on DAG:example_bash_operator
[2024-12-13T10:42:36.876+0000] {logging_mixin.py:190} INFO - [2024-12-13T10:42:36.876+0000] {override.py:1900} INFO - Created Permission View: can edit on DAG:example_bash_operator
[2024-12-13T10:42:36.887+0000] {logging_mixin.py:190} INFO - [2024-12-13T10:42:36.887+0000] {override.py:1900} INFO - Created Permission View: can delete on DAG Run:example_bash_operator
[2024-12-13T10:42:36.893+0000] {logging_mixin.py:190} INFO - [2024-12-13T10:42:36.893+0000] {override.py:1900} INFO - Created Permission View: can read on DAG Run:example_bash_operator
[2024-12-13T10:42:36.900+0000] {logging_mixin.py:190} INFO - [2024-12-13T10:42:36.900+0000] {override.py:1900} INFO - Created Permission View: can create on DAG Run:example_bash_operator
[2024-12-13T10:42:36.907+0000] {logging_mixin.py:190} INFO - [2024-12-13T10:42:36.907+0000] {override.py:1900} INFO - Created Permission View: menu access on DAG Run:example_bash_operator
[2024-12-13T10:42:36.908+0000] {logging_mixin.py:190} INFO - [2024-12-13T10:42:36.908+0000] {dag.py:3239} INFO - Sync 1 DAGs
[2024-12-13T10:42:36.938+0000] {logging_mixin.py:190} INFO - [2024-12-13T10:42:36.937+0000] {dag.py:3262} INFO - Creating ORM DAG for example_bash_operator
[2024-12-13T10:42:36.952+0000] {logging_mixin.py:190} INFO - [2024-12-13T10:42:36.952+0000] {dag.py:4180} INFO - Setting next_dagrun for example_bash_operator to 2024-12-12 00:00:00+00:00, run_after=2024-12-13 00:00:00+00:00
[2024-12-13T10:42:36.986+0000] {processor.py:208} INFO - Processing /opt/bitnami/airflow/venv/lib/python3.12/site-packages/airflow/example_dags/example_bash_operator.py took 0.273 seconds
[2024-12-13T10:43:07.198+0000] {processor.py:186} INFO - Started process (PID=113) to work on /opt/bitnami/airflow/venv/lib/python3.12/site-packages/airflow/example_dags/example_bash_operator.py
[2024-12-13T10:43:07.199+0000] {processor.py:914} INFO - Processing file /opt/bitnami/airflow/venv/lib/python3.12/site-packages/airflow/example_dags/example_bash_operator.py for tasks to queue
[2024-12-13T10:43:07.201+0000] {logging_mixin.py:190} INFO - [2024-12-13T10:43:07.200+0000] {dagbag.py:588} INFO - Filling up the DagBag from /opt/bitnami/airflow/venv/lib/python3.12/site-packages/airflow/example_dags/example_bash_operator.py
[2024-12-13T10:43:07.210+0000] {processor.py:925} INFO - DAG(s) 'example_bash_operator' retrieved from /opt/bitnami/airflow/venv/lib/python3.12/site-packages/airflow/example_dags/example_bash_operator.py
[2024-12-13T10:43:07.256+0000] {logging_mixin.py:190} INFO - [2024-12-13T10:43:07.256+0000] {dag.py:3239} INFO - Sync 1 DAGs
[2024-12-13T10:43:07.286+0000] {logging_mixin.py:190} INFO - [2024-12-13T10:43:07.286+0000] {dag.py:4180} INFO - Setting next_dagrun for example_bash_operator to 2024-12-12 00:00:00+00:00, run_after=2024-12-13 00:00:00+00:00
[2024-12-13T10:43:07.310+0000] {processor.py:208} INFO - Processing /opt/bitnami/airflow/venv/lib/python3.12/site-packages/airflow/example_dags/example_bash_operator.py took 0.117 seconds
[2024-12-13T10:43:38.215+0000] {processor.py:186} INFO - Started process (PID=170) to work on /opt/bitnami/airflow/venv/lib/python3.12/site-packages/airflow/example_dags/example_bash_operator.py
[2024-12-13T10:43:38.217+0000] {processor.py:914} INFO - Processing file /opt/bitnami/airflow/venv/lib/python3.12/site-packages/airflow/example_dags/example_bash_operator.py for tasks to queue
[2024-12-13T10:43:38.221+0000] {logging_mixin.py:190} INFO - [2024-12-13T10:43:38.220+0000] {dagbag.py:588} INFO - Filling up the DagBag from /opt/bitnami/airflow/venv/lib/python3.12/site-packages/airflow/example_dags/example_bash_operator.py
[2024-12-13T10:43:38.234+0000] {processor.py:925} INFO - DAG(s) 'example_bash_operator' retrieved from /opt/bitnami/airflow/venv/lib/python3.12/site-packages/airflow/example_dags/example_bash_operator.py
[2024-12-13T10:43:38.401+0000] {logging_mixin.py:190} INFO - [2024-12-13T10:43:38.400+0000] {dag.py:3239} INFO - Sync 1 DAGs
[2024-12-13T10:43:38.453+0000] {logging_mixin.py:190} INFO - [2024-12-13T10:43:38.453+0000] {dag.py:4180} INFO - Setting next_dagrun for example_bash_operator to 2024-12-12 00:00:00+00:00, run_after=2024-12-13 00:00:00+00:00
[2024-12-13T10:43:38.507+0000] {processor.py:208} INFO - Processing /opt/bitnami/airflow/venv/lib/python3.12/site-packages/airflow/example_dags/example_bash_operator.py took 0.298 seconds
[2024-12-13T10:44:08.921+0000] {processor.py:186} INFO - Started process (PID=227) to work on /opt/bitnami/airflow/venv/lib/python3.12/site-packages/airflow/example_dags/example_bash_operator.py
[2024-12-13T10:44:08.922+0000] {processor.py:914} INFO - Processing file /opt/bitnami/airflow/venv/lib/python3.12/site-packages/airflow/example_dags/example_bash_operator.py for tasks to queue
[2024-12-13T10:44:08.924+0000] {logging_mixin.py:190} INFO - [2024-12-13T10:44:08.924+0000] {dagbag.py:588} INFO - Filling up the DagBag from /opt/bitnami/airflow/venv/lib/python3.12/site-packages/airflow/example_dags/example_bash_operator.py
[2024-12-13T10:44:08.934+0000] {processor.py:925} INFO - DAG(s) 'example_bash_operator' retrieved from /opt/bitnami/airflow/venv/lib/python3.12/site-packages/airflow/example_dags/example_bash_operator.py
[2024-12-13T10:44:09.026+0000] {logging_mixin.py:190} INFO - [2024-12-13T10:44:09.025+0000] {dag.py:3239} INFO - Sync 1 DAGs
[2024-12-13T10:44:09.074+0000] {logging_mixin.py:190} INFO - [2024-12-13T10:44:09.074+0000] {dag.py:4180} INFO - Setting next_dagrun for example_bash_operator to 2024-12-12 00:00:00+00:00, run_after=2024-12-13 00:00:00+00:00
[2024-12-13T10:44:09.098+0000] {processor.py:208} INFO - Processing /opt/bitnami/airflow/venv/lib/python3.12/site-packages/airflow/example_dags/example_bash_operator.py took 0.182 seconds
[2024-12-13T10:44:39.678+0000] {processor.py:186} INFO - Started process (PID=284) to work on /opt/bitnami/airflow/venv/lib/python3.12/site-packages/airflow/example_dags/example_bash_operator.py
[2024-12-13T10:44:39.680+0000] {processor.py:914} INFO - Processing file /opt/bitnami/airflow/venv/lib/python3.12/site-packages/airflow/example_dags/example_bash_operator.py for tasks to queue
[2024-12-13T10:44:39.682+0000] {logging_mixin.py:190} INFO - [2024-12-13T10:44:39.682+0000] {dagbag.py:588} INFO - Filling up the DagBag from /opt/bitnami/airflow/venv/lib/python3.12/site-packages/airflow/example_dags/example_bash_operator.py
[2024-12-13T10:44:39.694+0000] {processor.py:925} INFO - DAG(s) 'example_bash_operator' retrieved from /opt/bitnami/airflow/venv/lib/python3.12/site-packages/airflow/example_dags/example_bash_operator.py
[2024-12-13T10:44:39.767+0000] {logging_mixin.py:190} INFO - [2024-12-13T10:44:39.767+0000] {dag.py:3239} INFO - Sync 1 DAGs
[2024-12-13T10:44:39.799+0000] {logging_mixin.py:190} INFO - [2024-12-13T10:44:39.799+0000] {dag.py:4180} INFO - Setting next_dagrun for example_bash_operator to 2024-12-12 00:00:00+00:00, run_after=2024-12-13 00:00:00+00:00
[2024-12-13T10:44:39.823+0000] {processor.py:208} INFO - Processing /opt/bitnami/airflow/venv/lib/python3.12/site-packages/airflow/example_dags/example_bash_operator.py took 0.150 seconds
[2024-12-13T10:52:09.693+0000] {processor.py:186} INFO - Started process (PID=56) to work on /opt/bitnami/airflow/venv/lib/python3.12/site-packages/airflow/example_dags/example_bash_operator.py
[2024-12-13T10:52:09.694+0000] {processor.py:914} INFO - Processing file /opt/bitnami/airflow/venv/lib/python3.12/site-packages/airflow/example_dags/example_bash_operator.py for tasks to queue
[2024-12-13T10:52:09.697+0000] {logging_mixin.py:190} INFO - [2024-12-13T10:52:09.696+0000] {dagbag.py:588} INFO - Filling up the DagBag from /opt/bitnami/airflow/venv/lib/python3.12/site-packages/airflow/example_dags/example_bash_operator.py
[2024-12-13T10:52:09.708+0000] {processor.py:925} INFO - DAG(s) 'example_bash_operator' retrieved from /opt/bitnami/airflow/venv/lib/python3.12/site-packages/airflow/example_dags/example_bash_operator.py
[2024-12-13T10:52:09.804+0000] {logging_mixin.py:190} INFO - [2024-12-13T10:52:09.803+0000] {override.py:1900} INFO - Created Permission View: can read on DAG:example_bash_operator
[2024-12-13T10:52:09.817+0000] {logging_mixin.py:190} INFO - [2024-12-13T10:52:09.817+0000] {override.py:1900} INFO - Created Permission View: can delete on DAG:example_bash_operator
[2024-12-13T10:52:09.824+0000] {logging_mixin.py:190} INFO - [2024-12-13T10:52:09.823+0000] {override.py:1900} INFO - Created Permission View: can edit on DAG:example_bash_operator
[2024-12-13T10:52:09.831+0000] {logging_mixin.py:190} INFO - [2024-12-13T10:52:09.830+0000] {override.py:1900} INFO - Created Permission View: menu access on DAG Run:example_bash_operator
[2024-12-13T10:52:09.837+0000] {logging_mixin.py:190} INFO - [2024-12-13T10:52:09.836+0000] {override.py:1900} INFO - Created Permission View: can read on DAG Run:example_bash_operator
[2024-12-13T10:52:09.843+0000] {logging_mixin.py:190} INFO - [2024-12-13T10:52:09.842+0000] {override.py:1900} INFO - Created Permission View: can delete on DAG Run:example_bash_operator
[2024-12-13T10:52:09.849+0000] {logging_mixin.py:190} INFO - [2024-12-13T10:52:09.848+0000] {override.py:1900} INFO - Created Permission View: can create on DAG Run:example_bash_operator
[2024-12-13T10:52:09.849+0000] {logging_mixin.py:190} INFO - [2024-12-13T10:52:09.849+0000] {dag.py:3239} INFO - Sync 1 DAGs
[2024-12-13T10:52:09.871+0000] {logging_mixin.py:190} INFO - [2024-12-13T10:52:09.871+0000] {dag.py:3262} INFO - Creating ORM DAG for example_bash_operator
[2024-12-13T10:52:09.883+0000] {logging_mixin.py:190} INFO - [2024-12-13T10:52:09.883+0000] {dag.py:4180} INFO - Setting next_dagrun for example_bash_operator to 2024-12-12 00:00:00+00:00, run_after=2024-12-13 00:00:00+00:00
[2024-12-13T10:52:09.907+0000] {processor.py:208} INFO - Processing /opt/bitnami/airflow/venv/lib/python3.12/site-packages/airflow/example_dags/example_bash_operator.py took 0.220 seconds
[2024-12-13T10:52:40.044+0000] {processor.py:186} INFO - Started process (PID=113) to work on /opt/bitnami/airflow/venv/lib/python3.12/site-packages/airflow/example_dags/example_bash_operator.py
[2024-12-13T10:52:40.045+0000] {processor.py:914} INFO - Processing file /opt/bitnami/airflow/venv/lib/python3.12/site-packages/airflow/example_dags/example_bash_operator.py for tasks to queue
[2024-12-13T10:52:40.047+0000] {logging_mixin.py:190} INFO - [2024-12-13T10:52:40.047+0000] {dagbag.py:588} INFO - Filling up the DagBag from /opt/bitnami/airflow/venv/lib/python3.12/site-packages/airflow/example_dags/example_bash_operator.py
[2024-12-13T10:52:40.057+0000] {processor.py:925} INFO - DAG(s) 'example_bash_operator' retrieved from /opt/bitnami/airflow/venv/lib/python3.12/site-packages/airflow/example_dags/example_bash_operator.py
[2024-12-13T10:52:40.100+0000] {logging_mixin.py:190} INFO - [2024-12-13T10:52:40.100+0000] {dag.py:3239} INFO - Sync 1 DAGs
[2024-12-13T10:52:40.140+0000] {logging_mixin.py:190} INFO - [2024-12-13T10:52:40.140+0000] {dag.py:4180} INFO - Setting next_dagrun for example_bash_operator to 2024-12-12 00:00:00+00:00, run_after=2024-12-13 00:00:00+00:00
[2024-12-13T10:52:40.167+0000] {processor.py:208} INFO - Processing /opt/bitnami/airflow/venv/lib/python3.12/site-packages/airflow/example_dags/example_bash_operator.py took 0.129 seconds
[2024-12-13T10:53:12.119+0000] {processor.py:186} INFO - Started process (PID=170) to work on /opt/bitnami/airflow/venv/lib/python3.12/site-packages/airflow/example_dags/example_bash_operator.py
[2024-12-13T10:53:12.121+0000] {processor.py:914} INFO - Processing file /opt/bitnami/airflow/venv/lib/python3.12/site-packages/airflow/example_dags/example_bash_operator.py for tasks to queue
[2024-12-13T10:53:12.124+0000] {logging_mixin.py:190} INFO - [2024-12-13T10:53:12.123+0000] {dagbag.py:588} INFO - Filling up the DagBag from /opt/bitnami/airflow/venv/lib/python3.12/site-packages/airflow/example_dags/example_bash_operator.py
[2024-12-13T10:53:12.135+0000] {processor.py:925} INFO - DAG(s) 'example_bash_operator' retrieved from /opt/bitnami/airflow/venv/lib/python3.12/site-packages/airflow/example_dags/example_bash_operator.py
[2024-12-13T10:53:12.295+0000] {logging_mixin.py:190} INFO - [2024-12-13T10:53:12.295+0000] {dag.py:3239} INFO - Sync 1 DAGs
[2024-12-13T10:53:12.357+0000] {logging_mixin.py:190} INFO - [2024-12-13T10:53:12.356+0000] {dag.py:4180} INFO - Setting next_dagrun for example_bash_operator to 2024-12-12 00:00:00+00:00, run_after=2024-12-13 00:00:00+00:00
[2024-12-13T10:53:12.401+0000] {processor.py:208} INFO - Processing /opt/bitnami/airflow/venv/lib/python3.12/site-packages/airflow/example_dags/example_bash_operator.py took 0.288 seconds
[2024-12-13T10:53:43.282+0000] {processor.py:186} INFO - Started process (PID=227) to work on /opt/bitnami/airflow/venv/lib/python3.12/site-packages/airflow/example_dags/example_bash_operator.py
[2024-12-13T10:53:43.283+0000] {processor.py:914} INFO - Processing file /opt/bitnami/airflow/venv/lib/python3.12/site-packages/airflow/example_dags/example_bash_operator.py for tasks to queue
[2024-12-13T10:53:43.286+0000] {logging_mixin.py:190} INFO - [2024-12-13T10:53:43.285+0000] {dagbag.py:588} INFO - Filling up the DagBag from /opt/bitnami/airflow/venv/lib/python3.12/site-packages/airflow/example_dags/example_bash_operator.py
[2024-12-13T10:53:43.301+0000] {processor.py:925} INFO - DAG(s) 'example_bash_operator' retrieved from /opt/bitnami/airflow/venv/lib/python3.12/site-packages/airflow/example_dags/example_bash_operator.py
[2024-12-13T10:53:43.374+0000] {logging_mixin.py:190} INFO - [2024-12-13T10:53:43.374+0000] {dag.py:3239} INFO - Sync 1 DAGs
[2024-12-13T10:53:43.422+0000] {logging_mixin.py:190} INFO - [2024-12-13T10:53:43.421+0000] {dag.py:4180} INFO - Setting next_dagrun for example_bash_operator to 2024-12-12 00:00:00+00:00, run_after=2024-12-13 00:00:00+00:00
[2024-12-13T10:53:43.448+0000] {processor.py:208} INFO - Processing /opt/bitnami/airflow/venv/lib/python3.12/site-packages/airflow/example_dags/example_bash_operator.py took 0.171 seconds
[2024-12-13T10:54:13.529+0000] {processor.py:186} INFO - Started process (PID=284) to work on /opt/bitnami/airflow/venv/lib/python3.12/site-packages/airflow/example_dags/example_bash_operator.py
[2024-12-13T10:54:13.531+0000] {processor.py:914} INFO - Processing file /opt/bitnami/airflow/venv/lib/python3.12/site-packages/airflow/example_dags/example_bash_operator.py for tasks to queue
[2024-12-13T10:54:13.533+0000] {logging_mixin.py:190} INFO - [2024-12-13T10:54:13.533+0000] {dagbag.py:588} INFO - Filling up the DagBag from /opt/bitnami/airflow/venv/lib/python3.12/site-packages/airflow/example_dags/example_bash_operator.py
[2024-12-13T10:54:13.541+0000] {processor.py:925} INFO - DAG(s) 'example_bash_operator' retrieved from /opt/bitnami/airflow/venv/lib/python3.12/site-packages/airflow/example_dags/example_bash_operator.py
[2024-12-13T10:54:13.602+0000] {logging_mixin.py:190} INFO - [2024-12-13T10:54:13.602+0000] {dag.py:3239} INFO - Sync 1 DAGs
[2024-12-13T10:54:13.641+0000] {logging_mixin.py:190} INFO - [2024-12-13T10:54:13.640+0000] {dag.py:4180} INFO - Setting next_dagrun for example_bash_operator to 2024-12-12 00:00:00+00:00, run_after=2024-12-13 00:00:00+00:00
[2024-12-13T10:54:13.666+0000] {processor.py:208} INFO - Processing /opt/bitnami/airflow/venv/lib/python3.12/site-packages/airflow/example_dags/example_bash_operator.py took 0.141 seconds
[2024-12-13T10:54:43.959+0000] {processor.py:186} INFO - Started process (PID=341) to work on /opt/bitnami/airflow/venv/lib/python3.12/site-packages/airflow/example_dags/example_bash_operator.py
[2024-12-13T10:54:43.960+0000] {processor.py:914} INFO - Processing file /opt/bitnami/airflow/venv/lib/python3.12/site-packages/airflow/example_dags/example_bash_operator.py for tasks to queue
[2024-12-13T10:54:43.962+0000] {logging_mixin.py:190} INFO - [2024-12-13T10:54:43.962+0000] {dagbag.py:588} INFO - Filling up the DagBag from /opt/bitnami/airflow/venv/lib/python3.12/site-packages/airflow/example_dags/example_bash_operator.py
[2024-12-13T10:54:43.970+0000] {processor.py:925} INFO - DAG(s) 'example_bash_operator' retrieved from /opt/bitnami/airflow/venv/lib/python3.12/site-packages/airflow/example_dags/example_bash_operator.py
[2024-12-13T10:54:44.038+0000] {logging_mixin.py:190} INFO - [2024-12-13T10:54:44.038+0000] {dag.py:3239} INFO - Sync 1 DAGs
[2024-12-13T10:54:44.084+0000] {logging_mixin.py:190} INFO - [2024-12-13T10:54:44.084+0000] {dag.py:4180} INFO - Setting next_dagrun for example_bash_operator to 2024-12-12 00:00:00+00:00, run_after=2024-12-13 00:00:00+00:00
[2024-12-13T10:54:44.128+0000] {processor.py:208} INFO - Processing /opt/bitnami/airflow/venv/lib/python3.12/site-packages/airflow/example_dags/example_bash_operator.py took 0.173 seconds
[2024-12-13T10:55:14.490+0000] {processor.py:186} INFO - Started process (PID=398) to work on /opt/bitnami/airflow/venv/lib/python3.12/site-packages/airflow/example_dags/example_bash_operator.py
[2024-12-13T10:55:14.492+0000] {processor.py:914} INFO - Processing file /opt/bitnami/airflow/venv/lib/python3.12/site-packages/airflow/example_dags/example_bash_operator.py for tasks to queue
[2024-12-13T10:55:14.494+0000] {logging_mixin.py:190} INFO - [2024-12-13T10:55:14.494+0000] {dagbag.py:588} INFO - Filling up the DagBag from /opt/bitnami/airflow/venv/lib/python3.12/site-packages/airflow/example_dags/example_bash_operator.py
[2024-12-13T10:55:14.505+0000] {processor.py:925} INFO - DAG(s) 'example_bash_operator' retrieved from /opt/bitnami/airflow/venv/lib/python3.12/site-packages/airflow/example_dags/example_bash_operator.py
[2024-12-13T10:55:14.589+0000] {logging_mixin.py:190} INFO - [2024-12-13T10:55:14.589+0000] {dag.py:3239} INFO - Sync 1 DAGs
[2024-12-13T10:55:14.653+0000] {logging_mixin.py:190} INFO - [2024-12-13T10:55:14.653+0000] {dag.py:4180} INFO - Setting next_dagrun for example_bash_operator to 2024-12-12 00:00:00+00:00, run_after=2024-12-13 00:00:00+00:00
[2024-12-13T10:55:14.690+0000] {processor.py:208} INFO - Processing /opt/bitnami/airflow/venv/lib/python3.12/site-packages/airflow/example_dags/example_bash_operator.py took 0.204 seconds
[2024-12-13T10:55:44.943+0000] {processor.py:186} INFO - Started process (PID=455) to work on /opt/bitnami/airflow/venv/lib/python3.12/site-packages/airflow/example_dags/example_bash_operator.py
[2024-12-13T10:55:44.945+0000] {processor.py:914} INFO - Processing file /opt/bitnami/airflow/venv/lib/python3.12/site-packages/airflow/example_dags/example_bash_operator.py for tasks to queue
[2024-12-13T10:55:44.948+0000] {logging_mixin.py:190} INFO - [2024-12-13T10:55:44.948+0000] {dagbag.py:588} INFO - Filling up the DagBag from /opt/bitnami/airflow/venv/lib/python3.12/site-packages/airflow/example_dags/example_bash_operator.py
[2024-12-13T10:55:44.961+0000] {processor.py:925} INFO - DAG(s) 'example_bash_operator' retrieved from /opt/bitnami/airflow/venv/lib/python3.12/site-packages/airflow/example_dags/example_bash_operator.py
[2024-12-13T10:55:45.033+0000] {logging_mixin.py:190} INFO - [2024-12-13T10:55:45.032+0000] {dag.py:3239} INFO - Sync 1 DAGs
[2024-12-13T10:55:45.073+0000] {logging_mixin.py:190} INFO - [2024-12-13T10:55:45.073+0000] {dag.py:4180} INFO - Setting next_dagrun for example_bash_operator to 2024-12-12 00:00:00+00:00, run_after=2024-12-13 00:00:00+00:00
[2024-12-13T10:55:45.105+0000] {processor.py:208} INFO - Processing /opt/bitnami/airflow/venv/lib/python3.12/site-packages/airflow/example_dags/example_bash_operator.py took 0.167 seconds
[2024-12-13T10:56:15.356+0000] {processor.py:186} INFO - Started process (PID=512) to work on /opt/bitnami/airflow/venv/lib/python3.12/site-packages/airflow/example_dags/example_bash_operator.py
[2024-12-13T10:56:15.357+0000] {processor.py:914} INFO - Processing file /opt/bitnami/airflow/venv/lib/python3.12/site-packages/airflow/example_dags/example_bash_operator.py for tasks to queue
[2024-12-13T10:56:15.360+0000] {logging_mixin.py:190} INFO - [2024-12-13T10:56:15.359+0000] {dagbag.py:588} INFO - Filling up the DagBag from /opt/bitnami/airflow/venv/lib/python3.12/site-packages/airflow/example_dags/example_bash_operator.py
[2024-12-13T10:56:15.371+0000] {processor.py:925} INFO - DAG(s) 'example_bash_operator' retrieved from /opt/bitnami/airflow/venv/lib/python3.12/site-packages/airflow/example_dags/example_bash_operator.py
[2024-12-13T10:56:15.417+0000] {logging_mixin.py:190} INFO - [2024-12-13T10:56:15.416+0000] {dag.py:3239} INFO - Sync 1 DAGs
[2024-12-13T10:56:15.453+0000] {logging_mixin.py:190} INFO - [2024-12-13T10:56:15.453+0000] {dag.py:4180} INFO - Setting next_dagrun for example_bash_operator to 2024-12-12 00:00:00+00:00, run_after=2024-12-13 00:00:00+00:00
[2024-12-13T10:56:15.484+0000] {processor.py:208} INFO - Processing /opt/bitnami/airflow/venv/lib/python3.12/site-packages/airflow/example_dags/example_bash_operator.py took 0.135 seconds
[2024-12-13T10:56:45.719+0000] {processor.py:186} INFO - Started process (PID=569) to work on /opt/bitnami/airflow/venv/lib/python3.12/site-packages/airflow/example_dags/example_bash_operator.py
[2024-12-13T10:56:45.720+0000] {processor.py:914} INFO - Processing file /opt/bitnami/airflow/venv/lib/python3.12/site-packages/airflow/example_dags/example_bash_operator.py for tasks to queue
[2024-12-13T10:56:45.722+0000] {logging_mixin.py:190} INFO - [2024-12-13T10:56:45.722+0000] {dagbag.py:588} INFO - Filling up the DagBag from /opt/bitnami/airflow/venv/lib/python3.12/site-packages/airflow/example_dags/example_bash_operator.py
[2024-12-13T10:56:45.731+0000] {processor.py:925} INFO - DAG(s) 'example_bash_operator' retrieved from /opt/bitnami/airflow/venv/lib/python3.12/site-packages/airflow/example_dags/example_bash_operator.py
[2024-12-13T10:56:45.788+0000] {logging_mixin.py:190} INFO - [2024-12-13T10:56:45.788+0000] {dag.py:3239} INFO - Sync 1 DAGs
[2024-12-13T10:56:45.830+0000] {logging_mixin.py:190} INFO - [2024-12-13T10:56:45.830+0000] {dag.py:4180} INFO - Setting next_dagrun for example_bash_operator to 2024-12-12 00:00:00+00:00, run_after=2024-12-13 00:00:00+00:00
[2024-12-13T10:56:45.860+0000] {processor.py:208} INFO - Processing /opt/bitnami/airflow/venv/lib/python3.12/site-packages/airflow/example_dags/example_bash_operator.py took 0.146 seconds
[2024-12-13T10:57:16.132+0000] {processor.py:186} INFO - Started process (PID=626) to work on /opt/bitnami/airflow/venv/lib/python3.12/site-packages/airflow/example_dags/example_bash_operator.py
[2024-12-13T10:57:16.134+0000] {processor.py:914} INFO - Processing file /opt/bitnami/airflow/venv/lib/python3.12/site-packages/airflow/example_dags/example_bash_operator.py for tasks to queue
[2024-12-13T10:57:16.137+0000] {logging_mixin.py:190} INFO - [2024-12-13T10:57:16.136+0000] {dagbag.py:588} INFO - Filling up the DagBag from /opt/bitnami/airflow/venv/lib/python3.12/site-packages/airflow/example_dags/example_bash_operator.py
[2024-12-13T10:57:16.151+0000] {processor.py:925} INFO - DAG(s) 'example_bash_operator' retrieved from /opt/bitnami/airflow/venv/lib/python3.12/site-packages/airflow/example_dags/example_bash_operator.py
[2024-12-13T10:57:16.272+0000] {logging_mixin.py:190} INFO - [2024-12-13T10:57:16.272+0000] {dag.py:3239} INFO - Sync 1 DAGs
[2024-12-13T10:57:16.309+0000] {logging_mixin.py:190} INFO - [2024-12-13T10:57:16.309+0000] {dag.py:4180} INFO - Setting next_dagrun for example_bash_operator to 2024-12-12 00:00:00+00:00, run_after=2024-12-13 00:00:00+00:00
[2024-12-13T10:57:16.349+0000] {processor.py:208} INFO - Processing /opt/bitnami/airflow/venv/lib/python3.12/site-packages/airflow/example_dags/example_bash_operator.py took 0.223 seconds
[2024-12-13T10:57:46.401+0000] {processor.py:186} INFO - Started process (PID=683) to work on /opt/bitnami/airflow/venv/lib/python3.12/site-packages/airflow/example_dags/example_bash_operator.py
[2024-12-13T10:57:46.402+0000] {processor.py:914} INFO - Processing file /opt/bitnami/airflow/venv/lib/python3.12/site-packages/airflow/example_dags/example_bash_operator.py for tasks to queue
[2024-12-13T10:57:46.404+0000] {logging_mixin.py:190} INFO - [2024-12-13T10:57:46.403+0000] {dagbag.py:588} INFO - Filling up the DagBag from /opt/bitnami/airflow/venv/lib/python3.12/site-packages/airflow/example_dags/example_bash_operator.py
[2024-12-13T10:57:46.412+0000] {processor.py:925} INFO - DAG(s) 'example_bash_operator' retrieved from /opt/bitnami/airflow/venv/lib/python3.12/site-packages/airflow/example_dags/example_bash_operator.py
[2024-12-13T10:57:46.472+0000] {logging_mixin.py:190} INFO - [2024-12-13T10:57:46.472+0000] {dag.py:3239} INFO - Sync 1 DAGs
[2024-12-13T10:57:46.535+0000] {logging_mixin.py:190} INFO - [2024-12-13T10:57:46.535+0000] {dag.py:4180} INFO - Setting next_dagrun for example_bash_operator to 2024-12-12 00:00:00+00:00, run_after=2024-12-13 00:00:00+00:00
[2024-12-13T10:57:46.576+0000] {processor.py:208} INFO - Processing /opt/bitnami/airflow/venv/lib/python3.12/site-packages/airflow/example_dags/example_bash_operator.py took 0.180 seconds
[2024-12-13T10:58:17.693+0000] {processor.py:186} INFO - Started process (PID=740) to work on /opt/bitnami/airflow/venv/lib/python3.12/site-packages/airflow/example_dags/example_bash_operator.py
[2024-12-13T10:58:17.695+0000] {processor.py:914} INFO - Processing file /opt/bitnami/airflow/venv/lib/python3.12/site-packages/airflow/example_dags/example_bash_operator.py for tasks to queue
[2024-12-13T10:58:17.697+0000] {logging_mixin.py:190} INFO - [2024-12-13T10:58:17.697+0000] {dagbag.py:588} INFO - Filling up the DagBag from /opt/bitnami/airflow/venv/lib/python3.12/site-packages/airflow/example_dags/example_bash_operator.py
[2024-12-13T10:58:17.709+0000] {processor.py:925} INFO - DAG(s) 'example_bash_operator' retrieved from /opt/bitnami/airflow/venv/lib/python3.12/site-packages/airflow/example_dags/example_bash_operator.py
[2024-12-13T10:58:17.761+0000] {logging_mixin.py:190} INFO - [2024-12-13T10:58:17.760+0000] {dag.py:3239} INFO - Sync 1 DAGs
[2024-12-13T10:58:17.787+0000] {logging_mixin.py:190} INFO - [2024-12-13T10:58:17.787+0000] {dag.py:4180} INFO - Setting next_dagrun for example_bash_operator to 2024-12-12 00:00:00+00:00, run_after=2024-12-13 00:00:00+00:00
[2024-12-13T10:58:17.805+0000] {processor.py:208} INFO - Processing /opt/bitnami/airflow/venv/lib/python3.12/site-packages/airflow/example_dags/example_bash_operator.py took 0.116 seconds
[2024-12-13T10:58:49.073+0000] {processor.py:186} INFO - Started process (PID=797) to work on /opt/bitnami/airflow/venv/lib/python3.12/site-packages/airflow/example_dags/example_bash_operator.py
[2024-12-13T10:58:49.075+0000] {processor.py:914} INFO - Processing file /opt/bitnami/airflow/venv/lib/python3.12/site-packages/airflow/example_dags/example_bash_operator.py for tasks to queue
[2024-12-13T10:58:49.079+0000] {logging_mixin.py:190} INFO - [2024-12-13T10:58:49.079+0000] {dagbag.py:588} INFO - Filling up the DagBag from /opt/bitnami/airflow/venv/lib/python3.12/site-packages/airflow/example_dags/example_bash_operator.py
[2024-12-13T10:58:49.087+0000] {processor.py:925} INFO - DAG(s) 'example_bash_operator' retrieved from /opt/bitnami/airflow/venv/lib/python3.12/site-packages/airflow/example_dags/example_bash_operator.py
[2024-12-13T10:58:49.128+0000] {logging_mixin.py:190} INFO - [2024-12-13T10:58:49.128+0000] {dag.py:3239} INFO - Sync 1 DAGs
[2024-12-13T10:58:49.162+0000] {logging_mixin.py:190} INFO - [2024-12-13T10:58:49.162+0000] {dag.py:4180} INFO - Setting next_dagrun for example_bash_operator to 2024-12-12 00:00:00+00:00, run_after=2024-12-13 00:00:00+00:00
[2024-12-13T10:58:49.192+0000] {processor.py:208} INFO - Processing /opt/bitnami/airflow/venv/lib/python3.12/site-packages/airflow/example_dags/example_bash_operator.py took 0.123 seconds
[2024-12-13T11:07:29.802+0000] {processor.py:186} INFO - Started process (PID=56) to work on /opt/bitnami/airflow/venv/lib/python3.12/site-packages/airflow/example_dags/example_bash_operator.py
[2024-12-13T11:07:29.803+0000] {processor.py:914} INFO - Processing file /opt/bitnami/airflow/venv/lib/python3.12/site-packages/airflow/example_dags/example_bash_operator.py for tasks to queue
[2024-12-13T11:07:29.805+0000] {logging_mixin.py:190} INFO - [2024-12-13T11:07:29.805+0000] {dagbag.py:588} INFO - Filling up the DagBag from /opt/bitnami/airflow/venv/lib/python3.12/site-packages/airflow/example_dags/example_bash_operator.py
[2024-12-13T11:07:29.817+0000] {processor.py:925} INFO - DAG(s) 'example_bash_operator' retrieved from /opt/bitnami/airflow/venv/lib/python3.12/site-packages/airflow/example_dags/example_bash_operator.py
[2024-12-13T11:07:29.873+0000] {logging_mixin.py:190} INFO - [2024-12-13T11:07:29.872+0000] {dag.py:3239} INFO - Sync 1 DAGs
[2024-12-13T11:07:29.922+0000] {logging_mixin.py:190} INFO - [2024-12-13T11:07:29.922+0000] {dag.py:4180} INFO - Setting next_dagrun for example_bash_operator to 2024-12-12 00:00:00+00:00, run_after=2024-12-13 00:00:00+00:00
[2024-12-13T11:07:29.956+0000] {processor.py:208} INFO - Processing /opt/bitnami/airflow/venv/lib/python3.12/site-packages/airflow/example_dags/example_bash_operator.py took 0.161 seconds
[2024-12-13T11:08:00.461+0000] {processor.py:186} INFO - Started process (PID=113) to work on /opt/bitnami/airflow/venv/lib/python3.12/site-packages/airflow/example_dags/example_bash_operator.py
[2024-12-13T11:08:00.462+0000] {processor.py:914} INFO - Processing file /opt/bitnami/airflow/venv/lib/python3.12/site-packages/airflow/example_dags/example_bash_operator.py for tasks to queue
[2024-12-13T11:08:00.464+0000] {logging_mixin.py:190} INFO - [2024-12-13T11:08:00.464+0000] {dagbag.py:588} INFO - Filling up the DagBag from /opt/bitnami/airflow/venv/lib/python3.12/site-packages/airflow/example_dags/example_bash_operator.py
[2024-12-13T11:08:00.477+0000] {processor.py:925} INFO - DAG(s) 'example_bash_operator' retrieved from /opt/bitnami/airflow/venv/lib/python3.12/site-packages/airflow/example_dags/example_bash_operator.py
[2024-12-13T11:08:00.554+0000] {logging_mixin.py:190} INFO - [2024-12-13T11:08:00.553+0000] {dag.py:3239} INFO - Sync 1 DAGs
[2024-12-13T11:08:00.595+0000] {logging_mixin.py:190} INFO - [2024-12-13T11:08:00.595+0000] {dag.py:4180} INFO - Setting next_dagrun for example_bash_operator to 2024-12-12 00:00:00+00:00, run_after=2024-12-13 00:00:00+00:00
[2024-12-13T11:08:00.625+0000] {processor.py:208} INFO - Processing /opt/bitnami/airflow/venv/lib/python3.12/site-packages/airflow/example_dags/example_bash_operator.py took 0.170 seconds
[2024-12-13T11:08:31.555+0000] {processor.py:186} INFO - Started process (PID=170) to work on /opt/bitnami/airflow/venv/lib/python3.12/site-packages/airflow/example_dags/example_bash_operator.py
[2024-12-13T11:08:31.557+0000] {processor.py:914} INFO - Processing file /opt/bitnami/airflow/venv/lib/python3.12/site-packages/airflow/example_dags/example_bash_operator.py for tasks to queue
[2024-12-13T11:08:31.559+0000] {logging_mixin.py:190} INFO - [2024-12-13T11:08:31.558+0000] {dagbag.py:588} INFO - Filling up the DagBag from /opt/bitnami/airflow/venv/lib/python3.12/site-packages/airflow/example_dags/example_bash_operator.py
[2024-12-13T11:08:31.571+0000] {processor.py:925} INFO - DAG(s) 'example_bash_operator' retrieved from /opt/bitnami/airflow/venv/lib/python3.12/site-packages/airflow/example_dags/example_bash_operator.py
[2024-12-13T11:08:31.679+0000] {logging_mixin.py:190} INFO - [2024-12-13T11:08:31.678+0000] {dag.py:3239} INFO - Sync 1 DAGs
[2024-12-13T11:08:31.715+0000] {logging_mixin.py:190} INFO - [2024-12-13T11:08:31.715+0000] {dag.py:4180} INFO - Setting next_dagrun for example_bash_operator to 2024-12-12 00:00:00+00:00, run_after=2024-12-13 00:00:00+00:00
[2024-12-13T11:08:31.747+0000] {processor.py:208} INFO - Processing /opt/bitnami/airflow/venv/lib/python3.12/site-packages/airflow/example_dags/example_bash_operator.py took 0.198 seconds
[2024-12-13T11:09:01.850+0000] {processor.py:186} INFO - Started process (PID=227) to work on /opt/bitnami/airflow/venv/lib/python3.12/site-packages/airflow/example_dags/example_bash_operator.py
[2024-12-13T11:09:01.852+0000] {processor.py:914} INFO - Processing file /opt/bitnami/airflow/venv/lib/python3.12/site-packages/airflow/example_dags/example_bash_operator.py for tasks to queue
[2024-12-13T11:09:01.855+0000] {logging_mixin.py:190} INFO - [2024-12-13T11:09:01.855+0000] {dagbag.py:588} INFO - Filling up the DagBag from /opt/bitnami/airflow/venv/lib/python3.12/site-packages/airflow/example_dags/example_bash_operator.py
[2024-12-13T11:09:01.870+0000] {processor.py:925} INFO - DAG(s) 'example_bash_operator' retrieved from /opt/bitnami/airflow/venv/lib/python3.12/site-packages/airflow/example_dags/example_bash_operator.py
[2024-12-13T11:09:01.956+0000] {logging_mixin.py:190} INFO - [2024-12-13T11:09:01.956+0000] {dag.py:3239} INFO - Sync 1 DAGs
[2024-12-13T11:09:02.009+0000] {logging_mixin.py:190} INFO - [2024-12-13T11:09:02.009+0000] {dag.py:4180} INFO - Setting next_dagrun for example_bash_operator to 2024-12-12 00:00:00+00:00, run_after=2024-12-13 00:00:00+00:00
[2024-12-13T11:09:02.044+0000] {processor.py:208} INFO - Processing /opt/bitnami/airflow/venv/lib/python3.12/site-packages/airflow/example_dags/example_bash_operator.py took 0.202 seconds
[2024-12-13T11:09:32.298+0000] {processor.py:186} INFO - Started process (PID=284) to work on /opt/bitnami/airflow/venv/lib/python3.12/site-packages/airflow/example_dags/example_bash_operator.py
[2024-12-13T11:09:32.299+0000] {processor.py:914} INFO - Processing file /opt/bitnami/airflow/venv/lib/python3.12/site-packages/airflow/example_dags/example_bash_operator.py for tasks to queue
[2024-12-13T11:09:32.301+0000] {logging_mixin.py:190} INFO - [2024-12-13T11:09:32.301+0000] {dagbag.py:588} INFO - Filling up the DagBag from /opt/bitnami/airflow/venv/lib/python3.12/site-packages/airflow/example_dags/example_bash_operator.py
[2024-12-13T11:09:32.311+0000] {processor.py:925} INFO - DAG(s) 'example_bash_operator' retrieved from /opt/bitnami/airflow/venv/lib/python3.12/site-packages/airflow/example_dags/example_bash_operator.py
[2024-12-13T11:09:32.346+0000] {logging_mixin.py:190} INFO - [2024-12-13T11:09:32.346+0000] {dag.py:3239} INFO - Sync 1 DAGs
[2024-12-13T11:09:32.371+0000] {logging_mixin.py:190} INFO - [2024-12-13T11:09:32.371+0000] {dag.py:4180} INFO - Setting next_dagrun for example_bash_operator to 2024-12-12 00:00:00+00:00, run_after=2024-12-13 00:00:00+00:00
[2024-12-13T11:09:32.397+0000] {processor.py:208} INFO - Processing /opt/bitnami/airflow/venv/lib/python3.12/site-packages/airflow/example_dags/example_bash_operator.py took 0.104 seconds
[2024-12-13T11:13:42.456+0000] {processor.py:186} INFO - Started process (PID=56) to work on /opt/bitnami/airflow/venv/lib/python3.12/site-packages/airflow/example_dags/example_bash_operator.py
[2024-12-13T11:13:42.457+0000] {processor.py:914} INFO - Processing file /opt/bitnami/airflow/venv/lib/python3.12/site-packages/airflow/example_dags/example_bash_operator.py for tasks to queue
[2024-12-13T11:13:42.460+0000] {logging_mixin.py:190} INFO - [2024-12-13T11:13:42.460+0000] {dagbag.py:588} INFO - Filling up the DagBag from /opt/bitnami/airflow/venv/lib/python3.12/site-packages/airflow/example_dags/example_bash_operator.py
[2024-12-13T11:13:42.481+0000] {processor.py:925} INFO - DAG(s) 'example_bash_operator' retrieved from /opt/bitnami/airflow/venv/lib/python3.12/site-packages/airflow/example_dags/example_bash_operator.py
[2024-12-13T11:13:42.540+0000] {logging_mixin.py:190} INFO - [2024-12-13T11:13:42.540+0000] {dag.py:3239} INFO - Sync 1 DAGs
[2024-12-13T11:13:42.581+0000] {logging_mixin.py:190} INFO - [2024-12-13T11:13:42.581+0000] {dag.py:4180} INFO - Setting next_dagrun for example_bash_operator to 2024-12-12 00:00:00+00:00, run_after=2024-12-13 00:00:00+00:00
[2024-12-13T11:13:42.615+0000] {processor.py:208} INFO - Processing /opt/bitnami/airflow/venv/lib/python3.12/site-packages/airflow/example_dags/example_bash_operator.py took 0.167 seconds
[2024-12-13T11:14:12.934+0000] {processor.py:186} INFO - Started process (PID=113) to work on /opt/bitnami/airflow/venv/lib/python3.12/site-packages/airflow/example_dags/example_bash_operator.py
[2024-12-13T11:14:12.936+0000] {processor.py:914} INFO - Processing file /opt/bitnami/airflow/venv/lib/python3.12/site-packages/airflow/example_dags/example_bash_operator.py for tasks to queue
[2024-12-13T11:14:12.939+0000] {logging_mixin.py:190} INFO - [2024-12-13T11:14:12.938+0000] {dagbag.py:588} INFO - Filling up the DagBag from /opt/bitnami/airflow/venv/lib/python3.12/site-packages/airflow/example_dags/example_bash_operator.py
[2024-12-13T11:14:12.953+0000] {processor.py:925} INFO - DAG(s) 'example_bash_operator' retrieved from /opt/bitnami/airflow/venv/lib/python3.12/site-packages/airflow/example_dags/example_bash_operator.py
[2024-12-13T11:14:13.048+0000] {logging_mixin.py:190} INFO - [2024-12-13T11:14:13.048+0000] {dag.py:3239} INFO - Sync 1 DAGs
[2024-12-13T11:14:13.106+0000] {logging_mixin.py:190} INFO - [2024-12-13T11:14:13.106+0000] {dag.py:4180} INFO - Setting next_dagrun for example_bash_operator to 2024-12-12 00:00:00+00:00, run_after=2024-12-13 00:00:00+00:00
[2024-12-13T11:14:13.147+0000] {processor.py:208} INFO - Processing /opt/bitnami/airflow/venv/lib/python3.12/site-packages/airflow/example_dags/example_bash_operator.py took 0.218 seconds
[2024-12-13T11:14:44.416+0000] {processor.py:186} INFO - Started process (PID=170) to work on /opt/bitnami/airflow/venv/lib/python3.12/site-packages/airflow/example_dags/example_bash_operator.py
[2024-12-13T11:14:44.417+0000] {processor.py:914} INFO - Processing file /opt/bitnami/airflow/venv/lib/python3.12/site-packages/airflow/example_dags/example_bash_operator.py for tasks to queue
[2024-12-13T11:14:44.420+0000] {logging_mixin.py:190} INFO - [2024-12-13T11:14:44.420+0000] {dagbag.py:588} INFO - Filling up the DagBag from /opt/bitnami/airflow/venv/lib/python3.12/site-packages/airflow/example_dags/example_bash_operator.py
[2024-12-13T11:14:44.432+0000] {processor.py:925} INFO - DAG(s) 'example_bash_operator' retrieved from /opt/bitnami/airflow/venv/lib/python3.12/site-packages/airflow/example_dags/example_bash_operator.py
[2024-12-13T11:14:44.600+0000] {logging_mixin.py:190} INFO - [2024-12-13T11:14:44.599+0000] {dag.py:3239} INFO - Sync 1 DAGs
[2024-12-13T11:14:44.658+0000] {logging_mixin.py:190} INFO - [2024-12-13T11:14:44.657+0000] {dag.py:4180} INFO - Setting next_dagrun for example_bash_operator to 2024-12-12 00:00:00+00:00, run_after=2024-12-13 00:00:00+00:00
[2024-12-13T11:14:44.697+0000] {processor.py:208} INFO - Processing /opt/bitnami/airflow/venv/lib/python3.12/site-packages/airflow/example_dags/example_bash_operator.py took 0.288 seconds
[2024-12-13T11:15:14.871+0000] {processor.py:186} INFO - Started process (PID=227) to work on /opt/bitnami/airflow/venv/lib/python3.12/site-packages/airflow/example_dags/example_bash_operator.py
[2024-12-13T11:15:14.873+0000] {processor.py:914} INFO - Processing file /opt/bitnami/airflow/venv/lib/python3.12/site-packages/airflow/example_dags/example_bash_operator.py for tasks to queue
[2024-12-13T11:15:14.875+0000] {logging_mixin.py:190} INFO - [2024-12-13T11:15:14.875+0000] {dagbag.py:588} INFO - Filling up the DagBag from /opt/bitnami/airflow/venv/lib/python3.12/site-packages/airflow/example_dags/example_bash_operator.py
[2024-12-13T11:15:14.888+0000] {processor.py:925} INFO - DAG(s) 'example_bash_operator' retrieved from /opt/bitnami/airflow/venv/lib/python3.12/site-packages/airflow/example_dags/example_bash_operator.py
[2024-12-13T11:15:14.974+0000] {logging_mixin.py:190} INFO - [2024-12-13T11:15:14.974+0000] {dag.py:3239} INFO - Sync 1 DAGs
[2024-12-13T11:15:15.018+0000] {logging_mixin.py:190} INFO - [2024-12-13T11:15:15.017+0000] {dag.py:4180} INFO - Setting next_dagrun for example_bash_operator to 2024-12-12 00:00:00+00:00, run_after=2024-12-13 00:00:00+00:00
[2024-12-13T11:15:15.050+0000] {processor.py:208} INFO - Processing /opt/bitnami/airflow/venv/lib/python3.12/site-packages/airflow/example_dags/example_bash_operator.py took 0.184 seconds
[2024-12-13T11:57:07.504+0000] {processor.py:186} INFO - Started process (PID=56) to work on /opt/bitnami/airflow/venv/lib/python3.12/site-packages/airflow/example_dags/example_bash_operator.py
[2024-12-13T11:57:07.505+0000] {processor.py:914} INFO - Processing file /opt/bitnami/airflow/venv/lib/python3.12/site-packages/airflow/example_dags/example_bash_operator.py for tasks to queue
[2024-12-13T11:57:07.508+0000] {logging_mixin.py:190} INFO - [2024-12-13T11:57:07.507+0000] {dagbag.py:588} INFO - Filling up the DagBag from /opt/bitnami/airflow/venv/lib/python3.12/site-packages/airflow/example_dags/example_bash_operator.py
[2024-12-13T11:57:07.518+0000] {processor.py:925} INFO - DAG(s) 'example_bash_operator' retrieved from /opt/bitnami/airflow/venv/lib/python3.12/site-packages/airflow/example_dags/example_bash_operator.py
[2024-12-13T11:57:07.563+0000] {logging_mixin.py:190} INFO - [2024-12-13T11:57:07.563+0000] {dag.py:3239} INFO - Sync 1 DAGs
[2024-12-13T11:57:07.601+0000] {logging_mixin.py:190} INFO - [2024-12-13T11:57:07.600+0000] {dag.py:4180} INFO - Setting next_dagrun for example_bash_operator to 2024-12-12 00:00:00+00:00, run_after=2024-12-13 00:00:00+00:00
[2024-12-13T11:57:07.630+0000] {processor.py:208} INFO - Processing /opt/bitnami/airflow/venv/lib/python3.12/site-packages/airflow/example_dags/example_bash_operator.py took 0.131 seconds
[2024-12-13T11:57:38.654+0000] {processor.py:186} INFO - Started process (PID=113) to work on /opt/bitnami/airflow/venv/lib/python3.12/site-packages/airflow/example_dags/example_bash_operator.py
[2024-12-13T11:57:38.656+0000] {processor.py:914} INFO - Processing file /opt/bitnami/airflow/venv/lib/python3.12/site-packages/airflow/example_dags/example_bash_operator.py for tasks to queue
[2024-12-13T11:57:38.659+0000] {logging_mixin.py:190} INFO - [2024-12-13T11:57:38.659+0000] {dagbag.py:588} INFO - Filling up the DagBag from /opt/bitnami/airflow/venv/lib/python3.12/site-packages/airflow/example_dags/example_bash_operator.py
[2024-12-13T11:57:38.673+0000] {processor.py:925} INFO - DAG(s) 'example_bash_operator' retrieved from /opt/bitnami/airflow/venv/lib/python3.12/site-packages/airflow/example_dags/example_bash_operator.py
[2024-12-13T11:57:38.722+0000] {logging_mixin.py:190} INFO - [2024-12-13T11:57:38.721+0000] {dag.py:3239} INFO - Sync 1 DAGs
[2024-12-13T11:57:38.769+0000] {logging_mixin.py:190} INFO - [2024-12-13T11:57:38.768+0000] {dag.py:4180} INFO - Setting next_dagrun for example_bash_operator to 2024-12-12 00:00:00+00:00, run_after=2024-12-13 00:00:00+00:00
[2024-12-13T11:57:38.802+0000] {processor.py:208} INFO - Processing /opt/bitnami/airflow/venv/lib/python3.12/site-packages/airflow/example_dags/example_bash_operator.py took 0.155 seconds
[2024-12-13T11:58:33.159+0000] {processor.py:186} INFO - Started process (PID=56) to work on /opt/bitnami/airflow/venv/lib/python3.12/site-packages/airflow/example_dags/example_bash_operator.py
[2024-12-13T11:58:33.161+0000] {processor.py:914} INFO - Processing file /opt/bitnami/airflow/venv/lib/python3.12/site-packages/airflow/example_dags/example_bash_operator.py for tasks to queue
[2024-12-13T11:58:33.164+0000] {logging_mixin.py:190} INFO - [2024-12-13T11:58:33.164+0000] {dagbag.py:588} INFO - Filling up the DagBag from /opt/bitnami/airflow/venv/lib/python3.12/site-packages/airflow/example_dags/example_bash_operator.py
[2024-12-13T11:58:33.175+0000] {processor.py:925} INFO - DAG(s) 'example_bash_operator' retrieved from /opt/bitnami/airflow/venv/lib/python3.12/site-packages/airflow/example_dags/example_bash_operator.py
[2024-12-13T11:58:33.221+0000] {logging_mixin.py:190} INFO - [2024-12-13T11:58:33.221+0000] {dag.py:3239} INFO - Sync 1 DAGs
[2024-12-13T11:58:33.258+0000] {logging_mixin.py:190} INFO - [2024-12-13T11:58:33.258+0000] {dag.py:4180} INFO - Setting next_dagrun for example_bash_operator to 2024-12-12 00:00:00+00:00, run_after=2024-12-13 00:00:00+00:00
[2024-12-13T11:58:33.286+0000] {processor.py:208} INFO - Processing /opt/bitnami/airflow/venv/lib/python3.12/site-packages/airflow/example_dags/example_bash_operator.py took 0.131 seconds
[2024-12-13T11:59:04.078+0000] {processor.py:186} INFO - Started process (PID=113) to work on /opt/bitnami/airflow/venv/lib/python3.12/site-packages/airflow/example_dags/example_bash_operator.py
[2024-12-13T11:59:04.079+0000] {processor.py:914} INFO - Processing file /opt/bitnami/airflow/venv/lib/python3.12/site-packages/airflow/example_dags/example_bash_operator.py for tasks to queue
[2024-12-13T11:59:04.081+0000] {logging_mixin.py:190} INFO - [2024-12-13T11:59:04.081+0000] {dagbag.py:588} INFO - Filling up the DagBag from /opt/bitnami/airflow/venv/lib/python3.12/site-packages/airflow/example_dags/example_bash_operator.py
[2024-12-13T11:59:04.092+0000] {processor.py:925} INFO - DAG(s) 'example_bash_operator' retrieved from /opt/bitnami/airflow/venv/lib/python3.12/site-packages/airflow/example_dags/example_bash_operator.py
[2024-12-13T11:59:04.139+0000] {logging_mixin.py:190} INFO - [2024-12-13T11:59:04.139+0000] {dag.py:3239} INFO - Sync 1 DAGs
[2024-12-13T11:59:04.179+0000] {logging_mixin.py:190} INFO - [2024-12-13T11:59:04.179+0000] {dag.py:4180} INFO - Setting next_dagrun for example_bash_operator to 2024-12-12 00:00:00+00:00, run_after=2024-12-13 00:00:00+00:00
[2024-12-13T11:59:04.211+0000] {processor.py:208} INFO - Processing /opt/bitnami/airflow/venv/lib/python3.12/site-packages/airflow/example_dags/example_bash_operator.py took 0.138 seconds
[2024-12-13T11:59:34.650+0000] {processor.py:186} INFO - Started process (PID=170) to work on /opt/bitnami/airflow/venv/lib/python3.12/site-packages/airflow/example_dags/example_bash_operator.py
[2024-12-13T11:59:34.651+0000] {processor.py:914} INFO - Processing file /opt/bitnami/airflow/venv/lib/python3.12/site-packages/airflow/example_dags/example_bash_operator.py for tasks to queue
[2024-12-13T11:59:34.653+0000] {logging_mixin.py:190} INFO - [2024-12-13T11:59:34.653+0000] {dagbag.py:588} INFO - Filling up the DagBag from /opt/bitnami/airflow/venv/lib/python3.12/site-packages/airflow/example_dags/example_bash_operator.py
[2024-12-13T11:59:34.662+0000] {processor.py:925} INFO - DAG(s) 'example_bash_operator' retrieved from /opt/bitnami/airflow/venv/lib/python3.12/site-packages/airflow/example_dags/example_bash_operator.py
[2024-12-13T11:59:34.747+0000] {logging_mixin.py:190} INFO - [2024-12-13T11:59:34.747+0000] {dag.py:3239} INFO - Sync 1 DAGs
[2024-12-13T11:59:34.774+0000] {logging_mixin.py:190} INFO - [2024-12-13T11:59:34.774+0000] {dag.py:4180} INFO - Setting next_dagrun for example_bash_operator to 2024-12-12 00:00:00+00:00, run_after=2024-12-13 00:00:00+00:00
[2024-12-13T11:59:34.804+0000] {processor.py:208} INFO - Processing /opt/bitnami/airflow/venv/lib/python3.12/site-packages/airflow/example_dags/example_bash_operator.py took 0.158 seconds
[2024-12-13T12:00:05.564+0000] {processor.py:186} INFO - Started process (PID=227) to work on /opt/bitnami/airflow/venv/lib/python3.12/site-packages/airflow/example_dags/example_bash_operator.py
[2024-12-13T12:00:05.564+0000] {processor.py:914} INFO - Processing file /opt/bitnami/airflow/venv/lib/python3.12/site-packages/airflow/example_dags/example_bash_operator.py for tasks to queue
[2024-12-13T12:00:05.566+0000] {logging_mixin.py:190} INFO - [2024-12-13T12:00:05.566+0000] {dagbag.py:588} INFO - Filling up the DagBag from /opt/bitnami/airflow/venv/lib/python3.12/site-packages/airflow/example_dags/example_bash_operator.py
[2024-12-13T12:00:05.575+0000] {processor.py:925} INFO - DAG(s) 'example_bash_operator' retrieved from /opt/bitnami/airflow/venv/lib/python3.12/site-packages/airflow/example_dags/example_bash_operator.py
[2024-12-13T12:00:05.607+0000] {logging_mixin.py:190} INFO - [2024-12-13T12:00:05.607+0000] {dag.py:3239} INFO - Sync 1 DAGs
[2024-12-13T12:00:05.631+0000] {logging_mixin.py:190} INFO - [2024-12-13T12:00:05.631+0000] {dag.py:4180} INFO - Setting next_dagrun for example_bash_operator to 2024-12-12 00:00:00+00:00, run_after=2024-12-13 00:00:00+00:00
[2024-12-13T12:00:05.649+0000] {processor.py:208} INFO - Processing /opt/bitnami/airflow/venv/lib/python3.12/site-packages/airflow/example_dags/example_bash_operator.py took 0.090 seconds
[2024-12-13T12:00:35.833+0000] {processor.py:186} INFO - Started process (PID=284) to work on /opt/bitnami/airflow/venv/lib/python3.12/site-packages/airflow/example_dags/example_bash_operator.py
[2024-12-13T12:00:35.834+0000] {processor.py:914} INFO - Processing file /opt/bitnami/airflow/venv/lib/python3.12/site-packages/airflow/example_dags/example_bash_operator.py for tasks to queue
[2024-12-13T12:00:35.836+0000] {logging_mixin.py:190} INFO - [2024-12-13T12:00:35.835+0000] {dagbag.py:588} INFO - Filling up the DagBag from /opt/bitnami/airflow/venv/lib/python3.12/site-packages/airflow/example_dags/example_bash_operator.py
[2024-12-13T12:00:35.845+0000] {processor.py:925} INFO - DAG(s) 'example_bash_operator' retrieved from /opt/bitnami/airflow/venv/lib/python3.12/site-packages/airflow/example_dags/example_bash_operator.py
[2024-12-13T12:00:35.876+0000] {logging_mixin.py:190} INFO - [2024-12-13T12:00:35.876+0000] {dag.py:3239} INFO - Sync 1 DAGs
[2024-12-13T12:00:35.901+0000] {logging_mixin.py:190} INFO - [2024-12-13T12:00:35.900+0000] {dag.py:4180} INFO - Setting next_dagrun for example_bash_operator to 2024-12-12 00:00:00+00:00, run_after=2024-12-13 00:00:00+00:00
[2024-12-13T12:00:35.918+0000] {processor.py:208} INFO - Processing /opt/bitnami/airflow/venv/lib/python3.12/site-packages/airflow/example_dags/example_bash_operator.py took 0.090 seconds
[2024-12-13T12:01:06.560+0000] {processor.py:186} INFO - Started process (PID=341) to work on /opt/bitnami/airflow/venv/lib/python3.12/site-packages/airflow/example_dags/example_bash_operator.py
[2024-12-13T12:01:06.561+0000] {processor.py:914} INFO - Processing file /opt/bitnami/airflow/venv/lib/python3.12/site-packages/airflow/example_dags/example_bash_operator.py for tasks to queue
[2024-12-13T12:01:06.563+0000] {logging_mixin.py:190} INFO - [2024-12-13T12:01:06.562+0000] {dagbag.py:588} INFO - Filling up the DagBag from /opt/bitnami/airflow/venv/lib/python3.12/site-packages/airflow/example_dags/example_bash_operator.py
[2024-12-13T12:01:06.571+0000] {processor.py:925} INFO - DAG(s) 'example_bash_operator' retrieved from /opt/bitnami/airflow/venv/lib/python3.12/site-packages/airflow/example_dags/example_bash_operator.py
[2024-12-13T12:01:06.601+0000] {logging_mixin.py:190} INFO - [2024-12-13T12:01:06.601+0000] {dag.py:3239} INFO - Sync 1 DAGs
[2024-12-13T12:01:06.626+0000] {logging_mixin.py:190} INFO - [2024-12-13T12:01:06.625+0000] {dag.py:4180} INFO - Setting next_dagrun for example_bash_operator to 2024-12-12 00:00:00+00:00, run_after=2024-12-13 00:00:00+00:00
[2024-12-13T12:01:06.643+0000] {processor.py:208} INFO - Processing /opt/bitnami/airflow/venv/lib/python3.12/site-packages/airflow/example_dags/example_bash_operator.py took 0.087 seconds
[2024-12-13T12:01:37.310+0000] {processor.py:186} INFO - Started process (PID=398) to work on /opt/bitnami/airflow/venv/lib/python3.12/site-packages/airflow/example_dags/example_bash_operator.py
[2024-12-13T12:01:37.311+0000] {processor.py:914} INFO - Processing file /opt/bitnami/airflow/venv/lib/python3.12/site-packages/airflow/example_dags/example_bash_operator.py for tasks to queue
[2024-12-13T12:01:37.313+0000] {logging_mixin.py:190} INFO - [2024-12-13T12:01:37.313+0000] {dagbag.py:588} INFO - Filling up the DagBag from /opt/bitnami/airflow/venv/lib/python3.12/site-packages/airflow/example_dags/example_bash_operator.py
[2024-12-13T12:01:37.323+0000] {processor.py:925} INFO - DAG(s) 'example_bash_operator' retrieved from /opt/bitnami/airflow/venv/lib/python3.12/site-packages/airflow/example_dags/example_bash_operator.py
[2024-12-13T12:01:37.365+0000] {logging_mixin.py:190} INFO - [2024-12-13T12:01:37.365+0000] {dag.py:3239} INFO - Sync 1 DAGs
[2024-12-13T12:01:37.396+0000] {logging_mixin.py:190} INFO - [2024-12-13T12:01:37.395+0000] {dag.py:4180} INFO - Setting next_dagrun for example_bash_operator to 2024-12-12 00:00:00+00:00, run_after=2024-12-13 00:00:00+00:00
[2024-12-13T12:01:37.417+0000] {processor.py:208} INFO - Processing /opt/bitnami/airflow/venv/lib/python3.12/site-packages/airflow/example_dags/example_bash_operator.py took 0.113 seconds
[2024-12-13T12:02:08.510+0000] {processor.py:186} INFO - Started process (PID=455) to work on /opt/bitnami/airflow/venv/lib/python3.12/site-packages/airflow/example_dags/example_bash_operator.py
[2024-12-13T12:02:08.511+0000] {processor.py:914} INFO - Processing file /opt/bitnami/airflow/venv/lib/python3.12/site-packages/airflow/example_dags/example_bash_operator.py for tasks to queue
[2024-12-13T12:02:08.513+0000] {logging_mixin.py:190} INFO - [2024-12-13T12:02:08.513+0000] {dagbag.py:588} INFO - Filling up the DagBag from /opt/bitnami/airflow/venv/lib/python3.12/site-packages/airflow/example_dags/example_bash_operator.py
[2024-12-13T12:02:08.523+0000] {processor.py:925} INFO - DAG(s) 'example_bash_operator' retrieved from /opt/bitnami/airflow/venv/lib/python3.12/site-packages/airflow/example_dags/example_bash_operator.py
[2024-12-13T12:02:08.570+0000] {logging_mixin.py:190} INFO - [2024-12-13T12:02:08.570+0000] {dag.py:3239} INFO - Sync 1 DAGs
[2024-12-13T12:02:08.595+0000] {logging_mixin.py:190} INFO - [2024-12-13T12:02:08.595+0000] {dag.py:4180} INFO - Setting next_dagrun for example_bash_operator to 2024-12-12 00:00:00+00:00, run_after=2024-12-13 00:00:00+00:00
[2024-12-13T12:02:08.618+0000] {processor.py:208} INFO - Processing /opt/bitnami/airflow/venv/lib/python3.12/site-packages/airflow/example_dags/example_bash_operator.py took 0.113 seconds
