[2024-12-13T08:19:44.624+0000] {processor.py:186} INFO - Started process (PID=65) to work on /opt/bitnami/airflow/venv/lib/python3.12/site-packages/airflow/example_dags/example_branch_operator_decorator.py
[2024-12-13T08:19:44.625+0000] {processor.py:914} INFO - Processing file /opt/bitnami/airflow/venv/lib/python3.12/site-packages/airflow/example_dags/example_branch_operator_decorator.py for tasks to queue
[2024-12-13T08:19:44.627+0000] {logging_mixin.py:190} INFO - [2024-12-13T08:19:44.627+0000] {dagbag.py:588} INFO - Filling up the DagBag from /opt/bitnami/airflow/venv/lib/python3.12/site-packages/airflow/example_dags/example_branch_operator_decorator.py
[2024-12-13T08:19:44.642+0000] {processor.py:925} INFO - DAG(s) 'example_branch_python_operator_decorator' retrieved from /opt/bitnami/airflow/venv/lib/python3.12/site-packages/airflow/example_dags/example_branch_operator_decorator.py
[2024-12-13T08:19:44.736+0000] {logging_mixin.py:190} INFO - [2024-12-13T08:19:44.735+0000] {dag.py:3239} INFO - Sync 1 DAGs
[2024-12-13T08:19:44.759+0000] {logging_mixin.py:190} INFO - [2024-12-13T08:19:44.759+0000] {dag.py:4180} INFO - Setting next_dagrun for example_branch_python_operator_decorator to 2024-12-12 00:00:00+00:00, run_after=2024-12-13 00:00:00+00:00
[2024-12-13T08:19:44.784+0000] {processor.py:208} INFO - Processing /opt/bitnami/airflow/venv/lib/python3.12/site-packages/airflow/example_dags/example_branch_operator_decorator.py took 0.164 seconds
[2024-12-13T08:20:14.945+0000] {processor.py:186} INFO - Started process (PID=123) to work on /opt/bitnami/airflow/venv/lib/python3.12/site-packages/airflow/example_dags/example_branch_operator_decorator.py
[2024-12-13T08:20:14.947+0000] {processor.py:914} INFO - Processing file /opt/bitnami/airflow/venv/lib/python3.12/site-packages/airflow/example_dags/example_branch_operator_decorator.py for tasks to queue
[2024-12-13T08:20:14.949+0000] {logging_mixin.py:190} INFO - [2024-12-13T08:20:14.949+0000] {dagbag.py:588} INFO - Filling up the DagBag from /opt/bitnami/airflow/venv/lib/python3.12/site-packages/airflow/example_dags/example_branch_operator_decorator.py
[2024-12-13T08:20:14.965+0000] {processor.py:925} INFO - DAG(s) 'example_branch_python_operator_decorator' retrieved from /opt/bitnami/airflow/venv/lib/python3.12/site-packages/airflow/example_dags/example_branch_operator_decorator.py
[2024-12-13T08:20:15.005+0000] {logging_mixin.py:190} INFO - [2024-12-13T08:20:15.004+0000] {dag.py:3239} INFO - Sync 1 DAGs
[2024-12-13T08:20:15.036+0000] {logging_mixin.py:190} INFO - [2024-12-13T08:20:15.035+0000] {dag.py:4180} INFO - Setting next_dagrun for example_branch_python_operator_decorator to 2024-12-12 00:00:00+00:00, run_after=2024-12-13 00:00:00+00:00
[2024-12-13T08:20:15.063+0000] {processor.py:208} INFO - Processing /opt/bitnami/airflow/venv/lib/python3.12/site-packages/airflow/example_dags/example_branch_operator_decorator.py took 0.122 seconds
[2024-12-13T08:20:45.555+0000] {processor.py:186} INFO - Started process (PID=180) to work on /opt/bitnami/airflow/venv/lib/python3.12/site-packages/airflow/example_dags/example_branch_operator_decorator.py
[2024-12-13T08:20:45.556+0000] {processor.py:914} INFO - Processing file /opt/bitnami/airflow/venv/lib/python3.12/site-packages/airflow/example_dags/example_branch_operator_decorator.py for tasks to queue
[2024-12-13T08:20:45.558+0000] {logging_mixin.py:190} INFO - [2024-12-13T08:20:45.557+0000] {dagbag.py:588} INFO - Filling up the DagBag from /opt/bitnami/airflow/venv/lib/python3.12/site-packages/airflow/example_dags/example_branch_operator_decorator.py
[2024-12-13T08:20:45.573+0000] {processor.py:925} INFO - DAG(s) 'example_branch_python_operator_decorator' retrieved from /opt/bitnami/airflow/venv/lib/python3.12/site-packages/airflow/example_dags/example_branch_operator_decorator.py
[2024-12-13T08:20:45.610+0000] {logging_mixin.py:190} INFO - [2024-12-13T08:20:45.610+0000] {dag.py:3239} INFO - Sync 1 DAGs
[2024-12-13T08:20:45.638+0000] {logging_mixin.py:190} INFO - [2024-12-13T08:20:45.638+0000] {dag.py:4180} INFO - Setting next_dagrun for example_branch_python_operator_decorator to 2024-12-12 00:00:00+00:00, run_after=2024-12-13 00:00:00+00:00
[2024-12-13T08:20:45.661+0000] {processor.py:208} INFO - Processing /opt/bitnami/airflow/venv/lib/python3.12/site-packages/airflow/example_dags/example_branch_operator_decorator.py took 0.111 seconds
[2024-12-13T08:21:16.276+0000] {processor.py:186} INFO - Started process (PID=236) to work on /opt/bitnami/airflow/venv/lib/python3.12/site-packages/airflow/example_dags/example_branch_operator_decorator.py
[2024-12-13T08:21:16.277+0000] {processor.py:914} INFO - Processing file /opt/bitnami/airflow/venv/lib/python3.12/site-packages/airflow/example_dags/example_branch_operator_decorator.py for tasks to queue
[2024-12-13T08:21:16.279+0000] {logging_mixin.py:190} INFO - [2024-12-13T08:21:16.279+0000] {dagbag.py:588} INFO - Filling up the DagBag from /opt/bitnami/airflow/venv/lib/python3.12/site-packages/airflow/example_dags/example_branch_operator_decorator.py
[2024-12-13T08:21:16.298+0000] {processor.py:925} INFO - DAG(s) 'example_branch_python_operator_decorator' retrieved from /opt/bitnami/airflow/venv/lib/python3.12/site-packages/airflow/example_dags/example_branch_operator_decorator.py
[2024-12-13T08:21:16.392+0000] {logging_mixin.py:190} INFO - [2024-12-13T08:21:16.392+0000] {dag.py:3239} INFO - Sync 1 DAGs
[2024-12-13T08:21:16.418+0000] {logging_mixin.py:190} INFO - [2024-12-13T08:21:16.418+0000] {dag.py:4180} INFO - Setting next_dagrun for example_branch_python_operator_decorator to 2024-12-12 00:00:00+00:00, run_after=2024-12-13 00:00:00+00:00
[2024-12-13T08:21:16.437+0000] {processor.py:208} INFO - Processing /opt/bitnami/airflow/venv/lib/python3.12/site-packages/airflow/example_dags/example_branch_operator_decorator.py took 0.166 seconds
[2024-12-13T08:21:47.391+0000] {processor.py:186} INFO - Started process (PID=293) to work on /opt/bitnami/airflow/venv/lib/python3.12/site-packages/airflow/example_dags/example_branch_operator_decorator.py
[2024-12-13T08:21:47.392+0000] {processor.py:914} INFO - Processing file /opt/bitnami/airflow/venv/lib/python3.12/site-packages/airflow/example_dags/example_branch_operator_decorator.py for tasks to queue
[2024-12-13T08:21:47.395+0000] {logging_mixin.py:190} INFO - [2024-12-13T08:21:47.394+0000] {dagbag.py:588} INFO - Filling up the DagBag from /opt/bitnami/airflow/venv/lib/python3.12/site-packages/airflow/example_dags/example_branch_operator_decorator.py
[2024-12-13T08:21:47.414+0000] {processor.py:925} INFO - DAG(s) 'example_branch_python_operator_decorator' retrieved from /opt/bitnami/airflow/venv/lib/python3.12/site-packages/airflow/example_dags/example_branch_operator_decorator.py
[2024-12-13T08:21:47.458+0000] {logging_mixin.py:190} INFO - [2024-12-13T08:21:47.458+0000] {dag.py:3239} INFO - Sync 1 DAGs
[2024-12-13T08:21:47.491+0000] {logging_mixin.py:190} INFO - [2024-12-13T08:21:47.491+0000] {dag.py:4180} INFO - Setting next_dagrun for example_branch_python_operator_decorator to 2024-12-12 00:00:00+00:00, run_after=2024-12-13 00:00:00+00:00
[2024-12-13T08:21:47.510+0000] {processor.py:208} INFO - Processing /opt/bitnami/airflow/venv/lib/python3.12/site-packages/airflow/example_dags/example_branch_operator_decorator.py took 0.125 seconds
[2024-12-13T08:22:17.685+0000] {processor.py:186} INFO - Started process (PID=350) to work on /opt/bitnami/airflow/venv/lib/python3.12/site-packages/airflow/example_dags/example_branch_operator_decorator.py
[2024-12-13T08:22:17.686+0000] {processor.py:914} INFO - Processing file /opt/bitnami/airflow/venv/lib/python3.12/site-packages/airflow/example_dags/example_branch_operator_decorator.py for tasks to queue
[2024-12-13T08:22:17.687+0000] {logging_mixin.py:190} INFO - [2024-12-13T08:22:17.687+0000] {dagbag.py:588} INFO - Filling up the DagBag from /opt/bitnami/airflow/venv/lib/python3.12/site-packages/airflow/example_dags/example_branch_operator_decorator.py
[2024-12-13T08:22:17.703+0000] {processor.py:925} INFO - DAG(s) 'example_branch_python_operator_decorator' retrieved from /opt/bitnami/airflow/venv/lib/python3.12/site-packages/airflow/example_dags/example_branch_operator_decorator.py
[2024-12-13T08:22:17.739+0000] {logging_mixin.py:190} INFO - [2024-12-13T08:22:17.739+0000] {dag.py:3239} INFO - Sync 1 DAGs
[2024-12-13T08:22:17.764+0000] {logging_mixin.py:190} INFO - [2024-12-13T08:22:17.764+0000] {dag.py:4180} INFO - Setting next_dagrun for example_branch_python_operator_decorator to 2024-12-12 00:00:00+00:00, run_after=2024-12-13 00:00:00+00:00
[2024-12-13T08:22:17.790+0000] {processor.py:208} INFO - Processing /opt/bitnami/airflow/venv/lib/python3.12/site-packages/airflow/example_dags/example_branch_operator_decorator.py took 0.110 seconds
[2024-12-13T08:22:48.541+0000] {processor.py:186} INFO - Started process (PID=407) to work on /opt/bitnami/airflow/venv/lib/python3.12/site-packages/airflow/example_dags/example_branch_operator_decorator.py
[2024-12-13T08:22:48.542+0000] {processor.py:914} INFO - Processing file /opt/bitnami/airflow/venv/lib/python3.12/site-packages/airflow/example_dags/example_branch_operator_decorator.py for tasks to queue
[2024-12-13T08:22:48.544+0000] {logging_mixin.py:190} INFO - [2024-12-13T08:22:48.543+0000] {dagbag.py:588} INFO - Filling up the DagBag from /opt/bitnami/airflow/venv/lib/python3.12/site-packages/airflow/example_dags/example_branch_operator_decorator.py
[2024-12-13T08:22:48.559+0000] {processor.py:925} INFO - DAG(s) 'example_branch_python_operator_decorator' retrieved from /opt/bitnami/airflow/venv/lib/python3.12/site-packages/airflow/example_dags/example_branch_operator_decorator.py
[2024-12-13T08:22:48.597+0000] {logging_mixin.py:190} INFO - [2024-12-13T08:22:48.597+0000] {dag.py:3239} INFO - Sync 1 DAGs
[2024-12-13T08:22:48.621+0000] {logging_mixin.py:190} INFO - [2024-12-13T08:22:48.620+0000] {dag.py:4180} INFO - Setting next_dagrun for example_branch_python_operator_decorator to 2024-12-12 00:00:00+00:00, run_after=2024-12-13 00:00:00+00:00
[2024-12-13T08:22:48.639+0000] {processor.py:208} INFO - Processing /opt/bitnami/airflow/venv/lib/python3.12/site-packages/airflow/example_dags/example_branch_operator_decorator.py took 0.102 seconds
[2024-12-13T08:25:45.623+0000] {processor.py:186} INFO - Started process (PID=65) to work on /opt/bitnami/airflow/venv/lib/python3.12/site-packages/airflow/example_dags/example_branch_operator_decorator.py
[2024-12-13T08:25:45.624+0000] {processor.py:914} INFO - Processing file /opt/bitnami/airflow/venv/lib/python3.12/site-packages/airflow/example_dags/example_branch_operator_decorator.py for tasks to queue
[2024-12-13T08:25:45.626+0000] {logging_mixin.py:190} INFO - [2024-12-13T08:25:45.626+0000] {dagbag.py:588} INFO - Filling up the DagBag from /opt/bitnami/airflow/venv/lib/python3.12/site-packages/airflow/example_dags/example_branch_operator_decorator.py
[2024-12-13T08:25:45.642+0000] {processor.py:925} INFO - DAG(s) 'example_branch_python_operator_decorator' retrieved from /opt/bitnami/airflow/venv/lib/python3.12/site-packages/airflow/example_dags/example_branch_operator_decorator.py
[2024-12-13T08:25:45.750+0000] {logging_mixin.py:190} INFO - [2024-12-13T08:25:45.750+0000] {dag.py:3239} INFO - Sync 1 DAGs
[2024-12-13T08:25:45.780+0000] {logging_mixin.py:190} INFO - [2024-12-13T08:25:45.780+0000] {dag.py:4180} INFO - Setting next_dagrun for example_branch_python_operator_decorator to 2024-12-12 00:00:00+00:00, run_after=2024-12-13 00:00:00+00:00
[2024-12-13T08:25:45.806+0000] {processor.py:208} INFO - Processing /opt/bitnami/airflow/venv/lib/python3.12/site-packages/airflow/example_dags/example_branch_operator_decorator.py took 0.188 seconds
[2024-12-13T08:26:16.113+0000] {processor.py:186} INFO - Started process (PID=122) to work on /opt/bitnami/airflow/venv/lib/python3.12/site-packages/airflow/example_dags/example_branch_operator_decorator.py
[2024-12-13T08:26:16.114+0000] {processor.py:914} INFO - Processing file /opt/bitnami/airflow/venv/lib/python3.12/site-packages/airflow/example_dags/example_branch_operator_decorator.py for tasks to queue
[2024-12-13T08:26:16.116+0000] {logging_mixin.py:190} INFO - [2024-12-13T08:26:16.116+0000] {dagbag.py:588} INFO - Filling up the DagBag from /opt/bitnami/airflow/venv/lib/python3.12/site-packages/airflow/example_dags/example_branch_operator_decorator.py
[2024-12-13T08:26:16.132+0000] {processor.py:925} INFO - DAG(s) 'example_branch_python_operator_decorator' retrieved from /opt/bitnami/airflow/venv/lib/python3.12/site-packages/airflow/example_dags/example_branch_operator_decorator.py
[2024-12-13T08:26:16.165+0000] {logging_mixin.py:190} INFO - [2024-12-13T08:26:16.165+0000] {dag.py:3239} INFO - Sync 1 DAGs
[2024-12-13T08:26:16.191+0000] {logging_mixin.py:190} INFO - [2024-12-13T08:26:16.191+0000] {dag.py:4180} INFO - Setting next_dagrun for example_branch_python_operator_decorator to 2024-12-12 00:00:00+00:00, run_after=2024-12-13 00:00:00+00:00
[2024-12-13T08:26:16.213+0000] {processor.py:208} INFO - Processing /opt/bitnami/airflow/venv/lib/python3.12/site-packages/airflow/example_dags/example_branch_operator_decorator.py took 0.104 seconds
[2024-12-13T08:26:47.991+0000] {processor.py:186} INFO - Started process (PID=179) to work on /opt/bitnami/airflow/venv/lib/python3.12/site-packages/airflow/example_dags/example_branch_operator_decorator.py
[2024-12-13T08:26:47.992+0000] {processor.py:914} INFO - Processing file /opt/bitnami/airflow/venv/lib/python3.12/site-packages/airflow/example_dags/example_branch_operator_decorator.py for tasks to queue
[2024-12-13T08:26:47.994+0000] {logging_mixin.py:190} INFO - [2024-12-13T08:26:47.994+0000] {dagbag.py:588} INFO - Filling up the DagBag from /opt/bitnami/airflow/venv/lib/python3.12/site-packages/airflow/example_dags/example_branch_operator_decorator.py
[2024-12-13T08:26:48.010+0000] {processor.py:925} INFO - DAG(s) 'example_branch_python_operator_decorator' retrieved from /opt/bitnami/airflow/venv/lib/python3.12/site-packages/airflow/example_dags/example_branch_operator_decorator.py
[2024-12-13T08:26:48.090+0000] {logging_mixin.py:190} INFO - [2024-12-13T08:26:48.090+0000] {dag.py:3239} INFO - Sync 1 DAGs
[2024-12-13T08:26:48.111+0000] {logging_mixin.py:190} INFO - [2024-12-13T08:26:48.111+0000] {dag.py:4180} INFO - Setting next_dagrun for example_branch_python_operator_decorator to 2024-12-12 00:00:00+00:00, run_after=2024-12-13 00:00:00+00:00
[2024-12-13T08:26:48.132+0000] {processor.py:208} INFO - Processing /opt/bitnami/airflow/venv/lib/python3.12/site-packages/airflow/example_dags/example_branch_operator_decorator.py took 0.145 seconds
[2024-12-13T08:27:18.171+0000] {processor.py:186} INFO - Started process (PID=236) to work on /opt/bitnami/airflow/venv/lib/python3.12/site-packages/airflow/example_dags/example_branch_operator_decorator.py
[2024-12-13T08:27:18.171+0000] {processor.py:914} INFO - Processing file /opt/bitnami/airflow/venv/lib/python3.12/site-packages/airflow/example_dags/example_branch_operator_decorator.py for tasks to queue
[2024-12-13T08:27:18.173+0000] {logging_mixin.py:190} INFO - [2024-12-13T08:27:18.173+0000] {dagbag.py:588} INFO - Filling up the DagBag from /opt/bitnami/airflow/venv/lib/python3.12/site-packages/airflow/example_dags/example_branch_operator_decorator.py
[2024-12-13T08:27:18.188+0000] {processor.py:925} INFO - DAG(s) 'example_branch_python_operator_decorator' retrieved from /opt/bitnami/airflow/venv/lib/python3.12/site-packages/airflow/example_dags/example_branch_operator_decorator.py
[2024-12-13T08:27:18.223+0000] {logging_mixin.py:190} INFO - [2024-12-13T08:27:18.223+0000] {dag.py:3239} INFO - Sync 1 DAGs
[2024-12-13T08:27:18.251+0000] {logging_mixin.py:190} INFO - [2024-12-13T08:27:18.251+0000] {dag.py:4180} INFO - Setting next_dagrun for example_branch_python_operator_decorator to 2024-12-12 00:00:00+00:00, run_after=2024-12-13 00:00:00+00:00
[2024-12-13T08:27:18.267+0000] {processor.py:208} INFO - Processing /opt/bitnami/airflow/venv/lib/python3.12/site-packages/airflow/example_dags/example_branch_operator_decorator.py took 0.101 seconds
[2024-12-13T10:42:38.480+0000] {processor.py:186} INFO - Started process (PID=65) to work on /opt/bitnami/airflow/venv/lib/python3.12/site-packages/airflow/example_dags/example_branch_operator_decorator.py
[2024-12-13T10:42:38.482+0000] {processor.py:914} INFO - Processing file /opt/bitnami/airflow/venv/lib/python3.12/site-packages/airflow/example_dags/example_branch_operator_decorator.py for tasks to queue
[2024-12-13T10:42:38.486+0000] {logging_mixin.py:190} INFO - [2024-12-13T10:42:38.485+0000] {dagbag.py:588} INFO - Filling up the DagBag from /opt/bitnami/airflow/venv/lib/python3.12/site-packages/airflow/example_dags/example_branch_operator_decorator.py
[2024-12-13T10:42:38.505+0000] {processor.py:925} INFO - DAG(s) 'example_branch_python_operator_decorator' retrieved from /opt/bitnami/airflow/venv/lib/python3.12/site-packages/airflow/example_dags/example_branch_operator_decorator.py
[2024-12-13T10:42:38.668+0000] {logging_mixin.py:190} INFO - [2024-12-13T10:42:38.667+0000] {override.py:1900} INFO - Created Permission View: can read on DAG:example_branch_python_operator_decorator
[2024-12-13T10:42:38.681+0000] {logging_mixin.py:190} INFO - [2024-12-13T10:42:38.681+0000] {override.py:1900} INFO - Created Permission View: can delete on DAG:example_branch_python_operator_decorator
[2024-12-13T10:42:38.691+0000] {logging_mixin.py:190} INFO - [2024-12-13T10:42:38.691+0000] {override.py:1900} INFO - Created Permission View: can edit on DAG:example_branch_python_operator_decorator
[2024-12-13T10:42:38.704+0000] {logging_mixin.py:190} INFO - [2024-12-13T10:42:38.704+0000] {override.py:1900} INFO - Created Permission View: can delete on DAG Run:example_branch_python_operator_decorator
[2024-12-13T10:42:38.713+0000] {logging_mixin.py:190} INFO - [2024-12-13T10:42:38.713+0000] {override.py:1900} INFO - Created Permission View: can read on DAG Run:example_branch_python_operator_decorator
[2024-12-13T10:42:38.722+0000] {logging_mixin.py:190} INFO - [2024-12-13T10:42:38.722+0000] {override.py:1900} INFO - Created Permission View: can create on DAG Run:example_branch_python_operator_decorator
[2024-12-13T10:42:38.729+0000] {logging_mixin.py:190} INFO - [2024-12-13T10:42:38.729+0000] {override.py:1900} INFO - Created Permission View: menu access on DAG Run:example_branch_python_operator_decorator
[2024-12-13T10:42:38.730+0000] {logging_mixin.py:190} INFO - [2024-12-13T10:42:38.730+0000] {dag.py:3239} INFO - Sync 1 DAGs
[2024-12-13T10:42:38.765+0000] {logging_mixin.py:190} INFO - [2024-12-13T10:42:38.765+0000] {dag.py:3262} INFO - Creating ORM DAG for example_branch_python_operator_decorator
[2024-12-13T10:42:38.783+0000] {logging_mixin.py:190} INFO - [2024-12-13T10:42:38.783+0000] {dag.py:4180} INFO - Setting next_dagrun for example_branch_python_operator_decorator to 2024-12-12 00:00:00+00:00, run_after=2024-12-13 00:00:00+00:00
[2024-12-13T10:42:38.828+0000] {processor.py:208} INFO - Processing /opt/bitnami/airflow/venv/lib/python3.12/site-packages/airflow/example_dags/example_branch_operator_decorator.py took 0.353 seconds
[2024-12-13T10:43:09.113+0000] {processor.py:186} INFO - Started process (PID=122) to work on /opt/bitnami/airflow/venv/lib/python3.12/site-packages/airflow/example_dags/example_branch_operator_decorator.py
[2024-12-13T10:43:09.115+0000] {processor.py:914} INFO - Processing file /opt/bitnami/airflow/venv/lib/python3.12/site-packages/airflow/example_dags/example_branch_operator_decorator.py for tasks to queue
[2024-12-13T10:43:09.117+0000] {logging_mixin.py:190} INFO - [2024-12-13T10:43:09.117+0000] {dagbag.py:588} INFO - Filling up the DagBag from /opt/bitnami/airflow/venv/lib/python3.12/site-packages/airflow/example_dags/example_branch_operator_decorator.py
[2024-12-13T10:43:09.138+0000] {processor.py:925} INFO - DAG(s) 'example_branch_python_operator_decorator' retrieved from /opt/bitnami/airflow/venv/lib/python3.12/site-packages/airflow/example_dags/example_branch_operator_decorator.py
[2024-12-13T10:43:09.210+0000] {logging_mixin.py:190} INFO - [2024-12-13T10:43:09.210+0000] {dag.py:3239} INFO - Sync 1 DAGs
[2024-12-13T10:43:09.259+0000] {logging_mixin.py:190} INFO - [2024-12-13T10:43:09.259+0000] {dag.py:4180} INFO - Setting next_dagrun for example_branch_python_operator_decorator to 2024-12-12 00:00:00+00:00, run_after=2024-12-13 00:00:00+00:00
[2024-12-13T10:43:09.293+0000] {processor.py:208} INFO - Processing /opt/bitnami/airflow/venv/lib/python3.12/site-packages/airflow/example_dags/example_branch_operator_decorator.py took 0.184 seconds
[2024-12-13T10:43:39.558+0000] {processor.py:186} INFO - Started process (PID=179) to work on /opt/bitnami/airflow/venv/lib/python3.12/site-packages/airflow/example_dags/example_branch_operator_decorator.py
[2024-12-13T10:43:39.560+0000] {processor.py:914} INFO - Processing file /opt/bitnami/airflow/venv/lib/python3.12/site-packages/airflow/example_dags/example_branch_operator_decorator.py for tasks to queue
[2024-12-13T10:43:39.562+0000] {logging_mixin.py:190} INFO - [2024-12-13T10:43:39.562+0000] {dagbag.py:588} INFO - Filling up the DagBag from /opt/bitnami/airflow/venv/lib/python3.12/site-packages/airflow/example_dags/example_branch_operator_decorator.py
[2024-12-13T10:43:39.583+0000] {processor.py:925} INFO - DAG(s) 'example_branch_python_operator_decorator' retrieved from /opt/bitnami/airflow/venv/lib/python3.12/site-packages/airflow/example_dags/example_branch_operator_decorator.py
[2024-12-13T10:43:39.736+0000] {logging_mixin.py:190} INFO - [2024-12-13T10:43:39.735+0000] {dag.py:3239} INFO - Sync 1 DAGs
[2024-12-13T10:43:39.780+0000] {logging_mixin.py:190} INFO - [2024-12-13T10:43:39.780+0000] {dag.py:4180} INFO - Setting next_dagrun for example_branch_python_operator_decorator to 2024-12-12 00:00:00+00:00, run_after=2024-12-13 00:00:00+00:00
[2024-12-13T10:43:39.820+0000] {processor.py:208} INFO - Processing /opt/bitnami/airflow/venv/lib/python3.12/site-packages/airflow/example_dags/example_branch_operator_decorator.py took 0.269 seconds
[2024-12-13T10:44:10.666+0000] {processor.py:186} INFO - Started process (PID=236) to work on /opt/bitnami/airflow/venv/lib/python3.12/site-packages/airflow/example_dags/example_branch_operator_decorator.py
[2024-12-13T10:44:10.668+0000] {processor.py:914} INFO - Processing file /opt/bitnami/airflow/venv/lib/python3.12/site-packages/airflow/example_dags/example_branch_operator_decorator.py for tasks to queue
[2024-12-13T10:44:10.670+0000] {logging_mixin.py:190} INFO - [2024-12-13T10:44:10.670+0000] {dagbag.py:588} INFO - Filling up the DagBag from /opt/bitnami/airflow/venv/lib/python3.12/site-packages/airflow/example_dags/example_branch_operator_decorator.py
[2024-12-13T10:44:10.687+0000] {processor.py:925} INFO - DAG(s) 'example_branch_python_operator_decorator' retrieved from /opt/bitnami/airflow/venv/lib/python3.12/site-packages/airflow/example_dags/example_branch_operator_decorator.py
[2024-12-13T10:44:10.765+0000] {logging_mixin.py:190} INFO - [2024-12-13T10:44:10.765+0000] {dag.py:3239} INFO - Sync 1 DAGs
[2024-12-13T10:44:10.823+0000] {logging_mixin.py:190} INFO - [2024-12-13T10:44:10.823+0000] {dag.py:4180} INFO - Setting next_dagrun for example_branch_python_operator_decorator to 2024-12-12 00:00:00+00:00, run_after=2024-12-13 00:00:00+00:00
[2024-12-13T10:44:10.868+0000] {processor.py:208} INFO - Processing /opt/bitnami/airflow/venv/lib/python3.12/site-packages/airflow/example_dags/example_branch_operator_decorator.py took 0.206 seconds
[2024-12-13T10:44:41.487+0000] {processor.py:186} INFO - Started process (PID=293) to work on /opt/bitnami/airflow/venv/lib/python3.12/site-packages/airflow/example_dags/example_branch_operator_decorator.py
[2024-12-13T10:44:41.489+0000] {processor.py:914} INFO - Processing file /opt/bitnami/airflow/venv/lib/python3.12/site-packages/airflow/example_dags/example_branch_operator_decorator.py for tasks to queue
[2024-12-13T10:44:41.492+0000] {logging_mixin.py:190} INFO - [2024-12-13T10:44:41.492+0000] {dagbag.py:588} INFO - Filling up the DagBag from /opt/bitnami/airflow/venv/lib/python3.12/site-packages/airflow/example_dags/example_branch_operator_decorator.py
[2024-12-13T10:44:41.515+0000] {processor.py:925} INFO - DAG(s) 'example_branch_python_operator_decorator' retrieved from /opt/bitnami/airflow/venv/lib/python3.12/site-packages/airflow/example_dags/example_branch_operator_decorator.py
[2024-12-13T10:44:41.610+0000] {logging_mixin.py:190} INFO - [2024-12-13T10:44:41.609+0000] {dag.py:3239} INFO - Sync 1 DAGs
[2024-12-13T10:44:41.676+0000] {logging_mixin.py:190} INFO - [2024-12-13T10:44:41.676+0000] {dag.py:4180} INFO - Setting next_dagrun for example_branch_python_operator_decorator to 2024-12-12 00:00:00+00:00, run_after=2024-12-13 00:00:00+00:00
[2024-12-13T10:44:41.726+0000] {processor.py:208} INFO - Processing /opt/bitnami/airflow/venv/lib/python3.12/site-packages/airflow/example_dags/example_branch_operator_decorator.py took 0.246 seconds
[2024-12-13T10:52:10.859+0000] {processor.py:186} INFO - Started process (PID=65) to work on /opt/bitnami/airflow/venv/lib/python3.12/site-packages/airflow/example_dags/example_branch_operator_decorator.py
[2024-12-13T10:52:10.860+0000] {processor.py:914} INFO - Processing file /opt/bitnami/airflow/venv/lib/python3.12/site-packages/airflow/example_dags/example_branch_operator_decorator.py for tasks to queue
[2024-12-13T10:52:10.863+0000] {logging_mixin.py:190} INFO - [2024-12-13T10:52:10.863+0000] {dagbag.py:588} INFO - Filling up the DagBag from /opt/bitnami/airflow/venv/lib/python3.12/site-packages/airflow/example_dags/example_branch_operator_decorator.py
[2024-12-13T10:52:10.882+0000] {processor.py:925} INFO - DAG(s) 'example_branch_python_operator_decorator' retrieved from /opt/bitnami/airflow/venv/lib/python3.12/site-packages/airflow/example_dags/example_branch_operator_decorator.py
[2024-12-13T10:52:10.986+0000] {logging_mixin.py:190} INFO - [2024-12-13T10:52:10.986+0000] {override.py:1900} INFO - Created Permission View: can read on DAG:example_branch_python_operator_decorator
[2024-12-13T10:52:11.000+0000] {logging_mixin.py:190} INFO - [2024-12-13T10:52:11.000+0000] {override.py:1900} INFO - Created Permission View: can delete on DAG:example_branch_python_operator_decorator
[2024-12-13T10:52:11.007+0000] {logging_mixin.py:190} INFO - [2024-12-13T10:52:11.007+0000] {override.py:1900} INFO - Created Permission View: can edit on DAG:example_branch_python_operator_decorator
[2024-12-13T10:52:11.014+0000] {logging_mixin.py:190} INFO - [2024-12-13T10:52:11.014+0000] {override.py:1900} INFO - Created Permission View: menu access on DAG Run:example_branch_python_operator_decorator
[2024-12-13T10:52:11.022+0000] {logging_mixin.py:190} INFO - [2024-12-13T10:52:11.022+0000] {override.py:1900} INFO - Created Permission View: can read on DAG Run:example_branch_python_operator_decorator
[2024-12-13T10:52:11.031+0000] {logging_mixin.py:190} INFO - [2024-12-13T10:52:11.030+0000] {override.py:1900} INFO - Created Permission View: can delete on DAG Run:example_branch_python_operator_decorator
[2024-12-13T10:52:11.038+0000] {logging_mixin.py:190} INFO - [2024-12-13T10:52:11.038+0000] {override.py:1900} INFO - Created Permission View: can create on DAG Run:example_branch_python_operator_decorator
[2024-12-13T10:52:11.039+0000] {logging_mixin.py:190} INFO - [2024-12-13T10:52:11.038+0000] {dag.py:3239} INFO - Sync 1 DAGs
[2024-12-13T10:52:11.061+0000] {logging_mixin.py:190} INFO - [2024-12-13T10:52:11.061+0000] {dag.py:3262} INFO - Creating ORM DAG for example_branch_python_operator_decorator
[2024-12-13T10:52:11.078+0000] {logging_mixin.py:190} INFO - [2024-12-13T10:52:11.078+0000] {dag.py:4180} INFO - Setting next_dagrun for example_branch_python_operator_decorator to 2024-12-12 00:00:00+00:00, run_after=2024-12-13 00:00:00+00:00
[2024-12-13T10:52:11.102+0000] {processor.py:208} INFO - Processing /opt/bitnami/airflow/venv/lib/python3.12/site-packages/airflow/example_dags/example_branch_operator_decorator.py took 0.249 seconds
[2024-12-13T10:52:41.571+0000] {processor.py:186} INFO - Started process (PID=122) to work on /opt/bitnami/airflow/venv/lib/python3.12/site-packages/airflow/example_dags/example_branch_operator_decorator.py
[2024-12-13T10:52:41.572+0000] {processor.py:914} INFO - Processing file /opt/bitnami/airflow/venv/lib/python3.12/site-packages/airflow/example_dags/example_branch_operator_decorator.py for tasks to queue
[2024-12-13T10:52:41.574+0000] {logging_mixin.py:190} INFO - [2024-12-13T10:52:41.574+0000] {dagbag.py:588} INFO - Filling up the DagBag from /opt/bitnami/airflow/venv/lib/python3.12/site-packages/airflow/example_dags/example_branch_operator_decorator.py
[2024-12-13T10:52:41.588+0000] {processor.py:925} INFO - DAG(s) 'example_branch_python_operator_decorator' retrieved from /opt/bitnami/airflow/venv/lib/python3.12/site-packages/airflow/example_dags/example_branch_operator_decorator.py
[2024-12-13T10:52:41.661+0000] {logging_mixin.py:190} INFO - [2024-12-13T10:52:41.660+0000] {dag.py:3239} INFO - Sync 1 DAGs
[2024-12-13T10:52:41.699+0000] {logging_mixin.py:190} INFO - [2024-12-13T10:52:41.699+0000] {dag.py:4180} INFO - Setting next_dagrun for example_branch_python_operator_decorator to 2024-12-12 00:00:00+00:00, run_after=2024-12-13 00:00:00+00:00
[2024-12-13T10:52:41.734+0000] {processor.py:208} INFO - Processing /opt/bitnami/airflow/venv/lib/python3.12/site-packages/airflow/example_dags/example_branch_operator_decorator.py took 0.168 seconds
[2024-12-13T10:53:13.883+0000] {processor.py:186} INFO - Started process (PID=179) to work on /opt/bitnami/airflow/venv/lib/python3.12/site-packages/airflow/example_dags/example_branch_operator_decorator.py
[2024-12-13T10:53:13.884+0000] {processor.py:914} INFO - Processing file /opt/bitnami/airflow/venv/lib/python3.12/site-packages/airflow/example_dags/example_branch_operator_decorator.py for tasks to queue
[2024-12-13T10:53:13.886+0000] {logging_mixin.py:190} INFO - [2024-12-13T10:53:13.886+0000] {dagbag.py:588} INFO - Filling up the DagBag from /opt/bitnami/airflow/venv/lib/python3.12/site-packages/airflow/example_dags/example_branch_operator_decorator.py
[2024-12-13T10:53:13.908+0000] {processor.py:925} INFO - DAG(s) 'example_branch_python_operator_decorator' retrieved from /opt/bitnami/airflow/venv/lib/python3.12/site-packages/airflow/example_dags/example_branch_operator_decorator.py
[2024-12-13T10:53:14.013+0000] {logging_mixin.py:190} INFO - [2024-12-13T10:53:14.012+0000] {dag.py:3239} INFO - Sync 1 DAGs
[2024-12-13T10:53:14.041+0000] {logging_mixin.py:190} INFO - [2024-12-13T10:53:14.041+0000] {dag.py:4180} INFO - Setting next_dagrun for example_branch_python_operator_decorator to 2024-12-12 00:00:00+00:00, run_after=2024-12-13 00:00:00+00:00
[2024-12-13T10:53:14.065+0000] {processor.py:208} INFO - Processing /opt/bitnami/airflow/venv/lib/python3.12/site-packages/airflow/example_dags/example_branch_operator_decorator.py took 0.189 seconds
[2024-12-13T10:53:44.573+0000] {processor.py:186} INFO - Started process (PID=236) to work on /opt/bitnami/airflow/venv/lib/python3.12/site-packages/airflow/example_dags/example_branch_operator_decorator.py
[2024-12-13T10:53:44.574+0000] {processor.py:914} INFO - Processing file /opt/bitnami/airflow/venv/lib/python3.12/site-packages/airflow/example_dags/example_branch_operator_decorator.py for tasks to queue
[2024-12-13T10:53:44.580+0000] {logging_mixin.py:190} INFO - [2024-12-13T10:53:44.579+0000] {dagbag.py:588} INFO - Filling up the DagBag from /opt/bitnami/airflow/venv/lib/python3.12/site-packages/airflow/example_dags/example_branch_operator_decorator.py
[2024-12-13T10:53:44.602+0000] {processor.py:925} INFO - DAG(s) 'example_branch_python_operator_decorator' retrieved from /opt/bitnami/airflow/venv/lib/python3.12/site-packages/airflow/example_dags/example_branch_operator_decorator.py
[2024-12-13T10:53:44.704+0000] {logging_mixin.py:190} INFO - [2024-12-13T10:53:44.704+0000] {dag.py:3239} INFO - Sync 1 DAGs
[2024-12-13T10:53:44.765+0000] {logging_mixin.py:190} INFO - [2024-12-13T10:53:44.765+0000] {dag.py:4180} INFO - Setting next_dagrun for example_branch_python_operator_decorator to 2024-12-12 00:00:00+00:00, run_after=2024-12-13 00:00:00+00:00
[2024-12-13T10:53:44.820+0000] {processor.py:208} INFO - Processing /opt/bitnami/airflow/venv/lib/python3.12/site-packages/airflow/example_dags/example_branch_operator_decorator.py took 0.255 seconds
[2024-12-13T10:54:15.727+0000] {processor.py:186} INFO - Started process (PID=293) to work on /opt/bitnami/airflow/venv/lib/python3.12/site-packages/airflow/example_dags/example_branch_operator_decorator.py
[2024-12-13T10:54:15.728+0000] {processor.py:914} INFO - Processing file /opt/bitnami/airflow/venv/lib/python3.12/site-packages/airflow/example_dags/example_branch_operator_decorator.py for tasks to queue
[2024-12-13T10:54:15.731+0000] {logging_mixin.py:190} INFO - [2024-12-13T10:54:15.730+0000] {dagbag.py:588} INFO - Filling up the DagBag from /opt/bitnami/airflow/venv/lib/python3.12/site-packages/airflow/example_dags/example_branch_operator_decorator.py
[2024-12-13T10:54:15.746+0000] {processor.py:925} INFO - DAG(s) 'example_branch_python_operator_decorator' retrieved from /opt/bitnami/airflow/venv/lib/python3.12/site-packages/airflow/example_dags/example_branch_operator_decorator.py
[2024-12-13T10:54:15.788+0000] {logging_mixin.py:190} INFO - [2024-12-13T10:54:15.788+0000] {dag.py:3239} INFO - Sync 1 DAGs
[2024-12-13T10:54:15.810+0000] {logging_mixin.py:190} INFO - [2024-12-13T10:54:15.809+0000] {dag.py:4180} INFO - Setting next_dagrun for example_branch_python_operator_decorator to 2024-12-12 00:00:00+00:00, run_after=2024-12-13 00:00:00+00:00
[2024-12-13T10:54:15.826+0000] {processor.py:208} INFO - Processing /opt/bitnami/airflow/venv/lib/python3.12/site-packages/airflow/example_dags/example_branch_operator_decorator.py took 0.103 seconds
[2024-12-13T10:54:46.046+0000] {processor.py:186} INFO - Started process (PID=350) to work on /opt/bitnami/airflow/venv/lib/python3.12/site-packages/airflow/example_dags/example_branch_operator_decorator.py
[2024-12-13T10:54:46.048+0000] {processor.py:914} INFO - Processing file /opt/bitnami/airflow/venv/lib/python3.12/site-packages/airflow/example_dags/example_branch_operator_decorator.py for tasks to queue
[2024-12-13T10:54:46.051+0000] {logging_mixin.py:190} INFO - [2024-12-13T10:54:46.050+0000] {dagbag.py:588} INFO - Filling up the DagBag from /opt/bitnami/airflow/venv/lib/python3.12/site-packages/airflow/example_dags/example_branch_operator_decorator.py
[2024-12-13T10:54:46.074+0000] {processor.py:925} INFO - DAG(s) 'example_branch_python_operator_decorator' retrieved from /opt/bitnami/airflow/venv/lib/python3.12/site-packages/airflow/example_dags/example_branch_operator_decorator.py
[2024-12-13T10:54:46.128+0000] {logging_mixin.py:190} INFO - [2024-12-13T10:54:46.127+0000] {dag.py:3239} INFO - Sync 1 DAGs
[2024-12-13T10:54:46.186+0000] {logging_mixin.py:190} INFO - [2024-12-13T10:54:46.185+0000] {dag.py:4180} INFO - Setting next_dagrun for example_branch_python_operator_decorator to 2024-12-12 00:00:00+00:00, run_after=2024-12-13 00:00:00+00:00
[2024-12-13T10:54:46.236+0000] {processor.py:208} INFO - Processing /opt/bitnami/airflow/venv/lib/python3.12/site-packages/airflow/example_dags/example_branch_operator_decorator.py took 0.197 seconds
[2024-12-13T10:55:16.852+0000] {processor.py:186} INFO - Started process (PID=407) to work on /opt/bitnami/airflow/venv/lib/python3.12/site-packages/airflow/example_dags/example_branch_operator_decorator.py
[2024-12-13T10:55:16.854+0000] {processor.py:914} INFO - Processing file /opt/bitnami/airflow/venv/lib/python3.12/site-packages/airflow/example_dags/example_branch_operator_decorator.py for tasks to queue
[2024-12-13T10:55:16.856+0000] {logging_mixin.py:190} INFO - [2024-12-13T10:55:16.856+0000] {dagbag.py:588} INFO - Filling up the DagBag from /opt/bitnami/airflow/venv/lib/python3.12/site-packages/airflow/example_dags/example_branch_operator_decorator.py
[2024-12-13T10:55:16.876+0000] {processor.py:925} INFO - DAG(s) 'example_branch_python_operator_decorator' retrieved from /opt/bitnami/airflow/venv/lib/python3.12/site-packages/airflow/example_dags/example_branch_operator_decorator.py
[2024-12-13T10:55:16.974+0000] {logging_mixin.py:190} INFO - [2024-12-13T10:55:16.973+0000] {dag.py:3239} INFO - Sync 1 DAGs
[2024-12-13T10:55:17.018+0000] {logging_mixin.py:190} INFO - [2024-12-13T10:55:17.018+0000] {dag.py:4180} INFO - Setting next_dagrun for example_branch_python_operator_decorator to 2024-12-12 00:00:00+00:00, run_after=2024-12-13 00:00:00+00:00
[2024-12-13T10:55:17.059+0000] {processor.py:208} INFO - Processing /opt/bitnami/airflow/venv/lib/python3.12/site-packages/airflow/example_dags/example_branch_operator_decorator.py took 0.212 seconds
[2024-12-13T10:55:47.432+0000] {processor.py:186} INFO - Started process (PID=464) to work on /opt/bitnami/airflow/venv/lib/python3.12/site-packages/airflow/example_dags/example_branch_operator_decorator.py
[2024-12-13T10:55:47.433+0000] {processor.py:914} INFO - Processing file /opt/bitnami/airflow/venv/lib/python3.12/site-packages/airflow/example_dags/example_branch_operator_decorator.py for tasks to queue
[2024-12-13T10:55:47.435+0000] {logging_mixin.py:190} INFO - [2024-12-13T10:55:47.435+0000] {dagbag.py:588} INFO - Filling up the DagBag from /opt/bitnami/airflow/venv/lib/python3.12/site-packages/airflow/example_dags/example_branch_operator_decorator.py
[2024-12-13T10:55:47.451+0000] {processor.py:925} INFO - DAG(s) 'example_branch_python_operator_decorator' retrieved from /opt/bitnami/airflow/venv/lib/python3.12/site-packages/airflow/example_dags/example_branch_operator_decorator.py
[2024-12-13T10:55:47.525+0000] {logging_mixin.py:190} INFO - [2024-12-13T10:55:47.524+0000] {dag.py:3239} INFO - Sync 1 DAGs
[2024-12-13T10:55:47.572+0000] {logging_mixin.py:190} INFO - [2024-12-13T10:55:47.572+0000] {dag.py:4180} INFO - Setting next_dagrun for example_branch_python_operator_decorator to 2024-12-12 00:00:00+00:00, run_after=2024-12-13 00:00:00+00:00
[2024-12-13T10:55:47.615+0000] {processor.py:208} INFO - Processing /opt/bitnami/airflow/venv/lib/python3.12/site-packages/airflow/example_dags/example_branch_operator_decorator.py took 0.188 seconds
[2024-12-13T10:56:17.706+0000] {processor.py:186} INFO - Started process (PID=521) to work on /opt/bitnami/airflow/venv/lib/python3.12/site-packages/airflow/example_dags/example_branch_operator_decorator.py
[2024-12-13T10:56:17.708+0000] {processor.py:914} INFO - Processing file /opt/bitnami/airflow/venv/lib/python3.12/site-packages/airflow/example_dags/example_branch_operator_decorator.py for tasks to queue
[2024-12-13T10:56:17.710+0000] {logging_mixin.py:190} INFO - [2024-12-13T10:56:17.710+0000] {dagbag.py:588} INFO - Filling up the DagBag from /opt/bitnami/airflow/venv/lib/python3.12/site-packages/airflow/example_dags/example_branch_operator_decorator.py
[2024-12-13T10:56:17.729+0000] {processor.py:925} INFO - DAG(s) 'example_branch_python_operator_decorator' retrieved from /opt/bitnami/airflow/venv/lib/python3.12/site-packages/airflow/example_dags/example_branch_operator_decorator.py
[2024-12-13T10:56:17.839+0000] {logging_mixin.py:190} INFO - [2024-12-13T10:56:17.839+0000] {dag.py:3239} INFO - Sync 1 DAGs
[2024-12-13T10:56:17.903+0000] {logging_mixin.py:190} INFO - [2024-12-13T10:56:17.903+0000] {dag.py:4180} INFO - Setting next_dagrun for example_branch_python_operator_decorator to 2024-12-12 00:00:00+00:00, run_after=2024-12-13 00:00:00+00:00
[2024-12-13T10:56:17.951+0000] {processor.py:208} INFO - Processing /opt/bitnami/airflow/venv/lib/python3.12/site-packages/airflow/example_dags/example_branch_operator_decorator.py took 0.249 seconds
[2024-12-13T10:56:48.725+0000] {processor.py:186} INFO - Started process (PID=578) to work on /opt/bitnami/airflow/venv/lib/python3.12/site-packages/airflow/example_dags/example_branch_operator_decorator.py
[2024-12-13T10:56:48.726+0000] {processor.py:914} INFO - Processing file /opt/bitnami/airflow/venv/lib/python3.12/site-packages/airflow/example_dags/example_branch_operator_decorator.py for tasks to queue
[2024-12-13T10:56:48.728+0000] {logging_mixin.py:190} INFO - [2024-12-13T10:56:48.728+0000] {dagbag.py:588} INFO - Filling up the DagBag from /opt/bitnami/airflow/venv/lib/python3.12/site-packages/airflow/example_dags/example_branch_operator_decorator.py
[2024-12-13T10:56:48.743+0000] {processor.py:925} INFO - DAG(s) 'example_branch_python_operator_decorator' retrieved from /opt/bitnami/airflow/venv/lib/python3.12/site-packages/airflow/example_dags/example_branch_operator_decorator.py
[2024-12-13T10:56:48.790+0000] {logging_mixin.py:190} INFO - [2024-12-13T10:56:48.790+0000] {dag.py:3239} INFO - Sync 1 DAGs
[2024-12-13T10:56:48.826+0000] {logging_mixin.py:190} INFO - [2024-12-13T10:56:48.826+0000] {dag.py:4180} INFO - Setting next_dagrun for example_branch_python_operator_decorator to 2024-12-12 00:00:00+00:00, run_after=2024-12-13 00:00:00+00:00
[2024-12-13T10:56:48.859+0000] {processor.py:208} INFO - Processing /opt/bitnami/airflow/venv/lib/python3.12/site-packages/airflow/example_dags/example_branch_operator_decorator.py took 0.138 seconds
[2024-12-13T10:57:19.203+0000] {processor.py:186} INFO - Started process (PID=635) to work on /opt/bitnami/airflow/venv/lib/python3.12/site-packages/airflow/example_dags/example_branch_operator_decorator.py
[2024-12-13T10:57:19.204+0000] {processor.py:914} INFO - Processing file /opt/bitnami/airflow/venv/lib/python3.12/site-packages/airflow/example_dags/example_branch_operator_decorator.py for tasks to queue
[2024-12-13T10:57:19.206+0000] {logging_mixin.py:190} INFO - [2024-12-13T10:57:19.206+0000] {dagbag.py:588} INFO - Filling up the DagBag from /opt/bitnami/airflow/venv/lib/python3.12/site-packages/airflow/example_dags/example_branch_operator_decorator.py
[2024-12-13T10:57:19.222+0000] {processor.py:925} INFO - DAG(s) 'example_branch_python_operator_decorator' retrieved from /opt/bitnami/airflow/venv/lib/python3.12/site-packages/airflow/example_dags/example_branch_operator_decorator.py
[2024-12-13T10:57:19.275+0000] {logging_mixin.py:190} INFO - [2024-12-13T10:57:19.275+0000] {dag.py:3239} INFO - Sync 1 DAGs
[2024-12-13T10:57:19.311+0000] {logging_mixin.py:190} INFO - [2024-12-13T10:57:19.311+0000] {dag.py:4180} INFO - Setting next_dagrun for example_branch_python_operator_decorator to 2024-12-12 00:00:00+00:00, run_after=2024-12-13 00:00:00+00:00
[2024-12-13T10:57:19.342+0000] {processor.py:208} INFO - Processing /opt/bitnami/airflow/venv/lib/python3.12/site-packages/airflow/example_dags/example_branch_operator_decorator.py took 0.144 seconds
[2024-12-13T10:57:50.160+0000] {processor.py:186} INFO - Started process (PID=692) to work on /opt/bitnami/airflow/venv/lib/python3.12/site-packages/airflow/example_dags/example_branch_operator_decorator.py
[2024-12-13T10:57:50.162+0000] {processor.py:914} INFO - Processing file /opt/bitnami/airflow/venv/lib/python3.12/site-packages/airflow/example_dags/example_branch_operator_decorator.py for tasks to queue
[2024-12-13T10:57:50.164+0000] {logging_mixin.py:190} INFO - [2024-12-13T10:57:50.164+0000] {dagbag.py:588} INFO - Filling up the DagBag from /opt/bitnami/airflow/venv/lib/python3.12/site-packages/airflow/example_dags/example_branch_operator_decorator.py
[2024-12-13T10:57:50.180+0000] {processor.py:925} INFO - DAG(s) 'example_branch_python_operator_decorator' retrieved from /opt/bitnami/airflow/venv/lib/python3.12/site-packages/airflow/example_dags/example_branch_operator_decorator.py
[2024-12-13T10:57:50.216+0000] {logging_mixin.py:190} INFO - [2024-12-13T10:57:50.215+0000] {dag.py:3239} INFO - Sync 1 DAGs
[2024-12-13T10:57:50.242+0000] {logging_mixin.py:190} INFO - [2024-12-13T10:57:50.242+0000] {dag.py:4180} INFO - Setting next_dagrun for example_branch_python_operator_decorator to 2024-12-12 00:00:00+00:00, run_after=2024-12-13 00:00:00+00:00
[2024-12-13T10:57:50.259+0000] {processor.py:208} INFO - Processing /opt/bitnami/airflow/venv/lib/python3.12/site-packages/airflow/example_dags/example_branch_operator_decorator.py took 0.103 seconds
[2024-12-13T10:58:20.701+0000] {processor.py:186} INFO - Started process (PID=749) to work on /opt/bitnami/airflow/venv/lib/python3.12/site-packages/airflow/example_dags/example_branch_operator_decorator.py
[2024-12-13T10:58:20.703+0000] {processor.py:914} INFO - Processing file /opt/bitnami/airflow/venv/lib/python3.12/site-packages/airflow/example_dags/example_branch_operator_decorator.py for tasks to queue
[2024-12-13T10:58:20.706+0000] {logging_mixin.py:190} INFO - [2024-12-13T10:58:20.705+0000] {dagbag.py:588} INFO - Filling up the DagBag from /opt/bitnami/airflow/venv/lib/python3.12/site-packages/airflow/example_dags/example_branch_operator_decorator.py
[2024-12-13T10:58:20.728+0000] {processor.py:925} INFO - DAG(s) 'example_branch_python_operator_decorator' retrieved from /opt/bitnami/airflow/venv/lib/python3.12/site-packages/airflow/example_dags/example_branch_operator_decorator.py
[2024-12-13T10:58:20.831+0000] {logging_mixin.py:190} INFO - [2024-12-13T10:58:20.830+0000] {dag.py:3239} INFO - Sync 1 DAGs
[2024-12-13T10:58:20.893+0000] {logging_mixin.py:190} INFO - [2024-12-13T10:58:20.892+0000] {dag.py:4180} INFO - Setting next_dagrun for example_branch_python_operator_decorator to 2024-12-12 00:00:00+00:00, run_after=2024-12-13 00:00:00+00:00
[2024-12-13T10:58:20.933+0000] {processor.py:208} INFO - Processing /opt/bitnami/airflow/venv/lib/python3.12/site-packages/airflow/example_dags/example_branch_operator_decorator.py took 0.240 seconds
[2024-12-13T10:58:51.078+0000] {processor.py:186} INFO - Started process (PID=806) to work on /opt/bitnami/airflow/venv/lib/python3.12/site-packages/airflow/example_dags/example_branch_operator_decorator.py
[2024-12-13T10:58:51.080+0000] {processor.py:914} INFO - Processing file /opt/bitnami/airflow/venv/lib/python3.12/site-packages/airflow/example_dags/example_branch_operator_decorator.py for tasks to queue
[2024-12-13T10:58:51.082+0000] {logging_mixin.py:190} INFO - [2024-12-13T10:58:51.082+0000] {dagbag.py:588} INFO - Filling up the DagBag from /opt/bitnami/airflow/venv/lib/python3.12/site-packages/airflow/example_dags/example_branch_operator_decorator.py
[2024-12-13T10:58:51.098+0000] {processor.py:925} INFO - DAG(s) 'example_branch_python_operator_decorator' retrieved from /opt/bitnami/airflow/venv/lib/python3.12/site-packages/airflow/example_dags/example_branch_operator_decorator.py
[2024-12-13T10:58:51.162+0000] {logging_mixin.py:190} INFO - [2024-12-13T10:58:51.161+0000] {dag.py:3239} INFO - Sync 1 DAGs
[2024-12-13T10:58:51.201+0000] {logging_mixin.py:190} INFO - [2024-12-13T10:58:51.201+0000] {dag.py:4180} INFO - Setting next_dagrun for example_branch_python_operator_decorator to 2024-12-12 00:00:00+00:00, run_after=2024-12-13 00:00:00+00:00
[2024-12-13T10:58:51.233+0000] {processor.py:208} INFO - Processing /opt/bitnami/airflow/venv/lib/python3.12/site-packages/airflow/example_dags/example_branch_operator_decorator.py took 0.159 seconds
[2024-12-13T11:07:30.761+0000] {processor.py:186} INFO - Started process (PID=65) to work on /opt/bitnami/airflow/venv/lib/python3.12/site-packages/airflow/example_dags/example_branch_operator_decorator.py
[2024-12-13T11:07:30.762+0000] {processor.py:914} INFO - Processing file /opt/bitnami/airflow/venv/lib/python3.12/site-packages/airflow/example_dags/example_branch_operator_decorator.py for tasks to queue
[2024-12-13T11:07:30.764+0000] {logging_mixin.py:190} INFO - [2024-12-13T11:07:30.764+0000] {dagbag.py:588} INFO - Filling up the DagBag from /opt/bitnami/airflow/venv/lib/python3.12/site-packages/airflow/example_dags/example_branch_operator_decorator.py
[2024-12-13T11:07:30.781+0000] {processor.py:925} INFO - DAG(s) 'example_branch_python_operator_decorator' retrieved from /opt/bitnami/airflow/venv/lib/python3.12/site-packages/airflow/example_dags/example_branch_operator_decorator.py
[2024-12-13T11:07:30.898+0000] {logging_mixin.py:190} INFO - [2024-12-13T11:07:30.897+0000] {dag.py:3239} INFO - Sync 1 DAGs
[2024-12-13T11:07:30.942+0000] {logging_mixin.py:190} INFO - [2024-12-13T11:07:30.942+0000] {dag.py:4180} INFO - Setting next_dagrun for example_branch_python_operator_decorator to 2024-12-12 00:00:00+00:00, run_after=2024-12-13 00:00:00+00:00
[2024-12-13T11:07:30.973+0000] {processor.py:208} INFO - Processing /opt/bitnami/airflow/venv/lib/python3.12/site-packages/airflow/example_dags/example_branch_operator_decorator.py took 0.218 seconds
[2024-12-13T11:08:01.247+0000] {processor.py:186} INFO - Started process (PID=122) to work on /opt/bitnami/airflow/venv/lib/python3.12/site-packages/airflow/example_dags/example_branch_operator_decorator.py
[2024-12-13T11:08:01.248+0000] {processor.py:914} INFO - Processing file /opt/bitnami/airflow/venv/lib/python3.12/site-packages/airflow/example_dags/example_branch_operator_decorator.py for tasks to queue
[2024-12-13T11:08:01.250+0000] {logging_mixin.py:190} INFO - [2024-12-13T11:08:01.250+0000] {dagbag.py:588} INFO - Filling up the DagBag from /opt/bitnami/airflow/venv/lib/python3.12/site-packages/airflow/example_dags/example_branch_operator_decorator.py
[2024-12-13T11:08:01.265+0000] {processor.py:925} INFO - DAG(s) 'example_branch_python_operator_decorator' retrieved from /opt/bitnami/airflow/venv/lib/python3.12/site-packages/airflow/example_dags/example_branch_operator_decorator.py
[2024-12-13T11:08:01.331+0000] {logging_mixin.py:190} INFO - [2024-12-13T11:08:01.331+0000] {dag.py:3239} INFO - Sync 1 DAGs
[2024-12-13T11:08:01.394+0000] {logging_mixin.py:190} INFO - [2024-12-13T11:08:01.394+0000] {dag.py:4180} INFO - Setting next_dagrun for example_branch_python_operator_decorator to 2024-12-12 00:00:00+00:00, run_after=2024-12-13 00:00:00+00:00
[2024-12-13T11:08:01.432+0000] {processor.py:208} INFO - Processing /opt/bitnami/airflow/venv/lib/python3.12/site-packages/airflow/example_dags/example_branch_operator_decorator.py took 0.189 seconds
[2024-12-13T11:08:33.063+0000] {processor.py:186} INFO - Started process (PID=179) to work on /opt/bitnami/airflow/venv/lib/python3.12/site-packages/airflow/example_dags/example_branch_operator_decorator.py
[2024-12-13T11:08:33.065+0000] {processor.py:914} INFO - Processing file /opt/bitnami/airflow/venv/lib/python3.12/site-packages/airflow/example_dags/example_branch_operator_decorator.py for tasks to queue
[2024-12-13T11:08:33.067+0000] {logging_mixin.py:190} INFO - [2024-12-13T11:08:33.067+0000] {dagbag.py:588} INFO - Filling up the DagBag from /opt/bitnami/airflow/venv/lib/python3.12/site-packages/airflow/example_dags/example_branch_operator_decorator.py
[2024-12-13T11:08:33.086+0000] {processor.py:925} INFO - DAG(s) 'example_branch_python_operator_decorator' retrieved from /opt/bitnami/airflow/venv/lib/python3.12/site-packages/airflow/example_dags/example_branch_operator_decorator.py
[2024-12-13T11:08:33.250+0000] {logging_mixin.py:190} INFO - [2024-12-13T11:08:33.249+0000] {dag.py:3239} INFO - Sync 1 DAGs
[2024-12-13T11:08:33.305+0000] {logging_mixin.py:190} INFO - [2024-12-13T11:08:33.305+0000] {dag.py:4180} INFO - Setting next_dagrun for example_branch_python_operator_decorator to 2024-12-12 00:00:00+00:00, run_after=2024-12-13 00:00:00+00:00
[2024-12-13T11:08:33.363+0000] {processor.py:208} INFO - Processing /opt/bitnami/airflow/venv/lib/python3.12/site-packages/airflow/example_dags/example_branch_operator_decorator.py took 0.306 seconds
[2024-12-13T11:09:04.422+0000] {processor.py:186} INFO - Started process (PID=236) to work on /opt/bitnami/airflow/venv/lib/python3.12/site-packages/airflow/example_dags/example_branch_operator_decorator.py
[2024-12-13T11:09:04.424+0000] {processor.py:914} INFO - Processing file /opt/bitnami/airflow/venv/lib/python3.12/site-packages/airflow/example_dags/example_branch_operator_decorator.py for tasks to queue
[2024-12-13T11:09:04.427+0000] {logging_mixin.py:190} INFO - [2024-12-13T11:09:04.427+0000] {dagbag.py:588} INFO - Filling up the DagBag from /opt/bitnami/airflow/venv/lib/python3.12/site-packages/airflow/example_dags/example_branch_operator_decorator.py
[2024-12-13T11:09:04.455+0000] {processor.py:925} INFO - DAG(s) 'example_branch_python_operator_decorator' retrieved from /opt/bitnami/airflow/venv/lib/python3.12/site-packages/airflow/example_dags/example_branch_operator_decorator.py
[2024-12-13T11:09:04.537+0000] {logging_mixin.py:190} INFO - [2024-12-13T11:09:04.537+0000] {dag.py:3239} INFO - Sync 1 DAGs
[2024-12-13T11:09:04.595+0000] {logging_mixin.py:190} INFO - [2024-12-13T11:09:04.595+0000] {dag.py:4180} INFO - Setting next_dagrun for example_branch_python_operator_decorator to 2024-12-12 00:00:00+00:00, run_after=2024-12-13 00:00:00+00:00
[2024-12-13T11:09:04.636+0000] {processor.py:208} INFO - Processing /opt/bitnami/airflow/venv/lib/python3.12/site-packages/airflow/example_dags/example_branch_operator_decorator.py took 0.221 seconds
[2024-12-13T11:13:43.376+0000] {processor.py:186} INFO - Started process (PID=65) to work on /opt/bitnami/airflow/venv/lib/python3.12/site-packages/airflow/example_dags/example_branch_operator_decorator.py
[2024-12-13T11:13:43.377+0000] {processor.py:914} INFO - Processing file /opt/bitnami/airflow/venv/lib/python3.12/site-packages/airflow/example_dags/example_branch_operator_decorator.py for tasks to queue
[2024-12-13T11:13:43.380+0000] {logging_mixin.py:190} INFO - [2024-12-13T11:13:43.379+0000] {dagbag.py:588} INFO - Filling up the DagBag from /opt/bitnami/airflow/venv/lib/python3.12/site-packages/airflow/example_dags/example_branch_operator_decorator.py
[2024-12-13T11:13:43.410+0000] {processor.py:925} INFO - DAG(s) 'example_branch_python_operator_decorator' retrieved from /opt/bitnami/airflow/venv/lib/python3.12/site-packages/airflow/example_dags/example_branch_operator_decorator.py
[2024-12-13T11:13:43.547+0000] {logging_mixin.py:190} INFO - [2024-12-13T11:13:43.546+0000] {dag.py:3239} INFO - Sync 1 DAGs
[2024-12-13T11:13:43.591+0000] {logging_mixin.py:190} INFO - [2024-12-13T11:13:43.591+0000] {dag.py:4180} INFO - Setting next_dagrun for example_branch_python_operator_decorator to 2024-12-12 00:00:00+00:00, run_after=2024-12-13 00:00:00+00:00
[2024-12-13T11:13:43.621+0000] {processor.py:208} INFO - Processing /opt/bitnami/airflow/venv/lib/python3.12/site-packages/airflow/example_dags/example_branch_operator_decorator.py took 0.252 seconds
[2024-12-13T11:14:14.039+0000] {processor.py:186} INFO - Started process (PID=122) to work on /opt/bitnami/airflow/venv/lib/python3.12/site-packages/airflow/example_dags/example_branch_operator_decorator.py
[2024-12-13T11:14:14.039+0000] {processor.py:914} INFO - Processing file /opt/bitnami/airflow/venv/lib/python3.12/site-packages/airflow/example_dags/example_branch_operator_decorator.py for tasks to queue
[2024-12-13T11:14:14.041+0000] {logging_mixin.py:190} INFO - [2024-12-13T11:14:14.041+0000] {dagbag.py:588} INFO - Filling up the DagBag from /opt/bitnami/airflow/venv/lib/python3.12/site-packages/airflow/example_dags/example_branch_operator_decorator.py
[2024-12-13T11:14:14.058+0000] {processor.py:925} INFO - DAG(s) 'example_branch_python_operator_decorator' retrieved from /opt/bitnami/airflow/venv/lib/python3.12/site-packages/airflow/example_dags/example_branch_operator_decorator.py
[2024-12-13T11:14:14.126+0000] {logging_mixin.py:190} INFO - [2024-12-13T11:14:14.126+0000] {dag.py:3239} INFO - Sync 1 DAGs
[2024-12-13T11:14:14.167+0000] {logging_mixin.py:190} INFO - [2024-12-13T11:14:14.167+0000] {dag.py:4180} INFO - Setting next_dagrun for example_branch_python_operator_decorator to 2024-12-12 00:00:00+00:00, run_after=2024-12-13 00:00:00+00:00
[2024-12-13T11:14:14.213+0000] {processor.py:208} INFO - Processing /opt/bitnami/airflow/venv/lib/python3.12/site-packages/airflow/example_dags/example_branch_operator_decorator.py took 0.179 seconds
[2024-12-13T11:14:46.153+0000] {processor.py:186} INFO - Started process (PID=179) to work on /opt/bitnami/airflow/venv/lib/python3.12/site-packages/airflow/example_dags/example_branch_operator_decorator.py
[2024-12-13T11:14:46.155+0000] {processor.py:914} INFO - Processing file /opt/bitnami/airflow/venv/lib/python3.12/site-packages/airflow/example_dags/example_branch_operator_decorator.py for tasks to queue
[2024-12-13T11:14:46.158+0000] {logging_mixin.py:190} INFO - [2024-12-13T11:14:46.158+0000] {dagbag.py:588} INFO - Filling up the DagBag from /opt/bitnami/airflow/venv/lib/python3.12/site-packages/airflow/example_dags/example_branch_operator_decorator.py
[2024-12-13T11:14:46.191+0000] {processor.py:925} INFO - DAG(s) 'example_branch_python_operator_decorator' retrieved from /opt/bitnami/airflow/venv/lib/python3.12/site-packages/airflow/example_dags/example_branch_operator_decorator.py
[2024-12-13T11:14:46.354+0000] {logging_mixin.py:190} INFO - [2024-12-13T11:14:46.353+0000] {dag.py:3239} INFO - Sync 1 DAGs
[2024-12-13T11:14:46.417+0000] {logging_mixin.py:190} INFO - [2024-12-13T11:14:46.417+0000] {dag.py:4180} INFO - Setting next_dagrun for example_branch_python_operator_decorator to 2024-12-12 00:00:00+00:00, run_after=2024-12-13 00:00:00+00:00
[2024-12-13T11:14:46.464+0000] {processor.py:208} INFO - Processing /opt/bitnami/airflow/venv/lib/python3.12/site-packages/airflow/example_dags/example_branch_operator_decorator.py took 0.320 seconds
[2024-12-13T11:15:17.074+0000] {processor.py:186} INFO - Started process (PID=236) to work on /opt/bitnami/airflow/venv/lib/python3.12/site-packages/airflow/example_dags/example_branch_operator_decorator.py
[2024-12-13T11:15:17.075+0000] {processor.py:914} INFO - Processing file /opt/bitnami/airflow/venv/lib/python3.12/site-packages/airflow/example_dags/example_branch_operator_decorator.py for tasks to queue
[2024-12-13T11:15:17.078+0000] {logging_mixin.py:190} INFO - [2024-12-13T11:15:17.077+0000] {dagbag.py:588} INFO - Filling up the DagBag from /opt/bitnami/airflow/venv/lib/python3.12/site-packages/airflow/example_dags/example_branch_operator_decorator.py
[2024-12-13T11:15:17.109+0000] {processor.py:925} INFO - DAG(s) 'example_branch_python_operator_decorator' retrieved from /opt/bitnami/airflow/venv/lib/python3.12/site-packages/airflow/example_dags/example_branch_operator_decorator.py
[2024-12-13T11:15:17.218+0000] {logging_mixin.py:190} INFO - [2024-12-13T11:15:17.217+0000] {dag.py:3239} INFO - Sync 1 DAGs
[2024-12-13T11:15:17.281+0000] {logging_mixin.py:190} INFO - [2024-12-13T11:15:17.281+0000] {dag.py:4180} INFO - Setting next_dagrun for example_branch_python_operator_decorator to 2024-12-12 00:00:00+00:00, run_after=2024-12-13 00:00:00+00:00
[2024-12-13T11:15:17.330+0000] {processor.py:208} INFO - Processing /opt/bitnami/airflow/venv/lib/python3.12/site-packages/airflow/example_dags/example_branch_operator_decorator.py took 0.263 seconds
[2024-12-13T11:57:08.335+0000] {processor.py:186} INFO - Started process (PID=65) to work on /opt/bitnami/airflow/venv/lib/python3.12/site-packages/airflow/example_dags/example_branch_operator_decorator.py
[2024-12-13T11:57:08.336+0000] {processor.py:914} INFO - Processing file /opt/bitnami/airflow/venv/lib/python3.12/site-packages/airflow/example_dags/example_branch_operator_decorator.py for tasks to queue
[2024-12-13T11:57:08.338+0000] {logging_mixin.py:190} INFO - [2024-12-13T11:57:08.338+0000] {dagbag.py:588} INFO - Filling up the DagBag from /opt/bitnami/airflow/venv/lib/python3.12/site-packages/airflow/example_dags/example_branch_operator_decorator.py
[2024-12-13T11:57:08.353+0000] {processor.py:925} INFO - DAG(s) 'example_branch_python_operator_decorator' retrieved from /opt/bitnami/airflow/venv/lib/python3.12/site-packages/airflow/example_dags/example_branch_operator_decorator.py
[2024-12-13T11:57:08.435+0000] {logging_mixin.py:190} INFO - [2024-12-13T11:57:08.434+0000] {dag.py:3239} INFO - Sync 1 DAGs
[2024-12-13T11:57:08.459+0000] {logging_mixin.py:190} INFO - [2024-12-13T11:57:08.459+0000] {dag.py:4180} INFO - Setting next_dagrun for example_branch_python_operator_decorator to 2024-12-12 00:00:00+00:00, run_after=2024-12-13 00:00:00+00:00
[2024-12-13T11:57:08.479+0000] {processor.py:208} INFO - Processing /opt/bitnami/airflow/venv/lib/python3.12/site-packages/airflow/example_dags/example_branch_operator_decorator.py took 0.148 seconds
[2024-12-13T11:57:39.547+0000] {processor.py:186} INFO - Started process (PID=122) to work on /opt/bitnami/airflow/venv/lib/python3.12/site-packages/airflow/example_dags/example_branch_operator_decorator.py
[2024-12-13T11:57:39.548+0000] {processor.py:914} INFO - Processing file /opt/bitnami/airflow/venv/lib/python3.12/site-packages/airflow/example_dags/example_branch_operator_decorator.py for tasks to queue
[2024-12-13T11:57:39.550+0000] {logging_mixin.py:190} INFO - [2024-12-13T11:57:39.550+0000] {dagbag.py:588} INFO - Filling up the DagBag from /opt/bitnami/airflow/venv/lib/python3.12/site-packages/airflow/example_dags/example_branch_operator_decorator.py
[2024-12-13T11:57:39.567+0000] {processor.py:925} INFO - DAG(s) 'example_branch_python_operator_decorator' retrieved from /opt/bitnami/airflow/venv/lib/python3.12/site-packages/airflow/example_dags/example_branch_operator_decorator.py
[2024-12-13T11:57:39.616+0000] {logging_mixin.py:190} INFO - [2024-12-13T11:57:39.615+0000] {dag.py:3239} INFO - Sync 1 DAGs
[2024-12-13T11:57:39.661+0000] {logging_mixin.py:190} INFO - [2024-12-13T11:57:39.661+0000] {dag.py:4180} INFO - Setting next_dagrun for example_branch_python_operator_decorator to 2024-12-12 00:00:00+00:00, run_after=2024-12-13 00:00:00+00:00
[2024-12-13T11:57:39.689+0000] {processor.py:208} INFO - Processing /opt/bitnami/airflow/venv/lib/python3.12/site-packages/airflow/example_dags/example_branch_operator_decorator.py took 0.147 seconds
[2024-12-13T11:58:33.822+0000] {processor.py:186} INFO - Started process (PID=65) to work on /opt/bitnami/airflow/venv/lib/python3.12/site-packages/airflow/example_dags/example_branch_operator_decorator.py
[2024-12-13T11:58:33.823+0000] {processor.py:914} INFO - Processing file /opt/bitnami/airflow/venv/lib/python3.12/site-packages/airflow/example_dags/example_branch_operator_decorator.py for tasks to queue
[2024-12-13T11:58:33.825+0000] {logging_mixin.py:190} INFO - [2024-12-13T11:58:33.825+0000] {dagbag.py:588} INFO - Filling up the DagBag from /opt/bitnami/airflow/venv/lib/python3.12/site-packages/airflow/example_dags/example_branch_operator_decorator.py
[2024-12-13T11:58:33.840+0000] {processor.py:925} INFO - DAG(s) 'example_branch_python_operator_decorator' retrieved from /opt/bitnami/airflow/venv/lib/python3.12/site-packages/airflow/example_dags/example_branch_operator_decorator.py
[2024-12-13T11:58:33.930+0000] {logging_mixin.py:190} INFO - [2024-12-13T11:58:33.930+0000] {dag.py:3239} INFO - Sync 1 DAGs
[2024-12-13T11:58:33.962+0000] {logging_mixin.py:190} INFO - [2024-12-13T11:58:33.962+0000] {dag.py:4180} INFO - Setting next_dagrun for example_branch_python_operator_decorator to 2024-12-12 00:00:00+00:00, run_after=2024-12-13 00:00:00+00:00
[2024-12-13T11:58:33.984+0000] {processor.py:208} INFO - Processing /opt/bitnami/airflow/venv/lib/python3.12/site-packages/airflow/example_dags/example_branch_operator_decorator.py took 0.166 seconds
[2024-12-13T11:59:05.111+0000] {processor.py:186} INFO - Started process (PID=122) to work on /opt/bitnami/airflow/venv/lib/python3.12/site-packages/airflow/example_dags/example_branch_operator_decorator.py
[2024-12-13T11:59:05.112+0000] {processor.py:914} INFO - Processing file /opt/bitnami/airflow/venv/lib/python3.12/site-packages/airflow/example_dags/example_branch_operator_decorator.py for tasks to queue
[2024-12-13T11:59:05.114+0000] {logging_mixin.py:190} INFO - [2024-12-13T11:59:05.114+0000] {dagbag.py:588} INFO - Filling up the DagBag from /opt/bitnami/airflow/venv/lib/python3.12/site-packages/airflow/example_dags/example_branch_operator_decorator.py
[2024-12-13T11:59:05.131+0000] {processor.py:925} INFO - DAG(s) 'example_branch_python_operator_decorator' retrieved from /opt/bitnami/airflow/venv/lib/python3.12/site-packages/airflow/example_dags/example_branch_operator_decorator.py
[2024-12-13T11:59:05.171+0000] {logging_mixin.py:190} INFO - [2024-12-13T11:59:05.170+0000] {dag.py:3239} INFO - Sync 1 DAGs
[2024-12-13T11:59:05.199+0000] {logging_mixin.py:190} INFO - [2024-12-13T11:59:05.199+0000] {dag.py:4180} INFO - Setting next_dagrun for example_branch_python_operator_decorator to 2024-12-12 00:00:00+00:00, run_after=2024-12-13 00:00:00+00:00
[2024-12-13T11:59:05.223+0000] {processor.py:208} INFO - Processing /opt/bitnami/airflow/venv/lib/python3.12/site-packages/airflow/example_dags/example_branch_operator_decorator.py took 0.117 seconds
[2024-12-13T11:59:35.689+0000] {processor.py:186} INFO - Started process (PID=179) to work on /opt/bitnami/airflow/venv/lib/python3.12/site-packages/airflow/example_dags/example_branch_operator_decorator.py
[2024-12-13T11:59:35.690+0000] {processor.py:914} INFO - Processing file /opt/bitnami/airflow/venv/lib/python3.12/site-packages/airflow/example_dags/example_branch_operator_decorator.py for tasks to queue
[2024-12-13T11:59:35.692+0000] {logging_mixin.py:190} INFO - [2024-12-13T11:59:35.692+0000] {dagbag.py:588} INFO - Filling up the DagBag from /opt/bitnami/airflow/venv/lib/python3.12/site-packages/airflow/example_dags/example_branch_operator_decorator.py
[2024-12-13T11:59:35.708+0000] {processor.py:925} INFO - DAG(s) 'example_branch_python_operator_decorator' retrieved from /opt/bitnami/airflow/venv/lib/python3.12/site-packages/airflow/example_dags/example_branch_operator_decorator.py
[2024-12-13T11:59:35.795+0000] {logging_mixin.py:190} INFO - [2024-12-13T11:59:35.794+0000] {dag.py:3239} INFO - Sync 1 DAGs
[2024-12-13T11:59:35.819+0000] {logging_mixin.py:190} INFO - [2024-12-13T11:59:35.819+0000] {dag.py:4180} INFO - Setting next_dagrun for example_branch_python_operator_decorator to 2024-12-12 00:00:00+00:00, run_after=2024-12-13 00:00:00+00:00
[2024-12-13T11:59:35.842+0000] {processor.py:208} INFO - Processing /opt/bitnami/airflow/venv/lib/python3.12/site-packages/airflow/example_dags/example_branch_operator_decorator.py took 0.158 seconds
[2024-12-13T12:00:06.246+0000] {processor.py:186} INFO - Started process (PID=236) to work on /opt/bitnami/airflow/venv/lib/python3.12/site-packages/airflow/example_dags/example_branch_operator_decorator.py
[2024-12-13T12:00:06.247+0000] {processor.py:914} INFO - Processing file /opt/bitnami/airflow/venv/lib/python3.12/site-packages/airflow/example_dags/example_branch_operator_decorator.py for tasks to queue
[2024-12-13T12:00:06.249+0000] {logging_mixin.py:190} INFO - [2024-12-13T12:00:06.248+0000] {dagbag.py:588} INFO - Filling up the DagBag from /opt/bitnami/airflow/venv/lib/python3.12/site-packages/airflow/example_dags/example_branch_operator_decorator.py
[2024-12-13T12:00:06.264+0000] {processor.py:925} INFO - DAG(s) 'example_branch_python_operator_decorator' retrieved from /opt/bitnami/airflow/venv/lib/python3.12/site-packages/airflow/example_dags/example_branch_operator_decorator.py
[2024-12-13T12:00:06.302+0000] {logging_mixin.py:190} INFO - [2024-12-13T12:00:06.302+0000] {dag.py:3239} INFO - Sync 1 DAGs
[2024-12-13T12:00:06.327+0000] {logging_mixin.py:190} INFO - [2024-12-13T12:00:06.327+0000] {dag.py:4180} INFO - Setting next_dagrun for example_branch_python_operator_decorator to 2024-12-12 00:00:00+00:00, run_after=2024-12-13 00:00:00+00:00
[2024-12-13T12:00:06.348+0000] {processor.py:208} INFO - Processing /opt/bitnami/airflow/venv/lib/python3.12/site-packages/airflow/example_dags/example_branch_operator_decorator.py took 0.106 seconds
[2024-12-13T12:00:36.378+0000] {processor.py:186} INFO - Started process (PID=293) to work on /opt/bitnami/airflow/venv/lib/python3.12/site-packages/airflow/example_dags/example_branch_operator_decorator.py
[2024-12-13T12:00:36.379+0000] {processor.py:914} INFO - Processing file /opt/bitnami/airflow/venv/lib/python3.12/site-packages/airflow/example_dags/example_branch_operator_decorator.py for tasks to queue
[2024-12-13T12:00:36.381+0000] {logging_mixin.py:190} INFO - [2024-12-13T12:00:36.380+0000] {dagbag.py:588} INFO - Filling up the DagBag from /opt/bitnami/airflow/venv/lib/python3.12/site-packages/airflow/example_dags/example_branch_operator_decorator.py
[2024-12-13T12:00:36.396+0000] {processor.py:925} INFO - DAG(s) 'example_branch_python_operator_decorator' retrieved from /opt/bitnami/airflow/venv/lib/python3.12/site-packages/airflow/example_dags/example_branch_operator_decorator.py
[2024-12-13T12:00:36.429+0000] {logging_mixin.py:190} INFO - [2024-12-13T12:00:36.428+0000] {dag.py:3239} INFO - Sync 1 DAGs
[2024-12-13T12:00:36.456+0000] {logging_mixin.py:190} INFO - [2024-12-13T12:00:36.456+0000] {dag.py:4180} INFO - Setting next_dagrun for example_branch_python_operator_decorator to 2024-12-12 00:00:00+00:00, run_after=2024-12-13 00:00:00+00:00
[2024-12-13T12:00:36.475+0000] {processor.py:208} INFO - Processing /opt/bitnami/airflow/venv/lib/python3.12/site-packages/airflow/example_dags/example_branch_operator_decorator.py took 0.102 seconds
[2024-12-13T12:01:07.082+0000] {processor.py:186} INFO - Started process (PID=350) to work on /opt/bitnami/airflow/venv/lib/python3.12/site-packages/airflow/example_dags/example_branch_operator_decorator.py
[2024-12-13T12:01:07.083+0000] {processor.py:914} INFO - Processing file /opt/bitnami/airflow/venv/lib/python3.12/site-packages/airflow/example_dags/example_branch_operator_decorator.py for tasks to queue
[2024-12-13T12:01:07.085+0000] {logging_mixin.py:190} INFO - [2024-12-13T12:01:07.084+0000] {dagbag.py:588} INFO - Filling up the DagBag from /opt/bitnami/airflow/venv/lib/python3.12/site-packages/airflow/example_dags/example_branch_operator_decorator.py
[2024-12-13T12:01:07.100+0000] {processor.py:925} INFO - DAG(s) 'example_branch_python_operator_decorator' retrieved from /opt/bitnami/airflow/venv/lib/python3.12/site-packages/airflow/example_dags/example_branch_operator_decorator.py
[2024-12-13T12:01:07.136+0000] {logging_mixin.py:190} INFO - [2024-12-13T12:01:07.136+0000] {dag.py:3239} INFO - Sync 1 DAGs
[2024-12-13T12:01:07.167+0000] {logging_mixin.py:190} INFO - [2024-12-13T12:01:07.167+0000] {dag.py:4180} INFO - Setting next_dagrun for example_branch_python_operator_decorator to 2024-12-12 00:00:00+00:00, run_after=2024-12-13 00:00:00+00:00
[2024-12-13T12:01:07.189+0000] {processor.py:208} INFO - Processing /opt/bitnami/airflow/venv/lib/python3.12/site-packages/airflow/example_dags/example_branch_operator_decorator.py took 0.112 seconds
[2024-12-13T12:01:37.931+0000] {processor.py:186} INFO - Started process (PID=407) to work on /opt/bitnami/airflow/venv/lib/python3.12/site-packages/airflow/example_dags/example_branch_operator_decorator.py
[2024-12-13T12:01:37.932+0000] {processor.py:914} INFO - Processing file /opt/bitnami/airflow/venv/lib/python3.12/site-packages/airflow/example_dags/example_branch_operator_decorator.py for tasks to queue
[2024-12-13T12:01:37.934+0000] {logging_mixin.py:190} INFO - [2024-12-13T12:01:37.934+0000] {dagbag.py:588} INFO - Filling up the DagBag from /opt/bitnami/airflow/venv/lib/python3.12/site-packages/airflow/example_dags/example_branch_operator_decorator.py
[2024-12-13T12:01:37.952+0000] {processor.py:925} INFO - DAG(s) 'example_branch_python_operator_decorator' retrieved from /opt/bitnami/airflow/venv/lib/python3.12/site-packages/airflow/example_dags/example_branch_operator_decorator.py
[2024-12-13T12:01:37.997+0000] {logging_mixin.py:190} INFO - [2024-12-13T12:01:37.997+0000] {dag.py:3239} INFO - Sync 1 DAGs
[2024-12-13T12:01:38.031+0000] {logging_mixin.py:190} INFO - [2024-12-13T12:01:38.031+0000] {dag.py:4180} INFO - Setting next_dagrun for example_branch_python_operator_decorator to 2024-12-12 00:00:00+00:00, run_after=2024-12-13 00:00:00+00:00
[2024-12-13T12:01:38.054+0000] {processor.py:208} INFO - Processing /opt/bitnami/airflow/venv/lib/python3.12/site-packages/airflow/example_dags/example_branch_operator_decorator.py took 0.129 seconds
[2024-12-13T12:02:09.371+0000] {processor.py:186} INFO - Started process (PID=464) to work on /opt/bitnami/airflow/venv/lib/python3.12/site-packages/airflow/example_dags/example_branch_operator_decorator.py
[2024-12-13T12:02:09.372+0000] {processor.py:914} INFO - Processing file /opt/bitnami/airflow/venv/lib/python3.12/site-packages/airflow/example_dags/example_branch_operator_decorator.py for tasks to queue
[2024-12-13T12:02:09.377+0000] {logging_mixin.py:190} INFO - [2024-12-13T12:02:09.376+0000] {dagbag.py:588} INFO - Filling up the DagBag from /opt/bitnami/airflow/venv/lib/python3.12/site-packages/airflow/example_dags/example_branch_operator_decorator.py
[2024-12-13T12:02:09.401+0000] {processor.py:925} INFO - DAG(s) 'example_branch_python_operator_decorator' retrieved from /opt/bitnami/airflow/venv/lib/python3.12/site-packages/airflow/example_dags/example_branch_operator_decorator.py
[2024-12-13T12:02:09.462+0000] {logging_mixin.py:190} INFO - [2024-12-13T12:02:09.461+0000] {dag.py:3239} INFO - Sync 1 DAGs
[2024-12-13T12:02:09.507+0000] {logging_mixin.py:190} INFO - [2024-12-13T12:02:09.507+0000] {dag.py:4180} INFO - Setting next_dagrun for example_branch_python_operator_decorator to 2024-12-12 00:00:00+00:00, run_after=2024-12-13 00:00:00+00:00
[2024-12-13T12:02:09.574+0000] {processor.py:208} INFO - Processing /opt/bitnami/airflow/venv/lib/python3.12/site-packages/airflow/example_dags/example_branch_operator_decorator.py took 0.210 seconds
