[2024-12-13T08:19:45.685+0000] {processor.py:186} INFO - Started process (PID=77) to work on /opt/bitnami/airflow/venv/lib/python3.12/site-packages/airflow/example_dags/example_inlet_event_extra.py
[2024-12-13T08:19:45.686+0000] {processor.py:914} INFO - Processing file /opt/bitnami/airflow/venv/lib/python3.12/site-packages/airflow/example_dags/example_inlet_event_extra.py for tasks to queue
[2024-12-13T08:19:45.688+0000] {logging_mixin.py:190} INFO - [2024-12-13T08:19:45.688+0000] {dagbag.py:588} INFO - Filling up the DagBag from /opt/bitnami/airflow/venv/lib/python3.12/site-packages/airflow/example_dags/example_inlet_event_extra.py
[2024-12-13T08:19:45.771+0000] {processor.py:925} INFO - DAG(s) 'read_dataset_event_from_classic', 'read_dataset_event' retrieved from /opt/bitnami/airflow/venv/lib/python3.12/site-packages/airflow/example_dags/example_inlet_event_extra.py
[2024-12-13T08:19:45.802+0000] {logging_mixin.py:190} INFO - [2024-12-13T08:19:45.802+0000] {dag.py:3239} INFO - Sync 2 DAGs
[2024-12-13T08:19:45.839+0000] {logging_mixin.py:190} INFO - [2024-12-13T08:19:45.839+0000] {dag.py:4180} INFO - Setting next_dagrun for read_dataset_event to 2024-12-12 00:00:00+00:00, run_after=2024-12-13 00:00:00+00:00
[2024-12-13T08:19:45.847+0000] {logging_mixin.py:190} INFO - [2024-12-13T08:19:45.846+0000] {dag.py:4180} INFO - Setting next_dagrun for read_dataset_event_from_classic to 2024-12-12 00:00:00+00:00, run_after=2024-12-13 00:00:00+00:00
[2024-12-13T08:19:45.870+0000] {processor.py:208} INFO - Processing /opt/bitnami/airflow/venv/lib/python3.12/site-packages/airflow/example_dags/example_inlet_event_extra.py took 0.190 seconds
[2024-12-13T08:20:15.936+0000] {processor.py:186} INFO - Started process (PID=134) to work on /opt/bitnami/airflow/venv/lib/python3.12/site-packages/airflow/example_dags/example_inlet_event_extra.py
[2024-12-13T08:20:15.937+0000] {processor.py:914} INFO - Processing file /opt/bitnami/airflow/venv/lib/python3.12/site-packages/airflow/example_dags/example_inlet_event_extra.py for tasks to queue
[2024-12-13T08:20:15.939+0000] {logging_mixin.py:190} INFO - [2024-12-13T08:20:15.939+0000] {dagbag.py:588} INFO - Filling up the DagBag from /opt/bitnami/airflow/venv/lib/python3.12/site-packages/airflow/example_dags/example_inlet_event_extra.py
[2024-12-13T08:20:16.016+0000] {processor.py:925} INFO - DAG(s) 'read_dataset_event', 'read_dataset_event_from_classic' retrieved from /opt/bitnami/airflow/venv/lib/python3.12/site-packages/airflow/example_dags/example_inlet_event_extra.py
[2024-12-13T08:20:16.046+0000] {logging_mixin.py:190} INFO - [2024-12-13T08:20:16.046+0000] {dag.py:3239} INFO - Sync 2 DAGs
[2024-12-13T08:20:16.075+0000] {logging_mixin.py:190} INFO - [2024-12-13T08:20:16.075+0000] {dag.py:4180} INFO - Setting next_dagrun for read_dataset_event to 2024-12-12 00:00:00+00:00, run_after=2024-12-13 00:00:00+00:00
[2024-12-13T08:20:16.079+0000] {logging_mixin.py:190} INFO - [2024-12-13T08:20:16.079+0000] {dag.py:4180} INFO - Setting next_dagrun for read_dataset_event_from_classic to 2024-12-12 00:00:00+00:00, run_after=2024-12-13 00:00:00+00:00
[2024-12-13T08:20:16.096+0000] {processor.py:208} INFO - Processing /opt/bitnami/airflow/venv/lib/python3.12/site-packages/airflow/example_dags/example_inlet_event_extra.py took 0.165 seconds
[2024-12-13T08:20:46.502+0000] {processor.py:186} INFO - Started process (PID=191) to work on /opt/bitnami/airflow/venv/lib/python3.12/site-packages/airflow/example_dags/example_inlet_event_extra.py
[2024-12-13T08:20:46.503+0000] {processor.py:914} INFO - Processing file /opt/bitnami/airflow/venv/lib/python3.12/site-packages/airflow/example_dags/example_inlet_event_extra.py for tasks to queue
[2024-12-13T08:20:46.505+0000] {logging_mixin.py:190} INFO - [2024-12-13T08:20:46.505+0000] {dagbag.py:588} INFO - Filling up the DagBag from /opt/bitnami/airflow/venv/lib/python3.12/site-packages/airflow/example_dags/example_inlet_event_extra.py
[2024-12-13T08:20:46.606+0000] {processor.py:925} INFO - DAG(s) 'read_dataset_event', 'read_dataset_event_from_classic' retrieved from /opt/bitnami/airflow/venv/lib/python3.12/site-packages/airflow/example_dags/example_inlet_event_extra.py
[2024-12-13T08:20:46.647+0000] {logging_mixin.py:190} INFO - [2024-12-13T08:20:46.647+0000] {dag.py:3239} INFO - Sync 2 DAGs
[2024-12-13T08:20:46.676+0000] {logging_mixin.py:190} INFO - [2024-12-13T08:20:46.676+0000] {dag.py:4180} INFO - Setting next_dagrun for read_dataset_event to 2024-12-12 00:00:00+00:00, run_after=2024-12-13 00:00:00+00:00
[2024-12-13T08:20:46.681+0000] {logging_mixin.py:190} INFO - [2024-12-13T08:20:46.681+0000] {dag.py:4180} INFO - Setting next_dagrun for read_dataset_event_from_classic to 2024-12-12 00:00:00+00:00, run_after=2024-12-13 00:00:00+00:00
[2024-12-13T08:20:46.703+0000] {processor.py:208} INFO - Processing /opt/bitnami/airflow/venv/lib/python3.12/site-packages/airflow/example_dags/example_inlet_event_extra.py took 0.209 seconds
[2024-12-13T08:21:17.357+0000] {processor.py:186} INFO - Started process (PID=248) to work on /opt/bitnami/airflow/venv/lib/python3.12/site-packages/airflow/example_dags/example_inlet_event_extra.py
[2024-12-13T08:21:17.359+0000] {processor.py:914} INFO - Processing file /opt/bitnami/airflow/venv/lib/python3.12/site-packages/airflow/example_dags/example_inlet_event_extra.py for tasks to queue
[2024-12-13T08:21:17.361+0000] {logging_mixin.py:190} INFO - [2024-12-13T08:21:17.361+0000] {dagbag.py:588} INFO - Filling up the DagBag from /opt/bitnami/airflow/venv/lib/python3.12/site-packages/airflow/example_dags/example_inlet_event_extra.py
[2024-12-13T08:21:17.468+0000] {processor.py:925} INFO - DAG(s) 'read_dataset_event', 'read_dataset_event_from_classic' retrieved from /opt/bitnami/airflow/venv/lib/python3.12/site-packages/airflow/example_dags/example_inlet_event_extra.py
[2024-12-13T08:21:17.591+0000] {logging_mixin.py:190} INFO - [2024-12-13T08:21:17.591+0000] {dag.py:3239} INFO - Sync 2 DAGs
[2024-12-13T08:21:17.627+0000] {logging_mixin.py:190} INFO - [2024-12-13T08:21:17.627+0000] {dag.py:4180} INFO - Setting next_dagrun for read_dataset_event to 2024-12-12 00:00:00+00:00, run_after=2024-12-13 00:00:00+00:00
[2024-12-13T08:21:17.635+0000] {logging_mixin.py:190} INFO - [2024-12-13T08:21:17.635+0000] {dag.py:4180} INFO - Setting next_dagrun for read_dataset_event_from_classic to 2024-12-12 00:00:00+00:00, run_after=2024-12-13 00:00:00+00:00
[2024-12-13T08:21:17.655+0000] {processor.py:208} INFO - Processing /opt/bitnami/airflow/venv/lib/python3.12/site-packages/airflow/example_dags/example_inlet_event_extra.py took 0.304 seconds
[2024-12-13T08:21:48.262+0000] {processor.py:186} INFO - Started process (PID=305) to work on /opt/bitnami/airflow/venv/lib/python3.12/site-packages/airflow/example_dags/example_inlet_event_extra.py
[2024-12-13T08:21:48.263+0000] {processor.py:914} INFO - Processing file /opt/bitnami/airflow/venv/lib/python3.12/site-packages/airflow/example_dags/example_inlet_event_extra.py for tasks to queue
[2024-12-13T08:21:48.265+0000] {logging_mixin.py:190} INFO - [2024-12-13T08:21:48.265+0000] {dagbag.py:588} INFO - Filling up the DagBag from /opt/bitnami/airflow/venv/lib/python3.12/site-packages/airflow/example_dags/example_inlet_event_extra.py
[2024-12-13T08:21:48.354+0000] {processor.py:925} INFO - DAG(s) 'read_dataset_event_from_classic', 'read_dataset_event' retrieved from /opt/bitnami/airflow/venv/lib/python3.12/site-packages/airflow/example_dags/example_inlet_event_extra.py
[2024-12-13T08:21:48.386+0000] {logging_mixin.py:190} INFO - [2024-12-13T08:21:48.386+0000] {dag.py:3239} INFO - Sync 2 DAGs
[2024-12-13T08:21:48.418+0000] {logging_mixin.py:190} INFO - [2024-12-13T08:21:48.417+0000] {dag.py:4180} INFO - Setting next_dagrun for read_dataset_event to 2024-12-12 00:00:00+00:00, run_after=2024-12-13 00:00:00+00:00
[2024-12-13T08:21:48.423+0000] {logging_mixin.py:190} INFO - [2024-12-13T08:21:48.423+0000] {dag.py:4180} INFO - Setting next_dagrun for read_dataset_event_from_classic to 2024-12-12 00:00:00+00:00, run_after=2024-12-13 00:00:00+00:00
[2024-12-13T08:21:48.445+0000] {processor.py:208} INFO - Processing /opt/bitnami/airflow/venv/lib/python3.12/site-packages/airflow/example_dags/example_inlet_event_extra.py took 0.187 seconds
[2024-12-13T08:22:18.682+0000] {processor.py:186} INFO - Started process (PID=362) to work on /opt/bitnami/airflow/venv/lib/python3.12/site-packages/airflow/example_dags/example_inlet_event_extra.py
[2024-12-13T08:22:18.683+0000] {processor.py:914} INFO - Processing file /opt/bitnami/airflow/venv/lib/python3.12/site-packages/airflow/example_dags/example_inlet_event_extra.py for tasks to queue
[2024-12-13T08:22:18.685+0000] {logging_mixin.py:190} INFO - [2024-12-13T08:22:18.685+0000] {dagbag.py:588} INFO - Filling up the DagBag from /opt/bitnami/airflow/venv/lib/python3.12/site-packages/airflow/example_dags/example_inlet_event_extra.py
[2024-12-13T08:22:18.770+0000] {processor.py:925} INFO - DAG(s) 'read_dataset_event_from_classic', 'read_dataset_event' retrieved from /opt/bitnami/airflow/venv/lib/python3.12/site-packages/airflow/example_dags/example_inlet_event_extra.py
[2024-12-13T08:22:18.804+0000] {logging_mixin.py:190} INFO - [2024-12-13T08:22:18.804+0000] {dag.py:3239} INFO - Sync 2 DAGs
[2024-12-13T08:22:18.830+0000] {logging_mixin.py:190} INFO - [2024-12-13T08:22:18.830+0000] {dag.py:4180} INFO - Setting next_dagrun for read_dataset_event to 2024-12-12 00:00:00+00:00, run_after=2024-12-13 00:00:00+00:00
[2024-12-13T08:22:18.835+0000] {logging_mixin.py:190} INFO - [2024-12-13T08:22:18.835+0000] {dag.py:4180} INFO - Setting next_dagrun for read_dataset_event_from_classic to 2024-12-12 00:00:00+00:00, run_after=2024-12-13 00:00:00+00:00
[2024-12-13T08:22:18.853+0000] {processor.py:208} INFO - Processing /opt/bitnami/airflow/venv/lib/python3.12/site-packages/airflow/example_dags/example_inlet_event_extra.py took 0.176 seconds
[2024-12-13T08:22:49.533+0000] {processor.py:186} INFO - Started process (PID=419) to work on /opt/bitnami/airflow/venv/lib/python3.12/site-packages/airflow/example_dags/example_inlet_event_extra.py
[2024-12-13T08:22:49.534+0000] {processor.py:914} INFO - Processing file /opt/bitnami/airflow/venv/lib/python3.12/site-packages/airflow/example_dags/example_inlet_event_extra.py for tasks to queue
[2024-12-13T08:22:49.536+0000] {logging_mixin.py:190} INFO - [2024-12-13T08:22:49.535+0000] {dagbag.py:588} INFO - Filling up the DagBag from /opt/bitnami/airflow/venv/lib/python3.12/site-packages/airflow/example_dags/example_inlet_event_extra.py
[2024-12-13T08:22:49.629+0000] {processor.py:925} INFO - DAG(s) 'read_dataset_event', 'read_dataset_event_from_classic' retrieved from /opt/bitnami/airflow/venv/lib/python3.12/site-packages/airflow/example_dags/example_inlet_event_extra.py
[2024-12-13T08:22:49.665+0000] {logging_mixin.py:190} INFO - [2024-12-13T08:22:49.665+0000] {dag.py:3239} INFO - Sync 2 DAGs
[2024-12-13T08:22:49.706+0000] {logging_mixin.py:190} INFO - [2024-12-13T08:22:49.706+0000] {dag.py:4180} INFO - Setting next_dagrun for read_dataset_event to 2024-12-12 00:00:00+00:00, run_after=2024-12-13 00:00:00+00:00
[2024-12-13T08:22:49.713+0000] {logging_mixin.py:190} INFO - [2024-12-13T08:22:49.713+0000] {dag.py:4180} INFO - Setting next_dagrun for read_dataset_event_from_classic to 2024-12-12 00:00:00+00:00, run_after=2024-12-13 00:00:00+00:00
[2024-12-13T08:22:49.739+0000] {processor.py:208} INFO - Processing /opt/bitnami/airflow/venv/lib/python3.12/site-packages/airflow/example_dags/example_inlet_event_extra.py took 0.211 seconds
[2024-12-13T08:25:46.780+0000] {processor.py:186} INFO - Started process (PID=77) to work on /opt/bitnami/airflow/venv/lib/python3.12/site-packages/airflow/example_dags/example_inlet_event_extra.py
[2024-12-13T08:25:46.781+0000] {processor.py:914} INFO - Processing file /opt/bitnami/airflow/venv/lib/python3.12/site-packages/airflow/example_dags/example_inlet_event_extra.py for tasks to queue
[2024-12-13T08:25:46.784+0000] {logging_mixin.py:190} INFO - [2024-12-13T08:25:46.784+0000] {dagbag.py:588} INFO - Filling up the DagBag from /opt/bitnami/airflow/venv/lib/python3.12/site-packages/airflow/example_dags/example_inlet_event_extra.py
[2024-12-13T08:25:46.872+0000] {processor.py:925} INFO - DAG(s) 'read_dataset_event_from_classic', 'read_dataset_event' retrieved from /opt/bitnami/airflow/venv/lib/python3.12/site-packages/airflow/example_dags/example_inlet_event_extra.py
[2024-12-13T08:25:46.913+0000] {logging_mixin.py:190} INFO - [2024-12-13T08:25:46.912+0000] {dag.py:3239} INFO - Sync 2 DAGs
[2024-12-13T08:25:46.940+0000] {logging_mixin.py:190} INFO - [2024-12-13T08:25:46.940+0000] {dag.py:4180} INFO - Setting next_dagrun for read_dataset_event to 2024-12-12 00:00:00+00:00, run_after=2024-12-13 00:00:00+00:00
[2024-12-13T08:25:46.947+0000] {logging_mixin.py:190} INFO - [2024-12-13T08:25:46.947+0000] {dag.py:4180} INFO - Setting next_dagrun for read_dataset_event_from_classic to 2024-12-12 00:00:00+00:00, run_after=2024-12-13 00:00:00+00:00
[2024-12-13T08:25:46.975+0000] {processor.py:208} INFO - Processing /opt/bitnami/airflow/venv/lib/python3.12/site-packages/airflow/example_dags/example_inlet_event_extra.py took 0.200 seconds
[2024-12-13T08:26:17.895+0000] {processor.py:186} INFO - Started process (PID=134) to work on /opt/bitnami/airflow/venv/lib/python3.12/site-packages/airflow/example_dags/example_inlet_event_extra.py
[2024-12-13T08:26:17.897+0000] {processor.py:914} INFO - Processing file /opt/bitnami/airflow/venv/lib/python3.12/site-packages/airflow/example_dags/example_inlet_event_extra.py for tasks to queue
[2024-12-13T08:26:17.898+0000] {logging_mixin.py:190} INFO - [2024-12-13T08:26:17.898+0000] {dagbag.py:588} INFO - Filling up the DagBag from /opt/bitnami/airflow/venv/lib/python3.12/site-packages/airflow/example_dags/example_inlet_event_extra.py
[2024-12-13T08:26:17.971+0000] {processor.py:925} INFO - DAG(s) 'read_dataset_event_from_classic', 'read_dataset_event' retrieved from /opt/bitnami/airflow/venv/lib/python3.12/site-packages/airflow/example_dags/example_inlet_event_extra.py
[2024-12-13T08:26:17.996+0000] {logging_mixin.py:190} INFO - [2024-12-13T08:26:17.996+0000] {dag.py:3239} INFO - Sync 2 DAGs
[2024-12-13T08:26:18.021+0000] {logging_mixin.py:190} INFO - [2024-12-13T08:26:18.021+0000] {dag.py:4180} INFO - Setting next_dagrun for read_dataset_event to 2024-12-12 00:00:00+00:00, run_after=2024-12-13 00:00:00+00:00
[2024-12-13T08:26:18.026+0000] {logging_mixin.py:190} INFO - [2024-12-13T08:26:18.026+0000] {dag.py:4180} INFO - Setting next_dagrun for read_dataset_event_from_classic to 2024-12-12 00:00:00+00:00, run_after=2024-12-13 00:00:00+00:00
[2024-12-13T08:26:18.040+0000] {processor.py:208} INFO - Processing /opt/bitnami/airflow/venv/lib/python3.12/site-packages/airflow/example_dags/example_inlet_event_extra.py took 0.150 seconds
[2024-12-13T08:26:49.511+0000] {processor.py:186} INFO - Started process (PID=191) to work on /opt/bitnami/airflow/venv/lib/python3.12/site-packages/airflow/example_dags/example_inlet_event_extra.py
[2024-12-13T08:26:49.512+0000] {processor.py:914} INFO - Processing file /opt/bitnami/airflow/venv/lib/python3.12/site-packages/airflow/example_dags/example_inlet_event_extra.py for tasks to queue
[2024-12-13T08:26:49.514+0000] {logging_mixin.py:190} INFO - [2024-12-13T08:26:49.514+0000] {dagbag.py:588} INFO - Filling up the DagBag from /opt/bitnami/airflow/venv/lib/python3.12/site-packages/airflow/example_dags/example_inlet_event_extra.py
[2024-12-13T08:26:49.627+0000] {processor.py:925} INFO - DAG(s) 'read_dataset_event_from_classic', 'read_dataset_event' retrieved from /opt/bitnami/airflow/venv/lib/python3.12/site-packages/airflow/example_dags/example_inlet_event_extra.py
[2024-12-13T08:26:49.743+0000] {logging_mixin.py:190} INFO - [2024-12-13T08:26:49.743+0000] {dag.py:3239} INFO - Sync 2 DAGs
[2024-12-13T08:26:49.777+0000] {logging_mixin.py:190} INFO - [2024-12-13T08:26:49.777+0000] {dag.py:4180} INFO - Setting next_dagrun for read_dataset_event to 2024-12-12 00:00:00+00:00, run_after=2024-12-13 00:00:00+00:00
[2024-12-13T08:26:49.782+0000] {logging_mixin.py:190} INFO - [2024-12-13T08:26:49.782+0000] {dag.py:4180} INFO - Setting next_dagrun for read_dataset_event_from_classic to 2024-12-12 00:00:00+00:00, run_after=2024-12-13 00:00:00+00:00
[2024-12-13T08:26:49.802+0000] {processor.py:208} INFO - Processing /opt/bitnami/airflow/venv/lib/python3.12/site-packages/airflow/example_dags/example_inlet_event_extra.py took 0.297 seconds
[2024-12-13T08:27:20.024+0000] {processor.py:186} INFO - Started process (PID=248) to work on /opt/bitnami/airflow/venv/lib/python3.12/site-packages/airflow/example_dags/example_inlet_event_extra.py
[2024-12-13T08:27:20.025+0000] {processor.py:914} INFO - Processing file /opt/bitnami/airflow/venv/lib/python3.12/site-packages/airflow/example_dags/example_inlet_event_extra.py for tasks to queue
[2024-12-13T08:27:20.027+0000] {logging_mixin.py:190} INFO - [2024-12-13T08:27:20.027+0000] {dagbag.py:588} INFO - Filling up the DagBag from /opt/bitnami/airflow/venv/lib/python3.12/site-packages/airflow/example_dags/example_inlet_event_extra.py
[2024-12-13T08:27:20.118+0000] {processor.py:925} INFO - DAG(s) 'read_dataset_event_from_classic', 'read_dataset_event' retrieved from /opt/bitnami/airflow/venv/lib/python3.12/site-packages/airflow/example_dags/example_inlet_event_extra.py
[2024-12-13T08:27:20.153+0000] {logging_mixin.py:190} INFO - [2024-12-13T08:27:20.153+0000] {dag.py:3239} INFO - Sync 2 DAGs
[2024-12-13T08:27:20.182+0000] {logging_mixin.py:190} INFO - [2024-12-13T08:27:20.182+0000] {dag.py:4180} INFO - Setting next_dagrun for read_dataset_event to 2024-12-12 00:00:00+00:00, run_after=2024-12-13 00:00:00+00:00
[2024-12-13T08:27:20.187+0000] {logging_mixin.py:190} INFO - [2024-12-13T08:27:20.187+0000] {dag.py:4180} INFO - Setting next_dagrun for read_dataset_event_from_classic to 2024-12-12 00:00:00+00:00, run_after=2024-12-13 00:00:00+00:00
[2024-12-13T08:27:20.209+0000] {processor.py:208} INFO - Processing /opt/bitnami/airflow/venv/lib/python3.12/site-packages/airflow/example_dags/example_inlet_event_extra.py took 0.190 seconds
[2024-12-13T10:42:41.901+0000] {processor.py:186} INFO - Started process (PID=77) to work on /opt/bitnami/airflow/venv/lib/python3.12/site-packages/airflow/example_dags/example_inlet_event_extra.py
[2024-12-13T10:42:41.904+0000] {processor.py:914} INFO - Processing file /opt/bitnami/airflow/venv/lib/python3.12/site-packages/airflow/example_dags/example_inlet_event_extra.py for tasks to queue
[2024-12-13T10:42:41.908+0000] {logging_mixin.py:190} INFO - [2024-12-13T10:42:41.908+0000] {dagbag.py:588} INFO - Filling up the DagBag from /opt/bitnami/airflow/venv/lib/python3.12/site-packages/airflow/example_dags/example_inlet_event_extra.py
[2024-12-13T10:42:42.013+0000] {processor.py:925} INFO - DAG(s) 'read_dataset_event', 'read_dataset_event_from_classic' retrieved from /opt/bitnami/airflow/venv/lib/python3.12/site-packages/airflow/example_dags/example_inlet_event_extra.py
[2024-12-13T10:42:42.195+0000] {logging_mixin.py:190} INFO - [2024-12-13T10:42:42.193+0000] {override.py:1900} INFO - Created Permission View: can read on DAG:read_dataset_event
[2024-12-13T10:42:42.214+0000] {logging_mixin.py:190} INFO - [2024-12-13T10:42:42.213+0000] {override.py:1900} INFO - Created Permission View: can delete on DAG:read_dataset_event
[2024-12-13T10:42:42.223+0000] {logging_mixin.py:190} INFO - [2024-12-13T10:42:42.223+0000] {override.py:1900} INFO - Created Permission View: can edit on DAG:read_dataset_event
[2024-12-13T10:42:42.236+0000] {logging_mixin.py:190} INFO - [2024-12-13T10:42:42.236+0000] {override.py:1900} INFO - Created Permission View: can delete on DAG Run:read_dataset_event
[2024-12-13T10:42:42.246+0000] {logging_mixin.py:190} INFO - [2024-12-13T10:42:42.246+0000] {override.py:1900} INFO - Created Permission View: can read on DAG Run:read_dataset_event
[2024-12-13T10:42:42.256+0000] {logging_mixin.py:190} INFO - [2024-12-13T10:42:42.255+0000] {override.py:1900} INFO - Created Permission View: can create on DAG Run:read_dataset_event
[2024-12-13T10:42:42.267+0000] {logging_mixin.py:190} INFO - [2024-12-13T10:42:42.267+0000] {override.py:1900} INFO - Created Permission View: menu access on DAG Run:read_dataset_event
[2024-12-13T10:42:42.290+0000] {logging_mixin.py:190} INFO - [2024-12-13T10:42:42.289+0000] {override.py:1900} INFO - Created Permission View: can read on DAG:read_dataset_event_from_classic
[2024-12-13T10:42:42.302+0000] {logging_mixin.py:190} INFO - [2024-12-13T10:42:42.302+0000] {override.py:1900} INFO - Created Permission View: can delete on DAG:read_dataset_event_from_classic
[2024-12-13T10:42:42.316+0000] {logging_mixin.py:190} INFO - [2024-12-13T10:42:42.316+0000] {override.py:1900} INFO - Created Permission View: can edit on DAG:read_dataset_event_from_classic
[2024-12-13T10:42:42.330+0000] {logging_mixin.py:190} INFO - [2024-12-13T10:42:42.330+0000] {override.py:1900} INFO - Created Permission View: can delete on DAG Run:read_dataset_event_from_classic
[2024-12-13T10:42:42.339+0000] {logging_mixin.py:190} INFO - [2024-12-13T10:42:42.338+0000] {override.py:1900} INFO - Created Permission View: can read on DAG Run:read_dataset_event_from_classic
[2024-12-13T10:42:42.350+0000] {logging_mixin.py:190} INFO - [2024-12-13T10:42:42.349+0000] {override.py:1900} INFO - Created Permission View: can create on DAG Run:read_dataset_event_from_classic
[2024-12-13T10:42:42.360+0000] {logging_mixin.py:190} INFO - [2024-12-13T10:42:42.360+0000] {override.py:1900} INFO - Created Permission View: menu access on DAG Run:read_dataset_event_from_classic
[2024-12-13T10:42:42.361+0000] {logging_mixin.py:190} INFO - [2024-12-13T10:42:42.361+0000] {dag.py:3239} INFO - Sync 2 DAGs
[2024-12-13T10:42:42.404+0000] {logging_mixin.py:190} INFO - [2024-12-13T10:42:42.403+0000] {dag.py:3262} INFO - Creating ORM DAG for read_dataset_event
[2024-12-13T10:42:42.405+0000] {logging_mixin.py:190} INFO - [2024-12-13T10:42:42.405+0000] {dag.py:3262} INFO - Creating ORM DAG for read_dataset_event_from_classic
[2024-12-13T10:42:42.422+0000] {logging_mixin.py:190} INFO - [2024-12-13T10:42:42.421+0000] {dag.py:4180} INFO - Setting next_dagrun for read_dataset_event to 2024-12-12 00:00:00+00:00, run_after=2024-12-13 00:00:00+00:00
[2024-12-13T10:42:42.424+0000] {logging_mixin.py:190} INFO - [2024-12-13T10:42:42.424+0000] {dag.py:4180} INFO - Setting next_dagrun for read_dataset_event_from_classic to 2024-12-12 00:00:00+00:00, run_after=2024-12-13 00:00:00+00:00
[2024-12-13T10:42:42.461+0000] {processor.py:208} INFO - Processing /opt/bitnami/airflow/venv/lib/python3.12/site-packages/airflow/example_dags/example_inlet_event_extra.py took 0.567 seconds
[2024-12-13T10:43:13.310+0000] {processor.py:186} INFO - Started process (PID=134) to work on /opt/bitnami/airflow/venv/lib/python3.12/site-packages/airflow/example_dags/example_inlet_event_extra.py
[2024-12-13T10:43:13.312+0000] {processor.py:914} INFO - Processing file /opt/bitnami/airflow/venv/lib/python3.12/site-packages/airflow/example_dags/example_inlet_event_extra.py for tasks to queue
[2024-12-13T10:43:13.314+0000] {logging_mixin.py:190} INFO - [2024-12-13T10:43:13.314+0000] {dagbag.py:588} INFO - Filling up the DagBag from /opt/bitnami/airflow/venv/lib/python3.12/site-packages/airflow/example_dags/example_inlet_event_extra.py
[2024-12-13T10:43:13.404+0000] {processor.py:925} INFO - DAG(s) 'read_dataset_event', 'read_dataset_event_from_classic' retrieved from /opt/bitnami/airflow/venv/lib/python3.12/site-packages/airflow/example_dags/example_inlet_event_extra.py
[2024-12-13T10:43:13.472+0000] {logging_mixin.py:190} INFO - [2024-12-13T10:43:13.472+0000] {dag.py:3239} INFO - Sync 2 DAGs
[2024-12-13T10:43:13.525+0000] {logging_mixin.py:190} INFO - [2024-12-13T10:43:13.525+0000] {dag.py:4180} INFO - Setting next_dagrun for read_dataset_event to 2024-12-12 00:00:00+00:00, run_after=2024-12-13 00:00:00+00:00
[2024-12-13T10:43:13.530+0000] {logging_mixin.py:190} INFO - [2024-12-13T10:43:13.530+0000] {dag.py:4180} INFO - Setting next_dagrun for read_dataset_event_from_classic to 2024-12-12 00:00:00+00:00, run_after=2024-12-13 00:00:00+00:00
[2024-12-13T10:43:13.556+0000] {processor.py:208} INFO - Processing /opt/bitnami/airflow/venv/lib/python3.12/site-packages/airflow/example_dags/example_inlet_event_extra.py took 0.251 seconds
[2024-12-13T10:43:44.002+0000] {processor.py:186} INFO - Started process (PID=191) to work on /opt/bitnami/airflow/venv/lib/python3.12/site-packages/airflow/example_dags/example_inlet_event_extra.py
[2024-12-13T10:43:44.003+0000] {processor.py:914} INFO - Processing file /opt/bitnami/airflow/venv/lib/python3.12/site-packages/airflow/example_dags/example_inlet_event_extra.py for tasks to queue
[2024-12-13T10:43:44.006+0000] {logging_mixin.py:190} INFO - [2024-12-13T10:43:44.006+0000] {dagbag.py:588} INFO - Filling up the DagBag from /opt/bitnami/airflow/venv/lib/python3.12/site-packages/airflow/example_dags/example_inlet_event_extra.py
[2024-12-13T10:43:44.113+0000] {processor.py:925} INFO - DAG(s) 'read_dataset_event', 'read_dataset_event_from_classic' retrieved from /opt/bitnami/airflow/venv/lib/python3.12/site-packages/airflow/example_dags/example_inlet_event_extra.py
[2024-12-13T10:43:44.255+0000] {logging_mixin.py:190} INFO - [2024-12-13T10:43:44.255+0000] {dag.py:3239} INFO - Sync 2 DAGs
[2024-12-13T10:43:44.303+0000] {logging_mixin.py:190} INFO - [2024-12-13T10:43:44.302+0000] {dag.py:4180} INFO - Setting next_dagrun for read_dataset_event to 2024-12-12 00:00:00+00:00, run_after=2024-12-13 00:00:00+00:00
[2024-12-13T10:43:44.313+0000] {logging_mixin.py:190} INFO - [2024-12-13T10:43:44.313+0000] {dag.py:4180} INFO - Setting next_dagrun for read_dataset_event_from_classic to 2024-12-12 00:00:00+00:00, run_after=2024-12-13 00:00:00+00:00
[2024-12-13T10:43:44.361+0000] {processor.py:208} INFO - Processing /opt/bitnami/airflow/venv/lib/python3.12/site-packages/airflow/example_dags/example_inlet_event_extra.py took 0.365 seconds
[2024-12-13T10:44:15.017+0000] {processor.py:186} INFO - Started process (PID=248) to work on /opt/bitnami/airflow/venv/lib/python3.12/site-packages/airflow/example_dags/example_inlet_event_extra.py
[2024-12-13T10:44:15.018+0000] {processor.py:914} INFO - Processing file /opt/bitnami/airflow/venv/lib/python3.12/site-packages/airflow/example_dags/example_inlet_event_extra.py for tasks to queue
[2024-12-13T10:44:15.021+0000] {logging_mixin.py:190} INFO - [2024-12-13T10:44:15.020+0000] {dagbag.py:588} INFO - Filling up the DagBag from /opt/bitnami/airflow/venv/lib/python3.12/site-packages/airflow/example_dags/example_inlet_event_extra.py
[2024-12-13T10:44:15.110+0000] {processor.py:925} INFO - DAG(s) 'read_dataset_event_from_classic', 'read_dataset_event' retrieved from /opt/bitnami/airflow/venv/lib/python3.12/site-packages/airflow/example_dags/example_inlet_event_extra.py
[2024-12-13T10:44:15.174+0000] {logging_mixin.py:190} INFO - [2024-12-13T10:44:15.174+0000] {dag.py:3239} INFO - Sync 2 DAGs
[2024-12-13T10:44:15.223+0000] {logging_mixin.py:190} INFO - [2024-12-13T10:44:15.223+0000] {dag.py:4180} INFO - Setting next_dagrun for read_dataset_event to 2024-12-12 00:00:00+00:00, run_after=2024-12-13 00:00:00+00:00
[2024-12-13T10:44:15.229+0000] {logging_mixin.py:190} INFO - [2024-12-13T10:44:15.228+0000] {dag.py:4180} INFO - Setting next_dagrun for read_dataset_event_from_classic to 2024-12-12 00:00:00+00:00, run_after=2024-12-13 00:00:00+00:00
[2024-12-13T10:44:15.263+0000] {processor.py:208} INFO - Processing /opt/bitnami/airflow/venv/lib/python3.12/site-packages/airflow/example_dags/example_inlet_event_extra.py took 0.252 seconds
[2024-12-13T10:44:45.621+0000] {processor.py:186} INFO - Started process (PID=305) to work on /opt/bitnami/airflow/venv/lib/python3.12/site-packages/airflow/example_dags/example_inlet_event_extra.py
[2024-12-13T10:44:45.622+0000] {processor.py:914} INFO - Processing file /opt/bitnami/airflow/venv/lib/python3.12/site-packages/airflow/example_dags/example_inlet_event_extra.py for tasks to queue
[2024-12-13T10:44:45.624+0000] {logging_mixin.py:190} INFO - [2024-12-13T10:44:45.624+0000] {dagbag.py:588} INFO - Filling up the DagBag from /opt/bitnami/airflow/venv/lib/python3.12/site-packages/airflow/example_dags/example_inlet_event_extra.py
[2024-12-13T10:44:45.721+0000] {processor.py:925} INFO - DAG(s) 'read_dataset_event', 'read_dataset_event_from_classic' retrieved from /opt/bitnami/airflow/venv/lib/python3.12/site-packages/airflow/example_dags/example_inlet_event_extra.py
[2024-12-13T10:44:45.784+0000] {logging_mixin.py:190} INFO - [2024-12-13T10:44:45.784+0000] {dag.py:3239} INFO - Sync 2 DAGs
[2024-12-13T10:44:45.831+0000] {logging_mixin.py:190} INFO - [2024-12-13T10:44:45.831+0000] {dag.py:4180} INFO - Setting next_dagrun for read_dataset_event to 2024-12-12 00:00:00+00:00, run_after=2024-12-13 00:00:00+00:00
[2024-12-13T10:44:45.838+0000] {logging_mixin.py:190} INFO - [2024-12-13T10:44:45.838+0000] {dag.py:4180} INFO - Setting next_dagrun for read_dataset_event_from_classic to 2024-12-12 00:00:00+00:00, run_after=2024-12-13 00:00:00+00:00
[2024-12-13T10:44:45.872+0000] {processor.py:208} INFO - Processing /opt/bitnami/airflow/venv/lib/python3.12/site-packages/airflow/example_dags/example_inlet_event_extra.py took 0.255 seconds
[2024-12-13T10:52:13.542+0000] {processor.py:186} INFO - Started process (PID=77) to work on /opt/bitnami/airflow/venv/lib/python3.12/site-packages/airflow/example_dags/example_inlet_event_extra.py
[2024-12-13T10:52:13.543+0000] {processor.py:914} INFO - Processing file /opt/bitnami/airflow/venv/lib/python3.12/site-packages/airflow/example_dags/example_inlet_event_extra.py for tasks to queue
[2024-12-13T10:52:13.547+0000] {logging_mixin.py:190} INFO - [2024-12-13T10:52:13.546+0000] {dagbag.py:588} INFO - Filling up the DagBag from /opt/bitnami/airflow/venv/lib/python3.12/site-packages/airflow/example_dags/example_inlet_event_extra.py
[2024-12-13T10:52:13.639+0000] {processor.py:925} INFO - DAG(s) 'read_dataset_event_from_classic', 'read_dataset_event' retrieved from /opt/bitnami/airflow/venv/lib/python3.12/site-packages/airflow/example_dags/example_inlet_event_extra.py
[2024-12-13T10:52:13.794+0000] {logging_mixin.py:190} INFO - [2024-12-13T10:52:13.791+0000] {override.py:1900} INFO - Created Permission View: can read on DAG:read_dataset_event_from_classic
[2024-12-13T10:52:13.816+0000] {logging_mixin.py:190} INFO - [2024-12-13T10:52:13.816+0000] {override.py:1900} INFO - Created Permission View: can delete on DAG:read_dataset_event_from_classic
[2024-12-13T10:52:13.829+0000] {logging_mixin.py:190} INFO - [2024-12-13T10:52:13.828+0000] {override.py:1900} INFO - Created Permission View: can edit on DAG:read_dataset_event_from_classic
[2024-12-13T10:52:13.842+0000] {logging_mixin.py:190} INFO - [2024-12-13T10:52:13.842+0000] {override.py:1900} INFO - Created Permission View: menu access on DAG Run:read_dataset_event_from_classic
[2024-12-13T10:52:13.851+0000] {logging_mixin.py:190} INFO - [2024-12-13T10:52:13.850+0000] {override.py:1900} INFO - Created Permission View: can read on DAG Run:read_dataset_event_from_classic
[2024-12-13T10:52:13.857+0000] {logging_mixin.py:190} INFO - [2024-12-13T10:52:13.857+0000] {override.py:1900} INFO - Created Permission View: can delete on DAG Run:read_dataset_event_from_classic
[2024-12-13T10:52:13.865+0000] {logging_mixin.py:190} INFO - [2024-12-13T10:52:13.864+0000] {override.py:1900} INFO - Created Permission View: can create on DAG Run:read_dataset_event_from_classic
[2024-12-13T10:52:13.878+0000] {logging_mixin.py:190} INFO - [2024-12-13T10:52:13.878+0000] {override.py:1900} INFO - Created Permission View: can read on DAG:read_dataset_event
[2024-12-13T10:52:13.884+0000] {logging_mixin.py:190} INFO - [2024-12-13T10:52:13.884+0000] {override.py:1900} INFO - Created Permission View: can delete on DAG:read_dataset_event
[2024-12-13T10:52:13.890+0000] {logging_mixin.py:190} INFO - [2024-12-13T10:52:13.890+0000] {override.py:1900} INFO - Created Permission View: can edit on DAG:read_dataset_event
[2024-12-13T10:52:13.898+0000] {logging_mixin.py:190} INFO - [2024-12-13T10:52:13.898+0000] {override.py:1900} INFO - Created Permission View: menu access on DAG Run:read_dataset_event
[2024-12-13T10:52:13.905+0000] {logging_mixin.py:190} INFO - [2024-12-13T10:52:13.905+0000] {override.py:1900} INFO - Created Permission View: can read on DAG Run:read_dataset_event
[2024-12-13T10:52:13.913+0000] {logging_mixin.py:190} INFO - [2024-12-13T10:52:13.913+0000] {override.py:1900} INFO - Created Permission View: can delete on DAG Run:read_dataset_event
[2024-12-13T10:52:13.922+0000] {logging_mixin.py:190} INFO - [2024-12-13T10:52:13.922+0000] {override.py:1900} INFO - Created Permission View: can create on DAG Run:read_dataset_event
[2024-12-13T10:52:13.923+0000] {logging_mixin.py:190} INFO - [2024-12-13T10:52:13.923+0000] {dag.py:3239} INFO - Sync 2 DAGs
[2024-12-13T10:52:13.960+0000] {logging_mixin.py:190} INFO - [2024-12-13T10:52:13.960+0000] {dag.py:3262} INFO - Creating ORM DAG for read_dataset_event
[2024-12-13T10:52:13.961+0000] {logging_mixin.py:190} INFO - [2024-12-13T10:52:13.961+0000] {dag.py:3262} INFO - Creating ORM DAG for read_dataset_event_from_classic
[2024-12-13T10:52:13.980+0000] {logging_mixin.py:190} INFO - [2024-12-13T10:52:13.979+0000] {dag.py:4180} INFO - Setting next_dagrun for read_dataset_event to 2024-12-12 00:00:00+00:00, run_after=2024-12-13 00:00:00+00:00
[2024-12-13T10:52:13.982+0000] {logging_mixin.py:190} INFO - [2024-12-13T10:52:13.982+0000] {dag.py:4180} INFO - Setting next_dagrun for read_dataset_event_from_classic to 2024-12-12 00:00:00+00:00, run_after=2024-12-13 00:00:00+00:00
[2024-12-13T10:52:14.018+0000] {processor.py:208} INFO - Processing /opt/bitnami/airflow/venv/lib/python3.12/site-packages/airflow/example_dags/example_inlet_event_extra.py took 0.484 seconds
[2024-12-13T10:52:44.243+0000] {processor.py:186} INFO - Started process (PID=134) to work on /opt/bitnami/airflow/venv/lib/python3.12/site-packages/airflow/example_dags/example_inlet_event_extra.py
[2024-12-13T10:52:44.244+0000] {processor.py:914} INFO - Processing file /opt/bitnami/airflow/venv/lib/python3.12/site-packages/airflow/example_dags/example_inlet_event_extra.py for tasks to queue
[2024-12-13T10:52:44.247+0000] {logging_mixin.py:190} INFO - [2024-12-13T10:52:44.246+0000] {dagbag.py:588} INFO - Filling up the DagBag from /opt/bitnami/airflow/venv/lib/python3.12/site-packages/airflow/example_dags/example_inlet_event_extra.py
[2024-12-13T10:52:44.324+0000] {processor.py:925} INFO - DAG(s) 'read_dataset_event_from_classic', 'read_dataset_event' retrieved from /opt/bitnami/airflow/venv/lib/python3.12/site-packages/airflow/example_dags/example_inlet_event_extra.py
[2024-12-13T10:52:44.369+0000] {logging_mixin.py:190} INFO - [2024-12-13T10:52:44.369+0000] {dag.py:3239} INFO - Sync 2 DAGs
[2024-12-13T10:52:44.404+0000] {logging_mixin.py:190} INFO - [2024-12-13T10:52:44.404+0000] {dag.py:4180} INFO - Setting next_dagrun for read_dataset_event to 2024-12-12 00:00:00+00:00, run_after=2024-12-13 00:00:00+00:00
[2024-12-13T10:52:44.409+0000] {logging_mixin.py:190} INFO - [2024-12-13T10:52:44.409+0000] {dag.py:4180} INFO - Setting next_dagrun for read_dataset_event_from_classic to 2024-12-12 00:00:00+00:00, run_after=2024-12-13 00:00:00+00:00
[2024-12-13T10:52:44.442+0000] {processor.py:208} INFO - Processing /opt/bitnami/airflow/venv/lib/python3.12/site-packages/airflow/example_dags/example_inlet_event_extra.py took 0.203 seconds
[2024-12-13T10:53:16.150+0000] {processor.py:186} INFO - Started process (PID=191) to work on /opt/bitnami/airflow/venv/lib/python3.12/site-packages/airflow/example_dags/example_inlet_event_extra.py
[2024-12-13T10:53:16.152+0000] {processor.py:914} INFO - Processing file /opt/bitnami/airflow/venv/lib/python3.12/site-packages/airflow/example_dags/example_inlet_event_extra.py for tasks to queue
[2024-12-13T10:53:16.155+0000] {logging_mixin.py:190} INFO - [2024-12-13T10:53:16.154+0000] {dagbag.py:588} INFO - Filling up the DagBag from /opt/bitnami/airflow/venv/lib/python3.12/site-packages/airflow/example_dags/example_inlet_event_extra.py
[2024-12-13T10:53:16.254+0000] {processor.py:925} INFO - DAG(s) 'read_dataset_event', 'read_dataset_event_from_classic' retrieved from /opt/bitnami/airflow/venv/lib/python3.12/site-packages/airflow/example_dags/example_inlet_event_extra.py
[2024-12-13T10:53:16.376+0000] {logging_mixin.py:190} INFO - [2024-12-13T10:53:16.376+0000] {dag.py:3239} INFO - Sync 2 DAGs
[2024-12-13T10:53:16.412+0000] {logging_mixin.py:190} INFO - [2024-12-13T10:53:16.411+0000] {dag.py:4180} INFO - Setting next_dagrun for read_dataset_event to 2024-12-12 00:00:00+00:00, run_after=2024-12-13 00:00:00+00:00
[2024-12-13T10:53:16.417+0000] {logging_mixin.py:190} INFO - [2024-12-13T10:53:16.417+0000] {dag.py:4180} INFO - Setting next_dagrun for read_dataset_event_from_classic to 2024-12-12 00:00:00+00:00, run_after=2024-12-13 00:00:00+00:00
[2024-12-13T10:53:16.439+0000] {processor.py:208} INFO - Processing /opt/bitnami/airflow/venv/lib/python3.12/site-packages/airflow/example_dags/example_inlet_event_extra.py took 0.295 seconds
[2024-12-13T10:53:46.592+0000] {processor.py:186} INFO - Started process (PID=248) to work on /opt/bitnami/airflow/venv/lib/python3.12/site-packages/airflow/example_dags/example_inlet_event_extra.py
[2024-12-13T10:53:46.594+0000] {processor.py:914} INFO - Processing file /opt/bitnami/airflow/venv/lib/python3.12/site-packages/airflow/example_dags/example_inlet_event_extra.py for tasks to queue
[2024-12-13T10:53:46.600+0000] {logging_mixin.py:190} INFO - [2024-12-13T10:53:46.600+0000] {dagbag.py:588} INFO - Filling up the DagBag from /opt/bitnami/airflow/venv/lib/python3.12/site-packages/airflow/example_dags/example_inlet_event_extra.py
[2024-12-13T10:53:46.744+0000] {processor.py:925} INFO - DAG(s) 'read_dataset_event_from_classic', 'read_dataset_event' retrieved from /opt/bitnami/airflow/venv/lib/python3.12/site-packages/airflow/example_dags/example_inlet_event_extra.py
[2024-12-13T10:53:46.860+0000] {logging_mixin.py:190} INFO - [2024-12-13T10:53:46.859+0000] {dag.py:3239} INFO - Sync 2 DAGs
[2024-12-13T10:53:46.930+0000] {logging_mixin.py:190} INFO - [2024-12-13T10:53:46.930+0000] {dag.py:4180} INFO - Setting next_dagrun for read_dataset_event to 2024-12-12 00:00:00+00:00, run_after=2024-12-13 00:00:00+00:00
[2024-12-13T10:53:46.941+0000] {logging_mixin.py:190} INFO - [2024-12-13T10:53:46.940+0000] {dag.py:4180} INFO - Setting next_dagrun for read_dataset_event_from_classic to 2024-12-12 00:00:00+00:00, run_after=2024-12-13 00:00:00+00:00
[2024-12-13T10:53:46.994+0000] {processor.py:208} INFO - Processing /opt/bitnami/airflow/venv/lib/python3.12/site-packages/airflow/example_dags/example_inlet_event_extra.py took 0.409 seconds
[2024-12-13T10:54:17.885+0000] {processor.py:186} INFO - Started process (PID=305) to work on /opt/bitnami/airflow/venv/lib/python3.12/site-packages/airflow/example_dags/example_inlet_event_extra.py
[2024-12-13T10:54:17.887+0000] {processor.py:914} INFO - Processing file /opt/bitnami/airflow/venv/lib/python3.12/site-packages/airflow/example_dags/example_inlet_event_extra.py for tasks to queue
[2024-12-13T10:54:17.889+0000] {logging_mixin.py:190} INFO - [2024-12-13T10:54:17.888+0000] {dagbag.py:588} INFO - Filling up the DagBag from /opt/bitnami/airflow/venv/lib/python3.12/site-packages/airflow/example_dags/example_inlet_event_extra.py
[2024-12-13T10:54:17.981+0000] {processor.py:925} INFO - DAG(s) 'read_dataset_event', 'read_dataset_event_from_classic' retrieved from /opt/bitnami/airflow/venv/lib/python3.12/site-packages/airflow/example_dags/example_inlet_event_extra.py
[2024-12-13T10:54:18.059+0000] {logging_mixin.py:190} INFO - [2024-12-13T10:54:18.059+0000] {dag.py:3239} INFO - Sync 2 DAGs
[2024-12-13T10:54:18.120+0000] {logging_mixin.py:190} INFO - [2024-12-13T10:54:18.120+0000] {dag.py:4180} INFO - Setting next_dagrun for read_dataset_event to 2024-12-12 00:00:00+00:00, run_after=2024-12-13 00:00:00+00:00
[2024-12-13T10:54:18.128+0000] {logging_mixin.py:190} INFO - [2024-12-13T10:54:18.128+0000] {dag.py:4180} INFO - Setting next_dagrun for read_dataset_event_from_classic to 2024-12-12 00:00:00+00:00, run_after=2024-12-13 00:00:00+00:00
[2024-12-13T10:54:18.160+0000] {processor.py:208} INFO - Processing /opt/bitnami/airflow/venv/lib/python3.12/site-packages/airflow/example_dags/example_inlet_event_extra.py took 0.280 seconds
[2024-12-13T10:54:48.726+0000] {processor.py:186} INFO - Started process (PID=362) to work on /opt/bitnami/airflow/venv/lib/python3.12/site-packages/airflow/example_dags/example_inlet_event_extra.py
[2024-12-13T10:54:48.727+0000] {processor.py:914} INFO - Processing file /opt/bitnami/airflow/venv/lib/python3.12/site-packages/airflow/example_dags/example_inlet_event_extra.py for tasks to queue
[2024-12-13T10:54:48.730+0000] {logging_mixin.py:190} INFO - [2024-12-13T10:54:48.730+0000] {dagbag.py:588} INFO - Filling up the DagBag from /opt/bitnami/airflow/venv/lib/python3.12/site-packages/airflow/example_dags/example_inlet_event_extra.py
[2024-12-13T10:54:48.868+0000] {processor.py:925} INFO - DAG(s) 'read_dataset_event_from_classic', 'read_dataset_event' retrieved from /opt/bitnami/airflow/venv/lib/python3.12/site-packages/airflow/example_dags/example_inlet_event_extra.py
[2024-12-13T10:54:48.909+0000] {logging_mixin.py:190} INFO - [2024-12-13T10:54:48.908+0000] {dag.py:3239} INFO - Sync 2 DAGs
[2024-12-13T10:54:48.956+0000] {logging_mixin.py:190} INFO - [2024-12-13T10:54:48.956+0000] {dag.py:4180} INFO - Setting next_dagrun for read_dataset_event to 2024-12-12 00:00:00+00:00, run_after=2024-12-13 00:00:00+00:00
[2024-12-13T10:54:48.962+0000] {logging_mixin.py:190} INFO - [2024-12-13T10:54:48.962+0000] {dag.py:4180} INFO - Setting next_dagrun for read_dataset_event_from_classic to 2024-12-12 00:00:00+00:00, run_after=2024-12-13 00:00:00+00:00
[2024-12-13T10:54:48.995+0000] {processor.py:208} INFO - Processing /opt/bitnami/airflow/venv/lib/python3.12/site-packages/airflow/example_dags/example_inlet_event_extra.py took 0.277 seconds
[2024-12-13T10:55:19.508+0000] {processor.py:186} INFO - Started process (PID=419) to work on /opt/bitnami/airflow/venv/lib/python3.12/site-packages/airflow/example_dags/example_inlet_event_extra.py
[2024-12-13T10:55:19.509+0000] {processor.py:914} INFO - Processing file /opt/bitnami/airflow/venv/lib/python3.12/site-packages/airflow/example_dags/example_inlet_event_extra.py for tasks to queue
[2024-12-13T10:55:19.512+0000] {logging_mixin.py:190} INFO - [2024-12-13T10:55:19.512+0000] {dagbag.py:588} INFO - Filling up the DagBag from /opt/bitnami/airflow/venv/lib/python3.12/site-packages/airflow/example_dags/example_inlet_event_extra.py
[2024-12-13T10:55:19.589+0000] {processor.py:925} INFO - DAG(s) 'read_dataset_event', 'read_dataset_event_from_classic' retrieved from /opt/bitnami/airflow/venv/lib/python3.12/site-packages/airflow/example_dags/example_inlet_event_extra.py
[2024-12-13T10:55:19.642+0000] {logging_mixin.py:190} INFO - [2024-12-13T10:55:19.642+0000] {dag.py:3239} INFO - Sync 2 DAGs
[2024-12-13T10:55:19.678+0000] {logging_mixin.py:190} INFO - [2024-12-13T10:55:19.678+0000] {dag.py:4180} INFO - Setting next_dagrun for read_dataset_event to 2024-12-12 00:00:00+00:00, run_after=2024-12-13 00:00:00+00:00
[2024-12-13T10:55:19.685+0000] {logging_mixin.py:190} INFO - [2024-12-13T10:55:19.685+0000] {dag.py:4180} INFO - Setting next_dagrun for read_dataset_event_from_classic to 2024-12-12 00:00:00+00:00, run_after=2024-12-13 00:00:00+00:00
[2024-12-13T10:55:19.705+0000] {processor.py:208} INFO - Processing /opt/bitnami/airflow/venv/lib/python3.12/site-packages/airflow/example_dags/example_inlet_event_extra.py took 0.202 seconds
[2024-12-13T10:55:50.352+0000] {processor.py:186} INFO - Started process (PID=476) to work on /opt/bitnami/airflow/venv/lib/python3.12/site-packages/airflow/example_dags/example_inlet_event_extra.py
[2024-12-13T10:55:50.353+0000] {processor.py:914} INFO - Processing file /opt/bitnami/airflow/venv/lib/python3.12/site-packages/airflow/example_dags/example_inlet_event_extra.py for tasks to queue
[2024-12-13T10:55:50.356+0000] {logging_mixin.py:190} INFO - [2024-12-13T10:55:50.356+0000] {dagbag.py:588} INFO - Filling up the DagBag from /opt/bitnami/airflow/venv/lib/python3.12/site-packages/airflow/example_dags/example_inlet_event_extra.py
[2024-12-13T10:55:50.464+0000] {processor.py:925} INFO - DAG(s) 'read_dataset_event', 'read_dataset_event_from_classic' retrieved from /opt/bitnami/airflow/venv/lib/python3.12/site-packages/airflow/example_dags/example_inlet_event_extra.py
[2024-12-13T10:55:50.528+0000] {logging_mixin.py:190} INFO - [2024-12-13T10:55:50.528+0000] {dag.py:3239} INFO - Sync 2 DAGs
[2024-12-13T10:55:50.577+0000] {logging_mixin.py:190} INFO - [2024-12-13T10:55:50.577+0000] {dag.py:4180} INFO - Setting next_dagrun for read_dataset_event to 2024-12-12 00:00:00+00:00, run_after=2024-12-13 00:00:00+00:00
[2024-12-13T10:55:50.584+0000] {logging_mixin.py:190} INFO - [2024-12-13T10:55:50.584+0000] {dag.py:4180} INFO - Setting next_dagrun for read_dataset_event_from_classic to 2024-12-12 00:00:00+00:00, run_after=2024-12-13 00:00:00+00:00
[2024-12-13T10:55:50.628+0000] {processor.py:208} INFO - Processing /opt/bitnami/airflow/venv/lib/python3.12/site-packages/airflow/example_dags/example_inlet_event_extra.py took 0.282 seconds
[2024-12-13T10:56:21.457+0000] {processor.py:186} INFO - Started process (PID=533) to work on /opt/bitnami/airflow/venv/lib/python3.12/site-packages/airflow/example_dags/example_inlet_event_extra.py
[2024-12-13T10:56:21.458+0000] {processor.py:914} INFO - Processing file /opt/bitnami/airflow/venv/lib/python3.12/site-packages/airflow/example_dags/example_inlet_event_extra.py for tasks to queue
[2024-12-13T10:56:21.461+0000] {logging_mixin.py:190} INFO - [2024-12-13T10:56:21.461+0000] {dagbag.py:588} INFO - Filling up the DagBag from /opt/bitnami/airflow/venv/lib/python3.12/site-packages/airflow/example_dags/example_inlet_event_extra.py
[2024-12-13T10:56:21.536+0000] {processor.py:925} INFO - DAG(s) 'read_dataset_event', 'read_dataset_event_from_classic' retrieved from /opt/bitnami/airflow/venv/lib/python3.12/site-packages/airflow/example_dags/example_inlet_event_extra.py
[2024-12-13T10:56:21.574+0000] {logging_mixin.py:190} INFO - [2024-12-13T10:56:21.574+0000] {dag.py:3239} INFO - Sync 2 DAGs
[2024-12-13T10:56:21.600+0000] {logging_mixin.py:190} INFO - [2024-12-13T10:56:21.600+0000] {dag.py:4180} INFO - Setting next_dagrun for read_dataset_event to 2024-12-12 00:00:00+00:00, run_after=2024-12-13 00:00:00+00:00
[2024-12-13T10:56:21.606+0000] {logging_mixin.py:190} INFO - [2024-12-13T10:56:21.606+0000] {dag.py:4180} INFO - Setting next_dagrun for read_dataset_event_from_classic to 2024-12-12 00:00:00+00:00, run_after=2024-12-13 00:00:00+00:00
[2024-12-13T10:56:21.629+0000] {processor.py:208} INFO - Processing /opt/bitnami/airflow/venv/lib/python3.12/site-packages/airflow/example_dags/example_inlet_event_extra.py took 0.176 seconds
[2024-12-13T10:56:52.166+0000] {processor.py:186} INFO - Started process (PID=590) to work on /opt/bitnami/airflow/venv/lib/python3.12/site-packages/airflow/example_dags/example_inlet_event_extra.py
[2024-12-13T10:56:52.167+0000] {processor.py:914} INFO - Processing file /opt/bitnami/airflow/venv/lib/python3.12/site-packages/airflow/example_dags/example_inlet_event_extra.py for tasks to queue
[2024-12-13T10:56:52.169+0000] {logging_mixin.py:190} INFO - [2024-12-13T10:56:52.169+0000] {dagbag.py:588} INFO - Filling up the DagBag from /opt/bitnami/airflow/venv/lib/python3.12/site-packages/airflow/example_dags/example_inlet_event_extra.py
[2024-12-13T10:56:52.247+0000] {processor.py:925} INFO - DAG(s) 'read_dataset_event_from_classic', 'read_dataset_event' retrieved from /opt/bitnami/airflow/venv/lib/python3.12/site-packages/airflow/example_dags/example_inlet_event_extra.py
[2024-12-13T10:56:52.293+0000] {logging_mixin.py:190} INFO - [2024-12-13T10:56:52.293+0000] {dag.py:3239} INFO - Sync 2 DAGs
[2024-12-13T10:56:52.327+0000] {logging_mixin.py:190} INFO - [2024-12-13T10:56:52.327+0000] {dag.py:4180} INFO - Setting next_dagrun for read_dataset_event to 2024-12-12 00:00:00+00:00, run_after=2024-12-13 00:00:00+00:00
[2024-12-13T10:56:52.332+0000] {logging_mixin.py:190} INFO - [2024-12-13T10:56:52.332+0000] {dag.py:4180} INFO - Setting next_dagrun for read_dataset_event_from_classic to 2024-12-12 00:00:00+00:00, run_after=2024-12-13 00:00:00+00:00
[2024-12-13T10:56:52.364+0000] {processor.py:208} INFO - Processing /opt/bitnami/airflow/venv/lib/python3.12/site-packages/airflow/example_dags/example_inlet_event_extra.py took 0.203 seconds
[2024-12-13T10:57:22.611+0000] {processor.py:186} INFO - Started process (PID=647) to work on /opt/bitnami/airflow/venv/lib/python3.12/site-packages/airflow/example_dags/example_inlet_event_extra.py
[2024-12-13T10:57:22.612+0000] {processor.py:914} INFO - Processing file /opt/bitnami/airflow/venv/lib/python3.12/site-packages/airflow/example_dags/example_inlet_event_extra.py for tasks to queue
[2024-12-13T10:57:22.615+0000] {logging_mixin.py:190} INFO - [2024-12-13T10:57:22.615+0000] {dagbag.py:588} INFO - Filling up the DagBag from /opt/bitnami/airflow/venv/lib/python3.12/site-packages/airflow/example_dags/example_inlet_event_extra.py
[2024-12-13T10:57:22.689+0000] {processor.py:925} INFO - DAG(s) 'read_dataset_event_from_classic', 'read_dataset_event' retrieved from /opt/bitnami/airflow/venv/lib/python3.12/site-packages/airflow/example_dags/example_inlet_event_extra.py
[2024-12-13T10:57:22.723+0000] {logging_mixin.py:190} INFO - [2024-12-13T10:57:22.723+0000] {dag.py:3239} INFO - Sync 2 DAGs
[2024-12-13T10:57:22.748+0000] {logging_mixin.py:190} INFO - [2024-12-13T10:57:22.748+0000] {dag.py:4180} INFO - Setting next_dagrun for read_dataset_event to 2024-12-12 00:00:00+00:00, run_after=2024-12-13 00:00:00+00:00
[2024-12-13T10:57:22.754+0000] {logging_mixin.py:190} INFO - [2024-12-13T10:57:22.753+0000] {dag.py:4180} INFO - Setting next_dagrun for read_dataset_event_from_classic to 2024-12-12 00:00:00+00:00, run_after=2024-12-13 00:00:00+00:00
[2024-12-13T10:57:22.786+0000] {processor.py:208} INFO - Processing /opt/bitnami/airflow/venv/lib/python3.12/site-packages/airflow/example_dags/example_inlet_event_extra.py took 0.179 seconds
[2024-12-13T10:57:53.330+0000] {processor.py:186} INFO - Started process (PID=704) to work on /opt/bitnami/airflow/venv/lib/python3.12/site-packages/airflow/example_dags/example_inlet_event_extra.py
[2024-12-13T10:57:53.331+0000] {processor.py:914} INFO - Processing file /opt/bitnami/airflow/venv/lib/python3.12/site-packages/airflow/example_dags/example_inlet_event_extra.py for tasks to queue
[2024-12-13T10:57:53.334+0000] {logging_mixin.py:190} INFO - [2024-12-13T10:57:53.334+0000] {dagbag.py:588} INFO - Filling up the DagBag from /opt/bitnami/airflow/venv/lib/python3.12/site-packages/airflow/example_dags/example_inlet_event_extra.py
[2024-12-13T10:57:53.415+0000] {processor.py:925} INFO - DAG(s) 'read_dataset_event_from_classic', 'read_dataset_event' retrieved from /opt/bitnami/airflow/venv/lib/python3.12/site-packages/airflow/example_dags/example_inlet_event_extra.py
[2024-12-13T10:57:53.485+0000] {logging_mixin.py:190} INFO - [2024-12-13T10:57:53.485+0000] {dag.py:3239} INFO - Sync 2 DAGs
[2024-12-13T10:57:53.525+0000] {logging_mixin.py:190} INFO - [2024-12-13T10:57:53.524+0000] {dag.py:4180} INFO - Setting next_dagrun for read_dataset_event to 2024-12-12 00:00:00+00:00, run_after=2024-12-13 00:00:00+00:00
[2024-12-13T10:57:53.530+0000] {logging_mixin.py:190} INFO - [2024-12-13T10:57:53.529+0000] {dag.py:4180} INFO - Setting next_dagrun for read_dataset_event_from_classic to 2024-12-12 00:00:00+00:00, run_after=2024-12-13 00:00:00+00:00
[2024-12-13T10:57:53.544+0000] {processor.py:208} INFO - Processing /opt/bitnami/airflow/venv/lib/python3.12/site-packages/airflow/example_dags/example_inlet_event_extra.py took 0.219 seconds
[2024-12-13T10:58:24.333+0000] {processor.py:186} INFO - Started process (PID=761) to work on /opt/bitnami/airflow/venv/lib/python3.12/site-packages/airflow/example_dags/example_inlet_event_extra.py
[2024-12-13T10:58:24.334+0000] {processor.py:914} INFO - Processing file /opt/bitnami/airflow/venv/lib/python3.12/site-packages/airflow/example_dags/example_inlet_event_extra.py for tasks to queue
[2024-12-13T10:58:24.338+0000] {logging_mixin.py:190} INFO - [2024-12-13T10:58:24.337+0000] {dagbag.py:588} INFO - Filling up the DagBag from /opt/bitnami/airflow/venv/lib/python3.12/site-packages/airflow/example_dags/example_inlet_event_extra.py
[2024-12-13T10:58:24.436+0000] {processor.py:925} INFO - DAG(s) 'read_dataset_event_from_classic', 'read_dataset_event' retrieved from /opt/bitnami/airflow/venv/lib/python3.12/site-packages/airflow/example_dags/example_inlet_event_extra.py
[2024-12-13T10:58:24.479+0000] {logging_mixin.py:190} INFO - [2024-12-13T10:58:24.478+0000] {dag.py:3239} INFO - Sync 2 DAGs
[2024-12-13T10:58:24.514+0000] {logging_mixin.py:190} INFO - [2024-12-13T10:58:24.514+0000] {dag.py:4180} INFO - Setting next_dagrun for read_dataset_event to 2024-12-12 00:00:00+00:00, run_after=2024-12-13 00:00:00+00:00
[2024-12-13T10:58:24.520+0000] {logging_mixin.py:190} INFO - [2024-12-13T10:58:24.520+0000] {dag.py:4180} INFO - Setting next_dagrun for read_dataset_event_from_classic to 2024-12-12 00:00:00+00:00, run_after=2024-12-13 00:00:00+00:00
[2024-12-13T10:58:24.553+0000] {processor.py:208} INFO - Processing /opt/bitnami/airflow/venv/lib/python3.12/site-packages/airflow/example_dags/example_inlet_event_extra.py took 0.226 seconds
[2024-12-13T10:58:55.183+0000] {processor.py:186} INFO - Started process (PID=818) to work on /opt/bitnami/airflow/venv/lib/python3.12/site-packages/airflow/example_dags/example_inlet_event_extra.py
[2024-12-13T10:58:55.184+0000] {processor.py:914} INFO - Processing file /opt/bitnami/airflow/venv/lib/python3.12/site-packages/airflow/example_dags/example_inlet_event_extra.py for tasks to queue
[2024-12-13T10:58:55.186+0000] {logging_mixin.py:190} INFO - [2024-12-13T10:58:55.186+0000] {dagbag.py:588} INFO - Filling up the DagBag from /opt/bitnami/airflow/venv/lib/python3.12/site-packages/airflow/example_dags/example_inlet_event_extra.py
[2024-12-13T10:58:55.272+0000] {processor.py:925} INFO - DAG(s) 'read_dataset_event', 'read_dataset_event_from_classic' retrieved from /opt/bitnami/airflow/venv/lib/python3.12/site-packages/airflow/example_dags/example_inlet_event_extra.py
[2024-12-13T10:58:55.341+0000] {logging_mixin.py:190} INFO - [2024-12-13T10:58:55.341+0000] {dag.py:3239} INFO - Sync 2 DAGs
[2024-12-13T10:58:55.381+0000] {logging_mixin.py:190} INFO - [2024-12-13T10:58:55.380+0000] {dag.py:4180} INFO - Setting next_dagrun for read_dataset_event to 2024-12-12 00:00:00+00:00, run_after=2024-12-13 00:00:00+00:00
[2024-12-13T10:58:55.386+0000] {logging_mixin.py:190} INFO - [2024-12-13T10:58:55.386+0000] {dag.py:4180} INFO - Setting next_dagrun for read_dataset_event_from_classic to 2024-12-12 00:00:00+00:00, run_after=2024-12-13 00:00:00+00:00
[2024-12-13T10:58:55.406+0000] {processor.py:208} INFO - Processing /opt/bitnami/airflow/venv/lib/python3.12/site-packages/airflow/example_dags/example_inlet_event_extra.py took 0.227 seconds
[2024-12-13T11:07:32.224+0000] {processor.py:186} INFO - Started process (PID=77) to work on /opt/bitnami/airflow/venv/lib/python3.12/site-packages/airflow/example_dags/example_inlet_event_extra.py
[2024-12-13T11:07:32.226+0000] {processor.py:914} INFO - Processing file /opt/bitnami/airflow/venv/lib/python3.12/site-packages/airflow/example_dags/example_inlet_event_extra.py for tasks to queue
[2024-12-13T11:07:32.231+0000] {logging_mixin.py:190} INFO - [2024-12-13T11:07:32.231+0000] {dagbag.py:588} INFO - Filling up the DagBag from /opt/bitnami/airflow/venv/lib/python3.12/site-packages/airflow/example_dags/example_inlet_event_extra.py
[2024-12-13T11:07:32.376+0000] {processor.py:925} INFO - DAG(s) 'read_dataset_event', 'read_dataset_event_from_classic' retrieved from /opt/bitnami/airflow/venv/lib/python3.12/site-packages/airflow/example_dags/example_inlet_event_extra.py
[2024-12-13T11:07:32.470+0000] {logging_mixin.py:190} INFO - [2024-12-13T11:07:32.470+0000] {dag.py:3239} INFO - Sync 2 DAGs
[2024-12-13T11:07:32.540+0000] {logging_mixin.py:190} INFO - [2024-12-13T11:07:32.539+0000] {dag.py:4180} INFO - Setting next_dagrun for read_dataset_event to 2024-12-12 00:00:00+00:00, run_after=2024-12-13 00:00:00+00:00
[2024-12-13T11:07:32.550+0000] {logging_mixin.py:190} INFO - [2024-12-13T11:07:32.550+0000] {dag.py:4180} INFO - Setting next_dagrun for read_dataset_event_from_classic to 2024-12-12 00:00:00+00:00, run_after=2024-12-13 00:00:00+00:00
[2024-12-13T11:07:32.590+0000] {processor.py:208} INFO - Processing /opt/bitnami/airflow/venv/lib/python3.12/site-packages/airflow/example_dags/example_inlet_event_extra.py took 0.372 seconds
[2024-12-13T11:08:02.928+0000] {processor.py:186} INFO - Started process (PID=134) to work on /opt/bitnami/airflow/venv/lib/python3.12/site-packages/airflow/example_dags/example_inlet_event_extra.py
[2024-12-13T11:08:02.931+0000] {processor.py:914} INFO - Processing file /opt/bitnami/airflow/venv/lib/python3.12/site-packages/airflow/example_dags/example_inlet_event_extra.py for tasks to queue
[2024-12-13T11:08:02.935+0000] {logging_mixin.py:190} INFO - [2024-12-13T11:08:02.934+0000] {dagbag.py:588} INFO - Filling up the DagBag from /opt/bitnami/airflow/venv/lib/python3.12/site-packages/airflow/example_dags/example_inlet_event_extra.py
[2024-12-13T11:08:03.035+0000] {processor.py:925} INFO - DAG(s) 'read_dataset_event_from_classic', 'read_dataset_event' retrieved from /opt/bitnami/airflow/venv/lib/python3.12/site-packages/airflow/example_dags/example_inlet_event_extra.py
[2024-12-13T11:08:03.108+0000] {logging_mixin.py:190} INFO - [2024-12-13T11:08:03.107+0000] {dag.py:3239} INFO - Sync 2 DAGs
[2024-12-13T11:08:03.180+0000] {logging_mixin.py:190} INFO - [2024-12-13T11:08:03.180+0000] {dag.py:4180} INFO - Setting next_dagrun for read_dataset_event to 2024-12-12 00:00:00+00:00, run_after=2024-12-13 00:00:00+00:00
[2024-12-13T11:08:03.192+0000] {logging_mixin.py:190} INFO - [2024-12-13T11:08:03.192+0000] {dag.py:4180} INFO - Setting next_dagrun for read_dataset_event_from_classic to 2024-12-12 00:00:00+00:00, run_after=2024-12-13 00:00:00+00:00
[2024-12-13T11:08:03.238+0000] {processor.py:208} INFO - Processing /opt/bitnami/airflow/venv/lib/python3.12/site-packages/airflow/example_dags/example_inlet_event_extra.py took 0.316 seconds
[2024-12-13T11:08:35.416+0000] {processor.py:186} INFO - Started process (PID=191) to work on /opt/bitnami/airflow/venv/lib/python3.12/site-packages/airflow/example_dags/example_inlet_event_extra.py
[2024-12-13T11:08:35.418+0000] {processor.py:914} INFO - Processing file /opt/bitnami/airflow/venv/lib/python3.12/site-packages/airflow/example_dags/example_inlet_event_extra.py for tasks to queue
[2024-12-13T11:08:35.420+0000] {logging_mixin.py:190} INFO - [2024-12-13T11:08:35.420+0000] {dagbag.py:588} INFO - Filling up the DagBag from /opt/bitnami/airflow/venv/lib/python3.12/site-packages/airflow/example_dags/example_inlet_event_extra.py
[2024-12-13T11:08:35.513+0000] {processor.py:925} INFO - DAG(s) 'read_dataset_event', 'read_dataset_event_from_classic' retrieved from /opt/bitnami/airflow/venv/lib/python3.12/site-packages/airflow/example_dags/example_inlet_event_extra.py
[2024-12-13T11:08:35.662+0000] {logging_mixin.py:190} INFO - [2024-12-13T11:08:35.661+0000] {dag.py:3239} INFO - Sync 2 DAGs
[2024-12-13T11:08:35.709+0000] {logging_mixin.py:190} INFO - [2024-12-13T11:08:35.709+0000] {dag.py:4180} INFO - Setting next_dagrun for read_dataset_event to 2024-12-12 00:00:00+00:00, run_after=2024-12-13 00:00:00+00:00
[2024-12-13T11:08:35.718+0000] {logging_mixin.py:190} INFO - [2024-12-13T11:08:35.718+0000] {dag.py:4180} INFO - Setting next_dagrun for read_dataset_event_from_classic to 2024-12-12 00:00:00+00:00, run_after=2024-12-13 00:00:00+00:00
[2024-12-13T11:08:35.751+0000] {processor.py:208} INFO - Processing /opt/bitnami/airflow/venv/lib/python3.12/site-packages/airflow/example_dags/example_inlet_event_extra.py took 0.339 seconds
[2024-12-13T11:09:06.219+0000] {processor.py:186} INFO - Started process (PID=248) to work on /opt/bitnami/airflow/venv/lib/python3.12/site-packages/airflow/example_dags/example_inlet_event_extra.py
[2024-12-13T11:09:06.220+0000] {processor.py:914} INFO - Processing file /opt/bitnami/airflow/venv/lib/python3.12/site-packages/airflow/example_dags/example_inlet_event_extra.py for tasks to queue
[2024-12-13T11:09:06.223+0000] {logging_mixin.py:190} INFO - [2024-12-13T11:09:06.222+0000] {dagbag.py:588} INFO - Filling up the DagBag from /opt/bitnami/airflow/venv/lib/python3.12/site-packages/airflow/example_dags/example_inlet_event_extra.py
[2024-12-13T11:09:06.340+0000] {processor.py:925} INFO - DAG(s) 'read_dataset_event_from_classic', 'read_dataset_event' retrieved from /opt/bitnami/airflow/venv/lib/python3.12/site-packages/airflow/example_dags/example_inlet_event_extra.py
[2024-12-13T11:09:06.443+0000] {logging_mixin.py:190} INFO - [2024-12-13T11:09:06.443+0000] {dag.py:3239} INFO - Sync 2 DAGs
[2024-12-13T11:09:06.500+0000] {logging_mixin.py:190} INFO - [2024-12-13T11:09:06.500+0000] {dag.py:4180} INFO - Setting next_dagrun for read_dataset_event to 2024-12-12 00:00:00+00:00, run_after=2024-12-13 00:00:00+00:00
[2024-12-13T11:09:06.509+0000] {logging_mixin.py:190} INFO - [2024-12-13T11:09:06.509+0000] {dag.py:4180} INFO - Setting next_dagrun for read_dataset_event_from_classic to 2024-12-12 00:00:00+00:00, run_after=2024-12-13 00:00:00+00:00
[2024-12-13T11:09:06.551+0000] {processor.py:208} INFO - Processing /opt/bitnami/airflow/venv/lib/python3.12/site-packages/airflow/example_dags/example_inlet_event_extra.py took 0.337 seconds
[2024-12-13T11:13:44.746+0000] {processor.py:186} INFO - Started process (PID=77) to work on /opt/bitnami/airflow/venv/lib/python3.12/site-packages/airflow/example_dags/example_inlet_event_extra.py
[2024-12-13T11:13:44.747+0000] {processor.py:914} INFO - Processing file /opt/bitnami/airflow/venv/lib/python3.12/site-packages/airflow/example_dags/example_inlet_event_extra.py for tasks to queue
[2024-12-13T11:13:44.749+0000] {logging_mixin.py:190} INFO - [2024-12-13T11:13:44.749+0000] {dagbag.py:588} INFO - Filling up the DagBag from /opt/bitnami/airflow/venv/lib/python3.12/site-packages/airflow/example_dags/example_inlet_event_extra.py
[2024-12-13T11:13:44.848+0000] {processor.py:925} INFO - DAG(s) 'read_dataset_event_from_classic', 'read_dataset_event' retrieved from /opt/bitnami/airflow/venv/lib/python3.12/site-packages/airflow/example_dags/example_inlet_event_extra.py
[2024-12-13T11:13:44.889+0000] {logging_mixin.py:190} INFO - [2024-12-13T11:13:44.889+0000] {dag.py:3239} INFO - Sync 2 DAGs
[2024-12-13T11:13:44.941+0000] {logging_mixin.py:190} INFO - [2024-12-13T11:13:44.940+0000] {dag.py:4180} INFO - Setting next_dagrun for read_dataset_event to 2024-12-12 00:00:00+00:00, run_after=2024-12-13 00:00:00+00:00
[2024-12-13T11:13:44.948+0000] {logging_mixin.py:190} INFO - [2024-12-13T11:13:44.948+0000] {dag.py:4180} INFO - Setting next_dagrun for read_dataset_event_from_classic to 2024-12-12 00:00:00+00:00, run_after=2024-12-13 00:00:00+00:00
[2024-12-13T11:13:44.972+0000] {processor.py:208} INFO - Processing /opt/bitnami/airflow/venv/lib/python3.12/site-packages/airflow/example_dags/example_inlet_event_extra.py took 0.231 seconds
[2024-12-13T11:14:15.046+0000] {processor.py:186} INFO - Started process (PID=134) to work on /opt/bitnami/airflow/venv/lib/python3.12/site-packages/airflow/example_dags/example_inlet_event_extra.py
[2024-12-13T11:14:15.047+0000] {processor.py:914} INFO - Processing file /opt/bitnami/airflow/venv/lib/python3.12/site-packages/airflow/example_dags/example_inlet_event_extra.py for tasks to queue
[2024-12-13T11:14:15.049+0000] {logging_mixin.py:190} INFO - [2024-12-13T11:14:15.049+0000] {dagbag.py:588} INFO - Filling up the DagBag from /opt/bitnami/airflow/venv/lib/python3.12/site-packages/airflow/example_dags/example_inlet_event_extra.py
[2024-12-13T11:14:15.136+0000] {processor.py:925} INFO - DAG(s) 'read_dataset_event_from_classic', 'read_dataset_event' retrieved from /opt/bitnami/airflow/venv/lib/python3.12/site-packages/airflow/example_dags/example_inlet_event_extra.py
[2024-12-13T11:14:15.188+0000] {logging_mixin.py:190} INFO - [2024-12-13T11:14:15.188+0000] {dag.py:3239} INFO - Sync 2 DAGs
[2024-12-13T11:14:15.239+0000] {logging_mixin.py:190} INFO - [2024-12-13T11:14:15.239+0000] {dag.py:4180} INFO - Setting next_dagrun for read_dataset_event to 2024-12-12 00:00:00+00:00, run_after=2024-12-13 00:00:00+00:00
[2024-12-13T11:14:15.247+0000] {logging_mixin.py:190} INFO - [2024-12-13T11:14:15.247+0000] {dag.py:4180} INFO - Setting next_dagrun for read_dataset_event_from_classic to 2024-12-12 00:00:00+00:00, run_after=2024-12-13 00:00:00+00:00
[2024-12-13T11:14:15.273+0000] {processor.py:208} INFO - Processing /opt/bitnami/airflow/venv/lib/python3.12/site-packages/airflow/example_dags/example_inlet_event_extra.py took 0.232 seconds
[2024-12-13T11:14:48.737+0000] {processor.py:186} INFO - Started process (PID=191) to work on /opt/bitnami/airflow/venv/lib/python3.12/site-packages/airflow/example_dags/example_inlet_event_extra.py
[2024-12-13T11:14:48.738+0000] {processor.py:914} INFO - Processing file /opt/bitnami/airflow/venv/lib/python3.12/site-packages/airflow/example_dags/example_inlet_event_extra.py for tasks to queue
[2024-12-13T11:14:48.741+0000] {logging_mixin.py:190} INFO - [2024-12-13T11:14:48.741+0000] {dagbag.py:588} INFO - Filling up the DagBag from /opt/bitnami/airflow/venv/lib/python3.12/site-packages/airflow/example_dags/example_inlet_event_extra.py
[2024-12-13T11:14:48.859+0000] {processor.py:925} INFO - DAG(s) 'read_dataset_event', 'read_dataset_event_from_classic' retrieved from /opt/bitnami/airflow/venv/lib/python3.12/site-packages/airflow/example_dags/example_inlet_event_extra.py
[2024-12-13T11:14:49.045+0000] {logging_mixin.py:190} INFO - [2024-12-13T11:14:49.045+0000] {dag.py:3239} INFO - Sync 2 DAGs
[2024-12-13T11:14:49.098+0000] {logging_mixin.py:190} INFO - [2024-12-13T11:14:49.098+0000] {dag.py:4180} INFO - Setting next_dagrun for read_dataset_event to 2024-12-12 00:00:00+00:00, run_after=2024-12-13 00:00:00+00:00
[2024-12-13T11:14:49.108+0000] {logging_mixin.py:190} INFO - [2024-12-13T11:14:49.108+0000] {dag.py:4180} INFO - Setting next_dagrun for read_dataset_event_from_classic to 2024-12-12 00:00:00+00:00, run_after=2024-12-13 00:00:00+00:00
[2024-12-13T11:14:49.150+0000] {processor.py:208} INFO - Processing /opt/bitnami/airflow/venv/lib/python3.12/site-packages/airflow/example_dags/example_inlet_event_extra.py took 0.418 seconds
[2024-12-13T11:15:19.686+0000] {processor.py:186} INFO - Started process (PID=248) to work on /opt/bitnami/airflow/venv/lib/python3.12/site-packages/airflow/example_dags/example_inlet_event_extra.py
[2024-12-13T11:15:19.688+0000] {processor.py:914} INFO - Processing file /opt/bitnami/airflow/venv/lib/python3.12/site-packages/airflow/example_dags/example_inlet_event_extra.py for tasks to queue
[2024-12-13T11:15:19.690+0000] {logging_mixin.py:190} INFO - [2024-12-13T11:15:19.689+0000] {dagbag.py:588} INFO - Filling up the DagBag from /opt/bitnami/airflow/venv/lib/python3.12/site-packages/airflow/example_dags/example_inlet_event_extra.py
[2024-12-13T11:15:19.769+0000] {processor.py:925} INFO - DAG(s) 'read_dataset_event_from_classic', 'read_dataset_event' retrieved from /opt/bitnami/airflow/venv/lib/python3.12/site-packages/airflow/example_dags/example_inlet_event_extra.py
[2024-12-13T11:15:19.835+0000] {logging_mixin.py:190} INFO - [2024-12-13T11:15:19.835+0000] {dag.py:3239} INFO - Sync 2 DAGs
[2024-12-13T11:15:19.888+0000] {logging_mixin.py:190} INFO - [2024-12-13T11:15:19.888+0000] {dag.py:4180} INFO - Setting next_dagrun for read_dataset_event to 2024-12-12 00:00:00+00:00, run_after=2024-12-13 00:00:00+00:00
[2024-12-13T11:15:19.895+0000] {logging_mixin.py:190} INFO - [2024-12-13T11:15:19.895+0000] {dag.py:4180} INFO - Setting next_dagrun for read_dataset_event_from_classic to 2024-12-12 00:00:00+00:00, run_after=2024-12-13 00:00:00+00:00
[2024-12-13T11:15:19.927+0000] {processor.py:208} INFO - Processing /opt/bitnami/airflow/venv/lib/python3.12/site-packages/airflow/example_dags/example_inlet_event_extra.py took 0.244 seconds
[2024-12-13T11:57:09.180+0000] {processor.py:186} INFO - Started process (PID=77) to work on /opt/bitnami/airflow/venv/lib/python3.12/site-packages/airflow/example_dags/example_inlet_event_extra.py
[2024-12-13T11:57:09.181+0000] {processor.py:914} INFO - Processing file /opt/bitnami/airflow/venv/lib/python3.12/site-packages/airflow/example_dags/example_inlet_event_extra.py for tasks to queue
[2024-12-13T11:57:09.183+0000] {logging_mixin.py:190} INFO - [2024-12-13T11:57:09.183+0000] {dagbag.py:588} INFO - Filling up the DagBag from /opt/bitnami/airflow/venv/lib/python3.12/site-packages/airflow/example_dags/example_inlet_event_extra.py
[2024-12-13T11:57:09.262+0000] {processor.py:925} INFO - DAG(s) 'read_dataset_event', 'read_dataset_event_from_classic' retrieved from /opt/bitnami/airflow/venv/lib/python3.12/site-packages/airflow/example_dags/example_inlet_event_extra.py
[2024-12-13T11:57:09.289+0000] {logging_mixin.py:190} INFO - [2024-12-13T11:57:09.289+0000] {dag.py:3239} INFO - Sync 2 DAGs
[2024-12-13T11:57:09.317+0000] {logging_mixin.py:190} INFO - [2024-12-13T11:57:09.317+0000] {dag.py:4180} INFO - Setting next_dagrun for read_dataset_event to 2024-12-12 00:00:00+00:00, run_after=2024-12-13 00:00:00+00:00
[2024-12-13T11:57:09.322+0000] {logging_mixin.py:190} INFO - [2024-12-13T11:57:09.322+0000] {dag.py:4180} INFO - Setting next_dagrun for read_dataset_event_from_classic to 2024-12-12 00:00:00+00:00, run_after=2024-12-13 00:00:00+00:00
[2024-12-13T11:57:09.340+0000] {processor.py:208} INFO - Processing /opt/bitnami/airflow/venv/lib/python3.12/site-packages/airflow/example_dags/example_inlet_event_extra.py took 0.164 seconds
[2024-12-13T11:57:40.593+0000] {processor.py:186} INFO - Started process (PID=134) to work on /opt/bitnami/airflow/venv/lib/python3.12/site-packages/airflow/example_dags/example_inlet_event_extra.py
[2024-12-13T11:57:40.594+0000] {processor.py:914} INFO - Processing file /opt/bitnami/airflow/venv/lib/python3.12/site-packages/airflow/example_dags/example_inlet_event_extra.py for tasks to queue
[2024-12-13T11:57:40.596+0000] {logging_mixin.py:190} INFO - [2024-12-13T11:57:40.595+0000] {dagbag.py:588} INFO - Filling up the DagBag from /opt/bitnami/airflow/venv/lib/python3.12/site-packages/airflow/example_dags/example_inlet_event_extra.py
[2024-12-13T11:57:40.679+0000] {processor.py:925} INFO - DAG(s) 'read_dataset_event', 'read_dataset_event_from_classic' retrieved from /opt/bitnami/airflow/venv/lib/python3.12/site-packages/airflow/example_dags/example_inlet_event_extra.py
[2024-12-13T11:57:40.715+0000] {logging_mixin.py:190} INFO - [2024-12-13T11:57:40.715+0000] {dag.py:3239} INFO - Sync 2 DAGs
[2024-12-13T11:57:40.749+0000] {logging_mixin.py:190} INFO - [2024-12-13T11:57:40.749+0000] {dag.py:4180} INFO - Setting next_dagrun for read_dataset_event to 2024-12-12 00:00:00+00:00, run_after=2024-12-13 00:00:00+00:00
[2024-12-13T11:57:40.755+0000] {logging_mixin.py:190} INFO - [2024-12-13T11:57:40.755+0000] {dag.py:4180} INFO - Setting next_dagrun for read_dataset_event_from_classic to 2024-12-12 00:00:00+00:00, run_after=2024-12-13 00:00:00+00:00
[2024-12-13T11:57:40.773+0000] {processor.py:208} INFO - Processing /opt/bitnami/airflow/venv/lib/python3.12/site-packages/airflow/example_dags/example_inlet_event_extra.py took 0.185 seconds
[2024-12-13T11:58:34.871+0000] {processor.py:186} INFO - Started process (PID=77) to work on /opt/bitnami/airflow/venv/lib/python3.12/site-packages/airflow/example_dags/example_inlet_event_extra.py
[2024-12-13T11:58:34.872+0000] {processor.py:914} INFO - Processing file /opt/bitnami/airflow/venv/lib/python3.12/site-packages/airflow/example_dags/example_inlet_event_extra.py for tasks to queue
[2024-12-13T11:58:34.874+0000] {logging_mixin.py:190} INFO - [2024-12-13T11:58:34.874+0000] {dagbag.py:588} INFO - Filling up the DagBag from /opt/bitnami/airflow/venv/lib/python3.12/site-packages/airflow/example_dags/example_inlet_event_extra.py
[2024-12-13T11:58:34.950+0000] {processor.py:925} INFO - DAG(s) 'read_dataset_event_from_classic', 'read_dataset_event' retrieved from /opt/bitnami/airflow/venv/lib/python3.12/site-packages/airflow/example_dags/example_inlet_event_extra.py
[2024-12-13T11:58:34.985+0000] {logging_mixin.py:190} INFO - [2024-12-13T11:58:34.985+0000] {dag.py:3239} INFO - Sync 2 DAGs
[2024-12-13T11:58:35.019+0000] {logging_mixin.py:190} INFO - [2024-12-13T11:58:35.019+0000] {dag.py:4180} INFO - Setting next_dagrun for read_dataset_event to 2024-12-12 00:00:00+00:00, run_after=2024-12-13 00:00:00+00:00
[2024-12-13T11:58:35.024+0000] {logging_mixin.py:190} INFO - [2024-12-13T11:58:35.024+0000] {dag.py:4180} INFO - Setting next_dagrun for read_dataset_event_from_classic to 2024-12-12 00:00:00+00:00, run_after=2024-12-13 00:00:00+00:00
[2024-12-13T11:58:35.041+0000] {processor.py:208} INFO - Processing /opt/bitnami/airflow/venv/lib/python3.12/site-packages/airflow/example_dags/example_inlet_event_extra.py took 0.176 seconds
[2024-12-13T11:59:06.235+0000] {processor.py:186} INFO - Started process (PID=134) to work on /opt/bitnami/airflow/venv/lib/python3.12/site-packages/airflow/example_dags/example_inlet_event_extra.py
[2024-12-13T11:59:06.235+0000] {processor.py:914} INFO - Processing file /opt/bitnami/airflow/venv/lib/python3.12/site-packages/airflow/example_dags/example_inlet_event_extra.py for tasks to queue
[2024-12-13T11:59:06.238+0000] {logging_mixin.py:190} INFO - [2024-12-13T11:59:06.237+0000] {dagbag.py:588} INFO - Filling up the DagBag from /opt/bitnami/airflow/venv/lib/python3.12/site-packages/airflow/example_dags/example_inlet_event_extra.py
[2024-12-13T11:59:06.335+0000] {processor.py:925} INFO - DAG(s) 'read_dataset_event', 'read_dataset_event_from_classic' retrieved from /opt/bitnami/airflow/venv/lib/python3.12/site-packages/airflow/example_dags/example_inlet_event_extra.py
[2024-12-13T11:59:06.378+0000] {logging_mixin.py:190} INFO - [2024-12-13T11:59:06.378+0000] {dag.py:3239} INFO - Sync 2 DAGs
[2024-12-13T11:59:06.423+0000] {logging_mixin.py:190} INFO - [2024-12-13T11:59:06.423+0000] {dag.py:4180} INFO - Setting next_dagrun for read_dataset_event to 2024-12-12 00:00:00+00:00, run_after=2024-12-13 00:00:00+00:00
[2024-12-13T11:59:06.430+0000] {logging_mixin.py:190} INFO - [2024-12-13T11:59:06.430+0000] {dag.py:4180} INFO - Setting next_dagrun for read_dataset_event_from_classic to 2024-12-12 00:00:00+00:00, run_after=2024-12-13 00:00:00+00:00
[2024-12-13T11:59:06.452+0000] {processor.py:208} INFO - Processing /opt/bitnami/airflow/venv/lib/python3.12/site-packages/airflow/example_dags/example_inlet_event_extra.py took 0.223 seconds
[2024-12-13T11:59:37.288+0000] {processor.py:186} INFO - Started process (PID=191) to work on /opt/bitnami/airflow/venv/lib/python3.12/site-packages/airflow/example_dags/example_inlet_event_extra.py
[2024-12-13T11:59:37.289+0000] {processor.py:914} INFO - Processing file /opt/bitnami/airflow/venv/lib/python3.12/site-packages/airflow/example_dags/example_inlet_event_extra.py for tasks to queue
[2024-12-13T11:59:37.291+0000] {logging_mixin.py:190} INFO - [2024-12-13T11:59:37.291+0000] {dagbag.py:588} INFO - Filling up the DagBag from /opt/bitnami/airflow/venv/lib/python3.12/site-packages/airflow/example_dags/example_inlet_event_extra.py
[2024-12-13T11:59:37.373+0000] {processor.py:925} INFO - DAG(s) 'read_dataset_event', 'read_dataset_event_from_classic' retrieved from /opt/bitnami/airflow/venv/lib/python3.12/site-packages/airflow/example_dags/example_inlet_event_extra.py
[2024-12-13T11:59:37.472+0000] {logging_mixin.py:190} INFO - [2024-12-13T11:59:37.472+0000] {dag.py:3239} INFO - Sync 2 DAGs
[2024-12-13T11:59:37.504+0000] {logging_mixin.py:190} INFO - [2024-12-13T11:59:37.503+0000] {dag.py:4180} INFO - Setting next_dagrun for read_dataset_event to 2024-12-12 00:00:00+00:00, run_after=2024-12-13 00:00:00+00:00
[2024-12-13T11:59:37.509+0000] {logging_mixin.py:190} INFO - [2024-12-13T11:59:37.509+0000] {dag.py:4180} INFO - Setting next_dagrun for read_dataset_event_from_classic to 2024-12-12 00:00:00+00:00, run_after=2024-12-13 00:00:00+00:00
[2024-12-13T11:59:37.530+0000] {processor.py:208} INFO - Processing /opt/bitnami/airflow/venv/lib/python3.12/site-packages/airflow/example_dags/example_inlet_event_extra.py took 0.247 seconds
[2024-12-13T12:00:08.468+0000] {processor.py:186} INFO - Started process (PID=248) to work on /opt/bitnami/airflow/venv/lib/python3.12/site-packages/airflow/example_dags/example_inlet_event_extra.py
[2024-12-13T12:00:08.470+0000] {processor.py:914} INFO - Processing file /opt/bitnami/airflow/venv/lib/python3.12/site-packages/airflow/example_dags/example_inlet_event_extra.py for tasks to queue
[2024-12-13T12:00:08.472+0000] {logging_mixin.py:190} INFO - [2024-12-13T12:00:08.472+0000] {dagbag.py:588} INFO - Filling up the DagBag from /opt/bitnami/airflow/venv/lib/python3.12/site-packages/airflow/example_dags/example_inlet_event_extra.py
[2024-12-13T12:00:08.561+0000] {processor.py:925} INFO - DAG(s) 'read_dataset_event', 'read_dataset_event_from_classic' retrieved from /opt/bitnami/airflow/venv/lib/python3.12/site-packages/airflow/example_dags/example_inlet_event_extra.py
[2024-12-13T12:00:08.594+0000] {logging_mixin.py:190} INFO - [2024-12-13T12:00:08.594+0000] {dag.py:3239} INFO - Sync 2 DAGs
[2024-12-13T12:00:08.626+0000] {logging_mixin.py:190} INFO - [2024-12-13T12:00:08.626+0000] {dag.py:4180} INFO - Setting next_dagrun for read_dataset_event to 2024-12-12 00:00:00+00:00, run_after=2024-12-13 00:00:00+00:00
[2024-12-13T12:00:08.631+0000] {logging_mixin.py:190} INFO - [2024-12-13T12:00:08.631+0000] {dag.py:4180} INFO - Setting next_dagrun for read_dataset_event_from_classic to 2024-12-12 00:00:00+00:00, run_after=2024-12-13 00:00:00+00:00
[2024-12-13T12:00:08.648+0000] {processor.py:208} INFO - Processing /opt/bitnami/airflow/venv/lib/python3.12/site-packages/airflow/example_dags/example_inlet_event_extra.py took 0.185 seconds
[2024-12-13T12:00:39.330+0000] {processor.py:186} INFO - Started process (PID=305) to work on /opt/bitnami/airflow/venv/lib/python3.12/site-packages/airflow/example_dags/example_inlet_event_extra.py
[2024-12-13T12:00:39.331+0000] {processor.py:914} INFO - Processing file /opt/bitnami/airflow/venv/lib/python3.12/site-packages/airflow/example_dags/example_inlet_event_extra.py for tasks to queue
[2024-12-13T12:00:39.333+0000] {logging_mixin.py:190} INFO - [2024-12-13T12:00:39.333+0000] {dagbag.py:588} INFO - Filling up the DagBag from /opt/bitnami/airflow/venv/lib/python3.12/site-packages/airflow/example_dags/example_inlet_event_extra.py
[2024-12-13T12:00:39.410+0000] {processor.py:925} INFO - DAG(s) 'read_dataset_event', 'read_dataset_event_from_classic' retrieved from /opt/bitnami/airflow/venv/lib/python3.12/site-packages/airflow/example_dags/example_inlet_event_extra.py
[2024-12-13T12:00:39.436+0000] {logging_mixin.py:190} INFO - [2024-12-13T12:00:39.436+0000] {dag.py:3239} INFO - Sync 2 DAGs
[2024-12-13T12:00:39.463+0000] {logging_mixin.py:190} INFO - [2024-12-13T12:00:39.463+0000] {dag.py:4180} INFO - Setting next_dagrun for read_dataset_event to 2024-12-12 00:00:00+00:00, run_after=2024-12-13 00:00:00+00:00
[2024-12-13T12:00:39.467+0000] {logging_mixin.py:190} INFO - [2024-12-13T12:00:39.467+0000] {dag.py:4180} INFO - Setting next_dagrun for read_dataset_event_from_classic to 2024-12-12 00:00:00+00:00, run_after=2024-12-13 00:00:00+00:00
[2024-12-13T12:00:39.485+0000] {processor.py:208} INFO - Processing /opt/bitnami/airflow/venv/lib/python3.12/site-packages/airflow/example_dags/example_inlet_event_extra.py took 0.159 seconds
[2024-12-13T12:01:09.784+0000] {processor.py:186} INFO - Started process (PID=362) to work on /opt/bitnami/airflow/venv/lib/python3.12/site-packages/airflow/example_dags/example_inlet_event_extra.py
[2024-12-13T12:01:09.785+0000] {processor.py:914} INFO - Processing file /opt/bitnami/airflow/venv/lib/python3.12/site-packages/airflow/example_dags/example_inlet_event_extra.py for tasks to queue
[2024-12-13T12:01:09.787+0000] {logging_mixin.py:190} INFO - [2024-12-13T12:01:09.786+0000] {dagbag.py:588} INFO - Filling up the DagBag from /opt/bitnami/airflow/venv/lib/python3.12/site-packages/airflow/example_dags/example_inlet_event_extra.py
[2024-12-13T12:01:09.868+0000] {processor.py:925} INFO - DAG(s) 'read_dataset_event_from_classic', 'read_dataset_event' retrieved from /opt/bitnami/airflow/venv/lib/python3.12/site-packages/airflow/example_dags/example_inlet_event_extra.py
[2024-12-13T12:01:09.900+0000] {logging_mixin.py:190} INFO - [2024-12-13T12:01:09.900+0000] {dag.py:3239} INFO - Sync 2 DAGs
[2024-12-13T12:01:09.929+0000] {logging_mixin.py:190} INFO - [2024-12-13T12:01:09.929+0000] {dag.py:4180} INFO - Setting next_dagrun for read_dataset_event to 2024-12-12 00:00:00+00:00, run_after=2024-12-13 00:00:00+00:00
[2024-12-13T12:01:09.935+0000] {logging_mixin.py:190} INFO - [2024-12-13T12:01:09.935+0000] {dag.py:4180} INFO - Setting next_dagrun for read_dataset_event_from_classic to 2024-12-12 00:00:00+00:00, run_after=2024-12-13 00:00:00+00:00
[2024-12-13T12:01:09.952+0000] {processor.py:208} INFO - Processing /opt/bitnami/airflow/venv/lib/python3.12/site-packages/airflow/example_dags/example_inlet_event_extra.py took 0.174 seconds
[2024-12-13T12:01:40.671+0000] {processor.py:186} INFO - Started process (PID=419) to work on /opt/bitnami/airflow/venv/lib/python3.12/site-packages/airflow/example_dags/example_inlet_event_extra.py
[2024-12-13T12:01:40.672+0000] {processor.py:914} INFO - Processing file /opt/bitnami/airflow/venv/lib/python3.12/site-packages/airflow/example_dags/example_inlet_event_extra.py for tasks to queue
[2024-12-13T12:01:40.674+0000] {logging_mixin.py:190} INFO - [2024-12-13T12:01:40.674+0000] {dagbag.py:588} INFO - Filling up the DagBag from /opt/bitnami/airflow/venv/lib/python3.12/site-packages/airflow/example_dags/example_inlet_event_extra.py
[2024-12-13T12:01:40.772+0000] {processor.py:925} INFO - DAG(s) 'read_dataset_event_from_classic', 'read_dataset_event' retrieved from /opt/bitnami/airflow/venv/lib/python3.12/site-packages/airflow/example_dags/example_inlet_event_extra.py
[2024-12-13T12:01:40.819+0000] {logging_mixin.py:190} INFO - [2024-12-13T12:01:40.818+0000] {dag.py:3239} INFO - Sync 2 DAGs
[2024-12-13T12:01:40.862+0000] {logging_mixin.py:190} INFO - [2024-12-13T12:01:40.862+0000] {dag.py:4180} INFO - Setting next_dagrun for read_dataset_event to 2024-12-12 00:00:00+00:00, run_after=2024-12-13 00:00:00+00:00
[2024-12-13T12:01:40.868+0000] {logging_mixin.py:190} INFO - [2024-12-13T12:01:40.868+0000] {dag.py:4180} INFO - Setting next_dagrun for read_dataset_event_from_classic to 2024-12-12 00:00:00+00:00, run_after=2024-12-13 00:00:00+00:00
[2024-12-13T12:01:40.887+0000] {processor.py:208} INFO - Processing /opt/bitnami/airflow/venv/lib/python3.12/site-packages/airflow/example_dags/example_inlet_event_extra.py took 0.221 seconds
[2024-12-13T12:02:11.288+0000] {processor.py:186} INFO - Started process (PID=476) to work on /opt/bitnami/airflow/venv/lib/python3.12/site-packages/airflow/example_dags/example_inlet_event_extra.py
[2024-12-13T12:02:11.289+0000] {processor.py:914} INFO - Processing file /opt/bitnami/airflow/venv/lib/python3.12/site-packages/airflow/example_dags/example_inlet_event_extra.py for tasks to queue
[2024-12-13T12:02:11.292+0000] {logging_mixin.py:190} INFO - [2024-12-13T12:02:11.291+0000] {dagbag.py:588} INFO - Filling up the DagBag from /opt/bitnami/airflow/venv/lib/python3.12/site-packages/airflow/example_dags/example_inlet_event_extra.py
[2024-12-13T12:02:11.374+0000] {processor.py:925} INFO - DAG(s) 'read_dataset_event_from_classic', 'read_dataset_event' retrieved from /opt/bitnami/airflow/venv/lib/python3.12/site-packages/airflow/example_dags/example_inlet_event_extra.py
[2024-12-13T12:02:11.402+0000] {logging_mixin.py:190} INFO - [2024-12-13T12:02:11.402+0000] {dag.py:3239} INFO - Sync 2 DAGs
[2024-12-13T12:02:11.429+0000] {logging_mixin.py:190} INFO - [2024-12-13T12:02:11.429+0000] {dag.py:4180} INFO - Setting next_dagrun for read_dataset_event to 2024-12-12 00:00:00+00:00, run_after=2024-12-13 00:00:00+00:00
[2024-12-13T12:02:11.434+0000] {logging_mixin.py:190} INFO - [2024-12-13T12:02:11.433+0000] {dag.py:4180} INFO - Setting next_dagrun for read_dataset_event_from_classic to 2024-12-12 00:00:00+00:00, run_after=2024-12-13 00:00:00+00:00
[2024-12-13T12:02:11.457+0000] {processor.py:208} INFO - Processing /opt/bitnami/airflow/venv/lib/python3.12/site-packages/airflow/example_dags/example_inlet_event_extra.py took 0.174 seconds
