[2024-12-13T08:19:46.972+0000] {processor.py:186} INFO - Started process (PID=93) to work on /opt/bitnami/airflow/venv/lib/python3.12/site-packages/airflow/example_dags/example_time_delta_sensor_async.py
[2024-12-13T08:19:46.973+0000] {processor.py:914} INFO - Processing file /opt/bitnami/airflow/venv/lib/python3.12/site-packages/airflow/example_dags/example_time_delta_sensor_async.py for tasks to queue
[2024-12-13T08:19:46.975+0000] {logging_mixin.py:190} INFO - [2024-12-13T08:19:46.975+0000] {dagbag.py:588} INFO - Filling up the DagBag from /opt/bitnami/airflow/venv/lib/python3.12/site-packages/airflow/example_dags/example_time_delta_sensor_async.py
[2024-12-13T08:19:46.991+0000] {processor.py:925} INFO - DAG(s) 'example_time_delta_sensor_async' retrieved from /opt/bitnami/airflow/venv/lib/python3.12/site-packages/airflow/example_dags/example_time_delta_sensor_async.py
[2024-12-13T08:19:47.023+0000] {logging_mixin.py:190} INFO - [2024-12-13T08:19:47.023+0000] {dag.py:3239} INFO - Sync 1 DAGs
[2024-12-13T08:19:47.049+0000] {logging_mixin.py:190} INFO - [2024-12-13T08:19:47.049+0000] {dag.py:4180} INFO - Setting next_dagrun for example_time_delta_sensor_async to None, run_after=None
[2024-12-13T08:19:47.070+0000] {processor.py:208} INFO - Processing /opt/bitnami/airflow/venv/lib/python3.12/site-packages/airflow/example_dags/example_time_delta_sensor_async.py took 0.103 seconds
[2024-12-13T08:20:17.186+0000] {processor.py:186} INFO - Started process (PID=150) to work on /opt/bitnami/airflow/venv/lib/python3.12/site-packages/airflow/example_dags/example_time_delta_sensor_async.py
[2024-12-13T08:20:17.188+0000] {processor.py:914} INFO - Processing file /opt/bitnami/airflow/venv/lib/python3.12/site-packages/airflow/example_dags/example_time_delta_sensor_async.py for tasks to queue
[2024-12-13T08:20:17.190+0000] {logging_mixin.py:190} INFO - [2024-12-13T08:20:17.189+0000] {dagbag.py:588} INFO - Filling up the DagBag from /opt/bitnami/airflow/venv/lib/python3.12/site-packages/airflow/example_dags/example_time_delta_sensor_async.py
[2024-12-13T08:20:17.194+0000] {processor.py:925} INFO - DAG(s) 'example_time_delta_sensor_async' retrieved from /opt/bitnami/airflow/venv/lib/python3.12/site-packages/airflow/example_dags/example_time_delta_sensor_async.py
[2024-12-13T08:20:17.225+0000] {logging_mixin.py:190} INFO - [2024-12-13T08:20:17.224+0000] {dag.py:3239} INFO - Sync 1 DAGs
[2024-12-13T08:20:17.245+0000] {logging_mixin.py:190} INFO - [2024-12-13T08:20:17.245+0000] {dag.py:4180} INFO - Setting next_dagrun for example_time_delta_sensor_async to None, run_after=None
[2024-12-13T08:20:17.264+0000] {processor.py:208} INFO - Processing /opt/bitnami/airflow/venv/lib/python3.12/site-packages/airflow/example_dags/example_time_delta_sensor_async.py took 0.083 seconds
[2024-12-13T08:20:48.451+0000] {processor.py:186} INFO - Started process (PID=207) to work on /opt/bitnami/airflow/venv/lib/python3.12/site-packages/airflow/example_dags/example_time_delta_sensor_async.py
[2024-12-13T08:20:48.452+0000] {processor.py:914} INFO - Processing file /opt/bitnami/airflow/venv/lib/python3.12/site-packages/airflow/example_dags/example_time_delta_sensor_async.py for tasks to queue
[2024-12-13T08:20:48.455+0000] {logging_mixin.py:190} INFO - [2024-12-13T08:20:48.454+0000] {dagbag.py:588} INFO - Filling up the DagBag from /opt/bitnami/airflow/venv/lib/python3.12/site-packages/airflow/example_dags/example_time_delta_sensor_async.py
[2024-12-13T08:20:48.461+0000] {processor.py:925} INFO - DAG(s) 'example_time_delta_sensor_async' retrieved from /opt/bitnami/airflow/venv/lib/python3.12/site-packages/airflow/example_dags/example_time_delta_sensor_async.py
[2024-12-13T08:20:48.572+0000] {logging_mixin.py:190} INFO - [2024-12-13T08:20:48.571+0000] {dag.py:3239} INFO - Sync 1 DAGs
[2024-12-13T08:20:48.600+0000] {logging_mixin.py:190} INFO - [2024-12-13T08:20:48.599+0000] {dag.py:4180} INFO - Setting next_dagrun for example_time_delta_sensor_async to None, run_after=None
[2024-12-13T08:20:48.635+0000] {processor.py:208} INFO - Processing /opt/bitnami/airflow/venv/lib/python3.12/site-packages/airflow/example_dags/example_time_delta_sensor_async.py took 0.192 seconds
[2024-12-13T08:21:18.714+0000] {processor.py:186} INFO - Started process (PID=264) to work on /opt/bitnami/airflow/venv/lib/python3.12/site-packages/airflow/example_dags/example_time_delta_sensor_async.py
[2024-12-13T08:21:18.715+0000] {processor.py:914} INFO - Processing file /opt/bitnami/airflow/venv/lib/python3.12/site-packages/airflow/example_dags/example_time_delta_sensor_async.py for tasks to queue
[2024-12-13T08:21:18.717+0000] {logging_mixin.py:190} INFO - [2024-12-13T08:21:18.717+0000] {dagbag.py:588} INFO - Filling up the DagBag from /opt/bitnami/airflow/venv/lib/python3.12/site-packages/airflow/example_dags/example_time_delta_sensor_async.py
[2024-12-13T08:21:18.721+0000] {processor.py:925} INFO - DAG(s) 'example_time_delta_sensor_async' retrieved from /opt/bitnami/airflow/venv/lib/python3.12/site-packages/airflow/example_dags/example_time_delta_sensor_async.py
[2024-12-13T08:21:18.756+0000] {logging_mixin.py:190} INFO - [2024-12-13T08:21:18.755+0000] {dag.py:3239} INFO - Sync 1 DAGs
[2024-12-13T08:21:18.774+0000] {logging_mixin.py:190} INFO - [2024-12-13T08:21:18.774+0000] {dag.py:4180} INFO - Setting next_dagrun for example_time_delta_sensor_async to None, run_after=None
[2024-12-13T08:21:18.795+0000] {processor.py:208} INFO - Processing /opt/bitnami/airflow/venv/lib/python3.12/site-packages/airflow/example_dags/example_time_delta_sensor_async.py took 0.086 seconds
[2024-12-13T08:21:49.404+0000] {processor.py:186} INFO - Started process (PID=321) to work on /opt/bitnami/airflow/venv/lib/python3.12/site-packages/airflow/example_dags/example_time_delta_sensor_async.py
[2024-12-13T08:21:49.405+0000] {processor.py:914} INFO - Processing file /opt/bitnami/airflow/venv/lib/python3.12/site-packages/airflow/example_dags/example_time_delta_sensor_async.py for tasks to queue
[2024-12-13T08:21:49.407+0000] {logging_mixin.py:190} INFO - [2024-12-13T08:21:49.407+0000] {dagbag.py:588} INFO - Filling up the DagBag from /opt/bitnami/airflow/venv/lib/python3.12/site-packages/airflow/example_dags/example_time_delta_sensor_async.py
[2024-12-13T08:21:49.411+0000] {processor.py:925} INFO - DAG(s) 'example_time_delta_sensor_async' retrieved from /opt/bitnami/airflow/venv/lib/python3.12/site-packages/airflow/example_dags/example_time_delta_sensor_async.py
[2024-12-13T08:21:49.445+0000] {logging_mixin.py:190} INFO - [2024-12-13T08:21:49.445+0000] {dag.py:3239} INFO - Sync 1 DAGs
[2024-12-13T08:21:49.464+0000] {logging_mixin.py:190} INFO - [2024-12-13T08:21:49.464+0000] {dag.py:4180} INFO - Setting next_dagrun for example_time_delta_sensor_async to None, run_after=None
[2024-12-13T08:21:49.488+0000] {processor.py:208} INFO - Processing /opt/bitnami/airflow/venv/lib/python3.12/site-packages/airflow/example_dags/example_time_delta_sensor_async.py took 0.089 seconds
[2024-12-13T08:22:19.816+0000] {processor.py:186} INFO - Started process (PID=378) to work on /opt/bitnami/airflow/venv/lib/python3.12/site-packages/airflow/example_dags/example_time_delta_sensor_async.py
[2024-12-13T08:22:19.817+0000] {processor.py:914} INFO - Processing file /opt/bitnami/airflow/venv/lib/python3.12/site-packages/airflow/example_dags/example_time_delta_sensor_async.py for tasks to queue
[2024-12-13T08:22:19.819+0000] {logging_mixin.py:190} INFO - [2024-12-13T08:22:19.818+0000] {dagbag.py:588} INFO - Filling up the DagBag from /opt/bitnami/airflow/venv/lib/python3.12/site-packages/airflow/example_dags/example_time_delta_sensor_async.py
[2024-12-13T08:22:19.823+0000] {processor.py:925} INFO - DAG(s) 'example_time_delta_sensor_async' retrieved from /opt/bitnami/airflow/venv/lib/python3.12/site-packages/airflow/example_dags/example_time_delta_sensor_async.py
[2024-12-13T08:22:19.851+0000] {logging_mixin.py:190} INFO - [2024-12-13T08:22:19.851+0000] {dag.py:3239} INFO - Sync 1 DAGs
[2024-12-13T08:22:19.869+0000] {logging_mixin.py:190} INFO - [2024-12-13T08:22:19.869+0000] {dag.py:4180} INFO - Setting next_dagrun for example_time_delta_sensor_async to None, run_after=None
[2024-12-13T08:22:19.888+0000] {processor.py:208} INFO - Processing /opt/bitnami/airflow/venv/lib/python3.12/site-packages/airflow/example_dags/example_time_delta_sensor_async.py took 0.077 seconds
[2024-12-13T08:22:50.551+0000] {processor.py:186} INFO - Started process (PID=435) to work on /opt/bitnami/airflow/venv/lib/python3.12/site-packages/airflow/example_dags/example_time_delta_sensor_async.py
[2024-12-13T08:22:50.552+0000] {processor.py:914} INFO - Processing file /opt/bitnami/airflow/venv/lib/python3.12/site-packages/airflow/example_dags/example_time_delta_sensor_async.py for tasks to queue
[2024-12-13T08:22:50.554+0000] {logging_mixin.py:190} INFO - [2024-12-13T08:22:50.554+0000] {dagbag.py:588} INFO - Filling up the DagBag from /opt/bitnami/airflow/venv/lib/python3.12/site-packages/airflow/example_dags/example_time_delta_sensor_async.py
[2024-12-13T08:22:50.558+0000] {processor.py:925} INFO - DAG(s) 'example_time_delta_sensor_async' retrieved from /opt/bitnami/airflow/venv/lib/python3.12/site-packages/airflow/example_dags/example_time_delta_sensor_async.py
[2024-12-13T08:22:50.593+0000] {logging_mixin.py:190} INFO - [2024-12-13T08:22:50.593+0000] {dag.py:3239} INFO - Sync 1 DAGs
[2024-12-13T08:22:50.613+0000] {logging_mixin.py:190} INFO - [2024-12-13T08:22:50.613+0000] {dag.py:4180} INFO - Setting next_dagrun for example_time_delta_sensor_async to None, run_after=None
[2024-12-13T08:22:50.640+0000] {processor.py:208} INFO - Processing /opt/bitnami/airflow/venv/lib/python3.12/site-packages/airflow/example_dags/example_time_delta_sensor_async.py took 0.095 seconds
[2024-12-13T08:25:48.257+0000] {processor.py:186} INFO - Started process (PID=93) to work on /opt/bitnami/airflow/venv/lib/python3.12/site-packages/airflow/example_dags/example_time_delta_sensor_async.py
[2024-12-13T08:25:48.257+0000] {processor.py:914} INFO - Processing file /opt/bitnami/airflow/venv/lib/python3.12/site-packages/airflow/example_dags/example_time_delta_sensor_async.py for tasks to queue
[2024-12-13T08:25:48.260+0000] {logging_mixin.py:190} INFO - [2024-12-13T08:25:48.259+0000] {dagbag.py:588} INFO - Filling up the DagBag from /opt/bitnami/airflow/venv/lib/python3.12/site-packages/airflow/example_dags/example_time_delta_sensor_async.py
[2024-12-13T08:25:48.264+0000] {processor.py:925} INFO - DAG(s) 'example_time_delta_sensor_async' retrieved from /opt/bitnami/airflow/venv/lib/python3.12/site-packages/airflow/example_dags/example_time_delta_sensor_async.py
[2024-12-13T08:25:48.304+0000] {logging_mixin.py:190} INFO - [2024-12-13T08:25:48.303+0000] {dag.py:3239} INFO - Sync 1 DAGs
[2024-12-13T08:25:48.330+0000] {logging_mixin.py:190} INFO - [2024-12-13T08:25:48.329+0000] {dag.py:4180} INFO - Setting next_dagrun for example_time_delta_sensor_async to None, run_after=None
[2024-12-13T08:25:48.358+0000] {processor.py:208} INFO - Processing /opt/bitnami/airflow/venv/lib/python3.12/site-packages/airflow/example_dags/example_time_delta_sensor_async.py took 0.106 seconds
[2024-12-13T08:26:19.062+0000] {processor.py:186} INFO - Started process (PID=150) to work on /opt/bitnami/airflow/venv/lib/python3.12/site-packages/airflow/example_dags/example_time_delta_sensor_async.py
[2024-12-13T08:26:19.063+0000] {processor.py:914} INFO - Processing file /opt/bitnami/airflow/venv/lib/python3.12/site-packages/airflow/example_dags/example_time_delta_sensor_async.py for tasks to queue
[2024-12-13T08:26:19.065+0000] {logging_mixin.py:190} INFO - [2024-12-13T08:26:19.064+0000] {dagbag.py:588} INFO - Filling up the DagBag from /opt/bitnami/airflow/venv/lib/python3.12/site-packages/airflow/example_dags/example_time_delta_sensor_async.py
[2024-12-13T08:26:19.068+0000] {processor.py:925} INFO - DAG(s) 'example_time_delta_sensor_async' retrieved from /opt/bitnami/airflow/venv/lib/python3.12/site-packages/airflow/example_dags/example_time_delta_sensor_async.py
[2024-12-13T08:26:19.096+0000] {logging_mixin.py:190} INFO - [2024-12-13T08:26:19.096+0000] {dag.py:3239} INFO - Sync 1 DAGs
[2024-12-13T08:26:19.113+0000] {logging_mixin.py:190} INFO - [2024-12-13T08:26:19.113+0000] {dag.py:4180} INFO - Setting next_dagrun for example_time_delta_sensor_async to None, run_after=None
[2024-12-13T08:26:19.131+0000] {processor.py:208} INFO - Processing /opt/bitnami/airflow/venv/lib/python3.12/site-packages/airflow/example_dags/example_time_delta_sensor_async.py took 0.073 seconds
[2024-12-13T08:26:51.238+0000] {processor.py:186} INFO - Started process (PID=207) to work on /opt/bitnami/airflow/venv/lib/python3.12/site-packages/airflow/example_dags/example_time_delta_sensor_async.py
[2024-12-13T08:26:51.239+0000] {processor.py:914} INFO - Processing file /opt/bitnami/airflow/venv/lib/python3.12/site-packages/airflow/example_dags/example_time_delta_sensor_async.py for tasks to queue
[2024-12-13T08:26:51.241+0000] {logging_mixin.py:190} INFO - [2024-12-13T08:26:51.241+0000] {dagbag.py:588} INFO - Filling up the DagBag from /opt/bitnami/airflow/venv/lib/python3.12/site-packages/airflow/example_dags/example_time_delta_sensor_async.py
[2024-12-13T08:26:51.247+0000] {processor.py:925} INFO - DAG(s) 'example_time_delta_sensor_async' retrieved from /opt/bitnami/airflow/venv/lib/python3.12/site-packages/airflow/example_dags/example_time_delta_sensor_async.py
[2024-12-13T08:26:51.336+0000] {logging_mixin.py:190} INFO - [2024-12-13T08:26:51.335+0000] {dag.py:3239} INFO - Sync 1 DAGs
[2024-12-13T08:26:51.357+0000] {logging_mixin.py:190} INFO - [2024-12-13T08:26:51.356+0000] {dag.py:4180} INFO - Setting next_dagrun for example_time_delta_sensor_async to None, run_after=None
[2024-12-13T08:26:51.384+0000] {processor.py:208} INFO - Processing /opt/bitnami/airflow/venv/lib/python3.12/site-packages/airflow/example_dags/example_time_delta_sensor_async.py took 0.153 seconds
[2024-12-13T08:27:21.497+0000] {processor.py:186} INFO - Started process (PID=264) to work on /opt/bitnami/airflow/venv/lib/python3.12/site-packages/airflow/example_dags/example_time_delta_sensor_async.py
[2024-12-13T08:27:21.498+0000] {processor.py:914} INFO - Processing file /opt/bitnami/airflow/venv/lib/python3.12/site-packages/airflow/example_dags/example_time_delta_sensor_async.py for tasks to queue
[2024-12-13T08:27:21.500+0000] {logging_mixin.py:190} INFO - [2024-12-13T08:27:21.499+0000] {dagbag.py:588} INFO - Filling up the DagBag from /opt/bitnami/airflow/venv/lib/python3.12/site-packages/airflow/example_dags/example_time_delta_sensor_async.py
[2024-12-13T08:27:21.504+0000] {processor.py:925} INFO - DAG(s) 'example_time_delta_sensor_async' retrieved from /opt/bitnami/airflow/venv/lib/python3.12/site-packages/airflow/example_dags/example_time_delta_sensor_async.py
[2024-12-13T08:27:21.540+0000] {logging_mixin.py:190} INFO - [2024-12-13T08:27:21.539+0000] {dag.py:3239} INFO - Sync 1 DAGs
[2024-12-13T08:27:21.557+0000] {logging_mixin.py:190} INFO - [2024-12-13T08:27:21.556+0000] {dag.py:4180} INFO - Setting next_dagrun for example_time_delta_sensor_async to None, run_after=None
[2024-12-13T08:27:21.576+0000] {processor.py:208} INFO - Processing /opt/bitnami/airflow/venv/lib/python3.12/site-packages/airflow/example_dags/example_time_delta_sensor_async.py took 0.084 seconds
[2024-12-13T10:42:45.321+0000] {processor.py:186} INFO - Started process (PID=93) to work on /opt/bitnami/airflow/venv/lib/python3.12/site-packages/airflow/example_dags/example_time_delta_sensor_async.py
[2024-12-13T10:42:45.323+0000] {processor.py:914} INFO - Processing file /opt/bitnami/airflow/venv/lib/python3.12/site-packages/airflow/example_dags/example_time_delta_sensor_async.py for tasks to queue
[2024-12-13T10:42:45.327+0000] {logging_mixin.py:190} INFO - [2024-12-13T10:42:45.326+0000] {dagbag.py:588} INFO - Filling up the DagBag from /opt/bitnami/airflow/venv/lib/python3.12/site-packages/airflow/example_dags/example_time_delta_sensor_async.py
[2024-12-13T10:42:45.332+0000] {processor.py:925} INFO - DAG(s) 'example_time_delta_sensor_async' retrieved from /opt/bitnami/airflow/venv/lib/python3.12/site-packages/airflow/example_dags/example_time_delta_sensor_async.py
[2024-12-13T10:42:45.452+0000] {logging_mixin.py:190} INFO - [2024-12-13T10:42:45.451+0000] {override.py:1900} INFO - Created Permission View: can read on DAG:example_time_delta_sensor_async
[2024-12-13T10:42:45.470+0000] {logging_mixin.py:190} INFO - [2024-12-13T10:42:45.469+0000] {override.py:1900} INFO - Created Permission View: can delete on DAG:example_time_delta_sensor_async
[2024-12-13T10:42:45.480+0000] {logging_mixin.py:190} INFO - [2024-12-13T10:42:45.479+0000] {override.py:1900} INFO - Created Permission View: can edit on DAG:example_time_delta_sensor_async
[2024-12-13T10:42:45.492+0000] {logging_mixin.py:190} INFO - [2024-12-13T10:42:45.492+0000] {override.py:1900} INFO - Created Permission View: can delete on DAG Run:example_time_delta_sensor_async
[2024-12-13T10:42:45.504+0000] {logging_mixin.py:190} INFO - [2024-12-13T10:42:45.504+0000] {override.py:1900} INFO - Created Permission View: can read on DAG Run:example_time_delta_sensor_async
[2024-12-13T10:42:45.514+0000] {logging_mixin.py:190} INFO - [2024-12-13T10:42:45.514+0000] {override.py:1900} INFO - Created Permission View: can create on DAG Run:example_time_delta_sensor_async
[2024-12-13T10:42:45.525+0000] {logging_mixin.py:190} INFO - [2024-12-13T10:42:45.524+0000] {override.py:1900} INFO - Created Permission View: menu access on DAG Run:example_time_delta_sensor_async
[2024-12-13T10:42:45.526+0000] {logging_mixin.py:190} INFO - [2024-12-13T10:42:45.526+0000] {dag.py:3239} INFO - Sync 1 DAGs
[2024-12-13T10:42:45.574+0000] {logging_mixin.py:190} INFO - [2024-12-13T10:42:45.573+0000] {dag.py:3262} INFO - Creating ORM DAG for example_time_delta_sensor_async
[2024-12-13T10:42:45.575+0000] {logging_mixin.py:190} INFO - [2024-12-13T10:42:45.575+0000] {dag.py:4180} INFO - Setting next_dagrun for example_time_delta_sensor_async to None, run_after=None
[2024-12-13T10:42:45.607+0000] {processor.py:208} INFO - Processing /opt/bitnami/airflow/venv/lib/python3.12/site-packages/airflow/example_dags/example_time_delta_sensor_async.py took 0.293 seconds
[2024-12-13T10:43:16.306+0000] {processor.py:186} INFO - Started process (PID=150) to work on /opt/bitnami/airflow/venv/lib/python3.12/site-packages/airflow/example_dags/example_time_delta_sensor_async.py
[2024-12-13T10:43:16.307+0000] {processor.py:914} INFO - Processing file /opt/bitnami/airflow/venv/lib/python3.12/site-packages/airflow/example_dags/example_time_delta_sensor_async.py for tasks to queue
[2024-12-13T10:43:16.310+0000] {logging_mixin.py:190} INFO - [2024-12-13T10:43:16.310+0000] {dagbag.py:588} INFO - Filling up the DagBag from /opt/bitnami/airflow/venv/lib/python3.12/site-packages/airflow/example_dags/example_time_delta_sensor_async.py
[2024-12-13T10:43:16.314+0000] {processor.py:925} INFO - DAG(s) 'example_time_delta_sensor_async' retrieved from /opt/bitnami/airflow/venv/lib/python3.12/site-packages/airflow/example_dags/example_time_delta_sensor_async.py
[2024-12-13T10:43:16.377+0000] {logging_mixin.py:190} INFO - [2024-12-13T10:43:16.377+0000] {dag.py:3239} INFO - Sync 1 DAGs
[2024-12-13T10:43:16.412+0000] {logging_mixin.py:190} INFO - [2024-12-13T10:43:16.412+0000] {dag.py:4180} INFO - Setting next_dagrun for example_time_delta_sensor_async to None, run_after=None
[2024-12-13T10:43:16.446+0000] {processor.py:208} INFO - Processing /opt/bitnami/airflow/venv/lib/python3.12/site-packages/airflow/example_dags/example_time_delta_sensor_async.py took 0.145 seconds
[2024-12-13T10:43:46.581+0000] {processor.py:186} INFO - Started process (PID=207) to work on /opt/bitnami/airflow/venv/lib/python3.12/site-packages/airflow/example_dags/example_time_delta_sensor_async.py
[2024-12-13T10:43:46.582+0000] {processor.py:914} INFO - Processing file /opt/bitnami/airflow/venv/lib/python3.12/site-packages/airflow/example_dags/example_time_delta_sensor_async.py for tasks to queue
[2024-12-13T10:43:46.584+0000] {logging_mixin.py:190} INFO - [2024-12-13T10:43:46.584+0000] {dagbag.py:588} INFO - Filling up the DagBag from /opt/bitnami/airflow/venv/lib/python3.12/site-packages/airflow/example_dags/example_time_delta_sensor_async.py
[2024-12-13T10:43:46.590+0000] {processor.py:925} INFO - DAG(s) 'example_time_delta_sensor_async' retrieved from /opt/bitnami/airflow/venv/lib/python3.12/site-packages/airflow/example_dags/example_time_delta_sensor_async.py
[2024-12-13T10:43:46.755+0000] {logging_mixin.py:190} INFO - [2024-12-13T10:43:46.754+0000] {dag.py:3239} INFO - Sync 1 DAGs
[2024-12-13T10:43:46.783+0000] {logging_mixin.py:190} INFO - [2024-12-13T10:43:46.782+0000] {dag.py:4180} INFO - Setting next_dagrun for example_time_delta_sensor_async to None, run_after=None
[2024-12-13T10:43:46.825+0000] {processor.py:208} INFO - Processing /opt/bitnami/airflow/venv/lib/python3.12/site-packages/airflow/example_dags/example_time_delta_sensor_async.py took 0.252 seconds
[2024-12-13T10:44:17.350+0000] {processor.py:186} INFO - Started process (PID=264) to work on /opt/bitnami/airflow/venv/lib/python3.12/site-packages/airflow/example_dags/example_time_delta_sensor_async.py
[2024-12-13T10:44:17.351+0000] {processor.py:914} INFO - Processing file /opt/bitnami/airflow/venv/lib/python3.12/site-packages/airflow/example_dags/example_time_delta_sensor_async.py for tasks to queue
[2024-12-13T10:44:17.353+0000] {logging_mixin.py:190} INFO - [2024-12-13T10:44:17.353+0000] {dagbag.py:588} INFO - Filling up the DagBag from /opt/bitnami/airflow/venv/lib/python3.12/site-packages/airflow/example_dags/example_time_delta_sensor_async.py
[2024-12-13T10:44:17.357+0000] {processor.py:925} INFO - DAG(s) 'example_time_delta_sensor_async' retrieved from /opt/bitnami/airflow/venv/lib/python3.12/site-packages/airflow/example_dags/example_time_delta_sensor_async.py
[2024-12-13T10:44:17.445+0000] {logging_mixin.py:190} INFO - [2024-12-13T10:44:17.445+0000] {dag.py:3239} INFO - Sync 1 DAGs
[2024-12-13T10:44:17.482+0000] {logging_mixin.py:190} INFO - [2024-12-13T10:44:17.482+0000] {dag.py:4180} INFO - Setting next_dagrun for example_time_delta_sensor_async to None, run_after=None
[2024-12-13T10:44:17.529+0000] {processor.py:208} INFO - Processing /opt/bitnami/airflow/venv/lib/python3.12/site-packages/airflow/example_dags/example_time_delta_sensor_async.py took 0.184 seconds
[2024-12-13T10:44:47.993+0000] {processor.py:186} INFO - Started process (PID=321) to work on /opt/bitnami/airflow/venv/lib/python3.12/site-packages/airflow/example_dags/example_time_delta_sensor_async.py
[2024-12-13T10:44:47.994+0000] {processor.py:914} INFO - Processing file /opt/bitnami/airflow/venv/lib/python3.12/site-packages/airflow/example_dags/example_time_delta_sensor_async.py for tasks to queue
[2024-12-13T10:44:47.997+0000] {logging_mixin.py:190} INFO - [2024-12-13T10:44:47.996+0000] {dagbag.py:588} INFO - Filling up the DagBag from /opt/bitnami/airflow/venv/lib/python3.12/site-packages/airflow/example_dags/example_time_delta_sensor_async.py
[2024-12-13T10:44:48.003+0000] {processor.py:925} INFO - DAG(s) 'example_time_delta_sensor_async' retrieved from /opt/bitnami/airflow/venv/lib/python3.12/site-packages/airflow/example_dags/example_time_delta_sensor_async.py
[2024-12-13T10:44:48.083+0000] {logging_mixin.py:190} INFO - [2024-12-13T10:44:48.082+0000] {dag.py:3239} INFO - Sync 1 DAGs
[2024-12-13T10:44:48.113+0000] {logging_mixin.py:190} INFO - [2024-12-13T10:44:48.112+0000] {dag.py:4180} INFO - Setting next_dagrun for example_time_delta_sensor_async to None, run_after=None
[2024-12-13T10:44:48.144+0000] {processor.py:208} INFO - Processing /opt/bitnami/airflow/venv/lib/python3.12/site-packages/airflow/example_dags/example_time_delta_sensor_async.py took 0.156 seconds
[2024-12-13T10:52:16.726+0000] {processor.py:186} INFO - Started process (PID=93) to work on /opt/bitnami/airflow/venv/lib/python3.12/site-packages/airflow/example_dags/example_time_delta_sensor_async.py
[2024-12-13T10:52:16.726+0000] {processor.py:914} INFO - Processing file /opt/bitnami/airflow/venv/lib/python3.12/site-packages/airflow/example_dags/example_time_delta_sensor_async.py for tasks to queue
[2024-12-13T10:52:16.729+0000] {logging_mixin.py:190} INFO - [2024-12-13T10:52:16.729+0000] {dagbag.py:588} INFO - Filling up the DagBag from /opt/bitnami/airflow/venv/lib/python3.12/site-packages/airflow/example_dags/example_time_delta_sensor_async.py
[2024-12-13T10:52:16.733+0000] {processor.py:925} INFO - DAG(s) 'example_time_delta_sensor_async' retrieved from /opt/bitnami/airflow/venv/lib/python3.12/site-packages/airflow/example_dags/example_time_delta_sensor_async.py
[2024-12-13T10:52:16.821+0000] {logging_mixin.py:190} INFO - [2024-12-13T10:52:16.821+0000] {override.py:1900} INFO - Created Permission View: can read on DAG:example_time_delta_sensor_async
[2024-12-13T10:52:16.832+0000] {logging_mixin.py:190} INFO - [2024-12-13T10:52:16.832+0000] {override.py:1900} INFO - Created Permission View: can delete on DAG:example_time_delta_sensor_async
[2024-12-13T10:52:16.840+0000] {logging_mixin.py:190} INFO - [2024-12-13T10:52:16.840+0000] {override.py:1900} INFO - Created Permission View: can edit on DAG:example_time_delta_sensor_async
[2024-12-13T10:52:16.849+0000] {logging_mixin.py:190} INFO - [2024-12-13T10:52:16.849+0000] {override.py:1900} INFO - Created Permission View: menu access on DAG Run:example_time_delta_sensor_async
[2024-12-13T10:52:16.857+0000] {logging_mixin.py:190} INFO - [2024-12-13T10:52:16.856+0000] {override.py:1900} INFO - Created Permission View: can read on DAG Run:example_time_delta_sensor_async
[2024-12-13T10:52:16.865+0000] {logging_mixin.py:190} INFO - [2024-12-13T10:52:16.864+0000] {override.py:1900} INFO - Created Permission View: can delete on DAG Run:example_time_delta_sensor_async
[2024-12-13T10:52:16.874+0000] {logging_mixin.py:190} INFO - [2024-12-13T10:52:16.873+0000] {override.py:1900} INFO - Created Permission View: can create on DAG Run:example_time_delta_sensor_async
[2024-12-13T10:52:16.875+0000] {logging_mixin.py:190} INFO - [2024-12-13T10:52:16.874+0000] {dag.py:3239} INFO - Sync 1 DAGs
[2024-12-13T10:52:16.907+0000] {logging_mixin.py:190} INFO - [2024-12-13T10:52:16.907+0000] {dag.py:3262} INFO - Creating ORM DAG for example_time_delta_sensor_async
[2024-12-13T10:52:16.908+0000] {logging_mixin.py:190} INFO - [2024-12-13T10:52:16.908+0000] {dag.py:4180} INFO - Setting next_dagrun for example_time_delta_sensor_async to None, run_after=None
[2024-12-13T10:52:16.939+0000] {processor.py:208} INFO - Processing /opt/bitnami/airflow/venv/lib/python3.12/site-packages/airflow/example_dags/example_time_delta_sensor_async.py took 0.218 seconds
[2024-12-13T10:52:47.774+0000] {processor.py:186} INFO - Started process (PID=150) to work on /opt/bitnami/airflow/venv/lib/python3.12/site-packages/airflow/example_dags/example_time_delta_sensor_async.py
[2024-12-13T10:52:47.776+0000] {processor.py:914} INFO - Processing file /opt/bitnami/airflow/venv/lib/python3.12/site-packages/airflow/example_dags/example_time_delta_sensor_async.py for tasks to queue
[2024-12-13T10:52:47.778+0000] {logging_mixin.py:190} INFO - [2024-12-13T10:52:47.778+0000] {dagbag.py:588} INFO - Filling up the DagBag from /opt/bitnami/airflow/venv/lib/python3.12/site-packages/airflow/example_dags/example_time_delta_sensor_async.py
[2024-12-13T10:52:47.783+0000] {processor.py:925} INFO - DAG(s) 'example_time_delta_sensor_async' retrieved from /opt/bitnami/airflow/venv/lib/python3.12/site-packages/airflow/example_dags/example_time_delta_sensor_async.py
[2024-12-13T10:52:47.847+0000] {logging_mixin.py:190} INFO - [2024-12-13T10:52:47.846+0000] {dag.py:3239} INFO - Sync 1 DAGs
[2024-12-13T10:52:47.887+0000] {logging_mixin.py:190} INFO - [2024-12-13T10:52:47.886+0000] {dag.py:4180} INFO - Setting next_dagrun for example_time_delta_sensor_async to None, run_after=None
[2024-12-13T10:52:47.937+0000] {processor.py:208} INFO - Processing /opt/bitnami/airflow/venv/lib/python3.12/site-packages/airflow/example_dags/example_time_delta_sensor_async.py took 0.168 seconds
[2024-12-13T10:53:19.027+0000] {processor.py:186} INFO - Started process (PID=207) to work on /opt/bitnami/airflow/venv/lib/python3.12/site-packages/airflow/example_dags/example_time_delta_sensor_async.py
[2024-12-13T10:53:19.029+0000] {processor.py:914} INFO - Processing file /opt/bitnami/airflow/venv/lib/python3.12/site-packages/airflow/example_dags/example_time_delta_sensor_async.py for tasks to queue
[2024-12-13T10:53:19.031+0000] {logging_mixin.py:190} INFO - [2024-12-13T10:53:19.031+0000] {dagbag.py:588} INFO - Filling up the DagBag from /opt/bitnami/airflow/venv/lib/python3.12/site-packages/airflow/example_dags/example_time_delta_sensor_async.py
[2024-12-13T10:53:19.037+0000] {processor.py:925} INFO - DAG(s) 'example_time_delta_sensor_async' retrieved from /opt/bitnami/airflow/venv/lib/python3.12/site-packages/airflow/example_dags/example_time_delta_sensor_async.py
[2024-12-13T10:53:19.189+0000] {logging_mixin.py:190} INFO - [2024-12-13T10:53:19.188+0000] {dag.py:3239} INFO - Sync 1 DAGs
[2024-12-13T10:53:19.225+0000] {logging_mixin.py:190} INFO - [2024-12-13T10:53:19.225+0000] {dag.py:4180} INFO - Setting next_dagrun for example_time_delta_sensor_async to None, run_after=None
[2024-12-13T10:53:19.269+0000] {processor.py:208} INFO - Processing /opt/bitnami/airflow/venv/lib/python3.12/site-packages/airflow/example_dags/example_time_delta_sensor_async.py took 0.248 seconds
[2024-12-13T10:53:49.373+0000] {processor.py:186} INFO - Started process (PID=264) to work on /opt/bitnami/airflow/venv/lib/python3.12/site-packages/airflow/example_dags/example_time_delta_sensor_async.py
[2024-12-13T10:53:49.374+0000] {processor.py:914} INFO - Processing file /opt/bitnami/airflow/venv/lib/python3.12/site-packages/airflow/example_dags/example_time_delta_sensor_async.py for tasks to queue
[2024-12-13T10:53:49.378+0000] {logging_mixin.py:190} INFO - [2024-12-13T10:53:49.377+0000] {dagbag.py:588} INFO - Filling up the DagBag from /opt/bitnami/airflow/venv/lib/python3.12/site-packages/airflow/example_dags/example_time_delta_sensor_async.py
[2024-12-13T10:53:49.386+0000] {processor.py:925} INFO - DAG(s) 'example_time_delta_sensor_async' retrieved from /opt/bitnami/airflow/venv/lib/python3.12/site-packages/airflow/example_dags/example_time_delta_sensor_async.py
[2024-12-13T10:53:49.489+0000] {logging_mixin.py:190} INFO - [2024-12-13T10:53:49.488+0000] {dag.py:3239} INFO - Sync 1 DAGs
[2024-12-13T10:53:49.536+0000] {logging_mixin.py:190} INFO - [2024-12-13T10:53:49.535+0000] {dag.py:4180} INFO - Setting next_dagrun for example_time_delta_sensor_async to None, run_after=None
[2024-12-13T10:53:49.574+0000] {processor.py:208} INFO - Processing /opt/bitnami/airflow/venv/lib/python3.12/site-packages/airflow/example_dags/example_time_delta_sensor_async.py took 0.206 seconds
[2024-12-13T10:54:20.116+0000] {processor.py:186} INFO - Started process (PID=321) to work on /opt/bitnami/airflow/venv/lib/python3.12/site-packages/airflow/example_dags/example_time_delta_sensor_async.py
[2024-12-13T10:54:20.117+0000] {processor.py:914} INFO - Processing file /opt/bitnami/airflow/venv/lib/python3.12/site-packages/airflow/example_dags/example_time_delta_sensor_async.py for tasks to queue
[2024-12-13T10:54:20.119+0000] {logging_mixin.py:190} INFO - [2024-12-13T10:54:20.119+0000] {dagbag.py:588} INFO - Filling up the DagBag from /opt/bitnami/airflow/venv/lib/python3.12/site-packages/airflow/example_dags/example_time_delta_sensor_async.py
[2024-12-13T10:54:20.123+0000] {processor.py:925} INFO - DAG(s) 'example_time_delta_sensor_async' retrieved from /opt/bitnami/airflow/venv/lib/python3.12/site-packages/airflow/example_dags/example_time_delta_sensor_async.py
[2024-12-13T10:54:20.177+0000] {logging_mixin.py:190} INFO - [2024-12-13T10:54:20.177+0000] {dag.py:3239} INFO - Sync 1 DAGs
[2024-12-13T10:54:20.201+0000] {logging_mixin.py:190} INFO - [2024-12-13T10:54:20.201+0000] {dag.py:4180} INFO - Setting next_dagrun for example_time_delta_sensor_async to None, run_after=None
[2024-12-13T10:54:20.225+0000] {processor.py:208} INFO - Processing /opt/bitnami/airflow/venv/lib/python3.12/site-packages/airflow/example_dags/example_time_delta_sensor_async.py took 0.114 seconds
[2024-12-13T10:54:50.524+0000] {processor.py:186} INFO - Started process (PID=378) to work on /opt/bitnami/airflow/venv/lib/python3.12/site-packages/airflow/example_dags/example_time_delta_sensor_async.py
[2024-12-13T10:54:50.525+0000] {processor.py:914} INFO - Processing file /opt/bitnami/airflow/venv/lib/python3.12/site-packages/airflow/example_dags/example_time_delta_sensor_async.py for tasks to queue
[2024-12-13T10:54:50.528+0000] {logging_mixin.py:190} INFO - [2024-12-13T10:54:50.528+0000] {dagbag.py:588} INFO - Filling up the DagBag from /opt/bitnami/airflow/venv/lib/python3.12/site-packages/airflow/example_dags/example_time_delta_sensor_async.py
[2024-12-13T10:54:50.532+0000] {processor.py:925} INFO - DAG(s) 'example_time_delta_sensor_async' retrieved from /opt/bitnami/airflow/venv/lib/python3.12/site-packages/airflow/example_dags/example_time_delta_sensor_async.py
[2024-12-13T10:54:50.618+0000] {logging_mixin.py:190} INFO - [2024-12-13T10:54:50.617+0000] {dag.py:3239} INFO - Sync 1 DAGs
[2024-12-13T10:54:50.647+0000] {logging_mixin.py:190} INFO - [2024-12-13T10:54:50.647+0000] {dag.py:4180} INFO - Setting next_dagrun for example_time_delta_sensor_async to None, run_after=None
[2024-12-13T10:54:50.682+0000] {processor.py:208} INFO - Processing /opt/bitnami/airflow/venv/lib/python3.12/site-packages/airflow/example_dags/example_time_delta_sensor_async.py took 0.163 seconds
[2024-12-13T10:55:21.660+0000] {processor.py:186} INFO - Started process (PID=435) to work on /opt/bitnami/airflow/venv/lib/python3.12/site-packages/airflow/example_dags/example_time_delta_sensor_async.py
[2024-12-13T10:55:21.661+0000] {processor.py:914} INFO - Processing file /opt/bitnami/airflow/venv/lib/python3.12/site-packages/airflow/example_dags/example_time_delta_sensor_async.py for tasks to queue
[2024-12-13T10:55:21.663+0000] {logging_mixin.py:190} INFO - [2024-12-13T10:55:21.663+0000] {dagbag.py:588} INFO - Filling up the DagBag from /opt/bitnami/airflow/venv/lib/python3.12/site-packages/airflow/example_dags/example_time_delta_sensor_async.py
[2024-12-13T10:55:21.670+0000] {processor.py:925} INFO - DAG(s) 'example_time_delta_sensor_async' retrieved from /opt/bitnami/airflow/venv/lib/python3.12/site-packages/airflow/example_dags/example_time_delta_sensor_async.py
[2024-12-13T10:55:21.740+0000] {logging_mixin.py:190} INFO - [2024-12-13T10:55:21.740+0000] {dag.py:3239} INFO - Sync 1 DAGs
[2024-12-13T10:55:21.774+0000] {logging_mixin.py:190} INFO - [2024-12-13T10:55:21.774+0000] {dag.py:4180} INFO - Setting next_dagrun for example_time_delta_sensor_async to None, run_after=None
[2024-12-13T10:55:21.811+0000] {processor.py:208} INFO - Processing /opt/bitnami/airflow/venv/lib/python3.12/site-packages/airflow/example_dags/example_time_delta_sensor_async.py took 0.157 seconds
[2024-12-13T10:55:52.779+0000] {processor.py:186} INFO - Started process (PID=492) to work on /opt/bitnami/airflow/venv/lib/python3.12/site-packages/airflow/example_dags/example_time_delta_sensor_async.py
[2024-12-13T10:55:52.780+0000] {processor.py:914} INFO - Processing file /opt/bitnami/airflow/venv/lib/python3.12/site-packages/airflow/example_dags/example_time_delta_sensor_async.py for tasks to queue
[2024-12-13T10:55:52.783+0000] {logging_mixin.py:190} INFO - [2024-12-13T10:55:52.782+0000] {dagbag.py:588} INFO - Filling up the DagBag from /opt/bitnami/airflow/venv/lib/python3.12/site-packages/airflow/example_dags/example_time_delta_sensor_async.py
[2024-12-13T10:55:52.788+0000] {processor.py:925} INFO - DAG(s) 'example_time_delta_sensor_async' retrieved from /opt/bitnami/airflow/venv/lib/python3.12/site-packages/airflow/example_dags/example_time_delta_sensor_async.py
[2024-12-13T10:55:52.861+0000] {logging_mixin.py:190} INFO - [2024-12-13T10:55:52.861+0000] {dag.py:3239} INFO - Sync 1 DAGs
[2024-12-13T10:55:52.900+0000] {logging_mixin.py:190} INFO - [2024-12-13T10:55:52.900+0000] {dag.py:4180} INFO - Setting next_dagrun for example_time_delta_sensor_async to None, run_after=None
[2024-12-13T10:55:52.945+0000] {processor.py:208} INFO - Processing /opt/bitnami/airflow/venv/lib/python3.12/site-packages/airflow/example_dags/example_time_delta_sensor_async.py took 0.171 seconds
[2024-12-13T10:56:23.390+0000] {processor.py:186} INFO - Started process (PID=550) to work on /opt/bitnami/airflow/venv/lib/python3.12/site-packages/airflow/example_dags/example_time_delta_sensor_async.py
[2024-12-13T10:56:23.391+0000] {processor.py:914} INFO - Processing file /opt/bitnami/airflow/venv/lib/python3.12/site-packages/airflow/example_dags/example_time_delta_sensor_async.py for tasks to queue
[2024-12-13T10:56:23.393+0000] {logging_mixin.py:190} INFO - [2024-12-13T10:56:23.393+0000] {dagbag.py:588} INFO - Filling up the DagBag from /opt/bitnami/airflow/venv/lib/python3.12/site-packages/airflow/example_dags/example_time_delta_sensor_async.py
[2024-12-13T10:56:23.397+0000] {processor.py:925} INFO - DAG(s) 'example_time_delta_sensor_async' retrieved from /opt/bitnami/airflow/venv/lib/python3.12/site-packages/airflow/example_dags/example_time_delta_sensor_async.py
[2024-12-13T10:56:23.472+0000] {logging_mixin.py:190} INFO - [2024-12-13T10:56:23.471+0000] {dag.py:3239} INFO - Sync 1 DAGs
[2024-12-13T10:56:23.509+0000] {logging_mixin.py:190} INFO - [2024-12-13T10:56:23.509+0000] {dag.py:4180} INFO - Setting next_dagrun for example_time_delta_sensor_async to None, run_after=None
[2024-12-13T10:56:23.560+0000] {processor.py:208} INFO - Processing /opt/bitnami/airflow/venv/lib/python3.12/site-packages/airflow/example_dags/example_time_delta_sensor_async.py took 0.174 seconds
[2024-12-13T10:56:53.608+0000] {processor.py:186} INFO - Started process (PID=607) to work on /opt/bitnami/airflow/venv/lib/python3.12/site-packages/airflow/example_dags/example_time_delta_sensor_async.py
[2024-12-13T10:56:53.609+0000] {processor.py:914} INFO - Processing file /opt/bitnami/airflow/venv/lib/python3.12/site-packages/airflow/example_dags/example_time_delta_sensor_async.py for tasks to queue
[2024-12-13T10:56:53.611+0000] {logging_mixin.py:190} INFO - [2024-12-13T10:56:53.611+0000] {dagbag.py:588} INFO - Filling up the DagBag from /opt/bitnami/airflow/venv/lib/python3.12/site-packages/airflow/example_dags/example_time_delta_sensor_async.py
[2024-12-13T10:56:53.615+0000] {processor.py:925} INFO - DAG(s) 'example_time_delta_sensor_async' retrieved from /opt/bitnami/airflow/venv/lib/python3.12/site-packages/airflow/example_dags/example_time_delta_sensor_async.py
[2024-12-13T10:56:53.651+0000] {logging_mixin.py:190} INFO - [2024-12-13T10:56:53.651+0000] {dag.py:3239} INFO - Sync 1 DAGs
[2024-12-13T10:56:53.672+0000] {logging_mixin.py:190} INFO - [2024-12-13T10:56:53.672+0000] {dag.py:4180} INFO - Setting next_dagrun for example_time_delta_sensor_async to None, run_after=None
[2024-12-13T10:56:53.696+0000] {processor.py:208} INFO - Processing /opt/bitnami/airflow/venv/lib/python3.12/site-packages/airflow/example_dags/example_time_delta_sensor_async.py took 0.093 seconds
[2024-12-13T10:57:23.842+0000] {processor.py:186} INFO - Started process (PID=663) to work on /opt/bitnami/airflow/venv/lib/python3.12/site-packages/airflow/example_dags/example_time_delta_sensor_async.py
[2024-12-13T10:57:23.843+0000] {processor.py:914} INFO - Processing file /opt/bitnami/airflow/venv/lib/python3.12/site-packages/airflow/example_dags/example_time_delta_sensor_async.py for tasks to queue
[2024-12-13T10:57:23.845+0000] {logging_mixin.py:190} INFO - [2024-12-13T10:57:23.845+0000] {dagbag.py:588} INFO - Filling up the DagBag from /opt/bitnami/airflow/venv/lib/python3.12/site-packages/airflow/example_dags/example_time_delta_sensor_async.py
[2024-12-13T10:57:23.849+0000] {processor.py:925} INFO - DAG(s) 'example_time_delta_sensor_async' retrieved from /opt/bitnami/airflow/venv/lib/python3.12/site-packages/airflow/example_dags/example_time_delta_sensor_async.py
[2024-12-13T10:57:23.879+0000] {logging_mixin.py:190} INFO - [2024-12-13T10:57:23.879+0000] {dag.py:3239} INFO - Sync 1 DAGs
[2024-12-13T10:57:23.898+0000] {logging_mixin.py:190} INFO - [2024-12-13T10:57:23.897+0000] {dag.py:4180} INFO - Setting next_dagrun for example_time_delta_sensor_async to None, run_after=None
[2024-12-13T10:57:23.921+0000] {processor.py:208} INFO - Processing /opt/bitnami/airflow/venv/lib/python3.12/site-packages/airflow/example_dags/example_time_delta_sensor_async.py took 0.084 seconds
[2024-12-13T10:57:54.813+0000] {processor.py:186} INFO - Started process (PID=720) to work on /opt/bitnami/airflow/venv/lib/python3.12/site-packages/airflow/example_dags/example_time_delta_sensor_async.py
[2024-12-13T10:57:54.814+0000] {processor.py:914} INFO - Processing file /opt/bitnami/airflow/venv/lib/python3.12/site-packages/airflow/example_dags/example_time_delta_sensor_async.py for tasks to queue
[2024-12-13T10:57:54.816+0000] {logging_mixin.py:190} INFO - [2024-12-13T10:57:54.815+0000] {dagbag.py:588} INFO - Filling up the DagBag from /opt/bitnami/airflow/venv/lib/python3.12/site-packages/airflow/example_dags/example_time_delta_sensor_async.py
[2024-12-13T10:57:54.819+0000] {processor.py:925} INFO - DAG(s) 'example_time_delta_sensor_async' retrieved from /opt/bitnami/airflow/venv/lib/python3.12/site-packages/airflow/example_dags/example_time_delta_sensor_async.py
[2024-12-13T10:57:54.848+0000] {logging_mixin.py:190} INFO - [2024-12-13T10:57:54.848+0000] {dag.py:3239} INFO - Sync 1 DAGs
[2024-12-13T10:57:54.863+0000] {logging_mixin.py:190} INFO - [2024-12-13T10:57:54.863+0000] {dag.py:4180} INFO - Setting next_dagrun for example_time_delta_sensor_async to None, run_after=None
[2024-12-13T10:57:54.890+0000] {processor.py:208} INFO - Processing /opt/bitnami/airflow/venv/lib/python3.12/site-packages/airflow/example_dags/example_time_delta_sensor_async.py took 0.082 seconds
[2024-12-13T10:58:25.826+0000] {processor.py:186} INFO - Started process (PID=777) to work on /opt/bitnami/airflow/venv/lib/python3.12/site-packages/airflow/example_dags/example_time_delta_sensor_async.py
[2024-12-13T10:58:25.827+0000] {processor.py:914} INFO - Processing file /opt/bitnami/airflow/venv/lib/python3.12/site-packages/airflow/example_dags/example_time_delta_sensor_async.py for tasks to queue
[2024-12-13T10:58:25.830+0000] {logging_mixin.py:190} INFO - [2024-12-13T10:58:25.830+0000] {dagbag.py:588} INFO - Filling up the DagBag from /opt/bitnami/airflow/venv/lib/python3.12/site-packages/airflow/example_dags/example_time_delta_sensor_async.py
[2024-12-13T10:58:25.837+0000] {processor.py:925} INFO - DAG(s) 'example_time_delta_sensor_async' retrieved from /opt/bitnami/airflow/venv/lib/python3.12/site-packages/airflow/example_dags/example_time_delta_sensor_async.py
[2024-12-13T10:58:25.912+0000] {logging_mixin.py:190} INFO - [2024-12-13T10:58:25.912+0000] {dag.py:3239} INFO - Sync 1 DAGs
[2024-12-13T10:58:25.937+0000] {logging_mixin.py:190} INFO - [2024-12-13T10:58:25.936+0000] {dag.py:4180} INFO - Setting next_dagrun for example_time_delta_sensor_async to None, run_after=None
[2024-12-13T10:58:25.967+0000] {processor.py:208} INFO - Processing /opt/bitnami/airflow/venv/lib/python3.12/site-packages/airflow/example_dags/example_time_delta_sensor_async.py took 0.146 seconds
[2024-12-13T10:58:57.152+0000] {processor.py:186} INFO - Started process (PID=834) to work on /opt/bitnami/airflow/venv/lib/python3.12/site-packages/airflow/example_dags/example_time_delta_sensor_async.py
[2024-12-13T10:58:57.153+0000] {processor.py:914} INFO - Processing file /opt/bitnami/airflow/venv/lib/python3.12/site-packages/airflow/example_dags/example_time_delta_sensor_async.py for tasks to queue
[2024-12-13T10:58:57.155+0000] {logging_mixin.py:190} INFO - [2024-12-13T10:58:57.155+0000] {dagbag.py:588} INFO - Filling up the DagBag from /opt/bitnami/airflow/venv/lib/python3.12/site-packages/airflow/example_dags/example_time_delta_sensor_async.py
[2024-12-13T10:58:57.160+0000] {processor.py:925} INFO - DAG(s) 'example_time_delta_sensor_async' retrieved from /opt/bitnami/airflow/venv/lib/python3.12/site-packages/airflow/example_dags/example_time_delta_sensor_async.py
[2024-12-13T10:58:57.234+0000] {logging_mixin.py:190} INFO - [2024-12-13T10:58:57.234+0000] {dag.py:3239} INFO - Sync 1 DAGs
[2024-12-13T10:58:57.277+0000] {logging_mixin.py:190} INFO - [2024-12-13T10:58:57.277+0000] {dag.py:4180} INFO - Setting next_dagrun for example_time_delta_sensor_async to None, run_after=None
[2024-12-13T10:58:57.315+0000] {processor.py:208} INFO - Processing /opt/bitnami/airflow/venv/lib/python3.12/site-packages/airflow/example_dags/example_time_delta_sensor_async.py took 0.167 seconds
[2024-12-13T11:07:35.151+0000] {processor.py:186} INFO - Started process (PID=93) to work on /opt/bitnami/airflow/venv/lib/python3.12/site-packages/airflow/example_dags/example_time_delta_sensor_async.py
[2024-12-13T11:07:35.153+0000] {processor.py:914} INFO - Processing file /opt/bitnami/airflow/venv/lib/python3.12/site-packages/airflow/example_dags/example_time_delta_sensor_async.py for tasks to queue
[2024-12-13T11:07:35.159+0000] {logging_mixin.py:190} INFO - [2024-12-13T11:07:35.158+0000] {dagbag.py:588} INFO - Filling up the DagBag from /opt/bitnami/airflow/venv/lib/python3.12/site-packages/airflow/example_dags/example_time_delta_sensor_async.py
[2024-12-13T11:07:35.167+0000] {processor.py:925} INFO - DAG(s) 'example_time_delta_sensor_async' retrieved from /opt/bitnami/airflow/venv/lib/python3.12/site-packages/airflow/example_dags/example_time_delta_sensor_async.py
[2024-12-13T11:07:35.263+0000] {logging_mixin.py:190} INFO - [2024-12-13T11:07:35.262+0000] {dag.py:3239} INFO - Sync 1 DAGs
[2024-12-13T11:07:35.313+0000] {logging_mixin.py:190} INFO - [2024-12-13T11:07:35.313+0000] {dag.py:4180} INFO - Setting next_dagrun for example_time_delta_sensor_async to None, run_after=None
[2024-12-13T11:07:35.371+0000] {processor.py:208} INFO - Processing /opt/bitnami/airflow/venv/lib/python3.12/site-packages/airflow/example_dags/example_time_delta_sensor_async.py took 0.230 seconds
[2024-12-13T11:08:05.526+0000] {processor.py:186} INFO - Started process (PID=150) to work on /opt/bitnami/airflow/venv/lib/python3.12/site-packages/airflow/example_dags/example_time_delta_sensor_async.py
[2024-12-13T11:08:05.528+0000] {processor.py:914} INFO - Processing file /opt/bitnami/airflow/venv/lib/python3.12/site-packages/airflow/example_dags/example_time_delta_sensor_async.py for tasks to queue
[2024-12-13T11:08:05.533+0000] {logging_mixin.py:190} INFO - [2024-12-13T11:08:05.532+0000] {dagbag.py:588} INFO - Filling up the DagBag from /opt/bitnami/airflow/venv/lib/python3.12/site-packages/airflow/example_dags/example_time_delta_sensor_async.py
[2024-12-13T11:08:05.538+0000] {processor.py:925} INFO - DAG(s) 'example_time_delta_sensor_async' retrieved from /opt/bitnami/airflow/venv/lib/python3.12/site-packages/airflow/example_dags/example_time_delta_sensor_async.py
[2024-12-13T11:08:05.637+0000] {logging_mixin.py:190} INFO - [2024-12-13T11:08:05.636+0000] {dag.py:3239} INFO - Sync 1 DAGs
[2024-12-13T11:08:05.695+0000] {logging_mixin.py:190} INFO - [2024-12-13T11:08:05.694+0000] {dag.py:4180} INFO - Setting next_dagrun for example_time_delta_sensor_async to None, run_after=None
[2024-12-13T11:08:05.735+0000] {processor.py:208} INFO - Processing /opt/bitnami/airflow/venv/lib/python3.12/site-packages/airflow/example_dags/example_time_delta_sensor_async.py took 0.215 seconds
[2024-12-13T11:08:38.156+0000] {processor.py:186} INFO - Started process (PID=207) to work on /opt/bitnami/airflow/venv/lib/python3.12/site-packages/airflow/example_dags/example_time_delta_sensor_async.py
[2024-12-13T11:08:38.158+0000] {processor.py:914} INFO - Processing file /opt/bitnami/airflow/venv/lib/python3.12/site-packages/airflow/example_dags/example_time_delta_sensor_async.py for tasks to queue
[2024-12-13T11:08:38.162+0000] {logging_mixin.py:190} INFO - [2024-12-13T11:08:38.161+0000] {dagbag.py:588} INFO - Filling up the DagBag from /opt/bitnami/airflow/venv/lib/python3.12/site-packages/airflow/example_dags/example_time_delta_sensor_async.py
[2024-12-13T11:08:38.168+0000] {processor.py:925} INFO - DAG(s) 'example_time_delta_sensor_async' retrieved from /opt/bitnami/airflow/venv/lib/python3.12/site-packages/airflow/example_dags/example_time_delta_sensor_async.py
[2024-12-13T11:08:38.302+0000] {logging_mixin.py:190} INFO - [2024-12-13T11:08:38.302+0000] {dag.py:3239} INFO - Sync 1 DAGs
[2024-12-13T11:08:38.332+0000] {logging_mixin.py:190} INFO - [2024-12-13T11:08:38.331+0000] {dag.py:4180} INFO - Setting next_dagrun for example_time_delta_sensor_async to None, run_after=None
[2024-12-13T11:08:38.388+0000] {processor.py:208} INFO - Processing /opt/bitnami/airflow/venv/lib/python3.12/site-packages/airflow/example_dags/example_time_delta_sensor_async.py took 0.237 seconds
[2024-12-13T11:09:08.809+0000] {processor.py:186} INFO - Started process (PID=264) to work on /opt/bitnami/airflow/venv/lib/python3.12/site-packages/airflow/example_dags/example_time_delta_sensor_async.py
[2024-12-13T11:09:08.811+0000] {processor.py:914} INFO - Processing file /opt/bitnami/airflow/venv/lib/python3.12/site-packages/airflow/example_dags/example_time_delta_sensor_async.py for tasks to queue
[2024-12-13T11:09:08.815+0000] {logging_mixin.py:190} INFO - [2024-12-13T11:09:08.814+0000] {dagbag.py:588} INFO - Filling up the DagBag from /opt/bitnami/airflow/venv/lib/python3.12/site-packages/airflow/example_dags/example_time_delta_sensor_async.py
[2024-12-13T11:09:08.825+0000] {processor.py:925} INFO - DAG(s) 'example_time_delta_sensor_async' retrieved from /opt/bitnami/airflow/venv/lib/python3.12/site-packages/airflow/example_dags/example_time_delta_sensor_async.py
[2024-12-13T11:09:08.919+0000] {logging_mixin.py:190} INFO - [2024-12-13T11:09:08.918+0000] {dag.py:3239} INFO - Sync 1 DAGs
[2024-12-13T11:09:08.971+0000] {logging_mixin.py:190} INFO - [2024-12-13T11:09:08.971+0000] {dag.py:4180} INFO - Setting next_dagrun for example_time_delta_sensor_async to None, run_after=None
[2024-12-13T11:09:09.018+0000] {processor.py:208} INFO - Processing /opt/bitnami/airflow/venv/lib/python3.12/site-packages/airflow/example_dags/example_time_delta_sensor_async.py took 0.217 seconds
[2024-12-13T11:13:46.234+0000] {processor.py:186} INFO - Started process (PID=93) to work on /opt/bitnami/airflow/venv/lib/python3.12/site-packages/airflow/example_dags/example_time_delta_sensor_async.py
[2024-12-13T11:13:46.235+0000] {processor.py:914} INFO - Processing file /opt/bitnami/airflow/venv/lib/python3.12/site-packages/airflow/example_dags/example_time_delta_sensor_async.py for tasks to queue
[2024-12-13T11:13:46.238+0000] {logging_mixin.py:190} INFO - [2024-12-13T11:13:46.238+0000] {dagbag.py:588} INFO - Filling up the DagBag from /opt/bitnami/airflow/venv/lib/python3.12/site-packages/airflow/example_dags/example_time_delta_sensor_async.py
[2024-12-13T11:13:46.245+0000] {processor.py:925} INFO - DAG(s) 'example_time_delta_sensor_async' retrieved from /opt/bitnami/airflow/venv/lib/python3.12/site-packages/airflow/example_dags/example_time_delta_sensor_async.py
[2024-12-13T11:13:46.355+0000] {logging_mixin.py:190} INFO - [2024-12-13T11:13:46.354+0000] {dag.py:3239} INFO - Sync 1 DAGs
[2024-12-13T11:13:46.401+0000] {logging_mixin.py:190} INFO - [2024-12-13T11:13:46.401+0000] {dag.py:4180} INFO - Setting next_dagrun for example_time_delta_sensor_async to None, run_after=None
[2024-12-13T11:13:46.438+0000] {processor.py:208} INFO - Processing /opt/bitnami/airflow/venv/lib/python3.12/site-packages/airflow/example_dags/example_time_delta_sensor_async.py took 0.209 seconds
[2024-12-13T11:14:16.546+0000] {processor.py:186} INFO - Started process (PID=150) to work on /opt/bitnami/airflow/venv/lib/python3.12/site-packages/airflow/example_dags/example_time_delta_sensor_async.py
[2024-12-13T11:14:16.547+0000] {processor.py:914} INFO - Processing file /opt/bitnami/airflow/venv/lib/python3.12/site-packages/airflow/example_dags/example_time_delta_sensor_async.py for tasks to queue
[2024-12-13T11:14:16.549+0000] {logging_mixin.py:190} INFO - [2024-12-13T11:14:16.549+0000] {dagbag.py:588} INFO - Filling up the DagBag from /opt/bitnami/airflow/venv/lib/python3.12/site-packages/airflow/example_dags/example_time_delta_sensor_async.py
[2024-12-13T11:14:16.553+0000] {processor.py:925} INFO - DAG(s) 'example_time_delta_sensor_async' retrieved from /opt/bitnami/airflow/venv/lib/python3.12/site-packages/airflow/example_dags/example_time_delta_sensor_async.py
[2024-12-13T11:14:16.582+0000] {logging_mixin.py:190} INFO - [2024-12-13T11:14:16.581+0000] {dag.py:3239} INFO - Sync 1 DAGs
[2024-12-13T11:14:16.599+0000] {logging_mixin.py:190} INFO - [2024-12-13T11:14:16.599+0000] {dag.py:4180} INFO - Setting next_dagrun for example_time_delta_sensor_async to None, run_after=None
[2024-12-13T11:14:16.619+0000] {processor.py:208} INFO - Processing /opt/bitnami/airflow/venv/lib/python3.12/site-packages/airflow/example_dags/example_time_delta_sensor_async.py took 0.079 seconds
[2024-12-13T11:14:51.966+0000] {processor.py:186} INFO - Started process (PID=207) to work on /opt/bitnami/airflow/venv/lib/python3.12/site-packages/airflow/example_dags/example_time_delta_sensor_async.py
[2024-12-13T11:14:51.967+0000] {processor.py:914} INFO - Processing file /opt/bitnami/airflow/venv/lib/python3.12/site-packages/airflow/example_dags/example_time_delta_sensor_async.py for tasks to queue
[2024-12-13T11:14:51.970+0000] {logging_mixin.py:190} INFO - [2024-12-13T11:14:51.970+0000] {dagbag.py:588} INFO - Filling up the DagBag from /opt/bitnami/airflow/venv/lib/python3.12/site-packages/airflow/example_dags/example_time_delta_sensor_async.py
[2024-12-13T11:14:51.975+0000] {processor.py:925} INFO - DAG(s) 'example_time_delta_sensor_async' retrieved from /opt/bitnami/airflow/venv/lib/python3.12/site-packages/airflow/example_dags/example_time_delta_sensor_async.py
[2024-12-13T11:14:52.138+0000] {logging_mixin.py:190} INFO - [2024-12-13T11:14:52.136+0000] {dag.py:3239} INFO - Sync 1 DAGs
[2024-12-13T11:14:52.178+0000] {logging_mixin.py:190} INFO - [2024-12-13T11:14:52.177+0000] {dag.py:4180} INFO - Setting next_dagrun for example_time_delta_sensor_async to None, run_after=None
[2024-12-13T11:14:52.219+0000] {processor.py:208} INFO - Processing /opt/bitnami/airflow/venv/lib/python3.12/site-packages/airflow/example_dags/example_time_delta_sensor_async.py took 0.259 seconds
[2024-12-13T11:15:22.467+0000] {processor.py:186} INFO - Started process (PID=264) to work on /opt/bitnami/airflow/venv/lib/python3.12/site-packages/airflow/example_dags/example_time_delta_sensor_async.py
[2024-12-13T11:15:22.469+0000] {processor.py:914} INFO - Processing file /opt/bitnami/airflow/venv/lib/python3.12/site-packages/airflow/example_dags/example_time_delta_sensor_async.py for tasks to queue
[2024-12-13T11:15:22.473+0000] {logging_mixin.py:190} INFO - [2024-12-13T11:15:22.473+0000] {dagbag.py:588} INFO - Filling up the DagBag from /opt/bitnami/airflow/venv/lib/python3.12/site-packages/airflow/example_dags/example_time_delta_sensor_async.py
[2024-12-13T11:15:22.479+0000] {processor.py:925} INFO - DAG(s) 'example_time_delta_sensor_async' retrieved from /opt/bitnami/airflow/venv/lib/python3.12/site-packages/airflow/example_dags/example_time_delta_sensor_async.py
[2024-12-13T11:15:22.564+0000] {logging_mixin.py:190} INFO - [2024-12-13T11:15:22.564+0000] {dag.py:3239} INFO - Sync 1 DAGs
[2024-12-13T11:15:22.610+0000] {logging_mixin.py:190} INFO - [2024-12-13T11:15:22.610+0000] {dag.py:4180} INFO - Setting next_dagrun for example_time_delta_sensor_async to None, run_after=None
[2024-12-13T11:15:22.664+0000] {processor.py:208} INFO - Processing /opt/bitnami/airflow/venv/lib/python3.12/site-packages/airflow/example_dags/example_time_delta_sensor_async.py took 0.206 seconds
[2024-12-13T11:57:10.101+0000] {processor.py:186} INFO - Started process (PID=93) to work on /opt/bitnami/airflow/venv/lib/python3.12/site-packages/airflow/example_dags/example_time_delta_sensor_async.py
[2024-12-13T11:57:10.102+0000] {processor.py:914} INFO - Processing file /opt/bitnami/airflow/venv/lib/python3.12/site-packages/airflow/example_dags/example_time_delta_sensor_async.py for tasks to queue
[2024-12-13T11:57:10.104+0000] {logging_mixin.py:190} INFO - [2024-12-13T11:57:10.104+0000] {dagbag.py:588} INFO - Filling up the DagBag from /opt/bitnami/airflow/venv/lib/python3.12/site-packages/airflow/example_dags/example_time_delta_sensor_async.py
[2024-12-13T11:57:10.108+0000] {processor.py:925} INFO - DAG(s) 'example_time_delta_sensor_async' retrieved from /opt/bitnami/airflow/venv/lib/python3.12/site-packages/airflow/example_dags/example_time_delta_sensor_async.py
[2024-12-13T11:57:10.133+0000] {logging_mixin.py:190} INFO - [2024-12-13T11:57:10.133+0000] {dag.py:3239} INFO - Sync 1 DAGs
[2024-12-13T11:57:10.149+0000] {logging_mixin.py:190} INFO - [2024-12-13T11:57:10.149+0000] {dag.py:4180} INFO - Setting next_dagrun for example_time_delta_sensor_async to None, run_after=None
[2024-12-13T11:57:10.167+0000] {processor.py:208} INFO - Processing /opt/bitnami/airflow/venv/lib/python3.12/site-packages/airflow/example_dags/example_time_delta_sensor_async.py took 0.070 seconds
[2024-12-13T11:57:41.847+0000] {processor.py:186} INFO - Started process (PID=150) to work on /opt/bitnami/airflow/venv/lib/python3.12/site-packages/airflow/example_dags/example_time_delta_sensor_async.py
[2024-12-13T11:57:41.848+0000] {processor.py:914} INFO - Processing file /opt/bitnami/airflow/venv/lib/python3.12/site-packages/airflow/example_dags/example_time_delta_sensor_async.py for tasks to queue
[2024-12-13T11:57:41.850+0000] {logging_mixin.py:190} INFO - [2024-12-13T11:57:41.849+0000] {dagbag.py:588} INFO - Filling up the DagBag from /opt/bitnami/airflow/venv/lib/python3.12/site-packages/airflow/example_dags/example_time_delta_sensor_async.py
[2024-12-13T11:57:41.853+0000] {processor.py:925} INFO - DAG(s) 'example_time_delta_sensor_async' retrieved from /opt/bitnami/airflow/venv/lib/python3.12/site-packages/airflow/example_dags/example_time_delta_sensor_async.py
[2024-12-13T11:57:41.887+0000] {logging_mixin.py:190} INFO - [2024-12-13T11:57:41.887+0000] {dag.py:3239} INFO - Sync 1 DAGs
[2024-12-13T11:57:41.906+0000] {logging_mixin.py:190} INFO - [2024-12-13T11:57:41.906+0000] {dag.py:4180} INFO - Setting next_dagrun for example_time_delta_sensor_async to None, run_after=None
[2024-12-13T11:57:41.926+0000] {processor.py:208} INFO - Processing /opt/bitnami/airflow/venv/lib/python3.12/site-packages/airflow/example_dags/example_time_delta_sensor_async.py took 0.084 seconds
[2024-12-13T11:58:36.131+0000] {processor.py:186} INFO - Started process (PID=93) to work on /opt/bitnami/airflow/venv/lib/python3.12/site-packages/airflow/example_dags/example_time_delta_sensor_async.py
[2024-12-13T11:58:36.133+0000] {processor.py:914} INFO - Processing file /opt/bitnami/airflow/venv/lib/python3.12/site-packages/airflow/example_dags/example_time_delta_sensor_async.py for tasks to queue
[2024-12-13T11:58:36.135+0000] {logging_mixin.py:190} INFO - [2024-12-13T11:58:36.134+0000] {dagbag.py:588} INFO - Filling up the DagBag from /opt/bitnami/airflow/venv/lib/python3.12/site-packages/airflow/example_dags/example_time_delta_sensor_async.py
[2024-12-13T11:58:36.138+0000] {processor.py:925} INFO - DAG(s) 'example_time_delta_sensor_async' retrieved from /opt/bitnami/airflow/venv/lib/python3.12/site-packages/airflow/example_dags/example_time_delta_sensor_async.py
[2024-12-13T11:58:36.173+0000] {logging_mixin.py:190} INFO - [2024-12-13T11:58:36.173+0000] {dag.py:3239} INFO - Sync 1 DAGs
[2024-12-13T11:58:36.195+0000] {logging_mixin.py:190} INFO - [2024-12-13T11:58:36.195+0000] {dag.py:4180} INFO - Setting next_dagrun for example_time_delta_sensor_async to None, run_after=None
[2024-12-13T11:58:36.219+0000] {processor.py:208} INFO - Processing /opt/bitnami/airflow/venv/lib/python3.12/site-packages/airflow/example_dags/example_time_delta_sensor_async.py took 0.092 seconds
[2024-12-13T11:59:07.603+0000] {processor.py:186} INFO - Started process (PID=150) to work on /opt/bitnami/airflow/venv/lib/python3.12/site-packages/airflow/example_dags/example_time_delta_sensor_async.py
[2024-12-13T11:59:07.604+0000] {processor.py:914} INFO - Processing file /opt/bitnami/airflow/venv/lib/python3.12/site-packages/airflow/example_dags/example_time_delta_sensor_async.py for tasks to queue
[2024-12-13T11:59:07.606+0000] {logging_mixin.py:190} INFO - [2024-12-13T11:59:07.606+0000] {dagbag.py:588} INFO - Filling up the DagBag from /opt/bitnami/airflow/venv/lib/python3.12/site-packages/airflow/example_dags/example_time_delta_sensor_async.py
[2024-12-13T11:59:07.611+0000] {processor.py:925} INFO - DAG(s) 'example_time_delta_sensor_async' retrieved from /opt/bitnami/airflow/venv/lib/python3.12/site-packages/airflow/example_dags/example_time_delta_sensor_async.py
[2024-12-13T11:59:07.648+0000] {logging_mixin.py:190} INFO - [2024-12-13T11:59:07.647+0000] {dag.py:3239} INFO - Sync 1 DAGs
[2024-12-13T11:59:07.676+0000] {logging_mixin.py:190} INFO - [2024-12-13T11:59:07.676+0000] {dag.py:4180} INFO - Setting next_dagrun for example_time_delta_sensor_async to None, run_after=None
[2024-12-13T11:59:07.703+0000] {processor.py:208} INFO - Processing /opt/bitnami/airflow/venv/lib/python3.12/site-packages/airflow/example_dags/example_time_delta_sensor_async.py took 0.105 seconds
[2024-12-13T11:59:39.107+0000] {processor.py:186} INFO - Started process (PID=207) to work on /opt/bitnami/airflow/venv/lib/python3.12/site-packages/airflow/example_dags/example_time_delta_sensor_async.py
[2024-12-13T11:59:39.108+0000] {processor.py:914} INFO - Processing file /opt/bitnami/airflow/venv/lib/python3.12/site-packages/airflow/example_dags/example_time_delta_sensor_async.py for tasks to queue
[2024-12-13T11:59:39.110+0000] {logging_mixin.py:190} INFO - [2024-12-13T11:59:39.110+0000] {dagbag.py:588} INFO - Filling up the DagBag from /opt/bitnami/airflow/venv/lib/python3.12/site-packages/airflow/example_dags/example_time_delta_sensor_async.py
[2024-12-13T11:59:39.114+0000] {processor.py:925} INFO - DAG(s) 'example_time_delta_sensor_async' retrieved from /opt/bitnami/airflow/venv/lib/python3.12/site-packages/airflow/example_dags/example_time_delta_sensor_async.py
[2024-12-13T11:59:39.196+0000] {logging_mixin.py:190} INFO - [2024-12-13T11:59:39.196+0000] {dag.py:3239} INFO - Sync 1 DAGs
[2024-12-13T11:59:39.214+0000] {logging_mixin.py:190} INFO - [2024-12-13T11:59:39.214+0000] {dag.py:4180} INFO - Setting next_dagrun for example_time_delta_sensor_async to None, run_after=None
[2024-12-13T11:59:39.238+0000] {processor.py:208} INFO - Processing /opt/bitnami/airflow/venv/lib/python3.12/site-packages/airflow/example_dags/example_time_delta_sensor_async.py took 0.136 seconds
[2024-12-13T12:00:09.542+0000] {processor.py:186} INFO - Started process (PID=264) to work on /opt/bitnami/airflow/venv/lib/python3.12/site-packages/airflow/example_dags/example_time_delta_sensor_async.py
[2024-12-13T12:00:09.543+0000] {processor.py:914} INFO - Processing file /opt/bitnami/airflow/venv/lib/python3.12/site-packages/airflow/example_dags/example_time_delta_sensor_async.py for tasks to queue
[2024-12-13T12:00:09.545+0000] {logging_mixin.py:190} INFO - [2024-12-13T12:00:09.545+0000] {dagbag.py:588} INFO - Filling up the DagBag from /opt/bitnami/airflow/venv/lib/python3.12/site-packages/airflow/example_dags/example_time_delta_sensor_async.py
[2024-12-13T12:00:09.549+0000] {processor.py:925} INFO - DAG(s) 'example_time_delta_sensor_async' retrieved from /opt/bitnami/airflow/venv/lib/python3.12/site-packages/airflow/example_dags/example_time_delta_sensor_async.py
[2024-12-13T12:00:09.579+0000] {logging_mixin.py:190} INFO - [2024-12-13T12:00:09.579+0000] {dag.py:3239} INFO - Sync 1 DAGs
[2024-12-13T12:00:09.595+0000] {logging_mixin.py:190} INFO - [2024-12-13T12:00:09.595+0000] {dag.py:4180} INFO - Setting next_dagrun for example_time_delta_sensor_async to None, run_after=None
[2024-12-13T12:00:09.613+0000] {processor.py:208} INFO - Processing /opt/bitnami/airflow/venv/lib/python3.12/site-packages/airflow/example_dags/example_time_delta_sensor_async.py took 0.076 seconds
[2024-12-13T12:00:40.331+0000] {processor.py:186} INFO - Started process (PID=321) to work on /opt/bitnami/airflow/venv/lib/python3.12/site-packages/airflow/example_dags/example_time_delta_sensor_async.py
[2024-12-13T12:00:40.332+0000] {processor.py:914} INFO - Processing file /opt/bitnami/airflow/venv/lib/python3.12/site-packages/airflow/example_dags/example_time_delta_sensor_async.py for tasks to queue
[2024-12-13T12:00:40.334+0000] {logging_mixin.py:190} INFO - [2024-12-13T12:00:40.334+0000] {dagbag.py:588} INFO - Filling up the DagBag from /opt/bitnami/airflow/venv/lib/python3.12/site-packages/airflow/example_dags/example_time_delta_sensor_async.py
[2024-12-13T12:00:40.338+0000] {processor.py:925} INFO - DAG(s) 'example_time_delta_sensor_async' retrieved from /opt/bitnami/airflow/venv/lib/python3.12/site-packages/airflow/example_dags/example_time_delta_sensor_async.py
[2024-12-13T12:00:40.364+0000] {logging_mixin.py:190} INFO - [2024-12-13T12:00:40.363+0000] {dag.py:3239} INFO - Sync 1 DAGs
[2024-12-13T12:00:40.379+0000] {logging_mixin.py:190} INFO - [2024-12-13T12:00:40.379+0000] {dag.py:4180} INFO - Setting next_dagrun for example_time_delta_sensor_async to None, run_after=None
[2024-12-13T12:00:40.399+0000] {processor.py:208} INFO - Processing /opt/bitnami/airflow/venv/lib/python3.12/site-packages/airflow/example_dags/example_time_delta_sensor_async.py took 0.073 seconds
[2024-12-13T12:01:10.929+0000] {processor.py:186} INFO - Started process (PID=378) to work on /opt/bitnami/airflow/venv/lib/python3.12/site-packages/airflow/example_dags/example_time_delta_sensor_async.py
[2024-12-13T12:01:10.930+0000] {processor.py:914} INFO - Processing file /opt/bitnami/airflow/venv/lib/python3.12/site-packages/airflow/example_dags/example_time_delta_sensor_async.py for tasks to queue
[2024-12-13T12:01:10.932+0000] {logging_mixin.py:190} INFO - [2024-12-13T12:01:10.932+0000] {dagbag.py:588} INFO - Filling up the DagBag from /opt/bitnami/airflow/venv/lib/python3.12/site-packages/airflow/example_dags/example_time_delta_sensor_async.py
[2024-12-13T12:01:10.936+0000] {processor.py:925} INFO - DAG(s) 'example_time_delta_sensor_async' retrieved from /opt/bitnami/airflow/venv/lib/python3.12/site-packages/airflow/example_dags/example_time_delta_sensor_async.py
[2024-12-13T12:01:10.968+0000] {logging_mixin.py:190} INFO - [2024-12-13T12:01:10.968+0000] {dag.py:3239} INFO - Sync 1 DAGs
[2024-12-13T12:01:10.988+0000] {logging_mixin.py:190} INFO - [2024-12-13T12:01:10.988+0000] {dag.py:4180} INFO - Setting next_dagrun for example_time_delta_sensor_async to None, run_after=None
[2024-12-13T12:01:11.012+0000] {processor.py:208} INFO - Processing /opt/bitnami/airflow/venv/lib/python3.12/site-packages/airflow/example_dags/example_time_delta_sensor_async.py took 0.087 seconds
[2024-12-13T12:01:41.869+0000] {processor.py:186} INFO - Started process (PID=435) to work on /opt/bitnami/airflow/venv/lib/python3.12/site-packages/airflow/example_dags/example_time_delta_sensor_async.py
[2024-12-13T12:01:41.870+0000] {processor.py:914} INFO - Processing file /opt/bitnami/airflow/venv/lib/python3.12/site-packages/airflow/example_dags/example_time_delta_sensor_async.py for tasks to queue
[2024-12-13T12:01:41.872+0000] {logging_mixin.py:190} INFO - [2024-12-13T12:01:41.872+0000] {dagbag.py:588} INFO - Filling up the DagBag from /opt/bitnami/airflow/venv/lib/python3.12/site-packages/airflow/example_dags/example_time_delta_sensor_async.py
[2024-12-13T12:01:41.875+0000] {processor.py:925} INFO - DAG(s) 'example_time_delta_sensor_async' retrieved from /opt/bitnami/airflow/venv/lib/python3.12/site-packages/airflow/example_dags/example_time_delta_sensor_async.py
[2024-12-13T12:01:41.905+0000] {logging_mixin.py:190} INFO - [2024-12-13T12:01:41.905+0000] {dag.py:3239} INFO - Sync 1 DAGs
[2024-12-13T12:01:41.922+0000] {logging_mixin.py:190} INFO - [2024-12-13T12:01:41.922+0000] {dag.py:4180} INFO - Setting next_dagrun for example_time_delta_sensor_async to None, run_after=None
[2024-12-13T12:01:41.940+0000] {processor.py:208} INFO - Processing /opt/bitnami/airflow/venv/lib/python3.12/site-packages/airflow/example_dags/example_time_delta_sensor_async.py took 0.076 seconds
[2024-12-13T12:02:12.331+0000] {processor.py:186} INFO - Started process (PID=492) to work on /opt/bitnami/airflow/venv/lib/python3.12/site-packages/airflow/example_dags/example_time_delta_sensor_async.py
[2024-12-13T12:02:12.332+0000] {processor.py:914} INFO - Processing file /opt/bitnami/airflow/venv/lib/python3.12/site-packages/airflow/example_dags/example_time_delta_sensor_async.py for tasks to queue
[2024-12-13T12:02:12.334+0000] {logging_mixin.py:190} INFO - [2024-12-13T12:02:12.333+0000] {dagbag.py:588} INFO - Filling up the DagBag from /opt/bitnami/airflow/venv/lib/python3.12/site-packages/airflow/example_dags/example_time_delta_sensor_async.py
[2024-12-13T12:02:12.338+0000] {processor.py:925} INFO - DAG(s) 'example_time_delta_sensor_async' retrieved from /opt/bitnami/airflow/venv/lib/python3.12/site-packages/airflow/example_dags/example_time_delta_sensor_async.py
[2024-12-13T12:02:12.368+0000] {logging_mixin.py:190} INFO - [2024-12-13T12:02:12.367+0000] {dag.py:3239} INFO - Sync 1 DAGs
[2024-12-13T12:02:12.385+0000] {logging_mixin.py:190} INFO - [2024-12-13T12:02:12.385+0000] {dag.py:4180} INFO - Setting next_dagrun for example_time_delta_sensor_async to None, run_after=None
[2024-12-13T12:02:12.404+0000] {processor.py:208} INFO - Processing /opt/bitnami/airflow/venv/lib/python3.12/site-packages/airflow/example_dags/example_time_delta_sensor_async.py took 0.078 seconds
