[2024-12-13T08:19:43.236+0000] {processor.py:186} INFO - Started process (PID=50) to work on /opt/bitnami/airflow/venv/lib/python3.12/site-packages/airflow/example_dags/example_external_task_marker_dag.py
[2024-12-13T08:19:43.238+0000] {processor.py:914} INFO - Processing file /opt/bitnami/airflow/venv/lib/python3.12/site-packages/airflow/example_dags/example_external_task_marker_dag.py for tasks to queue
[2024-12-13T08:19:43.241+0000] {logging_mixin.py:190} INFO - [2024-12-13T08:19:43.240+0000] {dagbag.py:588} INFO - Filling up the DagBag from /opt/bitnami/airflow/venv/lib/python3.12/site-packages/airflow/example_dags/example_external_task_marker_dag.py
[2024-12-13T08:19:43.246+0000] {processor.py:925} INFO - DAG(s) 'example_external_task_marker_parent', 'example_external_task_marker_child' retrieved from /opt/bitnami/airflow/venv/lib/python3.12/site-packages/airflow/example_dags/example_external_task_marker_dag.py
[2024-12-13T08:19:43.298+0000] {logging_mixin.py:190} INFO - [2024-12-13T08:19:43.298+0000] {dag.py:3239} INFO - Sync 2 DAGs
[2024-12-13T08:19:43.324+0000] {logging_mixin.py:190} INFO - [2024-12-13T08:19:43.324+0000] {dag.py:4180} INFO - Setting next_dagrun for example_external_task_marker_child to None, run_after=None
[2024-12-13T08:19:43.329+0000] {logging_mixin.py:190} INFO - [2024-12-13T08:19:43.329+0000] {dag.py:4180} INFO - Setting next_dagrun for example_external_task_marker_parent to None, run_after=None
[2024-12-13T08:19:43.347+0000] {processor.py:208} INFO - Processing /opt/bitnami/airflow/venv/lib/python3.12/site-packages/airflow/example_dags/example_external_task_marker_dag.py took 0.116 seconds
[2024-12-13T08:20:13.931+0000] {processor.py:186} INFO - Started process (PID=107) to work on /opt/bitnami/airflow/venv/lib/python3.12/site-packages/airflow/example_dags/example_external_task_marker_dag.py
[2024-12-13T08:20:13.932+0000] {processor.py:914} INFO - Processing file /opt/bitnami/airflow/venv/lib/python3.12/site-packages/airflow/example_dags/example_external_task_marker_dag.py for tasks to queue
[2024-12-13T08:20:13.934+0000] {logging_mixin.py:190} INFO - [2024-12-13T08:20:13.934+0000] {dagbag.py:588} INFO - Filling up the DagBag from /opt/bitnami/airflow/venv/lib/python3.12/site-packages/airflow/example_dags/example_external_task_marker_dag.py
[2024-12-13T08:20:13.939+0000] {processor.py:925} INFO - DAG(s) 'example_external_task_marker_parent', 'example_external_task_marker_child' retrieved from /opt/bitnami/airflow/venv/lib/python3.12/site-packages/airflow/example_dags/example_external_task_marker_dag.py
[2024-12-13T08:20:13.969+0000] {logging_mixin.py:190} INFO - [2024-12-13T08:20:13.969+0000] {dag.py:3239} INFO - Sync 2 DAGs
[2024-12-13T08:20:13.990+0000] {logging_mixin.py:190} INFO - [2024-12-13T08:20:13.990+0000] {dag.py:4180} INFO - Setting next_dagrun for example_external_task_marker_child to None, run_after=None
[2024-12-13T08:20:13.995+0000] {logging_mixin.py:190} INFO - [2024-12-13T08:20:13.995+0000] {dag.py:4180} INFO - Setting next_dagrun for example_external_task_marker_parent to None, run_after=None
[2024-12-13T08:20:14.012+0000] {processor.py:208} INFO - Processing /opt/bitnami/airflow/venv/lib/python3.12/site-packages/airflow/example_dags/example_external_task_marker_dag.py took 0.086 seconds
[2024-12-13T08:20:44.201+0000] {processor.py:186} INFO - Started process (PID=164) to work on /opt/bitnami/airflow/venv/lib/python3.12/site-packages/airflow/example_dags/example_external_task_marker_dag.py
[2024-12-13T08:20:44.203+0000] {processor.py:914} INFO - Processing file /opt/bitnami/airflow/venv/lib/python3.12/site-packages/airflow/example_dags/example_external_task_marker_dag.py for tasks to queue
[2024-12-13T08:20:44.206+0000] {logging_mixin.py:190} INFO - [2024-12-13T08:20:44.205+0000] {dagbag.py:588} INFO - Filling up the DagBag from /opt/bitnami/airflow/venv/lib/python3.12/site-packages/airflow/example_dags/example_external_task_marker_dag.py
[2024-12-13T08:20:44.213+0000] {processor.py:925} INFO - DAG(s) 'example_external_task_marker_child', 'example_external_task_marker_parent' retrieved from /opt/bitnami/airflow/venv/lib/python3.12/site-packages/airflow/example_dags/example_external_task_marker_dag.py
[2024-12-13T08:20:44.261+0000] {logging_mixin.py:190} INFO - [2024-12-13T08:20:44.261+0000] {dag.py:3239} INFO - Sync 2 DAGs
[2024-12-13T08:20:44.291+0000] {logging_mixin.py:190} INFO - [2024-12-13T08:20:44.289+0000] {dag.py:4180} INFO - Setting next_dagrun for example_external_task_marker_child to None, run_after=None
[2024-12-13T08:20:44.296+0000] {logging_mixin.py:190} INFO - [2024-12-13T08:20:44.296+0000] {dag.py:4180} INFO - Setting next_dagrun for example_external_task_marker_parent to None, run_after=None
[2024-12-13T08:20:44.324+0000] {processor.py:208} INFO - Processing /opt/bitnami/airflow/venv/lib/python3.12/site-packages/airflow/example_dags/example_external_task_marker_dag.py took 0.129 seconds
[2024-12-13T08:21:14.732+0000] {processor.py:186} INFO - Started process (PID=221) to work on /opt/bitnami/airflow/venv/lib/python3.12/site-packages/airflow/example_dags/example_external_task_marker_dag.py
[2024-12-13T08:21:14.733+0000] {processor.py:914} INFO - Processing file /opt/bitnami/airflow/venv/lib/python3.12/site-packages/airflow/example_dags/example_external_task_marker_dag.py for tasks to queue
[2024-12-13T08:21:14.735+0000] {logging_mixin.py:190} INFO - [2024-12-13T08:21:14.735+0000] {dagbag.py:588} INFO - Filling up the DagBag from /opt/bitnami/airflow/venv/lib/python3.12/site-packages/airflow/example_dags/example_external_task_marker_dag.py
[2024-12-13T08:21:14.741+0000] {processor.py:925} INFO - DAG(s) 'example_external_task_marker_parent', 'example_external_task_marker_child' retrieved from /opt/bitnami/airflow/venv/lib/python3.12/site-packages/airflow/example_dags/example_external_task_marker_dag.py
[2024-12-13T08:21:14.833+0000] {logging_mixin.py:190} INFO - [2024-12-13T08:21:14.833+0000] {dag.py:3239} INFO - Sync 2 DAGs
[2024-12-13T08:21:14.854+0000] {logging_mixin.py:190} INFO - [2024-12-13T08:21:14.854+0000] {dag.py:4180} INFO - Setting next_dagrun for example_external_task_marker_child to None, run_after=None
[2024-12-13T08:21:14.859+0000] {logging_mixin.py:190} INFO - [2024-12-13T08:21:14.859+0000] {dag.py:4180} INFO - Setting next_dagrun for example_external_task_marker_parent to None, run_after=None
[2024-12-13T08:21:14.884+0000] {processor.py:208} INFO - Processing /opt/bitnami/airflow/venv/lib/python3.12/site-packages/airflow/example_dags/example_external_task_marker_dag.py took 0.158 seconds
[2024-12-13T08:21:45.936+0000] {processor.py:186} INFO - Started process (PID=278) to work on /opt/bitnami/airflow/venv/lib/python3.12/site-packages/airflow/example_dags/example_external_task_marker_dag.py
[2024-12-13T08:21:45.938+0000] {processor.py:914} INFO - Processing file /opt/bitnami/airflow/venv/lib/python3.12/site-packages/airflow/example_dags/example_external_task_marker_dag.py for tasks to queue
[2024-12-13T08:21:45.940+0000] {logging_mixin.py:190} INFO - [2024-12-13T08:21:45.940+0000] {dagbag.py:588} INFO - Filling up the DagBag from /opt/bitnami/airflow/venv/lib/python3.12/site-packages/airflow/example_dags/example_external_task_marker_dag.py
[2024-12-13T08:21:45.948+0000] {processor.py:925} INFO - DAG(s) 'example_external_task_marker_parent', 'example_external_task_marker_child' retrieved from /opt/bitnami/airflow/venv/lib/python3.12/site-packages/airflow/example_dags/example_external_task_marker_dag.py
[2024-12-13T08:21:46.002+0000] {logging_mixin.py:190} INFO - [2024-12-13T08:21:46.002+0000] {dag.py:3239} INFO - Sync 2 DAGs
[2024-12-13T08:21:46.036+0000] {logging_mixin.py:190} INFO - [2024-12-13T08:21:46.036+0000] {dag.py:4180} INFO - Setting next_dagrun for example_external_task_marker_child to None, run_after=None
[2024-12-13T08:21:46.045+0000] {logging_mixin.py:190} INFO - [2024-12-13T08:21:46.044+0000] {dag.py:4180} INFO - Setting next_dagrun for example_external_task_marker_parent to None, run_after=None
[2024-12-13T08:21:46.079+0000] {processor.py:208} INFO - Processing /opt/bitnami/airflow/venv/lib/python3.12/site-packages/airflow/example_dags/example_external_task_marker_dag.py took 0.149 seconds
[2024-12-13T08:22:16.741+0000] {processor.py:186} INFO - Started process (PID=335) to work on /opt/bitnami/airflow/venv/lib/python3.12/site-packages/airflow/example_dags/example_external_task_marker_dag.py
[2024-12-13T08:22:16.742+0000] {processor.py:914} INFO - Processing file /opt/bitnami/airflow/venv/lib/python3.12/site-packages/airflow/example_dags/example_external_task_marker_dag.py for tasks to queue
[2024-12-13T08:22:16.744+0000] {logging_mixin.py:190} INFO - [2024-12-13T08:22:16.744+0000] {dagbag.py:588} INFO - Filling up the DagBag from /opt/bitnami/airflow/venv/lib/python3.12/site-packages/airflow/example_dags/example_external_task_marker_dag.py
[2024-12-13T08:22:16.750+0000] {processor.py:925} INFO - DAG(s) 'example_external_task_marker_child', 'example_external_task_marker_parent' retrieved from /opt/bitnami/airflow/venv/lib/python3.12/site-packages/airflow/example_dags/example_external_task_marker_dag.py
[2024-12-13T08:22:16.784+0000] {logging_mixin.py:190} INFO - [2024-12-13T08:22:16.783+0000] {dag.py:3239} INFO - Sync 2 DAGs
[2024-12-13T08:22:16.802+0000] {logging_mixin.py:190} INFO - [2024-12-13T08:22:16.801+0000] {dag.py:4180} INFO - Setting next_dagrun for example_external_task_marker_child to None, run_after=None
[2024-12-13T08:22:16.806+0000] {logging_mixin.py:190} INFO - [2024-12-13T08:22:16.806+0000] {dag.py:4180} INFO - Setting next_dagrun for example_external_task_marker_parent to None, run_after=None
[2024-12-13T08:22:16.825+0000] {processor.py:208} INFO - Processing /opt/bitnami/airflow/venv/lib/python3.12/site-packages/airflow/example_dags/example_external_task_marker_dag.py took 0.089 seconds
[2024-12-13T08:22:47.691+0000] {processor.py:186} INFO - Started process (PID=392) to work on /opt/bitnami/airflow/venv/lib/python3.12/site-packages/airflow/example_dags/example_external_task_marker_dag.py
[2024-12-13T08:22:47.692+0000] {processor.py:914} INFO - Processing file /opt/bitnami/airflow/venv/lib/python3.12/site-packages/airflow/example_dags/example_external_task_marker_dag.py for tasks to queue
[2024-12-13T08:22:47.694+0000] {logging_mixin.py:190} INFO - [2024-12-13T08:22:47.694+0000] {dagbag.py:588} INFO - Filling up the DagBag from /opt/bitnami/airflow/venv/lib/python3.12/site-packages/airflow/example_dags/example_external_task_marker_dag.py
[2024-12-13T08:22:47.699+0000] {processor.py:925} INFO - DAG(s) 'example_external_task_marker_parent', 'example_external_task_marker_child' retrieved from /opt/bitnami/airflow/venv/lib/python3.12/site-packages/airflow/example_dags/example_external_task_marker_dag.py
[2024-12-13T08:22:47.730+0000] {logging_mixin.py:190} INFO - [2024-12-13T08:22:47.729+0000] {dag.py:3239} INFO - Sync 2 DAGs
[2024-12-13T08:22:47.748+0000] {logging_mixin.py:190} INFO - [2024-12-13T08:22:47.748+0000] {dag.py:4180} INFO - Setting next_dagrun for example_external_task_marker_child to None, run_after=None
[2024-12-13T08:22:47.752+0000] {logging_mixin.py:190} INFO - [2024-12-13T08:22:47.752+0000] {dag.py:4180} INFO - Setting next_dagrun for example_external_task_marker_parent to None, run_after=None
[2024-12-13T08:22:47.770+0000] {processor.py:208} INFO - Processing /opt/bitnami/airflow/venv/lib/python3.12/site-packages/airflow/example_dags/example_external_task_marker_dag.py took 0.083 seconds
[2024-12-13T08:25:44.408+0000] {processor.py:186} INFO - Started process (PID=50) to work on /opt/bitnami/airflow/venv/lib/python3.12/site-packages/airflow/example_dags/example_external_task_marker_dag.py
[2024-12-13T08:25:44.409+0000] {processor.py:914} INFO - Processing file /opt/bitnami/airflow/venv/lib/python3.12/site-packages/airflow/example_dags/example_external_task_marker_dag.py for tasks to queue
[2024-12-13T08:25:44.412+0000] {logging_mixin.py:190} INFO - [2024-12-13T08:25:44.412+0000] {dagbag.py:588} INFO - Filling up the DagBag from /opt/bitnami/airflow/venv/lib/python3.12/site-packages/airflow/example_dags/example_external_task_marker_dag.py
[2024-12-13T08:25:44.418+0000] {processor.py:925} INFO - DAG(s) 'example_external_task_marker_child', 'example_external_task_marker_parent' retrieved from /opt/bitnami/airflow/venv/lib/python3.12/site-packages/airflow/example_dags/example_external_task_marker_dag.py
[2024-12-13T08:25:44.460+0000] {logging_mixin.py:190} INFO - [2024-12-13T08:25:44.459+0000] {dag.py:3239} INFO - Sync 2 DAGs
[2024-12-13T08:25:44.485+0000] {logging_mixin.py:190} INFO - [2024-12-13T08:25:44.484+0000] {dag.py:4180} INFO - Setting next_dagrun for example_external_task_marker_child to None, run_after=None
[2024-12-13T08:25:44.489+0000] {logging_mixin.py:190} INFO - [2024-12-13T08:25:44.489+0000] {dag.py:4180} INFO - Setting next_dagrun for example_external_task_marker_parent to None, run_after=None
[2024-12-13T08:25:44.510+0000] {processor.py:208} INFO - Processing /opt/bitnami/airflow/venv/lib/python3.12/site-packages/airflow/example_dags/example_external_task_marker_dag.py took 0.107 seconds
[2024-12-13T08:26:15.159+0000] {processor.py:186} INFO - Started process (PID=107) to work on /opt/bitnami/airflow/venv/lib/python3.12/site-packages/airflow/example_dags/example_external_task_marker_dag.py
[2024-12-13T08:26:15.160+0000] {processor.py:914} INFO - Processing file /opt/bitnami/airflow/venv/lib/python3.12/site-packages/airflow/example_dags/example_external_task_marker_dag.py for tasks to queue
[2024-12-13T08:26:15.162+0000] {logging_mixin.py:190} INFO - [2024-12-13T08:26:15.162+0000] {dagbag.py:588} INFO - Filling up the DagBag from /opt/bitnami/airflow/venv/lib/python3.12/site-packages/airflow/example_dags/example_external_task_marker_dag.py
[2024-12-13T08:26:15.166+0000] {processor.py:925} INFO - DAG(s) 'example_external_task_marker_child', 'example_external_task_marker_parent' retrieved from /opt/bitnami/airflow/venv/lib/python3.12/site-packages/airflow/example_dags/example_external_task_marker_dag.py
[2024-12-13T08:26:15.197+0000] {logging_mixin.py:190} INFO - [2024-12-13T08:26:15.197+0000] {dag.py:3239} INFO - Sync 2 DAGs
[2024-12-13T08:26:15.223+0000] {logging_mixin.py:190} INFO - [2024-12-13T08:26:15.223+0000] {dag.py:4180} INFO - Setting next_dagrun for example_external_task_marker_child to None, run_after=None
[2024-12-13T08:26:15.229+0000] {logging_mixin.py:190} INFO - [2024-12-13T08:26:15.229+0000] {dag.py:4180} INFO - Setting next_dagrun for example_external_task_marker_parent to None, run_after=None
[2024-12-13T08:26:15.250+0000] {processor.py:208} INFO - Processing /opt/bitnami/airflow/venv/lib/python3.12/site-packages/airflow/example_dags/example_external_task_marker_dag.py took 0.095 seconds
[2024-12-13T08:26:46.144+0000] {processor.py:186} INFO - Started process (PID=164) to work on /opt/bitnami/airflow/venv/lib/python3.12/site-packages/airflow/example_dags/example_external_task_marker_dag.py
[2024-12-13T08:26:46.146+0000] {processor.py:914} INFO - Processing file /opt/bitnami/airflow/venv/lib/python3.12/site-packages/airflow/example_dags/example_external_task_marker_dag.py for tasks to queue
[2024-12-13T08:26:46.148+0000] {logging_mixin.py:190} INFO - [2024-12-13T08:26:46.147+0000] {dagbag.py:588} INFO - Filling up the DagBag from /opt/bitnami/airflow/venv/lib/python3.12/site-packages/airflow/example_dags/example_external_task_marker_dag.py
[2024-12-13T08:26:46.153+0000] {processor.py:925} INFO - DAG(s) 'example_external_task_marker_parent', 'example_external_task_marker_child' retrieved from /opt/bitnami/airflow/venv/lib/python3.12/site-packages/airflow/example_dags/example_external_task_marker_dag.py
[2024-12-13T08:26:46.262+0000] {logging_mixin.py:190} INFO - [2024-12-13T08:26:46.262+0000] {dag.py:3239} INFO - Sync 2 DAGs
[2024-12-13T08:26:46.280+0000] {logging_mixin.py:190} INFO - [2024-12-13T08:26:46.280+0000] {dag.py:4180} INFO - Setting next_dagrun for example_external_task_marker_child to None, run_after=None
[2024-12-13T08:26:46.285+0000] {logging_mixin.py:190} INFO - [2024-12-13T08:26:46.285+0000] {dag.py:4180} INFO - Setting next_dagrun for example_external_task_marker_parent to None, run_after=None
[2024-12-13T08:26:46.308+0000] {processor.py:208} INFO - Processing /opt/bitnami/airflow/venv/lib/python3.12/site-packages/airflow/example_dags/example_external_task_marker_dag.py took 0.169 seconds
[2024-12-13T08:27:16.368+0000] {processor.py:186} INFO - Started process (PID=221) to work on /opt/bitnami/airflow/venv/lib/python3.12/site-packages/airflow/example_dags/example_external_task_marker_dag.py
[2024-12-13T08:27:16.369+0000] {processor.py:914} INFO - Processing file /opt/bitnami/airflow/venv/lib/python3.12/site-packages/airflow/example_dags/example_external_task_marker_dag.py for tasks to queue
[2024-12-13T08:27:16.371+0000] {logging_mixin.py:190} INFO - [2024-12-13T08:27:16.370+0000] {dagbag.py:588} INFO - Filling up the DagBag from /opt/bitnami/airflow/venv/lib/python3.12/site-packages/airflow/example_dags/example_external_task_marker_dag.py
[2024-12-13T08:27:16.375+0000] {processor.py:925} INFO - DAG(s) 'example_external_task_marker_parent', 'example_external_task_marker_child' retrieved from /opt/bitnami/airflow/venv/lib/python3.12/site-packages/airflow/example_dags/example_external_task_marker_dag.py
[2024-12-13T08:27:16.404+0000] {logging_mixin.py:190} INFO - [2024-12-13T08:27:16.403+0000] {dag.py:3239} INFO - Sync 2 DAGs
[2024-12-13T08:27:16.419+0000] {logging_mixin.py:190} INFO - [2024-12-13T08:27:16.419+0000] {dag.py:4180} INFO - Setting next_dagrun for example_external_task_marker_child to None, run_after=None
[2024-12-13T08:27:16.422+0000] {logging_mixin.py:190} INFO - [2024-12-13T08:27:16.422+0000] {dag.py:4180} INFO - Setting next_dagrun for example_external_task_marker_parent to None, run_after=None
[2024-12-13T08:27:16.440+0000] {processor.py:208} INFO - Processing /opt/bitnami/airflow/venv/lib/python3.12/site-packages/airflow/example_dags/example_external_task_marker_dag.py took 0.077 seconds
[2024-12-13T10:42:35.002+0000] {processor.py:186} INFO - Started process (PID=50) to work on /opt/bitnami/airflow/venv/lib/python3.12/site-packages/airflow/example_dags/example_external_task_marker_dag.py
[2024-12-13T10:42:35.004+0000] {processor.py:914} INFO - Processing file /opt/bitnami/airflow/venv/lib/python3.12/site-packages/airflow/example_dags/example_external_task_marker_dag.py for tasks to queue
[2024-12-13T10:42:35.006+0000] {logging_mixin.py:190} INFO - [2024-12-13T10:42:35.006+0000] {dagbag.py:588} INFO - Filling up the DagBag from /opt/bitnami/airflow/venv/lib/python3.12/site-packages/airflow/example_dags/example_external_task_marker_dag.py
[2024-12-13T10:42:35.012+0000] {processor.py:925} INFO - DAG(s) 'example_external_task_marker_parent', 'example_external_task_marker_child' retrieved from /opt/bitnami/airflow/venv/lib/python3.12/site-packages/airflow/example_dags/example_external_task_marker_dag.py
[2024-12-13T10:42:35.160+0000] {logging_mixin.py:190} INFO - [2024-12-13T10:42:35.159+0000] {override.py:1900} INFO - Created Permission View: can read on DAG:example_external_task_marker_parent
[2024-12-13T10:42:35.176+0000] {logging_mixin.py:190} INFO - [2024-12-13T10:42:35.176+0000] {override.py:1900} INFO - Created Permission View: can delete on DAG:example_external_task_marker_parent
[2024-12-13T10:42:35.187+0000] {logging_mixin.py:190} INFO - [2024-12-13T10:42:35.187+0000] {override.py:1900} INFO - Created Permission View: can edit on DAG:example_external_task_marker_parent
[2024-12-13T10:42:35.200+0000] {logging_mixin.py:190} INFO - [2024-12-13T10:42:35.200+0000] {override.py:1900} INFO - Created Permission View: can delete on DAG Run:example_external_task_marker_parent
[2024-12-13T10:42:35.215+0000] {logging_mixin.py:190} INFO - [2024-12-13T10:42:35.214+0000] {override.py:1900} INFO - Created Permission View: can read on DAG Run:example_external_task_marker_parent
[2024-12-13T10:42:35.226+0000] {logging_mixin.py:190} INFO - [2024-12-13T10:42:35.225+0000] {override.py:1900} INFO - Created Permission View: can create on DAG Run:example_external_task_marker_parent
[2024-12-13T10:42:35.239+0000] {logging_mixin.py:190} INFO - [2024-12-13T10:42:35.238+0000] {override.py:1900} INFO - Created Permission View: menu access on DAG Run:example_external_task_marker_parent
[2024-12-13T10:42:35.258+0000] {logging_mixin.py:190} INFO - [2024-12-13T10:42:35.257+0000] {override.py:1900} INFO - Created Permission View: can read on DAG:example_external_task_marker_child
[2024-12-13T10:42:35.268+0000] {logging_mixin.py:190} INFO - [2024-12-13T10:42:35.268+0000] {override.py:1900} INFO - Created Permission View: can delete on DAG:example_external_task_marker_child
[2024-12-13T10:42:35.279+0000] {logging_mixin.py:190} INFO - [2024-12-13T10:42:35.278+0000] {override.py:1900} INFO - Created Permission View: can edit on DAG:example_external_task_marker_child
[2024-12-13T10:42:35.286+0000] {logging_mixin.py:190} INFO - [2024-12-13T10:42:35.286+0000] {override.py:1900} INFO - Created Permission View: can delete on DAG Run:example_external_task_marker_child
[2024-12-13T10:42:35.295+0000] {logging_mixin.py:190} INFO - [2024-12-13T10:42:35.295+0000] {override.py:1900} INFO - Created Permission View: can read on DAG Run:example_external_task_marker_child
[2024-12-13T10:42:35.306+0000] {logging_mixin.py:190} INFO - [2024-12-13T10:42:35.306+0000] {override.py:1900} INFO - Created Permission View: can create on DAG Run:example_external_task_marker_child
[2024-12-13T10:42:35.317+0000] {logging_mixin.py:190} INFO - [2024-12-13T10:42:35.316+0000] {override.py:1900} INFO - Created Permission View: menu access on DAG Run:example_external_task_marker_child
[2024-12-13T10:42:35.318+0000] {logging_mixin.py:190} INFO - [2024-12-13T10:42:35.318+0000] {dag.py:3239} INFO - Sync 2 DAGs
[2024-12-13T10:42:35.361+0000] {logging_mixin.py:190} INFO - [2024-12-13T10:42:35.361+0000] {dag.py:3262} INFO - Creating ORM DAG for example_external_task_marker_parent
[2024-12-13T10:42:35.362+0000] {logging_mixin.py:190} INFO - [2024-12-13T10:42:35.362+0000] {dag.py:3262} INFO - Creating ORM DAG for example_external_task_marker_child
[2024-12-13T10:42:35.363+0000] {logging_mixin.py:190} INFO - [2024-12-13T10:42:35.363+0000] {dag.py:4180} INFO - Setting next_dagrun for example_external_task_marker_child to None, run_after=None
[2024-12-13T10:42:35.365+0000] {logging_mixin.py:190} INFO - [2024-12-13T10:42:35.365+0000] {dag.py:4180} INFO - Setting next_dagrun for example_external_task_marker_parent to None, run_after=None
[2024-12-13T10:42:35.399+0000] {processor.py:208} INFO - Processing /opt/bitnami/airflow/venv/lib/python3.12/site-packages/airflow/example_dags/example_external_task_marker_dag.py took 0.403 seconds
[2024-12-13T10:43:05.547+0000] {processor.py:186} INFO - Started process (PID=107) to work on /opt/bitnami/airflow/venv/lib/python3.12/site-packages/airflow/example_dags/example_external_task_marker_dag.py
[2024-12-13T10:43:05.548+0000] {processor.py:914} INFO - Processing file /opt/bitnami/airflow/venv/lib/python3.12/site-packages/airflow/example_dags/example_external_task_marker_dag.py for tasks to queue
[2024-12-13T10:43:05.551+0000] {logging_mixin.py:190} INFO - [2024-12-13T10:43:05.549+0000] {dagbag.py:588} INFO - Filling up the DagBag from /opt/bitnami/airflow/venv/lib/python3.12/site-packages/airflow/example_dags/example_external_task_marker_dag.py
[2024-12-13T10:43:05.558+0000] {processor.py:925} INFO - DAG(s) 'example_external_task_marker_parent', 'example_external_task_marker_child' retrieved from /opt/bitnami/airflow/venv/lib/python3.12/site-packages/airflow/example_dags/example_external_task_marker_dag.py
[2024-12-13T10:43:05.602+0000] {logging_mixin.py:190} INFO - [2024-12-13T10:43:05.601+0000] {dag.py:3239} INFO - Sync 2 DAGs
[2024-12-13T10:43:05.623+0000] {logging_mixin.py:190} INFO - [2024-12-13T10:43:05.623+0000] {dag.py:4180} INFO - Setting next_dagrun for example_external_task_marker_child to None, run_after=None
[2024-12-13T10:43:05.628+0000] {logging_mixin.py:190} INFO - [2024-12-13T10:43:05.627+0000] {dag.py:4180} INFO - Setting next_dagrun for example_external_task_marker_parent to None, run_after=None
[2024-12-13T10:43:05.649+0000] {processor.py:208} INFO - Processing /opt/bitnami/airflow/venv/lib/python3.12/site-packages/airflow/example_dags/example_external_task_marker_dag.py took 0.107 seconds
[2024-12-13T10:43:36.062+0000] {processor.py:186} INFO - Started process (PID=164) to work on /opt/bitnami/airflow/venv/lib/python3.12/site-packages/airflow/example_dags/example_external_task_marker_dag.py
[2024-12-13T10:43:36.064+0000] {processor.py:914} INFO - Processing file /opt/bitnami/airflow/venv/lib/python3.12/site-packages/airflow/example_dags/example_external_task_marker_dag.py for tasks to queue
[2024-12-13T10:43:36.068+0000] {logging_mixin.py:190} INFO - [2024-12-13T10:43:36.067+0000] {dagbag.py:588} INFO - Filling up the DagBag from /opt/bitnami/airflow/venv/lib/python3.12/site-packages/airflow/example_dags/example_external_task_marker_dag.py
[2024-12-13T10:43:36.074+0000] {processor.py:925} INFO - DAG(s) 'example_external_task_marker_child', 'example_external_task_marker_parent' retrieved from /opt/bitnami/airflow/venv/lib/python3.12/site-packages/airflow/example_dags/example_external_task_marker_dag.py
[2024-12-13T10:43:36.143+0000] {logging_mixin.py:190} INFO - [2024-12-13T10:43:36.143+0000] {dag.py:3239} INFO - Sync 2 DAGs
[2024-12-13T10:43:36.189+0000] {logging_mixin.py:190} INFO - [2024-12-13T10:43:36.188+0000] {dag.py:4180} INFO - Setting next_dagrun for example_external_task_marker_child to None, run_after=None
[2024-12-13T10:43:36.195+0000] {logging_mixin.py:190} INFO - [2024-12-13T10:43:36.195+0000] {dag.py:4180} INFO - Setting next_dagrun for example_external_task_marker_parent to None, run_after=None
[2024-12-13T10:43:36.226+0000] {processor.py:208} INFO - Processing /opt/bitnami/airflow/venv/lib/python3.12/site-packages/airflow/example_dags/example_external_task_marker_dag.py took 0.170 seconds
[2024-12-13T10:44:06.979+0000] {processor.py:186} INFO - Started process (PID=221) to work on /opt/bitnami/airflow/venv/lib/python3.12/site-packages/airflow/example_dags/example_external_task_marker_dag.py
[2024-12-13T10:44:06.981+0000] {processor.py:914} INFO - Processing file /opt/bitnami/airflow/venv/lib/python3.12/site-packages/airflow/example_dags/example_external_task_marker_dag.py for tasks to queue
[2024-12-13T10:44:06.985+0000] {logging_mixin.py:190} INFO - [2024-12-13T10:44:06.985+0000] {dagbag.py:588} INFO - Filling up the DagBag from /opt/bitnami/airflow/venv/lib/python3.12/site-packages/airflow/example_dags/example_external_task_marker_dag.py
[2024-12-13T10:44:06.993+0000] {processor.py:925} INFO - DAG(s) 'example_external_task_marker_child', 'example_external_task_marker_parent' retrieved from /opt/bitnami/airflow/venv/lib/python3.12/site-packages/airflow/example_dags/example_external_task_marker_dag.py
[2024-12-13T10:44:07.210+0000] {logging_mixin.py:190} INFO - [2024-12-13T10:44:07.210+0000] {dag.py:3239} INFO - Sync 2 DAGs
[2024-12-13T10:44:07.250+0000] {logging_mixin.py:190} INFO - [2024-12-13T10:44:07.249+0000] {dag.py:4180} INFO - Setting next_dagrun for example_external_task_marker_child to None, run_after=None
[2024-12-13T10:44:07.257+0000] {logging_mixin.py:190} INFO - [2024-12-13T10:44:07.257+0000] {dag.py:4180} INFO - Setting next_dagrun for example_external_task_marker_parent to None, run_after=None
[2024-12-13T10:44:07.305+0000] {processor.py:208} INFO - Processing /opt/bitnami/airflow/venv/lib/python3.12/site-packages/airflow/example_dags/example_external_task_marker_dag.py took 0.333 seconds
[2024-12-13T10:44:37.948+0000] {processor.py:186} INFO - Started process (PID=278) to work on /opt/bitnami/airflow/venv/lib/python3.12/site-packages/airflow/example_dags/example_external_task_marker_dag.py
[2024-12-13T10:44:37.950+0000] {processor.py:914} INFO - Processing file /opt/bitnami/airflow/venv/lib/python3.12/site-packages/airflow/example_dags/example_external_task_marker_dag.py for tasks to queue
[2024-12-13T10:44:37.953+0000] {logging_mixin.py:190} INFO - [2024-12-13T10:44:37.952+0000] {dagbag.py:588} INFO - Filling up the DagBag from /opt/bitnami/airflow/venv/lib/python3.12/site-packages/airflow/example_dags/example_external_task_marker_dag.py
[2024-12-13T10:44:37.961+0000] {processor.py:925} INFO - DAG(s) 'example_external_task_marker_parent', 'example_external_task_marker_child' retrieved from /opt/bitnami/airflow/venv/lib/python3.12/site-packages/airflow/example_dags/example_external_task_marker_dag.py
[2024-12-13T10:44:38.051+0000] {logging_mixin.py:190} INFO - [2024-12-13T10:44:38.051+0000] {dag.py:3239} INFO - Sync 2 DAGs
[2024-12-13T10:44:38.087+0000] {logging_mixin.py:190} INFO - [2024-12-13T10:44:38.086+0000] {dag.py:4180} INFO - Setting next_dagrun for example_external_task_marker_child to None, run_after=None
[2024-12-13T10:44:38.094+0000] {logging_mixin.py:190} INFO - [2024-12-13T10:44:38.094+0000] {dag.py:4180} INFO - Setting next_dagrun for example_external_task_marker_parent to None, run_after=None
[2024-12-13T10:44:38.119+0000] {processor.py:208} INFO - Processing /opt/bitnami/airflow/venv/lib/python3.12/site-packages/airflow/example_dags/example_external_task_marker_dag.py took 0.177 seconds
[2024-12-13T10:52:08.475+0000] {processor.py:186} INFO - Started process (PID=50) to work on /opt/bitnami/airflow/venv/lib/python3.12/site-packages/airflow/example_dags/example_external_task_marker_dag.py
[2024-12-13T10:52:08.477+0000] {processor.py:914} INFO - Processing file /opt/bitnami/airflow/venv/lib/python3.12/site-packages/airflow/example_dags/example_external_task_marker_dag.py for tasks to queue
[2024-12-13T10:52:08.480+0000] {logging_mixin.py:190} INFO - [2024-12-13T10:52:08.480+0000] {dagbag.py:588} INFO - Filling up the DagBag from /opt/bitnami/airflow/venv/lib/python3.12/site-packages/airflow/example_dags/example_external_task_marker_dag.py
[2024-12-13T10:52:08.486+0000] {processor.py:925} INFO - DAG(s) 'example_external_task_marker_parent', 'example_external_task_marker_child' retrieved from /opt/bitnami/airflow/venv/lib/python3.12/site-packages/airflow/example_dags/example_external_task_marker_dag.py
[2024-12-13T10:52:08.582+0000] {logging_mixin.py:190} INFO - [2024-12-13T10:52:08.581+0000] {override.py:1900} INFO - Created Permission View: can read on DAG:example_external_task_marker_parent
[2024-12-13T10:52:08.594+0000] {logging_mixin.py:190} INFO - [2024-12-13T10:52:08.594+0000] {override.py:1900} INFO - Created Permission View: can delete on DAG:example_external_task_marker_parent
[2024-12-13T10:52:08.601+0000] {logging_mixin.py:190} INFO - [2024-12-13T10:52:08.601+0000] {override.py:1900} INFO - Created Permission View: can edit on DAG:example_external_task_marker_parent
[2024-12-13T10:52:08.609+0000] {logging_mixin.py:190} INFO - [2024-12-13T10:52:08.608+0000] {override.py:1900} INFO - Created Permission View: menu access on DAG Run:example_external_task_marker_parent
[2024-12-13T10:52:08.616+0000] {logging_mixin.py:190} INFO - [2024-12-13T10:52:08.616+0000] {override.py:1900} INFO - Created Permission View: can read on DAG Run:example_external_task_marker_parent
[2024-12-13T10:52:08.623+0000] {logging_mixin.py:190} INFO - [2024-12-13T10:52:08.622+0000] {override.py:1900} INFO - Created Permission View: can delete on DAG Run:example_external_task_marker_parent
[2024-12-13T10:52:08.630+0000] {logging_mixin.py:190} INFO - [2024-12-13T10:52:08.630+0000] {override.py:1900} INFO - Created Permission View: can create on DAG Run:example_external_task_marker_parent
[2024-12-13T10:52:08.647+0000] {logging_mixin.py:190} INFO - [2024-12-13T10:52:08.646+0000] {override.py:1900} INFO - Created Permission View: can read on DAG:example_external_task_marker_child
[2024-12-13T10:52:08.655+0000] {logging_mixin.py:190} INFO - [2024-12-13T10:52:08.654+0000] {override.py:1900} INFO - Created Permission View: can delete on DAG:example_external_task_marker_child
[2024-12-13T10:52:08.664+0000] {logging_mixin.py:190} INFO - [2024-12-13T10:52:08.663+0000] {override.py:1900} INFO - Created Permission View: can edit on DAG:example_external_task_marker_child
[2024-12-13T10:52:08.680+0000] {logging_mixin.py:190} INFO - [2024-12-13T10:52:08.679+0000] {override.py:1900} INFO - Created Permission View: menu access on DAG Run:example_external_task_marker_child
[2024-12-13T10:52:08.689+0000] {logging_mixin.py:190} INFO - [2024-12-13T10:52:08.689+0000] {override.py:1900} INFO - Created Permission View: can read on DAG Run:example_external_task_marker_child
[2024-12-13T10:52:08.697+0000] {logging_mixin.py:190} INFO - [2024-12-13T10:52:08.697+0000] {override.py:1900} INFO - Created Permission View: can delete on DAG Run:example_external_task_marker_child
[2024-12-13T10:52:08.704+0000] {logging_mixin.py:190} INFO - [2024-12-13T10:52:08.704+0000] {override.py:1900} INFO - Created Permission View: can create on DAG Run:example_external_task_marker_child
[2024-12-13T10:52:08.705+0000] {logging_mixin.py:190} INFO - [2024-12-13T10:52:08.705+0000] {dag.py:3239} INFO - Sync 2 DAGs
[2024-12-13T10:52:08.730+0000] {logging_mixin.py:190} INFO - [2024-12-13T10:52:08.730+0000] {dag.py:3262} INFO - Creating ORM DAG for example_external_task_marker_child
[2024-12-13T10:52:08.731+0000] {logging_mixin.py:190} INFO - [2024-12-13T10:52:08.731+0000] {dag.py:3262} INFO - Creating ORM DAG for example_external_task_marker_parent
[2024-12-13T10:52:08.732+0000] {logging_mixin.py:190} INFO - [2024-12-13T10:52:08.732+0000] {dag.py:4180} INFO - Setting next_dagrun for example_external_task_marker_child to None, run_after=None
[2024-12-13T10:52:08.733+0000] {logging_mixin.py:190} INFO - [2024-12-13T10:52:08.732+0000] {dag.py:4180} INFO - Setting next_dagrun for example_external_task_marker_parent to None, run_after=None
[2024-12-13T10:52:08.759+0000] {processor.py:208} INFO - Processing /opt/bitnami/airflow/venv/lib/python3.12/site-packages/airflow/example_dags/example_external_task_marker_dag.py took 0.290 seconds
[2024-12-13T10:52:39.369+0000] {processor.py:186} INFO - Started process (PID=107) to work on /opt/bitnami/airflow/venv/lib/python3.12/site-packages/airflow/example_dags/example_external_task_marker_dag.py
[2024-12-13T10:52:39.370+0000] {processor.py:914} INFO - Processing file /opt/bitnami/airflow/venv/lib/python3.12/site-packages/airflow/example_dags/example_external_task_marker_dag.py for tasks to queue
[2024-12-13T10:52:39.374+0000] {logging_mixin.py:190} INFO - [2024-12-13T10:52:39.373+0000] {dagbag.py:588} INFO - Filling up the DagBag from /opt/bitnami/airflow/venv/lib/python3.12/site-packages/airflow/example_dags/example_external_task_marker_dag.py
[2024-12-13T10:52:39.387+0000] {processor.py:925} INFO - DAG(s) 'example_external_task_marker_parent', 'example_external_task_marker_child' retrieved from /opt/bitnami/airflow/venv/lib/python3.12/site-packages/airflow/example_dags/example_external_task_marker_dag.py
[2024-12-13T10:52:39.466+0000] {logging_mixin.py:190} INFO - [2024-12-13T10:52:39.465+0000] {dag.py:3239} INFO - Sync 2 DAGs
[2024-12-13T10:52:39.510+0000] {logging_mixin.py:190} INFO - [2024-12-13T10:52:39.510+0000] {dag.py:4180} INFO - Setting next_dagrun for example_external_task_marker_child to None, run_after=None
[2024-12-13T10:52:39.522+0000] {logging_mixin.py:190} INFO - [2024-12-13T10:52:39.522+0000] {dag.py:4180} INFO - Setting next_dagrun for example_external_task_marker_parent to None, run_after=None
[2024-12-13T10:52:39.559+0000] {processor.py:208} INFO - Processing /opt/bitnami/airflow/venv/lib/python3.12/site-packages/airflow/example_dags/example_external_task_marker_dag.py took 0.200 seconds
[2024-12-13T10:53:10.720+0000] {processor.py:186} INFO - Started process (PID=164) to work on /opt/bitnami/airflow/venv/lib/python3.12/site-packages/airflow/example_dags/example_external_task_marker_dag.py
[2024-12-13T10:53:10.722+0000] {processor.py:914} INFO - Processing file /opt/bitnami/airflow/venv/lib/python3.12/site-packages/airflow/example_dags/example_external_task_marker_dag.py for tasks to queue
[2024-12-13T10:53:10.725+0000] {logging_mixin.py:190} INFO - [2024-12-13T10:53:10.725+0000] {dagbag.py:588} INFO - Filling up the DagBag from /opt/bitnami/airflow/venv/lib/python3.12/site-packages/airflow/example_dags/example_external_task_marker_dag.py
[2024-12-13T10:53:10.732+0000] {processor.py:925} INFO - DAG(s) 'example_external_task_marker_parent', 'example_external_task_marker_child' retrieved from /opt/bitnami/airflow/venv/lib/python3.12/site-packages/airflow/example_dags/example_external_task_marker_dag.py
[2024-12-13T10:53:10.903+0000] {logging_mixin.py:190} INFO - [2024-12-13T10:53:10.903+0000] {dag.py:3239} INFO - Sync 2 DAGs
[2024-12-13T10:53:10.945+0000] {logging_mixin.py:190} INFO - [2024-12-13T10:53:10.945+0000] {dag.py:4180} INFO - Setting next_dagrun for example_external_task_marker_child to None, run_after=None
[2024-12-13T10:53:10.955+0000] {logging_mixin.py:190} INFO - [2024-12-13T10:53:10.955+0000] {dag.py:4180} INFO - Setting next_dagrun for example_external_task_marker_parent to None, run_after=None
[2024-12-13T10:53:11.008+0000] {processor.py:208} INFO - Processing /opt/bitnami/airflow/venv/lib/python3.12/site-packages/airflow/example_dags/example_external_task_marker_dag.py took 0.295 seconds
[2024-12-13T10:53:41.677+0000] {processor.py:186} INFO - Started process (PID=221) to work on /opt/bitnami/airflow/venv/lib/python3.12/site-packages/airflow/example_dags/example_external_task_marker_dag.py
[2024-12-13T10:53:41.679+0000] {processor.py:914} INFO - Processing file /opt/bitnami/airflow/venv/lib/python3.12/site-packages/airflow/example_dags/example_external_task_marker_dag.py for tasks to queue
[2024-12-13T10:53:41.681+0000] {logging_mixin.py:190} INFO - [2024-12-13T10:53:41.681+0000] {dagbag.py:588} INFO - Filling up the DagBag from /opt/bitnami/airflow/venv/lib/python3.12/site-packages/airflow/example_dags/example_external_task_marker_dag.py
[2024-12-13T10:53:41.687+0000] {processor.py:925} INFO - DAG(s) 'example_external_task_marker_child', 'example_external_task_marker_parent' retrieved from /opt/bitnami/airflow/venv/lib/python3.12/site-packages/airflow/example_dags/example_external_task_marker_dag.py
[2024-12-13T10:53:41.774+0000] {logging_mixin.py:190} INFO - [2024-12-13T10:53:41.774+0000] {dag.py:3239} INFO - Sync 2 DAGs
[2024-12-13T10:53:41.802+0000] {logging_mixin.py:190} INFO - [2024-12-13T10:53:41.801+0000] {dag.py:4180} INFO - Setting next_dagrun for example_external_task_marker_child to None, run_after=None
[2024-12-13T10:53:41.807+0000] {logging_mixin.py:190} INFO - [2024-12-13T10:53:41.807+0000] {dag.py:4180} INFO - Setting next_dagrun for example_external_task_marker_parent to None, run_after=None
[2024-12-13T10:53:41.839+0000] {processor.py:208} INFO - Processing /opt/bitnami/airflow/venv/lib/python3.12/site-packages/airflow/example_dags/example_external_task_marker_dag.py took 0.167 seconds
[2024-12-13T10:54:12.043+0000] {processor.py:186} INFO - Started process (PID=278) to work on /opt/bitnami/airflow/venv/lib/python3.12/site-packages/airflow/example_dags/example_external_task_marker_dag.py
[2024-12-13T10:54:12.044+0000] {processor.py:914} INFO - Processing file /opt/bitnami/airflow/venv/lib/python3.12/site-packages/airflow/example_dags/example_external_task_marker_dag.py for tasks to queue
[2024-12-13T10:54:12.047+0000] {logging_mixin.py:190} INFO - [2024-12-13T10:54:12.047+0000] {dagbag.py:588} INFO - Filling up the DagBag from /opt/bitnami/airflow/venv/lib/python3.12/site-packages/airflow/example_dags/example_external_task_marker_dag.py
[2024-12-13T10:54:12.053+0000] {processor.py:925} INFO - DAG(s) 'example_external_task_marker_child', 'example_external_task_marker_parent' retrieved from /opt/bitnami/airflow/venv/lib/python3.12/site-packages/airflow/example_dags/example_external_task_marker_dag.py
[2024-12-13T10:54:12.103+0000] {logging_mixin.py:190} INFO - [2024-12-13T10:54:12.103+0000] {dag.py:3239} INFO - Sync 2 DAGs
[2024-12-13T10:54:12.128+0000] {logging_mixin.py:190} INFO - [2024-12-13T10:54:12.128+0000] {dag.py:4180} INFO - Setting next_dagrun for example_external_task_marker_child to None, run_after=None
[2024-12-13T10:54:12.135+0000] {logging_mixin.py:190} INFO - [2024-12-13T10:54:12.135+0000] {dag.py:4180} INFO - Setting next_dagrun for example_external_task_marker_parent to None, run_after=None
[2024-12-13T10:54:12.161+0000] {processor.py:208} INFO - Processing /opt/bitnami/airflow/venv/lib/python3.12/site-packages/airflow/example_dags/example_external_task_marker_dag.py took 0.123 seconds
[2024-12-13T10:54:42.411+0000] {processor.py:186} INFO - Started process (PID=335) to work on /opt/bitnami/airflow/venv/lib/python3.12/site-packages/airflow/example_dags/example_external_task_marker_dag.py
[2024-12-13T10:54:42.412+0000] {processor.py:914} INFO - Processing file /opt/bitnami/airflow/venv/lib/python3.12/site-packages/airflow/example_dags/example_external_task_marker_dag.py for tasks to queue
[2024-12-13T10:54:42.415+0000] {logging_mixin.py:190} INFO - [2024-12-13T10:54:42.415+0000] {dagbag.py:588} INFO - Filling up the DagBag from /opt/bitnami/airflow/venv/lib/python3.12/site-packages/airflow/example_dags/example_external_task_marker_dag.py
[2024-12-13T10:54:42.421+0000] {processor.py:925} INFO - DAG(s) 'example_external_task_marker_parent', 'example_external_task_marker_child' retrieved from /opt/bitnami/airflow/venv/lib/python3.12/site-packages/airflow/example_dags/example_external_task_marker_dag.py
[2024-12-13T10:54:42.515+0000] {logging_mixin.py:190} INFO - [2024-12-13T10:54:42.514+0000] {dag.py:3239} INFO - Sync 2 DAGs
[2024-12-13T10:54:42.553+0000] {logging_mixin.py:190} INFO - [2024-12-13T10:54:42.553+0000] {dag.py:4180} INFO - Setting next_dagrun for example_external_task_marker_child to None, run_after=None
[2024-12-13T10:54:42.561+0000] {logging_mixin.py:190} INFO - [2024-12-13T10:54:42.561+0000] {dag.py:4180} INFO - Setting next_dagrun for example_external_task_marker_parent to None, run_after=None
[2024-12-13T10:54:42.603+0000] {processor.py:208} INFO - Processing /opt/bitnami/airflow/venv/lib/python3.12/site-packages/airflow/example_dags/example_external_task_marker_dag.py took 0.198 seconds
[2024-12-13T10:55:13.572+0000] {processor.py:186} INFO - Started process (PID=392) to work on /opt/bitnami/airflow/venv/lib/python3.12/site-packages/airflow/example_dags/example_external_task_marker_dag.py
[2024-12-13T10:55:13.573+0000] {processor.py:914} INFO - Processing file /opt/bitnami/airflow/venv/lib/python3.12/site-packages/airflow/example_dags/example_external_task_marker_dag.py for tasks to queue
[2024-12-13T10:55:13.575+0000] {logging_mixin.py:190} INFO - [2024-12-13T10:55:13.575+0000] {dagbag.py:588} INFO - Filling up the DagBag from /opt/bitnami/airflow/venv/lib/python3.12/site-packages/airflow/example_dags/example_external_task_marker_dag.py
[2024-12-13T10:55:13.581+0000] {processor.py:925} INFO - DAG(s) 'example_external_task_marker_child', 'example_external_task_marker_parent' retrieved from /opt/bitnami/airflow/venv/lib/python3.12/site-packages/airflow/example_dags/example_external_task_marker_dag.py
[2024-12-13T10:55:13.632+0000] {logging_mixin.py:190} INFO - [2024-12-13T10:55:13.631+0000] {dag.py:3239} INFO - Sync 2 DAGs
[2024-12-13T10:55:13.652+0000] {logging_mixin.py:190} INFO - [2024-12-13T10:55:13.652+0000] {dag.py:4180} INFO - Setting next_dagrun for example_external_task_marker_child to None, run_after=None
[2024-12-13T10:55:13.656+0000] {logging_mixin.py:190} INFO - [2024-12-13T10:55:13.656+0000] {dag.py:4180} INFO - Setting next_dagrun for example_external_task_marker_parent to None, run_after=None
[2024-12-13T10:55:13.673+0000] {processor.py:208} INFO - Processing /opt/bitnami/airflow/venv/lib/python3.12/site-packages/airflow/example_dags/example_external_task_marker_dag.py took 0.105 seconds
[2024-12-13T10:55:44.021+0000] {processor.py:186} INFO - Started process (PID=449) to work on /opt/bitnami/airflow/venv/lib/python3.12/site-packages/airflow/example_dags/example_external_task_marker_dag.py
[2024-12-13T10:55:44.023+0000] {processor.py:914} INFO - Processing file /opt/bitnami/airflow/venv/lib/python3.12/site-packages/airflow/example_dags/example_external_task_marker_dag.py for tasks to queue
[2024-12-13T10:55:44.026+0000] {logging_mixin.py:190} INFO - [2024-12-13T10:55:44.026+0000] {dagbag.py:588} INFO - Filling up the DagBag from /opt/bitnami/airflow/venv/lib/python3.12/site-packages/airflow/example_dags/example_external_task_marker_dag.py
[2024-12-13T10:55:44.033+0000] {processor.py:925} INFO - DAG(s) 'example_external_task_marker_child', 'example_external_task_marker_parent' retrieved from /opt/bitnami/airflow/venv/lib/python3.12/site-packages/airflow/example_dags/example_external_task_marker_dag.py
[2024-12-13T10:55:44.117+0000] {logging_mixin.py:190} INFO - [2024-12-13T10:55:44.116+0000] {dag.py:3239} INFO - Sync 2 DAGs
[2024-12-13T10:55:44.145+0000] {logging_mixin.py:190} INFO - [2024-12-13T10:55:44.145+0000] {dag.py:4180} INFO - Setting next_dagrun for example_external_task_marker_child to None, run_after=None
[2024-12-13T10:55:44.152+0000] {logging_mixin.py:190} INFO - [2024-12-13T10:55:44.152+0000] {dag.py:4180} INFO - Setting next_dagrun for example_external_task_marker_parent to None, run_after=None
[2024-12-13T10:55:44.182+0000] {processor.py:208} INFO - Processing /opt/bitnami/airflow/venv/lib/python3.12/site-packages/airflow/example_dags/example_external_task_marker_dag.py took 0.167 seconds
[2024-12-13T10:56:14.525+0000] {processor.py:186} INFO - Started process (PID=506) to work on /opt/bitnami/airflow/venv/lib/python3.12/site-packages/airflow/example_dags/example_external_task_marker_dag.py
[2024-12-13T10:56:14.526+0000] {processor.py:914} INFO - Processing file /opt/bitnami/airflow/venv/lib/python3.12/site-packages/airflow/example_dags/example_external_task_marker_dag.py for tasks to queue
[2024-12-13T10:56:14.528+0000] {logging_mixin.py:190} INFO - [2024-12-13T10:56:14.528+0000] {dagbag.py:588} INFO - Filling up the DagBag from /opt/bitnami/airflow/venv/lib/python3.12/site-packages/airflow/example_dags/example_external_task_marker_dag.py
[2024-12-13T10:56:14.534+0000] {processor.py:925} INFO - DAG(s) 'example_external_task_marker_child', 'example_external_task_marker_parent' retrieved from /opt/bitnami/airflow/venv/lib/python3.12/site-packages/airflow/example_dags/example_external_task_marker_dag.py
[2024-12-13T10:56:14.583+0000] {logging_mixin.py:190} INFO - [2024-12-13T10:56:14.583+0000] {dag.py:3239} INFO - Sync 2 DAGs
[2024-12-13T10:56:14.626+0000] {logging_mixin.py:190} INFO - [2024-12-13T10:56:14.626+0000] {dag.py:4180} INFO - Setting next_dagrun for example_external_task_marker_child to None, run_after=None
[2024-12-13T10:56:14.633+0000] {logging_mixin.py:190} INFO - [2024-12-13T10:56:14.633+0000] {dag.py:4180} INFO - Setting next_dagrun for example_external_task_marker_parent to None, run_after=None
[2024-12-13T10:56:14.667+0000] {processor.py:208} INFO - Processing /opt/bitnami/airflow/venv/lib/python3.12/site-packages/airflow/example_dags/example_external_task_marker_dag.py took 0.146 seconds
[2024-12-13T10:56:44.821+0000] {processor.py:186} INFO - Started process (PID=563) to work on /opt/bitnami/airflow/venv/lib/python3.12/site-packages/airflow/example_dags/example_external_task_marker_dag.py
[2024-12-13T10:56:44.822+0000] {processor.py:914} INFO - Processing file /opt/bitnami/airflow/venv/lib/python3.12/site-packages/airflow/example_dags/example_external_task_marker_dag.py for tasks to queue
[2024-12-13T10:56:44.824+0000] {logging_mixin.py:190} INFO - [2024-12-13T10:56:44.824+0000] {dagbag.py:588} INFO - Filling up the DagBag from /opt/bitnami/airflow/venv/lib/python3.12/site-packages/airflow/example_dags/example_external_task_marker_dag.py
[2024-12-13T10:56:44.829+0000] {processor.py:925} INFO - DAG(s) 'example_external_task_marker_parent', 'example_external_task_marker_child' retrieved from /opt/bitnami/airflow/venv/lib/python3.12/site-packages/airflow/example_dags/example_external_task_marker_dag.py
[2024-12-13T10:56:44.885+0000] {logging_mixin.py:190} INFO - [2024-12-13T10:56:44.885+0000] {dag.py:3239} INFO - Sync 2 DAGs
[2024-12-13T10:56:44.921+0000] {logging_mixin.py:190} INFO - [2024-12-13T10:56:44.921+0000] {dag.py:4180} INFO - Setting next_dagrun for example_external_task_marker_child to None, run_after=None
[2024-12-13T10:56:44.927+0000] {logging_mixin.py:190} INFO - [2024-12-13T10:56:44.926+0000] {dag.py:4180} INFO - Setting next_dagrun for example_external_task_marker_parent to None, run_after=None
[2024-12-13T10:56:44.956+0000] {processor.py:208} INFO - Processing /opt/bitnami/airflow/venv/lib/python3.12/site-packages/airflow/example_dags/example_external_task_marker_dag.py took 0.140 seconds
[2024-12-13T10:57:15.542+0000] {processor.py:186} INFO - Started process (PID=620) to work on /opt/bitnami/airflow/venv/lib/python3.12/site-packages/airflow/example_dags/example_external_task_marker_dag.py
[2024-12-13T10:57:15.543+0000] {processor.py:914} INFO - Processing file /opt/bitnami/airflow/venv/lib/python3.12/site-packages/airflow/example_dags/example_external_task_marker_dag.py for tasks to queue
[2024-12-13T10:57:15.545+0000] {logging_mixin.py:190} INFO - [2024-12-13T10:57:15.545+0000] {dagbag.py:588} INFO - Filling up the DagBag from /opt/bitnami/airflow/venv/lib/python3.12/site-packages/airflow/example_dags/example_external_task_marker_dag.py
[2024-12-13T10:57:15.550+0000] {processor.py:925} INFO - DAG(s) 'example_external_task_marker_child', 'example_external_task_marker_parent' retrieved from /opt/bitnami/airflow/venv/lib/python3.12/site-packages/airflow/example_dags/example_external_task_marker_dag.py
[2024-12-13T10:57:15.592+0000] {logging_mixin.py:190} INFO - [2024-12-13T10:57:15.592+0000] {dag.py:3239} INFO - Sync 2 DAGs
[2024-12-13T10:57:15.610+0000] {logging_mixin.py:190} INFO - [2024-12-13T10:57:15.610+0000] {dag.py:4180} INFO - Setting next_dagrun for example_external_task_marker_child to None, run_after=None
[2024-12-13T10:57:15.614+0000] {logging_mixin.py:190} INFO - [2024-12-13T10:57:15.614+0000] {dag.py:4180} INFO - Setting next_dagrun for example_external_task_marker_parent to None, run_after=None
[2024-12-13T10:57:15.630+0000] {processor.py:208} INFO - Processing /opt/bitnami/airflow/venv/lib/python3.12/site-packages/airflow/example_dags/example_external_task_marker_dag.py took 0.093 seconds
[2024-12-13T10:57:45.900+0000] {processor.py:186} INFO - Started process (PID=677) to work on /opt/bitnami/airflow/venv/lib/python3.12/site-packages/airflow/example_dags/example_external_task_marker_dag.py
[2024-12-13T10:57:45.901+0000] {processor.py:914} INFO - Processing file /opt/bitnami/airflow/venv/lib/python3.12/site-packages/airflow/example_dags/example_external_task_marker_dag.py for tasks to queue
[2024-12-13T10:57:45.904+0000] {logging_mixin.py:190} INFO - [2024-12-13T10:57:45.904+0000] {dagbag.py:588} INFO - Filling up the DagBag from /opt/bitnami/airflow/venv/lib/python3.12/site-packages/airflow/example_dags/example_external_task_marker_dag.py
[2024-12-13T10:57:45.909+0000] {processor.py:925} INFO - DAG(s) 'example_external_task_marker_parent', 'example_external_task_marker_child' retrieved from /opt/bitnami/airflow/venv/lib/python3.12/site-packages/airflow/example_dags/example_external_task_marker_dag.py
[2024-12-13T10:57:45.940+0000] {logging_mixin.py:190} INFO - [2024-12-13T10:57:45.939+0000] {dag.py:3239} INFO - Sync 2 DAGs
[2024-12-13T10:57:45.955+0000] {logging_mixin.py:190} INFO - [2024-12-13T10:57:45.955+0000] {dag.py:4180} INFO - Setting next_dagrun for example_external_task_marker_child to None, run_after=None
[2024-12-13T10:57:45.959+0000] {logging_mixin.py:190} INFO - [2024-12-13T10:57:45.959+0000] {dag.py:4180} INFO - Setting next_dagrun for example_external_task_marker_parent to None, run_after=None
[2024-12-13T10:57:45.974+0000] {processor.py:208} INFO - Processing /opt/bitnami/airflow/venv/lib/python3.12/site-packages/airflow/example_dags/example_external_task_marker_dag.py took 0.079 seconds
[2024-12-13T10:58:17.193+0000] {processor.py:186} INFO - Started process (PID=734) to work on /opt/bitnami/airflow/venv/lib/python3.12/site-packages/airflow/example_dags/example_external_task_marker_dag.py
[2024-12-13T10:58:17.194+0000] {processor.py:914} INFO - Processing file /opt/bitnami/airflow/venv/lib/python3.12/site-packages/airflow/example_dags/example_external_task_marker_dag.py for tasks to queue
[2024-12-13T10:58:17.196+0000] {logging_mixin.py:190} INFO - [2024-12-13T10:58:17.195+0000] {dagbag.py:588} INFO - Filling up the DagBag from /opt/bitnami/airflow/venv/lib/python3.12/site-packages/airflow/example_dags/example_external_task_marker_dag.py
[2024-12-13T10:58:17.200+0000] {processor.py:925} INFO - DAG(s) 'example_external_task_marker_child', 'example_external_task_marker_parent' retrieved from /opt/bitnami/airflow/venv/lib/python3.12/site-packages/airflow/example_dags/example_external_task_marker_dag.py
[2024-12-13T10:58:17.232+0000] {logging_mixin.py:190} INFO - [2024-12-13T10:58:17.232+0000] {dag.py:3239} INFO - Sync 2 DAGs
[2024-12-13T10:58:17.249+0000] {logging_mixin.py:190} INFO - [2024-12-13T10:58:17.249+0000] {dag.py:4180} INFO - Setting next_dagrun for example_external_task_marker_child to None, run_after=None
[2024-12-13T10:58:17.254+0000] {logging_mixin.py:190} INFO - [2024-12-13T10:58:17.254+0000] {dag.py:4180} INFO - Setting next_dagrun for example_external_task_marker_parent to None, run_after=None
[2024-12-13T10:58:17.269+0000] {processor.py:208} INFO - Processing /opt/bitnami/airflow/venv/lib/python3.12/site-packages/airflow/example_dags/example_external_task_marker_dag.py took 0.081 seconds
[2024-12-13T10:58:48.561+0000] {processor.py:186} INFO - Started process (PID=791) to work on /opt/bitnami/airflow/venv/lib/python3.12/site-packages/airflow/example_dags/example_external_task_marker_dag.py
[2024-12-13T10:58:48.562+0000] {processor.py:914} INFO - Processing file /opt/bitnami/airflow/venv/lib/python3.12/site-packages/airflow/example_dags/example_external_task_marker_dag.py for tasks to queue
[2024-12-13T10:58:48.565+0000] {logging_mixin.py:190} INFO - [2024-12-13T10:58:48.564+0000] {dagbag.py:588} INFO - Filling up the DagBag from /opt/bitnami/airflow/venv/lib/python3.12/site-packages/airflow/example_dags/example_external_task_marker_dag.py
[2024-12-13T10:58:48.570+0000] {processor.py:925} INFO - DAG(s) 'example_external_task_marker_child', 'example_external_task_marker_parent' retrieved from /opt/bitnami/airflow/venv/lib/python3.12/site-packages/airflow/example_dags/example_external_task_marker_dag.py
[2024-12-13T10:58:48.604+0000] {logging_mixin.py:190} INFO - [2024-12-13T10:58:48.604+0000] {dag.py:3239} INFO - Sync 2 DAGs
[2024-12-13T10:58:48.623+0000] {logging_mixin.py:190} INFO - [2024-12-13T10:58:48.623+0000] {dag.py:4180} INFO - Setting next_dagrun for example_external_task_marker_child to None, run_after=None
[2024-12-13T10:58:48.627+0000] {logging_mixin.py:190} INFO - [2024-12-13T10:58:48.627+0000] {dag.py:4180} INFO - Setting next_dagrun for example_external_task_marker_parent to None, run_after=None
[2024-12-13T10:58:48.649+0000] {processor.py:208} INFO - Processing /opt/bitnami/airflow/venv/lib/python3.12/site-packages/airflow/example_dags/example_external_task_marker_dag.py took 0.093 seconds
[2024-12-13T11:07:29.141+0000] {processor.py:186} INFO - Started process (PID=50) to work on /opt/bitnami/airflow/venv/lib/python3.12/site-packages/airflow/example_dags/example_external_task_marker_dag.py
[2024-12-13T11:07:29.142+0000] {processor.py:914} INFO - Processing file /opt/bitnami/airflow/venv/lib/python3.12/site-packages/airflow/example_dags/example_external_task_marker_dag.py for tasks to queue
[2024-12-13T11:07:29.145+0000] {logging_mixin.py:190} INFO - [2024-12-13T11:07:29.145+0000] {dagbag.py:588} INFO - Filling up the DagBag from /opt/bitnami/airflow/venv/lib/python3.12/site-packages/airflow/example_dags/example_external_task_marker_dag.py
[2024-12-13T11:07:29.151+0000] {processor.py:925} INFO - DAG(s) 'example_external_task_marker_child', 'example_external_task_marker_parent' retrieved from /opt/bitnami/airflow/venv/lib/python3.12/site-packages/airflow/example_dags/example_external_task_marker_dag.py
[2024-12-13T11:07:29.200+0000] {logging_mixin.py:190} INFO - [2024-12-13T11:07:29.200+0000] {dag.py:3239} INFO - Sync 2 DAGs
[2024-12-13T11:07:29.227+0000] {logging_mixin.py:190} INFO - [2024-12-13T11:07:29.227+0000] {dag.py:4180} INFO - Setting next_dagrun for example_external_task_marker_child to None, run_after=None
[2024-12-13T11:07:29.234+0000] {logging_mixin.py:190} INFO - [2024-12-13T11:07:29.234+0000] {dag.py:4180} INFO - Setting next_dagrun for example_external_task_marker_parent to None, run_after=None
[2024-12-13T11:07:29.255+0000] {processor.py:208} INFO - Processing /opt/bitnami/airflow/venv/lib/python3.12/site-packages/airflow/example_dags/example_external_task_marker_dag.py took 0.120 seconds
[2024-12-13T11:07:59.952+0000] {processor.py:186} INFO - Started process (PID=107) to work on /opt/bitnami/airflow/venv/lib/python3.12/site-packages/airflow/example_dags/example_external_task_marker_dag.py
[2024-12-13T11:07:59.954+0000] {processor.py:914} INFO - Processing file /opt/bitnami/airflow/venv/lib/python3.12/site-packages/airflow/example_dags/example_external_task_marker_dag.py for tasks to queue
[2024-12-13T11:07:59.956+0000] {logging_mixin.py:190} INFO - [2024-12-13T11:07:59.956+0000] {dagbag.py:588} INFO - Filling up the DagBag from /opt/bitnami/airflow/venv/lib/python3.12/site-packages/airflow/example_dags/example_external_task_marker_dag.py
[2024-12-13T11:07:59.965+0000] {processor.py:925} INFO - DAG(s) 'example_external_task_marker_parent', 'example_external_task_marker_child' retrieved from /opt/bitnami/airflow/venv/lib/python3.12/site-packages/airflow/example_dags/example_external_task_marker_dag.py
[2024-12-13T11:08:00.013+0000] {logging_mixin.py:190} INFO - [2024-12-13T11:08:00.012+0000] {dag.py:3239} INFO - Sync 2 DAGs
[2024-12-13T11:08:00.053+0000] {logging_mixin.py:190} INFO - [2024-12-13T11:08:00.052+0000] {dag.py:4180} INFO - Setting next_dagrun for example_external_task_marker_child to None, run_after=None
[2024-12-13T11:08:00.060+0000] {logging_mixin.py:190} INFO - [2024-12-13T11:08:00.059+0000] {dag.py:4180} INFO - Setting next_dagrun for example_external_task_marker_parent to None, run_after=None
[2024-12-13T11:08:00.086+0000] {processor.py:208} INFO - Processing /opt/bitnami/airflow/venv/lib/python3.12/site-packages/airflow/example_dags/example_external_task_marker_dag.py took 0.140 seconds
[2024-12-13T11:08:30.447+0000] {processor.py:186} INFO - Started process (PID=164) to work on /opt/bitnami/airflow/venv/lib/python3.12/site-packages/airflow/example_dags/example_external_task_marker_dag.py
[2024-12-13T11:08:30.448+0000] {processor.py:914} INFO - Processing file /opt/bitnami/airflow/venv/lib/python3.12/site-packages/airflow/example_dags/example_external_task_marker_dag.py for tasks to queue
[2024-12-13T11:08:30.451+0000] {logging_mixin.py:190} INFO - [2024-12-13T11:08:30.451+0000] {dagbag.py:588} INFO - Filling up the DagBag from /opt/bitnami/airflow/venv/lib/python3.12/site-packages/airflow/example_dags/example_external_task_marker_dag.py
[2024-12-13T11:08:30.457+0000] {processor.py:925} INFO - DAG(s) 'example_external_task_marker_parent', 'example_external_task_marker_child' retrieved from /opt/bitnami/airflow/venv/lib/python3.12/site-packages/airflow/example_dags/example_external_task_marker_dag.py
[2024-12-13T11:08:30.633+0000] {logging_mixin.py:190} INFO - [2024-12-13T11:08:30.633+0000] {dag.py:3239} INFO - Sync 2 DAGs
[2024-12-13T11:08:30.657+0000] {logging_mixin.py:190} INFO - [2024-12-13T11:08:30.657+0000] {dag.py:4180} INFO - Setting next_dagrun for example_external_task_marker_child to None, run_after=None
[2024-12-13T11:08:30.662+0000] {logging_mixin.py:190} INFO - [2024-12-13T11:08:30.662+0000] {dag.py:4180} INFO - Setting next_dagrun for example_external_task_marker_parent to None, run_after=None
[2024-12-13T11:08:30.696+0000] {processor.py:208} INFO - Processing /opt/bitnami/airflow/venv/lib/python3.12/site-packages/airflow/example_dags/example_external_task_marker_dag.py took 0.255 seconds
[2024-12-13T11:09:01.085+0000] {processor.py:186} INFO - Started process (PID=221) to work on /opt/bitnami/airflow/venv/lib/python3.12/site-packages/airflow/example_dags/example_external_task_marker_dag.py
[2024-12-13T11:09:01.086+0000] {processor.py:914} INFO - Processing file /opt/bitnami/airflow/venv/lib/python3.12/site-packages/airflow/example_dags/example_external_task_marker_dag.py for tasks to queue
[2024-12-13T11:09:01.090+0000] {logging_mixin.py:190} INFO - [2024-12-13T11:09:01.089+0000] {dagbag.py:588} INFO - Filling up the DagBag from /opt/bitnami/airflow/venv/lib/python3.12/site-packages/airflow/example_dags/example_external_task_marker_dag.py
[2024-12-13T11:09:01.099+0000] {processor.py:925} INFO - DAG(s) 'example_external_task_marker_parent', 'example_external_task_marker_child' retrieved from /opt/bitnami/airflow/venv/lib/python3.12/site-packages/airflow/example_dags/example_external_task_marker_dag.py
[2024-12-13T11:09:01.156+0000] {logging_mixin.py:190} INFO - [2024-12-13T11:09:01.156+0000] {dag.py:3239} INFO - Sync 2 DAGs
[2024-12-13T11:09:01.184+0000] {logging_mixin.py:190} INFO - [2024-12-13T11:09:01.184+0000] {dag.py:4180} INFO - Setting next_dagrun for example_external_task_marker_child to None, run_after=None
[2024-12-13T11:09:01.190+0000] {logging_mixin.py:190} INFO - [2024-12-13T11:09:01.190+0000] {dag.py:4180} INFO - Setting next_dagrun for example_external_task_marker_parent to None, run_after=None
[2024-12-13T11:09:01.217+0000] {processor.py:208} INFO - Processing /opt/bitnami/airflow/venv/lib/python3.12/site-packages/airflow/example_dags/example_external_task_marker_dag.py took 0.139 seconds
[2024-12-13T11:09:31.376+0000] {processor.py:186} INFO - Started process (PID=278) to work on /opt/bitnami/airflow/venv/lib/python3.12/site-packages/airflow/example_dags/example_external_task_marker_dag.py
[2024-12-13T11:09:31.377+0000] {processor.py:914} INFO - Processing file /opt/bitnami/airflow/venv/lib/python3.12/site-packages/airflow/example_dags/example_external_task_marker_dag.py for tasks to queue
[2024-12-13T11:09:31.380+0000] {logging_mixin.py:190} INFO - [2024-12-13T11:09:31.379+0000] {dagbag.py:588} INFO - Filling up the DagBag from /opt/bitnami/airflow/venv/lib/python3.12/site-packages/airflow/example_dags/example_external_task_marker_dag.py
[2024-12-13T11:09:31.387+0000] {processor.py:925} INFO - DAG(s) 'example_external_task_marker_parent', 'example_external_task_marker_child' retrieved from /opt/bitnami/airflow/venv/lib/python3.12/site-packages/airflow/example_dags/example_external_task_marker_dag.py
[2024-12-13T11:09:31.457+0000] {logging_mixin.py:190} INFO - [2024-12-13T11:09:31.457+0000] {dag.py:3239} INFO - Sync 2 DAGs
[2024-12-13T11:09:31.488+0000] {logging_mixin.py:190} INFO - [2024-12-13T11:09:31.487+0000] {dag.py:4180} INFO - Setting next_dagrun for example_external_task_marker_child to None, run_after=None
[2024-12-13T11:09:31.493+0000] {logging_mixin.py:190} INFO - [2024-12-13T11:09:31.493+0000] {dag.py:4180} INFO - Setting next_dagrun for example_external_task_marker_parent to None, run_after=None
[2024-12-13T11:09:31.527+0000] {processor.py:208} INFO - Processing /opt/bitnami/airflow/venv/lib/python3.12/site-packages/airflow/example_dags/example_external_task_marker_dag.py took 0.156 seconds
[2024-12-13T11:13:41.660+0000] {processor.py:186} INFO - Started process (PID=50) to work on /opt/bitnami/airflow/venv/lib/python3.12/site-packages/airflow/example_dags/example_external_task_marker_dag.py
[2024-12-13T11:13:41.660+0000] {processor.py:914} INFO - Processing file /opt/bitnami/airflow/venv/lib/python3.12/site-packages/airflow/example_dags/example_external_task_marker_dag.py for tasks to queue
[2024-12-13T11:13:41.663+0000] {logging_mixin.py:190} INFO - [2024-12-13T11:13:41.663+0000] {dagbag.py:588} INFO - Filling up the DagBag from /opt/bitnami/airflow/venv/lib/python3.12/site-packages/airflow/example_dags/example_external_task_marker_dag.py
[2024-12-13T11:13:41.669+0000] {processor.py:925} INFO - DAG(s) 'example_external_task_marker_child', 'example_external_task_marker_parent' retrieved from /opt/bitnami/airflow/venv/lib/python3.12/site-packages/airflow/example_dags/example_external_task_marker_dag.py
[2024-12-13T11:13:41.722+0000] {logging_mixin.py:190} INFO - [2024-12-13T11:13:41.722+0000] {dag.py:3239} INFO - Sync 2 DAGs
[2024-12-13T11:13:41.756+0000] {logging_mixin.py:190} INFO - [2024-12-13T11:13:41.756+0000] {dag.py:4180} INFO - Setting next_dagrun for example_external_task_marker_child to None, run_after=None
[2024-12-13T11:13:41.763+0000] {logging_mixin.py:190} INFO - [2024-12-13T11:13:41.762+0000] {dag.py:4180} INFO - Setting next_dagrun for example_external_task_marker_parent to None, run_after=None
[2024-12-13T11:13:41.788+0000] {processor.py:208} INFO - Processing /opt/bitnami/airflow/venv/lib/python3.12/site-packages/airflow/example_dags/example_external_task_marker_dag.py took 0.134 seconds
[2024-12-13T11:14:11.895+0000] {processor.py:186} INFO - Started process (PID=107) to work on /opt/bitnami/airflow/venv/lib/python3.12/site-packages/airflow/example_dags/example_external_task_marker_dag.py
[2024-12-13T11:14:11.896+0000] {processor.py:914} INFO - Processing file /opt/bitnami/airflow/venv/lib/python3.12/site-packages/airflow/example_dags/example_external_task_marker_dag.py for tasks to queue
[2024-12-13T11:14:11.897+0000] {logging_mixin.py:190} INFO - [2024-12-13T11:14:11.897+0000] {dagbag.py:588} INFO - Filling up the DagBag from /opt/bitnami/airflow/venv/lib/python3.12/site-packages/airflow/example_dags/example_external_task_marker_dag.py
[2024-12-13T11:14:11.902+0000] {processor.py:925} INFO - DAG(s) 'example_external_task_marker_parent', 'example_external_task_marker_child' retrieved from /opt/bitnami/airflow/venv/lib/python3.12/site-packages/airflow/example_dags/example_external_task_marker_dag.py
[2024-12-13T11:14:11.939+0000] {logging_mixin.py:190} INFO - [2024-12-13T11:14:11.939+0000] {dag.py:3239} INFO - Sync 2 DAGs
[2024-12-13T11:14:11.973+0000] {logging_mixin.py:190} INFO - [2024-12-13T11:14:11.973+0000] {dag.py:4180} INFO - Setting next_dagrun for example_external_task_marker_child to None, run_after=None
[2024-12-13T11:14:11.979+0000] {logging_mixin.py:190} INFO - [2024-12-13T11:14:11.979+0000] {dag.py:4180} INFO - Setting next_dagrun for example_external_task_marker_parent to None, run_after=None
[2024-12-13T11:14:12.009+0000] {processor.py:208} INFO - Processing /opt/bitnami/airflow/venv/lib/python3.12/site-packages/airflow/example_dags/example_external_task_marker_dag.py took 0.119 seconds
[2024-12-13T11:14:43.312+0000] {processor.py:186} INFO - Started process (PID=164) to work on /opt/bitnami/airflow/venv/lib/python3.12/site-packages/airflow/example_dags/example_external_task_marker_dag.py
[2024-12-13T11:14:43.314+0000] {processor.py:914} INFO - Processing file /opt/bitnami/airflow/venv/lib/python3.12/site-packages/airflow/example_dags/example_external_task_marker_dag.py for tasks to queue
[2024-12-13T11:14:43.317+0000] {logging_mixin.py:190} INFO - [2024-12-13T11:14:43.317+0000] {dagbag.py:588} INFO - Filling up the DagBag from /opt/bitnami/airflow/venv/lib/python3.12/site-packages/airflow/example_dags/example_external_task_marker_dag.py
[2024-12-13T11:14:43.324+0000] {processor.py:925} INFO - DAG(s) 'example_external_task_marker_child', 'example_external_task_marker_parent' retrieved from /opt/bitnami/airflow/venv/lib/python3.12/site-packages/airflow/example_dags/example_external_task_marker_dag.py
[2024-12-13T11:14:43.501+0000] {logging_mixin.py:190} INFO - [2024-12-13T11:14:43.501+0000] {dag.py:3239} INFO - Sync 2 DAGs
[2024-12-13T11:14:43.545+0000] {logging_mixin.py:190} INFO - [2024-12-13T11:14:43.545+0000] {dag.py:4180} INFO - Setting next_dagrun for example_external_task_marker_child to None, run_after=None
[2024-12-13T11:14:43.557+0000] {logging_mixin.py:190} INFO - [2024-12-13T11:14:43.557+0000] {dag.py:4180} INFO - Setting next_dagrun for example_external_task_marker_parent to None, run_after=None
[2024-12-13T11:14:43.594+0000] {processor.py:208} INFO - Processing /opt/bitnami/airflow/venv/lib/python3.12/site-packages/airflow/example_dags/example_external_task_marker_dag.py took 0.287 seconds
[2024-12-13T11:15:13.820+0000] {processor.py:186} INFO - Started process (PID=221) to work on /opt/bitnami/airflow/venv/lib/python3.12/site-packages/airflow/example_dags/example_external_task_marker_dag.py
[2024-12-13T11:15:13.822+0000] {processor.py:914} INFO - Processing file /opt/bitnami/airflow/venv/lib/python3.12/site-packages/airflow/example_dags/example_external_task_marker_dag.py for tasks to queue
[2024-12-13T11:15:13.825+0000] {logging_mixin.py:190} INFO - [2024-12-13T11:15:13.825+0000] {dagbag.py:588} INFO - Filling up the DagBag from /opt/bitnami/airflow/venv/lib/python3.12/site-packages/airflow/example_dags/example_external_task_marker_dag.py
[2024-12-13T11:15:13.832+0000] {processor.py:925} INFO - DAG(s) 'example_external_task_marker_parent', 'example_external_task_marker_child' retrieved from /opt/bitnami/airflow/venv/lib/python3.12/site-packages/airflow/example_dags/example_external_task_marker_dag.py
[2024-12-13T11:15:13.916+0000] {logging_mixin.py:190} INFO - [2024-12-13T11:15:13.916+0000] {dag.py:3239} INFO - Sync 2 DAGs
[2024-12-13T11:15:13.951+0000] {logging_mixin.py:190} INFO - [2024-12-13T11:15:13.951+0000] {dag.py:4180} INFO - Setting next_dagrun for example_external_task_marker_child to None, run_after=None
[2024-12-13T11:15:13.957+0000] {logging_mixin.py:190} INFO - [2024-12-13T11:15:13.957+0000] {dag.py:4180} INFO - Setting next_dagrun for example_external_task_marker_parent to None, run_after=None
[2024-12-13T11:15:13.987+0000] {processor.py:208} INFO - Processing /opt/bitnami/airflow/venv/lib/python3.12/site-packages/airflow/example_dags/example_external_task_marker_dag.py took 0.182 seconds
[2024-12-13T11:57:07.045+0000] {processor.py:186} INFO - Started process (PID=50) to work on /opt/bitnami/airflow/venv/lib/python3.12/site-packages/airflow/example_dags/example_external_task_marker_dag.py
[2024-12-13T11:57:07.047+0000] {processor.py:914} INFO - Processing file /opt/bitnami/airflow/venv/lib/python3.12/site-packages/airflow/example_dags/example_external_task_marker_dag.py for tasks to queue
[2024-12-13T11:57:07.049+0000] {logging_mixin.py:190} INFO - [2024-12-13T11:57:07.049+0000] {dagbag.py:588} INFO - Filling up the DagBag from /opt/bitnami/airflow/venv/lib/python3.12/site-packages/airflow/example_dags/example_external_task_marker_dag.py
[2024-12-13T11:57:07.054+0000] {processor.py:925} INFO - DAG(s) 'example_external_task_marker_parent', 'example_external_task_marker_child' retrieved from /opt/bitnami/airflow/venv/lib/python3.12/site-packages/airflow/example_dags/example_external_task_marker_dag.py
[2024-12-13T11:57:07.093+0000] {logging_mixin.py:190} INFO - [2024-12-13T11:57:07.093+0000] {dag.py:3239} INFO - Sync 2 DAGs
[2024-12-13T11:57:07.119+0000] {logging_mixin.py:190} INFO - [2024-12-13T11:57:07.119+0000] {dag.py:4180} INFO - Setting next_dagrun for example_external_task_marker_child to None, run_after=None
[2024-12-13T11:57:07.125+0000] {logging_mixin.py:190} INFO - [2024-12-13T11:57:07.125+0000] {dag.py:4180} INFO - Setting next_dagrun for example_external_task_marker_parent to None, run_after=None
[2024-12-13T11:57:07.145+0000] {processor.py:208} INFO - Processing /opt/bitnami/airflow/venv/lib/python3.12/site-packages/airflow/example_dags/example_external_task_marker_dag.py took 0.104 seconds
[2024-12-13T11:57:38.062+0000] {processor.py:186} INFO - Started process (PID=107) to work on /opt/bitnami/airflow/venv/lib/python3.12/site-packages/airflow/example_dags/example_external_task_marker_dag.py
[2024-12-13T11:57:38.063+0000] {processor.py:914} INFO - Processing file /opt/bitnami/airflow/venv/lib/python3.12/site-packages/airflow/example_dags/example_external_task_marker_dag.py for tasks to queue
[2024-12-13T11:57:38.065+0000] {logging_mixin.py:190} INFO - [2024-12-13T11:57:38.064+0000] {dagbag.py:588} INFO - Filling up the DagBag from /opt/bitnami/airflow/venv/lib/python3.12/site-packages/airflow/example_dags/example_external_task_marker_dag.py
[2024-12-13T11:57:38.070+0000] {processor.py:925} INFO - DAG(s) 'example_external_task_marker_parent', 'example_external_task_marker_child' retrieved from /opt/bitnami/airflow/venv/lib/python3.12/site-packages/airflow/example_dags/example_external_task_marker_dag.py
[2024-12-13T11:57:38.111+0000] {logging_mixin.py:190} INFO - [2024-12-13T11:57:38.110+0000] {dag.py:3239} INFO - Sync 2 DAGs
[2024-12-13T11:57:38.134+0000] {logging_mixin.py:190} INFO - [2024-12-13T11:57:38.134+0000] {dag.py:4180} INFO - Setting next_dagrun for example_external_task_marker_child to None, run_after=None
[2024-12-13T11:57:38.140+0000] {logging_mixin.py:190} INFO - [2024-12-13T11:57:38.140+0000] {dag.py:4180} INFO - Setting next_dagrun for example_external_task_marker_parent to None, run_after=None
[2024-12-13T11:57:38.159+0000] {processor.py:208} INFO - Processing /opt/bitnami/airflow/venv/lib/python3.12/site-packages/airflow/example_dags/example_external_task_marker_dag.py took 0.102 seconds
[2024-12-13T11:58:32.583+0000] {processor.py:186} INFO - Started process (PID=50) to work on /opt/bitnami/airflow/venv/lib/python3.12/site-packages/airflow/example_dags/example_external_task_marker_dag.py
[2024-12-13T11:58:32.584+0000] {processor.py:914} INFO - Processing file /opt/bitnami/airflow/venv/lib/python3.12/site-packages/airflow/example_dags/example_external_task_marker_dag.py for tasks to queue
[2024-12-13T11:58:32.586+0000] {logging_mixin.py:190} INFO - [2024-12-13T11:58:32.586+0000] {dagbag.py:588} INFO - Filling up the DagBag from /opt/bitnami/airflow/venv/lib/python3.12/site-packages/airflow/example_dags/example_external_task_marker_dag.py
[2024-12-13T11:58:32.590+0000] {processor.py:925} INFO - DAG(s) 'example_external_task_marker_child', 'example_external_task_marker_parent' retrieved from /opt/bitnami/airflow/venv/lib/python3.12/site-packages/airflow/example_dags/example_external_task_marker_dag.py
[2024-12-13T11:58:32.626+0000] {logging_mixin.py:190} INFO - [2024-12-13T11:58:32.625+0000] {dag.py:3239} INFO - Sync 2 DAGs
[2024-12-13T11:58:32.648+0000] {logging_mixin.py:190} INFO - [2024-12-13T11:58:32.648+0000] {dag.py:4180} INFO - Setting next_dagrun for example_external_task_marker_child to None, run_after=None
[2024-12-13T11:58:32.652+0000] {logging_mixin.py:190} INFO - [2024-12-13T11:58:32.652+0000] {dag.py:4180} INFO - Setting next_dagrun for example_external_task_marker_parent to None, run_after=None
[2024-12-13T11:58:32.670+0000] {processor.py:208} INFO - Processing /opt/bitnami/airflow/venv/lib/python3.12/site-packages/airflow/example_dags/example_external_task_marker_dag.py took 0.092 seconds
[2024-12-13T11:59:03.261+0000] {processor.py:186} INFO - Started process (PID=107) to work on /opt/bitnami/airflow/venv/lib/python3.12/site-packages/airflow/example_dags/example_external_task_marker_dag.py
[2024-12-13T11:59:03.262+0000] {processor.py:914} INFO - Processing file /opt/bitnami/airflow/venv/lib/python3.12/site-packages/airflow/example_dags/example_external_task_marker_dag.py for tasks to queue
[2024-12-13T11:59:03.264+0000] {logging_mixin.py:190} INFO - [2024-12-13T11:59:03.263+0000] {dagbag.py:588} INFO - Filling up the DagBag from /opt/bitnami/airflow/venv/lib/python3.12/site-packages/airflow/example_dags/example_external_task_marker_dag.py
[2024-12-13T11:59:03.269+0000] {processor.py:925} INFO - DAG(s) 'example_external_task_marker_child', 'example_external_task_marker_parent' retrieved from /opt/bitnami/airflow/venv/lib/python3.12/site-packages/airflow/example_dags/example_external_task_marker_dag.py
[2024-12-13T11:59:03.320+0000] {logging_mixin.py:190} INFO - [2024-12-13T11:59:03.319+0000] {dag.py:3239} INFO - Sync 2 DAGs
[2024-12-13T11:59:03.351+0000] {logging_mixin.py:190} INFO - [2024-12-13T11:59:03.351+0000] {dag.py:4180} INFO - Setting next_dagrun for example_external_task_marker_child to None, run_after=None
[2024-12-13T11:59:03.358+0000] {logging_mixin.py:190} INFO - [2024-12-13T11:59:03.358+0000] {dag.py:4180} INFO - Setting next_dagrun for example_external_task_marker_parent to None, run_after=None
[2024-12-13T11:59:03.386+0000] {processor.py:208} INFO - Processing /opt/bitnami/airflow/venv/lib/python3.12/site-packages/airflow/example_dags/example_external_task_marker_dag.py took 0.130 seconds
[2024-12-13T11:59:33.651+0000] {processor.py:186} INFO - Started process (PID=164) to work on /opt/bitnami/airflow/venv/lib/python3.12/site-packages/airflow/example_dags/example_external_task_marker_dag.py
[2024-12-13T11:59:33.652+0000] {processor.py:914} INFO - Processing file /opt/bitnami/airflow/venv/lib/python3.12/site-packages/airflow/example_dags/example_external_task_marker_dag.py for tasks to queue
[2024-12-13T11:59:33.654+0000] {logging_mixin.py:190} INFO - [2024-12-13T11:59:33.653+0000] {dagbag.py:588} INFO - Filling up the DagBag from /opt/bitnami/airflow/venv/lib/python3.12/site-packages/airflow/example_dags/example_external_task_marker_dag.py
[2024-12-13T11:59:33.659+0000] {processor.py:925} INFO - DAG(s) 'example_external_task_marker_child', 'example_external_task_marker_parent' retrieved from /opt/bitnami/airflow/venv/lib/python3.12/site-packages/airflow/example_dags/example_external_task_marker_dag.py
[2024-12-13T11:59:33.759+0000] {logging_mixin.py:190} INFO - [2024-12-13T11:59:33.759+0000] {dag.py:3239} INFO - Sync 2 DAGs
[2024-12-13T11:59:33.779+0000] {logging_mixin.py:190} INFO - [2024-12-13T11:59:33.779+0000] {dag.py:4180} INFO - Setting next_dagrun for example_external_task_marker_child to None, run_after=None
[2024-12-13T11:59:33.783+0000] {logging_mixin.py:190} INFO - [2024-12-13T11:59:33.783+0000] {dag.py:4180} INFO - Setting next_dagrun for example_external_task_marker_parent to None, run_after=None
[2024-12-13T11:59:33.806+0000] {processor.py:208} INFO - Processing /opt/bitnami/airflow/venv/lib/python3.12/site-packages/airflow/example_dags/example_external_task_marker_dag.py took 0.160 seconds
[2024-12-13T12:00:04.076+0000] {processor.py:186} INFO - Started process (PID=221) to work on /opt/bitnami/airflow/venv/lib/python3.12/site-packages/airflow/example_dags/example_external_task_marker_dag.py
[2024-12-13T12:00:04.077+0000] {processor.py:914} INFO - Processing file /opt/bitnami/airflow/venv/lib/python3.12/site-packages/airflow/example_dags/example_external_task_marker_dag.py for tasks to queue
[2024-12-13T12:00:04.079+0000] {logging_mixin.py:190} INFO - [2024-12-13T12:00:04.078+0000] {dagbag.py:588} INFO - Filling up the DagBag from /opt/bitnami/airflow/venv/lib/python3.12/site-packages/airflow/example_dags/example_external_task_marker_dag.py
[2024-12-13T12:00:04.083+0000] {processor.py:925} INFO - DAG(s) 'example_external_task_marker_parent', 'example_external_task_marker_child' retrieved from /opt/bitnami/airflow/venv/lib/python3.12/site-packages/airflow/example_dags/example_external_task_marker_dag.py
[2024-12-13T12:00:04.118+0000] {logging_mixin.py:190} INFO - [2024-12-13T12:00:04.117+0000] {dag.py:3239} INFO - Sync 2 DAGs
[2024-12-13T12:00:04.138+0000] {logging_mixin.py:190} INFO - [2024-12-13T12:00:04.138+0000] {dag.py:4180} INFO - Setting next_dagrun for example_external_task_marker_child to None, run_after=None
[2024-12-13T12:00:04.143+0000] {logging_mixin.py:190} INFO - [2024-12-13T12:00:04.143+0000] {dag.py:4180} INFO - Setting next_dagrun for example_external_task_marker_parent to None, run_after=None
[2024-12-13T12:00:04.162+0000] {processor.py:208} INFO - Processing /opt/bitnami/airflow/venv/lib/python3.12/site-packages/airflow/example_dags/example_external_task_marker_dag.py took 0.091 seconds
[2024-12-13T12:00:34.447+0000] {processor.py:186} INFO - Started process (PID=278) to work on /opt/bitnami/airflow/venv/lib/python3.12/site-packages/airflow/example_dags/example_external_task_marker_dag.py
[2024-12-13T12:00:34.448+0000] {processor.py:914} INFO - Processing file /opt/bitnami/airflow/venv/lib/python3.12/site-packages/airflow/example_dags/example_external_task_marker_dag.py for tasks to queue
[2024-12-13T12:00:34.450+0000] {logging_mixin.py:190} INFO - [2024-12-13T12:00:34.450+0000] {dagbag.py:588} INFO - Filling up the DagBag from /opt/bitnami/airflow/venv/lib/python3.12/site-packages/airflow/example_dags/example_external_task_marker_dag.py
[2024-12-13T12:00:34.456+0000] {processor.py:925} INFO - DAG(s) 'example_external_task_marker_child', 'example_external_task_marker_parent' retrieved from /opt/bitnami/airflow/venv/lib/python3.12/site-packages/airflow/example_dags/example_external_task_marker_dag.py
[2024-12-13T12:00:34.494+0000] {logging_mixin.py:190} INFO - [2024-12-13T12:00:34.494+0000] {dag.py:3239} INFO - Sync 2 DAGs
[2024-12-13T12:00:34.515+0000] {logging_mixin.py:190} INFO - [2024-12-13T12:00:34.514+0000] {dag.py:4180} INFO - Setting next_dagrun for example_external_task_marker_child to None, run_after=None
[2024-12-13T12:00:34.519+0000] {logging_mixin.py:190} INFO - [2024-12-13T12:00:34.519+0000] {dag.py:4180} INFO - Setting next_dagrun for example_external_task_marker_parent to None, run_after=None
[2024-12-13T12:00:34.538+0000] {processor.py:208} INFO - Processing /opt/bitnami/airflow/venv/lib/python3.12/site-packages/airflow/example_dags/example_external_task_marker_dag.py took 0.096 seconds
[2024-12-13T12:01:05.167+0000] {processor.py:186} INFO - Started process (PID=335) to work on /opt/bitnami/airflow/venv/lib/python3.12/site-packages/airflow/example_dags/example_external_task_marker_dag.py
[2024-12-13T12:01:05.168+0000] {processor.py:914} INFO - Processing file /opt/bitnami/airflow/venv/lib/python3.12/site-packages/airflow/example_dags/example_external_task_marker_dag.py for tasks to queue
[2024-12-13T12:01:05.170+0000] {logging_mixin.py:190} INFO - [2024-12-13T12:01:05.170+0000] {dagbag.py:588} INFO - Filling up the DagBag from /opt/bitnami/airflow/venv/lib/python3.12/site-packages/airflow/example_dags/example_external_task_marker_dag.py
[2024-12-13T12:01:05.175+0000] {processor.py:925} INFO - DAG(s) 'example_external_task_marker_child', 'example_external_task_marker_parent' retrieved from /opt/bitnami/airflow/venv/lib/python3.12/site-packages/airflow/example_dags/example_external_task_marker_dag.py
[2024-12-13T12:01:05.218+0000] {logging_mixin.py:190} INFO - [2024-12-13T12:01:05.217+0000] {dag.py:3239} INFO - Sync 2 DAGs
[2024-12-13T12:01:05.250+0000] {logging_mixin.py:190} INFO - [2024-12-13T12:01:05.250+0000] {dag.py:4180} INFO - Setting next_dagrun for example_external_task_marker_child to None, run_after=None
[2024-12-13T12:01:05.255+0000] {logging_mixin.py:190} INFO - [2024-12-13T12:01:05.254+0000] {dag.py:4180} INFO - Setting next_dagrun for example_external_task_marker_parent to None, run_after=None
[2024-12-13T12:01:05.274+0000] {processor.py:208} INFO - Processing /opt/bitnami/airflow/venv/lib/python3.12/site-packages/airflow/example_dags/example_external_task_marker_dag.py took 0.112 seconds
[2024-12-13T12:01:35.850+0000] {processor.py:186} INFO - Started process (PID=392) to work on /opt/bitnami/airflow/venv/lib/python3.12/site-packages/airflow/example_dags/example_external_task_marker_dag.py
[2024-12-13T12:01:35.851+0000] {processor.py:914} INFO - Processing file /opt/bitnami/airflow/venv/lib/python3.12/site-packages/airflow/example_dags/example_external_task_marker_dag.py for tasks to queue
[2024-12-13T12:01:35.853+0000] {logging_mixin.py:190} INFO - [2024-12-13T12:01:35.853+0000] {dagbag.py:588} INFO - Filling up the DagBag from /opt/bitnami/airflow/venv/lib/python3.12/site-packages/airflow/example_dags/example_external_task_marker_dag.py
[2024-12-13T12:01:35.859+0000] {processor.py:925} INFO - DAG(s) 'example_external_task_marker_child', 'example_external_task_marker_parent' retrieved from /opt/bitnami/airflow/venv/lib/python3.12/site-packages/airflow/example_dags/example_external_task_marker_dag.py
[2024-12-13T12:01:35.896+0000] {logging_mixin.py:190} INFO - [2024-12-13T12:01:35.895+0000] {dag.py:3239} INFO - Sync 2 DAGs
[2024-12-13T12:01:35.916+0000] {logging_mixin.py:190} INFO - [2024-12-13T12:01:35.916+0000] {dag.py:4180} INFO - Setting next_dagrun for example_external_task_marker_child to None, run_after=None
[2024-12-13T12:01:35.921+0000] {logging_mixin.py:190} INFO - [2024-12-13T12:01:35.921+0000] {dag.py:4180} INFO - Setting next_dagrun for example_external_task_marker_parent to None, run_after=None
[2024-12-13T12:01:35.942+0000] {processor.py:208} INFO - Processing /opt/bitnami/airflow/venv/lib/python3.12/site-packages/airflow/example_dags/example_external_task_marker_dag.py took 0.096 seconds
[2024-12-13T12:02:06.820+0000] {processor.py:186} INFO - Started process (PID=449) to work on /opt/bitnami/airflow/venv/lib/python3.12/site-packages/airflow/example_dags/example_external_task_marker_dag.py
[2024-12-13T12:02:06.821+0000] {processor.py:914} INFO - Processing file /opt/bitnami/airflow/venv/lib/python3.12/site-packages/airflow/example_dags/example_external_task_marker_dag.py for tasks to queue
[2024-12-13T12:02:06.824+0000] {logging_mixin.py:190} INFO - [2024-12-13T12:02:06.824+0000] {dagbag.py:588} INFO - Filling up the DagBag from /opt/bitnami/airflow/venv/lib/python3.12/site-packages/airflow/example_dags/example_external_task_marker_dag.py
[2024-12-13T12:02:06.830+0000] {processor.py:925} INFO - DAG(s) 'example_external_task_marker_child', 'example_external_task_marker_parent' retrieved from /opt/bitnami/airflow/venv/lib/python3.12/site-packages/airflow/example_dags/example_external_task_marker_dag.py
[2024-12-13T12:02:06.877+0000] {logging_mixin.py:190} INFO - [2024-12-13T12:02:06.877+0000] {dag.py:3239} INFO - Sync 2 DAGs
[2024-12-13T12:02:06.898+0000] {logging_mixin.py:190} INFO - [2024-12-13T12:02:06.898+0000] {dag.py:4180} INFO - Setting next_dagrun for example_external_task_marker_child to None, run_after=None
[2024-12-13T12:02:06.903+0000] {logging_mixin.py:190} INFO - [2024-12-13T12:02:06.903+0000] {dag.py:4180} INFO - Setting next_dagrun for example_external_task_marker_parent to None, run_after=None
[2024-12-13T12:02:06.923+0000] {processor.py:208} INFO - Processing /opt/bitnami/airflow/venv/lib/python3.12/site-packages/airflow/example_dags/example_external_task_marker_dag.py took 0.108 seconds
[2024-12-13T12:02:37.278+0000] {processor.py:186} INFO - Started process (PID=506) to work on /opt/bitnami/airflow/venv/lib/python3.12/site-packages/airflow/example_dags/example_external_task_marker_dag.py
[2024-12-13T12:02:37.278+0000] {processor.py:914} INFO - Processing file /opt/bitnami/airflow/venv/lib/python3.12/site-packages/airflow/example_dags/example_external_task_marker_dag.py for tasks to queue
[2024-12-13T12:02:37.280+0000] {logging_mixin.py:190} INFO - [2024-12-13T12:02:37.280+0000] {dagbag.py:588} INFO - Filling up the DagBag from /opt/bitnami/airflow/venv/lib/python3.12/site-packages/airflow/example_dags/example_external_task_marker_dag.py
[2024-12-13T12:02:37.286+0000] {processor.py:925} INFO - DAG(s) 'example_external_task_marker_child', 'example_external_task_marker_parent' retrieved from /opt/bitnami/airflow/venv/lib/python3.12/site-packages/airflow/example_dags/example_external_task_marker_dag.py
[2024-12-13T12:02:37.320+0000] {logging_mixin.py:190} INFO - [2024-12-13T12:02:37.319+0000] {dag.py:3239} INFO - Sync 2 DAGs
[2024-12-13T12:02:37.340+0000] {logging_mixin.py:190} INFO - [2024-12-13T12:02:37.340+0000] {dag.py:4180} INFO - Setting next_dagrun for example_external_task_marker_child to None, run_after=None
[2024-12-13T12:02:37.344+0000] {logging_mixin.py:190} INFO - [2024-12-13T12:02:37.344+0000] {dag.py:4180} INFO - Setting next_dagrun for example_external_task_marker_parent to None, run_after=None
[2024-12-13T12:02:37.364+0000] {processor.py:208} INFO - Processing /opt/bitnami/airflow/venv/lib/python3.12/site-packages/airflow/example_dags/example_external_task_marker_dag.py took 0.091 seconds
