[2024-12-13T08:19:45.576+0000] {processor.py:186} INFO - Started process (PID=76) to work on /opt/bitnami/airflow/venv/lib/python3.12/site-packages/airflow/example_dags/example_sensor_decorator.py
[2024-12-13T08:19:45.577+0000] {processor.py:914} INFO - Processing file /opt/bitnami/airflow/venv/lib/python3.12/site-packages/airflow/example_dags/example_sensor_decorator.py for tasks to queue
[2024-12-13T08:19:45.579+0000] {logging_mixin.py:190} INFO - [2024-12-13T08:19:45.578+0000] {dagbag.py:588} INFO - Filling up the DagBag from /opt/bitnami/airflow/venv/lib/python3.12/site-packages/airflow/example_dags/example_sensor_decorator.py
[2024-12-13T08:19:45.583+0000] {processor.py:925} INFO - DAG(s) 'example_sensor_decorator' retrieved from /opt/bitnami/airflow/venv/lib/python3.12/site-packages/airflow/example_dags/example_sensor_decorator.py
[2024-12-13T08:19:45.613+0000] {logging_mixin.py:190} INFO - [2024-12-13T08:19:45.612+0000] {dag.py:3239} INFO - Sync 1 DAGs
[2024-12-13T08:19:45.634+0000] {logging_mixin.py:190} INFO - [2024-12-13T08:19:45.634+0000] {dag.py:4180} INFO - Setting next_dagrun for example_sensor_decorator to None, run_after=None
[2024-12-13T08:19:45.653+0000] {processor.py:208} INFO - Processing /opt/bitnami/airflow/venv/lib/python3.12/site-packages/airflow/example_dags/example_sensor_decorator.py took 0.082 seconds
[2024-12-13T08:20:15.816+0000] {processor.py:186} INFO - Started process (PID=133) to work on /opt/bitnami/airflow/venv/lib/python3.12/site-packages/airflow/example_dags/example_sensor_decorator.py
[2024-12-13T08:20:15.817+0000] {processor.py:914} INFO - Processing file /opt/bitnami/airflow/venv/lib/python3.12/site-packages/airflow/example_dags/example_sensor_decorator.py for tasks to queue
[2024-12-13T08:20:15.819+0000] {logging_mixin.py:190} INFO - [2024-12-13T08:20:15.819+0000] {dagbag.py:588} INFO - Filling up the DagBag from /opt/bitnami/airflow/venv/lib/python3.12/site-packages/airflow/example_dags/example_sensor_decorator.py
[2024-12-13T08:20:15.824+0000] {processor.py:925} INFO - DAG(s) 'example_sensor_decorator' retrieved from /opt/bitnami/airflow/venv/lib/python3.12/site-packages/airflow/example_dags/example_sensor_decorator.py
[2024-12-13T08:20:15.868+0000] {logging_mixin.py:190} INFO - [2024-12-13T08:20:15.867+0000] {dag.py:3239} INFO - Sync 1 DAGs
[2024-12-13T08:20:15.889+0000] {logging_mixin.py:190} INFO - [2024-12-13T08:20:15.888+0000] {dag.py:4180} INFO - Setting next_dagrun for example_sensor_decorator to None, run_after=None
[2024-12-13T08:20:15.907+0000] {processor.py:208} INFO - Processing /opt/bitnami/airflow/venv/lib/python3.12/site-packages/airflow/example_dags/example_sensor_decorator.py took 0.095 seconds
[2024-12-13T08:20:46.444+0000] {processor.py:186} INFO - Started process (PID=190) to work on /opt/bitnami/airflow/venv/lib/python3.12/site-packages/airflow/example_dags/example_sensor_decorator.py
[2024-12-13T08:20:46.445+0000] {processor.py:914} INFO - Processing file /opt/bitnami/airflow/venv/lib/python3.12/site-packages/airflow/example_dags/example_sensor_decorator.py for tasks to queue
[2024-12-13T08:20:46.447+0000] {logging_mixin.py:190} INFO - [2024-12-13T08:20:46.447+0000] {dagbag.py:588} INFO - Filling up the DagBag from /opt/bitnami/airflow/venv/lib/python3.12/site-packages/airflow/example_dags/example_sensor_decorator.py
[2024-12-13T08:20:46.454+0000] {processor.py:925} INFO - DAG(s) 'example_sensor_decorator' retrieved from /opt/bitnami/airflow/venv/lib/python3.12/site-packages/airflow/example_dags/example_sensor_decorator.py
[2024-12-13T08:20:46.501+0000] {logging_mixin.py:190} INFO - [2024-12-13T08:20:46.500+0000] {dag.py:3239} INFO - Sync 1 DAGs
[2024-12-13T08:20:46.525+0000] {logging_mixin.py:190} INFO - [2024-12-13T08:20:46.524+0000] {dag.py:4180} INFO - Setting next_dagrun for example_sensor_decorator to None, run_after=None
[2024-12-13T08:20:46.556+0000] {processor.py:208} INFO - Processing /opt/bitnami/airflow/venv/lib/python3.12/site-packages/airflow/example_dags/example_sensor_decorator.py took 0.119 seconds
[2024-12-13T08:21:17.224+0000] {processor.py:186} INFO - Started process (PID=247) to work on /opt/bitnami/airflow/venv/lib/python3.12/site-packages/airflow/example_dags/example_sensor_decorator.py
[2024-12-13T08:21:17.225+0000] {processor.py:914} INFO - Processing file /opt/bitnami/airflow/venv/lib/python3.12/site-packages/airflow/example_dags/example_sensor_decorator.py for tasks to queue
[2024-12-13T08:21:17.227+0000] {logging_mixin.py:190} INFO - [2024-12-13T08:21:17.227+0000] {dagbag.py:588} INFO - Filling up the DagBag from /opt/bitnami/airflow/venv/lib/python3.12/site-packages/airflow/example_dags/example_sensor_decorator.py
[2024-12-13T08:21:17.232+0000] {processor.py:925} INFO - DAG(s) 'example_sensor_decorator' retrieved from /opt/bitnami/airflow/venv/lib/python3.12/site-packages/airflow/example_dags/example_sensor_decorator.py
[2024-12-13T08:21:17.304+0000] {logging_mixin.py:190} INFO - [2024-12-13T08:21:17.303+0000] {dag.py:3239} INFO - Sync 1 DAGs
[2024-12-13T08:21:17.324+0000] {logging_mixin.py:190} INFO - [2024-12-13T08:21:17.324+0000] {dag.py:4180} INFO - Setting next_dagrun for example_sensor_decorator to None, run_after=None
[2024-12-13T08:21:17.360+0000] {processor.py:208} INFO - Processing /opt/bitnami/airflow/venv/lib/python3.12/site-packages/airflow/example_dags/example_sensor_decorator.py took 0.141 seconds
[2024-12-13T08:21:48.231+0000] {processor.py:186} INFO - Started process (PID=304) to work on /opt/bitnami/airflow/venv/lib/python3.12/site-packages/airflow/example_dags/example_sensor_decorator.py
[2024-12-13T08:21:48.232+0000] {processor.py:914} INFO - Processing file /opt/bitnami/airflow/venv/lib/python3.12/site-packages/airflow/example_dags/example_sensor_decorator.py for tasks to queue
[2024-12-13T08:21:48.234+0000] {logging_mixin.py:190} INFO - [2024-12-13T08:21:48.233+0000] {dagbag.py:588} INFO - Filling up the DagBag from /opt/bitnami/airflow/venv/lib/python3.12/site-packages/airflow/example_dags/example_sensor_decorator.py
[2024-12-13T08:21:48.238+0000] {processor.py:925} INFO - DAG(s) 'example_sensor_decorator' retrieved from /opt/bitnami/airflow/venv/lib/python3.12/site-packages/airflow/example_dags/example_sensor_decorator.py
[2024-12-13T08:21:48.268+0000] {logging_mixin.py:190} INFO - [2024-12-13T08:21:48.268+0000] {dag.py:3239} INFO - Sync 1 DAGs
[2024-12-13T08:21:48.287+0000] {logging_mixin.py:190} INFO - [2024-12-13T08:21:48.287+0000] {dag.py:4180} INFO - Setting next_dagrun for example_sensor_decorator to None, run_after=None
[2024-12-13T08:21:48.314+0000] {processor.py:208} INFO - Processing /opt/bitnami/airflow/venv/lib/python3.12/site-packages/airflow/example_dags/example_sensor_decorator.py took 0.088 seconds
[2024-12-13T08:22:18.606+0000] {processor.py:186} INFO - Started process (PID=361) to work on /opt/bitnami/airflow/venv/lib/python3.12/site-packages/airflow/example_dags/example_sensor_decorator.py
[2024-12-13T08:22:18.607+0000] {processor.py:914} INFO - Processing file /opt/bitnami/airflow/venv/lib/python3.12/site-packages/airflow/example_dags/example_sensor_decorator.py for tasks to queue
[2024-12-13T08:22:18.609+0000] {logging_mixin.py:190} INFO - [2024-12-13T08:22:18.609+0000] {dagbag.py:588} INFO - Filling up the DagBag from /opt/bitnami/airflow/venv/lib/python3.12/site-packages/airflow/example_dags/example_sensor_decorator.py
[2024-12-13T08:22:18.614+0000] {processor.py:925} INFO - DAG(s) 'example_sensor_decorator' retrieved from /opt/bitnami/airflow/venv/lib/python3.12/site-packages/airflow/example_dags/example_sensor_decorator.py
[2024-12-13T08:22:18.645+0000] {logging_mixin.py:190} INFO - [2024-12-13T08:22:18.644+0000] {dag.py:3239} INFO - Sync 1 DAGs
[2024-12-13T08:22:18.661+0000] {logging_mixin.py:190} INFO - [2024-12-13T08:22:18.661+0000] {dag.py:4180} INFO - Setting next_dagrun for example_sensor_decorator to None, run_after=None
[2024-12-13T08:22:18.681+0000] {processor.py:208} INFO - Processing /opt/bitnami/airflow/venv/lib/python3.12/site-packages/airflow/example_dags/example_sensor_decorator.py took 0.081 seconds
[2024-12-13T08:22:49.432+0000] {processor.py:186} INFO - Started process (PID=418) to work on /opt/bitnami/airflow/venv/lib/python3.12/site-packages/airflow/example_dags/example_sensor_decorator.py
[2024-12-13T08:22:49.433+0000] {processor.py:914} INFO - Processing file /opt/bitnami/airflow/venv/lib/python3.12/site-packages/airflow/example_dags/example_sensor_decorator.py for tasks to queue
[2024-12-13T08:22:49.435+0000] {logging_mixin.py:190} INFO - [2024-12-13T08:22:49.435+0000] {dagbag.py:588} INFO - Filling up the DagBag from /opt/bitnami/airflow/venv/lib/python3.12/site-packages/airflow/example_dags/example_sensor_decorator.py
[2024-12-13T08:22:49.440+0000] {processor.py:925} INFO - DAG(s) 'example_sensor_decorator' retrieved from /opt/bitnami/airflow/venv/lib/python3.12/site-packages/airflow/example_dags/example_sensor_decorator.py
[2024-12-13T08:22:49.474+0000] {logging_mixin.py:190} INFO - [2024-12-13T08:22:49.474+0000] {dag.py:3239} INFO - Sync 1 DAGs
[2024-12-13T08:22:49.489+0000] {logging_mixin.py:190} INFO - [2024-12-13T08:22:49.489+0000] {dag.py:4180} INFO - Setting next_dagrun for example_sensor_decorator to None, run_after=None
[2024-12-13T08:22:49.508+0000] {processor.py:208} INFO - Processing /opt/bitnami/airflow/venv/lib/python3.12/site-packages/airflow/example_dags/example_sensor_decorator.py took 0.081 seconds
[2024-12-13T08:25:46.657+0000] {processor.py:186} INFO - Started process (PID=76) to work on /opt/bitnami/airflow/venv/lib/python3.12/site-packages/airflow/example_dags/example_sensor_decorator.py
[2024-12-13T08:25:46.658+0000] {processor.py:914} INFO - Processing file /opt/bitnami/airflow/venv/lib/python3.12/site-packages/airflow/example_dags/example_sensor_decorator.py for tasks to queue
[2024-12-13T08:25:46.661+0000] {logging_mixin.py:190} INFO - [2024-12-13T08:25:46.661+0000] {dagbag.py:588} INFO - Filling up the DagBag from /opt/bitnami/airflow/venv/lib/python3.12/site-packages/airflow/example_dags/example_sensor_decorator.py
[2024-12-13T08:25:46.667+0000] {processor.py:925} INFO - DAG(s) 'example_sensor_decorator' retrieved from /opt/bitnami/airflow/venv/lib/python3.12/site-packages/airflow/example_dags/example_sensor_decorator.py
[2024-12-13T08:25:46.701+0000] {logging_mixin.py:190} INFO - [2024-12-13T08:25:46.700+0000] {dag.py:3239} INFO - Sync 1 DAGs
[2024-12-13T08:25:46.722+0000] {logging_mixin.py:190} INFO - [2024-12-13T08:25:46.722+0000] {dag.py:4180} INFO - Setting next_dagrun for example_sensor_decorator to None, run_after=None
[2024-12-13T08:25:46.745+0000] {processor.py:208} INFO - Processing /opt/bitnami/airflow/venv/lib/python3.12/site-packages/airflow/example_dags/example_sensor_decorator.py took 0.094 seconds
[2024-12-13T08:26:16.791+0000] {processor.py:186} INFO - Started process (PID=133) to work on /opt/bitnami/airflow/venv/lib/python3.12/site-packages/airflow/example_dags/example_sensor_decorator.py
[2024-12-13T08:26:16.792+0000] {processor.py:914} INFO - Processing file /opt/bitnami/airflow/venv/lib/python3.12/site-packages/airflow/example_dags/example_sensor_decorator.py for tasks to queue
[2024-12-13T08:26:16.794+0000] {logging_mixin.py:190} INFO - [2024-12-13T08:26:16.793+0000] {dagbag.py:588} INFO - Filling up the DagBag from /opt/bitnami/airflow/venv/lib/python3.12/site-packages/airflow/example_dags/example_sensor_decorator.py
[2024-12-13T08:26:16.798+0000] {processor.py:925} INFO - DAG(s) 'example_sensor_decorator' retrieved from /opt/bitnami/airflow/venv/lib/python3.12/site-packages/airflow/example_dags/example_sensor_decorator.py
[2024-12-13T08:26:16.821+0000] {logging_mixin.py:190} INFO - [2024-12-13T08:26:16.821+0000] {dag.py:3239} INFO - Sync 1 DAGs
[2024-12-13T08:26:16.837+0000] {logging_mixin.py:190} INFO - [2024-12-13T08:26:16.837+0000] {dag.py:4180} INFO - Setting next_dagrun for example_sensor_decorator to None, run_after=None
[2024-12-13T08:26:16.854+0000] {processor.py:208} INFO - Processing /opt/bitnami/airflow/venv/lib/python3.12/site-packages/airflow/example_dags/example_sensor_decorator.py took 0.067 seconds
[2024-12-13T08:26:49.348+0000] {processor.py:186} INFO - Started process (PID=190) to work on /opt/bitnami/airflow/venv/lib/python3.12/site-packages/airflow/example_dags/example_sensor_decorator.py
[2024-12-13T08:26:49.349+0000] {processor.py:914} INFO - Processing file /opt/bitnami/airflow/venv/lib/python3.12/site-packages/airflow/example_dags/example_sensor_decorator.py for tasks to queue
[2024-12-13T08:26:49.351+0000] {logging_mixin.py:190} INFO - [2024-12-13T08:26:49.351+0000] {dagbag.py:588} INFO - Filling up the DagBag from /opt/bitnami/airflow/venv/lib/python3.12/site-packages/airflow/example_dags/example_sensor_decorator.py
[2024-12-13T08:26:49.356+0000] {processor.py:925} INFO - DAG(s) 'example_sensor_decorator' retrieved from /opt/bitnami/airflow/venv/lib/python3.12/site-packages/airflow/example_dags/example_sensor_decorator.py
[2024-12-13T08:26:49.439+0000] {logging_mixin.py:190} INFO - [2024-12-13T08:26:49.438+0000] {dag.py:3239} INFO - Sync 1 DAGs
[2024-12-13T08:26:49.456+0000] {logging_mixin.py:190} INFO - [2024-12-13T08:26:49.456+0000] {dag.py:4180} INFO - Setting next_dagrun for example_sensor_decorator to None, run_after=None
[2024-12-13T08:26:49.481+0000] {processor.py:208} INFO - Processing /opt/bitnami/airflow/venv/lib/python3.12/site-packages/airflow/example_dags/example_sensor_decorator.py took 0.139 seconds
[2024-12-13T08:27:19.920+0000] {processor.py:186} INFO - Started process (PID=247) to work on /opt/bitnami/airflow/venv/lib/python3.12/site-packages/airflow/example_dags/example_sensor_decorator.py
[2024-12-13T08:27:19.921+0000] {processor.py:914} INFO - Processing file /opt/bitnami/airflow/venv/lib/python3.12/site-packages/airflow/example_dags/example_sensor_decorator.py for tasks to queue
[2024-12-13T08:27:19.923+0000] {logging_mixin.py:190} INFO - [2024-12-13T08:27:19.923+0000] {dagbag.py:588} INFO - Filling up the DagBag from /opt/bitnami/airflow/venv/lib/python3.12/site-packages/airflow/example_dags/example_sensor_decorator.py
[2024-12-13T08:27:19.927+0000] {processor.py:925} INFO - DAG(s) 'example_sensor_decorator' retrieved from /opt/bitnami/airflow/venv/lib/python3.12/site-packages/airflow/example_dags/example_sensor_decorator.py
[2024-12-13T08:27:19.958+0000] {logging_mixin.py:190} INFO - [2024-12-13T08:27:19.957+0000] {dag.py:3239} INFO - Sync 1 DAGs
[2024-12-13T08:27:19.978+0000] {logging_mixin.py:190} INFO - [2024-12-13T08:27:19.978+0000] {dag.py:4180} INFO - Setting next_dagrun for example_sensor_decorator to None, run_after=None
[2024-12-13T08:27:20.002+0000] {processor.py:208} INFO - Processing /opt/bitnami/airflow/venv/lib/python3.12/site-packages/airflow/example_dags/example_sensor_decorator.py took 0.087 seconds
[2024-12-13T10:42:41.652+0000] {processor.py:186} INFO - Started process (PID=76) to work on /opt/bitnami/airflow/venv/lib/python3.12/site-packages/airflow/example_dags/example_sensor_decorator.py
[2024-12-13T10:42:41.655+0000] {processor.py:914} INFO - Processing file /opt/bitnami/airflow/venv/lib/python3.12/site-packages/airflow/example_dags/example_sensor_decorator.py for tasks to queue
[2024-12-13T10:42:41.658+0000] {logging_mixin.py:190} INFO - [2024-12-13T10:42:41.657+0000] {dagbag.py:588} INFO - Filling up the DagBag from /opt/bitnami/airflow/venv/lib/python3.12/site-packages/airflow/example_dags/example_sensor_decorator.py
[2024-12-13T10:42:41.663+0000] {processor.py:925} INFO - DAG(s) 'example_sensor_decorator' retrieved from /opt/bitnami/airflow/venv/lib/python3.12/site-packages/airflow/example_dags/example_sensor_decorator.py
[2024-12-13T10:42:41.802+0000] {logging_mixin.py:190} INFO - [2024-12-13T10:42:41.802+0000] {override.py:1900} INFO - Created Permission View: can read on DAG:example_sensor_decorator
[2024-12-13T10:42:41.817+0000] {logging_mixin.py:190} INFO - [2024-12-13T10:42:41.817+0000] {override.py:1900} INFO - Created Permission View: can delete on DAG:example_sensor_decorator
[2024-12-13T10:42:41.825+0000] {logging_mixin.py:190} INFO - [2024-12-13T10:42:41.825+0000] {override.py:1900} INFO - Created Permission View: can edit on DAG:example_sensor_decorator
[2024-12-13T10:42:41.836+0000] {logging_mixin.py:190} INFO - [2024-12-13T10:42:41.835+0000] {override.py:1900} INFO - Created Permission View: can delete on DAG Run:example_sensor_decorator
[2024-12-13T10:42:41.846+0000] {logging_mixin.py:190} INFO - [2024-12-13T10:42:41.846+0000] {override.py:1900} INFO - Created Permission View: can read on DAG Run:example_sensor_decorator
[2024-12-13T10:42:41.858+0000] {logging_mixin.py:190} INFO - [2024-12-13T10:42:41.857+0000] {override.py:1900} INFO - Created Permission View: can create on DAG Run:example_sensor_decorator
[2024-12-13T10:42:41.868+0000] {logging_mixin.py:190} INFO - [2024-12-13T10:42:41.867+0000] {override.py:1900} INFO - Created Permission View: menu access on DAG Run:example_sensor_decorator
[2024-12-13T10:42:41.869+0000] {logging_mixin.py:190} INFO - [2024-12-13T10:42:41.869+0000] {dag.py:3239} INFO - Sync 1 DAGs
[2024-12-13T10:42:41.918+0000] {logging_mixin.py:190} INFO - [2024-12-13T10:42:41.918+0000] {dag.py:3262} INFO - Creating ORM DAG for example_sensor_decorator
[2024-12-13T10:42:41.920+0000] {logging_mixin.py:190} INFO - [2024-12-13T10:42:41.920+0000] {dag.py:4180} INFO - Setting next_dagrun for example_sensor_decorator to None, run_after=None
[2024-12-13T10:42:41.962+0000] {processor.py:208} INFO - Processing /opt/bitnami/airflow/venv/lib/python3.12/site-packages/airflow/example_dags/example_sensor_decorator.py took 0.318 seconds
[2024-12-13T10:43:12.129+0000] {processor.py:186} INFO - Started process (PID=133) to work on /opt/bitnami/airflow/venv/lib/python3.12/site-packages/airflow/example_dags/example_sensor_decorator.py
[2024-12-13T10:43:12.130+0000] {processor.py:914} INFO - Processing file /opt/bitnami/airflow/venv/lib/python3.12/site-packages/airflow/example_dags/example_sensor_decorator.py for tasks to queue
[2024-12-13T10:43:12.133+0000] {logging_mixin.py:190} INFO - [2024-12-13T10:43:12.132+0000] {dagbag.py:588} INFO - Filling up the DagBag from /opt/bitnami/airflow/venv/lib/python3.12/site-packages/airflow/example_dags/example_sensor_decorator.py
[2024-12-13T10:43:12.140+0000] {processor.py:925} INFO - DAG(s) 'example_sensor_decorator' retrieved from /opt/bitnami/airflow/venv/lib/python3.12/site-packages/airflow/example_dags/example_sensor_decorator.py
[2024-12-13T10:43:12.194+0000] {logging_mixin.py:190} INFO - [2024-12-13T10:43:12.193+0000] {dag.py:3239} INFO - Sync 1 DAGs
[2024-12-13T10:43:12.230+0000] {logging_mixin.py:190} INFO - [2024-12-13T10:43:12.229+0000] {dag.py:4180} INFO - Setting next_dagrun for example_sensor_decorator to None, run_after=None
[2024-12-13T10:43:12.256+0000] {processor.py:208} INFO - Processing /opt/bitnami/airflow/venv/lib/python3.12/site-packages/airflow/example_dags/example_sensor_decorator.py took 0.132 seconds
[2024-12-13T10:43:42.941+0000] {processor.py:186} INFO - Started process (PID=190) to work on /opt/bitnami/airflow/venv/lib/python3.12/site-packages/airflow/example_dags/example_sensor_decorator.py
[2024-12-13T10:43:42.942+0000] {processor.py:914} INFO - Processing file /opt/bitnami/airflow/venv/lib/python3.12/site-packages/airflow/example_dags/example_sensor_decorator.py for tasks to queue
[2024-12-13T10:43:42.945+0000] {logging_mixin.py:190} INFO - [2024-12-13T10:43:42.945+0000] {dagbag.py:588} INFO - Filling up the DagBag from /opt/bitnami/airflow/venv/lib/python3.12/site-packages/airflow/example_dags/example_sensor_decorator.py
[2024-12-13T10:43:42.954+0000] {processor.py:925} INFO - DAG(s) 'example_sensor_decorator' retrieved from /opt/bitnami/airflow/venv/lib/python3.12/site-packages/airflow/example_dags/example_sensor_decorator.py
[2024-12-13T10:43:43.111+0000] {logging_mixin.py:190} INFO - [2024-12-13T10:43:43.111+0000] {dag.py:3239} INFO - Sync 1 DAGs
[2024-12-13T10:43:43.161+0000] {logging_mixin.py:190} INFO - [2024-12-13T10:43:43.161+0000] {dag.py:4180} INFO - Setting next_dagrun for example_sensor_decorator to None, run_after=None
[2024-12-13T10:43:43.205+0000] {processor.py:208} INFO - Processing /opt/bitnami/airflow/venv/lib/python3.12/site-packages/airflow/example_dags/example_sensor_decorator.py took 0.270 seconds
[2024-12-13T10:44:13.983+0000] {processor.py:186} INFO - Started process (PID=247) to work on /opt/bitnami/airflow/venv/lib/python3.12/site-packages/airflow/example_dags/example_sensor_decorator.py
[2024-12-13T10:44:13.984+0000] {processor.py:914} INFO - Processing file /opt/bitnami/airflow/venv/lib/python3.12/site-packages/airflow/example_dags/example_sensor_decorator.py for tasks to queue
[2024-12-13T10:44:13.985+0000] {logging_mixin.py:190} INFO - [2024-12-13T10:44:13.985+0000] {dagbag.py:588} INFO - Filling up the DagBag from /opt/bitnami/airflow/venv/lib/python3.12/site-packages/airflow/example_dags/example_sensor_decorator.py
[2024-12-13T10:44:13.991+0000] {processor.py:925} INFO - DAG(s) 'example_sensor_decorator' retrieved from /opt/bitnami/airflow/venv/lib/python3.12/site-packages/airflow/example_dags/example_sensor_decorator.py
[2024-12-13T10:44:14.037+0000] {logging_mixin.py:190} INFO - [2024-12-13T10:44:14.037+0000] {dag.py:3239} INFO - Sync 1 DAGs
[2024-12-13T10:44:14.062+0000] {logging_mixin.py:190} INFO - [2024-12-13T10:44:14.062+0000] {dag.py:4180} INFO - Setting next_dagrun for example_sensor_decorator to None, run_after=None
[2024-12-13T10:44:14.091+0000] {processor.py:208} INFO - Processing /opt/bitnami/airflow/venv/lib/python3.12/site-packages/airflow/example_dags/example_sensor_decorator.py took 0.114 seconds
[2024-12-13T10:44:44.583+0000] {processor.py:186} INFO - Started process (PID=304) to work on /opt/bitnami/airflow/venv/lib/python3.12/site-packages/airflow/example_dags/example_sensor_decorator.py
[2024-12-13T10:44:44.584+0000] {processor.py:914} INFO - Processing file /opt/bitnami/airflow/venv/lib/python3.12/site-packages/airflow/example_dags/example_sensor_decorator.py for tasks to queue
[2024-12-13T10:44:44.586+0000] {logging_mixin.py:190} INFO - [2024-12-13T10:44:44.586+0000] {dagbag.py:588} INFO - Filling up the DagBag from /opt/bitnami/airflow/venv/lib/python3.12/site-packages/airflow/example_dags/example_sensor_decorator.py
[2024-12-13T10:44:44.591+0000] {processor.py:925} INFO - DAG(s) 'example_sensor_decorator' retrieved from /opt/bitnami/airflow/venv/lib/python3.12/site-packages/airflow/example_dags/example_sensor_decorator.py
[2024-12-13T10:44:44.634+0000] {logging_mixin.py:190} INFO - [2024-12-13T10:44:44.634+0000] {dag.py:3239} INFO - Sync 1 DAGs
[2024-12-13T10:44:44.663+0000] {logging_mixin.py:190} INFO - [2024-12-13T10:44:44.663+0000] {dag.py:4180} INFO - Setting next_dagrun for example_sensor_decorator to None, run_after=None
[2024-12-13T10:44:44.711+0000] {processor.py:208} INFO - Processing /opt/bitnami/airflow/venv/lib/python3.12/site-packages/airflow/example_dags/example_sensor_decorator.py took 0.133 seconds
[2024-12-13T10:52:13.256+0000] {processor.py:186} INFO - Started process (PID=76) to work on /opt/bitnami/airflow/venv/lib/python3.12/site-packages/airflow/example_dags/example_sensor_decorator.py
[2024-12-13T10:52:13.257+0000] {processor.py:914} INFO - Processing file /opt/bitnami/airflow/venv/lib/python3.12/site-packages/airflow/example_dags/example_sensor_decorator.py for tasks to queue
[2024-12-13T10:52:13.260+0000] {logging_mixin.py:190} INFO - [2024-12-13T10:52:13.260+0000] {dagbag.py:588} INFO - Filling up the DagBag from /opt/bitnami/airflow/venv/lib/python3.12/site-packages/airflow/example_dags/example_sensor_decorator.py
[2024-12-13T10:52:13.265+0000] {processor.py:925} INFO - DAG(s) 'example_sensor_decorator' retrieved from /opt/bitnami/airflow/venv/lib/python3.12/site-packages/airflow/example_dags/example_sensor_decorator.py
[2024-12-13T10:52:13.380+0000] {logging_mixin.py:190} INFO - [2024-12-13T10:52:13.380+0000] {override.py:1900} INFO - Created Permission View: can read on DAG:example_sensor_decorator
[2024-12-13T10:52:13.391+0000] {logging_mixin.py:190} INFO - [2024-12-13T10:52:13.391+0000] {override.py:1900} INFO - Created Permission View: can delete on DAG:example_sensor_decorator
[2024-12-13T10:52:13.399+0000] {logging_mixin.py:190} INFO - [2024-12-13T10:52:13.398+0000] {override.py:1900} INFO - Created Permission View: can edit on DAG:example_sensor_decorator
[2024-12-13T10:52:13.406+0000] {logging_mixin.py:190} INFO - [2024-12-13T10:52:13.406+0000] {override.py:1900} INFO - Created Permission View: menu access on DAG Run:example_sensor_decorator
[2024-12-13T10:52:13.412+0000] {logging_mixin.py:190} INFO - [2024-12-13T10:52:13.412+0000] {override.py:1900} INFO - Created Permission View: can read on DAG Run:example_sensor_decorator
[2024-12-13T10:52:13.418+0000] {logging_mixin.py:190} INFO - [2024-12-13T10:52:13.418+0000] {override.py:1900} INFO - Created Permission View: can delete on DAG Run:example_sensor_decorator
[2024-12-13T10:52:13.425+0000] {logging_mixin.py:190} INFO - [2024-12-13T10:52:13.425+0000] {override.py:1900} INFO - Created Permission View: can create on DAG Run:example_sensor_decorator
[2024-12-13T10:52:13.426+0000] {logging_mixin.py:190} INFO - [2024-12-13T10:52:13.426+0000] {dag.py:3239} INFO - Sync 1 DAGs
[2024-12-13T10:52:13.452+0000] {logging_mixin.py:190} INFO - [2024-12-13T10:52:13.451+0000] {dag.py:3262} INFO - Creating ORM DAG for example_sensor_decorator
[2024-12-13T10:52:13.453+0000] {logging_mixin.py:190} INFO - [2024-12-13T10:52:13.453+0000] {dag.py:4180} INFO - Setting next_dagrun for example_sensor_decorator to None, run_after=None
[2024-12-13T10:52:13.491+0000] {processor.py:208} INFO - Processing /opt/bitnami/airflow/venv/lib/python3.12/site-packages/airflow/example_dags/example_sensor_decorator.py took 0.241 seconds
[2024-12-13T10:52:44.093+0000] {processor.py:186} INFO - Started process (PID=133) to work on /opt/bitnami/airflow/venv/lib/python3.12/site-packages/airflow/example_dags/example_sensor_decorator.py
[2024-12-13T10:52:44.094+0000] {processor.py:914} INFO - Processing file /opt/bitnami/airflow/venv/lib/python3.12/site-packages/airflow/example_dags/example_sensor_decorator.py for tasks to queue
[2024-12-13T10:52:44.096+0000] {logging_mixin.py:190} INFO - [2024-12-13T10:52:44.096+0000] {dagbag.py:588} INFO - Filling up the DagBag from /opt/bitnami/airflow/venv/lib/python3.12/site-packages/airflow/example_dags/example_sensor_decorator.py
[2024-12-13T10:52:44.100+0000] {processor.py:925} INFO - DAG(s) 'example_sensor_decorator' retrieved from /opt/bitnami/airflow/venv/lib/python3.12/site-packages/airflow/example_dags/example_sensor_decorator.py
[2024-12-13T10:52:44.137+0000] {logging_mixin.py:190} INFO - [2024-12-13T10:52:44.137+0000] {dag.py:3239} INFO - Sync 1 DAGs
[2024-12-13T10:52:44.162+0000] {logging_mixin.py:190} INFO - [2024-12-13T10:52:44.162+0000] {dag.py:4180} INFO - Setting next_dagrun for example_sensor_decorator to None, run_after=None
[2024-12-13T10:52:44.191+0000] {processor.py:208} INFO - Processing /opt/bitnami/airflow/venv/lib/python3.12/site-packages/airflow/example_dags/example_sensor_decorator.py took 0.103 seconds
[2024-12-13T10:53:15.898+0000] {processor.py:186} INFO - Started process (PID=190) to work on /opt/bitnami/airflow/venv/lib/python3.12/site-packages/airflow/example_dags/example_sensor_decorator.py
[2024-12-13T10:53:15.899+0000] {processor.py:914} INFO - Processing file /opt/bitnami/airflow/venv/lib/python3.12/site-packages/airflow/example_dags/example_sensor_decorator.py for tasks to queue
[2024-12-13T10:53:15.901+0000] {logging_mixin.py:190} INFO - [2024-12-13T10:53:15.901+0000] {dagbag.py:588} INFO - Filling up the DagBag from /opt/bitnami/airflow/venv/lib/python3.12/site-packages/airflow/example_dags/example_sensor_decorator.py
[2024-12-13T10:53:15.907+0000] {processor.py:925} INFO - DAG(s) 'example_sensor_decorator' retrieved from /opt/bitnami/airflow/venv/lib/python3.12/site-packages/airflow/example_dags/example_sensor_decorator.py
[2024-12-13T10:53:16.021+0000] {logging_mixin.py:190} INFO - [2024-12-13T10:53:16.021+0000] {dag.py:3239} INFO - Sync 1 DAGs
[2024-12-13T10:53:16.047+0000] {logging_mixin.py:190} INFO - [2024-12-13T10:53:16.046+0000] {dag.py:4180} INFO - Setting next_dagrun for example_sensor_decorator to None, run_after=None
[2024-12-13T10:53:16.099+0000] {processor.py:208} INFO - Processing /opt/bitnami/airflow/venv/lib/python3.12/site-packages/airflow/example_dags/example_sensor_decorator.py took 0.206 seconds
[2024-12-13T10:53:46.415+0000] {processor.py:186} INFO - Started process (PID=247) to work on /opt/bitnami/airflow/venv/lib/python3.12/site-packages/airflow/example_dags/example_sensor_decorator.py
[2024-12-13T10:53:46.417+0000] {processor.py:914} INFO - Processing file /opt/bitnami/airflow/venv/lib/python3.12/site-packages/airflow/example_dags/example_sensor_decorator.py for tasks to queue
[2024-12-13T10:53:46.421+0000] {logging_mixin.py:190} INFO - [2024-12-13T10:53:46.420+0000] {dagbag.py:588} INFO - Filling up the DagBag from /opt/bitnami/airflow/venv/lib/python3.12/site-packages/airflow/example_dags/example_sensor_decorator.py
[2024-12-13T10:53:46.430+0000] {processor.py:925} INFO - DAG(s) 'example_sensor_decorator' retrieved from /opt/bitnami/airflow/venv/lib/python3.12/site-packages/airflow/example_dags/example_sensor_decorator.py
[2024-12-13T10:53:46.540+0000] {logging_mixin.py:190} INFO - [2024-12-13T10:53:46.539+0000] {dag.py:3239} INFO - Sync 1 DAGs
[2024-12-13T10:53:46.599+0000] {logging_mixin.py:190} INFO - [2024-12-13T10:53:46.599+0000] {dag.py:4180} INFO - Setting next_dagrun for example_sensor_decorator to None, run_after=None
[2024-12-13T10:53:46.654+0000] {processor.py:208} INFO - Processing /opt/bitnami/airflow/venv/lib/python3.12/site-packages/airflow/example_dags/example_sensor_decorator.py took 0.250 seconds
[2024-12-13T10:54:16.863+0000] {processor.py:186} INFO - Started process (PID=304) to work on /opt/bitnami/airflow/venv/lib/python3.12/site-packages/airflow/example_dags/example_sensor_decorator.py
[2024-12-13T10:54:16.864+0000] {processor.py:914} INFO - Processing file /opt/bitnami/airflow/venv/lib/python3.12/site-packages/airflow/example_dags/example_sensor_decorator.py for tasks to queue
[2024-12-13T10:54:16.865+0000] {logging_mixin.py:190} INFO - [2024-12-13T10:54:16.865+0000] {dagbag.py:588} INFO - Filling up the DagBag from /opt/bitnami/airflow/venv/lib/python3.12/site-packages/airflow/example_dags/example_sensor_decorator.py
[2024-12-13T10:54:16.872+0000] {processor.py:925} INFO - DAG(s) 'example_sensor_decorator' retrieved from /opt/bitnami/airflow/venv/lib/python3.12/site-packages/airflow/example_dags/example_sensor_decorator.py
[2024-12-13T10:54:16.910+0000] {logging_mixin.py:190} INFO - [2024-12-13T10:54:16.909+0000] {dag.py:3239} INFO - Sync 1 DAGs
[2024-12-13T10:54:16.929+0000] {logging_mixin.py:190} INFO - [2024-12-13T10:54:16.929+0000] {dag.py:4180} INFO - Setting next_dagrun for example_sensor_decorator to None, run_after=None
[2024-12-13T10:54:16.954+0000] {processor.py:208} INFO - Processing /opt/bitnami/airflow/venv/lib/python3.12/site-packages/airflow/example_dags/example_sensor_decorator.py took 0.095 seconds
[2024-12-13T10:54:47.641+0000] {processor.py:186} INFO - Started process (PID=361) to work on /opt/bitnami/airflow/venv/lib/python3.12/site-packages/airflow/example_dags/example_sensor_decorator.py
[2024-12-13T10:54:47.642+0000] {processor.py:914} INFO - Processing file /opt/bitnami/airflow/venv/lib/python3.12/site-packages/airflow/example_dags/example_sensor_decorator.py for tasks to queue
[2024-12-13T10:54:47.645+0000] {logging_mixin.py:190} INFO - [2024-12-13T10:54:47.645+0000] {dagbag.py:588} INFO - Filling up the DagBag from /opt/bitnami/airflow/venv/lib/python3.12/site-packages/airflow/example_dags/example_sensor_decorator.py
[2024-12-13T10:54:47.652+0000] {processor.py:925} INFO - DAG(s) 'example_sensor_decorator' retrieved from /opt/bitnami/airflow/venv/lib/python3.12/site-packages/airflow/example_dags/example_sensor_decorator.py
[2024-12-13T10:54:47.699+0000] {logging_mixin.py:190} INFO - [2024-12-13T10:54:47.699+0000] {dag.py:3239} INFO - Sync 1 DAGs
[2024-12-13T10:54:47.726+0000] {logging_mixin.py:190} INFO - [2024-12-13T10:54:47.725+0000] {dag.py:4180} INFO - Setting next_dagrun for example_sensor_decorator to None, run_after=None
[2024-12-13T10:54:47.759+0000] {processor.py:208} INFO - Processing /opt/bitnami/airflow/venv/lib/python3.12/site-packages/airflow/example_dags/example_sensor_decorator.py took 0.126 seconds
[2024-12-13T10:55:18.296+0000] {processor.py:186} INFO - Started process (PID=418) to work on /opt/bitnami/airflow/venv/lib/python3.12/site-packages/airflow/example_dags/example_sensor_decorator.py
[2024-12-13T10:55:18.298+0000] {processor.py:914} INFO - Processing file /opt/bitnami/airflow/venv/lib/python3.12/site-packages/airflow/example_dags/example_sensor_decorator.py for tasks to queue
[2024-12-13T10:55:18.300+0000] {logging_mixin.py:190} INFO - [2024-12-13T10:55:18.300+0000] {dagbag.py:588} INFO - Filling up the DagBag from /opt/bitnami/airflow/venv/lib/python3.12/site-packages/airflow/example_dags/example_sensor_decorator.py
[2024-12-13T10:55:18.306+0000] {processor.py:925} INFO - DAG(s) 'example_sensor_decorator' retrieved from /opt/bitnami/airflow/venv/lib/python3.12/site-packages/airflow/example_dags/example_sensor_decorator.py
[2024-12-13T10:55:18.371+0000] {logging_mixin.py:190} INFO - [2024-12-13T10:55:18.370+0000] {dag.py:3239} INFO - Sync 1 DAGs
[2024-12-13T10:55:18.402+0000] {logging_mixin.py:190} INFO - [2024-12-13T10:55:18.402+0000] {dag.py:4180} INFO - Setting next_dagrun for example_sensor_decorator to None, run_after=None
[2024-12-13T10:55:18.443+0000] {processor.py:208} INFO - Processing /opt/bitnami/airflow/venv/lib/python3.12/site-packages/airflow/example_dags/example_sensor_decorator.py took 0.151 seconds
[2024-12-13T10:55:49.286+0000] {processor.py:186} INFO - Started process (PID=475) to work on /opt/bitnami/airflow/venv/lib/python3.12/site-packages/airflow/example_dags/example_sensor_decorator.py
[2024-12-13T10:55:49.288+0000] {processor.py:914} INFO - Processing file /opt/bitnami/airflow/venv/lib/python3.12/site-packages/airflow/example_dags/example_sensor_decorator.py for tasks to queue
[2024-12-13T10:55:49.291+0000] {logging_mixin.py:190} INFO - [2024-12-13T10:55:49.291+0000] {dagbag.py:588} INFO - Filling up the DagBag from /opt/bitnami/airflow/venv/lib/python3.12/site-packages/airflow/example_dags/example_sensor_decorator.py
[2024-12-13T10:55:49.300+0000] {processor.py:925} INFO - DAG(s) 'example_sensor_decorator' retrieved from /opt/bitnami/airflow/venv/lib/python3.12/site-packages/airflow/example_dags/example_sensor_decorator.py
[2024-12-13T10:55:49.396+0000] {logging_mixin.py:190} INFO - [2024-12-13T10:55:49.395+0000] {dag.py:3239} INFO - Sync 1 DAGs
[2024-12-13T10:55:49.425+0000] {logging_mixin.py:190} INFO - [2024-12-13T10:55:49.425+0000] {dag.py:4180} INFO - Setting next_dagrun for example_sensor_decorator to None, run_after=None
[2024-12-13T10:55:49.464+0000] {processor.py:208} INFO - Processing /opt/bitnami/airflow/venv/lib/python3.12/site-packages/airflow/example_dags/example_sensor_decorator.py took 0.187 seconds
[2024-12-13T10:56:20.284+0000] {processor.py:186} INFO - Started process (PID=532) to work on /opt/bitnami/airflow/venv/lib/python3.12/site-packages/airflow/example_dags/example_sensor_decorator.py
[2024-12-13T10:56:20.285+0000] {processor.py:914} INFO - Processing file /opt/bitnami/airflow/venv/lib/python3.12/site-packages/airflow/example_dags/example_sensor_decorator.py for tasks to queue
[2024-12-13T10:56:20.288+0000] {logging_mixin.py:190} INFO - [2024-12-13T10:56:20.288+0000] {dagbag.py:588} INFO - Filling up the DagBag from /opt/bitnami/airflow/venv/lib/python3.12/site-packages/airflow/example_dags/example_sensor_decorator.py
[2024-12-13T10:56:20.294+0000] {processor.py:925} INFO - DAG(s) 'example_sensor_decorator' retrieved from /opt/bitnami/airflow/venv/lib/python3.12/site-packages/airflow/example_dags/example_sensor_decorator.py
[2024-12-13T10:56:20.381+0000] {logging_mixin.py:190} INFO - [2024-12-13T10:56:20.380+0000] {dag.py:3239} INFO - Sync 1 DAGs
[2024-12-13T10:56:20.413+0000] {logging_mixin.py:190} INFO - [2024-12-13T10:56:20.413+0000] {dag.py:4180} INFO - Setting next_dagrun for example_sensor_decorator to None, run_after=None
[2024-12-13T10:56:20.442+0000] {processor.py:208} INFO - Processing /opt/bitnami/airflow/venv/lib/python3.12/site-packages/airflow/example_dags/example_sensor_decorator.py took 0.162 seconds
[2024-12-13T10:56:50.995+0000] {processor.py:186} INFO - Started process (PID=589) to work on /opt/bitnami/airflow/venv/lib/python3.12/site-packages/airflow/example_dags/example_sensor_decorator.py
[2024-12-13T10:56:50.996+0000] {processor.py:914} INFO - Processing file /opt/bitnami/airflow/venv/lib/python3.12/site-packages/airflow/example_dags/example_sensor_decorator.py for tasks to queue
[2024-12-13T10:56:51.001+0000] {logging_mixin.py:190} INFO - [2024-12-13T10:56:51.000+0000] {dagbag.py:588} INFO - Filling up the DagBag from /opt/bitnami/airflow/venv/lib/python3.12/site-packages/airflow/example_dags/example_sensor_decorator.py
[2024-12-13T10:56:51.007+0000] {processor.py:925} INFO - DAG(s) 'example_sensor_decorator' retrieved from /opt/bitnami/airflow/venv/lib/python3.12/site-packages/airflow/example_dags/example_sensor_decorator.py
[2024-12-13T10:56:51.056+0000] {logging_mixin.py:190} INFO - [2024-12-13T10:56:51.055+0000] {dag.py:3239} INFO - Sync 1 DAGs
[2024-12-13T10:56:51.090+0000] {logging_mixin.py:190} INFO - [2024-12-13T10:56:51.089+0000] {dag.py:4180} INFO - Setting next_dagrun for example_sensor_decorator to None, run_after=None
[2024-12-13T10:56:51.115+0000] {processor.py:208} INFO - Processing /opt/bitnami/airflow/venv/lib/python3.12/site-packages/airflow/example_dags/example_sensor_decorator.py took 0.129 seconds
[2024-12-13T10:57:21.395+0000] {processor.py:186} INFO - Started process (PID=645) to work on /opt/bitnami/airflow/venv/lib/python3.12/site-packages/airflow/example_dags/example_sensor_decorator.py
[2024-12-13T10:57:21.396+0000] {processor.py:914} INFO - Processing file /opt/bitnami/airflow/venv/lib/python3.12/site-packages/airflow/example_dags/example_sensor_decorator.py for tasks to queue
[2024-12-13T10:57:21.399+0000] {logging_mixin.py:190} INFO - [2024-12-13T10:57:21.399+0000] {dagbag.py:588} INFO - Filling up the DagBag from /opt/bitnami/airflow/venv/lib/python3.12/site-packages/airflow/example_dags/example_sensor_decorator.py
[2024-12-13T10:57:21.405+0000] {processor.py:925} INFO - DAG(s) 'example_sensor_decorator' retrieved from /opt/bitnami/airflow/venv/lib/python3.12/site-packages/airflow/example_dags/example_sensor_decorator.py
[2024-12-13T10:57:21.482+0000] {logging_mixin.py:190} INFO - [2024-12-13T10:57:21.481+0000] {dag.py:3239} INFO - Sync 1 DAGs
[2024-12-13T10:57:21.510+0000] {logging_mixin.py:190} INFO - [2024-12-13T10:57:21.510+0000] {dag.py:4180} INFO - Setting next_dagrun for example_sensor_decorator to None, run_after=None
[2024-12-13T10:57:21.546+0000] {processor.py:208} INFO - Processing /opt/bitnami/airflow/venv/lib/python3.12/site-packages/airflow/example_dags/example_sensor_decorator.py took 0.158 seconds
[2024-12-13T10:57:52.184+0000] {processor.py:186} INFO - Started process (PID=703) to work on /opt/bitnami/airflow/venv/lib/python3.12/site-packages/airflow/example_dags/example_sensor_decorator.py
[2024-12-13T10:57:52.185+0000] {processor.py:914} INFO - Processing file /opt/bitnami/airflow/venv/lib/python3.12/site-packages/airflow/example_dags/example_sensor_decorator.py for tasks to queue
[2024-12-13T10:57:52.188+0000] {logging_mixin.py:190} INFO - [2024-12-13T10:57:52.188+0000] {dagbag.py:588} INFO - Filling up the DagBag from /opt/bitnami/airflow/venv/lib/python3.12/site-packages/airflow/example_dags/example_sensor_decorator.py
[2024-12-13T10:57:52.193+0000] {processor.py:925} INFO - DAG(s) 'example_sensor_decorator' retrieved from /opt/bitnami/airflow/venv/lib/python3.12/site-packages/airflow/example_dags/example_sensor_decorator.py
[2024-12-13T10:57:52.233+0000] {logging_mixin.py:190} INFO - [2024-12-13T10:57:52.232+0000] {dag.py:3239} INFO - Sync 1 DAGs
[2024-12-13T10:57:52.251+0000] {logging_mixin.py:190} INFO - [2024-12-13T10:57:52.251+0000] {dag.py:4180} INFO - Setting next_dagrun for example_sensor_decorator to None, run_after=None
[2024-12-13T10:57:52.278+0000] {processor.py:208} INFO - Processing /opt/bitnami/airflow/venv/lib/python3.12/site-packages/airflow/example_dags/example_sensor_decorator.py took 0.098 seconds
[2024-12-13T10:58:23.141+0000] {processor.py:186} INFO - Started process (PID=760) to work on /opt/bitnami/airflow/venv/lib/python3.12/site-packages/airflow/example_dags/example_sensor_decorator.py
[2024-12-13T10:58:23.142+0000] {processor.py:914} INFO - Processing file /opt/bitnami/airflow/venv/lib/python3.12/site-packages/airflow/example_dags/example_sensor_decorator.py for tasks to queue
[2024-12-13T10:58:23.144+0000] {logging_mixin.py:190} INFO - [2024-12-13T10:58:23.144+0000] {dagbag.py:588} INFO - Filling up the DagBag from /opt/bitnami/airflow/venv/lib/python3.12/site-packages/airflow/example_dags/example_sensor_decorator.py
[2024-12-13T10:58:23.151+0000] {processor.py:925} INFO - DAG(s) 'example_sensor_decorator' retrieved from /opt/bitnami/airflow/venv/lib/python3.12/site-packages/airflow/example_dags/example_sensor_decorator.py
[2024-12-13T10:58:23.210+0000] {logging_mixin.py:190} INFO - [2024-12-13T10:58:23.210+0000] {dag.py:3239} INFO - Sync 1 DAGs
[2024-12-13T10:58:23.238+0000] {logging_mixin.py:190} INFO - [2024-12-13T10:58:23.237+0000] {dag.py:4180} INFO - Setting next_dagrun for example_sensor_decorator to None, run_after=None
[2024-12-13T10:58:23.271+0000] {processor.py:208} INFO - Processing /opt/bitnami/airflow/venv/lib/python3.12/site-packages/airflow/example_dags/example_sensor_decorator.py took 0.135 seconds
[2024-12-13T10:58:54.129+0000] {processor.py:186} INFO - Started process (PID=817) to work on /opt/bitnami/airflow/venv/lib/python3.12/site-packages/airflow/example_dags/example_sensor_decorator.py
[2024-12-13T10:58:54.131+0000] {processor.py:914} INFO - Processing file /opt/bitnami/airflow/venv/lib/python3.12/site-packages/airflow/example_dags/example_sensor_decorator.py for tasks to queue
[2024-12-13T10:58:54.134+0000] {logging_mixin.py:190} INFO - [2024-12-13T10:58:54.133+0000] {dagbag.py:588} INFO - Filling up the DagBag from /opt/bitnami/airflow/venv/lib/python3.12/site-packages/airflow/example_dags/example_sensor_decorator.py
[2024-12-13T10:58:54.140+0000] {processor.py:925} INFO - DAG(s) 'example_sensor_decorator' retrieved from /opt/bitnami/airflow/venv/lib/python3.12/site-packages/airflow/example_dags/example_sensor_decorator.py
[2024-12-13T10:58:54.191+0000] {logging_mixin.py:190} INFO - [2024-12-13T10:58:54.191+0000] {dag.py:3239} INFO - Sync 1 DAGs
[2024-12-13T10:58:54.212+0000] {logging_mixin.py:190} INFO - [2024-12-13T10:58:54.211+0000] {dag.py:4180} INFO - Setting next_dagrun for example_sensor_decorator to None, run_after=None
[2024-12-13T10:58:54.235+0000] {processor.py:208} INFO - Processing /opt/bitnami/airflow/venv/lib/python3.12/site-packages/airflow/example_dags/example_sensor_decorator.py took 0.113 seconds
[2024-12-13T11:07:32.043+0000] {processor.py:186} INFO - Started process (PID=76) to work on /opt/bitnami/airflow/venv/lib/python3.12/site-packages/airflow/example_dags/example_sensor_decorator.py
[2024-12-13T11:07:32.044+0000] {processor.py:914} INFO - Processing file /opt/bitnami/airflow/venv/lib/python3.12/site-packages/airflow/example_dags/example_sensor_decorator.py for tasks to queue
[2024-12-13T11:07:32.047+0000] {logging_mixin.py:190} INFO - [2024-12-13T11:07:32.046+0000] {dagbag.py:588} INFO - Filling up the DagBag from /opt/bitnami/airflow/venv/lib/python3.12/site-packages/airflow/example_dags/example_sensor_decorator.py
[2024-12-13T11:07:32.056+0000] {processor.py:925} INFO - DAG(s) 'example_sensor_decorator' retrieved from /opt/bitnami/airflow/venv/lib/python3.12/site-packages/airflow/example_dags/example_sensor_decorator.py
[2024-12-13T11:07:32.143+0000] {logging_mixin.py:190} INFO - [2024-12-13T11:07:32.142+0000] {dag.py:3239} INFO - Sync 1 DAGs
[2024-12-13T11:07:32.182+0000] {logging_mixin.py:190} INFO - [2024-12-13T11:07:32.181+0000] {dag.py:4180} INFO - Setting next_dagrun for example_sensor_decorator to None, run_after=None
[2024-12-13T11:07:32.226+0000] {processor.py:208} INFO - Processing /opt/bitnami/airflow/venv/lib/python3.12/site-packages/airflow/example_dags/example_sensor_decorator.py took 0.188 seconds
[2024-12-13T11:08:02.773+0000] {processor.py:186} INFO - Started process (PID=133) to work on /opt/bitnami/airflow/venv/lib/python3.12/site-packages/airflow/example_dags/example_sensor_decorator.py
[2024-12-13T11:08:02.774+0000] {processor.py:914} INFO - Processing file /opt/bitnami/airflow/venv/lib/python3.12/site-packages/airflow/example_dags/example_sensor_decorator.py for tasks to queue
[2024-12-13T11:08:02.777+0000] {logging_mixin.py:190} INFO - [2024-12-13T11:08:02.777+0000] {dagbag.py:588} INFO - Filling up the DagBag from /opt/bitnami/airflow/venv/lib/python3.12/site-packages/airflow/example_dags/example_sensor_decorator.py
[2024-12-13T11:08:02.783+0000] {processor.py:925} INFO - DAG(s) 'example_sensor_decorator' retrieved from /opt/bitnami/airflow/venv/lib/python3.12/site-packages/airflow/example_dags/example_sensor_decorator.py
[2024-12-13T11:08:02.830+0000] {logging_mixin.py:190} INFO - [2024-12-13T11:08:02.830+0000] {dag.py:3239} INFO - Sync 1 DAGs
[2024-12-13T11:08:02.859+0000] {logging_mixin.py:190} INFO - [2024-12-13T11:08:02.859+0000] {dag.py:4180} INFO - Setting next_dagrun for example_sensor_decorator to None, run_after=None
[2024-12-13T11:08:02.902+0000] {processor.py:208} INFO - Processing /opt/bitnami/airflow/venv/lib/python3.12/site-packages/airflow/example_dags/example_sensor_decorator.py took 0.135 seconds
[2024-12-13T11:08:35.358+0000] {processor.py:186} INFO - Started process (PID=190) to work on /opt/bitnami/airflow/venv/lib/python3.12/site-packages/airflow/example_dags/example_sensor_decorator.py
[2024-12-13T11:08:35.360+0000] {processor.py:914} INFO - Processing file /opt/bitnami/airflow/venv/lib/python3.12/site-packages/airflow/example_dags/example_sensor_decorator.py for tasks to queue
[2024-12-13T11:08:35.362+0000] {logging_mixin.py:190} INFO - [2024-12-13T11:08:35.362+0000] {dagbag.py:588} INFO - Filling up the DagBag from /opt/bitnami/airflow/venv/lib/python3.12/site-packages/airflow/example_dags/example_sensor_decorator.py
[2024-12-13T11:08:35.368+0000] {processor.py:925} INFO - DAG(s) 'example_sensor_decorator' retrieved from /opt/bitnami/airflow/venv/lib/python3.12/site-packages/airflow/example_dags/example_sensor_decorator.py
[2024-12-13T11:08:35.466+0000] {logging_mixin.py:190} INFO - [2024-12-13T11:08:35.466+0000] {dag.py:3239} INFO - Sync 1 DAGs
[2024-12-13T11:08:35.489+0000] {logging_mixin.py:190} INFO - [2024-12-13T11:08:35.489+0000] {dag.py:4180} INFO - Setting next_dagrun for example_sensor_decorator to None, run_after=None
[2024-12-13T11:08:35.522+0000] {processor.py:208} INFO - Processing /opt/bitnami/airflow/venv/lib/python3.12/site-packages/airflow/example_dags/example_sensor_decorator.py took 0.170 seconds
[2024-12-13T11:09:06.113+0000] {processor.py:186} INFO - Started process (PID=247) to work on /opt/bitnami/airflow/venv/lib/python3.12/site-packages/airflow/example_dags/example_sensor_decorator.py
[2024-12-13T11:09:06.114+0000] {processor.py:914} INFO - Processing file /opt/bitnami/airflow/venv/lib/python3.12/site-packages/airflow/example_dags/example_sensor_decorator.py for tasks to queue
[2024-12-13T11:09:06.117+0000] {logging_mixin.py:190} INFO - [2024-12-13T11:09:06.117+0000] {dagbag.py:588} INFO - Filling up the DagBag from /opt/bitnami/airflow/venv/lib/python3.12/site-packages/airflow/example_dags/example_sensor_decorator.py
[2024-12-13T11:09:06.126+0000] {processor.py:925} INFO - DAG(s) 'example_sensor_decorator' retrieved from /opt/bitnami/airflow/venv/lib/python3.12/site-packages/airflow/example_dags/example_sensor_decorator.py
[2024-12-13T11:09:06.180+0000] {logging_mixin.py:190} INFO - [2024-12-13T11:09:06.179+0000] {dag.py:3239} INFO - Sync 1 DAGs
[2024-12-13T11:09:06.229+0000] {logging_mixin.py:190} INFO - [2024-12-13T11:09:06.229+0000] {dag.py:4180} INFO - Setting next_dagrun for example_sensor_decorator to None, run_after=None
[2024-12-13T11:09:06.283+0000] {processor.py:208} INFO - Processing /opt/bitnami/airflow/venv/lib/python3.12/site-packages/airflow/example_dags/example_sensor_decorator.py took 0.180 seconds
[2024-12-13T11:13:44.721+0000] {processor.py:186} INFO - Started process (PID=76) to work on /opt/bitnami/airflow/venv/lib/python3.12/site-packages/airflow/example_dags/example_sensor_decorator.py
[2024-12-13T11:13:44.722+0000] {processor.py:914} INFO - Processing file /opt/bitnami/airflow/venv/lib/python3.12/site-packages/airflow/example_dags/example_sensor_decorator.py for tasks to queue
[2024-12-13T11:13:44.726+0000] {logging_mixin.py:190} INFO - [2024-12-13T11:13:44.726+0000] {dagbag.py:588} INFO - Filling up the DagBag from /opt/bitnami/airflow/venv/lib/python3.12/site-packages/airflow/example_dags/example_sensor_decorator.py
[2024-12-13T11:13:44.733+0000] {processor.py:925} INFO - DAG(s) 'example_sensor_decorator' retrieved from /opt/bitnami/airflow/venv/lib/python3.12/site-packages/airflow/example_dags/example_sensor_decorator.py
[2024-12-13T11:13:44.769+0000] {logging_mixin.py:190} INFO - [2024-12-13T11:13:44.768+0000] {dag.py:3239} INFO - Sync 1 DAGs
[2024-12-13T11:13:44.794+0000] {logging_mixin.py:190} INFO - [2024-12-13T11:13:44.793+0000] {dag.py:4180} INFO - Setting next_dagrun for example_sensor_decorator to None, run_after=None
[2024-12-13T11:13:44.818+0000] {processor.py:208} INFO - Processing /opt/bitnami/airflow/venv/lib/python3.12/site-packages/airflow/example_dags/example_sensor_decorator.py took 0.102 seconds
[2024-12-13T11:14:15.015+0000] {processor.py:186} INFO - Started process (PID=133) to work on /opt/bitnami/airflow/venv/lib/python3.12/site-packages/airflow/example_dags/example_sensor_decorator.py
[2024-12-13T11:14:15.016+0000] {processor.py:914} INFO - Processing file /opt/bitnami/airflow/venv/lib/python3.12/site-packages/airflow/example_dags/example_sensor_decorator.py for tasks to queue
[2024-12-13T11:14:15.018+0000] {logging_mixin.py:190} INFO - [2024-12-13T11:14:15.018+0000] {dagbag.py:588} INFO - Filling up the DagBag from /opt/bitnami/airflow/venv/lib/python3.12/site-packages/airflow/example_dags/example_sensor_decorator.py
[2024-12-13T11:14:15.024+0000] {processor.py:925} INFO - DAG(s) 'example_sensor_decorator' retrieved from /opt/bitnami/airflow/venv/lib/python3.12/site-packages/airflow/example_dags/example_sensor_decorator.py
[2024-12-13T11:14:15.056+0000] {logging_mixin.py:190} INFO - [2024-12-13T11:14:15.055+0000] {dag.py:3239} INFO - Sync 1 DAGs
[2024-12-13T11:14:15.095+0000] {logging_mixin.py:190} INFO - [2024-12-13T11:14:15.095+0000] {dag.py:4180} INFO - Setting next_dagrun for example_sensor_decorator to None, run_after=None
[2024-12-13T11:14:15.125+0000] {processor.py:208} INFO - Processing /opt/bitnami/airflow/venv/lib/python3.12/site-packages/airflow/example_dags/example_sensor_decorator.py took 0.116 seconds
[2024-12-13T11:14:48.685+0000] {processor.py:186} INFO - Started process (PID=190) to work on /opt/bitnami/airflow/venv/lib/python3.12/site-packages/airflow/example_dags/example_sensor_decorator.py
[2024-12-13T11:14:48.687+0000] {processor.py:914} INFO - Processing file /opt/bitnami/airflow/venv/lib/python3.12/site-packages/airflow/example_dags/example_sensor_decorator.py for tasks to queue
[2024-12-13T11:14:48.690+0000] {logging_mixin.py:190} INFO - [2024-12-13T11:14:48.689+0000] {dagbag.py:588} INFO - Filling up the DagBag from /opt/bitnami/airflow/venv/lib/python3.12/site-packages/airflow/example_dags/example_sensor_decorator.py
[2024-12-13T11:14:48.697+0000] {processor.py:925} INFO - DAG(s) 'example_sensor_decorator' retrieved from /opt/bitnami/airflow/venv/lib/python3.12/site-packages/airflow/example_dags/example_sensor_decorator.py
[2024-12-13T11:14:48.836+0000] {logging_mixin.py:190} INFO - [2024-12-13T11:14:48.835+0000] {dag.py:3239} INFO - Sync 1 DAGs
[2024-12-13T11:14:48.872+0000] {logging_mixin.py:190} INFO - [2024-12-13T11:14:48.872+0000] {dag.py:4180} INFO - Setting next_dagrun for example_sensor_decorator to None, run_after=None
[2024-12-13T11:14:48.929+0000] {processor.py:208} INFO - Processing /opt/bitnami/airflow/venv/lib/python3.12/site-packages/airflow/example_dags/example_sensor_decorator.py took 0.251 seconds
[2024-12-13T11:15:19.495+0000] {processor.py:186} INFO - Started process (PID=247) to work on /opt/bitnami/airflow/venv/lib/python3.12/site-packages/airflow/example_dags/example_sensor_decorator.py
[2024-12-13T11:15:19.496+0000] {processor.py:914} INFO - Processing file /opt/bitnami/airflow/venv/lib/python3.12/site-packages/airflow/example_dags/example_sensor_decorator.py for tasks to queue
[2024-12-13T11:15:19.498+0000] {logging_mixin.py:190} INFO - [2024-12-13T11:15:19.498+0000] {dagbag.py:588} INFO - Filling up the DagBag from /opt/bitnami/airflow/venv/lib/python3.12/site-packages/airflow/example_dags/example_sensor_decorator.py
[2024-12-13T11:15:19.503+0000] {processor.py:925} INFO - DAG(s) 'example_sensor_decorator' retrieved from /opt/bitnami/airflow/venv/lib/python3.12/site-packages/airflow/example_dags/example_sensor_decorator.py
[2024-12-13T11:15:19.584+0000] {logging_mixin.py:190} INFO - [2024-12-13T11:15:19.584+0000] {dag.py:3239} INFO - Sync 1 DAGs
[2024-12-13T11:15:19.613+0000] {logging_mixin.py:190} INFO - [2024-12-13T11:15:19.613+0000] {dag.py:4180} INFO - Setting next_dagrun for example_sensor_decorator to None, run_after=None
[2024-12-13T11:15:19.639+0000] {processor.py:208} INFO - Processing /opt/bitnami/airflow/venv/lib/python3.12/site-packages/airflow/example_dags/example_sensor_decorator.py took 0.148 seconds
[2024-12-13T11:57:09.164+0000] {processor.py:186} INFO - Started process (PID=76) to work on /opt/bitnami/airflow/venv/lib/python3.12/site-packages/airflow/example_dags/example_sensor_decorator.py
[2024-12-13T11:57:09.165+0000] {processor.py:914} INFO - Processing file /opt/bitnami/airflow/venv/lib/python3.12/site-packages/airflow/example_dags/example_sensor_decorator.py for tasks to queue
[2024-12-13T11:57:09.167+0000] {logging_mixin.py:190} INFO - [2024-12-13T11:57:09.167+0000] {dagbag.py:588} INFO - Filling up the DagBag from /opt/bitnami/airflow/venv/lib/python3.12/site-packages/airflow/example_dags/example_sensor_decorator.py
[2024-12-13T11:57:09.172+0000] {processor.py:925} INFO - DAG(s) 'example_sensor_decorator' retrieved from /opt/bitnami/airflow/venv/lib/python3.12/site-packages/airflow/example_dags/example_sensor_decorator.py
[2024-12-13T11:57:09.199+0000] {logging_mixin.py:190} INFO - [2024-12-13T11:57:09.198+0000] {dag.py:3239} INFO - Sync 1 DAGs
[2024-12-13T11:57:09.219+0000] {logging_mixin.py:190} INFO - [2024-12-13T11:57:09.219+0000] {dag.py:4180} INFO - Setting next_dagrun for example_sensor_decorator to None, run_after=None
[2024-12-13T11:57:09.238+0000] {processor.py:208} INFO - Processing /opt/bitnami/airflow/venv/lib/python3.12/site-packages/airflow/example_dags/example_sensor_decorator.py took 0.079 seconds
[2024-12-13T11:57:40.520+0000] {processor.py:186} INFO - Started process (PID=133) to work on /opt/bitnami/airflow/venv/lib/python3.12/site-packages/airflow/example_dags/example_sensor_decorator.py
[2024-12-13T11:57:40.521+0000] {processor.py:914} INFO - Processing file /opt/bitnami/airflow/venv/lib/python3.12/site-packages/airflow/example_dags/example_sensor_decorator.py for tasks to queue
[2024-12-13T11:57:40.523+0000] {logging_mixin.py:190} INFO - [2024-12-13T11:57:40.522+0000] {dagbag.py:588} INFO - Filling up the DagBag from /opt/bitnami/airflow/venv/lib/python3.12/site-packages/airflow/example_dags/example_sensor_decorator.py
[2024-12-13T11:57:40.528+0000] {processor.py:925} INFO - DAG(s) 'example_sensor_decorator' retrieved from /opt/bitnami/airflow/venv/lib/python3.12/site-packages/airflow/example_dags/example_sensor_decorator.py
[2024-12-13T11:57:40.558+0000] {logging_mixin.py:190} INFO - [2024-12-13T11:57:40.558+0000] {dag.py:3239} INFO - Sync 1 DAGs
[2024-12-13T11:57:40.576+0000] {logging_mixin.py:190} INFO - [2024-12-13T11:57:40.576+0000] {dag.py:4180} INFO - Setting next_dagrun for example_sensor_decorator to None, run_after=None
[2024-12-13T11:57:40.597+0000] {processor.py:208} INFO - Processing /opt/bitnami/airflow/venv/lib/python3.12/site-packages/airflow/example_dags/example_sensor_decorator.py took 0.082 seconds
[2024-12-13T11:58:34.768+0000] {processor.py:186} INFO - Started process (PID=76) to work on /opt/bitnami/airflow/venv/lib/python3.12/site-packages/airflow/example_dags/example_sensor_decorator.py
[2024-12-13T11:58:34.769+0000] {processor.py:914} INFO - Processing file /opt/bitnami/airflow/venv/lib/python3.12/site-packages/airflow/example_dags/example_sensor_decorator.py for tasks to queue
[2024-12-13T11:58:34.772+0000] {logging_mixin.py:190} INFO - [2024-12-13T11:58:34.771+0000] {dagbag.py:588} INFO - Filling up the DagBag from /opt/bitnami/airflow/venv/lib/python3.12/site-packages/airflow/example_dags/example_sensor_decorator.py
[2024-12-13T11:58:34.777+0000] {processor.py:925} INFO - DAG(s) 'example_sensor_decorator' retrieved from /opt/bitnami/airflow/venv/lib/python3.12/site-packages/airflow/example_dags/example_sensor_decorator.py
[2024-12-13T11:58:34.810+0000] {logging_mixin.py:190} INFO - [2024-12-13T11:58:34.809+0000] {dag.py:3239} INFO - Sync 1 DAGs
[2024-12-13T11:58:34.826+0000] {logging_mixin.py:190} INFO - [2024-12-13T11:58:34.826+0000] {dag.py:4180} INFO - Setting next_dagrun for example_sensor_decorator to None, run_after=None
[2024-12-13T11:58:34.844+0000] {processor.py:208} INFO - Processing /opt/bitnami/airflow/venv/lib/python3.12/site-packages/airflow/example_dags/example_sensor_decorator.py took 0.081 seconds
[2024-12-13T11:59:06.174+0000] {processor.py:186} INFO - Started process (PID=133) to work on /opt/bitnami/airflow/venv/lib/python3.12/site-packages/airflow/example_dags/example_sensor_decorator.py
[2024-12-13T11:59:06.175+0000] {processor.py:914} INFO - Processing file /opt/bitnami/airflow/venv/lib/python3.12/site-packages/airflow/example_dags/example_sensor_decorator.py for tasks to queue
[2024-12-13T11:59:06.177+0000] {logging_mixin.py:190} INFO - [2024-12-13T11:59:06.177+0000] {dagbag.py:588} INFO - Filling up the DagBag from /opt/bitnami/airflow/venv/lib/python3.12/site-packages/airflow/example_dags/example_sensor_decorator.py
[2024-12-13T11:59:06.183+0000] {processor.py:925} INFO - DAG(s) 'example_sensor_decorator' retrieved from /opt/bitnami/airflow/venv/lib/python3.12/site-packages/airflow/example_dags/example_sensor_decorator.py
[2024-12-13T11:59:06.219+0000] {logging_mixin.py:190} INFO - [2024-12-13T11:59:06.218+0000] {dag.py:3239} INFO - Sync 1 DAGs
[2024-12-13T11:59:06.238+0000] {logging_mixin.py:190} INFO - [2024-12-13T11:59:06.238+0000] {dag.py:4180} INFO - Setting next_dagrun for example_sensor_decorator to None, run_after=None
[2024-12-13T11:59:06.262+0000] {processor.py:208} INFO - Processing /opt/bitnami/airflow/venv/lib/python3.12/site-packages/airflow/example_dags/example_sensor_decorator.py took 0.093 seconds
[2024-12-13T11:59:37.118+0000] {processor.py:186} INFO - Started process (PID=190) to work on /opt/bitnami/airflow/venv/lib/python3.12/site-packages/airflow/example_dags/example_sensor_decorator.py
[2024-12-13T11:59:37.119+0000] {processor.py:914} INFO - Processing file /opt/bitnami/airflow/venv/lib/python3.12/site-packages/airflow/example_dags/example_sensor_decorator.py for tasks to queue
[2024-12-13T11:59:37.121+0000] {logging_mixin.py:190} INFO - [2024-12-13T11:59:37.121+0000] {dagbag.py:588} INFO - Filling up the DagBag from /opt/bitnami/airflow/venv/lib/python3.12/site-packages/airflow/example_dags/example_sensor_decorator.py
[2024-12-13T11:59:37.126+0000] {processor.py:925} INFO - DAG(s) 'example_sensor_decorator' retrieved from /opt/bitnami/airflow/venv/lib/python3.12/site-packages/airflow/example_dags/example_sensor_decorator.py
[2024-12-13T11:59:37.213+0000] {logging_mixin.py:190} INFO - [2024-12-13T11:59:37.212+0000] {dag.py:3239} INFO - Sync 1 DAGs
[2024-12-13T11:59:37.230+0000] {logging_mixin.py:190} INFO - [2024-12-13T11:59:37.230+0000] {dag.py:4180} INFO - Setting next_dagrun for example_sensor_decorator to None, run_after=None
[2024-12-13T11:59:37.255+0000] {processor.py:208} INFO - Processing /opt/bitnami/airflow/venv/lib/python3.12/site-packages/airflow/example_dags/example_sensor_decorator.py took 0.142 seconds
[2024-12-13T12:00:07.352+0000] {processor.py:186} INFO - Started process (PID=247) to work on /opt/bitnami/airflow/venv/lib/python3.12/site-packages/airflow/example_dags/example_sensor_decorator.py
[2024-12-13T12:00:07.353+0000] {processor.py:914} INFO - Processing file /opt/bitnami/airflow/venv/lib/python3.12/site-packages/airflow/example_dags/example_sensor_decorator.py for tasks to queue
[2024-12-13T12:00:07.355+0000] {logging_mixin.py:190} INFO - [2024-12-13T12:00:07.355+0000] {dagbag.py:588} INFO - Filling up the DagBag from /opt/bitnami/airflow/venv/lib/python3.12/site-packages/airflow/example_dags/example_sensor_decorator.py
[2024-12-13T12:00:07.360+0000] {processor.py:925} INFO - DAG(s) 'example_sensor_decorator' retrieved from /opt/bitnami/airflow/venv/lib/python3.12/site-packages/airflow/example_dags/example_sensor_decorator.py
[2024-12-13T12:00:07.389+0000] {logging_mixin.py:190} INFO - [2024-12-13T12:00:07.388+0000] {dag.py:3239} INFO - Sync 1 DAGs
[2024-12-13T12:00:07.407+0000] {logging_mixin.py:190} INFO - [2024-12-13T12:00:07.407+0000] {dag.py:4180} INFO - Setting next_dagrun for example_sensor_decorator to None, run_after=None
[2024-12-13T12:00:07.428+0000] {processor.py:208} INFO - Processing /opt/bitnami/airflow/venv/lib/python3.12/site-packages/airflow/example_dags/example_sensor_decorator.py took 0.081 seconds
[2024-12-13T12:00:38.222+0000] {processor.py:186} INFO - Started process (PID=304) to work on /opt/bitnami/airflow/venv/lib/python3.12/site-packages/airflow/example_dags/example_sensor_decorator.py
[2024-12-13T12:00:38.223+0000] {processor.py:914} INFO - Processing file /opt/bitnami/airflow/venv/lib/python3.12/site-packages/airflow/example_dags/example_sensor_decorator.py for tasks to queue
[2024-12-13T12:00:38.225+0000] {logging_mixin.py:190} INFO - [2024-12-13T12:00:38.225+0000] {dagbag.py:588} INFO - Filling up the DagBag from /opt/bitnami/airflow/venv/lib/python3.12/site-packages/airflow/example_dags/example_sensor_decorator.py
[2024-12-13T12:00:38.230+0000] {processor.py:925} INFO - DAG(s) 'example_sensor_decorator' retrieved from /opt/bitnami/airflow/venv/lib/python3.12/site-packages/airflow/example_dags/example_sensor_decorator.py
[2024-12-13T12:00:38.257+0000] {logging_mixin.py:190} INFO - [2024-12-13T12:00:38.257+0000] {dag.py:3239} INFO - Sync 1 DAGs
[2024-12-13T12:00:38.273+0000] {logging_mixin.py:190} INFO - [2024-12-13T12:00:38.272+0000] {dag.py:4180} INFO - Setting next_dagrun for example_sensor_decorator to None, run_after=None
[2024-12-13T12:00:38.293+0000] {processor.py:208} INFO - Processing /opt/bitnami/airflow/venv/lib/python3.12/site-packages/airflow/example_dags/example_sensor_decorator.py took 0.076 seconds
[2024-12-13T12:01:09.709+0000] {processor.py:186} INFO - Started process (PID=361) to work on /opt/bitnami/airflow/venv/lib/python3.12/site-packages/airflow/example_dags/example_sensor_decorator.py
[2024-12-13T12:01:09.710+0000] {processor.py:914} INFO - Processing file /opt/bitnami/airflow/venv/lib/python3.12/site-packages/airflow/example_dags/example_sensor_decorator.py for tasks to queue
[2024-12-13T12:01:09.712+0000] {logging_mixin.py:190} INFO - [2024-12-13T12:01:09.712+0000] {dagbag.py:588} INFO - Filling up the DagBag from /opt/bitnami/airflow/venv/lib/python3.12/site-packages/airflow/example_dags/example_sensor_decorator.py
[2024-12-13T12:01:09.717+0000] {processor.py:925} INFO - DAG(s) 'example_sensor_decorator' retrieved from /opt/bitnami/airflow/venv/lib/python3.12/site-packages/airflow/example_dags/example_sensor_decorator.py
[2024-12-13T12:01:09.746+0000] {logging_mixin.py:190} INFO - [2024-12-13T12:01:09.746+0000] {dag.py:3239} INFO - Sync 1 DAGs
[2024-12-13T12:01:09.762+0000] {logging_mixin.py:190} INFO - [2024-12-13T12:01:09.762+0000] {dag.py:4180} INFO - Setting next_dagrun for example_sensor_decorator to None, run_after=None
[2024-12-13T12:01:09.781+0000] {processor.py:208} INFO - Processing /opt/bitnami/airflow/venv/lib/python3.12/site-packages/airflow/example_dags/example_sensor_decorator.py took 0.076 seconds
[2024-12-13T12:01:40.603+0000] {processor.py:186} INFO - Started process (PID=418) to work on /opt/bitnami/airflow/venv/lib/python3.12/site-packages/airflow/example_dags/example_sensor_decorator.py
[2024-12-13T12:01:40.604+0000] {processor.py:914} INFO - Processing file /opt/bitnami/airflow/venv/lib/python3.12/site-packages/airflow/example_dags/example_sensor_decorator.py for tasks to queue
[2024-12-13T12:01:40.606+0000] {logging_mixin.py:190} INFO - [2024-12-13T12:01:40.606+0000] {dagbag.py:588} INFO - Filling up the DagBag from /opt/bitnami/airflow/venv/lib/python3.12/site-packages/airflow/example_dags/example_sensor_decorator.py
[2024-12-13T12:01:40.612+0000] {processor.py:925} INFO - DAG(s) 'example_sensor_decorator' retrieved from /opt/bitnami/airflow/venv/lib/python3.12/site-packages/airflow/example_dags/example_sensor_decorator.py
[2024-12-13T12:01:40.639+0000] {logging_mixin.py:190} INFO - [2024-12-13T12:01:40.639+0000] {dag.py:3239} INFO - Sync 1 DAGs
[2024-12-13T12:01:40.656+0000] {logging_mixin.py:190} INFO - [2024-12-13T12:01:40.656+0000] {dag.py:4180} INFO - Setting next_dagrun for example_sensor_decorator to None, run_after=None
[2024-12-13T12:01:40.677+0000] {processor.py:208} INFO - Processing /opt/bitnami/airflow/venv/lib/python3.12/site-packages/airflow/example_dags/example_sensor_decorator.py took 0.079 seconds
[2024-12-13T12:02:11.177+0000] {processor.py:186} INFO - Started process (PID=475) to work on /opt/bitnami/airflow/venv/lib/python3.12/site-packages/airflow/example_dags/example_sensor_decorator.py
[2024-12-13T12:02:11.178+0000] {processor.py:914} INFO - Processing file /opt/bitnami/airflow/venv/lib/python3.12/site-packages/airflow/example_dags/example_sensor_decorator.py for tasks to queue
[2024-12-13T12:02:11.180+0000] {logging_mixin.py:190} INFO - [2024-12-13T12:02:11.180+0000] {dagbag.py:588} INFO - Filling up the DagBag from /opt/bitnami/airflow/venv/lib/python3.12/site-packages/airflow/example_dags/example_sensor_decorator.py
[2024-12-13T12:02:11.185+0000] {processor.py:925} INFO - DAG(s) 'example_sensor_decorator' retrieved from /opt/bitnami/airflow/venv/lib/python3.12/site-packages/airflow/example_dags/example_sensor_decorator.py
[2024-12-13T12:02:11.219+0000] {logging_mixin.py:190} INFO - [2024-12-13T12:02:11.219+0000] {dag.py:3239} INFO - Sync 1 DAGs
[2024-12-13T12:02:11.243+0000] {logging_mixin.py:190} INFO - [2024-12-13T12:02:11.243+0000] {dag.py:4180} INFO - Setting next_dagrun for example_sensor_decorator to None, run_after=None
[2024-12-13T12:02:11.265+0000] {processor.py:208} INFO - Processing /opt/bitnami/airflow/venv/lib/python3.12/site-packages/airflow/example_dags/example_sensor_decorator.py took 0.092 seconds
