[2024-12-13T08:19:44.813+0000] {processor.py:186} INFO - Started process (PID=68) to work on /opt/bitnami/airflow/venv/lib/python3.12/site-packages/airflow/example_dags/example_xcom.py
[2024-12-13T08:19:44.814+0000] {processor.py:914} INFO - Processing file /opt/bitnami/airflow/venv/lib/python3.12/site-packages/airflow/example_dags/example_xcom.py for tasks to queue
[2024-12-13T08:19:44.816+0000] {logging_mixin.py:190} INFO - [2024-12-13T08:19:44.816+0000] {dagbag.py:588} INFO - Filling up the DagBag from /opt/bitnami/airflow/venv/lib/python3.12/site-packages/airflow/example_dags/example_xcom.py
[2024-12-13T08:19:44.823+0000] {processor.py:925} INFO - DAG(s) 'example_xcom' retrieved from /opt/bitnami/airflow/venv/lib/python3.12/site-packages/airflow/example_dags/example_xcom.py
[2024-12-13T08:19:44.862+0000] {logging_mixin.py:190} INFO - [2024-12-13T08:19:44.862+0000] {dag.py:3239} INFO - Sync 1 DAGs
[2024-12-13T08:19:44.894+0000] {logging_mixin.py:190} INFO - [2024-12-13T08:19:44.894+0000] {dag.py:4180} INFO - Setting next_dagrun for example_xcom to 2021-01-01 00:00:00+00:00, run_after=2021-01-01 00:00:00+00:00
[2024-12-13T08:19:44.913+0000] {processor.py:208} INFO - Processing /opt/bitnami/airflow/venv/lib/python3.12/site-packages/airflow/example_dags/example_xcom.py took 0.105 seconds
[2024-12-13T08:20:15.232+0000] {processor.py:186} INFO - Started process (PID=125) to work on /opt/bitnami/airflow/venv/lib/python3.12/site-packages/airflow/example_dags/example_xcom.py
[2024-12-13T08:20:15.234+0000] {processor.py:914} INFO - Processing file /opt/bitnami/airflow/venv/lib/python3.12/site-packages/airflow/example_dags/example_xcom.py for tasks to queue
[2024-12-13T08:20:15.236+0000] {logging_mixin.py:190} INFO - [2024-12-13T08:20:15.236+0000] {dagbag.py:588} INFO - Filling up the DagBag from /opt/bitnami/airflow/venv/lib/python3.12/site-packages/airflow/example_dags/example_xcom.py
[2024-12-13T08:20:15.242+0000] {processor.py:925} INFO - DAG(s) 'example_xcom' retrieved from /opt/bitnami/airflow/venv/lib/python3.12/site-packages/airflow/example_dags/example_xcom.py
[2024-12-13T08:20:15.277+0000] {logging_mixin.py:190} INFO - [2024-12-13T08:20:15.277+0000] {dag.py:3239} INFO - Sync 1 DAGs
[2024-12-13T08:20:15.308+0000] {logging_mixin.py:190} INFO - [2024-12-13T08:20:15.307+0000] {dag.py:4180} INFO - Setting next_dagrun for example_xcom to 2021-01-01 00:00:00+00:00, run_after=2021-01-01 00:00:00+00:00
[2024-12-13T08:20:15.326+0000] {processor.py:208} INFO - Processing /opt/bitnami/airflow/venv/lib/python3.12/site-packages/airflow/example_dags/example_xcom.py took 0.098 seconds
[2024-12-13T08:20:45.690+0000] {processor.py:186} INFO - Started process (PID=182) to work on /opt/bitnami/airflow/venv/lib/python3.12/site-packages/airflow/example_dags/example_xcom.py
[2024-12-13T08:20:45.691+0000] {processor.py:914} INFO - Processing file /opt/bitnami/airflow/venv/lib/python3.12/site-packages/airflow/example_dags/example_xcom.py for tasks to queue
[2024-12-13T08:20:45.694+0000] {logging_mixin.py:190} INFO - [2024-12-13T08:20:45.693+0000] {dagbag.py:588} INFO - Filling up the DagBag from /opt/bitnami/airflow/venv/lib/python3.12/site-packages/airflow/example_dags/example_xcom.py
[2024-12-13T08:20:45.702+0000] {processor.py:925} INFO - DAG(s) 'example_xcom' retrieved from /opt/bitnami/airflow/venv/lib/python3.12/site-packages/airflow/example_dags/example_xcom.py
[2024-12-13T08:20:45.745+0000] {logging_mixin.py:190} INFO - [2024-12-13T08:20:45.745+0000] {dag.py:3239} INFO - Sync 1 DAGs
[2024-12-13T08:20:45.778+0000] {logging_mixin.py:190} INFO - [2024-12-13T08:20:45.777+0000] {dag.py:4180} INFO - Setting next_dagrun for example_xcom to 2021-01-01 00:00:00+00:00, run_after=2021-01-01 00:00:00+00:00
[2024-12-13T08:20:45.804+0000] {processor.py:208} INFO - Processing /opt/bitnami/airflow/venv/lib/python3.12/site-packages/airflow/example_dags/example_xcom.py took 0.119 seconds
[2024-12-13T08:21:16.481+0000] {processor.py:186} INFO - Started process (PID=239) to work on /opt/bitnami/airflow/venv/lib/python3.12/site-packages/airflow/example_dags/example_xcom.py
[2024-12-13T08:21:16.482+0000] {processor.py:914} INFO - Processing file /opt/bitnami/airflow/venv/lib/python3.12/site-packages/airflow/example_dags/example_xcom.py for tasks to queue
[2024-12-13T08:21:16.484+0000] {logging_mixin.py:190} INFO - [2024-12-13T08:21:16.484+0000] {dagbag.py:588} INFO - Filling up the DagBag from /opt/bitnami/airflow/venv/lib/python3.12/site-packages/airflow/example_dags/example_xcom.py
[2024-12-13T08:21:16.490+0000] {processor.py:925} INFO - DAG(s) 'example_xcom' retrieved from /opt/bitnami/airflow/venv/lib/python3.12/site-packages/airflow/example_dags/example_xcom.py
[2024-12-13T08:21:16.559+0000] {logging_mixin.py:190} INFO - [2024-12-13T08:21:16.559+0000] {dag.py:3239} INFO - Sync 1 DAGs
[2024-12-13T08:21:16.584+0000] {logging_mixin.py:190} INFO - [2024-12-13T08:21:16.584+0000] {dag.py:4180} INFO - Setting next_dagrun for example_xcom to 2021-01-01 00:00:00+00:00, run_after=2021-01-01 00:00:00+00:00
[2024-12-13T08:21:16.603+0000] {processor.py:208} INFO - Processing /opt/bitnami/airflow/venv/lib/python3.12/site-packages/airflow/example_dags/example_xcom.py took 0.126 seconds
[2024-12-13T08:21:47.604+0000] {processor.py:186} INFO - Started process (PID=296) to work on /opt/bitnami/airflow/venv/lib/python3.12/site-packages/airflow/example_dags/example_xcom.py
[2024-12-13T08:21:47.605+0000] {processor.py:914} INFO - Processing file /opt/bitnami/airflow/venv/lib/python3.12/site-packages/airflow/example_dags/example_xcom.py for tasks to queue
[2024-12-13T08:21:47.607+0000] {logging_mixin.py:190} INFO - [2024-12-13T08:21:47.607+0000] {dagbag.py:588} INFO - Filling up the DagBag from /opt/bitnami/airflow/venv/lib/python3.12/site-packages/airflow/example_dags/example_xcom.py
[2024-12-13T08:21:47.613+0000] {processor.py:925} INFO - DAG(s) 'example_xcom' retrieved from /opt/bitnami/airflow/venv/lib/python3.12/site-packages/airflow/example_dags/example_xcom.py
[2024-12-13T08:21:47.644+0000] {logging_mixin.py:190} INFO - [2024-12-13T08:21:47.644+0000] {dag.py:3239} INFO - Sync 1 DAGs
[2024-12-13T08:21:47.679+0000] {logging_mixin.py:190} INFO - [2024-12-13T08:21:47.679+0000] {dag.py:4180} INFO - Setting next_dagrun for example_xcom to 2021-01-01 00:00:00+00:00, run_after=2021-01-01 00:00:00+00:00
[2024-12-13T08:21:47.705+0000] {processor.py:208} INFO - Processing /opt/bitnami/airflow/venv/lib/python3.12/site-packages/airflow/example_dags/example_xcom.py took 0.106 seconds
[2024-12-13T08:22:17.856+0000] {processor.py:186} INFO - Started process (PID=353) to work on /opt/bitnami/airflow/venv/lib/python3.12/site-packages/airflow/example_dags/example_xcom.py
[2024-12-13T08:22:17.857+0000] {processor.py:914} INFO - Processing file /opt/bitnami/airflow/venv/lib/python3.12/site-packages/airflow/example_dags/example_xcom.py for tasks to queue
[2024-12-13T08:22:17.860+0000] {logging_mixin.py:190} INFO - [2024-12-13T08:22:17.859+0000] {dagbag.py:588} INFO - Filling up the DagBag from /opt/bitnami/airflow/venv/lib/python3.12/site-packages/airflow/example_dags/example_xcom.py
[2024-12-13T08:22:17.866+0000] {processor.py:925} INFO - DAG(s) 'example_xcom' retrieved from /opt/bitnami/airflow/venv/lib/python3.12/site-packages/airflow/example_dags/example_xcom.py
[2024-12-13T08:22:17.907+0000] {logging_mixin.py:190} INFO - [2024-12-13T08:22:17.907+0000] {dag.py:3239} INFO - Sync 1 DAGs
[2024-12-13T08:22:17.936+0000] {logging_mixin.py:190} INFO - [2024-12-13T08:22:17.935+0000] {dag.py:4180} INFO - Setting next_dagrun for example_xcom to 2021-01-01 00:00:00+00:00, run_after=2021-01-01 00:00:00+00:00
[2024-12-13T08:22:17.955+0000] {processor.py:208} INFO - Processing /opt/bitnami/airflow/venv/lib/python3.12/site-packages/airflow/example_dags/example_xcom.py took 0.104 seconds
[2024-12-13T08:22:48.691+0000] {processor.py:186} INFO - Started process (PID=410) to work on /opt/bitnami/airflow/venv/lib/python3.12/site-packages/airflow/example_dags/example_xcom.py
[2024-12-13T08:22:48.692+0000] {processor.py:914} INFO - Processing file /opt/bitnami/airflow/venv/lib/python3.12/site-packages/airflow/example_dags/example_xcom.py for tasks to queue
[2024-12-13T08:22:48.694+0000] {logging_mixin.py:190} INFO - [2024-12-13T08:22:48.693+0000] {dagbag.py:588} INFO - Filling up the DagBag from /opt/bitnami/airflow/venv/lib/python3.12/site-packages/airflow/example_dags/example_xcom.py
[2024-12-13T08:22:48.700+0000] {processor.py:925} INFO - DAG(s) 'example_xcom' retrieved from /opt/bitnami/airflow/venv/lib/python3.12/site-packages/airflow/example_dags/example_xcom.py
[2024-12-13T08:22:48.732+0000] {logging_mixin.py:190} INFO - [2024-12-13T08:22:48.731+0000] {dag.py:3239} INFO - Sync 1 DAGs
[2024-12-13T08:22:48.755+0000] {logging_mixin.py:190} INFO - [2024-12-13T08:22:48.755+0000] {dag.py:4180} INFO - Setting next_dagrun for example_xcom to 2021-01-01 00:00:00+00:00, run_after=2021-01-01 00:00:00+00:00
[2024-12-13T08:22:48.775+0000] {processor.py:208} INFO - Processing /opt/bitnami/airflow/venv/lib/python3.12/site-packages/airflow/example_dags/example_xcom.py took 0.089 seconds
[2024-12-13T08:25:45.847+0000] {processor.py:186} INFO - Started process (PID=68) to work on /opt/bitnami/airflow/venv/lib/python3.12/site-packages/airflow/example_dags/example_xcom.py
[2024-12-13T08:25:45.848+0000] {processor.py:914} INFO - Processing file /opt/bitnami/airflow/venv/lib/python3.12/site-packages/airflow/example_dags/example_xcom.py for tasks to queue
[2024-12-13T08:25:45.850+0000] {logging_mixin.py:190} INFO - [2024-12-13T08:25:45.849+0000] {dagbag.py:588} INFO - Filling up the DagBag from /opt/bitnami/airflow/venv/lib/python3.12/site-packages/airflow/example_dags/example_xcom.py
[2024-12-13T08:25:45.855+0000] {processor.py:925} INFO - DAG(s) 'example_xcom' retrieved from /opt/bitnami/airflow/venv/lib/python3.12/site-packages/airflow/example_dags/example_xcom.py
[2024-12-13T08:25:45.881+0000] {logging_mixin.py:190} INFO - [2024-12-13T08:25:45.880+0000] {dag.py:3239} INFO - Sync 1 DAGs
[2024-12-13T08:25:45.902+0000] {logging_mixin.py:190} INFO - [2024-12-13T08:25:45.902+0000] {dag.py:4180} INFO - Setting next_dagrun for example_xcom to 2021-01-01 00:00:00+00:00, run_after=2021-01-01 00:00:00+00:00
[2024-12-13T08:25:45.921+0000] {processor.py:208} INFO - Processing /opt/bitnami/airflow/venv/lib/python3.12/site-packages/airflow/example_dags/example_xcom.py took 0.079 seconds
[2024-12-13T08:26:16.372+0000] {processor.py:186} INFO - Started process (PID=125) to work on /opt/bitnami/airflow/venv/lib/python3.12/site-packages/airflow/example_dags/example_xcom.py
[2024-12-13T08:26:16.373+0000] {processor.py:914} INFO - Processing file /opt/bitnami/airflow/venv/lib/python3.12/site-packages/airflow/example_dags/example_xcom.py for tasks to queue
[2024-12-13T08:26:16.375+0000] {logging_mixin.py:190} INFO - [2024-12-13T08:26:16.375+0000] {dagbag.py:588} INFO - Filling up the DagBag from /opt/bitnami/airflow/venv/lib/python3.12/site-packages/airflow/example_dags/example_xcom.py
[2024-12-13T08:26:16.380+0000] {processor.py:925} INFO - DAG(s) 'example_xcom' retrieved from /opt/bitnami/airflow/venv/lib/python3.12/site-packages/airflow/example_dags/example_xcom.py
[2024-12-13T08:26:16.411+0000] {logging_mixin.py:190} INFO - [2024-12-13T08:26:16.411+0000] {dag.py:3239} INFO - Sync 1 DAGs
[2024-12-13T08:26:16.437+0000] {logging_mixin.py:190} INFO - [2024-12-13T08:26:16.437+0000] {dag.py:4180} INFO - Setting next_dagrun for example_xcom to 2021-01-01 00:00:00+00:00, run_after=2021-01-01 00:00:00+00:00
[2024-12-13T08:26:16.455+0000] {processor.py:208} INFO - Processing /opt/bitnami/airflow/venv/lib/python3.12/site-packages/airflow/example_dags/example_xcom.py took 0.088 seconds
[2024-12-13T08:26:48.345+0000] {processor.py:186} INFO - Started process (PID=182) to work on /opt/bitnami/airflow/venv/lib/python3.12/site-packages/airflow/example_dags/example_xcom.py
[2024-12-13T08:26:48.347+0000] {processor.py:914} INFO - Processing file /opt/bitnami/airflow/venv/lib/python3.12/site-packages/airflow/example_dags/example_xcom.py for tasks to queue
[2024-12-13T08:26:48.349+0000] {logging_mixin.py:190} INFO - [2024-12-13T08:26:48.349+0000] {dagbag.py:588} INFO - Filling up the DagBag from /opt/bitnami/airflow/venv/lib/python3.12/site-packages/airflow/example_dags/example_xcom.py
[2024-12-13T08:26:48.355+0000] {processor.py:925} INFO - DAG(s) 'example_xcom' retrieved from /opt/bitnami/airflow/venv/lib/python3.12/site-packages/airflow/example_dags/example_xcom.py
[2024-12-13T08:26:48.446+0000] {logging_mixin.py:190} INFO - [2024-12-13T08:26:48.446+0000] {dag.py:3239} INFO - Sync 1 DAGs
[2024-12-13T08:26:48.479+0000] {logging_mixin.py:190} INFO - [2024-12-13T08:26:48.478+0000] {dag.py:4180} INFO - Setting next_dagrun for example_xcom to 2021-01-01 00:00:00+00:00, run_after=2021-01-01 00:00:00+00:00
[2024-12-13T08:26:48.501+0000] {processor.py:208} INFO - Processing /opt/bitnami/airflow/venv/lib/python3.12/site-packages/airflow/example_dags/example_xcom.py took 0.161 seconds
[2024-12-13T08:27:19.303+0000] {processor.py:186} INFO - Started process (PID=239) to work on /opt/bitnami/airflow/venv/lib/python3.12/site-packages/airflow/example_dags/example_xcom.py
[2024-12-13T08:27:19.304+0000] {processor.py:914} INFO - Processing file /opt/bitnami/airflow/venv/lib/python3.12/site-packages/airflow/example_dags/example_xcom.py for tasks to queue
[2024-12-13T08:27:19.306+0000] {logging_mixin.py:190} INFO - [2024-12-13T08:27:19.305+0000] {dagbag.py:588} INFO - Filling up the DagBag from /opt/bitnami/airflow/venv/lib/python3.12/site-packages/airflow/example_dags/example_xcom.py
[2024-12-13T08:27:19.312+0000] {processor.py:925} INFO - DAG(s) 'example_xcom' retrieved from /opt/bitnami/airflow/venv/lib/python3.12/site-packages/airflow/example_dags/example_xcom.py
[2024-12-13T08:27:19.340+0000] {logging_mixin.py:190} INFO - [2024-12-13T08:27:19.340+0000] {dag.py:3239} INFO - Sync 1 DAGs
[2024-12-13T08:27:19.365+0000] {logging_mixin.py:190} INFO - [2024-12-13T08:27:19.365+0000] {dag.py:4180} INFO - Setting next_dagrun for example_xcom to 2021-01-01 00:00:00+00:00, run_after=2021-01-01 00:00:00+00:00
[2024-12-13T08:27:19.384+0000] {processor.py:208} INFO - Processing /opt/bitnami/airflow/venv/lib/python3.12/site-packages/airflow/example_dags/example_xcom.py took 0.086 seconds
[2024-12-13T10:42:39.219+0000] {processor.py:186} INFO - Started process (PID=68) to work on /opt/bitnami/airflow/venv/lib/python3.12/site-packages/airflow/example_dags/example_xcom.py
[2024-12-13T10:42:39.221+0000] {processor.py:914} INFO - Processing file /opt/bitnami/airflow/venv/lib/python3.12/site-packages/airflow/example_dags/example_xcom.py for tasks to queue
[2024-12-13T10:42:39.224+0000] {logging_mixin.py:190} INFO - [2024-12-13T10:42:39.224+0000] {dagbag.py:588} INFO - Filling up the DagBag from /opt/bitnami/airflow/venv/lib/python3.12/site-packages/airflow/example_dags/example_xcom.py
[2024-12-13T10:42:39.232+0000] {processor.py:925} INFO - DAG(s) 'example_xcom' retrieved from /opt/bitnami/airflow/venv/lib/python3.12/site-packages/airflow/example_dags/example_xcom.py
[2024-12-13T10:42:39.369+0000] {logging_mixin.py:190} INFO - [2024-12-13T10:42:39.368+0000] {override.py:1900} INFO - Created Permission View: can read on DAG:example_xcom
[2024-12-13T10:42:39.390+0000] {logging_mixin.py:190} INFO - [2024-12-13T10:42:39.389+0000] {override.py:1900} INFO - Created Permission View: can delete on DAG:example_xcom
[2024-12-13T10:42:39.401+0000] {logging_mixin.py:190} INFO - [2024-12-13T10:42:39.400+0000] {override.py:1900} INFO - Created Permission View: can edit on DAG:example_xcom
[2024-12-13T10:42:39.410+0000] {logging_mixin.py:190} INFO - [2024-12-13T10:42:39.410+0000] {override.py:1900} INFO - Created Permission View: can delete on DAG Run:example_xcom
[2024-12-13T10:42:39.418+0000] {logging_mixin.py:190} INFO - [2024-12-13T10:42:39.418+0000] {override.py:1900} INFO - Created Permission View: can read on DAG Run:example_xcom
[2024-12-13T10:42:39.428+0000] {logging_mixin.py:190} INFO - [2024-12-13T10:42:39.427+0000] {override.py:1900} INFO - Created Permission View: can create on DAG Run:example_xcom
[2024-12-13T10:42:39.436+0000] {logging_mixin.py:190} INFO - [2024-12-13T10:42:39.436+0000] {override.py:1900} INFO - Created Permission View: menu access on DAG Run:example_xcom
[2024-12-13T10:42:39.437+0000] {logging_mixin.py:190} INFO - [2024-12-13T10:42:39.437+0000] {dag.py:3239} INFO - Sync 1 DAGs
[2024-12-13T10:42:39.485+0000] {logging_mixin.py:190} INFO - [2024-12-13T10:42:39.485+0000] {dag.py:3262} INFO - Creating ORM DAG for example_xcom
[2024-12-13T10:42:39.506+0000] {logging_mixin.py:190} INFO - [2024-12-13T10:42:39.506+0000] {dag.py:4180} INFO - Setting next_dagrun for example_xcom to 2021-01-01 00:00:00+00:00, run_after=2021-01-01 00:00:00+00:00
[2024-12-13T10:42:39.546+0000] {processor.py:208} INFO - Processing /opt/bitnami/airflow/venv/lib/python3.12/site-packages/airflow/example_dags/example_xcom.py took 0.332 seconds
[2024-12-13T10:43:10.360+0000] {processor.py:186} INFO - Started process (PID=125) to work on /opt/bitnami/airflow/venv/lib/python3.12/site-packages/airflow/example_dags/example_xcom.py
[2024-12-13T10:43:10.361+0000] {processor.py:914} INFO - Processing file /opt/bitnami/airflow/venv/lib/python3.12/site-packages/airflow/example_dags/example_xcom.py for tasks to queue
[2024-12-13T10:43:10.363+0000] {logging_mixin.py:190} INFO - [2024-12-13T10:43:10.363+0000] {dagbag.py:588} INFO - Filling up the DagBag from /opt/bitnami/airflow/venv/lib/python3.12/site-packages/airflow/example_dags/example_xcom.py
[2024-12-13T10:43:10.369+0000] {processor.py:925} INFO - DAG(s) 'example_xcom' retrieved from /opt/bitnami/airflow/venv/lib/python3.12/site-packages/airflow/example_dags/example_xcom.py
[2024-12-13T10:43:10.419+0000] {logging_mixin.py:190} INFO - [2024-12-13T10:43:10.419+0000] {dag.py:3239} INFO - Sync 1 DAGs
[2024-12-13T10:43:10.464+0000] {logging_mixin.py:190} INFO - [2024-12-13T10:43:10.464+0000] {dag.py:4180} INFO - Setting next_dagrun for example_xcom to 2021-01-01 00:00:00+00:00, run_after=2021-01-01 00:00:00+00:00
[2024-12-13T10:43:10.494+0000] {processor.py:208} INFO - Processing /opt/bitnami/airflow/venv/lib/python3.12/site-packages/airflow/example_dags/example_xcom.py took 0.137 seconds
[2024-12-13T10:43:41.097+0000] {processor.py:186} INFO - Started process (PID=182) to work on /opt/bitnami/airflow/venv/lib/python3.12/site-packages/airflow/example_dags/example_xcom.py
[2024-12-13T10:43:41.099+0000] {processor.py:914} INFO - Processing file /opt/bitnami/airflow/venv/lib/python3.12/site-packages/airflow/example_dags/example_xcom.py for tasks to queue
[2024-12-13T10:43:41.102+0000] {logging_mixin.py:190} INFO - [2024-12-13T10:43:41.101+0000] {dagbag.py:588} INFO - Filling up the DagBag from /opt/bitnami/airflow/venv/lib/python3.12/site-packages/airflow/example_dags/example_xcom.py
[2024-12-13T10:43:41.108+0000] {processor.py:925} INFO - DAG(s) 'example_xcom' retrieved from /opt/bitnami/airflow/venv/lib/python3.12/site-packages/airflow/example_dags/example_xcom.py
[2024-12-13T10:43:41.283+0000] {logging_mixin.py:190} INFO - [2024-12-13T10:43:41.282+0000] {dag.py:3239} INFO - Sync 1 DAGs
[2024-12-13T10:43:41.335+0000] {logging_mixin.py:190} INFO - [2024-12-13T10:43:41.335+0000] {dag.py:4180} INFO - Setting next_dagrun for example_xcom to 2021-01-01 00:00:00+00:00, run_after=2021-01-01 00:00:00+00:00
[2024-12-13T10:43:41.372+0000] {processor.py:208} INFO - Processing /opt/bitnami/airflow/venv/lib/python3.12/site-packages/airflow/example_dags/example_xcom.py took 0.281 seconds
[2024-12-13T10:44:11.944+0000] {processor.py:186} INFO - Started process (PID=239) to work on /opt/bitnami/airflow/venv/lib/python3.12/site-packages/airflow/example_dags/example_xcom.py
[2024-12-13T10:44:11.947+0000] {processor.py:914} INFO - Processing file /opt/bitnami/airflow/venv/lib/python3.12/site-packages/airflow/example_dags/example_xcom.py for tasks to queue
[2024-12-13T10:44:11.950+0000] {logging_mixin.py:190} INFO - [2024-12-13T10:44:11.950+0000] {dagbag.py:588} INFO - Filling up the DagBag from /opt/bitnami/airflow/venv/lib/python3.12/site-packages/airflow/example_dags/example_xcom.py
[2024-12-13T10:44:11.959+0000] {processor.py:925} INFO - DAG(s) 'example_xcom' retrieved from /opt/bitnami/airflow/venv/lib/python3.12/site-packages/airflow/example_dags/example_xcom.py
[2024-12-13T10:44:12.052+0000] {logging_mixin.py:190} INFO - [2024-12-13T10:44:12.052+0000] {dag.py:3239} INFO - Sync 1 DAGs
[2024-12-13T10:44:12.110+0000] {logging_mixin.py:190} INFO - [2024-12-13T10:44:12.110+0000] {dag.py:4180} INFO - Setting next_dagrun for example_xcom to 2021-01-01 00:00:00+00:00, run_after=2021-01-01 00:00:00+00:00
[2024-12-13T10:44:12.149+0000] {processor.py:208} INFO - Processing /opt/bitnami/airflow/venv/lib/python3.12/site-packages/airflow/example_dags/example_xcom.py took 0.212 seconds
[2024-12-13T10:44:42.797+0000] {processor.py:186} INFO - Started process (PID=296) to work on /opt/bitnami/airflow/venv/lib/python3.12/site-packages/airflow/example_dags/example_xcom.py
[2024-12-13T10:44:42.799+0000] {processor.py:914} INFO - Processing file /opt/bitnami/airflow/venv/lib/python3.12/site-packages/airflow/example_dags/example_xcom.py for tasks to queue
[2024-12-13T10:44:42.801+0000] {logging_mixin.py:190} INFO - [2024-12-13T10:44:42.801+0000] {dagbag.py:588} INFO - Filling up the DagBag from /opt/bitnami/airflow/venv/lib/python3.12/site-packages/airflow/example_dags/example_xcom.py
[2024-12-13T10:44:42.807+0000] {processor.py:925} INFO - DAG(s) 'example_xcom' retrieved from /opt/bitnami/airflow/venv/lib/python3.12/site-packages/airflow/example_dags/example_xcom.py
[2024-12-13T10:44:42.857+0000] {logging_mixin.py:190} INFO - [2024-12-13T10:44:42.857+0000] {dag.py:3239} INFO - Sync 1 DAGs
[2024-12-13T10:44:42.903+0000] {logging_mixin.py:190} INFO - [2024-12-13T10:44:42.903+0000] {dag.py:4180} INFO - Setting next_dagrun for example_xcom to 2021-01-01 00:00:00+00:00, run_after=2021-01-01 00:00:00+00:00
[2024-12-13T10:44:42.937+0000] {processor.py:208} INFO - Processing /opt/bitnami/airflow/venv/lib/python3.12/site-packages/airflow/example_dags/example_xcom.py took 0.144 seconds
[2024-12-13T10:52:11.391+0000] {processor.py:186} INFO - Started process (PID=68) to work on /opt/bitnami/airflow/venv/lib/python3.12/site-packages/airflow/example_dags/example_xcom.py
[2024-12-13T10:52:11.392+0000] {processor.py:914} INFO - Processing file /opt/bitnami/airflow/venv/lib/python3.12/site-packages/airflow/example_dags/example_xcom.py for tasks to queue
[2024-12-13T10:52:11.395+0000] {logging_mixin.py:190} INFO - [2024-12-13T10:52:11.394+0000] {dagbag.py:588} INFO - Filling up the DagBag from /opt/bitnami/airflow/venv/lib/python3.12/site-packages/airflow/example_dags/example_xcom.py
[2024-12-13T10:52:11.402+0000] {processor.py:925} INFO - DAG(s) 'example_xcom' retrieved from /opt/bitnami/airflow/venv/lib/python3.12/site-packages/airflow/example_dags/example_xcom.py
[2024-12-13T10:52:11.508+0000] {logging_mixin.py:190} INFO - [2024-12-13T10:52:11.507+0000] {override.py:1900} INFO - Created Permission View: can read on DAG:example_xcom
[2024-12-13T10:52:11.521+0000] {logging_mixin.py:190} INFO - [2024-12-13T10:52:11.520+0000] {override.py:1900} INFO - Created Permission View: can delete on DAG:example_xcom
[2024-12-13T10:52:11.570+0000] {logging_mixin.py:190} INFO - [2024-12-13T10:52:11.569+0000] {override.py:1900} INFO - Created Permission View: can edit on DAG:example_xcom
[2024-12-13T10:52:11.580+0000] {logging_mixin.py:190} INFO - [2024-12-13T10:52:11.580+0000] {override.py:1900} INFO - Created Permission View: menu access on DAG Run:example_xcom
[2024-12-13T10:52:11.588+0000] {logging_mixin.py:190} INFO - [2024-12-13T10:52:11.588+0000] {override.py:1900} INFO - Created Permission View: can read on DAG Run:example_xcom
[2024-12-13T10:52:11.597+0000] {logging_mixin.py:190} INFO - [2024-12-13T10:52:11.597+0000] {override.py:1900} INFO - Created Permission View: can delete on DAG Run:example_xcom
[2024-12-13T10:52:11.606+0000] {logging_mixin.py:190} INFO - [2024-12-13T10:52:11.605+0000] {override.py:1900} INFO - Created Permission View: can create on DAG Run:example_xcom
[2024-12-13T10:52:11.607+0000] {logging_mixin.py:190} INFO - [2024-12-13T10:52:11.607+0000] {dag.py:3239} INFO - Sync 1 DAGs
[2024-12-13T10:52:11.639+0000] {logging_mixin.py:190} INFO - [2024-12-13T10:52:11.638+0000] {dag.py:3262} INFO - Creating ORM DAG for example_xcom
[2024-12-13T10:52:11.653+0000] {logging_mixin.py:190} INFO - [2024-12-13T10:52:11.653+0000] {dag.py:4180} INFO - Setting next_dagrun for example_xcom to 2021-01-01 00:00:00+00:00, run_after=2021-01-01 00:00:00+00:00
[2024-12-13T10:52:11.678+0000] {processor.py:208} INFO - Processing /opt/bitnami/airflow/venv/lib/python3.12/site-packages/airflow/example_dags/example_xcom.py took 0.293 seconds
[2024-12-13T10:52:41.936+0000] {processor.py:186} INFO - Started process (PID=125) to work on /opt/bitnami/airflow/venv/lib/python3.12/site-packages/airflow/example_dags/example_xcom.py
[2024-12-13T10:52:41.938+0000] {processor.py:914} INFO - Processing file /opt/bitnami/airflow/venv/lib/python3.12/site-packages/airflow/example_dags/example_xcom.py for tasks to queue
[2024-12-13T10:52:41.940+0000] {logging_mixin.py:190} INFO - [2024-12-13T10:52:41.940+0000] {dagbag.py:588} INFO - Filling up the DagBag from /opt/bitnami/airflow/venv/lib/python3.12/site-packages/airflow/example_dags/example_xcom.py
[2024-12-13T10:52:41.948+0000] {processor.py:925} INFO - DAG(s) 'example_xcom' retrieved from /opt/bitnami/airflow/venv/lib/python3.12/site-packages/airflow/example_dags/example_xcom.py
[2024-12-13T10:52:42.006+0000] {logging_mixin.py:190} INFO - [2024-12-13T10:52:42.006+0000] {dag.py:3239} INFO - Sync 1 DAGs
[2024-12-13T10:52:42.049+0000] {logging_mixin.py:190} INFO - [2024-12-13T10:52:42.049+0000] {dag.py:4180} INFO - Setting next_dagrun for example_xcom to 2021-01-01 00:00:00+00:00, run_after=2021-01-01 00:00:00+00:00
[2024-12-13T10:52:42.084+0000] {processor.py:208} INFO - Processing /opt/bitnami/airflow/venv/lib/python3.12/site-packages/airflow/example_dags/example_xcom.py took 0.152 seconds
[2024-12-13T10:53:14.401+0000] {processor.py:186} INFO - Started process (PID=182) to work on /opt/bitnami/airflow/venv/lib/python3.12/site-packages/airflow/example_dags/example_xcom.py
[2024-12-13T10:53:14.403+0000] {processor.py:914} INFO - Processing file /opt/bitnami/airflow/venv/lib/python3.12/site-packages/airflow/example_dags/example_xcom.py for tasks to queue
[2024-12-13T10:53:14.408+0000] {logging_mixin.py:190} INFO - [2024-12-13T10:53:14.408+0000] {dagbag.py:588} INFO - Filling up the DagBag from /opt/bitnami/airflow/venv/lib/python3.12/site-packages/airflow/example_dags/example_xcom.py
[2024-12-13T10:53:14.418+0000] {processor.py:925} INFO - DAG(s) 'example_xcom' retrieved from /opt/bitnami/airflow/venv/lib/python3.12/site-packages/airflow/example_dags/example_xcom.py
[2024-12-13T10:53:14.582+0000] {logging_mixin.py:190} INFO - [2024-12-13T10:53:14.582+0000] {dag.py:3239} INFO - Sync 1 DAGs
[2024-12-13T10:53:14.645+0000] {logging_mixin.py:190} INFO - [2024-12-13T10:53:14.644+0000] {dag.py:4180} INFO - Setting next_dagrun for example_xcom to 2021-01-01 00:00:00+00:00, run_after=2021-01-01 00:00:00+00:00
[2024-12-13T10:53:14.698+0000] {processor.py:208} INFO - Processing /opt/bitnami/airflow/venv/lib/python3.12/site-packages/airflow/example_dags/example_xcom.py took 0.305 seconds
[2024-12-13T10:53:45.101+0000] {processor.py:186} INFO - Started process (PID=239) to work on /opt/bitnami/airflow/venv/lib/python3.12/site-packages/airflow/example_dags/example_xcom.py
[2024-12-13T10:53:45.103+0000] {processor.py:914} INFO - Processing file /opt/bitnami/airflow/venv/lib/python3.12/site-packages/airflow/example_dags/example_xcom.py for tasks to queue
[2024-12-13T10:53:45.105+0000] {logging_mixin.py:190} INFO - [2024-12-13T10:53:45.104+0000] {dagbag.py:588} INFO - Filling up the DagBag from /opt/bitnami/airflow/venv/lib/python3.12/site-packages/airflow/example_dags/example_xcom.py
[2024-12-13T10:53:45.112+0000] {processor.py:925} INFO - DAG(s) 'example_xcom' retrieved from /opt/bitnami/airflow/venv/lib/python3.12/site-packages/airflow/example_dags/example_xcom.py
[2024-12-13T10:53:45.169+0000] {logging_mixin.py:190} INFO - [2024-12-13T10:53:45.169+0000] {dag.py:3239} INFO - Sync 1 DAGs
[2024-12-13T10:53:45.211+0000] {logging_mixin.py:190} INFO - [2024-12-13T10:53:45.211+0000] {dag.py:4180} INFO - Setting next_dagrun for example_xcom to 2021-01-01 00:00:00+00:00, run_after=2021-01-01 00:00:00+00:00
[2024-12-13T10:53:45.236+0000] {processor.py:208} INFO - Processing /opt/bitnami/airflow/venv/lib/python3.12/site-packages/airflow/example_dags/example_xcom.py took 0.140 seconds
[2024-12-13T10:54:16.053+0000] {processor.py:186} INFO - Started process (PID=296) to work on /opt/bitnami/airflow/venv/lib/python3.12/site-packages/airflow/example_dags/example_xcom.py
[2024-12-13T10:54:16.055+0000] {processor.py:914} INFO - Processing file /opt/bitnami/airflow/venv/lib/python3.12/site-packages/airflow/example_dags/example_xcom.py for tasks to queue
[2024-12-13T10:54:16.060+0000] {logging_mixin.py:190} INFO - [2024-12-13T10:54:16.060+0000] {dagbag.py:588} INFO - Filling up the DagBag from /opt/bitnami/airflow/venv/lib/python3.12/site-packages/airflow/example_dags/example_xcom.py
[2024-12-13T10:54:16.068+0000] {processor.py:925} INFO - DAG(s) 'example_xcom' retrieved from /opt/bitnami/airflow/venv/lib/python3.12/site-packages/airflow/example_dags/example_xcom.py
[2024-12-13T10:54:16.127+0000] {logging_mixin.py:190} INFO - [2024-12-13T10:54:16.127+0000] {dag.py:3239} INFO - Sync 1 DAGs
[2024-12-13T10:54:16.176+0000] {logging_mixin.py:190} INFO - [2024-12-13T10:54:16.176+0000] {dag.py:4180} INFO - Setting next_dagrun for example_xcom to 2021-01-01 00:00:00+00:00, run_after=2021-01-01 00:00:00+00:00
[2024-12-13T10:54:16.206+0000] {processor.py:208} INFO - Processing /opt/bitnami/airflow/venv/lib/python3.12/site-packages/airflow/example_dags/example_xcom.py took 0.164 seconds
[2024-12-13T10:54:46.492+0000] {processor.py:186} INFO - Started process (PID=353) to work on /opt/bitnami/airflow/venv/lib/python3.12/site-packages/airflow/example_dags/example_xcom.py
[2024-12-13T10:54:46.494+0000] {processor.py:914} INFO - Processing file /opt/bitnami/airflow/venv/lib/python3.12/site-packages/airflow/example_dags/example_xcom.py for tasks to queue
[2024-12-13T10:54:46.498+0000] {logging_mixin.py:190} INFO - [2024-12-13T10:54:46.497+0000] {dagbag.py:588} INFO - Filling up the DagBag from /opt/bitnami/airflow/venv/lib/python3.12/site-packages/airflow/example_dags/example_xcom.py
[2024-12-13T10:54:46.510+0000] {processor.py:925} INFO - DAG(s) 'example_xcom' retrieved from /opt/bitnami/airflow/venv/lib/python3.12/site-packages/airflow/example_dags/example_xcom.py
[2024-12-13T10:54:46.566+0000] {logging_mixin.py:190} INFO - [2024-12-13T10:54:46.566+0000] {dag.py:3239} INFO - Sync 1 DAGs
[2024-12-13T10:54:46.609+0000] {logging_mixin.py:190} INFO - [2024-12-13T10:54:46.609+0000] {dag.py:4180} INFO - Setting next_dagrun for example_xcom to 2021-01-01 00:00:00+00:00, run_after=2021-01-01 00:00:00+00:00
[2024-12-13T10:54:46.641+0000] {processor.py:208} INFO - Processing /opt/bitnami/airflow/venv/lib/python3.12/site-packages/airflow/example_dags/example_xcom.py took 0.156 seconds
[2024-12-13T10:55:17.383+0000] {processor.py:186} INFO - Started process (PID=410) to work on /opt/bitnami/airflow/venv/lib/python3.12/site-packages/airflow/example_dags/example_xcom.py
[2024-12-13T10:55:17.384+0000] {processor.py:914} INFO - Processing file /opt/bitnami/airflow/venv/lib/python3.12/site-packages/airflow/example_dags/example_xcom.py for tasks to queue
[2024-12-13T10:55:17.389+0000] {logging_mixin.py:190} INFO - [2024-12-13T10:55:17.388+0000] {dagbag.py:588} INFO - Filling up the DagBag from /opt/bitnami/airflow/venv/lib/python3.12/site-packages/airflow/example_dags/example_xcom.py
[2024-12-13T10:55:17.400+0000] {processor.py:925} INFO - DAG(s) 'example_xcom' retrieved from /opt/bitnami/airflow/venv/lib/python3.12/site-packages/airflow/example_dags/example_xcom.py
[2024-12-13T10:55:17.491+0000] {logging_mixin.py:190} INFO - [2024-12-13T10:55:17.490+0000] {dag.py:3239} INFO - Sync 1 DAGs
[2024-12-13T10:55:17.553+0000] {logging_mixin.py:190} INFO - [2024-12-13T10:55:17.553+0000] {dag.py:4180} INFO - Setting next_dagrun for example_xcom to 2021-01-01 00:00:00+00:00, run_after=2021-01-01 00:00:00+00:00
[2024-12-13T10:55:17.595+0000] {processor.py:208} INFO - Processing /opt/bitnami/airflow/venv/lib/python3.12/site-packages/airflow/example_dags/example_xcom.py took 0.221 seconds
[2024-12-13T10:55:47.964+0000] {processor.py:186} INFO - Started process (PID=467) to work on /opt/bitnami/airflow/venv/lib/python3.12/site-packages/airflow/example_dags/example_xcom.py
[2024-12-13T10:55:47.966+0000] {processor.py:914} INFO - Processing file /opt/bitnami/airflow/venv/lib/python3.12/site-packages/airflow/example_dags/example_xcom.py for tasks to queue
[2024-12-13T10:55:47.968+0000] {logging_mixin.py:190} INFO - [2024-12-13T10:55:47.968+0000] {dagbag.py:588} INFO - Filling up the DagBag from /opt/bitnami/airflow/venv/lib/python3.12/site-packages/airflow/example_dags/example_xcom.py
[2024-12-13T10:55:47.976+0000] {processor.py:925} INFO - DAG(s) 'example_xcom' retrieved from /opt/bitnami/airflow/venv/lib/python3.12/site-packages/airflow/example_dags/example_xcom.py
[2024-12-13T10:55:48.046+0000] {logging_mixin.py:190} INFO - [2024-12-13T10:55:48.046+0000] {dag.py:3239} INFO - Sync 1 DAGs
[2024-12-13T10:55:48.111+0000] {logging_mixin.py:190} INFO - [2024-12-13T10:55:48.111+0000] {dag.py:4180} INFO - Setting next_dagrun for example_xcom to 2021-01-01 00:00:00+00:00, run_after=2021-01-01 00:00:00+00:00
[2024-12-13T10:55:48.152+0000] {processor.py:208} INFO - Processing /opt/bitnami/airflow/venv/lib/python3.12/site-packages/airflow/example_dags/example_xcom.py took 0.192 seconds
[2024-12-13T10:56:18.258+0000] {processor.py:186} INFO - Started process (PID=524) to work on /opt/bitnami/airflow/venv/lib/python3.12/site-packages/airflow/example_dags/example_xcom.py
[2024-12-13T10:56:18.260+0000] {processor.py:914} INFO - Processing file /opt/bitnami/airflow/venv/lib/python3.12/site-packages/airflow/example_dags/example_xcom.py for tasks to queue
[2024-12-13T10:56:18.262+0000] {logging_mixin.py:190} INFO - [2024-12-13T10:56:18.262+0000] {dagbag.py:588} INFO - Filling up the DagBag from /opt/bitnami/airflow/venv/lib/python3.12/site-packages/airflow/example_dags/example_xcom.py
[2024-12-13T10:56:18.268+0000] {processor.py:925} INFO - DAG(s) 'example_xcom' retrieved from /opt/bitnami/airflow/venv/lib/python3.12/site-packages/airflow/example_dags/example_xcom.py
[2024-12-13T10:56:18.312+0000] {logging_mixin.py:190} INFO - [2024-12-13T10:56:18.312+0000] {dag.py:3239} INFO - Sync 1 DAGs
[2024-12-13T10:56:18.344+0000] {logging_mixin.py:190} INFO - [2024-12-13T10:56:18.343+0000] {dag.py:4180} INFO - Setting next_dagrun for example_xcom to 2021-01-01 00:00:00+00:00, run_after=2021-01-01 00:00:00+00:00
[2024-12-13T10:56:18.362+0000] {processor.py:208} INFO - Processing /opt/bitnami/airflow/venv/lib/python3.12/site-packages/airflow/example_dags/example_xcom.py took 0.109 seconds
[2024-12-13T10:56:49.123+0000] {processor.py:186} INFO - Started process (PID=581) to work on /opt/bitnami/airflow/venv/lib/python3.12/site-packages/airflow/example_dags/example_xcom.py
[2024-12-13T10:56:49.125+0000] {processor.py:914} INFO - Processing file /opt/bitnami/airflow/venv/lib/python3.12/site-packages/airflow/example_dags/example_xcom.py for tasks to queue
[2024-12-13T10:56:49.127+0000] {logging_mixin.py:190} INFO - [2024-12-13T10:56:49.127+0000] {dagbag.py:588} INFO - Filling up the DagBag from /opt/bitnami/airflow/venv/lib/python3.12/site-packages/airflow/example_dags/example_xcom.py
[2024-12-13T10:56:49.135+0000] {processor.py:925} INFO - DAG(s) 'example_xcom' retrieved from /opt/bitnami/airflow/venv/lib/python3.12/site-packages/airflow/example_dags/example_xcom.py
[2024-12-13T10:56:49.177+0000] {logging_mixin.py:190} INFO - [2024-12-13T10:56:49.176+0000] {dag.py:3239} INFO - Sync 1 DAGs
[2024-12-13T10:56:49.224+0000] {logging_mixin.py:190} INFO - [2024-12-13T10:56:49.224+0000] {dag.py:4180} INFO - Setting next_dagrun for example_xcom to 2021-01-01 00:00:00+00:00, run_after=2021-01-01 00:00:00+00:00
[2024-12-13T10:56:49.258+0000] {processor.py:208} INFO - Processing /opt/bitnami/airflow/venv/lib/python3.12/site-packages/airflow/example_dags/example_xcom.py took 0.139 seconds
[2024-12-13T10:57:19.552+0000] {processor.py:186} INFO - Started process (PID=638) to work on /opt/bitnami/airflow/venv/lib/python3.12/site-packages/airflow/example_dags/example_xcom.py
[2024-12-13T10:57:19.553+0000] {processor.py:914} INFO - Processing file /opt/bitnami/airflow/venv/lib/python3.12/site-packages/airflow/example_dags/example_xcom.py for tasks to queue
[2024-12-13T10:57:19.556+0000] {logging_mixin.py:190} INFO - [2024-12-13T10:57:19.555+0000] {dagbag.py:588} INFO - Filling up the DagBag from /opt/bitnami/airflow/venv/lib/python3.12/site-packages/airflow/example_dags/example_xcom.py
[2024-12-13T10:57:19.562+0000] {processor.py:925} INFO - DAG(s) 'example_xcom' retrieved from /opt/bitnami/airflow/venv/lib/python3.12/site-packages/airflow/example_dags/example_xcom.py
[2024-12-13T10:57:19.614+0000] {logging_mixin.py:190} INFO - [2024-12-13T10:57:19.614+0000] {dag.py:3239} INFO - Sync 1 DAGs
[2024-12-13T10:57:19.672+0000] {logging_mixin.py:190} INFO - [2024-12-13T10:57:19.672+0000] {dag.py:4180} INFO - Setting next_dagrun for example_xcom to 2021-01-01 00:00:00+00:00, run_after=2021-01-01 00:00:00+00:00
[2024-12-13T10:57:19.732+0000] {processor.py:208} INFO - Processing /opt/bitnami/airflow/venv/lib/python3.12/site-packages/airflow/example_dags/example_xcom.py took 0.185 seconds
[2024-12-13T10:57:50.423+0000] {processor.py:186} INFO - Started process (PID=695) to work on /opt/bitnami/airflow/venv/lib/python3.12/site-packages/airflow/example_dags/example_xcom.py
[2024-12-13T10:57:50.424+0000] {processor.py:914} INFO - Processing file /opt/bitnami/airflow/venv/lib/python3.12/site-packages/airflow/example_dags/example_xcom.py for tasks to queue
[2024-12-13T10:57:50.426+0000] {logging_mixin.py:190} INFO - [2024-12-13T10:57:50.426+0000] {dagbag.py:588} INFO - Filling up the DagBag from /opt/bitnami/airflow/venv/lib/python3.12/site-packages/airflow/example_dags/example_xcom.py
[2024-12-13T10:57:50.432+0000] {processor.py:925} INFO - DAG(s) 'example_xcom' retrieved from /opt/bitnami/airflow/venv/lib/python3.12/site-packages/airflow/example_dags/example_xcom.py
[2024-12-13T10:57:50.467+0000] {logging_mixin.py:190} INFO - [2024-12-13T10:57:50.467+0000] {dag.py:3239} INFO - Sync 1 DAGs
[2024-12-13T10:57:50.492+0000] {logging_mixin.py:190} INFO - [2024-12-13T10:57:50.492+0000] {dag.py:4180} INFO - Setting next_dagrun for example_xcom to 2021-01-01 00:00:00+00:00, run_after=2021-01-01 00:00:00+00:00
[2024-12-13T10:57:50.514+0000] {processor.py:208} INFO - Processing /opt/bitnami/airflow/venv/lib/python3.12/site-packages/airflow/example_dags/example_xcom.py took 0.095 seconds
[2024-12-13T10:58:21.186+0000] {processor.py:186} INFO - Started process (PID=752) to work on /opt/bitnami/airflow/venv/lib/python3.12/site-packages/airflow/example_dags/example_xcom.py
[2024-12-13T10:58:21.187+0000] {processor.py:914} INFO - Processing file /opt/bitnami/airflow/venv/lib/python3.12/site-packages/airflow/example_dags/example_xcom.py for tasks to queue
[2024-12-13T10:58:21.190+0000] {logging_mixin.py:190} INFO - [2024-12-13T10:58:21.190+0000] {dagbag.py:588} INFO - Filling up the DagBag from /opt/bitnami/airflow/venv/lib/python3.12/site-packages/airflow/example_dags/example_xcom.py
[2024-12-13T10:58:21.199+0000] {processor.py:925} INFO - DAG(s) 'example_xcom' retrieved from /opt/bitnami/airflow/venv/lib/python3.12/site-packages/airflow/example_dags/example_xcom.py
[2024-12-13T10:58:21.277+0000] {logging_mixin.py:190} INFO - [2024-12-13T10:58:21.277+0000] {dag.py:3239} INFO - Sync 1 DAGs
[2024-12-13T10:58:21.330+0000] {logging_mixin.py:190} INFO - [2024-12-13T10:58:21.330+0000] {dag.py:4180} INFO - Setting next_dagrun for example_xcom to 2021-01-01 00:00:00+00:00, run_after=2021-01-01 00:00:00+00:00
[2024-12-13T10:58:21.378+0000] {processor.py:208} INFO - Processing /opt/bitnami/airflow/venv/lib/python3.12/site-packages/airflow/example_dags/example_xcom.py took 0.197 seconds
[2024-12-13T10:58:52.291+0000] {processor.py:186} INFO - Started process (PID=809) to work on /opt/bitnami/airflow/venv/lib/python3.12/site-packages/airflow/example_dags/example_xcom.py
[2024-12-13T10:58:52.293+0000] {processor.py:914} INFO - Processing file /opt/bitnami/airflow/venv/lib/python3.12/site-packages/airflow/example_dags/example_xcom.py for tasks to queue
[2024-12-13T10:58:52.295+0000] {logging_mixin.py:190} INFO - [2024-12-13T10:58:52.295+0000] {dagbag.py:588} INFO - Filling up the DagBag from /opt/bitnami/airflow/venv/lib/python3.12/site-packages/airflow/example_dags/example_xcom.py
[2024-12-13T10:58:52.302+0000] {processor.py:925} INFO - DAG(s) 'example_xcom' retrieved from /opt/bitnami/airflow/venv/lib/python3.12/site-packages/airflow/example_dags/example_xcom.py
[2024-12-13T10:58:52.348+0000] {logging_mixin.py:190} INFO - [2024-12-13T10:58:52.347+0000] {dag.py:3239} INFO - Sync 1 DAGs
[2024-12-13T10:58:52.392+0000] {logging_mixin.py:190} INFO - [2024-12-13T10:58:52.392+0000] {dag.py:4180} INFO - Setting next_dagrun for example_xcom to 2021-01-01 00:00:00+00:00, run_after=2021-01-01 00:00:00+00:00
[2024-12-13T10:58:52.428+0000] {processor.py:208} INFO - Processing /opt/bitnami/airflow/venv/lib/python3.12/site-packages/airflow/example_dags/example_xcom.py took 0.141 seconds
[2024-12-13T11:07:31.162+0000] {processor.py:186} INFO - Started process (PID=68) to work on /opt/bitnami/airflow/venv/lib/python3.12/site-packages/airflow/example_dags/example_xcom.py
[2024-12-13T11:07:31.163+0000] {processor.py:914} INFO - Processing file /opt/bitnami/airflow/venv/lib/python3.12/site-packages/airflow/example_dags/example_xcom.py for tasks to queue
[2024-12-13T11:07:31.165+0000] {logging_mixin.py:190} INFO - [2024-12-13T11:07:31.165+0000] {dagbag.py:588} INFO - Filling up the DagBag from /opt/bitnami/airflow/venv/lib/python3.12/site-packages/airflow/example_dags/example_xcom.py
[2024-12-13T11:07:31.171+0000] {processor.py:925} INFO - DAG(s) 'example_xcom' retrieved from /opt/bitnami/airflow/venv/lib/python3.12/site-packages/airflow/example_dags/example_xcom.py
[2024-12-13T11:07:31.205+0000] {logging_mixin.py:190} INFO - [2024-12-13T11:07:31.205+0000] {dag.py:3239} INFO - Sync 1 DAGs
[2024-12-13T11:07:31.232+0000] {logging_mixin.py:190} INFO - [2024-12-13T11:07:31.232+0000] {dag.py:4180} INFO - Setting next_dagrun for example_xcom to 2021-01-01 00:00:00+00:00, run_after=2021-01-01 00:00:00+00:00
[2024-12-13T11:07:31.251+0000] {processor.py:208} INFO - Processing /opt/bitnami/airflow/venv/lib/python3.12/site-packages/airflow/example_dags/example_xcom.py took 0.093 seconds
[2024-12-13T11:08:01.680+0000] {processor.py:186} INFO - Started process (PID=125) to work on /opt/bitnami/airflow/venv/lib/python3.12/site-packages/airflow/example_dags/example_xcom.py
[2024-12-13T11:08:01.681+0000] {processor.py:914} INFO - Processing file /opt/bitnami/airflow/venv/lib/python3.12/site-packages/airflow/example_dags/example_xcom.py for tasks to queue
[2024-12-13T11:08:01.684+0000] {logging_mixin.py:190} INFO - [2024-12-13T11:08:01.684+0000] {dagbag.py:588} INFO - Filling up the DagBag from /opt/bitnami/airflow/venv/lib/python3.12/site-packages/airflow/example_dags/example_xcom.py
[2024-12-13T11:08:01.690+0000] {processor.py:925} INFO - DAG(s) 'example_xcom' retrieved from /opt/bitnami/airflow/venv/lib/python3.12/site-packages/airflow/example_dags/example_xcom.py
[2024-12-13T11:08:01.754+0000] {logging_mixin.py:190} INFO - [2024-12-13T11:08:01.754+0000] {dag.py:3239} INFO - Sync 1 DAGs
[2024-12-13T11:08:01.813+0000] {logging_mixin.py:190} INFO - [2024-12-13T11:08:01.812+0000] {dag.py:4180} INFO - Setting next_dagrun for example_xcom to 2021-01-01 00:00:00+00:00, run_after=2021-01-01 00:00:00+00:00
[2024-12-13T11:08:01.842+0000] {processor.py:208} INFO - Processing /opt/bitnami/airflow/venv/lib/python3.12/site-packages/airflow/example_dags/example_xcom.py took 0.167 seconds
[2024-12-13T11:08:33.747+0000] {processor.py:186} INFO - Started process (PID=182) to work on /opt/bitnami/airflow/venv/lib/python3.12/site-packages/airflow/example_dags/example_xcom.py
[2024-12-13T11:08:33.748+0000] {processor.py:914} INFO - Processing file /opt/bitnami/airflow/venv/lib/python3.12/site-packages/airflow/example_dags/example_xcom.py for tasks to queue
[2024-12-13T11:08:33.750+0000] {logging_mixin.py:190} INFO - [2024-12-13T11:08:33.750+0000] {dagbag.py:588} INFO - Filling up the DagBag from /opt/bitnami/airflow/venv/lib/python3.12/site-packages/airflow/example_dags/example_xcom.py
[2024-12-13T11:08:33.756+0000] {processor.py:925} INFO - DAG(s) 'example_xcom' retrieved from /opt/bitnami/airflow/venv/lib/python3.12/site-packages/airflow/example_dags/example_xcom.py
[2024-12-13T11:08:33.872+0000] {logging_mixin.py:190} INFO - [2024-12-13T11:08:33.872+0000] {dag.py:3239} INFO - Sync 1 DAGs
[2024-12-13T11:08:33.895+0000] {logging_mixin.py:190} INFO - [2024-12-13T11:08:33.895+0000] {dag.py:4180} INFO - Setting next_dagrun for example_xcom to 2021-01-01 00:00:00+00:00, run_after=2021-01-01 00:00:00+00:00
[2024-12-13T11:08:33.922+0000] {processor.py:208} INFO - Processing /opt/bitnami/airflow/venv/lib/python3.12/site-packages/airflow/example_dags/example_xcom.py took 0.180 seconds
[2024-12-13T11:09:04.677+0000] {processor.py:186} INFO - Started process (PID=239) to work on /opt/bitnami/airflow/venv/lib/python3.12/site-packages/airflow/example_dags/example_xcom.py
[2024-12-13T11:09:04.679+0000] {processor.py:914} INFO - Processing file /opt/bitnami/airflow/venv/lib/python3.12/site-packages/airflow/example_dags/example_xcom.py for tasks to queue
[2024-12-13T11:09:04.681+0000] {logging_mixin.py:190} INFO - [2024-12-13T11:09:04.681+0000] {dagbag.py:588} INFO - Filling up the DagBag from /opt/bitnami/airflow/venv/lib/python3.12/site-packages/airflow/example_dags/example_xcom.py
[2024-12-13T11:09:04.689+0000] {processor.py:925} INFO - DAG(s) 'example_xcom' retrieved from /opt/bitnami/airflow/venv/lib/python3.12/site-packages/airflow/example_dags/example_xcom.py
[2024-12-13T11:09:04.731+0000] {logging_mixin.py:190} INFO - [2024-12-13T11:09:04.731+0000] {dag.py:3239} INFO - Sync 1 DAGs
[2024-12-13T11:09:04.773+0000] {logging_mixin.py:190} INFO - [2024-12-13T11:09:04.773+0000] {dag.py:4180} INFO - Setting next_dagrun for example_xcom to 2021-01-01 00:00:00+00:00, run_after=2021-01-01 00:00:00+00:00
[2024-12-13T11:09:04.797+0000] {processor.py:208} INFO - Processing /opt/bitnami/airflow/venv/lib/python3.12/site-packages/airflow/example_dags/example_xcom.py took 0.127 seconds
[2024-12-13T11:13:43.704+0000] {processor.py:186} INFO - Started process (PID=68) to work on /opt/bitnami/airflow/venv/lib/python3.12/site-packages/airflow/example_dags/example_xcom.py
[2024-12-13T11:13:43.705+0000] {processor.py:914} INFO - Processing file /opt/bitnami/airflow/venv/lib/python3.12/site-packages/airflow/example_dags/example_xcom.py for tasks to queue
[2024-12-13T11:13:43.708+0000] {logging_mixin.py:190} INFO - [2024-12-13T11:13:43.707+0000] {dagbag.py:588} INFO - Filling up the DagBag from /opt/bitnami/airflow/venv/lib/python3.12/site-packages/airflow/example_dags/example_xcom.py
[2024-12-13T11:13:43.714+0000] {processor.py:925} INFO - DAG(s) 'example_xcom' retrieved from /opt/bitnami/airflow/venv/lib/python3.12/site-packages/airflow/example_dags/example_xcom.py
[2024-12-13T11:13:43.761+0000] {logging_mixin.py:190} INFO - [2024-12-13T11:13:43.761+0000] {dag.py:3239} INFO - Sync 1 DAGs
[2024-12-13T11:13:43.796+0000] {logging_mixin.py:190} INFO - [2024-12-13T11:13:43.795+0000] {dag.py:4180} INFO - Setting next_dagrun for example_xcom to 2021-01-01 00:00:00+00:00, run_after=2021-01-01 00:00:00+00:00
[2024-12-13T11:13:43.821+0000] {processor.py:208} INFO - Processing /opt/bitnami/airflow/venv/lib/python3.12/site-packages/airflow/example_dags/example_xcom.py took 0.123 seconds
[2024-12-13T11:14:14.355+0000] {processor.py:186} INFO - Started process (PID=125) to work on /opt/bitnami/airflow/venv/lib/python3.12/site-packages/airflow/example_dags/example_xcom.py
[2024-12-13T11:14:14.356+0000] {processor.py:914} INFO - Processing file /opt/bitnami/airflow/venv/lib/python3.12/site-packages/airflow/example_dags/example_xcom.py for tasks to queue
[2024-12-13T11:14:14.358+0000] {logging_mixin.py:190} INFO - [2024-12-13T11:14:14.357+0000] {dagbag.py:588} INFO - Filling up the DagBag from /opt/bitnami/airflow/venv/lib/python3.12/site-packages/airflow/example_dags/example_xcom.py
[2024-12-13T11:14:14.367+0000] {processor.py:925} INFO - DAG(s) 'example_xcom' retrieved from /opt/bitnami/airflow/venv/lib/python3.12/site-packages/airflow/example_dags/example_xcom.py
[2024-12-13T11:14:14.402+0000] {logging_mixin.py:190} INFO - [2024-12-13T11:14:14.402+0000] {dag.py:3239} INFO - Sync 1 DAGs
[2024-12-13T11:14:14.445+0000] {logging_mixin.py:190} INFO - [2024-12-13T11:14:14.444+0000] {dag.py:4180} INFO - Setting next_dagrun for example_xcom to 2021-01-01 00:00:00+00:00, run_after=2021-01-01 00:00:00+00:00
[2024-12-13T11:14:14.473+0000] {processor.py:208} INFO - Processing /opt/bitnami/airflow/venv/lib/python3.12/site-packages/airflow/example_dags/example_xcom.py took 0.123 seconds
[2024-12-13T11:14:46.855+0000] {processor.py:186} INFO - Started process (PID=182) to work on /opt/bitnami/airflow/venv/lib/python3.12/site-packages/airflow/example_dags/example_xcom.py
[2024-12-13T11:14:46.857+0000] {processor.py:914} INFO - Processing file /opt/bitnami/airflow/venv/lib/python3.12/site-packages/airflow/example_dags/example_xcom.py for tasks to queue
[2024-12-13T11:14:46.861+0000] {logging_mixin.py:190} INFO - [2024-12-13T11:14:46.861+0000] {dagbag.py:588} INFO - Filling up the DagBag from /opt/bitnami/airflow/venv/lib/python3.12/site-packages/airflow/example_dags/example_xcom.py
[2024-12-13T11:14:46.870+0000] {processor.py:925} INFO - DAG(s) 'example_xcom' retrieved from /opt/bitnami/airflow/venv/lib/python3.12/site-packages/airflow/example_dags/example_xcom.py
[2024-12-13T11:14:47.039+0000] {logging_mixin.py:190} INFO - [2024-12-13T11:14:47.038+0000] {dag.py:3239} INFO - Sync 1 DAGs
[2024-12-13T11:14:47.093+0000] {logging_mixin.py:190} INFO - [2024-12-13T11:14:47.092+0000] {dag.py:4180} INFO - Setting next_dagrun for example_xcom to 2021-01-01 00:00:00+00:00, run_after=2021-01-01 00:00:00+00:00
[2024-12-13T11:14:47.140+0000] {processor.py:208} INFO - Processing /opt/bitnami/airflow/venv/lib/python3.12/site-packages/airflow/example_dags/example_xcom.py took 0.292 seconds
[2024-12-13T11:15:17.569+0000] {processor.py:186} INFO - Started process (PID=239) to work on /opt/bitnami/airflow/venv/lib/python3.12/site-packages/airflow/example_dags/example_xcom.py
[2024-12-13T11:15:17.570+0000] {processor.py:914} INFO - Processing file /opt/bitnami/airflow/venv/lib/python3.12/site-packages/airflow/example_dags/example_xcom.py for tasks to queue
[2024-12-13T11:15:17.573+0000] {logging_mixin.py:190} INFO - [2024-12-13T11:15:17.573+0000] {dagbag.py:588} INFO - Filling up the DagBag from /opt/bitnami/airflow/venv/lib/python3.12/site-packages/airflow/example_dags/example_xcom.py
[2024-12-13T11:15:17.580+0000] {processor.py:925} INFO - DAG(s) 'example_xcom' retrieved from /opt/bitnami/airflow/venv/lib/python3.12/site-packages/airflow/example_dags/example_xcom.py
[2024-12-13T11:15:17.659+0000] {logging_mixin.py:190} INFO - [2024-12-13T11:15:17.658+0000] {dag.py:3239} INFO - Sync 1 DAGs
[2024-12-13T11:15:17.705+0000] {logging_mixin.py:190} INFO - [2024-12-13T11:15:17.705+0000] {dag.py:4180} INFO - Setting next_dagrun for example_xcom to 2021-01-01 00:00:00+00:00, run_after=2021-01-01 00:00:00+00:00
[2024-12-13T11:15:17.738+0000] {processor.py:208} INFO - Processing /opt/bitnami/airflow/venv/lib/python3.12/site-packages/airflow/example_dags/example_xcom.py took 0.176 seconds
[2024-12-13T11:57:08.537+0000] {processor.py:186} INFO - Started process (PID=68) to work on /opt/bitnami/airflow/venv/lib/python3.12/site-packages/airflow/example_dags/example_xcom.py
[2024-12-13T11:57:08.538+0000] {processor.py:914} INFO - Processing file /opt/bitnami/airflow/venv/lib/python3.12/site-packages/airflow/example_dags/example_xcom.py for tasks to queue
[2024-12-13T11:57:08.541+0000] {logging_mixin.py:190} INFO - [2024-12-13T11:57:08.541+0000] {dagbag.py:588} INFO - Filling up the DagBag from /opt/bitnami/airflow/venv/lib/python3.12/site-packages/airflow/example_dags/example_xcom.py
[2024-12-13T11:57:08.546+0000] {processor.py:925} INFO - DAG(s) 'example_xcom' retrieved from /opt/bitnami/airflow/venv/lib/python3.12/site-packages/airflow/example_dags/example_xcom.py
[2024-12-13T11:57:08.571+0000] {logging_mixin.py:190} INFO - [2024-12-13T11:57:08.570+0000] {dag.py:3239} INFO - Sync 1 DAGs
[2024-12-13T11:57:08.600+0000] {logging_mixin.py:190} INFO - [2024-12-13T11:57:08.600+0000] {dag.py:4180} INFO - Setting next_dagrun for example_xcom to 2021-01-01 00:00:00+00:00, run_after=2021-01-01 00:00:00+00:00
[2024-12-13T11:57:08.623+0000] {processor.py:208} INFO - Processing /opt/bitnami/airflow/venv/lib/python3.12/site-packages/airflow/example_dags/example_xcom.py took 0.090 seconds
[2024-12-13T11:57:39.799+0000] {processor.py:186} INFO - Started process (PID=125) to work on /opt/bitnami/airflow/venv/lib/python3.12/site-packages/airflow/example_dags/example_xcom.py
[2024-12-13T11:57:39.800+0000] {processor.py:914} INFO - Processing file /opt/bitnami/airflow/venv/lib/python3.12/site-packages/airflow/example_dags/example_xcom.py for tasks to queue
[2024-12-13T11:57:39.802+0000] {logging_mixin.py:190} INFO - [2024-12-13T11:57:39.802+0000] {dagbag.py:588} INFO - Filling up the DagBag from /opt/bitnami/airflow/venv/lib/python3.12/site-packages/airflow/example_dags/example_xcom.py
[2024-12-13T11:57:39.809+0000] {processor.py:925} INFO - DAG(s) 'example_xcom' retrieved from /opt/bitnami/airflow/venv/lib/python3.12/site-packages/airflow/example_dags/example_xcom.py
[2024-12-13T11:57:39.872+0000] {logging_mixin.py:190} INFO - [2024-12-13T11:57:39.871+0000] {dag.py:3239} INFO - Sync 1 DAGs
[2024-12-13T11:57:39.912+0000] {logging_mixin.py:190} INFO - [2024-12-13T11:57:39.911+0000] {dag.py:4180} INFO - Setting next_dagrun for example_xcom to 2021-01-01 00:00:00+00:00, run_after=2021-01-01 00:00:00+00:00
[2024-12-13T11:57:39.937+0000] {processor.py:208} INFO - Processing /opt/bitnami/airflow/venv/lib/python3.12/site-packages/airflow/example_dags/example_xcom.py took 0.143 seconds
[2024-12-13T11:58:34.072+0000] {processor.py:186} INFO - Started process (PID=68) to work on /opt/bitnami/airflow/venv/lib/python3.12/site-packages/airflow/example_dags/example_xcom.py
[2024-12-13T11:58:34.074+0000] {processor.py:914} INFO - Processing file /opt/bitnami/airflow/venv/lib/python3.12/site-packages/airflow/example_dags/example_xcom.py for tasks to queue
[2024-12-13T11:58:34.079+0000] {logging_mixin.py:190} INFO - [2024-12-13T11:58:34.078+0000] {dagbag.py:588} INFO - Filling up the DagBag from /opt/bitnami/airflow/venv/lib/python3.12/site-packages/airflow/example_dags/example_xcom.py
[2024-12-13T11:58:34.089+0000] {processor.py:925} INFO - DAG(s) 'example_xcom' retrieved from /opt/bitnami/airflow/venv/lib/python3.12/site-packages/airflow/example_dags/example_xcom.py
[2024-12-13T11:58:34.129+0000] {logging_mixin.py:190} INFO - [2024-12-13T11:58:34.129+0000] {dag.py:3239} INFO - Sync 1 DAGs
[2024-12-13T11:58:34.154+0000] {logging_mixin.py:190} INFO - [2024-12-13T11:58:34.154+0000] {dag.py:4180} INFO - Setting next_dagrun for example_xcom to 2021-01-01 00:00:00+00:00, run_after=2021-01-01 00:00:00+00:00
[2024-12-13T11:58:34.178+0000] {processor.py:208} INFO - Processing /opt/bitnami/airflow/venv/lib/python3.12/site-packages/airflow/example_dags/example_xcom.py took 0.114 seconds
[2024-12-13T11:59:05.389+0000] {processor.py:186} INFO - Started process (PID=125) to work on /opt/bitnami/airflow/venv/lib/python3.12/site-packages/airflow/example_dags/example_xcom.py
[2024-12-13T11:59:05.390+0000] {processor.py:914} INFO - Processing file /opt/bitnami/airflow/venv/lib/python3.12/site-packages/airflow/example_dags/example_xcom.py for tasks to queue
[2024-12-13T11:59:05.392+0000] {logging_mixin.py:190} INFO - [2024-12-13T11:59:05.392+0000] {dagbag.py:588} INFO - Filling up the DagBag from /opt/bitnami/airflow/venv/lib/python3.12/site-packages/airflow/example_dags/example_xcom.py
[2024-12-13T11:59:05.399+0000] {processor.py:925} INFO - DAG(s) 'example_xcom' retrieved from /opt/bitnami/airflow/venv/lib/python3.12/site-packages/airflow/example_dags/example_xcom.py
[2024-12-13T11:59:05.434+0000] {logging_mixin.py:190} INFO - [2024-12-13T11:59:05.434+0000] {dag.py:3239} INFO - Sync 1 DAGs
[2024-12-13T11:59:05.470+0000] {logging_mixin.py:190} INFO - [2024-12-13T11:59:05.470+0000] {dag.py:4180} INFO - Setting next_dagrun for example_xcom to 2021-01-01 00:00:00+00:00, run_after=2021-01-01 00:00:00+00:00
[2024-12-13T11:59:05.493+0000] {processor.py:208} INFO - Processing /opt/bitnami/airflow/venv/lib/python3.12/site-packages/airflow/example_dags/example_xcom.py took 0.110 seconds
[2024-12-13T11:59:36.036+0000] {processor.py:186} INFO - Started process (PID=182) to work on /opt/bitnami/airflow/venv/lib/python3.12/site-packages/airflow/example_dags/example_xcom.py
[2024-12-13T11:59:36.037+0000] {processor.py:914} INFO - Processing file /opt/bitnami/airflow/venv/lib/python3.12/site-packages/airflow/example_dags/example_xcom.py for tasks to queue
[2024-12-13T11:59:36.038+0000] {logging_mixin.py:190} INFO - [2024-12-13T11:59:36.038+0000] {dagbag.py:588} INFO - Filling up the DagBag from /opt/bitnami/airflow/venv/lib/python3.12/site-packages/airflow/example_dags/example_xcom.py
[2024-12-13T11:59:36.044+0000] {processor.py:925} INFO - DAG(s) 'example_xcom' retrieved from /opt/bitnami/airflow/venv/lib/python3.12/site-packages/airflow/example_dags/example_xcom.py
[2024-12-13T11:59:36.116+0000] {logging_mixin.py:190} INFO - [2024-12-13T11:59:36.116+0000] {dag.py:3239} INFO - Sync 1 DAGs
[2024-12-13T11:59:36.140+0000] {logging_mixin.py:190} INFO - [2024-12-13T11:59:36.140+0000] {dag.py:4180} INFO - Setting next_dagrun for example_xcom to 2021-01-01 00:00:00+00:00, run_after=2021-01-01 00:00:00+00:00
[2024-12-13T11:59:36.162+0000] {processor.py:208} INFO - Processing /opt/bitnami/airflow/venv/lib/python3.12/site-packages/airflow/example_dags/example_xcom.py took 0.131 seconds
[2024-12-13T12:00:06.380+0000] {processor.py:186} INFO - Started process (PID=239) to work on /opt/bitnami/airflow/venv/lib/python3.12/site-packages/airflow/example_dags/example_xcom.py
[2024-12-13T12:00:06.381+0000] {processor.py:914} INFO - Processing file /opt/bitnami/airflow/venv/lib/python3.12/site-packages/airflow/example_dags/example_xcom.py for tasks to queue
[2024-12-13T12:00:06.383+0000] {logging_mixin.py:190} INFO - [2024-12-13T12:00:06.383+0000] {dagbag.py:588} INFO - Filling up the DagBag from /opt/bitnami/airflow/venv/lib/python3.12/site-packages/airflow/example_dags/example_xcom.py
[2024-12-13T12:00:06.389+0000] {processor.py:925} INFO - DAG(s) 'example_xcom' retrieved from /opt/bitnami/airflow/venv/lib/python3.12/site-packages/airflow/example_dags/example_xcom.py
[2024-12-13T12:00:06.425+0000] {logging_mixin.py:190} INFO - [2024-12-13T12:00:06.425+0000] {dag.py:3239} INFO - Sync 1 DAGs
[2024-12-13T12:00:06.455+0000] {logging_mixin.py:190} INFO - [2024-12-13T12:00:06.454+0000] {dag.py:4180} INFO - Setting next_dagrun for example_xcom to 2021-01-01 00:00:00+00:00, run_after=2021-01-01 00:00:00+00:00
[2024-12-13T12:00:06.478+0000] {processor.py:208} INFO - Processing /opt/bitnami/airflow/venv/lib/python3.12/site-packages/airflow/example_dags/example_xcom.py took 0.103 seconds
[2024-12-13T12:00:37.510+0000] {processor.py:186} INFO - Started process (PID=296) to work on /opt/bitnami/airflow/venv/lib/python3.12/site-packages/airflow/example_dags/example_xcom.py
[2024-12-13T12:00:37.511+0000] {processor.py:914} INFO - Processing file /opt/bitnami/airflow/venv/lib/python3.12/site-packages/airflow/example_dags/example_xcom.py for tasks to queue
[2024-12-13T12:00:37.513+0000] {logging_mixin.py:190} INFO - [2024-12-13T12:00:37.513+0000] {dagbag.py:588} INFO - Filling up the DagBag from /opt/bitnami/airflow/venv/lib/python3.12/site-packages/airflow/example_dags/example_xcom.py
[2024-12-13T12:00:37.519+0000] {processor.py:925} INFO - DAG(s) 'example_xcom' retrieved from /opt/bitnami/airflow/venv/lib/python3.12/site-packages/airflow/example_dags/example_xcom.py
[2024-12-13T12:00:37.554+0000] {logging_mixin.py:190} INFO - [2024-12-13T12:00:37.554+0000] {dag.py:3239} INFO - Sync 1 DAGs
[2024-12-13T12:00:37.578+0000] {logging_mixin.py:190} INFO - [2024-12-13T12:00:37.578+0000] {dag.py:4180} INFO - Setting next_dagrun for example_xcom to 2021-01-01 00:00:00+00:00, run_after=2021-01-01 00:00:00+00:00
[2024-12-13T12:00:37.599+0000] {processor.py:208} INFO - Processing /opt/bitnami/airflow/venv/lib/python3.12/site-packages/airflow/example_dags/example_xcom.py took 0.093 seconds
[2024-12-13T12:01:08.235+0000] {processor.py:186} INFO - Started process (PID=353) to work on /opt/bitnami/airflow/venv/lib/python3.12/site-packages/airflow/example_dags/example_xcom.py
[2024-12-13T12:01:08.236+0000] {processor.py:914} INFO - Processing file /opt/bitnami/airflow/venv/lib/python3.12/site-packages/airflow/example_dags/example_xcom.py for tasks to queue
[2024-12-13T12:01:08.238+0000] {logging_mixin.py:190} INFO - [2024-12-13T12:01:08.237+0000] {dagbag.py:588} INFO - Filling up the DagBag from /opt/bitnami/airflow/venv/lib/python3.12/site-packages/airflow/example_dags/example_xcom.py
[2024-12-13T12:01:08.244+0000] {processor.py:925} INFO - DAG(s) 'example_xcom' retrieved from /opt/bitnami/airflow/venv/lib/python3.12/site-packages/airflow/example_dags/example_xcom.py
[2024-12-13T12:01:08.274+0000] {logging_mixin.py:190} INFO - [2024-12-13T12:01:08.274+0000] {dag.py:3239} INFO - Sync 1 DAGs
[2024-12-13T12:01:08.298+0000] {logging_mixin.py:190} INFO - [2024-12-13T12:01:08.298+0000] {dag.py:4180} INFO - Setting next_dagrun for example_xcom to 2021-01-01 00:00:00+00:00, run_after=2021-01-01 00:00:00+00:00
[2024-12-13T12:01:08.318+0000] {processor.py:208} INFO - Processing /opt/bitnami/airflow/venv/lib/python3.12/site-packages/airflow/example_dags/example_xcom.py took 0.088 seconds
[2024-12-13T12:01:39.096+0000] {processor.py:186} INFO - Started process (PID=410) to work on /opt/bitnami/airflow/venv/lib/python3.12/site-packages/airflow/example_dags/example_xcom.py
[2024-12-13T12:01:39.097+0000] {processor.py:914} INFO - Processing file /opt/bitnami/airflow/venv/lib/python3.12/site-packages/airflow/example_dags/example_xcom.py for tasks to queue
[2024-12-13T12:01:39.099+0000] {logging_mixin.py:190} INFO - [2024-12-13T12:01:39.099+0000] {dagbag.py:588} INFO - Filling up the DagBag from /opt/bitnami/airflow/venv/lib/python3.12/site-packages/airflow/example_dags/example_xcom.py
[2024-12-13T12:01:39.105+0000] {processor.py:925} INFO - DAG(s) 'example_xcom' retrieved from /opt/bitnami/airflow/venv/lib/python3.12/site-packages/airflow/example_dags/example_xcom.py
[2024-12-13T12:01:39.136+0000] {logging_mixin.py:190} INFO - [2024-12-13T12:01:39.136+0000] {dag.py:3239} INFO - Sync 1 DAGs
[2024-12-13T12:01:39.164+0000] {logging_mixin.py:190} INFO - [2024-12-13T12:01:39.164+0000] {dag.py:4180} INFO - Setting next_dagrun for example_xcom to 2021-01-01 00:00:00+00:00, run_after=2021-01-01 00:00:00+00:00
[2024-12-13T12:01:39.184+0000] {processor.py:208} INFO - Processing /opt/bitnami/airflow/venv/lib/python3.12/site-packages/airflow/example_dags/example_xcom.py took 0.092 seconds
[2024-12-13T12:02:09.641+0000] {processor.py:186} INFO - Started process (PID=467) to work on /opt/bitnami/airflow/venv/lib/python3.12/site-packages/airflow/example_dags/example_xcom.py
[2024-12-13T12:02:09.642+0000] {processor.py:914} INFO - Processing file /opt/bitnami/airflow/venv/lib/python3.12/site-packages/airflow/example_dags/example_xcom.py for tasks to queue
[2024-12-13T12:02:09.645+0000] {logging_mixin.py:190} INFO - [2024-12-13T12:02:09.644+0000] {dagbag.py:588} INFO - Filling up the DagBag from /opt/bitnami/airflow/venv/lib/python3.12/site-packages/airflow/example_dags/example_xcom.py
[2024-12-13T12:02:09.652+0000] {processor.py:925} INFO - DAG(s) 'example_xcom' retrieved from /opt/bitnami/airflow/venv/lib/python3.12/site-packages/airflow/example_dags/example_xcom.py
[2024-12-13T12:02:09.699+0000] {logging_mixin.py:190} INFO - [2024-12-13T12:02:09.698+0000] {dag.py:3239} INFO - Sync 1 DAGs
[2024-12-13T12:02:09.727+0000] {logging_mixin.py:190} INFO - [2024-12-13T12:02:09.727+0000] {dag.py:4180} INFO - Setting next_dagrun for example_xcom to 2021-01-01 00:00:00+00:00, run_after=2021-01-01 00:00:00+00:00
[2024-12-13T12:02:09.752+0000] {processor.py:208} INFO - Processing /opt/bitnami/airflow/venv/lib/python3.12/site-packages/airflow/example_dags/example_xcom.py took 0.116 seconds
