[2024-12-13T08:19:46.325+0000] {processor.py:186} INFO - Started process (PID=84) to work on /opt/bitnami/airflow/venv/lib/python3.12/site-packages/airflow/example_dags/example_latest_only.py
[2024-12-13T08:19:46.326+0000] {processor.py:914} INFO - Processing file /opt/bitnami/airflow/venv/lib/python3.12/site-packages/airflow/example_dags/example_latest_only.py for tasks to queue
[2024-12-13T08:19:46.328+0000] {logging_mixin.py:190} INFO - [2024-12-13T08:19:46.328+0000] {dagbag.py:588} INFO - Filling up the DagBag from /opt/bitnami/airflow/venv/lib/python3.12/site-packages/airflow/example_dags/example_latest_only.py
[2024-12-13T08:19:46.333+0000] {processor.py:925} INFO - DAG(s) 'latest_only' retrieved from /opt/bitnami/airflow/venv/lib/python3.12/site-packages/airflow/example_dags/example_latest_only.py
[2024-12-13T08:19:46.368+0000] {logging_mixin.py:190} INFO - [2024-12-13T08:19:46.367+0000] {dag.py:3239} INFO - Sync 1 DAGs
[2024-12-13T08:19:46.400+0000] {logging_mixin.py:190} INFO - [2024-12-13T08:19:46.400+0000] {dag.py:4180} INFO - Setting next_dagrun for latest_only to 2024-12-13 04:00:00+00:00, run_after=2024-12-13 08:00:00+00:00
[2024-12-13T08:19:46.420+0000] {processor.py:208} INFO - Processing /opt/bitnami/airflow/venv/lib/python3.12/site-packages/airflow/example_dags/example_latest_only.py took 0.099 seconds
[2024-12-13T08:20:16.459+0000] {processor.py:186} INFO - Started process (PID=141) to work on /opt/bitnami/airflow/venv/lib/python3.12/site-packages/airflow/example_dags/example_latest_only.py
[2024-12-13T08:20:16.460+0000] {processor.py:914} INFO - Processing file /opt/bitnami/airflow/venv/lib/python3.12/site-packages/airflow/example_dags/example_latest_only.py for tasks to queue
[2024-12-13T08:20:16.462+0000] {logging_mixin.py:190} INFO - [2024-12-13T08:20:16.461+0000] {dagbag.py:588} INFO - Filling up the DagBag from /opt/bitnami/airflow/venv/lib/python3.12/site-packages/airflow/example_dags/example_latest_only.py
[2024-12-13T08:20:16.466+0000] {processor.py:925} INFO - DAG(s) 'latest_only' retrieved from /opt/bitnami/airflow/venv/lib/python3.12/site-packages/airflow/example_dags/example_latest_only.py
[2024-12-13T08:20:16.496+0000] {logging_mixin.py:190} INFO - [2024-12-13T08:20:16.495+0000] {dag.py:3239} INFO - Sync 1 DAGs
[2024-12-13T08:20:16.526+0000] {logging_mixin.py:190} INFO - [2024-12-13T08:20:16.526+0000] {dag.py:4180} INFO - Setting next_dagrun for latest_only to 2024-12-13 04:00:00+00:00, run_after=2024-12-13 08:00:00+00:00
[2024-12-13T08:20:16.545+0000] {processor.py:208} INFO - Processing /opt/bitnami/airflow/venv/lib/python3.12/site-packages/airflow/example_dags/example_latest_only.py took 0.090 seconds
[2024-12-13T08:20:47.331+0000] {processor.py:186} INFO - Started process (PID=198) to work on /opt/bitnami/airflow/venv/lib/python3.12/site-packages/airflow/example_dags/example_latest_only.py
[2024-12-13T08:20:47.332+0000] {processor.py:914} INFO - Processing file /opt/bitnami/airflow/venv/lib/python3.12/site-packages/airflow/example_dags/example_latest_only.py for tasks to queue
[2024-12-13T08:20:47.334+0000] {logging_mixin.py:190} INFO - [2024-12-13T08:20:47.334+0000] {dagbag.py:588} INFO - Filling up the DagBag from /opt/bitnami/airflow/venv/lib/python3.12/site-packages/airflow/example_dags/example_latest_only.py
[2024-12-13T08:20:47.339+0000] {processor.py:925} INFO - DAG(s) 'latest_only' retrieved from /opt/bitnami/airflow/venv/lib/python3.12/site-packages/airflow/example_dags/example_latest_only.py
[2024-12-13T08:20:47.425+0000] {logging_mixin.py:190} INFO - [2024-12-13T08:20:47.425+0000] {dag.py:3239} INFO - Sync 1 DAGs
[2024-12-13T08:20:47.457+0000] {logging_mixin.py:190} INFO - [2024-12-13T08:20:47.457+0000] {dag.py:4180} INFO - Setting next_dagrun for latest_only to 2024-12-13 04:00:00+00:00, run_after=2024-12-13 08:00:00+00:00
[2024-12-13T08:20:47.497+0000] {processor.py:208} INFO - Processing /opt/bitnami/airflow/venv/lib/python3.12/site-packages/airflow/example_dags/example_latest_only.py took 0.171 seconds
[2024-12-13T08:21:17.993+0000] {processor.py:186} INFO - Started process (PID=255) to work on /opt/bitnami/airflow/venv/lib/python3.12/site-packages/airflow/example_dags/example_latest_only.py
[2024-12-13T08:21:17.994+0000] {processor.py:914} INFO - Processing file /opt/bitnami/airflow/venv/lib/python3.12/site-packages/airflow/example_dags/example_latest_only.py for tasks to queue
[2024-12-13T08:21:17.997+0000] {logging_mixin.py:190} INFO - [2024-12-13T08:21:17.996+0000] {dagbag.py:588} INFO - Filling up the DagBag from /opt/bitnami/airflow/venv/lib/python3.12/site-packages/airflow/example_dags/example_latest_only.py
[2024-12-13T08:21:18.002+0000] {processor.py:925} INFO - DAG(s) 'latest_only' retrieved from /opt/bitnami/airflow/venv/lib/python3.12/site-packages/airflow/example_dags/example_latest_only.py
[2024-12-13T08:21:18.040+0000] {logging_mixin.py:190} INFO - [2024-12-13T08:21:18.040+0000] {dag.py:3239} INFO - Sync 1 DAGs
[2024-12-13T08:21:18.066+0000] {logging_mixin.py:190} INFO - [2024-12-13T08:21:18.065+0000] {dag.py:4180} INFO - Setting next_dagrun for latest_only to 2024-12-13 04:00:00+00:00, run_after=2024-12-13 08:00:00+00:00
[2024-12-13T08:21:18.087+0000] {processor.py:208} INFO - Processing /opt/bitnami/airflow/venv/lib/python3.12/site-packages/airflow/example_dags/example_latest_only.py took 0.100 seconds
[2024-12-13T08:21:48.853+0000] {processor.py:186} INFO - Started process (PID=312) to work on /opt/bitnami/airflow/venv/lib/python3.12/site-packages/airflow/example_dags/example_latest_only.py
[2024-12-13T08:21:48.855+0000] {processor.py:914} INFO - Processing file /opt/bitnami/airflow/venv/lib/python3.12/site-packages/airflow/example_dags/example_latest_only.py for tasks to queue
[2024-12-13T08:21:48.857+0000] {logging_mixin.py:190} INFO - [2024-12-13T08:21:48.857+0000] {dagbag.py:588} INFO - Filling up the DagBag from /opt/bitnami/airflow/venv/lib/python3.12/site-packages/airflow/example_dags/example_latest_only.py
[2024-12-13T08:21:48.862+0000] {processor.py:925} INFO - DAG(s) 'latest_only' retrieved from /opt/bitnami/airflow/venv/lib/python3.12/site-packages/airflow/example_dags/example_latest_only.py
[2024-12-13T08:21:48.900+0000] {logging_mixin.py:190} INFO - [2024-12-13T08:21:48.899+0000] {dag.py:3239} INFO - Sync 1 DAGs
[2024-12-13T08:21:48.929+0000] {logging_mixin.py:190} INFO - [2024-12-13T08:21:48.929+0000] {dag.py:4180} INFO - Setting next_dagrun for latest_only to 2024-12-13 04:00:00+00:00, run_after=2024-12-13 08:00:00+00:00
[2024-12-13T08:21:48.953+0000] {processor.py:208} INFO - Processing /opt/bitnami/airflow/venv/lib/python3.12/site-packages/airflow/example_dags/example_latest_only.py took 0.106 seconds
[2024-12-13T08:22:19.126+0000] {processor.py:186} INFO - Started process (PID=369) to work on /opt/bitnami/airflow/venv/lib/python3.12/site-packages/airflow/example_dags/example_latest_only.py
[2024-12-13T08:22:19.127+0000] {processor.py:914} INFO - Processing file /opt/bitnami/airflow/venv/lib/python3.12/site-packages/airflow/example_dags/example_latest_only.py for tasks to queue
[2024-12-13T08:22:19.129+0000] {logging_mixin.py:190} INFO - [2024-12-13T08:22:19.129+0000] {dagbag.py:588} INFO - Filling up the DagBag from /opt/bitnami/airflow/venv/lib/python3.12/site-packages/airflow/example_dags/example_latest_only.py
[2024-12-13T08:22:19.133+0000] {processor.py:925} INFO - DAG(s) 'latest_only' retrieved from /opt/bitnami/airflow/venv/lib/python3.12/site-packages/airflow/example_dags/example_latest_only.py
[2024-12-13T08:22:19.161+0000] {logging_mixin.py:190} INFO - [2024-12-13T08:22:19.161+0000] {dag.py:3239} INFO - Sync 1 DAGs
[2024-12-13T08:22:19.189+0000] {logging_mixin.py:190} INFO - [2024-12-13T08:22:19.189+0000] {dag.py:4180} INFO - Setting next_dagrun for latest_only to 2024-12-13 04:00:00+00:00, run_after=2024-12-13 08:00:00+00:00
[2024-12-13T08:22:19.208+0000] {processor.py:208} INFO - Processing /opt/bitnami/airflow/venv/lib/python3.12/site-packages/airflow/example_dags/example_latest_only.py took 0.086 seconds
[2024-12-13T08:22:50.099+0000] {processor.py:186} INFO - Started process (PID=426) to work on /opt/bitnami/airflow/venv/lib/python3.12/site-packages/airflow/example_dags/example_latest_only.py
[2024-12-13T08:22:50.100+0000] {processor.py:914} INFO - Processing file /opt/bitnami/airflow/venv/lib/python3.12/site-packages/airflow/example_dags/example_latest_only.py for tasks to queue
[2024-12-13T08:22:50.102+0000] {logging_mixin.py:190} INFO - [2024-12-13T08:22:50.102+0000] {dagbag.py:588} INFO - Filling up the DagBag from /opt/bitnami/airflow/venv/lib/python3.12/site-packages/airflow/example_dags/example_latest_only.py
[2024-12-13T08:22:50.106+0000] {processor.py:925} INFO - DAG(s) 'latest_only' retrieved from /opt/bitnami/airflow/venv/lib/python3.12/site-packages/airflow/example_dags/example_latest_only.py
[2024-12-13T08:22:50.138+0000] {logging_mixin.py:190} INFO - [2024-12-13T08:22:50.138+0000] {dag.py:3239} INFO - Sync 1 DAGs
[2024-12-13T08:22:50.162+0000] {logging_mixin.py:190} INFO - [2024-12-13T08:22:50.162+0000] {dag.py:4180} INFO - Setting next_dagrun for latest_only to 2024-12-13 04:00:00+00:00, run_after=2024-12-13 08:00:00+00:00
[2024-12-13T08:22:50.182+0000] {processor.py:208} INFO - Processing /opt/bitnami/airflow/venv/lib/python3.12/site-packages/airflow/example_dags/example_latest_only.py took 0.088 seconds
[2024-12-13T08:25:47.417+0000] {processor.py:186} INFO - Started process (PID=84) to work on /opt/bitnami/airflow/venv/lib/python3.12/site-packages/airflow/example_dags/example_latest_only.py
[2024-12-13T08:25:47.419+0000] {processor.py:914} INFO - Processing file /opt/bitnami/airflow/venv/lib/python3.12/site-packages/airflow/example_dags/example_latest_only.py for tasks to queue
[2024-12-13T08:25:47.423+0000] {logging_mixin.py:190} INFO - [2024-12-13T08:25:47.422+0000] {dagbag.py:588} INFO - Filling up the DagBag from /opt/bitnami/airflow/venv/lib/python3.12/site-packages/airflow/example_dags/example_latest_only.py
[2024-12-13T08:25:47.432+0000] {processor.py:925} INFO - DAG(s) 'latest_only' retrieved from /opt/bitnami/airflow/venv/lib/python3.12/site-packages/airflow/example_dags/example_latest_only.py
[2024-12-13T08:25:47.471+0000] {logging_mixin.py:190} INFO - [2024-12-13T08:25:47.470+0000] {dag.py:3239} INFO - Sync 1 DAGs
[2024-12-13T08:25:47.508+0000] {logging_mixin.py:190} INFO - [2024-12-13T08:25:47.508+0000] {dag.py:4180} INFO - Setting next_dagrun for latest_only to 2024-12-13 04:00:00+00:00, run_after=2024-12-13 08:00:00+00:00
[2024-12-13T08:25:47.530+0000] {processor.py:208} INFO - Processing /opt/bitnami/airflow/venv/lib/python3.12/site-packages/airflow/example_dags/example_latest_only.py took 0.124 seconds
[2024-12-13T08:26:18.439+0000] {processor.py:186} INFO - Started process (PID=141) to work on /opt/bitnami/airflow/venv/lib/python3.12/site-packages/airflow/example_dags/example_latest_only.py
[2024-12-13T08:26:18.440+0000] {processor.py:914} INFO - Processing file /opt/bitnami/airflow/venv/lib/python3.12/site-packages/airflow/example_dags/example_latest_only.py for tasks to queue
[2024-12-13T08:26:18.442+0000] {logging_mixin.py:190} INFO - [2024-12-13T08:26:18.442+0000] {dagbag.py:588} INFO - Filling up the DagBag from /opt/bitnami/airflow/venv/lib/python3.12/site-packages/airflow/example_dags/example_latest_only.py
[2024-12-13T08:26:18.446+0000] {processor.py:925} INFO - DAG(s) 'latest_only' retrieved from /opt/bitnami/airflow/venv/lib/python3.12/site-packages/airflow/example_dags/example_latest_only.py
[2024-12-13T08:26:18.480+0000] {logging_mixin.py:190} INFO - [2024-12-13T08:26:18.479+0000] {dag.py:3239} INFO - Sync 1 DAGs
[2024-12-13T08:26:18.508+0000] {logging_mixin.py:190} INFO - [2024-12-13T08:26:18.508+0000] {dag.py:4180} INFO - Setting next_dagrun for latest_only to 2024-12-13 04:00:00+00:00, run_after=2024-12-13 08:00:00+00:00
[2024-12-13T08:26:18.529+0000] {processor.py:208} INFO - Processing /opt/bitnami/airflow/venv/lib/python3.12/site-packages/airflow/example_dags/example_latest_only.py took 0.094 seconds
[2024-12-13T08:26:50.320+0000] {processor.py:186} INFO - Started process (PID=198) to work on /opt/bitnami/airflow/venv/lib/python3.12/site-packages/airflow/example_dags/example_latest_only.py
[2024-12-13T08:26:50.321+0000] {processor.py:914} INFO - Processing file /opt/bitnami/airflow/venv/lib/python3.12/site-packages/airflow/example_dags/example_latest_only.py for tasks to queue
[2024-12-13T08:26:50.323+0000] {logging_mixin.py:190} INFO - [2024-12-13T08:26:50.323+0000] {dagbag.py:588} INFO - Filling up the DagBag from /opt/bitnami/airflow/venv/lib/python3.12/site-packages/airflow/example_dags/example_latest_only.py
[2024-12-13T08:26:50.327+0000] {processor.py:925} INFO - DAG(s) 'latest_only' retrieved from /opt/bitnami/airflow/venv/lib/python3.12/site-packages/airflow/example_dags/example_latest_only.py
[2024-12-13T08:26:50.397+0000] {logging_mixin.py:190} INFO - [2024-12-13T08:26:50.397+0000] {dag.py:3239} INFO - Sync 1 DAGs
[2024-12-13T08:26:50.421+0000] {logging_mixin.py:190} INFO - [2024-12-13T08:26:50.420+0000] {dag.py:4180} INFO - Setting next_dagrun for latest_only to 2024-12-13 04:00:00+00:00, run_after=2024-12-13 08:00:00+00:00
[2024-12-13T08:26:50.448+0000] {processor.py:208} INFO - Processing /opt/bitnami/airflow/venv/lib/python3.12/site-packages/airflow/example_dags/example_latest_only.py took 0.133 seconds
[2024-12-13T08:27:20.749+0000] {processor.py:186} INFO - Started process (PID=255) to work on /opt/bitnami/airflow/venv/lib/python3.12/site-packages/airflow/example_dags/example_latest_only.py
[2024-12-13T08:27:20.750+0000] {processor.py:914} INFO - Processing file /opt/bitnami/airflow/venv/lib/python3.12/site-packages/airflow/example_dags/example_latest_only.py for tasks to queue
[2024-12-13T08:27:20.753+0000] {logging_mixin.py:190} INFO - [2024-12-13T08:27:20.753+0000] {dagbag.py:588} INFO - Filling up the DagBag from /opt/bitnami/airflow/venv/lib/python3.12/site-packages/airflow/example_dags/example_latest_only.py
[2024-12-13T08:27:20.758+0000] {processor.py:925} INFO - DAG(s) 'latest_only' retrieved from /opt/bitnami/airflow/venv/lib/python3.12/site-packages/airflow/example_dags/example_latest_only.py
[2024-12-13T08:27:20.801+0000] {logging_mixin.py:190} INFO - [2024-12-13T08:27:20.801+0000] {dag.py:3239} INFO - Sync 1 DAGs
[2024-12-13T08:27:20.832+0000] {logging_mixin.py:190} INFO - [2024-12-13T08:27:20.832+0000] {dag.py:4180} INFO - Setting next_dagrun for latest_only to 2024-12-13 04:00:00+00:00, run_after=2024-12-13 08:00:00+00:00
[2024-12-13T08:27:20.851+0000] {processor.py:208} INFO - Processing /opt/bitnami/airflow/venv/lib/python3.12/site-packages/airflow/example_dags/example_latest_only.py took 0.108 seconds
[2024-12-13T10:42:43.659+0000] {processor.py:186} INFO - Started process (PID=84) to work on /opt/bitnami/airflow/venv/lib/python3.12/site-packages/airflow/example_dags/example_latest_only.py
[2024-12-13T10:42:43.660+0000] {processor.py:914} INFO - Processing file /opt/bitnami/airflow/venv/lib/python3.12/site-packages/airflow/example_dags/example_latest_only.py for tasks to queue
[2024-12-13T10:42:43.663+0000] {logging_mixin.py:190} INFO - [2024-12-13T10:42:43.663+0000] {dagbag.py:588} INFO - Filling up the DagBag from /opt/bitnami/airflow/venv/lib/python3.12/site-packages/airflow/example_dags/example_latest_only.py
[2024-12-13T10:42:43.668+0000] {processor.py:925} INFO - DAG(s) 'latest_only' retrieved from /opt/bitnami/airflow/venv/lib/python3.12/site-packages/airflow/example_dags/example_latest_only.py
[2024-12-13T10:42:43.819+0000] {logging_mixin.py:190} INFO - [2024-12-13T10:42:43.817+0000] {override.py:1900} INFO - Created Permission View: can read on DAG:latest_only
[2024-12-13T10:42:43.838+0000] {logging_mixin.py:190} INFO - [2024-12-13T10:42:43.838+0000] {override.py:1900} INFO - Created Permission View: can delete on DAG:latest_only
[2024-12-13T10:42:43.849+0000] {logging_mixin.py:190} INFO - [2024-12-13T10:42:43.849+0000] {override.py:1900} INFO - Created Permission View: can edit on DAG:latest_only
[2024-12-13T10:42:43.863+0000] {logging_mixin.py:190} INFO - [2024-12-13T10:42:43.863+0000] {override.py:1900} INFO - Created Permission View: can delete on DAG Run:latest_only
[2024-12-13T10:42:43.871+0000] {logging_mixin.py:190} INFO - [2024-12-13T10:42:43.871+0000] {override.py:1900} INFO - Created Permission View: can read on DAG Run:latest_only
[2024-12-13T10:42:43.880+0000] {logging_mixin.py:190} INFO - [2024-12-13T10:42:43.880+0000] {override.py:1900} INFO - Created Permission View: can create on DAG Run:latest_only
[2024-12-13T10:42:43.888+0000] {logging_mixin.py:190} INFO - [2024-12-13T10:42:43.888+0000] {override.py:1900} INFO - Created Permission View: menu access on DAG Run:latest_only
[2024-12-13T10:42:43.890+0000] {logging_mixin.py:190} INFO - [2024-12-13T10:42:43.889+0000] {dag.py:3239} INFO - Sync 1 DAGs
[2024-12-13T10:42:43.943+0000] {logging_mixin.py:190} INFO - [2024-12-13T10:42:43.943+0000] {dag.py:3262} INFO - Creating ORM DAG for latest_only
[2024-12-13T10:42:43.961+0000] {logging_mixin.py:190} INFO - [2024-12-13T10:42:43.961+0000] {dag.py:4180} INFO - Setting next_dagrun for latest_only to 2024-12-13 04:00:00+00:00, run_after=2024-12-13 08:00:00+00:00
[2024-12-13T10:42:43.997+0000] {processor.py:208} INFO - Processing /opt/bitnami/airflow/venv/lib/python3.12/site-packages/airflow/example_dags/example_latest_only.py took 0.344 seconds
[2024-12-13T10:43:14.132+0000] {processor.py:186} INFO - Started process (PID=141) to work on /opt/bitnami/airflow/venv/lib/python3.12/site-packages/airflow/example_dags/example_latest_only.py
[2024-12-13T10:43:14.133+0000] {processor.py:914} INFO - Processing file /opt/bitnami/airflow/venv/lib/python3.12/site-packages/airflow/example_dags/example_latest_only.py for tasks to queue
[2024-12-13T10:43:14.135+0000] {logging_mixin.py:190} INFO - [2024-12-13T10:43:14.134+0000] {dagbag.py:588} INFO - Filling up the DagBag from /opt/bitnami/airflow/venv/lib/python3.12/site-packages/airflow/example_dags/example_latest_only.py
[2024-12-13T10:43:14.139+0000] {processor.py:925} INFO - DAG(s) 'latest_only' retrieved from /opt/bitnami/airflow/venv/lib/python3.12/site-packages/airflow/example_dags/example_latest_only.py
[2024-12-13T10:43:14.186+0000] {logging_mixin.py:190} INFO - [2024-12-13T10:43:14.185+0000] {dag.py:3239} INFO - Sync 1 DAGs
[2024-12-13T10:43:14.215+0000] {logging_mixin.py:190} INFO - [2024-12-13T10:43:14.215+0000] {dag.py:4180} INFO - Setting next_dagrun for latest_only to 2024-12-13 04:00:00+00:00, run_after=2024-12-13 08:00:00+00:00
[2024-12-13T10:43:14.234+0000] {processor.py:208} INFO - Processing /opt/bitnami/airflow/venv/lib/python3.12/site-packages/airflow/example_dags/example_latest_only.py took 0.106 seconds
[2024-12-13T10:43:45.097+0000] {processor.py:186} INFO - Started process (PID=198) to work on /opt/bitnami/airflow/venv/lib/python3.12/site-packages/airflow/example_dags/example_latest_only.py
[2024-12-13T10:43:45.100+0000] {processor.py:914} INFO - Processing file /opt/bitnami/airflow/venv/lib/python3.12/site-packages/airflow/example_dags/example_latest_only.py for tasks to queue
[2024-12-13T10:43:45.103+0000] {logging_mixin.py:190} INFO - [2024-12-13T10:43:45.103+0000] {dagbag.py:588} INFO - Filling up the DagBag from /opt/bitnami/airflow/venv/lib/python3.12/site-packages/airflow/example_dags/example_latest_only.py
[2024-12-13T10:43:45.108+0000] {processor.py:925} INFO - DAG(s) 'latest_only' retrieved from /opt/bitnami/airflow/venv/lib/python3.12/site-packages/airflow/example_dags/example_latest_only.py
[2024-12-13T10:43:45.253+0000] {logging_mixin.py:190} INFO - [2024-12-13T10:43:45.252+0000] {dag.py:3239} INFO - Sync 1 DAGs
[2024-12-13T10:43:45.303+0000] {logging_mixin.py:190} INFO - [2024-12-13T10:43:45.303+0000] {dag.py:4180} INFO - Setting next_dagrun for latest_only to 2024-12-13 04:00:00+00:00, run_after=2024-12-13 08:00:00+00:00
[2024-12-13T10:43:45.351+0000] {processor.py:208} INFO - Processing /opt/bitnami/airflow/venv/lib/python3.12/site-packages/airflow/example_dags/example_latest_only.py took 0.261 seconds
[2024-12-13T10:44:15.913+0000] {processor.py:186} INFO - Started process (PID=255) to work on /opt/bitnami/airflow/venv/lib/python3.12/site-packages/airflow/example_dags/example_latest_only.py
[2024-12-13T10:44:15.914+0000] {processor.py:914} INFO - Processing file /opt/bitnami/airflow/venv/lib/python3.12/site-packages/airflow/example_dags/example_latest_only.py for tasks to queue
[2024-12-13T10:44:15.916+0000] {logging_mixin.py:190} INFO - [2024-12-13T10:44:15.916+0000] {dagbag.py:588} INFO - Filling up the DagBag from /opt/bitnami/airflow/venv/lib/python3.12/site-packages/airflow/example_dags/example_latest_only.py
[2024-12-13T10:44:15.920+0000] {processor.py:925} INFO - DAG(s) 'latest_only' retrieved from /opt/bitnami/airflow/venv/lib/python3.12/site-packages/airflow/example_dags/example_latest_only.py
[2024-12-13T10:44:16.010+0000] {logging_mixin.py:190} INFO - [2024-12-13T10:44:16.009+0000] {dag.py:3239} INFO - Sync 1 DAGs
[2024-12-13T10:44:16.058+0000] {logging_mixin.py:190} INFO - [2024-12-13T10:44:16.057+0000] {dag.py:4180} INFO - Setting next_dagrun for latest_only to 2024-12-13 04:00:00+00:00, run_after=2024-12-13 08:00:00+00:00
[2024-12-13T10:44:16.097+0000] {processor.py:208} INFO - Processing /opt/bitnami/airflow/venv/lib/python3.12/site-packages/airflow/example_dags/example_latest_only.py took 0.189 seconds
[2024-12-13T10:44:46.586+0000] {processor.py:186} INFO - Started process (PID=312) to work on /opt/bitnami/airflow/venv/lib/python3.12/site-packages/airflow/example_dags/example_latest_only.py
[2024-12-13T10:44:46.587+0000] {processor.py:914} INFO - Processing file /opt/bitnami/airflow/venv/lib/python3.12/site-packages/airflow/example_dags/example_latest_only.py for tasks to queue
[2024-12-13T10:44:46.589+0000] {logging_mixin.py:190} INFO - [2024-12-13T10:44:46.589+0000] {dagbag.py:588} INFO - Filling up the DagBag from /opt/bitnami/airflow/venv/lib/python3.12/site-packages/airflow/example_dags/example_latest_only.py
[2024-12-13T10:44:46.593+0000] {processor.py:925} INFO - DAG(s) 'latest_only' retrieved from /opt/bitnami/airflow/venv/lib/python3.12/site-packages/airflow/example_dags/example_latest_only.py
[2024-12-13T10:44:46.688+0000] {logging_mixin.py:190} INFO - [2024-12-13T10:44:46.687+0000] {dag.py:3239} INFO - Sync 1 DAGs
[2024-12-13T10:44:46.746+0000] {logging_mixin.py:190} INFO - [2024-12-13T10:44:46.746+0000] {dag.py:4180} INFO - Setting next_dagrun for latest_only to 2024-12-13 04:00:00+00:00, run_after=2024-12-13 08:00:00+00:00
[2024-12-13T10:44:46.782+0000] {processor.py:208} INFO - Processing /opt/bitnami/airflow/venv/lib/python3.12/site-packages/airflow/example_dags/example_latest_only.py took 0.200 seconds
[2024-12-13T10:52:14.910+0000] {processor.py:186} INFO - Started process (PID=84) to work on /opt/bitnami/airflow/venv/lib/python3.12/site-packages/airflow/example_dags/example_latest_only.py
[2024-12-13T10:52:14.911+0000] {processor.py:914} INFO - Processing file /opt/bitnami/airflow/venv/lib/python3.12/site-packages/airflow/example_dags/example_latest_only.py for tasks to queue
[2024-12-13T10:52:14.914+0000] {logging_mixin.py:190} INFO - [2024-12-13T10:52:14.913+0000] {dagbag.py:588} INFO - Filling up the DagBag from /opt/bitnami/airflow/venv/lib/python3.12/site-packages/airflow/example_dags/example_latest_only.py
[2024-12-13T10:52:14.920+0000] {processor.py:925} INFO - DAG(s) 'latest_only' retrieved from /opt/bitnami/airflow/venv/lib/python3.12/site-packages/airflow/example_dags/example_latest_only.py
[2024-12-13T10:52:15.043+0000] {logging_mixin.py:190} INFO - [2024-12-13T10:52:15.042+0000] {override.py:1900} INFO - Created Permission View: can read on DAG:latest_only
[2024-12-13T10:52:15.056+0000] {logging_mixin.py:190} INFO - [2024-12-13T10:52:15.055+0000] {override.py:1900} INFO - Created Permission View: can delete on DAG:latest_only
[2024-12-13T10:52:15.062+0000] {logging_mixin.py:190} INFO - [2024-12-13T10:52:15.061+0000] {override.py:1900} INFO - Created Permission View: can edit on DAG:latest_only
[2024-12-13T10:52:15.070+0000] {logging_mixin.py:190} INFO - [2024-12-13T10:52:15.070+0000] {override.py:1900} INFO - Created Permission View: menu access on DAG Run:latest_only
[2024-12-13T10:52:15.076+0000] {logging_mixin.py:190} INFO - [2024-12-13T10:52:15.076+0000] {override.py:1900} INFO - Created Permission View: can read on DAG Run:latest_only
[2024-12-13T10:52:15.085+0000] {logging_mixin.py:190} INFO - [2024-12-13T10:52:15.085+0000] {override.py:1900} INFO - Created Permission View: can delete on DAG Run:latest_only
[2024-12-13T10:52:15.094+0000] {logging_mixin.py:190} INFO - [2024-12-13T10:52:15.094+0000] {override.py:1900} INFO - Created Permission View: can create on DAG Run:latest_only
[2024-12-13T10:52:15.095+0000] {logging_mixin.py:190} INFO - [2024-12-13T10:52:15.095+0000] {dag.py:3239} INFO - Sync 1 DAGs
[2024-12-13T10:52:15.122+0000] {logging_mixin.py:190} INFO - [2024-12-13T10:52:15.122+0000] {dag.py:3262} INFO - Creating ORM DAG for latest_only
[2024-12-13T10:52:15.137+0000] {logging_mixin.py:190} INFO - [2024-12-13T10:52:15.137+0000] {dag.py:4180} INFO - Setting next_dagrun for latest_only to 2024-12-13 04:00:00+00:00, run_after=2024-12-13 08:00:00+00:00
[2024-12-13T10:52:15.167+0000] {processor.py:208} INFO - Processing /opt/bitnami/airflow/venv/lib/python3.12/site-packages/airflow/example_dags/example_latest_only.py took 0.264 seconds
[2024-12-13T10:52:45.237+0000] {processor.py:186} INFO - Started process (PID=141) to work on /opt/bitnami/airflow/venv/lib/python3.12/site-packages/airflow/example_dags/example_latest_only.py
[2024-12-13T10:52:45.238+0000] {processor.py:914} INFO - Processing file /opt/bitnami/airflow/venv/lib/python3.12/site-packages/airflow/example_dags/example_latest_only.py for tasks to queue
[2024-12-13T10:52:45.241+0000] {logging_mixin.py:190} INFO - [2024-12-13T10:52:45.240+0000] {dagbag.py:588} INFO - Filling up the DagBag from /opt/bitnami/airflow/venv/lib/python3.12/site-packages/airflow/example_dags/example_latest_only.py
[2024-12-13T10:52:45.245+0000] {processor.py:925} INFO - DAG(s) 'latest_only' retrieved from /opt/bitnami/airflow/venv/lib/python3.12/site-packages/airflow/example_dags/example_latest_only.py
[2024-12-13T10:52:45.283+0000] {logging_mixin.py:190} INFO - [2024-12-13T10:52:45.282+0000] {dag.py:3239} INFO - Sync 1 DAGs
[2024-12-13T10:52:45.329+0000] {logging_mixin.py:190} INFO - [2024-12-13T10:52:45.329+0000] {dag.py:4180} INFO - Setting next_dagrun for latest_only to 2024-12-13 04:00:00+00:00, run_after=2024-12-13 08:00:00+00:00
[2024-12-13T10:52:45.368+0000] {processor.py:208} INFO - Processing /opt/bitnami/airflow/venv/lib/python3.12/site-packages/airflow/example_dags/example_latest_only.py took 0.135 seconds
[2024-12-13T10:53:17.169+0000] {processor.py:186} INFO - Started process (PID=198) to work on /opt/bitnami/airflow/venv/lib/python3.12/site-packages/airflow/example_dags/example_latest_only.py
[2024-12-13T10:53:17.171+0000] {processor.py:914} INFO - Processing file /opt/bitnami/airflow/venv/lib/python3.12/site-packages/airflow/example_dags/example_latest_only.py for tasks to queue
[2024-12-13T10:53:17.173+0000] {logging_mixin.py:190} INFO - [2024-12-13T10:53:17.173+0000] {dagbag.py:588} INFO - Filling up the DagBag from /opt/bitnami/airflow/venv/lib/python3.12/site-packages/airflow/example_dags/example_latest_only.py
[2024-12-13T10:53:17.178+0000] {processor.py:925} INFO - DAG(s) 'latest_only' retrieved from /opt/bitnami/airflow/venv/lib/python3.12/site-packages/airflow/example_dags/example_latest_only.py
[2024-12-13T10:53:17.324+0000] {logging_mixin.py:190} INFO - [2024-12-13T10:53:17.324+0000] {dag.py:3239} INFO - Sync 1 DAGs
[2024-12-13T10:53:17.363+0000] {logging_mixin.py:190} INFO - [2024-12-13T10:53:17.362+0000] {dag.py:4180} INFO - Setting next_dagrun for latest_only to 2024-12-13 04:00:00+00:00, run_after=2024-12-13 08:00:00+00:00
[2024-12-13T10:53:17.393+0000] {processor.py:208} INFO - Processing /opt/bitnami/airflow/venv/lib/python3.12/site-packages/airflow/example_dags/example_latest_only.py took 0.229 seconds
[2024-12-13T10:53:47.697+0000] {processor.py:186} INFO - Started process (PID=255) to work on /opt/bitnami/airflow/venv/lib/python3.12/site-packages/airflow/example_dags/example_latest_only.py
[2024-12-13T10:53:47.699+0000] {processor.py:914} INFO - Processing file /opt/bitnami/airflow/venv/lib/python3.12/site-packages/airflow/example_dags/example_latest_only.py for tasks to queue
[2024-12-13T10:53:47.703+0000] {logging_mixin.py:190} INFO - [2024-12-13T10:53:47.702+0000] {dagbag.py:588} INFO - Filling up the DagBag from /opt/bitnami/airflow/venv/lib/python3.12/site-packages/airflow/example_dags/example_latest_only.py
[2024-12-13T10:53:47.712+0000] {processor.py:925} INFO - DAG(s) 'latest_only' retrieved from /opt/bitnami/airflow/venv/lib/python3.12/site-packages/airflow/example_dags/example_latest_only.py
[2024-12-13T10:53:47.807+0000] {logging_mixin.py:190} INFO - [2024-12-13T10:53:47.806+0000] {dag.py:3239} INFO - Sync 1 DAGs
[2024-12-13T10:53:47.861+0000] {logging_mixin.py:190} INFO - [2024-12-13T10:53:47.861+0000] {dag.py:4180} INFO - Setting next_dagrun for latest_only to 2024-12-13 04:00:00+00:00, run_after=2024-12-13 08:00:00+00:00
[2024-12-13T10:53:47.904+0000] {processor.py:208} INFO - Processing /opt/bitnami/airflow/venv/lib/python3.12/site-packages/airflow/example_dags/example_latest_only.py took 0.216 seconds
[2024-12-13T10:54:18.871+0000] {processor.py:186} INFO - Started process (PID=312) to work on /opt/bitnami/airflow/venv/lib/python3.12/site-packages/airflow/example_dags/example_latest_only.py
[2024-12-13T10:54:18.872+0000] {processor.py:914} INFO - Processing file /opt/bitnami/airflow/venv/lib/python3.12/site-packages/airflow/example_dags/example_latest_only.py for tasks to queue
[2024-12-13T10:54:18.874+0000] {logging_mixin.py:190} INFO - [2024-12-13T10:54:18.874+0000] {dagbag.py:588} INFO - Filling up the DagBag from /opt/bitnami/airflow/venv/lib/python3.12/site-packages/airflow/example_dags/example_latest_only.py
[2024-12-13T10:54:18.878+0000] {processor.py:925} INFO - DAG(s) 'latest_only' retrieved from /opt/bitnami/airflow/venv/lib/python3.12/site-packages/airflow/example_dags/example_latest_only.py
[2024-12-13T10:54:18.967+0000] {logging_mixin.py:190} INFO - [2024-12-13T10:54:18.966+0000] {dag.py:3239} INFO - Sync 1 DAGs
[2024-12-13T10:54:19.024+0000] {logging_mixin.py:190} INFO - [2024-12-13T10:54:19.024+0000] {dag.py:4180} INFO - Setting next_dagrun for latest_only to 2024-12-13 04:00:00+00:00, run_after=2024-12-13 08:00:00+00:00
[2024-12-13T10:54:19.059+0000] {processor.py:208} INFO - Processing /opt/bitnami/airflow/venv/lib/python3.12/site-packages/airflow/example_dags/example_latest_only.py took 0.193 seconds
[2024-12-13T10:54:49.614+0000] {processor.py:186} INFO - Started process (PID=369) to work on /opt/bitnami/airflow/venv/lib/python3.12/site-packages/airflow/example_dags/example_latest_only.py
[2024-12-13T10:54:49.616+0000] {processor.py:914} INFO - Processing file /opt/bitnami/airflow/venv/lib/python3.12/site-packages/airflow/example_dags/example_latest_only.py for tasks to queue
[2024-12-13T10:54:49.619+0000] {logging_mixin.py:190} INFO - [2024-12-13T10:54:49.619+0000] {dagbag.py:588} INFO - Filling up the DagBag from /opt/bitnami/airflow/venv/lib/python3.12/site-packages/airflow/example_dags/example_latest_only.py
[2024-12-13T10:54:49.630+0000] {processor.py:925} INFO - DAG(s) 'latest_only' retrieved from /opt/bitnami/airflow/venv/lib/python3.12/site-packages/airflow/example_dags/example_latest_only.py
[2024-12-13T10:54:49.678+0000] {logging_mixin.py:190} INFO - [2024-12-13T10:54:49.677+0000] {dag.py:3239} INFO - Sync 1 DAGs
[2024-12-13T10:54:49.710+0000] {logging_mixin.py:190} INFO - [2024-12-13T10:54:49.710+0000] {dag.py:4180} INFO - Setting next_dagrun for latest_only to 2024-12-13 04:00:00+00:00, run_after=2024-12-13 08:00:00+00:00
[2024-12-13T10:54:49.736+0000] {processor.py:208} INFO - Processing /opt/bitnami/airflow/venv/lib/python3.12/site-packages/airflow/example_dags/example_latest_only.py took 0.131 seconds
[2024-12-13T10:55:20.401+0000] {processor.py:186} INFO - Started process (PID=426) to work on /opt/bitnami/airflow/venv/lib/python3.12/site-packages/airflow/example_dags/example_latest_only.py
[2024-12-13T10:55:20.402+0000] {processor.py:914} INFO - Processing file /opt/bitnami/airflow/venv/lib/python3.12/site-packages/airflow/example_dags/example_latest_only.py for tasks to queue
[2024-12-13T10:55:20.405+0000] {logging_mixin.py:190} INFO - [2024-12-13T10:55:20.405+0000] {dagbag.py:588} INFO - Filling up the DagBag from /opt/bitnami/airflow/venv/lib/python3.12/site-packages/airflow/example_dags/example_latest_only.py
[2024-12-13T10:55:20.409+0000] {processor.py:925} INFO - DAG(s) 'latest_only' retrieved from /opt/bitnami/airflow/venv/lib/python3.12/site-packages/airflow/example_dags/example_latest_only.py
[2024-12-13T10:55:20.508+0000] {logging_mixin.py:190} INFO - [2024-12-13T10:55:20.507+0000] {dag.py:3239} INFO - Sync 1 DAGs
[2024-12-13T10:55:20.580+0000] {logging_mixin.py:190} INFO - [2024-12-13T10:55:20.580+0000] {dag.py:4180} INFO - Setting next_dagrun for latest_only to 2024-12-13 04:00:00+00:00, run_after=2024-12-13 08:00:00+00:00
[2024-12-13T10:55:20.635+0000] {processor.py:208} INFO - Processing /opt/bitnami/airflow/venv/lib/python3.12/site-packages/airflow/example_dags/example_latest_only.py took 0.239 seconds
[2024-12-13T10:55:51.429+0000] {processor.py:186} INFO - Started process (PID=483) to work on /opt/bitnami/airflow/venv/lib/python3.12/site-packages/airflow/example_dags/example_latest_only.py
[2024-12-13T10:55:51.431+0000] {processor.py:914} INFO - Processing file /opt/bitnami/airflow/venv/lib/python3.12/site-packages/airflow/example_dags/example_latest_only.py for tasks to queue
[2024-12-13T10:55:51.435+0000] {logging_mixin.py:190} INFO - [2024-12-13T10:55:51.434+0000] {dagbag.py:588} INFO - Filling up the DagBag from /opt/bitnami/airflow/venv/lib/python3.12/site-packages/airflow/example_dags/example_latest_only.py
[2024-12-13T10:55:51.443+0000] {processor.py:925} INFO - DAG(s) 'latest_only' retrieved from /opt/bitnami/airflow/venv/lib/python3.12/site-packages/airflow/example_dags/example_latest_only.py
[2024-12-13T10:55:51.495+0000] {logging_mixin.py:190} INFO - [2024-12-13T10:55:51.494+0000] {dag.py:3239} INFO - Sync 1 DAGs
[2024-12-13T10:55:51.533+0000] {logging_mixin.py:190} INFO - [2024-12-13T10:55:51.533+0000] {dag.py:4180} INFO - Setting next_dagrun for latest_only to 2024-12-13 04:00:00+00:00, run_after=2024-12-13 08:00:00+00:00
[2024-12-13T10:55:51.566+0000] {processor.py:208} INFO - Processing /opt/bitnami/airflow/venv/lib/python3.12/site-packages/airflow/example_dags/example_latest_only.py took 0.142 seconds
[2024-12-13T10:56:22.243+0000] {processor.py:186} INFO - Started process (PID=540) to work on /opt/bitnami/airflow/venv/lib/python3.12/site-packages/airflow/example_dags/example_latest_only.py
[2024-12-13T10:56:22.244+0000] {processor.py:914} INFO - Processing file /opt/bitnami/airflow/venv/lib/python3.12/site-packages/airflow/example_dags/example_latest_only.py for tasks to queue
[2024-12-13T10:56:22.246+0000] {logging_mixin.py:190} INFO - [2024-12-13T10:56:22.246+0000] {dagbag.py:588} INFO - Filling up the DagBag from /opt/bitnami/airflow/venv/lib/python3.12/site-packages/airflow/example_dags/example_latest_only.py
[2024-12-13T10:56:22.251+0000] {processor.py:925} INFO - DAG(s) 'latest_only' retrieved from /opt/bitnami/airflow/venv/lib/python3.12/site-packages/airflow/example_dags/example_latest_only.py
[2024-12-13T10:56:22.303+0000] {logging_mixin.py:190} INFO - [2024-12-13T10:56:22.303+0000] {dag.py:3239} INFO - Sync 1 DAGs
[2024-12-13T10:56:22.343+0000] {logging_mixin.py:190} INFO - [2024-12-13T10:56:22.343+0000] {dag.py:4180} INFO - Setting next_dagrun for latest_only to 2024-12-13 04:00:00+00:00, run_after=2024-12-13 08:00:00+00:00
[2024-12-13T10:56:22.371+0000] {processor.py:208} INFO - Processing /opt/bitnami/airflow/venv/lib/python3.12/site-packages/airflow/example_dags/example_latest_only.py took 0.134 seconds
[2024-12-13T10:56:52.828+0000] {processor.py:186} INFO - Started process (PID=597) to work on /opt/bitnami/airflow/venv/lib/python3.12/site-packages/airflow/example_dags/example_latest_only.py
[2024-12-13T10:56:52.829+0000] {processor.py:914} INFO - Processing file /opt/bitnami/airflow/venv/lib/python3.12/site-packages/airflow/example_dags/example_latest_only.py for tasks to queue
[2024-12-13T10:56:52.831+0000] {logging_mixin.py:190} INFO - [2024-12-13T10:56:52.831+0000] {dagbag.py:588} INFO - Filling up the DagBag from /opt/bitnami/airflow/venv/lib/python3.12/site-packages/airflow/example_dags/example_latest_only.py
[2024-12-13T10:56:52.835+0000] {processor.py:925} INFO - DAG(s) 'latest_only' retrieved from /opt/bitnami/airflow/venv/lib/python3.12/site-packages/airflow/example_dags/example_latest_only.py
[2024-12-13T10:56:52.870+0000] {logging_mixin.py:190} INFO - [2024-12-13T10:56:52.870+0000] {dag.py:3239} INFO - Sync 1 DAGs
[2024-12-13T10:56:52.901+0000] {logging_mixin.py:190} INFO - [2024-12-13T10:56:52.901+0000] {dag.py:4180} INFO - Setting next_dagrun for latest_only to 2024-12-13 04:00:00+00:00, run_after=2024-12-13 08:00:00+00:00
[2024-12-13T10:56:52.922+0000] {processor.py:208} INFO - Processing /opt/bitnami/airflow/venv/lib/python3.12/site-packages/airflow/example_dags/example_latest_only.py took 0.098 seconds
[2024-12-13T10:57:23.239+0000] {processor.py:186} INFO - Started process (PID=654) to work on /opt/bitnami/airflow/venv/lib/python3.12/site-packages/airflow/example_dags/example_latest_only.py
[2024-12-13T10:57:23.239+0000] {processor.py:914} INFO - Processing file /opt/bitnami/airflow/venv/lib/python3.12/site-packages/airflow/example_dags/example_latest_only.py for tasks to queue
[2024-12-13T10:57:23.242+0000] {logging_mixin.py:190} INFO - [2024-12-13T10:57:23.241+0000] {dagbag.py:588} INFO - Filling up the DagBag from /opt/bitnami/airflow/venv/lib/python3.12/site-packages/airflow/example_dags/example_latest_only.py
[2024-12-13T10:57:23.246+0000] {processor.py:925} INFO - DAG(s) 'latest_only' retrieved from /opt/bitnami/airflow/venv/lib/python3.12/site-packages/airflow/example_dags/example_latest_only.py
[2024-12-13T10:57:23.278+0000] {logging_mixin.py:190} INFO - [2024-12-13T10:57:23.278+0000] {dag.py:3239} INFO - Sync 1 DAGs
[2024-12-13T10:57:23.312+0000] {logging_mixin.py:190} INFO - [2024-12-13T10:57:23.312+0000] {dag.py:4180} INFO - Setting next_dagrun for latest_only to 2024-12-13 04:00:00+00:00, run_after=2024-12-13 08:00:00+00:00
[2024-12-13T10:57:23.332+0000] {processor.py:208} INFO - Processing /opt/bitnami/airflow/venv/lib/python3.12/site-packages/airflow/example_dags/example_latest_only.py took 0.098 seconds
[2024-12-13T10:57:54.194+0000] {processor.py:186} INFO - Started process (PID=711) to work on /opt/bitnami/airflow/venv/lib/python3.12/site-packages/airflow/example_dags/example_latest_only.py
[2024-12-13T10:57:54.195+0000] {processor.py:914} INFO - Processing file /opt/bitnami/airflow/venv/lib/python3.12/site-packages/airflow/example_dags/example_latest_only.py for tasks to queue
[2024-12-13T10:57:54.197+0000] {logging_mixin.py:190} INFO - [2024-12-13T10:57:54.196+0000] {dagbag.py:588} INFO - Filling up the DagBag from /opt/bitnami/airflow/venv/lib/python3.12/site-packages/airflow/example_dags/example_latest_only.py
[2024-12-13T10:57:54.202+0000] {processor.py:925} INFO - DAG(s) 'latest_only' retrieved from /opt/bitnami/airflow/venv/lib/python3.12/site-packages/airflow/example_dags/example_latest_only.py
[2024-12-13T10:57:54.239+0000] {logging_mixin.py:190} INFO - [2024-12-13T10:57:54.239+0000] {dag.py:3239} INFO - Sync 1 DAGs
[2024-12-13T10:57:54.264+0000] {logging_mixin.py:190} INFO - [2024-12-13T10:57:54.264+0000] {dag.py:4180} INFO - Setting next_dagrun for latest_only to 2024-12-13 04:00:00+00:00, run_after=2024-12-13 08:00:00+00:00
[2024-12-13T10:57:54.285+0000] {processor.py:208} INFO - Processing /opt/bitnami/airflow/venv/lib/python3.12/site-packages/airflow/example_dags/example_latest_only.py took 0.096 seconds
[2024-12-13T10:58:25.069+0000] {processor.py:186} INFO - Started process (PID=768) to work on /opt/bitnami/airflow/venv/lib/python3.12/site-packages/airflow/example_dags/example_latest_only.py
[2024-12-13T10:58:25.071+0000] {processor.py:914} INFO - Processing file /opt/bitnami/airflow/venv/lib/python3.12/site-packages/airflow/example_dags/example_latest_only.py for tasks to queue
[2024-12-13T10:58:25.074+0000] {logging_mixin.py:190} INFO - [2024-12-13T10:58:25.073+0000] {dagbag.py:588} INFO - Filling up the DagBag from /opt/bitnami/airflow/venv/lib/python3.12/site-packages/airflow/example_dags/example_latest_only.py
[2024-12-13T10:58:25.078+0000] {processor.py:925} INFO - DAG(s) 'latest_only' retrieved from /opt/bitnami/airflow/venv/lib/python3.12/site-packages/airflow/example_dags/example_latest_only.py
[2024-12-13T10:58:25.119+0000] {logging_mixin.py:190} INFO - [2024-12-13T10:58:25.119+0000] {dag.py:3239} INFO - Sync 1 DAGs
[2024-12-13T10:58:25.154+0000] {logging_mixin.py:190} INFO - [2024-12-13T10:58:25.153+0000] {dag.py:4180} INFO - Setting next_dagrun for latest_only to 2024-12-13 04:00:00+00:00, run_after=2024-12-13 08:00:00+00:00
[2024-12-13T10:58:25.182+0000] {processor.py:208} INFO - Processing /opt/bitnami/airflow/venv/lib/python3.12/site-packages/airflow/example_dags/example_latest_only.py took 0.121 seconds
[2024-12-13T10:58:55.869+0000] {processor.py:186} INFO - Started process (PID=825) to work on /opt/bitnami/airflow/venv/lib/python3.12/site-packages/airflow/example_dags/example_latest_only.py
[2024-12-13T10:58:55.871+0000] {processor.py:914} INFO - Processing file /opt/bitnami/airflow/venv/lib/python3.12/site-packages/airflow/example_dags/example_latest_only.py for tasks to queue
[2024-12-13T10:58:55.873+0000] {logging_mixin.py:190} INFO - [2024-12-13T10:58:55.873+0000] {dagbag.py:588} INFO - Filling up the DagBag from /opt/bitnami/airflow/venv/lib/python3.12/site-packages/airflow/example_dags/example_latest_only.py
[2024-12-13T10:58:55.880+0000] {processor.py:925} INFO - DAG(s) 'latest_only' retrieved from /opt/bitnami/airflow/venv/lib/python3.12/site-packages/airflow/example_dags/example_latest_only.py
[2024-12-13T10:58:55.962+0000] {logging_mixin.py:190} INFO - [2024-12-13T10:58:55.961+0000] {dag.py:3239} INFO - Sync 1 DAGs
[2024-12-13T10:58:56.000+0000] {logging_mixin.py:190} INFO - [2024-12-13T10:58:56.000+0000] {dag.py:4180} INFO - Setting next_dagrun for latest_only to 2024-12-13 04:00:00+00:00, run_after=2024-12-13 08:00:00+00:00
[2024-12-13T10:58:56.023+0000] {processor.py:208} INFO - Processing /opt/bitnami/airflow/venv/lib/python3.12/site-packages/airflow/example_dags/example_latest_only.py took 0.162 seconds
[2024-12-13T11:07:33.476+0000] {processor.py:186} INFO - Started process (PID=84) to work on /opt/bitnami/airflow/venv/lib/python3.12/site-packages/airflow/example_dags/example_latest_only.py
[2024-12-13T11:07:33.478+0000] {processor.py:914} INFO - Processing file /opt/bitnami/airflow/venv/lib/python3.12/site-packages/airflow/example_dags/example_latest_only.py for tasks to queue
[2024-12-13T11:07:33.482+0000] {logging_mixin.py:190} INFO - [2024-12-13T11:07:33.481+0000] {dagbag.py:588} INFO - Filling up the DagBag from /opt/bitnami/airflow/venv/lib/python3.12/site-packages/airflow/example_dags/example_latest_only.py
[2024-12-13T11:07:33.491+0000] {processor.py:925} INFO - DAG(s) 'latest_only' retrieved from /opt/bitnami/airflow/venv/lib/python3.12/site-packages/airflow/example_dags/example_latest_only.py
[2024-12-13T11:07:33.560+0000] {logging_mixin.py:190} INFO - [2024-12-13T11:07:33.559+0000] {dag.py:3239} INFO - Sync 1 DAGs
[2024-12-13T11:07:33.616+0000] {logging_mixin.py:190} INFO - [2024-12-13T11:07:33.616+0000] {dag.py:4180} INFO - Setting next_dagrun for latest_only to 2024-12-13 04:00:00+00:00, run_after=2024-12-13 08:00:00+00:00
[2024-12-13T11:07:33.661+0000] {processor.py:208} INFO - Processing /opt/bitnami/airflow/venv/lib/python3.12/site-packages/airflow/example_dags/example_latest_only.py took 0.194 seconds
[2024-12-13T11:08:04.023+0000] {processor.py:186} INFO - Started process (PID=141) to work on /opt/bitnami/airflow/venv/lib/python3.12/site-packages/airflow/example_dags/example_latest_only.py
[2024-12-13T11:08:04.025+0000] {processor.py:914} INFO - Processing file /opt/bitnami/airflow/venv/lib/python3.12/site-packages/airflow/example_dags/example_latest_only.py for tasks to queue
[2024-12-13T11:08:04.027+0000] {logging_mixin.py:190} INFO - [2024-12-13T11:08:04.027+0000] {dagbag.py:588} INFO - Filling up the DagBag from /opt/bitnami/airflow/venv/lib/python3.12/site-packages/airflow/example_dags/example_latest_only.py
[2024-12-13T11:08:04.031+0000] {processor.py:925} INFO - DAG(s) 'latest_only' retrieved from /opt/bitnami/airflow/venv/lib/python3.12/site-packages/airflow/example_dags/example_latest_only.py
[2024-12-13T11:08:04.098+0000] {logging_mixin.py:190} INFO - [2024-12-13T11:08:04.098+0000] {dag.py:3239} INFO - Sync 1 DAGs
[2024-12-13T11:08:04.153+0000] {logging_mixin.py:190} INFO - [2024-12-13T11:08:04.153+0000] {dag.py:4180} INFO - Setting next_dagrun for latest_only to 2024-12-13 04:00:00+00:00, run_after=2024-12-13 08:00:00+00:00
[2024-12-13T11:08:04.188+0000] {processor.py:208} INFO - Processing /opt/bitnami/airflow/venv/lib/python3.12/site-packages/airflow/example_dags/example_latest_only.py took 0.170 seconds
[2024-12-13T11:08:36.899+0000] {processor.py:186} INFO - Started process (PID=198) to work on /opt/bitnami/airflow/venv/lib/python3.12/site-packages/airflow/example_dags/example_latest_only.py
[2024-12-13T11:08:36.902+0000] {processor.py:914} INFO - Processing file /opt/bitnami/airflow/venv/lib/python3.12/site-packages/airflow/example_dags/example_latest_only.py for tasks to queue
[2024-12-13T11:08:36.910+0000] {logging_mixin.py:190} INFO - [2024-12-13T11:08:36.908+0000] {dagbag.py:588} INFO - Filling up the DagBag from /opt/bitnami/airflow/venv/lib/python3.12/site-packages/airflow/example_dags/example_latest_only.py
[2024-12-13T11:08:36.920+0000] {processor.py:925} INFO - DAG(s) 'latest_only' retrieved from /opt/bitnami/airflow/venv/lib/python3.12/site-packages/airflow/example_dags/example_latest_only.py
[2024-12-13T11:08:37.089+0000] {logging_mixin.py:190} INFO - [2024-12-13T11:08:37.088+0000] {dag.py:3239} INFO - Sync 1 DAGs
[2024-12-13T11:08:37.145+0000] {logging_mixin.py:190} INFO - [2024-12-13T11:08:37.144+0000] {dag.py:4180} INFO - Setting next_dagrun for latest_only to 2024-12-13 04:00:00+00:00, run_after=2024-12-13 08:00:00+00:00
[2024-12-13T11:08:37.193+0000] {processor.py:208} INFO - Processing /opt/bitnami/airflow/venv/lib/python3.12/site-packages/airflow/example_dags/example_latest_only.py took 0.309 seconds
[2024-12-13T11:09:07.387+0000] {processor.py:186} INFO - Started process (PID=255) to work on /opt/bitnami/airflow/venv/lib/python3.12/site-packages/airflow/example_dags/example_latest_only.py
[2024-12-13T11:09:07.389+0000] {processor.py:914} INFO - Processing file /opt/bitnami/airflow/venv/lib/python3.12/site-packages/airflow/example_dags/example_latest_only.py for tasks to queue
[2024-12-13T11:09:07.392+0000] {logging_mixin.py:190} INFO - [2024-12-13T11:09:07.392+0000] {dagbag.py:588} INFO - Filling up the DagBag from /opt/bitnami/airflow/venv/lib/python3.12/site-packages/airflow/example_dags/example_latest_only.py
[2024-12-13T11:09:07.397+0000] {processor.py:925} INFO - DAG(s) 'latest_only' retrieved from /opt/bitnami/airflow/venv/lib/python3.12/site-packages/airflow/example_dags/example_latest_only.py
[2024-12-13T11:09:07.495+0000] {logging_mixin.py:190} INFO - [2024-12-13T11:09:07.495+0000] {dag.py:3239} INFO - Sync 1 DAGs
[2024-12-13T11:09:07.573+0000] {logging_mixin.py:190} INFO - [2024-12-13T11:09:07.572+0000] {dag.py:4180} INFO - Setting next_dagrun for latest_only to 2024-12-13 04:00:00+00:00, run_after=2024-12-13 08:00:00+00:00
[2024-12-13T11:09:07.608+0000] {processor.py:208} INFO - Processing /opt/bitnami/airflow/venv/lib/python3.12/site-packages/airflow/example_dags/example_latest_only.py took 0.227 seconds
[2024-12-13T11:13:45.374+0000] {processor.py:186} INFO - Started process (PID=84) to work on /opt/bitnami/airflow/venv/lib/python3.12/site-packages/airflow/example_dags/example_latest_only.py
[2024-12-13T11:13:45.375+0000] {processor.py:914} INFO - Processing file /opt/bitnami/airflow/venv/lib/python3.12/site-packages/airflow/example_dags/example_latest_only.py for tasks to queue
[2024-12-13T11:13:45.378+0000] {logging_mixin.py:190} INFO - [2024-12-13T11:13:45.378+0000] {dagbag.py:588} INFO - Filling up the DagBag from /opt/bitnami/airflow/venv/lib/python3.12/site-packages/airflow/example_dags/example_latest_only.py
[2024-12-13T11:13:45.385+0000] {processor.py:925} INFO - DAG(s) 'latest_only' retrieved from /opt/bitnami/airflow/venv/lib/python3.12/site-packages/airflow/example_dags/example_latest_only.py
[2024-12-13T11:13:45.436+0000] {logging_mixin.py:190} INFO - [2024-12-13T11:13:45.434+0000] {dag.py:3239} INFO - Sync 1 DAGs
[2024-12-13T11:13:45.483+0000] {logging_mixin.py:190} INFO - [2024-12-13T11:13:45.482+0000] {dag.py:4180} INFO - Setting next_dagrun for latest_only to 2024-12-13 04:00:00+00:00, run_after=2024-12-13 08:00:00+00:00
[2024-12-13T11:13:45.511+0000] {processor.py:208} INFO - Processing /opt/bitnami/airflow/venv/lib/python3.12/site-packages/airflow/example_dags/example_latest_only.py took 0.143 seconds
[2024-12-13T11:14:15.736+0000] {processor.py:186} INFO - Started process (PID=141) to work on /opt/bitnami/airflow/venv/lib/python3.12/site-packages/airflow/example_dags/example_latest_only.py
[2024-12-13T11:14:15.737+0000] {processor.py:914} INFO - Processing file /opt/bitnami/airflow/venv/lib/python3.12/site-packages/airflow/example_dags/example_latest_only.py for tasks to queue
[2024-12-13T11:14:15.739+0000] {logging_mixin.py:190} INFO - [2024-12-13T11:14:15.739+0000] {dagbag.py:588} INFO - Filling up the DagBag from /opt/bitnami/airflow/venv/lib/python3.12/site-packages/airflow/example_dags/example_latest_only.py
[2024-12-13T11:14:15.744+0000] {processor.py:925} INFO - DAG(s) 'latest_only' retrieved from /opt/bitnami/airflow/venv/lib/python3.12/site-packages/airflow/example_dags/example_latest_only.py
[2024-12-13T11:14:15.801+0000] {logging_mixin.py:190} INFO - [2024-12-13T11:14:15.800+0000] {dag.py:3239} INFO - Sync 1 DAGs
[2024-12-13T11:14:15.840+0000] {logging_mixin.py:190} INFO - [2024-12-13T11:14:15.839+0000] {dag.py:4180} INFO - Setting next_dagrun for latest_only to 2024-12-13 04:00:00+00:00, run_after=2024-12-13 08:00:00+00:00
[2024-12-13T11:14:15.876+0000] {processor.py:208} INFO - Processing /opt/bitnami/airflow/venv/lib/python3.12/site-packages/airflow/example_dags/example_latest_only.py took 0.144 seconds
[2024-12-13T11:14:50.035+0000] {processor.py:186} INFO - Started process (PID=198) to work on /opt/bitnami/airflow/venv/lib/python3.12/site-packages/airflow/example_dags/example_latest_only.py
[2024-12-13T11:14:50.037+0000] {processor.py:914} INFO - Processing file /opt/bitnami/airflow/venv/lib/python3.12/site-packages/airflow/example_dags/example_latest_only.py for tasks to queue
[2024-12-13T11:14:50.040+0000] {logging_mixin.py:190} INFO - [2024-12-13T11:14:50.039+0000] {dagbag.py:588} INFO - Filling up the DagBag from /opt/bitnami/airflow/venv/lib/python3.12/site-packages/airflow/example_dags/example_latest_only.py
[2024-12-13T11:14:50.047+0000] {processor.py:925} INFO - DAG(s) 'latest_only' retrieved from /opt/bitnami/airflow/venv/lib/python3.12/site-packages/airflow/example_dags/example_latest_only.py
[2024-12-13T11:14:50.181+0000] {logging_mixin.py:190} INFO - [2024-12-13T11:14:50.181+0000] {dag.py:3239} INFO - Sync 1 DAGs
[2024-12-13T11:14:50.233+0000] {logging_mixin.py:190} INFO - [2024-12-13T11:14:50.233+0000] {dag.py:4180} INFO - Setting next_dagrun for latest_only to 2024-12-13 04:00:00+00:00, run_after=2024-12-13 08:00:00+00:00
[2024-12-13T11:14:50.274+0000] {processor.py:208} INFO - Processing /opt/bitnami/airflow/venv/lib/python3.12/site-packages/airflow/example_dags/example_latest_only.py took 0.248 seconds
[2024-12-13T11:15:20.591+0000] {processor.py:186} INFO - Started process (PID=255) to work on /opt/bitnami/airflow/venv/lib/python3.12/site-packages/airflow/example_dags/example_latest_only.py
[2024-12-13T11:15:20.592+0000] {processor.py:914} INFO - Processing file /opt/bitnami/airflow/venv/lib/python3.12/site-packages/airflow/example_dags/example_latest_only.py for tasks to queue
[2024-12-13T11:15:20.594+0000] {logging_mixin.py:190} INFO - [2024-12-13T11:15:20.594+0000] {dagbag.py:588} INFO - Filling up the DagBag from /opt/bitnami/airflow/venv/lib/python3.12/site-packages/airflow/example_dags/example_latest_only.py
[2024-12-13T11:15:20.598+0000] {processor.py:925} INFO - DAG(s) 'latest_only' retrieved from /opt/bitnami/airflow/venv/lib/python3.12/site-packages/airflow/example_dags/example_latest_only.py
[2024-12-13T11:15:20.645+0000] {logging_mixin.py:190} INFO - [2024-12-13T11:15:20.645+0000] {dag.py:3239} INFO - Sync 1 DAGs
[2024-12-13T11:15:20.679+0000] {logging_mixin.py:190} INFO - [2024-12-13T11:15:20.679+0000] {dag.py:4180} INFO - Setting next_dagrun for latest_only to 2024-12-13 04:00:00+00:00, run_after=2024-12-13 08:00:00+00:00
[2024-12-13T11:15:20.701+0000] {processor.py:208} INFO - Processing /opt/bitnami/airflow/venv/lib/python3.12/site-packages/airflow/example_dags/example_latest_only.py took 0.114 seconds
[2024-12-13T11:57:09.650+0000] {processor.py:186} INFO - Started process (PID=84) to work on /opt/bitnami/airflow/venv/lib/python3.12/site-packages/airflow/example_dags/example_latest_only.py
[2024-12-13T11:57:09.651+0000] {processor.py:914} INFO - Processing file /opt/bitnami/airflow/venv/lib/python3.12/site-packages/airflow/example_dags/example_latest_only.py for tasks to queue
[2024-12-13T11:57:09.653+0000] {logging_mixin.py:190} INFO - [2024-12-13T11:57:09.653+0000] {dagbag.py:588} INFO - Filling up the DagBag from /opt/bitnami/airflow/venv/lib/python3.12/site-packages/airflow/example_dags/example_latest_only.py
[2024-12-13T11:57:09.657+0000] {processor.py:925} INFO - DAG(s) 'latest_only' retrieved from /opt/bitnami/airflow/venv/lib/python3.12/site-packages/airflow/example_dags/example_latest_only.py
[2024-12-13T11:57:09.686+0000] {logging_mixin.py:190} INFO - [2024-12-13T11:57:09.685+0000] {dag.py:3239} INFO - Sync 1 DAGs
[2024-12-13T11:57:09.716+0000] {logging_mixin.py:190} INFO - [2024-12-13T11:57:09.716+0000] {dag.py:4180} INFO - Setting next_dagrun for latest_only to 2024-12-13 04:00:00+00:00, run_after=2024-12-13 08:00:00+00:00
[2024-12-13T11:57:09.735+0000] {processor.py:208} INFO - Processing /opt/bitnami/airflow/venv/lib/python3.12/site-packages/airflow/example_dags/example_latest_only.py took 0.089 seconds
[2024-12-13T11:57:41.067+0000] {processor.py:186} INFO - Started process (PID=141) to work on /opt/bitnami/airflow/venv/lib/python3.12/site-packages/airflow/example_dags/example_latest_only.py
[2024-12-13T11:57:41.068+0000] {processor.py:914} INFO - Processing file /opt/bitnami/airflow/venv/lib/python3.12/site-packages/airflow/example_dags/example_latest_only.py for tasks to queue
[2024-12-13T11:57:41.069+0000] {logging_mixin.py:190} INFO - [2024-12-13T11:57:41.069+0000] {dagbag.py:588} INFO - Filling up the DagBag from /opt/bitnami/airflow/venv/lib/python3.12/site-packages/airflow/example_dags/example_latest_only.py
[2024-12-13T11:57:41.073+0000] {processor.py:925} INFO - DAG(s) 'latest_only' retrieved from /opt/bitnami/airflow/venv/lib/python3.12/site-packages/airflow/example_dags/example_latest_only.py
[2024-12-13T11:57:41.107+0000] {logging_mixin.py:190} INFO - [2024-12-13T11:57:41.107+0000] {dag.py:3239} INFO - Sync 1 DAGs
[2024-12-13T11:57:41.141+0000] {logging_mixin.py:190} INFO - [2024-12-13T11:57:41.140+0000] {dag.py:4180} INFO - Setting next_dagrun for latest_only to 2024-12-13 04:00:00+00:00, run_after=2024-12-13 08:00:00+00:00
[2024-12-13T11:57:41.160+0000] {processor.py:208} INFO - Processing /opt/bitnami/airflow/venv/lib/python3.12/site-packages/airflow/example_dags/example_latest_only.py took 0.098 seconds
[2024-12-13T11:58:35.516+0000] {processor.py:186} INFO - Started process (PID=84) to work on /opt/bitnami/airflow/venv/lib/python3.12/site-packages/airflow/example_dags/example_latest_only.py
[2024-12-13T11:58:35.517+0000] {processor.py:914} INFO - Processing file /opt/bitnami/airflow/venv/lib/python3.12/site-packages/airflow/example_dags/example_latest_only.py for tasks to queue
[2024-12-13T11:58:35.519+0000] {logging_mixin.py:190} INFO - [2024-12-13T11:58:35.519+0000] {dagbag.py:588} INFO - Filling up the DagBag from /opt/bitnami/airflow/venv/lib/python3.12/site-packages/airflow/example_dags/example_latest_only.py
[2024-12-13T11:58:35.523+0000] {processor.py:925} INFO - DAG(s) 'latest_only' retrieved from /opt/bitnami/airflow/venv/lib/python3.12/site-packages/airflow/example_dags/example_latest_only.py
[2024-12-13T11:58:35.552+0000] {logging_mixin.py:190} INFO - [2024-12-13T11:58:35.551+0000] {dag.py:3239} INFO - Sync 1 DAGs
[2024-12-13T11:58:35.581+0000] {logging_mixin.py:190} INFO - [2024-12-13T11:58:35.581+0000] {dag.py:4180} INFO - Setting next_dagrun for latest_only to 2024-12-13 04:00:00+00:00, run_after=2024-12-13 08:00:00+00:00
[2024-12-13T11:58:35.601+0000] {processor.py:208} INFO - Processing /opt/bitnami/airflow/venv/lib/python3.12/site-packages/airflow/example_dags/example_latest_only.py took 0.089 seconds
[2024-12-13T11:59:06.852+0000] {processor.py:186} INFO - Started process (PID=141) to work on /opt/bitnami/airflow/venv/lib/python3.12/site-packages/airflow/example_dags/example_latest_only.py
[2024-12-13T11:59:06.853+0000] {processor.py:914} INFO - Processing file /opt/bitnami/airflow/venv/lib/python3.12/site-packages/airflow/example_dags/example_latest_only.py for tasks to queue
[2024-12-13T11:59:06.856+0000] {logging_mixin.py:190} INFO - [2024-12-13T11:59:06.856+0000] {dagbag.py:588} INFO - Filling up the DagBag from /opt/bitnami/airflow/venv/lib/python3.12/site-packages/airflow/example_dags/example_latest_only.py
[2024-12-13T11:59:06.862+0000] {processor.py:925} INFO - DAG(s) 'latest_only' retrieved from /opt/bitnami/airflow/venv/lib/python3.12/site-packages/airflow/example_dags/example_latest_only.py
[2024-12-13T11:59:06.908+0000] {logging_mixin.py:190} INFO - [2024-12-13T11:59:06.907+0000] {dag.py:3239} INFO - Sync 1 DAGs
[2024-12-13T11:59:06.941+0000] {logging_mixin.py:190} INFO - [2024-12-13T11:59:06.941+0000] {dag.py:4180} INFO - Setting next_dagrun for latest_only to 2024-12-13 04:00:00+00:00, run_after=2024-12-13 08:00:00+00:00
[2024-12-13T11:59:06.975+0000] {processor.py:208} INFO - Processing /opt/bitnami/airflow/venv/lib/python3.12/site-packages/airflow/example_dags/example_latest_only.py took 0.129 seconds
[2024-12-13T11:59:37.969+0000] {processor.py:186} INFO - Started process (PID=198) to work on /opt/bitnami/airflow/venv/lib/python3.12/site-packages/airflow/example_dags/example_latest_only.py
[2024-12-13T11:59:37.970+0000] {processor.py:914} INFO - Processing file /opt/bitnami/airflow/venv/lib/python3.12/site-packages/airflow/example_dags/example_latest_only.py for tasks to queue
[2024-12-13T11:59:37.973+0000] {logging_mixin.py:190} INFO - [2024-12-13T11:59:37.972+0000] {dagbag.py:588} INFO - Filling up the DagBag from /opt/bitnami/airflow/venv/lib/python3.12/site-packages/airflow/example_dags/example_latest_only.py
[2024-12-13T11:59:37.977+0000] {processor.py:925} INFO - DAG(s) 'latest_only' retrieved from /opt/bitnami/airflow/venv/lib/python3.12/site-packages/airflow/example_dags/example_latest_only.py
[2024-12-13T11:59:38.062+0000] {logging_mixin.py:190} INFO - [2024-12-13T11:59:38.062+0000] {dag.py:3239} INFO - Sync 1 DAGs
[2024-12-13T11:59:38.092+0000] {logging_mixin.py:190} INFO - [2024-12-13T11:59:38.092+0000] {dag.py:4180} INFO - Setting next_dagrun for latest_only to 2024-12-13 04:00:00+00:00, run_after=2024-12-13 08:00:00+00:00
[2024-12-13T11:59:38.116+0000] {processor.py:208} INFO - Processing /opt/bitnami/airflow/venv/lib/python3.12/site-packages/airflow/example_dags/example_latest_only.py took 0.151 seconds
[2024-12-13T12:00:09.021+0000] {processor.py:186} INFO - Started process (PID=255) to work on /opt/bitnami/airflow/venv/lib/python3.12/site-packages/airflow/example_dags/example_latest_only.py
[2024-12-13T12:00:09.022+0000] {processor.py:914} INFO - Processing file /opt/bitnami/airflow/venv/lib/python3.12/site-packages/airflow/example_dags/example_latest_only.py for tasks to queue
[2024-12-13T12:00:09.024+0000] {logging_mixin.py:190} INFO - [2024-12-13T12:00:09.023+0000] {dagbag.py:588} INFO - Filling up the DagBag from /opt/bitnami/airflow/venv/lib/python3.12/site-packages/airflow/example_dags/example_latest_only.py
[2024-12-13T12:00:09.027+0000] {processor.py:925} INFO - DAG(s) 'latest_only' retrieved from /opt/bitnami/airflow/venv/lib/python3.12/site-packages/airflow/example_dags/example_latest_only.py
[2024-12-13T12:00:09.056+0000] {logging_mixin.py:190} INFO - [2024-12-13T12:00:09.055+0000] {dag.py:3239} INFO - Sync 1 DAGs
[2024-12-13T12:00:09.083+0000] {logging_mixin.py:190} INFO - [2024-12-13T12:00:09.083+0000] {dag.py:4180} INFO - Setting next_dagrun for latest_only to 2024-12-13 08:00:00+00:00, run_after=2024-12-13 12:00:00+00:00
[2024-12-13T12:00:09.112+0000] {processor.py:208} INFO - Processing /opt/bitnami/airflow/venv/lib/python3.12/site-packages/airflow/example_dags/example_latest_only.py took 0.097 seconds
[2024-12-13T12:00:39.881+0000] {processor.py:186} INFO - Started process (PID=312) to work on /opt/bitnami/airflow/venv/lib/python3.12/site-packages/airflow/example_dags/example_latest_only.py
[2024-12-13T12:00:39.882+0000] {processor.py:914} INFO - Processing file /opt/bitnami/airflow/venv/lib/python3.12/site-packages/airflow/example_dags/example_latest_only.py for tasks to queue
[2024-12-13T12:00:39.885+0000] {logging_mixin.py:190} INFO - [2024-12-13T12:00:39.884+0000] {dagbag.py:588} INFO - Filling up the DagBag from /opt/bitnami/airflow/venv/lib/python3.12/site-packages/airflow/example_dags/example_latest_only.py
[2024-12-13T12:00:39.889+0000] {processor.py:925} INFO - DAG(s) 'latest_only' retrieved from /opt/bitnami/airflow/venv/lib/python3.12/site-packages/airflow/example_dags/example_latest_only.py
[2024-12-13T12:00:39.921+0000] {logging_mixin.py:190} INFO - [2024-12-13T12:00:39.921+0000] {dag.py:3239} INFO - Sync 1 DAGs
[2024-12-13T12:00:39.951+0000] {logging_mixin.py:190} INFO - [2024-12-13T12:00:39.951+0000] {dag.py:4180} INFO - Setting next_dagrun for latest_only to 2024-12-13 08:00:00+00:00, run_after=2024-12-13 12:00:00+00:00
[2024-12-13T12:00:39.973+0000] {processor.py:208} INFO - Processing /opt/bitnami/airflow/venv/lib/python3.12/site-packages/airflow/example_dags/example_latest_only.py took 0.097 seconds
[2024-12-13T12:01:10.354+0000] {processor.py:186} INFO - Started process (PID=369) to work on /opt/bitnami/airflow/venv/lib/python3.12/site-packages/airflow/example_dags/example_latest_only.py
[2024-12-13T12:01:10.355+0000] {processor.py:914} INFO - Processing file /opt/bitnami/airflow/venv/lib/python3.12/site-packages/airflow/example_dags/example_latest_only.py for tasks to queue
[2024-12-13T12:01:10.357+0000] {logging_mixin.py:190} INFO - [2024-12-13T12:01:10.356+0000] {dagbag.py:588} INFO - Filling up the DagBag from /opt/bitnami/airflow/venv/lib/python3.12/site-packages/airflow/example_dags/example_latest_only.py
[2024-12-13T12:01:10.361+0000] {processor.py:925} INFO - DAG(s) 'latest_only' retrieved from /opt/bitnami/airflow/venv/lib/python3.12/site-packages/airflow/example_dags/example_latest_only.py
[2024-12-13T12:01:10.403+0000] {logging_mixin.py:190} INFO - [2024-12-13T12:01:10.403+0000] {dag.py:3239} INFO - Sync 1 DAGs
[2024-12-13T12:01:10.433+0000] {logging_mixin.py:190} INFO - [2024-12-13T12:01:10.433+0000] {dag.py:4180} INFO - Setting next_dagrun for latest_only to 2024-12-13 08:00:00+00:00, run_after=2024-12-13 12:00:00+00:00
[2024-12-13T12:01:10.454+0000] {processor.py:208} INFO - Processing /opt/bitnami/airflow/venv/lib/python3.12/site-packages/airflow/example_dags/example_latest_only.py took 0.105 seconds
[2024-12-13T12:01:41.180+0000] {processor.py:186} INFO - Started process (PID=426) to work on /opt/bitnami/airflow/venv/lib/python3.12/site-packages/airflow/example_dags/example_latest_only.py
[2024-12-13T12:01:41.181+0000] {processor.py:914} INFO - Processing file /opt/bitnami/airflow/venv/lib/python3.12/site-packages/airflow/example_dags/example_latest_only.py for tasks to queue
[2024-12-13T12:01:41.183+0000] {logging_mixin.py:190} INFO - [2024-12-13T12:01:41.182+0000] {dagbag.py:588} INFO - Filling up the DagBag from /opt/bitnami/airflow/venv/lib/python3.12/site-packages/airflow/example_dags/example_latest_only.py
[2024-12-13T12:01:41.187+0000] {processor.py:925} INFO - DAG(s) 'latest_only' retrieved from /opt/bitnami/airflow/venv/lib/python3.12/site-packages/airflow/example_dags/example_latest_only.py
[2024-12-13T12:01:41.226+0000] {logging_mixin.py:190} INFO - [2024-12-13T12:01:41.226+0000] {dag.py:3239} INFO - Sync 1 DAGs
[2024-12-13T12:01:41.255+0000] {logging_mixin.py:190} INFO - [2024-12-13T12:01:41.255+0000] {dag.py:4180} INFO - Setting next_dagrun for latest_only to 2024-12-13 08:00:00+00:00, run_after=2024-12-13 12:00:00+00:00
[2024-12-13T12:01:41.275+0000] {processor.py:208} INFO - Processing /opt/bitnami/airflow/venv/lib/python3.12/site-packages/airflow/example_dags/example_latest_only.py took 0.100 seconds
[2024-12-13T12:02:11.856+0000] {processor.py:186} INFO - Started process (PID=483) to work on /opt/bitnami/airflow/venv/lib/python3.12/site-packages/airflow/example_dags/example_latest_only.py
[2024-12-13T12:02:11.856+0000] {processor.py:914} INFO - Processing file /opt/bitnami/airflow/venv/lib/python3.12/site-packages/airflow/example_dags/example_latest_only.py for tasks to queue
[2024-12-13T12:02:11.858+0000] {logging_mixin.py:190} INFO - [2024-12-13T12:02:11.858+0000] {dagbag.py:588} INFO - Filling up the DagBag from /opt/bitnami/airflow/venv/lib/python3.12/site-packages/airflow/example_dags/example_latest_only.py
[2024-12-13T12:02:11.863+0000] {processor.py:925} INFO - DAG(s) 'latest_only' retrieved from /opt/bitnami/airflow/venv/lib/python3.12/site-packages/airflow/example_dags/example_latest_only.py
[2024-12-13T12:02:11.893+0000] {logging_mixin.py:190} INFO - [2024-12-13T12:02:11.892+0000] {dag.py:3239} INFO - Sync 1 DAGs
[2024-12-13T12:02:11.919+0000] {logging_mixin.py:190} INFO - [2024-12-13T12:02:11.919+0000] {dag.py:4180} INFO - Setting next_dagrun for latest_only to 2024-12-13 08:00:00+00:00, run_after=2024-12-13 12:00:00+00:00
[2024-12-13T12:02:11.941+0000] {processor.py:208} INFO - Processing /opt/bitnami/airflow/venv/lib/python3.12/site-packages/airflow/example_dags/example_latest_only.py took 0.090 seconds
