[2024-12-13T08:19:44.908+0000] {processor.py:186} INFO - Started process (PID=69) to work on /opt/bitnami/airflow/venv/lib/python3.12/site-packages/airflow/example_dags/example_dag_decorator.py
[2024-12-13T08:19:44.909+0000] {processor.py:914} INFO - Processing file /opt/bitnami/airflow/venv/lib/python3.12/site-packages/airflow/example_dags/example_dag_decorator.py for tasks to queue
[2024-12-13T08:19:44.911+0000] {logging_mixin.py:190} INFO - [2024-12-13T08:19:44.911+0000] {dagbag.py:588} INFO - Filling up the DagBag from /opt/bitnami/airflow/venv/lib/python3.12/site-packages/airflow/example_dags/example_dag_decorator.py
[2024-12-13T08:19:44.919+0000] {processor.py:925} INFO - DAG(s) 'example_dag_decorator' retrieved from /opt/bitnami/airflow/venv/lib/python3.12/site-packages/airflow/example_dags/example_dag_decorator.py
[2024-12-13T08:19:45.002+0000] {logging_mixin.py:190} INFO - [2024-12-13T08:19:45.001+0000] {dag.py:3239} INFO - Sync 1 DAGs
[2024-12-13T08:19:45.025+0000] {logging_mixin.py:190} INFO - [2024-12-13T08:19:45.025+0000] {dag.py:4180} INFO - Setting next_dagrun for example_dag_decorator to None, run_after=None
[2024-12-13T08:19:45.052+0000] {processor.py:208} INFO - Processing /opt/bitnami/airflow/venv/lib/python3.12/site-packages/airflow/example_dags/example_dag_decorator.py took 0.149 seconds
[2024-12-13T08:20:15.233+0000] {processor.py:186} INFO - Started process (PID=126) to work on /opt/bitnami/airflow/venv/lib/python3.12/site-packages/airflow/example_dags/example_dag_decorator.py
[2024-12-13T08:20:15.234+0000] {processor.py:914} INFO - Processing file /opt/bitnami/airflow/venv/lib/python3.12/site-packages/airflow/example_dags/example_dag_decorator.py for tasks to queue
[2024-12-13T08:20:15.236+0000] {logging_mixin.py:190} INFO - [2024-12-13T08:20:15.236+0000] {dagbag.py:588} INFO - Filling up the DagBag from /opt/bitnami/airflow/venv/lib/python3.12/site-packages/airflow/example_dags/example_dag_decorator.py
[2024-12-13T08:20:15.245+0000] {processor.py:925} INFO - DAG(s) 'example_dag_decorator' retrieved from /opt/bitnami/airflow/venv/lib/python3.12/site-packages/airflow/example_dags/example_dag_decorator.py
[2024-12-13T08:20:15.323+0000] {logging_mixin.py:190} INFO - [2024-12-13T08:20:15.322+0000] {dag.py:3239} INFO - Sync 1 DAGs
[2024-12-13T08:20:15.341+0000] {logging_mixin.py:190} INFO - [2024-12-13T08:20:15.340+0000] {dag.py:4180} INFO - Setting next_dagrun for example_dag_decorator to None, run_after=None
[2024-12-13T08:20:15.360+0000] {processor.py:208} INFO - Processing /opt/bitnami/airflow/venv/lib/python3.12/site-packages/airflow/example_dags/example_dag_decorator.py took 0.132 seconds
[2024-12-13T08:20:45.759+0000] {processor.py:186} INFO - Started process (PID=183) to work on /opt/bitnami/airflow/venv/lib/python3.12/site-packages/airflow/example_dags/example_dag_decorator.py
[2024-12-13T08:20:45.760+0000] {processor.py:914} INFO - Processing file /opt/bitnami/airflow/venv/lib/python3.12/site-packages/airflow/example_dags/example_dag_decorator.py for tasks to queue
[2024-12-13T08:20:45.762+0000] {logging_mixin.py:190} INFO - [2024-12-13T08:20:45.762+0000] {dagbag.py:588} INFO - Filling up the DagBag from /opt/bitnami/airflow/venv/lib/python3.12/site-packages/airflow/example_dags/example_dag_decorator.py
[2024-12-13T08:20:45.771+0000] {processor.py:925} INFO - DAG(s) 'example_dag_decorator' retrieved from /opt/bitnami/airflow/venv/lib/python3.12/site-packages/airflow/example_dags/example_dag_decorator.py
[2024-12-13T08:20:45.814+0000] {logging_mixin.py:190} INFO - [2024-12-13T08:20:45.813+0000] {dag.py:3239} INFO - Sync 1 DAGs
[2024-12-13T08:20:45.842+0000] {logging_mixin.py:190} INFO - [2024-12-13T08:20:45.842+0000] {dag.py:4180} INFO - Setting next_dagrun for example_dag_decorator to None, run_after=None
[2024-12-13T08:20:45.883+0000] {processor.py:208} INFO - Processing /opt/bitnami/airflow/venv/lib/python3.12/site-packages/airflow/example_dags/example_dag_decorator.py took 0.129 seconds
[2024-12-13T08:21:16.612+0000] {processor.py:186} INFO - Started process (PID=240) to work on /opt/bitnami/airflow/venv/lib/python3.12/site-packages/airflow/example_dags/example_dag_decorator.py
[2024-12-13T08:21:16.613+0000] {processor.py:914} INFO - Processing file /opt/bitnami/airflow/venv/lib/python3.12/site-packages/airflow/example_dags/example_dag_decorator.py for tasks to queue
[2024-12-13T08:21:16.614+0000] {logging_mixin.py:190} INFO - [2024-12-13T08:21:16.614+0000] {dagbag.py:588} INFO - Filling up the DagBag from /opt/bitnami/airflow/venv/lib/python3.12/site-packages/airflow/example_dags/example_dag_decorator.py
[2024-12-13T08:21:16.623+0000] {processor.py:925} INFO - DAG(s) 'example_dag_decorator' retrieved from /opt/bitnami/airflow/venv/lib/python3.12/site-packages/airflow/example_dags/example_dag_decorator.py
[2024-12-13T08:21:16.696+0000] {logging_mixin.py:190} INFO - [2024-12-13T08:21:16.696+0000] {dag.py:3239} INFO - Sync 1 DAGs
[2024-12-13T08:21:16.713+0000] {logging_mixin.py:190} INFO - [2024-12-13T08:21:16.713+0000] {dag.py:4180} INFO - Setting next_dagrun for example_dag_decorator to None, run_after=None
[2024-12-13T08:21:16.733+0000] {processor.py:208} INFO - Processing /opt/bitnami/airflow/venv/lib/python3.12/site-packages/airflow/example_dags/example_dag_decorator.py took 0.126 seconds
[2024-12-13T08:21:47.634+0000] {processor.py:186} INFO - Started process (PID=297) to work on /opt/bitnami/airflow/venv/lib/python3.12/site-packages/airflow/example_dags/example_dag_decorator.py
[2024-12-13T08:21:47.635+0000] {processor.py:914} INFO - Processing file /opt/bitnami/airflow/venv/lib/python3.12/site-packages/airflow/example_dags/example_dag_decorator.py for tasks to queue
[2024-12-13T08:21:47.638+0000] {logging_mixin.py:190} INFO - [2024-12-13T08:21:47.637+0000] {dagbag.py:588} INFO - Filling up the DagBag from /opt/bitnami/airflow/venv/lib/python3.12/site-packages/airflow/example_dags/example_dag_decorator.py
[2024-12-13T08:21:47.648+0000] {processor.py:925} INFO - DAG(s) 'example_dag_decorator' retrieved from /opt/bitnami/airflow/venv/lib/python3.12/site-packages/airflow/example_dags/example_dag_decorator.py
[2024-12-13T08:21:47.734+0000] {logging_mixin.py:190} INFO - [2024-12-13T08:21:47.733+0000] {dag.py:3239} INFO - Sync 1 DAGs
[2024-12-13T08:21:47.748+0000] {logging_mixin.py:190} INFO - [2024-12-13T08:21:47.748+0000] {dag.py:4180} INFO - Setting next_dagrun for example_dag_decorator to None, run_after=None
[2024-12-13T08:21:47.766+0000] {processor.py:208} INFO - Processing /opt/bitnami/airflow/venv/lib/python3.12/site-packages/airflow/example_dags/example_dag_decorator.py took 0.138 seconds
[2024-12-13T08:22:17.942+0000] {processor.py:186} INFO - Started process (PID=354) to work on /opt/bitnami/airflow/venv/lib/python3.12/site-packages/airflow/example_dags/example_dag_decorator.py
[2024-12-13T08:22:17.943+0000] {processor.py:914} INFO - Processing file /opt/bitnami/airflow/venv/lib/python3.12/site-packages/airflow/example_dags/example_dag_decorator.py for tasks to queue
[2024-12-13T08:22:17.945+0000] {logging_mixin.py:190} INFO - [2024-12-13T08:22:17.944+0000] {dagbag.py:588} INFO - Filling up the DagBag from /opt/bitnami/airflow/venv/lib/python3.12/site-packages/airflow/example_dags/example_dag_decorator.py
[2024-12-13T08:22:17.952+0000] {processor.py:925} INFO - DAG(s) 'example_dag_decorator' retrieved from /opt/bitnami/airflow/venv/lib/python3.12/site-packages/airflow/example_dags/example_dag_decorator.py
[2024-12-13T08:22:18.028+0000] {logging_mixin.py:190} INFO - [2024-12-13T08:22:18.027+0000] {dag.py:3239} INFO - Sync 1 DAGs
[2024-12-13T08:22:18.051+0000] {logging_mixin.py:190} INFO - [2024-12-13T08:22:18.051+0000] {dag.py:4180} INFO - Setting next_dagrun for example_dag_decorator to None, run_after=None
[2024-12-13T08:22:18.089+0000] {processor.py:208} INFO - Processing /opt/bitnami/airflow/venv/lib/python3.12/site-packages/airflow/example_dags/example_dag_decorator.py took 0.152 seconds
[2024-12-13T08:22:48.771+0000] {processor.py:186} INFO - Started process (PID=411) to work on /opt/bitnami/airflow/venv/lib/python3.12/site-packages/airflow/example_dags/example_dag_decorator.py
[2024-12-13T08:22:48.772+0000] {processor.py:914} INFO - Processing file /opt/bitnami/airflow/venv/lib/python3.12/site-packages/airflow/example_dags/example_dag_decorator.py for tasks to queue
[2024-12-13T08:22:48.774+0000] {logging_mixin.py:190} INFO - [2024-12-13T08:22:48.774+0000] {dagbag.py:588} INFO - Filling up the DagBag from /opt/bitnami/airflow/venv/lib/python3.12/site-packages/airflow/example_dags/example_dag_decorator.py
[2024-12-13T08:22:48.782+0000] {processor.py:925} INFO - DAG(s) 'example_dag_decorator' retrieved from /opt/bitnami/airflow/venv/lib/python3.12/site-packages/airflow/example_dags/example_dag_decorator.py
[2024-12-13T08:22:48.856+0000] {logging_mixin.py:190} INFO - [2024-12-13T08:22:48.856+0000] {dag.py:3239} INFO - Sync 1 DAGs
[2024-12-13T08:22:48.871+0000] {logging_mixin.py:190} INFO - [2024-12-13T08:22:48.871+0000] {dag.py:4180} INFO - Setting next_dagrun for example_dag_decorator to None, run_after=None
[2024-12-13T08:22:48.889+0000] {processor.py:208} INFO - Processing /opt/bitnami/airflow/venv/lib/python3.12/site-packages/airflow/example_dags/example_dag_decorator.py took 0.123 seconds
[2024-12-13T08:25:45.929+0000] {processor.py:186} INFO - Started process (PID=69) to work on /opt/bitnami/airflow/venv/lib/python3.12/site-packages/airflow/example_dags/example_dag_decorator.py
[2024-12-13T08:25:45.930+0000] {processor.py:914} INFO - Processing file /opt/bitnami/airflow/venv/lib/python3.12/site-packages/airflow/example_dags/example_dag_decorator.py for tasks to queue
[2024-12-13T08:25:45.932+0000] {logging_mixin.py:190} INFO - [2024-12-13T08:25:45.932+0000] {dagbag.py:588} INFO - Filling up the DagBag from /opt/bitnami/airflow/venv/lib/python3.12/site-packages/airflow/example_dags/example_dag_decorator.py
[2024-12-13T08:25:45.939+0000] {processor.py:925} INFO - DAG(s) 'example_dag_decorator' retrieved from /opt/bitnami/airflow/venv/lib/python3.12/site-packages/airflow/example_dags/example_dag_decorator.py
[2024-12-13T08:25:46.028+0000] {logging_mixin.py:190} INFO - [2024-12-13T08:25:46.028+0000] {dag.py:3239} INFO - Sync 1 DAGs
[2024-12-13T08:25:46.046+0000] {logging_mixin.py:190} INFO - [2024-12-13T08:25:46.046+0000] {dag.py:4180} INFO - Setting next_dagrun for example_dag_decorator to None, run_after=None
[2024-12-13T08:25:46.072+0000] {processor.py:208} INFO - Processing /opt/bitnami/airflow/venv/lib/python3.12/site-packages/airflow/example_dags/example_dag_decorator.py took 0.148 seconds
[2024-12-13T08:26:16.373+0000] {processor.py:186} INFO - Started process (PID=126) to work on /opt/bitnami/airflow/venv/lib/python3.12/site-packages/airflow/example_dags/example_dag_decorator.py
[2024-12-13T08:26:16.374+0000] {processor.py:914} INFO - Processing file /opt/bitnami/airflow/venv/lib/python3.12/site-packages/airflow/example_dags/example_dag_decorator.py for tasks to queue
[2024-12-13T08:26:16.375+0000] {logging_mixin.py:190} INFO - [2024-12-13T08:26:16.375+0000] {dagbag.py:588} INFO - Filling up the DagBag from /opt/bitnami/airflow/venv/lib/python3.12/site-packages/airflow/example_dags/example_dag_decorator.py
[2024-12-13T08:26:16.383+0000] {processor.py:925} INFO - DAG(s) 'example_dag_decorator' retrieved from /opt/bitnami/airflow/venv/lib/python3.12/site-packages/airflow/example_dags/example_dag_decorator.py
[2024-12-13T08:26:16.454+0000] {logging_mixin.py:190} INFO - [2024-12-13T08:26:16.454+0000] {dag.py:3239} INFO - Sync 1 DAGs
[2024-12-13T08:26:16.470+0000] {logging_mixin.py:190} INFO - [2024-12-13T08:26:16.469+0000] {dag.py:4180} INFO - Setting next_dagrun for example_dag_decorator to None, run_after=None
[2024-12-13T08:26:16.487+0000] {processor.py:208} INFO - Processing /opt/bitnami/airflow/venv/lib/python3.12/site-packages/airflow/example_dags/example_dag_decorator.py took 0.118 seconds
[2024-12-13T08:26:48.347+0000] {processor.py:186} INFO - Started process (PID=183) to work on /opt/bitnami/airflow/venv/lib/python3.12/site-packages/airflow/example_dags/example_dag_decorator.py
[2024-12-13T08:26:48.348+0000] {processor.py:914} INFO - Processing file /opt/bitnami/airflow/venv/lib/python3.12/site-packages/airflow/example_dags/example_dag_decorator.py for tasks to queue
[2024-12-13T08:26:48.350+0000] {logging_mixin.py:190} INFO - [2024-12-13T08:26:48.349+0000] {dagbag.py:588} INFO - Filling up the DagBag from /opt/bitnami/airflow/venv/lib/python3.12/site-packages/airflow/example_dags/example_dag_decorator.py
[2024-12-13T08:26:48.357+0000] {processor.py:925} INFO - DAG(s) 'example_dag_decorator' retrieved from /opt/bitnami/airflow/venv/lib/python3.12/site-packages/airflow/example_dags/example_dag_decorator.py
[2024-12-13T08:26:48.446+0000] {logging_mixin.py:190} INFO - [2024-12-13T08:26:48.445+0000] {dag.py:3239} INFO - Sync 1 DAGs
[2024-12-13T08:26:48.466+0000] {logging_mixin.py:190} INFO - [2024-12-13T08:26:48.466+0000] {dag.py:4180} INFO - Setting next_dagrun for example_dag_decorator to None, run_after=None
[2024-12-13T08:26:48.493+0000] {processor.py:208} INFO - Processing /opt/bitnami/airflow/venv/lib/python3.12/site-packages/airflow/example_dags/example_dag_decorator.py took 0.151 seconds
[2024-12-13T08:27:19.411+0000] {processor.py:186} INFO - Started process (PID=240) to work on /opt/bitnami/airflow/venv/lib/python3.12/site-packages/airflow/example_dags/example_dag_decorator.py
[2024-12-13T08:27:19.412+0000] {processor.py:914} INFO - Processing file /opt/bitnami/airflow/venv/lib/python3.12/site-packages/airflow/example_dags/example_dag_decorator.py for tasks to queue
[2024-12-13T08:27:19.414+0000] {logging_mixin.py:190} INFO - [2024-12-13T08:27:19.414+0000] {dagbag.py:588} INFO - Filling up the DagBag from /opt/bitnami/airflow/venv/lib/python3.12/site-packages/airflow/example_dags/example_dag_decorator.py
[2024-12-13T08:27:19.422+0000] {processor.py:925} INFO - DAG(s) 'example_dag_decorator' retrieved from /opt/bitnami/airflow/venv/lib/python3.12/site-packages/airflow/example_dags/example_dag_decorator.py
[2024-12-13T08:27:19.454+0000] {logging_mixin.py:190} INFO - [2024-12-13T08:27:19.454+0000] {dag.py:3239} INFO - Sync 1 DAGs
[2024-12-13T08:27:19.471+0000] {logging_mixin.py:190} INFO - [2024-12-13T08:27:19.470+0000] {dag.py:4180} INFO - Setting next_dagrun for example_dag_decorator to None, run_after=None
[2024-12-13T08:27:19.487+0000] {processor.py:208} INFO - Processing /opt/bitnami/airflow/venv/lib/python3.12/site-packages/airflow/example_dags/example_dag_decorator.py took 0.081 seconds
[2024-12-13T10:42:39.234+0000] {processor.py:186} INFO - Started process (PID=69) to work on /opt/bitnami/airflow/venv/lib/python3.12/site-packages/airflow/example_dags/example_dag_decorator.py
[2024-12-13T10:42:39.236+0000] {processor.py:914} INFO - Processing file /opt/bitnami/airflow/venv/lib/python3.12/site-packages/airflow/example_dags/example_dag_decorator.py for tasks to queue
[2024-12-13T10:42:39.240+0000] {logging_mixin.py:190} INFO - [2024-12-13T10:42:39.239+0000] {dagbag.py:588} INFO - Filling up the DagBag from /opt/bitnami/airflow/venv/lib/python3.12/site-packages/airflow/example_dags/example_dag_decorator.py
[2024-12-13T10:42:39.251+0000] {processor.py:925} INFO - DAG(s) 'example_dag_decorator' retrieved from /opt/bitnami/airflow/venv/lib/python3.12/site-packages/airflow/example_dags/example_dag_decorator.py
[2024-12-13T10:42:39.375+0000] {logging_mixin.py:190} INFO - [2024-12-13T10:42:39.374+0000] {override.py:1900} INFO - Created Permission View: can read on DAG:example_dag_decorator
[2024-12-13T10:42:39.396+0000] {logging_mixin.py:190} INFO - [2024-12-13T10:42:39.395+0000] {override.py:1900} INFO - Created Permission View: can delete on DAG:example_dag_decorator
[2024-12-13T10:42:39.404+0000] {logging_mixin.py:190} INFO - [2024-12-13T10:42:39.403+0000] {override.py:1900} INFO - Created Permission View: can edit on DAG:example_dag_decorator
[2024-12-13T10:42:39.416+0000] {logging_mixin.py:190} INFO - [2024-12-13T10:42:39.416+0000] {override.py:1900} INFO - Created Permission View: can delete on DAG Run:example_dag_decorator
[2024-12-13T10:42:39.423+0000] {logging_mixin.py:190} INFO - [2024-12-13T10:42:39.423+0000] {override.py:1900} INFO - Created Permission View: can read on DAG Run:example_dag_decorator
[2024-12-13T10:42:39.432+0000] {logging_mixin.py:190} INFO - [2024-12-13T10:42:39.432+0000] {override.py:1900} INFO - Created Permission View: can create on DAG Run:example_dag_decorator
[2024-12-13T10:42:39.442+0000] {logging_mixin.py:190} INFO - [2024-12-13T10:42:39.442+0000] {override.py:1900} INFO - Created Permission View: menu access on DAG Run:example_dag_decorator
[2024-12-13T10:42:39.444+0000] {logging_mixin.py:190} INFO - [2024-12-13T10:42:39.443+0000] {dag.py:3239} INFO - Sync 1 DAGs
[2024-12-13T10:42:39.485+0000] {logging_mixin.py:190} INFO - [2024-12-13T10:42:39.485+0000] {dag.py:3262} INFO - Creating ORM DAG for example_dag_decorator
[2024-12-13T10:42:39.486+0000] {logging_mixin.py:190} INFO - [2024-12-13T10:42:39.486+0000] {dag.py:4180} INFO - Setting next_dagrun for example_dag_decorator to None, run_after=None
[2024-12-13T10:42:39.529+0000] {processor.py:208} INFO - Processing /opt/bitnami/airflow/venv/lib/python3.12/site-packages/airflow/example_dags/example_dag_decorator.py took 0.300 seconds
[2024-12-13T10:43:10.360+0000] {processor.py:186} INFO - Started process (PID=126) to work on /opt/bitnami/airflow/venv/lib/python3.12/site-packages/airflow/example_dags/example_dag_decorator.py
[2024-12-13T10:43:10.361+0000] {processor.py:914} INFO - Processing file /opt/bitnami/airflow/venv/lib/python3.12/site-packages/airflow/example_dags/example_dag_decorator.py for tasks to queue
[2024-12-13T10:43:10.363+0000] {logging_mixin.py:190} INFO - [2024-12-13T10:43:10.363+0000] {dagbag.py:588} INFO - Filling up the DagBag from /opt/bitnami/airflow/venv/lib/python3.12/site-packages/airflow/example_dags/example_dag_decorator.py
[2024-12-13T10:43:10.372+0000] {processor.py:925} INFO - DAG(s) 'example_dag_decorator' retrieved from /opt/bitnami/airflow/venv/lib/python3.12/site-packages/airflow/example_dags/example_dag_decorator.py
[2024-12-13T10:43:10.474+0000] {logging_mixin.py:190} INFO - [2024-12-13T10:43:10.473+0000] {dag.py:3239} INFO - Sync 1 DAGs
[2024-12-13T10:43:10.493+0000] {logging_mixin.py:190} INFO - [2024-12-13T10:43:10.493+0000] {dag.py:4180} INFO - Setting next_dagrun for example_dag_decorator to None, run_after=None
[2024-12-13T10:43:10.516+0000] {processor.py:208} INFO - Processing /opt/bitnami/airflow/venv/lib/python3.12/site-packages/airflow/example_dags/example_dag_decorator.py took 0.160 seconds
[2024-12-13T10:43:41.097+0000] {processor.py:186} INFO - Started process (PID=183) to work on /opt/bitnami/airflow/venv/lib/python3.12/site-packages/airflow/example_dags/example_dag_decorator.py
[2024-12-13T10:43:41.100+0000] {processor.py:914} INFO - Processing file /opt/bitnami/airflow/venv/lib/python3.12/site-packages/airflow/example_dags/example_dag_decorator.py for tasks to queue
[2024-12-13T10:43:41.102+0000] {logging_mixin.py:190} INFO - [2024-12-13T10:43:41.102+0000] {dagbag.py:588} INFO - Filling up the DagBag from /opt/bitnami/airflow/venv/lib/python3.12/site-packages/airflow/example_dags/example_dag_decorator.py
[2024-12-13T10:43:41.111+0000] {processor.py:925} INFO - DAG(s) 'example_dag_decorator' retrieved from /opt/bitnami/airflow/venv/lib/python3.12/site-packages/airflow/example_dags/example_dag_decorator.py
[2024-12-13T10:43:41.281+0000] {logging_mixin.py:190} INFO - [2024-12-13T10:43:41.280+0000] {dag.py:3239} INFO - Sync 1 DAGs
[2024-12-13T10:43:41.320+0000] {logging_mixin.py:190} INFO - [2024-12-13T10:43:41.320+0000] {dag.py:4180} INFO - Setting next_dagrun for example_dag_decorator to None, run_after=None
[2024-12-13T10:43:41.360+0000] {processor.py:208} INFO - Processing /opt/bitnami/airflow/venv/lib/python3.12/site-packages/airflow/example_dags/example_dag_decorator.py took 0.268 seconds
[2024-12-13T10:44:11.944+0000] {processor.py:186} INFO - Started process (PID=240) to work on /opt/bitnami/airflow/venv/lib/python3.12/site-packages/airflow/example_dags/example_dag_decorator.py
[2024-12-13T10:44:11.947+0000] {processor.py:914} INFO - Processing file /opt/bitnami/airflow/venv/lib/python3.12/site-packages/airflow/example_dags/example_dag_decorator.py for tasks to queue
[2024-12-13T10:44:11.950+0000] {logging_mixin.py:190} INFO - [2024-12-13T10:44:11.950+0000] {dagbag.py:588} INFO - Filling up the DagBag from /opt/bitnami/airflow/venv/lib/python3.12/site-packages/airflow/example_dags/example_dag_decorator.py
[2024-12-13T10:44:11.960+0000] {processor.py:925} INFO - DAG(s) 'example_dag_decorator' retrieved from /opt/bitnami/airflow/venv/lib/python3.12/site-packages/airflow/example_dags/example_dag_decorator.py
[2024-12-13T10:44:12.114+0000] {logging_mixin.py:190} INFO - [2024-12-13T10:44:12.114+0000] {dag.py:3239} INFO - Sync 1 DAGs
[2024-12-13T10:44:12.141+0000] {logging_mixin.py:190} INFO - [2024-12-13T10:44:12.141+0000] {dag.py:4180} INFO - Setting next_dagrun for example_dag_decorator to None, run_after=None
[2024-12-13T10:44:12.176+0000] {processor.py:208} INFO - Processing /opt/bitnami/airflow/venv/lib/python3.12/site-packages/airflow/example_dags/example_dag_decorator.py took 0.238 seconds
[2024-12-13T10:44:42.798+0000] {processor.py:186} INFO - Started process (PID=297) to work on /opt/bitnami/airflow/venv/lib/python3.12/site-packages/airflow/example_dags/example_dag_decorator.py
[2024-12-13T10:44:42.799+0000] {processor.py:914} INFO - Processing file /opt/bitnami/airflow/venv/lib/python3.12/site-packages/airflow/example_dags/example_dag_decorator.py for tasks to queue
[2024-12-13T10:44:42.801+0000] {logging_mixin.py:190} INFO - [2024-12-13T10:44:42.801+0000] {dagbag.py:588} INFO - Filling up the DagBag from /opt/bitnami/airflow/venv/lib/python3.12/site-packages/airflow/example_dags/example_dag_decorator.py
[2024-12-13T10:44:42.809+0000] {processor.py:925} INFO - DAG(s) 'example_dag_decorator' retrieved from /opt/bitnami/airflow/venv/lib/python3.12/site-packages/airflow/example_dags/example_dag_decorator.py
[2024-12-13T10:44:42.920+0000] {logging_mixin.py:190} INFO - [2024-12-13T10:44:42.920+0000] {dag.py:3239} INFO - Sync 1 DAGs
[2024-12-13T10:44:42.947+0000] {logging_mixin.py:190} INFO - [2024-12-13T10:44:42.947+0000] {dag.py:4180} INFO - Setting next_dagrun for example_dag_decorator to None, run_after=None
[2024-12-13T10:44:42.977+0000] {processor.py:208} INFO - Processing /opt/bitnami/airflow/venv/lib/python3.12/site-packages/airflow/example_dags/example_dag_decorator.py took 0.184 seconds
[2024-12-13T10:52:11.393+0000] {processor.py:186} INFO - Started process (PID=69) to work on /opt/bitnami/airflow/venv/lib/python3.12/site-packages/airflow/example_dags/example_dag_decorator.py
[2024-12-13T10:52:11.394+0000] {processor.py:914} INFO - Processing file /opt/bitnami/airflow/venv/lib/python3.12/site-packages/airflow/example_dags/example_dag_decorator.py for tasks to queue
[2024-12-13T10:52:11.397+0000] {logging_mixin.py:190} INFO - [2024-12-13T10:52:11.397+0000] {dagbag.py:588} INFO - Filling up the DagBag from /opt/bitnami/airflow/venv/lib/python3.12/site-packages/airflow/example_dags/example_dag_decorator.py
[2024-12-13T10:52:11.408+0000] {processor.py:925} INFO - DAG(s) 'example_dag_decorator' retrieved from /opt/bitnami/airflow/venv/lib/python3.12/site-packages/airflow/example_dags/example_dag_decorator.py
[2024-12-13T10:52:11.509+0000] {logging_mixin.py:190} INFO - [2024-12-13T10:52:11.508+0000] {override.py:1900} INFO - Created Permission View: can read on DAG:example_dag_decorator
[2024-12-13T10:52:11.550+0000] {logging_mixin.py:190} INFO - [2024-12-13T10:52:11.549+0000] {override.py:1900} INFO - Created Permission View: can delete on DAG:example_dag_decorator
[2024-12-13T10:52:11.570+0000] {logging_mixin.py:190} INFO - [2024-12-13T10:52:11.570+0000] {override.py:1900} INFO - Created Permission View: can edit on DAG:example_dag_decorator
[2024-12-13T10:52:11.581+0000] {logging_mixin.py:190} INFO - [2024-12-13T10:52:11.581+0000] {override.py:1900} INFO - Created Permission View: menu access on DAG Run:example_dag_decorator
[2024-12-13T10:52:11.589+0000] {logging_mixin.py:190} INFO - [2024-12-13T10:52:11.588+0000] {override.py:1900} INFO - Created Permission View: can read on DAG Run:example_dag_decorator
[2024-12-13T10:52:11.598+0000] {logging_mixin.py:190} INFO - [2024-12-13T10:52:11.598+0000] {override.py:1900} INFO - Created Permission View: can delete on DAG Run:example_dag_decorator
[2024-12-13T10:52:11.608+0000] {logging_mixin.py:190} INFO - [2024-12-13T10:52:11.608+0000] {override.py:1900} INFO - Created Permission View: can create on DAG Run:example_dag_decorator
[2024-12-13T10:52:11.609+0000] {logging_mixin.py:190} INFO - [2024-12-13T10:52:11.609+0000] {dag.py:3239} INFO - Sync 1 DAGs
[2024-12-13T10:52:11.639+0000] {logging_mixin.py:190} INFO - [2024-12-13T10:52:11.638+0000] {dag.py:3262} INFO - Creating ORM DAG for example_dag_decorator
[2024-12-13T10:52:11.640+0000] {logging_mixin.py:190} INFO - [2024-12-13T10:52:11.639+0000] {dag.py:4180} INFO - Setting next_dagrun for example_dag_decorator to None, run_after=None
[2024-12-13T10:52:11.664+0000] {processor.py:208} INFO - Processing /opt/bitnami/airflow/venv/lib/python3.12/site-packages/airflow/example_dags/example_dag_decorator.py took 0.278 seconds
[2024-12-13T10:52:42.132+0000] {processor.py:186} INFO - Started process (PID=126) to work on /opt/bitnami/airflow/venv/lib/python3.12/site-packages/airflow/example_dags/example_dag_decorator.py
[2024-12-13T10:52:42.134+0000] {processor.py:914} INFO - Processing file /opt/bitnami/airflow/venv/lib/python3.12/site-packages/airflow/example_dags/example_dag_decorator.py for tasks to queue
[2024-12-13T10:52:42.136+0000] {logging_mixin.py:190} INFO - [2024-12-13T10:52:42.136+0000] {dagbag.py:588} INFO - Filling up the DagBag from /opt/bitnami/airflow/venv/lib/python3.12/site-packages/airflow/example_dags/example_dag_decorator.py
[2024-12-13T10:52:42.144+0000] {processor.py:925} INFO - DAG(s) 'example_dag_decorator' retrieved from /opt/bitnami/airflow/venv/lib/python3.12/site-packages/airflow/example_dags/example_dag_decorator.py
[2024-12-13T10:52:42.237+0000] {logging_mixin.py:190} INFO - [2024-12-13T10:52:42.237+0000] {dag.py:3239} INFO - Sync 1 DAGs
[2024-12-13T10:52:42.280+0000] {logging_mixin.py:190} INFO - [2024-12-13T10:52:42.280+0000] {dag.py:4180} INFO - Setting next_dagrun for example_dag_decorator to None, run_after=None
[2024-12-13T10:52:42.319+0000] {processor.py:208} INFO - Processing /opt/bitnami/airflow/venv/lib/python3.12/site-packages/airflow/example_dags/example_dag_decorator.py took 0.192 seconds
[2024-12-13T10:53:14.471+0000] {processor.py:186} INFO - Started process (PID=183) to work on /opt/bitnami/airflow/venv/lib/python3.12/site-packages/airflow/example_dags/example_dag_decorator.py
[2024-12-13T10:53:14.473+0000] {processor.py:914} INFO - Processing file /opt/bitnami/airflow/venv/lib/python3.12/site-packages/airflow/example_dags/example_dag_decorator.py for tasks to queue
[2024-12-13T10:53:14.477+0000] {logging_mixin.py:190} INFO - [2024-12-13T10:53:14.477+0000] {dagbag.py:588} INFO - Filling up the DagBag from /opt/bitnami/airflow/venv/lib/python3.12/site-packages/airflow/example_dags/example_dag_decorator.py
[2024-12-13T10:53:14.493+0000] {processor.py:925} INFO - DAG(s) 'example_dag_decorator' retrieved from /opt/bitnami/airflow/venv/lib/python3.12/site-packages/airflow/example_dags/example_dag_decorator.py
[2024-12-13T10:53:14.680+0000] {logging_mixin.py:190} INFO - [2024-12-13T10:53:14.679+0000] {dag.py:3239} INFO - Sync 1 DAGs
[2024-12-13T10:53:14.716+0000] {logging_mixin.py:190} INFO - [2024-12-13T10:53:14.716+0000] {dag.py:4180} INFO - Setting next_dagrun for example_dag_decorator to None, run_after=None
[2024-12-13T10:53:14.762+0000] {processor.py:208} INFO - Processing /opt/bitnami/airflow/venv/lib/python3.12/site-packages/airflow/example_dags/example_dag_decorator.py took 0.302 seconds
[2024-12-13T10:53:45.101+0000] {processor.py:186} INFO - Started process (PID=240) to work on /opt/bitnami/airflow/venv/lib/python3.12/site-packages/airflow/example_dags/example_dag_decorator.py
[2024-12-13T10:53:45.103+0000] {processor.py:914} INFO - Processing file /opt/bitnami/airflow/venv/lib/python3.12/site-packages/airflow/example_dags/example_dag_decorator.py for tasks to queue
[2024-12-13T10:53:45.105+0000] {logging_mixin.py:190} INFO - [2024-12-13T10:53:45.105+0000] {dagbag.py:588} INFO - Filling up the DagBag from /opt/bitnami/airflow/venv/lib/python3.12/site-packages/airflow/example_dags/example_dag_decorator.py
[2024-12-13T10:53:45.114+0000] {processor.py:925} INFO - DAG(s) 'example_dag_decorator' retrieved from /opt/bitnami/airflow/venv/lib/python3.12/site-packages/airflow/example_dags/example_dag_decorator.py
[2024-12-13T10:53:45.172+0000] {logging_mixin.py:190} INFO - [2024-12-13T10:53:45.172+0000] {dag.py:3239} INFO - Sync 1 DAGs
[2024-12-13T10:53:45.200+0000] {logging_mixin.py:190} INFO - [2024-12-13T10:53:45.200+0000] {dag.py:4180} INFO - Setting next_dagrun for example_dag_decorator to None, run_after=None
[2024-12-13T10:53:45.231+0000] {processor.py:208} INFO - Processing /opt/bitnami/airflow/venv/lib/python3.12/site-packages/airflow/example_dags/example_dag_decorator.py took 0.135 seconds
[2024-12-13T10:54:16.054+0000] {processor.py:186} INFO - Started process (PID=297) to work on /opt/bitnami/airflow/venv/lib/python3.12/site-packages/airflow/example_dags/example_dag_decorator.py
[2024-12-13T10:54:16.056+0000] {processor.py:914} INFO - Processing file /opt/bitnami/airflow/venv/lib/python3.12/site-packages/airflow/example_dags/example_dag_decorator.py for tasks to queue
[2024-12-13T10:54:16.060+0000] {logging_mixin.py:190} INFO - [2024-12-13T10:54:16.060+0000] {dagbag.py:588} INFO - Filling up the DagBag from /opt/bitnami/airflow/venv/lib/python3.12/site-packages/airflow/example_dags/example_dag_decorator.py
[2024-12-13T10:54:16.070+0000] {processor.py:925} INFO - DAG(s) 'example_dag_decorator' retrieved from /opt/bitnami/airflow/venv/lib/python3.12/site-packages/airflow/example_dags/example_dag_decorator.py
[2024-12-13T10:54:16.182+0000] {logging_mixin.py:190} INFO - [2024-12-13T10:54:16.182+0000] {dag.py:3239} INFO - Sync 1 DAGs
[2024-12-13T10:54:16.203+0000] {logging_mixin.py:190} INFO - [2024-12-13T10:54:16.203+0000] {dag.py:4180} INFO - Setting next_dagrun for example_dag_decorator to None, run_after=None
[2024-12-13T10:54:16.235+0000] {processor.py:208} INFO - Processing /opt/bitnami/airflow/venv/lib/python3.12/site-packages/airflow/example_dags/example_dag_decorator.py took 0.192 seconds
[2024-12-13T10:54:46.492+0000] {processor.py:186} INFO - Started process (PID=354) to work on /opt/bitnami/airflow/venv/lib/python3.12/site-packages/airflow/example_dags/example_dag_decorator.py
[2024-12-13T10:54:46.494+0000] {processor.py:914} INFO - Processing file /opt/bitnami/airflow/venv/lib/python3.12/site-packages/airflow/example_dags/example_dag_decorator.py for tasks to queue
[2024-12-13T10:54:46.499+0000] {logging_mixin.py:190} INFO - [2024-12-13T10:54:46.498+0000] {dagbag.py:588} INFO - Filling up the DagBag from /opt/bitnami/airflow/venv/lib/python3.12/site-packages/airflow/example_dags/example_dag_decorator.py
[2024-12-13T10:54:46.512+0000] {processor.py:925} INFO - DAG(s) 'example_dag_decorator' retrieved from /opt/bitnami/airflow/venv/lib/python3.12/site-packages/airflow/example_dags/example_dag_decorator.py
[2024-12-13T10:54:46.568+0000] {logging_mixin.py:190} INFO - [2024-12-13T10:54:46.568+0000] {dag.py:3239} INFO - Sync 1 DAGs
[2024-12-13T10:54:46.594+0000] {logging_mixin.py:190} INFO - [2024-12-13T10:54:46.594+0000] {dag.py:4180} INFO - Setting next_dagrun for example_dag_decorator to None, run_after=None
[2024-12-13T10:54:46.624+0000] {processor.py:208} INFO - Processing /opt/bitnami/airflow/venv/lib/python3.12/site-packages/airflow/example_dags/example_dag_decorator.py took 0.138 seconds
[2024-12-13T10:55:17.383+0000] {processor.py:186} INFO - Started process (PID=411) to work on /opt/bitnami/airflow/venv/lib/python3.12/site-packages/airflow/example_dags/example_dag_decorator.py
[2024-12-13T10:55:17.384+0000] {processor.py:914} INFO - Processing file /opt/bitnami/airflow/venv/lib/python3.12/site-packages/airflow/example_dags/example_dag_decorator.py for tasks to queue
[2024-12-13T10:55:17.389+0000] {logging_mixin.py:190} INFO - [2024-12-13T10:55:17.388+0000] {dagbag.py:588} INFO - Filling up the DagBag from /opt/bitnami/airflow/venv/lib/python3.12/site-packages/airflow/example_dags/example_dag_decorator.py
[2024-12-13T10:55:17.403+0000] {processor.py:925} INFO - DAG(s) 'example_dag_decorator' retrieved from /opt/bitnami/airflow/venv/lib/python3.12/site-packages/airflow/example_dags/example_dag_decorator.py
[2024-12-13T10:55:17.557+0000] {logging_mixin.py:190} INFO - [2024-12-13T10:55:17.557+0000] {dag.py:3239} INFO - Sync 1 DAGs
[2024-12-13T10:55:17.588+0000] {logging_mixin.py:190} INFO - [2024-12-13T10:55:17.587+0000] {dag.py:4180} INFO - Setting next_dagrun for example_dag_decorator to None, run_after=None
[2024-12-13T10:55:17.628+0000] {processor.py:208} INFO - Processing /opt/bitnami/airflow/venv/lib/python3.12/site-packages/airflow/example_dags/example_dag_decorator.py took 0.253 seconds
[2024-12-13T10:55:47.966+0000] {processor.py:186} INFO - Started process (PID=468) to work on /opt/bitnami/airflow/venv/lib/python3.12/site-packages/airflow/example_dags/example_dag_decorator.py
[2024-12-13T10:55:47.968+0000] {processor.py:914} INFO - Processing file /opt/bitnami/airflow/venv/lib/python3.12/site-packages/airflow/example_dags/example_dag_decorator.py for tasks to queue
[2024-12-13T10:55:47.971+0000] {logging_mixin.py:190} INFO - [2024-12-13T10:55:47.970+0000] {dagbag.py:588} INFO - Filling up the DagBag from /opt/bitnami/airflow/venv/lib/python3.12/site-packages/airflow/example_dags/example_dag_decorator.py
[2024-12-13T10:55:47.982+0000] {processor.py:925} INFO - DAG(s) 'example_dag_decorator' retrieved from /opt/bitnami/airflow/venv/lib/python3.12/site-packages/airflow/example_dags/example_dag_decorator.py
[2024-12-13T10:55:48.049+0000] {logging_mixin.py:190} INFO - [2024-12-13T10:55:48.049+0000] {dag.py:3239} INFO - Sync 1 DAGs
[2024-12-13T10:55:48.091+0000] {logging_mixin.py:190} INFO - [2024-12-13T10:55:48.091+0000] {dag.py:4180} INFO - Setting next_dagrun for example_dag_decorator to None, run_after=None
[2024-12-13T10:55:48.139+0000] {processor.py:208} INFO - Processing /opt/bitnami/airflow/venv/lib/python3.12/site-packages/airflow/example_dags/example_dag_decorator.py took 0.179 seconds
[2024-12-13T10:56:18.259+0000] {processor.py:186} INFO - Started process (PID=525) to work on /opt/bitnami/airflow/venv/lib/python3.12/site-packages/airflow/example_dags/example_dag_decorator.py
[2024-12-13T10:56:18.260+0000] {processor.py:914} INFO - Processing file /opt/bitnami/airflow/venv/lib/python3.12/site-packages/airflow/example_dags/example_dag_decorator.py for tasks to queue
[2024-12-13T10:56:18.262+0000] {logging_mixin.py:190} INFO - [2024-12-13T10:56:18.262+0000] {dagbag.py:588} INFO - Filling up the DagBag from /opt/bitnami/airflow/venv/lib/python3.12/site-packages/airflow/example_dags/example_dag_decorator.py
[2024-12-13T10:56:18.270+0000] {processor.py:925} INFO - DAG(s) 'example_dag_decorator' retrieved from /opt/bitnami/airflow/venv/lib/python3.12/site-packages/airflow/example_dags/example_dag_decorator.py
[2024-12-13T10:56:18.314+0000] {logging_mixin.py:190} INFO - [2024-12-13T10:56:18.314+0000] {dag.py:3239} INFO - Sync 1 DAGs
[2024-12-13T10:56:18.335+0000] {logging_mixin.py:190} INFO - [2024-12-13T10:56:18.335+0000] {dag.py:4180} INFO - Setting next_dagrun for example_dag_decorator to None, run_after=None
[2024-12-13T10:56:18.359+0000] {processor.py:208} INFO - Processing /opt/bitnami/airflow/venv/lib/python3.12/site-packages/airflow/example_dags/example_dag_decorator.py took 0.105 seconds
[2024-12-13T10:56:49.126+0000] {processor.py:186} INFO - Started process (PID=582) to work on /opt/bitnami/airflow/venv/lib/python3.12/site-packages/airflow/example_dags/example_dag_decorator.py
[2024-12-13T10:56:49.128+0000] {processor.py:914} INFO - Processing file /opt/bitnami/airflow/venv/lib/python3.12/site-packages/airflow/example_dags/example_dag_decorator.py for tasks to queue
[2024-12-13T10:56:49.131+0000] {logging_mixin.py:190} INFO - [2024-12-13T10:56:49.130+0000] {dagbag.py:588} INFO - Filling up the DagBag from /opt/bitnami/airflow/venv/lib/python3.12/site-packages/airflow/example_dags/example_dag_decorator.py
[2024-12-13T10:56:49.140+0000] {processor.py:925} INFO - DAG(s) 'example_dag_decorator' retrieved from /opt/bitnami/airflow/venv/lib/python3.12/site-packages/airflow/example_dags/example_dag_decorator.py
[2024-12-13T10:56:49.234+0000] {logging_mixin.py:190} INFO - [2024-12-13T10:56:49.234+0000] {dag.py:3239} INFO - Sync 1 DAGs
[2024-12-13T10:56:49.266+0000] {logging_mixin.py:190} INFO - [2024-12-13T10:56:49.266+0000] {dag.py:4180} INFO - Setting next_dagrun for example_dag_decorator to None, run_after=None
[2024-12-13T10:56:49.306+0000] {processor.py:208} INFO - Processing /opt/bitnami/airflow/venv/lib/python3.12/site-packages/airflow/example_dags/example_dag_decorator.py took 0.187 seconds
[2024-12-13T10:57:19.552+0000] {processor.py:186} INFO - Started process (PID=639) to work on /opt/bitnami/airflow/venv/lib/python3.12/site-packages/airflow/example_dags/example_dag_decorator.py
[2024-12-13T10:57:19.553+0000] {processor.py:914} INFO - Processing file /opt/bitnami/airflow/venv/lib/python3.12/site-packages/airflow/example_dags/example_dag_decorator.py for tasks to queue
[2024-12-13T10:57:19.556+0000] {logging_mixin.py:190} INFO - [2024-12-13T10:57:19.555+0000] {dagbag.py:588} INFO - Filling up the DagBag from /opt/bitnami/airflow/venv/lib/python3.12/site-packages/airflow/example_dags/example_dag_decorator.py
[2024-12-13T10:57:19.564+0000] {processor.py:925} INFO - DAG(s) 'example_dag_decorator' retrieved from /opt/bitnami/airflow/venv/lib/python3.12/site-packages/airflow/example_dags/example_dag_decorator.py
[2024-12-13T10:57:19.692+0000] {logging_mixin.py:190} INFO - [2024-12-13T10:57:19.691+0000] {dag.py:3239} INFO - Sync 1 DAGs
[2024-12-13T10:57:19.732+0000] {logging_mixin.py:190} INFO - [2024-12-13T10:57:19.732+0000] {dag.py:4180} INFO - Setting next_dagrun for example_dag_decorator to None, run_after=None
[2024-12-13T10:57:19.780+0000] {processor.py:208} INFO - Processing /opt/bitnami/airflow/venv/lib/python3.12/site-packages/airflow/example_dags/example_dag_decorator.py took 0.234 seconds
[2024-12-13T10:57:50.425+0000] {processor.py:186} INFO - Started process (PID=696) to work on /opt/bitnami/airflow/venv/lib/python3.12/site-packages/airflow/example_dags/example_dag_decorator.py
[2024-12-13T10:57:50.426+0000] {processor.py:914} INFO - Processing file /opt/bitnami/airflow/venv/lib/python3.12/site-packages/airflow/example_dags/example_dag_decorator.py for tasks to queue
[2024-12-13T10:57:50.428+0000] {logging_mixin.py:190} INFO - [2024-12-13T10:57:50.428+0000] {dagbag.py:588} INFO - Filling up the DagBag from /opt/bitnami/airflow/venv/lib/python3.12/site-packages/airflow/example_dags/example_dag_decorator.py
[2024-12-13T10:57:50.440+0000] {processor.py:925} INFO - DAG(s) 'example_dag_decorator' retrieved from /opt/bitnami/airflow/venv/lib/python3.12/site-packages/airflow/example_dags/example_dag_decorator.py
[2024-12-13T10:57:50.471+0000] {logging_mixin.py:190} INFO - [2024-12-13T10:57:50.471+0000] {dag.py:3239} INFO - Sync 1 DAGs
[2024-12-13T10:57:50.485+0000] {logging_mixin.py:190} INFO - [2024-12-13T10:57:50.485+0000] {dag.py:4180} INFO - Setting next_dagrun for example_dag_decorator to None, run_after=None
[2024-12-13T10:57:50.504+0000] {processor.py:208} INFO - Processing /opt/bitnami/airflow/venv/lib/python3.12/site-packages/airflow/example_dags/example_dag_decorator.py took 0.085 seconds
[2024-12-13T10:58:21.186+0000] {processor.py:186} INFO - Started process (PID=753) to work on /opt/bitnami/airflow/venv/lib/python3.12/site-packages/airflow/example_dags/example_dag_decorator.py
[2024-12-13T10:58:21.188+0000] {processor.py:914} INFO - Processing file /opt/bitnami/airflow/venv/lib/python3.12/site-packages/airflow/example_dags/example_dag_decorator.py for tasks to queue
[2024-12-13T10:58:21.190+0000] {logging_mixin.py:190} INFO - [2024-12-13T10:58:21.190+0000] {dagbag.py:588} INFO - Filling up the DagBag from /opt/bitnami/airflow/venv/lib/python3.12/site-packages/airflow/example_dags/example_dag_decorator.py
[2024-12-13T10:58:21.201+0000] {processor.py:925} INFO - DAG(s) 'example_dag_decorator' retrieved from /opt/bitnami/airflow/venv/lib/python3.12/site-packages/airflow/example_dags/example_dag_decorator.py
[2024-12-13T10:58:21.277+0000] {logging_mixin.py:190} INFO - [2024-12-13T10:58:21.276+0000] {dag.py:3239} INFO - Sync 1 DAGs
[2024-12-13T10:58:21.311+0000] {logging_mixin.py:190} INFO - [2024-12-13T10:58:21.311+0000] {dag.py:4180} INFO - Setting next_dagrun for example_dag_decorator to None, run_after=None
[2024-12-13T10:58:21.353+0000] {processor.py:208} INFO - Processing /opt/bitnami/airflow/venv/lib/python3.12/site-packages/airflow/example_dags/example_dag_decorator.py took 0.172 seconds
[2024-12-13T10:58:52.470+0000] {processor.py:186} INFO - Started process (PID=810) to work on /opt/bitnami/airflow/venv/lib/python3.12/site-packages/airflow/example_dags/example_dag_decorator.py
[2024-12-13T10:58:52.471+0000] {processor.py:914} INFO - Processing file /opt/bitnami/airflow/venv/lib/python3.12/site-packages/airflow/example_dags/example_dag_decorator.py for tasks to queue
[2024-12-13T10:58:52.473+0000] {logging_mixin.py:190} INFO - [2024-12-13T10:58:52.472+0000] {dagbag.py:588} INFO - Filling up the DagBag from /opt/bitnami/airflow/venv/lib/python3.12/site-packages/airflow/example_dags/example_dag_decorator.py
[2024-12-13T10:58:52.480+0000] {processor.py:925} INFO - DAG(s) 'example_dag_decorator' retrieved from /opt/bitnami/airflow/venv/lib/python3.12/site-packages/airflow/example_dags/example_dag_decorator.py
[2024-12-13T10:58:52.523+0000] {logging_mixin.py:190} INFO - [2024-12-13T10:58:52.523+0000] {dag.py:3239} INFO - Sync 1 DAGs
[2024-12-13T10:58:52.554+0000] {logging_mixin.py:190} INFO - [2024-12-13T10:58:52.554+0000] {dag.py:4180} INFO - Setting next_dagrun for example_dag_decorator to None, run_after=None
[2024-12-13T10:58:52.585+0000] {processor.py:208} INFO - Processing /opt/bitnami/airflow/venv/lib/python3.12/site-packages/airflow/example_dags/example_dag_decorator.py took 0.120 seconds
[2024-12-13T11:07:31.280+0000] {processor.py:186} INFO - Started process (PID=69) to work on /opt/bitnami/airflow/venv/lib/python3.12/site-packages/airflow/example_dags/example_dag_decorator.py
[2024-12-13T11:07:31.281+0000] {processor.py:914} INFO - Processing file /opt/bitnami/airflow/venv/lib/python3.12/site-packages/airflow/example_dags/example_dag_decorator.py for tasks to queue
[2024-12-13T11:07:31.283+0000] {logging_mixin.py:190} INFO - [2024-12-13T11:07:31.283+0000] {dagbag.py:588} INFO - Filling up the DagBag from /opt/bitnami/airflow/venv/lib/python3.12/site-packages/airflow/example_dags/example_dag_decorator.py
[2024-12-13T11:07:31.294+0000] {processor.py:925} INFO - DAG(s) 'example_dag_decorator' retrieved from /opt/bitnami/airflow/venv/lib/python3.12/site-packages/airflow/example_dags/example_dag_decorator.py
[2024-12-13T11:07:31.398+0000] {logging_mixin.py:190} INFO - [2024-12-13T11:07:31.397+0000] {dag.py:3239} INFO - Sync 1 DAGs
[2024-12-13T11:07:31.418+0000] {logging_mixin.py:190} INFO - [2024-12-13T11:07:31.418+0000] {dag.py:4180} INFO - Setting next_dagrun for example_dag_decorator to None, run_after=None
[2024-12-13T11:07:31.441+0000] {processor.py:208} INFO - Processing /opt/bitnami/airflow/venv/lib/python3.12/site-packages/airflow/example_dags/example_dag_decorator.py took 0.166 seconds
[2024-12-13T11:08:01.900+0000] {processor.py:186} INFO - Started process (PID=126) to work on /opt/bitnami/airflow/venv/lib/python3.12/site-packages/airflow/example_dags/example_dag_decorator.py
[2024-12-13T11:08:01.902+0000] {processor.py:914} INFO - Processing file /opt/bitnami/airflow/venv/lib/python3.12/site-packages/airflow/example_dags/example_dag_decorator.py for tasks to queue
[2024-12-13T11:08:01.904+0000] {logging_mixin.py:190} INFO - [2024-12-13T11:08:01.904+0000] {dagbag.py:588} INFO - Filling up the DagBag from /opt/bitnami/airflow/venv/lib/python3.12/site-packages/airflow/example_dags/example_dag_decorator.py
[2024-12-13T11:08:01.912+0000] {processor.py:925} INFO - DAG(s) 'example_dag_decorator' retrieved from /opt/bitnami/airflow/venv/lib/python3.12/site-packages/airflow/example_dags/example_dag_decorator.py
[2024-12-13T11:08:02.085+0000] {logging_mixin.py:190} INFO - [2024-12-13T11:08:02.084+0000] {dag.py:3239} INFO - Sync 1 DAGs
[2024-12-13T11:08:02.122+0000] {logging_mixin.py:190} INFO - [2024-12-13T11:08:02.121+0000] {dag.py:4180} INFO - Setting next_dagrun for example_dag_decorator to None, run_after=None
[2024-12-13T11:08:02.169+0000] {processor.py:208} INFO - Processing /opt/bitnami/airflow/venv/lib/python3.12/site-packages/airflow/example_dags/example_dag_decorator.py took 0.273 seconds
[2024-12-13T11:08:33.972+0000] {processor.py:186} INFO - Started process (PID=183) to work on /opt/bitnami/airflow/venv/lib/python3.12/site-packages/airflow/example_dags/example_dag_decorator.py
[2024-12-13T11:08:33.974+0000] {processor.py:914} INFO - Processing file /opt/bitnami/airflow/venv/lib/python3.12/site-packages/airflow/example_dags/example_dag_decorator.py for tasks to queue
[2024-12-13T11:08:33.977+0000] {logging_mixin.py:190} INFO - [2024-12-13T11:08:33.977+0000] {dagbag.py:588} INFO - Filling up the DagBag from /opt/bitnami/airflow/venv/lib/python3.12/site-packages/airflow/example_dags/example_dag_decorator.py
[2024-12-13T11:08:33.987+0000] {processor.py:925} INFO - DAG(s) 'example_dag_decorator' retrieved from /opt/bitnami/airflow/venv/lib/python3.12/site-packages/airflow/example_dags/example_dag_decorator.py
[2024-12-13T11:08:34.139+0000] {logging_mixin.py:190} INFO - [2024-12-13T11:08:34.139+0000] {dag.py:3239} INFO - Sync 1 DAGs
[2024-12-13T11:08:34.166+0000] {logging_mixin.py:190} INFO - [2024-12-13T11:08:34.166+0000] {dag.py:4180} INFO - Setting next_dagrun for example_dag_decorator to None, run_after=None
[2024-12-13T11:08:34.226+0000] {processor.py:208} INFO - Processing /opt/bitnami/airflow/venv/lib/python3.12/site-packages/airflow/example_dags/example_dag_decorator.py took 0.260 seconds
[2024-12-13T11:09:04.818+0000] {processor.py:186} INFO - Started process (PID=240) to work on /opt/bitnami/airflow/venv/lib/python3.12/site-packages/airflow/example_dags/example_dag_decorator.py
[2024-12-13T11:09:04.819+0000] {processor.py:914} INFO - Processing file /opt/bitnami/airflow/venv/lib/python3.12/site-packages/airflow/example_dags/example_dag_decorator.py for tasks to queue
[2024-12-13T11:09:04.821+0000] {logging_mixin.py:190} INFO - [2024-12-13T11:09:04.820+0000] {dagbag.py:588} INFO - Filling up the DagBag from /opt/bitnami/airflow/venv/lib/python3.12/site-packages/airflow/example_dags/example_dag_decorator.py
[2024-12-13T11:09:04.829+0000] {processor.py:925} INFO - DAG(s) 'example_dag_decorator' retrieved from /opt/bitnami/airflow/venv/lib/python3.12/site-packages/airflow/example_dags/example_dag_decorator.py
[2024-12-13T11:09:04.917+0000] {logging_mixin.py:190} INFO - [2024-12-13T11:09:04.917+0000] {dag.py:3239} INFO - Sync 1 DAGs
[2024-12-13T11:09:04.946+0000] {logging_mixin.py:190} INFO - [2024-12-13T11:09:04.946+0000] {dag.py:4180} INFO - Setting next_dagrun for example_dag_decorator to None, run_after=None
[2024-12-13T11:09:04.973+0000] {processor.py:208} INFO - Processing /opt/bitnami/airflow/venv/lib/python3.12/site-packages/airflow/example_dags/example_dag_decorator.py took 0.160 seconds
[2024-12-13T11:13:43.808+0000] {processor.py:186} INFO - Started process (PID=69) to work on /opt/bitnami/airflow/venv/lib/python3.12/site-packages/airflow/example_dags/example_dag_decorator.py
[2024-12-13T11:13:43.809+0000] {processor.py:914} INFO - Processing file /opt/bitnami/airflow/venv/lib/python3.12/site-packages/airflow/example_dags/example_dag_decorator.py for tasks to queue
[2024-12-13T11:13:43.812+0000] {logging_mixin.py:190} INFO - [2024-12-13T11:13:43.811+0000] {dagbag.py:588} INFO - Filling up the DagBag from /opt/bitnami/airflow/venv/lib/python3.12/site-packages/airflow/example_dags/example_dag_decorator.py
[2024-12-13T11:13:43.822+0000] {processor.py:925} INFO - DAG(s) 'example_dag_decorator' retrieved from /opt/bitnami/airflow/venv/lib/python3.12/site-packages/airflow/example_dags/example_dag_decorator.py
[2024-12-13T11:13:43.929+0000] {logging_mixin.py:190} INFO - [2024-12-13T11:13:43.928+0000] {dag.py:3239} INFO - Sync 1 DAGs
[2024-12-13T11:13:43.952+0000] {logging_mixin.py:190} INFO - [2024-12-13T11:13:43.952+0000] {dag.py:4180} INFO - Setting next_dagrun for example_dag_decorator to None, run_after=None
[2024-12-13T11:13:43.981+0000] {processor.py:208} INFO - Processing /opt/bitnami/airflow/venv/lib/python3.12/site-packages/airflow/example_dags/example_dag_decorator.py took 0.179 seconds
[2024-12-13T11:14:14.383+0000] {processor.py:186} INFO - Started process (PID=126) to work on /opt/bitnami/airflow/venv/lib/python3.12/site-packages/airflow/example_dags/example_dag_decorator.py
[2024-12-13T11:14:14.384+0000] {processor.py:914} INFO - Processing file /opt/bitnami/airflow/venv/lib/python3.12/site-packages/airflow/example_dags/example_dag_decorator.py for tasks to queue
[2024-12-13T11:14:14.386+0000] {logging_mixin.py:190} INFO - [2024-12-13T11:14:14.386+0000] {dagbag.py:588} INFO - Filling up the DagBag from /opt/bitnami/airflow/venv/lib/python3.12/site-packages/airflow/example_dags/example_dag_decorator.py
[2024-12-13T11:14:14.395+0000] {processor.py:925} INFO - DAG(s) 'example_dag_decorator' retrieved from /opt/bitnami/airflow/venv/lib/python3.12/site-packages/airflow/example_dags/example_dag_decorator.py
[2024-12-13T11:14:14.497+0000] {logging_mixin.py:190} INFO - [2024-12-13T11:14:14.496+0000] {dag.py:3239} INFO - Sync 1 DAGs
[2024-12-13T11:14:14.513+0000] {logging_mixin.py:190} INFO - [2024-12-13T11:14:14.513+0000] {dag.py:4180} INFO - Setting next_dagrun for example_dag_decorator to None, run_after=None
[2024-12-13T11:14:14.535+0000] {processor.py:208} INFO - Processing /opt/bitnami/airflow/venv/lib/python3.12/site-packages/airflow/example_dags/example_dag_decorator.py took 0.157 seconds
[2024-12-13T11:14:47.208+0000] {processor.py:186} INFO - Started process (PID=183) to work on /opt/bitnami/airflow/venv/lib/python3.12/site-packages/airflow/example_dags/example_dag_decorator.py
[2024-12-13T11:14:47.210+0000] {processor.py:914} INFO - Processing file /opt/bitnami/airflow/venv/lib/python3.12/site-packages/airflow/example_dags/example_dag_decorator.py for tasks to queue
[2024-12-13T11:14:47.215+0000] {logging_mixin.py:190} INFO - [2024-12-13T11:14:47.214+0000] {dagbag.py:588} INFO - Filling up the DagBag from /opt/bitnami/airflow/venv/lib/python3.12/site-packages/airflow/example_dags/example_dag_decorator.py
[2024-12-13T11:14:47.229+0000] {processor.py:925} INFO - DAG(s) 'example_dag_decorator' retrieved from /opt/bitnami/airflow/venv/lib/python3.12/site-packages/airflow/example_dags/example_dag_decorator.py
[2024-12-13T11:14:47.408+0000] {logging_mixin.py:190} INFO - [2024-12-13T11:14:47.407+0000] {dag.py:3239} INFO - Sync 1 DAGs
[2024-12-13T11:14:47.441+0000] {logging_mixin.py:190} INFO - [2024-12-13T11:14:47.440+0000] {dag.py:4180} INFO - Setting next_dagrun for example_dag_decorator to None, run_after=None
[2024-12-13T11:14:47.486+0000] {processor.py:208} INFO - Processing /opt/bitnami/airflow/venv/lib/python3.12/site-packages/airflow/example_dags/example_dag_decorator.py took 0.287 seconds
[2024-12-13T11:15:17.618+0000] {processor.py:186} INFO - Started process (PID=240) to work on /opt/bitnami/airflow/venv/lib/python3.12/site-packages/airflow/example_dags/example_dag_decorator.py
[2024-12-13T11:15:17.620+0000] {processor.py:914} INFO - Processing file /opt/bitnami/airflow/venv/lib/python3.12/site-packages/airflow/example_dags/example_dag_decorator.py for tasks to queue
[2024-12-13T11:15:17.623+0000] {logging_mixin.py:190} INFO - [2024-12-13T11:15:17.622+0000] {dagbag.py:588} INFO - Filling up the DagBag from /opt/bitnami/airflow/venv/lib/python3.12/site-packages/airflow/example_dags/example_dag_decorator.py
[2024-12-13T11:15:17.634+0000] {processor.py:925} INFO - DAG(s) 'example_dag_decorator' retrieved from /opt/bitnami/airflow/venv/lib/python3.12/site-packages/airflow/example_dags/example_dag_decorator.py
[2024-12-13T11:15:17.718+0000] {logging_mixin.py:190} INFO - [2024-12-13T11:15:17.717+0000] {dag.py:3239} INFO - Sync 1 DAGs
[2024-12-13T11:15:17.747+0000] {logging_mixin.py:190} INFO - [2024-12-13T11:15:17.746+0000] {dag.py:4180} INFO - Setting next_dagrun for example_dag_decorator to None, run_after=None
[2024-12-13T11:15:17.781+0000] {processor.py:208} INFO - Processing /opt/bitnami/airflow/venv/lib/python3.12/site-packages/airflow/example_dags/example_dag_decorator.py took 0.169 seconds
[2024-12-13T11:57:08.600+0000] {processor.py:186} INFO - Started process (PID=69) to work on /opt/bitnami/airflow/venv/lib/python3.12/site-packages/airflow/example_dags/example_dag_decorator.py
[2024-12-13T11:57:08.601+0000] {processor.py:914} INFO - Processing file /opt/bitnami/airflow/venv/lib/python3.12/site-packages/airflow/example_dags/example_dag_decorator.py for tasks to queue
[2024-12-13T11:57:08.603+0000] {logging_mixin.py:190} INFO - [2024-12-13T11:57:08.603+0000] {dagbag.py:588} INFO - Filling up the DagBag from /opt/bitnami/airflow/venv/lib/python3.12/site-packages/airflow/example_dags/example_dag_decorator.py
[2024-12-13T11:57:08.613+0000] {processor.py:925} INFO - DAG(s) 'example_dag_decorator' retrieved from /opt/bitnami/airflow/venv/lib/python3.12/site-packages/airflow/example_dags/example_dag_decorator.py
[2024-12-13T11:57:08.693+0000] {logging_mixin.py:190} INFO - [2024-12-13T11:57:08.693+0000] {dag.py:3239} INFO - Sync 1 DAGs
[2024-12-13T11:57:08.707+0000] {logging_mixin.py:190} INFO - [2024-12-13T11:57:08.707+0000] {dag.py:4180} INFO - Setting next_dagrun for example_dag_decorator to None, run_after=None
[2024-12-13T11:57:08.725+0000] {processor.py:208} INFO - Processing /opt/bitnami/airflow/venv/lib/python3.12/site-packages/airflow/example_dags/example_dag_decorator.py took 0.130 seconds
[2024-12-13T11:57:39.896+0000] {processor.py:186} INFO - Started process (PID=126) to work on /opt/bitnami/airflow/venv/lib/python3.12/site-packages/airflow/example_dags/example_dag_decorator.py
[2024-12-13T11:57:39.897+0000] {processor.py:914} INFO - Processing file /opt/bitnami/airflow/venv/lib/python3.12/site-packages/airflow/example_dags/example_dag_decorator.py for tasks to queue
[2024-12-13T11:57:39.899+0000] {logging_mixin.py:190} INFO - [2024-12-13T11:57:39.899+0000] {dagbag.py:588} INFO - Filling up the DagBag from /opt/bitnami/airflow/venv/lib/python3.12/site-packages/airflow/example_dags/example_dag_decorator.py
[2024-12-13T11:57:39.911+0000] {processor.py:925} INFO - DAG(s) 'example_dag_decorator' retrieved from /opt/bitnami/airflow/venv/lib/python3.12/site-packages/airflow/example_dags/example_dag_decorator.py
[2024-12-13T11:57:40.015+0000] {logging_mixin.py:190} INFO - [2024-12-13T11:57:40.015+0000] {dag.py:3239} INFO - Sync 1 DAGs
[2024-12-13T11:57:40.038+0000] {logging_mixin.py:190} INFO - [2024-12-13T11:57:40.037+0000] {dag.py:4180} INFO - Setting next_dagrun for example_dag_decorator to None, run_after=None
[2024-12-13T11:57:40.060+0000] {processor.py:208} INFO - Processing /opt/bitnami/airflow/venv/lib/python3.12/site-packages/airflow/example_dags/example_dag_decorator.py took 0.170 seconds
[2024-12-13T11:58:34.158+0000] {processor.py:186} INFO - Started process (PID=69) to work on /opt/bitnami/airflow/venv/lib/python3.12/site-packages/airflow/example_dags/example_dag_decorator.py
[2024-12-13T11:58:34.159+0000] {processor.py:914} INFO - Processing file /opt/bitnami/airflow/venv/lib/python3.12/site-packages/airflow/example_dags/example_dag_decorator.py for tasks to queue
[2024-12-13T11:58:34.162+0000] {logging_mixin.py:190} INFO - [2024-12-13T11:58:34.161+0000] {dagbag.py:588} INFO - Filling up the DagBag from /opt/bitnami/airflow/venv/lib/python3.12/site-packages/airflow/example_dags/example_dag_decorator.py
[2024-12-13T11:58:34.170+0000] {processor.py:925} INFO - DAG(s) 'example_dag_decorator' retrieved from /opt/bitnami/airflow/venv/lib/python3.12/site-packages/airflow/example_dags/example_dag_decorator.py
[2024-12-13T11:58:34.253+0000] {logging_mixin.py:190} INFO - [2024-12-13T11:58:34.253+0000] {dag.py:3239} INFO - Sync 1 DAGs
[2024-12-13T11:58:34.271+0000] {logging_mixin.py:190} INFO - [2024-12-13T11:58:34.271+0000] {dag.py:4180} INFO - Setting next_dagrun for example_dag_decorator to None, run_after=None
[2024-12-13T11:58:34.291+0000] {processor.py:208} INFO - Processing /opt/bitnami/airflow/venv/lib/python3.12/site-packages/airflow/example_dags/example_dag_decorator.py took 0.138 seconds
[2024-12-13T11:59:05.528+0000] {processor.py:186} INFO - Started process (PID=126) to work on /opt/bitnami/airflow/venv/lib/python3.12/site-packages/airflow/example_dags/example_dag_decorator.py
[2024-12-13T11:59:05.529+0000] {processor.py:914} INFO - Processing file /opt/bitnami/airflow/venv/lib/python3.12/site-packages/airflow/example_dags/example_dag_decorator.py for tasks to queue
[2024-12-13T11:59:05.532+0000] {logging_mixin.py:190} INFO - [2024-12-13T11:59:05.532+0000] {dagbag.py:588} INFO - Filling up the DagBag from /opt/bitnami/airflow/venv/lib/python3.12/site-packages/airflow/example_dags/example_dag_decorator.py
[2024-12-13T11:59:05.541+0000] {processor.py:925} INFO - DAG(s) 'example_dag_decorator' retrieved from /opt/bitnami/airflow/venv/lib/python3.12/site-packages/airflow/example_dags/example_dag_decorator.py
[2024-12-13T11:59:05.654+0000] {logging_mixin.py:190} INFO - [2024-12-13T11:59:05.654+0000] {dag.py:3239} INFO - Sync 1 DAGs
[2024-12-13T11:59:05.678+0000] {logging_mixin.py:190} INFO - [2024-12-13T11:59:05.677+0000] {dag.py:4180} INFO - Setting next_dagrun for example_dag_decorator to None, run_after=None
[2024-12-13T11:59:05.706+0000] {processor.py:208} INFO - Processing /opt/bitnami/airflow/venv/lib/python3.12/site-packages/airflow/example_dags/example_dag_decorator.py took 0.183 seconds
[2024-12-13T11:59:36.192+0000] {processor.py:186} INFO - Started process (PID=184) to work on /opt/bitnami/airflow/venv/lib/python3.12/site-packages/airflow/example_dags/example_dag_decorator.py
[2024-12-13T11:59:36.193+0000] {processor.py:914} INFO - Processing file /opt/bitnami/airflow/venv/lib/python3.12/site-packages/airflow/example_dags/example_dag_decorator.py for tasks to queue
[2024-12-13T11:59:36.195+0000] {logging_mixin.py:190} INFO - [2024-12-13T11:59:36.194+0000] {dagbag.py:588} INFO - Filling up the DagBag from /opt/bitnami/airflow/venv/lib/python3.12/site-packages/airflow/example_dags/example_dag_decorator.py
[2024-12-13T11:59:36.204+0000] {processor.py:925} INFO - DAG(s) 'example_dag_decorator' retrieved from /opt/bitnami/airflow/venv/lib/python3.12/site-packages/airflow/example_dags/example_dag_decorator.py
[2024-12-13T11:59:36.284+0000] {logging_mixin.py:190} INFO - [2024-12-13T11:59:36.283+0000] {dag.py:3239} INFO - Sync 1 DAGs
[2024-12-13T11:59:36.299+0000] {logging_mixin.py:190} INFO - [2024-12-13T11:59:36.299+0000] {dag.py:4180} INFO - Setting next_dagrun for example_dag_decorator to None, run_after=None
[2024-12-13T11:59:36.324+0000] {processor.py:208} INFO - Processing /opt/bitnami/airflow/venv/lib/python3.12/site-packages/airflow/example_dags/example_dag_decorator.py took 0.137 seconds
[2024-12-13T12:00:06.512+0000] {processor.py:186} INFO - Started process (PID=240) to work on /opt/bitnami/airflow/venv/lib/python3.12/site-packages/airflow/example_dags/example_dag_decorator.py
[2024-12-13T12:00:06.514+0000] {processor.py:914} INFO - Processing file /opt/bitnami/airflow/venv/lib/python3.12/site-packages/airflow/example_dags/example_dag_decorator.py for tasks to queue
[2024-12-13T12:00:06.516+0000] {logging_mixin.py:190} INFO - [2024-12-13T12:00:06.516+0000] {dagbag.py:588} INFO - Filling up the DagBag from /opt/bitnami/airflow/venv/lib/python3.12/site-packages/airflow/example_dags/example_dag_decorator.py
[2024-12-13T12:00:06.524+0000] {processor.py:925} INFO - DAG(s) 'example_dag_decorator' retrieved from /opt/bitnami/airflow/venv/lib/python3.12/site-packages/airflow/example_dags/example_dag_decorator.py
[2024-12-13T12:00:06.602+0000] {logging_mixin.py:190} INFO - [2024-12-13T12:00:06.602+0000] {dag.py:3239} INFO - Sync 1 DAGs
[2024-12-13T12:00:06.617+0000] {logging_mixin.py:190} INFO - [2024-12-13T12:00:06.617+0000] {dag.py:4180} INFO - Setting next_dagrun for example_dag_decorator to None, run_after=None
[2024-12-13T12:00:06.636+0000] {processor.py:208} INFO - Processing /opt/bitnami/airflow/venv/lib/python3.12/site-packages/airflow/example_dags/example_dag_decorator.py took 0.128 seconds
[2024-12-13T12:00:37.627+0000] {processor.py:186} INFO - Started process (PID=297) to work on /opt/bitnami/airflow/venv/lib/python3.12/site-packages/airflow/example_dags/example_dag_decorator.py
[2024-12-13T12:00:37.628+0000] {processor.py:914} INFO - Processing file /opt/bitnami/airflow/venv/lib/python3.12/site-packages/airflow/example_dags/example_dag_decorator.py for tasks to queue
[2024-12-13T12:00:37.630+0000] {logging_mixin.py:190} INFO - [2024-12-13T12:00:37.629+0000] {dagbag.py:588} INFO - Filling up the DagBag from /opt/bitnami/airflow/venv/lib/python3.12/site-packages/airflow/example_dags/example_dag_decorator.py
[2024-12-13T12:00:37.638+0000] {processor.py:925} INFO - DAG(s) 'example_dag_decorator' retrieved from /opt/bitnami/airflow/venv/lib/python3.12/site-packages/airflow/example_dags/example_dag_decorator.py
[2024-12-13T12:00:37.724+0000] {logging_mixin.py:190} INFO - [2024-12-13T12:00:37.724+0000] {dag.py:3239} INFO - Sync 1 DAGs
[2024-12-13T12:00:37.743+0000] {logging_mixin.py:190} INFO - [2024-12-13T12:00:37.743+0000] {dag.py:4180} INFO - Setting next_dagrun for example_dag_decorator to None, run_after=None
[2024-12-13T12:00:37.766+0000] {processor.py:208} INFO - Processing /opt/bitnami/airflow/venv/lib/python3.12/site-packages/airflow/example_dags/example_dag_decorator.py took 0.144 seconds
[2024-12-13T12:01:09.249+0000] {processor.py:186} INFO - Started process (PID=354) to work on /opt/bitnami/airflow/venv/lib/python3.12/site-packages/airflow/example_dags/example_dag_decorator.py
[2024-12-13T12:01:09.250+0000] {processor.py:914} INFO - Processing file /opt/bitnami/airflow/venv/lib/python3.12/site-packages/airflow/example_dags/example_dag_decorator.py for tasks to queue
[2024-12-13T12:01:09.252+0000] {logging_mixin.py:190} INFO - [2024-12-13T12:01:09.251+0000] {dagbag.py:588} INFO - Filling up the DagBag from /opt/bitnami/airflow/venv/lib/python3.12/site-packages/airflow/example_dags/example_dag_decorator.py
[2024-12-13T12:01:09.259+0000] {processor.py:925} INFO - DAG(s) 'example_dag_decorator' retrieved from /opt/bitnami/airflow/venv/lib/python3.12/site-packages/airflow/example_dags/example_dag_decorator.py
[2024-12-13T12:01:09.334+0000] {logging_mixin.py:190} INFO - [2024-12-13T12:01:09.334+0000] {dag.py:3239} INFO - Sync 1 DAGs
[2024-12-13T12:01:09.350+0000] {logging_mixin.py:190} INFO - [2024-12-13T12:01:09.350+0000] {dag.py:4180} INFO - Setting next_dagrun for example_dag_decorator to None, run_after=None
[2024-12-13T12:01:09.368+0000] {processor.py:208} INFO - Processing /opt/bitnami/airflow/venv/lib/python3.12/site-packages/airflow/example_dags/example_dag_decorator.py took 0.124 seconds
[2024-12-13T12:01:40.120+0000] {processor.py:186} INFO - Started process (PID=411) to work on /opt/bitnami/airflow/venv/lib/python3.12/site-packages/airflow/example_dags/example_dag_decorator.py
[2024-12-13T12:01:40.121+0000] {processor.py:914} INFO - Processing file /opt/bitnami/airflow/venv/lib/python3.12/site-packages/airflow/example_dags/example_dag_decorator.py for tasks to queue
[2024-12-13T12:01:40.123+0000] {logging_mixin.py:190} INFO - [2024-12-13T12:01:40.123+0000] {dagbag.py:588} INFO - Filling up the DagBag from /opt/bitnami/airflow/venv/lib/python3.12/site-packages/airflow/example_dags/example_dag_decorator.py
[2024-12-13T12:01:40.131+0000] {processor.py:925} INFO - DAG(s) 'example_dag_decorator' retrieved from /opt/bitnami/airflow/venv/lib/python3.12/site-packages/airflow/example_dags/example_dag_decorator.py
[2024-12-13T12:01:40.209+0000] {logging_mixin.py:190} INFO - [2024-12-13T12:01:40.209+0000] {dag.py:3239} INFO - Sync 1 DAGs
[2024-12-13T12:01:40.225+0000] {logging_mixin.py:190} INFO - [2024-12-13T12:01:40.224+0000] {dag.py:4180} INFO - Setting next_dagrun for example_dag_decorator to None, run_after=None
[2024-12-13T12:01:40.247+0000] {processor.py:208} INFO - Processing /opt/bitnami/airflow/venv/lib/python3.12/site-packages/airflow/example_dags/example_dag_decorator.py took 0.131 seconds
[2024-12-13T12:02:10.658+0000] {processor.py:186} INFO - Started process (PID=468) to work on /opt/bitnami/airflow/venv/lib/python3.12/site-packages/airflow/example_dags/example_dag_decorator.py
[2024-12-13T12:02:10.658+0000] {processor.py:914} INFO - Processing file /opt/bitnami/airflow/venv/lib/python3.12/site-packages/airflow/example_dags/example_dag_decorator.py for tasks to queue
[2024-12-13T12:02:10.661+0000] {logging_mixin.py:190} INFO - [2024-12-13T12:02:10.661+0000] {dagbag.py:588} INFO - Filling up the DagBag from /opt/bitnami/airflow/venv/lib/python3.12/site-packages/airflow/example_dags/example_dag_decorator.py
[2024-12-13T12:02:10.670+0000] {processor.py:925} INFO - DAG(s) 'example_dag_decorator' retrieved from /opt/bitnami/airflow/venv/lib/python3.12/site-packages/airflow/example_dags/example_dag_decorator.py
[2024-12-13T12:02:10.750+0000] {logging_mixin.py:190} INFO - [2024-12-13T12:02:10.750+0000] {dag.py:3239} INFO - Sync 1 DAGs
[2024-12-13T12:02:10.766+0000] {logging_mixin.py:190} INFO - [2024-12-13T12:02:10.766+0000] {dag.py:4180} INFO - Setting next_dagrun for example_dag_decorator to None, run_after=None
[2024-12-13T12:02:10.788+0000] {processor.py:208} INFO - Processing /opt/bitnami/airflow/venv/lib/python3.12/site-packages/airflow/example_dags/example_dag_decorator.py took 0.135 seconds
