[2024-12-13T08:19:44.358+0000] {processor.py:186} INFO - Started process (PID=61) to work on /opt/bitnami/airflow/venv/lib/python3.12/site-packages/airflow/example_dags/example_bash_decorator.py
[2024-12-13T08:19:44.359+0000] {processor.py:914} INFO - Processing file /opt/bitnami/airflow/venv/lib/python3.12/site-packages/airflow/example_dags/example_bash_decorator.py for tasks to queue
[2024-12-13T08:19:44.361+0000] {logging_mixin.py:190} INFO - [2024-12-13T08:19:44.361+0000] {dagbag.py:588} INFO - Filling up the DagBag from /opt/bitnami/airflow/venv/lib/python3.12/site-packages/airflow/example_dags/example_bash_decorator.py
[2024-12-13T08:19:44.371+0000] {processor.py:925} INFO - DAG(s) 'example_bash_decorator' retrieved from /opt/bitnami/airflow/venv/lib/python3.12/site-packages/airflow/example_dags/example_bash_decorator.py
[2024-12-13T08:19:44.453+0000] {logging_mixin.py:190} INFO - [2024-12-13T08:19:44.453+0000] {dag.py:3239} INFO - Sync 1 DAGs
[2024-12-13T08:19:44.470+0000] {logging_mixin.py:190} INFO - [2024-12-13T08:19:44.470+0000] {dag.py:4180} INFO - Setting next_dagrun for example_bash_decorator to None, run_after=None
[2024-12-13T08:19:44.492+0000] {processor.py:208} INFO - Processing /opt/bitnami/airflow/venv/lib/python3.12/site-packages/airflow/example_dags/example_bash_decorator.py took 0.138 seconds
[2024-12-13T08:20:14.627+0000] {processor.py:186} INFO - Started process (PID=119) to work on /opt/bitnami/airflow/venv/lib/python3.12/site-packages/airflow/example_dags/example_bash_decorator.py
[2024-12-13T08:20:14.628+0000] {processor.py:914} INFO - Processing file /opt/bitnami/airflow/venv/lib/python3.12/site-packages/airflow/example_dags/example_bash_decorator.py for tasks to queue
[2024-12-13T08:20:14.631+0000] {logging_mixin.py:190} INFO - [2024-12-13T08:20:14.630+0000] {dagbag.py:588} INFO - Filling up the DagBag from /opt/bitnami/airflow/venv/lib/python3.12/site-packages/airflow/example_dags/example_bash_decorator.py
[2024-12-13T08:20:14.646+0000] {processor.py:925} INFO - DAG(s) 'example_bash_decorator' retrieved from /opt/bitnami/airflow/venv/lib/python3.12/site-packages/airflow/example_dags/example_bash_decorator.py
[2024-12-13T08:20:14.702+0000] {logging_mixin.py:190} INFO - [2024-12-13T08:20:14.701+0000] {dag.py:3239} INFO - Sync 1 DAGs
[2024-12-13T08:20:14.725+0000] {logging_mixin.py:190} INFO - [2024-12-13T08:20:14.724+0000] {dag.py:4180} INFO - Setting next_dagrun for example_bash_decorator to None, run_after=None
[2024-12-13T08:20:14.746+0000] {processor.py:208} INFO - Processing /opt/bitnami/airflow/venv/lib/python3.12/site-packages/airflow/example_dags/example_bash_decorator.py took 0.125 seconds
[2024-12-13T08:20:45.257+0000] {processor.py:186} INFO - Started process (PID=175) to work on /opt/bitnami/airflow/venv/lib/python3.12/site-packages/airflow/example_dags/example_bash_decorator.py
[2024-12-13T08:20:45.258+0000] {processor.py:914} INFO - Processing file /opt/bitnami/airflow/venv/lib/python3.12/site-packages/airflow/example_dags/example_bash_decorator.py for tasks to queue
[2024-12-13T08:20:45.259+0000] {logging_mixin.py:190} INFO - [2024-12-13T08:20:45.259+0000] {dagbag.py:588} INFO - Filling up the DagBag from /opt/bitnami/airflow/venv/lib/python3.12/site-packages/airflow/example_dags/example_bash_decorator.py
[2024-12-13T08:20:45.270+0000] {processor.py:925} INFO - DAG(s) 'example_bash_decorator' retrieved from /opt/bitnami/airflow/venv/lib/python3.12/site-packages/airflow/example_dags/example_bash_decorator.py
[2024-12-13T08:20:45.306+0000] {logging_mixin.py:190} INFO - [2024-12-13T08:20:45.305+0000] {dag.py:3239} INFO - Sync 1 DAGs
[2024-12-13T08:20:45.325+0000] {logging_mixin.py:190} INFO - [2024-12-13T08:20:45.324+0000] {dag.py:4180} INFO - Setting next_dagrun for example_bash_decorator to None, run_after=None
[2024-12-13T08:20:45.343+0000] {processor.py:208} INFO - Processing /opt/bitnami/airflow/venv/lib/python3.12/site-packages/airflow/example_dags/example_bash_decorator.py took 0.091 seconds
[2024-12-13T08:21:15.920+0000] {processor.py:186} INFO - Started process (PID=232) to work on /opt/bitnami/airflow/venv/lib/python3.12/site-packages/airflow/example_dags/example_bash_decorator.py
[2024-12-13T08:21:15.921+0000] {processor.py:914} INFO - Processing file /opt/bitnami/airflow/venv/lib/python3.12/site-packages/airflow/example_dags/example_bash_decorator.py for tasks to queue
[2024-12-13T08:21:15.923+0000] {logging_mixin.py:190} INFO - [2024-12-13T08:21:15.923+0000] {dagbag.py:588} INFO - Filling up the DagBag from /opt/bitnami/airflow/venv/lib/python3.12/site-packages/airflow/example_dags/example_bash_decorator.py
[2024-12-13T08:21:15.938+0000] {processor.py:925} INFO - DAG(s) 'example_bash_decorator' retrieved from /opt/bitnami/airflow/venv/lib/python3.12/site-packages/airflow/example_dags/example_bash_decorator.py
[2024-12-13T08:21:16.022+0000] {logging_mixin.py:190} INFO - [2024-12-13T08:21:16.021+0000] {dag.py:3239} INFO - Sync 1 DAGs
[2024-12-13T08:21:16.040+0000] {logging_mixin.py:190} INFO - [2024-12-13T08:21:16.040+0000] {dag.py:4180} INFO - Setting next_dagrun for example_bash_decorator to None, run_after=None
[2024-12-13T08:21:16.065+0000] {processor.py:208} INFO - Processing /opt/bitnami/airflow/venv/lib/python3.12/site-packages/airflow/example_dags/example_bash_decorator.py took 0.151 seconds
[2024-12-13T08:21:47.096+0000] {processor.py:186} INFO - Started process (PID=289) to work on /opt/bitnami/airflow/venv/lib/python3.12/site-packages/airflow/example_dags/example_bash_decorator.py
[2024-12-13T08:21:47.097+0000] {processor.py:914} INFO - Processing file /opt/bitnami/airflow/venv/lib/python3.12/site-packages/airflow/example_dags/example_bash_decorator.py for tasks to queue
[2024-12-13T08:21:47.099+0000] {logging_mixin.py:190} INFO - [2024-12-13T08:21:47.099+0000] {dagbag.py:588} INFO - Filling up the DagBag from /opt/bitnami/airflow/venv/lib/python3.12/site-packages/airflow/example_dags/example_bash_decorator.py
[2024-12-13T08:21:47.111+0000] {processor.py:925} INFO - DAG(s) 'example_bash_decorator' retrieved from /opt/bitnami/airflow/venv/lib/python3.12/site-packages/airflow/example_dags/example_bash_decorator.py
[2024-12-13T08:21:47.148+0000] {logging_mixin.py:190} INFO - [2024-12-13T08:21:47.148+0000] {dag.py:3239} INFO - Sync 1 DAGs
[2024-12-13T08:21:47.170+0000] {logging_mixin.py:190} INFO - [2024-12-13T08:21:47.169+0000] {dag.py:4180} INFO - Setting next_dagrun for example_bash_decorator to None, run_after=None
[2024-12-13T08:21:47.193+0000] {processor.py:208} INFO - Processing /opt/bitnami/airflow/venv/lib/python3.12/site-packages/airflow/example_dags/example_bash_decorator.py took 0.101 seconds
[2024-12-13T08:22:17.449+0000] {processor.py:186} INFO - Started process (PID=346) to work on /opt/bitnami/airflow/venv/lib/python3.12/site-packages/airflow/example_dags/example_bash_decorator.py
[2024-12-13T08:22:17.449+0000] {processor.py:914} INFO - Processing file /opt/bitnami/airflow/venv/lib/python3.12/site-packages/airflow/example_dags/example_bash_decorator.py for tasks to queue
[2024-12-13T08:22:17.451+0000] {logging_mixin.py:190} INFO - [2024-12-13T08:22:17.451+0000] {dagbag.py:588} INFO - Filling up the DagBag from /opt/bitnami/airflow/venv/lib/python3.12/site-packages/airflow/example_dags/example_bash_decorator.py
[2024-12-13T08:22:17.463+0000] {processor.py:925} INFO - DAG(s) 'example_bash_decorator' retrieved from /opt/bitnami/airflow/venv/lib/python3.12/site-packages/airflow/example_dags/example_bash_decorator.py
[2024-12-13T08:22:17.495+0000] {logging_mixin.py:190} INFO - [2024-12-13T08:22:17.495+0000] {dag.py:3239} INFO - Sync 1 DAGs
[2024-12-13T08:22:17.512+0000] {logging_mixin.py:190} INFO - [2024-12-13T08:22:17.511+0000] {dag.py:4180} INFO - Setting next_dagrun for example_bash_decorator to None, run_after=None
[2024-12-13T08:22:17.530+0000] {processor.py:208} INFO - Processing /opt/bitnami/airflow/venv/lib/python3.12/site-packages/airflow/example_dags/example_bash_decorator.py took 0.087 seconds
[2024-12-13T08:22:48.309+0000] {processor.py:186} INFO - Started process (PID=403) to work on /opt/bitnami/airflow/venv/lib/python3.12/site-packages/airflow/example_dags/example_bash_decorator.py
[2024-12-13T08:22:48.310+0000] {processor.py:914} INFO - Processing file /opt/bitnami/airflow/venv/lib/python3.12/site-packages/airflow/example_dags/example_bash_decorator.py for tasks to queue
[2024-12-13T08:22:48.312+0000] {logging_mixin.py:190} INFO - [2024-12-13T08:22:48.312+0000] {dagbag.py:588} INFO - Filling up the DagBag from /opt/bitnami/airflow/venv/lib/python3.12/site-packages/airflow/example_dags/example_bash_decorator.py
[2024-12-13T08:22:48.323+0000] {processor.py:925} INFO - DAG(s) 'example_bash_decorator' retrieved from /opt/bitnami/airflow/venv/lib/python3.12/site-packages/airflow/example_dags/example_bash_decorator.py
[2024-12-13T08:22:48.357+0000] {logging_mixin.py:190} INFO - [2024-12-13T08:22:48.357+0000] {dag.py:3239} INFO - Sync 1 DAGs
[2024-12-13T08:22:48.375+0000] {logging_mixin.py:190} INFO - [2024-12-13T08:22:48.374+0000] {dag.py:4180} INFO - Setting next_dagrun for example_bash_decorator to None, run_after=None
[2024-12-13T08:22:48.394+0000] {processor.py:208} INFO - Processing /opt/bitnami/airflow/venv/lib/python3.12/site-packages/airflow/example_dags/example_bash_decorator.py took 0.089 seconds
[2024-12-13T08:25:45.278+0000] {processor.py:186} INFO - Started process (PID=61) to work on /opt/bitnami/airflow/venv/lib/python3.12/site-packages/airflow/example_dags/example_bash_decorator.py
[2024-12-13T08:25:45.279+0000] {processor.py:914} INFO - Processing file /opt/bitnami/airflow/venv/lib/python3.12/site-packages/airflow/example_dags/example_bash_decorator.py for tasks to queue
[2024-12-13T08:25:45.281+0000] {logging_mixin.py:190} INFO - [2024-12-13T08:25:45.281+0000] {dagbag.py:588} INFO - Filling up the DagBag from /opt/bitnami/airflow/venv/lib/python3.12/site-packages/airflow/example_dags/example_bash_decorator.py
[2024-12-13T08:25:45.293+0000] {processor.py:925} INFO - DAG(s) 'example_bash_decorator' retrieved from /opt/bitnami/airflow/venv/lib/python3.12/site-packages/airflow/example_dags/example_bash_decorator.py
[2024-12-13T08:25:45.395+0000] {logging_mixin.py:190} INFO - [2024-12-13T08:25:45.395+0000] {dag.py:3239} INFO - Sync 1 DAGs
[2024-12-13T08:25:45.411+0000] {logging_mixin.py:190} INFO - [2024-12-13T08:25:45.411+0000] {dag.py:4180} INFO - Setting next_dagrun for example_bash_decorator to None, run_after=None
[2024-12-13T08:25:45.439+0000] {processor.py:208} INFO - Processing /opt/bitnami/airflow/venv/lib/python3.12/site-packages/airflow/example_dags/example_bash_decorator.py took 0.167 seconds
[2024-12-13T08:26:15.856+0000] {processor.py:186} INFO - Started process (PID=118) to work on /opt/bitnami/airflow/venv/lib/python3.12/site-packages/airflow/example_dags/example_bash_decorator.py
[2024-12-13T08:26:15.857+0000] {processor.py:914} INFO - Processing file /opt/bitnami/airflow/venv/lib/python3.12/site-packages/airflow/example_dags/example_bash_decorator.py for tasks to queue
[2024-12-13T08:26:15.859+0000] {logging_mixin.py:190} INFO - [2024-12-13T08:26:15.859+0000] {dagbag.py:588} INFO - Filling up the DagBag from /opt/bitnami/airflow/venv/lib/python3.12/site-packages/airflow/example_dags/example_bash_decorator.py
[2024-12-13T08:26:15.869+0000] {processor.py:925} INFO - DAG(s) 'example_bash_decorator' retrieved from /opt/bitnami/airflow/venv/lib/python3.12/site-packages/airflow/example_dags/example_bash_decorator.py
[2024-12-13T08:26:15.904+0000] {logging_mixin.py:190} INFO - [2024-12-13T08:26:15.904+0000] {dag.py:3239} INFO - Sync 1 DAGs
[2024-12-13T08:26:15.924+0000] {logging_mixin.py:190} INFO - [2024-12-13T08:26:15.924+0000] {dag.py:4180} INFO - Setting next_dagrun for example_bash_decorator to None, run_after=None
[2024-12-13T08:26:15.945+0000] {processor.py:208} INFO - Processing /opt/bitnami/airflow/venv/lib/python3.12/site-packages/airflow/example_dags/example_bash_decorator.py took 0.094 seconds
[2024-12-13T08:26:47.488+0000] {processor.py:186} INFO - Started process (PID=175) to work on /opt/bitnami/airflow/venv/lib/python3.12/site-packages/airflow/example_dags/example_bash_decorator.py
[2024-12-13T08:26:47.489+0000] {processor.py:914} INFO - Processing file /opt/bitnami/airflow/venv/lib/python3.12/site-packages/airflow/example_dags/example_bash_decorator.py for tasks to queue
[2024-12-13T08:26:47.492+0000] {logging_mixin.py:190} INFO - [2024-12-13T08:26:47.492+0000] {dagbag.py:588} INFO - Filling up the DagBag from /opt/bitnami/airflow/venv/lib/python3.12/site-packages/airflow/example_dags/example_bash_decorator.py
[2024-12-13T08:26:47.504+0000] {processor.py:925} INFO - DAG(s) 'example_bash_decorator' retrieved from /opt/bitnami/airflow/venv/lib/python3.12/site-packages/airflow/example_dags/example_bash_decorator.py
[2024-12-13T08:26:47.593+0000] {logging_mixin.py:190} INFO - [2024-12-13T08:26:47.593+0000] {dag.py:3239} INFO - Sync 1 DAGs
[2024-12-13T08:26:47.613+0000] {logging_mixin.py:190} INFO - [2024-12-13T08:26:47.613+0000] {dag.py:4180} INFO - Setting next_dagrun for example_bash_decorator to None, run_after=None
[2024-12-13T08:26:47.641+0000] {processor.py:208} INFO - Processing /opt/bitnami/airflow/venv/lib/python3.12/site-packages/airflow/example_dags/example_bash_decorator.py took 0.158 seconds
[2024-12-13T08:27:17.962+0000] {processor.py:186} INFO - Started process (PID=232) to work on /opt/bitnami/airflow/venv/lib/python3.12/site-packages/airflow/example_dags/example_bash_decorator.py
[2024-12-13T08:27:17.963+0000] {processor.py:914} INFO - Processing file /opt/bitnami/airflow/venv/lib/python3.12/site-packages/airflow/example_dags/example_bash_decorator.py for tasks to queue
[2024-12-13T08:27:17.964+0000] {logging_mixin.py:190} INFO - [2024-12-13T08:27:17.964+0000] {dagbag.py:588} INFO - Filling up the DagBag from /opt/bitnami/airflow/venv/lib/python3.12/site-packages/airflow/example_dags/example_bash_decorator.py
[2024-12-13T08:27:17.975+0000] {processor.py:925} INFO - DAG(s) 'example_bash_decorator' retrieved from /opt/bitnami/airflow/venv/lib/python3.12/site-packages/airflow/example_dags/example_bash_decorator.py
[2024-12-13T08:27:18.006+0000] {logging_mixin.py:190} INFO - [2024-12-13T08:27:18.005+0000] {dag.py:3239} INFO - Sync 1 DAGs
[2024-12-13T08:27:18.021+0000] {logging_mixin.py:190} INFO - [2024-12-13T08:27:18.021+0000] {dag.py:4180} INFO - Setting next_dagrun for example_bash_decorator to None, run_after=None
[2024-12-13T08:27:18.039+0000] {processor.py:208} INFO - Processing /opt/bitnami/airflow/venv/lib/python3.12/site-packages/airflow/example_dags/example_bash_decorator.py took 0.082 seconds
[2024-12-13T10:42:37.611+0000] {processor.py:186} INFO - Started process (PID=61) to work on /opt/bitnami/airflow/venv/lib/python3.12/site-packages/airflow/example_dags/example_bash_decorator.py
[2024-12-13T10:42:37.613+0000] {processor.py:914} INFO - Processing file /opt/bitnami/airflow/venv/lib/python3.12/site-packages/airflow/example_dags/example_bash_decorator.py for tasks to queue
[2024-12-13T10:42:37.616+0000] {logging_mixin.py:190} INFO - [2024-12-13T10:42:37.616+0000] {dagbag.py:588} INFO - Filling up the DagBag from /opt/bitnami/airflow/venv/lib/python3.12/site-packages/airflow/example_dags/example_bash_decorator.py
[2024-12-13T10:42:37.626+0000] {processor.py:925} INFO - DAG(s) 'example_bash_decorator' retrieved from /opt/bitnami/airflow/venv/lib/python3.12/site-packages/airflow/example_dags/example_bash_decorator.py
[2024-12-13T10:42:37.808+0000] {logging_mixin.py:190} INFO - [2024-12-13T10:42:37.807+0000] {override.py:1900} INFO - Created Permission View: can read on DAG:example_bash_decorator
[2024-12-13T10:42:37.820+0000] {logging_mixin.py:190} INFO - [2024-12-13T10:42:37.820+0000] {override.py:1900} INFO - Created Permission View: can delete on DAG:example_bash_decorator
[2024-12-13T10:42:37.827+0000] {logging_mixin.py:190} INFO - [2024-12-13T10:42:37.827+0000] {override.py:1900} INFO - Created Permission View: can edit on DAG:example_bash_decorator
[2024-12-13T10:42:37.841+0000] {logging_mixin.py:190} INFO - [2024-12-13T10:42:37.841+0000] {override.py:1900} INFO - Created Permission View: can delete on DAG Run:example_bash_decorator
[2024-12-13T10:42:37.853+0000] {logging_mixin.py:190} INFO - [2024-12-13T10:42:37.852+0000] {override.py:1900} INFO - Created Permission View: can read on DAG Run:example_bash_decorator
[2024-12-13T10:42:37.865+0000] {logging_mixin.py:190} INFO - [2024-12-13T10:42:37.865+0000] {override.py:1900} INFO - Created Permission View: can create on DAG Run:example_bash_decorator
[2024-12-13T10:42:37.879+0000] {logging_mixin.py:190} INFO - [2024-12-13T10:42:37.878+0000] {override.py:1900} INFO - Created Permission View: menu access on DAG Run:example_bash_decorator
[2024-12-13T10:42:37.881+0000] {logging_mixin.py:190} INFO - [2024-12-13T10:42:37.880+0000] {dag.py:3239} INFO - Sync 1 DAGs
[2024-12-13T10:42:37.947+0000] {logging_mixin.py:190} INFO - [2024-12-13T10:42:37.947+0000] {dag.py:3262} INFO - Creating ORM DAG for example_bash_decorator
[2024-12-13T10:42:37.949+0000] {logging_mixin.py:190} INFO - [2024-12-13T10:42:37.949+0000] {dag.py:4180} INFO - Setting next_dagrun for example_bash_decorator to None, run_after=None
[2024-12-13T10:42:38.003+0000] {processor.py:208} INFO - Processing /opt/bitnami/airflow/venv/lib/python3.12/site-packages/airflow/example_dags/example_bash_decorator.py took 0.398 seconds
[2024-12-13T10:43:08.694+0000] {processor.py:186} INFO - Started process (PID=118) to work on /opt/bitnami/airflow/venv/lib/python3.12/site-packages/airflow/example_dags/example_bash_decorator.py
[2024-12-13T10:43:08.695+0000] {processor.py:914} INFO - Processing file /opt/bitnami/airflow/venv/lib/python3.12/site-packages/airflow/example_dags/example_bash_decorator.py for tasks to queue
[2024-12-13T10:43:08.698+0000] {logging_mixin.py:190} INFO - [2024-12-13T10:43:08.698+0000] {dagbag.py:588} INFO - Filling up the DagBag from /opt/bitnami/airflow/venv/lib/python3.12/site-packages/airflow/example_dags/example_bash_decorator.py
[2024-12-13T10:43:08.710+0000] {processor.py:925} INFO - DAG(s) 'example_bash_decorator' retrieved from /opt/bitnami/airflow/venv/lib/python3.12/site-packages/airflow/example_dags/example_bash_decorator.py
[2024-12-13T10:43:08.756+0000] {logging_mixin.py:190} INFO - [2024-12-13T10:43:08.756+0000] {dag.py:3239} INFO - Sync 1 DAGs
[2024-12-13T10:43:08.790+0000] {logging_mixin.py:190} INFO - [2024-12-13T10:43:08.789+0000] {dag.py:4180} INFO - Setting next_dagrun for example_bash_decorator to None, run_after=None
[2024-12-13T10:43:08.834+0000] {processor.py:208} INFO - Processing /opt/bitnami/airflow/venv/lib/python3.12/site-packages/airflow/example_dags/example_bash_decorator.py took 0.144 seconds
[2024-12-13T10:43:38.933+0000] {processor.py:186} INFO - Started process (PID=175) to work on /opt/bitnami/airflow/venv/lib/python3.12/site-packages/airflow/example_dags/example_bash_decorator.py
[2024-12-13T10:43:38.935+0000] {processor.py:914} INFO - Processing file /opt/bitnami/airflow/venv/lib/python3.12/site-packages/airflow/example_dags/example_bash_decorator.py for tasks to queue
[2024-12-13T10:43:38.939+0000] {logging_mixin.py:190} INFO - [2024-12-13T10:43:38.938+0000] {dagbag.py:588} INFO - Filling up the DagBag from /opt/bitnami/airflow/venv/lib/python3.12/site-packages/airflow/example_dags/example_bash_decorator.py
[2024-12-13T10:43:38.960+0000] {processor.py:925} INFO - DAG(s) 'example_bash_decorator' retrieved from /opt/bitnami/airflow/venv/lib/python3.12/site-packages/airflow/example_dags/example_bash_decorator.py
[2024-12-13T10:43:39.112+0000] {logging_mixin.py:190} INFO - [2024-12-13T10:43:39.112+0000] {dag.py:3239} INFO - Sync 1 DAGs
[2024-12-13T10:43:39.144+0000] {logging_mixin.py:190} INFO - [2024-12-13T10:43:39.144+0000] {dag.py:4180} INFO - Setting next_dagrun for example_bash_decorator to None, run_after=None
[2024-12-13T10:43:39.190+0000] {processor.py:208} INFO - Processing /opt/bitnami/airflow/venv/lib/python3.12/site-packages/airflow/example_dags/example_bash_decorator.py took 0.266 seconds
[2024-12-13T10:44:09.413+0000] {processor.py:186} INFO - Started process (PID=232) to work on /opt/bitnami/airflow/venv/lib/python3.12/site-packages/airflow/example_dags/example_bash_decorator.py
[2024-12-13T10:44:09.414+0000] {processor.py:914} INFO - Processing file /opt/bitnami/airflow/venv/lib/python3.12/site-packages/airflow/example_dags/example_bash_decorator.py for tasks to queue
[2024-12-13T10:44:09.416+0000] {logging_mixin.py:190} INFO - [2024-12-13T10:44:09.416+0000] {dagbag.py:588} INFO - Filling up the DagBag from /opt/bitnami/airflow/venv/lib/python3.12/site-packages/airflow/example_dags/example_bash_decorator.py
[2024-12-13T10:44:09.427+0000] {processor.py:925} INFO - DAG(s) 'example_bash_decorator' retrieved from /opt/bitnami/airflow/venv/lib/python3.12/site-packages/airflow/example_dags/example_bash_decorator.py
[2024-12-13T10:44:09.472+0000] {logging_mixin.py:190} INFO - [2024-12-13T10:44:09.472+0000] {dag.py:3239} INFO - Sync 1 DAGs
[2024-12-13T10:44:09.507+0000] {logging_mixin.py:190} INFO - [2024-12-13T10:44:09.507+0000] {dag.py:4180} INFO - Setting next_dagrun for example_bash_decorator to None, run_after=None
[2024-12-13T10:44:09.540+0000] {processor.py:208} INFO - Processing /opt/bitnami/airflow/venv/lib/python3.12/site-packages/airflow/example_dags/example_bash_decorator.py took 0.133 seconds
[2024-12-13T10:44:40.066+0000] {processor.py:186} INFO - Started process (PID=289) to work on /opt/bitnami/airflow/venv/lib/python3.12/site-packages/airflow/example_dags/example_bash_decorator.py
[2024-12-13T10:44:40.067+0000] {processor.py:914} INFO - Processing file /opt/bitnami/airflow/venv/lib/python3.12/site-packages/airflow/example_dags/example_bash_decorator.py for tasks to queue
[2024-12-13T10:44:40.069+0000] {logging_mixin.py:190} INFO - [2024-12-13T10:44:40.069+0000] {dagbag.py:588} INFO - Filling up the DagBag from /opt/bitnami/airflow/venv/lib/python3.12/site-packages/airflow/example_dags/example_bash_decorator.py
[2024-12-13T10:44:40.083+0000] {processor.py:925} INFO - DAG(s) 'example_bash_decorator' retrieved from /opt/bitnami/airflow/venv/lib/python3.12/site-packages/airflow/example_dags/example_bash_decorator.py
[2024-12-13T10:44:40.139+0000] {logging_mixin.py:190} INFO - [2024-12-13T10:44:40.138+0000] {dag.py:3239} INFO - Sync 1 DAGs
[2024-12-13T10:44:40.163+0000] {logging_mixin.py:190} INFO - [2024-12-13T10:44:40.163+0000] {dag.py:4180} INFO - Setting next_dagrun for example_bash_decorator to None, run_after=None
[2024-12-13T10:44:40.189+0000] {processor.py:208} INFO - Processing /opt/bitnami/airflow/venv/lib/python3.12/site-packages/airflow/example_dags/example_bash_decorator.py took 0.127 seconds
[2024-12-13T10:52:10.350+0000] {processor.py:186} INFO - Started process (PID=61) to work on /opt/bitnami/airflow/venv/lib/python3.12/site-packages/airflow/example_dags/example_bash_decorator.py
[2024-12-13T10:52:10.351+0000] {processor.py:914} INFO - Processing file /opt/bitnami/airflow/venv/lib/python3.12/site-packages/airflow/example_dags/example_bash_decorator.py for tasks to queue
[2024-12-13T10:52:10.353+0000] {logging_mixin.py:190} INFO - [2024-12-13T10:52:10.353+0000] {dagbag.py:588} INFO - Filling up the DagBag from /opt/bitnami/airflow/venv/lib/python3.12/site-packages/airflow/example_dags/example_bash_decorator.py
[2024-12-13T10:52:10.366+0000] {processor.py:925} INFO - DAG(s) 'example_bash_decorator' retrieved from /opt/bitnami/airflow/venv/lib/python3.12/site-packages/airflow/example_dags/example_bash_decorator.py
[2024-12-13T10:52:10.468+0000] {logging_mixin.py:190} INFO - [2024-12-13T10:52:10.468+0000] {override.py:1900} INFO - Created Permission View: can read on DAG:example_bash_decorator
[2024-12-13T10:52:10.482+0000] {logging_mixin.py:190} INFO - [2024-12-13T10:52:10.482+0000] {override.py:1900} INFO - Created Permission View: can delete on DAG:example_bash_decorator
[2024-12-13T10:52:10.489+0000] {logging_mixin.py:190} INFO - [2024-12-13T10:52:10.489+0000] {override.py:1900} INFO - Created Permission View: can edit on DAG:example_bash_decorator
[2024-12-13T10:52:10.497+0000] {logging_mixin.py:190} INFO - [2024-12-13T10:52:10.497+0000] {override.py:1900} INFO - Created Permission View: menu access on DAG Run:example_bash_decorator
[2024-12-13T10:52:10.505+0000] {logging_mixin.py:190} INFO - [2024-12-13T10:52:10.504+0000] {override.py:1900} INFO - Created Permission View: can read on DAG Run:example_bash_decorator
[2024-12-13T10:52:10.511+0000] {logging_mixin.py:190} INFO - [2024-12-13T10:52:10.511+0000] {override.py:1900} INFO - Created Permission View: can delete on DAG Run:example_bash_decorator
[2024-12-13T10:52:10.518+0000] {logging_mixin.py:190} INFO - [2024-12-13T10:52:10.517+0000] {override.py:1900} INFO - Created Permission View: can create on DAG Run:example_bash_decorator
[2024-12-13T10:52:10.518+0000] {logging_mixin.py:190} INFO - [2024-12-13T10:52:10.518+0000] {dag.py:3239} INFO - Sync 1 DAGs
[2024-12-13T10:52:10.542+0000] {logging_mixin.py:190} INFO - [2024-12-13T10:52:10.541+0000] {dag.py:3262} INFO - Creating ORM DAG for example_bash_decorator
[2024-12-13T10:52:10.543+0000] {logging_mixin.py:190} INFO - [2024-12-13T10:52:10.542+0000] {dag.py:4180} INFO - Setting next_dagrun for example_bash_decorator to None, run_after=None
[2024-12-13T10:52:10.567+0000] {processor.py:208} INFO - Processing /opt/bitnami/airflow/venv/lib/python3.12/site-packages/airflow/example_dags/example_bash_decorator.py took 0.223 seconds
[2024-12-13T10:52:40.811+0000] {processor.py:186} INFO - Started process (PID=118) to work on /opt/bitnami/airflow/venv/lib/python3.12/site-packages/airflow/example_dags/example_bash_decorator.py
[2024-12-13T10:52:40.813+0000] {processor.py:914} INFO - Processing file /opt/bitnami/airflow/venv/lib/python3.12/site-packages/airflow/example_dags/example_bash_decorator.py for tasks to queue
[2024-12-13T10:52:40.816+0000] {logging_mixin.py:190} INFO - [2024-12-13T10:52:40.816+0000] {dagbag.py:588} INFO - Filling up the DagBag from /opt/bitnami/airflow/venv/lib/python3.12/site-packages/airflow/example_dags/example_bash_decorator.py
[2024-12-13T10:52:40.827+0000] {processor.py:925} INFO - DAG(s) 'example_bash_decorator' retrieved from /opt/bitnami/airflow/venv/lib/python3.12/site-packages/airflow/example_dags/example_bash_decorator.py
[2024-12-13T10:52:40.935+0000] {logging_mixin.py:190} INFO - [2024-12-13T10:52:40.935+0000] {dag.py:3239} INFO - Sync 1 DAGs
[2024-12-13T10:52:40.987+0000] {logging_mixin.py:190} INFO - [2024-12-13T10:52:40.986+0000] {dag.py:4180} INFO - Setting next_dagrun for example_bash_decorator to None, run_after=None
[2024-12-13T10:52:41.027+0000] {processor.py:208} INFO - Processing /opt/bitnami/airflow/venv/lib/python3.12/site-packages/airflow/example_dags/example_bash_decorator.py took 0.222 seconds
[2024-12-13T10:53:13.402+0000] {processor.py:186} INFO - Started process (PID=175) to work on /opt/bitnami/airflow/venv/lib/python3.12/site-packages/airflow/example_dags/example_bash_decorator.py
[2024-12-13T10:53:13.403+0000] {processor.py:914} INFO - Processing file /opt/bitnami/airflow/venv/lib/python3.12/site-packages/airflow/example_dags/example_bash_decorator.py for tasks to queue
[2024-12-13T10:53:13.405+0000] {logging_mixin.py:190} INFO - [2024-12-13T10:53:13.405+0000] {dagbag.py:588} INFO - Filling up the DagBag from /opt/bitnami/airflow/venv/lib/python3.12/site-packages/airflow/example_dags/example_bash_decorator.py
[2024-12-13T10:53:13.416+0000] {processor.py:925} INFO - DAG(s) 'example_bash_decorator' retrieved from /opt/bitnami/airflow/venv/lib/python3.12/site-packages/airflow/example_dags/example_bash_decorator.py
[2024-12-13T10:53:13.555+0000] {logging_mixin.py:190} INFO - [2024-12-13T10:53:13.554+0000] {dag.py:3239} INFO - Sync 1 DAGs
[2024-12-13T10:53:13.585+0000] {logging_mixin.py:190} INFO - [2024-12-13T10:53:13.584+0000] {dag.py:4180} INFO - Setting next_dagrun for example_bash_decorator to None, run_after=None
[2024-12-13T10:53:13.613+0000] {processor.py:208} INFO - Processing /opt/bitnami/airflow/venv/lib/python3.12/site-packages/airflow/example_dags/example_bash_decorator.py took 0.216 seconds
[2024-12-13T10:53:43.932+0000] {processor.py:186} INFO - Started process (PID=232) to work on /opt/bitnami/airflow/venv/lib/python3.12/site-packages/airflow/example_dags/example_bash_decorator.py
[2024-12-13T10:53:43.934+0000] {processor.py:914} INFO - Processing file /opt/bitnami/airflow/venv/lib/python3.12/site-packages/airflow/example_dags/example_bash_decorator.py for tasks to queue
[2024-12-13T10:53:43.936+0000] {logging_mixin.py:190} INFO - [2024-12-13T10:53:43.936+0000] {dagbag.py:588} INFO - Filling up the DagBag from /opt/bitnami/airflow/venv/lib/python3.12/site-packages/airflow/example_dags/example_bash_decorator.py
[2024-12-13T10:53:43.953+0000] {processor.py:925} INFO - DAG(s) 'example_bash_decorator' retrieved from /opt/bitnami/airflow/venv/lib/python3.12/site-packages/airflow/example_dags/example_bash_decorator.py
[2024-12-13T10:53:44.015+0000] {logging_mixin.py:190} INFO - [2024-12-13T10:53:44.015+0000] {dag.py:3239} INFO - Sync 1 DAGs
[2024-12-13T10:53:44.038+0000] {logging_mixin.py:190} INFO - [2024-12-13T10:53:44.038+0000] {dag.py:4180} INFO - Setting next_dagrun for example_bash_decorator to None, run_after=None
[2024-12-13T10:53:44.067+0000] {processor.py:208} INFO - Processing /opt/bitnami/airflow/venv/lib/python3.12/site-packages/airflow/example_dags/example_bash_decorator.py took 0.142 seconds
[2024-12-13T10:54:14.359+0000] {processor.py:186} INFO - Started process (PID=289) to work on /opt/bitnami/airflow/venv/lib/python3.12/site-packages/airflow/example_dags/example_bash_decorator.py
[2024-12-13T10:54:14.360+0000] {processor.py:914} INFO - Processing file /opt/bitnami/airflow/venv/lib/python3.12/site-packages/airflow/example_dags/example_bash_decorator.py for tasks to queue
[2024-12-13T10:54:14.363+0000] {logging_mixin.py:190} INFO - [2024-12-13T10:54:14.362+0000] {dagbag.py:588} INFO - Filling up the DagBag from /opt/bitnami/airflow/venv/lib/python3.12/site-packages/airflow/example_dags/example_bash_decorator.py
[2024-12-13T10:54:14.374+0000] {processor.py:925} INFO - DAG(s) 'example_bash_decorator' retrieved from /opt/bitnami/airflow/venv/lib/python3.12/site-packages/airflow/example_dags/example_bash_decorator.py
[2024-12-13T10:54:14.435+0000] {logging_mixin.py:190} INFO - [2024-12-13T10:54:14.434+0000] {dag.py:3239} INFO - Sync 1 DAGs
[2024-12-13T10:54:14.451+0000] {logging_mixin.py:190} INFO - [2024-12-13T10:54:14.451+0000] {dag.py:4180} INFO - Setting next_dagrun for example_bash_decorator to None, run_after=None
[2024-12-13T10:54:14.473+0000] {processor.py:208} INFO - Processing /opt/bitnami/airflow/venv/lib/python3.12/site-packages/airflow/example_dags/example_bash_decorator.py took 0.120 seconds
[2024-12-13T10:54:44.647+0000] {processor.py:186} INFO - Started process (PID=346) to work on /opt/bitnami/airflow/venv/lib/python3.12/site-packages/airflow/example_dags/example_bash_decorator.py
[2024-12-13T10:54:44.649+0000] {processor.py:914} INFO - Processing file /opt/bitnami/airflow/venv/lib/python3.12/site-packages/airflow/example_dags/example_bash_decorator.py for tasks to queue
[2024-12-13T10:54:44.651+0000] {logging_mixin.py:190} INFO - [2024-12-13T10:54:44.651+0000] {dagbag.py:588} INFO - Filling up the DagBag from /opt/bitnami/airflow/venv/lib/python3.12/site-packages/airflow/example_dags/example_bash_decorator.py
[2024-12-13T10:54:44.662+0000] {processor.py:925} INFO - DAG(s) 'example_bash_decorator' retrieved from /opt/bitnami/airflow/venv/lib/python3.12/site-packages/airflow/example_dags/example_bash_decorator.py
[2024-12-13T10:54:44.715+0000] {logging_mixin.py:190} INFO - [2024-12-13T10:54:44.715+0000] {dag.py:3239} INFO - Sync 1 DAGs
[2024-12-13T10:54:44.743+0000] {logging_mixin.py:190} INFO - [2024-12-13T10:54:44.743+0000] {dag.py:4180} INFO - Setting next_dagrun for example_bash_decorator to None, run_after=None
[2024-12-13T10:54:44.777+0000] {processor.py:208} INFO - Processing /opt/bitnami/airflow/venv/lib/python3.12/site-packages/airflow/example_dags/example_bash_decorator.py took 0.134 seconds
[2024-12-13T10:55:15.474+0000] {processor.py:186} INFO - Started process (PID=403) to work on /opt/bitnami/airflow/venv/lib/python3.12/site-packages/airflow/example_dags/example_bash_decorator.py
[2024-12-13T10:55:15.476+0000] {processor.py:914} INFO - Processing file /opt/bitnami/airflow/venv/lib/python3.12/site-packages/airflow/example_dags/example_bash_decorator.py for tasks to queue
[2024-12-13T10:55:15.477+0000] {logging_mixin.py:190} INFO - [2024-12-13T10:55:15.477+0000] {dagbag.py:588} INFO - Filling up the DagBag from /opt/bitnami/airflow/venv/lib/python3.12/site-packages/airflow/example_dags/example_bash_decorator.py
[2024-12-13T10:55:15.488+0000] {processor.py:925} INFO - DAG(s) 'example_bash_decorator' retrieved from /opt/bitnami/airflow/venv/lib/python3.12/site-packages/airflow/example_dags/example_bash_decorator.py
[2024-12-13T10:55:15.528+0000] {logging_mixin.py:190} INFO - [2024-12-13T10:55:15.528+0000] {dag.py:3239} INFO - Sync 1 DAGs
[2024-12-13T10:55:15.549+0000] {logging_mixin.py:190} INFO - [2024-12-13T10:55:15.549+0000] {dag.py:4180} INFO - Setting next_dagrun for example_bash_decorator to None, run_after=None
[2024-12-13T10:55:15.574+0000] {processor.py:208} INFO - Processing /opt/bitnami/airflow/venv/lib/python3.12/site-packages/airflow/example_dags/example_bash_decorator.py took 0.104 seconds
[2024-12-13T10:55:45.895+0000] {processor.py:186} INFO - Started process (PID=460) to work on /opt/bitnami/airflow/venv/lib/python3.12/site-packages/airflow/example_dags/example_bash_decorator.py
[2024-12-13T10:55:45.897+0000] {processor.py:914} INFO - Processing file /opt/bitnami/airflow/venv/lib/python3.12/site-packages/airflow/example_dags/example_bash_decorator.py for tasks to queue
[2024-12-13T10:55:45.899+0000] {logging_mixin.py:190} INFO - [2024-12-13T10:55:45.899+0000] {dagbag.py:588} INFO - Filling up the DagBag from /opt/bitnami/airflow/venv/lib/python3.12/site-packages/airflow/example_dags/example_bash_decorator.py
[2024-12-13T10:55:45.910+0000] {processor.py:925} INFO - DAG(s) 'example_bash_decorator' retrieved from /opt/bitnami/airflow/venv/lib/python3.12/site-packages/airflow/example_dags/example_bash_decorator.py
[2024-12-13T10:55:46.012+0000] {logging_mixin.py:190} INFO - [2024-12-13T10:55:46.012+0000] {dag.py:3239} INFO - Sync 1 DAGs
[2024-12-13T10:55:46.055+0000] {logging_mixin.py:190} INFO - [2024-12-13T10:55:46.055+0000] {dag.py:4180} INFO - Setting next_dagrun for example_bash_decorator to None, run_after=None
[2024-12-13T10:55:46.099+0000] {processor.py:208} INFO - Processing /opt/bitnami/airflow/venv/lib/python3.12/site-packages/airflow/example_dags/example_bash_decorator.py took 0.208 seconds
[2024-12-13T10:56:17.013+0000] {processor.py:186} INFO - Started process (PID=517) to work on /opt/bitnami/airflow/venv/lib/python3.12/site-packages/airflow/example_dags/example_bash_decorator.py
[2024-12-13T10:56:17.015+0000] {processor.py:914} INFO - Processing file /opt/bitnami/airflow/venv/lib/python3.12/site-packages/airflow/example_dags/example_bash_decorator.py for tasks to queue
[2024-12-13T10:56:17.017+0000] {logging_mixin.py:190} INFO - [2024-12-13T10:56:17.017+0000] {dagbag.py:588} INFO - Filling up the DagBag from /opt/bitnami/airflow/venv/lib/python3.12/site-packages/airflow/example_dags/example_bash_decorator.py
[2024-12-13T10:56:17.036+0000] {processor.py:925} INFO - DAG(s) 'example_bash_decorator' retrieved from /opt/bitnami/airflow/venv/lib/python3.12/site-packages/airflow/example_dags/example_bash_decorator.py
[2024-12-13T10:56:17.113+0000] {logging_mixin.py:190} INFO - [2024-12-13T10:56:17.112+0000] {dag.py:3239} INFO - Sync 1 DAGs
[2024-12-13T10:56:17.142+0000] {logging_mixin.py:190} INFO - [2024-12-13T10:56:17.142+0000] {dag.py:4180} INFO - Setting next_dagrun for example_bash_decorator to None, run_after=None
[2024-12-13T10:56:17.184+0000] {processor.py:208} INFO - Processing /opt/bitnami/airflow/venv/lib/python3.12/site-packages/airflow/example_dags/example_bash_decorator.py took 0.175 seconds
[2024-12-13T10:56:47.284+0000] {processor.py:186} INFO - Started process (PID=574) to work on /opt/bitnami/airflow/venv/lib/python3.12/site-packages/airflow/example_dags/example_bash_decorator.py
[2024-12-13T10:56:47.285+0000] {processor.py:914} INFO - Processing file /opt/bitnami/airflow/venv/lib/python3.12/site-packages/airflow/example_dags/example_bash_decorator.py for tasks to queue
[2024-12-13T10:56:47.287+0000] {logging_mixin.py:190} INFO - [2024-12-13T10:56:47.287+0000] {dagbag.py:588} INFO - Filling up the DagBag from /opt/bitnami/airflow/venv/lib/python3.12/site-packages/airflow/example_dags/example_bash_decorator.py
[2024-12-13T10:56:47.298+0000] {processor.py:925} INFO - DAG(s) 'example_bash_decorator' retrieved from /opt/bitnami/airflow/venv/lib/python3.12/site-packages/airflow/example_dags/example_bash_decorator.py
[2024-12-13T10:56:47.367+0000] {logging_mixin.py:190} INFO - [2024-12-13T10:56:47.367+0000] {dag.py:3239} INFO - Sync 1 DAGs
[2024-12-13T10:56:47.394+0000] {logging_mixin.py:190} INFO - [2024-12-13T10:56:47.394+0000] {dag.py:4180} INFO - Setting next_dagrun for example_bash_decorator to None, run_after=None
[2024-12-13T10:56:47.428+0000] {processor.py:208} INFO - Processing /opt/bitnami/airflow/venv/lib/python3.12/site-packages/airflow/example_dags/example_bash_decorator.py took 0.148 seconds
[2024-12-13T10:57:17.868+0000] {processor.py:186} INFO - Started process (PID=631) to work on /opt/bitnami/airflow/venv/lib/python3.12/site-packages/airflow/example_dags/example_bash_decorator.py
[2024-12-13T10:57:17.870+0000] {processor.py:914} INFO - Processing file /opt/bitnami/airflow/venv/lib/python3.12/site-packages/airflow/example_dags/example_bash_decorator.py for tasks to queue
[2024-12-13T10:57:17.871+0000] {logging_mixin.py:190} INFO - [2024-12-13T10:57:17.871+0000] {dagbag.py:588} INFO - Filling up the DagBag from /opt/bitnami/airflow/venv/lib/python3.12/site-packages/airflow/example_dags/example_bash_decorator.py
[2024-12-13T10:57:17.884+0000] {processor.py:925} INFO - DAG(s) 'example_bash_decorator' retrieved from /opt/bitnami/airflow/venv/lib/python3.12/site-packages/airflow/example_dags/example_bash_decorator.py
[2024-12-13T10:57:17.932+0000] {logging_mixin.py:190} INFO - [2024-12-13T10:57:17.932+0000] {dag.py:3239} INFO - Sync 1 DAGs
[2024-12-13T10:57:17.959+0000] {logging_mixin.py:190} INFO - [2024-12-13T10:57:17.959+0000] {dag.py:4180} INFO - Setting next_dagrun for example_bash_decorator to None, run_after=None
[2024-12-13T10:57:17.987+0000] {processor.py:208} INFO - Processing /opt/bitnami/airflow/venv/lib/python3.12/site-packages/airflow/example_dags/example_bash_decorator.py took 0.123 seconds
[2024-12-13T10:57:48.872+0000] {processor.py:186} INFO - Started process (PID=688) to work on /opt/bitnami/airflow/venv/lib/python3.12/site-packages/airflow/example_dags/example_bash_decorator.py
[2024-12-13T10:57:48.873+0000] {processor.py:914} INFO - Processing file /opt/bitnami/airflow/venv/lib/python3.12/site-packages/airflow/example_dags/example_bash_decorator.py for tasks to queue
[2024-12-13T10:57:48.875+0000] {logging_mixin.py:190} INFO - [2024-12-13T10:57:48.875+0000] {dagbag.py:588} INFO - Filling up the DagBag from /opt/bitnami/airflow/venv/lib/python3.12/site-packages/airflow/example_dags/example_bash_decorator.py
[2024-12-13T10:57:48.885+0000] {processor.py:925} INFO - DAG(s) 'example_bash_decorator' retrieved from /opt/bitnami/airflow/venv/lib/python3.12/site-packages/airflow/example_dags/example_bash_decorator.py
[2024-12-13T10:57:48.925+0000] {logging_mixin.py:190} INFO - [2024-12-13T10:57:48.925+0000] {dag.py:3239} INFO - Sync 1 DAGs
[2024-12-13T10:57:48.940+0000] {logging_mixin.py:190} INFO - [2024-12-13T10:57:48.940+0000] {dag.py:4180} INFO - Setting next_dagrun for example_bash_decorator to None, run_after=None
[2024-12-13T10:57:48.974+0000] {processor.py:208} INFO - Processing /opt/bitnami/airflow/venv/lib/python3.12/site-packages/airflow/example_dags/example_bash_decorator.py took 0.106 seconds
[2024-12-13T10:58:19.183+0000] {processor.py:186} INFO - Started process (PID=745) to work on /opt/bitnami/airflow/venv/lib/python3.12/site-packages/airflow/example_dags/example_bash_decorator.py
[2024-12-13T10:58:19.184+0000] {processor.py:914} INFO - Processing file /opt/bitnami/airflow/venv/lib/python3.12/site-packages/airflow/example_dags/example_bash_decorator.py for tasks to queue
[2024-12-13T10:58:19.187+0000] {logging_mixin.py:190} INFO - [2024-12-13T10:58:19.187+0000] {dagbag.py:588} INFO - Filling up the DagBag from /opt/bitnami/airflow/venv/lib/python3.12/site-packages/airflow/example_dags/example_bash_decorator.py
[2024-12-13T10:58:19.201+0000] {processor.py:925} INFO - DAG(s) 'example_bash_decorator' retrieved from /opt/bitnami/airflow/venv/lib/python3.12/site-packages/airflow/example_dags/example_bash_decorator.py
[2024-12-13T10:58:19.267+0000] {logging_mixin.py:190} INFO - [2024-12-13T10:58:19.267+0000] {dag.py:3239} INFO - Sync 1 DAGs
[2024-12-13T10:58:19.301+0000] {logging_mixin.py:190} INFO - [2024-12-13T10:58:19.301+0000] {dag.py:4180} INFO - Setting next_dagrun for example_bash_decorator to None, run_after=None
[2024-12-13T10:58:19.341+0000] {processor.py:208} INFO - Processing /opt/bitnami/airflow/venv/lib/python3.12/site-packages/airflow/example_dags/example_bash_decorator.py took 0.163 seconds
[2024-12-13T10:58:49.683+0000] {processor.py:186} INFO - Started process (PID=802) to work on /opt/bitnami/airflow/venv/lib/python3.12/site-packages/airflow/example_dags/example_bash_decorator.py
[2024-12-13T10:58:49.684+0000] {processor.py:914} INFO - Processing file /opt/bitnami/airflow/venv/lib/python3.12/site-packages/airflow/example_dags/example_bash_decorator.py for tasks to queue
[2024-12-13T10:58:49.686+0000] {logging_mixin.py:190} INFO - [2024-12-13T10:58:49.686+0000] {dagbag.py:588} INFO - Filling up the DagBag from /opt/bitnami/airflow/venv/lib/python3.12/site-packages/airflow/example_dags/example_bash_decorator.py
[2024-12-13T10:58:49.699+0000] {processor.py:925} INFO - DAG(s) 'example_bash_decorator' retrieved from /opt/bitnami/airflow/venv/lib/python3.12/site-packages/airflow/example_dags/example_bash_decorator.py
[2024-12-13T10:58:49.749+0000] {logging_mixin.py:190} INFO - [2024-12-13T10:58:49.749+0000] {dag.py:3239} INFO - Sync 1 DAGs
[2024-12-13T10:58:49.777+0000] {logging_mixin.py:190} INFO - [2024-12-13T10:58:49.777+0000] {dag.py:4180} INFO - Setting next_dagrun for example_bash_decorator to None, run_after=None
[2024-12-13T10:58:49.808+0000] {processor.py:208} INFO - Processing /opt/bitnami/airflow/venv/lib/python3.12/site-packages/airflow/example_dags/example_bash_decorator.py took 0.130 seconds
[2024-12-13T11:07:30.264+0000] {processor.py:186} INFO - Started process (PID=61) to work on /opt/bitnami/airflow/venv/lib/python3.12/site-packages/airflow/example_dags/example_bash_decorator.py
[2024-12-13T11:07:30.265+0000] {processor.py:914} INFO - Processing file /opt/bitnami/airflow/venv/lib/python3.12/site-packages/airflow/example_dags/example_bash_decorator.py for tasks to queue
[2024-12-13T11:07:30.269+0000] {logging_mixin.py:190} INFO - [2024-12-13T11:07:30.268+0000] {dagbag.py:588} INFO - Filling up the DagBag from /opt/bitnami/airflow/venv/lib/python3.12/site-packages/airflow/example_dags/example_bash_decorator.py
[2024-12-13T11:07:30.284+0000] {processor.py:925} INFO - DAG(s) 'example_bash_decorator' retrieved from /opt/bitnami/airflow/venv/lib/python3.12/site-packages/airflow/example_dags/example_bash_decorator.py
[2024-12-13T11:07:30.382+0000] {logging_mixin.py:190} INFO - [2024-12-13T11:07:30.381+0000] {dag.py:3239} INFO - Sync 1 DAGs
[2024-12-13T11:07:30.403+0000] {logging_mixin.py:190} INFO - [2024-12-13T11:07:30.403+0000] {dag.py:4180} INFO - Setting next_dagrun for example_bash_decorator to None, run_after=None
[2024-12-13T11:07:30.427+0000] {processor.py:208} INFO - Processing /opt/bitnami/airflow/venv/lib/python3.12/site-packages/airflow/example_dags/example_bash_decorator.py took 0.168 seconds
[2024-12-13T11:08:00.914+0000] {processor.py:186} INFO - Started process (PID=118) to work on /opt/bitnami/airflow/venv/lib/python3.12/site-packages/airflow/example_dags/example_bash_decorator.py
[2024-12-13T11:08:00.915+0000] {processor.py:914} INFO - Processing file /opt/bitnami/airflow/venv/lib/python3.12/site-packages/airflow/example_dags/example_bash_decorator.py for tasks to queue
[2024-12-13T11:08:00.917+0000] {logging_mixin.py:190} INFO - [2024-12-13T11:08:00.917+0000] {dagbag.py:588} INFO - Filling up the DagBag from /opt/bitnami/airflow/venv/lib/python3.12/site-packages/airflow/example_dags/example_bash_decorator.py
[2024-12-13T11:08:00.933+0000] {processor.py:925} INFO - DAG(s) 'example_bash_decorator' retrieved from /opt/bitnami/airflow/venv/lib/python3.12/site-packages/airflow/example_dags/example_bash_decorator.py
[2024-12-13T11:08:00.985+0000] {logging_mixin.py:190} INFO - [2024-12-13T11:08:00.984+0000] {dag.py:3239} INFO - Sync 1 DAGs
[2024-12-13T11:08:01.008+0000] {logging_mixin.py:190} INFO - [2024-12-13T11:08:01.008+0000] {dag.py:4180} INFO - Setting next_dagrun for example_bash_decorator to None, run_after=None
[2024-12-13T11:08:01.032+0000] {processor.py:208} INFO - Processing /opt/bitnami/airflow/venv/lib/python3.12/site-packages/airflow/example_dags/example_bash_decorator.py took 0.124 seconds
[2024-12-13T11:08:32.386+0000] {processor.py:186} INFO - Started process (PID=175) to work on /opt/bitnami/airflow/venv/lib/python3.12/site-packages/airflow/example_dags/example_bash_decorator.py
[2024-12-13T11:08:32.387+0000] {processor.py:914} INFO - Processing file /opt/bitnami/airflow/venv/lib/python3.12/site-packages/airflow/example_dags/example_bash_decorator.py for tasks to queue
[2024-12-13T11:08:32.389+0000] {logging_mixin.py:190} INFO - [2024-12-13T11:08:32.389+0000] {dagbag.py:588} INFO - Filling up the DagBag from /opt/bitnami/airflow/venv/lib/python3.12/site-packages/airflow/example_dags/example_bash_decorator.py
[2024-12-13T11:08:32.401+0000] {processor.py:925} INFO - DAG(s) 'example_bash_decorator' retrieved from /opt/bitnami/airflow/venv/lib/python3.12/site-packages/airflow/example_dags/example_bash_decorator.py
[2024-12-13T11:08:32.495+0000] {logging_mixin.py:190} INFO - [2024-12-13T11:08:32.494+0000] {dag.py:3239} INFO - Sync 1 DAGs
[2024-12-13T11:08:32.518+0000] {logging_mixin.py:190} INFO - [2024-12-13T11:08:32.518+0000] {dag.py:4180} INFO - Setting next_dagrun for example_bash_decorator to None, run_after=None
[2024-12-13T11:08:32.544+0000] {processor.py:208} INFO - Processing /opt/bitnami/airflow/venv/lib/python3.12/site-packages/airflow/example_dags/example_bash_decorator.py took 0.163 seconds
[2024-12-13T11:09:03.685+0000] {processor.py:186} INFO - Started process (PID=232) to work on /opt/bitnami/airflow/venv/lib/python3.12/site-packages/airflow/example_dags/example_bash_decorator.py
[2024-12-13T11:09:03.687+0000] {processor.py:914} INFO - Processing file /opt/bitnami/airflow/venv/lib/python3.12/site-packages/airflow/example_dags/example_bash_decorator.py for tasks to queue
[2024-12-13T11:09:03.689+0000] {logging_mixin.py:190} INFO - [2024-12-13T11:09:03.689+0000] {dagbag.py:588} INFO - Filling up the DagBag from /opt/bitnami/airflow/venv/lib/python3.12/site-packages/airflow/example_dags/example_bash_decorator.py
[2024-12-13T11:09:03.706+0000] {processor.py:925} INFO - DAG(s) 'example_bash_decorator' retrieved from /opt/bitnami/airflow/venv/lib/python3.12/site-packages/airflow/example_dags/example_bash_decorator.py
[2024-12-13T11:09:03.794+0000] {logging_mixin.py:190} INFO - [2024-12-13T11:09:03.794+0000] {dag.py:3239} INFO - Sync 1 DAGs
[2024-12-13T11:09:03.827+0000] {logging_mixin.py:190} INFO - [2024-12-13T11:09:03.827+0000] {dag.py:4180} INFO - Setting next_dagrun for example_bash_decorator to None, run_after=None
[2024-12-13T11:09:03.866+0000] {processor.py:208} INFO - Processing /opt/bitnami/airflow/venv/lib/python3.12/site-packages/airflow/example_dags/example_bash_decorator.py took 0.186 seconds
[2024-12-13T11:13:42.964+0000] {processor.py:186} INFO - Started process (PID=61) to work on /opt/bitnami/airflow/venv/lib/python3.12/site-packages/airflow/example_dags/example_bash_decorator.py
[2024-12-13T11:13:42.965+0000] {processor.py:914} INFO - Processing file /opt/bitnami/airflow/venv/lib/python3.12/site-packages/airflow/example_dags/example_bash_decorator.py for tasks to queue
[2024-12-13T11:13:42.968+0000] {logging_mixin.py:190} INFO - [2024-12-13T11:13:42.967+0000] {dagbag.py:588} INFO - Filling up the DagBag from /opt/bitnami/airflow/venv/lib/python3.12/site-packages/airflow/example_dags/example_bash_decorator.py
[2024-12-13T11:13:42.982+0000] {processor.py:925} INFO - DAG(s) 'example_bash_decorator' retrieved from /opt/bitnami/airflow/venv/lib/python3.12/site-packages/airflow/example_dags/example_bash_decorator.py
[2024-12-13T11:13:43.092+0000] {logging_mixin.py:190} INFO - [2024-12-13T11:13:43.091+0000] {dag.py:3239} INFO - Sync 1 DAGs
[2024-12-13T11:13:43.110+0000] {logging_mixin.py:190} INFO - [2024-12-13T11:13:43.110+0000] {dag.py:4180} INFO - Setting next_dagrun for example_bash_decorator to None, run_after=None
[2024-12-13T11:13:43.140+0000] {processor.py:208} INFO - Processing /opt/bitnami/airflow/venv/lib/python3.12/site-packages/airflow/example_dags/example_bash_decorator.py took 0.182 seconds
[2024-12-13T11:14:13.594+0000] {processor.py:186} INFO - Started process (PID=118) to work on /opt/bitnami/airflow/venv/lib/python3.12/site-packages/airflow/example_dags/example_bash_decorator.py
[2024-12-13T11:14:13.595+0000] {processor.py:914} INFO - Processing file /opt/bitnami/airflow/venv/lib/python3.12/site-packages/airflow/example_dags/example_bash_decorator.py for tasks to queue
[2024-12-13T11:14:13.597+0000] {logging_mixin.py:190} INFO - [2024-12-13T11:14:13.597+0000] {dagbag.py:588} INFO - Filling up the DagBag from /opt/bitnami/airflow/venv/lib/python3.12/site-packages/airflow/example_dags/example_bash_decorator.py
[2024-12-13T11:14:13.607+0000] {processor.py:925} INFO - DAG(s) 'example_bash_decorator' retrieved from /opt/bitnami/airflow/venv/lib/python3.12/site-packages/airflow/example_dags/example_bash_decorator.py
[2024-12-13T11:14:13.650+0000] {logging_mixin.py:190} INFO - [2024-12-13T11:14:13.649+0000] {dag.py:3239} INFO - Sync 1 DAGs
[2024-12-13T11:14:13.673+0000] {logging_mixin.py:190} INFO - [2024-12-13T11:14:13.673+0000] {dag.py:4180} INFO - Setting next_dagrun for example_bash_decorator to None, run_after=None
[2024-12-13T11:14:13.704+0000] {processor.py:208} INFO - Processing /opt/bitnami/airflow/venv/lib/python3.12/site-packages/airflow/example_dags/example_bash_decorator.py took 0.116 seconds
[2024-12-13T11:14:45.415+0000] {processor.py:186} INFO - Started process (PID=175) to work on /opt/bitnami/airflow/venv/lib/python3.12/site-packages/airflow/example_dags/example_bash_decorator.py
[2024-12-13T11:14:45.417+0000] {processor.py:914} INFO - Processing file /opt/bitnami/airflow/venv/lib/python3.12/site-packages/airflow/example_dags/example_bash_decorator.py for tasks to queue
[2024-12-13T11:14:45.419+0000] {logging_mixin.py:190} INFO - [2024-12-13T11:14:45.419+0000] {dagbag.py:588} INFO - Filling up the DagBag from /opt/bitnami/airflow/venv/lib/python3.12/site-packages/airflow/example_dags/example_bash_decorator.py
[2024-12-13T11:14:45.433+0000] {processor.py:925} INFO - DAG(s) 'example_bash_decorator' retrieved from /opt/bitnami/airflow/venv/lib/python3.12/site-packages/airflow/example_dags/example_bash_decorator.py
[2024-12-13T11:14:45.622+0000] {logging_mixin.py:190} INFO - [2024-12-13T11:14:45.622+0000] {dag.py:3239} INFO - Sync 1 DAGs
[2024-12-13T11:14:45.666+0000] {logging_mixin.py:190} INFO - [2024-12-13T11:14:45.666+0000] {dag.py:4180} INFO - Setting next_dagrun for example_bash_decorator to None, run_after=None
[2024-12-13T11:14:45.708+0000] {processor.py:208} INFO - Processing /opt/bitnami/airflow/venv/lib/python3.12/site-packages/airflow/example_dags/example_bash_decorator.py took 0.299 seconds
[2024-12-13T11:15:16.517+0000] {processor.py:186} INFO - Started process (PID=232) to work on /opt/bitnami/airflow/venv/lib/python3.12/site-packages/airflow/example_dags/example_bash_decorator.py
[2024-12-13T11:15:16.520+0000] {processor.py:914} INFO - Processing file /opt/bitnami/airflow/venv/lib/python3.12/site-packages/airflow/example_dags/example_bash_decorator.py for tasks to queue
[2024-12-13T11:15:16.522+0000] {logging_mixin.py:190} INFO - [2024-12-13T11:15:16.522+0000] {dagbag.py:588} INFO - Filling up the DagBag from /opt/bitnami/airflow/venv/lib/python3.12/site-packages/airflow/example_dags/example_bash_decorator.py
[2024-12-13T11:15:16.536+0000] {processor.py:925} INFO - DAG(s) 'example_bash_decorator' retrieved from /opt/bitnami/airflow/venv/lib/python3.12/site-packages/airflow/example_dags/example_bash_decorator.py
[2024-12-13T11:15:16.646+0000] {logging_mixin.py:190} INFO - [2024-12-13T11:15:16.646+0000] {dag.py:3239} INFO - Sync 1 DAGs
[2024-12-13T11:15:16.680+0000] {logging_mixin.py:190} INFO - [2024-12-13T11:15:16.680+0000] {dag.py:4180} INFO - Setting next_dagrun for example_bash_decorator to None, run_after=None
[2024-12-13T11:15:16.726+0000] {processor.py:208} INFO - Processing /opt/bitnami/airflow/venv/lib/python3.12/site-packages/airflow/example_dags/example_bash_decorator.py took 0.214 seconds
[2024-12-13T11:57:07.995+0000] {processor.py:186} INFO - Started process (PID=61) to work on /opt/bitnami/airflow/venv/lib/python3.12/site-packages/airflow/example_dags/example_bash_decorator.py
[2024-12-13T11:57:07.996+0000] {processor.py:914} INFO - Processing file /opt/bitnami/airflow/venv/lib/python3.12/site-packages/airflow/example_dags/example_bash_decorator.py for tasks to queue
[2024-12-13T11:57:07.998+0000] {logging_mixin.py:190} INFO - [2024-12-13T11:57:07.998+0000] {dagbag.py:588} INFO - Filling up the DagBag from /opt/bitnami/airflow/venv/lib/python3.12/site-packages/airflow/example_dags/example_bash_decorator.py
[2024-12-13T11:57:08.011+0000] {processor.py:925} INFO - DAG(s) 'example_bash_decorator' retrieved from /opt/bitnami/airflow/venv/lib/python3.12/site-packages/airflow/example_dags/example_bash_decorator.py
[2024-12-13T11:57:08.102+0000] {logging_mixin.py:190} INFO - [2024-12-13T11:57:08.101+0000] {dag.py:3239} INFO - Sync 1 DAGs
[2024-12-13T11:57:08.119+0000] {logging_mixin.py:190} INFO - [2024-12-13T11:57:08.119+0000] {dag.py:4180} INFO - Setting next_dagrun for example_bash_decorator to None, run_after=None
[2024-12-13T11:57:08.142+0000] {processor.py:208} INFO - Processing /opt/bitnami/airflow/venv/lib/python3.12/site-packages/airflow/example_dags/example_bash_decorator.py took 0.153 seconds
[2024-12-13T11:57:39.071+0000] {processor.py:186} INFO - Started process (PID=118) to work on /opt/bitnami/airflow/venv/lib/python3.12/site-packages/airflow/example_dags/example_bash_decorator.py
[2024-12-13T11:57:39.072+0000] {processor.py:914} INFO - Processing file /opt/bitnami/airflow/venv/lib/python3.12/site-packages/airflow/example_dags/example_bash_decorator.py for tasks to queue
[2024-12-13T11:57:39.078+0000] {logging_mixin.py:190} INFO - [2024-12-13T11:57:39.078+0000] {dagbag.py:588} INFO - Filling up the DagBag from /opt/bitnami/airflow/venv/lib/python3.12/site-packages/airflow/example_dags/example_bash_decorator.py
[2024-12-13T11:57:39.100+0000] {processor.py:925} INFO - DAG(s) 'example_bash_decorator' retrieved from /opt/bitnami/airflow/venv/lib/python3.12/site-packages/airflow/example_dags/example_bash_decorator.py
[2024-12-13T11:57:39.177+0000] {logging_mixin.py:190} INFO - [2024-12-13T11:57:39.177+0000] {dag.py:3239} INFO - Sync 1 DAGs
[2024-12-13T11:57:39.209+0000] {logging_mixin.py:190} INFO - [2024-12-13T11:57:39.209+0000] {dag.py:4180} INFO - Setting next_dagrun for example_bash_decorator to None, run_after=None
[2024-12-13T11:57:39.259+0000] {processor.py:208} INFO - Processing /opt/bitnami/airflow/venv/lib/python3.12/site-packages/airflow/example_dags/example_bash_decorator.py took 0.198 seconds
[2024-12-13T11:58:33.542+0000] {processor.py:186} INFO - Started process (PID=61) to work on /opt/bitnami/airflow/venv/lib/python3.12/site-packages/airflow/example_dags/example_bash_decorator.py
[2024-12-13T11:58:33.543+0000] {processor.py:914} INFO - Processing file /opt/bitnami/airflow/venv/lib/python3.12/site-packages/airflow/example_dags/example_bash_decorator.py for tasks to queue
[2024-12-13T11:58:33.545+0000] {logging_mixin.py:190} INFO - [2024-12-13T11:58:33.545+0000] {dagbag.py:588} INFO - Filling up the DagBag from /opt/bitnami/airflow/venv/lib/python3.12/site-packages/airflow/example_dags/example_bash_decorator.py
[2024-12-13T11:58:33.555+0000] {processor.py:925} INFO - DAG(s) 'example_bash_decorator' retrieved from /opt/bitnami/airflow/venv/lib/python3.12/site-packages/airflow/example_dags/example_bash_decorator.py
[2024-12-13T11:58:33.634+0000] {logging_mixin.py:190} INFO - [2024-12-13T11:58:33.634+0000] {dag.py:3239} INFO - Sync 1 DAGs
[2024-12-13T11:58:33.646+0000] {logging_mixin.py:190} INFO - [2024-12-13T11:58:33.646+0000] {dag.py:4180} INFO - Setting next_dagrun for example_bash_decorator to None, run_after=None
[2024-12-13T11:58:33.664+0000] {processor.py:208} INFO - Processing /opt/bitnami/airflow/venv/lib/python3.12/site-packages/airflow/example_dags/example_bash_decorator.py took 0.127 seconds
[2024-12-13T11:59:04.590+0000] {processor.py:186} INFO - Started process (PID=118) to work on /opt/bitnami/airflow/venv/lib/python3.12/site-packages/airflow/example_dags/example_bash_decorator.py
[2024-12-13T11:59:04.591+0000] {processor.py:914} INFO - Processing file /opt/bitnami/airflow/venv/lib/python3.12/site-packages/airflow/example_dags/example_bash_decorator.py for tasks to queue
[2024-12-13T11:59:04.594+0000] {logging_mixin.py:190} INFO - [2024-12-13T11:59:04.594+0000] {dagbag.py:588} INFO - Filling up the DagBag from /opt/bitnami/airflow/venv/lib/python3.12/site-packages/airflow/example_dags/example_bash_decorator.py
[2024-12-13T11:59:04.606+0000] {processor.py:925} INFO - DAG(s) 'example_bash_decorator' retrieved from /opt/bitnami/airflow/venv/lib/python3.12/site-packages/airflow/example_dags/example_bash_decorator.py
[2024-12-13T11:59:04.645+0000] {logging_mixin.py:190} INFO - [2024-12-13T11:59:04.645+0000] {dag.py:3239} INFO - Sync 1 DAGs
[2024-12-13T11:59:04.671+0000] {logging_mixin.py:190} INFO - [2024-12-13T11:59:04.671+0000] {dag.py:4180} INFO - Setting next_dagrun for example_bash_decorator to None, run_after=None
[2024-12-13T11:59:04.701+0000] {processor.py:208} INFO - Processing /opt/bitnami/airflow/venv/lib/python3.12/site-packages/airflow/example_dags/example_bash_decorator.py took 0.118 seconds
[2024-12-13T11:59:35.195+0000] {processor.py:186} INFO - Started process (PID=175) to work on /opt/bitnami/airflow/venv/lib/python3.12/site-packages/airflow/example_dags/example_bash_decorator.py
[2024-12-13T11:59:35.196+0000] {processor.py:914} INFO - Processing file /opt/bitnami/airflow/venv/lib/python3.12/site-packages/airflow/example_dags/example_bash_decorator.py for tasks to queue
[2024-12-13T11:59:35.198+0000] {logging_mixin.py:190} INFO - [2024-12-13T11:59:35.197+0000] {dagbag.py:588} INFO - Filling up the DagBag from /opt/bitnami/airflow/venv/lib/python3.12/site-packages/airflow/example_dags/example_bash_decorator.py
[2024-12-13T11:59:35.209+0000] {processor.py:925} INFO - DAG(s) 'example_bash_decorator' retrieved from /opt/bitnami/airflow/venv/lib/python3.12/site-packages/airflow/example_dags/example_bash_decorator.py
[2024-12-13T11:59:35.284+0000] {logging_mixin.py:190} INFO - [2024-12-13T11:59:35.284+0000] {dag.py:3239} INFO - Sync 1 DAGs
[2024-12-13T11:59:35.301+0000] {logging_mixin.py:190} INFO - [2024-12-13T11:59:35.300+0000] {dag.py:4180} INFO - Setting next_dagrun for example_bash_decorator to None, run_after=None
[2024-12-13T11:59:35.321+0000] {processor.py:208} INFO - Processing /opt/bitnami/airflow/venv/lib/python3.12/site-packages/airflow/example_dags/example_bash_decorator.py took 0.132 seconds
[2024-12-13T12:00:05.914+0000] {processor.py:186} INFO - Started process (PID=232) to work on /opt/bitnami/airflow/venv/lib/python3.12/site-packages/airflow/example_dags/example_bash_decorator.py
[2024-12-13T12:00:05.914+0000] {processor.py:914} INFO - Processing file /opt/bitnami/airflow/venv/lib/python3.12/site-packages/airflow/example_dags/example_bash_decorator.py for tasks to queue
[2024-12-13T12:00:05.917+0000] {logging_mixin.py:190} INFO - [2024-12-13T12:00:05.917+0000] {dagbag.py:588} INFO - Filling up the DagBag from /opt/bitnami/airflow/venv/lib/python3.12/site-packages/airflow/example_dags/example_bash_decorator.py
[2024-12-13T12:00:05.927+0000] {processor.py:925} INFO - DAG(s) 'example_bash_decorator' retrieved from /opt/bitnami/airflow/venv/lib/python3.12/site-packages/airflow/example_dags/example_bash_decorator.py
[2024-12-13T12:00:05.958+0000] {logging_mixin.py:190} INFO - [2024-12-13T12:00:05.958+0000] {dag.py:3239} INFO - Sync 1 DAGs
[2024-12-13T12:00:05.975+0000] {logging_mixin.py:190} INFO - [2024-12-13T12:00:05.975+0000] {dag.py:4180} INFO - Setting next_dagrun for example_bash_decorator to None, run_after=None
[2024-12-13T12:00:05.993+0000] {processor.py:208} INFO - Processing /opt/bitnami/airflow/venv/lib/python3.12/site-packages/airflow/example_dags/example_bash_decorator.py took 0.085 seconds
[2024-12-13T12:00:36.143+0000] {processor.py:186} INFO - Started process (PID=289) to work on /opt/bitnami/airflow/venv/lib/python3.12/site-packages/airflow/example_dags/example_bash_decorator.py
[2024-12-13T12:00:36.144+0000] {processor.py:914} INFO - Processing file /opt/bitnami/airflow/venv/lib/python3.12/site-packages/airflow/example_dags/example_bash_decorator.py for tasks to queue
[2024-12-13T12:00:36.146+0000] {logging_mixin.py:190} INFO - [2024-12-13T12:00:36.146+0000] {dagbag.py:588} INFO - Filling up the DagBag from /opt/bitnami/airflow/venv/lib/python3.12/site-packages/airflow/example_dags/example_bash_decorator.py
[2024-12-13T12:00:36.157+0000] {processor.py:925} INFO - DAG(s) 'example_bash_decorator' retrieved from /opt/bitnami/airflow/venv/lib/python3.12/site-packages/airflow/example_dags/example_bash_decorator.py
[2024-12-13T12:00:36.188+0000] {logging_mixin.py:190} INFO - [2024-12-13T12:00:36.188+0000] {dag.py:3239} INFO - Sync 1 DAGs
[2024-12-13T12:00:36.203+0000] {logging_mixin.py:190} INFO - [2024-12-13T12:00:36.203+0000] {dag.py:4180} INFO - Setting next_dagrun for example_bash_decorator to None, run_after=None
[2024-12-13T12:00:36.223+0000] {processor.py:208} INFO - Processing /opt/bitnami/airflow/venv/lib/python3.12/site-packages/airflow/example_dags/example_bash_decorator.py took 0.084 seconds
[2024-12-13T12:01:06.837+0000] {processor.py:186} INFO - Started process (PID=346) to work on /opt/bitnami/airflow/venv/lib/python3.12/site-packages/airflow/example_dags/example_bash_decorator.py
[2024-12-13T12:01:06.837+0000] {processor.py:914} INFO - Processing file /opt/bitnami/airflow/venv/lib/python3.12/site-packages/airflow/example_dags/example_bash_decorator.py for tasks to queue
[2024-12-13T12:01:06.839+0000] {logging_mixin.py:190} INFO - [2024-12-13T12:01:06.839+0000] {dagbag.py:588} INFO - Filling up the DagBag from /opt/bitnami/airflow/venv/lib/python3.12/site-packages/airflow/example_dags/example_bash_decorator.py
[2024-12-13T12:01:06.849+0000] {processor.py:925} INFO - DAG(s) 'example_bash_decorator' retrieved from /opt/bitnami/airflow/venv/lib/python3.12/site-packages/airflow/example_dags/example_bash_decorator.py
[2024-12-13T12:01:06.880+0000] {logging_mixin.py:190} INFO - [2024-12-13T12:01:06.880+0000] {dag.py:3239} INFO - Sync 1 DAGs
[2024-12-13T12:01:06.897+0000] {logging_mixin.py:190} INFO - [2024-12-13T12:01:06.897+0000] {dag.py:4180} INFO - Setting next_dagrun for example_bash_decorator to None, run_after=None
[2024-12-13T12:01:06.917+0000] {processor.py:208} INFO - Processing /opt/bitnami/airflow/venv/lib/python3.12/site-packages/airflow/example_dags/example_bash_decorator.py took 0.085 seconds
[2024-12-13T12:01:37.652+0000] {processor.py:186} INFO - Started process (PID=403) to work on /opt/bitnami/airflow/venv/lib/python3.12/site-packages/airflow/example_dags/example_bash_decorator.py
[2024-12-13T12:01:37.653+0000] {processor.py:914} INFO - Processing file /opt/bitnami/airflow/venv/lib/python3.12/site-packages/airflow/example_dags/example_bash_decorator.py for tasks to queue
[2024-12-13T12:01:37.655+0000] {logging_mixin.py:190} INFO - [2024-12-13T12:01:37.655+0000] {dagbag.py:588} INFO - Filling up the DagBag from /opt/bitnami/airflow/venv/lib/python3.12/site-packages/airflow/example_dags/example_bash_decorator.py
[2024-12-13T12:01:37.668+0000] {processor.py:925} INFO - DAG(s) 'example_bash_decorator' retrieved from /opt/bitnami/airflow/venv/lib/python3.12/site-packages/airflow/example_dags/example_bash_decorator.py
[2024-12-13T12:01:37.710+0000] {logging_mixin.py:190} INFO - [2024-12-13T12:01:37.710+0000] {dag.py:3239} INFO - Sync 1 DAGs
[2024-12-13T12:01:37.733+0000] {logging_mixin.py:190} INFO - [2024-12-13T12:01:37.733+0000] {dag.py:4180} INFO - Setting next_dagrun for example_bash_decorator to None, run_after=None
[2024-12-13T12:01:37.758+0000] {processor.py:208} INFO - Processing /opt/bitnami/airflow/venv/lib/python3.12/site-packages/airflow/example_dags/example_bash_decorator.py took 0.112 seconds
[2024-12-13T12:02:08.952+0000] {processor.py:186} INFO - Started process (PID=460) to work on /opt/bitnami/airflow/venv/lib/python3.12/site-packages/airflow/example_dags/example_bash_decorator.py
[2024-12-13T12:02:08.954+0000] {processor.py:914} INFO - Processing file /opt/bitnami/airflow/venv/lib/python3.12/site-packages/airflow/example_dags/example_bash_decorator.py for tasks to queue
[2024-12-13T12:02:08.956+0000] {logging_mixin.py:190} INFO - [2024-12-13T12:02:08.956+0000] {dagbag.py:588} INFO - Filling up the DagBag from /opt/bitnami/airflow/venv/lib/python3.12/site-packages/airflow/example_dags/example_bash_decorator.py
[2024-12-13T12:02:08.970+0000] {processor.py:925} INFO - DAG(s) 'example_bash_decorator' retrieved from /opt/bitnami/airflow/venv/lib/python3.12/site-packages/airflow/example_dags/example_bash_decorator.py
[2024-12-13T12:02:09.019+0000] {logging_mixin.py:190} INFO - [2024-12-13T12:02:09.019+0000] {dag.py:3239} INFO - Sync 1 DAGs
[2024-12-13T12:02:09.041+0000] {logging_mixin.py:190} INFO - [2024-12-13T12:02:09.041+0000] {dag.py:4180} INFO - Setting next_dagrun for example_bash_decorator to None, run_after=None
[2024-12-13T12:02:09.080+0000] {processor.py:208} INFO - Processing /opt/bitnami/airflow/venv/lib/python3.12/site-packages/airflow/example_dags/example_bash_decorator.py took 0.135 seconds
