[2024-12-13T08:19:46.056+0000] {processor.py:186} INFO - Started process (PID=81) to work on /opt/bitnami/airflow/venv/lib/python3.12/site-packages/airflow/example_dags/example_branch_labels.py
[2024-12-13T08:19:46.057+0000] {processor.py:914} INFO - Processing file /opt/bitnami/airflow/venv/lib/python3.12/site-packages/airflow/example_dags/example_branch_labels.py for tasks to queue
[2024-12-13T08:19:46.060+0000] {logging_mixin.py:190} INFO - [2024-12-13T08:19:46.059+0000] {dagbag.py:588} INFO - Filling up the DagBag from /opt/bitnami/airflow/venv/lib/python3.12/site-packages/airflow/example_dags/example_branch_labels.py
[2024-12-13T08:19:46.069+0000] {processor.py:925} INFO - DAG(s) 'example_branch_labels' retrieved from /opt/bitnami/airflow/venv/lib/python3.12/site-packages/airflow/example_dags/example_branch_labels.py
[2024-12-13T08:19:46.111+0000] {logging_mixin.py:190} INFO - [2024-12-13T08:19:46.111+0000] {dag.py:3239} INFO - Sync 1 DAGs
[2024-12-13T08:19:46.153+0000] {logging_mixin.py:190} INFO - [2024-12-13T08:19:46.153+0000] {dag.py:4180} INFO - Setting next_dagrun for example_branch_labels to 2024-12-12 00:00:00+00:00, run_after=2024-12-13 00:00:00+00:00
[2024-12-13T08:19:46.180+0000] {processor.py:208} INFO - Processing /opt/bitnami/airflow/venv/lib/python3.12/site-packages/airflow/example_dags/example_branch_labels.py took 0.129 seconds
[2024-12-13T08:20:16.237+0000] {processor.py:186} INFO - Started process (PID=138) to work on /opt/bitnami/airflow/venv/lib/python3.12/site-packages/airflow/example_dags/example_branch_labels.py
[2024-12-13T08:20:16.238+0000] {processor.py:914} INFO - Processing file /opt/bitnami/airflow/venv/lib/python3.12/site-packages/airflow/example_dags/example_branch_labels.py for tasks to queue
[2024-12-13T08:20:16.240+0000] {logging_mixin.py:190} INFO - [2024-12-13T08:20:16.240+0000] {dagbag.py:588} INFO - Filling up the DagBag from /opt/bitnami/airflow/venv/lib/python3.12/site-packages/airflow/example_dags/example_branch_labels.py
[2024-12-13T08:20:16.246+0000] {processor.py:925} INFO - DAG(s) 'example_branch_labels' retrieved from /opt/bitnami/airflow/venv/lib/python3.12/site-packages/airflow/example_dags/example_branch_labels.py
[2024-12-13T08:20:16.274+0000] {logging_mixin.py:190} INFO - [2024-12-13T08:20:16.273+0000] {dag.py:3239} INFO - Sync 1 DAGs
[2024-12-13T08:20:16.299+0000] {logging_mixin.py:190} INFO - [2024-12-13T08:20:16.299+0000] {dag.py:4180} INFO - Setting next_dagrun for example_branch_labels to 2024-12-12 00:00:00+00:00, run_after=2024-12-13 00:00:00+00:00
[2024-12-13T08:20:16.318+0000] {processor.py:208} INFO - Processing /opt/bitnami/airflow/venv/lib/python3.12/site-packages/airflow/example_dags/example_branch_labels.py took 0.085 seconds
[2024-12-13T08:20:47.009+0000] {processor.py:186} INFO - Started process (PID=195) to work on /opt/bitnami/airflow/venv/lib/python3.12/site-packages/airflow/example_dags/example_branch_labels.py
[2024-12-13T08:20:47.010+0000] {processor.py:914} INFO - Processing file /opt/bitnami/airflow/venv/lib/python3.12/site-packages/airflow/example_dags/example_branch_labels.py for tasks to queue
[2024-12-13T08:20:47.015+0000] {logging_mixin.py:190} INFO - [2024-12-13T08:20:47.014+0000] {dagbag.py:588} INFO - Filling up the DagBag from /opt/bitnami/airflow/venv/lib/python3.12/site-packages/airflow/example_dags/example_branch_labels.py
[2024-12-13T08:20:47.026+0000] {processor.py:925} INFO - DAG(s) 'example_branch_labels' retrieved from /opt/bitnami/airflow/venv/lib/python3.12/site-packages/airflow/example_dags/example_branch_labels.py
[2024-12-13T08:20:47.144+0000] {logging_mixin.py:190} INFO - [2024-12-13T08:20:47.143+0000] {dag.py:3239} INFO - Sync 1 DAGs
[2024-12-13T08:20:47.179+0000] {logging_mixin.py:190} INFO - [2024-12-13T08:20:47.179+0000] {dag.py:4180} INFO - Setting next_dagrun for example_branch_labels to 2024-12-12 00:00:00+00:00, run_after=2024-12-13 00:00:00+00:00
[2024-12-13T08:20:47.213+0000] {processor.py:208} INFO - Processing /opt/bitnami/airflow/venv/lib/python3.12/site-packages/airflow/example_dags/example_branch_labels.py took 0.213 seconds
[2024-12-13T08:21:17.814+0000] {processor.py:186} INFO - Started process (PID=252) to work on /opt/bitnami/airflow/venv/lib/python3.12/site-packages/airflow/example_dags/example_branch_labels.py
[2024-12-13T08:21:17.815+0000] {processor.py:914} INFO - Processing file /opt/bitnami/airflow/venv/lib/python3.12/site-packages/airflow/example_dags/example_branch_labels.py for tasks to queue
[2024-12-13T08:21:17.817+0000] {logging_mixin.py:190} INFO - [2024-12-13T08:21:17.817+0000] {dagbag.py:588} INFO - Filling up the DagBag from /opt/bitnami/airflow/venv/lib/python3.12/site-packages/airflow/example_dags/example_branch_labels.py
[2024-12-13T08:21:17.826+0000] {processor.py:925} INFO - DAG(s) 'example_branch_labels' retrieved from /opt/bitnami/airflow/venv/lib/python3.12/site-packages/airflow/example_dags/example_branch_labels.py
[2024-12-13T08:21:17.870+0000] {logging_mixin.py:190} INFO - [2024-12-13T08:21:17.869+0000] {dag.py:3239} INFO - Sync 1 DAGs
[2024-12-13T08:21:17.903+0000] {logging_mixin.py:190} INFO - [2024-12-13T08:21:17.903+0000] {dag.py:4180} INFO - Setting next_dagrun for example_branch_labels to 2024-12-12 00:00:00+00:00, run_after=2024-12-13 00:00:00+00:00
[2024-12-13T08:21:17.924+0000] {processor.py:208} INFO - Processing /opt/bitnami/airflow/venv/lib/python3.12/site-packages/airflow/example_dags/example_branch_labels.py took 0.116 seconds
[2024-12-13T08:21:48.608+0000] {processor.py:186} INFO - Started process (PID=309) to work on /opt/bitnami/airflow/venv/lib/python3.12/site-packages/airflow/example_dags/example_branch_labels.py
[2024-12-13T08:21:48.609+0000] {processor.py:914} INFO - Processing file /opt/bitnami/airflow/venv/lib/python3.12/site-packages/airflow/example_dags/example_branch_labels.py for tasks to queue
[2024-12-13T08:21:48.613+0000] {logging_mixin.py:190} INFO - [2024-12-13T08:21:48.613+0000] {dagbag.py:588} INFO - Filling up the DagBag from /opt/bitnami/airflow/venv/lib/python3.12/site-packages/airflow/example_dags/example_branch_labels.py
[2024-12-13T08:21:48.620+0000] {processor.py:925} INFO - DAG(s) 'example_branch_labels' retrieved from /opt/bitnami/airflow/venv/lib/python3.12/site-packages/airflow/example_dags/example_branch_labels.py
[2024-12-13T08:21:48.658+0000] {logging_mixin.py:190} INFO - [2024-12-13T08:21:48.658+0000] {dag.py:3239} INFO - Sync 1 DAGs
[2024-12-13T08:21:48.687+0000] {logging_mixin.py:190} INFO - [2024-12-13T08:21:48.687+0000] {dag.py:4180} INFO - Setting next_dagrun for example_branch_labels to 2024-12-12 00:00:00+00:00, run_after=2024-12-13 00:00:00+00:00
[2024-12-13T08:21:48.711+0000] {processor.py:208} INFO - Processing /opt/bitnami/airflow/venv/lib/python3.12/site-packages/airflow/example_dags/example_branch_labels.py took 0.109 seconds
[2024-12-13T08:22:19.001+0000] {processor.py:186} INFO - Started process (PID=366) to work on /opt/bitnami/airflow/venv/lib/python3.12/site-packages/airflow/example_dags/example_branch_labels.py
[2024-12-13T08:22:19.002+0000] {processor.py:914} INFO - Processing file /opt/bitnami/airflow/venv/lib/python3.12/site-packages/airflow/example_dags/example_branch_labels.py for tasks to queue
[2024-12-13T08:22:19.004+0000] {logging_mixin.py:190} INFO - [2024-12-13T08:22:19.004+0000] {dagbag.py:588} INFO - Filling up the DagBag from /opt/bitnami/airflow/venv/lib/python3.12/site-packages/airflow/example_dags/example_branch_labels.py
[2024-12-13T08:22:19.011+0000] {processor.py:925} INFO - DAG(s) 'example_branch_labels' retrieved from /opt/bitnami/airflow/venv/lib/python3.12/site-packages/airflow/example_dags/example_branch_labels.py
[2024-12-13T08:22:19.046+0000] {logging_mixin.py:190} INFO - [2024-12-13T08:22:19.045+0000] {dag.py:3239} INFO - Sync 1 DAGs
[2024-12-13T08:22:19.072+0000] {logging_mixin.py:190} INFO - [2024-12-13T08:22:19.072+0000] {dag.py:4180} INFO - Setting next_dagrun for example_branch_labels to 2024-12-12 00:00:00+00:00, run_after=2024-12-13 00:00:00+00:00
[2024-12-13T08:22:19.091+0000] {processor.py:208} INFO - Processing /opt/bitnami/airflow/venv/lib/python3.12/site-packages/airflow/example_dags/example_branch_labels.py took 0.095 seconds
[2024-12-13T08:22:49.880+0000] {processor.py:186} INFO - Started process (PID=423) to work on /opt/bitnami/airflow/venv/lib/python3.12/site-packages/airflow/example_dags/example_branch_labels.py
[2024-12-13T08:22:49.881+0000] {processor.py:914} INFO - Processing file /opt/bitnami/airflow/venv/lib/python3.12/site-packages/airflow/example_dags/example_branch_labels.py for tasks to queue
[2024-12-13T08:22:49.883+0000] {logging_mixin.py:190} INFO - [2024-12-13T08:22:49.883+0000] {dagbag.py:588} INFO - Filling up the DagBag from /opt/bitnami/airflow/venv/lib/python3.12/site-packages/airflow/example_dags/example_branch_labels.py
[2024-12-13T08:22:49.890+0000] {processor.py:925} INFO - DAG(s) 'example_branch_labels' retrieved from /opt/bitnami/airflow/venv/lib/python3.12/site-packages/airflow/example_dags/example_branch_labels.py
[2024-12-13T08:22:49.919+0000] {logging_mixin.py:190} INFO - [2024-12-13T08:22:49.919+0000] {dag.py:3239} INFO - Sync 1 DAGs
[2024-12-13T08:22:49.943+0000] {logging_mixin.py:190} INFO - [2024-12-13T08:22:49.943+0000] {dag.py:4180} INFO - Setting next_dagrun for example_branch_labels to 2024-12-12 00:00:00+00:00, run_after=2024-12-13 00:00:00+00:00
[2024-12-13T08:22:49.961+0000] {processor.py:208} INFO - Processing /opt/bitnami/airflow/venv/lib/python3.12/site-packages/airflow/example_dags/example_branch_labels.py took 0.085 seconds
[2024-12-13T08:25:47.272+0000] {processor.py:186} INFO - Started process (PID=81) to work on /opt/bitnami/airflow/venv/lib/python3.12/site-packages/airflow/example_dags/example_branch_labels.py
[2024-12-13T08:25:47.273+0000] {processor.py:914} INFO - Processing file /opt/bitnami/airflow/venv/lib/python3.12/site-packages/airflow/example_dags/example_branch_labels.py for tasks to queue
[2024-12-13T08:25:47.275+0000] {logging_mixin.py:190} INFO - [2024-12-13T08:25:47.275+0000] {dagbag.py:588} INFO - Filling up the DagBag from /opt/bitnami/airflow/venv/lib/python3.12/site-packages/airflow/example_dags/example_branch_labels.py
[2024-12-13T08:25:47.282+0000] {processor.py:925} INFO - DAG(s) 'example_branch_labels' retrieved from /opt/bitnami/airflow/venv/lib/python3.12/site-packages/airflow/example_dags/example_branch_labels.py
[2024-12-13T08:25:47.321+0000] {logging_mixin.py:190} INFO - [2024-12-13T08:25:47.319+0000] {dag.py:3239} INFO - Sync 1 DAGs
[2024-12-13T08:25:47.357+0000] {logging_mixin.py:190} INFO - [2024-12-13T08:25:47.357+0000] {dag.py:4180} INFO - Setting next_dagrun for example_branch_labels to 2024-12-12 00:00:00+00:00, run_after=2024-12-13 00:00:00+00:00
[2024-12-13T08:25:47.381+0000] {processor.py:208} INFO - Processing /opt/bitnami/airflow/venv/lib/python3.12/site-packages/airflow/example_dags/example_branch_labels.py took 0.114 seconds
[2024-12-13T08:26:18.174+0000] {processor.py:186} INFO - Started process (PID=138) to work on /opt/bitnami/airflow/venv/lib/python3.12/site-packages/airflow/example_dags/example_branch_labels.py
[2024-12-13T08:26:18.175+0000] {processor.py:914} INFO - Processing file /opt/bitnami/airflow/venv/lib/python3.12/site-packages/airflow/example_dags/example_branch_labels.py for tasks to queue
[2024-12-13T08:26:18.177+0000] {logging_mixin.py:190} INFO - [2024-12-13T08:26:18.176+0000] {dagbag.py:588} INFO - Filling up the DagBag from /opt/bitnami/airflow/venv/lib/python3.12/site-packages/airflow/example_dags/example_branch_labels.py
[2024-12-13T08:26:18.183+0000] {processor.py:925} INFO - DAG(s) 'example_branch_labels' retrieved from /opt/bitnami/airflow/venv/lib/python3.12/site-packages/airflow/example_dags/example_branch_labels.py
[2024-12-13T08:26:18.211+0000] {logging_mixin.py:190} INFO - [2024-12-13T08:26:18.211+0000] {dag.py:3239} INFO - Sync 1 DAGs
[2024-12-13T08:26:18.239+0000] {logging_mixin.py:190} INFO - [2024-12-13T08:26:18.239+0000] {dag.py:4180} INFO - Setting next_dagrun for example_branch_labels to 2024-12-12 00:00:00+00:00, run_after=2024-12-13 00:00:00+00:00
[2024-12-13T08:26:18.260+0000] {processor.py:208} INFO - Processing /opt/bitnami/airflow/venv/lib/python3.12/site-packages/airflow/example_dags/example_branch_labels.py took 0.091 seconds
[2024-12-13T08:26:50.137+0000] {processor.py:186} INFO - Started process (PID=195) to work on /opt/bitnami/airflow/venv/lib/python3.12/site-packages/airflow/example_dags/example_branch_labels.py
[2024-12-13T08:26:50.138+0000] {processor.py:914} INFO - Processing file /opt/bitnami/airflow/venv/lib/python3.12/site-packages/airflow/example_dags/example_branch_labels.py for tasks to queue
[2024-12-13T08:26:50.140+0000] {logging_mixin.py:190} INFO - [2024-12-13T08:26:50.139+0000] {dagbag.py:588} INFO - Filling up the DagBag from /opt/bitnami/airflow/venv/lib/python3.12/site-packages/airflow/example_dags/example_branch_labels.py
[2024-12-13T08:26:50.146+0000] {processor.py:925} INFO - DAG(s) 'example_branch_labels' retrieved from /opt/bitnami/airflow/venv/lib/python3.12/site-packages/airflow/example_dags/example_branch_labels.py
[2024-12-13T08:26:50.218+0000] {logging_mixin.py:190} INFO - [2024-12-13T08:26:50.217+0000] {dag.py:3239} INFO - Sync 1 DAGs
[2024-12-13T08:26:50.246+0000] {logging_mixin.py:190} INFO - [2024-12-13T08:26:50.246+0000] {dag.py:4180} INFO - Setting next_dagrun for example_branch_labels to 2024-12-12 00:00:00+00:00, run_after=2024-12-13 00:00:00+00:00
[2024-12-13T08:26:50.269+0000] {processor.py:208} INFO - Processing /opt/bitnami/airflow/venv/lib/python3.12/site-packages/airflow/example_dags/example_branch_labels.py took 0.137 seconds
[2024-12-13T08:27:20.499+0000] {processor.py:186} INFO - Started process (PID=252) to work on /opt/bitnami/airflow/venv/lib/python3.12/site-packages/airflow/example_dags/example_branch_labels.py
[2024-12-13T08:27:20.500+0000] {processor.py:914} INFO - Processing file /opt/bitnami/airflow/venv/lib/python3.12/site-packages/airflow/example_dags/example_branch_labels.py for tasks to queue
[2024-12-13T08:27:20.502+0000] {logging_mixin.py:190} INFO - [2024-12-13T08:27:20.502+0000] {dagbag.py:588} INFO - Filling up the DagBag from /opt/bitnami/airflow/venv/lib/python3.12/site-packages/airflow/example_dags/example_branch_labels.py
[2024-12-13T08:27:20.508+0000] {processor.py:925} INFO - DAG(s) 'example_branch_labels' retrieved from /opt/bitnami/airflow/venv/lib/python3.12/site-packages/airflow/example_dags/example_branch_labels.py
[2024-12-13T08:27:20.544+0000] {logging_mixin.py:190} INFO - [2024-12-13T08:27:20.543+0000] {dag.py:3239} INFO - Sync 1 DAGs
[2024-12-13T08:27:20.570+0000] {logging_mixin.py:190} INFO - [2024-12-13T08:27:20.570+0000] {dag.py:4180} INFO - Setting next_dagrun for example_branch_labels to 2024-12-12 00:00:00+00:00, run_after=2024-12-13 00:00:00+00:00
[2024-12-13T08:27:20.590+0000] {processor.py:208} INFO - Processing /opt/bitnami/airflow/venv/lib/python3.12/site-packages/airflow/example_dags/example_branch_labels.py took 0.097 seconds
[2024-12-13T10:42:42.958+0000] {processor.py:186} INFO - Started process (PID=81) to work on /opt/bitnami/airflow/venv/lib/python3.12/site-packages/airflow/example_dags/example_branch_labels.py
[2024-12-13T10:42:42.960+0000] {processor.py:914} INFO - Processing file /opt/bitnami/airflow/venv/lib/python3.12/site-packages/airflow/example_dags/example_branch_labels.py for tasks to queue
[2024-12-13T10:42:42.962+0000] {logging_mixin.py:190} INFO - [2024-12-13T10:42:42.962+0000] {dagbag.py:588} INFO - Filling up the DagBag from /opt/bitnami/airflow/venv/lib/python3.12/site-packages/airflow/example_dags/example_branch_labels.py
[2024-12-13T10:42:42.969+0000] {processor.py:925} INFO - DAG(s) 'example_branch_labels' retrieved from /opt/bitnami/airflow/venv/lib/python3.12/site-packages/airflow/example_dags/example_branch_labels.py
[2024-12-13T10:42:43.152+0000] {logging_mixin.py:190} INFO - [2024-12-13T10:42:43.151+0000] {override.py:1900} INFO - Created Permission View: can read on DAG:example_branch_labels
[2024-12-13T10:42:43.173+0000] {logging_mixin.py:190} INFO - [2024-12-13T10:42:43.172+0000] {override.py:1900} INFO - Created Permission View: can delete on DAG:example_branch_labels
[2024-12-13T10:42:43.184+0000] {logging_mixin.py:190} INFO - [2024-12-13T10:42:43.184+0000] {override.py:1900} INFO - Created Permission View: can edit on DAG:example_branch_labels
[2024-12-13T10:42:43.201+0000] {logging_mixin.py:190} INFO - [2024-12-13T10:42:43.201+0000] {override.py:1900} INFO - Created Permission View: can delete on DAG Run:example_branch_labels
[2024-12-13T10:42:43.210+0000] {logging_mixin.py:190} INFO - [2024-12-13T10:42:43.209+0000] {override.py:1900} INFO - Created Permission View: can read on DAG Run:example_branch_labels
[2024-12-13T10:42:43.216+0000] {logging_mixin.py:190} INFO - [2024-12-13T10:42:43.216+0000] {override.py:1900} INFO - Created Permission View: can create on DAG Run:example_branch_labels
[2024-12-13T10:42:43.225+0000] {logging_mixin.py:190} INFO - [2024-12-13T10:42:43.225+0000] {override.py:1900} INFO - Created Permission View: menu access on DAG Run:example_branch_labels
[2024-12-13T10:42:43.226+0000] {logging_mixin.py:190} INFO - [2024-12-13T10:42:43.226+0000] {dag.py:3239} INFO - Sync 1 DAGs
[2024-12-13T10:42:43.276+0000] {logging_mixin.py:190} INFO - [2024-12-13T10:42:43.276+0000] {dag.py:3262} INFO - Creating ORM DAG for example_branch_labels
[2024-12-13T10:42:43.296+0000] {logging_mixin.py:190} INFO - [2024-12-13T10:42:43.296+0000] {dag.py:4180} INFO - Setting next_dagrun for example_branch_labels to 2024-12-12 00:00:00+00:00, run_after=2024-12-13 00:00:00+00:00
[2024-12-13T10:42:43.329+0000] {processor.py:208} INFO - Processing /opt/bitnami/airflow/venv/lib/python3.12/site-packages/airflow/example_dags/example_branch_labels.py took 0.377 seconds
[2024-12-13T10:43:13.781+0000] {processor.py:186} INFO - Started process (PID=138) to work on /opt/bitnami/airflow/venv/lib/python3.12/site-packages/airflow/example_dags/example_branch_labels.py
[2024-12-13T10:43:13.783+0000] {processor.py:914} INFO - Processing file /opt/bitnami/airflow/venv/lib/python3.12/site-packages/airflow/example_dags/example_branch_labels.py for tasks to queue
[2024-12-13T10:43:13.785+0000] {logging_mixin.py:190} INFO - [2024-12-13T10:43:13.784+0000] {dagbag.py:588} INFO - Filling up the DagBag from /opt/bitnami/airflow/venv/lib/python3.12/site-packages/airflow/example_dags/example_branch_labels.py
[2024-12-13T10:43:13.791+0000] {processor.py:925} INFO - DAG(s) 'example_branch_labels' retrieved from /opt/bitnami/airflow/venv/lib/python3.12/site-packages/airflow/example_dags/example_branch_labels.py
[2024-12-13T10:43:13.827+0000] {logging_mixin.py:190} INFO - [2024-12-13T10:43:13.827+0000] {dag.py:3239} INFO - Sync 1 DAGs
[2024-12-13T10:43:13.866+0000] {logging_mixin.py:190} INFO - [2024-12-13T10:43:13.866+0000] {dag.py:4180} INFO - Setting next_dagrun for example_branch_labels to 2024-12-12 00:00:00+00:00, run_after=2024-12-13 00:00:00+00:00
[2024-12-13T10:43:13.899+0000] {processor.py:208} INFO - Processing /opt/bitnami/airflow/venv/lib/python3.12/site-packages/airflow/example_dags/example_branch_labels.py took 0.122 seconds
[2024-12-13T10:43:44.725+0000] {processor.py:186} INFO - Started process (PID=195) to work on /opt/bitnami/airflow/venv/lib/python3.12/site-packages/airflow/example_dags/example_branch_labels.py
[2024-12-13T10:43:44.727+0000] {processor.py:914} INFO - Processing file /opt/bitnami/airflow/venv/lib/python3.12/site-packages/airflow/example_dags/example_branch_labels.py for tasks to queue
[2024-12-13T10:43:44.729+0000] {logging_mixin.py:190} INFO - [2024-12-13T10:43:44.729+0000] {dagbag.py:588} INFO - Filling up the DagBag from /opt/bitnami/airflow/venv/lib/python3.12/site-packages/airflow/example_dags/example_branch_labels.py
[2024-12-13T10:43:44.741+0000] {processor.py:925} INFO - DAG(s) 'example_branch_labels' retrieved from /opt/bitnami/airflow/venv/lib/python3.12/site-packages/airflow/example_dags/example_branch_labels.py
[2024-12-13T10:43:44.922+0000] {logging_mixin.py:190} INFO - [2024-12-13T10:43:44.921+0000] {dag.py:3239} INFO - Sync 1 DAGs
[2024-12-13T10:43:44.978+0000] {logging_mixin.py:190} INFO - [2024-12-13T10:43:44.978+0000] {dag.py:4180} INFO - Setting next_dagrun for example_branch_labels to 2024-12-12 00:00:00+00:00, run_after=2024-12-13 00:00:00+00:00
[2024-12-13T10:43:45.023+0000] {processor.py:208} INFO - Processing /opt/bitnami/airflow/venv/lib/python3.12/site-packages/airflow/example_dags/example_branch_labels.py took 0.303 seconds
[2024-12-13T10:44:15.474+0000] {processor.py:186} INFO - Started process (PID=252) to work on /opt/bitnami/airflow/venv/lib/python3.12/site-packages/airflow/example_dags/example_branch_labels.py
[2024-12-13T10:44:15.475+0000] {processor.py:914} INFO - Processing file /opt/bitnami/airflow/venv/lib/python3.12/site-packages/airflow/example_dags/example_branch_labels.py for tasks to queue
[2024-12-13T10:44:15.477+0000] {logging_mixin.py:190} INFO - [2024-12-13T10:44:15.477+0000] {dagbag.py:588} INFO - Filling up the DagBag from /opt/bitnami/airflow/venv/lib/python3.12/site-packages/airflow/example_dags/example_branch_labels.py
[2024-12-13T10:44:15.483+0000] {processor.py:925} INFO - DAG(s) 'example_branch_labels' retrieved from /opt/bitnami/airflow/venv/lib/python3.12/site-packages/airflow/example_dags/example_branch_labels.py
[2024-12-13T10:44:15.573+0000] {logging_mixin.py:190} INFO - [2024-12-13T10:44:15.573+0000] {dag.py:3239} INFO - Sync 1 DAGs
[2024-12-13T10:44:15.639+0000] {logging_mixin.py:190} INFO - [2024-12-13T10:44:15.639+0000] {dag.py:4180} INFO - Setting next_dagrun for example_branch_labels to 2024-12-12 00:00:00+00:00, run_after=2024-12-13 00:00:00+00:00
[2024-12-13T10:44:15.678+0000] {processor.py:208} INFO - Processing /opt/bitnami/airflow/venv/lib/python3.12/site-packages/airflow/example_dags/example_branch_labels.py took 0.208 seconds
[2024-12-13T10:44:46.153+0000] {processor.py:186} INFO - Started process (PID=309) to work on /opt/bitnami/airflow/venv/lib/python3.12/site-packages/airflow/example_dags/example_branch_labels.py
[2024-12-13T10:44:46.155+0000] {processor.py:914} INFO - Processing file /opt/bitnami/airflow/venv/lib/python3.12/site-packages/airflow/example_dags/example_branch_labels.py for tasks to queue
[2024-12-13T10:44:46.157+0000] {logging_mixin.py:190} INFO - [2024-12-13T10:44:46.157+0000] {dagbag.py:588} INFO - Filling up the DagBag from /opt/bitnami/airflow/venv/lib/python3.12/site-packages/airflow/example_dags/example_branch_labels.py
[2024-12-13T10:44:46.164+0000] {processor.py:925} INFO - DAG(s) 'example_branch_labels' retrieved from /opt/bitnami/airflow/venv/lib/python3.12/site-packages/airflow/example_dags/example_branch_labels.py
[2024-12-13T10:44:46.220+0000] {logging_mixin.py:190} INFO - [2024-12-13T10:44:46.220+0000] {dag.py:3239} INFO - Sync 1 DAGs
[2024-12-13T10:44:46.246+0000] {logging_mixin.py:190} INFO - [2024-12-13T10:44:46.246+0000] {dag.py:4180} INFO - Setting next_dagrun for example_branch_labels to 2024-12-12 00:00:00+00:00, run_after=2024-12-13 00:00:00+00:00
[2024-12-13T10:44:46.268+0000] {processor.py:208} INFO - Processing /opt/bitnami/airflow/venv/lib/python3.12/site-packages/airflow/example_dags/example_branch_labels.py took 0.119 seconds
[2024-12-13T10:52:14.428+0000] {processor.py:186} INFO - Started process (PID=81) to work on /opt/bitnami/airflow/venv/lib/python3.12/site-packages/airflow/example_dags/example_branch_labels.py
[2024-12-13T10:52:14.430+0000] {processor.py:914} INFO - Processing file /opt/bitnami/airflow/venv/lib/python3.12/site-packages/airflow/example_dags/example_branch_labels.py for tasks to queue
[2024-12-13T10:52:14.432+0000] {logging_mixin.py:190} INFO - [2024-12-13T10:52:14.432+0000] {dagbag.py:588} INFO - Filling up the DagBag from /opt/bitnami/airflow/venv/lib/python3.12/site-packages/airflow/example_dags/example_branch_labels.py
[2024-12-13T10:52:14.440+0000] {processor.py:925} INFO - DAG(s) 'example_branch_labels' retrieved from /opt/bitnami/airflow/venv/lib/python3.12/site-packages/airflow/example_dags/example_branch_labels.py
[2024-12-13T10:52:14.596+0000] {logging_mixin.py:190} INFO - [2024-12-13T10:52:14.596+0000] {override.py:1900} INFO - Created Permission View: can read on DAG:example_branch_labels
[2024-12-13T10:52:14.616+0000] {logging_mixin.py:190} INFO - [2024-12-13T10:52:14.616+0000] {override.py:1900} INFO - Created Permission View: can delete on DAG:example_branch_labels
[2024-12-13T10:52:14.626+0000] {logging_mixin.py:190} INFO - [2024-12-13T10:52:14.625+0000] {override.py:1900} INFO - Created Permission View: can edit on DAG:example_branch_labels
[2024-12-13T10:52:14.637+0000] {logging_mixin.py:190} INFO - [2024-12-13T10:52:14.637+0000] {override.py:1900} INFO - Created Permission View: menu access on DAG Run:example_branch_labels
[2024-12-13T10:52:14.646+0000] {logging_mixin.py:190} INFO - [2024-12-13T10:52:14.646+0000] {override.py:1900} INFO - Created Permission View: can read on DAG Run:example_branch_labels
[2024-12-13T10:52:14.656+0000] {logging_mixin.py:190} INFO - [2024-12-13T10:52:14.655+0000] {override.py:1900} INFO - Created Permission View: can delete on DAG Run:example_branch_labels
[2024-12-13T10:52:14.666+0000] {logging_mixin.py:190} INFO - [2024-12-13T10:52:14.666+0000] {override.py:1900} INFO - Created Permission View: can create on DAG Run:example_branch_labels
[2024-12-13T10:52:14.667+0000] {logging_mixin.py:190} INFO - [2024-12-13T10:52:14.667+0000] {dag.py:3239} INFO - Sync 1 DAGs
[2024-12-13T10:52:14.710+0000] {logging_mixin.py:190} INFO - [2024-12-13T10:52:14.709+0000] {dag.py:3262} INFO - Creating ORM DAG for example_branch_labels
[2024-12-13T10:52:14.727+0000] {logging_mixin.py:190} INFO - [2024-12-13T10:52:14.726+0000] {dag.py:4180} INFO - Setting next_dagrun for example_branch_labels to 2024-12-12 00:00:00+00:00, run_after=2024-12-13 00:00:00+00:00
[2024-12-13T10:52:14.748+0000] {processor.py:208} INFO - Processing /opt/bitnami/airflow/venv/lib/python3.12/site-packages/airflow/example_dags/example_branch_labels.py took 0.324 seconds
[2024-12-13T10:52:44.812+0000] {processor.py:186} INFO - Started process (PID=138) to work on /opt/bitnami/airflow/venv/lib/python3.12/site-packages/airflow/example_dags/example_branch_labels.py
[2024-12-13T10:52:44.813+0000] {processor.py:914} INFO - Processing file /opt/bitnami/airflow/venv/lib/python3.12/site-packages/airflow/example_dags/example_branch_labels.py for tasks to queue
[2024-12-13T10:52:44.817+0000] {logging_mixin.py:190} INFO - [2024-12-13T10:52:44.817+0000] {dagbag.py:588} INFO - Filling up the DagBag from /opt/bitnami/airflow/venv/lib/python3.12/site-packages/airflow/example_dags/example_branch_labels.py
[2024-12-13T10:52:44.824+0000] {processor.py:925} INFO - DAG(s) 'example_branch_labels' retrieved from /opt/bitnami/airflow/venv/lib/python3.12/site-packages/airflow/example_dags/example_branch_labels.py
[2024-12-13T10:52:44.913+0000] {logging_mixin.py:190} INFO - [2024-12-13T10:52:44.912+0000] {dag.py:3239} INFO - Sync 1 DAGs
[2024-12-13T10:52:44.977+0000] {logging_mixin.py:190} INFO - [2024-12-13T10:52:44.976+0000] {dag.py:4180} INFO - Setting next_dagrun for example_branch_labels to 2024-12-12 00:00:00+00:00, run_after=2024-12-13 00:00:00+00:00
[2024-12-13T10:52:45.004+0000] {processor.py:208} INFO - Processing /opt/bitnami/airflow/venv/lib/python3.12/site-packages/airflow/example_dags/example_branch_labels.py took 0.199 seconds
[2024-12-13T10:53:16.802+0000] {processor.py:186} INFO - Started process (PID=195) to work on /opt/bitnami/airflow/venv/lib/python3.12/site-packages/airflow/example_dags/example_branch_labels.py
[2024-12-13T10:53:16.804+0000] {processor.py:914} INFO - Processing file /opt/bitnami/airflow/venv/lib/python3.12/site-packages/airflow/example_dags/example_branch_labels.py for tasks to queue
[2024-12-13T10:53:16.806+0000] {logging_mixin.py:190} INFO - [2024-12-13T10:53:16.806+0000] {dagbag.py:588} INFO - Filling up the DagBag from /opt/bitnami/airflow/venv/lib/python3.12/site-packages/airflow/example_dags/example_branch_labels.py
[2024-12-13T10:53:16.816+0000] {processor.py:925} INFO - DAG(s) 'example_branch_labels' retrieved from /opt/bitnami/airflow/venv/lib/python3.12/site-packages/airflow/example_dags/example_branch_labels.py
[2024-12-13T10:53:16.949+0000] {logging_mixin.py:190} INFO - [2024-12-13T10:53:16.947+0000] {dag.py:3239} INFO - Sync 1 DAGs
[2024-12-13T10:53:16.994+0000] {logging_mixin.py:190} INFO - [2024-12-13T10:53:16.993+0000] {dag.py:4180} INFO - Setting next_dagrun for example_branch_labels to 2024-12-12 00:00:00+00:00, run_after=2024-12-13 00:00:00+00:00
[2024-12-13T10:53:17.043+0000] {processor.py:208} INFO - Processing /opt/bitnami/airflow/venv/lib/python3.12/site-packages/airflow/example_dags/example_branch_labels.py took 0.247 seconds
[2024-12-13T10:53:47.326+0000] {processor.py:186} INFO - Started process (PID=252) to work on /opt/bitnami/airflow/venv/lib/python3.12/site-packages/airflow/example_dags/example_branch_labels.py
[2024-12-13T10:53:47.327+0000] {processor.py:914} INFO - Processing file /opt/bitnami/airflow/venv/lib/python3.12/site-packages/airflow/example_dags/example_branch_labels.py for tasks to queue
[2024-12-13T10:53:47.330+0000] {logging_mixin.py:190} INFO - [2024-12-13T10:53:47.329+0000] {dagbag.py:588} INFO - Filling up the DagBag from /opt/bitnami/airflow/venv/lib/python3.12/site-packages/airflow/example_dags/example_branch_labels.py
[2024-12-13T10:53:47.337+0000] {processor.py:925} INFO - DAG(s) 'example_branch_labels' retrieved from /opt/bitnami/airflow/venv/lib/python3.12/site-packages/airflow/example_dags/example_branch_labels.py
[2024-12-13T10:53:47.438+0000] {logging_mixin.py:190} INFO - [2024-12-13T10:53:47.437+0000] {dag.py:3239} INFO - Sync 1 DAGs
[2024-12-13T10:53:47.482+0000] {logging_mixin.py:190} INFO - [2024-12-13T10:53:47.482+0000] {dag.py:4180} INFO - Setting next_dagrun for example_branch_labels to 2024-12-12 00:00:00+00:00, run_after=2024-12-13 00:00:00+00:00
[2024-12-13T10:53:47.513+0000] {processor.py:208} INFO - Processing /opt/bitnami/airflow/venv/lib/python3.12/site-packages/airflow/example_dags/example_branch_labels.py took 0.192 seconds
[2024-12-13T10:54:18.411+0000] {processor.py:186} INFO - Started process (PID=309) to work on /opt/bitnami/airflow/venv/lib/python3.12/site-packages/airflow/example_dags/example_branch_labels.py
[2024-12-13T10:54:18.412+0000] {processor.py:914} INFO - Processing file /opt/bitnami/airflow/venv/lib/python3.12/site-packages/airflow/example_dags/example_branch_labels.py for tasks to queue
[2024-12-13T10:54:18.414+0000] {logging_mixin.py:190} INFO - [2024-12-13T10:54:18.414+0000] {dagbag.py:588} INFO - Filling up the DagBag from /opt/bitnami/airflow/venv/lib/python3.12/site-packages/airflow/example_dags/example_branch_labels.py
[2024-12-13T10:54:18.421+0000] {processor.py:925} INFO - DAG(s) 'example_branch_labels' retrieved from /opt/bitnami/airflow/venv/lib/python3.12/site-packages/airflow/example_dags/example_branch_labels.py
[2024-12-13T10:54:18.483+0000] {logging_mixin.py:190} INFO - [2024-12-13T10:54:18.483+0000] {dag.py:3239} INFO - Sync 1 DAGs
[2024-12-13T10:54:18.524+0000] {logging_mixin.py:190} INFO - [2024-12-13T10:54:18.524+0000] {dag.py:4180} INFO - Setting next_dagrun for example_branch_labels to 2024-12-12 00:00:00+00:00, run_after=2024-12-13 00:00:00+00:00
[2024-12-13T10:54:18.553+0000] {processor.py:208} INFO - Processing /opt/bitnami/airflow/venv/lib/python3.12/site-packages/airflow/example_dags/example_branch_labels.py took 0.147 seconds
[2024-12-13T10:54:49.246+0000] {processor.py:186} INFO - Started process (PID=366) to work on /opt/bitnami/airflow/venv/lib/python3.12/site-packages/airflow/example_dags/example_branch_labels.py
[2024-12-13T10:54:49.247+0000] {processor.py:914} INFO - Processing file /opt/bitnami/airflow/venv/lib/python3.12/site-packages/airflow/example_dags/example_branch_labels.py for tasks to queue
[2024-12-13T10:54:49.250+0000] {logging_mixin.py:190} INFO - [2024-12-13T10:54:49.250+0000] {dagbag.py:588} INFO - Filling up the DagBag from /opt/bitnami/airflow/venv/lib/python3.12/site-packages/airflow/example_dags/example_branch_labels.py
[2024-12-13T10:54:49.260+0000] {processor.py:925} INFO - DAG(s) 'example_branch_labels' retrieved from /opt/bitnami/airflow/venv/lib/python3.12/site-packages/airflow/example_dags/example_branch_labels.py
[2024-12-13T10:54:49.300+0000] {logging_mixin.py:190} INFO - [2024-12-13T10:54:49.299+0000] {dag.py:3239} INFO - Sync 1 DAGs
[2024-12-13T10:54:49.327+0000] {logging_mixin.py:190} INFO - [2024-12-13T10:54:49.327+0000] {dag.py:4180} INFO - Setting next_dagrun for example_branch_labels to 2024-12-12 00:00:00+00:00, run_after=2024-12-13 00:00:00+00:00
[2024-12-13T10:54:49.363+0000] {processor.py:208} INFO - Processing /opt/bitnami/airflow/venv/lib/python3.12/site-packages/airflow/example_dags/example_branch_labels.py took 0.123 seconds
[2024-12-13T10:55:19.917+0000] {processor.py:186} INFO - Started process (PID=423) to work on /opt/bitnami/airflow/venv/lib/python3.12/site-packages/airflow/example_dags/example_branch_labels.py
[2024-12-13T10:55:19.918+0000] {processor.py:914} INFO - Processing file /opt/bitnami/airflow/venv/lib/python3.12/site-packages/airflow/example_dags/example_branch_labels.py for tasks to queue
[2024-12-13T10:55:19.920+0000] {logging_mixin.py:190} INFO - [2024-12-13T10:55:19.920+0000] {dagbag.py:588} INFO - Filling up the DagBag from /opt/bitnami/airflow/venv/lib/python3.12/site-packages/airflow/example_dags/example_branch_labels.py
[2024-12-13T10:55:19.931+0000] {processor.py:925} INFO - DAG(s) 'example_branch_labels' retrieved from /opt/bitnami/airflow/venv/lib/python3.12/site-packages/airflow/example_dags/example_branch_labels.py
[2024-12-13T10:55:19.976+0000] {logging_mixin.py:190} INFO - [2024-12-13T10:55:19.976+0000] {dag.py:3239} INFO - Sync 1 DAGs
[2024-12-13T10:55:20.022+0000] {logging_mixin.py:190} INFO - [2024-12-13T10:55:20.022+0000] {dag.py:4180} INFO - Setting next_dagrun for example_branch_labels to 2024-12-12 00:00:00+00:00, run_after=2024-12-13 00:00:00+00:00
[2024-12-13T10:55:20.059+0000] {processor.py:208} INFO - Processing /opt/bitnami/airflow/venv/lib/python3.12/site-packages/airflow/example_dags/example_branch_labels.py took 0.148 seconds
[2024-12-13T10:55:50.964+0000] {processor.py:186} INFO - Started process (PID=480) to work on /opt/bitnami/airflow/venv/lib/python3.12/site-packages/airflow/example_dags/example_branch_labels.py
[2024-12-13T10:55:50.966+0000] {processor.py:914} INFO - Processing file /opt/bitnami/airflow/venv/lib/python3.12/site-packages/airflow/example_dags/example_branch_labels.py for tasks to queue
[2024-12-13T10:55:50.969+0000] {logging_mixin.py:190} INFO - [2024-12-13T10:55:50.968+0000] {dagbag.py:588} INFO - Filling up the DagBag from /opt/bitnami/airflow/venv/lib/python3.12/site-packages/airflow/example_dags/example_branch_labels.py
[2024-12-13T10:55:50.980+0000] {processor.py:925} INFO - DAG(s) 'example_branch_labels' retrieved from /opt/bitnami/airflow/venv/lib/python3.12/site-packages/airflow/example_dags/example_branch_labels.py
[2024-12-13T10:55:51.050+0000] {logging_mixin.py:190} INFO - [2024-12-13T10:55:51.049+0000] {dag.py:3239} INFO - Sync 1 DAGs
[2024-12-13T10:55:51.094+0000] {logging_mixin.py:190} INFO - [2024-12-13T10:55:51.094+0000] {dag.py:4180} INFO - Setting next_dagrun for example_branch_labels to 2024-12-12 00:00:00+00:00, run_after=2024-12-13 00:00:00+00:00
[2024-12-13T10:55:51.128+0000] {processor.py:208} INFO - Processing /opt/bitnami/airflow/venv/lib/python3.12/site-packages/airflow/example_dags/example_branch_labels.py took 0.169 seconds
[2024-12-13T10:56:21.848+0000] {processor.py:186} INFO - Started process (PID=537) to work on /opt/bitnami/airflow/venv/lib/python3.12/site-packages/airflow/example_dags/example_branch_labels.py
[2024-12-13T10:56:21.849+0000] {processor.py:914} INFO - Processing file /opt/bitnami/airflow/venv/lib/python3.12/site-packages/airflow/example_dags/example_branch_labels.py for tasks to queue
[2024-12-13T10:56:21.851+0000] {logging_mixin.py:190} INFO - [2024-12-13T10:56:21.851+0000] {dagbag.py:588} INFO - Filling up the DagBag from /opt/bitnami/airflow/venv/lib/python3.12/site-packages/airflow/example_dags/example_branch_labels.py
[2024-12-13T10:56:21.857+0000] {processor.py:925} INFO - DAG(s) 'example_branch_labels' retrieved from /opt/bitnami/airflow/venv/lib/python3.12/site-packages/airflow/example_dags/example_branch_labels.py
[2024-12-13T10:56:21.895+0000] {logging_mixin.py:190} INFO - [2024-12-13T10:56:21.894+0000] {dag.py:3239} INFO - Sync 1 DAGs
[2024-12-13T10:56:21.933+0000] {logging_mixin.py:190} INFO - [2024-12-13T10:56:21.932+0000] {dag.py:4180} INFO - Setting next_dagrun for example_branch_labels to 2024-12-12 00:00:00+00:00, run_after=2024-12-13 00:00:00+00:00
[2024-12-13T10:56:21.972+0000] {processor.py:208} INFO - Processing /opt/bitnami/airflow/venv/lib/python3.12/site-packages/airflow/example_dags/example_branch_labels.py took 0.129 seconds
[2024-12-13T10:56:52.569+0000] {processor.py:186} INFO - Started process (PID=594) to work on /opt/bitnami/airflow/venv/lib/python3.12/site-packages/airflow/example_dags/example_branch_labels.py
[2024-12-13T10:56:52.571+0000] {processor.py:914} INFO - Processing file /opt/bitnami/airflow/venv/lib/python3.12/site-packages/airflow/example_dags/example_branch_labels.py for tasks to queue
[2024-12-13T10:56:52.572+0000] {logging_mixin.py:190} INFO - [2024-12-13T10:56:52.572+0000] {dagbag.py:588} INFO - Filling up the DagBag from /opt/bitnami/airflow/venv/lib/python3.12/site-packages/airflow/example_dags/example_branch_labels.py
[2024-12-13T10:56:52.578+0000] {processor.py:925} INFO - DAG(s) 'example_branch_labels' retrieved from /opt/bitnami/airflow/venv/lib/python3.12/site-packages/airflow/example_dags/example_branch_labels.py
[2024-12-13T10:56:52.618+0000] {logging_mixin.py:190} INFO - [2024-12-13T10:56:52.618+0000] {dag.py:3239} INFO - Sync 1 DAGs
[2024-12-13T10:56:52.651+0000] {logging_mixin.py:190} INFO - [2024-12-13T10:56:52.650+0000] {dag.py:4180} INFO - Setting next_dagrun for example_branch_labels to 2024-12-12 00:00:00+00:00, run_after=2024-12-13 00:00:00+00:00
[2024-12-13T10:56:52.676+0000] {processor.py:208} INFO - Processing /opt/bitnami/airflow/venv/lib/python3.12/site-packages/airflow/example_dags/example_branch_labels.py took 0.111 seconds
[2024-12-13T10:57:23.011+0000] {processor.py:186} INFO - Started process (PID=651) to work on /opt/bitnami/airflow/venv/lib/python3.12/site-packages/airflow/example_dags/example_branch_labels.py
[2024-12-13T10:57:23.012+0000] {processor.py:914} INFO - Processing file /opt/bitnami/airflow/venv/lib/python3.12/site-packages/airflow/example_dags/example_branch_labels.py for tasks to queue
[2024-12-13T10:57:23.014+0000] {logging_mixin.py:190} INFO - [2024-12-13T10:57:23.013+0000] {dagbag.py:588} INFO - Filling up the DagBag from /opt/bitnami/airflow/venv/lib/python3.12/site-packages/airflow/example_dags/example_branch_labels.py
[2024-12-13T10:57:23.020+0000] {processor.py:925} INFO - DAG(s) 'example_branch_labels' retrieved from /opt/bitnami/airflow/venv/lib/python3.12/site-packages/airflow/example_dags/example_branch_labels.py
[2024-12-13T10:57:23.056+0000] {logging_mixin.py:190} INFO - [2024-12-13T10:57:23.056+0000] {dag.py:3239} INFO - Sync 1 DAGs
[2024-12-13T10:57:23.085+0000] {logging_mixin.py:190} INFO - [2024-12-13T10:57:23.085+0000] {dag.py:4180} INFO - Setting next_dagrun for example_branch_labels to 2024-12-12 00:00:00+00:00, run_after=2024-12-13 00:00:00+00:00
[2024-12-13T10:57:23.108+0000] {processor.py:208} INFO - Processing /opt/bitnami/airflow/venv/lib/python3.12/site-packages/airflow/example_dags/example_branch_labels.py took 0.101 seconds
[2024-12-13T10:57:53.774+0000] {processor.py:186} INFO - Started process (PID=708) to work on /opt/bitnami/airflow/venv/lib/python3.12/site-packages/airflow/example_dags/example_branch_labels.py
[2024-12-13T10:57:53.776+0000] {processor.py:914} INFO - Processing file /opt/bitnami/airflow/venv/lib/python3.12/site-packages/airflow/example_dags/example_branch_labels.py for tasks to queue
[2024-12-13T10:57:53.778+0000] {logging_mixin.py:190} INFO - [2024-12-13T10:57:53.778+0000] {dagbag.py:588} INFO - Filling up the DagBag from /opt/bitnami/airflow/venv/lib/python3.12/site-packages/airflow/example_dags/example_branch_labels.py
[2024-12-13T10:57:53.786+0000] {processor.py:925} INFO - DAG(s) 'example_branch_labels' retrieved from /opt/bitnami/airflow/venv/lib/python3.12/site-packages/airflow/example_dags/example_branch_labels.py
[2024-12-13T10:57:53.854+0000] {logging_mixin.py:190} INFO - [2024-12-13T10:57:53.853+0000] {dag.py:3239} INFO - Sync 1 DAGs
[2024-12-13T10:57:53.910+0000] {logging_mixin.py:190} INFO - [2024-12-13T10:57:53.910+0000] {dag.py:4180} INFO - Setting next_dagrun for example_branch_labels to 2024-12-12 00:00:00+00:00, run_after=2024-12-13 00:00:00+00:00
[2024-12-13T10:57:53.932+0000] {processor.py:208} INFO - Processing /opt/bitnami/airflow/venv/lib/python3.12/site-packages/airflow/example_dags/example_branch_labels.py took 0.167 seconds
[2024-12-13T10:58:24.736+0000] {processor.py:186} INFO - Started process (PID=765) to work on /opt/bitnami/airflow/venv/lib/python3.12/site-packages/airflow/example_dags/example_branch_labels.py
[2024-12-13T10:58:24.738+0000] {processor.py:914} INFO - Processing file /opt/bitnami/airflow/venv/lib/python3.12/site-packages/airflow/example_dags/example_branch_labels.py for tasks to queue
[2024-12-13T10:58:24.740+0000] {logging_mixin.py:190} INFO - [2024-12-13T10:58:24.740+0000] {dagbag.py:588} INFO - Filling up the DagBag from /opt/bitnami/airflow/venv/lib/python3.12/site-packages/airflow/example_dags/example_branch_labels.py
[2024-12-13T10:58:24.747+0000] {processor.py:925} INFO - DAG(s) 'example_branch_labels' retrieved from /opt/bitnami/airflow/venv/lib/python3.12/site-packages/airflow/example_dags/example_branch_labels.py
[2024-12-13T10:58:24.789+0000] {logging_mixin.py:190} INFO - [2024-12-13T10:58:24.788+0000] {dag.py:3239} INFO - Sync 1 DAGs
[2024-12-13T10:58:24.829+0000] {logging_mixin.py:190} INFO - [2024-12-13T10:58:24.829+0000] {dag.py:4180} INFO - Setting next_dagrun for example_branch_labels to 2024-12-12 00:00:00+00:00, run_after=2024-12-13 00:00:00+00:00
[2024-12-13T10:58:24.864+0000] {processor.py:208} INFO - Processing /opt/bitnami/airflow/venv/lib/python3.12/site-packages/airflow/example_dags/example_branch_labels.py took 0.134 seconds
[2024-12-13T10:58:55.622+0000] {processor.py:186} INFO - Started process (PID=822) to work on /opt/bitnami/airflow/venv/lib/python3.12/site-packages/airflow/example_dags/example_branch_labels.py
[2024-12-13T10:58:55.623+0000] {processor.py:914} INFO - Processing file /opt/bitnami/airflow/venv/lib/python3.12/site-packages/airflow/example_dags/example_branch_labels.py for tasks to queue
[2024-12-13T10:58:55.627+0000] {logging_mixin.py:190} INFO - [2024-12-13T10:58:55.626+0000] {dagbag.py:588} INFO - Filling up the DagBag from /opt/bitnami/airflow/venv/lib/python3.12/site-packages/airflow/example_dags/example_branch_labels.py
[2024-12-13T10:58:55.635+0000] {processor.py:925} INFO - DAG(s) 'example_branch_labels' retrieved from /opt/bitnami/airflow/venv/lib/python3.12/site-packages/airflow/example_dags/example_branch_labels.py
[2024-12-13T10:58:55.699+0000] {logging_mixin.py:190} INFO - [2024-12-13T10:58:55.699+0000] {dag.py:3239} INFO - Sync 1 DAGs
[2024-12-13T10:58:55.750+0000] {logging_mixin.py:190} INFO - [2024-12-13T10:58:55.749+0000] {dag.py:4180} INFO - Setting next_dagrun for example_branch_labels to 2024-12-12 00:00:00+00:00, run_after=2024-12-13 00:00:00+00:00
[2024-12-13T10:58:55.779+0000] {processor.py:208} INFO - Processing /opt/bitnami/airflow/venv/lib/python3.12/site-packages/airflow/example_dags/example_branch_labels.py took 0.162 seconds
[2024-12-13T11:07:32.922+0000] {processor.py:186} INFO - Started process (PID=81) to work on /opt/bitnami/airflow/venv/lib/python3.12/site-packages/airflow/example_dags/example_branch_labels.py
[2024-12-13T11:07:32.924+0000] {processor.py:914} INFO - Processing file /opt/bitnami/airflow/venv/lib/python3.12/site-packages/airflow/example_dags/example_branch_labels.py for tasks to queue
[2024-12-13T11:07:32.926+0000] {logging_mixin.py:190} INFO - [2024-12-13T11:07:32.926+0000] {dagbag.py:588} INFO - Filling up the DagBag from /opt/bitnami/airflow/venv/lib/python3.12/site-packages/airflow/example_dags/example_branch_labels.py
[2024-12-13T11:07:32.935+0000] {processor.py:925} INFO - DAG(s) 'example_branch_labels' retrieved from /opt/bitnami/airflow/venv/lib/python3.12/site-packages/airflow/example_dags/example_branch_labels.py
[2024-12-13T11:07:33.024+0000] {logging_mixin.py:190} INFO - [2024-12-13T11:07:33.024+0000] {dag.py:3239} INFO - Sync 1 DAGs
[2024-12-13T11:07:33.099+0000] {logging_mixin.py:190} INFO - [2024-12-13T11:07:33.099+0000] {dag.py:4180} INFO - Setting next_dagrun for example_branch_labels to 2024-12-12 00:00:00+00:00, run_after=2024-12-13 00:00:00+00:00
[2024-12-13T11:07:33.150+0000] {processor.py:208} INFO - Processing /opt/bitnami/airflow/venv/lib/python3.12/site-packages/airflow/example_dags/example_branch_labels.py took 0.237 seconds
[2024-12-13T11:08:03.535+0000] {processor.py:186} INFO - Started process (PID=138) to work on /opt/bitnami/airflow/venv/lib/python3.12/site-packages/airflow/example_dags/example_branch_labels.py
[2024-12-13T11:08:03.537+0000] {processor.py:914} INFO - Processing file /opt/bitnami/airflow/venv/lib/python3.12/site-packages/airflow/example_dags/example_branch_labels.py for tasks to queue
[2024-12-13T11:08:03.539+0000] {logging_mixin.py:190} INFO - [2024-12-13T11:08:03.539+0000] {dagbag.py:588} INFO - Filling up the DagBag from /opt/bitnami/airflow/venv/lib/python3.12/site-packages/airflow/example_dags/example_branch_labels.py
[2024-12-13T11:08:03.545+0000] {processor.py:925} INFO - DAG(s) 'example_branch_labels' retrieved from /opt/bitnami/airflow/venv/lib/python3.12/site-packages/airflow/example_dags/example_branch_labels.py
[2024-12-13T11:08:03.629+0000] {logging_mixin.py:190} INFO - [2024-12-13T11:08:03.629+0000] {dag.py:3239} INFO - Sync 1 DAGs
[2024-12-13T11:08:03.670+0000] {logging_mixin.py:190} INFO - [2024-12-13T11:08:03.670+0000] {dag.py:4180} INFO - Setting next_dagrun for example_branch_labels to 2024-12-12 00:00:00+00:00, run_after=2024-12-13 00:00:00+00:00
[2024-12-13T11:08:03.697+0000] {processor.py:208} INFO - Processing /opt/bitnami/airflow/venv/lib/python3.12/site-packages/airflow/example_dags/example_branch_labels.py took 0.166 seconds
[2024-12-13T11:08:36.217+0000] {processor.py:186} INFO - Started process (PID=195) to work on /opt/bitnami/airflow/venv/lib/python3.12/site-packages/airflow/example_dags/example_branch_labels.py
[2024-12-13T11:08:36.219+0000] {processor.py:914} INFO - Processing file /opt/bitnami/airflow/venv/lib/python3.12/site-packages/airflow/example_dags/example_branch_labels.py for tasks to queue
[2024-12-13T11:08:36.222+0000] {logging_mixin.py:190} INFO - [2024-12-13T11:08:36.222+0000] {dagbag.py:588} INFO - Filling up the DagBag from /opt/bitnami/airflow/venv/lib/python3.12/site-packages/airflow/example_dags/example_branch_labels.py
[2024-12-13T11:08:36.231+0000] {processor.py:925} INFO - DAG(s) 'example_branch_labels' retrieved from /opt/bitnami/airflow/venv/lib/python3.12/site-packages/airflow/example_dags/example_branch_labels.py
[2024-12-13T11:08:36.353+0000] {logging_mixin.py:190} INFO - [2024-12-13T11:08:36.352+0000] {dag.py:3239} INFO - Sync 1 DAGs
[2024-12-13T11:08:36.404+0000] {logging_mixin.py:190} INFO - [2024-12-13T11:08:36.404+0000] {dag.py:4180} INFO - Setting next_dagrun for example_branch_labels to 2024-12-12 00:00:00+00:00, run_after=2024-12-13 00:00:00+00:00
[2024-12-13T11:08:36.445+0000] {processor.py:208} INFO - Processing /opt/bitnami/airflow/venv/lib/python3.12/site-packages/airflow/example_dags/example_branch_labels.py took 0.234 seconds
[2024-12-13T11:09:06.876+0000] {processor.py:186} INFO - Started process (PID=252) to work on /opt/bitnami/airflow/venv/lib/python3.12/site-packages/airflow/example_dags/example_branch_labels.py
[2024-12-13T11:09:06.878+0000] {processor.py:914} INFO - Processing file /opt/bitnami/airflow/venv/lib/python3.12/site-packages/airflow/example_dags/example_branch_labels.py for tasks to queue
[2024-12-13T11:09:06.881+0000] {logging_mixin.py:190} INFO - [2024-12-13T11:09:06.881+0000] {dagbag.py:588} INFO - Filling up the DagBag from /opt/bitnami/airflow/venv/lib/python3.12/site-packages/airflow/example_dags/example_branch_labels.py
[2024-12-13T11:09:06.888+0000] {processor.py:925} INFO - DAG(s) 'example_branch_labels' retrieved from /opt/bitnami/airflow/venv/lib/python3.12/site-packages/airflow/example_dags/example_branch_labels.py
[2024-12-13T11:09:06.967+0000] {logging_mixin.py:190} INFO - [2024-12-13T11:09:06.966+0000] {dag.py:3239} INFO - Sync 1 DAGs
[2024-12-13T11:09:07.020+0000] {logging_mixin.py:190} INFO - [2024-12-13T11:09:07.020+0000] {dag.py:4180} INFO - Setting next_dagrun for example_branch_labels to 2024-12-12 00:00:00+00:00, run_after=2024-12-13 00:00:00+00:00
[2024-12-13T11:09:07.054+0000] {processor.py:208} INFO - Processing /opt/bitnami/airflow/venv/lib/python3.12/site-packages/airflow/example_dags/example_branch_labels.py took 0.185 seconds
[2024-12-13T11:13:45.146+0000] {processor.py:186} INFO - Started process (PID=81) to work on /opt/bitnami/airflow/venv/lib/python3.12/site-packages/airflow/example_dags/example_branch_labels.py
[2024-12-13T11:13:45.146+0000] {processor.py:914} INFO - Processing file /opt/bitnami/airflow/venv/lib/python3.12/site-packages/airflow/example_dags/example_branch_labels.py for tasks to queue
[2024-12-13T11:13:45.149+0000] {logging_mixin.py:190} INFO - [2024-12-13T11:13:45.148+0000] {dagbag.py:588} INFO - Filling up the DagBag from /opt/bitnami/airflow/venv/lib/python3.12/site-packages/airflow/example_dags/example_branch_labels.py
[2024-12-13T11:13:45.156+0000] {processor.py:925} INFO - DAG(s) 'example_branch_labels' retrieved from /opt/bitnami/airflow/venv/lib/python3.12/site-packages/airflow/example_dags/example_branch_labels.py
[2024-12-13T11:13:45.191+0000] {logging_mixin.py:190} INFO - [2024-12-13T11:13:45.191+0000] {dag.py:3239} INFO - Sync 1 DAGs
[2024-12-13T11:13:45.219+0000] {logging_mixin.py:190} INFO - [2024-12-13T11:13:45.219+0000] {dag.py:4180} INFO - Setting next_dagrun for example_branch_labels to 2024-12-12 00:00:00+00:00, run_after=2024-12-13 00:00:00+00:00
[2024-12-13T11:13:45.239+0000] {processor.py:208} INFO - Processing /opt/bitnami/airflow/venv/lib/python3.12/site-packages/airflow/example_dags/example_branch_labels.py took 0.099 seconds
[2024-12-13T11:14:15.497+0000] {processor.py:186} INFO - Started process (PID=138) to work on /opt/bitnami/airflow/venv/lib/python3.12/site-packages/airflow/example_dags/example_branch_labels.py
[2024-12-13T11:14:15.498+0000] {processor.py:914} INFO - Processing file /opt/bitnami/airflow/venv/lib/python3.12/site-packages/airflow/example_dags/example_branch_labels.py for tasks to queue
[2024-12-13T11:14:15.500+0000] {logging_mixin.py:190} INFO - [2024-12-13T11:14:15.500+0000] {dagbag.py:588} INFO - Filling up the DagBag from /opt/bitnami/airflow/venv/lib/python3.12/site-packages/airflow/example_dags/example_branch_labels.py
[2024-12-13T11:14:15.506+0000] {processor.py:925} INFO - DAG(s) 'example_branch_labels' retrieved from /opt/bitnami/airflow/venv/lib/python3.12/site-packages/airflow/example_dags/example_branch_labels.py
[2024-12-13T11:14:15.539+0000] {logging_mixin.py:190} INFO - [2024-12-13T11:14:15.538+0000] {dag.py:3239} INFO - Sync 1 DAGs
[2024-12-13T11:14:15.565+0000] {logging_mixin.py:190} INFO - [2024-12-13T11:14:15.564+0000] {dag.py:4180} INFO - Setting next_dagrun for example_branch_labels to 2024-12-12 00:00:00+00:00, run_after=2024-12-13 00:00:00+00:00
[2024-12-13T11:14:15.582+0000] {processor.py:208} INFO - Processing /opt/bitnami/airflow/venv/lib/python3.12/site-packages/airflow/example_dags/example_branch_labels.py took 0.089 seconds
[2024-12-13T11:14:49.711+0000] {processor.py:186} INFO - Started process (PID=195) to work on /opt/bitnami/airflow/venv/lib/python3.12/site-packages/airflow/example_dags/example_branch_labels.py
[2024-12-13T11:14:49.713+0000] {processor.py:914} INFO - Processing file /opt/bitnami/airflow/venv/lib/python3.12/site-packages/airflow/example_dags/example_branch_labels.py for tasks to queue
[2024-12-13T11:14:49.716+0000] {logging_mixin.py:190} INFO - [2024-12-13T11:14:49.716+0000] {dagbag.py:588} INFO - Filling up the DagBag from /opt/bitnami/airflow/venv/lib/python3.12/site-packages/airflow/example_dags/example_branch_labels.py
[2024-12-13T11:14:49.725+0000] {processor.py:925} INFO - DAG(s) 'example_branch_labels' retrieved from /opt/bitnami/airflow/venv/lib/python3.12/site-packages/airflow/example_dags/example_branch_labels.py
[2024-12-13T11:14:49.861+0000] {logging_mixin.py:190} INFO - [2024-12-13T11:14:49.861+0000] {dag.py:3239} INFO - Sync 1 DAGs
[2024-12-13T11:14:49.916+0000] {logging_mixin.py:190} INFO - [2024-12-13T11:14:49.914+0000] {dag.py:4180} INFO - Setting next_dagrun for example_branch_labels to 2024-12-12 00:00:00+00:00, run_after=2024-12-13 00:00:00+00:00
[2024-12-13T11:14:49.973+0000] {processor.py:208} INFO - Processing /opt/bitnami/airflow/venv/lib/python3.12/site-packages/airflow/example_dags/example_branch_labels.py took 0.269 seconds
[2024-12-13T11:15:20.236+0000] {processor.py:186} INFO - Started process (PID=252) to work on /opt/bitnami/airflow/venv/lib/python3.12/site-packages/airflow/example_dags/example_branch_labels.py
[2024-12-13T11:15:20.238+0000] {processor.py:914} INFO - Processing file /opt/bitnami/airflow/venv/lib/python3.12/site-packages/airflow/example_dags/example_branch_labels.py for tasks to queue
[2024-12-13T11:15:20.241+0000] {logging_mixin.py:190} INFO - [2024-12-13T11:15:20.241+0000] {dagbag.py:588} INFO - Filling up the DagBag from /opt/bitnami/airflow/venv/lib/python3.12/site-packages/airflow/example_dags/example_branch_labels.py
[2024-12-13T11:15:20.248+0000] {processor.py:925} INFO - DAG(s) 'example_branch_labels' retrieved from /opt/bitnami/airflow/venv/lib/python3.12/site-packages/airflow/example_dags/example_branch_labels.py
[2024-12-13T11:15:20.310+0000] {logging_mixin.py:190} INFO - [2024-12-13T11:15:20.309+0000] {dag.py:3239} INFO - Sync 1 DAGs
[2024-12-13T11:15:20.356+0000] {logging_mixin.py:190} INFO - [2024-12-13T11:15:20.356+0000] {dag.py:4180} INFO - Setting next_dagrun for example_branch_labels to 2024-12-12 00:00:00+00:00, run_after=2024-12-13 00:00:00+00:00
[2024-12-13T11:15:20.385+0000] {processor.py:208} INFO - Processing /opt/bitnami/airflow/venv/lib/python3.12/site-packages/airflow/example_dags/example_branch_labels.py took 0.153 seconds
[2024-12-13T11:57:09.483+0000] {processor.py:186} INFO - Started process (PID=81) to work on /opt/bitnami/airflow/venv/lib/python3.12/site-packages/airflow/example_dags/example_branch_labels.py
[2024-12-13T11:57:09.484+0000] {processor.py:914} INFO - Processing file /opt/bitnami/airflow/venv/lib/python3.12/site-packages/airflow/example_dags/example_branch_labels.py for tasks to queue
[2024-12-13T11:57:09.486+0000] {logging_mixin.py:190} INFO - [2024-12-13T11:57:09.486+0000] {dagbag.py:588} INFO - Filling up the DagBag from /opt/bitnami/airflow/venv/lib/python3.12/site-packages/airflow/example_dags/example_branch_labels.py
[2024-12-13T11:57:09.492+0000] {processor.py:925} INFO - DAG(s) 'example_branch_labels' retrieved from /opt/bitnami/airflow/venv/lib/python3.12/site-packages/airflow/example_dags/example_branch_labels.py
[2024-12-13T11:57:09.518+0000] {logging_mixin.py:190} INFO - [2024-12-13T11:57:09.518+0000] {dag.py:3239} INFO - Sync 1 DAGs
[2024-12-13T11:57:09.541+0000] {logging_mixin.py:190} INFO - [2024-12-13T11:57:09.541+0000] {dag.py:4180} INFO - Setting next_dagrun for example_branch_labels to 2024-12-12 00:00:00+00:00, run_after=2024-12-13 00:00:00+00:00
[2024-12-13T11:57:09.557+0000] {processor.py:208} INFO - Processing /opt/bitnami/airflow/venv/lib/python3.12/site-packages/airflow/example_dags/example_branch_labels.py took 0.079 seconds
[2024-12-13T11:57:40.925+0000] {processor.py:186} INFO - Started process (PID=138) to work on /opt/bitnami/airflow/venv/lib/python3.12/site-packages/airflow/example_dags/example_branch_labels.py
[2024-12-13T11:57:40.926+0000] {processor.py:914} INFO - Processing file /opt/bitnami/airflow/venv/lib/python3.12/site-packages/airflow/example_dags/example_branch_labels.py for tasks to queue
[2024-12-13T11:57:40.928+0000] {logging_mixin.py:190} INFO - [2024-12-13T11:57:40.928+0000] {dagbag.py:588} INFO - Filling up the DagBag from /opt/bitnami/airflow/venv/lib/python3.12/site-packages/airflow/example_dags/example_branch_labels.py
[2024-12-13T11:57:40.934+0000] {processor.py:925} INFO - DAG(s) 'example_branch_labels' retrieved from /opt/bitnami/airflow/venv/lib/python3.12/site-packages/airflow/example_dags/example_branch_labels.py
[2024-12-13T11:57:40.966+0000] {logging_mixin.py:190} INFO - [2024-12-13T11:57:40.965+0000] {dag.py:3239} INFO - Sync 1 DAGs
[2024-12-13T11:57:41.003+0000] {logging_mixin.py:190} INFO - [2024-12-13T11:57:41.003+0000] {dag.py:4180} INFO - Setting next_dagrun for example_branch_labels to 2024-12-12 00:00:00+00:00, run_after=2024-12-13 00:00:00+00:00
[2024-12-13T11:57:41.027+0000] {processor.py:208} INFO - Processing /opt/bitnami/airflow/venv/lib/python3.12/site-packages/airflow/example_dags/example_branch_labels.py took 0.107 seconds
[2024-12-13T11:58:35.276+0000] {processor.py:186} INFO - Started process (PID=81) to work on /opt/bitnami/airflow/venv/lib/python3.12/site-packages/airflow/example_dags/example_branch_labels.py
[2024-12-13T11:58:35.277+0000] {processor.py:914} INFO - Processing file /opt/bitnami/airflow/venv/lib/python3.12/site-packages/airflow/example_dags/example_branch_labels.py for tasks to queue
[2024-12-13T11:58:35.279+0000] {logging_mixin.py:190} INFO - [2024-12-13T11:58:35.279+0000] {dagbag.py:588} INFO - Filling up the DagBag from /opt/bitnami/airflow/venv/lib/python3.12/site-packages/airflow/example_dags/example_branch_labels.py
[2024-12-13T11:58:35.285+0000] {processor.py:925} INFO - DAG(s) 'example_branch_labels' retrieved from /opt/bitnami/airflow/venv/lib/python3.12/site-packages/airflow/example_dags/example_branch_labels.py
[2024-12-13T11:58:35.311+0000] {logging_mixin.py:190} INFO - [2024-12-13T11:58:35.311+0000] {dag.py:3239} INFO - Sync 1 DAGs
[2024-12-13T11:58:35.338+0000] {logging_mixin.py:190} INFO - [2024-12-13T11:58:35.338+0000] {dag.py:4180} INFO - Setting next_dagrun for example_branch_labels to 2024-12-12 00:00:00+00:00, run_after=2024-12-13 00:00:00+00:00
[2024-12-13T11:58:35.359+0000] {processor.py:208} INFO - Processing /opt/bitnami/airflow/venv/lib/python3.12/site-packages/airflow/example_dags/example_branch_labels.py took 0.087 seconds
[2024-12-13T11:59:06.638+0000] {processor.py:186} INFO - Started process (PID=138) to work on /opt/bitnami/airflow/venv/lib/python3.12/site-packages/airflow/example_dags/example_branch_labels.py
[2024-12-13T11:59:06.639+0000] {processor.py:914} INFO - Processing file /opt/bitnami/airflow/venv/lib/python3.12/site-packages/airflow/example_dags/example_branch_labels.py for tasks to queue
[2024-12-13T11:59:06.641+0000] {logging_mixin.py:190} INFO - [2024-12-13T11:59:06.641+0000] {dagbag.py:588} INFO - Filling up the DagBag from /opt/bitnami/airflow/venv/lib/python3.12/site-packages/airflow/example_dags/example_branch_labels.py
[2024-12-13T11:59:06.648+0000] {processor.py:925} INFO - DAG(s) 'example_branch_labels' retrieved from /opt/bitnami/airflow/venv/lib/python3.12/site-packages/airflow/example_dags/example_branch_labels.py
[2024-12-13T11:59:06.689+0000] {logging_mixin.py:190} INFO - [2024-12-13T11:59:06.688+0000] {dag.py:3239} INFO - Sync 1 DAGs
[2024-12-13T11:59:06.726+0000] {logging_mixin.py:190} INFO - [2024-12-13T11:59:06.725+0000] {dag.py:4180} INFO - Setting next_dagrun for example_branch_labels to 2024-12-12 00:00:00+00:00, run_after=2024-12-13 00:00:00+00:00
[2024-12-13T11:59:06.750+0000] {processor.py:208} INFO - Processing /opt/bitnami/airflow/venv/lib/python3.12/site-packages/airflow/example_dags/example_branch_labels.py took 0.118 seconds
[2024-12-13T11:59:37.772+0000] {processor.py:186} INFO - Started process (PID=195) to work on /opt/bitnami/airflow/venv/lib/python3.12/site-packages/airflow/example_dags/example_branch_labels.py
[2024-12-13T11:59:37.773+0000] {processor.py:914} INFO - Processing file /opt/bitnami/airflow/venv/lib/python3.12/site-packages/airflow/example_dags/example_branch_labels.py for tasks to queue
[2024-12-13T11:59:37.775+0000] {logging_mixin.py:190} INFO - [2024-12-13T11:59:37.775+0000] {dagbag.py:588} INFO - Filling up the DagBag from /opt/bitnami/airflow/venv/lib/python3.12/site-packages/airflow/example_dags/example_branch_labels.py
[2024-12-13T11:59:37.782+0000] {processor.py:925} INFO - DAG(s) 'example_branch_labels' retrieved from /opt/bitnami/airflow/venv/lib/python3.12/site-packages/airflow/example_dags/example_branch_labels.py
[2024-12-13T11:59:37.870+0000] {logging_mixin.py:190} INFO - [2024-12-13T11:59:37.869+0000] {dag.py:3239} INFO - Sync 1 DAGs
[2024-12-13T11:59:37.904+0000] {logging_mixin.py:190} INFO - [2024-12-13T11:59:37.904+0000] {dag.py:4180} INFO - Setting next_dagrun for example_branch_labels to 2024-12-12 00:00:00+00:00, run_after=2024-12-13 00:00:00+00:00
[2024-12-13T11:59:37.928+0000] {processor.py:208} INFO - Processing /opt/bitnami/airflow/venv/lib/python3.12/site-packages/airflow/example_dags/example_branch_labels.py took 0.161 seconds
[2024-12-13T12:00:08.790+0000] {processor.py:186} INFO - Started process (PID=252) to work on /opt/bitnami/airflow/venv/lib/python3.12/site-packages/airflow/example_dags/example_branch_labels.py
[2024-12-13T12:00:08.791+0000] {processor.py:914} INFO - Processing file /opt/bitnami/airflow/venv/lib/python3.12/site-packages/airflow/example_dags/example_branch_labels.py for tasks to queue
[2024-12-13T12:00:08.793+0000] {logging_mixin.py:190} INFO - [2024-12-13T12:00:08.793+0000] {dagbag.py:588} INFO - Filling up the DagBag from /opt/bitnami/airflow/venv/lib/python3.12/site-packages/airflow/example_dags/example_branch_labels.py
[2024-12-13T12:00:08.801+0000] {processor.py:925} INFO - DAG(s) 'example_branch_labels' retrieved from /opt/bitnami/airflow/venv/lib/python3.12/site-packages/airflow/example_dags/example_branch_labels.py
[2024-12-13T12:00:08.835+0000] {logging_mixin.py:190} INFO - [2024-12-13T12:00:08.835+0000] {dag.py:3239} INFO - Sync 1 DAGs
[2024-12-13T12:00:08.862+0000] {logging_mixin.py:190} INFO - [2024-12-13T12:00:08.862+0000] {dag.py:4180} INFO - Setting next_dagrun for example_branch_labels to 2024-12-12 00:00:00+00:00, run_after=2024-12-13 00:00:00+00:00
[2024-12-13T12:00:08.880+0000] {processor.py:208} INFO - Processing /opt/bitnami/airflow/venv/lib/python3.12/site-packages/airflow/example_dags/example_branch_labels.py took 0.097 seconds
[2024-12-13T12:00:39.641+0000] {processor.py:186} INFO - Started process (PID=309) to work on /opt/bitnami/airflow/venv/lib/python3.12/site-packages/airflow/example_dags/example_branch_labels.py
[2024-12-13T12:00:39.642+0000] {processor.py:914} INFO - Processing file /opt/bitnami/airflow/venv/lib/python3.12/site-packages/airflow/example_dags/example_branch_labels.py for tasks to queue
[2024-12-13T12:00:39.644+0000] {logging_mixin.py:190} INFO - [2024-12-13T12:00:39.644+0000] {dagbag.py:588} INFO - Filling up the DagBag from /opt/bitnami/airflow/venv/lib/python3.12/site-packages/airflow/example_dags/example_branch_labels.py
[2024-12-13T12:00:39.650+0000] {processor.py:925} INFO - DAG(s) 'example_branch_labels' retrieved from /opt/bitnami/airflow/venv/lib/python3.12/site-packages/airflow/example_dags/example_branch_labels.py
[2024-12-13T12:00:39.681+0000] {logging_mixin.py:190} INFO - [2024-12-13T12:00:39.681+0000] {dag.py:3239} INFO - Sync 1 DAGs
[2024-12-13T12:00:39.707+0000] {logging_mixin.py:190} INFO - [2024-12-13T12:00:39.707+0000] {dag.py:4180} INFO - Setting next_dagrun for example_branch_labels to 2024-12-12 00:00:00+00:00, run_after=2024-12-13 00:00:00+00:00
[2024-12-13T12:00:39.733+0000] {processor.py:208} INFO - Processing /opt/bitnami/airflow/venv/lib/python3.12/site-packages/airflow/example_dags/example_branch_labels.py took 0.097 seconds
[2024-12-13T12:01:10.104+0000] {processor.py:186} INFO - Started process (PID=366) to work on /opt/bitnami/airflow/venv/lib/python3.12/site-packages/airflow/example_dags/example_branch_labels.py
[2024-12-13T12:01:10.105+0000] {processor.py:914} INFO - Processing file /opt/bitnami/airflow/venv/lib/python3.12/site-packages/airflow/example_dags/example_branch_labels.py for tasks to queue
[2024-12-13T12:01:10.106+0000] {logging_mixin.py:190} INFO - [2024-12-13T12:01:10.106+0000] {dagbag.py:588} INFO - Filling up the DagBag from /opt/bitnami/airflow/venv/lib/python3.12/site-packages/airflow/example_dags/example_branch_labels.py
[2024-12-13T12:01:10.113+0000] {processor.py:925} INFO - DAG(s) 'example_branch_labels' retrieved from /opt/bitnami/airflow/venv/lib/python3.12/site-packages/airflow/example_dags/example_branch_labels.py
[2024-12-13T12:01:10.142+0000] {logging_mixin.py:190} INFO - [2024-12-13T12:01:10.142+0000] {dag.py:3239} INFO - Sync 1 DAGs
[2024-12-13T12:01:10.169+0000] {logging_mixin.py:190} INFO - [2024-12-13T12:01:10.169+0000] {dag.py:4180} INFO - Setting next_dagrun for example_branch_labels to 2024-12-12 00:00:00+00:00, run_after=2024-12-13 00:00:00+00:00
[2024-12-13T12:01:10.190+0000] {processor.py:208} INFO - Processing /opt/bitnami/airflow/venv/lib/python3.12/site-packages/airflow/example_dags/example_branch_labels.py took 0.091 seconds
[2024-12-13T12:01:41.037+0000] {processor.py:186} INFO - Started process (PID=423) to work on /opt/bitnami/airflow/venv/lib/python3.12/site-packages/airflow/example_dags/example_branch_labels.py
[2024-12-13T12:01:41.038+0000] {processor.py:914} INFO - Processing file /opt/bitnami/airflow/venv/lib/python3.12/site-packages/airflow/example_dags/example_branch_labels.py for tasks to queue
[2024-12-13T12:01:41.041+0000] {logging_mixin.py:190} INFO - [2024-12-13T12:01:41.041+0000] {dagbag.py:588} INFO - Filling up the DagBag from /opt/bitnami/airflow/venv/lib/python3.12/site-packages/airflow/example_dags/example_branch_labels.py
[2024-12-13T12:01:41.047+0000] {processor.py:925} INFO - DAG(s) 'example_branch_labels' retrieved from /opt/bitnami/airflow/venv/lib/python3.12/site-packages/airflow/example_dags/example_branch_labels.py
[2024-12-13T12:01:41.078+0000] {logging_mixin.py:190} INFO - [2024-12-13T12:01:41.077+0000] {dag.py:3239} INFO - Sync 1 DAGs
[2024-12-13T12:01:41.104+0000] {logging_mixin.py:190} INFO - [2024-12-13T12:01:41.104+0000] {dag.py:4180} INFO - Setting next_dagrun for example_branch_labels to 2024-12-12 00:00:00+00:00, run_after=2024-12-13 00:00:00+00:00
[2024-12-13T12:01:41.123+0000] {processor.py:208} INFO - Processing /opt/bitnami/airflow/venv/lib/python3.12/site-packages/airflow/example_dags/example_branch_labels.py took 0.091 seconds
[2024-12-13T12:02:11.634+0000] {processor.py:186} INFO - Started process (PID=480) to work on /opt/bitnami/airflow/venv/lib/python3.12/site-packages/airflow/example_dags/example_branch_labels.py
[2024-12-13T12:02:11.635+0000] {processor.py:914} INFO - Processing file /opt/bitnami/airflow/venv/lib/python3.12/site-packages/airflow/example_dags/example_branch_labels.py for tasks to queue
[2024-12-13T12:02:11.637+0000] {logging_mixin.py:190} INFO - [2024-12-13T12:02:11.637+0000] {dagbag.py:588} INFO - Filling up the DagBag from /opt/bitnami/airflow/venv/lib/python3.12/site-packages/airflow/example_dags/example_branch_labels.py
[2024-12-13T12:02:11.644+0000] {processor.py:925} INFO - DAG(s) 'example_branch_labels' retrieved from /opt/bitnami/airflow/venv/lib/python3.12/site-packages/airflow/example_dags/example_branch_labels.py
[2024-12-13T12:02:11.673+0000] {logging_mixin.py:190} INFO - [2024-12-13T12:02:11.673+0000] {dag.py:3239} INFO - Sync 1 DAGs
[2024-12-13T12:02:11.697+0000] {logging_mixin.py:190} INFO - [2024-12-13T12:02:11.697+0000] {dag.py:4180} INFO - Setting next_dagrun for example_branch_labels to 2024-12-12 00:00:00+00:00, run_after=2024-12-13 00:00:00+00:00
[2024-12-13T12:02:11.715+0000] {processor.py:208} INFO - Processing /opt/bitnami/airflow/venv/lib/python3.12/site-packages/airflow/example_dags/example_branch_labels.py took 0.086 seconds
