[2024-12-13T08:19:46.809+0000] {processor.py:186} INFO - Started process (PID=92) to work on /opt/bitnami/airflow/venv/lib/python3.12/site-packages/airflow/example_dags/example_branch_day_of_week_operator.py
[2024-12-13T08:19:46.810+0000] {processor.py:914} INFO - Processing file /opt/bitnami/airflow/venv/lib/python3.12/site-packages/airflow/example_dags/example_branch_day_of_week_operator.py for tasks to queue
[2024-12-13T08:19:46.812+0000] {logging_mixin.py:190} INFO - [2024-12-13T08:19:46.812+0000] {dagbag.py:588} INFO - Filling up the DagBag from /opt/bitnami/airflow/venv/lib/python3.12/site-packages/airflow/example_dags/example_branch_day_of_week_operator.py
[2024-12-13T08:19:46.821+0000] {processor.py:925} INFO - DAG(s) 'example_weekday_branch_operator' retrieved from /opt/bitnami/airflow/venv/lib/python3.12/site-packages/airflow/example_dags/example_branch_day_of_week_operator.py
[2024-12-13T08:19:46.853+0000] {logging_mixin.py:190} INFO - [2024-12-13T08:19:46.852+0000] {dag.py:3239} INFO - Sync 1 DAGs
[2024-12-13T08:19:46.880+0000] {logging_mixin.py:190} INFO - [2024-12-13T08:19:46.880+0000] {dag.py:4180} INFO - Setting next_dagrun for example_weekday_branch_operator to 2024-12-12 00:00:00+00:00, run_after=2024-12-13 00:00:00+00:00
[2024-12-13T08:19:46.944+0000] {processor.py:208} INFO - Processing /opt/bitnami/airflow/venv/lib/python3.12/site-packages/airflow/example_dags/example_branch_day_of_week_operator.py took 0.140 seconds
[2024-12-13T08:20:17.063+0000] {processor.py:186} INFO - Started process (PID=149) to work on /opt/bitnami/airflow/venv/lib/python3.12/site-packages/airflow/example_dags/example_branch_day_of_week_operator.py
[2024-12-13T08:20:17.064+0000] {processor.py:914} INFO - Processing file /opt/bitnami/airflow/venv/lib/python3.12/site-packages/airflow/example_dags/example_branch_day_of_week_operator.py for tasks to queue
[2024-12-13T08:20:17.068+0000] {logging_mixin.py:190} INFO - [2024-12-13T08:20:17.067+0000] {dagbag.py:588} INFO - Filling up the DagBag from /opt/bitnami/airflow/venv/lib/python3.12/site-packages/airflow/example_dags/example_branch_day_of_week_operator.py
[2024-12-13T08:20:17.074+0000] {processor.py:925} INFO - DAG(s) 'example_weekday_branch_operator' retrieved from /opt/bitnami/airflow/venv/lib/python3.12/site-packages/airflow/example_dags/example_branch_day_of_week_operator.py
[2024-12-13T08:20:17.107+0000] {logging_mixin.py:190} INFO - [2024-12-13T08:20:17.107+0000] {dag.py:3239} INFO - Sync 1 DAGs
[2024-12-13T08:20:17.136+0000] {logging_mixin.py:190} INFO - [2024-12-13T08:20:17.135+0000] {dag.py:4180} INFO - Setting next_dagrun for example_weekday_branch_operator to 2024-12-12 00:00:00+00:00, run_after=2024-12-13 00:00:00+00:00
[2024-12-13T08:20:17.156+0000] {processor.py:208} INFO - Processing /opt/bitnami/airflow/venv/lib/python3.12/site-packages/airflow/example_dags/example_branch_day_of_week_operator.py took 0.098 seconds
[2024-12-13T08:20:48.266+0000] {processor.py:186} INFO - Started process (PID=206) to work on /opt/bitnami/airflow/venv/lib/python3.12/site-packages/airflow/example_dags/example_branch_day_of_week_operator.py
[2024-12-13T08:20:48.267+0000] {processor.py:914} INFO - Processing file /opt/bitnami/airflow/venv/lib/python3.12/site-packages/airflow/example_dags/example_branch_day_of_week_operator.py for tasks to queue
[2024-12-13T08:20:48.271+0000] {logging_mixin.py:190} INFO - [2024-12-13T08:20:48.270+0000] {dagbag.py:588} INFO - Filling up the DagBag from /opt/bitnami/airflow/venv/lib/python3.12/site-packages/airflow/example_dags/example_branch_day_of_week_operator.py
[2024-12-13T08:20:48.279+0000] {processor.py:925} INFO - DAG(s) 'example_weekday_branch_operator' retrieved from /opt/bitnami/airflow/venv/lib/python3.12/site-packages/airflow/example_dags/example_branch_day_of_week_operator.py
[2024-12-13T08:20:48.385+0000] {logging_mixin.py:190} INFO - [2024-12-13T08:20:48.384+0000] {dag.py:3239} INFO - Sync 1 DAGs
[2024-12-13T08:20:48.422+0000] {logging_mixin.py:190} INFO - [2024-12-13T08:20:48.421+0000] {dag.py:4180} INFO - Setting next_dagrun for example_weekday_branch_operator to 2024-12-12 00:00:00+00:00, run_after=2024-12-13 00:00:00+00:00
[2024-12-13T08:20:48.467+0000] {processor.py:208} INFO - Processing /opt/bitnami/airflow/venv/lib/python3.12/site-packages/airflow/example_dags/example_branch_day_of_week_operator.py took 0.208 seconds
[2024-12-13T08:21:18.715+0000] {processor.py:186} INFO - Started process (PID=263) to work on /opt/bitnami/airflow/venv/lib/python3.12/site-packages/airflow/example_dags/example_branch_day_of_week_operator.py
[2024-12-13T08:21:18.716+0000] {processor.py:914} INFO - Processing file /opt/bitnami/airflow/venv/lib/python3.12/site-packages/airflow/example_dags/example_branch_day_of_week_operator.py for tasks to queue
[2024-12-13T08:21:18.718+0000] {logging_mixin.py:190} INFO - [2024-12-13T08:21:18.718+0000] {dagbag.py:588} INFO - Filling up the DagBag from /opt/bitnami/airflow/venv/lib/python3.12/site-packages/airflow/example_dags/example_branch_day_of_week_operator.py
[2024-12-13T08:21:18.726+0000] {processor.py:925} INFO - DAG(s) 'example_weekday_branch_operator' retrieved from /opt/bitnami/airflow/venv/lib/python3.12/site-packages/airflow/example_dags/example_branch_day_of_week_operator.py
[2024-12-13T08:21:18.759+0000] {logging_mixin.py:190} INFO - [2024-12-13T08:21:18.758+0000] {dag.py:3239} INFO - Sync 1 DAGs
[2024-12-13T08:21:18.786+0000] {logging_mixin.py:190} INFO - [2024-12-13T08:21:18.786+0000] {dag.py:4180} INFO - Setting next_dagrun for example_weekday_branch_operator to 2024-12-12 00:00:00+00:00, run_after=2024-12-13 00:00:00+00:00
[2024-12-13T08:21:18.808+0000] {processor.py:208} INFO - Processing /opt/bitnami/airflow/venv/lib/python3.12/site-packages/airflow/example_dags/example_branch_day_of_week_operator.py took 0.098 seconds
[2024-12-13T08:21:49.335+0000] {processor.py:186} INFO - Started process (PID=320) to work on /opt/bitnami/airflow/venv/lib/python3.12/site-packages/airflow/example_dags/example_branch_day_of_week_operator.py
[2024-12-13T08:21:49.336+0000] {processor.py:914} INFO - Processing file /opt/bitnami/airflow/venv/lib/python3.12/site-packages/airflow/example_dags/example_branch_day_of_week_operator.py for tasks to queue
[2024-12-13T08:21:49.339+0000] {logging_mixin.py:190} INFO - [2024-12-13T08:21:49.338+0000] {dagbag.py:588} INFO - Filling up the DagBag from /opt/bitnami/airflow/venv/lib/python3.12/site-packages/airflow/example_dags/example_branch_day_of_week_operator.py
[2024-12-13T08:21:49.345+0000] {processor.py:925} INFO - DAG(s) 'example_weekday_branch_operator' retrieved from /opt/bitnami/airflow/venv/lib/python3.12/site-packages/airflow/example_dags/example_branch_day_of_week_operator.py
[2024-12-13T08:21:49.379+0000] {logging_mixin.py:190} INFO - [2024-12-13T08:21:49.378+0000] {dag.py:3239} INFO - Sync 1 DAGs
[2024-12-13T08:21:49.408+0000] {logging_mixin.py:190} INFO - [2024-12-13T08:21:49.408+0000] {dag.py:4180} INFO - Setting next_dagrun for example_weekday_branch_operator to 2024-12-12 00:00:00+00:00, run_after=2024-12-13 00:00:00+00:00
[2024-12-13T08:21:49.434+0000] {processor.py:208} INFO - Processing /opt/bitnami/airflow/venv/lib/python3.12/site-packages/airflow/example_dags/example_branch_day_of_week_operator.py took 0.103 seconds
[2024-12-13T08:22:19.726+0000] {processor.py:186} INFO - Started process (PID=377) to work on /opt/bitnami/airflow/venv/lib/python3.12/site-packages/airflow/example_dags/example_branch_day_of_week_operator.py
[2024-12-13T08:22:19.726+0000] {processor.py:914} INFO - Processing file /opt/bitnami/airflow/venv/lib/python3.12/site-packages/airflow/example_dags/example_branch_day_of_week_operator.py for tasks to queue
[2024-12-13T08:22:19.728+0000] {logging_mixin.py:190} INFO - [2024-12-13T08:22:19.728+0000] {dagbag.py:588} INFO - Filling up the DagBag from /opt/bitnami/airflow/venv/lib/python3.12/site-packages/airflow/example_dags/example_branch_day_of_week_operator.py
[2024-12-13T08:22:19.735+0000] {processor.py:925} INFO - DAG(s) 'example_weekday_branch_operator' retrieved from /opt/bitnami/airflow/venv/lib/python3.12/site-packages/airflow/example_dags/example_branch_day_of_week_operator.py
[2024-12-13T08:22:19.765+0000] {logging_mixin.py:190} INFO - [2024-12-13T08:22:19.764+0000] {dag.py:3239} INFO - Sync 1 DAGs
[2024-12-13T08:22:19.789+0000] {logging_mixin.py:190} INFO - [2024-12-13T08:22:19.788+0000] {dag.py:4180} INFO - Setting next_dagrun for example_weekday_branch_operator to 2024-12-12 00:00:00+00:00, run_after=2024-12-13 00:00:00+00:00
[2024-12-13T08:22:19.808+0000] {processor.py:208} INFO - Processing /opt/bitnami/airflow/venv/lib/python3.12/site-packages/airflow/example_dags/example_branch_day_of_week_operator.py took 0.087 seconds
[2024-12-13T08:22:50.524+0000] {processor.py:186} INFO - Started process (PID=434) to work on /opt/bitnami/airflow/venv/lib/python3.12/site-packages/airflow/example_dags/example_branch_day_of_week_operator.py
[2024-12-13T08:22:50.525+0000] {processor.py:914} INFO - Processing file /opt/bitnami/airflow/venv/lib/python3.12/site-packages/airflow/example_dags/example_branch_day_of_week_operator.py for tasks to queue
[2024-12-13T08:22:50.527+0000] {logging_mixin.py:190} INFO - [2024-12-13T08:22:50.527+0000] {dagbag.py:588} INFO - Filling up the DagBag from /opt/bitnami/airflow/venv/lib/python3.12/site-packages/airflow/example_dags/example_branch_day_of_week_operator.py
[2024-12-13T08:22:50.535+0000] {processor.py:925} INFO - DAG(s) 'example_weekday_branch_operator' retrieved from /opt/bitnami/airflow/venv/lib/python3.12/site-packages/airflow/example_dags/example_branch_day_of_week_operator.py
[2024-12-13T08:22:50.570+0000] {logging_mixin.py:190} INFO - [2024-12-13T08:22:50.569+0000] {dag.py:3239} INFO - Sync 1 DAGs
[2024-12-13T08:22:50.600+0000] {logging_mixin.py:190} INFO - [2024-12-13T08:22:50.600+0000] {dag.py:4180} INFO - Setting next_dagrun for example_weekday_branch_operator to 2024-12-12 00:00:00+00:00, run_after=2024-12-13 00:00:00+00:00
[2024-12-13T08:22:50.624+0000] {processor.py:208} INFO - Processing /opt/bitnami/airflow/venv/lib/python3.12/site-packages/airflow/example_dags/example_branch_day_of_week_operator.py took 0.105 seconds
[2024-12-13T08:25:48.117+0000] {processor.py:186} INFO - Started process (PID=92) to work on /opt/bitnami/airflow/venv/lib/python3.12/site-packages/airflow/example_dags/example_branch_day_of_week_operator.py
[2024-12-13T08:25:48.118+0000] {processor.py:914} INFO - Processing file /opt/bitnami/airflow/venv/lib/python3.12/site-packages/airflow/example_dags/example_branch_day_of_week_operator.py for tasks to queue
[2024-12-13T08:25:48.121+0000] {logging_mixin.py:190} INFO - [2024-12-13T08:25:48.121+0000] {dagbag.py:588} INFO - Filling up the DagBag from /opt/bitnami/airflow/venv/lib/python3.12/site-packages/airflow/example_dags/example_branch_day_of_week_operator.py
[2024-12-13T08:25:48.130+0000] {processor.py:925} INFO - DAG(s) 'example_weekday_branch_operator' retrieved from /opt/bitnami/airflow/venv/lib/python3.12/site-packages/airflow/example_dags/example_branch_day_of_week_operator.py
[2024-12-13T08:25:48.168+0000] {logging_mixin.py:190} INFO - [2024-12-13T08:25:48.168+0000] {dag.py:3239} INFO - Sync 1 DAGs
[2024-12-13T08:25:48.210+0000] {logging_mixin.py:190} INFO - [2024-12-13T08:25:48.210+0000] {dag.py:4180} INFO - Setting next_dagrun for example_weekday_branch_operator to 2024-12-12 00:00:00+00:00, run_after=2024-12-13 00:00:00+00:00
[2024-12-13T08:25:48.233+0000] {processor.py:208} INFO - Processing /opt/bitnami/airflow/venv/lib/python3.12/site-packages/airflow/example_dags/example_branch_day_of_week_operator.py took 0.121 seconds
[2024-12-13T08:26:18.957+0000] {processor.py:186} INFO - Started process (PID=149) to work on /opt/bitnami/airflow/venv/lib/python3.12/site-packages/airflow/example_dags/example_branch_day_of_week_operator.py
[2024-12-13T08:26:18.958+0000] {processor.py:914} INFO - Processing file /opt/bitnami/airflow/venv/lib/python3.12/site-packages/airflow/example_dags/example_branch_day_of_week_operator.py for tasks to queue
[2024-12-13T08:26:18.960+0000] {logging_mixin.py:190} INFO - [2024-12-13T08:26:18.960+0000] {dagbag.py:588} INFO - Filling up the DagBag from /opt/bitnami/airflow/venv/lib/python3.12/site-packages/airflow/example_dags/example_branch_day_of_week_operator.py
[2024-12-13T08:26:18.966+0000] {processor.py:925} INFO - DAG(s) 'example_weekday_branch_operator' retrieved from /opt/bitnami/airflow/venv/lib/python3.12/site-packages/airflow/example_dags/example_branch_day_of_week_operator.py
[2024-12-13T08:26:18.998+0000] {logging_mixin.py:190} INFO - [2024-12-13T08:26:18.998+0000] {dag.py:3239} INFO - Sync 1 DAGs
[2024-12-13T08:26:19.028+0000] {logging_mixin.py:190} INFO - [2024-12-13T08:26:19.027+0000] {dag.py:4180} INFO - Setting next_dagrun for example_weekday_branch_operator to 2024-12-12 00:00:00+00:00, run_after=2024-12-13 00:00:00+00:00
[2024-12-13T08:26:19.046+0000] {processor.py:208} INFO - Processing /opt/bitnami/airflow/venv/lib/python3.12/site-packages/airflow/example_dags/example_branch_day_of_week_operator.py took 0.093 seconds
[2024-12-13T08:26:51.063+0000] {processor.py:186} INFO - Started process (PID=206) to work on /opt/bitnami/airflow/venv/lib/python3.12/site-packages/airflow/example_dags/example_branch_day_of_week_operator.py
[2024-12-13T08:26:51.064+0000] {processor.py:914} INFO - Processing file /opt/bitnami/airflow/venv/lib/python3.12/site-packages/airflow/example_dags/example_branch_day_of_week_operator.py for tasks to queue
[2024-12-13T08:26:51.066+0000] {logging_mixin.py:190} INFO - [2024-12-13T08:26:51.066+0000] {dagbag.py:588} INFO - Filling up the DagBag from /opt/bitnami/airflow/venv/lib/python3.12/site-packages/airflow/example_dags/example_branch_day_of_week_operator.py
[2024-12-13T08:26:51.072+0000] {processor.py:925} INFO - DAG(s) 'example_weekday_branch_operator' retrieved from /opt/bitnami/airflow/venv/lib/python3.12/site-packages/airflow/example_dags/example_branch_day_of_week_operator.py
[2024-12-13T08:26:51.150+0000] {logging_mixin.py:190} INFO - [2024-12-13T08:26:51.150+0000] {dag.py:3239} INFO - Sync 1 DAGs
[2024-12-13T08:26:51.185+0000] {logging_mixin.py:190} INFO - [2024-12-13T08:26:51.184+0000] {dag.py:4180} INFO - Setting next_dagrun for example_weekday_branch_operator to 2024-12-12 00:00:00+00:00, run_after=2024-12-13 00:00:00+00:00
[2024-12-13T08:26:51.209+0000] {processor.py:208} INFO - Processing /opt/bitnami/airflow/venv/lib/python3.12/site-packages/airflow/example_dags/example_branch_day_of_week_operator.py took 0.151 seconds
[2024-12-13T08:27:21.356+0000] {processor.py:186} INFO - Started process (PID=263) to work on /opt/bitnami/airflow/venv/lib/python3.12/site-packages/airflow/example_dags/example_branch_day_of_week_operator.py
[2024-12-13T08:27:21.357+0000] {processor.py:914} INFO - Processing file /opt/bitnami/airflow/venv/lib/python3.12/site-packages/airflow/example_dags/example_branch_day_of_week_operator.py for tasks to queue
[2024-12-13T08:27:21.359+0000] {logging_mixin.py:190} INFO - [2024-12-13T08:27:21.359+0000] {dagbag.py:588} INFO - Filling up the DagBag from /opt/bitnami/airflow/venv/lib/python3.12/site-packages/airflow/example_dags/example_branch_day_of_week_operator.py
[2024-12-13T08:27:21.366+0000] {processor.py:925} INFO - DAG(s) 'example_weekday_branch_operator' retrieved from /opt/bitnami/airflow/venv/lib/python3.12/site-packages/airflow/example_dags/example_branch_day_of_week_operator.py
[2024-12-13T08:27:21.405+0000] {logging_mixin.py:190} INFO - [2024-12-13T08:27:21.404+0000] {dag.py:3239} INFO - Sync 1 DAGs
[2024-12-13T08:27:21.435+0000] {logging_mixin.py:190} INFO - [2024-12-13T08:27:21.435+0000] {dag.py:4180} INFO - Setting next_dagrun for example_weekday_branch_operator to 2024-12-12 00:00:00+00:00, run_after=2024-12-13 00:00:00+00:00
[2024-12-13T08:27:21.462+0000] {processor.py:208} INFO - Processing /opt/bitnami/airflow/venv/lib/python3.12/site-packages/airflow/example_dags/example_branch_day_of_week_operator.py took 0.111 seconds
[2024-12-13T10:42:45.290+0000] {processor.py:186} INFO - Started process (PID=92) to work on /opt/bitnami/airflow/venv/lib/python3.12/site-packages/airflow/example_dags/example_branch_day_of_week_operator.py
[2024-12-13T10:42:45.291+0000] {processor.py:914} INFO - Processing file /opt/bitnami/airflow/venv/lib/python3.12/site-packages/airflow/example_dags/example_branch_day_of_week_operator.py for tasks to queue
[2024-12-13T10:42:45.294+0000] {logging_mixin.py:190} INFO - [2024-12-13T10:42:45.294+0000] {dagbag.py:588} INFO - Filling up the DagBag from /opt/bitnami/airflow/venv/lib/python3.12/site-packages/airflow/example_dags/example_branch_day_of_week_operator.py
[2024-12-13T10:42:45.303+0000] {processor.py:925} INFO - DAG(s) 'example_weekday_branch_operator' retrieved from /opt/bitnami/airflow/venv/lib/python3.12/site-packages/airflow/example_dags/example_branch_day_of_week_operator.py
[2024-12-13T10:42:45.445+0000] {logging_mixin.py:190} INFO - [2024-12-13T10:42:45.444+0000] {override.py:1900} INFO - Created Permission View: can read on DAG:example_weekday_branch_operator
[2024-12-13T10:42:45.465+0000] {logging_mixin.py:190} INFO - [2024-12-13T10:42:45.465+0000] {override.py:1900} INFO - Created Permission View: can delete on DAG:example_weekday_branch_operator
[2024-12-13T10:42:45.475+0000] {logging_mixin.py:190} INFO - [2024-12-13T10:42:45.475+0000] {override.py:1900} INFO - Created Permission View: can edit on DAG:example_weekday_branch_operator
[2024-12-13T10:42:45.490+0000] {logging_mixin.py:190} INFO - [2024-12-13T10:42:45.490+0000] {override.py:1900} INFO - Created Permission View: can delete on DAG Run:example_weekday_branch_operator
[2024-12-13T10:42:45.501+0000] {logging_mixin.py:190} INFO - [2024-12-13T10:42:45.501+0000] {override.py:1900} INFO - Created Permission View: can read on DAG Run:example_weekday_branch_operator
[2024-12-13T10:42:45.510+0000] {logging_mixin.py:190} INFO - [2024-12-13T10:42:45.509+0000] {override.py:1900} INFO - Created Permission View: can create on DAG Run:example_weekday_branch_operator
[2024-12-13T10:42:45.520+0000] {logging_mixin.py:190} INFO - [2024-12-13T10:42:45.520+0000] {override.py:1900} INFO - Created Permission View: menu access on DAG Run:example_weekday_branch_operator
[2024-12-13T10:42:45.521+0000] {logging_mixin.py:190} INFO - [2024-12-13T10:42:45.521+0000] {dag.py:3239} INFO - Sync 1 DAGs
[2024-12-13T10:42:45.575+0000] {logging_mixin.py:190} INFO - [2024-12-13T10:42:45.574+0000] {dag.py:3262} INFO - Creating ORM DAG for example_weekday_branch_operator
[2024-12-13T10:42:45.592+0000] {logging_mixin.py:190} INFO - [2024-12-13T10:42:45.591+0000] {dag.py:4180} INFO - Setting next_dagrun for example_weekday_branch_operator to 2024-12-12 00:00:00+00:00, run_after=2024-12-13 00:00:00+00:00
[2024-12-13T10:42:45.624+0000] {processor.py:208} INFO - Processing /opt/bitnami/airflow/venv/lib/python3.12/site-packages/airflow/example_dags/example_branch_day_of_week_operator.py took 0.341 seconds
[2024-12-13T10:43:16.080+0000] {processor.py:186} INFO - Started process (PID=149) to work on /opt/bitnami/airflow/venv/lib/python3.12/site-packages/airflow/example_dags/example_branch_day_of_week_operator.py
[2024-12-13T10:43:16.082+0000] {processor.py:914} INFO - Processing file /opt/bitnami/airflow/venv/lib/python3.12/site-packages/airflow/example_dags/example_branch_day_of_week_operator.py for tasks to queue
[2024-12-13T10:43:16.084+0000] {logging_mixin.py:190} INFO - [2024-12-13T10:43:16.084+0000] {dagbag.py:588} INFO - Filling up the DagBag from /opt/bitnami/airflow/venv/lib/python3.12/site-packages/airflow/example_dags/example_branch_day_of_week_operator.py
[2024-12-13T10:43:16.095+0000] {processor.py:925} INFO - DAG(s) 'example_weekday_branch_operator' retrieved from /opt/bitnami/airflow/venv/lib/python3.12/site-packages/airflow/example_dags/example_branch_day_of_week_operator.py
[2024-12-13T10:43:16.143+0000] {logging_mixin.py:190} INFO - [2024-12-13T10:43:16.143+0000] {dag.py:3239} INFO - Sync 1 DAGs
[2024-12-13T10:43:16.207+0000] {logging_mixin.py:190} INFO - [2024-12-13T10:43:16.207+0000] {dag.py:4180} INFO - Setting next_dagrun for example_weekday_branch_operator to 2024-12-12 00:00:00+00:00, run_after=2024-12-13 00:00:00+00:00
[2024-12-13T10:43:16.242+0000] {processor.py:208} INFO - Processing /opt/bitnami/airflow/venv/lib/python3.12/site-packages/airflow/example_dags/example_branch_day_of_week_operator.py took 0.167 seconds
[2024-12-13T10:43:46.556+0000] {processor.py:186} INFO - Started process (PID=206) to work on /opt/bitnami/airflow/venv/lib/python3.12/site-packages/airflow/example_dags/example_branch_day_of_week_operator.py
[2024-12-13T10:43:46.558+0000] {processor.py:914} INFO - Processing file /opt/bitnami/airflow/venv/lib/python3.12/site-packages/airflow/example_dags/example_branch_day_of_week_operator.py for tasks to queue
[2024-12-13T10:43:46.560+0000] {logging_mixin.py:190} INFO - [2024-12-13T10:43:46.560+0000] {dagbag.py:588} INFO - Filling up the DagBag from /opt/bitnami/airflow/venv/lib/python3.12/site-packages/airflow/example_dags/example_branch_day_of_week_operator.py
[2024-12-13T10:43:46.568+0000] {processor.py:925} INFO - DAG(s) 'example_weekday_branch_operator' retrieved from /opt/bitnami/airflow/venv/lib/python3.12/site-packages/airflow/example_dags/example_branch_day_of_week_operator.py
[2024-12-13T10:43:46.714+0000] {logging_mixin.py:190} INFO - [2024-12-13T10:43:46.713+0000] {dag.py:3239} INFO - Sync 1 DAGs
[2024-12-13T10:43:46.772+0000] {logging_mixin.py:190} INFO - [2024-12-13T10:43:46.772+0000] {dag.py:4180} INFO - Setting next_dagrun for example_weekday_branch_operator to 2024-12-12 00:00:00+00:00, run_after=2024-12-13 00:00:00+00:00
[2024-12-13T10:43:46.819+0000] {processor.py:208} INFO - Processing /opt/bitnami/airflow/venv/lib/python3.12/site-packages/airflow/example_dags/example_branch_day_of_week_operator.py took 0.270 seconds
[2024-12-13T10:44:17.347+0000] {processor.py:186} INFO - Started process (PID=263) to work on /opt/bitnami/airflow/venv/lib/python3.12/site-packages/airflow/example_dags/example_branch_day_of_week_operator.py
[2024-12-13T10:44:17.348+0000] {processor.py:914} INFO - Processing file /opt/bitnami/airflow/venv/lib/python3.12/site-packages/airflow/example_dags/example_branch_day_of_week_operator.py for tasks to queue
[2024-12-13T10:44:17.350+0000] {logging_mixin.py:190} INFO - [2024-12-13T10:44:17.350+0000] {dagbag.py:588} INFO - Filling up the DagBag from /opt/bitnami/airflow/venv/lib/python3.12/site-packages/airflow/example_dags/example_branch_day_of_week_operator.py
[2024-12-13T10:44:17.357+0000] {processor.py:925} INFO - DAG(s) 'example_weekday_branch_operator' retrieved from /opt/bitnami/airflow/venv/lib/python3.12/site-packages/airflow/example_dags/example_branch_day_of_week_operator.py
[2024-12-13T10:44:17.446+0000] {logging_mixin.py:190} INFO - [2024-12-13T10:44:17.446+0000] {dag.py:3239} INFO - Sync 1 DAGs
[2024-12-13T10:44:17.504+0000] {logging_mixin.py:190} INFO - [2024-12-13T10:44:17.504+0000] {dag.py:4180} INFO - Setting next_dagrun for example_weekday_branch_operator to 2024-12-12 00:00:00+00:00, run_after=2024-12-13 00:00:00+00:00
[2024-12-13T10:44:17.542+0000] {processor.py:208} INFO - Processing /opt/bitnami/airflow/venv/lib/python3.12/site-packages/airflow/example_dags/example_branch_day_of_week_operator.py took 0.201 seconds
[2024-12-13T10:44:47.763+0000] {processor.py:186} INFO - Started process (PID=320) to work on /opt/bitnami/airflow/venv/lib/python3.12/site-packages/airflow/example_dags/example_branch_day_of_week_operator.py
[2024-12-13T10:44:47.765+0000] {processor.py:914} INFO - Processing file /opt/bitnami/airflow/venv/lib/python3.12/site-packages/airflow/example_dags/example_branch_day_of_week_operator.py for tasks to queue
[2024-12-13T10:44:47.768+0000] {logging_mixin.py:190} INFO - [2024-12-13T10:44:47.767+0000] {dagbag.py:588} INFO - Filling up the DagBag from /opt/bitnami/airflow/venv/lib/python3.12/site-packages/airflow/example_dags/example_branch_day_of_week_operator.py
[2024-12-13T10:44:47.775+0000] {processor.py:925} INFO - DAG(s) 'example_weekday_branch_operator' retrieved from /opt/bitnami/airflow/venv/lib/python3.12/site-packages/airflow/example_dags/example_branch_day_of_week_operator.py
[2024-12-13T10:44:47.843+0000] {logging_mixin.py:190} INFO - [2024-12-13T10:44:47.842+0000] {dag.py:3239} INFO - Sync 1 DAGs
[2024-12-13T10:44:47.896+0000] {logging_mixin.py:190} INFO - [2024-12-13T10:44:47.895+0000] {dag.py:4180} INFO - Setting next_dagrun for example_weekday_branch_operator to 2024-12-12 00:00:00+00:00, run_after=2024-12-13 00:00:00+00:00
[2024-12-13T10:44:47.938+0000] {processor.py:208} INFO - Processing /opt/bitnami/airflow/venv/lib/python3.12/site-packages/airflow/example_dags/example_branch_day_of_week_operator.py took 0.183 seconds
[2024-12-13T10:52:16.598+0000] {processor.py:186} INFO - Started process (PID=92) to work on /opt/bitnami/airflow/venv/lib/python3.12/site-packages/airflow/example_dags/example_branch_day_of_week_operator.py
[2024-12-13T10:52:16.600+0000] {processor.py:914} INFO - Processing file /opt/bitnami/airflow/venv/lib/python3.12/site-packages/airflow/example_dags/example_branch_day_of_week_operator.py for tasks to queue
[2024-12-13T10:52:16.602+0000] {logging_mixin.py:190} INFO - [2024-12-13T10:52:16.602+0000] {dagbag.py:588} INFO - Filling up the DagBag from /opt/bitnami/airflow/venv/lib/python3.12/site-packages/airflow/example_dags/example_branch_day_of_week_operator.py
[2024-12-13T10:52:16.609+0000] {processor.py:925} INFO - DAG(s) 'example_weekday_branch_operator' retrieved from /opt/bitnami/airflow/venv/lib/python3.12/site-packages/airflow/example_dags/example_branch_day_of_week_operator.py
[2024-12-13T10:52:16.707+0000] {logging_mixin.py:190} INFO - [2024-12-13T10:52:16.706+0000] {override.py:1900} INFO - Created Permission View: can read on DAG:example_weekday_branch_operator
[2024-12-13T10:52:16.721+0000] {logging_mixin.py:190} INFO - [2024-12-13T10:52:16.720+0000] {override.py:1900} INFO - Created Permission View: can delete on DAG:example_weekday_branch_operator
[2024-12-13T10:52:16.727+0000] {logging_mixin.py:190} INFO - [2024-12-13T10:52:16.727+0000] {override.py:1900} INFO - Created Permission View: can edit on DAG:example_weekday_branch_operator
[2024-12-13T10:52:16.736+0000] {logging_mixin.py:190} INFO - [2024-12-13T10:52:16.736+0000] {override.py:1900} INFO - Created Permission View: menu access on DAG Run:example_weekday_branch_operator
[2024-12-13T10:52:16.743+0000] {logging_mixin.py:190} INFO - [2024-12-13T10:52:16.743+0000] {override.py:1900} INFO - Created Permission View: can read on DAG Run:example_weekday_branch_operator
[2024-12-13T10:52:16.750+0000] {logging_mixin.py:190} INFO - [2024-12-13T10:52:16.750+0000] {override.py:1900} INFO - Created Permission View: can delete on DAG Run:example_weekday_branch_operator
[2024-12-13T10:52:16.755+0000] {logging_mixin.py:190} INFO - [2024-12-13T10:52:16.755+0000] {override.py:1900} INFO - Created Permission View: can create on DAG Run:example_weekday_branch_operator
[2024-12-13T10:52:16.757+0000] {logging_mixin.py:190} INFO - [2024-12-13T10:52:16.756+0000] {dag.py:3239} INFO - Sync 1 DAGs
[2024-12-13T10:52:16.777+0000] {logging_mixin.py:190} INFO - [2024-12-13T10:52:16.776+0000] {dag.py:3262} INFO - Creating ORM DAG for example_weekday_branch_operator
[2024-12-13T10:52:16.789+0000] {logging_mixin.py:190} INFO - [2024-12-13T10:52:16.789+0000] {dag.py:4180} INFO - Setting next_dagrun for example_weekday_branch_operator to 2024-12-12 00:00:00+00:00, run_after=2024-12-13 00:00:00+00:00
[2024-12-13T10:52:16.817+0000] {processor.py:208} INFO - Processing /opt/bitnami/airflow/venv/lib/python3.12/site-packages/airflow/example_dags/example_branch_day_of_week_operator.py took 0.223 seconds
[2024-12-13T10:52:47.556+0000] {processor.py:186} INFO - Started process (PID=149) to work on /opt/bitnami/airflow/venv/lib/python3.12/site-packages/airflow/example_dags/example_branch_day_of_week_operator.py
[2024-12-13T10:52:47.558+0000] {processor.py:914} INFO - Processing file /opt/bitnami/airflow/venv/lib/python3.12/site-packages/airflow/example_dags/example_branch_day_of_week_operator.py for tasks to queue
[2024-12-13T10:52:47.560+0000] {logging_mixin.py:190} INFO - [2024-12-13T10:52:47.560+0000] {dagbag.py:588} INFO - Filling up the DagBag from /opt/bitnami/airflow/venv/lib/python3.12/site-packages/airflow/example_dags/example_branch_day_of_week_operator.py
[2024-12-13T10:52:47.567+0000] {processor.py:925} INFO - DAG(s) 'example_weekday_branch_operator' retrieved from /opt/bitnami/airflow/venv/lib/python3.12/site-packages/airflow/example_dags/example_branch_day_of_week_operator.py
[2024-12-13T10:52:47.657+0000] {logging_mixin.py:190} INFO - [2024-12-13T10:52:47.656+0000] {dag.py:3239} INFO - Sync 1 DAGs
[2024-12-13T10:52:47.710+0000] {logging_mixin.py:190} INFO - [2024-12-13T10:52:47.710+0000] {dag.py:4180} INFO - Setting next_dagrun for example_weekday_branch_operator to 2024-12-12 00:00:00+00:00, run_after=2024-12-13 00:00:00+00:00
[2024-12-13T10:52:47.747+0000] {processor.py:208} INFO - Processing /opt/bitnami/airflow/venv/lib/python3.12/site-packages/airflow/example_dags/example_branch_day_of_week_operator.py took 0.196 seconds
[2024-12-13T10:53:18.753+0000] {processor.py:186} INFO - Started process (PID=206) to work on /opt/bitnami/airflow/venv/lib/python3.12/site-packages/airflow/example_dags/example_branch_day_of_week_operator.py
[2024-12-13T10:53:18.754+0000] {processor.py:914} INFO - Processing file /opt/bitnami/airflow/venv/lib/python3.12/site-packages/airflow/example_dags/example_branch_day_of_week_operator.py for tasks to queue
[2024-12-13T10:53:18.757+0000] {logging_mixin.py:190} INFO - [2024-12-13T10:53:18.757+0000] {dagbag.py:588} INFO - Filling up the DagBag from /opt/bitnami/airflow/venv/lib/python3.12/site-packages/airflow/example_dags/example_branch_day_of_week_operator.py
[2024-12-13T10:53:18.764+0000] {processor.py:925} INFO - DAG(s) 'example_weekday_branch_operator' retrieved from /opt/bitnami/airflow/venv/lib/python3.12/site-packages/airflow/example_dags/example_branch_day_of_week_operator.py
[2024-12-13T10:53:18.870+0000] {logging_mixin.py:190} INFO - [2024-12-13T10:53:18.869+0000] {dag.py:3239} INFO - Sync 1 DAGs
[2024-12-13T10:53:18.928+0000] {logging_mixin.py:190} INFO - [2024-12-13T10:53:18.928+0000] {dag.py:4180} INFO - Setting next_dagrun for example_weekday_branch_operator to 2024-12-12 00:00:00+00:00, run_after=2024-12-13 00:00:00+00:00
[2024-12-13T10:53:18.968+0000] {processor.py:208} INFO - Processing /opt/bitnami/airflow/venv/lib/python3.12/site-packages/airflow/example_dags/example_branch_day_of_week_operator.py took 0.220 seconds
[2024-12-13T10:53:49.049+0000] {processor.py:186} INFO - Started process (PID=263) to work on /opt/bitnami/airflow/venv/lib/python3.12/site-packages/airflow/example_dags/example_branch_day_of_week_operator.py
[2024-12-13T10:53:49.052+0000] {processor.py:914} INFO - Processing file /opt/bitnami/airflow/venv/lib/python3.12/site-packages/airflow/example_dags/example_branch_day_of_week_operator.py for tasks to queue
[2024-12-13T10:53:49.055+0000] {logging_mixin.py:190} INFO - [2024-12-13T10:53:49.054+0000] {dagbag.py:588} INFO - Filling up the DagBag from /opt/bitnami/airflow/venv/lib/python3.12/site-packages/airflow/example_dags/example_branch_day_of_week_operator.py
[2024-12-13T10:53:49.063+0000] {processor.py:925} INFO - DAG(s) 'example_weekday_branch_operator' retrieved from /opt/bitnami/airflow/venv/lib/python3.12/site-packages/airflow/example_dags/example_branch_day_of_week_operator.py
[2024-12-13T10:53:49.161+0000] {logging_mixin.py:190} INFO - [2024-12-13T10:53:49.160+0000] {dag.py:3239} INFO - Sync 1 DAGs
[2024-12-13T10:53:49.234+0000] {logging_mixin.py:190} INFO - [2024-12-13T10:53:49.234+0000] {dag.py:4180} INFO - Setting next_dagrun for example_weekday_branch_operator to 2024-12-12 00:00:00+00:00, run_after=2024-12-13 00:00:00+00:00
[2024-12-13T10:53:49.295+0000] {processor.py:208} INFO - Processing /opt/bitnami/airflow/venv/lib/python3.12/site-packages/airflow/example_dags/example_branch_day_of_week_operator.py took 0.252 seconds
[2024-12-13T10:54:19.910+0000] {processor.py:186} INFO - Started process (PID=320) to work on /opt/bitnami/airflow/venv/lib/python3.12/site-packages/airflow/example_dags/example_branch_day_of_week_operator.py
[2024-12-13T10:54:19.911+0000] {processor.py:914} INFO - Processing file /opt/bitnami/airflow/venv/lib/python3.12/site-packages/airflow/example_dags/example_branch_day_of_week_operator.py for tasks to queue
[2024-12-13T10:54:19.914+0000] {logging_mixin.py:190} INFO - [2024-12-13T10:54:19.913+0000] {dagbag.py:588} INFO - Filling up the DagBag from /opt/bitnami/airflow/venv/lib/python3.12/site-packages/airflow/example_dags/example_branch_day_of_week_operator.py
[2024-12-13T10:54:19.923+0000] {processor.py:925} INFO - DAG(s) 'example_weekday_branch_operator' retrieved from /opt/bitnami/airflow/venv/lib/python3.12/site-packages/airflow/example_dags/example_branch_day_of_week_operator.py
[2024-12-13T10:54:19.997+0000] {logging_mixin.py:190} INFO - [2024-12-13T10:54:19.997+0000] {dag.py:3239} INFO - Sync 1 DAGs
[2024-12-13T10:54:20.041+0000] {logging_mixin.py:190} INFO - [2024-12-13T10:54:20.041+0000] {dag.py:4180} INFO - Setting next_dagrun for example_weekday_branch_operator to 2024-12-12 00:00:00+00:00, run_after=2024-12-13 00:00:00+00:00
[2024-12-13T10:54:20.073+0000] {processor.py:208} INFO - Processing /opt/bitnami/airflow/venv/lib/python3.12/site-packages/airflow/example_dags/example_branch_day_of_week_operator.py took 0.170 seconds
[2024-12-13T10:54:50.283+0000] {processor.py:186} INFO - Started process (PID=377) to work on /opt/bitnami/airflow/venv/lib/python3.12/site-packages/airflow/example_dags/example_branch_day_of_week_operator.py
[2024-12-13T10:54:50.285+0000] {processor.py:914} INFO - Processing file /opt/bitnami/airflow/venv/lib/python3.12/site-packages/airflow/example_dags/example_branch_day_of_week_operator.py for tasks to queue
[2024-12-13T10:54:50.287+0000] {logging_mixin.py:190} INFO - [2024-12-13T10:54:50.287+0000] {dagbag.py:588} INFO - Filling up the DagBag from /opt/bitnami/airflow/venv/lib/python3.12/site-packages/airflow/example_dags/example_branch_day_of_week_operator.py
[2024-12-13T10:54:50.294+0000] {processor.py:925} INFO - DAG(s) 'example_weekday_branch_operator' retrieved from /opt/bitnami/airflow/venv/lib/python3.12/site-packages/airflow/example_dags/example_branch_day_of_week_operator.py
[2024-12-13T10:54:50.376+0000] {logging_mixin.py:190} INFO - [2024-12-13T10:54:50.375+0000] {dag.py:3239} INFO - Sync 1 DAGs
[2024-12-13T10:54:50.421+0000] {logging_mixin.py:190} INFO - [2024-12-13T10:54:50.421+0000] {dag.py:4180} INFO - Setting next_dagrun for example_weekday_branch_operator to 2024-12-12 00:00:00+00:00, run_after=2024-12-13 00:00:00+00:00
[2024-12-13T10:54:50.452+0000] {processor.py:208} INFO - Processing /opt/bitnami/airflow/venv/lib/python3.12/site-packages/airflow/example_dags/example_branch_day_of_week_operator.py took 0.173 seconds
[2024-12-13T10:55:21.453+0000] {processor.py:186} INFO - Started process (PID=434) to work on /opt/bitnami/airflow/venv/lib/python3.12/site-packages/airflow/example_dags/example_branch_day_of_week_operator.py
[2024-12-13T10:55:21.455+0000] {processor.py:914} INFO - Processing file /opt/bitnami/airflow/venv/lib/python3.12/site-packages/airflow/example_dags/example_branch_day_of_week_operator.py for tasks to queue
[2024-12-13T10:55:21.460+0000] {logging_mixin.py:190} INFO - [2024-12-13T10:55:21.459+0000] {dagbag.py:588} INFO - Filling up the DagBag from /opt/bitnami/airflow/venv/lib/python3.12/site-packages/airflow/example_dags/example_branch_day_of_week_operator.py
[2024-12-13T10:55:21.472+0000] {processor.py:925} INFO - DAG(s) 'example_weekday_branch_operator' retrieved from /opt/bitnami/airflow/venv/lib/python3.12/site-packages/airflow/example_dags/example_branch_day_of_week_operator.py
[2024-12-13T10:55:21.544+0000] {logging_mixin.py:190} INFO - [2024-12-13T10:55:21.544+0000] {dag.py:3239} INFO - Sync 1 DAGs
[2024-12-13T10:55:21.591+0000] {logging_mixin.py:190} INFO - [2024-12-13T10:55:21.590+0000] {dag.py:4180} INFO - Setting next_dagrun for example_weekday_branch_operator to 2024-12-12 00:00:00+00:00, run_after=2024-12-13 00:00:00+00:00
[2024-12-13T10:55:21.622+0000] {processor.py:208} INFO - Processing /opt/bitnami/airflow/venv/lib/python3.12/site-packages/airflow/example_dags/example_branch_day_of_week_operator.py took 0.179 seconds
[2024-12-13T10:55:52.572+0000] {processor.py:186} INFO - Started process (PID=491) to work on /opt/bitnami/airflow/venv/lib/python3.12/site-packages/airflow/example_dags/example_branch_day_of_week_operator.py
[2024-12-13T10:55:52.573+0000] {processor.py:914} INFO - Processing file /opt/bitnami/airflow/venv/lib/python3.12/site-packages/airflow/example_dags/example_branch_day_of_week_operator.py for tasks to queue
[2024-12-13T10:55:52.575+0000] {logging_mixin.py:190} INFO - [2024-12-13T10:55:52.575+0000] {dagbag.py:588} INFO - Filling up the DagBag from /opt/bitnami/airflow/venv/lib/python3.12/site-packages/airflow/example_dags/example_branch_day_of_week_operator.py
[2024-12-13T10:55:52.584+0000] {processor.py:925} INFO - DAG(s) 'example_weekday_branch_operator' retrieved from /opt/bitnami/airflow/venv/lib/python3.12/site-packages/airflow/example_dags/example_branch_day_of_week_operator.py
[2024-12-13T10:55:52.640+0000] {logging_mixin.py:190} INFO - [2024-12-13T10:55:52.639+0000] {dag.py:3239} INFO - Sync 1 DAGs
[2024-12-13T10:55:52.693+0000] {logging_mixin.py:190} INFO - [2024-12-13T10:55:52.693+0000] {dag.py:4180} INFO - Setting next_dagrun for example_weekday_branch_operator to 2024-12-12 00:00:00+00:00, run_after=2024-12-13 00:00:00+00:00
[2024-12-13T10:55:52.730+0000] {processor.py:208} INFO - Processing /opt/bitnami/airflow/venv/lib/python3.12/site-packages/airflow/example_dags/example_branch_day_of_week_operator.py took 0.165 seconds
[2024-12-13T10:56:22.991+0000] {processor.py:186} INFO - Started process (PID=548) to work on /opt/bitnami/airflow/venv/lib/python3.12/site-packages/airflow/example_dags/example_branch_day_of_week_operator.py
[2024-12-13T10:56:22.992+0000] {processor.py:914} INFO - Processing file /opt/bitnami/airflow/venv/lib/python3.12/site-packages/airflow/example_dags/example_branch_day_of_week_operator.py for tasks to queue
[2024-12-13T10:56:22.994+0000] {logging_mixin.py:190} INFO - [2024-12-13T10:56:22.994+0000] {dagbag.py:588} INFO - Filling up the DagBag from /opt/bitnami/airflow/venv/lib/python3.12/site-packages/airflow/example_dags/example_branch_day_of_week_operator.py
[2024-12-13T10:56:23.000+0000] {processor.py:925} INFO - DAG(s) 'example_weekday_branch_operator' retrieved from /opt/bitnami/airflow/venv/lib/python3.12/site-packages/airflow/example_dags/example_branch_day_of_week_operator.py
[2024-12-13T10:56:23.062+0000] {logging_mixin.py:190} INFO - [2024-12-13T10:56:23.062+0000] {dag.py:3239} INFO - Sync 1 DAGs
[2024-12-13T10:56:23.116+0000] {logging_mixin.py:190} INFO - [2024-12-13T10:56:23.115+0000] {dag.py:4180} INFO - Setting next_dagrun for example_weekday_branch_operator to 2024-12-12 00:00:00+00:00, run_after=2024-12-13 00:00:00+00:00
[2024-12-13T10:56:23.162+0000] {processor.py:208} INFO - Processing /opt/bitnami/airflow/venv/lib/python3.12/site-packages/airflow/example_dags/example_branch_day_of_week_operator.py took 0.176 seconds
[2024-12-13T10:56:53.439+0000] {processor.py:186} INFO - Started process (PID=605) to work on /opt/bitnami/airflow/venv/lib/python3.12/site-packages/airflow/example_dags/example_branch_day_of_week_operator.py
[2024-12-13T10:56:53.440+0000] {processor.py:914} INFO - Processing file /opt/bitnami/airflow/venv/lib/python3.12/site-packages/airflow/example_dags/example_branch_day_of_week_operator.py for tasks to queue
[2024-12-13T10:56:53.442+0000] {logging_mixin.py:190} INFO - [2024-12-13T10:56:53.442+0000] {dagbag.py:588} INFO - Filling up the DagBag from /opt/bitnami/airflow/venv/lib/python3.12/site-packages/airflow/example_dags/example_branch_day_of_week_operator.py
[2024-12-13T10:56:53.449+0000] {processor.py:925} INFO - DAG(s) 'example_weekday_branch_operator' retrieved from /opt/bitnami/airflow/venv/lib/python3.12/site-packages/airflow/example_dags/example_branch_day_of_week_operator.py
[2024-12-13T10:56:53.484+0000] {logging_mixin.py:190} INFO - [2024-12-13T10:56:53.483+0000] {dag.py:3239} INFO - Sync 1 DAGs
[2024-12-13T10:56:53.510+0000] {logging_mixin.py:190} INFO - [2024-12-13T10:56:53.510+0000] {dag.py:4180} INFO - Setting next_dagrun for example_weekday_branch_operator to 2024-12-12 00:00:00+00:00, run_after=2024-12-13 00:00:00+00:00
[2024-12-13T10:56:53.530+0000] {processor.py:208} INFO - Processing /opt/bitnami/airflow/venv/lib/python3.12/site-packages/airflow/example_dags/example_branch_day_of_week_operator.py took 0.096 seconds
[2024-12-13T10:57:23.775+0000] {processor.py:186} INFO - Started process (PID=662) to work on /opt/bitnami/airflow/venv/lib/python3.12/site-packages/airflow/example_dags/example_branch_day_of_week_operator.py
[2024-12-13T10:57:23.776+0000] {processor.py:914} INFO - Processing file /opt/bitnami/airflow/venv/lib/python3.12/site-packages/airflow/example_dags/example_branch_day_of_week_operator.py for tasks to queue
[2024-12-13T10:57:23.779+0000] {logging_mixin.py:190} INFO - [2024-12-13T10:57:23.778+0000] {dagbag.py:588} INFO - Filling up the DagBag from /opt/bitnami/airflow/venv/lib/python3.12/site-packages/airflow/example_dags/example_branch_day_of_week_operator.py
[2024-12-13T10:57:23.786+0000] {processor.py:925} INFO - DAG(s) 'example_weekday_branch_operator' retrieved from /opt/bitnami/airflow/venv/lib/python3.12/site-packages/airflow/example_dags/example_branch_day_of_week_operator.py
[2024-12-13T10:57:23.827+0000] {logging_mixin.py:190} INFO - [2024-12-13T10:57:23.827+0000] {dag.py:3239} INFO - Sync 1 DAGs
[2024-12-13T10:57:23.857+0000] {logging_mixin.py:190} INFO - [2024-12-13T10:57:23.857+0000] {dag.py:4180} INFO - Setting next_dagrun for example_weekday_branch_operator to 2024-12-12 00:00:00+00:00, run_after=2024-12-13 00:00:00+00:00
[2024-12-13T10:57:23.875+0000] {processor.py:208} INFO - Processing /opt/bitnami/airflow/venv/lib/python3.12/site-packages/airflow/example_dags/example_branch_day_of_week_operator.py took 0.105 seconds
[2024-12-13T10:57:54.799+0000] {processor.py:186} INFO - Started process (PID=719) to work on /opt/bitnami/airflow/venv/lib/python3.12/site-packages/airflow/example_dags/example_branch_day_of_week_operator.py
[2024-12-13T10:57:54.800+0000] {processor.py:914} INFO - Processing file /opt/bitnami/airflow/venv/lib/python3.12/site-packages/airflow/example_dags/example_branch_day_of_week_operator.py for tasks to queue
[2024-12-13T10:57:54.802+0000] {logging_mixin.py:190} INFO - [2024-12-13T10:57:54.802+0000] {dagbag.py:588} INFO - Filling up the DagBag from /opt/bitnami/airflow/venv/lib/python3.12/site-packages/airflow/example_dags/example_branch_day_of_week_operator.py
[2024-12-13T10:57:54.808+0000] {processor.py:925} INFO - DAG(s) 'example_weekday_branch_operator' retrieved from /opt/bitnami/airflow/venv/lib/python3.12/site-packages/airflow/example_dags/example_branch_day_of_week_operator.py
[2024-12-13T10:57:54.841+0000] {logging_mixin.py:190} INFO - [2024-12-13T10:57:54.840+0000] {dag.py:3239} INFO - Sync 1 DAGs
[2024-12-13T10:57:54.866+0000] {logging_mixin.py:190} INFO - [2024-12-13T10:57:54.865+0000] {dag.py:4180} INFO - Setting next_dagrun for example_weekday_branch_operator to 2024-12-12 00:00:00+00:00, run_after=2024-12-13 00:00:00+00:00
[2024-12-13T10:57:54.886+0000] {processor.py:208} INFO - Processing /opt/bitnami/airflow/venv/lib/python3.12/site-packages/airflow/example_dags/example_branch_day_of_week_operator.py took 0.091 seconds
[2024-12-13T10:58:25.784+0000] {processor.py:186} INFO - Started process (PID=776) to work on /opt/bitnami/airflow/venv/lib/python3.12/site-packages/airflow/example_dags/example_branch_day_of_week_operator.py
[2024-12-13T10:58:25.785+0000] {processor.py:914} INFO - Processing file /opt/bitnami/airflow/venv/lib/python3.12/site-packages/airflow/example_dags/example_branch_day_of_week_operator.py for tasks to queue
[2024-12-13T10:58:25.787+0000] {logging_mixin.py:190} INFO - [2024-12-13T10:58:25.787+0000] {dagbag.py:588} INFO - Filling up the DagBag from /opt/bitnami/airflow/venv/lib/python3.12/site-packages/airflow/example_dags/example_branch_day_of_week_operator.py
[2024-12-13T10:58:25.800+0000] {processor.py:925} INFO - DAG(s) 'example_weekday_branch_operator' retrieved from /opt/bitnami/airflow/venv/lib/python3.12/site-packages/airflow/example_dags/example_branch_day_of_week_operator.py
[2024-12-13T10:58:25.878+0000] {logging_mixin.py:190} INFO - [2024-12-13T10:58:25.877+0000] {dag.py:3239} INFO - Sync 1 DAGs
[2024-12-13T10:58:25.924+0000] {logging_mixin.py:190} INFO - [2024-12-13T10:58:25.923+0000] {dag.py:4180} INFO - Setting next_dagrun for example_weekday_branch_operator to 2024-12-12 00:00:00+00:00, run_after=2024-12-13 00:00:00+00:00
[2024-12-13T10:58:25.952+0000] {processor.py:208} INFO - Processing /opt/bitnami/airflow/venv/lib/python3.12/site-packages/airflow/example_dags/example_branch_day_of_week_operator.py took 0.174 seconds
[2024-12-13T10:58:57.149+0000] {processor.py:186} INFO - Started process (PID=833) to work on /opt/bitnami/airflow/venv/lib/python3.12/site-packages/airflow/example_dags/example_branch_day_of_week_operator.py
[2024-12-13T10:58:57.151+0000] {processor.py:914} INFO - Processing file /opt/bitnami/airflow/venv/lib/python3.12/site-packages/airflow/example_dags/example_branch_day_of_week_operator.py for tasks to queue
[2024-12-13T10:58:57.152+0000] {logging_mixin.py:190} INFO - [2024-12-13T10:58:57.152+0000] {dagbag.py:588} INFO - Filling up the DagBag from /opt/bitnami/airflow/venv/lib/python3.12/site-packages/airflow/example_dags/example_branch_day_of_week_operator.py
[2024-12-13T10:58:57.159+0000] {processor.py:925} INFO - DAG(s) 'example_weekday_branch_operator' retrieved from /opt/bitnami/airflow/venv/lib/python3.12/site-packages/airflow/example_dags/example_branch_day_of_week_operator.py
[2024-12-13T10:58:57.235+0000] {logging_mixin.py:190} INFO - [2024-12-13T10:58:57.234+0000] {dag.py:3239} INFO - Sync 1 DAGs
[2024-12-13T10:58:57.297+0000] {logging_mixin.py:190} INFO - [2024-12-13T10:58:57.297+0000] {dag.py:4180} INFO - Setting next_dagrun for example_weekday_branch_operator to 2024-12-12 00:00:00+00:00, run_after=2024-12-13 00:00:00+00:00
[2024-12-13T10:58:57.335+0000] {processor.py:208} INFO - Processing /opt/bitnami/airflow/venv/lib/python3.12/site-packages/airflow/example_dags/example_branch_day_of_week_operator.py took 0.191 seconds
[2024-12-13T11:07:34.860+0000] {processor.py:186} INFO - Started process (PID=92) to work on /opt/bitnami/airflow/venv/lib/python3.12/site-packages/airflow/example_dags/example_branch_day_of_week_operator.py
[2024-12-13T11:07:34.862+0000] {processor.py:914} INFO - Processing file /opt/bitnami/airflow/venv/lib/python3.12/site-packages/airflow/example_dags/example_branch_day_of_week_operator.py for tasks to queue
[2024-12-13T11:07:34.865+0000] {logging_mixin.py:190} INFO - [2024-12-13T11:07:34.865+0000] {dagbag.py:588} INFO - Filling up the DagBag from /opt/bitnami/airflow/venv/lib/python3.12/site-packages/airflow/example_dags/example_branch_day_of_week_operator.py
[2024-12-13T11:07:34.876+0000] {processor.py:925} INFO - DAG(s) 'example_weekday_branch_operator' retrieved from /opt/bitnami/airflow/venv/lib/python3.12/site-packages/airflow/example_dags/example_branch_day_of_week_operator.py
[2024-12-13T11:07:34.982+0000] {logging_mixin.py:190} INFO - [2024-12-13T11:07:34.981+0000] {dag.py:3239} INFO - Sync 1 DAGs
[2024-12-13T11:07:35.053+0000] {logging_mixin.py:190} INFO - [2024-12-13T11:07:35.053+0000] {dag.py:4180} INFO - Setting next_dagrun for example_weekday_branch_operator to 2024-12-12 00:00:00+00:00, run_after=2024-12-13 00:00:00+00:00
[2024-12-13T11:07:35.093+0000] {processor.py:208} INFO - Processing /opt/bitnami/airflow/venv/lib/python3.12/site-packages/airflow/example_dags/example_branch_day_of_week_operator.py took 0.239 seconds
[2024-12-13T11:08:05.226+0000] {processor.py:186} INFO - Started process (PID=149) to work on /opt/bitnami/airflow/venv/lib/python3.12/site-packages/airflow/example_dags/example_branch_day_of_week_operator.py
[2024-12-13T11:08:05.228+0000] {processor.py:914} INFO - Processing file /opt/bitnami/airflow/venv/lib/python3.12/site-packages/airflow/example_dags/example_branch_day_of_week_operator.py for tasks to queue
[2024-12-13T11:08:05.231+0000] {logging_mixin.py:190} INFO - [2024-12-13T11:08:05.231+0000] {dagbag.py:588} INFO - Filling up the DagBag from /opt/bitnami/airflow/venv/lib/python3.12/site-packages/airflow/example_dags/example_branch_day_of_week_operator.py
[2024-12-13T11:08:05.239+0000] {processor.py:925} INFO - DAG(s) 'example_weekday_branch_operator' retrieved from /opt/bitnami/airflow/venv/lib/python3.12/site-packages/airflow/example_dags/example_branch_day_of_week_operator.py
[2024-12-13T11:08:05.323+0000] {logging_mixin.py:190} INFO - [2024-12-13T11:08:05.323+0000] {dag.py:3239} INFO - Sync 1 DAGs
[2024-12-13T11:08:05.406+0000] {logging_mixin.py:190} INFO - [2024-12-13T11:08:05.406+0000] {dag.py:4180} INFO - Setting next_dagrun for example_weekday_branch_operator to 2024-12-12 00:00:00+00:00, run_after=2024-12-13 00:00:00+00:00
[2024-12-13T11:08:05.453+0000] {processor.py:208} INFO - Processing /opt/bitnami/airflow/venv/lib/python3.12/site-packages/airflow/example_dags/example_branch_day_of_week_operator.py took 0.232 seconds
[2024-12-13T11:08:38.156+0000] {processor.py:186} INFO - Started process (PID=206) to work on /opt/bitnami/airflow/venv/lib/python3.12/site-packages/airflow/example_dags/example_branch_day_of_week_operator.py
[2024-12-13T11:08:38.158+0000] {processor.py:914} INFO - Processing file /opt/bitnami/airflow/venv/lib/python3.12/site-packages/airflow/example_dags/example_branch_day_of_week_operator.py for tasks to queue
[2024-12-13T11:08:38.162+0000] {logging_mixin.py:190} INFO - [2024-12-13T11:08:38.161+0000] {dagbag.py:588} INFO - Filling up the DagBag from /opt/bitnami/airflow/venv/lib/python3.12/site-packages/airflow/example_dags/example_branch_day_of_week_operator.py
[2024-12-13T11:08:38.171+0000] {processor.py:925} INFO - DAG(s) 'example_weekday_branch_operator' retrieved from /opt/bitnami/airflow/venv/lib/python3.12/site-packages/airflow/example_dags/example_branch_day_of_week_operator.py
[2024-12-13T11:08:38.303+0000] {logging_mixin.py:190} INFO - [2024-12-13T11:08:38.302+0000] {dag.py:3239} INFO - Sync 1 DAGs
[2024-12-13T11:08:38.348+0000] {logging_mixin.py:190} INFO - [2024-12-13T11:08:38.348+0000] {dag.py:4180} INFO - Setting next_dagrun for example_weekday_branch_operator to 2024-12-12 00:00:00+00:00, run_after=2024-12-13 00:00:00+00:00
[2024-12-13T11:08:38.400+0000] {processor.py:208} INFO - Processing /opt/bitnami/airflow/venv/lib/python3.12/site-packages/airflow/example_dags/example_branch_day_of_week_operator.py took 0.249 seconds
[2024-12-13T11:09:08.567+0000] {processor.py:186} INFO - Started process (PID=263) to work on /opt/bitnami/airflow/venv/lib/python3.12/site-packages/airflow/example_dags/example_branch_day_of_week_operator.py
[2024-12-13T11:09:08.569+0000] {processor.py:914} INFO - Processing file /opt/bitnami/airflow/venv/lib/python3.12/site-packages/airflow/example_dags/example_branch_day_of_week_operator.py for tasks to queue
[2024-12-13T11:09:08.573+0000] {logging_mixin.py:190} INFO - [2024-12-13T11:09:08.572+0000] {dagbag.py:588} INFO - Filling up the DagBag from /opt/bitnami/airflow/venv/lib/python3.12/site-packages/airflow/example_dags/example_branch_day_of_week_operator.py
[2024-12-13T11:09:08.581+0000] {processor.py:925} INFO - DAG(s) 'example_weekday_branch_operator' retrieved from /opt/bitnami/airflow/venv/lib/python3.12/site-packages/airflow/example_dags/example_branch_day_of_week_operator.py
[2024-12-13T11:09:08.670+0000] {logging_mixin.py:190} INFO - [2024-12-13T11:09:08.670+0000] {dag.py:3239} INFO - Sync 1 DAGs
[2024-12-13T11:09:08.730+0000] {logging_mixin.py:190} INFO - [2024-12-13T11:09:08.730+0000] {dag.py:4180} INFO - Setting next_dagrun for example_weekday_branch_operator to 2024-12-12 00:00:00+00:00, run_after=2024-12-13 00:00:00+00:00
[2024-12-13T11:09:08.783+0000] {processor.py:208} INFO - Processing /opt/bitnami/airflow/venv/lib/python3.12/site-packages/airflow/example_dags/example_branch_day_of_week_operator.py took 0.222 seconds
[2024-12-13T11:13:46.109+0000] {processor.py:186} INFO - Started process (PID=92) to work on /opt/bitnami/airflow/venv/lib/python3.12/site-packages/airflow/example_dags/example_branch_day_of_week_operator.py
[2024-12-13T11:13:46.110+0000] {processor.py:914} INFO - Processing file /opt/bitnami/airflow/venv/lib/python3.12/site-packages/airflow/example_dags/example_branch_day_of_week_operator.py for tasks to queue
[2024-12-13T11:13:46.114+0000] {logging_mixin.py:190} INFO - [2024-12-13T11:13:46.113+0000] {dagbag.py:588} INFO - Filling up the DagBag from /opt/bitnami/airflow/venv/lib/python3.12/site-packages/airflow/example_dags/example_branch_day_of_week_operator.py
[2024-12-13T11:13:46.121+0000] {processor.py:925} INFO - DAG(s) 'example_weekday_branch_operator' retrieved from /opt/bitnami/airflow/venv/lib/python3.12/site-packages/airflow/example_dags/example_branch_day_of_week_operator.py
[2024-12-13T11:13:46.188+0000] {logging_mixin.py:190} INFO - [2024-12-13T11:13:46.188+0000] {dag.py:3239} INFO - Sync 1 DAGs
[2024-12-13T11:13:46.266+0000] {logging_mixin.py:190} INFO - [2024-12-13T11:13:46.266+0000] {dag.py:4180} INFO - Setting next_dagrun for example_weekday_branch_operator to 2024-12-12 00:00:00+00:00, run_after=2024-12-13 00:00:00+00:00
[2024-12-13T11:13:46.317+0000] {processor.py:208} INFO - Processing /opt/bitnami/airflow/venv/lib/python3.12/site-packages/airflow/example_dags/example_branch_day_of_week_operator.py took 0.214 seconds
[2024-12-13T11:14:16.428+0000] {processor.py:186} INFO - Started process (PID=149) to work on /opt/bitnami/airflow/venv/lib/python3.12/site-packages/airflow/example_dags/example_branch_day_of_week_operator.py
[2024-12-13T11:14:16.429+0000] {processor.py:914} INFO - Processing file /opt/bitnami/airflow/venv/lib/python3.12/site-packages/airflow/example_dags/example_branch_day_of_week_operator.py for tasks to queue
[2024-12-13T11:14:16.432+0000] {logging_mixin.py:190} INFO - [2024-12-13T11:14:16.431+0000] {dagbag.py:588} INFO - Filling up the DagBag from /opt/bitnami/airflow/venv/lib/python3.12/site-packages/airflow/example_dags/example_branch_day_of_week_operator.py
[2024-12-13T11:14:16.439+0000] {processor.py:925} INFO - DAG(s) 'example_weekday_branch_operator' retrieved from /opt/bitnami/airflow/venv/lib/python3.12/site-packages/airflow/example_dags/example_branch_day_of_week_operator.py
[2024-12-13T11:14:16.478+0000] {logging_mixin.py:190} INFO - [2024-12-13T11:14:16.478+0000] {dag.py:3239} INFO - Sync 1 DAGs
[2024-12-13T11:14:16.512+0000] {logging_mixin.py:190} INFO - [2024-12-13T11:14:16.512+0000] {dag.py:4180} INFO - Setting next_dagrun for example_weekday_branch_operator to 2024-12-12 00:00:00+00:00, run_after=2024-12-13 00:00:00+00:00
[2024-12-13T11:14:16.538+0000] {processor.py:208} INFO - Processing /opt/bitnami/airflow/venv/lib/python3.12/site-packages/airflow/example_dags/example_branch_day_of_week_operator.py took 0.116 seconds
[2024-12-13T11:14:51.610+0000] {processor.py:186} INFO - Started process (PID=206) to work on /opt/bitnami/airflow/venv/lib/python3.12/site-packages/airflow/example_dags/example_branch_day_of_week_operator.py
[2024-12-13T11:14:51.611+0000] {processor.py:914} INFO - Processing file /opt/bitnami/airflow/venv/lib/python3.12/site-packages/airflow/example_dags/example_branch_day_of_week_operator.py for tasks to queue
[2024-12-13T11:14:51.614+0000] {logging_mixin.py:190} INFO - [2024-12-13T11:14:51.614+0000] {dagbag.py:588} INFO - Filling up the DagBag from /opt/bitnami/airflow/venv/lib/python3.12/site-packages/airflow/example_dags/example_branch_day_of_week_operator.py
[2024-12-13T11:14:51.622+0000] {processor.py:925} INFO - DAG(s) 'example_weekday_branch_operator' retrieved from /opt/bitnami/airflow/venv/lib/python3.12/site-packages/airflow/example_dags/example_branch_day_of_week_operator.py
[2024-12-13T11:14:51.784+0000] {logging_mixin.py:190} INFO - [2024-12-13T11:14:51.783+0000] {dag.py:3239} INFO - Sync 1 DAGs
[2024-12-13T11:14:51.845+0000] {logging_mixin.py:190} INFO - [2024-12-13T11:14:51.845+0000] {dag.py:4180} INFO - Setting next_dagrun for example_weekday_branch_operator to 2024-12-12 00:00:00+00:00, run_after=2024-12-13 00:00:00+00:00
[2024-12-13T11:14:51.901+0000] {processor.py:208} INFO - Processing /opt/bitnami/airflow/venv/lib/python3.12/site-packages/airflow/example_dags/example_branch_day_of_week_operator.py took 0.296 seconds
[2024-12-13T11:15:22.254+0000] {processor.py:186} INFO - Started process (PID=263) to work on /opt/bitnami/airflow/venv/lib/python3.12/site-packages/airflow/example_dags/example_branch_day_of_week_operator.py
[2024-12-13T11:15:22.256+0000] {processor.py:914} INFO - Processing file /opt/bitnami/airflow/venv/lib/python3.12/site-packages/airflow/example_dags/example_branch_day_of_week_operator.py for tasks to queue
[2024-12-13T11:15:22.259+0000] {logging_mixin.py:190} INFO - [2024-12-13T11:15:22.259+0000] {dagbag.py:588} INFO - Filling up the DagBag from /opt/bitnami/airflow/venv/lib/python3.12/site-packages/airflow/example_dags/example_branch_day_of_week_operator.py
[2024-12-13T11:15:22.270+0000] {processor.py:925} INFO - DAG(s) 'example_weekday_branch_operator' retrieved from /opt/bitnami/airflow/venv/lib/python3.12/site-packages/airflow/example_dags/example_branch_day_of_week_operator.py
[2024-12-13T11:15:22.358+0000] {logging_mixin.py:190} INFO - [2024-12-13T11:15:22.357+0000] {dag.py:3239} INFO - Sync 1 DAGs
[2024-12-13T11:15:22.411+0000] {logging_mixin.py:190} INFO - [2024-12-13T11:15:22.411+0000] {dag.py:4180} INFO - Setting next_dagrun for example_weekday_branch_operator to 2024-12-12 00:00:00+00:00, run_after=2024-12-13 00:00:00+00:00
[2024-12-13T11:15:22.449+0000] {processor.py:208} INFO - Processing /opt/bitnami/airflow/venv/lib/python3.12/site-packages/airflow/example_dags/example_branch_day_of_week_operator.py took 0.203 seconds
[2024-12-13T11:57:10.049+0000] {processor.py:186} INFO - Started process (PID=92) to work on /opt/bitnami/airflow/venv/lib/python3.12/site-packages/airflow/example_dags/example_branch_day_of_week_operator.py
[2024-12-13T11:57:10.050+0000] {processor.py:914} INFO - Processing file /opt/bitnami/airflow/venv/lib/python3.12/site-packages/airflow/example_dags/example_branch_day_of_week_operator.py for tasks to queue
[2024-12-13T11:57:10.052+0000] {logging_mixin.py:190} INFO - [2024-12-13T11:57:10.051+0000] {dagbag.py:588} INFO - Filling up the DagBag from /opt/bitnami/airflow/venv/lib/python3.12/site-packages/airflow/example_dags/example_branch_day_of_week_operator.py
[2024-12-13T11:57:10.057+0000] {processor.py:925} INFO - DAG(s) 'example_weekday_branch_operator' retrieved from /opt/bitnami/airflow/venv/lib/python3.12/site-packages/airflow/example_dags/example_branch_day_of_week_operator.py
[2024-12-13T11:57:10.083+0000] {logging_mixin.py:190} INFO - [2024-12-13T11:57:10.083+0000] {dag.py:3239} INFO - Sync 1 DAGs
[2024-12-13T11:57:10.110+0000] {logging_mixin.py:190} INFO - [2024-12-13T11:57:10.109+0000] {dag.py:4180} INFO - Setting next_dagrun for example_weekday_branch_operator to 2024-12-12 00:00:00+00:00, run_after=2024-12-13 00:00:00+00:00
[2024-12-13T11:57:10.126+0000] {processor.py:208} INFO - Processing /opt/bitnami/airflow/venv/lib/python3.12/site-packages/airflow/example_dags/example_branch_day_of_week_operator.py took 0.082 seconds
[2024-12-13T11:57:41.750+0000] {processor.py:186} INFO - Started process (PID=149) to work on /opt/bitnami/airflow/venv/lib/python3.12/site-packages/airflow/example_dags/example_branch_day_of_week_operator.py
[2024-12-13T11:57:41.751+0000] {processor.py:914} INFO - Processing file /opt/bitnami/airflow/venv/lib/python3.12/site-packages/airflow/example_dags/example_branch_day_of_week_operator.py for tasks to queue
[2024-12-13T11:57:41.753+0000] {logging_mixin.py:190} INFO - [2024-12-13T11:57:41.752+0000] {dagbag.py:588} INFO - Filling up the DagBag from /opt/bitnami/airflow/venv/lib/python3.12/site-packages/airflow/example_dags/example_branch_day_of_week_operator.py
[2024-12-13T11:57:41.758+0000] {processor.py:925} INFO - DAG(s) 'example_weekday_branch_operator' retrieved from /opt/bitnami/airflow/venv/lib/python3.12/site-packages/airflow/example_dags/example_branch_day_of_week_operator.py
[2024-12-13T11:57:41.786+0000] {logging_mixin.py:190} INFO - [2024-12-13T11:57:41.785+0000] {dag.py:3239} INFO - Sync 1 DAGs
[2024-12-13T11:57:41.809+0000] {logging_mixin.py:190} INFO - [2024-12-13T11:57:41.809+0000] {dag.py:4180} INFO - Setting next_dagrun for example_weekday_branch_operator to 2024-12-12 00:00:00+00:00, run_after=2024-12-13 00:00:00+00:00
[2024-12-13T11:57:41.828+0000] {processor.py:208} INFO - Processing /opt/bitnami/airflow/venv/lib/python3.12/site-packages/airflow/example_dags/example_branch_day_of_week_operator.py took 0.082 seconds
[2024-12-13T11:58:36.131+0000] {processor.py:186} INFO - Started process (PID=92) to work on /opt/bitnami/airflow/venv/lib/python3.12/site-packages/airflow/example_dags/example_branch_day_of_week_operator.py
[2024-12-13T11:58:36.133+0000] {processor.py:914} INFO - Processing file /opt/bitnami/airflow/venv/lib/python3.12/site-packages/airflow/example_dags/example_branch_day_of_week_operator.py for tasks to queue
[2024-12-13T11:58:36.135+0000] {logging_mixin.py:190} INFO - [2024-12-13T11:58:36.134+0000] {dagbag.py:588} INFO - Filling up the DagBag from /opt/bitnami/airflow/venv/lib/python3.12/site-packages/airflow/example_dags/example_branch_day_of_week_operator.py
[2024-12-13T11:58:36.140+0000] {processor.py:925} INFO - DAG(s) 'example_weekday_branch_operator' retrieved from /opt/bitnami/airflow/venv/lib/python3.12/site-packages/airflow/example_dags/example_branch_day_of_week_operator.py
[2024-12-13T11:58:36.174+0000] {logging_mixin.py:190} INFO - [2024-12-13T11:58:36.174+0000] {dag.py:3239} INFO - Sync 1 DAGs
[2024-12-13T11:58:36.205+0000] {logging_mixin.py:190} INFO - [2024-12-13T11:58:36.205+0000] {dag.py:4180} INFO - Setting next_dagrun for example_weekday_branch_operator to 2024-12-12 00:00:00+00:00, run_after=2024-12-13 00:00:00+00:00
[2024-12-13T11:58:36.226+0000] {processor.py:208} INFO - Processing /opt/bitnami/airflow/venv/lib/python3.12/site-packages/airflow/example_dags/example_branch_day_of_week_operator.py took 0.099 seconds
[2024-12-13T11:59:07.603+0000] {processor.py:186} INFO - Started process (PID=149) to work on /opt/bitnami/airflow/venv/lib/python3.12/site-packages/airflow/example_dags/example_branch_day_of_week_operator.py
[2024-12-13T11:59:07.604+0000] {processor.py:914} INFO - Processing file /opt/bitnami/airflow/venv/lib/python3.12/site-packages/airflow/example_dags/example_branch_day_of_week_operator.py for tasks to queue
[2024-12-13T11:59:07.606+0000] {logging_mixin.py:190} INFO - [2024-12-13T11:59:07.606+0000] {dagbag.py:588} INFO - Filling up the DagBag from /opt/bitnami/airflow/venv/lib/python3.12/site-packages/airflow/example_dags/example_branch_day_of_week_operator.py
[2024-12-13T11:59:07.614+0000] {processor.py:925} INFO - DAG(s) 'example_weekday_branch_operator' retrieved from /opt/bitnami/airflow/venv/lib/python3.12/site-packages/airflow/example_dags/example_branch_day_of_week_operator.py
[2024-12-13T11:59:07.649+0000] {logging_mixin.py:190} INFO - [2024-12-13T11:59:07.648+0000] {dag.py:3239} INFO - Sync 1 DAGs
[2024-12-13T11:59:07.687+0000] {logging_mixin.py:190} INFO - [2024-12-13T11:59:07.687+0000] {dag.py:4180} INFO - Setting next_dagrun for example_weekday_branch_operator to 2024-12-12 00:00:00+00:00, run_after=2024-12-13 00:00:00+00:00
[2024-12-13T11:59:07.716+0000] {processor.py:208} INFO - Processing /opt/bitnami/airflow/venv/lib/python3.12/site-packages/airflow/example_dags/example_branch_day_of_week_operator.py took 0.119 seconds
[2024-12-13T11:59:38.948+0000] {processor.py:186} INFO - Started process (PID=206) to work on /opt/bitnami/airflow/venv/lib/python3.12/site-packages/airflow/example_dags/example_branch_day_of_week_operator.py
[2024-12-13T11:59:38.949+0000] {processor.py:914} INFO - Processing file /opt/bitnami/airflow/venv/lib/python3.12/site-packages/airflow/example_dags/example_branch_day_of_week_operator.py for tasks to queue
[2024-12-13T11:59:38.951+0000] {logging_mixin.py:190} INFO - [2024-12-13T11:59:38.951+0000] {dagbag.py:588} INFO - Filling up the DagBag from /opt/bitnami/airflow/venv/lib/python3.12/site-packages/airflow/example_dags/example_branch_day_of_week_operator.py
[2024-12-13T11:59:38.957+0000] {processor.py:925} INFO - DAG(s) 'example_weekday_branch_operator' retrieved from /opt/bitnami/airflow/venv/lib/python3.12/site-packages/airflow/example_dags/example_branch_day_of_week_operator.py
[2024-12-13T11:59:39.041+0000] {logging_mixin.py:190} INFO - [2024-12-13T11:59:39.041+0000] {dag.py:3239} INFO - Sync 1 DAGs
[2024-12-13T11:59:39.064+0000] {logging_mixin.py:190} INFO - [2024-12-13T11:59:39.064+0000] {dag.py:4180} INFO - Setting next_dagrun for example_weekday_branch_operator to 2024-12-12 00:00:00+00:00, run_after=2024-12-13 00:00:00+00:00
[2024-12-13T11:59:39.090+0000] {processor.py:208} INFO - Processing /opt/bitnami/airflow/venv/lib/python3.12/site-packages/airflow/example_dags/example_branch_day_of_week_operator.py took 0.148 seconds
[2024-12-13T12:00:09.514+0000] {processor.py:186} INFO - Started process (PID=263) to work on /opt/bitnami/airflow/venv/lib/python3.12/site-packages/airflow/example_dags/example_branch_day_of_week_operator.py
[2024-12-13T12:00:09.515+0000] {processor.py:914} INFO - Processing file /opt/bitnami/airflow/venv/lib/python3.12/site-packages/airflow/example_dags/example_branch_day_of_week_operator.py for tasks to queue
[2024-12-13T12:00:09.517+0000] {logging_mixin.py:190} INFO - [2024-12-13T12:00:09.517+0000] {dagbag.py:588} INFO - Filling up the DagBag from /opt/bitnami/airflow/venv/lib/python3.12/site-packages/airflow/example_dags/example_branch_day_of_week_operator.py
[2024-12-13T12:00:09.524+0000] {processor.py:925} INFO - DAG(s) 'example_weekday_branch_operator' retrieved from /opt/bitnami/airflow/venv/lib/python3.12/site-packages/airflow/example_dags/example_branch_day_of_week_operator.py
[2024-12-13T12:00:09.560+0000] {logging_mixin.py:190} INFO - [2024-12-13T12:00:09.559+0000] {dag.py:3239} INFO - Sync 1 DAGs
[2024-12-13T12:00:09.587+0000] {logging_mixin.py:190} INFO - [2024-12-13T12:00:09.587+0000] {dag.py:4180} INFO - Setting next_dagrun for example_weekday_branch_operator to 2024-12-12 00:00:00+00:00, run_after=2024-12-13 00:00:00+00:00
[2024-12-13T12:00:09.606+0000] {processor.py:208} INFO - Processing /opt/bitnami/airflow/venv/lib/python3.12/site-packages/airflow/example_dags/example_branch_day_of_week_operator.py took 0.096 seconds
[2024-12-13T12:00:40.318+0000] {processor.py:186} INFO - Started process (PID=320) to work on /opt/bitnami/airflow/venv/lib/python3.12/site-packages/airflow/example_dags/example_branch_day_of_week_operator.py
[2024-12-13T12:00:40.319+0000] {processor.py:914} INFO - Processing file /opt/bitnami/airflow/venv/lib/python3.12/site-packages/airflow/example_dags/example_branch_day_of_week_operator.py for tasks to queue
[2024-12-13T12:00:40.321+0000] {logging_mixin.py:190} INFO - [2024-12-13T12:00:40.320+0000] {dagbag.py:588} INFO - Filling up the DagBag from /opt/bitnami/airflow/venv/lib/python3.12/site-packages/airflow/example_dags/example_branch_day_of_week_operator.py
[2024-12-13T12:00:40.327+0000] {processor.py:925} INFO - DAG(s) 'example_weekday_branch_operator' retrieved from /opt/bitnami/airflow/venv/lib/python3.12/site-packages/airflow/example_dags/example_branch_day_of_week_operator.py
[2024-12-13T12:00:40.354+0000] {logging_mixin.py:190} INFO - [2024-12-13T12:00:40.354+0000] {dag.py:3239} INFO - Sync 1 DAGs
[2024-12-13T12:00:40.379+0000] {logging_mixin.py:190} INFO - [2024-12-13T12:00:40.379+0000] {dag.py:4180} INFO - Setting next_dagrun for example_weekday_branch_operator to 2024-12-12 00:00:00+00:00, run_after=2024-12-13 00:00:00+00:00
[2024-12-13T12:00:40.398+0000] {processor.py:208} INFO - Processing /opt/bitnami/airflow/venv/lib/python3.12/site-packages/airflow/example_dags/example_branch_day_of_week_operator.py took 0.085 seconds
[2024-12-13T12:01:10.929+0000] {processor.py:186} INFO - Started process (PID=377) to work on /opt/bitnami/airflow/venv/lib/python3.12/site-packages/airflow/example_dags/example_branch_day_of_week_operator.py
[2024-12-13T12:01:10.930+0000] {processor.py:914} INFO - Processing file /opt/bitnami/airflow/venv/lib/python3.12/site-packages/airflow/example_dags/example_branch_day_of_week_operator.py for tasks to queue
[2024-12-13T12:01:10.932+0000] {logging_mixin.py:190} INFO - [2024-12-13T12:01:10.932+0000] {dagbag.py:588} INFO - Filling up the DagBag from /opt/bitnami/airflow/venv/lib/python3.12/site-packages/airflow/example_dags/example_branch_day_of_week_operator.py
[2024-12-13T12:01:10.938+0000] {processor.py:925} INFO - DAG(s) 'example_weekday_branch_operator' retrieved from /opt/bitnami/airflow/venv/lib/python3.12/site-packages/airflow/example_dags/example_branch_day_of_week_operator.py
[2024-12-13T12:01:10.970+0000] {logging_mixin.py:190} INFO - [2024-12-13T12:01:10.969+0000] {dag.py:3239} INFO - Sync 1 DAGs
[2024-12-13T12:01:11.000+0000] {logging_mixin.py:190} INFO - [2024-12-13T12:01:11.000+0000] {dag.py:4180} INFO - Setting next_dagrun for example_weekday_branch_operator to 2024-12-12 00:00:00+00:00, run_after=2024-12-13 00:00:00+00:00
[2024-12-13T12:01:11.022+0000] {processor.py:208} INFO - Processing /opt/bitnami/airflow/venv/lib/python3.12/site-packages/airflow/example_dags/example_branch_day_of_week_operator.py took 0.098 seconds
[2024-12-13T12:01:41.868+0000] {processor.py:186} INFO - Started process (PID=434) to work on /opt/bitnami/airflow/venv/lib/python3.12/site-packages/airflow/example_dags/example_branch_day_of_week_operator.py
[2024-12-13T12:01:41.869+0000] {processor.py:914} INFO - Processing file /opt/bitnami/airflow/venv/lib/python3.12/site-packages/airflow/example_dags/example_branch_day_of_week_operator.py for tasks to queue
[2024-12-13T12:01:41.871+0000] {logging_mixin.py:190} INFO - [2024-12-13T12:01:41.871+0000] {dagbag.py:588} INFO - Filling up the DagBag from /opt/bitnami/airflow/venv/lib/python3.12/site-packages/airflow/example_dags/example_branch_day_of_week_operator.py
[2024-12-13T12:01:41.877+0000] {processor.py:925} INFO - DAG(s) 'example_weekday_branch_operator' retrieved from /opt/bitnami/airflow/venv/lib/python3.12/site-packages/airflow/example_dags/example_branch_day_of_week_operator.py
[2024-12-13T12:01:41.906+0000] {logging_mixin.py:190} INFO - [2024-12-13T12:01:41.906+0000] {dag.py:3239} INFO - Sync 1 DAGs
[2024-12-13T12:01:41.931+0000] {logging_mixin.py:190} INFO - [2024-12-13T12:01:41.930+0000] {dag.py:4180} INFO - Setting next_dagrun for example_weekday_branch_operator to 2024-12-12 00:00:00+00:00, run_after=2024-12-13 00:00:00+00:00
[2024-12-13T12:01:41.948+0000] {processor.py:208} INFO - Processing /opt/bitnami/airflow/venv/lib/python3.12/site-packages/airflow/example_dags/example_branch_day_of_week_operator.py took 0.085 seconds
[2024-12-13T12:02:12.302+0000] {processor.py:186} INFO - Started process (PID=491) to work on /opt/bitnami/airflow/venv/lib/python3.12/site-packages/airflow/example_dags/example_branch_day_of_week_operator.py
[2024-12-13T12:02:12.303+0000] {processor.py:914} INFO - Processing file /opt/bitnami/airflow/venv/lib/python3.12/site-packages/airflow/example_dags/example_branch_day_of_week_operator.py for tasks to queue
[2024-12-13T12:02:12.305+0000] {logging_mixin.py:190} INFO - [2024-12-13T12:02:12.305+0000] {dagbag.py:588} INFO - Filling up the DagBag from /opt/bitnami/airflow/venv/lib/python3.12/site-packages/airflow/example_dags/example_branch_day_of_week_operator.py
[2024-12-13T12:02:12.311+0000] {processor.py:925} INFO - DAG(s) 'example_weekday_branch_operator' retrieved from /opt/bitnami/airflow/venv/lib/python3.12/site-packages/airflow/example_dags/example_branch_day_of_week_operator.py
[2024-12-13T12:02:12.342+0000] {logging_mixin.py:190} INFO - [2024-12-13T12:02:12.341+0000] {dag.py:3239} INFO - Sync 1 DAGs
[2024-12-13T12:02:12.368+0000] {logging_mixin.py:190} INFO - [2024-12-13T12:02:12.368+0000] {dag.py:4180} INFO - Setting next_dagrun for example_weekday_branch_operator to 2024-12-12 00:00:00+00:00, run_after=2024-12-13 00:00:00+00:00
[2024-12-13T12:02:12.390+0000] {processor.py:208} INFO - Processing /opt/bitnami/airflow/venv/lib/python3.12/site-packages/airflow/example_dags/example_branch_day_of_week_operator.py took 0.092 seconds
