[2024-12-13T08:19:46.465+0000] {processor.py:186} INFO - Started process (PID=87) to work on /opt/bitnami/airflow/venv/lib/python3.12/site-packages/airflow/example_dags/example_sla_dag.py
[2024-12-13T08:19:46.465+0000] {processor.py:914} INFO - Processing file /opt/bitnami/airflow/venv/lib/python3.12/site-packages/airflow/example_dags/example_sla_dag.py for tasks to queue
[2024-12-13T08:19:46.467+0000] {logging_mixin.py:190} INFO - [2024-12-13T08:19:46.467+0000] {dagbag.py:588} INFO - Filling up the DagBag from /opt/bitnami/airflow/venv/lib/python3.12/site-packages/airflow/example_dags/example_sla_dag.py
[2024-12-13T08:19:46.474+0000] {processor.py:925} INFO - DAG(s) 'example_sla_dag' retrieved from /opt/bitnami/airflow/venv/lib/python3.12/site-packages/airflow/example_dags/example_sla_dag.py
[2024-12-13T08:19:46.505+0000] {logging_mixin.py:190} INFO - [2024-12-13T08:19:46.505+0000] {dag.py:3239} INFO - Sync 1 DAGs
[2024-12-13T08:19:46.533+0000] {logging_mixin.py:190} INFO - [2024-12-13T08:19:46.532+0000] {dag.py:4180} INFO - Setting next_dagrun for example_sla_dag to 2024-12-13 08:16:00+00:00, run_after=2024-12-13 08:18:00+00:00
[2024-12-13T08:19:46.552+0000] {processor.py:208} INFO - Processing /opt/bitnami/airflow/venv/lib/python3.12/site-packages/airflow/example_dags/example_sla_dag.py took 0.092 seconds
[2024-12-13T08:20:16.593+0000] {processor.py:186} INFO - Started process (PID=144) to work on /opt/bitnami/airflow/venv/lib/python3.12/site-packages/airflow/example_dags/example_sla_dag.py
[2024-12-13T08:20:16.594+0000] {processor.py:914} INFO - Processing file /opt/bitnami/airflow/venv/lib/python3.12/site-packages/airflow/example_dags/example_sla_dag.py for tasks to queue
[2024-12-13T08:20:16.596+0000] {logging_mixin.py:190} INFO - [2024-12-13T08:20:16.596+0000] {dagbag.py:588} INFO - Filling up the DagBag from /opt/bitnami/airflow/venv/lib/python3.12/site-packages/airflow/example_dags/example_sla_dag.py
[2024-12-13T08:20:16.603+0000] {processor.py:925} INFO - DAG(s) 'example_sla_dag' retrieved from /opt/bitnami/airflow/venv/lib/python3.12/site-packages/airflow/example_dags/example_sla_dag.py
[2024-12-13T08:20:16.632+0000] {logging_mixin.py:190} INFO - [2024-12-13T08:20:16.632+0000] {dag.py:3239} INFO - Sync 1 DAGs
[2024-12-13T08:20:16.660+0000] {logging_mixin.py:190} INFO - [2024-12-13T08:20:16.660+0000] {dag.py:4180} INFO - Setting next_dagrun for example_sla_dag to 2024-12-13 08:18:00+00:00, run_after=2024-12-13 08:20:00+00:00
[2024-12-13T08:20:16.681+0000] {processor.py:208} INFO - Processing /opt/bitnami/airflow/venv/lib/python3.12/site-packages/airflow/example_dags/example_sla_dag.py took 0.092 seconds
[2024-12-13T08:20:47.743+0000] {processor.py:186} INFO - Started process (PID=201) to work on /opt/bitnami/airflow/venv/lib/python3.12/site-packages/airflow/example_dags/example_sla_dag.py
[2024-12-13T08:20:47.744+0000] {processor.py:914} INFO - Processing file /opt/bitnami/airflow/venv/lib/python3.12/site-packages/airflow/example_dags/example_sla_dag.py for tasks to queue
[2024-12-13T08:20:47.746+0000] {logging_mixin.py:190} INFO - [2024-12-13T08:20:47.746+0000] {dagbag.py:588} INFO - Filling up the DagBag from /opt/bitnami/airflow/venv/lib/python3.12/site-packages/airflow/example_dags/example_sla_dag.py
[2024-12-13T08:20:47.758+0000] {processor.py:925} INFO - DAG(s) 'example_sla_dag' retrieved from /opt/bitnami/airflow/venv/lib/python3.12/site-packages/airflow/example_dags/example_sla_dag.py
[2024-12-13T08:20:47.855+0000] {logging_mixin.py:190} INFO - [2024-12-13T08:20:47.855+0000] {dag.py:3239} INFO - Sync 1 DAGs
[2024-12-13T08:20:47.891+0000] {logging_mixin.py:190} INFO - [2024-12-13T08:20:47.891+0000] {dag.py:4180} INFO - Setting next_dagrun for example_sla_dag to 2024-12-13 08:18:00+00:00, run_after=2024-12-13 08:20:00+00:00
[2024-12-13T08:20:47.937+0000] {processor.py:208} INFO - Processing /opt/bitnami/airflow/venv/lib/python3.12/site-packages/airflow/example_dags/example_sla_dag.py took 0.201 seconds
[2024-12-13T08:21:18.247+0000] {processor.py:186} INFO - Started process (PID=258) to work on /opt/bitnami/airflow/venv/lib/python3.12/site-packages/airflow/example_dags/example_sla_dag.py
[2024-12-13T08:21:18.249+0000] {processor.py:914} INFO - Processing file /opt/bitnami/airflow/venv/lib/python3.12/site-packages/airflow/example_dags/example_sla_dag.py for tasks to queue
[2024-12-13T08:21:18.252+0000] {logging_mixin.py:190} INFO - [2024-12-13T08:21:18.252+0000] {dagbag.py:588} INFO - Filling up the DagBag from /opt/bitnami/airflow/venv/lib/python3.12/site-packages/airflow/example_dags/example_sla_dag.py
[2024-12-13T08:21:18.260+0000] {processor.py:925} INFO - DAG(s) 'example_sla_dag' retrieved from /opt/bitnami/airflow/venv/lib/python3.12/site-packages/airflow/example_dags/example_sla_dag.py
[2024-12-13T08:21:18.289+0000] {logging_mixin.py:190} INFO - [2024-12-13T08:21:18.289+0000] {dag.py:3239} INFO - Sync 1 DAGs
[2024-12-13T08:21:18.316+0000] {logging_mixin.py:190} INFO - [2024-12-13T08:21:18.316+0000] {dag.py:4180} INFO - Setting next_dagrun for example_sla_dag to 2024-12-13 08:18:00+00:00, run_after=2024-12-13 08:20:00+00:00
[2024-12-13T08:21:18.336+0000] {processor.py:208} INFO - Processing /opt/bitnami/airflow/venv/lib/python3.12/site-packages/airflow/example_dags/example_sla_dag.py took 0.095 seconds
[2024-12-13T08:21:49.065+0000] {processor.py:186} INFO - Started process (PID=315) to work on /opt/bitnami/airflow/venv/lib/python3.12/site-packages/airflow/example_dags/example_sla_dag.py
[2024-12-13T08:21:49.066+0000] {processor.py:914} INFO - Processing file /opt/bitnami/airflow/venv/lib/python3.12/site-packages/airflow/example_dags/example_sla_dag.py for tasks to queue
[2024-12-13T08:21:49.068+0000] {logging_mixin.py:190} INFO - [2024-12-13T08:21:49.068+0000] {dagbag.py:588} INFO - Filling up the DagBag from /opt/bitnami/airflow/venv/lib/python3.12/site-packages/airflow/example_dags/example_sla_dag.py
[2024-12-13T08:21:49.075+0000] {processor.py:925} INFO - DAG(s) 'example_sla_dag' retrieved from /opt/bitnami/airflow/venv/lib/python3.12/site-packages/airflow/example_dags/example_sla_dag.py
[2024-12-13T08:21:49.107+0000] {logging_mixin.py:190} INFO - [2024-12-13T08:21:49.107+0000] {dag.py:3239} INFO - Sync 1 DAGs
[2024-12-13T08:21:49.137+0000] {logging_mixin.py:190} INFO - [2024-12-13T08:21:49.137+0000] {dag.py:4180} INFO - Setting next_dagrun for example_sla_dag to 2024-12-13 08:18:00+00:00, run_after=2024-12-13 08:20:00+00:00
[2024-12-13T08:21:49.162+0000] {processor.py:208} INFO - Processing /opt/bitnami/airflow/venv/lib/python3.12/site-packages/airflow/example_dags/example_sla_dag.py took 0.103 seconds
[2024-12-13T08:22:19.358+0000] {processor.py:186} INFO - Started process (PID=372) to work on /opt/bitnami/airflow/venv/lib/python3.12/site-packages/airflow/example_dags/example_sla_dag.py
[2024-12-13T08:22:19.358+0000] {processor.py:914} INFO - Processing file /opt/bitnami/airflow/venv/lib/python3.12/site-packages/airflow/example_dags/example_sla_dag.py for tasks to queue
[2024-12-13T08:22:19.360+0000] {logging_mixin.py:190} INFO - [2024-12-13T08:22:19.360+0000] {dagbag.py:588} INFO - Filling up the DagBag from /opt/bitnami/airflow/venv/lib/python3.12/site-packages/airflow/example_dags/example_sla_dag.py
[2024-12-13T08:22:19.368+0000] {processor.py:925} INFO - DAG(s) 'example_sla_dag' retrieved from /opt/bitnami/airflow/venv/lib/python3.12/site-packages/airflow/example_dags/example_sla_dag.py
[2024-12-13T08:22:19.396+0000] {logging_mixin.py:190} INFO - [2024-12-13T08:22:19.396+0000] {dag.py:3239} INFO - Sync 1 DAGs
[2024-12-13T08:22:19.425+0000] {logging_mixin.py:190} INFO - [2024-12-13T08:22:19.425+0000] {dag.py:4180} INFO - Setting next_dagrun for example_sla_dag to 2024-12-13 08:20:00+00:00, run_after=2024-12-13 08:22:00+00:00
[2024-12-13T08:22:19.443+0000] {processor.py:208} INFO - Processing /opt/bitnami/airflow/venv/lib/python3.12/site-packages/airflow/example_dags/example_sla_dag.py took 0.091 seconds
[2024-12-13T08:22:50.224+0000] {processor.py:186} INFO - Started process (PID=429) to work on /opt/bitnami/airflow/venv/lib/python3.12/site-packages/airflow/example_dags/example_sla_dag.py
[2024-12-13T08:22:50.225+0000] {processor.py:914} INFO - Processing file /opt/bitnami/airflow/venv/lib/python3.12/site-packages/airflow/example_dags/example_sla_dag.py for tasks to queue
[2024-12-13T08:22:50.226+0000] {logging_mixin.py:190} INFO - [2024-12-13T08:22:50.226+0000] {dagbag.py:588} INFO - Filling up the DagBag from /opt/bitnami/airflow/venv/lib/python3.12/site-packages/airflow/example_dags/example_sla_dag.py
[2024-12-13T08:22:50.233+0000] {processor.py:925} INFO - DAG(s) 'example_sla_dag' retrieved from /opt/bitnami/airflow/venv/lib/python3.12/site-packages/airflow/example_dags/example_sla_dag.py
[2024-12-13T08:22:50.258+0000] {logging_mixin.py:190} INFO - [2024-12-13T08:22:50.257+0000] {dag.py:3239} INFO - Sync 1 DAGs
[2024-12-13T08:22:50.289+0000] {logging_mixin.py:190} INFO - [2024-12-13T08:22:50.289+0000] {dag.py:4180} INFO - Setting next_dagrun for example_sla_dag to 2024-12-13 08:20:00+00:00, run_after=2024-12-13 08:22:00+00:00
[2024-12-13T08:22:50.311+0000] {processor.py:208} INFO - Processing /opt/bitnami/airflow/venv/lib/python3.12/site-packages/airflow/example_dags/example_sla_dag.py took 0.091 seconds
[2024-12-13T08:25:47.690+0000] {processor.py:186} INFO - Started process (PID=87) to work on /opt/bitnami/airflow/venv/lib/python3.12/site-packages/airflow/example_dags/example_sla_dag.py
[2024-12-13T08:25:47.692+0000] {processor.py:914} INFO - Processing file /opt/bitnami/airflow/venv/lib/python3.12/site-packages/airflow/example_dags/example_sla_dag.py for tasks to queue
[2024-12-13T08:25:47.694+0000] {logging_mixin.py:190} INFO - [2024-12-13T08:25:47.694+0000] {dagbag.py:588} INFO - Filling up the DagBag from /opt/bitnami/airflow/venv/lib/python3.12/site-packages/airflow/example_dags/example_sla_dag.py
[2024-12-13T08:25:47.702+0000] {processor.py:925} INFO - DAG(s) 'example_sla_dag' retrieved from /opt/bitnami/airflow/venv/lib/python3.12/site-packages/airflow/example_dags/example_sla_dag.py
[2024-12-13T08:25:47.743+0000] {logging_mixin.py:190} INFO - [2024-12-13T08:25:47.743+0000] {dag.py:3239} INFO - Sync 1 DAGs
[2024-12-13T08:25:47.783+0000] {logging_mixin.py:190} INFO - [2024-12-13T08:25:47.783+0000] {dag.py:4180} INFO - Setting next_dagrun for example_sla_dag to 2024-12-13 08:22:00+00:00, run_after=2024-12-13 08:24:00+00:00
[2024-12-13T08:25:47.804+0000] {processor.py:208} INFO - Processing /opt/bitnami/airflow/venv/lib/python3.12/site-packages/airflow/example_dags/example_sla_dag.py took 0.118 seconds
[2024-12-13T08:26:18.649+0000] {processor.py:186} INFO - Started process (PID=144) to work on /opt/bitnami/airflow/venv/lib/python3.12/site-packages/airflow/example_dags/example_sla_dag.py
[2024-12-13T08:26:18.650+0000] {processor.py:914} INFO - Processing file /opt/bitnami/airflow/venv/lib/python3.12/site-packages/airflow/example_dags/example_sla_dag.py for tasks to queue
[2024-12-13T08:26:18.652+0000] {logging_mixin.py:190} INFO - [2024-12-13T08:26:18.652+0000] {dagbag.py:588} INFO - Filling up the DagBag from /opt/bitnami/airflow/venv/lib/python3.12/site-packages/airflow/example_dags/example_sla_dag.py
[2024-12-13T08:26:18.658+0000] {processor.py:925} INFO - DAG(s) 'example_sla_dag' retrieved from /opt/bitnami/airflow/venv/lib/python3.12/site-packages/airflow/example_dags/example_sla_dag.py
[2024-12-13T08:26:18.683+0000] {logging_mixin.py:190} INFO - [2024-12-13T08:26:18.683+0000] {dag.py:3239} INFO - Sync 1 DAGs
[2024-12-13T08:26:18.708+0000] {logging_mixin.py:190} INFO - [2024-12-13T08:26:18.708+0000] {dag.py:4180} INFO - Setting next_dagrun for example_sla_dag to 2024-12-13 08:24:00+00:00, run_after=2024-12-13 08:26:00+00:00
[2024-12-13T08:26:18.727+0000] {processor.py:208} INFO - Processing /opt/bitnami/airflow/venv/lib/python3.12/site-packages/airflow/example_dags/example_sla_dag.py took 0.082 seconds
[2024-12-13T08:26:50.680+0000] {processor.py:186} INFO - Started process (PID=201) to work on /opt/bitnami/airflow/venv/lib/python3.12/site-packages/airflow/example_dags/example_sla_dag.py
[2024-12-13T08:26:50.681+0000] {processor.py:914} INFO - Processing file /opt/bitnami/airflow/venv/lib/python3.12/site-packages/airflow/example_dags/example_sla_dag.py for tasks to queue
[2024-12-13T08:26:50.683+0000] {logging_mixin.py:190} INFO - [2024-12-13T08:26:50.682+0000] {dagbag.py:588} INFO - Filling up the DagBag from /opt/bitnami/airflow/venv/lib/python3.12/site-packages/airflow/example_dags/example_sla_dag.py
[2024-12-13T08:26:50.689+0000] {processor.py:925} INFO - DAG(s) 'example_sla_dag' retrieved from /opt/bitnami/airflow/venv/lib/python3.12/site-packages/airflow/example_dags/example_sla_dag.py
[2024-12-13T08:26:50.768+0000] {logging_mixin.py:190} INFO - [2024-12-13T08:26:50.767+0000] {dag.py:3239} INFO - Sync 1 DAGs
[2024-12-13T08:26:50.801+0000] {logging_mixin.py:190} INFO - [2024-12-13T08:26:50.801+0000] {dag.py:4180} INFO - Setting next_dagrun for example_sla_dag to 2024-12-13 08:24:00+00:00, run_after=2024-12-13 08:26:00+00:00
[2024-12-13T08:26:50.829+0000] {processor.py:208} INFO - Processing /opt/bitnami/airflow/venv/lib/python3.12/site-packages/airflow/example_dags/example_sla_dag.py took 0.154 seconds
[2024-12-13T08:27:20.963+0000] {processor.py:186} INFO - Started process (PID=258) to work on /opt/bitnami/airflow/venv/lib/python3.12/site-packages/airflow/example_dags/example_sla_dag.py
[2024-12-13T08:27:20.964+0000] {processor.py:914} INFO - Processing file /opt/bitnami/airflow/venv/lib/python3.12/site-packages/airflow/example_dags/example_sla_dag.py for tasks to queue
[2024-12-13T08:27:20.966+0000] {logging_mixin.py:190} INFO - [2024-12-13T08:27:20.966+0000] {dagbag.py:588} INFO - Filling up the DagBag from /opt/bitnami/airflow/venv/lib/python3.12/site-packages/airflow/example_dags/example_sla_dag.py
[2024-12-13T08:27:20.975+0000] {processor.py:925} INFO - DAG(s) 'example_sla_dag' retrieved from /opt/bitnami/airflow/venv/lib/python3.12/site-packages/airflow/example_dags/example_sla_dag.py
[2024-12-13T08:27:21.037+0000] {logging_mixin.py:190} INFO - [2024-12-13T08:27:21.036+0000] {dag.py:3239} INFO - Sync 1 DAGs
[2024-12-13T08:27:21.083+0000] {logging_mixin.py:190} INFO - [2024-12-13T08:27:21.083+0000] {dag.py:4180} INFO - Setting next_dagrun for example_sla_dag to 2024-12-13 08:24:00+00:00, run_after=2024-12-13 08:26:00+00:00
[2024-12-13T08:27:21.111+0000] {processor.py:208} INFO - Processing /opt/bitnami/airflow/venv/lib/python3.12/site-packages/airflow/example_dags/example_sla_dag.py took 0.156 seconds
[2024-12-13T10:42:44.115+0000] {processor.py:186} INFO - Started process (PID=87) to work on /opt/bitnami/airflow/venv/lib/python3.12/site-packages/airflow/example_dags/example_sla_dag.py
[2024-12-13T10:42:44.116+0000] {processor.py:914} INFO - Processing file /opt/bitnami/airflow/venv/lib/python3.12/site-packages/airflow/example_dags/example_sla_dag.py for tasks to queue
[2024-12-13T10:42:44.118+0000] {logging_mixin.py:190} INFO - [2024-12-13T10:42:44.118+0000] {dagbag.py:588} INFO - Filling up the DagBag from /opt/bitnami/airflow/venv/lib/python3.12/site-packages/airflow/example_dags/example_sla_dag.py
[2024-12-13T10:42:44.130+0000] {processor.py:925} INFO - DAG(s) 'example_sla_dag' retrieved from /opt/bitnami/airflow/venv/lib/python3.12/site-packages/airflow/example_dags/example_sla_dag.py
[2024-12-13T10:42:44.266+0000] {logging_mixin.py:190} INFO - [2024-12-13T10:42:44.265+0000] {override.py:1900} INFO - Created Permission View: can read on DAG:example_sla_dag
[2024-12-13T10:42:44.284+0000] {logging_mixin.py:190} INFO - [2024-12-13T10:42:44.283+0000] {override.py:1900} INFO - Created Permission View: can delete on DAG:example_sla_dag
[2024-12-13T10:42:44.293+0000] {logging_mixin.py:190} INFO - [2024-12-13T10:42:44.292+0000] {override.py:1900} INFO - Created Permission View: can edit on DAG:example_sla_dag
[2024-12-13T10:42:44.303+0000] {logging_mixin.py:190} INFO - [2024-12-13T10:42:44.303+0000] {override.py:1900} INFO - Created Permission View: can delete on DAG Run:example_sla_dag
[2024-12-13T10:42:44.310+0000] {logging_mixin.py:190} INFO - [2024-12-13T10:42:44.310+0000] {override.py:1900} INFO - Created Permission View: can read on DAG Run:example_sla_dag
[2024-12-13T10:42:44.317+0000] {logging_mixin.py:190} INFO - [2024-12-13T10:42:44.317+0000] {override.py:1900} INFO - Created Permission View: can create on DAG Run:example_sla_dag
[2024-12-13T10:42:44.324+0000] {logging_mixin.py:190} INFO - [2024-12-13T10:42:44.324+0000] {override.py:1900} INFO - Created Permission View: menu access on DAG Run:example_sla_dag
[2024-12-13T10:42:44.325+0000] {logging_mixin.py:190} INFO - [2024-12-13T10:42:44.325+0000] {dag.py:3239} INFO - Sync 1 DAGs
[2024-12-13T10:42:44.363+0000] {logging_mixin.py:190} INFO - [2024-12-13T10:42:44.362+0000] {dag.py:3262} INFO - Creating ORM DAG for example_sla_dag
[2024-12-13T10:42:44.379+0000] {logging_mixin.py:190} INFO - [2024-12-13T10:42:44.379+0000] {dag.py:4180} INFO - Setting next_dagrun for example_sla_dag to 2024-12-13 10:40:00+00:00, run_after=2024-12-13 10:42:00+00:00
[2024-12-13T10:42:44.420+0000] {processor.py:208} INFO - Processing /opt/bitnami/airflow/venv/lib/python3.12/site-packages/airflow/example_dags/example_sla_dag.py took 0.310 seconds
[2024-12-13T10:43:14.524+0000] {processor.py:186} INFO - Started process (PID=144) to work on /opt/bitnami/airflow/venv/lib/python3.12/site-packages/airflow/example_dags/example_sla_dag.py
[2024-12-13T10:43:14.524+0000] {processor.py:914} INFO - Processing file /opt/bitnami/airflow/venv/lib/python3.12/site-packages/airflow/example_dags/example_sla_dag.py for tasks to queue
[2024-12-13T10:43:14.526+0000] {logging_mixin.py:190} INFO - [2024-12-13T10:43:14.526+0000] {dagbag.py:588} INFO - Filling up the DagBag from /opt/bitnami/airflow/venv/lib/python3.12/site-packages/airflow/example_dags/example_sla_dag.py
[2024-12-13T10:43:14.532+0000] {processor.py:925} INFO - DAG(s) 'example_sla_dag' retrieved from /opt/bitnami/airflow/venv/lib/python3.12/site-packages/airflow/example_dags/example_sla_dag.py
[2024-12-13T10:43:14.563+0000] {logging_mixin.py:190} INFO - [2024-12-13T10:43:14.563+0000] {dag.py:3239} INFO - Sync 1 DAGs
[2024-12-13T10:43:14.619+0000] {logging_mixin.py:190} INFO - [2024-12-13T10:43:14.618+0000] {dag.py:4180} INFO - Setting next_dagrun for example_sla_dag to 2024-12-13 10:40:00+00:00, run_after=2024-12-13 10:42:00+00:00
[2024-12-13T10:43:14.655+0000] {processor.py:208} INFO - Processing /opt/bitnami/airflow/venv/lib/python3.12/site-packages/airflow/example_dags/example_sla_dag.py took 0.136 seconds
[2024-12-13T10:43:45.710+0000] {processor.py:186} INFO - Started process (PID=201) to work on /opt/bitnami/airflow/venv/lib/python3.12/site-packages/airflow/example_dags/example_sla_dag.py
[2024-12-13T10:43:45.711+0000] {processor.py:914} INFO - Processing file /opt/bitnami/airflow/venv/lib/python3.12/site-packages/airflow/example_dags/example_sla_dag.py for tasks to queue
[2024-12-13T10:43:45.714+0000] {logging_mixin.py:190} INFO - [2024-12-13T10:43:45.714+0000] {dagbag.py:588} INFO - Filling up the DagBag from /opt/bitnami/airflow/venv/lib/python3.12/site-packages/airflow/example_dags/example_sla_dag.py
[2024-12-13T10:43:45.721+0000] {processor.py:925} INFO - DAG(s) 'example_sla_dag' retrieved from /opt/bitnami/airflow/venv/lib/python3.12/site-packages/airflow/example_dags/example_sla_dag.py
[2024-12-13T10:43:45.860+0000] {logging_mixin.py:190} INFO - [2024-12-13T10:43:45.859+0000] {dag.py:3239} INFO - Sync 1 DAGs
[2024-12-13T10:43:45.914+0000] {logging_mixin.py:190} INFO - [2024-12-13T10:43:45.913+0000] {dag.py:4180} INFO - Setting next_dagrun for example_sla_dag to 2024-12-13 10:40:00+00:00, run_after=2024-12-13 10:42:00+00:00
[2024-12-13T10:43:45.962+0000] {processor.py:208} INFO - Processing /opt/bitnami/airflow/venv/lib/python3.12/site-packages/airflow/example_dags/example_sla_dag.py took 0.257 seconds
[2024-12-13T10:44:16.345+0000] {processor.py:186} INFO - Started process (PID=258) to work on /opt/bitnami/airflow/venv/lib/python3.12/site-packages/airflow/example_dags/example_sla_dag.py
[2024-12-13T10:44:16.347+0000] {processor.py:914} INFO - Processing file /opt/bitnami/airflow/venv/lib/python3.12/site-packages/airflow/example_dags/example_sla_dag.py for tasks to queue
[2024-12-13T10:44:16.349+0000] {logging_mixin.py:190} INFO - [2024-12-13T10:44:16.348+0000] {dagbag.py:588} INFO - Filling up the DagBag from /opt/bitnami/airflow/venv/lib/python3.12/site-packages/airflow/example_dags/example_sla_dag.py
[2024-12-13T10:44:16.355+0000] {processor.py:925} INFO - DAG(s) 'example_sla_dag' retrieved from /opt/bitnami/airflow/venv/lib/python3.12/site-packages/airflow/example_dags/example_sla_dag.py
[2024-12-13T10:44:16.452+0000] {logging_mixin.py:190} INFO - [2024-12-13T10:44:16.451+0000] {dag.py:3239} INFO - Sync 1 DAGs
[2024-12-13T10:44:16.516+0000] {logging_mixin.py:190} INFO - [2024-12-13T10:44:16.516+0000] {dag.py:4180} INFO - Setting next_dagrun for example_sla_dag to 2024-12-13 10:42:00+00:00, run_after=2024-12-13 10:44:00+00:00
[2024-12-13T10:44:16.569+0000] {processor.py:208} INFO - Processing /opt/bitnami/airflow/venv/lib/python3.12/site-packages/airflow/example_dags/example_sla_dag.py took 0.228 seconds
[2024-12-13T10:44:47.044+0000] {processor.py:186} INFO - Started process (PID=315) to work on /opt/bitnami/airflow/venv/lib/python3.12/site-packages/airflow/example_dags/example_sla_dag.py
[2024-12-13T10:44:47.045+0000] {processor.py:914} INFO - Processing file /opt/bitnami/airflow/venv/lib/python3.12/site-packages/airflow/example_dags/example_sla_dag.py for tasks to queue
[2024-12-13T10:44:47.047+0000] {logging_mixin.py:190} INFO - [2024-12-13T10:44:47.047+0000] {dagbag.py:588} INFO - Filling up the DagBag from /opt/bitnami/airflow/venv/lib/python3.12/site-packages/airflow/example_dags/example_sla_dag.py
[2024-12-13T10:44:47.054+0000] {processor.py:925} INFO - DAG(s) 'example_sla_dag' retrieved from /opt/bitnami/airflow/venv/lib/python3.12/site-packages/airflow/example_dags/example_sla_dag.py
[2024-12-13T10:44:47.132+0000] {logging_mixin.py:190} INFO - [2024-12-13T10:44:47.131+0000] {dag.py:3239} INFO - Sync 1 DAGs
[2024-12-13T10:44:47.196+0000] {logging_mixin.py:190} INFO - [2024-12-13T10:44:47.196+0000] {dag.py:4180} INFO - Setting next_dagrun for example_sla_dag to 2024-12-13 10:42:00+00:00, run_after=2024-12-13 10:44:00+00:00
[2024-12-13T10:44:47.244+0000] {processor.py:208} INFO - Processing /opt/bitnami/airflow/venv/lib/python3.12/site-packages/airflow/example_dags/example_sla_dag.py took 0.206 seconds
[2024-12-13T10:52:15.463+0000] {processor.py:186} INFO - Started process (PID=87) to work on /opt/bitnami/airflow/venv/lib/python3.12/site-packages/airflow/example_dags/example_sla_dag.py
[2024-12-13T10:52:15.465+0000] {processor.py:914} INFO - Processing file /opt/bitnami/airflow/venv/lib/python3.12/site-packages/airflow/example_dags/example_sla_dag.py for tasks to queue
[2024-12-13T10:52:15.468+0000] {logging_mixin.py:190} INFO - [2024-12-13T10:52:15.467+0000] {dagbag.py:588} INFO - Filling up the DagBag from /opt/bitnami/airflow/venv/lib/python3.12/site-packages/airflow/example_dags/example_sla_dag.py
[2024-12-13T10:52:15.474+0000] {processor.py:925} INFO - DAG(s) 'example_sla_dag' retrieved from /opt/bitnami/airflow/venv/lib/python3.12/site-packages/airflow/example_dags/example_sla_dag.py
[2024-12-13T10:52:15.640+0000] {logging_mixin.py:190} INFO - [2024-12-13T10:52:15.640+0000] {override.py:1900} INFO - Created Permission View: can read on DAG:example_sla_dag
[2024-12-13T10:52:15.659+0000] {logging_mixin.py:190} INFO - [2024-12-13T10:52:15.659+0000] {override.py:1900} INFO - Created Permission View: can delete on DAG:example_sla_dag
[2024-12-13T10:52:15.670+0000] {logging_mixin.py:190} INFO - [2024-12-13T10:52:15.669+0000] {override.py:1900} INFO - Created Permission View: can edit on DAG:example_sla_dag
[2024-12-13T10:52:15.681+0000] {logging_mixin.py:190} INFO - [2024-12-13T10:52:15.681+0000] {override.py:1900} INFO - Created Permission View: menu access on DAG Run:example_sla_dag
[2024-12-13T10:52:15.690+0000] {logging_mixin.py:190} INFO - [2024-12-13T10:52:15.689+0000] {override.py:1900} INFO - Created Permission View: can read on DAG Run:example_sla_dag
[2024-12-13T10:52:15.699+0000] {logging_mixin.py:190} INFO - [2024-12-13T10:52:15.699+0000] {override.py:1900} INFO - Created Permission View: can delete on DAG Run:example_sla_dag
[2024-12-13T10:52:15.708+0000] {logging_mixin.py:190} INFO - [2024-12-13T10:52:15.707+0000] {override.py:1900} INFO - Created Permission View: can create on DAG Run:example_sla_dag
[2024-12-13T10:52:15.709+0000] {logging_mixin.py:190} INFO - [2024-12-13T10:52:15.709+0000] {dag.py:3239} INFO - Sync 1 DAGs
[2024-12-13T10:52:15.756+0000] {logging_mixin.py:190} INFO - [2024-12-13T10:52:15.755+0000] {dag.py:3262} INFO - Creating ORM DAG for example_sla_dag
[2024-12-13T10:52:15.770+0000] {logging_mixin.py:190} INFO - [2024-12-13T10:52:15.770+0000] {dag.py:4180} INFO - Setting next_dagrun for example_sla_dag to 2024-12-13 10:50:00+00:00, run_after=2024-12-13 10:52:00+00:00
[2024-12-13T10:52:15.814+0000] {processor.py:208} INFO - Processing /opt/bitnami/airflow/venv/lib/python3.12/site-packages/airflow/example_dags/example_sla_dag.py took 0.355 seconds
[2024-12-13T10:52:46.688+0000] {processor.py:186} INFO - Started process (PID=144) to work on /opt/bitnami/airflow/venv/lib/python3.12/site-packages/airflow/example_dags/example_sla_dag.py
[2024-12-13T10:52:46.689+0000] {processor.py:914} INFO - Processing file /opt/bitnami/airflow/venv/lib/python3.12/site-packages/airflow/example_dags/example_sla_dag.py for tasks to queue
[2024-12-13T10:52:46.695+0000] {logging_mixin.py:190} INFO - [2024-12-13T10:52:46.694+0000] {dagbag.py:588} INFO - Filling up the DagBag from /opt/bitnami/airflow/venv/lib/python3.12/site-packages/airflow/example_dags/example_sla_dag.py
[2024-12-13T10:52:46.708+0000] {processor.py:925} INFO - DAG(s) 'example_sla_dag' retrieved from /opt/bitnami/airflow/venv/lib/python3.12/site-packages/airflow/example_dags/example_sla_dag.py
[2024-12-13T10:52:46.774+0000] {logging_mixin.py:190} INFO - [2024-12-13T10:52:46.773+0000] {dag.py:3239} INFO - Sync 1 DAGs
[2024-12-13T10:52:46.842+0000] {logging_mixin.py:190} INFO - [2024-12-13T10:52:46.842+0000] {dag.py:4180} INFO - Setting next_dagrun for example_sla_dag to 2024-12-13 10:50:00+00:00, run_after=2024-12-13 10:52:00+00:00
[2024-12-13T10:52:46.885+0000] {processor.py:208} INFO - Processing /opt/bitnami/airflow/venv/lib/python3.12/site-packages/airflow/example_dags/example_sla_dag.py took 0.205 seconds
[2024-12-13T10:53:17.923+0000] {processor.py:186} INFO - Started process (PID=201) to work on /opt/bitnami/airflow/venv/lib/python3.12/site-packages/airflow/example_dags/example_sla_dag.py
[2024-12-13T10:53:17.924+0000] {processor.py:914} INFO - Processing file /opt/bitnami/airflow/venv/lib/python3.12/site-packages/airflow/example_dags/example_sla_dag.py for tasks to queue
[2024-12-13T10:53:17.928+0000] {logging_mixin.py:190} INFO - [2024-12-13T10:53:17.928+0000] {dagbag.py:588} INFO - Filling up the DagBag from /opt/bitnami/airflow/venv/lib/python3.12/site-packages/airflow/example_dags/example_sla_dag.py
[2024-12-13T10:53:17.942+0000] {processor.py:925} INFO - DAG(s) 'example_sla_dag' retrieved from /opt/bitnami/airflow/venv/lib/python3.12/site-packages/airflow/example_dags/example_sla_dag.py
[2024-12-13T10:53:18.093+0000] {logging_mixin.py:190} INFO - [2024-12-13T10:53:18.093+0000] {dag.py:3239} INFO - Sync 1 DAGs
[2024-12-13T10:53:18.141+0000] {logging_mixin.py:190} INFO - [2024-12-13T10:53:18.141+0000] {dag.py:4180} INFO - Setting next_dagrun for example_sla_dag to 2024-12-13 10:50:00+00:00, run_after=2024-12-13 10:52:00+00:00
[2024-12-13T10:53:18.181+0000] {processor.py:208} INFO - Processing /opt/bitnami/airflow/venv/lib/python3.12/site-packages/airflow/example_dags/example_sla_dag.py took 0.263 seconds
[2024-12-13T10:53:48.258+0000] {processor.py:186} INFO - Started process (PID=258) to work on /opt/bitnami/airflow/venv/lib/python3.12/site-packages/airflow/example_dags/example_sla_dag.py
[2024-12-13T10:53:48.259+0000] {processor.py:914} INFO - Processing file /opt/bitnami/airflow/venv/lib/python3.12/site-packages/airflow/example_dags/example_sla_dag.py for tasks to queue
[2024-12-13T10:53:48.262+0000] {logging_mixin.py:190} INFO - [2024-12-13T10:53:48.261+0000] {dagbag.py:588} INFO - Filling up the DagBag from /opt/bitnami/airflow/venv/lib/python3.12/site-packages/airflow/example_dags/example_sla_dag.py
[2024-12-13T10:53:48.270+0000] {processor.py:925} INFO - DAG(s) 'example_sla_dag' retrieved from /opt/bitnami/airflow/venv/lib/python3.12/site-packages/airflow/example_dags/example_sla_dag.py
[2024-12-13T10:53:48.364+0000] {logging_mixin.py:190} INFO - [2024-12-13T10:53:48.363+0000] {dag.py:3239} INFO - Sync 1 DAGs
[2024-12-13T10:53:48.420+0000] {logging_mixin.py:190} INFO - [2024-12-13T10:53:48.420+0000] {dag.py:4180} INFO - Setting next_dagrun for example_sla_dag to 2024-12-13 10:50:00+00:00, run_after=2024-12-13 10:52:00+00:00
[2024-12-13T10:53:48.460+0000] {processor.py:208} INFO - Processing /opt/bitnami/airflow/venv/lib/python3.12/site-packages/airflow/example_dags/example_sla_dag.py took 0.210 seconds
[2024-12-13T10:54:19.335+0000] {processor.py:186} INFO - Started process (PID=315) to work on /opt/bitnami/airflow/venv/lib/python3.12/site-packages/airflow/example_dags/example_sla_dag.py
[2024-12-13T10:54:19.336+0000] {processor.py:914} INFO - Processing file /opt/bitnami/airflow/venv/lib/python3.12/site-packages/airflow/example_dags/example_sla_dag.py for tasks to queue
[2024-12-13T10:54:19.339+0000] {logging_mixin.py:190} INFO - [2024-12-13T10:54:19.339+0000] {dagbag.py:588} INFO - Filling up the DagBag from /opt/bitnami/airflow/venv/lib/python3.12/site-packages/airflow/example_dags/example_sla_dag.py
[2024-12-13T10:54:19.348+0000] {processor.py:925} INFO - DAG(s) 'example_sla_dag' retrieved from /opt/bitnami/airflow/venv/lib/python3.12/site-packages/airflow/example_dags/example_sla_dag.py
[2024-12-13T10:54:19.439+0000] {logging_mixin.py:190} INFO - [2024-12-13T10:54:19.438+0000] {dag.py:3239} INFO - Sync 1 DAGs
[2024-12-13T10:54:19.490+0000] {logging_mixin.py:190} INFO - [2024-12-13T10:54:19.490+0000] {dag.py:4180} INFO - Setting next_dagrun for example_sla_dag to 2024-12-13 10:52:00+00:00, run_after=2024-12-13 10:54:00+00:00
[2024-12-13T10:54:19.526+0000] {processor.py:208} INFO - Processing /opt/bitnami/airflow/venv/lib/python3.12/site-packages/airflow/example_dags/example_sla_dag.py took 0.196 seconds
[2024-12-13T10:54:49.803+0000] {processor.py:186} INFO - Started process (PID=372) to work on /opt/bitnami/airflow/venv/lib/python3.12/site-packages/airflow/example_dags/example_sla_dag.py
[2024-12-13T10:54:49.804+0000] {processor.py:914} INFO - Processing file /opt/bitnami/airflow/venv/lib/python3.12/site-packages/airflow/example_dags/example_sla_dag.py for tasks to queue
[2024-12-13T10:54:49.807+0000] {logging_mixin.py:190} INFO - [2024-12-13T10:54:49.806+0000] {dagbag.py:588} INFO - Filling up the DagBag from /opt/bitnami/airflow/venv/lib/python3.12/site-packages/airflow/example_dags/example_sla_dag.py
[2024-12-13T10:54:49.814+0000] {processor.py:925} INFO - DAG(s) 'example_sla_dag' retrieved from /opt/bitnami/airflow/venv/lib/python3.12/site-packages/airflow/example_dags/example_sla_dag.py
[2024-12-13T10:54:49.861+0000] {logging_mixin.py:190} INFO - [2024-12-13T10:54:49.861+0000] {dag.py:3239} INFO - Sync 1 DAGs
[2024-12-13T10:54:49.904+0000] {logging_mixin.py:190} INFO - [2024-12-13T10:54:49.904+0000] {dag.py:4180} INFO - Setting next_dagrun for example_sla_dag to 2024-12-13 10:52:00+00:00, run_after=2024-12-13 10:54:00+00:00
[2024-12-13T10:54:49.935+0000] {processor.py:208} INFO - Processing /opt/bitnami/airflow/venv/lib/python3.12/site-packages/airflow/example_dags/example_sla_dag.py took 0.137 seconds
[2024-12-13T10:55:20.939+0000] {processor.py:186} INFO - Started process (PID=429) to work on /opt/bitnami/airflow/venv/lib/python3.12/site-packages/airflow/example_dags/example_sla_dag.py
[2024-12-13T10:55:20.940+0000] {processor.py:914} INFO - Processing file /opt/bitnami/airflow/venv/lib/python3.12/site-packages/airflow/example_dags/example_sla_dag.py for tasks to queue
[2024-12-13T10:55:20.942+0000] {logging_mixin.py:190} INFO - [2024-12-13T10:55:20.942+0000] {dagbag.py:588} INFO - Filling up the DagBag from /opt/bitnami/airflow/venv/lib/python3.12/site-packages/airflow/example_dags/example_sla_dag.py
[2024-12-13T10:55:20.950+0000] {processor.py:925} INFO - DAG(s) 'example_sla_dag' retrieved from /opt/bitnami/airflow/venv/lib/python3.12/site-packages/airflow/example_dags/example_sla_dag.py
[2024-12-13T10:55:21.039+0000] {logging_mixin.py:190} INFO - [2024-12-13T10:55:21.038+0000] {dag.py:3239} INFO - Sync 1 DAGs
[2024-12-13T10:55:21.100+0000] {logging_mixin.py:190} INFO - [2024-12-13T10:55:21.100+0000] {dag.py:4180} INFO - Setting next_dagrun for example_sla_dag to 2024-12-13 10:52:00+00:00, run_after=2024-12-13 10:54:00+00:00
[2024-12-13T10:55:21.150+0000] {processor.py:208} INFO - Processing /opt/bitnami/airflow/venv/lib/python3.12/site-packages/airflow/example_dags/example_sla_dag.py took 0.216 seconds
[2024-12-13T10:55:51.876+0000] {processor.py:186} INFO - Started process (PID=486) to work on /opt/bitnami/airflow/venv/lib/python3.12/site-packages/airflow/example_dags/example_sla_dag.py
[2024-12-13T10:55:51.877+0000] {processor.py:914} INFO - Processing file /opt/bitnami/airflow/venv/lib/python3.12/site-packages/airflow/example_dags/example_sla_dag.py for tasks to queue
[2024-12-13T10:55:51.879+0000] {logging_mixin.py:190} INFO - [2024-12-13T10:55:51.879+0000] {dagbag.py:588} INFO - Filling up the DagBag from /opt/bitnami/airflow/venv/lib/python3.12/site-packages/airflow/example_dags/example_sla_dag.py
[2024-12-13T10:55:51.887+0000] {processor.py:925} INFO - DAG(s) 'example_sla_dag' retrieved from /opt/bitnami/airflow/venv/lib/python3.12/site-packages/airflow/example_dags/example_sla_dag.py
[2024-12-13T10:55:51.935+0000] {logging_mixin.py:190} INFO - [2024-12-13T10:55:51.934+0000] {dag.py:3239} INFO - Sync 1 DAGs
[2024-12-13T10:55:51.998+0000] {logging_mixin.py:190} INFO - [2024-12-13T10:55:51.998+0000] {dag.py:4180} INFO - Setting next_dagrun for example_sla_dag to 2024-12-13 10:52:00+00:00, run_after=2024-12-13 10:54:00+00:00
[2024-12-13T10:55:52.039+0000] {processor.py:208} INFO - Processing /opt/bitnami/airflow/venv/lib/python3.12/site-packages/airflow/example_dags/example_sla_dag.py took 0.170 seconds
[2024-12-13T10:56:22.555+0000] {processor.py:186} INFO - Started process (PID=543) to work on /opt/bitnami/airflow/venv/lib/python3.12/site-packages/airflow/example_dags/example_sla_dag.py
[2024-12-13T10:56:22.556+0000] {processor.py:914} INFO - Processing file /opt/bitnami/airflow/venv/lib/python3.12/site-packages/airflow/example_dags/example_sla_dag.py for tasks to queue
[2024-12-13T10:56:22.558+0000] {logging_mixin.py:190} INFO - [2024-12-13T10:56:22.558+0000] {dagbag.py:588} INFO - Filling up the DagBag from /opt/bitnami/airflow/venv/lib/python3.12/site-packages/airflow/example_dags/example_sla_dag.py
[2024-12-13T10:56:22.564+0000] {processor.py:925} INFO - DAG(s) 'example_sla_dag' retrieved from /opt/bitnami/airflow/venv/lib/python3.12/site-packages/airflow/example_dags/example_sla_dag.py
[2024-12-13T10:56:22.600+0000] {logging_mixin.py:190} INFO - [2024-12-13T10:56:22.600+0000] {dag.py:3239} INFO - Sync 1 DAGs
[2024-12-13T10:56:22.633+0000] {logging_mixin.py:190} INFO - [2024-12-13T10:56:22.633+0000] {dag.py:4180} INFO - Setting next_dagrun for example_sla_dag to 2024-12-13 10:54:00+00:00, run_after=2024-12-13 10:56:00+00:00
[2024-12-13T10:56:22.654+0000] {processor.py:208} INFO - Processing /opt/bitnami/airflow/venv/lib/python3.12/site-packages/airflow/example_dags/example_sla_dag.py took 0.102 seconds
[2024-12-13T10:56:53.109+0000] {processor.py:186} INFO - Started process (PID=600) to work on /opt/bitnami/airflow/venv/lib/python3.12/site-packages/airflow/example_dags/example_sla_dag.py
[2024-12-13T10:56:53.110+0000] {processor.py:914} INFO - Processing file /opt/bitnami/airflow/venv/lib/python3.12/site-packages/airflow/example_dags/example_sla_dag.py for tasks to queue
[2024-12-13T10:56:53.111+0000] {logging_mixin.py:190} INFO - [2024-12-13T10:56:53.111+0000] {dagbag.py:588} INFO - Filling up the DagBag from /opt/bitnami/airflow/venv/lib/python3.12/site-packages/airflow/example_dags/example_sla_dag.py
[2024-12-13T10:56:53.118+0000] {processor.py:925} INFO - DAG(s) 'example_sla_dag' retrieved from /opt/bitnami/airflow/venv/lib/python3.12/site-packages/airflow/example_dags/example_sla_dag.py
[2024-12-13T10:56:53.146+0000] {logging_mixin.py:190} INFO - [2024-12-13T10:56:53.146+0000] {dag.py:3239} INFO - Sync 1 DAGs
[2024-12-13T10:56:53.173+0000] {logging_mixin.py:190} INFO - [2024-12-13T10:56:53.173+0000] {dag.py:4180} INFO - Setting next_dagrun for example_sla_dag to 2024-12-13 10:54:00+00:00, run_after=2024-12-13 10:56:00+00:00
[2024-12-13T10:56:53.195+0000] {processor.py:208} INFO - Processing /opt/bitnami/airflow/venv/lib/python3.12/site-packages/airflow/example_dags/example_sla_dag.py took 0.091 seconds
[2024-12-13T10:57:23.402+0000] {processor.py:186} INFO - Started process (PID=657) to work on /opt/bitnami/airflow/venv/lib/python3.12/site-packages/airflow/example_dags/example_sla_dag.py
[2024-12-13T10:57:23.403+0000] {processor.py:914} INFO - Processing file /opt/bitnami/airflow/venv/lib/python3.12/site-packages/airflow/example_dags/example_sla_dag.py for tasks to queue
[2024-12-13T10:57:23.406+0000] {logging_mixin.py:190} INFO - [2024-12-13T10:57:23.405+0000] {dagbag.py:588} INFO - Filling up the DagBag from /opt/bitnami/airflow/venv/lib/python3.12/site-packages/airflow/example_dags/example_sla_dag.py
[2024-12-13T10:57:23.413+0000] {processor.py:925} INFO - DAG(s) 'example_sla_dag' retrieved from /opt/bitnami/airflow/venv/lib/python3.12/site-packages/airflow/example_dags/example_sla_dag.py
[2024-12-13T10:57:23.455+0000] {logging_mixin.py:190} INFO - [2024-12-13T10:57:23.455+0000] {dag.py:3239} INFO - Sync 1 DAGs
[2024-12-13T10:57:23.495+0000] {logging_mixin.py:190} INFO - [2024-12-13T10:57:23.495+0000] {dag.py:4180} INFO - Setting next_dagrun for example_sla_dag to 2024-12-13 10:54:00+00:00, run_after=2024-12-13 10:56:00+00:00
[2024-12-13T10:57:23.519+0000] {processor.py:208} INFO - Processing /opt/bitnami/airflow/venv/lib/python3.12/site-packages/airflow/example_dags/example_sla_dag.py took 0.122 seconds
[2024-12-13T10:57:54.337+0000] {processor.py:186} INFO - Started process (PID=714) to work on /opt/bitnami/airflow/venv/lib/python3.12/site-packages/airflow/example_dags/example_sla_dag.py
[2024-12-13T10:57:54.338+0000] {processor.py:914} INFO - Processing file /opt/bitnami/airflow/venv/lib/python3.12/site-packages/airflow/example_dags/example_sla_dag.py for tasks to queue
[2024-12-13T10:57:54.340+0000] {logging_mixin.py:190} INFO - [2024-12-13T10:57:54.340+0000] {dagbag.py:588} INFO - Filling up the DagBag from /opt/bitnami/airflow/venv/lib/python3.12/site-packages/airflow/example_dags/example_sla_dag.py
[2024-12-13T10:57:54.347+0000] {processor.py:925} INFO - DAG(s) 'example_sla_dag' retrieved from /opt/bitnami/airflow/venv/lib/python3.12/site-packages/airflow/example_dags/example_sla_dag.py
[2024-12-13T10:57:54.379+0000] {logging_mixin.py:190} INFO - [2024-12-13T10:57:54.378+0000] {dag.py:3239} INFO - Sync 1 DAGs
[2024-12-13T10:57:54.438+0000] {logging_mixin.py:190} INFO - [2024-12-13T10:57:54.438+0000] {dag.py:4180} INFO - Setting next_dagrun for example_sla_dag to 2024-12-13 10:54:00+00:00, run_after=2024-12-13 10:56:00+00:00
[2024-12-13T10:57:54.474+0000] {processor.py:208} INFO - Processing /opt/bitnami/airflow/venv/lib/python3.12/site-packages/airflow/example_dags/example_sla_dag.py took 0.142 seconds
[2024-12-13T10:58:25.248+0000] {processor.py:186} INFO - Started process (PID=771) to work on /opt/bitnami/airflow/venv/lib/python3.12/site-packages/airflow/example_dags/example_sla_dag.py
[2024-12-13T10:58:25.250+0000] {processor.py:914} INFO - Processing file /opt/bitnami/airflow/venv/lib/python3.12/site-packages/airflow/example_dags/example_sla_dag.py for tasks to queue
[2024-12-13T10:58:25.252+0000] {logging_mixin.py:190} INFO - [2024-12-13T10:58:25.252+0000] {dagbag.py:588} INFO - Filling up the DagBag from /opt/bitnami/airflow/venv/lib/python3.12/site-packages/airflow/example_dags/example_sla_dag.py
[2024-12-13T10:58:25.259+0000] {processor.py:925} INFO - DAG(s) 'example_sla_dag' retrieved from /opt/bitnami/airflow/venv/lib/python3.12/site-packages/airflow/example_dags/example_sla_dag.py
[2024-12-13T10:58:25.294+0000] {logging_mixin.py:190} INFO - [2024-12-13T10:58:25.294+0000] {dag.py:3239} INFO - Sync 1 DAGs
[2024-12-13T10:58:25.335+0000] {logging_mixin.py:190} INFO - [2024-12-13T10:58:25.334+0000] {dag.py:4180} INFO - Setting next_dagrun for example_sla_dag to 2024-12-13 10:56:00+00:00, run_after=2024-12-13 10:58:00+00:00
[2024-12-13T10:58:25.366+0000] {processor.py:208} INFO - Processing /opt/bitnami/airflow/venv/lib/python3.12/site-packages/airflow/example_dags/example_sla_dag.py took 0.124 seconds
[2024-12-13T10:58:56.254+0000] {processor.py:186} INFO - Started process (PID=828) to work on /opt/bitnami/airflow/venv/lib/python3.12/site-packages/airflow/example_dags/example_sla_dag.py
[2024-12-13T10:58:56.256+0000] {processor.py:914} INFO - Processing file /opt/bitnami/airflow/venv/lib/python3.12/site-packages/airflow/example_dags/example_sla_dag.py for tasks to queue
[2024-12-13T10:58:56.258+0000] {logging_mixin.py:190} INFO - [2024-12-13T10:58:56.258+0000] {dagbag.py:588} INFO - Filling up the DagBag from /opt/bitnami/airflow/venv/lib/python3.12/site-packages/airflow/example_dags/example_sla_dag.py
[2024-12-13T10:58:56.267+0000] {processor.py:925} INFO - DAG(s) 'example_sla_dag' retrieved from /opt/bitnami/airflow/venv/lib/python3.12/site-packages/airflow/example_dags/example_sla_dag.py
[2024-12-13T10:58:56.316+0000] {logging_mixin.py:190} INFO - [2024-12-13T10:58:56.316+0000] {dag.py:3239} INFO - Sync 1 DAGs
[2024-12-13T10:58:56.360+0000] {logging_mixin.py:190} INFO - [2024-12-13T10:58:56.360+0000] {dag.py:4180} INFO - Setting next_dagrun for example_sla_dag to 2024-12-13 10:56:00+00:00, run_after=2024-12-13 10:58:00+00:00
[2024-12-13T10:58:56.404+0000] {processor.py:208} INFO - Processing /opt/bitnami/airflow/venv/lib/python3.12/site-packages/airflow/example_dags/example_sla_dag.py took 0.153 seconds
[2024-12-13T11:07:33.951+0000] {processor.py:186} INFO - Started process (PID=87) to work on /opt/bitnami/airflow/venv/lib/python3.12/site-packages/airflow/example_dags/example_sla_dag.py
[2024-12-13T11:07:33.953+0000] {processor.py:914} INFO - Processing file /opt/bitnami/airflow/venv/lib/python3.12/site-packages/airflow/example_dags/example_sla_dag.py for tasks to queue
[2024-12-13T11:07:33.957+0000] {logging_mixin.py:190} INFO - [2024-12-13T11:07:33.956+0000] {dagbag.py:588} INFO - Filling up the DagBag from /opt/bitnami/airflow/venv/lib/python3.12/site-packages/airflow/example_dags/example_sla_dag.py
[2024-12-13T11:07:33.968+0000] {processor.py:925} INFO - DAG(s) 'example_sla_dag' retrieved from /opt/bitnami/airflow/venv/lib/python3.12/site-packages/airflow/example_dags/example_sla_dag.py
[2024-12-13T11:07:34.048+0000] {logging_mixin.py:190} INFO - [2024-12-13T11:07:34.047+0000] {dag.py:3239} INFO - Sync 1 DAGs
[2024-12-13T11:07:34.139+0000] {logging_mixin.py:190} INFO - [2024-12-13T11:07:34.139+0000] {dag.py:4180} INFO - Setting next_dagrun for example_sla_dag to 2024-12-13 11:04:00+00:00, run_after=2024-12-13 11:06:00+00:00
[2024-12-13T11:07:34.187+0000] {processor.py:208} INFO - Processing /opt/bitnami/airflow/venv/lib/python3.12/site-packages/airflow/example_dags/example_sla_dag.py took 0.243 seconds
[2024-12-13T11:08:04.574+0000] {processor.py:186} INFO - Started process (PID=144) to work on /opt/bitnami/airflow/venv/lib/python3.12/site-packages/airflow/example_dags/example_sla_dag.py
[2024-12-13T11:08:04.575+0000] {processor.py:914} INFO - Processing file /opt/bitnami/airflow/venv/lib/python3.12/site-packages/airflow/example_dags/example_sla_dag.py for tasks to queue
[2024-12-13T11:08:04.577+0000] {logging_mixin.py:190} INFO - [2024-12-13T11:08:04.577+0000] {dagbag.py:588} INFO - Filling up the DagBag from /opt/bitnami/airflow/venv/lib/python3.12/site-packages/airflow/example_dags/example_sla_dag.py
[2024-12-13T11:08:04.584+0000] {processor.py:925} INFO - DAG(s) 'example_sla_dag' retrieved from /opt/bitnami/airflow/venv/lib/python3.12/site-packages/airflow/example_dags/example_sla_dag.py
[2024-12-13T11:08:04.627+0000] {logging_mixin.py:190} INFO - [2024-12-13T11:08:04.627+0000] {dag.py:3239} INFO - Sync 1 DAGs
[2024-12-13T11:08:04.662+0000] {logging_mixin.py:190} INFO - [2024-12-13T11:08:04.662+0000] {dag.py:4180} INFO - Setting next_dagrun for example_sla_dag to 2024-12-13 11:06:00+00:00, run_after=2024-12-13 11:08:00+00:00
[2024-12-13T11:08:04.686+0000] {processor.py:208} INFO - Processing /opt/bitnami/airflow/venv/lib/python3.12/site-packages/airflow/example_dags/example_sla_dag.py took 0.117 seconds
[2024-12-13T11:08:37.490+0000] {processor.py:186} INFO - Started process (PID=201) to work on /opt/bitnami/airflow/venv/lib/python3.12/site-packages/airflow/example_dags/example_sla_dag.py
[2024-12-13T11:08:37.491+0000] {processor.py:914} INFO - Processing file /opt/bitnami/airflow/venv/lib/python3.12/site-packages/airflow/example_dags/example_sla_dag.py for tasks to queue
[2024-12-13T11:08:37.495+0000] {logging_mixin.py:190} INFO - [2024-12-13T11:08:37.494+0000] {dagbag.py:588} INFO - Filling up the DagBag from /opt/bitnami/airflow/venv/lib/python3.12/site-packages/airflow/example_dags/example_sla_dag.py
[2024-12-13T11:08:37.509+0000] {processor.py:925} INFO - DAG(s) 'example_sla_dag' retrieved from /opt/bitnami/airflow/venv/lib/python3.12/site-packages/airflow/example_dags/example_sla_dag.py
[2024-12-13T11:08:37.625+0000] {logging_mixin.py:190} INFO - [2024-12-13T11:08:37.625+0000] {dag.py:3239} INFO - Sync 1 DAGs
[2024-12-13T11:08:37.663+0000] {logging_mixin.py:190} INFO - [2024-12-13T11:08:37.663+0000] {dag.py:4180} INFO - Setting next_dagrun for example_sla_dag to 2024-12-13 11:06:00+00:00, run_after=2024-12-13 11:08:00+00:00
[2024-12-13T11:08:37.701+0000] {processor.py:208} INFO - Processing /opt/bitnami/airflow/venv/lib/python3.12/site-packages/airflow/example_dags/example_sla_dag.py took 0.224 seconds
[2024-12-13T11:09:07.852+0000] {processor.py:186} INFO - Started process (PID=258) to work on /opt/bitnami/airflow/venv/lib/python3.12/site-packages/airflow/example_dags/example_sla_dag.py
[2024-12-13T11:09:07.853+0000] {processor.py:914} INFO - Processing file /opt/bitnami/airflow/venv/lib/python3.12/site-packages/airflow/example_dags/example_sla_dag.py for tasks to queue
[2024-12-13T11:09:07.855+0000] {logging_mixin.py:190} INFO - [2024-12-13T11:09:07.855+0000] {dagbag.py:588} INFO - Filling up the DagBag from /opt/bitnami/airflow/venv/lib/python3.12/site-packages/airflow/example_dags/example_sla_dag.py
[2024-12-13T11:09:07.861+0000] {processor.py:925} INFO - DAG(s) 'example_sla_dag' retrieved from /opt/bitnami/airflow/venv/lib/python3.12/site-packages/airflow/example_dags/example_sla_dag.py
[2024-12-13T11:09:07.956+0000] {logging_mixin.py:190} INFO - [2024-12-13T11:09:07.956+0000] {dag.py:3239} INFO - Sync 1 DAGs
[2024-12-13T11:09:08.012+0000] {logging_mixin.py:190} INFO - [2024-12-13T11:09:08.011+0000] {dag.py:4180} INFO - Setting next_dagrun for example_sla_dag to 2024-12-13 11:06:00+00:00, run_after=2024-12-13 11:08:00+00:00
[2024-12-13T11:09:08.048+0000] {processor.py:208} INFO - Processing /opt/bitnami/airflow/venv/lib/python3.12/site-packages/airflow/example_dags/example_sla_dag.py took 0.200 seconds
[2024-12-13T11:13:45.612+0000] {processor.py:186} INFO - Started process (PID=87) to work on /opt/bitnami/airflow/venv/lib/python3.12/site-packages/airflow/example_dags/example_sla_dag.py
[2024-12-13T11:13:45.614+0000] {processor.py:914} INFO - Processing file /opt/bitnami/airflow/venv/lib/python3.12/site-packages/airflow/example_dags/example_sla_dag.py for tasks to queue
[2024-12-13T11:13:45.618+0000] {logging_mixin.py:190} INFO - [2024-12-13T11:13:45.617+0000] {dagbag.py:588} INFO - Filling up the DagBag from /opt/bitnami/airflow/venv/lib/python3.12/site-packages/airflow/example_dags/example_sla_dag.py
[2024-12-13T11:13:45.631+0000] {processor.py:925} INFO - DAG(s) 'example_sla_dag' retrieved from /opt/bitnami/airflow/venv/lib/python3.12/site-packages/airflow/example_dags/example_sla_dag.py
[2024-12-13T11:13:45.678+0000] {logging_mixin.py:190} INFO - [2024-12-13T11:13:45.678+0000] {dag.py:3239} INFO - Sync 1 DAGs
[2024-12-13T11:13:45.726+0000] {logging_mixin.py:190} INFO - [2024-12-13T11:13:45.726+0000] {dag.py:4180} INFO - Setting next_dagrun for example_sla_dag to 2024-12-13 11:10:00+00:00, run_after=2024-12-13 11:12:00+00:00
[2024-12-13T11:13:45.755+0000] {processor.py:208} INFO - Processing /opt/bitnami/airflow/venv/lib/python3.12/site-packages/airflow/example_dags/example_sla_dag.py took 0.150 seconds
[2024-12-13T11:14:16.077+0000] {processor.py:186} INFO - Started process (PID=144) to work on /opt/bitnami/airflow/venv/lib/python3.12/site-packages/airflow/example_dags/example_sla_dag.py
[2024-12-13T11:14:16.078+0000] {processor.py:914} INFO - Processing file /opt/bitnami/airflow/venv/lib/python3.12/site-packages/airflow/example_dags/example_sla_dag.py for tasks to queue
[2024-12-13T11:14:16.082+0000] {logging_mixin.py:190} INFO - [2024-12-13T11:14:16.082+0000] {dagbag.py:588} INFO - Filling up the DagBag from /opt/bitnami/airflow/venv/lib/python3.12/site-packages/airflow/example_dags/example_sla_dag.py
[2024-12-13T11:14:16.090+0000] {processor.py:925} INFO - DAG(s) 'example_sla_dag' retrieved from /opt/bitnami/airflow/venv/lib/python3.12/site-packages/airflow/example_dags/example_sla_dag.py
[2024-12-13T11:14:16.146+0000] {logging_mixin.py:190} INFO - [2024-12-13T11:14:16.146+0000] {dag.py:3239} INFO - Sync 1 DAGs
[2024-12-13T11:14:16.186+0000] {logging_mixin.py:190} INFO - [2024-12-13T11:14:16.186+0000] {dag.py:4180} INFO - Setting next_dagrun for example_sla_dag to 2024-12-13 11:12:00+00:00, run_after=2024-12-13 11:14:00+00:00
[2024-12-13T11:14:16.210+0000] {processor.py:208} INFO - Processing /opt/bitnami/airflow/venv/lib/python3.12/site-packages/airflow/example_dags/example_sla_dag.py took 0.138 seconds
[2024-12-13T11:14:50.638+0000] {processor.py:186} INFO - Started process (PID=201) to work on /opt/bitnami/airflow/venv/lib/python3.12/site-packages/airflow/example_dags/example_sla_dag.py
[2024-12-13T11:14:50.639+0000] {processor.py:914} INFO - Processing file /opt/bitnami/airflow/venv/lib/python3.12/site-packages/airflow/example_dags/example_sla_dag.py for tasks to queue
[2024-12-13T11:14:50.642+0000] {logging_mixin.py:190} INFO - [2024-12-13T11:14:50.642+0000] {dagbag.py:588} INFO - Filling up the DagBag from /opt/bitnami/airflow/venv/lib/python3.12/site-packages/airflow/example_dags/example_sla_dag.py
[2024-12-13T11:14:50.650+0000] {processor.py:925} INFO - DAG(s) 'example_sla_dag' retrieved from /opt/bitnami/airflow/venv/lib/python3.12/site-packages/airflow/example_dags/example_sla_dag.py
[2024-12-13T11:14:50.783+0000] {logging_mixin.py:190} INFO - [2024-12-13T11:14:50.782+0000] {dag.py:3239} INFO - Sync 1 DAGs
[2024-12-13T11:14:50.844+0000] {logging_mixin.py:190} INFO - [2024-12-13T11:14:50.844+0000] {dag.py:4180} INFO - Setting next_dagrun for example_sla_dag to 2024-12-13 11:12:00+00:00, run_after=2024-12-13 11:14:00+00:00
[2024-12-13T11:14:50.892+0000] {processor.py:208} INFO - Processing /opt/bitnami/airflow/venv/lib/python3.12/site-packages/airflow/example_dags/example_sla_dag.py took 0.259 seconds
[2024-12-13T11:15:21.794+0000] {processor.py:186} INFO - Started process (PID=258) to work on /opt/bitnami/airflow/venv/lib/python3.12/site-packages/airflow/example_dags/example_sla_dag.py
[2024-12-13T11:15:21.795+0000] {processor.py:914} INFO - Processing file /opt/bitnami/airflow/venv/lib/python3.12/site-packages/airflow/example_dags/example_sla_dag.py for tasks to queue
[2024-12-13T11:15:21.798+0000] {logging_mixin.py:190} INFO - [2024-12-13T11:15:21.797+0000] {dagbag.py:588} INFO - Filling up the DagBag from /opt/bitnami/airflow/venv/lib/python3.12/site-packages/airflow/example_dags/example_sla_dag.py
[2024-12-13T11:15:21.805+0000] {processor.py:925} INFO - DAG(s) 'example_sla_dag' retrieved from /opt/bitnami/airflow/venv/lib/python3.12/site-packages/airflow/example_dags/example_sla_dag.py
[2024-12-13T11:15:21.889+0000] {logging_mixin.py:190} INFO - [2024-12-13T11:15:21.888+0000] {dag.py:3239} INFO - Sync 1 DAGs
[2024-12-13T11:15:21.941+0000] {logging_mixin.py:190} INFO - [2024-12-13T11:15:21.941+0000] {dag.py:4180} INFO - Setting next_dagrun for example_sla_dag to 2024-12-13 11:12:00+00:00, run_after=2024-12-13 11:14:00+00:00
[2024-12-13T11:15:21.988+0000] {processor.py:208} INFO - Processing /opt/bitnami/airflow/venv/lib/python3.12/site-packages/airflow/example_dags/example_sla_dag.py took 0.198 seconds
[2024-12-13T11:57:09.811+0000] {processor.py:186} INFO - Started process (PID=87) to work on /opt/bitnami/airflow/venv/lib/python3.12/site-packages/airflow/example_dags/example_sla_dag.py
[2024-12-13T11:57:09.812+0000] {processor.py:914} INFO - Processing file /opt/bitnami/airflow/venv/lib/python3.12/site-packages/airflow/example_dags/example_sla_dag.py for tasks to queue
[2024-12-13T11:57:09.814+0000] {logging_mixin.py:190} INFO - [2024-12-13T11:57:09.814+0000] {dagbag.py:588} INFO - Filling up the DagBag from /opt/bitnami/airflow/venv/lib/python3.12/site-packages/airflow/example_dags/example_sla_dag.py
[2024-12-13T11:57:09.820+0000] {processor.py:925} INFO - DAG(s) 'example_sla_dag' retrieved from /opt/bitnami/airflow/venv/lib/python3.12/site-packages/airflow/example_dags/example_sla_dag.py
[2024-12-13T11:57:09.846+0000] {logging_mixin.py:190} INFO - [2024-12-13T11:57:09.846+0000] {dag.py:3239} INFO - Sync 1 DAGs
[2024-12-13T11:57:09.873+0000] {logging_mixin.py:190} INFO - [2024-12-13T11:57:09.873+0000] {dag.py:4180} INFO - Setting next_dagrun for example_sla_dag to 2024-12-13 11:54:00+00:00, run_after=2024-12-13 11:56:00+00:00
[2024-12-13T11:57:09.890+0000] {processor.py:208} INFO - Processing /opt/bitnami/airflow/venv/lib/python3.12/site-packages/airflow/example_dags/example_sla_dag.py took 0.083 seconds
[2024-12-13T11:57:41.342+0000] {processor.py:186} INFO - Started process (PID=144) to work on /opt/bitnami/airflow/venv/lib/python3.12/site-packages/airflow/example_dags/example_sla_dag.py
[2024-12-13T11:57:41.344+0000] {processor.py:914} INFO - Processing file /opt/bitnami/airflow/venv/lib/python3.12/site-packages/airflow/example_dags/example_sla_dag.py for tasks to queue
[2024-12-13T11:57:41.346+0000] {logging_mixin.py:190} INFO - [2024-12-13T11:57:41.345+0000] {dagbag.py:588} INFO - Filling up the DagBag from /opt/bitnami/airflow/venv/lib/python3.12/site-packages/airflow/example_dags/example_sla_dag.py
[2024-12-13T11:57:41.352+0000] {processor.py:925} INFO - DAG(s) 'example_sla_dag' retrieved from /opt/bitnami/airflow/venv/lib/python3.12/site-packages/airflow/example_dags/example_sla_dag.py
[2024-12-13T11:57:41.389+0000] {logging_mixin.py:190} INFO - [2024-12-13T11:57:41.389+0000] {dag.py:3239} INFO - Sync 1 DAGs
[2024-12-13T11:57:41.435+0000] {logging_mixin.py:190} INFO - [2024-12-13T11:57:41.435+0000] {dag.py:4180} INFO - Setting next_dagrun for example_sla_dag to 2024-12-13 11:54:00+00:00, run_after=2024-12-13 11:56:00+00:00
[2024-12-13T11:57:41.458+0000] {processor.py:208} INFO - Processing /opt/bitnami/airflow/venv/lib/python3.12/site-packages/airflow/example_dags/example_sla_dag.py took 0.120 seconds
[2024-12-13T11:58:35.751+0000] {processor.py:186} INFO - Started process (PID=87) to work on /opt/bitnami/airflow/venv/lib/python3.12/site-packages/airflow/example_dags/example_sla_dag.py
[2024-12-13T11:58:35.752+0000] {processor.py:914} INFO - Processing file /opt/bitnami/airflow/venv/lib/python3.12/site-packages/airflow/example_dags/example_sla_dag.py for tasks to queue
[2024-12-13T11:58:35.753+0000] {logging_mixin.py:190} INFO - [2024-12-13T11:58:35.753+0000] {dagbag.py:588} INFO - Filling up the DagBag from /opt/bitnami/airflow/venv/lib/python3.12/site-packages/airflow/example_dags/example_sla_dag.py
[2024-12-13T11:58:35.760+0000] {processor.py:925} INFO - DAG(s) 'example_sla_dag' retrieved from /opt/bitnami/airflow/venv/lib/python3.12/site-packages/airflow/example_dags/example_sla_dag.py
[2024-12-13T11:58:35.788+0000] {logging_mixin.py:190} INFO - [2024-12-13T11:58:35.788+0000] {dag.py:3239} INFO - Sync 1 DAGs
[2024-12-13T11:58:35.820+0000] {logging_mixin.py:190} INFO - [2024-12-13T11:58:35.820+0000] {dag.py:4180} INFO - Setting next_dagrun for example_sla_dag to 2024-12-13 11:56:00+00:00, run_after=2024-12-13 11:58:00+00:00
[2024-12-13T11:58:35.843+0000] {processor.py:208} INFO - Processing /opt/bitnami/airflow/venv/lib/python3.12/site-packages/airflow/example_dags/example_sla_dag.py took 0.097 seconds
[2024-12-13T11:59:07.133+0000] {processor.py:186} INFO - Started process (PID=144) to work on /opt/bitnami/airflow/venv/lib/python3.12/site-packages/airflow/example_dags/example_sla_dag.py
[2024-12-13T11:59:07.134+0000] {processor.py:914} INFO - Processing file /opt/bitnami/airflow/venv/lib/python3.12/site-packages/airflow/example_dags/example_sla_dag.py for tasks to queue
[2024-12-13T11:59:07.137+0000] {logging_mixin.py:190} INFO - [2024-12-13T11:59:07.136+0000] {dagbag.py:588} INFO - Filling up the DagBag from /opt/bitnami/airflow/venv/lib/python3.12/site-packages/airflow/example_dags/example_sla_dag.py
[2024-12-13T11:59:07.145+0000] {processor.py:925} INFO - DAG(s) 'example_sla_dag' retrieved from /opt/bitnami/airflow/venv/lib/python3.12/site-packages/airflow/example_dags/example_sla_dag.py
[2024-12-13T11:59:07.184+0000] {logging_mixin.py:190} INFO - [2024-12-13T11:59:07.183+0000] {dag.py:3239} INFO - Sync 1 DAGs
[2024-12-13T11:59:07.226+0000] {logging_mixin.py:190} INFO - [2024-12-13T11:59:07.226+0000] {dag.py:4180} INFO - Setting next_dagrun for example_sla_dag to 2024-12-13 11:56:00+00:00, run_after=2024-12-13 11:58:00+00:00
[2024-12-13T11:59:07.256+0000] {processor.py:208} INFO - Processing /opt/bitnami/airflow/venv/lib/python3.12/site-packages/airflow/example_dags/example_sla_dag.py took 0.129 seconds
[2024-12-13T11:59:38.336+0000] {processor.py:186} INFO - Started process (PID=201) to work on /opt/bitnami/airflow/venv/lib/python3.12/site-packages/airflow/example_dags/example_sla_dag.py
[2024-12-13T11:59:38.337+0000] {processor.py:914} INFO - Processing file /opt/bitnami/airflow/venv/lib/python3.12/site-packages/airflow/example_dags/example_sla_dag.py for tasks to queue
[2024-12-13T11:59:38.340+0000] {logging_mixin.py:190} INFO - [2024-12-13T11:59:38.339+0000] {dagbag.py:588} INFO - Filling up the DagBag from /opt/bitnami/airflow/venv/lib/python3.12/site-packages/airflow/example_dags/example_sla_dag.py
[2024-12-13T11:59:38.347+0000] {processor.py:925} INFO - DAG(s) 'example_sla_dag' retrieved from /opt/bitnami/airflow/venv/lib/python3.12/site-packages/airflow/example_dags/example_sla_dag.py
[2024-12-13T11:59:38.432+0000] {logging_mixin.py:190} INFO - [2024-12-13T11:59:38.432+0000] {dag.py:3239} INFO - Sync 1 DAGs
[2024-12-13T11:59:38.463+0000] {logging_mixin.py:190} INFO - [2024-12-13T11:59:38.463+0000] {dag.py:4180} INFO - Setting next_dagrun for example_sla_dag to 2024-12-13 11:56:00+00:00, run_after=2024-12-13 11:58:00+00:00
[2024-12-13T11:59:38.485+0000] {processor.py:208} INFO - Processing /opt/bitnami/airflow/venv/lib/python3.12/site-packages/airflow/example_dags/example_sla_dag.py took 0.155 seconds
[2024-12-13T12:00:09.178+0000] {processor.py:186} INFO - Started process (PID=258) to work on /opt/bitnami/airflow/venv/lib/python3.12/site-packages/airflow/example_dags/example_sla_dag.py
[2024-12-13T12:00:09.179+0000] {processor.py:914} INFO - Processing file /opt/bitnami/airflow/venv/lib/python3.12/site-packages/airflow/example_dags/example_sla_dag.py for tasks to queue
[2024-12-13T12:00:09.181+0000] {logging_mixin.py:190} INFO - [2024-12-13T12:00:09.180+0000] {dagbag.py:588} INFO - Filling up the DagBag from /opt/bitnami/airflow/venv/lib/python3.12/site-packages/airflow/example_dags/example_sla_dag.py
[2024-12-13T12:00:09.189+0000] {processor.py:925} INFO - DAG(s) 'example_sla_dag' retrieved from /opt/bitnami/airflow/venv/lib/python3.12/site-packages/airflow/example_dags/example_sla_dag.py
[2024-12-13T12:00:09.223+0000] {logging_mixin.py:190} INFO - [2024-12-13T12:00:09.222+0000] {dag.py:3239} INFO - Sync 1 DAGs
[2024-12-13T12:00:09.248+0000] {logging_mixin.py:190} INFO - [2024-12-13T12:00:09.248+0000] {dag.py:4180} INFO - Setting next_dagrun for example_sla_dag to 2024-12-13 11:58:00+00:00, run_after=2024-12-13 12:00:00+00:00
[2024-12-13T12:00:09.265+0000] {processor.py:208} INFO - Processing /opt/bitnami/airflow/venv/lib/python3.12/site-packages/airflow/example_dags/example_sla_dag.py took 0.093 seconds
[2024-12-13T12:00:40.019+0000] {processor.py:186} INFO - Started process (PID=315) to work on /opt/bitnami/airflow/venv/lib/python3.12/site-packages/airflow/example_dags/example_sla_dag.py
[2024-12-13T12:00:40.020+0000] {processor.py:914} INFO - Processing file /opt/bitnami/airflow/venv/lib/python3.12/site-packages/airflow/example_dags/example_sla_dag.py for tasks to queue
[2024-12-13T12:00:40.022+0000] {logging_mixin.py:190} INFO - [2024-12-13T12:00:40.022+0000] {dagbag.py:588} INFO - Filling up the DagBag from /opt/bitnami/airflow/venv/lib/python3.12/site-packages/airflow/example_dags/example_sla_dag.py
[2024-12-13T12:00:40.029+0000] {processor.py:925} INFO - DAG(s) 'example_sla_dag' retrieved from /opt/bitnami/airflow/venv/lib/python3.12/site-packages/airflow/example_dags/example_sla_dag.py
[2024-12-13T12:00:40.062+0000] {logging_mixin.py:190} INFO - [2024-12-13T12:00:40.062+0000] {dag.py:3239} INFO - Sync 1 DAGs
[2024-12-13T12:00:40.090+0000] {logging_mixin.py:190} INFO - [2024-12-13T12:00:40.090+0000] {dag.py:4180} INFO - Setting next_dagrun for example_sla_dag to 2024-12-13 11:58:00+00:00, run_after=2024-12-13 12:00:00+00:00
[2024-12-13T12:00:40.107+0000] {processor.py:208} INFO - Processing /opt/bitnami/airflow/venv/lib/python3.12/site-packages/airflow/example_dags/example_sla_dag.py took 0.093 seconds
[2024-12-13T12:01:10.584+0000] {processor.py:186} INFO - Started process (PID=372) to work on /opt/bitnami/airflow/venv/lib/python3.12/site-packages/airflow/example_dags/example_sla_dag.py
[2024-12-13T12:01:10.585+0000] {processor.py:914} INFO - Processing file /opt/bitnami/airflow/venv/lib/python3.12/site-packages/airflow/example_dags/example_sla_dag.py for tasks to queue
[2024-12-13T12:01:10.587+0000] {logging_mixin.py:190} INFO - [2024-12-13T12:01:10.587+0000] {dagbag.py:588} INFO - Filling up the DagBag from /opt/bitnami/airflow/venv/lib/python3.12/site-packages/airflow/example_dags/example_sla_dag.py
[2024-12-13T12:01:10.594+0000] {processor.py:925} INFO - DAG(s) 'example_sla_dag' retrieved from /opt/bitnami/airflow/venv/lib/python3.12/site-packages/airflow/example_dags/example_sla_dag.py
[2024-12-13T12:01:10.621+0000] {logging_mixin.py:190} INFO - [2024-12-13T12:01:10.620+0000] {dag.py:3239} INFO - Sync 1 DAGs
[2024-12-13T12:01:10.648+0000] {logging_mixin.py:190} INFO - [2024-12-13T12:01:10.648+0000] {dag.py:4180} INFO - Setting next_dagrun for example_sla_dag to 2024-12-13 11:58:00+00:00, run_after=2024-12-13 12:00:00+00:00
[2024-12-13T12:01:10.668+0000] {processor.py:208} INFO - Processing /opt/bitnami/airflow/venv/lib/python3.12/site-packages/airflow/example_dags/example_sla_dag.py took 0.088 seconds
[2024-12-13T12:01:41.415+0000] {processor.py:186} INFO - Started process (PID=429) to work on /opt/bitnami/airflow/venv/lib/python3.12/site-packages/airflow/example_dags/example_sla_dag.py
[2024-12-13T12:01:41.416+0000] {processor.py:914} INFO - Processing file /opt/bitnami/airflow/venv/lib/python3.12/site-packages/airflow/example_dags/example_sla_dag.py for tasks to queue
[2024-12-13T12:01:41.418+0000] {logging_mixin.py:190} INFO - [2024-12-13T12:01:41.418+0000] {dagbag.py:588} INFO - Filling up the DagBag from /opt/bitnami/airflow/venv/lib/python3.12/site-packages/airflow/example_dags/example_sla_dag.py
[2024-12-13T12:01:41.425+0000] {processor.py:925} INFO - DAG(s) 'example_sla_dag' retrieved from /opt/bitnami/airflow/venv/lib/python3.12/site-packages/airflow/example_dags/example_sla_dag.py
[2024-12-13T12:01:41.455+0000] {logging_mixin.py:190} INFO - [2024-12-13T12:01:41.455+0000] {dag.py:3239} INFO - Sync 1 DAGs
[2024-12-13T12:01:41.488+0000] {logging_mixin.py:190} INFO - [2024-12-13T12:01:41.488+0000] {dag.py:4180} INFO - Setting next_dagrun for example_sla_dag to 2024-12-13 11:58:00+00:00, run_after=2024-12-13 12:00:00+00:00
[2024-12-13T12:01:41.505+0000] {processor.py:208} INFO - Processing /opt/bitnami/airflow/venv/lib/python3.12/site-packages/airflow/example_dags/example_sla_dag.py took 0.094 seconds
[2024-12-13T12:02:11.990+0000] {processor.py:186} INFO - Started process (PID=486) to work on /opt/bitnami/airflow/venv/lib/python3.12/site-packages/airflow/example_dags/example_sla_dag.py
[2024-12-13T12:02:11.991+0000] {processor.py:914} INFO - Processing file /opt/bitnami/airflow/venv/lib/python3.12/site-packages/airflow/example_dags/example_sla_dag.py for tasks to queue
[2024-12-13T12:02:11.993+0000] {logging_mixin.py:190} INFO - [2024-12-13T12:02:11.992+0000] {dagbag.py:588} INFO - Filling up the DagBag from /opt/bitnami/airflow/venv/lib/python3.12/site-packages/airflow/example_dags/example_sla_dag.py
[2024-12-13T12:02:11.999+0000] {processor.py:925} INFO - DAG(s) 'example_sla_dag' retrieved from /opt/bitnami/airflow/venv/lib/python3.12/site-packages/airflow/example_dags/example_sla_dag.py
[2024-12-13T12:02:12.035+0000] {logging_mixin.py:190} INFO - [2024-12-13T12:02:12.034+0000] {dag.py:3239} INFO - Sync 1 DAGs
[2024-12-13T12:02:12.063+0000] {logging_mixin.py:190} INFO - [2024-12-13T12:02:12.063+0000] {dag.py:4180} INFO - Setting next_dagrun for example_sla_dag to 2024-12-13 12:00:00+00:00, run_after=2024-12-13 12:02:00+00:00
[2024-12-13T12:02:12.086+0000] {processor.py:208} INFO - Processing /opt/bitnami/airflow/venv/lib/python3.12/site-packages/airflow/example_dags/example_sla_dag.py took 0.102 seconds
