[2024-12-13T08:19:42.661+0000] {processor.py:186} INFO - Started process (PID=44) to work on /opt/bitnami/airflow/venv/lib/python3.12/site-packages/airflow/example_dags/example_python_decorator.py
[2024-12-13T08:19:42.662+0000] {processor.py:914} INFO - Processing file /opt/bitnami/airflow/venv/lib/python3.12/site-packages/airflow/example_dags/example_python_decorator.py for tasks to queue
[2024-12-13T08:19:42.665+0000] {logging_mixin.py:190} INFO - [2024-12-13T08:19:42.665+0000] {dagbag.py:588} INFO - Filling up the DagBag from /opt/bitnami/airflow/venv/lib/python3.12/site-packages/airflow/example_dags/example_python_decorator.py
[2024-12-13T08:19:42.679+0000] {processor.py:925} INFO - DAG(s) 'example_python_decorator' retrieved from /opt/bitnami/airflow/venv/lib/python3.12/site-packages/airflow/example_dags/example_python_decorator.py
[2024-12-13T08:19:42.810+0000] {logging_mixin.py:190} INFO - [2024-12-13T08:19:42.810+0000] {dag.py:3239} INFO - Sync 1 DAGs
[2024-12-13T08:19:42.834+0000] {logging_mixin.py:190} INFO - [2024-12-13T08:19:42.833+0000] {dag.py:4180} INFO - Setting next_dagrun for example_python_decorator to None, run_after=None
[2024-12-13T08:19:42.864+0000] {processor.py:208} INFO - Processing /opt/bitnami/airflow/venv/lib/python3.12/site-packages/airflow/example_dags/example_python_decorator.py took 0.210 seconds
[2024-12-13T08:20:13.435+0000] {processor.py:186} INFO - Started process (PID=101) to work on /opt/bitnami/airflow/venv/lib/python3.12/site-packages/airflow/example_dags/example_python_decorator.py
[2024-12-13T08:20:13.436+0000] {processor.py:914} INFO - Processing file /opt/bitnami/airflow/venv/lib/python3.12/site-packages/airflow/example_dags/example_python_decorator.py for tasks to queue
[2024-12-13T08:20:13.438+0000] {logging_mixin.py:190} INFO - [2024-12-13T08:20:13.438+0000] {dagbag.py:588} INFO - Filling up the DagBag from /opt/bitnami/airflow/venv/lib/python3.12/site-packages/airflow/example_dags/example_python_decorator.py
[2024-12-13T08:20:13.450+0000] {processor.py:925} INFO - DAG(s) 'example_python_decorator' retrieved from /opt/bitnami/airflow/venv/lib/python3.12/site-packages/airflow/example_dags/example_python_decorator.py
[2024-12-13T08:20:13.499+0000] {logging_mixin.py:190} INFO - [2024-12-13T08:20:13.499+0000] {dag.py:3239} INFO - Sync 1 DAGs
[2024-12-13T08:20:13.526+0000] {logging_mixin.py:190} INFO - [2024-12-13T08:20:13.525+0000] {dag.py:4180} INFO - Setting next_dagrun for example_python_decorator to None, run_after=None
[2024-12-13T08:20:13.553+0000] {processor.py:208} INFO - Processing /opt/bitnami/airflow/venv/lib/python3.12/site-packages/airflow/example_dags/example_python_decorator.py took 0.124 seconds
[2024-12-13T08:20:43.612+0000] {processor.py:186} INFO - Started process (PID=158) to work on /opt/bitnami/airflow/venv/lib/python3.12/site-packages/airflow/example_dags/example_python_decorator.py
[2024-12-13T08:20:43.613+0000] {processor.py:914} INFO - Processing file /opt/bitnami/airflow/venv/lib/python3.12/site-packages/airflow/example_dags/example_python_decorator.py for tasks to queue
[2024-12-13T08:20:43.616+0000] {logging_mixin.py:190} INFO - [2024-12-13T08:20:43.615+0000] {dagbag.py:588} INFO - Filling up the DagBag from /opt/bitnami/airflow/venv/lib/python3.12/site-packages/airflow/example_dags/example_python_decorator.py
[2024-12-13T08:20:43.634+0000] {processor.py:925} INFO - DAG(s) 'example_python_decorator' retrieved from /opt/bitnami/airflow/venv/lib/python3.12/site-packages/airflow/example_dags/example_python_decorator.py
[2024-12-13T08:20:43.680+0000] {logging_mixin.py:190} INFO - [2024-12-13T08:20:43.679+0000] {dag.py:3239} INFO - Sync 1 DAGs
[2024-12-13T08:20:43.701+0000] {logging_mixin.py:190} INFO - [2024-12-13T08:20:43.701+0000] {dag.py:4180} INFO - Setting next_dagrun for example_python_decorator to None, run_after=None
[2024-12-13T08:20:43.725+0000] {processor.py:208} INFO - Processing /opt/bitnami/airflow/venv/lib/python3.12/site-packages/airflow/example_dags/example_python_decorator.py took 0.118 seconds
[2024-12-13T08:21:14.104+0000] {processor.py:186} INFO - Started process (PID=215) to work on /opt/bitnami/airflow/venv/lib/python3.12/site-packages/airflow/example_dags/example_python_decorator.py
[2024-12-13T08:21:14.105+0000] {processor.py:914} INFO - Processing file /opt/bitnami/airflow/venv/lib/python3.12/site-packages/airflow/example_dags/example_python_decorator.py for tasks to queue
[2024-12-13T08:21:14.107+0000] {logging_mixin.py:190} INFO - [2024-12-13T08:21:14.107+0000] {dagbag.py:588} INFO - Filling up the DagBag from /opt/bitnami/airflow/venv/lib/python3.12/site-packages/airflow/example_dags/example_python_decorator.py
[2024-12-13T08:21:14.119+0000] {processor.py:925} INFO - DAG(s) 'example_python_decorator' retrieved from /opt/bitnami/airflow/venv/lib/python3.12/site-packages/airflow/example_dags/example_python_decorator.py
[2024-12-13T08:21:14.225+0000] {logging_mixin.py:190} INFO - [2024-12-13T08:21:14.224+0000] {dag.py:3239} INFO - Sync 1 DAGs
[2024-12-13T08:21:14.243+0000] {logging_mixin.py:190} INFO - [2024-12-13T08:21:14.243+0000] {dag.py:4180} INFO - Setting next_dagrun for example_python_decorator to None, run_after=None
[2024-12-13T08:21:14.267+0000] {processor.py:208} INFO - Processing /opt/bitnami/airflow/venv/lib/python3.12/site-packages/airflow/example_dags/example_python_decorator.py took 0.169 seconds
[2024-12-13T08:21:45.251+0000] {processor.py:186} INFO - Started process (PID=272) to work on /opt/bitnami/airflow/venv/lib/python3.12/site-packages/airflow/example_dags/example_python_decorator.py
[2024-12-13T08:21:45.252+0000] {processor.py:914} INFO - Processing file /opt/bitnami/airflow/venv/lib/python3.12/site-packages/airflow/example_dags/example_python_decorator.py for tasks to queue
[2024-12-13T08:21:45.255+0000] {logging_mixin.py:190} INFO - [2024-12-13T08:21:45.254+0000] {dagbag.py:588} INFO - Filling up the DagBag from /opt/bitnami/airflow/venv/lib/python3.12/site-packages/airflow/example_dags/example_python_decorator.py
[2024-12-13T08:21:45.270+0000] {processor.py:925} INFO - DAG(s) 'example_python_decorator' retrieved from /opt/bitnami/airflow/venv/lib/python3.12/site-packages/airflow/example_dags/example_python_decorator.py
[2024-12-13T08:21:45.326+0000] {logging_mixin.py:190} INFO - [2024-12-13T08:21:45.324+0000] {dag.py:3239} INFO - Sync 1 DAGs
[2024-12-13T08:21:45.364+0000] {logging_mixin.py:190} INFO - [2024-12-13T08:21:45.364+0000] {dag.py:4180} INFO - Setting next_dagrun for example_python_decorator to None, run_after=None
[2024-12-13T08:21:45.406+0000] {processor.py:208} INFO - Processing /opt/bitnami/airflow/venv/lib/python3.12/site-packages/airflow/example_dags/example_python_decorator.py took 0.162 seconds
[2024-12-13T08:22:16.071+0000] {processor.py:186} INFO - Started process (PID=329) to work on /opt/bitnami/airflow/venv/lib/python3.12/site-packages/airflow/example_dags/example_python_decorator.py
[2024-12-13T08:22:16.075+0000] {processor.py:914} INFO - Processing file /opt/bitnami/airflow/venv/lib/python3.12/site-packages/airflow/example_dags/example_python_decorator.py for tasks to queue
[2024-12-13T08:22:16.085+0000] {logging_mixin.py:190} INFO - [2024-12-13T08:22:16.084+0000] {dagbag.py:588} INFO - Filling up the DagBag from /opt/bitnami/airflow/venv/lib/python3.12/site-packages/airflow/example_dags/example_python_decorator.py
[2024-12-13T08:22:16.119+0000] {processor.py:925} INFO - DAG(s) 'example_python_decorator' retrieved from /opt/bitnami/airflow/venv/lib/python3.12/site-packages/airflow/example_dags/example_python_decorator.py
[2024-12-13T08:22:16.188+0000] {logging_mixin.py:190} INFO - [2024-12-13T08:22:16.187+0000] {dag.py:3239} INFO - Sync 1 DAGs
[2024-12-13T08:22:16.226+0000] {logging_mixin.py:190} INFO - [2024-12-13T08:22:16.225+0000] {dag.py:4180} INFO - Setting next_dagrun for example_python_decorator to None, run_after=None
[2024-12-13T08:22:16.264+0000] {processor.py:208} INFO - Processing /opt/bitnami/airflow/venv/lib/python3.12/site-packages/airflow/example_dags/example_python_decorator.py took 0.209 seconds
[2024-12-13T08:22:47.273+0000] {processor.py:186} INFO - Started process (PID=386) to work on /opt/bitnami/airflow/venv/lib/python3.12/site-packages/airflow/example_dags/example_python_decorator.py
[2024-12-13T08:22:47.274+0000] {processor.py:914} INFO - Processing file /opt/bitnami/airflow/venv/lib/python3.12/site-packages/airflow/example_dags/example_python_decorator.py for tasks to queue
[2024-12-13T08:22:47.276+0000] {logging_mixin.py:190} INFO - [2024-12-13T08:22:47.276+0000] {dagbag.py:588} INFO - Filling up the DagBag from /opt/bitnami/airflow/venv/lib/python3.12/site-packages/airflow/example_dags/example_python_decorator.py
[2024-12-13T08:22:47.286+0000] {processor.py:925} INFO - DAG(s) 'example_python_decorator' retrieved from /opt/bitnami/airflow/venv/lib/python3.12/site-packages/airflow/example_dags/example_python_decorator.py
[2024-12-13T08:22:47.318+0000] {logging_mixin.py:190} INFO - [2024-12-13T08:22:47.317+0000] {dag.py:3239} INFO - Sync 1 DAGs
[2024-12-13T08:22:47.335+0000] {logging_mixin.py:190} INFO - [2024-12-13T08:22:47.335+0000] {dag.py:4180} INFO - Setting next_dagrun for example_python_decorator to None, run_after=None
[2024-12-13T08:22:47.354+0000] {processor.py:208} INFO - Processing /opt/bitnami/airflow/venv/lib/python3.12/site-packages/airflow/example_dags/example_python_decorator.py took 0.084 seconds
[2024-12-13T08:25:43.830+0000] {processor.py:186} INFO - Started process (PID=44) to work on /opt/bitnami/airflow/venv/lib/python3.12/site-packages/airflow/example_dags/example_python_decorator.py
[2024-12-13T08:25:43.831+0000] {processor.py:914} INFO - Processing file /opt/bitnami/airflow/venv/lib/python3.12/site-packages/airflow/example_dags/example_python_decorator.py for tasks to queue
[2024-12-13T08:25:43.833+0000] {logging_mixin.py:190} INFO - [2024-12-13T08:25:43.833+0000] {dagbag.py:588} INFO - Filling up the DagBag from /opt/bitnami/airflow/venv/lib/python3.12/site-packages/airflow/example_dags/example_python_decorator.py
[2024-12-13T08:25:43.844+0000] {processor.py:925} INFO - DAG(s) 'example_python_decorator' retrieved from /opt/bitnami/airflow/venv/lib/python3.12/site-packages/airflow/example_dags/example_python_decorator.py
[2024-12-13T08:25:43.950+0000] {logging_mixin.py:190} INFO - [2024-12-13T08:25:43.950+0000] {dag.py:3239} INFO - Sync 1 DAGs
[2024-12-13T08:25:43.975+0000] {logging_mixin.py:190} INFO - [2024-12-13T08:25:43.975+0000] {dag.py:4180} INFO - Setting next_dagrun for example_python_decorator to None, run_after=None
[2024-12-13T08:25:44.022+0000] {processor.py:208} INFO - Processing /opt/bitnami/airflow/venv/lib/python3.12/site-packages/airflow/example_dags/example_python_decorator.py took 0.196 seconds
[2024-12-13T08:26:14.738+0000] {processor.py:186} INFO - Started process (PID=101) to work on /opt/bitnami/airflow/venv/lib/python3.12/site-packages/airflow/example_dags/example_python_decorator.py
[2024-12-13T08:26:14.739+0000] {processor.py:914} INFO - Processing file /opt/bitnami/airflow/venv/lib/python3.12/site-packages/airflow/example_dags/example_python_decorator.py for tasks to queue
[2024-12-13T08:26:14.741+0000] {logging_mixin.py:190} INFO - [2024-12-13T08:26:14.740+0000] {dagbag.py:588} INFO - Filling up the DagBag from /opt/bitnami/airflow/venv/lib/python3.12/site-packages/airflow/example_dags/example_python_decorator.py
[2024-12-13T08:26:14.750+0000] {processor.py:925} INFO - DAG(s) 'example_python_decorator' retrieved from /opt/bitnami/airflow/venv/lib/python3.12/site-packages/airflow/example_dags/example_python_decorator.py
[2024-12-13T08:26:14.778+0000] {logging_mixin.py:190} INFO - [2024-12-13T08:26:14.778+0000] {dag.py:3239} INFO - Sync 1 DAGs
[2024-12-13T08:26:14.794+0000] {logging_mixin.py:190} INFO - [2024-12-13T08:26:14.793+0000] {dag.py:4180} INFO - Setting next_dagrun for example_python_decorator to None, run_after=None
[2024-12-13T08:26:14.811+0000] {processor.py:208} INFO - Processing /opt/bitnami/airflow/venv/lib/python3.12/site-packages/airflow/example_dags/example_python_decorator.py took 0.077 seconds
[2024-12-13T08:26:45.557+0000] {processor.py:186} INFO - Started process (PID=158) to work on /opt/bitnami/airflow/venv/lib/python3.12/site-packages/airflow/example_dags/example_python_decorator.py
[2024-12-13T08:26:45.558+0000] {processor.py:914} INFO - Processing file /opt/bitnami/airflow/venv/lib/python3.12/site-packages/airflow/example_dags/example_python_decorator.py for tasks to queue
[2024-12-13T08:26:45.560+0000] {logging_mixin.py:190} INFO - [2024-12-13T08:26:45.560+0000] {dagbag.py:588} INFO - Filling up the DagBag from /opt/bitnami/airflow/venv/lib/python3.12/site-packages/airflow/example_dags/example_python_decorator.py
[2024-12-13T08:26:45.571+0000] {processor.py:925} INFO - DAG(s) 'example_python_decorator' retrieved from /opt/bitnami/airflow/venv/lib/python3.12/site-packages/airflow/example_dags/example_python_decorator.py
[2024-12-13T08:26:45.664+0000] {logging_mixin.py:190} INFO - [2024-12-13T08:26:45.663+0000] {dag.py:3239} INFO - Sync 1 DAGs
[2024-12-13T08:26:45.681+0000] {logging_mixin.py:190} INFO - [2024-12-13T08:26:45.681+0000] {dag.py:4180} INFO - Setting next_dagrun for example_python_decorator to None, run_after=None
[2024-12-13T08:26:45.705+0000] {processor.py:208} INFO - Processing /opt/bitnami/airflow/venv/lib/python3.12/site-packages/airflow/example_dags/example_python_decorator.py took 0.154 seconds
[2024-12-13T08:27:15.797+0000] {processor.py:186} INFO - Started process (PID=215) to work on /opt/bitnami/airflow/venv/lib/python3.12/site-packages/airflow/example_dags/example_python_decorator.py
[2024-12-13T08:27:15.798+0000] {processor.py:914} INFO - Processing file /opt/bitnami/airflow/venv/lib/python3.12/site-packages/airflow/example_dags/example_python_decorator.py for tasks to queue
[2024-12-13T08:27:15.800+0000] {logging_mixin.py:190} INFO - [2024-12-13T08:27:15.800+0000] {dagbag.py:588} INFO - Filling up the DagBag from /opt/bitnami/airflow/venv/lib/python3.12/site-packages/airflow/example_dags/example_python_decorator.py
[2024-12-13T08:27:15.810+0000] {processor.py:925} INFO - DAG(s) 'example_python_decorator' retrieved from /opt/bitnami/airflow/venv/lib/python3.12/site-packages/airflow/example_dags/example_python_decorator.py
[2024-12-13T08:27:15.840+0000] {logging_mixin.py:190} INFO - [2024-12-13T08:27:15.840+0000] {dag.py:3239} INFO - Sync 1 DAGs
[2024-12-13T08:27:15.857+0000] {logging_mixin.py:190} INFO - [2024-12-13T08:27:15.857+0000] {dag.py:4180} INFO - Setting next_dagrun for example_python_decorator to None, run_after=None
[2024-12-13T08:27:15.875+0000] {processor.py:208} INFO - Processing /opt/bitnami/airflow/venv/lib/python3.12/site-packages/airflow/example_dags/example_python_decorator.py took 0.082 seconds
[2024-12-13T10:42:33.696+0000] {processor.py:186} INFO - Started process (PID=44) to work on /opt/bitnami/airflow/venv/lib/python3.12/site-packages/airflow/example_dags/example_python_decorator.py
[2024-12-13T10:42:33.699+0000] {processor.py:914} INFO - Processing file /opt/bitnami/airflow/venv/lib/python3.12/site-packages/airflow/example_dags/example_python_decorator.py for tasks to queue
[2024-12-13T10:42:33.703+0000] {logging_mixin.py:190} INFO - [2024-12-13T10:42:33.702+0000] {dagbag.py:588} INFO - Filling up the DagBag from /opt/bitnami/airflow/venv/lib/python3.12/site-packages/airflow/example_dags/example_python_decorator.py
[2024-12-13T10:42:33.731+0000] {processor.py:925} INFO - DAG(s) 'example_python_decorator' retrieved from /opt/bitnami/airflow/venv/lib/python3.12/site-packages/airflow/example_dags/example_python_decorator.py
[2024-12-13T10:42:33.951+0000] {logging_mixin.py:190} INFO - [2024-12-13T10:42:33.950+0000] {override.py:1900} INFO - Created Permission View: can read on DAG:example_python_decorator
[2024-12-13T10:42:33.959+0000] {logging_mixin.py:190} INFO - [2024-12-13T10:42:33.959+0000] {override.py:1748} ERROR - Add Permission: (psycopg2.errors.UniqueViolation) duplicate key value violates unique constraint "ab_permission_name_uq"
DETAIL:  Key (name)=(can_delete) already exists.

[SQL: INSERT INTO ab_permission (name) VALUES (%(name)s) RETURNING ab_permission.id]
[parameters: {'name': 'can_delete'}]
(Background on this error at: https://sqlalche.me/e/14/gkpj)
[2024-12-13T10:42:33.965+0000] {logging_mixin.py:190} INFO - [2024-12-13T10:42:33.965+0000] {override.py:1900} INFO - Created Permission View: None on DAG:example_python_decorator
[2024-12-13T10:42:33.982+0000] {logging_mixin.py:190} INFO - [2024-12-13T10:42:33.982+0000] {override.py:1900} INFO - Created Permission View: can edit on DAG:example_python_decorator
[2024-12-13T10:42:33.996+0000] {logging_mixin.py:190} INFO - [2024-12-13T10:42:33.995+0000] {override.py:1900} INFO - Created Permission View: can delete on DAG Run:example_python_decorator
[2024-12-13T10:42:34.008+0000] {logging_mixin.py:190} INFO - [2024-12-13T10:42:34.008+0000] {override.py:1900} INFO - Created Permission View: can read on DAG Run:example_python_decorator
[2024-12-13T10:42:34.020+0000] {logging_mixin.py:190} INFO - [2024-12-13T10:42:34.020+0000] {override.py:1900} INFO - Created Permission View: can create on DAG Run:example_python_decorator
[2024-12-13T10:42:34.030+0000] {logging_mixin.py:190} INFO - [2024-12-13T10:42:34.029+0000] {override.py:1900} INFO - Created Permission View: menu access on DAG Run:example_python_decorator
[2024-12-13T10:42:34.031+0000] {logging_mixin.py:190} INFO - [2024-12-13T10:42:34.031+0000] {dag.py:3239} INFO - Sync 1 DAGs
[2024-12-13T10:42:34.064+0000] {logging_mixin.py:190} INFO - [2024-12-13T10:42:34.063+0000] {dag.py:3262} INFO - Creating ORM DAG for example_python_decorator
[2024-12-13T10:42:34.065+0000] {logging_mixin.py:190} INFO - [2024-12-13T10:42:34.065+0000] {dag.py:4180} INFO - Setting next_dagrun for example_python_decorator to None, run_after=None
[2024-12-13T10:42:34.111+0000] {processor.py:208} INFO - Processing /opt/bitnami/airflow/venv/lib/python3.12/site-packages/airflow/example_dags/example_python_decorator.py took 0.421 seconds
[2024-12-13T10:43:04.763+0000] {processor.py:186} INFO - Started process (PID=101) to work on /opt/bitnami/airflow/venv/lib/python3.12/site-packages/airflow/example_dags/example_python_decorator.py
[2024-12-13T10:43:04.764+0000] {processor.py:914} INFO - Processing file /opt/bitnami/airflow/venv/lib/python3.12/site-packages/airflow/example_dags/example_python_decorator.py for tasks to queue
[2024-12-13T10:43:04.767+0000] {logging_mixin.py:190} INFO - [2024-12-13T10:43:04.767+0000] {dagbag.py:588} INFO - Filling up the DagBag from /opt/bitnami/airflow/venv/lib/python3.12/site-packages/airflow/example_dags/example_python_decorator.py
[2024-12-13T10:43:04.780+0000] {processor.py:925} INFO - DAG(s) 'example_python_decorator' retrieved from /opt/bitnami/airflow/venv/lib/python3.12/site-packages/airflow/example_dags/example_python_decorator.py
[2024-12-13T10:43:04.855+0000] {logging_mixin.py:190} INFO - [2024-12-13T10:43:04.854+0000] {dag.py:3239} INFO - Sync 1 DAGs
[2024-12-13T10:43:04.901+0000] {logging_mixin.py:190} INFO - [2024-12-13T10:43:04.901+0000] {dag.py:4180} INFO - Setting next_dagrun for example_python_decorator to None, run_after=None
[2024-12-13T10:43:04.948+0000] {processor.py:208} INFO - Processing /opt/bitnami/airflow/venv/lib/python3.12/site-packages/airflow/example_dags/example_python_decorator.py took 0.190 seconds
[2024-12-13T10:43:35.124+0000] {processor.py:186} INFO - Started process (PID=158) to work on /opt/bitnami/airflow/venv/lib/python3.12/site-packages/airflow/example_dags/example_python_decorator.py
[2024-12-13T10:43:35.125+0000] {processor.py:914} INFO - Processing file /opt/bitnami/airflow/venv/lib/python3.12/site-packages/airflow/example_dags/example_python_decorator.py for tasks to queue
[2024-12-13T10:43:35.129+0000] {logging_mixin.py:190} INFO - [2024-12-13T10:43:35.128+0000] {dagbag.py:588} INFO - Filling up the DagBag from /opt/bitnami/airflow/venv/lib/python3.12/site-packages/airflow/example_dags/example_python_decorator.py
[2024-12-13T10:43:35.144+0000] {processor.py:925} INFO - DAG(s) 'example_python_decorator' retrieved from /opt/bitnami/airflow/venv/lib/python3.12/site-packages/airflow/example_dags/example_python_decorator.py
[2024-12-13T10:43:35.239+0000] {logging_mixin.py:190} INFO - [2024-12-13T10:43:35.239+0000] {dag.py:3239} INFO - Sync 1 DAGs
[2024-12-13T10:43:35.277+0000] {logging_mixin.py:190} INFO - [2024-12-13T10:43:35.277+0000] {dag.py:4180} INFO - Setting next_dagrun for example_python_decorator to None, run_after=None
[2024-12-13T10:43:35.336+0000] {processor.py:208} INFO - Processing /opt/bitnami/airflow/venv/lib/python3.12/site-packages/airflow/example_dags/example_python_decorator.py took 0.217 seconds
[2024-12-13T10:44:05.807+0000] {processor.py:186} INFO - Started process (PID=215) to work on /opt/bitnami/airflow/venv/lib/python3.12/site-packages/airflow/example_dags/example_python_decorator.py
[2024-12-13T10:44:05.808+0000] {processor.py:914} INFO - Processing file /opt/bitnami/airflow/venv/lib/python3.12/site-packages/airflow/example_dags/example_python_decorator.py for tasks to queue
[2024-12-13T10:44:05.812+0000] {logging_mixin.py:190} INFO - [2024-12-13T10:44:05.811+0000] {dagbag.py:588} INFO - Filling up the DagBag from /opt/bitnami/airflow/venv/lib/python3.12/site-packages/airflow/example_dags/example_python_decorator.py
[2024-12-13T10:44:05.831+0000] {processor.py:925} INFO - DAG(s) 'example_python_decorator' retrieved from /opt/bitnami/airflow/venv/lib/python3.12/site-packages/airflow/example_dags/example_python_decorator.py
[2024-12-13T10:44:06.005+0000] {logging_mixin.py:190} INFO - [2024-12-13T10:44:06.004+0000] {override.py:1900} INFO - Created Permission View: can delete on DAG:example_python_decorator
[2024-12-13T10:44:06.030+0000] {logging_mixin.py:190} INFO - [2024-12-13T10:44:06.028+0000] {dag.py:3239} INFO - Sync 1 DAGs
[2024-12-13T10:44:06.067+0000] {logging_mixin.py:190} INFO - [2024-12-13T10:44:06.067+0000] {dag.py:4180} INFO - Setting next_dagrun for example_python_decorator to None, run_after=None
[2024-12-13T10:44:06.107+0000] {processor.py:208} INFO - Processing /opt/bitnami/airflow/venv/lib/python3.12/site-packages/airflow/example_dags/example_python_decorator.py took 0.309 seconds
[2024-12-13T10:44:36.300+0000] {processor.py:186} INFO - Started process (PID=272) to work on /opt/bitnami/airflow/venv/lib/python3.12/site-packages/airflow/example_dags/example_python_decorator.py
[2024-12-13T10:44:36.302+0000] {processor.py:914} INFO - Processing file /opt/bitnami/airflow/venv/lib/python3.12/site-packages/airflow/example_dags/example_python_decorator.py for tasks to queue
[2024-12-13T10:44:36.304+0000] {logging_mixin.py:190} INFO - [2024-12-13T10:44:36.304+0000] {dagbag.py:588} INFO - Filling up the DagBag from /opt/bitnami/airflow/venv/lib/python3.12/site-packages/airflow/example_dags/example_python_decorator.py
[2024-12-13T10:44:36.318+0000] {processor.py:925} INFO - DAG(s) 'example_python_decorator' retrieved from /opt/bitnami/airflow/venv/lib/python3.12/site-packages/airflow/example_dags/example_python_decorator.py
[2024-12-13T10:44:36.397+0000] {logging_mixin.py:190} INFO - [2024-12-13T10:44:36.396+0000] {dag.py:3239} INFO - Sync 1 DAGs
[2024-12-13T10:44:36.435+0000] {logging_mixin.py:190} INFO - [2024-12-13T10:44:36.435+0000] {dag.py:4180} INFO - Setting next_dagrun for example_python_decorator to None, run_after=None
[2024-12-13T10:44:36.469+0000] {processor.py:208} INFO - Processing /opt/bitnami/airflow/venv/lib/python3.12/site-packages/airflow/example_dags/example_python_decorator.py took 0.175 seconds
[2024-12-13T10:52:07.358+0000] {processor.py:186} INFO - Started process (PID=44) to work on /opt/bitnami/airflow/venv/lib/python3.12/site-packages/airflow/example_dags/example_python_decorator.py
[2024-12-13T10:52:07.359+0000] {processor.py:914} INFO - Processing file /opt/bitnami/airflow/venv/lib/python3.12/site-packages/airflow/example_dags/example_python_decorator.py for tasks to queue
[2024-12-13T10:52:07.362+0000] {logging_mixin.py:190} INFO - [2024-12-13T10:52:07.362+0000] {dagbag.py:588} INFO - Filling up the DagBag from /opt/bitnami/airflow/venv/lib/python3.12/site-packages/airflow/example_dags/example_python_decorator.py
[2024-12-13T10:52:07.380+0000] {processor.py:925} INFO - DAG(s) 'example_python_decorator' retrieved from /opt/bitnami/airflow/venv/lib/python3.12/site-packages/airflow/example_dags/example_python_decorator.py
[2024-12-13T10:52:07.489+0000] {logging_mixin.py:190} INFO - [2024-12-13T10:52:07.487+0000] {override.py:1900} INFO - Created Permission View: can read on DAG:example_python_decorator
[2024-12-13T10:52:07.509+0000] {logging_mixin.py:190} INFO - [2024-12-13T10:52:07.508+0000] {override.py:1900} INFO - Created Permission View: can delete on DAG:example_python_decorator
[2024-12-13T10:52:07.520+0000] {logging_mixin.py:190} INFO - [2024-12-13T10:52:07.520+0000] {override.py:1900} INFO - Created Permission View: can edit on DAG:example_python_decorator
[2024-12-13T10:52:07.532+0000] {logging_mixin.py:190} INFO - [2024-12-13T10:52:07.531+0000] {override.py:1900} INFO - Created Permission View: menu access on DAG Run:example_python_decorator
[2024-12-13T10:52:07.543+0000] {logging_mixin.py:190} INFO - [2024-12-13T10:52:07.543+0000] {override.py:1900} INFO - Created Permission View: can read on DAG Run:example_python_decorator
[2024-12-13T10:52:07.554+0000] {logging_mixin.py:190} INFO - [2024-12-13T10:52:07.553+0000] {override.py:1900} INFO - Created Permission View: can delete on DAG Run:example_python_decorator
[2024-12-13T10:52:07.573+0000] {logging_mixin.py:190} INFO - [2024-12-13T10:52:07.571+0000] {override.py:1900} INFO - Created Permission View: can create on DAG Run:example_python_decorator
[2024-12-13T10:52:07.575+0000] {logging_mixin.py:190} INFO - [2024-12-13T10:52:07.574+0000] {dag.py:3239} INFO - Sync 1 DAGs
[2024-12-13T10:52:07.607+0000] {logging_mixin.py:190} INFO - [2024-12-13T10:52:07.607+0000] {dag.py:3262} INFO - Creating ORM DAG for example_python_decorator
[2024-12-13T10:52:07.609+0000] {logging_mixin.py:190} INFO - [2024-12-13T10:52:07.608+0000] {dag.py:4180} INFO - Setting next_dagrun for example_python_decorator to None, run_after=None
[2024-12-13T10:52:07.654+0000] {processor.py:208} INFO - Processing /opt/bitnami/airflow/venv/lib/python3.12/site-packages/airflow/example_dags/example_python_decorator.py took 0.302 seconds
[2024-12-13T10:52:38.654+0000] {processor.py:186} INFO - Started process (PID=101) to work on /opt/bitnami/airflow/venv/lib/python3.12/site-packages/airflow/example_dags/example_python_decorator.py
[2024-12-13T10:52:38.656+0000] {processor.py:914} INFO - Processing file /opt/bitnami/airflow/venv/lib/python3.12/site-packages/airflow/example_dags/example_python_decorator.py for tasks to queue
[2024-12-13T10:52:38.658+0000] {logging_mixin.py:190} INFO - [2024-12-13T10:52:38.658+0000] {dagbag.py:588} INFO - Filling up the DagBag from /opt/bitnami/airflow/venv/lib/python3.12/site-packages/airflow/example_dags/example_python_decorator.py
[2024-12-13T10:52:38.670+0000] {processor.py:925} INFO - DAG(s) 'example_python_decorator' retrieved from /opt/bitnami/airflow/venv/lib/python3.12/site-packages/airflow/example_dags/example_python_decorator.py
[2024-12-13T10:52:38.761+0000] {logging_mixin.py:190} INFO - [2024-12-13T10:52:38.761+0000] {dag.py:3239} INFO - Sync 1 DAGs
[2024-12-13T10:52:38.792+0000] {logging_mixin.py:190} INFO - [2024-12-13T10:52:38.792+0000] {dag.py:4180} INFO - Setting next_dagrun for example_python_decorator to None, run_after=None
[2024-12-13T10:52:38.821+0000] {processor.py:208} INFO - Processing /opt/bitnami/airflow/venv/lib/python3.12/site-packages/airflow/example_dags/example_python_decorator.py took 0.171 seconds
[2024-12-13T10:53:09.602+0000] {processor.py:186} INFO - Started process (PID=158) to work on /opt/bitnami/airflow/venv/lib/python3.12/site-packages/airflow/example_dags/example_python_decorator.py
[2024-12-13T10:53:09.604+0000] {processor.py:914} INFO - Processing file /opt/bitnami/airflow/venv/lib/python3.12/site-packages/airflow/example_dags/example_python_decorator.py for tasks to queue
[2024-12-13T10:53:09.611+0000] {logging_mixin.py:190} INFO - [2024-12-13T10:53:09.610+0000] {dagbag.py:588} INFO - Filling up the DagBag from /opt/bitnami/airflow/venv/lib/python3.12/site-packages/airflow/example_dags/example_python_decorator.py
[2024-12-13T10:53:09.630+0000] {processor.py:925} INFO - DAG(s) 'example_python_decorator' retrieved from /opt/bitnami/airflow/venv/lib/python3.12/site-packages/airflow/example_dags/example_python_decorator.py
[2024-12-13T10:53:09.830+0000] {logging_mixin.py:190} INFO - [2024-12-13T10:53:09.829+0000] {dag.py:3239} INFO - Sync 1 DAGs
[2024-12-13T10:53:09.865+0000] {logging_mixin.py:190} INFO - [2024-12-13T10:53:09.865+0000] {dag.py:4180} INFO - Setting next_dagrun for example_python_decorator to None, run_after=None
[2024-12-13T10:53:09.930+0000] {processor.py:208} INFO - Processing /opt/bitnami/airflow/venv/lib/python3.12/site-packages/airflow/example_dags/example_python_decorator.py took 0.334 seconds
[2024-12-13T10:53:40.023+0000] {processor.py:186} INFO - Started process (PID=215) to work on /opt/bitnami/airflow/venv/lib/python3.12/site-packages/airflow/example_dags/example_python_decorator.py
[2024-12-13T10:53:40.025+0000] {processor.py:914} INFO - Processing file /opt/bitnami/airflow/venv/lib/python3.12/site-packages/airflow/example_dags/example_python_decorator.py for tasks to queue
[2024-12-13T10:53:40.028+0000] {logging_mixin.py:190} INFO - [2024-12-13T10:53:40.028+0000] {dagbag.py:588} INFO - Filling up the DagBag from /opt/bitnami/airflow/venv/lib/python3.12/site-packages/airflow/example_dags/example_python_decorator.py
[2024-12-13T10:53:40.041+0000] {processor.py:925} INFO - DAG(s) 'example_python_decorator' retrieved from /opt/bitnami/airflow/venv/lib/python3.12/site-packages/airflow/example_dags/example_python_decorator.py
[2024-12-13T10:53:40.116+0000] {logging_mixin.py:190} INFO - [2024-12-13T10:53:40.115+0000] {dag.py:3239} INFO - Sync 1 DAGs
[2024-12-13T10:53:40.150+0000] {logging_mixin.py:190} INFO - [2024-12-13T10:53:40.149+0000] {dag.py:4180} INFO - Setting next_dagrun for example_python_decorator to None, run_after=None
[2024-12-13T10:53:40.191+0000] {processor.py:208} INFO - Processing /opt/bitnami/airflow/venv/lib/python3.12/site-packages/airflow/example_dags/example_python_decorator.py took 0.172 seconds
[2024-12-13T10:54:11.148+0000] {processor.py:186} INFO - Started process (PID=272) to work on /opt/bitnami/airflow/venv/lib/python3.12/site-packages/airflow/example_dags/example_python_decorator.py
[2024-12-13T10:54:11.149+0000] {processor.py:914} INFO - Processing file /opt/bitnami/airflow/venv/lib/python3.12/site-packages/airflow/example_dags/example_python_decorator.py for tasks to queue
[2024-12-13T10:54:11.150+0000] {logging_mixin.py:190} INFO - [2024-12-13T10:54:11.150+0000] {dagbag.py:588} INFO - Filling up the DagBag from /opt/bitnami/airflow/venv/lib/python3.12/site-packages/airflow/example_dags/example_python_decorator.py
[2024-12-13T10:54:11.163+0000] {processor.py:925} INFO - DAG(s) 'example_python_decorator' retrieved from /opt/bitnami/airflow/venv/lib/python3.12/site-packages/airflow/example_dags/example_python_decorator.py
[2024-12-13T10:54:11.238+0000] {logging_mixin.py:190} INFO - [2024-12-13T10:54:11.237+0000] {dag.py:3239} INFO - Sync 1 DAGs
[2024-12-13T10:54:11.268+0000] {logging_mixin.py:190} INFO - [2024-12-13T10:54:11.267+0000] {dag.py:4180} INFO - Setting next_dagrun for example_python_decorator to None, run_after=None
[2024-12-13T10:54:11.296+0000] {processor.py:208} INFO - Processing /opt/bitnami/airflow/venv/lib/python3.12/site-packages/airflow/example_dags/example_python_decorator.py took 0.153 seconds
[2024-12-13T10:54:41.776+0000] {processor.py:186} INFO - Started process (PID=329) to work on /opt/bitnami/airflow/venv/lib/python3.12/site-packages/airflow/example_dags/example_python_decorator.py
[2024-12-13T10:54:41.777+0000] {processor.py:914} INFO - Processing file /opt/bitnami/airflow/venv/lib/python3.12/site-packages/airflow/example_dags/example_python_decorator.py for tasks to queue
[2024-12-13T10:54:41.780+0000] {logging_mixin.py:190} INFO - [2024-12-13T10:54:41.780+0000] {dagbag.py:588} INFO - Filling up the DagBag from /opt/bitnami/airflow/venv/lib/python3.12/site-packages/airflow/example_dags/example_python_decorator.py
[2024-12-13T10:54:41.793+0000] {processor.py:925} INFO - DAG(s) 'example_python_decorator' retrieved from /opt/bitnami/airflow/venv/lib/python3.12/site-packages/airflow/example_dags/example_python_decorator.py
[2024-12-13T10:54:41.843+0000] {logging_mixin.py:190} INFO - [2024-12-13T10:54:41.843+0000] {dag.py:3239} INFO - Sync 1 DAGs
[2024-12-13T10:54:41.867+0000] {logging_mixin.py:190} INFO - [2024-12-13T10:54:41.866+0000] {dag.py:4180} INFO - Setting next_dagrun for example_python_decorator to None, run_after=None
[2024-12-13T10:54:41.895+0000] {processor.py:208} INFO - Processing /opt/bitnami/airflow/venv/lib/python3.12/site-packages/airflow/example_dags/example_python_decorator.py took 0.125 seconds
[2024-12-13T10:55:12.464+0000] {processor.py:186} INFO - Started process (PID=386) to work on /opt/bitnami/airflow/venv/lib/python3.12/site-packages/airflow/example_dags/example_python_decorator.py
[2024-12-13T10:55:12.466+0000] {processor.py:914} INFO - Processing file /opt/bitnami/airflow/venv/lib/python3.12/site-packages/airflow/example_dags/example_python_decorator.py for tasks to queue
[2024-12-13T10:55:12.468+0000] {logging_mixin.py:190} INFO - [2024-12-13T10:55:12.468+0000] {dagbag.py:588} INFO - Filling up the DagBag from /opt/bitnami/airflow/venv/lib/python3.12/site-packages/airflow/example_dags/example_python_decorator.py
[2024-12-13T10:55:12.481+0000] {processor.py:925} INFO - DAG(s) 'example_python_decorator' retrieved from /opt/bitnami/airflow/venv/lib/python3.12/site-packages/airflow/example_dags/example_python_decorator.py
[2024-12-13T10:55:12.553+0000] {logging_mixin.py:190} INFO - [2024-12-13T10:55:12.552+0000] {dag.py:3239} INFO - Sync 1 DAGs
[2024-12-13T10:55:12.594+0000] {logging_mixin.py:190} INFO - [2024-12-13T10:55:12.594+0000] {dag.py:4180} INFO - Setting next_dagrun for example_python_decorator to None, run_after=None
[2024-12-13T10:55:12.643+0000] {processor.py:208} INFO - Processing /opt/bitnami/airflow/venv/lib/python3.12/site-packages/airflow/example_dags/example_python_decorator.py took 0.185 seconds
[2024-12-13T10:55:43.374+0000] {processor.py:186} INFO - Started process (PID=443) to work on /opt/bitnami/airflow/venv/lib/python3.12/site-packages/airflow/example_dags/example_python_decorator.py
[2024-12-13T10:55:43.375+0000] {processor.py:914} INFO - Processing file /opt/bitnami/airflow/venv/lib/python3.12/site-packages/airflow/example_dags/example_python_decorator.py for tasks to queue
[2024-12-13T10:55:43.377+0000] {logging_mixin.py:190} INFO - [2024-12-13T10:55:43.377+0000] {dagbag.py:588} INFO - Filling up the DagBag from /opt/bitnami/airflow/venv/lib/python3.12/site-packages/airflow/example_dags/example_python_decorator.py
[2024-12-13T10:55:43.391+0000] {processor.py:925} INFO - DAG(s) 'example_python_decorator' retrieved from /opt/bitnami/airflow/venv/lib/python3.12/site-packages/airflow/example_dags/example_python_decorator.py
[2024-12-13T10:55:43.456+0000] {logging_mixin.py:190} INFO - [2024-12-13T10:55:43.456+0000] {dag.py:3239} INFO - Sync 1 DAGs
[2024-12-13T10:55:43.496+0000] {logging_mixin.py:190} INFO - [2024-12-13T10:55:43.496+0000] {dag.py:4180} INFO - Setting next_dagrun for example_python_decorator to None, run_after=None
[2024-12-13T10:55:43.543+0000] {processor.py:208} INFO - Processing /opt/bitnami/airflow/venv/lib/python3.12/site-packages/airflow/example_dags/example_python_decorator.py took 0.175 seconds
[2024-12-13T10:56:13.614+0000] {processor.py:186} INFO - Started process (PID=499) to work on /opt/bitnami/airflow/venv/lib/python3.12/site-packages/airflow/example_dags/example_python_decorator.py
[2024-12-13T10:56:13.616+0000] {processor.py:914} INFO - Processing file /opt/bitnami/airflow/venv/lib/python3.12/site-packages/airflow/example_dags/example_python_decorator.py for tasks to queue
[2024-12-13T10:56:13.619+0000] {logging_mixin.py:190} INFO - [2024-12-13T10:56:13.619+0000] {dagbag.py:588} INFO - Filling up the DagBag from /opt/bitnami/airflow/venv/lib/python3.12/site-packages/airflow/example_dags/example_python_decorator.py
[2024-12-13T10:56:13.629+0000] {processor.py:925} INFO - DAG(s) 'example_python_decorator' retrieved from /opt/bitnami/airflow/venv/lib/python3.12/site-packages/airflow/example_dags/example_python_decorator.py
[2024-12-13T10:56:13.719+0000] {logging_mixin.py:190} INFO - [2024-12-13T10:56:13.718+0000] {dag.py:3239} INFO - Sync 1 DAGs
[2024-12-13T10:56:13.751+0000] {logging_mixin.py:190} INFO - [2024-12-13T10:56:13.750+0000] {dag.py:4180} INFO - Setting next_dagrun for example_python_decorator to None, run_after=None
[2024-12-13T10:56:13.790+0000] {processor.py:208} INFO - Processing /opt/bitnami/airflow/venv/lib/python3.12/site-packages/airflow/example_dags/example_python_decorator.py took 0.181 seconds
[2024-12-13T10:56:44.051+0000] {processor.py:186} INFO - Started process (PID=556) to work on /opt/bitnami/airflow/venv/lib/python3.12/site-packages/airflow/example_dags/example_python_decorator.py
[2024-12-13T10:56:44.053+0000] {processor.py:914} INFO - Processing file /opt/bitnami/airflow/venv/lib/python3.12/site-packages/airflow/example_dags/example_python_decorator.py for tasks to queue
[2024-12-13T10:56:44.056+0000] {logging_mixin.py:190} INFO - [2024-12-13T10:56:44.056+0000] {dagbag.py:588} INFO - Filling up the DagBag from /opt/bitnami/airflow/venv/lib/python3.12/site-packages/airflow/example_dags/example_python_decorator.py
[2024-12-13T10:56:44.067+0000] {processor.py:925} INFO - DAG(s) 'example_python_decorator' retrieved from /opt/bitnami/airflow/venv/lib/python3.12/site-packages/airflow/example_dags/example_python_decorator.py
[2024-12-13T10:56:44.167+0000] {logging_mixin.py:190} INFO - [2024-12-13T10:56:44.166+0000] {dag.py:3239} INFO - Sync 1 DAGs
[2024-12-13T10:56:44.209+0000] {logging_mixin.py:190} INFO - [2024-12-13T10:56:44.209+0000] {dag.py:4180} INFO - Setting next_dagrun for example_python_decorator to None, run_after=None
[2024-12-13T10:56:44.262+0000] {processor.py:208} INFO - Processing /opt/bitnami/airflow/venv/lib/python3.12/site-packages/airflow/example_dags/example_python_decorator.py took 0.216 seconds
[2024-12-13T10:57:15.048+0000] {processor.py:186} INFO - Started process (PID=614) to work on /opt/bitnami/airflow/venv/lib/python3.12/site-packages/airflow/example_dags/example_python_decorator.py
[2024-12-13T10:57:15.049+0000] {processor.py:914} INFO - Processing file /opt/bitnami/airflow/venv/lib/python3.12/site-packages/airflow/example_dags/example_python_decorator.py for tasks to queue
[2024-12-13T10:57:15.051+0000] {logging_mixin.py:190} INFO - [2024-12-13T10:57:15.051+0000] {dagbag.py:588} INFO - Filling up the DagBag from /opt/bitnami/airflow/venv/lib/python3.12/site-packages/airflow/example_dags/example_python_decorator.py
[2024-12-13T10:57:15.065+0000] {processor.py:925} INFO - DAG(s) 'example_python_decorator' retrieved from /opt/bitnami/airflow/venv/lib/python3.12/site-packages/airflow/example_dags/example_python_decorator.py
[2024-12-13T10:57:15.122+0000] {logging_mixin.py:190} INFO - [2024-12-13T10:57:15.122+0000] {dag.py:3239} INFO - Sync 1 DAGs
[2024-12-13T10:57:15.149+0000] {logging_mixin.py:190} INFO - [2024-12-13T10:57:15.149+0000] {dag.py:4180} INFO - Setting next_dagrun for example_python_decorator to None, run_after=None
[2024-12-13T10:57:15.183+0000] {processor.py:208} INFO - Processing /opt/bitnami/airflow/venv/lib/python3.12/site-packages/airflow/example_dags/example_python_decorator.py took 0.139 seconds
[2024-12-13T10:57:45.343+0000] {processor.py:186} INFO - Started process (PID=671) to work on /opt/bitnami/airflow/venv/lib/python3.12/site-packages/airflow/example_dags/example_python_decorator.py
[2024-12-13T10:57:45.344+0000] {processor.py:914} INFO - Processing file /opt/bitnami/airflow/venv/lib/python3.12/site-packages/airflow/example_dags/example_python_decorator.py for tasks to queue
[2024-12-13T10:57:45.347+0000] {logging_mixin.py:190} INFO - [2024-12-13T10:57:45.346+0000] {dagbag.py:588} INFO - Filling up the DagBag from /opt/bitnami/airflow/venv/lib/python3.12/site-packages/airflow/example_dags/example_python_decorator.py
[2024-12-13T10:57:45.361+0000] {processor.py:925} INFO - DAG(s) 'example_python_decorator' retrieved from /opt/bitnami/airflow/venv/lib/python3.12/site-packages/airflow/example_dags/example_python_decorator.py
[2024-12-13T10:57:45.442+0000] {logging_mixin.py:190} INFO - [2024-12-13T10:57:45.442+0000] {dag.py:3239} INFO - Sync 1 DAGs
[2024-12-13T10:57:45.468+0000] {logging_mixin.py:190} INFO - [2024-12-13T10:57:45.468+0000] {dag.py:4180} INFO - Setting next_dagrun for example_python_decorator to None, run_after=None
[2024-12-13T10:57:45.501+0000] {processor.py:208} INFO - Processing /opt/bitnami/airflow/venv/lib/python3.12/site-packages/airflow/example_dags/example_python_decorator.py took 0.164 seconds
[2024-12-13T10:58:16.551+0000] {processor.py:186} INFO - Started process (PID=728) to work on /opt/bitnami/airflow/venv/lib/python3.12/site-packages/airflow/example_dags/example_python_decorator.py
[2024-12-13T10:58:16.552+0000] {processor.py:914} INFO - Processing file /opt/bitnami/airflow/venv/lib/python3.12/site-packages/airflow/example_dags/example_python_decorator.py for tasks to queue
[2024-12-13T10:58:16.555+0000] {logging_mixin.py:190} INFO - [2024-12-13T10:58:16.555+0000] {dagbag.py:588} INFO - Filling up the DagBag from /opt/bitnami/airflow/venv/lib/python3.12/site-packages/airflow/example_dags/example_python_decorator.py
[2024-12-13T10:58:16.567+0000] {processor.py:925} INFO - DAG(s) 'example_python_decorator' retrieved from /opt/bitnami/airflow/venv/lib/python3.12/site-packages/airflow/example_dags/example_python_decorator.py
[2024-12-13T10:58:16.637+0000] {logging_mixin.py:190} INFO - [2024-12-13T10:58:16.636+0000] {dag.py:3239} INFO - Sync 1 DAGs
[2024-12-13T10:58:16.680+0000] {logging_mixin.py:190} INFO - [2024-12-13T10:58:16.680+0000] {dag.py:4180} INFO - Setting next_dagrun for example_python_decorator to None, run_after=None
[2024-12-13T10:58:16.730+0000] {processor.py:208} INFO - Processing /opt/bitnami/airflow/venv/lib/python3.12/site-packages/airflow/example_dags/example_python_decorator.py took 0.186 seconds
[2024-12-13T10:58:47.664+0000] {processor.py:186} INFO - Started process (PID=785) to work on /opt/bitnami/airflow/venv/lib/python3.12/site-packages/airflow/example_dags/example_python_decorator.py
[2024-12-13T10:58:47.665+0000] {processor.py:914} INFO - Processing file /opt/bitnami/airflow/venv/lib/python3.12/site-packages/airflow/example_dags/example_python_decorator.py for tasks to queue
[2024-12-13T10:58:47.668+0000] {logging_mixin.py:190} INFO - [2024-12-13T10:58:47.668+0000] {dagbag.py:588} INFO - Filling up the DagBag from /opt/bitnami/airflow/venv/lib/python3.12/site-packages/airflow/example_dags/example_python_decorator.py
[2024-12-13T10:58:47.683+0000] {processor.py:925} INFO - DAG(s) 'example_python_decorator' retrieved from /opt/bitnami/airflow/venv/lib/python3.12/site-packages/airflow/example_dags/example_python_decorator.py
[2024-12-13T10:58:47.746+0000] {logging_mixin.py:190} INFO - [2024-12-13T10:58:47.745+0000] {dag.py:3239} INFO - Sync 1 DAGs
[2024-12-13T10:58:47.772+0000] {logging_mixin.py:190} INFO - [2024-12-13T10:58:47.772+0000] {dag.py:4180} INFO - Setting next_dagrun for example_python_decorator to None, run_after=None
[2024-12-13T10:58:47.819+0000] {processor.py:208} INFO - Processing /opt/bitnami/airflow/venv/lib/python3.12/site-packages/airflow/example_dags/example_python_decorator.py took 0.160 seconds
[2024-12-13T11:07:28.532+0000] {processor.py:186} INFO - Started process (PID=44) to work on /opt/bitnami/airflow/venv/lib/python3.12/site-packages/airflow/example_dags/example_python_decorator.py
[2024-12-13T11:07:28.533+0000] {processor.py:914} INFO - Processing file /opt/bitnami/airflow/venv/lib/python3.12/site-packages/airflow/example_dags/example_python_decorator.py for tasks to queue
[2024-12-13T11:07:28.536+0000] {logging_mixin.py:190} INFO - [2024-12-13T11:07:28.535+0000] {dagbag.py:588} INFO - Filling up the DagBag from /opt/bitnami/airflow/venv/lib/python3.12/site-packages/airflow/example_dags/example_python_decorator.py
[2024-12-13T11:07:28.550+0000] {processor.py:925} INFO - DAG(s) 'example_python_decorator' retrieved from /opt/bitnami/airflow/venv/lib/python3.12/site-packages/airflow/example_dags/example_python_decorator.py
[2024-12-13T11:07:28.671+0000] {logging_mixin.py:190} INFO - [2024-12-13T11:07:28.671+0000] {dag.py:3239} INFO - Sync 1 DAGs
[2024-12-13T11:07:28.695+0000] {logging_mixin.py:190} INFO - [2024-12-13T11:07:28.694+0000] {dag.py:4180} INFO - Setting next_dagrun for example_python_decorator to None, run_after=None
[2024-12-13T11:07:28.728+0000] {processor.py:208} INFO - Processing /opt/bitnami/airflow/venv/lib/python3.12/site-packages/airflow/example_dags/example_python_decorator.py took 0.203 seconds
[2024-12-13T11:07:58.982+0000] {processor.py:186} INFO - Started process (PID=101) to work on /opt/bitnami/airflow/venv/lib/python3.12/site-packages/airflow/example_dags/example_python_decorator.py
[2024-12-13T11:07:58.983+0000] {processor.py:914} INFO - Processing file /opt/bitnami/airflow/venv/lib/python3.12/site-packages/airflow/example_dags/example_python_decorator.py for tasks to queue
[2024-12-13T11:07:58.987+0000] {logging_mixin.py:190} INFO - [2024-12-13T11:07:58.987+0000] {dagbag.py:588} INFO - Filling up the DagBag from /opt/bitnami/airflow/venv/lib/python3.12/site-packages/airflow/example_dags/example_python_decorator.py
[2024-12-13T11:07:58.998+0000] {processor.py:925} INFO - DAG(s) 'example_python_decorator' retrieved from /opt/bitnami/airflow/venv/lib/python3.12/site-packages/airflow/example_dags/example_python_decorator.py
[2024-12-13T11:07:59.114+0000] {logging_mixin.py:190} INFO - [2024-12-13T11:07:59.113+0000] {dag.py:3239} INFO - Sync 1 DAGs
[2024-12-13T11:07:59.179+0000] {logging_mixin.py:190} INFO - [2024-12-13T11:07:59.179+0000] {dag.py:4180} INFO - Setting next_dagrun for example_python_decorator to None, run_after=None
[2024-12-13T11:07:59.238+0000] {processor.py:208} INFO - Processing /opt/bitnami/airflow/venv/lib/python3.12/site-packages/airflow/example_dags/example_python_decorator.py took 0.264 seconds
[2024-12-13T11:08:29.538+0000] {processor.py:186} INFO - Started process (PID=158) to work on /opt/bitnami/airflow/venv/lib/python3.12/site-packages/airflow/example_dags/example_python_decorator.py
[2024-12-13T11:08:29.540+0000] {processor.py:914} INFO - Processing file /opt/bitnami/airflow/venv/lib/python3.12/site-packages/airflow/example_dags/example_python_decorator.py for tasks to queue
[2024-12-13T11:08:29.545+0000] {logging_mixin.py:190} INFO - [2024-12-13T11:08:29.544+0000] {dagbag.py:588} INFO - Filling up the DagBag from /opt/bitnami/airflow/venv/lib/python3.12/site-packages/airflow/example_dags/example_python_decorator.py
[2024-12-13T11:08:29.560+0000] {processor.py:925} INFO - DAG(s) 'example_python_decorator' retrieved from /opt/bitnami/airflow/venv/lib/python3.12/site-packages/airflow/example_dags/example_python_decorator.py
[2024-12-13T11:08:29.717+0000] {logging_mixin.py:190} INFO - [2024-12-13T11:08:29.716+0000] {dag.py:3239} INFO - Sync 1 DAGs
[2024-12-13T11:08:29.750+0000] {logging_mixin.py:190} INFO - [2024-12-13T11:08:29.749+0000] {dag.py:4180} INFO - Setting next_dagrun for example_python_decorator to None, run_after=None
[2024-12-13T11:08:29.787+0000] {processor.py:208} INFO - Processing /opt/bitnami/airflow/venv/lib/python3.12/site-packages/airflow/example_dags/example_python_decorator.py took 0.259 seconds
[2024-12-13T11:09:00.230+0000] {processor.py:186} INFO - Started process (PID=215) to work on /opt/bitnami/airflow/venv/lib/python3.12/site-packages/airflow/example_dags/example_python_decorator.py
[2024-12-13T11:09:00.231+0000] {processor.py:914} INFO - Processing file /opt/bitnami/airflow/venv/lib/python3.12/site-packages/airflow/example_dags/example_python_decorator.py for tasks to queue
[2024-12-13T11:09:00.235+0000] {logging_mixin.py:190} INFO - [2024-12-13T11:09:00.234+0000] {dagbag.py:588} INFO - Filling up the DagBag from /opt/bitnami/airflow/venv/lib/python3.12/site-packages/airflow/example_dags/example_python_decorator.py
[2024-12-13T11:09:00.252+0000] {processor.py:925} INFO - DAG(s) 'example_python_decorator' retrieved from /opt/bitnami/airflow/venv/lib/python3.12/site-packages/airflow/example_dags/example_python_decorator.py
[2024-12-13T11:09:00.324+0000] {logging_mixin.py:190} INFO - [2024-12-13T11:09:00.323+0000] {dag.py:3239} INFO - Sync 1 DAGs
[2024-12-13T11:09:00.369+0000] {logging_mixin.py:190} INFO - [2024-12-13T11:09:00.369+0000] {dag.py:4180} INFO - Setting next_dagrun for example_python_decorator to None, run_after=None
[2024-12-13T11:09:00.425+0000] {processor.py:208} INFO - Processing /opt/bitnami/airflow/venv/lib/python3.12/site-packages/airflow/example_dags/example_python_decorator.py took 0.202 seconds
[2024-12-13T11:09:30.600+0000] {processor.py:186} INFO - Started process (PID=272) to work on /opt/bitnami/airflow/venv/lib/python3.12/site-packages/airflow/example_dags/example_python_decorator.py
[2024-12-13T11:09:30.602+0000] {processor.py:914} INFO - Processing file /opt/bitnami/airflow/venv/lib/python3.12/site-packages/airflow/example_dags/example_python_decorator.py for tasks to queue
[2024-12-13T11:09:30.604+0000] {logging_mixin.py:190} INFO - [2024-12-13T11:09:30.604+0000] {dagbag.py:588} INFO - Filling up the DagBag from /opt/bitnami/airflow/venv/lib/python3.12/site-packages/airflow/example_dags/example_python_decorator.py
[2024-12-13T11:09:30.617+0000] {processor.py:925} INFO - DAG(s) 'example_python_decorator' retrieved from /opt/bitnami/airflow/venv/lib/python3.12/site-packages/airflow/example_dags/example_python_decorator.py
[2024-12-13T11:09:30.664+0000] {logging_mixin.py:190} INFO - [2024-12-13T11:09:30.663+0000] {dag.py:3239} INFO - Sync 1 DAGs
[2024-12-13T11:09:30.686+0000] {logging_mixin.py:190} INFO - [2024-12-13T11:09:30.686+0000] {dag.py:4180} INFO - Setting next_dagrun for example_python_decorator to None, run_after=None
[2024-12-13T11:09:30.708+0000] {processor.py:208} INFO - Processing /opt/bitnami/airflow/venv/lib/python3.12/site-packages/airflow/example_dags/example_python_decorator.py took 0.113 seconds
[2024-12-13T11:13:40.941+0000] {processor.py:186} INFO - Started process (PID=44) to work on /opt/bitnami/airflow/venv/lib/python3.12/site-packages/airflow/example_dags/example_python_decorator.py
[2024-12-13T11:13:40.942+0000] {processor.py:914} INFO - Processing file /opt/bitnami/airflow/venv/lib/python3.12/site-packages/airflow/example_dags/example_python_decorator.py for tasks to queue
[2024-12-13T11:13:40.944+0000] {logging_mixin.py:190} INFO - [2024-12-13T11:13:40.944+0000] {dagbag.py:588} INFO - Filling up the DagBag from /opt/bitnami/airflow/venv/lib/python3.12/site-packages/airflow/example_dags/example_python_decorator.py
[2024-12-13T11:13:40.960+0000] {processor.py:925} INFO - DAG(s) 'example_python_decorator' retrieved from /opt/bitnami/airflow/venv/lib/python3.12/site-packages/airflow/example_dags/example_python_decorator.py
[2024-12-13T11:13:41.093+0000] {logging_mixin.py:190} INFO - [2024-12-13T11:13:41.093+0000] {dag.py:3239} INFO - Sync 1 DAGs
[2024-12-13T11:13:41.128+0000] {logging_mixin.py:190} INFO - [2024-12-13T11:13:41.127+0000] {dag.py:4180} INFO - Setting next_dagrun for example_python_decorator to None, run_after=None
[2024-12-13T11:13:41.167+0000] {processor.py:208} INFO - Processing /opt/bitnami/airflow/venv/lib/python3.12/site-packages/airflow/example_dags/example_python_decorator.py took 0.231 seconds
[2024-12-13T11:14:11.257+0000] {processor.py:186} INFO - Started process (PID=101) to work on /opt/bitnami/airflow/venv/lib/python3.12/site-packages/airflow/example_dags/example_python_decorator.py
[2024-12-13T11:14:11.259+0000] {processor.py:914} INFO - Processing file /opt/bitnami/airflow/venv/lib/python3.12/site-packages/airflow/example_dags/example_python_decorator.py for tasks to queue
[2024-12-13T11:14:11.263+0000] {logging_mixin.py:190} INFO - [2024-12-13T11:14:11.263+0000] {dagbag.py:588} INFO - Filling up the DagBag from /opt/bitnami/airflow/venv/lib/python3.12/site-packages/airflow/example_dags/example_python_decorator.py
[2024-12-13T11:14:11.274+0000] {processor.py:925} INFO - DAG(s) 'example_python_decorator' retrieved from /opt/bitnami/airflow/venv/lib/python3.12/site-packages/airflow/example_dags/example_python_decorator.py
[2024-12-13T11:14:11.363+0000] {logging_mixin.py:190} INFO - [2024-12-13T11:14:11.363+0000] {dag.py:3239} INFO - Sync 1 DAGs
[2024-12-13T11:14:11.400+0000] {logging_mixin.py:190} INFO - [2024-12-13T11:14:11.400+0000] {dag.py:4180} INFO - Setting next_dagrun for example_python_decorator to None, run_after=None
[2024-12-13T11:14:11.434+0000] {processor.py:208} INFO - Processing /opt/bitnami/airflow/venv/lib/python3.12/site-packages/airflow/example_dags/example_python_decorator.py took 0.181 seconds
[2024-12-13T11:14:42.263+0000] {processor.py:186} INFO - Started process (PID=158) to work on /opt/bitnami/airflow/venv/lib/python3.12/site-packages/airflow/example_dags/example_python_decorator.py
[2024-12-13T11:14:42.265+0000] {processor.py:914} INFO - Processing file /opt/bitnami/airflow/venv/lib/python3.12/site-packages/airflow/example_dags/example_python_decorator.py for tasks to queue
[2024-12-13T11:14:42.271+0000] {logging_mixin.py:190} INFO - [2024-12-13T11:14:42.270+0000] {dagbag.py:588} INFO - Filling up the DagBag from /opt/bitnami/airflow/venv/lib/python3.12/site-packages/airflow/example_dags/example_python_decorator.py
[2024-12-13T11:14:42.291+0000] {processor.py:925} INFO - DAG(s) 'example_python_decorator' retrieved from /opt/bitnami/airflow/venv/lib/python3.12/site-packages/airflow/example_dags/example_python_decorator.py
[2024-12-13T11:14:42.478+0000] {logging_mixin.py:190} INFO - [2024-12-13T11:14:42.478+0000] {dag.py:3239} INFO - Sync 1 DAGs
[2024-12-13T11:14:42.508+0000] {logging_mixin.py:190} INFO - [2024-12-13T11:14:42.507+0000] {dag.py:4180} INFO - Setting next_dagrun for example_python_decorator to None, run_after=None
[2024-12-13T11:14:42.559+0000] {processor.py:208} INFO - Processing /opt/bitnami/airflow/venv/lib/python3.12/site-packages/airflow/example_dags/example_python_decorator.py took 0.305 seconds
[2024-12-13T11:15:12.847+0000] {processor.py:186} INFO - Started process (PID=215) to work on /opt/bitnami/airflow/venv/lib/python3.12/site-packages/airflow/example_dags/example_python_decorator.py
[2024-12-13T11:15:12.849+0000] {processor.py:914} INFO - Processing file /opt/bitnami/airflow/venv/lib/python3.12/site-packages/airflow/example_dags/example_python_decorator.py for tasks to queue
[2024-12-13T11:15:12.853+0000] {logging_mixin.py:190} INFO - [2024-12-13T11:15:12.853+0000] {dagbag.py:588} INFO - Filling up the DagBag from /opt/bitnami/airflow/venv/lib/python3.12/site-packages/airflow/example_dags/example_python_decorator.py
[2024-12-13T11:15:12.874+0000] {processor.py:925} INFO - DAG(s) 'example_python_decorator' retrieved from /opt/bitnami/airflow/venv/lib/python3.12/site-packages/airflow/example_dags/example_python_decorator.py
[2024-12-13T11:15:12.982+0000] {logging_mixin.py:190} INFO - [2024-12-13T11:15:12.981+0000] {dag.py:3239} INFO - Sync 1 DAGs
[2024-12-13T11:15:13.024+0000] {logging_mixin.py:190} INFO - [2024-12-13T11:15:13.023+0000] {dag.py:4180} INFO - Setting next_dagrun for example_python_decorator to None, run_after=None
[2024-12-13T11:15:13.078+0000] {processor.py:208} INFO - Processing /opt/bitnami/airflow/venv/lib/python3.12/site-packages/airflow/example_dags/example_python_decorator.py took 0.241 seconds
[2024-12-13T11:57:06.471+0000] {processor.py:186} INFO - Started process (PID=44) to work on /opt/bitnami/airflow/venv/lib/python3.12/site-packages/airflow/example_dags/example_python_decorator.py
[2024-12-13T11:57:06.472+0000] {processor.py:914} INFO - Processing file /opt/bitnami/airflow/venv/lib/python3.12/site-packages/airflow/example_dags/example_python_decorator.py for tasks to queue
[2024-12-13T11:57:06.477+0000] {logging_mixin.py:190} INFO - [2024-12-13T11:57:06.477+0000] {dagbag.py:588} INFO - Filling up the DagBag from /opt/bitnami/airflow/venv/lib/python3.12/site-packages/airflow/example_dags/example_python_decorator.py
[2024-12-13T11:57:06.491+0000] {processor.py:925} INFO - DAG(s) 'example_python_decorator' retrieved from /opt/bitnami/airflow/venv/lib/python3.12/site-packages/airflow/example_dags/example_python_decorator.py
[2024-12-13T11:57:06.608+0000] {logging_mixin.py:190} INFO - [2024-12-13T11:57:06.608+0000] {dag.py:3239} INFO - Sync 1 DAGs
[2024-12-13T11:57:06.632+0000] {logging_mixin.py:190} INFO - [2024-12-13T11:57:06.631+0000] {dag.py:4180} INFO - Setting next_dagrun for example_python_decorator to None, run_after=None
[2024-12-13T11:57:06.666+0000] {processor.py:208} INFO - Processing /opt/bitnami/airflow/venv/lib/python3.12/site-packages/airflow/example_dags/example_python_decorator.py took 0.203 seconds
[2024-12-13T11:57:37.589+0000] {processor.py:186} INFO - Started process (PID=101) to work on /opt/bitnami/airflow/venv/lib/python3.12/site-packages/airflow/example_dags/example_python_decorator.py
[2024-12-13T11:57:37.590+0000] {processor.py:914} INFO - Processing file /opt/bitnami/airflow/venv/lib/python3.12/site-packages/airflow/example_dags/example_python_decorator.py for tasks to queue
[2024-12-13T11:57:37.592+0000] {logging_mixin.py:190} INFO - [2024-12-13T11:57:37.592+0000] {dagbag.py:588} INFO - Filling up the DagBag from /opt/bitnami/airflow/venv/lib/python3.12/site-packages/airflow/example_dags/example_python_decorator.py
[2024-12-13T11:57:37.605+0000] {processor.py:925} INFO - DAG(s) 'example_python_decorator' retrieved from /opt/bitnami/airflow/venv/lib/python3.12/site-packages/airflow/example_dags/example_python_decorator.py
[2024-12-13T11:57:37.643+0000] {logging_mixin.py:190} INFO - [2024-12-13T11:57:37.642+0000] {dag.py:3239} INFO - Sync 1 DAGs
[2024-12-13T11:57:37.666+0000] {logging_mixin.py:190} INFO - [2024-12-13T11:57:37.666+0000] {dag.py:4180} INFO - Setting next_dagrun for example_python_decorator to None, run_after=None
[2024-12-13T11:57:37.689+0000] {processor.py:208} INFO - Processing /opt/bitnami/airflow/venv/lib/python3.12/site-packages/airflow/example_dags/example_python_decorator.py took 0.104 seconds
[2024-12-13T11:58:32.033+0000] {processor.py:186} INFO - Started process (PID=44) to work on /opt/bitnami/airflow/venv/lib/python3.12/site-packages/airflow/example_dags/example_python_decorator.py
[2024-12-13T11:58:32.034+0000] {processor.py:914} INFO - Processing file /opt/bitnami/airflow/venv/lib/python3.12/site-packages/airflow/example_dags/example_python_decorator.py for tasks to queue
[2024-12-13T11:58:32.036+0000] {logging_mixin.py:190} INFO - [2024-12-13T11:58:32.035+0000] {dagbag.py:588} INFO - Filling up the DagBag from /opt/bitnami/airflow/venv/lib/python3.12/site-packages/airflow/example_dags/example_python_decorator.py
[2024-12-13T11:58:32.045+0000] {processor.py:925} INFO - DAG(s) 'example_python_decorator' retrieved from /opt/bitnami/airflow/venv/lib/python3.12/site-packages/airflow/example_dags/example_python_decorator.py
[2024-12-13T11:58:32.137+0000] {logging_mixin.py:190} INFO - [2024-12-13T11:58:32.137+0000] {dag.py:3239} INFO - Sync 1 DAGs
[2024-12-13T11:58:32.155+0000] {logging_mixin.py:190} INFO - [2024-12-13T11:58:32.154+0000] {dag.py:4180} INFO - Setting next_dagrun for example_python_decorator to None, run_after=None
[2024-12-13T11:58:32.175+0000] {processor.py:208} INFO - Processing /opt/bitnami/airflow/venv/lib/python3.12/site-packages/airflow/example_dags/example_python_decorator.py took 0.146 seconds
[2024-12-13T11:59:02.729+0000] {processor.py:186} INFO - Started process (PID=101) to work on /opt/bitnami/airflow/venv/lib/python3.12/site-packages/airflow/example_dags/example_python_decorator.py
[2024-12-13T11:59:02.730+0000] {processor.py:914} INFO - Processing file /opt/bitnami/airflow/venv/lib/python3.12/site-packages/airflow/example_dags/example_python_decorator.py for tasks to queue
[2024-12-13T11:59:02.732+0000] {logging_mixin.py:190} INFO - [2024-12-13T11:59:02.732+0000] {dagbag.py:588} INFO - Filling up the DagBag from /opt/bitnami/airflow/venv/lib/python3.12/site-packages/airflow/example_dags/example_python_decorator.py
[2024-12-13T11:59:02.746+0000] {processor.py:925} INFO - DAG(s) 'example_python_decorator' retrieved from /opt/bitnami/airflow/venv/lib/python3.12/site-packages/airflow/example_dags/example_python_decorator.py
[2024-12-13T11:59:02.798+0000] {logging_mixin.py:190} INFO - [2024-12-13T11:59:02.798+0000] {dag.py:3239} INFO - Sync 1 DAGs
[2024-12-13T11:59:02.832+0000] {logging_mixin.py:190} INFO - [2024-12-13T11:59:02.831+0000] {dag.py:4180} INFO - Setting next_dagrun for example_python_decorator to None, run_after=None
[2024-12-13T11:59:02.861+0000] {processor.py:208} INFO - Processing /opt/bitnami/airflow/venv/lib/python3.12/site-packages/airflow/example_dags/example_python_decorator.py took 0.137 seconds
[2024-12-13T11:59:33.133+0000] {processor.py:186} INFO - Started process (PID=158) to work on /opt/bitnami/airflow/venv/lib/python3.12/site-packages/airflow/example_dags/example_python_decorator.py
[2024-12-13T11:59:33.134+0000] {processor.py:914} INFO - Processing file /opt/bitnami/airflow/venv/lib/python3.12/site-packages/airflow/example_dags/example_python_decorator.py for tasks to queue
[2024-12-13T11:59:33.136+0000] {logging_mixin.py:190} INFO - [2024-12-13T11:59:33.135+0000] {dagbag.py:588} INFO - Filling up the DagBag from /opt/bitnami/airflow/venv/lib/python3.12/site-packages/airflow/example_dags/example_python_decorator.py
[2024-12-13T11:59:33.146+0000] {processor.py:925} INFO - DAG(s) 'example_python_decorator' retrieved from /opt/bitnami/airflow/venv/lib/python3.12/site-packages/airflow/example_dags/example_python_decorator.py
[2024-12-13T11:59:33.219+0000] {logging_mixin.py:190} INFO - [2024-12-13T11:59:33.219+0000] {dag.py:3239} INFO - Sync 1 DAGs
[2024-12-13T11:59:33.236+0000] {logging_mixin.py:190} INFO - [2024-12-13T11:59:33.235+0000] {dag.py:4180} INFO - Setting next_dagrun for example_python_decorator to None, run_after=None
[2024-12-13T11:59:33.259+0000] {processor.py:208} INFO - Processing /opt/bitnami/airflow/venv/lib/python3.12/site-packages/airflow/example_dags/example_python_decorator.py took 0.131 seconds
[2024-12-13T12:00:03.636+0000] {processor.py:186} INFO - Started process (PID=215) to work on /opt/bitnami/airflow/venv/lib/python3.12/site-packages/airflow/example_dags/example_python_decorator.py
[2024-12-13T12:00:03.637+0000] {processor.py:914} INFO - Processing file /opt/bitnami/airflow/venv/lib/python3.12/site-packages/airflow/example_dags/example_python_decorator.py for tasks to queue
[2024-12-13T12:00:03.639+0000] {logging_mixin.py:190} INFO - [2024-12-13T12:00:03.639+0000] {dagbag.py:588} INFO - Filling up the DagBag from /opt/bitnami/airflow/venv/lib/python3.12/site-packages/airflow/example_dags/example_python_decorator.py
[2024-12-13T12:00:03.651+0000] {processor.py:925} INFO - DAG(s) 'example_python_decorator' retrieved from /opt/bitnami/airflow/venv/lib/python3.12/site-packages/airflow/example_dags/example_python_decorator.py
[2024-12-13T12:00:03.695+0000] {logging_mixin.py:190} INFO - [2024-12-13T12:00:03.694+0000] {dag.py:3239} INFO - Sync 1 DAGs
[2024-12-13T12:00:03.716+0000] {logging_mixin.py:190} INFO - [2024-12-13T12:00:03.716+0000] {dag.py:4180} INFO - Setting next_dagrun for example_python_decorator to None, run_after=None
[2024-12-13T12:00:03.736+0000] {processor.py:208} INFO - Processing /opt/bitnami/airflow/venv/lib/python3.12/site-packages/airflow/example_dags/example_python_decorator.py took 0.105 seconds
[2024-12-13T12:00:34.043+0000] {processor.py:186} INFO - Started process (PID=272) to work on /opt/bitnami/airflow/venv/lib/python3.12/site-packages/airflow/example_dags/example_python_decorator.py
[2024-12-13T12:00:34.043+0000] {processor.py:914} INFO - Processing file /opt/bitnami/airflow/venv/lib/python3.12/site-packages/airflow/example_dags/example_python_decorator.py for tasks to queue
[2024-12-13T12:00:34.045+0000] {logging_mixin.py:190} INFO - [2024-12-13T12:00:34.045+0000] {dagbag.py:588} INFO - Filling up the DagBag from /opt/bitnami/airflow/venv/lib/python3.12/site-packages/airflow/example_dags/example_python_decorator.py
[2024-12-13T12:00:34.055+0000] {processor.py:925} INFO - DAG(s) 'example_python_decorator' retrieved from /opt/bitnami/airflow/venv/lib/python3.12/site-packages/airflow/example_dags/example_python_decorator.py
[2024-12-13T12:00:34.088+0000] {logging_mixin.py:190} INFO - [2024-12-13T12:00:34.087+0000] {dag.py:3239} INFO - Sync 1 DAGs
[2024-12-13T12:00:34.108+0000] {logging_mixin.py:190} INFO - [2024-12-13T12:00:34.108+0000] {dag.py:4180} INFO - Setting next_dagrun for example_python_decorator to None, run_after=None
[2024-12-13T12:00:34.131+0000] {processor.py:208} INFO - Processing /opt/bitnami/airflow/venv/lib/python3.12/site-packages/airflow/example_dags/example_python_decorator.py took 0.093 seconds
[2024-12-13T12:01:04.785+0000] {processor.py:186} INFO - Started process (PID=329) to work on /opt/bitnami/airflow/venv/lib/python3.12/site-packages/airflow/example_dags/example_python_decorator.py
[2024-12-13T12:01:04.785+0000] {processor.py:914} INFO - Processing file /opt/bitnami/airflow/venv/lib/python3.12/site-packages/airflow/example_dags/example_python_decorator.py for tasks to queue
[2024-12-13T12:01:04.787+0000] {logging_mixin.py:190} INFO - [2024-12-13T12:01:04.787+0000] {dagbag.py:588} INFO - Filling up the DagBag from /opt/bitnami/airflow/venv/lib/python3.12/site-packages/airflow/example_dags/example_python_decorator.py
[2024-12-13T12:01:04.797+0000] {processor.py:925} INFO - DAG(s) 'example_python_decorator' retrieved from /opt/bitnami/airflow/venv/lib/python3.12/site-packages/airflow/example_dags/example_python_decorator.py
[2024-12-13T12:01:04.827+0000] {logging_mixin.py:190} INFO - [2024-12-13T12:01:04.827+0000] {dag.py:3239} INFO - Sync 1 DAGs
[2024-12-13T12:01:04.845+0000] {logging_mixin.py:190} INFO - [2024-12-13T12:01:04.845+0000] {dag.py:4180} INFO - Setting next_dagrun for example_python_decorator to None, run_after=None
[2024-12-13T12:01:04.866+0000] {processor.py:208} INFO - Processing /opt/bitnami/airflow/venv/lib/python3.12/site-packages/airflow/example_dags/example_python_decorator.py took 0.085 seconds
[2024-12-13T12:01:35.419+0000] {processor.py:186} INFO - Started process (PID=386) to work on /opt/bitnami/airflow/venv/lib/python3.12/site-packages/airflow/example_dags/example_python_decorator.py
[2024-12-13T12:01:35.419+0000] {processor.py:914} INFO - Processing file /opt/bitnami/airflow/venv/lib/python3.12/site-packages/airflow/example_dags/example_python_decorator.py for tasks to queue
[2024-12-13T12:01:35.421+0000] {logging_mixin.py:190} INFO - [2024-12-13T12:01:35.421+0000] {dagbag.py:588} INFO - Filling up the DagBag from /opt/bitnami/airflow/venv/lib/python3.12/site-packages/airflow/example_dags/example_python_decorator.py
[2024-12-13T12:01:35.432+0000] {processor.py:925} INFO - DAG(s) 'example_python_decorator' retrieved from /opt/bitnami/airflow/venv/lib/python3.12/site-packages/airflow/example_dags/example_python_decorator.py
[2024-12-13T12:01:35.465+0000] {logging_mixin.py:190} INFO - [2024-12-13T12:01:35.464+0000] {dag.py:3239} INFO - Sync 1 DAGs
[2024-12-13T12:01:35.494+0000] {logging_mixin.py:190} INFO - [2024-12-13T12:01:35.493+0000] {dag.py:4180} INFO - Setting next_dagrun for example_python_decorator to None, run_after=None
[2024-12-13T12:01:35.517+0000] {processor.py:208} INFO - Processing /opt/bitnami/airflow/venv/lib/python3.12/site-packages/airflow/example_dags/example_python_decorator.py took 0.103 seconds
[2024-12-13T12:02:06.388+0000] {processor.py:186} INFO - Started process (PID=443) to work on /opt/bitnami/airflow/venv/lib/python3.12/site-packages/airflow/example_dags/example_python_decorator.py
[2024-12-13T12:02:06.389+0000] {processor.py:914} INFO - Processing file /opt/bitnami/airflow/venv/lib/python3.12/site-packages/airflow/example_dags/example_python_decorator.py for tasks to queue
[2024-12-13T12:02:06.391+0000] {logging_mixin.py:190} INFO - [2024-12-13T12:02:06.390+0000] {dagbag.py:588} INFO - Filling up the DagBag from /opt/bitnami/airflow/venv/lib/python3.12/site-packages/airflow/example_dags/example_python_decorator.py
[2024-12-13T12:02:06.401+0000] {processor.py:925} INFO - DAG(s) 'example_python_decorator' retrieved from /opt/bitnami/airflow/venv/lib/python3.12/site-packages/airflow/example_dags/example_python_decorator.py
[2024-12-13T12:02:06.431+0000] {logging_mixin.py:190} INFO - [2024-12-13T12:02:06.430+0000] {dag.py:3239} INFO - Sync 1 DAGs
[2024-12-13T12:02:06.446+0000] {logging_mixin.py:190} INFO - [2024-12-13T12:02:06.446+0000] {dag.py:4180} INFO - Setting next_dagrun for example_python_decorator to None, run_after=None
[2024-12-13T12:02:06.465+0000] {processor.py:208} INFO - Processing /opt/bitnami/airflow/venv/lib/python3.12/site-packages/airflow/example_dags/example_python_decorator.py took 0.081 seconds
[2024-12-13T12:02:36.834+0000] {processor.py:186} INFO - Started process (PID=500) to work on /opt/bitnami/airflow/venv/lib/python3.12/site-packages/airflow/example_dags/example_python_decorator.py
[2024-12-13T12:02:36.835+0000] {processor.py:914} INFO - Processing file /opt/bitnami/airflow/venv/lib/python3.12/site-packages/airflow/example_dags/example_python_decorator.py for tasks to queue
[2024-12-13T12:02:36.837+0000] {logging_mixin.py:190} INFO - [2024-12-13T12:02:36.837+0000] {dagbag.py:588} INFO - Filling up the DagBag from /opt/bitnami/airflow/venv/lib/python3.12/site-packages/airflow/example_dags/example_python_decorator.py
[2024-12-13T12:02:36.850+0000] {processor.py:925} INFO - DAG(s) 'example_python_decorator' retrieved from /opt/bitnami/airflow/venv/lib/python3.12/site-packages/airflow/example_dags/example_python_decorator.py
[2024-12-13T12:02:36.891+0000] {logging_mixin.py:190} INFO - [2024-12-13T12:02:36.891+0000] {dag.py:3239} INFO - Sync 1 DAGs
[2024-12-13T12:02:36.909+0000] {logging_mixin.py:190} INFO - [2024-12-13T12:02:36.909+0000] {dag.py:4180} INFO - Setting next_dagrun for example_python_decorator to None, run_after=None
[2024-12-13T12:02:36.939+0000] {processor.py:208} INFO - Processing /opt/bitnami/airflow/venv/lib/python3.12/site-packages/airflow/example_dags/example_python_decorator.py took 0.109 seconds
