[2024-12-13T08:19:45.927+0000] {processor.py:186} INFO - Started process (PID=80) to work on /opt/bitnami/airflow/venv/lib/python3.12/site-packages/airflow/example_dags/example_dynamic_task_mapping.py
[2024-12-13T08:19:45.928+0000] {processor.py:914} INFO - Processing file /opt/bitnami/airflow/venv/lib/python3.12/site-packages/airflow/example_dags/example_dynamic_task_mapping.py for tasks to queue
[2024-12-13T08:19:45.930+0000] {logging_mixin.py:190} INFO - [2024-12-13T08:19:45.930+0000] {dagbag.py:588} INFO - Filling up the DagBag from /opt/bitnami/airflow/venv/lib/python3.12/site-packages/airflow/example_dags/example_dynamic_task_mapping.py
[2024-12-13T08:19:45.935+0000] {processor.py:925} INFO - DAG(s) 'example_dynamic_task_mapping' retrieved from /opt/bitnami/airflow/venv/lib/python3.12/site-packages/airflow/example_dags/example_dynamic_task_mapping.py
[2024-12-13T08:19:45.971+0000] {logging_mixin.py:190} INFO - [2024-12-13T08:19:45.970+0000] {dag.py:3239} INFO - Sync 1 DAGs
[2024-12-13T08:19:45.994+0000] {logging_mixin.py:190} INFO - [2024-12-13T08:19:45.994+0000] {dag.py:4180} INFO - Setting next_dagrun for example_dynamic_task_mapping to None, run_after=None
[2024-12-13T08:19:46.015+0000] {processor.py:208} INFO - Processing /opt/bitnami/airflow/venv/lib/python3.12/site-packages/airflow/example_dags/example_dynamic_task_mapping.py took 0.093 seconds
[2024-12-13T08:20:16.137+0000] {processor.py:186} INFO - Started process (PID=137) to work on /opt/bitnami/airflow/venv/lib/python3.12/site-packages/airflow/example_dags/example_dynamic_task_mapping.py
[2024-12-13T08:20:16.138+0000] {processor.py:914} INFO - Processing file /opt/bitnami/airflow/venv/lib/python3.12/site-packages/airflow/example_dags/example_dynamic_task_mapping.py for tasks to queue
[2024-12-13T08:20:16.140+0000] {logging_mixin.py:190} INFO - [2024-12-13T08:20:16.140+0000] {dagbag.py:588} INFO - Filling up the DagBag from /opt/bitnami/airflow/venv/lib/python3.12/site-packages/airflow/example_dags/example_dynamic_task_mapping.py
[2024-12-13T08:20:16.145+0000] {processor.py:925} INFO - DAG(s) 'example_dynamic_task_mapping' retrieved from /opt/bitnami/airflow/venv/lib/python3.12/site-packages/airflow/example_dags/example_dynamic_task_mapping.py
[2024-12-13T08:20:16.172+0000] {logging_mixin.py:190} INFO - [2024-12-13T08:20:16.172+0000] {dag.py:3239} INFO - Sync 1 DAGs
[2024-12-13T08:20:16.191+0000] {logging_mixin.py:190} INFO - [2024-12-13T08:20:16.191+0000] {dag.py:4180} INFO - Setting next_dagrun for example_dynamic_task_mapping to None, run_after=None
[2024-12-13T08:20:16.210+0000] {processor.py:208} INFO - Processing /opt/bitnami/airflow/venv/lib/python3.12/site-packages/airflow/example_dags/example_dynamic_task_mapping.py took 0.077 seconds
[2024-12-13T08:20:46.887+0000] {processor.py:186} INFO - Started process (PID=194) to work on /opt/bitnami/airflow/venv/lib/python3.12/site-packages/airflow/example_dags/example_dynamic_task_mapping.py
[2024-12-13T08:20:46.888+0000] {processor.py:914} INFO - Processing file /opt/bitnami/airflow/venv/lib/python3.12/site-packages/airflow/example_dags/example_dynamic_task_mapping.py for tasks to queue
[2024-12-13T08:20:46.890+0000] {logging_mixin.py:190} INFO - [2024-12-13T08:20:46.890+0000] {dagbag.py:588} INFO - Filling up the DagBag from /opt/bitnami/airflow/venv/lib/python3.12/site-packages/airflow/example_dags/example_dynamic_task_mapping.py
[2024-12-13T08:20:46.896+0000] {processor.py:925} INFO - DAG(s) 'example_dynamic_task_mapping' retrieved from /opt/bitnami/airflow/venv/lib/python3.12/site-packages/airflow/example_dags/example_dynamic_task_mapping.py
[2024-12-13T08:20:47.023+0000] {logging_mixin.py:190} INFO - [2024-12-13T08:20:47.023+0000] {dag.py:3239} INFO - Sync 1 DAGs
[2024-12-13T08:20:47.049+0000] {logging_mixin.py:190} INFO - [2024-12-13T08:20:47.049+0000] {dag.py:4180} INFO - Setting next_dagrun for example_dynamic_task_mapping to None, run_after=None
[2024-12-13T08:20:47.080+0000] {processor.py:208} INFO - Processing /opt/bitnami/airflow/venv/lib/python3.12/site-packages/airflow/example_dags/example_dynamic_task_mapping.py took 0.198 seconds
[2024-12-13T08:21:17.747+0000] {processor.py:186} INFO - Started process (PID=251) to work on /opt/bitnami/airflow/venv/lib/python3.12/site-packages/airflow/example_dags/example_dynamic_task_mapping.py
[2024-12-13T08:21:17.747+0000] {processor.py:914} INFO - Processing file /opt/bitnami/airflow/venv/lib/python3.12/site-packages/airflow/example_dags/example_dynamic_task_mapping.py for tasks to queue
[2024-12-13T08:21:17.749+0000] {logging_mixin.py:190} INFO - [2024-12-13T08:21:17.749+0000] {dagbag.py:588} INFO - Filling up the DagBag from /opt/bitnami/airflow/venv/lib/python3.12/site-packages/airflow/example_dags/example_dynamic_task_mapping.py
[2024-12-13T08:21:17.755+0000] {processor.py:925} INFO - DAG(s) 'example_dynamic_task_mapping' retrieved from /opt/bitnami/airflow/venv/lib/python3.12/site-packages/airflow/example_dags/example_dynamic_task_mapping.py
[2024-12-13T08:21:17.788+0000] {logging_mixin.py:190} INFO - [2024-12-13T08:21:17.787+0000] {dag.py:3239} INFO - Sync 1 DAGs
[2024-12-13T08:21:17.807+0000] {logging_mixin.py:190} INFO - [2024-12-13T08:21:17.807+0000] {dag.py:4180} INFO - Setting next_dagrun for example_dynamic_task_mapping to None, run_after=None
[2024-12-13T08:21:17.834+0000] {processor.py:208} INFO - Processing /opt/bitnami/airflow/venv/lib/python3.12/site-packages/airflow/example_dags/example_dynamic_task_mapping.py took 0.092 seconds
[2024-12-13T08:21:48.579+0000] {processor.py:186} INFO - Started process (PID=308) to work on /opt/bitnami/airflow/venv/lib/python3.12/site-packages/airflow/example_dags/example_dynamic_task_mapping.py
[2024-12-13T08:21:48.580+0000] {processor.py:914} INFO - Processing file /opt/bitnami/airflow/venv/lib/python3.12/site-packages/airflow/example_dags/example_dynamic_task_mapping.py for tasks to queue
[2024-12-13T08:21:48.582+0000] {logging_mixin.py:190} INFO - [2024-12-13T08:21:48.582+0000] {dagbag.py:588} INFO - Filling up the DagBag from /opt/bitnami/airflow/venv/lib/python3.12/site-packages/airflow/example_dags/example_dynamic_task_mapping.py
[2024-12-13T08:21:48.590+0000] {processor.py:925} INFO - DAG(s) 'example_dynamic_task_mapping' retrieved from /opt/bitnami/airflow/venv/lib/python3.12/site-packages/airflow/example_dags/example_dynamic_task_mapping.py
[2024-12-13T08:21:48.628+0000] {logging_mixin.py:190} INFO - [2024-12-13T08:21:48.627+0000] {dag.py:3239} INFO - Sync 1 DAGs
[2024-12-13T08:21:48.649+0000] {logging_mixin.py:190} INFO - [2024-12-13T08:21:48.649+0000] {dag.py:4180} INFO - Setting next_dagrun for example_dynamic_task_mapping to None, run_after=None
[2024-12-13T08:21:48.675+0000] {processor.py:208} INFO - Processing /opt/bitnami/airflow/venv/lib/python3.12/site-packages/airflow/example_dags/example_dynamic_task_mapping.py took 0.101 seconds
[2024-12-13T08:22:18.916+0000] {processor.py:186} INFO - Started process (PID=365) to work on /opt/bitnami/airflow/venv/lib/python3.12/site-packages/airflow/example_dags/example_dynamic_task_mapping.py
[2024-12-13T08:22:18.917+0000] {processor.py:914} INFO - Processing file /opt/bitnami/airflow/venv/lib/python3.12/site-packages/airflow/example_dags/example_dynamic_task_mapping.py for tasks to queue
[2024-12-13T08:22:18.919+0000] {logging_mixin.py:190} INFO - [2024-12-13T08:22:18.919+0000] {dagbag.py:588} INFO - Filling up the DagBag from /opt/bitnami/airflow/venv/lib/python3.12/site-packages/airflow/example_dags/example_dynamic_task_mapping.py
[2024-12-13T08:22:18.924+0000] {processor.py:925} INFO - DAG(s) 'example_dynamic_task_mapping' retrieved from /opt/bitnami/airflow/venv/lib/python3.12/site-packages/airflow/example_dags/example_dynamic_task_mapping.py
[2024-12-13T08:22:18.953+0000] {logging_mixin.py:190} INFO - [2024-12-13T08:22:18.953+0000] {dag.py:3239} INFO - Sync 1 DAGs
[2024-12-13T08:22:18.970+0000] {logging_mixin.py:190} INFO - [2024-12-13T08:22:18.970+0000] {dag.py:4180} INFO - Setting next_dagrun for example_dynamic_task_mapping to None, run_after=None
[2024-12-13T08:22:18.989+0000] {processor.py:208} INFO - Processing /opt/bitnami/airflow/venv/lib/python3.12/site-packages/airflow/example_dags/example_dynamic_task_mapping.py took 0.078 seconds
[2024-12-13T08:22:49.783+0000] {processor.py:186} INFO - Started process (PID=422) to work on /opt/bitnami/airflow/venv/lib/python3.12/site-packages/airflow/example_dags/example_dynamic_task_mapping.py
[2024-12-13T08:22:49.784+0000] {processor.py:914} INFO - Processing file /opt/bitnami/airflow/venv/lib/python3.12/site-packages/airflow/example_dags/example_dynamic_task_mapping.py for tasks to queue
[2024-12-13T08:22:49.785+0000] {logging_mixin.py:190} INFO - [2024-12-13T08:22:49.785+0000] {dagbag.py:588} INFO - Filling up the DagBag from /opt/bitnami/airflow/venv/lib/python3.12/site-packages/airflow/example_dags/example_dynamic_task_mapping.py
[2024-12-13T08:22:49.791+0000] {processor.py:925} INFO - DAG(s) 'example_dynamic_task_mapping' retrieved from /opt/bitnami/airflow/venv/lib/python3.12/site-packages/airflow/example_dags/example_dynamic_task_mapping.py
[2024-12-13T08:22:49.818+0000] {logging_mixin.py:190} INFO - [2024-12-13T08:22:49.817+0000] {dag.py:3239} INFO - Sync 1 DAGs
[2024-12-13T08:22:49.835+0000] {logging_mixin.py:190} INFO - [2024-12-13T08:22:49.835+0000] {dag.py:4180} INFO - Setting next_dagrun for example_dynamic_task_mapping to None, run_after=None
[2024-12-13T08:22:49.854+0000] {processor.py:208} INFO - Processing /opt/bitnami/airflow/venv/lib/python3.12/site-packages/airflow/example_dags/example_dynamic_task_mapping.py took 0.075 seconds
[2024-12-13T08:25:47.165+0000] {processor.py:186} INFO - Started process (PID=80) to work on /opt/bitnami/airflow/venv/lib/python3.12/site-packages/airflow/example_dags/example_dynamic_task_mapping.py
[2024-12-13T08:25:47.166+0000] {processor.py:914} INFO - Processing file /opt/bitnami/airflow/venv/lib/python3.12/site-packages/airflow/example_dags/example_dynamic_task_mapping.py for tasks to queue
[2024-12-13T08:25:47.168+0000] {logging_mixin.py:190} INFO - [2024-12-13T08:25:47.168+0000] {dagbag.py:588} INFO - Filling up the DagBag from /opt/bitnami/airflow/venv/lib/python3.12/site-packages/airflow/example_dags/example_dynamic_task_mapping.py
[2024-12-13T08:25:47.176+0000] {processor.py:925} INFO - DAG(s) 'example_dynamic_task_mapping' retrieved from /opt/bitnami/airflow/venv/lib/python3.12/site-packages/airflow/example_dags/example_dynamic_task_mapping.py
[2024-12-13T08:25:47.215+0000] {logging_mixin.py:190} INFO - [2024-12-13T08:25:47.215+0000] {dag.py:3239} INFO - Sync 1 DAGs
[2024-12-13T08:25:47.238+0000] {logging_mixin.py:190} INFO - [2024-12-13T08:25:47.237+0000] {dag.py:4180} INFO - Setting next_dagrun for example_dynamic_task_mapping to None, run_after=None
[2024-12-13T08:25:47.260+0000] {processor.py:208} INFO - Processing /opt/bitnami/airflow/venv/lib/python3.12/site-packages/airflow/example_dags/example_dynamic_task_mapping.py took 0.100 seconds
[2024-12-13T08:26:18.082+0000] {processor.py:186} INFO - Started process (PID=137) to work on /opt/bitnami/airflow/venv/lib/python3.12/site-packages/airflow/example_dags/example_dynamic_task_mapping.py
[2024-12-13T08:26:18.083+0000] {processor.py:914} INFO - Processing file /opt/bitnami/airflow/venv/lib/python3.12/site-packages/airflow/example_dags/example_dynamic_task_mapping.py for tasks to queue
[2024-12-13T08:26:18.085+0000] {logging_mixin.py:190} INFO - [2024-12-13T08:26:18.085+0000] {dagbag.py:588} INFO - Filling up the DagBag from /opt/bitnami/airflow/venv/lib/python3.12/site-packages/airflow/example_dags/example_dynamic_task_mapping.py
[2024-12-13T08:26:18.090+0000] {processor.py:925} INFO - DAG(s) 'example_dynamic_task_mapping' retrieved from /opt/bitnami/airflow/venv/lib/python3.12/site-packages/airflow/example_dags/example_dynamic_task_mapping.py
[2024-12-13T08:26:18.114+0000] {logging_mixin.py:190} INFO - [2024-12-13T08:26:18.113+0000] {dag.py:3239} INFO - Sync 1 DAGs
[2024-12-13T08:26:18.131+0000] {logging_mixin.py:190} INFO - [2024-12-13T08:26:18.130+0000] {dag.py:4180} INFO - Setting next_dagrun for example_dynamic_task_mapping to None, run_after=None
[2024-12-13T08:26:18.148+0000] {processor.py:208} INFO - Processing /opt/bitnami/airflow/venv/lib/python3.12/site-packages/airflow/example_dags/example_dynamic_task_mapping.py took 0.070 seconds
[2024-12-13T08:26:50.001+0000] {processor.py:186} INFO - Started process (PID=194) to work on /opt/bitnami/airflow/venv/lib/python3.12/site-packages/airflow/example_dags/example_dynamic_task_mapping.py
[2024-12-13T08:26:50.002+0000] {processor.py:914} INFO - Processing file /opt/bitnami/airflow/venv/lib/python3.12/site-packages/airflow/example_dags/example_dynamic_task_mapping.py for tasks to queue
[2024-12-13T08:26:50.004+0000] {logging_mixin.py:190} INFO - [2024-12-13T08:26:50.004+0000] {dagbag.py:588} INFO - Filling up the DagBag from /opt/bitnami/airflow/venv/lib/python3.12/site-packages/airflow/example_dags/example_dynamic_task_mapping.py
[2024-12-13T08:26:50.009+0000] {processor.py:925} INFO - DAG(s) 'example_dynamic_task_mapping' retrieved from /opt/bitnami/airflow/venv/lib/python3.12/site-packages/airflow/example_dags/example_dynamic_task_mapping.py
[2024-12-13T08:26:50.097+0000] {logging_mixin.py:190} INFO - [2024-12-13T08:26:50.097+0000] {dag.py:3239} INFO - Sync 1 DAGs
[2024-12-13T08:26:50.113+0000] {logging_mixin.py:190} INFO - [2024-12-13T08:26:50.113+0000] {dag.py:4180} INFO - Setting next_dagrun for example_dynamic_task_mapping to None, run_after=None
[2024-12-13T08:26:50.133+0000] {processor.py:208} INFO - Processing /opt/bitnami/airflow/venv/lib/python3.12/site-packages/airflow/example_dags/example_dynamic_task_mapping.py took 0.137 seconds
[2024-12-13T08:27:20.379+0000] {processor.py:186} INFO - Started process (PID=251) to work on /opt/bitnami/airflow/venv/lib/python3.12/site-packages/airflow/example_dags/example_dynamic_task_mapping.py
[2024-12-13T08:27:20.380+0000] {processor.py:914} INFO - Processing file /opt/bitnami/airflow/venv/lib/python3.12/site-packages/airflow/example_dags/example_dynamic_task_mapping.py for tasks to queue
[2024-12-13T08:27:20.382+0000] {logging_mixin.py:190} INFO - [2024-12-13T08:27:20.382+0000] {dagbag.py:588} INFO - Filling up the DagBag from /opt/bitnami/airflow/venv/lib/python3.12/site-packages/airflow/example_dags/example_dynamic_task_mapping.py
[2024-12-13T08:27:20.388+0000] {processor.py:925} INFO - DAG(s) 'example_dynamic_task_mapping' retrieved from /opt/bitnami/airflow/venv/lib/python3.12/site-packages/airflow/example_dags/example_dynamic_task_mapping.py
[2024-12-13T08:27:20.430+0000] {logging_mixin.py:190} INFO - [2024-12-13T08:27:20.429+0000] {dag.py:3239} INFO - Sync 1 DAGs
[2024-12-13T08:27:20.451+0000] {logging_mixin.py:190} INFO - [2024-12-13T08:27:20.451+0000] {dag.py:4180} INFO - Setting next_dagrun for example_dynamic_task_mapping to None, run_after=None
[2024-12-13T08:27:20.474+0000] {processor.py:208} INFO - Processing /opt/bitnami/airflow/venv/lib/python3.12/site-packages/airflow/example_dags/example_dynamic_task_mapping.py took 0.101 seconds
[2024-12-13T10:42:42.818+0000] {processor.py:186} INFO - Started process (PID=80) to work on /opt/bitnami/airflow/venv/lib/python3.12/site-packages/airflow/example_dags/example_dynamic_task_mapping.py
[2024-12-13T10:42:42.820+0000] {processor.py:914} INFO - Processing file /opt/bitnami/airflow/venv/lib/python3.12/site-packages/airflow/example_dags/example_dynamic_task_mapping.py for tasks to queue
[2024-12-13T10:42:42.823+0000] {logging_mixin.py:190} INFO - [2024-12-13T10:42:42.823+0000] {dagbag.py:588} INFO - Filling up the DagBag from /opt/bitnami/airflow/venv/lib/python3.12/site-packages/airflow/example_dags/example_dynamic_task_mapping.py
[2024-12-13T10:42:42.832+0000] {processor.py:925} INFO - DAG(s) 'example_dynamic_task_mapping' retrieved from /opt/bitnami/airflow/venv/lib/python3.12/site-packages/airflow/example_dags/example_dynamic_task_mapping.py
[2024-12-13T10:42:43.017+0000] {logging_mixin.py:190} INFO - [2024-12-13T10:42:43.016+0000] {override.py:1900} INFO - Created Permission View: can read on DAG:example_dynamic_task_mapping
[2024-12-13T10:42:43.041+0000] {logging_mixin.py:190} INFO - [2024-12-13T10:42:43.040+0000] {override.py:1900} INFO - Created Permission View: can delete on DAG:example_dynamic_task_mapping
[2024-12-13T10:42:43.054+0000] {logging_mixin.py:190} INFO - [2024-12-13T10:42:43.054+0000] {override.py:1900} INFO - Created Permission View: can edit on DAG:example_dynamic_task_mapping
[2024-12-13T10:42:43.070+0000] {logging_mixin.py:190} INFO - [2024-12-13T10:42:43.069+0000] {override.py:1900} INFO - Created Permission View: can delete on DAG Run:example_dynamic_task_mapping
[2024-12-13T10:42:43.081+0000] {logging_mixin.py:190} INFO - [2024-12-13T10:42:43.081+0000] {override.py:1900} INFO - Created Permission View: can read on DAG Run:example_dynamic_task_mapping
[2024-12-13T10:42:43.096+0000] {logging_mixin.py:190} INFO - [2024-12-13T10:42:43.095+0000] {override.py:1900} INFO - Created Permission View: can create on DAG Run:example_dynamic_task_mapping
[2024-12-13T10:42:43.108+0000] {logging_mixin.py:190} INFO - [2024-12-13T10:42:43.108+0000] {override.py:1900} INFO - Created Permission View: menu access on DAG Run:example_dynamic_task_mapping
[2024-12-13T10:42:43.110+0000] {logging_mixin.py:190} INFO - [2024-12-13T10:42:43.109+0000] {dag.py:3239} INFO - Sync 1 DAGs
[2024-12-13T10:42:43.164+0000] {logging_mixin.py:190} INFO - [2024-12-13T10:42:43.164+0000] {dag.py:3262} INFO - Creating ORM DAG for example_dynamic_task_mapping
[2024-12-13T10:42:43.166+0000] {logging_mixin.py:190} INFO - [2024-12-13T10:42:43.166+0000] {dag.py:4180} INFO - Setting next_dagrun for example_dynamic_task_mapping to None, run_after=None
[2024-12-13T10:42:43.211+0000] {processor.py:208} INFO - Processing /opt/bitnami/airflow/venv/lib/python3.12/site-packages/airflow/example_dags/example_dynamic_task_mapping.py took 0.400 seconds
[2024-12-13T10:43:13.626+0000] {processor.py:186} INFO - Started process (PID=137) to work on /opt/bitnami/airflow/venv/lib/python3.12/site-packages/airflow/example_dags/example_dynamic_task_mapping.py
[2024-12-13T10:43:13.627+0000] {processor.py:914} INFO - Processing file /opt/bitnami/airflow/venv/lib/python3.12/site-packages/airflow/example_dags/example_dynamic_task_mapping.py for tasks to queue
[2024-12-13T10:43:13.629+0000] {logging_mixin.py:190} INFO - [2024-12-13T10:43:13.629+0000] {dagbag.py:588} INFO - Filling up the DagBag from /opt/bitnami/airflow/venv/lib/python3.12/site-packages/airflow/example_dags/example_dynamic_task_mapping.py
[2024-12-13T10:43:13.636+0000] {processor.py:925} INFO - DAG(s) 'example_dynamic_task_mapping' retrieved from /opt/bitnami/airflow/venv/lib/python3.12/site-packages/airflow/example_dags/example_dynamic_task_mapping.py
[2024-12-13T10:43:13.685+0000] {logging_mixin.py:190} INFO - [2024-12-13T10:43:13.685+0000] {dag.py:3239} INFO - Sync 1 DAGs
[2024-12-13T10:43:13.714+0000] {logging_mixin.py:190} INFO - [2024-12-13T10:43:13.714+0000] {dag.py:4180} INFO - Setting next_dagrun for example_dynamic_task_mapping to None, run_after=None
[2024-12-13T10:43:13.735+0000] {processor.py:208} INFO - Processing /opt/bitnami/airflow/venv/lib/python3.12/site-packages/airflow/example_dags/example_dynamic_task_mapping.py took 0.115 seconds
[2024-12-13T10:43:44.504+0000] {processor.py:186} INFO - Started process (PID=194) to work on /opt/bitnami/airflow/venv/lib/python3.12/site-packages/airflow/example_dags/example_dynamic_task_mapping.py
[2024-12-13T10:43:44.506+0000] {processor.py:914} INFO - Processing file /opt/bitnami/airflow/venv/lib/python3.12/site-packages/airflow/example_dags/example_dynamic_task_mapping.py for tasks to queue
[2024-12-13T10:43:44.508+0000] {logging_mixin.py:190} INFO - [2024-12-13T10:43:44.508+0000] {dagbag.py:588} INFO - Filling up the DagBag from /opt/bitnami/airflow/venv/lib/python3.12/site-packages/airflow/example_dags/example_dynamic_task_mapping.py
[2024-12-13T10:43:44.517+0000] {processor.py:925} INFO - DAG(s) 'example_dynamic_task_mapping' retrieved from /opt/bitnami/airflow/venv/lib/python3.12/site-packages/airflow/example_dags/example_dynamic_task_mapping.py
[2024-12-13T10:43:44.668+0000] {logging_mixin.py:190} INFO - [2024-12-13T10:43:44.667+0000] {dag.py:3239} INFO - Sync 1 DAGs
[2024-12-13T10:43:44.692+0000] {logging_mixin.py:190} INFO - [2024-12-13T10:43:44.691+0000] {dag.py:4180} INFO - Setting next_dagrun for example_dynamic_task_mapping to None, run_after=None
[2024-12-13T10:43:44.723+0000] {processor.py:208} INFO - Processing /opt/bitnami/airflow/venv/lib/python3.12/site-packages/airflow/example_dags/example_dynamic_task_mapping.py took 0.227 seconds
[2024-12-13T10:44:15.320+0000] {processor.py:186} INFO - Started process (PID=251) to work on /opt/bitnami/airflow/venv/lib/python3.12/site-packages/airflow/example_dags/example_dynamic_task_mapping.py
[2024-12-13T10:44:15.321+0000] {processor.py:914} INFO - Processing file /opt/bitnami/airflow/venv/lib/python3.12/site-packages/airflow/example_dags/example_dynamic_task_mapping.py for tasks to queue
[2024-12-13T10:44:15.323+0000] {logging_mixin.py:190} INFO - [2024-12-13T10:44:15.323+0000] {dagbag.py:588} INFO - Filling up the DagBag from /opt/bitnami/airflow/venv/lib/python3.12/site-packages/airflow/example_dags/example_dynamic_task_mapping.py
[2024-12-13T10:44:15.328+0000] {processor.py:925} INFO - DAG(s) 'example_dynamic_task_mapping' retrieved from /opt/bitnami/airflow/venv/lib/python3.12/site-packages/airflow/example_dags/example_dynamic_task_mapping.py
[2024-12-13T10:44:15.362+0000] {logging_mixin.py:190} INFO - [2024-12-13T10:44:15.361+0000] {dag.py:3239} INFO - Sync 1 DAGs
[2024-12-13T10:44:15.393+0000] {logging_mixin.py:190} INFO - [2024-12-13T10:44:15.393+0000] {dag.py:4180} INFO - Setting next_dagrun for example_dynamic_task_mapping to None, run_after=None
[2024-12-13T10:44:15.425+0000] {processor.py:208} INFO - Processing /opt/bitnami/airflow/venv/lib/python3.12/site-packages/airflow/example_dags/example_dynamic_task_mapping.py took 0.111 seconds
[2024-12-13T10:44:45.951+0000] {processor.py:186} INFO - Started process (PID=308) to work on /opt/bitnami/airflow/venv/lib/python3.12/site-packages/airflow/example_dags/example_dynamic_task_mapping.py
[2024-12-13T10:44:45.952+0000] {processor.py:914} INFO - Processing file /opt/bitnami/airflow/venv/lib/python3.12/site-packages/airflow/example_dags/example_dynamic_task_mapping.py for tasks to queue
[2024-12-13T10:44:45.955+0000] {logging_mixin.py:190} INFO - [2024-12-13T10:44:45.955+0000] {dagbag.py:588} INFO - Filling up the DagBag from /opt/bitnami/airflow/venv/lib/python3.12/site-packages/airflow/example_dags/example_dynamic_task_mapping.py
[2024-12-13T10:44:45.962+0000] {processor.py:925} INFO - DAG(s) 'example_dynamic_task_mapping' retrieved from /opt/bitnami/airflow/venv/lib/python3.12/site-packages/airflow/example_dags/example_dynamic_task_mapping.py
[2024-12-13T10:44:46.036+0000] {logging_mixin.py:190} INFO - [2024-12-13T10:44:46.036+0000] {dag.py:3239} INFO - Sync 1 DAGs
[2024-12-13T10:44:46.062+0000] {logging_mixin.py:190} INFO - [2024-12-13T10:44:46.062+0000] {dag.py:4180} INFO - Setting next_dagrun for example_dynamic_task_mapping to None, run_after=None
[2024-12-13T10:44:46.104+0000] {processor.py:208} INFO - Processing /opt/bitnami/airflow/venv/lib/python3.12/site-packages/airflow/example_dags/example_dynamic_task_mapping.py took 0.159 seconds
[2024-12-13T10:52:14.229+0000] {processor.py:186} INFO - Started process (PID=80) to work on /opt/bitnami/airflow/venv/lib/python3.12/site-packages/airflow/example_dags/example_dynamic_task_mapping.py
[2024-12-13T10:52:14.230+0000] {processor.py:914} INFO - Processing file /opt/bitnami/airflow/venv/lib/python3.12/site-packages/airflow/example_dags/example_dynamic_task_mapping.py for tasks to queue
[2024-12-13T10:52:14.232+0000] {logging_mixin.py:190} INFO - [2024-12-13T10:52:14.232+0000] {dagbag.py:588} INFO - Filling up the DagBag from /opt/bitnami/airflow/venv/lib/python3.12/site-packages/airflow/example_dags/example_dynamic_task_mapping.py
[2024-12-13T10:52:14.239+0000] {processor.py:925} INFO - DAG(s) 'example_dynamic_task_mapping' retrieved from /opt/bitnami/airflow/venv/lib/python3.12/site-packages/airflow/example_dags/example_dynamic_task_mapping.py
[2024-12-13T10:52:14.352+0000] {logging_mixin.py:190} INFO - [2024-12-13T10:52:14.352+0000] {override.py:1900} INFO - Created Permission View: can read on DAG:example_dynamic_task_mapping
[2024-12-13T10:52:14.367+0000] {logging_mixin.py:190} INFO - [2024-12-13T10:52:14.367+0000] {override.py:1900} INFO - Created Permission View: can delete on DAG:example_dynamic_task_mapping
[2024-12-13T10:52:14.376+0000] {logging_mixin.py:190} INFO - [2024-12-13T10:52:14.376+0000] {override.py:1900} INFO - Created Permission View: can edit on DAG:example_dynamic_task_mapping
[2024-12-13T10:52:14.395+0000] {logging_mixin.py:190} INFO - [2024-12-13T10:52:14.395+0000] {override.py:1900} INFO - Created Permission View: menu access on DAG Run:example_dynamic_task_mapping
[2024-12-13T10:52:14.404+0000] {logging_mixin.py:190} INFO - [2024-12-13T10:52:14.404+0000] {override.py:1900} INFO - Created Permission View: can read on DAG Run:example_dynamic_task_mapping
[2024-12-13T10:52:14.413+0000] {logging_mixin.py:190} INFO - [2024-12-13T10:52:14.413+0000] {override.py:1900} INFO - Created Permission View: can delete on DAG Run:example_dynamic_task_mapping
[2024-12-13T10:52:14.422+0000] {logging_mixin.py:190} INFO - [2024-12-13T10:52:14.422+0000] {override.py:1900} INFO - Created Permission View: can create on DAG Run:example_dynamic_task_mapping
[2024-12-13T10:52:14.423+0000] {logging_mixin.py:190} INFO - [2024-12-13T10:52:14.422+0000] {dag.py:3239} INFO - Sync 1 DAGs
[2024-12-13T10:52:14.463+0000] {logging_mixin.py:190} INFO - [2024-12-13T10:52:14.462+0000] {dag.py:3262} INFO - Creating ORM DAG for example_dynamic_task_mapping
[2024-12-13T10:52:14.464+0000] {logging_mixin.py:190} INFO - [2024-12-13T10:52:14.464+0000] {dag.py:4180} INFO - Setting next_dagrun for example_dynamic_task_mapping to None, run_after=None
[2024-12-13T10:52:14.493+0000] {processor.py:208} INFO - Processing /opt/bitnami/airflow/venv/lib/python3.12/site-packages/airflow/example_dags/example_dynamic_task_mapping.py took 0.270 seconds
[2024-12-13T10:52:44.814+0000] {processor.py:186} INFO - Started process (PID=137) to work on /opt/bitnami/airflow/venv/lib/python3.12/site-packages/airflow/example_dags/example_dynamic_task_mapping.py
[2024-12-13T10:52:44.816+0000] {processor.py:914} INFO - Processing file /opt/bitnami/airflow/venv/lib/python3.12/site-packages/airflow/example_dags/example_dynamic_task_mapping.py for tasks to queue
[2024-12-13T10:52:44.819+0000] {logging_mixin.py:190} INFO - [2024-12-13T10:52:44.819+0000] {dagbag.py:588} INFO - Filling up the DagBag from /opt/bitnami/airflow/venv/lib/python3.12/site-packages/airflow/example_dags/example_dynamic_task_mapping.py
[2024-12-13T10:52:44.825+0000] {processor.py:925} INFO - DAG(s) 'example_dynamic_task_mapping' retrieved from /opt/bitnami/airflow/venv/lib/python3.12/site-packages/airflow/example_dags/example_dynamic_task_mapping.py
[2024-12-13T10:52:44.912+0000] {logging_mixin.py:190} INFO - [2024-12-13T10:52:44.911+0000] {dag.py:3239} INFO - Sync 1 DAGs
[2024-12-13T10:52:44.960+0000] {logging_mixin.py:190} INFO - [2024-12-13T10:52:44.959+0000] {dag.py:4180} INFO - Setting next_dagrun for example_dynamic_task_mapping to None, run_after=None
[2024-12-13T10:52:44.992+0000] {processor.py:208} INFO - Processing /opt/bitnami/airflow/venv/lib/python3.12/site-packages/airflow/example_dags/example_dynamic_task_mapping.py took 0.186 seconds
[2024-12-13T10:53:16.572+0000] {processor.py:186} INFO - Started process (PID=194) to work on /opt/bitnami/airflow/venv/lib/python3.12/site-packages/airflow/example_dags/example_dynamic_task_mapping.py
[2024-12-13T10:53:16.574+0000] {processor.py:914} INFO - Processing file /opt/bitnami/airflow/venv/lib/python3.12/site-packages/airflow/example_dags/example_dynamic_task_mapping.py for tasks to queue
[2024-12-13T10:53:16.577+0000] {logging_mixin.py:190} INFO - [2024-12-13T10:53:16.577+0000] {dagbag.py:588} INFO - Filling up the DagBag from /opt/bitnami/airflow/venv/lib/python3.12/site-packages/airflow/example_dags/example_dynamic_task_mapping.py
[2024-12-13T10:53:16.585+0000] {processor.py:925} INFO - DAG(s) 'example_dynamic_task_mapping' retrieved from /opt/bitnami/airflow/venv/lib/python3.12/site-packages/airflow/example_dags/example_dynamic_task_mapping.py
[2024-12-13T10:53:16.737+0000] {logging_mixin.py:190} INFO - [2024-12-13T10:53:16.736+0000] {dag.py:3239} INFO - Sync 1 DAGs
[2024-12-13T10:53:16.764+0000] {logging_mixin.py:190} INFO - [2024-12-13T10:53:16.764+0000] {dag.py:4180} INFO - Setting next_dagrun for example_dynamic_task_mapping to None, run_after=None
[2024-12-13T10:53:16.806+0000] {processor.py:208} INFO - Processing /opt/bitnami/airflow/venv/lib/python3.12/site-packages/airflow/example_dags/example_dynamic_task_mapping.py took 0.241 seconds
[2024-12-13T10:53:47.230+0000] {processor.py:186} INFO - Started process (PID=251) to work on /opt/bitnami/airflow/venv/lib/python3.12/site-packages/airflow/example_dags/example_dynamic_task_mapping.py
[2024-12-13T10:53:47.231+0000] {processor.py:914} INFO - Processing file /opt/bitnami/airflow/venv/lib/python3.12/site-packages/airflow/example_dags/example_dynamic_task_mapping.py for tasks to queue
[2024-12-13T10:53:47.234+0000] {logging_mixin.py:190} INFO - [2024-12-13T10:53:47.233+0000] {dagbag.py:588} INFO - Filling up the DagBag from /opt/bitnami/airflow/venv/lib/python3.12/site-packages/airflow/example_dags/example_dynamic_task_mapping.py
[2024-12-13T10:53:47.240+0000] {processor.py:925} INFO - DAG(s) 'example_dynamic_task_mapping' retrieved from /opt/bitnami/airflow/venv/lib/python3.12/site-packages/airflow/example_dags/example_dynamic_task_mapping.py
[2024-12-13T10:53:47.330+0000] {logging_mixin.py:190} INFO - [2024-12-13T10:53:47.329+0000] {dag.py:3239} INFO - Sync 1 DAGs
[2024-12-13T10:53:47.365+0000] {logging_mixin.py:190} INFO - [2024-12-13T10:53:47.365+0000] {dag.py:4180} INFO - Setting next_dagrun for example_dynamic_task_mapping to None, run_after=None
[2024-12-13T10:53:47.413+0000] {processor.py:208} INFO - Processing /opt/bitnami/airflow/venv/lib/python3.12/site-packages/airflow/example_dags/example_dynamic_task_mapping.py took 0.189 seconds
[2024-12-13T10:54:18.241+0000] {processor.py:186} INFO - Started process (PID=308) to work on /opt/bitnami/airflow/venv/lib/python3.12/site-packages/airflow/example_dags/example_dynamic_task_mapping.py
[2024-12-13T10:54:18.242+0000] {processor.py:914} INFO - Processing file /opt/bitnami/airflow/venv/lib/python3.12/site-packages/airflow/example_dags/example_dynamic_task_mapping.py for tasks to queue
[2024-12-13T10:54:18.245+0000] {logging_mixin.py:190} INFO - [2024-12-13T10:54:18.245+0000] {dagbag.py:588} INFO - Filling up the DagBag from /opt/bitnami/airflow/venv/lib/python3.12/site-packages/airflow/example_dags/example_dynamic_task_mapping.py
[2024-12-13T10:54:18.251+0000] {processor.py:925} INFO - DAG(s) 'example_dynamic_task_mapping' retrieved from /opt/bitnami/airflow/venv/lib/python3.12/site-packages/airflow/example_dags/example_dynamic_task_mapping.py
[2024-12-13T10:54:18.307+0000] {logging_mixin.py:190} INFO - [2024-12-13T10:54:18.307+0000] {dag.py:3239} INFO - Sync 1 DAGs
[2024-12-13T10:54:18.333+0000] {logging_mixin.py:190} INFO - [2024-12-13T10:54:18.333+0000] {dag.py:4180} INFO - Setting next_dagrun for example_dynamic_task_mapping to None, run_after=None
[2024-12-13T10:54:18.362+0000] {processor.py:208} INFO - Processing /opt/bitnami/airflow/venv/lib/python3.12/site-packages/airflow/example_dags/example_dynamic_task_mapping.py took 0.128 seconds
[2024-12-13T10:54:49.065+0000] {processor.py:186} INFO - Started process (PID=365) to work on /opt/bitnami/airflow/venv/lib/python3.12/site-packages/airflow/example_dags/example_dynamic_task_mapping.py
[2024-12-13T10:54:49.066+0000] {processor.py:914} INFO - Processing file /opt/bitnami/airflow/venv/lib/python3.12/site-packages/airflow/example_dags/example_dynamic_task_mapping.py for tasks to queue
[2024-12-13T10:54:49.069+0000] {logging_mixin.py:190} INFO - [2024-12-13T10:54:49.069+0000] {dagbag.py:588} INFO - Filling up the DagBag from /opt/bitnami/airflow/venv/lib/python3.12/site-packages/airflow/example_dags/example_dynamic_task_mapping.py
[2024-12-13T10:54:49.079+0000] {processor.py:925} INFO - DAG(s) 'example_dynamic_task_mapping' retrieved from /opt/bitnami/airflow/venv/lib/python3.12/site-packages/airflow/example_dags/example_dynamic_task_mapping.py
[2024-12-13T10:54:49.142+0000] {logging_mixin.py:190} INFO - [2024-12-13T10:54:49.141+0000] {dag.py:3239} INFO - Sync 1 DAGs
[2024-12-13T10:54:49.177+0000] {logging_mixin.py:190} INFO - [2024-12-13T10:54:49.177+0000] {dag.py:4180} INFO - Setting next_dagrun for example_dynamic_task_mapping to None, run_after=None
[2024-12-13T10:54:49.206+0000] {processor.py:208} INFO - Processing /opt/bitnami/airflow/venv/lib/python3.12/site-packages/airflow/example_dags/example_dynamic_task_mapping.py took 0.147 seconds
[2024-12-13T10:55:19.761+0000] {processor.py:186} INFO - Started process (PID=422) to work on /opt/bitnami/airflow/venv/lib/python3.12/site-packages/airflow/example_dags/example_dynamic_task_mapping.py
[2024-12-13T10:55:19.761+0000] {processor.py:914} INFO - Processing file /opt/bitnami/airflow/venv/lib/python3.12/site-packages/airflow/example_dags/example_dynamic_task_mapping.py for tasks to queue
[2024-12-13T10:55:19.763+0000] {logging_mixin.py:190} INFO - [2024-12-13T10:55:19.763+0000] {dagbag.py:588} INFO - Filling up the DagBag from /opt/bitnami/airflow/venv/lib/python3.12/site-packages/airflow/example_dags/example_dynamic_task_mapping.py
[2024-12-13T10:55:19.770+0000] {processor.py:925} INFO - DAG(s) 'example_dynamic_task_mapping' retrieved from /opt/bitnami/airflow/venv/lib/python3.12/site-packages/airflow/example_dags/example_dynamic_task_mapping.py
[2024-12-13T10:55:19.835+0000] {logging_mixin.py:190} INFO - [2024-12-13T10:55:19.834+0000] {dag.py:3239} INFO - Sync 1 DAGs
[2024-12-13T10:55:19.864+0000] {logging_mixin.py:190} INFO - [2024-12-13T10:55:19.863+0000] {dag.py:4180} INFO - Setting next_dagrun for example_dynamic_task_mapping to None, run_after=None
[2024-12-13T10:55:19.893+0000] {processor.py:208} INFO - Processing /opt/bitnami/airflow/venv/lib/python3.12/site-packages/airflow/example_dags/example_dynamic_task_mapping.py took 0.137 seconds
[2024-12-13T10:55:50.742+0000] {processor.py:186} INFO - Started process (PID=479) to work on /opt/bitnami/airflow/venv/lib/python3.12/site-packages/airflow/example_dags/example_dynamic_task_mapping.py
[2024-12-13T10:55:50.744+0000] {processor.py:914} INFO - Processing file /opt/bitnami/airflow/venv/lib/python3.12/site-packages/airflow/example_dags/example_dynamic_task_mapping.py for tasks to queue
[2024-12-13T10:55:50.748+0000] {logging_mixin.py:190} INFO - [2024-12-13T10:55:50.747+0000] {dagbag.py:588} INFO - Filling up the DagBag from /opt/bitnami/airflow/venv/lib/python3.12/site-packages/airflow/example_dags/example_dynamic_task_mapping.py
[2024-12-13T10:55:50.757+0000] {processor.py:925} INFO - DAG(s) 'example_dynamic_task_mapping' retrieved from /opt/bitnami/airflow/venv/lib/python3.12/site-packages/airflow/example_dags/example_dynamic_task_mapping.py
[2024-12-13T10:55:50.835+0000] {logging_mixin.py:190} INFO - [2024-12-13T10:55:50.835+0000] {dag.py:3239} INFO - Sync 1 DAGs
[2024-12-13T10:55:50.874+0000] {logging_mixin.py:190} INFO - [2024-12-13T10:55:50.874+0000] {dag.py:4180} INFO - Setting next_dagrun for example_dynamic_task_mapping to None, run_after=None
[2024-12-13T10:55:50.918+0000] {processor.py:208} INFO - Processing /opt/bitnami/airflow/venv/lib/python3.12/site-packages/airflow/example_dags/example_dynamic_task_mapping.py took 0.184 seconds
[2024-12-13T10:56:21.694+0000] {processor.py:186} INFO - Started process (PID=536) to work on /opt/bitnami/airflow/venv/lib/python3.12/site-packages/airflow/example_dags/example_dynamic_task_mapping.py
[2024-12-13T10:56:21.695+0000] {processor.py:914} INFO - Processing file /opt/bitnami/airflow/venv/lib/python3.12/site-packages/airflow/example_dags/example_dynamic_task_mapping.py for tasks to queue
[2024-12-13T10:56:21.699+0000] {logging_mixin.py:190} INFO - [2024-12-13T10:56:21.698+0000] {dagbag.py:588} INFO - Filling up the DagBag from /opt/bitnami/airflow/venv/lib/python3.12/site-packages/airflow/example_dags/example_dynamic_task_mapping.py
[2024-12-13T10:56:21.705+0000] {processor.py:925} INFO - DAG(s) 'example_dynamic_task_mapping' retrieved from /opt/bitnami/airflow/venv/lib/python3.12/site-packages/airflow/example_dags/example_dynamic_task_mapping.py
[2024-12-13T10:56:21.770+0000] {logging_mixin.py:190} INFO - [2024-12-13T10:56:21.770+0000] {dag.py:3239} INFO - Sync 1 DAGs
[2024-12-13T10:56:21.796+0000] {logging_mixin.py:190} INFO - [2024-12-13T10:56:21.796+0000] {dag.py:4180} INFO - Setting next_dagrun for example_dynamic_task_mapping to None, run_after=None
[2024-12-13T10:56:21.823+0000] {processor.py:208} INFO - Processing /opt/bitnami/airflow/venv/lib/python3.12/site-packages/airflow/example_dags/example_dynamic_task_mapping.py took 0.134 seconds
[2024-12-13T10:56:52.569+0000] {processor.py:186} INFO - Started process (PID=593) to work on /opt/bitnami/airflow/venv/lib/python3.12/site-packages/airflow/example_dags/example_dynamic_task_mapping.py
[2024-12-13T10:56:52.571+0000] {processor.py:914} INFO - Processing file /opt/bitnami/airflow/venv/lib/python3.12/site-packages/airflow/example_dags/example_dynamic_task_mapping.py for tasks to queue
[2024-12-13T10:56:52.572+0000] {logging_mixin.py:190} INFO - [2024-12-13T10:56:52.572+0000] {dagbag.py:588} INFO - Filling up the DagBag from /opt/bitnami/airflow/venv/lib/python3.12/site-packages/airflow/example_dags/example_dynamic_task_mapping.py
[2024-12-13T10:56:52.577+0000] {processor.py:925} INFO - DAG(s) 'example_dynamic_task_mapping' retrieved from /opt/bitnami/airflow/venv/lib/python3.12/site-packages/airflow/example_dags/example_dynamic_task_mapping.py
[2024-12-13T10:56:52.617+0000] {logging_mixin.py:190} INFO - [2024-12-13T10:56:52.617+0000] {dag.py:3239} INFO - Sync 1 DAGs
[2024-12-13T10:56:52.639+0000] {logging_mixin.py:190} INFO - [2024-12-13T10:56:52.639+0000] {dag.py:4180} INFO - Setting next_dagrun for example_dynamic_task_mapping to None, run_after=None
[2024-12-13T10:56:52.664+0000] {processor.py:208} INFO - Processing /opt/bitnami/airflow/venv/lib/python3.12/site-packages/airflow/example_dags/example_dynamic_task_mapping.py took 0.099 seconds
[2024-12-13T10:57:23.010+0000] {processor.py:186} INFO - Started process (PID=650) to work on /opt/bitnami/airflow/venv/lib/python3.12/site-packages/airflow/example_dags/example_dynamic_task_mapping.py
[2024-12-13T10:57:23.011+0000] {processor.py:914} INFO - Processing file /opt/bitnami/airflow/venv/lib/python3.12/site-packages/airflow/example_dags/example_dynamic_task_mapping.py for tasks to queue
[2024-12-13T10:57:23.013+0000] {logging_mixin.py:190} INFO - [2024-12-13T10:57:23.013+0000] {dagbag.py:588} INFO - Filling up the DagBag from /opt/bitnami/airflow/venv/lib/python3.12/site-packages/airflow/example_dags/example_dynamic_task_mapping.py
[2024-12-13T10:57:23.019+0000] {processor.py:925} INFO - DAG(s) 'example_dynamic_task_mapping' retrieved from /opt/bitnami/airflow/venv/lib/python3.12/site-packages/airflow/example_dags/example_dynamic_task_mapping.py
[2024-12-13T10:57:23.054+0000] {logging_mixin.py:190} INFO - [2024-12-13T10:57:23.053+0000] {dag.py:3239} INFO - Sync 1 DAGs
[2024-12-13T10:57:23.074+0000] {logging_mixin.py:190} INFO - [2024-12-13T10:57:23.074+0000] {dag.py:4180} INFO - Setting next_dagrun for example_dynamic_task_mapping to None, run_after=None
[2024-12-13T10:57:23.094+0000] {processor.py:208} INFO - Processing /opt/bitnami/airflow/venv/lib/python3.12/site-packages/airflow/example_dags/example_dynamic_task_mapping.py took 0.089 seconds
[2024-12-13T10:57:53.609+0000] {processor.py:186} INFO - Started process (PID=707) to work on /opt/bitnami/airflow/venv/lib/python3.12/site-packages/airflow/example_dags/example_dynamic_task_mapping.py
[2024-12-13T10:57:53.611+0000] {processor.py:914} INFO - Processing file /opt/bitnami/airflow/venv/lib/python3.12/site-packages/airflow/example_dags/example_dynamic_task_mapping.py for tasks to queue
[2024-12-13T10:57:53.616+0000] {logging_mixin.py:190} INFO - [2024-12-13T10:57:53.615+0000] {dagbag.py:588} INFO - Filling up the DagBag from /opt/bitnami/airflow/venv/lib/python3.12/site-packages/airflow/example_dags/example_dynamic_task_mapping.py
[2024-12-13T10:57:53.623+0000] {processor.py:925} INFO - DAG(s) 'example_dynamic_task_mapping' retrieved from /opt/bitnami/airflow/venv/lib/python3.12/site-packages/airflow/example_dags/example_dynamic_task_mapping.py
[2024-12-13T10:57:53.691+0000] {logging_mixin.py:190} INFO - [2024-12-13T10:57:53.690+0000] {dag.py:3239} INFO - Sync 1 DAGs
[2024-12-13T10:57:53.716+0000] {logging_mixin.py:190} INFO - [2024-12-13T10:57:53.716+0000] {dag.py:4180} INFO - Setting next_dagrun for example_dynamic_task_mapping to None, run_after=None
[2024-12-13T10:57:53.745+0000] {processor.py:208} INFO - Processing /opt/bitnami/airflow/venv/lib/python3.12/site-packages/airflow/example_dags/example_dynamic_task_mapping.py took 0.143 seconds
[2024-12-13T10:58:24.598+0000] {processor.py:186} INFO - Started process (PID=764) to work on /opt/bitnami/airflow/venv/lib/python3.12/site-packages/airflow/example_dags/example_dynamic_task_mapping.py
[2024-12-13T10:58:24.599+0000] {processor.py:914} INFO - Processing file /opt/bitnami/airflow/venv/lib/python3.12/site-packages/airflow/example_dags/example_dynamic_task_mapping.py for tasks to queue
[2024-12-13T10:58:24.602+0000] {logging_mixin.py:190} INFO - [2024-12-13T10:58:24.602+0000] {dagbag.py:588} INFO - Filling up the DagBag from /opt/bitnami/airflow/venv/lib/python3.12/site-packages/airflow/example_dags/example_dynamic_task_mapping.py
[2024-12-13T10:58:24.613+0000] {processor.py:925} INFO - DAG(s) 'example_dynamic_task_mapping' retrieved from /opt/bitnami/airflow/venv/lib/python3.12/site-packages/airflow/example_dags/example_dynamic_task_mapping.py
[2024-12-13T10:58:24.653+0000] {logging_mixin.py:190} INFO - [2024-12-13T10:58:24.652+0000] {dag.py:3239} INFO - Sync 1 DAGs
[2024-12-13T10:58:24.673+0000] {logging_mixin.py:190} INFO - [2024-12-13T10:58:24.672+0000] {dag.py:4180} INFO - Setting next_dagrun for example_dynamic_task_mapping to None, run_after=None
[2024-12-13T10:58:24.699+0000] {processor.py:208} INFO - Processing /opt/bitnami/airflow/venv/lib/python3.12/site-packages/airflow/example_dags/example_dynamic_task_mapping.py took 0.106 seconds
[2024-12-13T10:58:55.473+0000] {processor.py:186} INFO - Started process (PID=821) to work on /opt/bitnami/airflow/venv/lib/python3.12/site-packages/airflow/example_dags/example_dynamic_task_mapping.py
[2024-12-13T10:58:55.474+0000] {processor.py:914} INFO - Processing file /opt/bitnami/airflow/venv/lib/python3.12/site-packages/airflow/example_dags/example_dynamic_task_mapping.py for tasks to queue
[2024-12-13T10:58:55.476+0000] {logging_mixin.py:190} INFO - [2024-12-13T10:58:55.476+0000] {dagbag.py:588} INFO - Filling up the DagBag from /opt/bitnami/airflow/venv/lib/python3.12/site-packages/airflow/example_dags/example_dynamic_task_mapping.py
[2024-12-13T10:58:55.486+0000] {processor.py:925} INFO - DAG(s) 'example_dynamic_task_mapping' retrieved from /opt/bitnami/airflow/venv/lib/python3.12/site-packages/airflow/example_dags/example_dynamic_task_mapping.py
[2024-12-13T10:58:55.568+0000] {logging_mixin.py:190} INFO - [2024-12-13T10:58:55.567+0000] {dag.py:3239} INFO - Sync 1 DAGs
[2024-12-13T10:58:55.591+0000] {logging_mixin.py:190} INFO - [2024-12-13T10:58:55.591+0000] {dag.py:4180} INFO - Setting next_dagrun for example_dynamic_task_mapping to None, run_after=None
[2024-12-13T10:58:55.619+0000] {processor.py:208} INFO - Processing /opt/bitnami/airflow/venv/lib/python3.12/site-packages/airflow/example_dags/example_dynamic_task_mapping.py took 0.152 seconds
[2024-12-13T11:07:32.703+0000] {processor.py:186} INFO - Started process (PID=80) to work on /opt/bitnami/airflow/venv/lib/python3.12/site-packages/airflow/example_dags/example_dynamic_task_mapping.py
[2024-12-13T11:07:32.704+0000] {processor.py:914} INFO - Processing file /opt/bitnami/airflow/venv/lib/python3.12/site-packages/airflow/example_dags/example_dynamic_task_mapping.py for tasks to queue
[2024-12-13T11:07:32.708+0000] {logging_mixin.py:190} INFO - [2024-12-13T11:07:32.707+0000] {dagbag.py:588} INFO - Filling up the DagBag from /opt/bitnami/airflow/venv/lib/python3.12/site-packages/airflow/example_dags/example_dynamic_task_mapping.py
[2024-12-13T11:07:32.715+0000] {processor.py:925} INFO - DAG(s) 'example_dynamic_task_mapping' retrieved from /opt/bitnami/airflow/venv/lib/python3.12/site-packages/airflow/example_dags/example_dynamic_task_mapping.py
[2024-12-13T11:07:32.823+0000] {logging_mixin.py:190} INFO - [2024-12-13T11:07:32.822+0000] {dag.py:3239} INFO - Sync 1 DAGs
[2024-12-13T11:07:32.862+0000] {logging_mixin.py:190} INFO - [2024-12-13T11:07:32.861+0000] {dag.py:4180} INFO - Setting next_dagrun for example_dynamic_task_mapping to None, run_after=None
[2024-12-13T11:07:32.906+0000] {processor.py:208} INFO - Processing /opt/bitnami/airflow/venv/lib/python3.12/site-packages/airflow/example_dags/example_dynamic_task_mapping.py took 0.210 seconds
[2024-12-13T11:08:03.313+0000] {processor.py:186} INFO - Started process (PID=137) to work on /opt/bitnami/airflow/venv/lib/python3.12/site-packages/airflow/example_dags/example_dynamic_task_mapping.py
[2024-12-13T11:08:03.315+0000] {processor.py:914} INFO - Processing file /opt/bitnami/airflow/venv/lib/python3.12/site-packages/airflow/example_dags/example_dynamic_task_mapping.py for tasks to queue
[2024-12-13T11:08:03.317+0000] {logging_mixin.py:190} INFO - [2024-12-13T11:08:03.317+0000] {dagbag.py:588} INFO - Filling up the DagBag from /opt/bitnami/airflow/venv/lib/python3.12/site-packages/airflow/example_dags/example_dynamic_task_mapping.py
[2024-12-13T11:08:03.325+0000] {processor.py:925} INFO - DAG(s) 'example_dynamic_task_mapping' retrieved from /opt/bitnami/airflow/venv/lib/python3.12/site-packages/airflow/example_dags/example_dynamic_task_mapping.py
[2024-12-13T11:08:03.394+0000] {logging_mixin.py:190} INFO - [2024-12-13T11:08:03.394+0000] {dag.py:3239} INFO - Sync 1 DAGs
[2024-12-13T11:08:03.436+0000] {logging_mixin.py:190} INFO - [2024-12-13T11:08:03.436+0000] {dag.py:4180} INFO - Setting next_dagrun for example_dynamic_task_mapping to None, run_after=None
[2024-12-13T11:08:03.476+0000] {processor.py:208} INFO - Processing /opt/bitnami/airflow/venv/lib/python3.12/site-packages/airflow/example_dags/example_dynamic_task_mapping.py took 0.169 seconds
[2024-12-13T11:08:35.990+0000] {processor.py:186} INFO - Started process (PID=194) to work on /opt/bitnami/airflow/venv/lib/python3.12/site-packages/airflow/example_dags/example_dynamic_task_mapping.py
[2024-12-13T11:08:35.991+0000] {processor.py:914} INFO - Processing file /opt/bitnami/airflow/venv/lib/python3.12/site-packages/airflow/example_dags/example_dynamic_task_mapping.py for tasks to queue
[2024-12-13T11:08:35.993+0000] {logging_mixin.py:190} INFO - [2024-12-13T11:08:35.993+0000] {dagbag.py:588} INFO - Filling up the DagBag from /opt/bitnami/airflow/venv/lib/python3.12/site-packages/airflow/example_dags/example_dynamic_task_mapping.py
[2024-12-13T11:08:35.999+0000] {processor.py:925} INFO - DAG(s) 'example_dynamic_task_mapping' retrieved from /opt/bitnami/airflow/venv/lib/python3.12/site-packages/airflow/example_dags/example_dynamic_task_mapping.py
[2024-12-13T11:08:36.096+0000] {logging_mixin.py:190} INFO - [2024-12-13T11:08:36.096+0000] {dag.py:3239} INFO - Sync 1 DAGs
[2024-12-13T11:08:36.130+0000] {logging_mixin.py:190} INFO - [2024-12-13T11:08:36.130+0000] {dag.py:4180} INFO - Setting next_dagrun for example_dynamic_task_mapping to None, run_after=None
[2024-12-13T11:08:36.171+0000] {processor.py:208} INFO - Processing /opt/bitnami/airflow/venv/lib/python3.12/site-packages/airflow/example_dags/example_dynamic_task_mapping.py took 0.186 seconds
[2024-12-13T11:09:06.730+0000] {processor.py:186} INFO - Started process (PID=251) to work on /opt/bitnami/airflow/venv/lib/python3.12/site-packages/airflow/example_dags/example_dynamic_task_mapping.py
[2024-12-13T11:09:06.732+0000] {processor.py:914} INFO - Processing file /opt/bitnami/airflow/venv/lib/python3.12/site-packages/airflow/example_dags/example_dynamic_task_mapping.py for tasks to queue
[2024-12-13T11:09:06.735+0000] {logging_mixin.py:190} INFO - [2024-12-13T11:09:06.735+0000] {dagbag.py:588} INFO - Filling up the DagBag from /opt/bitnami/airflow/venv/lib/python3.12/site-packages/airflow/example_dags/example_dynamic_task_mapping.py
[2024-12-13T11:09:06.742+0000] {processor.py:925} INFO - DAG(s) 'example_dynamic_task_mapping' retrieved from /opt/bitnami/airflow/venv/lib/python3.12/site-packages/airflow/example_dags/example_dynamic_task_mapping.py
[2024-12-13T11:09:06.843+0000] {logging_mixin.py:190} INFO - [2024-12-13T11:09:06.842+0000] {dag.py:3239} INFO - Sync 1 DAGs
[2024-12-13T11:09:06.885+0000] {logging_mixin.py:190} INFO - [2024-12-13T11:09:06.884+0000] {dag.py:4180} INFO - Setting next_dagrun for example_dynamic_task_mapping to None, run_after=None
[2024-12-13T11:09:06.925+0000] {processor.py:208} INFO - Processing /opt/bitnami/airflow/venv/lib/python3.12/site-packages/airflow/example_dags/example_dynamic_task_mapping.py took 0.201 seconds
[2024-12-13T11:13:45.125+0000] {processor.py:186} INFO - Started process (PID=80) to work on /opt/bitnami/airflow/venv/lib/python3.12/site-packages/airflow/example_dags/example_dynamic_task_mapping.py
[2024-12-13T11:13:45.126+0000] {processor.py:914} INFO - Processing file /opt/bitnami/airflow/venv/lib/python3.12/site-packages/airflow/example_dags/example_dynamic_task_mapping.py for tasks to queue
[2024-12-13T11:13:45.128+0000] {logging_mixin.py:190} INFO - [2024-12-13T11:13:45.128+0000] {dagbag.py:588} INFO - Filling up the DagBag from /opt/bitnami/airflow/venv/lib/python3.12/site-packages/airflow/example_dags/example_dynamic_task_mapping.py
[2024-12-13T11:13:45.134+0000] {processor.py:925} INFO - DAG(s) 'example_dynamic_task_mapping' retrieved from /opt/bitnami/airflow/venv/lib/python3.12/site-packages/airflow/example_dags/example_dynamic_task_mapping.py
[2024-12-13T11:13:45.171+0000] {logging_mixin.py:190} INFO - [2024-12-13T11:13:45.171+0000] {dag.py:3239} INFO - Sync 1 DAGs
[2024-12-13T11:13:45.191+0000] {logging_mixin.py:190} INFO - [2024-12-13T11:13:45.191+0000] {dag.py:4180} INFO - Setting next_dagrun for example_dynamic_task_mapping to None, run_after=None
[2024-12-13T11:13:45.212+0000] {processor.py:208} INFO - Processing /opt/bitnami/airflow/venv/lib/python3.12/site-packages/airflow/example_dags/example_dynamic_task_mapping.py took 0.092 seconds
[2024-12-13T11:14:15.461+0000] {processor.py:186} INFO - Started process (PID=137) to work on /opt/bitnami/airflow/venv/lib/python3.12/site-packages/airflow/example_dags/example_dynamic_task_mapping.py
[2024-12-13T11:14:15.462+0000] {processor.py:914} INFO - Processing file /opt/bitnami/airflow/venv/lib/python3.12/site-packages/airflow/example_dags/example_dynamic_task_mapping.py for tasks to queue
[2024-12-13T11:14:15.465+0000] {logging_mixin.py:190} INFO - [2024-12-13T11:14:15.464+0000] {dagbag.py:588} INFO - Filling up the DagBag from /opt/bitnami/airflow/venv/lib/python3.12/site-packages/airflow/example_dags/example_dynamic_task_mapping.py
[2024-12-13T11:14:15.470+0000] {processor.py:925} INFO - DAG(s) 'example_dynamic_task_mapping' retrieved from /opt/bitnami/airflow/venv/lib/python3.12/site-packages/airflow/example_dags/example_dynamic_task_mapping.py
[2024-12-13T11:14:15.507+0000] {logging_mixin.py:190} INFO - [2024-12-13T11:14:15.506+0000] {dag.py:3239} INFO - Sync 1 DAGs
[2024-12-13T11:14:15.527+0000] {logging_mixin.py:190} INFO - [2024-12-13T11:14:15.527+0000] {dag.py:4180} INFO - Setting next_dagrun for example_dynamic_task_mapping to None, run_after=None
[2024-12-13T11:14:15.543+0000] {processor.py:208} INFO - Processing /opt/bitnami/airflow/venv/lib/python3.12/site-packages/airflow/example_dags/example_dynamic_task_mapping.py took 0.088 seconds
[2024-12-13T11:14:49.439+0000] {processor.py:186} INFO - Started process (PID=194) to work on /opt/bitnami/airflow/venv/lib/python3.12/site-packages/airflow/example_dags/example_dynamic_task_mapping.py
[2024-12-13T11:14:49.440+0000] {processor.py:914} INFO - Processing file /opt/bitnami/airflow/venv/lib/python3.12/site-packages/airflow/example_dags/example_dynamic_task_mapping.py for tasks to queue
[2024-12-13T11:14:49.444+0000] {logging_mixin.py:190} INFO - [2024-12-13T11:14:49.444+0000] {dagbag.py:588} INFO - Filling up the DagBag from /opt/bitnami/airflow/venv/lib/python3.12/site-packages/airflow/example_dags/example_dynamic_task_mapping.py
[2024-12-13T11:14:49.452+0000] {processor.py:925} INFO - DAG(s) 'example_dynamic_task_mapping' retrieved from /opt/bitnami/airflow/venv/lib/python3.12/site-packages/airflow/example_dags/example_dynamic_task_mapping.py
[2024-12-13T11:14:49.586+0000] {logging_mixin.py:190} INFO - [2024-12-13T11:14:49.585+0000] {dag.py:3239} INFO - Sync 1 DAGs
[2024-12-13T11:14:49.621+0000] {logging_mixin.py:190} INFO - [2024-12-13T11:14:49.620+0000] {dag.py:4180} INFO - Setting next_dagrun for example_dynamic_task_mapping to None, run_after=None
[2024-12-13T11:14:49.657+0000] {processor.py:208} INFO - Processing /opt/bitnami/airflow/venv/lib/python3.12/site-packages/airflow/example_dags/example_dynamic_task_mapping.py took 0.224 seconds
[2024-12-13T11:15:20.008+0000] {processor.py:186} INFO - Started process (PID=251) to work on /opt/bitnami/airflow/venv/lib/python3.12/site-packages/airflow/example_dags/example_dynamic_task_mapping.py
[2024-12-13T11:15:20.010+0000] {processor.py:914} INFO - Processing file /opt/bitnami/airflow/venv/lib/python3.12/site-packages/airflow/example_dags/example_dynamic_task_mapping.py for tasks to queue
[2024-12-13T11:15:20.014+0000] {logging_mixin.py:190} INFO - [2024-12-13T11:15:20.013+0000] {dagbag.py:588} INFO - Filling up the DagBag from /opt/bitnami/airflow/venv/lib/python3.12/site-packages/airflow/example_dags/example_dynamic_task_mapping.py
[2024-12-13T11:15:20.023+0000] {processor.py:925} INFO - DAG(s) 'example_dynamic_task_mapping' retrieved from /opt/bitnami/airflow/venv/lib/python3.12/site-packages/airflow/example_dags/example_dynamic_task_mapping.py
[2024-12-13T11:15:20.086+0000] {logging_mixin.py:190} INFO - [2024-12-13T11:15:20.085+0000] {dag.py:3239} INFO - Sync 1 DAGs
[2024-12-13T11:15:20.127+0000] {logging_mixin.py:190} INFO - [2024-12-13T11:15:20.127+0000] {dag.py:4180} INFO - Setting next_dagrun for example_dynamic_task_mapping to None, run_after=None
[2024-12-13T11:15:20.165+0000] {processor.py:208} INFO - Processing /opt/bitnami/airflow/venv/lib/python3.12/site-packages/airflow/example_dags/example_dynamic_task_mapping.py took 0.167 seconds
[2024-12-13T11:57:09.464+0000] {processor.py:186} INFO - Started process (PID=80) to work on /opt/bitnami/airflow/venv/lib/python3.12/site-packages/airflow/example_dags/example_dynamic_task_mapping.py
[2024-12-13T11:57:09.465+0000] {processor.py:914} INFO - Processing file /opt/bitnami/airflow/venv/lib/python3.12/site-packages/airflow/example_dags/example_dynamic_task_mapping.py for tasks to queue
[2024-12-13T11:57:09.467+0000] {logging_mixin.py:190} INFO - [2024-12-13T11:57:09.467+0000] {dagbag.py:588} INFO - Filling up the DagBag from /opt/bitnami/airflow/venv/lib/python3.12/site-packages/airflow/example_dags/example_dynamic_task_mapping.py
[2024-12-13T11:57:09.472+0000] {processor.py:925} INFO - DAG(s) 'example_dynamic_task_mapping' retrieved from /opt/bitnami/airflow/venv/lib/python3.12/site-packages/airflow/example_dags/example_dynamic_task_mapping.py
[2024-12-13T11:57:09.499+0000] {logging_mixin.py:190} INFO - [2024-12-13T11:57:09.499+0000] {dag.py:3239} INFO - Sync 1 DAGs
[2024-12-13T11:57:09.516+0000] {logging_mixin.py:190} INFO - [2024-12-13T11:57:09.516+0000] {dag.py:4180} INFO - Setting next_dagrun for example_dynamic_task_mapping to None, run_after=None
[2024-12-13T11:57:09.533+0000] {processor.py:208} INFO - Processing /opt/bitnami/airflow/venv/lib/python3.12/site-packages/airflow/example_dags/example_dynamic_task_mapping.py took 0.074 seconds
[2024-12-13T11:57:40.848+0000] {processor.py:186} INFO - Started process (PID=137) to work on /opt/bitnami/airflow/venv/lib/python3.12/site-packages/airflow/example_dags/example_dynamic_task_mapping.py
[2024-12-13T11:57:40.849+0000] {processor.py:914} INFO - Processing file /opt/bitnami/airflow/venv/lib/python3.12/site-packages/airflow/example_dags/example_dynamic_task_mapping.py for tasks to queue
[2024-12-13T11:57:40.851+0000] {logging_mixin.py:190} INFO - [2024-12-13T11:57:40.850+0000] {dagbag.py:588} INFO - Filling up the DagBag from /opt/bitnami/airflow/venv/lib/python3.12/site-packages/airflow/example_dags/example_dynamic_task_mapping.py
[2024-12-13T11:57:40.856+0000] {processor.py:925} INFO - DAG(s) 'example_dynamic_task_mapping' retrieved from /opt/bitnami/airflow/venv/lib/python3.12/site-packages/airflow/example_dags/example_dynamic_task_mapping.py
[2024-12-13T11:57:40.884+0000] {logging_mixin.py:190} INFO - [2024-12-13T11:57:40.884+0000] {dag.py:3239} INFO - Sync 1 DAGs
[2024-12-13T11:57:40.899+0000] {logging_mixin.py:190} INFO - [2024-12-13T11:57:40.899+0000] {dag.py:4180} INFO - Setting next_dagrun for example_dynamic_task_mapping to None, run_after=None
[2024-12-13T11:57:40.919+0000] {processor.py:208} INFO - Processing /opt/bitnami/airflow/venv/lib/python3.12/site-packages/airflow/example_dags/example_dynamic_task_mapping.py took 0.076 seconds
[2024-12-13T11:58:35.194+0000] {processor.py:186} INFO - Started process (PID=80) to work on /opt/bitnami/airflow/venv/lib/python3.12/site-packages/airflow/example_dags/example_dynamic_task_mapping.py
[2024-12-13T11:58:35.195+0000] {processor.py:914} INFO - Processing file /opt/bitnami/airflow/venv/lib/python3.12/site-packages/airflow/example_dags/example_dynamic_task_mapping.py for tasks to queue
[2024-12-13T11:58:35.198+0000] {logging_mixin.py:190} INFO - [2024-12-13T11:58:35.197+0000] {dagbag.py:588} INFO - Filling up the DagBag from /opt/bitnami/airflow/venv/lib/python3.12/site-packages/airflow/example_dags/example_dynamic_task_mapping.py
[2024-12-13T11:58:35.202+0000] {processor.py:925} INFO - DAG(s) 'example_dynamic_task_mapping' retrieved from /opt/bitnami/airflow/venv/lib/python3.12/site-packages/airflow/example_dags/example_dynamic_task_mapping.py
[2024-12-13T11:58:35.233+0000] {logging_mixin.py:190} INFO - [2024-12-13T11:58:35.232+0000] {dag.py:3239} INFO - Sync 1 DAGs
[2024-12-13T11:58:35.247+0000] {logging_mixin.py:190} INFO - [2024-12-13T11:58:35.247+0000] {dag.py:4180} INFO - Setting next_dagrun for example_dynamic_task_mapping to None, run_after=None
[2024-12-13T11:58:35.266+0000] {processor.py:208} INFO - Processing /opt/bitnami/airflow/venv/lib/python3.12/site-packages/airflow/example_dags/example_dynamic_task_mapping.py took 0.076 seconds
[2024-12-13T11:59:06.579+0000] {processor.py:186} INFO - Started process (PID=137) to work on /opt/bitnami/airflow/venv/lib/python3.12/site-packages/airflow/example_dags/example_dynamic_task_mapping.py
[2024-12-13T11:59:06.580+0000] {processor.py:914} INFO - Processing file /opt/bitnami/airflow/venv/lib/python3.12/site-packages/airflow/example_dags/example_dynamic_task_mapping.py for tasks to queue
[2024-12-13T11:59:06.582+0000] {logging_mixin.py:190} INFO - [2024-12-13T11:59:06.582+0000] {dagbag.py:588} INFO - Filling up the DagBag from /opt/bitnami/airflow/venv/lib/python3.12/site-packages/airflow/example_dags/example_dynamic_task_mapping.py
[2024-12-13T11:59:06.588+0000] {processor.py:925} INFO - DAG(s) 'example_dynamic_task_mapping' retrieved from /opt/bitnami/airflow/venv/lib/python3.12/site-packages/airflow/example_dags/example_dynamic_task_mapping.py
[2024-12-13T11:59:06.626+0000] {logging_mixin.py:190} INFO - [2024-12-13T11:59:06.625+0000] {dag.py:3239} INFO - Sync 1 DAGs
[2024-12-13T11:59:06.651+0000] {logging_mixin.py:190} INFO - [2024-12-13T11:59:06.651+0000] {dag.py:4180} INFO - Setting next_dagrun for example_dynamic_task_mapping to None, run_after=None
[2024-12-13T11:59:06.674+0000] {processor.py:208} INFO - Processing /opt/bitnami/airflow/venv/lib/python3.12/site-packages/airflow/example_dags/example_dynamic_task_mapping.py took 0.101 seconds
[2024-12-13T11:59:37.631+0000] {processor.py:186} INFO - Started process (PID=194) to work on /opt/bitnami/airflow/venv/lib/python3.12/site-packages/airflow/example_dags/example_dynamic_task_mapping.py
[2024-12-13T11:59:37.632+0000] {processor.py:914} INFO - Processing file /opt/bitnami/airflow/venv/lib/python3.12/site-packages/airflow/example_dags/example_dynamic_task_mapping.py for tasks to queue
[2024-12-13T11:59:37.634+0000] {logging_mixin.py:190} INFO - [2024-12-13T11:59:37.634+0000] {dagbag.py:588} INFO - Filling up the DagBag from /opt/bitnami/airflow/venv/lib/python3.12/site-packages/airflow/example_dags/example_dynamic_task_mapping.py
[2024-12-13T11:59:37.640+0000] {processor.py:925} INFO - DAG(s) 'example_dynamic_task_mapping' retrieved from /opt/bitnami/airflow/venv/lib/python3.12/site-packages/airflow/example_dags/example_dynamic_task_mapping.py
[2024-12-13T11:59:37.730+0000] {logging_mixin.py:190} INFO - [2024-12-13T11:59:37.729+0000] {dag.py:3239} INFO - Sync 1 DAGs
[2024-12-13T11:59:37.747+0000] {logging_mixin.py:190} INFO - [2024-12-13T11:59:37.747+0000] {dag.py:4180} INFO - Setting next_dagrun for example_dynamic_task_mapping to None, run_after=None
[2024-12-13T11:59:37.771+0000] {processor.py:208} INFO - Processing /opt/bitnami/airflow/venv/lib/python3.12/site-packages/airflow/example_dags/example_dynamic_task_mapping.py took 0.145 seconds
[2024-12-13T12:00:08.686+0000] {processor.py:186} INFO - Started process (PID=251) to work on /opt/bitnami/airflow/venv/lib/python3.12/site-packages/airflow/example_dags/example_dynamic_task_mapping.py
[2024-12-13T12:00:08.687+0000] {processor.py:914} INFO - Processing file /opt/bitnami/airflow/venv/lib/python3.12/site-packages/airflow/example_dags/example_dynamic_task_mapping.py for tasks to queue
[2024-12-13T12:00:08.690+0000] {logging_mixin.py:190} INFO - [2024-12-13T12:00:08.689+0000] {dagbag.py:588} INFO - Filling up the DagBag from /opt/bitnami/airflow/venv/lib/python3.12/site-packages/airflow/example_dags/example_dynamic_task_mapping.py
[2024-12-13T12:00:08.695+0000] {processor.py:925} INFO - DAG(s) 'example_dynamic_task_mapping' retrieved from /opt/bitnami/airflow/venv/lib/python3.12/site-packages/airflow/example_dags/example_dynamic_task_mapping.py
[2024-12-13T12:00:08.723+0000] {logging_mixin.py:190} INFO - [2024-12-13T12:00:08.722+0000] {dag.py:3239} INFO - Sync 1 DAGs
[2024-12-13T12:00:08.741+0000] {logging_mixin.py:190} INFO - [2024-12-13T12:00:08.740+0000] {dag.py:4180} INFO - Setting next_dagrun for example_dynamic_task_mapping to None, run_after=None
[2024-12-13T12:00:08.761+0000] {processor.py:208} INFO - Processing /opt/bitnami/airflow/venv/lib/python3.12/site-packages/airflow/example_dags/example_dynamic_task_mapping.py took 0.080 seconds
[2024-12-13T12:00:39.533+0000] {processor.py:186} INFO - Started process (PID=308) to work on /opt/bitnami/airflow/venv/lib/python3.12/site-packages/airflow/example_dags/example_dynamic_task_mapping.py
[2024-12-13T12:00:39.534+0000] {processor.py:914} INFO - Processing file /opt/bitnami/airflow/venv/lib/python3.12/site-packages/airflow/example_dags/example_dynamic_task_mapping.py for tasks to queue
[2024-12-13T12:00:39.536+0000] {logging_mixin.py:190} INFO - [2024-12-13T12:00:39.535+0000] {dagbag.py:588} INFO - Filling up the DagBag from /opt/bitnami/airflow/venv/lib/python3.12/site-packages/airflow/example_dags/example_dynamic_task_mapping.py
[2024-12-13T12:00:39.541+0000] {processor.py:925} INFO - DAG(s) 'example_dynamic_task_mapping' retrieved from /opt/bitnami/airflow/venv/lib/python3.12/site-packages/airflow/example_dags/example_dynamic_task_mapping.py
[2024-12-13T12:00:39.574+0000] {logging_mixin.py:190} INFO - [2024-12-13T12:00:39.573+0000] {dag.py:3239} INFO - Sync 1 DAGs
[2024-12-13T12:00:39.592+0000] {logging_mixin.py:190} INFO - [2024-12-13T12:00:39.592+0000] {dag.py:4180} INFO - Setting next_dagrun for example_dynamic_task_mapping to None, run_after=None
[2024-12-13T12:00:39.612+0000] {processor.py:208} INFO - Processing /opt/bitnami/airflow/venv/lib/python3.12/site-packages/airflow/example_dags/example_dynamic_task_mapping.py took 0.084 seconds
[2024-12-13T12:01:10.026+0000] {processor.py:186} INFO - Started process (PID=365) to work on /opt/bitnami/airflow/venv/lib/python3.12/site-packages/airflow/example_dags/example_dynamic_task_mapping.py
[2024-12-13T12:01:10.027+0000] {processor.py:914} INFO - Processing file /opt/bitnami/airflow/venv/lib/python3.12/site-packages/airflow/example_dags/example_dynamic_task_mapping.py for tasks to queue
[2024-12-13T12:01:10.029+0000] {logging_mixin.py:190} INFO - [2024-12-13T12:01:10.029+0000] {dagbag.py:588} INFO - Filling up the DagBag from /opt/bitnami/airflow/venv/lib/python3.12/site-packages/airflow/example_dags/example_dynamic_task_mapping.py
[2024-12-13T12:01:10.034+0000] {processor.py:925} INFO - DAG(s) 'example_dynamic_task_mapping' retrieved from /opt/bitnami/airflow/venv/lib/python3.12/site-packages/airflow/example_dags/example_dynamic_task_mapping.py
[2024-12-13T12:01:10.063+0000] {logging_mixin.py:190} INFO - [2024-12-13T12:01:10.063+0000] {dag.py:3239} INFO - Sync 1 DAGs
[2024-12-13T12:01:10.079+0000] {logging_mixin.py:190} INFO - [2024-12-13T12:01:10.079+0000] {dag.py:4180} INFO - Setting next_dagrun for example_dynamic_task_mapping to None, run_after=None
[2024-12-13T12:01:10.095+0000] {processor.py:208} INFO - Processing /opt/bitnami/airflow/venv/lib/python3.12/site-packages/airflow/example_dags/example_dynamic_task_mapping.py took 0.074 seconds
[2024-12-13T12:01:40.968+0000] {processor.py:186} INFO - Started process (PID=422) to work on /opt/bitnami/airflow/venv/lib/python3.12/site-packages/airflow/example_dags/example_dynamic_task_mapping.py
[2024-12-13T12:01:40.969+0000] {processor.py:914} INFO - Processing file /opt/bitnami/airflow/venv/lib/python3.12/site-packages/airflow/example_dags/example_dynamic_task_mapping.py for tasks to queue
[2024-12-13T12:01:40.971+0000] {logging_mixin.py:190} INFO - [2024-12-13T12:01:40.971+0000] {dagbag.py:588} INFO - Filling up the DagBag from /opt/bitnami/airflow/venv/lib/python3.12/site-packages/airflow/example_dags/example_dynamic_task_mapping.py
[2024-12-13T12:01:40.976+0000] {processor.py:925} INFO - DAG(s) 'example_dynamic_task_mapping' retrieved from /opt/bitnami/airflow/venv/lib/python3.12/site-packages/airflow/example_dags/example_dynamic_task_mapping.py
[2024-12-13T12:01:41.009+0000] {logging_mixin.py:190} INFO - [2024-12-13T12:01:41.009+0000] {dag.py:3239} INFO - Sync 1 DAGs
[2024-12-13T12:01:41.027+0000] {logging_mixin.py:190} INFO - [2024-12-13T12:01:41.026+0000] {dag.py:4180} INFO - Setting next_dagrun for example_dynamic_task_mapping to None, run_after=None
[2024-12-13T12:01:41.047+0000] {processor.py:208} INFO - Processing /opt/bitnami/airflow/venv/lib/python3.12/site-packages/airflow/example_dags/example_dynamic_task_mapping.py took 0.084 seconds
[2024-12-13T12:02:11.507+0000] {processor.py:186} INFO - Started process (PID=479) to work on /opt/bitnami/airflow/venv/lib/python3.12/site-packages/airflow/example_dags/example_dynamic_task_mapping.py
[2024-12-13T12:02:11.508+0000] {processor.py:914} INFO - Processing file /opt/bitnami/airflow/venv/lib/python3.12/site-packages/airflow/example_dags/example_dynamic_task_mapping.py for tasks to queue
[2024-12-13T12:02:11.510+0000] {logging_mixin.py:190} INFO - [2024-12-13T12:02:11.509+0000] {dagbag.py:588} INFO - Filling up the DagBag from /opt/bitnami/airflow/venv/lib/python3.12/site-packages/airflow/example_dags/example_dynamic_task_mapping.py
[2024-12-13T12:02:11.515+0000] {processor.py:925} INFO - DAG(s) 'example_dynamic_task_mapping' retrieved from /opt/bitnami/airflow/venv/lib/python3.12/site-packages/airflow/example_dags/example_dynamic_task_mapping.py
[2024-12-13T12:02:11.552+0000] {logging_mixin.py:190} INFO - [2024-12-13T12:02:11.551+0000] {dag.py:3239} INFO - Sync 1 DAGs
[2024-12-13T12:02:11.574+0000] {logging_mixin.py:190} INFO - [2024-12-13T12:02:11.574+0000] {dag.py:4180} INFO - Setting next_dagrun for example_dynamic_task_mapping to None, run_after=None
[2024-12-13T12:02:11.600+0000] {processor.py:208} INFO - Processing /opt/bitnami/airflow/venv/lib/python3.12/site-packages/airflow/example_dags/example_dynamic_task_mapping.py took 0.099 seconds
