[2024-12-13T08:19:45.094+0000] {processor.py:186} INFO - Started process (PID=71) to work on /opt/bitnami/airflow/venv/lib/python3.12/site-packages/airflow/example_dags/example_skip_dag.py
[2024-12-13T08:19:45.094+0000] {processor.py:914} INFO - Processing file /opt/bitnami/airflow/venv/lib/python3.12/site-packages/airflow/example_dags/example_skip_dag.py for tasks to queue
[2024-12-13T08:19:45.096+0000] {logging_mixin.py:190} INFO - [2024-12-13T08:19:45.096+0000] {dagbag.py:588} INFO - Filling up the DagBag from /opt/bitnami/airflow/venv/lib/python3.12/site-packages/airflow/example_dags/example_skip_dag.py
[2024-12-13T08:19:45.101+0000] {processor.py:925} INFO - DAG(s) 'example_skip_dag' retrieved from /opt/bitnami/airflow/venv/lib/python3.12/site-packages/airflow/example_dags/example_skip_dag.py
[2024-12-13T08:19:45.140+0000] {logging_mixin.py:190} INFO - [2024-12-13T08:19:45.140+0000] {dag.py:3239} INFO - Sync 1 DAGs
[2024-12-13T08:19:45.168+0000] {logging_mixin.py:190} INFO - [2024-12-13T08:19:45.167+0000] {dag.py:4180} INFO - Setting next_dagrun for example_skip_dag to 2024-12-12 00:00:00+00:00, run_after=2024-12-13 00:00:00+00:00
[2024-12-13T08:19:45.186+0000] {processor.py:208} INFO - Processing /opt/bitnami/airflow/venv/lib/python3.12/site-packages/airflow/example_dags/example_skip_dag.py took 0.098 seconds
[2024-12-13T08:20:15.385+0000] {processor.py:186} INFO - Started process (PID=128) to work on /opt/bitnami/airflow/venv/lib/python3.12/site-packages/airflow/example_dags/example_skip_dag.py
[2024-12-13T08:20:15.386+0000] {processor.py:914} INFO - Processing file /opt/bitnami/airflow/venv/lib/python3.12/site-packages/airflow/example_dags/example_skip_dag.py for tasks to queue
[2024-12-13T08:20:15.388+0000] {logging_mixin.py:190} INFO - [2024-12-13T08:20:15.388+0000] {dagbag.py:588} INFO - Filling up the DagBag from /opt/bitnami/airflow/venv/lib/python3.12/site-packages/airflow/example_dags/example_skip_dag.py
[2024-12-13T08:20:15.393+0000] {processor.py:925} INFO - DAG(s) 'example_skip_dag' retrieved from /opt/bitnami/airflow/venv/lib/python3.12/site-packages/airflow/example_dags/example_skip_dag.py
[2024-12-13T08:20:15.424+0000] {logging_mixin.py:190} INFO - [2024-12-13T08:20:15.423+0000] {dag.py:3239} INFO - Sync 1 DAGs
[2024-12-13T08:20:15.450+0000] {logging_mixin.py:190} INFO - [2024-12-13T08:20:15.450+0000] {dag.py:4180} INFO - Setting next_dagrun for example_skip_dag to 2024-12-12 00:00:00+00:00, run_after=2024-12-13 00:00:00+00:00
[2024-12-13T08:20:15.470+0000] {processor.py:208} INFO - Processing /opt/bitnami/airflow/venv/lib/python3.12/site-packages/airflow/example_dags/example_skip_dag.py took 0.090 seconds
[2024-12-13T08:20:45.922+0000] {processor.py:186} INFO - Started process (PID=185) to work on /opt/bitnami/airflow/venv/lib/python3.12/site-packages/airflow/example_dags/example_skip_dag.py
[2024-12-13T08:20:45.924+0000] {processor.py:914} INFO - Processing file /opt/bitnami/airflow/venv/lib/python3.12/site-packages/airflow/example_dags/example_skip_dag.py for tasks to queue
[2024-12-13T08:20:45.927+0000] {logging_mixin.py:190} INFO - [2024-12-13T08:20:45.926+0000] {dagbag.py:588} INFO - Filling up the DagBag from /opt/bitnami/airflow/venv/lib/python3.12/site-packages/airflow/example_dags/example_skip_dag.py
[2024-12-13T08:20:45.937+0000] {processor.py:925} INFO - DAG(s) 'example_skip_dag' retrieved from /opt/bitnami/airflow/venv/lib/python3.12/site-packages/airflow/example_dags/example_skip_dag.py
[2024-12-13T08:20:45.995+0000] {logging_mixin.py:190} INFO - [2024-12-13T08:20:45.994+0000] {dag.py:3239} INFO - Sync 1 DAGs
[2024-12-13T08:20:46.032+0000] {logging_mixin.py:190} INFO - [2024-12-13T08:20:46.031+0000] {dag.py:4180} INFO - Setting next_dagrun for example_skip_dag to 2024-12-12 00:00:00+00:00, run_after=2024-12-13 00:00:00+00:00
[2024-12-13T08:20:46.058+0000] {processor.py:208} INFO - Processing /opt/bitnami/airflow/venv/lib/python3.12/site-packages/airflow/example_dags/example_skip_dag.py took 0.142 seconds
[2024-12-13T08:21:16.756+0000] {processor.py:186} INFO - Started process (PID=242) to work on /opt/bitnami/airflow/venv/lib/python3.12/site-packages/airflow/example_dags/example_skip_dag.py
[2024-12-13T08:21:16.756+0000] {processor.py:914} INFO - Processing file /opt/bitnami/airflow/venv/lib/python3.12/site-packages/airflow/example_dags/example_skip_dag.py for tasks to queue
[2024-12-13T08:21:16.758+0000] {logging_mixin.py:190} INFO - [2024-12-13T08:21:16.758+0000] {dagbag.py:588} INFO - Filling up the DagBag from /opt/bitnami/airflow/venv/lib/python3.12/site-packages/airflow/example_dags/example_skip_dag.py
[2024-12-13T08:21:16.763+0000] {processor.py:925} INFO - DAG(s) 'example_skip_dag' retrieved from /opt/bitnami/airflow/venv/lib/python3.12/site-packages/airflow/example_dags/example_skip_dag.py
[2024-12-13T08:21:16.833+0000] {logging_mixin.py:190} INFO - [2024-12-13T08:21:16.833+0000] {dag.py:3239} INFO - Sync 1 DAGs
[2024-12-13T08:21:16.856+0000] {logging_mixin.py:190} INFO - [2024-12-13T08:21:16.856+0000] {dag.py:4180} INFO - Setting next_dagrun for example_skip_dag to 2024-12-12 00:00:00+00:00, run_after=2024-12-13 00:00:00+00:00
[2024-12-13T08:21:16.875+0000] {processor.py:208} INFO - Processing /opt/bitnami/airflow/venv/lib/python3.12/site-packages/airflow/example_dags/example_skip_dag.py took 0.124 seconds
[2024-12-13T08:21:47.793+0000] {processor.py:186} INFO - Started process (PID=299) to work on /opt/bitnami/airflow/venv/lib/python3.12/site-packages/airflow/example_dags/example_skip_dag.py
[2024-12-13T08:21:47.794+0000] {processor.py:914} INFO - Processing file /opt/bitnami/airflow/venv/lib/python3.12/site-packages/airflow/example_dags/example_skip_dag.py for tasks to queue
[2024-12-13T08:21:47.796+0000] {logging_mixin.py:190} INFO - [2024-12-13T08:21:47.795+0000] {dagbag.py:588} INFO - Filling up the DagBag from /opt/bitnami/airflow/venv/lib/python3.12/site-packages/airflow/example_dags/example_skip_dag.py
[2024-12-13T08:21:47.800+0000] {processor.py:925} INFO - DAG(s) 'example_skip_dag' retrieved from /opt/bitnami/airflow/venv/lib/python3.12/site-packages/airflow/example_dags/example_skip_dag.py
[2024-12-13T08:21:47.829+0000] {logging_mixin.py:190} INFO - [2024-12-13T08:21:47.829+0000] {dag.py:3239} INFO - Sync 1 DAGs
[2024-12-13T08:21:47.852+0000] {logging_mixin.py:190} INFO - [2024-12-13T08:21:47.852+0000] {dag.py:4180} INFO - Setting next_dagrun for example_skip_dag to 2024-12-12 00:00:00+00:00, run_after=2024-12-13 00:00:00+00:00
[2024-12-13T08:21:47.869+0000] {processor.py:208} INFO - Processing /opt/bitnami/airflow/venv/lib/python3.12/site-packages/airflow/example_dags/example_skip_dag.py took 0.081 seconds
[2024-12-13T08:22:18.120+0000] {processor.py:186} INFO - Started process (PID=356) to work on /opt/bitnami/airflow/venv/lib/python3.12/site-packages/airflow/example_dags/example_skip_dag.py
[2024-12-13T08:22:18.120+0000] {processor.py:914} INFO - Processing file /opt/bitnami/airflow/venv/lib/python3.12/site-packages/airflow/example_dags/example_skip_dag.py for tasks to queue
[2024-12-13T08:22:18.123+0000] {logging_mixin.py:190} INFO - [2024-12-13T08:22:18.123+0000] {dagbag.py:588} INFO - Filling up the DagBag from /opt/bitnami/airflow/venv/lib/python3.12/site-packages/airflow/example_dags/example_skip_dag.py
[2024-12-13T08:22:18.128+0000] {processor.py:925} INFO - DAG(s) 'example_skip_dag' retrieved from /opt/bitnami/airflow/venv/lib/python3.12/site-packages/airflow/example_dags/example_skip_dag.py
[2024-12-13T08:22:18.168+0000] {logging_mixin.py:190} INFO - [2024-12-13T08:22:18.168+0000] {dag.py:3239} INFO - Sync 1 DAGs
[2024-12-13T08:22:18.193+0000] {logging_mixin.py:190} INFO - [2024-12-13T08:22:18.193+0000] {dag.py:4180} INFO - Setting next_dagrun for example_skip_dag to 2024-12-12 00:00:00+00:00, run_after=2024-12-13 00:00:00+00:00
[2024-12-13T08:22:18.221+0000] {processor.py:208} INFO - Processing /opt/bitnami/airflow/venv/lib/python3.12/site-packages/airflow/example_dags/example_skip_dag.py took 0.107 seconds
[2024-12-13T08:22:48.915+0000] {processor.py:186} INFO - Started process (PID=413) to work on /opt/bitnami/airflow/venv/lib/python3.12/site-packages/airflow/example_dags/example_skip_dag.py
[2024-12-13T08:22:48.916+0000] {processor.py:914} INFO - Processing file /opt/bitnami/airflow/venv/lib/python3.12/site-packages/airflow/example_dags/example_skip_dag.py for tasks to queue
[2024-12-13T08:22:48.918+0000] {logging_mixin.py:190} INFO - [2024-12-13T08:22:48.918+0000] {dagbag.py:588} INFO - Filling up the DagBag from /opt/bitnami/airflow/venv/lib/python3.12/site-packages/airflow/example_dags/example_skip_dag.py
[2024-12-13T08:22:48.922+0000] {processor.py:925} INFO - DAG(s) 'example_skip_dag' retrieved from /opt/bitnami/airflow/venv/lib/python3.12/site-packages/airflow/example_dags/example_skip_dag.py
[2024-12-13T08:22:48.954+0000] {logging_mixin.py:190} INFO - [2024-12-13T08:22:48.953+0000] {dag.py:3239} INFO - Sync 1 DAGs
[2024-12-13T08:22:48.988+0000] {logging_mixin.py:190} INFO - [2024-12-13T08:22:48.988+0000] {dag.py:4180} INFO - Setting next_dagrun for example_skip_dag to 2024-12-12 00:00:00+00:00, run_after=2024-12-13 00:00:00+00:00
[2024-12-13T08:22:49.015+0000] {processor.py:208} INFO - Processing /opt/bitnami/airflow/venv/lib/python3.12/site-packages/airflow/example_dags/example_skip_dag.py took 0.104 seconds
[2024-12-13T08:25:46.097+0000] {processor.py:186} INFO - Started process (PID=71) to work on /opt/bitnami/airflow/venv/lib/python3.12/site-packages/airflow/example_dags/example_skip_dag.py
[2024-12-13T08:25:46.098+0000] {processor.py:914} INFO - Processing file /opt/bitnami/airflow/venv/lib/python3.12/site-packages/airflow/example_dags/example_skip_dag.py for tasks to queue
[2024-12-13T08:25:46.100+0000] {logging_mixin.py:190} INFO - [2024-12-13T08:25:46.100+0000] {dagbag.py:588} INFO - Filling up the DagBag from /opt/bitnami/airflow/venv/lib/python3.12/site-packages/airflow/example_dags/example_skip_dag.py
[2024-12-13T08:25:46.105+0000] {processor.py:925} INFO - DAG(s) 'example_skip_dag' retrieved from /opt/bitnami/airflow/venv/lib/python3.12/site-packages/airflow/example_dags/example_skip_dag.py
[2024-12-13T08:25:46.146+0000] {logging_mixin.py:190} INFO - [2024-12-13T08:25:46.145+0000] {dag.py:3239} INFO - Sync 1 DAGs
[2024-12-13T08:25:46.183+0000] {logging_mixin.py:190} INFO - [2024-12-13T08:25:46.183+0000] {dag.py:4180} INFO - Setting next_dagrun for example_skip_dag to 2024-12-12 00:00:00+00:00, run_after=2024-12-13 00:00:00+00:00
[2024-12-13T08:25:46.206+0000] {processor.py:208} INFO - Processing /opt/bitnami/airflow/venv/lib/python3.12/site-packages/airflow/example_dags/example_skip_dag.py took 0.112 seconds
[2024-12-13T08:26:16.510+0000] {processor.py:186} INFO - Started process (PID=128) to work on /opt/bitnami/airflow/venv/lib/python3.12/site-packages/airflow/example_dags/example_skip_dag.py
[2024-12-13T08:26:16.511+0000] {processor.py:914} INFO - Processing file /opt/bitnami/airflow/venv/lib/python3.12/site-packages/airflow/example_dags/example_skip_dag.py for tasks to queue
[2024-12-13T08:26:16.513+0000] {logging_mixin.py:190} INFO - [2024-12-13T08:26:16.513+0000] {dagbag.py:588} INFO - Filling up the DagBag from /opt/bitnami/airflow/venv/lib/python3.12/site-packages/airflow/example_dags/example_skip_dag.py
[2024-12-13T08:26:16.517+0000] {processor.py:925} INFO - DAG(s) 'example_skip_dag' retrieved from /opt/bitnami/airflow/venv/lib/python3.12/site-packages/airflow/example_dags/example_skip_dag.py
[2024-12-13T08:26:16.547+0000] {logging_mixin.py:190} INFO - [2024-12-13T08:26:16.547+0000] {dag.py:3239} INFO - Sync 1 DAGs
[2024-12-13T08:26:16.570+0000] {logging_mixin.py:190} INFO - [2024-12-13T08:26:16.570+0000] {dag.py:4180} INFO - Setting next_dagrun for example_skip_dag to 2024-12-12 00:00:00+00:00, run_after=2024-12-13 00:00:00+00:00
[2024-12-13T08:26:16.586+0000] {processor.py:208} INFO - Processing /opt/bitnami/airflow/venv/lib/python3.12/site-packages/airflow/example_dags/example_skip_dag.py took 0.080 seconds
[2024-12-13T08:26:48.697+0000] {processor.py:186} INFO - Started process (PID=185) to work on /opt/bitnami/airflow/venv/lib/python3.12/site-packages/airflow/example_dags/example_skip_dag.py
[2024-12-13T08:26:48.698+0000] {processor.py:914} INFO - Processing file /opt/bitnami/airflow/venv/lib/python3.12/site-packages/airflow/example_dags/example_skip_dag.py for tasks to queue
[2024-12-13T08:26:48.700+0000] {logging_mixin.py:190} INFO - [2024-12-13T08:26:48.700+0000] {dagbag.py:588} INFO - Filling up the DagBag from /opt/bitnami/airflow/venv/lib/python3.12/site-packages/airflow/example_dags/example_skip_dag.py
[2024-12-13T08:26:48.704+0000] {processor.py:925} INFO - DAG(s) 'example_skip_dag' retrieved from /opt/bitnami/airflow/venv/lib/python3.12/site-packages/airflow/example_dags/example_skip_dag.py
[2024-12-13T08:26:48.791+0000] {logging_mixin.py:190} INFO - [2024-12-13T08:26:48.790+0000] {dag.py:3239} INFO - Sync 1 DAGs
[2024-12-13T08:26:48.814+0000] {logging_mixin.py:190} INFO - [2024-12-13T08:26:48.814+0000] {dag.py:4180} INFO - Setting next_dagrun for example_skip_dag to 2024-12-12 00:00:00+00:00, run_after=2024-12-13 00:00:00+00:00
[2024-12-13T08:26:48.838+0000] {processor.py:208} INFO - Processing /opt/bitnami/airflow/venv/lib/python3.12/site-packages/airflow/example_dags/example_skip_dag.py took 0.146 seconds
[2024-12-13T08:27:19.513+0000] {processor.py:186} INFO - Started process (PID=242) to work on /opt/bitnami/airflow/venv/lib/python3.12/site-packages/airflow/example_dags/example_skip_dag.py
[2024-12-13T08:27:19.514+0000] {processor.py:914} INFO - Processing file /opt/bitnami/airflow/venv/lib/python3.12/site-packages/airflow/example_dags/example_skip_dag.py for tasks to queue
[2024-12-13T08:27:19.516+0000] {logging_mixin.py:190} INFO - [2024-12-13T08:27:19.516+0000] {dagbag.py:588} INFO - Filling up the DagBag from /opt/bitnami/airflow/venv/lib/python3.12/site-packages/airflow/example_dags/example_skip_dag.py
[2024-12-13T08:27:19.520+0000] {processor.py:925} INFO - DAG(s) 'example_skip_dag' retrieved from /opt/bitnami/airflow/venv/lib/python3.12/site-packages/airflow/example_dags/example_skip_dag.py
[2024-12-13T08:27:19.550+0000] {logging_mixin.py:190} INFO - [2024-12-13T08:27:19.550+0000] {dag.py:3239} INFO - Sync 1 DAGs
[2024-12-13T08:27:19.576+0000] {logging_mixin.py:190} INFO - [2024-12-13T08:27:19.576+0000] {dag.py:4180} INFO - Setting next_dagrun for example_skip_dag to 2024-12-12 00:00:00+00:00, run_after=2024-12-13 00:00:00+00:00
[2024-12-13T08:27:19.595+0000] {processor.py:208} INFO - Processing /opt/bitnami/airflow/venv/lib/python3.12/site-packages/airflow/example_dags/example_skip_dag.py took 0.086 seconds
[2024-12-13T10:42:40.044+0000] {processor.py:186} INFO - Started process (PID=71) to work on /opt/bitnami/airflow/venv/lib/python3.12/site-packages/airflow/example_dags/example_skip_dag.py
[2024-12-13T10:42:40.046+0000] {processor.py:914} INFO - Processing file /opt/bitnami/airflow/venv/lib/python3.12/site-packages/airflow/example_dags/example_skip_dag.py for tasks to queue
[2024-12-13T10:42:40.049+0000] {logging_mixin.py:190} INFO - [2024-12-13T10:42:40.049+0000] {dagbag.py:588} INFO - Filling up the DagBag from /opt/bitnami/airflow/venv/lib/python3.12/site-packages/airflow/example_dags/example_skip_dag.py
[2024-12-13T10:42:40.055+0000] {processor.py:925} INFO - DAG(s) 'example_skip_dag' retrieved from /opt/bitnami/airflow/venv/lib/python3.12/site-packages/airflow/example_dags/example_skip_dag.py
[2024-12-13T10:42:40.235+0000] {logging_mixin.py:190} INFO - [2024-12-13T10:42:40.234+0000] {override.py:1900} INFO - Created Permission View: can read on DAG:example_skip_dag
[2024-12-13T10:42:40.257+0000] {logging_mixin.py:190} INFO - [2024-12-13T10:42:40.257+0000] {override.py:1900} INFO - Created Permission View: can delete on DAG:example_skip_dag
[2024-12-13T10:42:40.267+0000] {logging_mixin.py:190} INFO - [2024-12-13T10:42:40.267+0000] {override.py:1900} INFO - Created Permission View: can edit on DAG:example_skip_dag
[2024-12-13T10:42:40.279+0000] {logging_mixin.py:190} INFO - [2024-12-13T10:42:40.279+0000] {override.py:1900} INFO - Created Permission View: can delete on DAG Run:example_skip_dag
[2024-12-13T10:42:40.288+0000] {logging_mixin.py:190} INFO - [2024-12-13T10:42:40.288+0000] {override.py:1900} INFO - Created Permission View: can read on DAG Run:example_skip_dag
[2024-12-13T10:42:40.299+0000] {logging_mixin.py:190} INFO - [2024-12-13T10:42:40.298+0000] {override.py:1900} INFO - Created Permission View: can create on DAG Run:example_skip_dag
[2024-12-13T10:42:40.309+0000] {logging_mixin.py:190} INFO - [2024-12-13T10:42:40.308+0000] {override.py:1900} INFO - Created Permission View: menu access on DAG Run:example_skip_dag
[2024-12-13T10:42:40.310+0000] {logging_mixin.py:190} INFO - [2024-12-13T10:42:40.310+0000] {dag.py:3239} INFO - Sync 1 DAGs
[2024-12-13T10:42:40.348+0000] {logging_mixin.py:190} INFO - [2024-12-13T10:42:40.347+0000] {dag.py:3262} INFO - Creating ORM DAG for example_skip_dag
[2024-12-13T10:42:40.368+0000] {logging_mixin.py:190} INFO - [2024-12-13T10:42:40.368+0000] {dag.py:4180} INFO - Setting next_dagrun for example_skip_dag to 2024-12-12 00:00:00+00:00, run_after=2024-12-13 00:00:00+00:00
[2024-12-13T10:42:40.408+0000] {processor.py:208} INFO - Processing /opt/bitnami/airflow/venv/lib/python3.12/site-packages/airflow/example_dags/example_skip_dag.py took 0.368 seconds
[2024-12-13T10:43:10.553+0000] {processor.py:186} INFO - Started process (PID=128) to work on /opt/bitnami/airflow/venv/lib/python3.12/site-packages/airflow/example_dags/example_skip_dag.py
[2024-12-13T10:43:10.554+0000] {processor.py:914} INFO - Processing file /opt/bitnami/airflow/venv/lib/python3.12/site-packages/airflow/example_dags/example_skip_dag.py for tasks to queue
[2024-12-13T10:43:10.558+0000] {logging_mixin.py:190} INFO - [2024-12-13T10:43:10.558+0000] {dagbag.py:588} INFO - Filling up the DagBag from /opt/bitnami/airflow/venv/lib/python3.12/site-packages/airflow/example_dags/example_skip_dag.py
[2024-12-13T10:43:10.565+0000] {processor.py:925} INFO - DAG(s) 'example_skip_dag' retrieved from /opt/bitnami/airflow/venv/lib/python3.12/site-packages/airflow/example_dags/example_skip_dag.py
[2024-12-13T10:43:10.635+0000] {logging_mixin.py:190} INFO - [2024-12-13T10:43:10.634+0000] {dag.py:3239} INFO - Sync 1 DAGs
[2024-12-13T10:43:10.681+0000] {logging_mixin.py:190} INFO - [2024-12-13T10:43:10.681+0000] {dag.py:4180} INFO - Setting next_dagrun for example_skip_dag to 2024-12-12 00:00:00+00:00, run_after=2024-12-13 00:00:00+00:00
[2024-12-13T10:43:10.718+0000] {processor.py:208} INFO - Processing /opt/bitnami/airflow/venv/lib/python3.12/site-packages/airflow/example_dags/example_skip_dag.py took 0.171 seconds
[2024-12-13T10:43:41.777+0000] {processor.py:186} INFO - Started process (PID=185) to work on /opt/bitnami/airflow/venv/lib/python3.12/site-packages/airflow/example_dags/example_skip_dag.py
[2024-12-13T10:43:41.779+0000] {processor.py:914} INFO - Processing file /opt/bitnami/airflow/venv/lib/python3.12/site-packages/airflow/example_dags/example_skip_dag.py for tasks to queue
[2024-12-13T10:43:41.782+0000] {logging_mixin.py:190} INFO - [2024-12-13T10:43:41.782+0000] {dagbag.py:588} INFO - Filling up the DagBag from /opt/bitnami/airflow/venv/lib/python3.12/site-packages/airflow/example_dags/example_skip_dag.py
[2024-12-13T10:43:41.789+0000] {processor.py:925} INFO - DAG(s) 'example_skip_dag' retrieved from /opt/bitnami/airflow/venv/lib/python3.12/site-packages/airflow/example_dags/example_skip_dag.py
[2024-12-13T10:43:41.954+0000] {logging_mixin.py:190} INFO - [2024-12-13T10:43:41.954+0000] {dag.py:3239} INFO - Sync 1 DAGs
[2024-12-13T10:43:42.003+0000] {logging_mixin.py:190} INFO - [2024-12-13T10:43:42.002+0000] {dag.py:4180} INFO - Setting next_dagrun for example_skip_dag to 2024-12-12 00:00:00+00:00, run_after=2024-12-13 00:00:00+00:00
[2024-12-13T10:43:42.040+0000] {processor.py:208} INFO - Processing /opt/bitnami/airflow/venv/lib/python3.12/site-packages/airflow/example_dags/example_skip_dag.py took 0.269 seconds
[2024-12-13T10:44:12.220+0000] {processor.py:186} INFO - Started process (PID=242) to work on /opt/bitnami/airflow/venv/lib/python3.12/site-packages/airflow/example_dags/example_skip_dag.py
[2024-12-13T10:44:12.221+0000] {processor.py:914} INFO - Processing file /opt/bitnami/airflow/venv/lib/python3.12/site-packages/airflow/example_dags/example_skip_dag.py for tasks to queue
[2024-12-13T10:44:12.224+0000] {logging_mixin.py:190} INFO - [2024-12-13T10:44:12.223+0000] {dagbag.py:588} INFO - Filling up the DagBag from /opt/bitnami/airflow/venv/lib/python3.12/site-packages/airflow/example_dags/example_skip_dag.py
[2024-12-13T10:44:12.231+0000] {processor.py:925} INFO - DAG(s) 'example_skip_dag' retrieved from /opt/bitnami/airflow/venv/lib/python3.12/site-packages/airflow/example_dags/example_skip_dag.py
[2024-12-13T10:44:12.278+0000] {logging_mixin.py:190} INFO - [2024-12-13T10:44:12.277+0000] {dag.py:3239} INFO - Sync 1 DAGs
[2024-12-13T10:44:12.319+0000] {logging_mixin.py:190} INFO - [2024-12-13T10:44:12.319+0000] {dag.py:4180} INFO - Setting next_dagrun for example_skip_dag to 2024-12-12 00:00:00+00:00, run_after=2024-12-13 00:00:00+00:00
[2024-12-13T10:44:12.348+0000] {processor.py:208} INFO - Processing /opt/bitnami/airflow/venv/lib/python3.12/site-packages/airflow/example_dags/example_skip_dag.py took 0.135 seconds
[2024-12-13T10:44:43.008+0000] {processor.py:186} INFO - Started process (PID=299) to work on /opt/bitnami/airflow/venv/lib/python3.12/site-packages/airflow/example_dags/example_skip_dag.py
[2024-12-13T10:44:43.009+0000] {processor.py:914} INFO - Processing file /opt/bitnami/airflow/venv/lib/python3.12/site-packages/airflow/example_dags/example_skip_dag.py for tasks to queue
[2024-12-13T10:44:43.012+0000] {logging_mixin.py:190} INFO - [2024-12-13T10:44:43.012+0000] {dagbag.py:588} INFO - Filling up the DagBag from /opt/bitnami/airflow/venv/lib/python3.12/site-packages/airflow/example_dags/example_skip_dag.py
[2024-12-13T10:44:43.016+0000] {processor.py:925} INFO - DAG(s) 'example_skip_dag' retrieved from /opt/bitnami/airflow/venv/lib/python3.12/site-packages/airflow/example_dags/example_skip_dag.py
[2024-12-13T10:44:43.053+0000] {logging_mixin.py:190} INFO - [2024-12-13T10:44:43.052+0000] {dag.py:3239} INFO - Sync 1 DAGs
[2024-12-13T10:44:43.084+0000] {logging_mixin.py:190} INFO - [2024-12-13T10:44:43.084+0000] {dag.py:4180} INFO - Setting next_dagrun for example_skip_dag to 2024-12-12 00:00:00+00:00, run_after=2024-12-13 00:00:00+00:00
[2024-12-13T10:44:43.110+0000] {processor.py:208} INFO - Processing /opt/bitnami/airflow/venv/lib/python3.12/site-packages/airflow/example_dags/example_skip_dag.py took 0.108 seconds
[2024-12-13T10:52:12.001+0000] {processor.py:186} INFO - Started process (PID=71) to work on /opt/bitnami/airflow/venv/lib/python3.12/site-packages/airflow/example_dags/example_skip_dag.py
[2024-12-13T10:52:12.002+0000] {processor.py:914} INFO - Processing file /opt/bitnami/airflow/venv/lib/python3.12/site-packages/airflow/example_dags/example_skip_dag.py for tasks to queue
[2024-12-13T10:52:12.005+0000] {logging_mixin.py:190} INFO - [2024-12-13T10:52:12.004+0000] {dagbag.py:588} INFO - Filling up the DagBag from /opt/bitnami/airflow/venv/lib/python3.12/site-packages/airflow/example_dags/example_skip_dag.py
[2024-12-13T10:52:12.013+0000] {processor.py:925} INFO - DAG(s) 'example_skip_dag' retrieved from /opt/bitnami/airflow/venv/lib/python3.12/site-packages/airflow/example_dags/example_skip_dag.py
[2024-12-13T10:52:12.138+0000] {logging_mixin.py:190} INFO - [2024-12-13T10:52:12.137+0000] {override.py:1900} INFO - Created Permission View: can read on DAG:example_skip_dag
[2024-12-13T10:52:12.157+0000] {logging_mixin.py:190} INFO - [2024-12-13T10:52:12.156+0000] {override.py:1900} INFO - Created Permission View: can delete on DAG:example_skip_dag
[2024-12-13T10:52:12.166+0000] {logging_mixin.py:190} INFO - [2024-12-13T10:52:12.165+0000] {override.py:1900} INFO - Created Permission View: can edit on DAG:example_skip_dag
[2024-12-13T10:52:12.184+0000] {logging_mixin.py:190} INFO - [2024-12-13T10:52:12.184+0000] {override.py:1900} INFO - Created Permission View: menu access on DAG Run:example_skip_dag
[2024-12-13T10:52:12.192+0000] {logging_mixin.py:190} INFO - [2024-12-13T10:52:12.192+0000] {override.py:1900} INFO - Created Permission View: can read on DAG Run:example_skip_dag
[2024-12-13T10:52:12.202+0000] {logging_mixin.py:190} INFO - [2024-12-13T10:52:12.202+0000] {override.py:1900} INFO - Created Permission View: can delete on DAG Run:example_skip_dag
[2024-12-13T10:52:12.216+0000] {logging_mixin.py:190} INFO - [2024-12-13T10:52:12.216+0000] {override.py:1900} INFO - Created Permission View: can create on DAG Run:example_skip_dag
[2024-12-13T10:52:12.217+0000] {logging_mixin.py:190} INFO - [2024-12-13T10:52:12.217+0000] {dag.py:3239} INFO - Sync 1 DAGs
[2024-12-13T10:52:12.254+0000] {logging_mixin.py:190} INFO - [2024-12-13T10:52:12.254+0000] {dag.py:3262} INFO - Creating ORM DAG for example_skip_dag
[2024-12-13T10:52:12.271+0000] {logging_mixin.py:190} INFO - [2024-12-13T10:52:12.271+0000] {dag.py:4180} INFO - Setting next_dagrun for example_skip_dag to 2024-12-12 00:00:00+00:00, run_after=2024-12-13 00:00:00+00:00
[2024-12-13T10:52:12.299+0000] {processor.py:208} INFO - Processing /opt/bitnami/airflow/venv/lib/python3.12/site-packages/airflow/example_dags/example_skip_dag.py took 0.304 seconds
[2024-12-13T10:52:42.396+0000] {processor.py:186} INFO - Started process (PID=128) to work on /opt/bitnami/airflow/venv/lib/python3.12/site-packages/airflow/example_dags/example_skip_dag.py
[2024-12-13T10:52:42.397+0000] {processor.py:914} INFO - Processing file /opt/bitnami/airflow/venv/lib/python3.12/site-packages/airflow/example_dags/example_skip_dag.py for tasks to queue
[2024-12-13T10:52:42.401+0000] {logging_mixin.py:190} INFO - [2024-12-13T10:52:42.401+0000] {dagbag.py:588} INFO - Filling up the DagBag from /opt/bitnami/airflow/venv/lib/python3.12/site-packages/airflow/example_dags/example_skip_dag.py
[2024-12-13T10:52:42.409+0000] {processor.py:925} INFO - DAG(s) 'example_skip_dag' retrieved from /opt/bitnami/airflow/venv/lib/python3.12/site-packages/airflow/example_dags/example_skip_dag.py
[2024-12-13T10:52:42.502+0000] {logging_mixin.py:190} INFO - [2024-12-13T10:52:42.501+0000] {dag.py:3239} INFO - Sync 1 DAGs
[2024-12-13T10:52:42.569+0000] {logging_mixin.py:190} INFO - [2024-12-13T10:52:42.569+0000] {dag.py:4180} INFO - Setting next_dagrun for example_skip_dag to 2024-12-12 00:00:00+00:00, run_after=2024-12-13 00:00:00+00:00
[2024-12-13T10:52:42.612+0000] {processor.py:208} INFO - Processing /opt/bitnami/airflow/venv/lib/python3.12/site-packages/airflow/example_dags/example_skip_dag.py took 0.226 seconds
[2024-12-13T10:53:14.815+0000] {processor.py:186} INFO - Started process (PID=185) to work on /opt/bitnami/airflow/venv/lib/python3.12/site-packages/airflow/example_dags/example_skip_dag.py
[2024-12-13T10:53:14.817+0000] {processor.py:914} INFO - Processing file /opt/bitnami/airflow/venv/lib/python3.12/site-packages/airflow/example_dags/example_skip_dag.py for tasks to queue
[2024-12-13T10:53:14.820+0000] {logging_mixin.py:190} INFO - [2024-12-13T10:53:14.820+0000] {dagbag.py:588} INFO - Filling up the DagBag from /opt/bitnami/airflow/venv/lib/python3.12/site-packages/airflow/example_dags/example_skip_dag.py
[2024-12-13T10:53:14.827+0000] {processor.py:925} INFO - DAG(s) 'example_skip_dag' retrieved from /opt/bitnami/airflow/venv/lib/python3.12/site-packages/airflow/example_dags/example_skip_dag.py
[2024-12-13T10:53:14.970+0000] {logging_mixin.py:190} INFO - [2024-12-13T10:53:14.969+0000] {dag.py:3239} INFO - Sync 1 DAGs
[2024-12-13T10:53:15.018+0000] {logging_mixin.py:190} INFO - [2024-12-13T10:53:15.018+0000] {dag.py:4180} INFO - Setting next_dagrun for example_skip_dag to 2024-12-12 00:00:00+00:00, run_after=2024-12-13 00:00:00+00:00
[2024-12-13T10:53:15.061+0000] {processor.py:208} INFO - Processing /opt/bitnami/airflow/venv/lib/python3.12/site-packages/airflow/example_dags/example_skip_dag.py took 0.257 seconds
[2024-12-13T10:53:45.490+0000] {processor.py:186} INFO - Started process (PID=242) to work on /opt/bitnami/airflow/venv/lib/python3.12/site-packages/airflow/example_dags/example_skip_dag.py
[2024-12-13T10:53:45.492+0000] {processor.py:914} INFO - Processing file /opt/bitnami/airflow/venv/lib/python3.12/site-packages/airflow/example_dags/example_skip_dag.py for tasks to queue
[2024-12-13T10:53:45.496+0000] {logging_mixin.py:190} INFO - [2024-12-13T10:53:45.495+0000] {dagbag.py:588} INFO - Filling up the DagBag from /opt/bitnami/airflow/venv/lib/python3.12/site-packages/airflow/example_dags/example_skip_dag.py
[2024-12-13T10:53:45.502+0000] {processor.py:925} INFO - DAG(s) 'example_skip_dag' retrieved from /opt/bitnami/airflow/venv/lib/python3.12/site-packages/airflow/example_dags/example_skip_dag.py
[2024-12-13T10:53:45.572+0000] {logging_mixin.py:190} INFO - [2024-12-13T10:53:45.571+0000] {dag.py:3239} INFO - Sync 1 DAGs
[2024-12-13T10:53:45.631+0000] {logging_mixin.py:190} INFO - [2024-12-13T10:53:45.631+0000] {dag.py:4180} INFO - Setting next_dagrun for example_skip_dag to 2024-12-12 00:00:00+00:00, run_after=2024-12-13 00:00:00+00:00
[2024-12-13T10:53:45.672+0000] {processor.py:208} INFO - Processing /opt/bitnami/airflow/venv/lib/python3.12/site-packages/airflow/example_dags/example_skip_dag.py took 0.190 seconds
[2024-12-13T10:54:16.274+0000] {processor.py:186} INFO - Started process (PID=299) to work on /opt/bitnami/airflow/venv/lib/python3.12/site-packages/airflow/example_dags/example_skip_dag.py
[2024-12-13T10:54:16.275+0000] {processor.py:914} INFO - Processing file /opt/bitnami/airflow/venv/lib/python3.12/site-packages/airflow/example_dags/example_skip_dag.py for tasks to queue
[2024-12-13T10:54:16.278+0000] {logging_mixin.py:190} INFO - [2024-12-13T10:54:16.277+0000] {dagbag.py:588} INFO - Filling up the DagBag from /opt/bitnami/airflow/venv/lib/python3.12/site-packages/airflow/example_dags/example_skip_dag.py
[2024-12-13T10:54:16.283+0000] {processor.py:925} INFO - DAG(s) 'example_skip_dag' retrieved from /opt/bitnami/airflow/venv/lib/python3.12/site-packages/airflow/example_dags/example_skip_dag.py
[2024-12-13T10:54:16.312+0000] {logging_mixin.py:190} INFO - [2024-12-13T10:54:16.312+0000] {dag.py:3239} INFO - Sync 1 DAGs
[2024-12-13T10:54:16.337+0000] {logging_mixin.py:190} INFO - [2024-12-13T10:54:16.337+0000] {dag.py:4180} INFO - Setting next_dagrun for example_skip_dag to 2024-12-12 00:00:00+00:00, run_after=2024-12-13 00:00:00+00:00
[2024-12-13T10:54:16.360+0000] {processor.py:208} INFO - Processing /opt/bitnami/airflow/venv/lib/python3.12/site-packages/airflow/example_dags/example_skip_dag.py took 0.091 seconds
[2024-12-13T10:54:46.886+0000] {processor.py:186} INFO - Started process (PID=356) to work on /opt/bitnami/airflow/venv/lib/python3.12/site-packages/airflow/example_dags/example_skip_dag.py
[2024-12-13T10:54:46.887+0000] {processor.py:914} INFO - Processing file /opt/bitnami/airflow/venv/lib/python3.12/site-packages/airflow/example_dags/example_skip_dag.py for tasks to queue
[2024-12-13T10:54:46.889+0000] {logging_mixin.py:190} INFO - [2024-12-13T10:54:46.889+0000] {dagbag.py:588} INFO - Filling up the DagBag from /opt/bitnami/airflow/venv/lib/python3.12/site-packages/airflow/example_dags/example_skip_dag.py
[2024-12-13T10:54:46.900+0000] {processor.py:925} INFO - DAG(s) 'example_skip_dag' retrieved from /opt/bitnami/airflow/venv/lib/python3.12/site-packages/airflow/example_dags/example_skip_dag.py
[2024-12-13T10:54:46.973+0000] {logging_mixin.py:190} INFO - [2024-12-13T10:54:46.972+0000] {dag.py:3239} INFO - Sync 1 DAGs
[2024-12-13T10:54:47.015+0000] {logging_mixin.py:190} INFO - [2024-12-13T10:54:47.014+0000] {dag.py:4180} INFO - Setting next_dagrun for example_skip_dag to 2024-12-12 00:00:00+00:00, run_after=2024-12-13 00:00:00+00:00
[2024-12-13T10:54:47.040+0000] {processor.py:208} INFO - Processing /opt/bitnami/airflow/venv/lib/python3.12/site-packages/airflow/example_dags/example_skip_dag.py took 0.160 seconds
[2024-12-13T10:55:17.679+0000] {processor.py:186} INFO - Started process (PID=413) to work on /opt/bitnami/airflow/venv/lib/python3.12/site-packages/airflow/example_dags/example_skip_dag.py
[2024-12-13T10:55:17.680+0000] {processor.py:914} INFO - Processing file /opt/bitnami/airflow/venv/lib/python3.12/site-packages/airflow/example_dags/example_skip_dag.py for tasks to queue
[2024-12-13T10:55:17.682+0000] {logging_mixin.py:190} INFO - [2024-12-13T10:55:17.682+0000] {dagbag.py:588} INFO - Filling up the DagBag from /opt/bitnami/airflow/venv/lib/python3.12/site-packages/airflow/example_dags/example_skip_dag.py
[2024-12-13T10:55:17.689+0000] {processor.py:925} INFO - DAG(s) 'example_skip_dag' retrieved from /opt/bitnami/airflow/venv/lib/python3.12/site-packages/airflow/example_dags/example_skip_dag.py
[2024-12-13T10:55:17.764+0000] {logging_mixin.py:190} INFO - [2024-12-13T10:55:17.763+0000] {dag.py:3239} INFO - Sync 1 DAGs
[2024-12-13T10:55:17.794+0000] {logging_mixin.py:190} INFO - [2024-12-13T10:55:17.794+0000] {dag.py:4180} INFO - Setting next_dagrun for example_skip_dag to 2024-12-12 00:00:00+00:00, run_after=2024-12-13 00:00:00+00:00
[2024-12-13T10:55:17.816+0000] {processor.py:208} INFO - Processing /opt/bitnami/airflow/venv/lib/python3.12/site-packages/airflow/example_dags/example_skip_dag.py took 0.142 seconds
[2024-12-13T10:55:48.439+0000] {processor.py:186} INFO - Started process (PID=470) to work on /opt/bitnami/airflow/venv/lib/python3.12/site-packages/airflow/example_dags/example_skip_dag.py
[2024-12-13T10:55:48.441+0000] {processor.py:914} INFO - Processing file /opt/bitnami/airflow/venv/lib/python3.12/site-packages/airflow/example_dags/example_skip_dag.py for tasks to queue
[2024-12-13T10:55:48.443+0000] {logging_mixin.py:190} INFO - [2024-12-13T10:55:48.442+0000] {dagbag.py:588} INFO - Filling up the DagBag from /opt/bitnami/airflow/venv/lib/python3.12/site-packages/airflow/example_dags/example_skip_dag.py
[2024-12-13T10:55:48.448+0000] {processor.py:925} INFO - DAG(s) 'example_skip_dag' retrieved from /opt/bitnami/airflow/venv/lib/python3.12/site-packages/airflow/example_dags/example_skip_dag.py
[2024-12-13T10:55:48.489+0000] {logging_mixin.py:190} INFO - [2024-12-13T10:55:48.488+0000] {dag.py:3239} INFO - Sync 1 DAGs
[2024-12-13T10:55:48.536+0000] {logging_mixin.py:190} INFO - [2024-12-13T10:55:48.535+0000] {dag.py:4180} INFO - Setting next_dagrun for example_skip_dag to 2024-12-12 00:00:00+00:00, run_after=2024-12-13 00:00:00+00:00
[2024-12-13T10:55:48.583+0000] {processor.py:208} INFO - Processing /opt/bitnami/airflow/venv/lib/python3.12/site-packages/airflow/example_dags/example_skip_dag.py took 0.148 seconds
[2024-12-13T10:56:19.266+0000] {processor.py:186} INFO - Started process (PID=527) to work on /opt/bitnami/airflow/venv/lib/python3.12/site-packages/airflow/example_dags/example_skip_dag.py
[2024-12-13T10:56:19.267+0000] {processor.py:914} INFO - Processing file /opt/bitnami/airflow/venv/lib/python3.12/site-packages/airflow/example_dags/example_skip_dag.py for tasks to queue
[2024-12-13T10:56:19.269+0000] {logging_mixin.py:190} INFO - [2024-12-13T10:56:19.269+0000] {dagbag.py:588} INFO - Filling up the DagBag from /opt/bitnami/airflow/venv/lib/python3.12/site-packages/airflow/example_dags/example_skip_dag.py
[2024-12-13T10:56:19.274+0000] {processor.py:925} INFO - DAG(s) 'example_skip_dag' retrieved from /opt/bitnami/airflow/venv/lib/python3.12/site-packages/airflow/example_dags/example_skip_dag.py
[2024-12-13T10:56:19.334+0000] {logging_mixin.py:190} INFO - [2024-12-13T10:56:19.333+0000] {dag.py:3239} INFO - Sync 1 DAGs
[2024-12-13T10:56:19.402+0000] {logging_mixin.py:190} INFO - [2024-12-13T10:56:19.402+0000] {dag.py:4180} INFO - Setting next_dagrun for example_skip_dag to 2024-12-12 00:00:00+00:00, run_after=2024-12-13 00:00:00+00:00
[2024-12-13T10:56:19.445+0000] {processor.py:208} INFO - Processing /opt/bitnami/airflow/venv/lib/python3.12/site-packages/airflow/example_dags/example_skip_dag.py took 0.184 seconds
[2024-12-13T10:56:50.322+0000] {processor.py:186} INFO - Started process (PID=584) to work on /opt/bitnami/airflow/venv/lib/python3.12/site-packages/airflow/example_dags/example_skip_dag.py
[2024-12-13T10:56:50.323+0000] {processor.py:914} INFO - Processing file /opt/bitnami/airflow/venv/lib/python3.12/site-packages/airflow/example_dags/example_skip_dag.py for tasks to queue
[2024-12-13T10:56:50.326+0000] {logging_mixin.py:190} INFO - [2024-12-13T10:56:50.325+0000] {dagbag.py:588} INFO - Filling up the DagBag from /opt/bitnami/airflow/venv/lib/python3.12/site-packages/airflow/example_dags/example_skip_dag.py
[2024-12-13T10:56:50.330+0000] {processor.py:925} INFO - DAG(s) 'example_skip_dag' retrieved from /opt/bitnami/airflow/venv/lib/python3.12/site-packages/airflow/example_dags/example_skip_dag.py
[2024-12-13T10:56:50.389+0000] {logging_mixin.py:190} INFO - [2024-12-13T10:56:50.389+0000] {dag.py:3239} INFO - Sync 1 DAGs
[2024-12-13T10:56:50.434+0000] {logging_mixin.py:190} INFO - [2024-12-13T10:56:50.434+0000] {dag.py:4180} INFO - Setting next_dagrun for example_skip_dag to 2024-12-12 00:00:00+00:00, run_after=2024-12-13 00:00:00+00:00
[2024-12-13T10:56:50.467+0000] {processor.py:208} INFO - Processing /opt/bitnami/airflow/venv/lib/python3.12/site-packages/airflow/example_dags/example_skip_dag.py took 0.149 seconds
[2024-12-13T10:57:20.794+0000] {processor.py:186} INFO - Started process (PID=641) to work on /opt/bitnami/airflow/venv/lib/python3.12/site-packages/airflow/example_dags/example_skip_dag.py
[2024-12-13T10:57:20.796+0000] {processor.py:914} INFO - Processing file /opt/bitnami/airflow/venv/lib/python3.12/site-packages/airflow/example_dags/example_skip_dag.py for tasks to queue
[2024-12-13T10:57:20.798+0000] {logging_mixin.py:190} INFO - [2024-12-13T10:57:20.798+0000] {dagbag.py:588} INFO - Filling up the DagBag from /opt/bitnami/airflow/venv/lib/python3.12/site-packages/airflow/example_dags/example_skip_dag.py
[2024-12-13T10:57:20.803+0000] {processor.py:925} INFO - DAG(s) 'example_skip_dag' retrieved from /opt/bitnami/airflow/venv/lib/python3.12/site-packages/airflow/example_dags/example_skip_dag.py
[2024-12-13T10:57:20.847+0000] {logging_mixin.py:190} INFO - [2024-12-13T10:57:20.847+0000] {dag.py:3239} INFO - Sync 1 DAGs
[2024-12-13T10:57:20.885+0000] {logging_mixin.py:190} INFO - [2024-12-13T10:57:20.885+0000] {dag.py:4180} INFO - Setting next_dagrun for example_skip_dag to 2024-12-12 00:00:00+00:00, run_after=2024-12-13 00:00:00+00:00
[2024-12-13T10:57:20.922+0000] {processor.py:208} INFO - Processing /opt/bitnami/airflow/venv/lib/python3.12/site-packages/airflow/example_dags/example_skip_dag.py took 0.132 seconds
[2024-12-13T10:57:51.552+0000] {processor.py:186} INFO - Started process (PID=698) to work on /opt/bitnami/airflow/venv/lib/python3.12/site-packages/airflow/example_dags/example_skip_dag.py
[2024-12-13T10:57:51.553+0000] {processor.py:914} INFO - Processing file /opt/bitnami/airflow/venv/lib/python3.12/site-packages/airflow/example_dags/example_skip_dag.py for tasks to queue
[2024-12-13T10:57:51.555+0000] {logging_mixin.py:190} INFO - [2024-12-13T10:57:51.555+0000] {dagbag.py:588} INFO - Filling up the DagBag from /opt/bitnami/airflow/venv/lib/python3.12/site-packages/airflow/example_dags/example_skip_dag.py
[2024-12-13T10:57:51.559+0000] {processor.py:925} INFO - DAG(s) 'example_skip_dag' retrieved from /opt/bitnami/airflow/venv/lib/python3.12/site-packages/airflow/example_dags/example_skip_dag.py
[2024-12-13T10:57:51.615+0000] {logging_mixin.py:190} INFO - [2024-12-13T10:57:51.614+0000] {dag.py:3239} INFO - Sync 1 DAGs
[2024-12-13T10:57:51.664+0000] {logging_mixin.py:190} INFO - [2024-12-13T10:57:51.664+0000] {dag.py:4180} INFO - Setting next_dagrun for example_skip_dag to 2024-12-12 00:00:00+00:00, run_after=2024-12-13 00:00:00+00:00
[2024-12-13T10:57:51.696+0000] {processor.py:208} INFO - Processing /opt/bitnami/airflow/venv/lib/python3.12/site-packages/airflow/example_dags/example_skip_dag.py took 0.149 seconds
[2024-12-13T10:58:22.424+0000] {processor.py:186} INFO - Started process (PID=755) to work on /opt/bitnami/airflow/venv/lib/python3.12/site-packages/airflow/example_dags/example_skip_dag.py
[2024-12-13T10:58:22.426+0000] {processor.py:914} INFO - Processing file /opt/bitnami/airflow/venv/lib/python3.12/site-packages/airflow/example_dags/example_skip_dag.py for tasks to queue
[2024-12-13T10:58:22.428+0000] {logging_mixin.py:190} INFO - [2024-12-13T10:58:22.428+0000] {dagbag.py:588} INFO - Filling up the DagBag from /opt/bitnami/airflow/venv/lib/python3.12/site-packages/airflow/example_dags/example_skip_dag.py
[2024-12-13T10:58:22.433+0000] {processor.py:925} INFO - DAG(s) 'example_skip_dag' retrieved from /opt/bitnami/airflow/venv/lib/python3.12/site-packages/airflow/example_dags/example_skip_dag.py
[2024-12-13T10:58:22.521+0000] {logging_mixin.py:190} INFO - [2024-12-13T10:58:22.521+0000] {dag.py:3239} INFO - Sync 1 DAGs
[2024-12-13T10:58:22.583+0000] {logging_mixin.py:190} INFO - [2024-12-13T10:58:22.583+0000] {dag.py:4180} INFO - Setting next_dagrun for example_skip_dag to 2024-12-12 00:00:00+00:00, run_after=2024-12-13 00:00:00+00:00
[2024-12-13T10:58:22.627+0000] {processor.py:208} INFO - Processing /opt/bitnami/airflow/venv/lib/python3.12/site-packages/airflow/example_dags/example_skip_dag.py took 0.208 seconds
[2024-12-13T10:58:53.489+0000] {processor.py:186} INFO - Started process (PID=812) to work on /opt/bitnami/airflow/venv/lib/python3.12/site-packages/airflow/example_dags/example_skip_dag.py
[2024-12-13T10:58:53.490+0000] {processor.py:914} INFO - Processing file /opt/bitnami/airflow/venv/lib/python3.12/site-packages/airflow/example_dags/example_skip_dag.py for tasks to queue
[2024-12-13T10:58:53.492+0000] {logging_mixin.py:190} INFO - [2024-12-13T10:58:53.492+0000] {dagbag.py:588} INFO - Filling up the DagBag from /opt/bitnami/airflow/venv/lib/python3.12/site-packages/airflow/example_dags/example_skip_dag.py
[2024-12-13T10:58:53.496+0000] {processor.py:925} INFO - DAG(s) 'example_skip_dag' retrieved from /opt/bitnami/airflow/venv/lib/python3.12/site-packages/airflow/example_dags/example_skip_dag.py
[2024-12-13T10:58:53.560+0000] {logging_mixin.py:190} INFO - [2024-12-13T10:58:53.559+0000] {dag.py:3239} INFO - Sync 1 DAGs
[2024-12-13T10:58:53.606+0000] {logging_mixin.py:190} INFO - [2024-12-13T10:58:53.606+0000] {dag.py:4180} INFO - Setting next_dagrun for example_skip_dag to 2024-12-12 00:00:00+00:00, run_after=2024-12-13 00:00:00+00:00
[2024-12-13T10:58:53.648+0000] {processor.py:208} INFO - Processing /opt/bitnami/airflow/venv/lib/python3.12/site-packages/airflow/example_dags/example_skip_dag.py took 0.163 seconds
[2024-12-13T11:07:31.424+0000] {processor.py:186} INFO - Started process (PID=71) to work on /opt/bitnami/airflow/venv/lib/python3.12/site-packages/airflow/example_dags/example_skip_dag.py
[2024-12-13T11:07:31.425+0000] {processor.py:914} INFO - Processing file /opt/bitnami/airflow/venv/lib/python3.12/site-packages/airflow/example_dags/example_skip_dag.py for tasks to queue
[2024-12-13T11:07:31.427+0000] {logging_mixin.py:190} INFO - [2024-12-13T11:07:31.427+0000] {dagbag.py:588} INFO - Filling up the DagBag from /opt/bitnami/airflow/venv/lib/python3.12/site-packages/airflow/example_dags/example_skip_dag.py
[2024-12-13T11:07:31.433+0000] {processor.py:925} INFO - DAG(s) 'example_skip_dag' retrieved from /opt/bitnami/airflow/venv/lib/python3.12/site-packages/airflow/example_dags/example_skip_dag.py
[2024-12-13T11:07:31.470+0000] {logging_mixin.py:190} INFO - [2024-12-13T11:07:31.469+0000] {dag.py:3239} INFO - Sync 1 DAGs
[2024-12-13T11:07:31.518+0000] {logging_mixin.py:190} INFO - [2024-12-13T11:07:31.518+0000] {dag.py:4180} INFO - Setting next_dagrun for example_skip_dag to 2024-12-12 00:00:00+00:00, run_after=2024-12-13 00:00:00+00:00
[2024-12-13T11:07:31.542+0000] {processor.py:208} INFO - Processing /opt/bitnami/airflow/venv/lib/python3.12/site-packages/airflow/example_dags/example_skip_dag.py took 0.122 seconds
[2024-12-13T11:08:02.155+0000] {processor.py:186} INFO - Started process (PID=128) to work on /opt/bitnami/airflow/venv/lib/python3.12/site-packages/airflow/example_dags/example_skip_dag.py
[2024-12-13T11:08:02.156+0000] {processor.py:914} INFO - Processing file /opt/bitnami/airflow/venv/lib/python3.12/site-packages/airflow/example_dags/example_skip_dag.py for tasks to queue
[2024-12-13T11:08:02.162+0000] {logging_mixin.py:190} INFO - [2024-12-13T11:08:02.161+0000] {dagbag.py:588} INFO - Filling up the DagBag from /opt/bitnami/airflow/venv/lib/python3.12/site-packages/airflow/example_dags/example_skip_dag.py
[2024-12-13T11:08:02.173+0000] {processor.py:925} INFO - DAG(s) 'example_skip_dag' retrieved from /opt/bitnami/airflow/venv/lib/python3.12/site-packages/airflow/example_dags/example_skip_dag.py
[2024-12-13T11:08:02.219+0000] {logging_mixin.py:190} INFO - [2024-12-13T11:08:02.218+0000] {dag.py:3239} INFO - Sync 1 DAGs
[2024-12-13T11:08:02.260+0000] {logging_mixin.py:190} INFO - [2024-12-13T11:08:02.259+0000] {dag.py:4180} INFO - Setting next_dagrun for example_skip_dag to 2024-12-12 00:00:00+00:00, run_after=2024-12-13 00:00:00+00:00
[2024-12-13T11:08:02.291+0000] {processor.py:208} INFO - Processing /opt/bitnami/airflow/venv/lib/python3.12/site-packages/airflow/example_dags/example_skip_dag.py took 0.145 seconds
[2024-12-13T11:08:34.289+0000] {processor.py:186} INFO - Started process (PID=185) to work on /opt/bitnami/airflow/venv/lib/python3.12/site-packages/airflow/example_dags/example_skip_dag.py
[2024-12-13T11:08:34.291+0000] {processor.py:914} INFO - Processing file /opt/bitnami/airflow/venv/lib/python3.12/site-packages/airflow/example_dags/example_skip_dag.py for tasks to queue
[2024-12-13T11:08:34.294+0000] {logging_mixin.py:190} INFO - [2024-12-13T11:08:34.294+0000] {dagbag.py:588} INFO - Filling up the DagBag from /opt/bitnami/airflow/venv/lib/python3.12/site-packages/airflow/example_dags/example_skip_dag.py
[2024-12-13T11:08:34.300+0000] {processor.py:925} INFO - DAG(s) 'example_skip_dag' retrieved from /opt/bitnami/airflow/venv/lib/python3.12/site-packages/airflow/example_dags/example_skip_dag.py
[2024-12-13T11:08:34.470+0000] {logging_mixin.py:190} INFO - [2024-12-13T11:08:34.469+0000] {dag.py:3239} INFO - Sync 1 DAGs
[2024-12-13T11:08:34.521+0000] {logging_mixin.py:190} INFO - [2024-12-13T11:08:34.521+0000] {dag.py:4180} INFO - Setting next_dagrun for example_skip_dag to 2024-12-12 00:00:00+00:00, run_after=2024-12-13 00:00:00+00:00
[2024-12-13T11:08:34.577+0000] {processor.py:208} INFO - Processing /opt/bitnami/airflow/venv/lib/python3.12/site-packages/airflow/example_dags/example_skip_dag.py took 0.293 seconds
[2024-12-13T11:09:05.184+0000] {processor.py:186} INFO - Started process (PID=242) to work on /opt/bitnami/airflow/venv/lib/python3.12/site-packages/airflow/example_dags/example_skip_dag.py
[2024-12-13T11:09:05.185+0000] {processor.py:914} INFO - Processing file /opt/bitnami/airflow/venv/lib/python3.12/site-packages/airflow/example_dags/example_skip_dag.py for tasks to queue
[2024-12-13T11:09:05.187+0000] {logging_mixin.py:190} INFO - [2024-12-13T11:09:05.187+0000] {dagbag.py:588} INFO - Filling up the DagBag from /opt/bitnami/airflow/venv/lib/python3.12/site-packages/airflow/example_dags/example_skip_dag.py
[2024-12-13T11:09:05.194+0000] {processor.py:925} INFO - DAG(s) 'example_skip_dag' retrieved from /opt/bitnami/airflow/venv/lib/python3.12/site-packages/airflow/example_dags/example_skip_dag.py
[2024-12-13T11:09:05.255+0000] {logging_mixin.py:190} INFO - [2024-12-13T11:09:05.254+0000] {dag.py:3239} INFO - Sync 1 DAGs
[2024-12-13T11:09:05.320+0000] {logging_mixin.py:190} INFO - [2024-12-13T11:09:05.320+0000] {dag.py:4180} INFO - Setting next_dagrun for example_skip_dag to 2024-12-12 00:00:00+00:00, run_after=2024-12-13 00:00:00+00:00
[2024-12-13T11:09:05.361+0000] {processor.py:208} INFO - Processing /opt/bitnami/airflow/venv/lib/python3.12/site-packages/airflow/example_dags/example_skip_dag.py took 0.183 seconds
[2024-12-13T11:13:44.043+0000] {processor.py:186} INFO - Started process (PID=71) to work on /opt/bitnami/airflow/venv/lib/python3.12/site-packages/airflow/example_dags/example_skip_dag.py
[2024-12-13T11:13:44.045+0000] {processor.py:914} INFO - Processing file /opt/bitnami/airflow/venv/lib/python3.12/site-packages/airflow/example_dags/example_skip_dag.py for tasks to queue
[2024-12-13T11:13:44.049+0000] {logging_mixin.py:190} INFO - [2024-12-13T11:13:44.048+0000] {dagbag.py:588} INFO - Filling up the DagBag from /opt/bitnami/airflow/venv/lib/python3.12/site-packages/airflow/example_dags/example_skip_dag.py
[2024-12-13T11:13:44.057+0000] {processor.py:925} INFO - DAG(s) 'example_skip_dag' retrieved from /opt/bitnami/airflow/venv/lib/python3.12/site-packages/airflow/example_dags/example_skip_dag.py
[2024-12-13T11:13:44.111+0000] {logging_mixin.py:190} INFO - [2024-12-13T11:13:44.110+0000] {dag.py:3239} INFO - Sync 1 DAGs
[2024-12-13T11:13:44.153+0000] {logging_mixin.py:190} INFO - [2024-12-13T11:13:44.152+0000] {dag.py:4180} INFO - Setting next_dagrun for example_skip_dag to 2024-12-12 00:00:00+00:00, run_after=2024-12-13 00:00:00+00:00
[2024-12-13T11:13:44.179+0000] {processor.py:208} INFO - Processing /opt/bitnami/airflow/venv/lib/python3.12/site-packages/airflow/example_dags/example_skip_dag.py took 0.149 seconds
[2024-12-13T11:14:14.562+0000] {processor.py:186} INFO - Started process (PID=128) to work on /opt/bitnami/airflow/venv/lib/python3.12/site-packages/airflow/example_dags/example_skip_dag.py
[2024-12-13T11:14:14.563+0000] {processor.py:914} INFO - Processing file /opt/bitnami/airflow/venv/lib/python3.12/site-packages/airflow/example_dags/example_skip_dag.py for tasks to queue
[2024-12-13T11:14:14.565+0000] {logging_mixin.py:190} INFO - [2024-12-13T11:14:14.565+0000] {dagbag.py:588} INFO - Filling up the DagBag from /opt/bitnami/airflow/venv/lib/python3.12/site-packages/airflow/example_dags/example_skip_dag.py
[2024-12-13T11:14:14.571+0000] {processor.py:925} INFO - DAG(s) 'example_skip_dag' retrieved from /opt/bitnami/airflow/venv/lib/python3.12/site-packages/airflow/example_dags/example_skip_dag.py
[2024-12-13T11:14:14.610+0000] {logging_mixin.py:190} INFO - [2024-12-13T11:14:14.609+0000] {dag.py:3239} INFO - Sync 1 DAGs
[2024-12-13T11:14:14.640+0000] {logging_mixin.py:190} INFO - [2024-12-13T11:14:14.639+0000] {dag.py:4180} INFO - Setting next_dagrun for example_skip_dag to 2024-12-12 00:00:00+00:00, run_after=2024-12-13 00:00:00+00:00
[2024-12-13T11:14:14.660+0000] {processor.py:208} INFO - Processing /opt/bitnami/airflow/venv/lib/python3.12/site-packages/airflow/example_dags/example_skip_dag.py took 0.102 seconds
[2024-12-13T11:14:47.535+0000] {processor.py:186} INFO - Started process (PID=185) to work on /opt/bitnami/airflow/venv/lib/python3.12/site-packages/airflow/example_dags/example_skip_dag.py
[2024-12-13T11:14:47.536+0000] {processor.py:914} INFO - Processing file /opt/bitnami/airflow/venv/lib/python3.12/site-packages/airflow/example_dags/example_skip_dag.py for tasks to queue
[2024-12-13T11:14:47.539+0000] {logging_mixin.py:190} INFO - [2024-12-13T11:14:47.539+0000] {dagbag.py:588} INFO - Filling up the DagBag from /opt/bitnami/airflow/venv/lib/python3.12/site-packages/airflow/example_dags/example_skip_dag.py
[2024-12-13T11:14:47.545+0000] {processor.py:925} INFO - DAG(s) 'example_skip_dag' retrieved from /opt/bitnami/airflow/venv/lib/python3.12/site-packages/airflow/example_dags/example_skip_dag.py
[2024-12-13T11:14:47.673+0000] {logging_mixin.py:190} INFO - [2024-12-13T11:14:47.672+0000] {dag.py:3239} INFO - Sync 1 DAGs
[2024-12-13T11:14:47.719+0000] {logging_mixin.py:190} INFO - [2024-12-13T11:14:47.719+0000] {dag.py:4180} INFO - Setting next_dagrun for example_skip_dag to 2024-12-12 00:00:00+00:00, run_after=2024-12-13 00:00:00+00:00
[2024-12-13T11:14:47.760+0000] {processor.py:208} INFO - Processing /opt/bitnami/airflow/venv/lib/python3.12/site-packages/airflow/example_dags/example_skip_dag.py took 0.230 seconds
[2024-12-13T11:15:17.825+0000] {processor.py:186} INFO - Started process (PID=242) to work on /opt/bitnami/airflow/venv/lib/python3.12/site-packages/airflow/example_dags/example_skip_dag.py
[2024-12-13T11:15:17.827+0000] {processor.py:914} INFO - Processing file /opt/bitnami/airflow/venv/lib/python3.12/site-packages/airflow/example_dags/example_skip_dag.py for tasks to queue
[2024-12-13T11:15:17.829+0000] {logging_mixin.py:190} INFO - [2024-12-13T11:15:17.829+0000] {dagbag.py:588} INFO - Filling up the DagBag from /opt/bitnami/airflow/venv/lib/python3.12/site-packages/airflow/example_dags/example_skip_dag.py
[2024-12-13T11:15:17.836+0000] {processor.py:925} INFO - DAG(s) 'example_skip_dag' retrieved from /opt/bitnami/airflow/venv/lib/python3.12/site-packages/airflow/example_dags/example_skip_dag.py
[2024-12-13T11:15:17.892+0000] {logging_mixin.py:190} INFO - [2024-12-13T11:15:17.892+0000] {dag.py:3239} INFO - Sync 1 DAGs
[2024-12-13T11:15:17.934+0000] {logging_mixin.py:190} INFO - [2024-12-13T11:15:17.934+0000] {dag.py:4180} INFO - Setting next_dagrun for example_skip_dag to 2024-12-12 00:00:00+00:00, run_after=2024-12-13 00:00:00+00:00
[2024-12-13T11:15:17.982+0000] {processor.py:208} INFO - Processing /opt/bitnami/airflow/venv/lib/python3.12/site-packages/airflow/example_dags/example_skip_dag.py took 0.163 seconds
[2024-12-13T11:57:08.751+0000] {processor.py:186} INFO - Started process (PID=71) to work on /opt/bitnami/airflow/venv/lib/python3.12/site-packages/airflow/example_dags/example_skip_dag.py
[2024-12-13T11:57:08.752+0000] {processor.py:914} INFO - Processing file /opt/bitnami/airflow/venv/lib/python3.12/site-packages/airflow/example_dags/example_skip_dag.py for tasks to queue
[2024-12-13T11:57:08.754+0000] {logging_mixin.py:190} INFO - [2024-12-13T11:57:08.753+0000] {dagbag.py:588} INFO - Filling up the DagBag from /opt/bitnami/airflow/venv/lib/python3.12/site-packages/airflow/example_dags/example_skip_dag.py
[2024-12-13T11:57:08.758+0000] {processor.py:925} INFO - DAG(s) 'example_skip_dag' retrieved from /opt/bitnami/airflow/venv/lib/python3.12/site-packages/airflow/example_dags/example_skip_dag.py
[2024-12-13T11:57:08.786+0000] {logging_mixin.py:190} INFO - [2024-12-13T11:57:08.786+0000] {dag.py:3239} INFO - Sync 1 DAGs
[2024-12-13T11:57:08.810+0000] {logging_mixin.py:190} INFO - [2024-12-13T11:57:08.810+0000] {dag.py:4180} INFO - Setting next_dagrun for example_skip_dag to 2024-12-12 00:00:00+00:00, run_after=2024-12-13 00:00:00+00:00
[2024-12-13T11:57:08.827+0000] {processor.py:208} INFO - Processing /opt/bitnami/airflow/venv/lib/python3.12/site-packages/airflow/example_dags/example_skip_dag.py took 0.080 seconds
[2024-12-13T11:57:40.096+0000] {processor.py:186} INFO - Started process (PID=128) to work on /opt/bitnami/airflow/venv/lib/python3.12/site-packages/airflow/example_dags/example_skip_dag.py
[2024-12-13T11:57:40.097+0000] {processor.py:914} INFO - Processing file /opt/bitnami/airflow/venv/lib/python3.12/site-packages/airflow/example_dags/example_skip_dag.py for tasks to queue
[2024-12-13T11:57:40.099+0000] {logging_mixin.py:190} INFO - [2024-12-13T11:57:40.099+0000] {dagbag.py:588} INFO - Filling up the DagBag from /opt/bitnami/airflow/venv/lib/python3.12/site-packages/airflow/example_dags/example_skip_dag.py
[2024-12-13T11:57:40.104+0000] {processor.py:925} INFO - DAG(s) 'example_skip_dag' retrieved from /opt/bitnami/airflow/venv/lib/python3.12/site-packages/airflow/example_dags/example_skip_dag.py
[2024-12-13T11:57:40.144+0000] {logging_mixin.py:190} INFO - [2024-12-13T11:57:40.143+0000] {dag.py:3239} INFO - Sync 1 DAGs
[2024-12-13T11:57:40.178+0000] {logging_mixin.py:190} INFO - [2024-12-13T11:57:40.178+0000] {dag.py:4180} INFO - Setting next_dagrun for example_skip_dag to 2024-12-12 00:00:00+00:00, run_after=2024-12-13 00:00:00+00:00
[2024-12-13T11:57:40.205+0000] {processor.py:208} INFO - Processing /opt/bitnami/airflow/venv/lib/python3.12/site-packages/airflow/example_dags/example_skip_dag.py took 0.114 seconds
[2024-12-13T11:58:34.317+0000] {processor.py:186} INFO - Started process (PID=71) to work on /opt/bitnami/airflow/venv/lib/python3.12/site-packages/airflow/example_dags/example_skip_dag.py
[2024-12-13T11:58:34.318+0000] {processor.py:914} INFO - Processing file /opt/bitnami/airflow/venv/lib/python3.12/site-packages/airflow/example_dags/example_skip_dag.py for tasks to queue
[2024-12-13T11:58:34.320+0000] {logging_mixin.py:190} INFO - [2024-12-13T11:58:34.320+0000] {dagbag.py:588} INFO - Filling up the DagBag from /opt/bitnami/airflow/venv/lib/python3.12/site-packages/airflow/example_dags/example_skip_dag.py
[2024-12-13T11:58:34.325+0000] {processor.py:925} INFO - DAG(s) 'example_skip_dag' retrieved from /opt/bitnami/airflow/venv/lib/python3.12/site-packages/airflow/example_dags/example_skip_dag.py
[2024-12-13T11:58:34.356+0000] {logging_mixin.py:190} INFO - [2024-12-13T11:58:34.355+0000] {dag.py:3239} INFO - Sync 1 DAGs
[2024-12-13T11:58:34.382+0000] {logging_mixin.py:190} INFO - [2024-12-13T11:58:34.382+0000] {dag.py:4180} INFO - Setting next_dagrun for example_skip_dag to 2024-12-12 00:00:00+00:00, run_after=2024-12-13 00:00:00+00:00
[2024-12-13T11:58:34.401+0000] {processor.py:208} INFO - Processing /opt/bitnami/airflow/venv/lib/python3.12/site-packages/airflow/example_dags/example_skip_dag.py took 0.089 seconds
[2024-12-13T11:59:05.686+0000] {processor.py:186} INFO - Started process (PID=128) to work on /opt/bitnami/airflow/venv/lib/python3.12/site-packages/airflow/example_dags/example_skip_dag.py
[2024-12-13T11:59:05.688+0000] {processor.py:914} INFO - Processing file /opt/bitnami/airflow/venv/lib/python3.12/site-packages/airflow/example_dags/example_skip_dag.py for tasks to queue
[2024-12-13T11:59:05.691+0000] {logging_mixin.py:190} INFO - [2024-12-13T11:59:05.691+0000] {dagbag.py:588} INFO - Filling up the DagBag from /opt/bitnami/airflow/venv/lib/python3.12/site-packages/airflow/example_dags/example_skip_dag.py
[2024-12-13T11:59:05.697+0000] {processor.py:925} INFO - DAG(s) 'example_skip_dag' retrieved from /opt/bitnami/airflow/venv/lib/python3.12/site-packages/airflow/example_dags/example_skip_dag.py
[2024-12-13T11:59:05.737+0000] {logging_mixin.py:190} INFO - [2024-12-13T11:59:05.737+0000] {dag.py:3239} INFO - Sync 1 DAGs
[2024-12-13T11:59:05.768+0000] {logging_mixin.py:190} INFO - [2024-12-13T11:59:05.768+0000] {dag.py:4180} INFO - Setting next_dagrun for example_skip_dag to 2024-12-12 00:00:00+00:00, run_after=2024-12-13 00:00:00+00:00
[2024-12-13T11:59:05.788+0000] {processor.py:208} INFO - Processing /opt/bitnami/airflow/venv/lib/python3.12/site-packages/airflow/example_dags/example_skip_dag.py took 0.108 seconds
[2024-12-13T11:59:36.357+0000] {processor.py:186} INFO - Started process (PID=185) to work on /opt/bitnami/airflow/venv/lib/python3.12/site-packages/airflow/example_dags/example_skip_dag.py
[2024-12-13T11:59:36.359+0000] {processor.py:914} INFO - Processing file /opt/bitnami/airflow/venv/lib/python3.12/site-packages/airflow/example_dags/example_skip_dag.py for tasks to queue
[2024-12-13T11:59:36.361+0000] {logging_mixin.py:190} INFO - [2024-12-13T11:59:36.360+0000] {dagbag.py:588} INFO - Filling up the DagBag from /opt/bitnami/airflow/venv/lib/python3.12/site-packages/airflow/example_dags/example_skip_dag.py
[2024-12-13T11:59:36.365+0000] {processor.py:925} INFO - DAG(s) 'example_skip_dag' retrieved from /opt/bitnami/airflow/venv/lib/python3.12/site-packages/airflow/example_dags/example_skip_dag.py
[2024-12-13T11:59:36.452+0000] {logging_mixin.py:190} INFO - [2024-12-13T11:59:36.452+0000] {dag.py:3239} INFO - Sync 1 DAGs
[2024-12-13T11:59:36.478+0000] {logging_mixin.py:190} INFO - [2024-12-13T11:59:36.478+0000] {dag.py:4180} INFO - Setting next_dagrun for example_skip_dag to 2024-12-12 00:00:00+00:00, run_after=2024-12-13 00:00:00+00:00
[2024-12-13T11:59:36.500+0000] {processor.py:208} INFO - Processing /opt/bitnami/airflow/venv/lib/python3.12/site-packages/airflow/example_dags/example_skip_dag.py took 0.147 seconds
[2024-12-13T12:00:06.802+0000] {processor.py:186} INFO - Started process (PID=242) to work on /opt/bitnami/airflow/venv/lib/python3.12/site-packages/airflow/example_dags/example_skip_dag.py
[2024-12-13T12:00:06.803+0000] {processor.py:914} INFO - Processing file /opt/bitnami/airflow/venv/lib/python3.12/site-packages/airflow/example_dags/example_skip_dag.py for tasks to queue
[2024-12-13T12:00:06.805+0000] {logging_mixin.py:190} INFO - [2024-12-13T12:00:06.805+0000] {dagbag.py:588} INFO - Filling up the DagBag from /opt/bitnami/airflow/venv/lib/python3.12/site-packages/airflow/example_dags/example_skip_dag.py
[2024-12-13T12:00:06.811+0000] {processor.py:925} INFO - DAG(s) 'example_skip_dag' retrieved from /opt/bitnami/airflow/venv/lib/python3.12/site-packages/airflow/example_dags/example_skip_dag.py
[2024-12-13T12:00:06.843+0000] {logging_mixin.py:190} INFO - [2024-12-13T12:00:06.842+0000] {dag.py:3239} INFO - Sync 1 DAGs
[2024-12-13T12:00:06.870+0000] {logging_mixin.py:190} INFO - [2024-12-13T12:00:06.870+0000] {dag.py:4180} INFO - Setting next_dagrun for example_skip_dag to 2024-12-12 00:00:00+00:00, run_after=2024-12-13 00:00:00+00:00
[2024-12-13T12:00:06.890+0000] {processor.py:208} INFO - Processing /opt/bitnami/airflow/venv/lib/python3.12/site-packages/airflow/example_dags/example_skip_dag.py took 0.092 seconds
[2024-12-13T12:00:37.795+0000] {processor.py:186} INFO - Started process (PID=299) to work on /opt/bitnami/airflow/venv/lib/python3.12/site-packages/airflow/example_dags/example_skip_dag.py
[2024-12-13T12:00:37.796+0000] {processor.py:914} INFO - Processing file /opt/bitnami/airflow/venv/lib/python3.12/site-packages/airflow/example_dags/example_skip_dag.py for tasks to queue
[2024-12-13T12:00:37.798+0000] {logging_mixin.py:190} INFO - [2024-12-13T12:00:37.798+0000] {dagbag.py:588} INFO - Filling up the DagBag from /opt/bitnami/airflow/venv/lib/python3.12/site-packages/airflow/example_dags/example_skip_dag.py
[2024-12-13T12:00:37.803+0000] {processor.py:925} INFO - DAG(s) 'example_skip_dag' retrieved from /opt/bitnami/airflow/venv/lib/python3.12/site-packages/airflow/example_dags/example_skip_dag.py
[2024-12-13T12:00:37.834+0000] {logging_mixin.py:190} INFO - [2024-12-13T12:00:37.834+0000] {dag.py:3239} INFO - Sync 1 DAGs
[2024-12-13T12:00:37.862+0000] {logging_mixin.py:190} INFO - [2024-12-13T12:00:37.862+0000] {dag.py:4180} INFO - Setting next_dagrun for example_skip_dag to 2024-12-12 00:00:00+00:00, run_after=2024-12-13 00:00:00+00:00
[2024-12-13T12:00:37.883+0000] {processor.py:208} INFO - Processing /opt/bitnami/airflow/venv/lib/python3.12/site-packages/airflow/example_dags/example_skip_dag.py took 0.092 seconds
[2024-12-13T12:01:09.363+0000] {processor.py:186} INFO - Started process (PID=356) to work on /opt/bitnami/airflow/venv/lib/python3.12/site-packages/airflow/example_dags/example_skip_dag.py
[2024-12-13T12:01:09.363+0000] {processor.py:914} INFO - Processing file /opt/bitnami/airflow/venv/lib/python3.12/site-packages/airflow/example_dags/example_skip_dag.py for tasks to queue
[2024-12-13T12:01:09.365+0000] {logging_mixin.py:190} INFO - [2024-12-13T12:01:09.365+0000] {dagbag.py:588} INFO - Filling up the DagBag from /opt/bitnami/airflow/venv/lib/python3.12/site-packages/airflow/example_dags/example_skip_dag.py
[2024-12-13T12:01:09.370+0000] {processor.py:925} INFO - DAG(s) 'example_skip_dag' retrieved from /opt/bitnami/airflow/venv/lib/python3.12/site-packages/airflow/example_dags/example_skip_dag.py
[2024-12-13T12:01:09.399+0000] {logging_mixin.py:190} INFO - [2024-12-13T12:01:09.398+0000] {dag.py:3239} INFO - Sync 1 DAGs
[2024-12-13T12:01:09.425+0000] {logging_mixin.py:190} INFO - [2024-12-13T12:01:09.425+0000] {dag.py:4180} INFO - Setting next_dagrun for example_skip_dag to 2024-12-12 00:00:00+00:00, run_after=2024-12-13 00:00:00+00:00
[2024-12-13T12:01:09.448+0000] {processor.py:208} INFO - Processing /opt/bitnami/airflow/venv/lib/python3.12/site-packages/airflow/example_dags/example_skip_dag.py took 0.090 seconds
[2024-12-13T12:01:40.234+0000] {processor.py:186} INFO - Started process (PID=413) to work on /opt/bitnami/airflow/venv/lib/python3.12/site-packages/airflow/example_dags/example_skip_dag.py
[2024-12-13T12:01:40.235+0000] {processor.py:914} INFO - Processing file /opt/bitnami/airflow/venv/lib/python3.12/site-packages/airflow/example_dags/example_skip_dag.py for tasks to queue
[2024-12-13T12:01:40.237+0000] {logging_mixin.py:190} INFO - [2024-12-13T12:01:40.237+0000] {dagbag.py:588} INFO - Filling up the DagBag from /opt/bitnami/airflow/venv/lib/python3.12/site-packages/airflow/example_dags/example_skip_dag.py
[2024-12-13T12:01:40.242+0000] {processor.py:925} INFO - DAG(s) 'example_skip_dag' retrieved from /opt/bitnami/airflow/venv/lib/python3.12/site-packages/airflow/example_dags/example_skip_dag.py
[2024-12-13T12:01:40.272+0000] {logging_mixin.py:190} INFO - [2024-12-13T12:01:40.272+0000] {dag.py:3239} INFO - Sync 1 DAGs
[2024-12-13T12:01:40.296+0000] {logging_mixin.py:190} INFO - [2024-12-13T12:01:40.296+0000] {dag.py:4180} INFO - Setting next_dagrun for example_skip_dag to 2024-12-12 00:00:00+00:00, run_after=2024-12-13 00:00:00+00:00
[2024-12-13T12:01:40.317+0000] {processor.py:208} INFO - Processing /opt/bitnami/airflow/venv/lib/python3.12/site-packages/airflow/example_dags/example_skip_dag.py took 0.088 seconds
[2024-12-13T12:02:10.792+0000] {processor.py:186} INFO - Started process (PID=470) to work on /opt/bitnami/airflow/venv/lib/python3.12/site-packages/airflow/example_dags/example_skip_dag.py
[2024-12-13T12:02:10.793+0000] {processor.py:914} INFO - Processing file /opt/bitnami/airflow/venv/lib/python3.12/site-packages/airflow/example_dags/example_skip_dag.py for tasks to queue
[2024-12-13T12:02:10.795+0000] {logging_mixin.py:190} INFO - [2024-12-13T12:02:10.794+0000] {dagbag.py:588} INFO - Filling up the DagBag from /opt/bitnami/airflow/venv/lib/python3.12/site-packages/airflow/example_dags/example_skip_dag.py
[2024-12-13T12:02:10.799+0000] {processor.py:925} INFO - DAG(s) 'example_skip_dag' retrieved from /opt/bitnami/airflow/venv/lib/python3.12/site-packages/airflow/example_dags/example_skip_dag.py
[2024-12-13T12:02:10.831+0000] {logging_mixin.py:190} INFO - [2024-12-13T12:02:10.830+0000] {dag.py:3239} INFO - Sync 1 DAGs
[2024-12-13T12:02:10.864+0000] {logging_mixin.py:190} INFO - [2024-12-13T12:02:10.863+0000] {dag.py:4180} INFO - Setting next_dagrun for example_skip_dag to 2024-12-12 00:00:00+00:00, run_after=2024-12-13 00:00:00+00:00
[2024-12-13T12:02:10.890+0000] {processor.py:208} INFO - Processing /opt/bitnami/airflow/venv/lib/python3.12/site-packages/airflow/example_dags/example_skip_dag.py took 0.103 seconds
