[2024-12-13T08:19:43.961+0000] {processor.py:186} INFO - Started process (PID=57) to work on /opt/bitnami/airflow/venv/lib/python3.12/site-packages/airflow/example_dags/example_setup_teardown_taskflow.py
[2024-12-13T08:19:43.962+0000] {processor.py:914} INFO - Processing file /opt/bitnami/airflow/venv/lib/python3.12/site-packages/airflow/example_dags/example_setup_teardown_taskflow.py for tasks to queue
[2024-12-13T08:19:43.964+0000] {logging_mixin.py:190} INFO - [2024-12-13T08:19:43.963+0000] {dagbag.py:588} INFO - Filling up the DagBag from /opt/bitnami/airflow/venv/lib/python3.12/site-packages/airflow/example_dags/example_setup_teardown_taskflow.py
[2024-12-13T08:19:43.971+0000] {processor.py:925} INFO - DAG(s) 'example_setup_teardown_taskflow' retrieved from /opt/bitnami/airflow/venv/lib/python3.12/site-packages/airflow/example_dags/example_setup_teardown_taskflow.py
[2024-12-13T08:19:44.006+0000] {logging_mixin.py:190} INFO - [2024-12-13T08:19:44.006+0000] {dag.py:3239} INFO - Sync 1 DAGs
[2024-12-13T08:19:44.026+0000] {logging_mixin.py:190} INFO - [2024-12-13T08:19:44.026+0000] {dag.py:4180} INFO - Setting next_dagrun for example_setup_teardown_taskflow to None, run_after=None
[2024-12-13T08:19:44.047+0000] {processor.py:208} INFO - Processing /opt/bitnami/airflow/venv/lib/python3.12/site-packages/airflow/example_dags/example_setup_teardown_taskflow.py took 0.090 seconds
[2024-12-13T08:20:14.348+0000] {processor.py:186} INFO - Started process (PID=114) to work on /opt/bitnami/airflow/venv/lib/python3.12/site-packages/airflow/example_dags/example_setup_teardown_taskflow.py
[2024-12-13T08:20:14.349+0000] {processor.py:914} INFO - Processing file /opt/bitnami/airflow/venv/lib/python3.12/site-packages/airflow/example_dags/example_setup_teardown_taskflow.py for tasks to queue
[2024-12-13T08:20:14.351+0000] {logging_mixin.py:190} INFO - [2024-12-13T08:20:14.351+0000] {dagbag.py:588} INFO - Filling up the DagBag from /opt/bitnami/airflow/venv/lib/python3.12/site-packages/airflow/example_dags/example_setup_teardown_taskflow.py
[2024-12-13T08:20:14.357+0000] {processor.py:925} INFO - DAG(s) 'example_setup_teardown_taskflow' retrieved from /opt/bitnami/airflow/venv/lib/python3.12/site-packages/airflow/example_dags/example_setup_teardown_taskflow.py
[2024-12-13T08:20:14.388+0000] {logging_mixin.py:190} INFO - [2024-12-13T08:20:14.388+0000] {dag.py:3239} INFO - Sync 1 DAGs
[2024-12-13T08:20:14.404+0000] {logging_mixin.py:190} INFO - [2024-12-13T08:20:14.404+0000] {dag.py:4180} INFO - Setting next_dagrun for example_setup_teardown_taskflow to None, run_after=None
[2024-12-13T08:20:14.422+0000] {processor.py:208} INFO - Processing /opt/bitnami/airflow/venv/lib/python3.12/site-packages/airflow/example_dags/example_setup_teardown_taskflow.py took 0.078 seconds
[2024-12-13T08:20:44.913+0000] {processor.py:186} INFO - Started process (PID=171) to work on /opt/bitnami/airflow/venv/lib/python3.12/site-packages/airflow/example_dags/example_setup_teardown_taskflow.py
[2024-12-13T08:20:44.914+0000] {processor.py:914} INFO - Processing file /opt/bitnami/airflow/venv/lib/python3.12/site-packages/airflow/example_dags/example_setup_teardown_taskflow.py for tasks to queue
[2024-12-13T08:20:44.917+0000] {logging_mixin.py:190} INFO - [2024-12-13T08:20:44.916+0000] {dagbag.py:588} INFO - Filling up the DagBag from /opt/bitnami/airflow/venv/lib/python3.12/site-packages/airflow/example_dags/example_setup_teardown_taskflow.py
[2024-12-13T08:20:44.924+0000] {processor.py:925} INFO - DAG(s) 'example_setup_teardown_taskflow' retrieved from /opt/bitnami/airflow/venv/lib/python3.12/site-packages/airflow/example_dags/example_setup_teardown_taskflow.py
[2024-12-13T08:20:44.978+0000] {logging_mixin.py:190} INFO - [2024-12-13T08:20:44.978+0000] {dag.py:3239} INFO - Sync 1 DAGs
[2024-12-13T08:20:45.013+0000] {logging_mixin.py:190} INFO - [2024-12-13T08:20:45.012+0000] {dag.py:4180} INFO - Setting next_dagrun for example_setup_teardown_taskflow to None, run_after=None
[2024-12-13T08:20:45.052+0000] {processor.py:208} INFO - Processing /opt/bitnami/airflow/venv/lib/python3.12/site-packages/airflow/example_dags/example_setup_teardown_taskflow.py took 0.143 seconds
[2024-12-13T08:21:15.519+0000] {processor.py:186} INFO - Started process (PID=228) to work on /opt/bitnami/airflow/venv/lib/python3.12/site-packages/airflow/example_dags/example_setup_teardown_taskflow.py
[2024-12-13T08:21:15.520+0000] {processor.py:914} INFO - Processing file /opt/bitnami/airflow/venv/lib/python3.12/site-packages/airflow/example_dags/example_setup_teardown_taskflow.py for tasks to queue
[2024-12-13T08:21:15.522+0000] {logging_mixin.py:190} INFO - [2024-12-13T08:21:15.522+0000] {dagbag.py:588} INFO - Filling up the DagBag from /opt/bitnami/airflow/venv/lib/python3.12/site-packages/airflow/example_dags/example_setup_teardown_taskflow.py
[2024-12-13T08:21:15.529+0000] {processor.py:925} INFO - DAG(s) 'example_setup_teardown_taskflow' retrieved from /opt/bitnami/airflow/venv/lib/python3.12/site-packages/airflow/example_dags/example_setup_teardown_taskflow.py
[2024-12-13T08:21:15.645+0000] {logging_mixin.py:190} INFO - [2024-12-13T08:21:15.645+0000] {dag.py:3239} INFO - Sync 1 DAGs
[2024-12-13T08:21:15.672+0000] {logging_mixin.py:190} INFO - [2024-12-13T08:21:15.671+0000] {dag.py:4180} INFO - Setting next_dagrun for example_setup_teardown_taskflow to None, run_after=None
[2024-12-13T08:21:15.711+0000] {processor.py:208} INFO - Processing /opt/bitnami/airflow/venv/lib/python3.12/site-packages/airflow/example_dags/example_setup_teardown_taskflow.py took 0.196 seconds
[2024-12-13T08:21:46.747+0000] {processor.py:186} INFO - Started process (PID=285) to work on /opt/bitnami/airflow/venv/lib/python3.12/site-packages/airflow/example_dags/example_setup_teardown_taskflow.py
[2024-12-13T08:21:46.750+0000] {processor.py:914} INFO - Processing file /opt/bitnami/airflow/venv/lib/python3.12/site-packages/airflow/example_dags/example_setup_teardown_taskflow.py for tasks to queue
[2024-12-13T08:21:46.752+0000] {logging_mixin.py:190} INFO - [2024-12-13T08:21:46.752+0000] {dagbag.py:588} INFO - Filling up the DagBag from /opt/bitnami/airflow/venv/lib/python3.12/site-packages/airflow/example_dags/example_setup_teardown_taskflow.py
[2024-12-13T08:21:46.763+0000] {processor.py:925} INFO - DAG(s) 'example_setup_teardown_taskflow' retrieved from /opt/bitnami/airflow/venv/lib/python3.12/site-packages/airflow/example_dags/example_setup_teardown_taskflow.py
[2024-12-13T08:21:46.809+0000] {logging_mixin.py:190} INFO - [2024-12-13T08:21:46.808+0000] {dag.py:3239} INFO - Sync 1 DAGs
[2024-12-13T08:21:46.837+0000] {logging_mixin.py:190} INFO - [2024-12-13T08:21:46.837+0000] {dag.py:4180} INFO - Setting next_dagrun for example_setup_teardown_taskflow to None, run_after=None
[2024-12-13T08:21:46.868+0000] {processor.py:208} INFO - Processing /opt/bitnami/airflow/venv/lib/python3.12/site-packages/airflow/example_dags/example_setup_teardown_taskflow.py took 0.128 seconds
[2024-12-13T08:22:17.238+0000] {processor.py:186} INFO - Started process (PID=342) to work on /opt/bitnami/airflow/venv/lib/python3.12/site-packages/airflow/example_dags/example_setup_teardown_taskflow.py
[2024-12-13T08:22:17.239+0000] {processor.py:914} INFO - Processing file /opt/bitnami/airflow/venv/lib/python3.12/site-packages/airflow/example_dags/example_setup_teardown_taskflow.py for tasks to queue
[2024-12-13T08:22:17.241+0000] {logging_mixin.py:190} INFO - [2024-12-13T08:22:17.241+0000] {dagbag.py:588} INFO - Filling up the DagBag from /opt/bitnami/airflow/venv/lib/python3.12/site-packages/airflow/example_dags/example_setup_teardown_taskflow.py
[2024-12-13T08:22:17.248+0000] {processor.py:925} INFO - DAG(s) 'example_setup_teardown_taskflow' retrieved from /opt/bitnami/airflow/venv/lib/python3.12/site-packages/airflow/example_dags/example_setup_teardown_taskflow.py
[2024-12-13T08:22:17.279+0000] {logging_mixin.py:190} INFO - [2024-12-13T08:22:17.279+0000] {dag.py:3239} INFO - Sync 1 DAGs
[2024-12-13T08:22:17.296+0000] {logging_mixin.py:190} INFO - [2024-12-13T08:22:17.296+0000] {dag.py:4180} INFO - Setting next_dagrun for example_setup_teardown_taskflow to None, run_after=None
[2024-12-13T08:22:17.318+0000] {processor.py:208} INFO - Processing /opt/bitnami/airflow/venv/lib/python3.12/site-packages/airflow/example_dags/example_setup_teardown_taskflow.py took 0.085 seconds
[2024-12-13T08:22:48.103+0000] {processor.py:186} INFO - Started process (PID=399) to work on /opt/bitnami/airflow/venv/lib/python3.12/site-packages/airflow/example_dags/example_setup_teardown_taskflow.py
[2024-12-13T08:22:48.104+0000] {processor.py:914} INFO - Processing file /opt/bitnami/airflow/venv/lib/python3.12/site-packages/airflow/example_dags/example_setup_teardown_taskflow.py for tasks to queue
[2024-12-13T08:22:48.106+0000] {logging_mixin.py:190} INFO - [2024-12-13T08:22:48.106+0000] {dagbag.py:588} INFO - Filling up the DagBag from /opt/bitnami/airflow/venv/lib/python3.12/site-packages/airflow/example_dags/example_setup_teardown_taskflow.py
[2024-12-13T08:22:48.112+0000] {processor.py:925} INFO - DAG(s) 'example_setup_teardown_taskflow' retrieved from /opt/bitnami/airflow/venv/lib/python3.12/site-packages/airflow/example_dags/example_setup_teardown_taskflow.py
[2024-12-13T08:22:48.143+0000] {logging_mixin.py:190} INFO - [2024-12-13T08:22:48.143+0000] {dag.py:3239} INFO - Sync 1 DAGs
[2024-12-13T08:22:48.164+0000] {logging_mixin.py:190} INFO - [2024-12-13T08:22:48.164+0000] {dag.py:4180} INFO - Setting next_dagrun for example_setup_teardown_taskflow to None, run_after=None
[2024-12-13T08:22:48.183+0000] {processor.py:208} INFO - Processing /opt/bitnami/airflow/venv/lib/python3.12/site-packages/airflow/example_dags/example_setup_teardown_taskflow.py took 0.085 seconds
[2024-12-13T08:25:44.971+0000] {processor.py:186} INFO - Started process (PID=57) to work on /opt/bitnami/airflow/venv/lib/python3.12/site-packages/airflow/example_dags/example_setup_teardown_taskflow.py
[2024-12-13T08:25:44.973+0000] {processor.py:914} INFO - Processing file /opt/bitnami/airflow/venv/lib/python3.12/site-packages/airflow/example_dags/example_setup_teardown_taskflow.py for tasks to queue
[2024-12-13T08:25:44.975+0000] {logging_mixin.py:190} INFO - [2024-12-13T08:25:44.975+0000] {dagbag.py:588} INFO - Filling up the DagBag from /opt/bitnami/airflow/venv/lib/python3.12/site-packages/airflow/example_dags/example_setup_teardown_taskflow.py
[2024-12-13T08:25:44.987+0000] {processor.py:925} INFO - DAG(s) 'example_setup_teardown_taskflow' retrieved from /opt/bitnami/airflow/venv/lib/python3.12/site-packages/airflow/example_dags/example_setup_teardown_taskflow.py
[2024-12-13T08:25:45.038+0000] {logging_mixin.py:190} INFO - [2024-12-13T08:25:45.037+0000] {dag.py:3239} INFO - Sync 1 DAGs
[2024-12-13T08:25:45.059+0000] {logging_mixin.py:190} INFO - [2024-12-13T08:25:45.058+0000] {dag.py:4180} INFO - Setting next_dagrun for example_setup_teardown_taskflow to None, run_after=None
[2024-12-13T08:25:45.085+0000] {processor.py:208} INFO - Processing /opt/bitnami/airflow/venv/lib/python3.12/site-packages/airflow/example_dags/example_setup_teardown_taskflow.py took 0.121 seconds
[2024-12-13T08:26:15.661+0000] {processor.py:186} INFO - Started process (PID=114) to work on /opt/bitnami/airflow/venv/lib/python3.12/site-packages/airflow/example_dags/example_setup_teardown_taskflow.py
[2024-12-13T08:26:15.662+0000] {processor.py:914} INFO - Processing file /opt/bitnami/airflow/venv/lib/python3.12/site-packages/airflow/example_dags/example_setup_teardown_taskflow.py for tasks to queue
[2024-12-13T08:26:15.664+0000] {logging_mixin.py:190} INFO - [2024-12-13T08:26:15.664+0000] {dagbag.py:588} INFO - Filling up the DagBag from /opt/bitnami/airflow/venv/lib/python3.12/site-packages/airflow/example_dags/example_setup_teardown_taskflow.py
[2024-12-13T08:26:15.671+0000] {processor.py:925} INFO - DAG(s) 'example_setup_teardown_taskflow' retrieved from /opt/bitnami/airflow/venv/lib/python3.12/site-packages/airflow/example_dags/example_setup_teardown_taskflow.py
[2024-12-13T08:26:15.699+0000] {logging_mixin.py:190} INFO - [2024-12-13T08:26:15.699+0000] {dag.py:3239} INFO - Sync 1 DAGs
[2024-12-13T08:26:15.718+0000] {logging_mixin.py:190} INFO - [2024-12-13T08:26:15.718+0000] {dag.py:4180} INFO - Setting next_dagrun for example_setup_teardown_taskflow to None, run_after=None
[2024-12-13T08:26:15.735+0000] {processor.py:208} INFO - Processing /opt/bitnami/airflow/venv/lib/python3.12/site-packages/airflow/example_dags/example_setup_teardown_taskflow.py took 0.078 seconds
[2024-12-13T08:26:46.906+0000] {processor.py:186} INFO - Started process (PID=171) to work on /opt/bitnami/airflow/venv/lib/python3.12/site-packages/airflow/example_dags/example_setup_teardown_taskflow.py
[2024-12-13T08:26:46.907+0000] {processor.py:914} INFO - Processing file /opt/bitnami/airflow/venv/lib/python3.12/site-packages/airflow/example_dags/example_setup_teardown_taskflow.py for tasks to queue
[2024-12-13T08:26:46.909+0000] {logging_mixin.py:190} INFO - [2024-12-13T08:26:46.909+0000] {dagbag.py:588} INFO - Filling up the DagBag from /opt/bitnami/airflow/venv/lib/python3.12/site-packages/airflow/example_dags/example_setup_teardown_taskflow.py
[2024-12-13T08:26:46.916+0000] {processor.py:925} INFO - DAG(s) 'example_setup_teardown_taskflow' retrieved from /opt/bitnami/airflow/venv/lib/python3.12/site-packages/airflow/example_dags/example_setup_teardown_taskflow.py
[2024-12-13T08:26:46.997+0000] {logging_mixin.py:190} INFO - [2024-12-13T08:26:46.997+0000] {dag.py:3239} INFO - Sync 1 DAGs
[2024-12-13T08:26:47.015+0000] {logging_mixin.py:190} INFO - [2024-12-13T08:26:47.015+0000] {dag.py:4180} INFO - Setting next_dagrun for example_setup_teardown_taskflow to None, run_after=None
[2024-12-13T08:26:47.043+0000] {processor.py:208} INFO - Processing /opt/bitnami/airflow/venv/lib/python3.12/site-packages/airflow/example_dags/example_setup_teardown_taskflow.py took 0.142 seconds
[2024-12-13T08:27:17.764+0000] {processor.py:186} INFO - Started process (PID=228) to work on /opt/bitnami/airflow/venv/lib/python3.12/site-packages/airflow/example_dags/example_setup_teardown_taskflow.py
[2024-12-13T08:27:17.764+0000] {processor.py:914} INFO - Processing file /opt/bitnami/airflow/venv/lib/python3.12/site-packages/airflow/example_dags/example_setup_teardown_taskflow.py for tasks to queue
[2024-12-13T08:27:17.766+0000] {logging_mixin.py:190} INFO - [2024-12-13T08:27:17.766+0000] {dagbag.py:588} INFO - Filling up the DagBag from /opt/bitnami/airflow/venv/lib/python3.12/site-packages/airflow/example_dags/example_setup_teardown_taskflow.py
[2024-12-13T08:27:17.773+0000] {processor.py:925} INFO - DAG(s) 'example_setup_teardown_taskflow' retrieved from /opt/bitnami/airflow/venv/lib/python3.12/site-packages/airflow/example_dags/example_setup_teardown_taskflow.py
[2024-12-13T08:27:17.806+0000] {logging_mixin.py:190} INFO - [2024-12-13T08:27:17.805+0000] {dag.py:3239} INFO - Sync 1 DAGs
[2024-12-13T08:27:17.822+0000] {logging_mixin.py:190} INFO - [2024-12-13T08:27:17.822+0000] {dag.py:4180} INFO - Setting next_dagrun for example_setup_teardown_taskflow to None, run_after=None
[2024-12-13T08:27:17.842+0000] {processor.py:208} INFO - Processing /opt/bitnami/airflow/venv/lib/python3.12/site-packages/airflow/example_dags/example_setup_teardown_taskflow.py took 0.083 seconds
[2024-12-13T10:42:36.942+0000] {processor.py:186} INFO - Started process (PID=57) to work on /opt/bitnami/airflow/venv/lib/python3.12/site-packages/airflow/example_dags/example_setup_teardown_taskflow.py
[2024-12-13T10:42:36.944+0000] {processor.py:914} INFO - Processing file /opt/bitnami/airflow/venv/lib/python3.12/site-packages/airflow/example_dags/example_setup_teardown_taskflow.py for tasks to queue
[2024-12-13T10:42:36.947+0000] {logging_mixin.py:190} INFO - [2024-12-13T10:42:36.947+0000] {dagbag.py:588} INFO - Filling up the DagBag from /opt/bitnami/airflow/venv/lib/python3.12/site-packages/airflow/example_dags/example_setup_teardown_taskflow.py
[2024-12-13T10:42:36.954+0000] {processor.py:925} INFO - DAG(s) 'example_setup_teardown_taskflow' retrieved from /opt/bitnami/airflow/venv/lib/python3.12/site-packages/airflow/example_dags/example_setup_teardown_taskflow.py
[2024-12-13T10:42:37.100+0000] {logging_mixin.py:190} INFO - [2024-12-13T10:42:37.099+0000] {override.py:1900} INFO - Created Permission View: can read on DAG:example_setup_teardown_taskflow
[2024-12-13T10:42:37.115+0000] {logging_mixin.py:190} INFO - [2024-12-13T10:42:37.115+0000] {override.py:1900} INFO - Created Permission View: can delete on DAG:example_setup_teardown_taskflow
[2024-12-13T10:42:37.124+0000] {logging_mixin.py:190} INFO - [2024-12-13T10:42:37.124+0000] {override.py:1900} INFO - Created Permission View: can edit on DAG:example_setup_teardown_taskflow
[2024-12-13T10:42:37.135+0000] {logging_mixin.py:190} INFO - [2024-12-13T10:42:37.135+0000] {override.py:1900} INFO - Created Permission View: can delete on DAG Run:example_setup_teardown_taskflow
[2024-12-13T10:42:37.143+0000] {logging_mixin.py:190} INFO - [2024-12-13T10:42:37.142+0000] {override.py:1900} INFO - Created Permission View: can read on DAG Run:example_setup_teardown_taskflow
[2024-12-13T10:42:37.150+0000] {logging_mixin.py:190} INFO - [2024-12-13T10:42:37.150+0000] {override.py:1900} INFO - Created Permission View: can create on DAG Run:example_setup_teardown_taskflow
[2024-12-13T10:42:37.160+0000] {logging_mixin.py:190} INFO - [2024-12-13T10:42:37.159+0000] {override.py:1900} INFO - Created Permission View: menu access on DAG Run:example_setup_teardown_taskflow
[2024-12-13T10:42:37.161+0000] {logging_mixin.py:190} INFO - [2024-12-13T10:42:37.161+0000] {dag.py:3239} INFO - Sync 1 DAGs
[2024-12-13T10:42:37.207+0000] {logging_mixin.py:190} INFO - [2024-12-13T10:42:37.207+0000] {dag.py:3262} INFO - Creating ORM DAG for example_setup_teardown_taskflow
[2024-12-13T10:42:37.208+0000] {logging_mixin.py:190} INFO - [2024-12-13T10:42:37.208+0000] {dag.py:4180} INFO - Setting next_dagrun for example_setup_teardown_taskflow to None, run_after=None
[2024-12-13T10:42:37.249+0000] {processor.py:208} INFO - Processing /opt/bitnami/airflow/venv/lib/python3.12/site-packages/airflow/example_dags/example_setup_teardown_taskflow.py took 0.312 seconds
[2024-12-13T10:43:07.338+0000] {processor.py:186} INFO - Started process (PID=114) to work on /opt/bitnami/airflow/venv/lib/python3.12/site-packages/airflow/example_dags/example_setup_teardown_taskflow.py
[2024-12-13T10:43:07.339+0000] {processor.py:914} INFO - Processing file /opt/bitnami/airflow/venv/lib/python3.12/site-packages/airflow/example_dags/example_setup_teardown_taskflow.py for tasks to queue
[2024-12-13T10:43:07.341+0000] {logging_mixin.py:190} INFO - [2024-12-13T10:43:07.341+0000] {dagbag.py:588} INFO - Filling up the DagBag from /opt/bitnami/airflow/venv/lib/python3.12/site-packages/airflow/example_dags/example_setup_teardown_taskflow.py
[2024-12-13T10:43:07.347+0000] {processor.py:925} INFO - DAG(s) 'example_setup_teardown_taskflow' retrieved from /opt/bitnami/airflow/venv/lib/python3.12/site-packages/airflow/example_dags/example_setup_teardown_taskflow.py
[2024-12-13T10:43:07.380+0000] {logging_mixin.py:190} INFO - [2024-12-13T10:43:07.380+0000] {dag.py:3239} INFO - Sync 1 DAGs
[2024-12-13T10:43:07.400+0000] {logging_mixin.py:190} INFO - [2024-12-13T10:43:07.400+0000] {dag.py:4180} INFO - Setting next_dagrun for example_setup_teardown_taskflow to None, run_after=None
[2024-12-13T10:43:07.421+0000] {processor.py:208} INFO - Processing /opt/bitnami/airflow/venv/lib/python3.12/site-packages/airflow/example_dags/example_setup_teardown_taskflow.py took 0.088 seconds
[2024-12-13T10:43:38.320+0000] {processor.py:186} INFO - Started process (PID=171) to work on /opt/bitnami/airflow/venv/lib/python3.12/site-packages/airflow/example_dags/example_setup_teardown_taskflow.py
[2024-12-13T10:43:38.322+0000] {processor.py:914} INFO - Processing file /opt/bitnami/airflow/venv/lib/python3.12/site-packages/airflow/example_dags/example_setup_teardown_taskflow.py for tasks to queue
[2024-12-13T10:43:38.324+0000] {logging_mixin.py:190} INFO - [2024-12-13T10:43:38.324+0000] {dagbag.py:588} INFO - Filling up the DagBag from /opt/bitnami/airflow/venv/lib/python3.12/site-packages/airflow/example_dags/example_setup_teardown_taskflow.py
[2024-12-13T10:43:38.334+0000] {processor.py:925} INFO - DAG(s) 'example_setup_teardown_taskflow' retrieved from /opt/bitnami/airflow/venv/lib/python3.12/site-packages/airflow/example_dags/example_setup_teardown_taskflow.py
[2024-12-13T10:43:38.475+0000] {logging_mixin.py:190} INFO - [2024-12-13T10:43:38.475+0000] {dag.py:3239} INFO - Sync 1 DAGs
[2024-12-13T10:43:38.503+0000] {logging_mixin.py:190} INFO - [2024-12-13T10:43:38.503+0000] {dag.py:4180} INFO - Setting next_dagrun for example_setup_teardown_taskflow to None, run_after=None
[2024-12-13T10:43:38.553+0000] {processor.py:208} INFO - Processing /opt/bitnami/airflow/venv/lib/python3.12/site-packages/airflow/example_dags/example_setup_teardown_taskflow.py took 0.240 seconds
[2024-12-13T10:44:09.055+0000] {processor.py:186} INFO - Started process (PID=228) to work on /opt/bitnami/airflow/venv/lib/python3.12/site-packages/airflow/example_dags/example_setup_teardown_taskflow.py
[2024-12-13T10:44:09.056+0000] {processor.py:914} INFO - Processing file /opt/bitnami/airflow/venv/lib/python3.12/site-packages/airflow/example_dags/example_setup_teardown_taskflow.py for tasks to queue
[2024-12-13T10:44:09.058+0000] {logging_mixin.py:190} INFO - [2024-12-13T10:44:09.058+0000] {dagbag.py:588} INFO - Filling up the DagBag from /opt/bitnami/airflow/venv/lib/python3.12/site-packages/airflow/example_dags/example_setup_teardown_taskflow.py
[2024-12-13T10:44:09.065+0000] {processor.py:925} INFO - DAG(s) 'example_setup_teardown_taskflow' retrieved from /opt/bitnami/airflow/venv/lib/python3.12/site-packages/airflow/example_dags/example_setup_teardown_taskflow.py
[2024-12-13T10:44:09.110+0000] {logging_mixin.py:190} INFO - [2024-12-13T10:44:09.109+0000] {dag.py:3239} INFO - Sync 1 DAGs
[2024-12-13T10:44:09.128+0000] {logging_mixin.py:190} INFO - [2024-12-13T10:44:09.128+0000] {dag.py:4180} INFO - Setting next_dagrun for example_setup_teardown_taskflow to None, run_after=None
[2024-12-13T10:44:09.159+0000] {processor.py:208} INFO - Processing /opt/bitnami/airflow/venv/lib/python3.12/site-packages/airflow/example_dags/example_setup_teardown_taskflow.py took 0.109 seconds
[2024-12-13T10:44:39.744+0000] {processor.py:186} INFO - Started process (PID=285) to work on /opt/bitnami/airflow/venv/lib/python3.12/site-packages/airflow/example_dags/example_setup_teardown_taskflow.py
[2024-12-13T10:44:39.745+0000] {processor.py:914} INFO - Processing file /opt/bitnami/airflow/venv/lib/python3.12/site-packages/airflow/example_dags/example_setup_teardown_taskflow.py for tasks to queue
[2024-12-13T10:44:39.747+0000] {logging_mixin.py:190} INFO - [2024-12-13T10:44:39.747+0000] {dagbag.py:588} INFO - Filling up the DagBag from /opt/bitnami/airflow/venv/lib/python3.12/site-packages/airflow/example_dags/example_setup_teardown_taskflow.py
[2024-12-13T10:44:39.755+0000] {processor.py:925} INFO - DAG(s) 'example_setup_teardown_taskflow' retrieved from /opt/bitnami/airflow/venv/lib/python3.12/site-packages/airflow/example_dags/example_setup_teardown_taskflow.py
[2024-12-13T10:44:39.808+0000] {logging_mixin.py:190} INFO - [2024-12-13T10:44:39.807+0000] {dag.py:3239} INFO - Sync 1 DAGs
[2024-12-13T10:44:39.828+0000] {logging_mixin.py:190} INFO - [2024-12-13T10:44:39.828+0000] {dag.py:4180} INFO - Setting next_dagrun for example_setup_teardown_taskflow to None, run_after=None
[2024-12-13T10:44:39.850+0000] {processor.py:208} INFO - Processing /opt/bitnami/airflow/venv/lib/python3.12/site-packages/airflow/example_dags/example_setup_teardown_taskflow.py took 0.112 seconds
[2024-12-13T10:52:09.830+0000] {processor.py:186} INFO - Started process (PID=57) to work on /opt/bitnami/airflow/venv/lib/python3.12/site-packages/airflow/example_dags/example_setup_teardown_taskflow.py
[2024-12-13T10:52:09.831+0000] {processor.py:914} INFO - Processing file /opt/bitnami/airflow/venv/lib/python3.12/site-packages/airflow/example_dags/example_setup_teardown_taskflow.py for tasks to queue
[2024-12-13T10:52:09.833+0000] {logging_mixin.py:190} INFO - [2024-12-13T10:52:09.833+0000] {dagbag.py:588} INFO - Filling up the DagBag from /opt/bitnami/airflow/venv/lib/python3.12/site-packages/airflow/example_dags/example_setup_teardown_taskflow.py
[2024-12-13T10:52:09.841+0000] {processor.py:925} INFO - DAG(s) 'example_setup_teardown_taskflow' retrieved from /opt/bitnami/airflow/venv/lib/python3.12/site-packages/airflow/example_dags/example_setup_teardown_taskflow.py
[2024-12-13T10:52:09.947+0000] {logging_mixin.py:190} INFO - [2024-12-13T10:52:09.946+0000] {override.py:1900} INFO - Created Permission View: can read on DAG:example_setup_teardown_taskflow
[2024-12-13T10:52:09.960+0000] {logging_mixin.py:190} INFO - [2024-12-13T10:52:09.960+0000] {override.py:1900} INFO - Created Permission View: can delete on DAG:example_setup_teardown_taskflow
[2024-12-13T10:52:09.968+0000] {logging_mixin.py:190} INFO - [2024-12-13T10:52:09.967+0000] {override.py:1900} INFO - Created Permission View: can edit on DAG:example_setup_teardown_taskflow
[2024-12-13T10:52:09.976+0000] {logging_mixin.py:190} INFO - [2024-12-13T10:52:09.976+0000] {override.py:1900} INFO - Created Permission View: menu access on DAG Run:example_setup_teardown_taskflow
[2024-12-13T10:52:09.984+0000] {logging_mixin.py:190} INFO - [2024-12-13T10:52:09.983+0000] {override.py:1900} INFO - Created Permission View: can read on DAG Run:example_setup_teardown_taskflow
[2024-12-13T10:52:09.990+0000] {logging_mixin.py:190} INFO - [2024-12-13T10:52:09.990+0000] {override.py:1900} INFO - Created Permission View: can delete on DAG Run:example_setup_teardown_taskflow
[2024-12-13T10:52:09.997+0000] {logging_mixin.py:190} INFO - [2024-12-13T10:52:09.997+0000] {override.py:1900} INFO - Created Permission View: can create on DAG Run:example_setup_teardown_taskflow
[2024-12-13T10:52:09.999+0000] {logging_mixin.py:190} INFO - [2024-12-13T10:52:09.998+0000] {dag.py:3239} INFO - Sync 1 DAGs
[2024-12-13T10:52:10.023+0000] {logging_mixin.py:190} INFO - [2024-12-13T10:52:10.023+0000] {dag.py:3262} INFO - Creating ORM DAG for example_setup_teardown_taskflow
[2024-12-13T10:52:10.024+0000] {logging_mixin.py:190} INFO - [2024-12-13T10:52:10.024+0000] {dag.py:4180} INFO - Setting next_dagrun for example_setup_teardown_taskflow to None, run_after=None
[2024-12-13T10:52:10.050+0000] {processor.py:208} INFO - Processing /opt/bitnami/airflow/venv/lib/python3.12/site-packages/airflow/example_dags/example_setup_teardown_taskflow.py took 0.225 seconds
[2024-12-13T10:52:40.091+0000] {processor.py:186} INFO - Started process (PID=114) to work on /opt/bitnami/airflow/venv/lib/python3.12/site-packages/airflow/example_dags/example_setup_teardown_taskflow.py
[2024-12-13T10:52:40.092+0000] {processor.py:914} INFO - Processing file /opt/bitnami/airflow/venv/lib/python3.12/site-packages/airflow/example_dags/example_setup_teardown_taskflow.py for tasks to queue
[2024-12-13T10:52:40.093+0000] {logging_mixin.py:190} INFO - [2024-12-13T10:52:40.093+0000] {dagbag.py:588} INFO - Filling up the DagBag from /opt/bitnami/airflow/venv/lib/python3.12/site-packages/airflow/example_dags/example_setup_teardown_taskflow.py
[2024-12-13T10:52:40.100+0000] {processor.py:925} INFO - DAG(s) 'example_setup_teardown_taskflow' retrieved from /opt/bitnami/airflow/venv/lib/python3.12/site-packages/airflow/example_dags/example_setup_teardown_taskflow.py
[2024-12-13T10:52:40.151+0000] {logging_mixin.py:190} INFO - [2024-12-13T10:52:40.150+0000] {dag.py:3239} INFO - Sync 1 DAGs
[2024-12-13T10:52:40.177+0000] {logging_mixin.py:190} INFO - [2024-12-13T10:52:40.177+0000] {dag.py:4180} INFO - Setting next_dagrun for example_setup_teardown_taskflow to None, run_after=None
[2024-12-13T10:52:40.224+0000] {processor.py:208} INFO - Processing /opt/bitnami/airflow/venv/lib/python3.12/site-packages/airflow/example_dags/example_setup_teardown_taskflow.py took 0.141 seconds
[2024-12-13T10:53:12.473+0000] {processor.py:186} INFO - Started process (PID=171) to work on /opt/bitnami/airflow/venv/lib/python3.12/site-packages/airflow/example_dags/example_setup_teardown_taskflow.py
[2024-12-13T10:53:12.476+0000] {processor.py:914} INFO - Processing file /opt/bitnami/airflow/venv/lib/python3.12/site-packages/airflow/example_dags/example_setup_teardown_taskflow.py for tasks to queue
[2024-12-13T10:53:12.480+0000] {logging_mixin.py:190} INFO - [2024-12-13T10:53:12.480+0000] {dagbag.py:588} INFO - Filling up the DagBag from /opt/bitnami/airflow/venv/lib/python3.12/site-packages/airflow/example_dags/example_setup_teardown_taskflow.py
[2024-12-13T10:53:12.491+0000] {processor.py:925} INFO - DAG(s) 'example_setup_teardown_taskflow' retrieved from /opt/bitnami/airflow/venv/lib/python3.12/site-packages/airflow/example_dags/example_setup_teardown_taskflow.py
[2024-12-13T10:53:12.691+0000] {logging_mixin.py:190} INFO - [2024-12-13T10:53:12.688+0000] {dag.py:3239} INFO - Sync 1 DAGs
[2024-12-13T10:53:12.734+0000] {logging_mixin.py:190} INFO - [2024-12-13T10:53:12.734+0000] {dag.py:4180} INFO - Setting next_dagrun for example_setup_teardown_taskflow to None, run_after=None
[2024-12-13T10:53:12.790+0000] {processor.py:208} INFO - Processing /opt/bitnami/airflow/venv/lib/python3.12/site-packages/airflow/example_dags/example_setup_teardown_taskflow.py took 0.325 seconds
[2024-12-13T10:53:43.473+0000] {processor.py:186} INFO - Started process (PID=228) to work on /opt/bitnami/airflow/venv/lib/python3.12/site-packages/airflow/example_dags/example_setup_teardown_taskflow.py
[2024-12-13T10:53:43.474+0000] {processor.py:914} INFO - Processing file /opt/bitnami/airflow/venv/lib/python3.12/site-packages/airflow/example_dags/example_setup_teardown_taskflow.py for tasks to queue
[2024-12-13T10:53:43.477+0000] {logging_mixin.py:190} INFO - [2024-12-13T10:53:43.477+0000] {dagbag.py:588} INFO - Filling up the DagBag from /opt/bitnami/airflow/venv/lib/python3.12/site-packages/airflow/example_dags/example_setup_teardown_taskflow.py
[2024-12-13T10:53:43.486+0000] {processor.py:925} INFO - DAG(s) 'example_setup_teardown_taskflow' retrieved from /opt/bitnami/airflow/venv/lib/python3.12/site-packages/airflow/example_dags/example_setup_teardown_taskflow.py
[2024-12-13T10:53:43.545+0000] {logging_mixin.py:190} INFO - [2024-12-13T10:53:43.544+0000] {dag.py:3239} INFO - Sync 1 DAGs
[2024-12-13T10:53:43.587+0000] {logging_mixin.py:190} INFO - [2024-12-13T10:53:43.587+0000] {dag.py:4180} INFO - Setting next_dagrun for example_setup_teardown_taskflow to None, run_after=None
[2024-12-13T10:53:43.629+0000] {processor.py:208} INFO - Processing /opt/bitnami/airflow/venv/lib/python3.12/site-packages/airflow/example_dags/example_setup_teardown_taskflow.py took 0.160 seconds
[2024-12-13T10:54:13.729+0000] {processor.py:186} INFO - Started process (PID=285) to work on /opt/bitnami/airflow/venv/lib/python3.12/site-packages/airflow/example_dags/example_setup_teardown_taskflow.py
[2024-12-13T10:54:13.730+0000] {processor.py:914} INFO - Processing file /opt/bitnami/airflow/venv/lib/python3.12/site-packages/airflow/example_dags/example_setup_teardown_taskflow.py for tasks to queue
[2024-12-13T10:54:13.733+0000] {logging_mixin.py:190} INFO - [2024-12-13T10:54:13.733+0000] {dagbag.py:588} INFO - Filling up the DagBag from /opt/bitnami/airflow/venv/lib/python3.12/site-packages/airflow/example_dags/example_setup_teardown_taskflow.py
[2024-12-13T10:54:13.740+0000] {processor.py:925} INFO - DAG(s) 'example_setup_teardown_taskflow' retrieved from /opt/bitnami/airflow/venv/lib/python3.12/site-packages/airflow/example_dags/example_setup_teardown_taskflow.py
[2024-12-13T10:54:13.831+0000] {logging_mixin.py:190} INFO - [2024-12-13T10:54:13.830+0000] {dag.py:3239} INFO - Sync 1 DAGs
[2024-12-13T10:54:13.877+0000] {logging_mixin.py:190} INFO - [2024-12-13T10:54:13.877+0000] {dag.py:4180} INFO - Setting next_dagrun for example_setup_teardown_taskflow to None, run_after=None
[2024-12-13T10:54:13.917+0000] {processor.py:208} INFO - Processing /opt/bitnami/airflow/venv/lib/python3.12/site-packages/airflow/example_dags/example_setup_teardown_taskflow.py took 0.193 seconds
[2024-12-13T10:54:44.144+0000] {processor.py:186} INFO - Started process (PID=342) to work on /opt/bitnami/airflow/venv/lib/python3.12/site-packages/airflow/example_dags/example_setup_teardown_taskflow.py
[2024-12-13T10:54:44.145+0000] {processor.py:914} INFO - Processing file /opt/bitnami/airflow/venv/lib/python3.12/site-packages/airflow/example_dags/example_setup_teardown_taskflow.py for tasks to queue
[2024-12-13T10:54:44.149+0000] {logging_mixin.py:190} INFO - [2024-12-13T10:54:44.148+0000] {dagbag.py:588} INFO - Filling up the DagBag from /opt/bitnami/airflow/venv/lib/python3.12/site-packages/airflow/example_dags/example_setup_teardown_taskflow.py
[2024-12-13T10:54:44.161+0000] {processor.py:925} INFO - DAG(s) 'example_setup_teardown_taskflow' retrieved from /opt/bitnami/airflow/venv/lib/python3.12/site-packages/airflow/example_dags/example_setup_teardown_taskflow.py
[2024-12-13T10:54:44.238+0000] {logging_mixin.py:190} INFO - [2024-12-13T10:54:44.237+0000] {dag.py:3239} INFO - Sync 1 DAGs
[2024-12-13T10:54:44.276+0000] {logging_mixin.py:190} INFO - [2024-12-13T10:54:44.275+0000] {dag.py:4180} INFO - Setting next_dagrun for example_setup_teardown_taskflow to None, run_after=None
[2024-12-13T10:54:44.312+0000] {processor.py:208} INFO - Processing /opt/bitnami/airflow/venv/lib/python3.12/site-packages/airflow/example_dags/example_setup_teardown_taskflow.py took 0.173 seconds
[2024-12-13T10:55:14.758+0000] {processor.py:186} INFO - Started process (PID=399) to work on /opt/bitnami/airflow/venv/lib/python3.12/site-packages/airflow/example_dags/example_setup_teardown_taskflow.py
[2024-12-13T10:55:14.760+0000] {processor.py:914} INFO - Processing file /opt/bitnami/airflow/venv/lib/python3.12/site-packages/airflow/example_dags/example_setup_teardown_taskflow.py for tasks to queue
[2024-12-13T10:55:14.762+0000] {logging_mixin.py:190} INFO - [2024-12-13T10:55:14.761+0000] {dagbag.py:588} INFO - Filling up the DagBag from /opt/bitnami/airflow/venv/lib/python3.12/site-packages/airflow/example_dags/example_setup_teardown_taskflow.py
[2024-12-13T10:55:14.771+0000] {processor.py:925} INFO - DAG(s) 'example_setup_teardown_taskflow' retrieved from /opt/bitnami/airflow/venv/lib/python3.12/site-packages/airflow/example_dags/example_setup_teardown_taskflow.py
[2024-12-13T10:55:14.807+0000] {logging_mixin.py:190} INFO - [2024-12-13T10:55:14.807+0000] {dag.py:3239} INFO - Sync 1 DAGs
[2024-12-13T10:55:14.847+0000] {logging_mixin.py:190} INFO - [2024-12-13T10:55:14.847+0000] {dag.py:4180} INFO - Setting next_dagrun for example_setup_teardown_taskflow to None, run_after=None
[2024-12-13T10:55:14.887+0000] {processor.py:208} INFO - Processing /opt/bitnami/airflow/venv/lib/python3.12/site-packages/airflow/example_dags/example_setup_teardown_taskflow.py took 0.133 seconds
[2024-12-13T10:55:45.163+0000] {processor.py:186} INFO - Started process (PID=456) to work on /opt/bitnami/airflow/venv/lib/python3.12/site-packages/airflow/example_dags/example_setup_teardown_taskflow.py
[2024-12-13T10:55:45.165+0000] {processor.py:914} INFO - Processing file /opt/bitnami/airflow/venv/lib/python3.12/site-packages/airflow/example_dags/example_setup_teardown_taskflow.py for tasks to queue
[2024-12-13T10:55:45.169+0000] {logging_mixin.py:190} INFO - [2024-12-13T10:55:45.168+0000] {dagbag.py:588} INFO - Filling up the DagBag from /opt/bitnami/airflow/venv/lib/python3.12/site-packages/airflow/example_dags/example_setup_teardown_taskflow.py
[2024-12-13T10:55:45.176+0000] {processor.py:925} INFO - DAG(s) 'example_setup_teardown_taskflow' retrieved from /opt/bitnami/airflow/venv/lib/python3.12/site-packages/airflow/example_dags/example_setup_teardown_taskflow.py
[2024-12-13T10:55:45.245+0000] {logging_mixin.py:190} INFO - [2024-12-13T10:55:45.244+0000] {dag.py:3239} INFO - Sync 1 DAGs
[2024-12-13T10:55:45.283+0000] {logging_mixin.py:190} INFO - [2024-12-13T10:55:45.283+0000] {dag.py:4180} INFO - Setting next_dagrun for example_setup_teardown_taskflow to None, run_after=None
[2024-12-13T10:55:45.318+0000] {processor.py:208} INFO - Processing /opt/bitnami/airflow/venv/lib/python3.12/site-packages/airflow/example_dags/example_setup_teardown_taskflow.py took 0.160 seconds
[2024-12-13T10:56:15.380+0000] {processor.py:186} INFO - Started process (PID=513) to work on /opt/bitnami/airflow/venv/lib/python3.12/site-packages/airflow/example_dags/example_setup_teardown_taskflow.py
[2024-12-13T10:56:15.381+0000] {processor.py:914} INFO - Processing file /opt/bitnami/airflow/venv/lib/python3.12/site-packages/airflow/example_dags/example_setup_teardown_taskflow.py for tasks to queue
[2024-12-13T10:56:15.383+0000] {logging_mixin.py:190} INFO - [2024-12-13T10:56:15.382+0000] {dagbag.py:588} INFO - Filling up the DagBag from /opt/bitnami/airflow/venv/lib/python3.12/site-packages/airflow/example_dags/example_setup_teardown_taskflow.py
[2024-12-13T10:56:15.391+0000] {processor.py:925} INFO - DAG(s) 'example_setup_teardown_taskflow' retrieved from /opt/bitnami/airflow/venv/lib/python3.12/site-packages/airflow/example_dags/example_setup_teardown_taskflow.py
[2024-12-13T10:56:15.420+0000] {logging_mixin.py:190} INFO - [2024-12-13T10:56:15.420+0000] {dag.py:3239} INFO - Sync 1 DAGs
[2024-12-13T10:56:15.442+0000] {logging_mixin.py:190} INFO - [2024-12-13T10:56:15.442+0000] {dag.py:4180} INFO - Setting next_dagrun for example_setup_teardown_taskflow to None, run_after=None
[2024-12-13T10:56:15.468+0000] {processor.py:208} INFO - Processing /opt/bitnami/airflow/venv/lib/python3.12/site-packages/airflow/example_dags/example_setup_teardown_taskflow.py took 0.094 seconds
[2024-12-13T10:56:45.719+0000] {processor.py:186} INFO - Started process (PID=570) to work on /opt/bitnami/airflow/venv/lib/python3.12/site-packages/airflow/example_dags/example_setup_teardown_taskflow.py
[2024-12-13T10:56:45.720+0000] {processor.py:914} INFO - Processing file /opt/bitnami/airflow/venv/lib/python3.12/site-packages/airflow/example_dags/example_setup_teardown_taskflow.py for tasks to queue
[2024-12-13T10:56:45.722+0000] {logging_mixin.py:190} INFO - [2024-12-13T10:56:45.722+0000] {dagbag.py:588} INFO - Filling up the DagBag from /opt/bitnami/airflow/venv/lib/python3.12/site-packages/airflow/example_dags/example_setup_teardown_taskflow.py
[2024-12-13T10:56:45.729+0000] {processor.py:925} INFO - DAG(s) 'example_setup_teardown_taskflow' retrieved from /opt/bitnami/airflow/venv/lib/python3.12/site-packages/airflow/example_dags/example_setup_teardown_taskflow.py
[2024-12-13T10:56:45.785+0000] {logging_mixin.py:190} INFO - [2024-12-13T10:56:45.785+0000] {dag.py:3239} INFO - Sync 1 DAGs
[2024-12-13T10:56:45.816+0000] {logging_mixin.py:190} INFO - [2024-12-13T10:56:45.815+0000] {dag.py:4180} INFO - Setting next_dagrun for example_setup_teardown_taskflow to None, run_after=None
[2024-12-13T10:56:45.847+0000] {processor.py:208} INFO - Processing /opt/bitnami/airflow/venv/lib/python3.12/site-packages/airflow/example_dags/example_setup_teardown_taskflow.py took 0.133 seconds
[2024-12-13T10:57:16.207+0000] {processor.py:186} INFO - Started process (PID=627) to work on /opt/bitnami/airflow/venv/lib/python3.12/site-packages/airflow/example_dags/example_setup_teardown_taskflow.py
[2024-12-13T10:57:16.210+0000] {processor.py:914} INFO - Processing file /opt/bitnami/airflow/venv/lib/python3.12/site-packages/airflow/example_dags/example_setup_teardown_taskflow.py for tasks to queue
[2024-12-13T10:57:16.213+0000] {logging_mixin.py:190} INFO - [2024-12-13T10:57:16.213+0000] {dagbag.py:588} INFO - Filling up the DagBag from /opt/bitnami/airflow/venv/lib/python3.12/site-packages/airflow/example_dags/example_setup_teardown_taskflow.py
[2024-12-13T10:57:16.223+0000] {processor.py:925} INFO - DAG(s) 'example_setup_teardown_taskflow' retrieved from /opt/bitnami/airflow/venv/lib/python3.12/site-packages/airflow/example_dags/example_setup_teardown_taskflow.py
[2024-12-13T10:57:16.293+0000] {logging_mixin.py:190} INFO - [2024-12-13T10:57:16.292+0000] {dag.py:3239} INFO - Sync 1 DAGs
[2024-12-13T10:57:16.321+0000] {logging_mixin.py:190} INFO - [2024-12-13T10:57:16.321+0000] {dag.py:4180} INFO - Setting next_dagrun for example_setup_teardown_taskflow to None, run_after=None
[2024-12-13T10:57:16.358+0000] {processor.py:208} INFO - Processing /opt/bitnami/airflow/venv/lib/python3.12/site-packages/airflow/example_dags/example_setup_teardown_taskflow.py took 0.157 seconds
[2024-12-13T10:57:46.509+0000] {processor.py:186} INFO - Started process (PID=684) to work on /opt/bitnami/airflow/venv/lib/python3.12/site-packages/airflow/example_dags/example_setup_teardown_taskflow.py
[2024-12-13T10:57:46.511+0000] {processor.py:914} INFO - Processing file /opt/bitnami/airflow/venv/lib/python3.12/site-packages/airflow/example_dags/example_setup_teardown_taskflow.py for tasks to queue
[2024-12-13T10:57:46.515+0000] {logging_mixin.py:190} INFO - [2024-12-13T10:57:46.514+0000] {dagbag.py:588} INFO - Filling up the DagBag from /opt/bitnami/airflow/venv/lib/python3.12/site-packages/airflow/example_dags/example_setup_teardown_taskflow.py
[2024-12-13T10:57:46.527+0000] {processor.py:925} INFO - DAG(s) 'example_setup_teardown_taskflow' retrieved from /opt/bitnami/airflow/venv/lib/python3.12/site-packages/airflow/example_dags/example_setup_teardown_taskflow.py
[2024-12-13T10:57:46.608+0000] {logging_mixin.py:190} INFO - [2024-12-13T10:57:46.608+0000] {dag.py:3239} INFO - Sync 1 DAGs
[2024-12-13T10:57:46.637+0000] {logging_mixin.py:190} INFO - [2024-12-13T10:57:46.637+0000] {dag.py:4180} INFO - Setting next_dagrun for example_setup_teardown_taskflow to None, run_after=None
[2024-12-13T10:57:46.666+0000] {processor.py:208} INFO - Processing /opt/bitnami/airflow/venv/lib/python3.12/site-packages/airflow/example_dags/example_setup_teardown_taskflow.py took 0.166 seconds
[2024-12-13T10:58:17.742+0000] {processor.py:186} INFO - Started process (PID=741) to work on /opt/bitnami/airflow/venv/lib/python3.12/site-packages/airflow/example_dags/example_setup_teardown_taskflow.py
[2024-12-13T10:58:17.743+0000] {processor.py:914} INFO - Processing file /opt/bitnami/airflow/venv/lib/python3.12/site-packages/airflow/example_dags/example_setup_teardown_taskflow.py for tasks to queue
[2024-12-13T10:58:17.745+0000] {logging_mixin.py:190} INFO - [2024-12-13T10:58:17.745+0000] {dagbag.py:588} INFO - Filling up the DagBag from /opt/bitnami/airflow/venv/lib/python3.12/site-packages/airflow/example_dags/example_setup_teardown_taskflow.py
[2024-12-13T10:58:17.752+0000] {processor.py:925} INFO - DAG(s) 'example_setup_teardown_taskflow' retrieved from /opt/bitnami/airflow/venv/lib/python3.12/site-packages/airflow/example_dags/example_setup_teardown_taskflow.py
[2024-12-13T10:58:17.787+0000] {logging_mixin.py:190} INFO - [2024-12-13T10:58:17.787+0000] {dag.py:3239} INFO - Sync 1 DAGs
[2024-12-13T10:58:17.801+0000] {logging_mixin.py:190} INFO - [2024-12-13T10:58:17.801+0000] {dag.py:4180} INFO - Setting next_dagrun for example_setup_teardown_taskflow to None, run_after=None
[2024-12-13T10:58:17.821+0000] {processor.py:208} INFO - Processing /opt/bitnami/airflow/venv/lib/python3.12/site-packages/airflow/example_dags/example_setup_teardown_taskflow.py took 0.084 seconds
[2024-12-13T10:58:49.208+0000] {processor.py:186} INFO - Started process (PID=798) to work on /opt/bitnami/airflow/venv/lib/python3.12/site-packages/airflow/example_dags/example_setup_teardown_taskflow.py
[2024-12-13T10:58:49.209+0000] {processor.py:914} INFO - Processing file /opt/bitnami/airflow/venv/lib/python3.12/site-packages/airflow/example_dags/example_setup_teardown_taskflow.py for tasks to queue
[2024-12-13T10:58:49.212+0000] {logging_mixin.py:190} INFO - [2024-12-13T10:58:49.212+0000] {dagbag.py:588} INFO - Filling up the DagBag from /opt/bitnami/airflow/venv/lib/python3.12/site-packages/airflow/example_dags/example_setup_teardown_taskflow.py
[2024-12-13T10:58:49.221+0000] {processor.py:925} INFO - DAG(s) 'example_setup_teardown_taskflow' retrieved from /opt/bitnami/airflow/venv/lib/python3.12/site-packages/airflow/example_dags/example_setup_teardown_taskflow.py
[2024-12-13T10:58:49.278+0000] {logging_mixin.py:190} INFO - [2024-12-13T10:58:49.277+0000] {dag.py:3239} INFO - Sync 1 DAGs
[2024-12-13T10:58:49.301+0000] {logging_mixin.py:190} INFO - [2024-12-13T10:58:49.301+0000] {dag.py:4180} INFO - Setting next_dagrun for example_setup_teardown_taskflow to None, run_after=None
[2024-12-13T10:58:49.322+0000] {processor.py:208} INFO - Processing /opt/bitnami/airflow/venv/lib/python3.12/site-packages/airflow/example_dags/example_setup_teardown_taskflow.py took 0.119 seconds
[2024-12-13T11:07:29.997+0000] {processor.py:186} INFO - Started process (PID=57) to work on /opt/bitnami/airflow/venv/lib/python3.12/site-packages/airflow/example_dags/example_setup_teardown_taskflow.py
[2024-12-13T11:07:29.998+0000] {processor.py:914} INFO - Processing file /opt/bitnami/airflow/venv/lib/python3.12/site-packages/airflow/example_dags/example_setup_teardown_taskflow.py for tasks to queue
[2024-12-13T11:07:30.001+0000] {logging_mixin.py:190} INFO - [2024-12-13T11:07:30.001+0000] {dagbag.py:588} INFO - Filling up the DagBag from /opt/bitnami/airflow/venv/lib/python3.12/site-packages/airflow/example_dags/example_setup_teardown_taskflow.py
[2024-12-13T11:07:30.011+0000] {processor.py:925} INFO - DAG(s) 'example_setup_teardown_taskflow' retrieved from /opt/bitnami/airflow/venv/lib/python3.12/site-packages/airflow/example_dags/example_setup_teardown_taskflow.py
[2024-12-13T11:07:30.057+0000] {logging_mixin.py:190} INFO - [2024-12-13T11:07:30.056+0000] {dag.py:3239} INFO - Sync 1 DAGs
[2024-12-13T11:07:30.089+0000] {logging_mixin.py:190} INFO - [2024-12-13T11:07:30.088+0000] {dag.py:4180} INFO - Setting next_dagrun for example_setup_teardown_taskflow to None, run_after=None
[2024-12-13T11:07:30.117+0000] {processor.py:208} INFO - Processing /opt/bitnami/airflow/venv/lib/python3.12/site-packages/airflow/example_dags/example_setup_teardown_taskflow.py took 0.126 seconds
[2024-12-13T11:08:00.620+0000] {processor.py:186} INFO - Started process (PID=114) to work on /opt/bitnami/airflow/venv/lib/python3.12/site-packages/airflow/example_dags/example_setup_teardown_taskflow.py
[2024-12-13T11:08:00.621+0000] {processor.py:914} INFO - Processing file /opt/bitnami/airflow/venv/lib/python3.12/site-packages/airflow/example_dags/example_setup_teardown_taskflow.py for tasks to queue
[2024-12-13T11:08:00.623+0000] {logging_mixin.py:190} INFO - [2024-12-13T11:08:00.623+0000] {dagbag.py:588} INFO - Filling up the DagBag from /opt/bitnami/airflow/venv/lib/python3.12/site-packages/airflow/example_dags/example_setup_teardown_taskflow.py
[2024-12-13T11:08:00.633+0000] {processor.py:925} INFO - DAG(s) 'example_setup_teardown_taskflow' retrieved from /opt/bitnami/airflow/venv/lib/python3.12/site-packages/airflow/example_dags/example_setup_teardown_taskflow.py
[2024-12-13T11:08:00.679+0000] {logging_mixin.py:190} INFO - [2024-12-13T11:08:00.678+0000] {dag.py:3239} INFO - Sync 1 DAGs
[2024-12-13T11:08:00.711+0000] {logging_mixin.py:190} INFO - [2024-12-13T11:08:00.711+0000] {dag.py:4180} INFO - Setting next_dagrun for example_setup_teardown_taskflow to None, run_after=None
[2024-12-13T11:08:00.730+0000] {processor.py:208} INFO - Processing /opt/bitnami/airflow/venv/lib/python3.12/site-packages/airflow/example_dags/example_setup_teardown_taskflow.py took 0.115 seconds
[2024-12-13T11:08:31.793+0000] {processor.py:186} INFO - Started process (PID=171) to work on /opt/bitnami/airflow/venv/lib/python3.12/site-packages/airflow/example_dags/example_setup_teardown_taskflow.py
[2024-12-13T11:08:31.794+0000] {processor.py:914} INFO - Processing file /opt/bitnami/airflow/venv/lib/python3.12/site-packages/airflow/example_dags/example_setup_teardown_taskflow.py for tasks to queue
[2024-12-13T11:08:31.797+0000] {logging_mixin.py:190} INFO - [2024-12-13T11:08:31.797+0000] {dagbag.py:588} INFO - Filling up the DagBag from /opt/bitnami/airflow/venv/lib/python3.12/site-packages/airflow/example_dags/example_setup_teardown_taskflow.py
[2024-12-13T11:08:31.805+0000] {processor.py:925} INFO - DAG(s) 'example_setup_teardown_taskflow' retrieved from /opt/bitnami/airflow/venv/lib/python3.12/site-packages/airflow/example_dags/example_setup_teardown_taskflow.py
[2024-12-13T11:08:31.934+0000] {logging_mixin.py:190} INFO - [2024-12-13T11:08:31.934+0000] {dag.py:3239} INFO - Sync 1 DAGs
[2024-12-13T11:08:31.971+0000] {logging_mixin.py:190} INFO - [2024-12-13T11:08:31.971+0000] {dag.py:4180} INFO - Setting next_dagrun for example_setup_teardown_taskflow to None, run_after=None
[2024-12-13T11:08:32.012+0000] {processor.py:208} INFO - Processing /opt/bitnami/airflow/venv/lib/python3.12/site-packages/airflow/example_dags/example_setup_teardown_taskflow.py took 0.226 seconds
[2024-12-13T11:09:02.052+0000] {processor.py:186} INFO - Started process (PID=228) to work on /opt/bitnami/airflow/venv/lib/python3.12/site-packages/airflow/example_dags/example_setup_teardown_taskflow.py
[2024-12-13T11:09:02.054+0000] {processor.py:914} INFO - Processing file /opt/bitnami/airflow/venv/lib/python3.12/site-packages/airflow/example_dags/example_setup_teardown_taskflow.py for tasks to queue
[2024-12-13T11:09:02.057+0000] {logging_mixin.py:190} INFO - [2024-12-13T11:09:02.057+0000] {dagbag.py:588} INFO - Filling up the DagBag from /opt/bitnami/airflow/venv/lib/python3.12/site-packages/airflow/example_dags/example_setup_teardown_taskflow.py
[2024-12-13T11:09:02.068+0000] {processor.py:925} INFO - DAG(s) 'example_setup_teardown_taskflow' retrieved from /opt/bitnami/airflow/venv/lib/python3.12/site-packages/airflow/example_dags/example_setup_teardown_taskflow.py
[2024-12-13T11:09:02.144+0000] {logging_mixin.py:190} INFO - [2024-12-13T11:09:02.143+0000] {dag.py:3239} INFO - Sync 1 DAGs
[2024-12-13T11:09:02.179+0000] {logging_mixin.py:190} INFO - [2024-12-13T11:09:02.179+0000] {dag.py:4180} INFO - Setting next_dagrun for example_setup_teardown_taskflow to None, run_after=None
[2024-12-13T11:09:02.216+0000] {processor.py:208} INFO - Processing /opt/bitnami/airflow/venv/lib/python3.12/site-packages/airflow/example_dags/example_setup_teardown_taskflow.py took 0.172 seconds
[2024-12-13T11:09:32.394+0000] {processor.py:186} INFO - Started process (PID=285) to work on /opt/bitnami/airflow/venv/lib/python3.12/site-packages/airflow/example_dags/example_setup_teardown_taskflow.py
[2024-12-13T11:09:32.395+0000] {processor.py:914} INFO - Processing file /opt/bitnami/airflow/venv/lib/python3.12/site-packages/airflow/example_dags/example_setup_teardown_taskflow.py for tasks to queue
[2024-12-13T11:09:32.397+0000] {logging_mixin.py:190} INFO - [2024-12-13T11:09:32.397+0000] {dagbag.py:588} INFO - Filling up the DagBag from /opt/bitnami/airflow/venv/lib/python3.12/site-packages/airflow/example_dags/example_setup_teardown_taskflow.py
[2024-12-13T11:09:32.407+0000] {processor.py:925} INFO - DAG(s) 'example_setup_teardown_taskflow' retrieved from /opt/bitnami/airflow/venv/lib/python3.12/site-packages/airflow/example_dags/example_setup_teardown_taskflow.py
[2024-12-13T11:09:32.451+0000] {logging_mixin.py:190} INFO - [2024-12-13T11:09:32.450+0000] {dag.py:3239} INFO - Sync 1 DAGs
[2024-12-13T11:09:32.478+0000] {logging_mixin.py:190} INFO - [2024-12-13T11:09:32.478+0000] {dag.py:4180} INFO - Setting next_dagrun for example_setup_teardown_taskflow to None, run_after=None
[2024-12-13T11:09:32.514+0000] {processor.py:208} INFO - Processing /opt/bitnami/airflow/venv/lib/python3.12/site-packages/airflow/example_dags/example_setup_teardown_taskflow.py took 0.126 seconds
[2024-12-13T11:13:42.497+0000] {processor.py:186} INFO - Started process (PID=57) to work on /opt/bitnami/airflow/venv/lib/python3.12/site-packages/airflow/example_dags/example_setup_teardown_taskflow.py
[2024-12-13T11:13:42.499+0000] {processor.py:914} INFO - Processing file /opt/bitnami/airflow/venv/lib/python3.12/site-packages/airflow/example_dags/example_setup_teardown_taskflow.py for tasks to queue
[2024-12-13T11:13:42.502+0000] {logging_mixin.py:190} INFO - [2024-12-13T11:13:42.501+0000] {dagbag.py:588} INFO - Filling up the DagBag from /opt/bitnami/airflow/venv/lib/python3.12/site-packages/airflow/example_dags/example_setup_teardown_taskflow.py
[2024-12-13T11:13:42.513+0000] {processor.py:925} INFO - DAG(s) 'example_setup_teardown_taskflow' retrieved from /opt/bitnami/airflow/venv/lib/python3.12/site-packages/airflow/example_dags/example_setup_teardown_taskflow.py
[2024-12-13T11:13:42.567+0000] {logging_mixin.py:190} INFO - [2024-12-13T11:13:42.566+0000] {dag.py:3239} INFO - Sync 1 DAGs
[2024-12-13T11:13:42.591+0000] {logging_mixin.py:190} INFO - [2024-12-13T11:13:42.590+0000] {dag.py:4180} INFO - Setting next_dagrun for example_setup_teardown_taskflow to None, run_after=None
[2024-12-13T11:13:42.621+0000] {processor.py:208} INFO - Processing /opt/bitnami/airflow/venv/lib/python3.12/site-packages/airflow/example_dags/example_setup_teardown_taskflow.py took 0.132 seconds
[2024-12-13T11:14:13.189+0000] {processor.py:186} INFO - Started process (PID=114) to work on /opt/bitnami/airflow/venv/lib/python3.12/site-packages/airflow/example_dags/example_setup_teardown_taskflow.py
[2024-12-13T11:14:13.191+0000] {processor.py:914} INFO - Processing file /opt/bitnami/airflow/venv/lib/python3.12/site-packages/airflow/example_dags/example_setup_teardown_taskflow.py for tasks to queue
[2024-12-13T11:14:13.195+0000] {logging_mixin.py:190} INFO - [2024-12-13T11:14:13.194+0000] {dagbag.py:588} INFO - Filling up the DagBag from /opt/bitnami/airflow/venv/lib/python3.12/site-packages/airflow/example_dags/example_setup_teardown_taskflow.py
[2024-12-13T11:14:13.202+0000] {processor.py:925} INFO - DAG(s) 'example_setup_teardown_taskflow' retrieved from /opt/bitnami/airflow/venv/lib/python3.12/site-packages/airflow/example_dags/example_setup_teardown_taskflow.py
[2024-12-13T11:14:13.264+0000] {logging_mixin.py:190} INFO - [2024-12-13T11:14:13.263+0000] {dag.py:3239} INFO - Sync 1 DAGs
[2024-12-13T11:14:13.311+0000] {logging_mixin.py:190} INFO - [2024-12-13T11:14:13.311+0000] {dag.py:4180} INFO - Setting next_dagrun for example_setup_teardown_taskflow to None, run_after=None
[2024-12-13T11:14:13.353+0000] {processor.py:208} INFO - Processing /opt/bitnami/airflow/venv/lib/python3.12/site-packages/airflow/example_dags/example_setup_teardown_taskflow.py took 0.168 seconds
[2024-12-13T11:14:44.434+0000] {processor.py:186} INFO - Started process (PID=171) to work on /opt/bitnami/airflow/venv/lib/python3.12/site-packages/airflow/example_dags/example_setup_teardown_taskflow.py
[2024-12-13T11:14:44.435+0000] {processor.py:914} INFO - Processing file /opt/bitnami/airflow/venv/lib/python3.12/site-packages/airflow/example_dags/example_setup_teardown_taskflow.py for tasks to queue
[2024-12-13T11:14:44.437+0000] {logging_mixin.py:190} INFO - [2024-12-13T11:14:44.437+0000] {dagbag.py:588} INFO - Filling up the DagBag from /opt/bitnami/airflow/venv/lib/python3.12/site-packages/airflow/example_dags/example_setup_teardown_taskflow.py
[2024-12-13T11:14:44.448+0000] {processor.py:925} INFO - DAG(s) 'example_setup_teardown_taskflow' retrieved from /opt/bitnami/airflow/venv/lib/python3.12/site-packages/airflow/example_dags/example_setup_teardown_taskflow.py
[2024-12-13T11:14:44.602+0000] {logging_mixin.py:190} INFO - [2024-12-13T11:14:44.601+0000] {dag.py:3239} INFO - Sync 1 DAGs
[2024-12-13T11:14:44.639+0000] {logging_mixin.py:190} INFO - [2024-12-13T11:14:44.639+0000] {dag.py:4180} INFO - Setting next_dagrun for example_setup_teardown_taskflow to None, run_after=None
[2024-12-13T11:14:44.690+0000] {processor.py:208} INFO - Processing /opt/bitnami/airflow/venv/lib/python3.12/site-packages/airflow/example_dags/example_setup_teardown_taskflow.py took 0.262 seconds
[2024-12-13T11:15:15.040+0000] {processor.py:186} INFO - Started process (PID=228) to work on /opt/bitnami/airflow/venv/lib/python3.12/site-packages/airflow/example_dags/example_setup_teardown_taskflow.py
[2024-12-13T11:15:15.041+0000] {processor.py:914} INFO - Processing file /opt/bitnami/airflow/venv/lib/python3.12/site-packages/airflow/example_dags/example_setup_teardown_taskflow.py for tasks to queue
[2024-12-13T11:15:15.044+0000] {logging_mixin.py:190} INFO - [2024-12-13T11:15:15.044+0000] {dagbag.py:588} INFO - Filling up the DagBag from /opt/bitnami/airflow/venv/lib/python3.12/site-packages/airflow/example_dags/example_setup_teardown_taskflow.py
[2024-12-13T11:15:15.052+0000] {processor.py:925} INFO - DAG(s) 'example_setup_teardown_taskflow' retrieved from /opt/bitnami/airflow/venv/lib/python3.12/site-packages/airflow/example_dags/example_setup_teardown_taskflow.py
[2024-12-13T11:15:15.129+0000] {logging_mixin.py:190} INFO - [2024-12-13T11:15:15.129+0000] {dag.py:3239} INFO - Sync 1 DAGs
[2024-12-13T11:15:15.162+0000] {logging_mixin.py:190} INFO - [2024-12-13T11:15:15.161+0000] {dag.py:4180} INFO - Setting next_dagrun for example_setup_teardown_taskflow to None, run_after=None
[2024-12-13T11:15:15.194+0000] {processor.py:208} INFO - Processing /opt/bitnami/airflow/venv/lib/python3.12/site-packages/airflow/example_dags/example_setup_teardown_taskflow.py took 0.159 seconds
[2024-12-13T11:57:07.530+0000] {processor.py:186} INFO - Started process (PID=57) to work on /opt/bitnami/airflow/venv/lib/python3.12/site-packages/airflow/example_dags/example_setup_teardown_taskflow.py
[2024-12-13T11:57:07.532+0000] {processor.py:914} INFO - Processing file /opt/bitnami/airflow/venv/lib/python3.12/site-packages/airflow/example_dags/example_setup_teardown_taskflow.py for tasks to queue
[2024-12-13T11:57:07.534+0000] {logging_mixin.py:190} INFO - [2024-12-13T11:57:07.534+0000] {dagbag.py:588} INFO - Filling up the DagBag from /opt/bitnami/airflow/venv/lib/python3.12/site-packages/airflow/example_dags/example_setup_teardown_taskflow.py
[2024-12-13T11:57:07.541+0000] {processor.py:925} INFO - DAG(s) 'example_setup_teardown_taskflow' retrieved from /opt/bitnami/airflow/venv/lib/python3.12/site-packages/airflow/example_dags/example_setup_teardown_taskflow.py
[2024-12-13T11:57:07.580+0000] {logging_mixin.py:190} INFO - [2024-12-13T11:57:07.580+0000] {dag.py:3239} INFO - Sync 1 DAGs
[2024-12-13T11:57:07.598+0000] {logging_mixin.py:190} INFO - [2024-12-13T11:57:07.597+0000] {dag.py:4180} INFO - Setting next_dagrun for example_setup_teardown_taskflow to None, run_after=None
[2024-12-13T11:57:07.630+0000] {processor.py:208} INFO - Processing /opt/bitnami/airflow/venv/lib/python3.12/site-packages/airflow/example_dags/example_setup_teardown_taskflow.py took 0.105 seconds
[2024-12-13T11:57:38.654+0000] {processor.py:186} INFO - Started process (PID=114) to work on /opt/bitnami/airflow/venv/lib/python3.12/site-packages/airflow/example_dags/example_setup_teardown_taskflow.py
[2024-12-13T11:57:38.656+0000] {processor.py:914} INFO - Processing file /opt/bitnami/airflow/venv/lib/python3.12/site-packages/airflow/example_dags/example_setup_teardown_taskflow.py for tasks to queue
[2024-12-13T11:57:38.659+0000] {logging_mixin.py:190} INFO - [2024-12-13T11:57:38.659+0000] {dagbag.py:588} INFO - Filling up the DagBag from /opt/bitnami/airflow/venv/lib/python3.12/site-packages/airflow/example_dags/example_setup_teardown_taskflow.py
[2024-12-13T11:57:38.668+0000] {processor.py:925} INFO - DAG(s) 'example_setup_teardown_taskflow' retrieved from /opt/bitnami/airflow/venv/lib/python3.12/site-packages/airflow/example_dags/example_setup_teardown_taskflow.py
[2024-12-13T11:57:38.711+0000] {logging_mixin.py:190} INFO - [2024-12-13T11:57:38.710+0000] {dag.py:3239} INFO - Sync 1 DAGs
[2024-12-13T11:57:38.745+0000] {logging_mixin.py:190} INFO - [2024-12-13T11:57:38.745+0000] {dag.py:4180} INFO - Setting next_dagrun for example_setup_teardown_taskflow to None, run_after=None
[2024-12-13T11:57:38.775+0000] {processor.py:208} INFO - Processing /opt/bitnami/airflow/venv/lib/python3.12/site-packages/airflow/example_dags/example_setup_teardown_taskflow.py took 0.127 seconds
[2024-12-13T11:58:33.318+0000] {processor.py:186} INFO - Started process (PID=57) to work on /opt/bitnami/airflow/venv/lib/python3.12/site-packages/airflow/example_dags/example_setup_teardown_taskflow.py
[2024-12-13T11:58:33.319+0000] {processor.py:914} INFO - Processing file /opt/bitnami/airflow/venv/lib/python3.12/site-packages/airflow/example_dags/example_setup_teardown_taskflow.py for tasks to queue
[2024-12-13T11:58:33.321+0000] {logging_mixin.py:190} INFO - [2024-12-13T11:58:33.321+0000] {dagbag.py:588} INFO - Filling up the DagBag from /opt/bitnami/airflow/venv/lib/python3.12/site-packages/airflow/example_dags/example_setup_teardown_taskflow.py
[2024-12-13T11:58:33.329+0000] {processor.py:925} INFO - DAG(s) 'example_setup_teardown_taskflow' retrieved from /opt/bitnami/airflow/venv/lib/python3.12/site-packages/airflow/example_dags/example_setup_teardown_taskflow.py
[2024-12-13T11:58:33.364+0000] {logging_mixin.py:190} INFO - [2024-12-13T11:58:33.364+0000] {dag.py:3239} INFO - Sync 1 DAGs
[2024-12-13T11:58:33.386+0000] {logging_mixin.py:190} INFO - [2024-12-13T11:58:33.386+0000] {dag.py:4180} INFO - Setting next_dagrun for example_setup_teardown_taskflow to None, run_after=None
[2024-12-13T11:58:33.405+0000] {processor.py:208} INFO - Processing /opt/bitnami/airflow/venv/lib/python3.12/site-packages/airflow/example_dags/example_setup_teardown_taskflow.py took 0.092 seconds
[2024-12-13T11:59:04.257+0000] {processor.py:186} INFO - Started process (PID=114) to work on /opt/bitnami/airflow/venv/lib/python3.12/site-packages/airflow/example_dags/example_setup_teardown_taskflow.py
[2024-12-13T11:59:04.258+0000] {processor.py:914} INFO - Processing file /opt/bitnami/airflow/venv/lib/python3.12/site-packages/airflow/example_dags/example_setup_teardown_taskflow.py for tasks to queue
[2024-12-13T11:59:04.263+0000] {logging_mixin.py:190} INFO - [2024-12-13T11:59:04.263+0000] {dagbag.py:588} INFO - Filling up the DagBag from /opt/bitnami/airflow/venv/lib/python3.12/site-packages/airflow/example_dags/example_setup_teardown_taskflow.py
[2024-12-13T11:59:04.272+0000] {processor.py:925} INFO - DAG(s) 'example_setup_teardown_taskflow' retrieved from /opt/bitnami/airflow/venv/lib/python3.12/site-packages/airflow/example_dags/example_setup_teardown_taskflow.py
[2024-12-13T11:59:04.323+0000] {logging_mixin.py:190} INFO - [2024-12-13T11:59:04.322+0000] {dag.py:3239} INFO - Sync 1 DAGs
[2024-12-13T11:59:04.359+0000] {logging_mixin.py:190} INFO - [2024-12-13T11:59:04.359+0000] {dag.py:4180} INFO - Setting next_dagrun for example_setup_teardown_taskflow to None, run_after=None
[2024-12-13T11:59:04.394+0000] {processor.py:208} INFO - Processing /opt/bitnami/airflow/venv/lib/python3.12/site-packages/airflow/example_dags/example_setup_teardown_taskflow.py took 0.144 seconds
[2024-12-13T11:59:34.842+0000] {processor.py:186} INFO - Started process (PID=171) to work on /opt/bitnami/airflow/venv/lib/python3.12/site-packages/airflow/example_dags/example_setup_teardown_taskflow.py
[2024-12-13T11:59:34.843+0000] {processor.py:914} INFO - Processing file /opt/bitnami/airflow/venv/lib/python3.12/site-packages/airflow/example_dags/example_setup_teardown_taskflow.py for tasks to queue
[2024-12-13T11:59:34.846+0000] {logging_mixin.py:190} INFO - [2024-12-13T11:59:34.846+0000] {dagbag.py:588} INFO - Filling up the DagBag from /opt/bitnami/airflow/venv/lib/python3.12/site-packages/airflow/example_dags/example_setup_teardown_taskflow.py
[2024-12-13T11:59:34.855+0000] {processor.py:925} INFO - DAG(s) 'example_setup_teardown_taskflow' retrieved from /opt/bitnami/airflow/venv/lib/python3.12/site-packages/airflow/example_dags/example_setup_teardown_taskflow.py
[2024-12-13T11:59:34.960+0000] {logging_mixin.py:190} INFO - [2024-12-13T11:59:34.959+0000] {dag.py:3239} INFO - Sync 1 DAGs
[2024-12-13T11:59:34.981+0000] {logging_mixin.py:190} INFO - [2024-12-13T11:59:34.980+0000] {dag.py:4180} INFO - Setting next_dagrun for example_setup_teardown_taskflow to None, run_after=None
[2024-12-13T11:59:35.006+0000] {processor.py:208} INFO - Processing /opt/bitnami/airflow/venv/lib/python3.12/site-packages/airflow/example_dags/example_setup_teardown_taskflow.py took 0.169 seconds
[2024-12-13T12:00:05.564+0000] {processor.py:186} INFO - Started process (PID=228) to work on /opt/bitnami/airflow/venv/lib/python3.12/site-packages/airflow/example_dags/example_setup_teardown_taskflow.py
[2024-12-13T12:00:05.565+0000] {processor.py:914} INFO - Processing file /opt/bitnami/airflow/venv/lib/python3.12/site-packages/airflow/example_dags/example_setup_teardown_taskflow.py for tasks to queue
[2024-12-13T12:00:05.567+0000] {logging_mixin.py:190} INFO - [2024-12-13T12:00:05.567+0000] {dagbag.py:588} INFO - Filling up the DagBag from /opt/bitnami/airflow/venv/lib/python3.12/site-packages/airflow/example_dags/example_setup_teardown_taskflow.py
[2024-12-13T12:00:05.574+0000] {processor.py:925} INFO - DAG(s) 'example_setup_teardown_taskflow' retrieved from /opt/bitnami/airflow/venv/lib/python3.12/site-packages/airflow/example_dags/example_setup_teardown_taskflow.py
[2024-12-13T12:00:05.604+0000] {logging_mixin.py:190} INFO - [2024-12-13T12:00:05.604+0000] {dag.py:3239} INFO - Sync 1 DAGs
[2024-12-13T12:00:05.622+0000] {logging_mixin.py:190} INFO - [2024-12-13T12:00:05.622+0000] {dag.py:4180} INFO - Setting next_dagrun for example_setup_teardown_taskflow to None, run_after=None
[2024-12-13T12:00:05.642+0000] {processor.py:208} INFO - Processing /opt/bitnami/airflow/venv/lib/python3.12/site-packages/airflow/example_dags/example_setup_teardown_taskflow.py took 0.082 seconds
[2024-12-13T12:00:35.927+0000] {processor.py:186} INFO - Started process (PID=285) to work on /opt/bitnami/airflow/venv/lib/python3.12/site-packages/airflow/example_dags/example_setup_teardown_taskflow.py
[2024-12-13T12:00:35.927+0000] {processor.py:914} INFO - Processing file /opt/bitnami/airflow/venv/lib/python3.12/site-packages/airflow/example_dags/example_setup_teardown_taskflow.py for tasks to queue
[2024-12-13T12:00:35.929+0000] {logging_mixin.py:190} INFO - [2024-12-13T12:00:35.929+0000] {dagbag.py:588} INFO - Filling up the DagBag from /opt/bitnami/airflow/venv/lib/python3.12/site-packages/airflow/example_dags/example_setup_teardown_taskflow.py
[2024-12-13T12:00:35.937+0000] {processor.py:925} INFO - DAG(s) 'example_setup_teardown_taskflow' retrieved from /opt/bitnami/airflow/venv/lib/python3.12/site-packages/airflow/example_dags/example_setup_teardown_taskflow.py
[2024-12-13T12:00:35.971+0000] {logging_mixin.py:190} INFO - [2024-12-13T12:00:35.970+0000] {dag.py:3239} INFO - Sync 1 DAGs
[2024-12-13T12:00:35.988+0000] {logging_mixin.py:190} INFO - [2024-12-13T12:00:35.988+0000] {dag.py:4180} INFO - Setting next_dagrun for example_setup_teardown_taskflow to None, run_after=None
[2024-12-13T12:00:36.008+0000] {processor.py:208} INFO - Processing /opt/bitnami/airflow/venv/lib/python3.12/site-packages/airflow/example_dags/example_setup_teardown_taskflow.py took 0.087 seconds
[2024-12-13T12:01:06.635+0000] {processor.py:186} INFO - Started process (PID=342) to work on /opt/bitnami/airflow/venv/lib/python3.12/site-packages/airflow/example_dags/example_setup_teardown_taskflow.py
[2024-12-13T12:01:06.636+0000] {processor.py:914} INFO - Processing file /opt/bitnami/airflow/venv/lib/python3.12/site-packages/airflow/example_dags/example_setup_teardown_taskflow.py for tasks to queue
[2024-12-13T12:01:06.638+0000] {logging_mixin.py:190} INFO - [2024-12-13T12:01:06.638+0000] {dagbag.py:588} INFO - Filling up the DagBag from /opt/bitnami/airflow/venv/lib/python3.12/site-packages/airflow/example_dags/example_setup_teardown_taskflow.py
[2024-12-13T12:01:06.645+0000] {processor.py:925} INFO - DAG(s) 'example_setup_teardown_taskflow' retrieved from /opt/bitnami/airflow/venv/lib/python3.12/site-packages/airflow/example_dags/example_setup_teardown_taskflow.py
[2024-12-13T12:01:06.673+0000] {logging_mixin.py:190} INFO - [2024-12-13T12:01:06.673+0000] {dag.py:3239} INFO - Sync 1 DAGs
[2024-12-13T12:01:06.690+0000] {logging_mixin.py:190} INFO - [2024-12-13T12:01:06.689+0000] {dag.py:4180} INFO - Setting next_dagrun for example_setup_teardown_taskflow to None, run_after=None
[2024-12-13T12:01:06.708+0000] {processor.py:208} INFO - Processing /opt/bitnami/airflow/venv/lib/python3.12/site-packages/airflow/example_dags/example_setup_teardown_taskflow.py took 0.077 seconds
[2024-12-13T12:01:37.401+0000] {processor.py:186} INFO - Started process (PID=399) to work on /opt/bitnami/airflow/venv/lib/python3.12/site-packages/airflow/example_dags/example_setup_teardown_taskflow.py
[2024-12-13T12:01:37.402+0000] {processor.py:914} INFO - Processing file /opt/bitnami/airflow/venv/lib/python3.12/site-packages/airflow/example_dags/example_setup_teardown_taskflow.py for tasks to queue
[2024-12-13T12:01:37.404+0000] {logging_mixin.py:190} INFO - [2024-12-13T12:01:37.404+0000] {dagbag.py:588} INFO - Filling up the DagBag from /opt/bitnami/airflow/venv/lib/python3.12/site-packages/airflow/example_dags/example_setup_teardown_taskflow.py
[2024-12-13T12:01:37.411+0000] {processor.py:925} INFO - DAG(s) 'example_setup_teardown_taskflow' retrieved from /opt/bitnami/airflow/venv/lib/python3.12/site-packages/airflow/example_dags/example_setup_teardown_taskflow.py
[2024-12-13T12:01:37.447+0000] {logging_mixin.py:190} INFO - [2024-12-13T12:01:37.446+0000] {dag.py:3239} INFO - Sync 1 DAGs
[2024-12-13T12:01:37.467+0000] {logging_mixin.py:190} INFO - [2024-12-13T12:01:37.467+0000] {dag.py:4180} INFO - Setting next_dagrun for example_setup_teardown_taskflow to None, run_after=None
[2024-12-13T12:01:37.491+0000] {processor.py:208} INFO - Processing /opt/bitnami/airflow/venv/lib/python3.12/site-packages/airflow/example_dags/example_setup_teardown_taskflow.py took 0.095 seconds
[2024-12-13T12:02:08.511+0000] {processor.py:186} INFO - Started process (PID=456) to work on /opt/bitnami/airflow/venv/lib/python3.12/site-packages/airflow/example_dags/example_setup_teardown_taskflow.py
[2024-12-13T12:02:08.512+0000] {processor.py:914} INFO - Processing file /opt/bitnami/airflow/venv/lib/python3.12/site-packages/airflow/example_dags/example_setup_teardown_taskflow.py for tasks to queue
[2024-12-13T12:02:08.514+0000] {logging_mixin.py:190} INFO - [2024-12-13T12:02:08.514+0000] {dagbag.py:588} INFO - Filling up the DagBag from /opt/bitnami/airflow/venv/lib/python3.12/site-packages/airflow/example_dags/example_setup_teardown_taskflow.py
[2024-12-13T12:02:08.521+0000] {processor.py:925} INFO - DAG(s) 'example_setup_teardown_taskflow' retrieved from /opt/bitnami/airflow/venv/lib/python3.12/site-packages/airflow/example_dags/example_setup_teardown_taskflow.py
[2024-12-13T12:02:08.569+0000] {logging_mixin.py:190} INFO - [2024-12-13T12:02:08.568+0000] {dag.py:3239} INFO - Sync 1 DAGs
[2024-12-13T12:02:08.586+0000] {logging_mixin.py:190} INFO - [2024-12-13T12:02:08.586+0000] {dag.py:4180} INFO - Setting next_dagrun for example_setup_teardown_taskflow to None, run_after=None
[2024-12-13T12:02:08.608+0000] {processor.py:208} INFO - Processing /opt/bitnami/airflow/venv/lib/python3.12/site-packages/airflow/example_dags/example_setup_teardown_taskflow.py took 0.101 seconds
