[2024-12-13T08:19:46.342+0000] {processor.py:186} INFO - Started process (PID=85) to work on /opt/bitnami/airflow/venv/lib/python3.12/site-packages/airflow/example_dags/example_complex.py
[2024-12-13T08:19:46.342+0000] {processor.py:914} INFO - Processing file /opt/bitnami/airflow/venv/lib/python3.12/site-packages/airflow/example_dags/example_complex.py for tasks to queue
[2024-12-13T08:19:46.344+0000] {logging_mixin.py:190} INFO - [2024-12-13T08:19:46.344+0000] {dagbag.py:588} INFO - Filling up the DagBag from /opt/bitnami/airflow/venv/lib/python3.12/site-packages/airflow/example_dags/example_complex.py
[2024-12-13T08:19:46.354+0000] {processor.py:925} INFO - DAG(s) 'example_complex' retrieved from /opt/bitnami/airflow/venv/lib/python3.12/site-packages/airflow/example_dags/example_complex.py
[2024-12-13T08:19:46.401+0000] {logging_mixin.py:190} INFO - [2024-12-13T08:19:46.401+0000] {dag.py:3239} INFO - Sync 1 DAGs
[2024-12-13T08:19:46.416+0000] {logging_mixin.py:190} INFO - [2024-12-13T08:19:46.416+0000] {dag.py:4180} INFO - Setting next_dagrun for example_complex to None, run_after=None
[2024-12-13T08:19:46.437+0000] {processor.py:208} INFO - Processing /opt/bitnami/airflow/venv/lib/python3.12/site-packages/airflow/example_dags/example_complex.py took 0.100 seconds
[2024-12-13T08:20:16.475+0000] {processor.py:186} INFO - Started process (PID=142) to work on /opt/bitnami/airflow/venv/lib/python3.12/site-packages/airflow/example_dags/example_complex.py
[2024-12-13T08:20:16.477+0000] {processor.py:914} INFO - Processing file /opt/bitnami/airflow/venv/lib/python3.12/site-packages/airflow/example_dags/example_complex.py for tasks to queue
[2024-12-13T08:20:16.479+0000] {logging_mixin.py:190} INFO - [2024-12-13T08:20:16.479+0000] {dagbag.py:588} INFO - Filling up the DagBag from /opt/bitnami/airflow/venv/lib/python3.12/site-packages/airflow/example_dags/example_complex.py
[2024-12-13T08:20:16.487+0000] {processor.py:925} INFO - DAG(s) 'example_complex' retrieved from /opt/bitnami/airflow/venv/lib/python3.12/site-packages/airflow/example_dags/example_complex.py
[2024-12-13T08:20:16.528+0000] {logging_mixin.py:190} INFO - [2024-12-13T08:20:16.528+0000] {dag.py:3239} INFO - Sync 1 DAGs
[2024-12-13T08:20:16.543+0000] {logging_mixin.py:190} INFO - [2024-12-13T08:20:16.543+0000] {dag.py:4180} INFO - Setting next_dagrun for example_complex to None, run_after=None
[2024-12-13T08:20:16.563+0000] {processor.py:208} INFO - Processing /opt/bitnami/airflow/venv/lib/python3.12/site-packages/airflow/example_dags/example_complex.py took 0.095 seconds
[2024-12-13T08:20:47.469+0000] {processor.py:186} INFO - Started process (PID=199) to work on /opt/bitnami/airflow/venv/lib/python3.12/site-packages/airflow/example_dags/example_complex.py
[2024-12-13T08:20:47.470+0000] {processor.py:914} INFO - Processing file /opt/bitnami/airflow/venv/lib/python3.12/site-packages/airflow/example_dags/example_complex.py for tasks to queue
[2024-12-13T08:20:47.475+0000] {logging_mixin.py:190} INFO - [2024-12-13T08:20:47.475+0000] {dagbag.py:588} INFO - Filling up the DagBag from /opt/bitnami/airflow/venv/lib/python3.12/site-packages/airflow/example_dags/example_complex.py
[2024-12-13T08:20:47.487+0000] {processor.py:925} INFO - DAG(s) 'example_complex' retrieved from /opt/bitnami/airflow/venv/lib/python3.12/site-packages/airflow/example_dags/example_complex.py
[2024-12-13T08:20:47.608+0000] {logging_mixin.py:190} INFO - [2024-12-13T08:20:47.608+0000] {dag.py:3239} INFO - Sync 1 DAGs
[2024-12-13T08:20:47.635+0000] {logging_mixin.py:190} INFO - [2024-12-13T08:20:47.635+0000] {dag.py:4180} INFO - Setting next_dagrun for example_complex to None, run_after=None
[2024-12-13T08:20:47.698+0000] {processor.py:208} INFO - Processing /opt/bitnami/airflow/venv/lib/python3.12/site-packages/airflow/example_dags/example_complex.py took 0.236 seconds
[2024-12-13T08:21:18.100+0000] {processor.py:186} INFO - Started process (PID=256) to work on /opt/bitnami/airflow/venv/lib/python3.12/site-packages/airflow/example_dags/example_complex.py
[2024-12-13T08:21:18.101+0000] {processor.py:914} INFO - Processing file /opt/bitnami/airflow/venv/lib/python3.12/site-packages/airflow/example_dags/example_complex.py for tasks to queue
[2024-12-13T08:21:18.103+0000] {logging_mixin.py:190} INFO - [2024-12-13T08:21:18.103+0000] {dagbag.py:588} INFO - Filling up the DagBag from /opt/bitnami/airflow/venv/lib/python3.12/site-packages/airflow/example_dags/example_complex.py
[2024-12-13T08:21:18.111+0000] {processor.py:925} INFO - DAG(s) 'example_complex' retrieved from /opt/bitnami/airflow/venv/lib/python3.12/site-packages/airflow/example_dags/example_complex.py
[2024-12-13T08:21:18.158+0000] {logging_mixin.py:190} INFO - [2024-12-13T08:21:18.158+0000] {dag.py:3239} INFO - Sync 1 DAGs
[2024-12-13T08:21:18.182+0000] {logging_mixin.py:190} INFO - [2024-12-13T08:21:18.182+0000] {dag.py:4180} INFO - Setting next_dagrun for example_complex to None, run_after=None
[2024-12-13T08:21:18.206+0000] {processor.py:208} INFO - Processing /opt/bitnami/airflow/venv/lib/python3.12/site-packages/airflow/example_dags/example_complex.py took 0.112 seconds
[2024-12-13T08:21:48.919+0000] {processor.py:186} INFO - Started process (PID=313) to work on /opt/bitnami/airflow/venv/lib/python3.12/site-packages/airflow/example_dags/example_complex.py
[2024-12-13T08:21:48.920+0000] {processor.py:914} INFO - Processing file /opt/bitnami/airflow/venv/lib/python3.12/site-packages/airflow/example_dags/example_complex.py for tasks to queue
[2024-12-13T08:21:48.922+0000] {logging_mixin.py:190} INFO - [2024-12-13T08:21:48.922+0000] {dagbag.py:588} INFO - Filling up the DagBag from /opt/bitnami/airflow/venv/lib/python3.12/site-packages/airflow/example_dags/example_complex.py
[2024-12-13T08:21:48.931+0000] {processor.py:925} INFO - DAG(s) 'example_complex' retrieved from /opt/bitnami/airflow/venv/lib/python3.12/site-packages/airflow/example_dags/example_complex.py
[2024-12-13T08:21:48.978+0000] {logging_mixin.py:190} INFO - [2024-12-13T08:21:48.977+0000] {dag.py:3239} INFO - Sync 1 DAGs
[2024-12-13T08:21:49.003+0000] {logging_mixin.py:190} INFO - [2024-12-13T08:21:49.002+0000] {dag.py:4180} INFO - Setting next_dagrun for example_complex to None, run_after=None
[2024-12-13T08:21:49.028+0000] {processor.py:208} INFO - Processing /opt/bitnami/airflow/venv/lib/python3.12/site-packages/airflow/example_dags/example_complex.py took 0.113 seconds
[2024-12-13T08:22:19.236+0000] {processor.py:186} INFO - Started process (PID=370) to work on /opt/bitnami/airflow/venv/lib/python3.12/site-packages/airflow/example_dags/example_complex.py
[2024-12-13T08:22:19.237+0000] {processor.py:914} INFO - Processing file /opt/bitnami/airflow/venv/lib/python3.12/site-packages/airflow/example_dags/example_complex.py for tasks to queue
[2024-12-13T08:22:19.239+0000] {logging_mixin.py:190} INFO - [2024-12-13T08:22:19.239+0000] {dagbag.py:588} INFO - Filling up the DagBag from /opt/bitnami/airflow/venv/lib/python3.12/site-packages/airflow/example_dags/example_complex.py
[2024-12-13T08:22:19.247+0000] {processor.py:925} INFO - DAG(s) 'example_complex' retrieved from /opt/bitnami/airflow/venv/lib/python3.12/site-packages/airflow/example_dags/example_complex.py
[2024-12-13T08:22:19.287+0000] {logging_mixin.py:190} INFO - [2024-12-13T08:22:19.287+0000] {dag.py:3239} INFO - Sync 1 DAGs
[2024-12-13T08:22:19.304+0000] {logging_mixin.py:190} INFO - [2024-12-13T08:22:19.304+0000] {dag.py:4180} INFO - Setting next_dagrun for example_complex to None, run_after=None
[2024-12-13T08:22:19.327+0000] {processor.py:208} INFO - Processing /opt/bitnami/airflow/venv/lib/python3.12/site-packages/airflow/example_dags/example_complex.py took 0.096 seconds
[2024-12-13T08:22:50.120+0000] {processor.py:186} INFO - Started process (PID=427) to work on /opt/bitnami/airflow/venv/lib/python3.12/site-packages/airflow/example_dags/example_complex.py
[2024-12-13T08:22:50.120+0000] {processor.py:914} INFO - Processing file /opt/bitnami/airflow/venv/lib/python3.12/site-packages/airflow/example_dags/example_complex.py for tasks to queue
[2024-12-13T08:22:50.122+0000] {logging_mixin.py:190} INFO - [2024-12-13T08:22:50.122+0000] {dagbag.py:588} INFO - Filling up the DagBag from /opt/bitnami/airflow/venv/lib/python3.12/site-packages/airflow/example_dags/example_complex.py
[2024-12-13T08:22:50.130+0000] {processor.py:925} INFO - DAG(s) 'example_complex' retrieved from /opt/bitnami/airflow/venv/lib/python3.12/site-packages/airflow/example_dags/example_complex.py
[2024-12-13T08:22:50.168+0000] {logging_mixin.py:190} INFO - [2024-12-13T08:22:50.168+0000] {dag.py:3239} INFO - Sync 1 DAGs
[2024-12-13T08:22:50.183+0000] {logging_mixin.py:190} INFO - [2024-12-13T08:22:50.183+0000] {dag.py:4180} INFO - Setting next_dagrun for example_complex to None, run_after=None
[2024-12-13T08:22:50.201+0000] {processor.py:208} INFO - Processing /opt/bitnami/airflow/venv/lib/python3.12/site-packages/airflow/example_dags/example_complex.py took 0.086 seconds
[2024-12-13T08:25:47.561+0000] {processor.py:186} INFO - Started process (PID=85) to work on /opt/bitnami/airflow/venv/lib/python3.12/site-packages/airflow/example_dags/example_complex.py
[2024-12-13T08:25:47.562+0000] {processor.py:914} INFO - Processing file /opt/bitnami/airflow/venv/lib/python3.12/site-packages/airflow/example_dags/example_complex.py for tasks to queue
[2024-12-13T08:25:47.565+0000] {logging_mixin.py:190} INFO - [2024-12-13T08:25:47.565+0000] {dagbag.py:588} INFO - Filling up the DagBag from /opt/bitnami/airflow/venv/lib/python3.12/site-packages/airflow/example_dags/example_complex.py
[2024-12-13T08:25:47.574+0000] {processor.py:925} INFO - DAG(s) 'example_complex' retrieved from /opt/bitnami/airflow/venv/lib/python3.12/site-packages/airflow/example_dags/example_complex.py
[2024-12-13T08:25:47.618+0000] {logging_mixin.py:190} INFO - [2024-12-13T08:25:47.617+0000] {dag.py:3239} INFO - Sync 1 DAGs
[2024-12-13T08:25:47.640+0000] {logging_mixin.py:190} INFO - [2024-12-13T08:25:47.640+0000] {dag.py:4180} INFO - Setting next_dagrun for example_complex to None, run_after=None
[2024-12-13T08:25:47.661+0000] {processor.py:208} INFO - Processing /opt/bitnami/airflow/venv/lib/python3.12/site-packages/airflow/example_dags/example_complex.py took 0.106 seconds
[2024-12-13T08:26:18.440+0000] {processor.py:186} INFO - Started process (PID=142) to work on /opt/bitnami/airflow/venv/lib/python3.12/site-packages/airflow/example_dags/example_complex.py
[2024-12-13T08:26:18.441+0000] {processor.py:914} INFO - Processing file /opt/bitnami/airflow/venv/lib/python3.12/site-packages/airflow/example_dags/example_complex.py for tasks to queue
[2024-12-13T08:26:18.443+0000] {logging_mixin.py:190} INFO - [2024-12-13T08:26:18.443+0000] {dagbag.py:588} INFO - Filling up the DagBag from /opt/bitnami/airflow/venv/lib/python3.12/site-packages/airflow/example_dags/example_complex.py
[2024-12-13T08:26:18.451+0000] {processor.py:925} INFO - DAG(s) 'example_complex' retrieved from /opt/bitnami/airflow/venv/lib/python3.12/site-packages/airflow/example_dags/example_complex.py
[2024-12-13T08:26:18.490+0000] {logging_mixin.py:190} INFO - [2024-12-13T08:26:18.490+0000] {dag.py:3239} INFO - Sync 1 DAGs
[2024-12-13T08:26:18.506+0000] {logging_mixin.py:190} INFO - [2024-12-13T08:26:18.506+0000] {dag.py:4180} INFO - Setting next_dagrun for example_complex to None, run_after=None
[2024-12-13T08:26:18.528+0000] {processor.py:208} INFO - Processing /opt/bitnami/airflow/venv/lib/python3.12/site-packages/airflow/example_dags/example_complex.py took 0.092 seconds
[2024-12-13T08:26:50.493+0000] {processor.py:186} INFO - Started process (PID=199) to work on /opt/bitnami/airflow/venv/lib/python3.12/site-packages/airflow/example_dags/example_complex.py
[2024-12-13T08:26:50.494+0000] {processor.py:914} INFO - Processing file /opt/bitnami/airflow/venv/lib/python3.12/site-packages/airflow/example_dags/example_complex.py for tasks to queue
[2024-12-13T08:26:50.497+0000] {logging_mixin.py:190} INFO - [2024-12-13T08:26:50.496+0000] {dagbag.py:588} INFO - Filling up the DagBag from /opt/bitnami/airflow/venv/lib/python3.12/site-packages/airflow/example_dags/example_complex.py
[2024-12-13T08:26:50.509+0000] {processor.py:925} INFO - DAG(s) 'example_complex' retrieved from /opt/bitnami/airflow/venv/lib/python3.12/site-packages/airflow/example_dags/example_complex.py
[2024-12-13T08:26:50.615+0000] {logging_mixin.py:190} INFO - [2024-12-13T08:26:50.615+0000] {dag.py:3239} INFO - Sync 1 DAGs
[2024-12-13T08:26:50.633+0000] {logging_mixin.py:190} INFO - [2024-12-13T08:26:50.633+0000] {dag.py:4180} INFO - Setting next_dagrun for example_complex to None, run_after=None
[2024-12-13T08:26:50.657+0000] {processor.py:208} INFO - Processing /opt/bitnami/airflow/venv/lib/python3.12/site-packages/airflow/example_dags/example_complex.py took 0.172 seconds
[2024-12-13T08:27:20.795+0000] {processor.py:186} INFO - Started process (PID=256) to work on /opt/bitnami/airflow/venv/lib/python3.12/site-packages/airflow/example_dags/example_complex.py
[2024-12-13T08:27:20.796+0000] {processor.py:914} INFO - Processing file /opt/bitnami/airflow/venv/lib/python3.12/site-packages/airflow/example_dags/example_complex.py for tasks to queue
[2024-12-13T08:27:20.799+0000] {logging_mixin.py:190} INFO - [2024-12-13T08:27:20.799+0000] {dagbag.py:588} INFO - Filling up the DagBag from /opt/bitnami/airflow/venv/lib/python3.12/site-packages/airflow/example_dags/example_complex.py
[2024-12-13T08:27:20.809+0000] {processor.py:925} INFO - DAG(s) 'example_complex' retrieved from /opt/bitnami/airflow/venv/lib/python3.12/site-packages/airflow/example_dags/example_complex.py
[2024-12-13T08:27:20.855+0000] {logging_mixin.py:190} INFO - [2024-12-13T08:27:20.854+0000] {dag.py:3239} INFO - Sync 1 DAGs
[2024-12-13T08:27:20.880+0000] {logging_mixin.py:190} INFO - [2024-12-13T08:27:20.880+0000] {dag.py:4180} INFO - Setting next_dagrun for example_complex to None, run_after=None
[2024-12-13T08:27:20.907+0000] {processor.py:208} INFO - Processing /opt/bitnami/airflow/venv/lib/python3.12/site-packages/airflow/example_dags/example_complex.py took 0.116 seconds
[2024-12-13T10:42:43.767+0000] {processor.py:186} INFO - Started process (PID=85) to work on /opt/bitnami/airflow/venv/lib/python3.12/site-packages/airflow/example_dags/example_complex.py
[2024-12-13T10:42:43.770+0000] {processor.py:914} INFO - Processing file /opt/bitnami/airflow/venv/lib/python3.12/site-packages/airflow/example_dags/example_complex.py for tasks to queue
[2024-12-13T10:42:43.773+0000] {logging_mixin.py:190} INFO - [2024-12-13T10:42:43.773+0000] {dagbag.py:588} INFO - Filling up the DagBag from /opt/bitnami/airflow/venv/lib/python3.12/site-packages/airflow/example_dags/example_complex.py
[2024-12-13T10:42:43.787+0000] {processor.py:925} INFO - DAG(s) 'example_complex' retrieved from /opt/bitnami/airflow/venv/lib/python3.12/site-packages/airflow/example_dags/example_complex.py
[2024-12-13T10:42:43.947+0000] {logging_mixin.py:190} INFO - [2024-12-13T10:42:43.947+0000] {override.py:1900} INFO - Created Permission View: can read on DAG:example_complex
[2024-12-13T10:42:43.961+0000] {logging_mixin.py:190} INFO - [2024-12-13T10:42:43.961+0000] {override.py:1900} INFO - Created Permission View: can delete on DAG:example_complex
[2024-12-13T10:42:43.968+0000] {logging_mixin.py:190} INFO - [2024-12-13T10:42:43.967+0000] {override.py:1900} INFO - Created Permission View: can edit on DAG:example_complex
[2024-12-13T10:42:43.977+0000] {logging_mixin.py:190} INFO - [2024-12-13T10:42:43.977+0000] {override.py:1900} INFO - Created Permission View: can delete on DAG Run:example_complex
[2024-12-13T10:42:43.984+0000] {logging_mixin.py:190} INFO - [2024-12-13T10:42:43.984+0000] {override.py:1900} INFO - Created Permission View: can read on DAG Run:example_complex
[2024-12-13T10:42:43.992+0000] {logging_mixin.py:190} INFO - [2024-12-13T10:42:43.992+0000] {override.py:1900} INFO - Created Permission View: can create on DAG Run:example_complex
[2024-12-13T10:42:44.000+0000] {logging_mixin.py:190} INFO - [2024-12-13T10:42:43.999+0000] {override.py:1900} INFO - Created Permission View: menu access on DAG Run:example_complex
[2024-12-13T10:42:44.001+0000] {logging_mixin.py:190} INFO - [2024-12-13T10:42:44.000+0000] {dag.py:3239} INFO - Sync 1 DAGs
[2024-12-13T10:42:44.040+0000] {logging_mixin.py:190} INFO - [2024-12-13T10:42:44.040+0000] {dag.py:3262} INFO - Creating ORM DAG for example_complex
[2024-12-13T10:42:44.041+0000] {logging_mixin.py:190} INFO - [2024-12-13T10:42:44.041+0000] {dag.py:4180} INFO - Setting next_dagrun for example_complex to None, run_after=None
[2024-12-13T10:42:44.080+0000] {processor.py:208} INFO - Processing /opt/bitnami/airflow/venv/lib/python3.12/site-packages/airflow/example_dags/example_complex.py took 0.319 seconds
[2024-12-13T10:43:14.268+0000] {processor.py:186} INFO - Started process (PID=142) to work on /opt/bitnami/airflow/venv/lib/python3.12/site-packages/airflow/example_dags/example_complex.py
[2024-12-13T10:43:14.268+0000] {processor.py:914} INFO - Processing file /opt/bitnami/airflow/venv/lib/python3.12/site-packages/airflow/example_dags/example_complex.py for tasks to queue
[2024-12-13T10:43:14.270+0000] {logging_mixin.py:190} INFO - [2024-12-13T10:43:14.270+0000] {dagbag.py:588} INFO - Filling up the DagBag from /opt/bitnami/airflow/venv/lib/python3.12/site-packages/airflow/example_dags/example_complex.py
[2024-12-13T10:43:14.277+0000] {processor.py:925} INFO - DAG(s) 'example_complex' retrieved from /opt/bitnami/airflow/venv/lib/python3.12/site-packages/airflow/example_dags/example_complex.py
[2024-12-13T10:43:14.320+0000] {logging_mixin.py:190} INFO - [2024-12-13T10:43:14.319+0000] {dag.py:3239} INFO - Sync 1 DAGs
[2024-12-13T10:43:14.345+0000] {logging_mixin.py:190} INFO - [2024-12-13T10:43:14.345+0000] {dag.py:4180} INFO - Setting next_dagrun for example_complex to None, run_after=None
[2024-12-13T10:43:14.368+0000] {processor.py:208} INFO - Processing /opt/bitnami/airflow/venv/lib/python3.12/site-packages/airflow/example_dags/example_complex.py took 0.104 seconds
[2024-12-13T10:43:45.419+0000] {processor.py:186} INFO - Started process (PID=199) to work on /opt/bitnami/airflow/venv/lib/python3.12/site-packages/airflow/example_dags/example_complex.py
[2024-12-13T10:43:45.421+0000] {processor.py:914} INFO - Processing file /opt/bitnami/airflow/venv/lib/python3.12/site-packages/airflow/example_dags/example_complex.py for tasks to queue
[2024-12-13T10:43:45.423+0000] {logging_mixin.py:190} INFO - [2024-12-13T10:43:45.423+0000] {dagbag.py:588} INFO - Filling up the DagBag from /opt/bitnami/airflow/venv/lib/python3.12/site-packages/airflow/example_dags/example_complex.py
[2024-12-13T10:43:45.433+0000] {processor.py:925} INFO - DAG(s) 'example_complex' retrieved from /opt/bitnami/airflow/venv/lib/python3.12/site-packages/airflow/example_dags/example_complex.py
[2024-12-13T10:43:45.596+0000] {logging_mixin.py:190} INFO - [2024-12-13T10:43:45.595+0000] {dag.py:3239} INFO - Sync 1 DAGs
[2024-12-13T10:43:45.622+0000] {logging_mixin.py:190} INFO - [2024-12-13T10:43:45.621+0000] {dag.py:4180} INFO - Setting next_dagrun for example_complex to None, run_after=None
[2024-12-13T10:43:45.661+0000] {processor.py:208} INFO - Processing /opt/bitnami/airflow/venv/lib/python3.12/site-packages/airflow/example_dags/example_complex.py took 0.250 seconds
[2024-12-13T10:44:16.160+0000] {processor.py:186} INFO - Started process (PID=256) to work on /opt/bitnami/airflow/venv/lib/python3.12/site-packages/airflow/example_dags/example_complex.py
[2024-12-13T10:44:16.162+0000] {processor.py:914} INFO - Processing file /opt/bitnami/airflow/venv/lib/python3.12/site-packages/airflow/example_dags/example_complex.py for tasks to queue
[2024-12-13T10:44:16.164+0000] {logging_mixin.py:190} INFO - [2024-12-13T10:44:16.164+0000] {dagbag.py:588} INFO - Filling up the DagBag from /opt/bitnami/airflow/venv/lib/python3.12/site-packages/airflow/example_dags/example_complex.py
[2024-12-13T10:44:16.172+0000] {processor.py:925} INFO - DAG(s) 'example_complex' retrieved from /opt/bitnami/airflow/venv/lib/python3.12/site-packages/airflow/example_dags/example_complex.py
[2024-12-13T10:44:16.248+0000] {logging_mixin.py:190} INFO - [2024-12-13T10:44:16.248+0000] {dag.py:3239} INFO - Sync 1 DAGs
[2024-12-13T10:44:16.282+0000] {logging_mixin.py:190} INFO - [2024-12-13T10:44:16.282+0000] {dag.py:4180} INFO - Setting next_dagrun for example_complex to None, run_after=None
[2024-12-13T10:44:16.315+0000] {processor.py:208} INFO - Processing /opt/bitnami/airflow/venv/lib/python3.12/site-packages/airflow/example_dags/example_complex.py took 0.159 seconds
[2024-12-13T10:44:46.826+0000] {processor.py:186} INFO - Started process (PID=313) to work on /opt/bitnami/airflow/venv/lib/python3.12/site-packages/airflow/example_dags/example_complex.py
[2024-12-13T10:44:46.827+0000] {processor.py:914} INFO - Processing file /opt/bitnami/airflow/venv/lib/python3.12/site-packages/airflow/example_dags/example_complex.py for tasks to queue
[2024-12-13T10:44:46.829+0000] {logging_mixin.py:190} INFO - [2024-12-13T10:44:46.829+0000] {dagbag.py:588} INFO - Filling up the DagBag from /opt/bitnami/airflow/venv/lib/python3.12/site-packages/airflow/example_dags/example_complex.py
[2024-12-13T10:44:46.837+0000] {processor.py:925} INFO - DAG(s) 'example_complex' retrieved from /opt/bitnami/airflow/venv/lib/python3.12/site-packages/airflow/example_dags/example_complex.py
[2024-12-13T10:44:46.931+0000] {logging_mixin.py:190} INFO - [2024-12-13T10:44:46.931+0000] {dag.py:3239} INFO - Sync 1 DAGs
[2024-12-13T10:44:46.965+0000] {logging_mixin.py:190} INFO - [2024-12-13T10:44:46.965+0000] {dag.py:4180} INFO - Setting next_dagrun for example_complex to None, run_after=None
[2024-12-13T10:44:47.002+0000] {processor.py:208} INFO - Processing /opt/bitnami/airflow/venv/lib/python3.12/site-packages/airflow/example_dags/example_complex.py took 0.180 seconds
[2024-12-13T10:52:15.182+0000] {processor.py:186} INFO - Started process (PID=85) to work on /opt/bitnami/airflow/venv/lib/python3.12/site-packages/airflow/example_dags/example_complex.py
[2024-12-13T10:52:15.183+0000] {processor.py:914} INFO - Processing file /opt/bitnami/airflow/venv/lib/python3.12/site-packages/airflow/example_dags/example_complex.py for tasks to queue
[2024-12-13T10:52:15.186+0000] {logging_mixin.py:190} INFO - [2024-12-13T10:52:15.185+0000] {dagbag.py:588} INFO - Filling up the DagBag from /opt/bitnami/airflow/venv/lib/python3.12/site-packages/airflow/example_dags/example_complex.py
[2024-12-13T10:52:15.196+0000] {processor.py:925} INFO - DAG(s) 'example_complex' retrieved from /opt/bitnami/airflow/venv/lib/python3.12/site-packages/airflow/example_dags/example_complex.py
[2024-12-13T10:52:15.309+0000] {logging_mixin.py:190} INFO - [2024-12-13T10:52:15.308+0000] {override.py:1900} INFO - Created Permission View: can read on DAG:example_complex
[2024-12-13T10:52:15.321+0000] {logging_mixin.py:190} INFO - [2024-12-13T10:52:15.321+0000] {override.py:1900} INFO - Created Permission View: can delete on DAG:example_complex
[2024-12-13T10:52:15.329+0000] {logging_mixin.py:190} INFO - [2024-12-13T10:52:15.328+0000] {override.py:1900} INFO - Created Permission View: can edit on DAG:example_complex
[2024-12-13T10:52:15.337+0000] {logging_mixin.py:190} INFO - [2024-12-13T10:52:15.337+0000] {override.py:1900} INFO - Created Permission View: menu access on DAG Run:example_complex
[2024-12-13T10:52:15.343+0000] {logging_mixin.py:190} INFO - [2024-12-13T10:52:15.343+0000] {override.py:1900} INFO - Created Permission View: can read on DAG Run:example_complex
[2024-12-13T10:52:15.350+0000] {logging_mixin.py:190} INFO - [2024-12-13T10:52:15.349+0000] {override.py:1900} INFO - Created Permission View: can delete on DAG Run:example_complex
[2024-12-13T10:52:15.359+0000] {logging_mixin.py:190} INFO - [2024-12-13T10:52:15.358+0000] {override.py:1900} INFO - Created Permission View: can create on DAG Run:example_complex
[2024-12-13T10:52:15.360+0000] {logging_mixin.py:190} INFO - [2024-12-13T10:52:15.360+0000] {dag.py:3239} INFO - Sync 1 DAGs
[2024-12-13T10:52:15.384+0000] {logging_mixin.py:190} INFO - [2024-12-13T10:52:15.384+0000] {dag.py:3262} INFO - Creating ORM DAG for example_complex
[2024-12-13T10:52:15.386+0000] {logging_mixin.py:190} INFO - [2024-12-13T10:52:15.386+0000] {dag.py:4180} INFO - Setting next_dagrun for example_complex to None, run_after=None
[2024-12-13T10:52:15.419+0000] {processor.py:208} INFO - Processing /opt/bitnami/airflow/venv/lib/python3.12/site-packages/airflow/example_dags/example_complex.py took 0.243 seconds
[2024-12-13T10:52:46.437+0000] {processor.py:186} INFO - Started process (PID=142) to work on /opt/bitnami/airflow/venv/lib/python3.12/site-packages/airflow/example_dags/example_complex.py
[2024-12-13T10:52:46.439+0000] {processor.py:914} INFO - Processing file /opt/bitnami/airflow/venv/lib/python3.12/site-packages/airflow/example_dags/example_complex.py for tasks to queue
[2024-12-13T10:52:46.441+0000] {logging_mixin.py:190} INFO - [2024-12-13T10:52:46.441+0000] {dagbag.py:588} INFO - Filling up the DagBag from /opt/bitnami/airflow/venv/lib/python3.12/site-packages/airflow/example_dags/example_complex.py
[2024-12-13T10:52:46.450+0000] {processor.py:925} INFO - DAG(s) 'example_complex' retrieved from /opt/bitnami/airflow/venv/lib/python3.12/site-packages/airflow/example_dags/example_complex.py
[2024-12-13T10:52:46.530+0000] {logging_mixin.py:190} INFO - [2024-12-13T10:52:46.529+0000] {dag.py:3239} INFO - Sync 1 DAGs
[2024-12-13T10:52:46.563+0000] {logging_mixin.py:190} INFO - [2024-12-13T10:52:46.563+0000] {dag.py:4180} INFO - Setting next_dagrun for example_complex to None, run_after=None
[2024-12-13T10:52:46.608+0000] {processor.py:208} INFO - Processing /opt/bitnami/airflow/venv/lib/python3.12/site-packages/airflow/example_dags/example_complex.py took 0.175 seconds
[2024-12-13T10:53:17.431+0000] {processor.py:186} INFO - Started process (PID=199) to work on /opt/bitnami/airflow/venv/lib/python3.12/site-packages/airflow/example_dags/example_complex.py
[2024-12-13T10:53:17.432+0000] {processor.py:914} INFO - Processing file /opt/bitnami/airflow/venv/lib/python3.12/site-packages/airflow/example_dags/example_complex.py for tasks to queue
[2024-12-13T10:53:17.435+0000] {logging_mixin.py:190} INFO - [2024-12-13T10:53:17.434+0000] {dagbag.py:588} INFO - Filling up the DagBag from /opt/bitnami/airflow/venv/lib/python3.12/site-packages/airflow/example_dags/example_complex.py
[2024-12-13T10:53:17.446+0000] {processor.py:925} INFO - DAG(s) 'example_complex' retrieved from /opt/bitnami/airflow/venv/lib/python3.12/site-packages/airflow/example_dags/example_complex.py
[2024-12-13T10:53:17.605+0000] {logging_mixin.py:190} INFO - [2024-12-13T10:53:17.604+0000] {dag.py:3239} INFO - Sync 1 DAGs
[2024-12-13T10:53:17.625+0000] {logging_mixin.py:190} INFO - [2024-12-13T10:53:17.625+0000] {dag.py:4180} INFO - Setting next_dagrun for example_complex to None, run_after=None
[2024-12-13T10:53:17.658+0000] {processor.py:208} INFO - Processing /opt/bitnami/airflow/venv/lib/python3.12/site-packages/airflow/example_dags/example_complex.py took 0.233 seconds
[2024-12-13T10:53:47.866+0000] {processor.py:186} INFO - Started process (PID=256) to work on /opt/bitnami/airflow/venv/lib/python3.12/site-packages/airflow/example_dags/example_complex.py
[2024-12-13T10:53:47.867+0000] {processor.py:914} INFO - Processing file /opt/bitnami/airflow/venv/lib/python3.12/site-packages/airflow/example_dags/example_complex.py for tasks to queue
[2024-12-13T10:53:47.870+0000] {logging_mixin.py:190} INFO - [2024-12-13T10:53:47.870+0000] {dagbag.py:588} INFO - Filling up the DagBag from /opt/bitnami/airflow/venv/lib/python3.12/site-packages/airflow/example_dags/example_complex.py
[2024-12-13T10:53:47.879+0000] {processor.py:925} INFO - DAG(s) 'example_complex' retrieved from /opt/bitnami/airflow/venv/lib/python3.12/site-packages/airflow/example_dags/example_complex.py
[2024-12-13T10:53:47.990+0000] {logging_mixin.py:190} INFO - [2024-12-13T10:53:47.989+0000] {dag.py:3239} INFO - Sync 1 DAGs
[2024-12-13T10:53:48.039+0000] {logging_mixin.py:190} INFO - [2024-12-13T10:53:48.039+0000] {dag.py:4180} INFO - Setting next_dagrun for example_complex to None, run_after=None
[2024-12-13T10:53:48.088+0000] {processor.py:208} INFO - Processing /opt/bitnami/airflow/venv/lib/python3.12/site-packages/airflow/example_dags/example_complex.py took 0.227 seconds
[2024-12-13T10:54:19.105+0000] {processor.py:186} INFO - Started process (PID=313) to work on /opt/bitnami/airflow/venv/lib/python3.12/site-packages/airflow/example_dags/example_complex.py
[2024-12-13T10:54:19.107+0000] {processor.py:914} INFO - Processing file /opt/bitnami/airflow/venv/lib/python3.12/site-packages/airflow/example_dags/example_complex.py for tasks to queue
[2024-12-13T10:54:19.109+0000] {logging_mixin.py:190} INFO - [2024-12-13T10:54:19.109+0000] {dagbag.py:588} INFO - Filling up the DagBag from /opt/bitnami/airflow/venv/lib/python3.12/site-packages/airflow/example_dags/example_complex.py
[2024-12-13T10:54:19.118+0000] {processor.py:925} INFO - DAG(s) 'example_complex' retrieved from /opt/bitnami/airflow/venv/lib/python3.12/site-packages/airflow/example_dags/example_complex.py
[2024-12-13T10:54:19.191+0000] {logging_mixin.py:190} INFO - [2024-12-13T10:54:19.190+0000] {dag.py:3239} INFO - Sync 1 DAGs
[2024-12-13T10:54:19.228+0000] {logging_mixin.py:190} INFO - [2024-12-13T10:54:19.228+0000] {dag.py:4180} INFO - Setting next_dagrun for example_complex to None, run_after=None
[2024-12-13T10:54:19.268+0000] {processor.py:208} INFO - Processing /opt/bitnami/airflow/venv/lib/python3.12/site-packages/airflow/example_dags/example_complex.py took 0.168 seconds
[2024-12-13T10:54:49.650+0000] {processor.py:186} INFO - Started process (PID=370) to work on /opt/bitnami/airflow/venv/lib/python3.12/site-packages/airflow/example_dags/example_complex.py
[2024-12-13T10:54:49.651+0000] {processor.py:914} INFO - Processing file /opt/bitnami/airflow/venv/lib/python3.12/site-packages/airflow/example_dags/example_complex.py for tasks to queue
[2024-12-13T10:54:49.653+0000] {logging_mixin.py:190} INFO - [2024-12-13T10:54:49.653+0000] {dagbag.py:588} INFO - Filling up the DagBag from /opt/bitnami/airflow/venv/lib/python3.12/site-packages/airflow/example_dags/example_complex.py
[2024-12-13T10:54:49.666+0000] {processor.py:925} INFO - DAG(s) 'example_complex' retrieved from /opt/bitnami/airflow/venv/lib/python3.12/site-packages/airflow/example_dags/example_complex.py
[2024-12-13T10:54:49.721+0000] {logging_mixin.py:190} INFO - [2024-12-13T10:54:49.721+0000] {dag.py:3239} INFO - Sync 1 DAGs
[2024-12-13T10:54:49.745+0000] {logging_mixin.py:190} INFO - [2024-12-13T10:54:49.745+0000] {dag.py:4180} INFO - Setting next_dagrun for example_complex to None, run_after=None
[2024-12-13T10:54:49.770+0000] {processor.py:208} INFO - Processing /opt/bitnami/airflow/venv/lib/python3.12/site-packages/airflow/example_dags/example_complex.py took 0.127 seconds
[2024-12-13T10:55:20.401+0000] {processor.py:186} INFO - Started process (PID=427) to work on /opt/bitnami/airflow/venv/lib/python3.12/site-packages/airflow/example_dags/example_complex.py
[2024-12-13T10:55:20.402+0000] {processor.py:914} INFO - Processing file /opt/bitnami/airflow/venv/lib/python3.12/site-packages/airflow/example_dags/example_complex.py for tasks to queue
[2024-12-13T10:55:20.405+0000] {logging_mixin.py:190} INFO - [2024-12-13T10:55:20.404+0000] {dagbag.py:588} INFO - Filling up the DagBag from /opt/bitnami/airflow/venv/lib/python3.12/site-packages/airflow/example_dags/example_complex.py
[2024-12-13T10:55:20.413+0000] {processor.py:925} INFO - DAG(s) 'example_complex' retrieved from /opt/bitnami/airflow/venv/lib/python3.12/site-packages/airflow/example_dags/example_complex.py
[2024-12-13T10:55:20.535+0000] {logging_mixin.py:190} INFO - [2024-12-13T10:55:20.535+0000] {dag.py:3239} INFO - Sync 1 DAGs
[2024-12-13T10:55:20.586+0000] {logging_mixin.py:190} INFO - [2024-12-13T10:55:20.585+0000] {dag.py:4180} INFO - Setting next_dagrun for example_complex to None, run_after=None
[2024-12-13T10:55:20.644+0000] {processor.py:208} INFO - Processing /opt/bitnami/airflow/venv/lib/python3.12/site-packages/airflow/example_dags/example_complex.py took 0.248 seconds
[2024-12-13T10:55:51.430+0000] {processor.py:186} INFO - Started process (PID=484) to work on /opt/bitnami/airflow/venv/lib/python3.12/site-packages/airflow/example_dags/example_complex.py
[2024-12-13T10:55:51.431+0000] {processor.py:914} INFO - Processing file /opt/bitnami/airflow/venv/lib/python3.12/site-packages/airflow/example_dags/example_complex.py for tasks to queue
[2024-12-13T10:55:51.434+0000] {logging_mixin.py:190} INFO - [2024-12-13T10:55:51.434+0000] {dagbag.py:588} INFO - Filling up the DagBag from /opt/bitnami/airflow/venv/lib/python3.12/site-packages/airflow/example_dags/example_complex.py
[2024-12-13T10:55:51.450+0000] {processor.py:925} INFO - DAG(s) 'example_complex' retrieved from /opt/bitnami/airflow/venv/lib/python3.12/site-packages/airflow/example_dags/example_complex.py
[2024-12-13T10:55:51.512+0000] {logging_mixin.py:190} INFO - [2024-12-13T10:55:51.512+0000] {dag.py:3239} INFO - Sync 1 DAGs
[2024-12-13T10:55:51.534+0000] {logging_mixin.py:190} INFO - [2024-12-13T10:55:51.534+0000] {dag.py:4180} INFO - Setting next_dagrun for example_complex to None, run_after=None
[2024-12-13T10:55:51.561+0000] {processor.py:208} INFO - Processing /opt/bitnami/airflow/venv/lib/python3.12/site-packages/airflow/example_dags/example_complex.py took 0.137 seconds
[2024-12-13T10:56:22.255+0000] {processor.py:186} INFO - Started process (PID=541) to work on /opt/bitnami/airflow/venv/lib/python3.12/site-packages/airflow/example_dags/example_complex.py
[2024-12-13T10:56:22.256+0000] {processor.py:914} INFO - Processing file /opt/bitnami/airflow/venv/lib/python3.12/site-packages/airflow/example_dags/example_complex.py for tasks to queue
[2024-12-13T10:56:22.259+0000] {logging_mixin.py:190} INFO - [2024-12-13T10:56:22.258+0000] {dagbag.py:588} INFO - Filling up the DagBag from /opt/bitnami/airflow/venv/lib/python3.12/site-packages/airflow/example_dags/example_complex.py
[2024-12-13T10:56:22.269+0000] {processor.py:925} INFO - DAG(s) 'example_complex' retrieved from /opt/bitnami/airflow/venv/lib/python3.12/site-packages/airflow/example_dags/example_complex.py
[2024-12-13T10:56:22.318+0000] {logging_mixin.py:190} INFO - [2024-12-13T10:56:22.317+0000] {dag.py:3239} INFO - Sync 1 DAGs
[2024-12-13T10:56:22.342+0000] {logging_mixin.py:190} INFO - [2024-12-13T10:56:22.341+0000] {dag.py:4180} INFO - Setting next_dagrun for example_complex to None, run_after=None
[2024-12-13T10:56:22.373+0000] {processor.py:208} INFO - Processing /opt/bitnami/airflow/venv/lib/python3.12/site-packages/airflow/example_dags/example_complex.py took 0.123 seconds
[2024-12-13T10:56:52.952+0000] {processor.py:186} INFO - Started process (PID=598) to work on /opt/bitnami/airflow/venv/lib/python3.12/site-packages/airflow/example_dags/example_complex.py
[2024-12-13T10:56:52.953+0000] {processor.py:914} INFO - Processing file /opt/bitnami/airflow/venv/lib/python3.12/site-packages/airflow/example_dags/example_complex.py for tasks to queue
[2024-12-13T10:56:52.955+0000] {logging_mixin.py:190} INFO - [2024-12-13T10:56:52.955+0000] {dagbag.py:588} INFO - Filling up the DagBag from /opt/bitnami/airflow/venv/lib/python3.12/site-packages/airflow/example_dags/example_complex.py
[2024-12-13T10:56:52.964+0000] {processor.py:925} INFO - DAG(s) 'example_complex' retrieved from /opt/bitnami/airflow/venv/lib/python3.12/site-packages/airflow/example_dags/example_complex.py
[2024-12-13T10:56:53.012+0000] {logging_mixin.py:190} INFO - [2024-12-13T10:56:53.012+0000] {dag.py:3239} INFO - Sync 1 DAGs
[2024-12-13T10:56:53.042+0000] {logging_mixin.py:190} INFO - [2024-12-13T10:56:53.042+0000] {dag.py:4180} INFO - Setting next_dagrun for example_complex to None, run_after=None
[2024-12-13T10:56:53.073+0000] {processor.py:208} INFO - Processing /opt/bitnami/airflow/venv/lib/python3.12/site-packages/airflow/example_dags/example_complex.py took 0.127 seconds
[2024-12-13T10:57:23.280+0000] {processor.py:186} INFO - Started process (PID=655) to work on /opt/bitnami/airflow/venv/lib/python3.12/site-packages/airflow/example_dags/example_complex.py
[2024-12-13T10:57:23.281+0000] {processor.py:914} INFO - Processing file /opt/bitnami/airflow/venv/lib/python3.12/site-packages/airflow/example_dags/example_complex.py for tasks to queue
[2024-12-13T10:57:23.282+0000] {logging_mixin.py:190} INFO - [2024-12-13T10:57:23.282+0000] {dagbag.py:588} INFO - Filling up the DagBag from /opt/bitnami/airflow/venv/lib/python3.12/site-packages/airflow/example_dags/example_complex.py
[2024-12-13T10:57:23.291+0000] {processor.py:925} INFO - DAG(s) 'example_complex' retrieved from /opt/bitnami/airflow/venv/lib/python3.12/site-packages/airflow/example_dags/example_complex.py
[2024-12-13T10:57:23.338+0000] {logging_mixin.py:190} INFO - [2024-12-13T10:57:23.338+0000] {dag.py:3239} INFO - Sync 1 DAGs
[2024-12-13T10:57:23.356+0000] {logging_mixin.py:190} INFO - [2024-12-13T10:57:23.356+0000] {dag.py:4180} INFO - Setting next_dagrun for example_complex to None, run_after=None
[2024-12-13T10:57:23.378+0000] {processor.py:208} INFO - Processing /opt/bitnami/airflow/venv/lib/python3.12/site-packages/airflow/example_dags/example_complex.py took 0.103 seconds
[2024-12-13T10:57:54.214+0000] {processor.py:186} INFO - Started process (PID=712) to work on /opt/bitnami/airflow/venv/lib/python3.12/site-packages/airflow/example_dags/example_complex.py
[2024-12-13T10:57:54.215+0000] {processor.py:914} INFO - Processing file /opt/bitnami/airflow/venv/lib/python3.12/site-packages/airflow/example_dags/example_complex.py for tasks to queue
[2024-12-13T10:57:54.217+0000] {logging_mixin.py:190} INFO - [2024-12-13T10:57:54.217+0000] {dagbag.py:588} INFO - Filling up the DagBag from /opt/bitnami/airflow/venv/lib/python3.12/site-packages/airflow/example_dags/example_complex.py
[2024-12-13T10:57:54.226+0000] {processor.py:925} INFO - DAG(s) 'example_complex' retrieved from /opt/bitnami/airflow/venv/lib/python3.12/site-packages/airflow/example_dags/example_complex.py
[2024-12-13T10:57:54.261+0000] {logging_mixin.py:190} INFO - [2024-12-13T10:57:54.261+0000] {dag.py:3239} INFO - Sync 1 DAGs
[2024-12-13T10:57:54.280+0000] {logging_mixin.py:190} INFO - [2024-12-13T10:57:54.280+0000] {dag.py:4180} INFO - Setting next_dagrun for example_complex to None, run_after=None
[2024-12-13T10:57:54.304+0000] {processor.py:208} INFO - Processing /opt/bitnami/airflow/venv/lib/python3.12/site-packages/airflow/example_dags/example_complex.py took 0.095 seconds
[2024-12-13T10:58:25.094+0000] {processor.py:186} INFO - Started process (PID=769) to work on /opt/bitnami/airflow/venv/lib/python3.12/site-packages/airflow/example_dags/example_complex.py
[2024-12-13T10:58:25.095+0000] {processor.py:914} INFO - Processing file /opt/bitnami/airflow/venv/lib/python3.12/site-packages/airflow/example_dags/example_complex.py for tasks to queue
[2024-12-13T10:58:25.097+0000] {logging_mixin.py:190} INFO - [2024-12-13T10:58:25.097+0000] {dagbag.py:588} INFO - Filling up the DagBag from /opt/bitnami/airflow/venv/lib/python3.12/site-packages/airflow/example_dags/example_complex.py
[2024-12-13T10:58:25.109+0000] {processor.py:925} INFO - DAG(s) 'example_complex' retrieved from /opt/bitnami/airflow/venv/lib/python3.12/site-packages/airflow/example_dags/example_complex.py
[2024-12-13T10:58:25.163+0000] {logging_mixin.py:190} INFO - [2024-12-13T10:58:25.163+0000] {dag.py:3239} INFO - Sync 1 DAGs
[2024-12-13T10:58:25.185+0000] {logging_mixin.py:190} INFO - [2024-12-13T10:58:25.185+0000] {dag.py:4180} INFO - Setting next_dagrun for example_complex to None, run_after=None
[2024-12-13T10:58:25.213+0000] {processor.py:208} INFO - Processing /opt/bitnami/airflow/venv/lib/python3.12/site-packages/airflow/example_dags/example_complex.py took 0.125 seconds
[2024-12-13T10:58:56.049+0000] {processor.py:186} INFO - Started process (PID=826) to work on /opt/bitnami/airflow/venv/lib/python3.12/site-packages/airflow/example_dags/example_complex.py
[2024-12-13T10:58:56.050+0000] {processor.py:914} INFO - Processing file /opt/bitnami/airflow/venv/lib/python3.12/site-packages/airflow/example_dags/example_complex.py for tasks to queue
[2024-12-13T10:58:56.052+0000] {logging_mixin.py:190} INFO - [2024-12-13T10:58:56.052+0000] {dagbag.py:588} INFO - Filling up the DagBag from /opt/bitnami/airflow/venv/lib/python3.12/site-packages/airflow/example_dags/example_complex.py
[2024-12-13T10:58:56.061+0000] {processor.py:925} INFO - DAG(s) 'example_complex' retrieved from /opt/bitnami/airflow/venv/lib/python3.12/site-packages/airflow/example_dags/example_complex.py
[2024-12-13T10:58:56.128+0000] {logging_mixin.py:190} INFO - [2024-12-13T10:58:56.128+0000] {dag.py:3239} INFO - Sync 1 DAGs
[2024-12-13T10:58:56.167+0000] {logging_mixin.py:190} INFO - [2024-12-13T10:58:56.166+0000] {dag.py:4180} INFO - Setting next_dagrun for example_complex to None, run_after=None
[2024-12-13T10:58:56.202+0000] {processor.py:208} INFO - Processing /opt/bitnami/airflow/venv/lib/python3.12/site-packages/airflow/example_dags/example_complex.py took 0.158 seconds
[2024-12-13T11:07:33.476+0000] {processor.py:186} INFO - Started process (PID=85) to work on /opt/bitnami/airflow/venv/lib/python3.12/site-packages/airflow/example_dags/example_complex.py
[2024-12-13T11:07:33.478+0000] {processor.py:914} INFO - Processing file /opt/bitnami/airflow/venv/lib/python3.12/site-packages/airflow/example_dags/example_complex.py for tasks to queue
[2024-12-13T11:07:33.481+0000] {logging_mixin.py:190} INFO - [2024-12-13T11:07:33.481+0000] {dagbag.py:588} INFO - Filling up the DagBag from /opt/bitnami/airflow/venv/lib/python3.12/site-packages/airflow/example_dags/example_complex.py
[2024-12-13T11:07:33.502+0000] {processor.py:925} INFO - DAG(s) 'example_complex' retrieved from /opt/bitnami/airflow/venv/lib/python3.12/site-packages/airflow/example_dags/example_complex.py
[2024-12-13T11:07:33.574+0000] {logging_mixin.py:190} INFO - [2024-12-13T11:07:33.574+0000] {dag.py:3239} INFO - Sync 1 DAGs
[2024-12-13T11:07:33.606+0000] {logging_mixin.py:190} INFO - [2024-12-13T11:07:33.606+0000] {dag.py:4180} INFO - Setting next_dagrun for example_complex to None, run_after=None
[2024-12-13T11:07:33.651+0000] {processor.py:208} INFO - Processing /opt/bitnami/airflow/venv/lib/python3.12/site-packages/airflow/example_dags/example_complex.py took 0.184 seconds
[2024-12-13T11:08:04.248+0000] {processor.py:186} INFO - Started process (PID=142) to work on /opt/bitnami/airflow/venv/lib/python3.12/site-packages/airflow/example_dags/example_complex.py
[2024-12-13T11:08:04.250+0000] {processor.py:914} INFO - Processing file /opt/bitnami/airflow/venv/lib/python3.12/site-packages/airflow/example_dags/example_complex.py for tasks to queue
[2024-12-13T11:08:04.251+0000] {logging_mixin.py:190} INFO - [2024-12-13T11:08:04.251+0000] {dagbag.py:588} INFO - Filling up the DagBag from /opt/bitnami/airflow/venv/lib/python3.12/site-packages/airflow/example_dags/example_complex.py
[2024-12-13T11:08:04.259+0000] {processor.py:925} INFO - DAG(s) 'example_complex' retrieved from /opt/bitnami/airflow/venv/lib/python3.12/site-packages/airflow/example_dags/example_complex.py
[2024-12-13T11:08:04.320+0000] {logging_mixin.py:190} INFO - [2024-12-13T11:08:04.320+0000] {dag.py:3239} INFO - Sync 1 DAGs
[2024-12-13T11:08:04.358+0000] {logging_mixin.py:190} INFO - [2024-12-13T11:08:04.358+0000] {dag.py:4180} INFO - Setting next_dagrun for example_complex to None, run_after=None
[2024-12-13T11:08:04.392+0000] {processor.py:208} INFO - Processing /opt/bitnami/airflow/venv/lib/python3.12/site-packages/airflow/example_dags/example_complex.py took 0.148 seconds
[2024-12-13T11:08:36.897+0000] {processor.py:186} INFO - Started process (PID=199) to work on /opt/bitnami/airflow/venv/lib/python3.12/site-packages/airflow/example_dags/example_complex.py
[2024-12-13T11:08:36.900+0000] {processor.py:914} INFO - Processing file /opt/bitnami/airflow/venv/lib/python3.12/site-packages/airflow/example_dags/example_complex.py for tasks to queue
[2024-12-13T11:08:36.905+0000] {logging_mixin.py:190} INFO - [2024-12-13T11:08:36.904+0000] {dagbag.py:588} INFO - Filling up the DagBag from /opt/bitnami/airflow/venv/lib/python3.12/site-packages/airflow/example_dags/example_complex.py
[2024-12-13T11:08:36.926+0000] {processor.py:925} INFO - DAG(s) 'example_complex' retrieved from /opt/bitnami/airflow/venv/lib/python3.12/site-packages/airflow/example_dags/example_complex.py
[2024-12-13T11:08:37.098+0000] {logging_mixin.py:190} INFO - [2024-12-13T11:08:37.098+0000] {dag.py:3239} INFO - Sync 1 DAGs
[2024-12-13T11:08:37.126+0000] {logging_mixin.py:190} INFO - [2024-12-13T11:08:37.126+0000] {dag.py:4180} INFO - Setting next_dagrun for example_complex to None, run_after=None
[2024-12-13T11:08:37.180+0000] {processor.py:208} INFO - Processing /opt/bitnami/airflow/venv/lib/python3.12/site-packages/airflow/example_dags/example_complex.py took 0.296 seconds
[2024-12-13T11:09:07.390+0000] {processor.py:186} INFO - Started process (PID=256) to work on /opt/bitnami/airflow/venv/lib/python3.12/site-packages/airflow/example_dags/example_complex.py
[2024-12-13T11:09:07.392+0000] {processor.py:914} INFO - Processing file /opt/bitnami/airflow/venv/lib/python3.12/site-packages/airflow/example_dags/example_complex.py for tasks to queue
[2024-12-13T11:09:07.394+0000] {logging_mixin.py:190} INFO - [2024-12-13T11:09:07.394+0000] {dagbag.py:588} INFO - Filling up the DagBag from /opt/bitnami/airflow/venv/lib/python3.12/site-packages/airflow/example_dags/example_complex.py
[2024-12-13T11:09:07.402+0000] {processor.py:925} INFO - DAG(s) 'example_complex' retrieved from /opt/bitnami/airflow/venv/lib/python3.12/site-packages/airflow/example_dags/example_complex.py
[2024-12-13T11:09:07.502+0000] {logging_mixin.py:190} INFO - [2024-12-13T11:09:07.502+0000] {dag.py:3239} INFO - Sync 1 DAGs
[2024-12-13T11:09:07.550+0000] {logging_mixin.py:190} INFO - [2024-12-13T11:09:07.550+0000] {dag.py:4180} INFO - Setting next_dagrun for example_complex to None, run_after=None
[2024-12-13T11:09:07.595+0000] {processor.py:208} INFO - Processing /opt/bitnami/airflow/venv/lib/python3.12/site-packages/airflow/example_dags/example_complex.py took 0.211 seconds
[2024-12-13T11:13:45.446+0000] {processor.py:186} INFO - Started process (PID=85) to work on /opt/bitnami/airflow/venv/lib/python3.12/site-packages/airflow/example_dags/example_complex.py
[2024-12-13T11:13:45.447+0000] {processor.py:914} INFO - Processing file /opt/bitnami/airflow/venv/lib/python3.12/site-packages/airflow/example_dags/example_complex.py for tasks to queue
[2024-12-13T11:13:45.450+0000] {logging_mixin.py:190} INFO - [2024-12-13T11:13:45.450+0000] {dagbag.py:588} INFO - Filling up the DagBag from /opt/bitnami/airflow/venv/lib/python3.12/site-packages/airflow/example_dags/example_complex.py
[2024-12-13T11:13:45.463+0000] {processor.py:925} INFO - DAG(s) 'example_complex' retrieved from /opt/bitnami/airflow/venv/lib/python3.12/site-packages/airflow/example_dags/example_complex.py
[2024-12-13T11:13:45.523+0000] {logging_mixin.py:190} INFO - [2024-12-13T11:13:45.522+0000] {dag.py:3239} INFO - Sync 1 DAGs
[2024-12-13T11:13:45.550+0000] {logging_mixin.py:190} INFO - [2024-12-13T11:13:45.550+0000] {dag.py:4180} INFO - Setting next_dagrun for example_complex to None, run_after=None
[2024-12-13T11:13:45.580+0000] {processor.py:208} INFO - Processing /opt/bitnami/airflow/venv/lib/python3.12/site-packages/airflow/example_dags/example_complex.py took 0.143 seconds
[2024-12-13T11:14:15.865+0000] {processor.py:186} INFO - Started process (PID=142) to work on /opt/bitnami/airflow/venv/lib/python3.12/site-packages/airflow/example_dags/example_complex.py
[2024-12-13T11:14:15.866+0000] {processor.py:914} INFO - Processing file /opt/bitnami/airflow/venv/lib/python3.12/site-packages/airflow/example_dags/example_complex.py for tasks to queue
[2024-12-13T11:14:15.868+0000] {logging_mixin.py:190} INFO - [2024-12-13T11:14:15.868+0000] {dagbag.py:588} INFO - Filling up the DagBag from /opt/bitnami/airflow/venv/lib/python3.12/site-packages/airflow/example_dags/example_complex.py
[2024-12-13T11:14:15.878+0000] {processor.py:925} INFO - DAG(s) 'example_complex' retrieved from /opt/bitnami/airflow/venv/lib/python3.12/site-packages/airflow/example_dags/example_complex.py
[2024-12-13T11:14:15.958+0000] {logging_mixin.py:190} INFO - [2024-12-13T11:14:15.958+0000] {dag.py:3239} INFO - Sync 1 DAGs
[2024-12-13T11:14:15.991+0000] {logging_mixin.py:190} INFO - [2024-12-13T11:14:15.991+0000] {dag.py:4180} INFO - Setting next_dagrun for example_complex to None, run_after=None
[2024-12-13T11:14:16.034+0000] {processor.py:208} INFO - Processing /opt/bitnami/airflow/venv/lib/python3.12/site-packages/airflow/example_dags/example_complex.py took 0.174 seconds
[2024-12-13T11:14:50.331+0000] {processor.py:186} INFO - Started process (PID=199) to work on /opt/bitnami/airflow/venv/lib/python3.12/site-packages/airflow/example_dags/example_complex.py
[2024-12-13T11:14:50.333+0000] {processor.py:914} INFO - Processing file /opt/bitnami/airflow/venv/lib/python3.12/site-packages/airflow/example_dags/example_complex.py for tasks to queue
[2024-12-13T11:14:50.336+0000] {logging_mixin.py:190} INFO - [2024-12-13T11:14:50.336+0000] {dagbag.py:588} INFO - Filling up the DagBag from /opt/bitnami/airflow/venv/lib/python3.12/site-packages/airflow/example_dags/example_complex.py
[2024-12-13T11:14:50.350+0000] {processor.py:925} INFO - DAG(s) 'example_complex' retrieved from /opt/bitnami/airflow/venv/lib/python3.12/site-packages/airflow/example_dags/example_complex.py
[2024-12-13T11:14:50.508+0000] {logging_mixin.py:190} INFO - [2024-12-13T11:14:50.507+0000] {dag.py:3239} INFO - Sync 1 DAGs
[2024-12-13T11:14:50.541+0000] {logging_mixin.py:190} INFO - [2024-12-13T11:14:50.541+0000] {dag.py:4180} INFO - Setting next_dagrun for example_complex to None, run_after=None
[2024-12-13T11:14:50.586+0000] {processor.py:208} INFO - Processing /opt/bitnami/airflow/venv/lib/python3.12/site-packages/airflow/example_dags/example_complex.py took 0.265 seconds
[2024-12-13T11:15:20.729+0000] {processor.py:186} INFO - Started process (PID=256) to work on /opt/bitnami/airflow/venv/lib/python3.12/site-packages/airflow/example_dags/example_complex.py
[2024-12-13T11:15:20.730+0000] {processor.py:914} INFO - Processing file /opt/bitnami/airflow/venv/lib/python3.12/site-packages/airflow/example_dags/example_complex.py for tasks to queue
[2024-12-13T11:15:20.732+0000] {logging_mixin.py:190} INFO - [2024-12-13T11:15:20.731+0000] {dagbag.py:588} INFO - Filling up the DagBag from /opt/bitnami/airflow/venv/lib/python3.12/site-packages/airflow/example_dags/example_complex.py
[2024-12-13T11:15:20.739+0000] {processor.py:925} INFO - DAG(s) 'example_complex' retrieved from /opt/bitnami/airflow/venv/lib/python3.12/site-packages/airflow/example_dags/example_complex.py
[2024-12-13T11:15:20.779+0000] {logging_mixin.py:190} INFO - [2024-12-13T11:15:20.778+0000] {dag.py:3239} INFO - Sync 1 DAGs
[2024-12-13T11:15:20.809+0000] {logging_mixin.py:190} INFO - [2024-12-13T11:15:20.809+0000] {dag.py:4180} INFO - Setting next_dagrun for example_complex to None, run_after=None
[2024-12-13T11:15:20.845+0000] {processor.py:208} INFO - Processing /opt/bitnami/airflow/venv/lib/python3.12/site-packages/airflow/example_dags/example_complex.py took 0.121 seconds
[2024-12-13T11:57:09.703+0000] {processor.py:186} INFO - Started process (PID=85) to work on /opt/bitnami/airflow/venv/lib/python3.12/site-packages/airflow/example_dags/example_complex.py
[2024-12-13T11:57:09.704+0000] {processor.py:914} INFO - Processing file /opt/bitnami/airflow/venv/lib/python3.12/site-packages/airflow/example_dags/example_complex.py for tasks to queue
[2024-12-13T11:57:09.705+0000] {logging_mixin.py:190} INFO - [2024-12-13T11:57:09.705+0000] {dagbag.py:588} INFO - Filling up the DagBag from /opt/bitnami/airflow/venv/lib/python3.12/site-packages/airflow/example_dags/example_complex.py
[2024-12-13T11:57:09.713+0000] {processor.py:925} INFO - DAG(s) 'example_complex' retrieved from /opt/bitnami/airflow/venv/lib/python3.12/site-packages/airflow/example_dags/example_complex.py
[2024-12-13T11:57:09.756+0000] {logging_mixin.py:190} INFO - [2024-12-13T11:57:09.756+0000] {dag.py:3239} INFO - Sync 1 DAGs
[2024-12-13T11:57:09.773+0000] {logging_mixin.py:190} INFO - [2024-12-13T11:57:09.772+0000] {dag.py:4180} INFO - Setting next_dagrun for example_complex to None, run_after=None
[2024-12-13T11:57:09.790+0000] {processor.py:208} INFO - Processing /opt/bitnami/airflow/venv/lib/python3.12/site-packages/airflow/example_dags/example_complex.py took 0.092 seconds
[2024-12-13T11:57:41.196+0000] {processor.py:186} INFO - Started process (PID=142) to work on /opt/bitnami/airflow/venv/lib/python3.12/site-packages/airflow/example_dags/example_complex.py
[2024-12-13T11:57:41.197+0000] {processor.py:914} INFO - Processing file /opt/bitnami/airflow/venv/lib/python3.12/site-packages/airflow/example_dags/example_complex.py for tasks to queue
[2024-12-13T11:57:41.200+0000] {logging_mixin.py:190} INFO - [2024-12-13T11:57:41.199+0000] {dagbag.py:588} INFO - Filling up the DagBag from /opt/bitnami/airflow/venv/lib/python3.12/site-packages/airflow/example_dags/example_complex.py
[2024-12-13T11:57:41.208+0000] {processor.py:925} INFO - DAG(s) 'example_complex' retrieved from /opt/bitnami/airflow/venv/lib/python3.12/site-packages/airflow/example_dags/example_complex.py
[2024-12-13T11:57:41.259+0000] {logging_mixin.py:190} INFO - [2024-12-13T11:57:41.259+0000] {dag.py:3239} INFO - Sync 1 DAGs
[2024-12-13T11:57:41.284+0000] {logging_mixin.py:190} INFO - [2024-12-13T11:57:41.284+0000] {dag.py:4180} INFO - Setting next_dagrun for example_complex to None, run_after=None
[2024-12-13T11:57:41.307+0000] {processor.py:208} INFO - Processing /opt/bitnami/airflow/venv/lib/python3.12/site-packages/airflow/example_dags/example_complex.py took 0.116 seconds
[2024-12-13T11:58:35.518+0000] {processor.py:186} INFO - Started process (PID=85) to work on /opt/bitnami/airflow/venv/lib/python3.12/site-packages/airflow/example_dags/example_complex.py
[2024-12-13T11:58:35.518+0000] {processor.py:914} INFO - Processing file /opt/bitnami/airflow/venv/lib/python3.12/site-packages/airflow/example_dags/example_complex.py for tasks to queue
[2024-12-13T11:58:35.520+0000] {logging_mixin.py:190} INFO - [2024-12-13T11:58:35.520+0000] {dagbag.py:588} INFO - Filling up the DagBag from /opt/bitnami/airflow/venv/lib/python3.12/site-packages/airflow/example_dags/example_complex.py
[2024-12-13T11:58:35.528+0000] {processor.py:925} INFO - DAG(s) 'example_complex' retrieved from /opt/bitnami/airflow/venv/lib/python3.12/site-packages/airflow/example_dags/example_complex.py
[2024-12-13T11:58:35.564+0000] {logging_mixin.py:190} INFO - [2024-12-13T11:58:35.563+0000] {dag.py:3239} INFO - Sync 1 DAGs
[2024-12-13T11:58:35.579+0000] {logging_mixin.py:190} INFO - [2024-12-13T11:58:35.578+0000] {dag.py:4180} INFO - Setting next_dagrun for example_complex to None, run_after=None
[2024-12-13T11:58:35.599+0000] {processor.py:208} INFO - Processing /opt/bitnami/airflow/venv/lib/python3.12/site-packages/airflow/example_dags/example_complex.py took 0.086 seconds
[2024-12-13T11:59:06.967+0000] {processor.py:186} INFO - Started process (PID=142) to work on /opt/bitnami/airflow/venv/lib/python3.12/site-packages/airflow/example_dags/example_complex.py
[2024-12-13T11:59:06.968+0000] {processor.py:914} INFO - Processing file /opt/bitnami/airflow/venv/lib/python3.12/site-packages/airflow/example_dags/example_complex.py for tasks to queue
[2024-12-13T11:59:06.971+0000] {logging_mixin.py:190} INFO - [2024-12-13T11:59:06.970+0000] {dagbag.py:588} INFO - Filling up the DagBag from /opt/bitnami/airflow/venv/lib/python3.12/site-packages/airflow/example_dags/example_complex.py
[2024-12-13T11:59:06.990+0000] {processor.py:925} INFO - DAG(s) 'example_complex' retrieved from /opt/bitnami/airflow/venv/lib/python3.12/site-packages/airflow/example_dags/example_complex.py
[2024-12-13T11:59:07.041+0000] {logging_mixin.py:190} INFO - [2024-12-13T11:59:07.041+0000] {dag.py:3239} INFO - Sync 1 DAGs
[2024-12-13T11:59:07.067+0000] {logging_mixin.py:190} INFO - [2024-12-13T11:59:07.067+0000] {dag.py:4180} INFO - Setting next_dagrun for example_complex to None, run_after=None
[2024-12-13T11:59:07.095+0000] {processor.py:208} INFO - Processing /opt/bitnami/airflow/venv/lib/python3.12/site-packages/airflow/example_dags/example_complex.py took 0.134 seconds
[2024-12-13T11:59:38.150+0000] {processor.py:186} INFO - Started process (PID=199) to work on /opt/bitnami/airflow/venv/lib/python3.12/site-packages/airflow/example_dags/example_complex.py
[2024-12-13T11:59:38.151+0000] {processor.py:914} INFO - Processing file /opt/bitnami/airflow/venv/lib/python3.12/site-packages/airflow/example_dags/example_complex.py for tasks to queue
[2024-12-13T11:59:38.153+0000] {logging_mixin.py:190} INFO - [2024-12-13T11:59:38.153+0000] {dagbag.py:588} INFO - Filling up the DagBag from /opt/bitnami/airflow/venv/lib/python3.12/site-packages/airflow/example_dags/example_complex.py
[2024-12-13T11:59:38.162+0000] {processor.py:925} INFO - DAG(s) 'example_complex' retrieved from /opt/bitnami/airflow/venv/lib/python3.12/site-packages/airflow/example_dags/example_complex.py
[2024-12-13T11:59:38.250+0000] {logging_mixin.py:190} INFO - [2024-12-13T11:59:38.250+0000] {dag.py:3239} INFO - Sync 1 DAGs
[2024-12-13T11:59:38.272+0000] {logging_mixin.py:190} INFO - [2024-12-13T11:59:38.272+0000] {dag.py:4180} INFO - Setting next_dagrun for example_complex to None, run_after=None
[2024-12-13T11:59:38.299+0000] {processor.py:208} INFO - Processing /opt/bitnami/airflow/venv/lib/python3.12/site-packages/airflow/example_dags/example_complex.py took 0.154 seconds
[2024-12-13T12:00:09.043+0000] {processor.py:186} INFO - Started process (PID=256) to work on /opt/bitnami/airflow/venv/lib/python3.12/site-packages/airflow/example_dags/example_complex.py
[2024-12-13T12:00:09.043+0000] {processor.py:914} INFO - Processing file /opt/bitnami/airflow/venv/lib/python3.12/site-packages/airflow/example_dags/example_complex.py for tasks to queue
[2024-12-13T12:00:09.045+0000] {logging_mixin.py:190} INFO - [2024-12-13T12:00:09.045+0000] {dagbag.py:588} INFO - Filling up the DagBag from /opt/bitnami/airflow/venv/lib/python3.12/site-packages/airflow/example_dags/example_complex.py
[2024-12-13T12:00:09.053+0000] {processor.py:925} INFO - DAG(s) 'example_complex' retrieved from /opt/bitnami/airflow/venv/lib/python3.12/site-packages/airflow/example_dags/example_complex.py
[2024-12-13T12:00:09.096+0000] {logging_mixin.py:190} INFO - [2024-12-13T12:00:09.096+0000] {dag.py:3239} INFO - Sync 1 DAGs
[2024-12-13T12:00:09.118+0000] {logging_mixin.py:190} INFO - [2024-12-13T12:00:09.118+0000] {dag.py:4180} INFO - Setting next_dagrun for example_complex to None, run_after=None
[2024-12-13T12:00:09.145+0000] {processor.py:208} INFO - Processing /opt/bitnami/airflow/venv/lib/python3.12/site-packages/airflow/example_dags/example_complex.py took 0.108 seconds
[2024-12-13T12:00:39.900+0000] {processor.py:186} INFO - Started process (PID=313) to work on /opt/bitnami/airflow/venv/lib/python3.12/site-packages/airflow/example_dags/example_complex.py
[2024-12-13T12:00:39.901+0000] {processor.py:914} INFO - Processing file /opt/bitnami/airflow/venv/lib/python3.12/site-packages/airflow/example_dags/example_complex.py for tasks to queue
[2024-12-13T12:00:39.902+0000] {logging_mixin.py:190} INFO - [2024-12-13T12:00:39.902+0000] {dagbag.py:588} INFO - Filling up the DagBag from /opt/bitnami/airflow/venv/lib/python3.12/site-packages/airflow/example_dags/example_complex.py
[2024-12-13T12:00:39.910+0000] {processor.py:925} INFO - DAG(s) 'example_complex' retrieved from /opt/bitnami/airflow/venv/lib/python3.12/site-packages/airflow/example_dags/example_complex.py
[2024-12-13T12:00:39.955+0000] {logging_mixin.py:190} INFO - [2024-12-13T12:00:39.954+0000] {dag.py:3239} INFO - Sync 1 DAGs
[2024-12-13T12:00:39.971+0000] {logging_mixin.py:190} INFO - [2024-12-13T12:00:39.971+0000] {dag.py:4180} INFO - Setting next_dagrun for example_complex to None, run_after=None
[2024-12-13T12:00:39.993+0000] {processor.py:208} INFO - Processing /opt/bitnami/airflow/venv/lib/python3.12/site-packages/airflow/example_dags/example_complex.py took 0.099 seconds
[2024-12-13T12:01:10.356+0000] {processor.py:186} INFO - Started process (PID=370) to work on /opt/bitnami/airflow/venv/lib/python3.12/site-packages/airflow/example_dags/example_complex.py
[2024-12-13T12:01:10.357+0000] {processor.py:914} INFO - Processing file /opt/bitnami/airflow/venv/lib/python3.12/site-packages/airflow/example_dags/example_complex.py for tasks to queue
[2024-12-13T12:01:10.359+0000] {logging_mixin.py:190} INFO - [2024-12-13T12:01:10.359+0000] {dagbag.py:588} INFO - Filling up the DagBag from /opt/bitnami/airflow/venv/lib/python3.12/site-packages/airflow/example_dags/example_complex.py
[2024-12-13T12:01:10.370+0000] {processor.py:925} INFO - DAG(s) 'example_complex' retrieved from /opt/bitnami/airflow/venv/lib/python3.12/site-packages/airflow/example_dags/example_complex.py
[2024-12-13T12:01:10.417+0000] {logging_mixin.py:190} INFO - [2024-12-13T12:01:10.417+0000] {dag.py:3239} INFO - Sync 1 DAGs
[2024-12-13T12:01:10.434+0000] {logging_mixin.py:190} INFO - [2024-12-13T12:01:10.433+0000] {dag.py:4180} INFO - Setting next_dagrun for example_complex to None, run_after=None
[2024-12-13T12:01:10.456+0000] {processor.py:208} INFO - Processing /opt/bitnami/airflow/venv/lib/python3.12/site-packages/airflow/example_dags/example_complex.py took 0.104 seconds
[2024-12-13T12:01:41.297+0000] {processor.py:186} INFO - Started process (PID=427) to work on /opt/bitnami/airflow/venv/lib/python3.12/site-packages/airflow/example_dags/example_complex.py
[2024-12-13T12:01:41.298+0000] {processor.py:914} INFO - Processing file /opt/bitnami/airflow/venv/lib/python3.12/site-packages/airflow/example_dags/example_complex.py for tasks to queue
[2024-12-13T12:01:41.300+0000] {logging_mixin.py:190} INFO - [2024-12-13T12:01:41.300+0000] {dagbag.py:588} INFO - Filling up the DagBag from /opt/bitnami/airflow/venv/lib/python3.12/site-packages/airflow/example_dags/example_complex.py
[2024-12-13T12:01:41.308+0000] {processor.py:925} INFO - DAG(s) 'example_complex' retrieved from /opt/bitnami/airflow/venv/lib/python3.12/site-packages/airflow/example_dags/example_complex.py
[2024-12-13T12:01:41.354+0000] {logging_mixin.py:190} INFO - [2024-12-13T12:01:41.354+0000] {dag.py:3239} INFO - Sync 1 DAGs
[2024-12-13T12:01:41.371+0000] {logging_mixin.py:190} INFO - [2024-12-13T12:01:41.371+0000] {dag.py:4180} INFO - Setting next_dagrun for example_complex to None, run_after=None
[2024-12-13T12:01:41.391+0000] {processor.py:208} INFO - Processing /opt/bitnami/airflow/venv/lib/python3.12/site-packages/airflow/example_dags/example_complex.py took 0.099 seconds
[2024-12-13T12:02:11.874+0000] {processor.py:186} INFO - Started process (PID=484) to work on /opt/bitnami/airflow/venv/lib/python3.12/site-packages/airflow/example_dags/example_complex.py
[2024-12-13T12:02:11.874+0000] {processor.py:914} INFO - Processing file /opt/bitnami/airflow/venv/lib/python3.12/site-packages/airflow/example_dags/example_complex.py for tasks to queue
[2024-12-13T12:02:11.876+0000] {logging_mixin.py:190} INFO - [2024-12-13T12:02:11.876+0000] {dagbag.py:588} INFO - Filling up the DagBag from /opt/bitnami/airflow/venv/lib/python3.12/site-packages/airflow/example_dags/example_complex.py
[2024-12-13T12:02:11.884+0000] {processor.py:925} INFO - DAG(s) 'example_complex' retrieved from /opt/bitnami/airflow/venv/lib/python3.12/site-packages/airflow/example_dags/example_complex.py
[2024-12-13T12:02:11.926+0000] {logging_mixin.py:190} INFO - [2024-12-13T12:02:11.926+0000] {dag.py:3239} INFO - Sync 1 DAGs
[2024-12-13T12:02:11.942+0000] {logging_mixin.py:190} INFO - [2024-12-13T12:02:11.942+0000] {dag.py:4180} INFO - Setting next_dagrun for example_complex to None, run_after=None
[2024-12-13T12:02:11.961+0000] {processor.py:208} INFO - Processing /opt/bitnami/airflow/venv/lib/python3.12/site-packages/airflow/example_dags/example_complex.py took 0.092 seconds
