[2024-12-13T08:19:44.638+0000] {processor.py:186} INFO - Started process (PID=66) to work on /opt/bitnami/airflow/venv/lib/python3.12/site-packages/airflow/example_dags/example_nested_branch_dag.py
[2024-12-13T08:19:44.639+0000] {processor.py:914} INFO - Processing file /opt/bitnami/airflow/venv/lib/python3.12/site-packages/airflow/example_dags/example_nested_branch_dag.py for tasks to queue
[2024-12-13T08:19:44.641+0000] {logging_mixin.py:190} INFO - [2024-12-13T08:19:44.641+0000] {dagbag.py:588} INFO - Filling up the DagBag from /opt/bitnami/airflow/venv/lib/python3.12/site-packages/airflow/example_dags/example_nested_branch_dag.py
[2024-12-13T08:19:44.649+0000] {processor.py:925} INFO - DAG(s) 'example_nested_branch_dag' retrieved from /opt/bitnami/airflow/venv/lib/python3.12/site-packages/airflow/example_dags/example_nested_branch_dag.py
[2024-12-13T08:19:44.686+0000] {logging_mixin.py:190} INFO - [2024-12-13T08:19:44.686+0000] {dag.py:3239} INFO - Sync 1 DAGs
[2024-12-13T08:19:44.722+0000] {logging_mixin.py:190} INFO - [2024-12-13T08:19:44.722+0000] {dag.py:4180} INFO - Setting next_dagrun for example_nested_branch_dag to 2024-12-12 00:00:00+00:00, run_after=2024-12-13 00:00:00+00:00
[2024-12-13T08:19:44.743+0000] {processor.py:208} INFO - Processing /opt/bitnami/airflow/venv/lib/python3.12/site-packages/airflow/example_dags/example_nested_branch_dag.py took 0.110 seconds
[2024-12-13T08:20:14.806+0000] {processor.py:186} INFO - Started process (PID=122) to work on /opt/bitnami/airflow/venv/lib/python3.12/site-packages/airflow/example_dags/example_nested_branch_dag.py
[2024-12-13T08:20:14.807+0000] {processor.py:914} INFO - Processing file /opt/bitnami/airflow/venv/lib/python3.12/site-packages/airflow/example_dags/example_nested_branch_dag.py for tasks to queue
[2024-12-13T08:20:14.809+0000] {logging_mixin.py:190} INFO - [2024-12-13T08:20:14.809+0000] {dagbag.py:588} INFO - Filling up the DagBag from /opt/bitnami/airflow/venv/lib/python3.12/site-packages/airflow/example_dags/example_nested_branch_dag.py
[2024-12-13T08:20:14.821+0000] {processor.py:925} INFO - DAG(s) 'example_nested_branch_dag' retrieved from /opt/bitnami/airflow/venv/lib/python3.12/site-packages/airflow/example_dags/example_nested_branch_dag.py
[2024-12-13T08:20:14.860+0000] {logging_mixin.py:190} INFO - [2024-12-13T08:20:14.860+0000] {dag.py:3239} INFO - Sync 1 DAGs
[2024-12-13T08:20:14.895+0000] {logging_mixin.py:190} INFO - [2024-12-13T08:20:14.895+0000] {dag.py:4180} INFO - Setting next_dagrun for example_nested_branch_dag to 2024-12-12 00:00:00+00:00, run_after=2024-12-13 00:00:00+00:00
[2024-12-13T08:20:14.920+0000] {processor.py:208} INFO - Processing /opt/bitnami/airflow/venv/lib/python3.12/site-packages/airflow/example_dags/example_nested_branch_dag.py took 0.119 seconds
[2024-12-13T08:20:45.520+0000] {processor.py:186} INFO - Started process (PID=179) to work on /opt/bitnami/airflow/venv/lib/python3.12/site-packages/airflow/example_dags/example_nested_branch_dag.py
[2024-12-13T08:20:45.521+0000] {processor.py:914} INFO - Processing file /opt/bitnami/airflow/venv/lib/python3.12/site-packages/airflow/example_dags/example_nested_branch_dag.py for tasks to queue
[2024-12-13T08:20:45.523+0000] {logging_mixin.py:190} INFO - [2024-12-13T08:20:45.523+0000] {dagbag.py:588} INFO - Filling up the DagBag from /opt/bitnami/airflow/venv/lib/python3.12/site-packages/airflow/example_dags/example_nested_branch_dag.py
[2024-12-13T08:20:45.531+0000] {processor.py:925} INFO - DAG(s) 'example_nested_branch_dag' retrieved from /opt/bitnami/airflow/venv/lib/python3.12/site-packages/airflow/example_dags/example_nested_branch_dag.py
[2024-12-13T08:20:45.562+0000] {logging_mixin.py:190} INFO - [2024-12-13T08:20:45.562+0000] {dag.py:3239} INFO - Sync 1 DAGs
[2024-12-13T08:20:45.589+0000] {logging_mixin.py:190} INFO - [2024-12-13T08:20:45.589+0000] {dag.py:4180} INFO - Setting next_dagrun for example_nested_branch_dag to 2024-12-12 00:00:00+00:00, run_after=2024-12-13 00:00:00+00:00
[2024-12-13T08:20:45.608+0000] {processor.py:208} INFO - Processing /opt/bitnami/airflow/venv/lib/python3.12/site-packages/airflow/example_dags/example_nested_branch_dag.py took 0.095 seconds
[2024-12-13T08:21:16.311+0000] {processor.py:186} INFO - Started process (PID=237) to work on /opt/bitnami/airflow/venv/lib/python3.12/site-packages/airflow/example_dags/example_nested_branch_dag.py
[2024-12-13T08:21:16.312+0000] {processor.py:914} INFO - Processing file /opt/bitnami/airflow/venv/lib/python3.12/site-packages/airflow/example_dags/example_nested_branch_dag.py for tasks to queue
[2024-12-13T08:21:16.315+0000] {logging_mixin.py:190} INFO - [2024-12-13T08:21:16.315+0000] {dagbag.py:588} INFO - Filling up the DagBag from /opt/bitnami/airflow/venv/lib/python3.12/site-packages/airflow/example_dags/example_nested_branch_dag.py
[2024-12-13T08:21:16.325+0000] {processor.py:925} INFO - DAG(s) 'example_nested_branch_dag' retrieved from /opt/bitnami/airflow/venv/lib/python3.12/site-packages/airflow/example_dags/example_nested_branch_dag.py
[2024-12-13T08:21:16.415+0000] {logging_mixin.py:190} INFO - [2024-12-13T08:21:16.414+0000] {dag.py:3239} INFO - Sync 1 DAGs
[2024-12-13T08:21:16.436+0000] {logging_mixin.py:190} INFO - [2024-12-13T08:21:16.436+0000] {dag.py:4180} INFO - Setting next_dagrun for example_nested_branch_dag to 2024-12-12 00:00:00+00:00, run_after=2024-12-13 00:00:00+00:00
[2024-12-13T08:21:16.454+0000] {processor.py:208} INFO - Processing /opt/bitnami/airflow/venv/lib/python3.12/site-packages/airflow/example_dags/example_nested_branch_dag.py took 0.148 seconds
[2024-12-13T08:21:47.498+0000] {processor.py:186} INFO - Started process (PID=294) to work on /opt/bitnami/airflow/venv/lib/python3.12/site-packages/airflow/example_dags/example_nested_branch_dag.py
[2024-12-13T08:21:47.499+0000] {processor.py:914} INFO - Processing file /opt/bitnami/airflow/venv/lib/python3.12/site-packages/airflow/example_dags/example_nested_branch_dag.py for tasks to queue
[2024-12-13T08:21:47.502+0000] {logging_mixin.py:190} INFO - [2024-12-13T08:21:47.501+0000] {dagbag.py:588} INFO - Filling up the DagBag from /opt/bitnami/airflow/venv/lib/python3.12/site-packages/airflow/example_dags/example_nested_branch_dag.py
[2024-12-13T08:21:47.509+0000] {processor.py:925} INFO - DAG(s) 'example_nested_branch_dag' retrieved from /opt/bitnami/airflow/venv/lib/python3.12/site-packages/airflow/example_dags/example_nested_branch_dag.py
[2024-12-13T08:21:47.539+0000] {logging_mixin.py:190} INFO - [2024-12-13T08:21:47.538+0000] {dag.py:3239} INFO - Sync 1 DAGs
[2024-12-13T08:21:47.563+0000] {logging_mixin.py:190} INFO - [2024-12-13T08:21:47.563+0000] {dag.py:4180} INFO - Setting next_dagrun for example_nested_branch_dag to 2024-12-12 00:00:00+00:00, run_after=2024-12-13 00:00:00+00:00
[2024-12-13T08:21:47.582+0000] {processor.py:208} INFO - Processing /opt/bitnami/airflow/venv/lib/python3.12/site-packages/airflow/example_dags/example_nested_branch_dag.py took 0.088 seconds
[2024-12-13T08:22:17.722+0000] {processor.py:186} INFO - Started process (PID=351) to work on /opt/bitnami/airflow/venv/lib/python3.12/site-packages/airflow/example_dags/example_nested_branch_dag.py
[2024-12-13T08:22:17.723+0000] {processor.py:914} INFO - Processing file /opt/bitnami/airflow/venv/lib/python3.12/site-packages/airflow/example_dags/example_nested_branch_dag.py for tasks to queue
[2024-12-13T08:22:17.725+0000] {logging_mixin.py:190} INFO - [2024-12-13T08:22:17.725+0000] {dagbag.py:588} INFO - Filling up the DagBag from /opt/bitnami/airflow/venv/lib/python3.12/site-packages/airflow/example_dags/example_nested_branch_dag.py
[2024-12-13T08:22:17.733+0000] {processor.py:925} INFO - DAG(s) 'example_nested_branch_dag' retrieved from /opt/bitnami/airflow/venv/lib/python3.12/site-packages/airflow/example_dags/example_nested_branch_dag.py
[2024-12-13T08:22:17.764+0000] {logging_mixin.py:190} INFO - [2024-12-13T08:22:17.763+0000] {dag.py:3239} INFO - Sync 1 DAGs
[2024-12-13T08:22:17.802+0000] {logging_mixin.py:190} INFO - [2024-12-13T08:22:17.802+0000] {dag.py:4180} INFO - Setting next_dagrun for example_nested_branch_dag to 2024-12-12 00:00:00+00:00, run_after=2024-12-13 00:00:00+00:00
[2024-12-13T08:22:17.822+0000] {processor.py:208} INFO - Processing /opt/bitnami/airflow/venv/lib/python3.12/site-packages/airflow/example_dags/example_nested_branch_dag.py took 0.104 seconds
[2024-12-13T08:22:48.579+0000] {processor.py:186} INFO - Started process (PID=408) to work on /opt/bitnami/airflow/venv/lib/python3.12/site-packages/airflow/example_dags/example_nested_branch_dag.py
[2024-12-13T08:22:48.579+0000] {processor.py:914} INFO - Processing file /opt/bitnami/airflow/venv/lib/python3.12/site-packages/airflow/example_dags/example_nested_branch_dag.py for tasks to queue
[2024-12-13T08:22:48.581+0000] {logging_mixin.py:190} INFO - [2024-12-13T08:22:48.581+0000] {dagbag.py:588} INFO - Filling up the DagBag from /opt/bitnami/airflow/venv/lib/python3.12/site-packages/airflow/example_dags/example_nested_branch_dag.py
[2024-12-13T08:22:48.589+0000] {processor.py:925} INFO - DAG(s) 'example_nested_branch_dag' retrieved from /opt/bitnami/airflow/venv/lib/python3.12/site-packages/airflow/example_dags/example_nested_branch_dag.py
[2024-12-13T08:22:48.622+0000] {logging_mixin.py:190} INFO - [2024-12-13T08:22:48.622+0000] {dag.py:3239} INFO - Sync 1 DAGs
[2024-12-13T08:22:48.644+0000] {logging_mixin.py:190} INFO - [2024-12-13T08:22:48.644+0000] {dag.py:4180} INFO - Setting next_dagrun for example_nested_branch_dag to 2024-12-12 00:00:00+00:00, run_after=2024-12-13 00:00:00+00:00
[2024-12-13T08:22:48.664+0000] {processor.py:208} INFO - Processing /opt/bitnami/airflow/venv/lib/python3.12/site-packages/airflow/example_dags/example_nested_branch_dag.py took 0.090 seconds
[2024-12-13T08:25:45.715+0000] {processor.py:186} INFO - Started process (PID=66) to work on /opt/bitnami/airflow/venv/lib/python3.12/site-packages/airflow/example_dags/example_nested_branch_dag.py
[2024-12-13T08:25:45.716+0000] {processor.py:914} INFO - Processing file /opt/bitnami/airflow/venv/lib/python3.12/site-packages/airflow/example_dags/example_nested_branch_dag.py for tasks to queue
[2024-12-13T08:25:45.719+0000] {logging_mixin.py:190} INFO - [2024-12-13T08:25:45.719+0000] {dagbag.py:588} INFO - Filling up the DagBag from /opt/bitnami/airflow/venv/lib/python3.12/site-packages/airflow/example_dags/example_nested_branch_dag.py
[2024-12-13T08:25:45.729+0000] {processor.py:925} INFO - DAG(s) 'example_nested_branch_dag' retrieved from /opt/bitnami/airflow/venv/lib/python3.12/site-packages/airflow/example_dags/example_nested_branch_dag.py
[2024-12-13T08:25:45.771+0000] {logging_mixin.py:190} INFO - [2024-12-13T08:25:45.771+0000] {dag.py:3239} INFO - Sync 1 DAGs
[2024-12-13T08:25:45.804+0000] {logging_mixin.py:190} INFO - [2024-12-13T08:25:45.804+0000] {dag.py:4180} INFO - Setting next_dagrun for example_nested_branch_dag to 2024-12-12 00:00:00+00:00, run_after=2024-12-13 00:00:00+00:00
[2024-12-13T08:25:45.823+0000] {processor.py:208} INFO - Processing /opt/bitnami/airflow/venv/lib/python3.12/site-packages/airflow/example_dags/example_nested_branch_dag.py took 0.114 seconds
[2024-12-13T08:26:16.241+0000] {processor.py:186} INFO - Started process (PID=123) to work on /opt/bitnami/airflow/venv/lib/python3.12/site-packages/airflow/example_dags/example_nested_branch_dag.py
[2024-12-13T08:26:16.242+0000] {processor.py:914} INFO - Processing file /opt/bitnami/airflow/venv/lib/python3.12/site-packages/airflow/example_dags/example_nested_branch_dag.py for tasks to queue
[2024-12-13T08:26:16.245+0000] {logging_mixin.py:190} INFO - [2024-12-13T08:26:16.244+0000] {dagbag.py:588} INFO - Filling up the DagBag from /opt/bitnami/airflow/venv/lib/python3.12/site-packages/airflow/example_dags/example_nested_branch_dag.py
[2024-12-13T08:26:16.252+0000] {processor.py:925} INFO - DAG(s) 'example_nested_branch_dag' retrieved from /opt/bitnami/airflow/venv/lib/python3.12/site-packages/airflow/example_dags/example_nested_branch_dag.py
[2024-12-13T08:26:16.290+0000] {logging_mixin.py:190} INFO - [2024-12-13T08:26:16.290+0000] {dag.py:3239} INFO - Sync 1 DAGs
[2024-12-13T08:26:16.326+0000] {logging_mixin.py:190} INFO - [2024-12-13T08:26:16.326+0000] {dag.py:4180} INFO - Setting next_dagrun for example_nested_branch_dag to 2024-12-12 00:00:00+00:00, run_after=2024-12-13 00:00:00+00:00
[2024-12-13T08:26:16.347+0000] {processor.py:208} INFO - Processing /opt/bitnami/airflow/venv/lib/python3.12/site-packages/airflow/example_dags/example_nested_branch_dag.py took 0.110 seconds
[2024-12-13T08:26:47.991+0000] {processor.py:186} INFO - Started process (PID=180) to work on /opt/bitnami/airflow/venv/lib/python3.12/site-packages/airflow/example_dags/example_nested_branch_dag.py
[2024-12-13T08:26:47.992+0000] {processor.py:914} INFO - Processing file /opt/bitnami/airflow/venv/lib/python3.12/site-packages/airflow/example_dags/example_nested_branch_dag.py for tasks to queue
[2024-12-13T08:26:47.994+0000] {logging_mixin.py:190} INFO - [2024-12-13T08:26:47.994+0000] {dagbag.py:588} INFO - Filling up the DagBag from /opt/bitnami/airflow/venv/lib/python3.12/site-packages/airflow/example_dags/example_nested_branch_dag.py
[2024-12-13T08:26:48.002+0000] {processor.py:925} INFO - DAG(s) 'example_nested_branch_dag' retrieved from /opt/bitnami/airflow/venv/lib/python3.12/site-packages/airflow/example_dags/example_nested_branch_dag.py
[2024-12-13T08:26:48.085+0000] {logging_mixin.py:190} INFO - [2024-12-13T08:26:48.084+0000] {dag.py:3239} INFO - Sync 1 DAGs
[2024-12-13T08:26:48.109+0000] {logging_mixin.py:190} INFO - [2024-12-13T08:26:48.109+0000] {dag.py:4180} INFO - Setting next_dagrun for example_nested_branch_dag to 2024-12-12 00:00:00+00:00, run_after=2024-12-13 00:00:00+00:00
[2024-12-13T08:26:48.129+0000] {processor.py:208} INFO - Processing /opt/bitnami/airflow/venv/lib/python3.12/site-packages/airflow/example_dags/example_nested_branch_dag.py took 0.142 seconds
[2024-12-13T08:27:18.221+0000] {processor.py:186} INFO - Started process (PID=237) to work on /opt/bitnami/airflow/venv/lib/python3.12/site-packages/airflow/example_dags/example_nested_branch_dag.py
[2024-12-13T08:27:18.222+0000] {processor.py:914} INFO - Processing file /opt/bitnami/airflow/venv/lib/python3.12/site-packages/airflow/example_dags/example_nested_branch_dag.py for tasks to queue
[2024-12-13T08:27:18.224+0000] {logging_mixin.py:190} INFO - [2024-12-13T08:27:18.224+0000] {dagbag.py:588} INFO - Filling up the DagBag from /opt/bitnami/airflow/venv/lib/python3.12/site-packages/airflow/example_dags/example_nested_branch_dag.py
[2024-12-13T08:27:18.231+0000] {processor.py:925} INFO - DAG(s) 'example_nested_branch_dag' retrieved from /opt/bitnami/airflow/venv/lib/python3.12/site-packages/airflow/example_dags/example_nested_branch_dag.py
[2024-12-13T08:27:18.260+0000] {logging_mixin.py:190} INFO - [2024-12-13T08:27:18.260+0000] {dag.py:3239} INFO - Sync 1 DAGs
[2024-12-13T08:27:18.287+0000] {logging_mixin.py:190} INFO - [2024-12-13T08:27:18.287+0000] {dag.py:4180} INFO - Setting next_dagrun for example_nested_branch_dag to 2024-12-12 00:00:00+00:00, run_after=2024-12-13 00:00:00+00:00
[2024-12-13T08:27:18.307+0000] {processor.py:208} INFO - Processing /opt/bitnami/airflow/venv/lib/python3.12/site-packages/airflow/example_dags/example_nested_branch_dag.py took 0.090 seconds
[2024-12-13T10:42:38.837+0000] {processor.py:186} INFO - Started process (PID=66) to work on /opt/bitnami/airflow/venv/lib/python3.12/site-packages/airflow/example_dags/example_nested_branch_dag.py
[2024-12-13T10:42:38.839+0000] {processor.py:914} INFO - Processing file /opt/bitnami/airflow/venv/lib/python3.12/site-packages/airflow/example_dags/example_nested_branch_dag.py for tasks to queue
[2024-12-13T10:42:38.842+0000] {logging_mixin.py:190} INFO - [2024-12-13T10:42:38.842+0000] {dagbag.py:588} INFO - Filling up the DagBag from /opt/bitnami/airflow/venv/lib/python3.12/site-packages/airflow/example_dags/example_nested_branch_dag.py
[2024-12-13T10:42:38.852+0000] {processor.py:925} INFO - DAG(s) 'example_nested_branch_dag' retrieved from /opt/bitnami/airflow/venv/lib/python3.12/site-packages/airflow/example_dags/example_nested_branch_dag.py
[2024-12-13T10:42:39.010+0000] {logging_mixin.py:190} INFO - [2024-12-13T10:42:39.008+0000] {override.py:1900} INFO - Created Permission View: can read on DAG:example_nested_branch_dag
[2024-12-13T10:42:39.029+0000] {logging_mixin.py:190} INFO - [2024-12-13T10:42:39.029+0000] {override.py:1900} INFO - Created Permission View: can delete on DAG:example_nested_branch_dag
[2024-12-13T10:42:39.039+0000] {logging_mixin.py:190} INFO - [2024-12-13T10:42:39.039+0000] {override.py:1900} INFO - Created Permission View: can edit on DAG:example_nested_branch_dag
[2024-12-13T10:42:39.049+0000] {logging_mixin.py:190} INFO - [2024-12-13T10:42:39.049+0000] {override.py:1900} INFO - Created Permission View: can delete on DAG Run:example_nested_branch_dag
[2024-12-13T10:42:39.057+0000] {logging_mixin.py:190} INFO - [2024-12-13T10:42:39.057+0000] {override.py:1900} INFO - Created Permission View: can read on DAG Run:example_nested_branch_dag
[2024-12-13T10:42:39.065+0000] {logging_mixin.py:190} INFO - [2024-12-13T10:42:39.065+0000] {override.py:1900} INFO - Created Permission View: can create on DAG Run:example_nested_branch_dag
[2024-12-13T10:42:39.076+0000] {logging_mixin.py:190} INFO - [2024-12-13T10:42:39.076+0000] {override.py:1900} INFO - Created Permission View: menu access on DAG Run:example_nested_branch_dag
[2024-12-13T10:42:39.077+0000] {logging_mixin.py:190} INFO - [2024-12-13T10:42:39.077+0000] {dag.py:3239} INFO - Sync 1 DAGs
[2024-12-13T10:42:39.121+0000] {logging_mixin.py:190} INFO - [2024-12-13T10:42:39.121+0000] {dag.py:3262} INFO - Creating ORM DAG for example_nested_branch_dag
[2024-12-13T10:42:39.138+0000] {logging_mixin.py:190} INFO - [2024-12-13T10:42:39.138+0000] {dag.py:4180} INFO - Setting next_dagrun for example_nested_branch_dag to 2024-12-12 00:00:00+00:00, run_after=2024-12-13 00:00:00+00:00
[2024-12-13T10:42:39.187+0000] {processor.py:208} INFO - Processing /opt/bitnami/airflow/venv/lib/python3.12/site-packages/airflow/example_dags/example_nested_branch_dag.py took 0.356 seconds
[2024-12-13T10:43:09.321+0000] {processor.py:186} INFO - Started process (PID=123) to work on /opt/bitnami/airflow/venv/lib/python3.12/site-packages/airflow/example_dags/example_nested_branch_dag.py
[2024-12-13T10:43:09.322+0000] {processor.py:914} INFO - Processing file /opt/bitnami/airflow/venv/lib/python3.12/site-packages/airflow/example_dags/example_nested_branch_dag.py for tasks to queue
[2024-12-13T10:43:09.324+0000] {logging_mixin.py:190} INFO - [2024-12-13T10:43:09.324+0000] {dagbag.py:588} INFO - Filling up the DagBag from /opt/bitnami/airflow/venv/lib/python3.12/site-packages/airflow/example_dags/example_nested_branch_dag.py
[2024-12-13T10:43:09.332+0000] {processor.py:925} INFO - DAG(s) 'example_nested_branch_dag' retrieved from /opt/bitnami/airflow/venv/lib/python3.12/site-packages/airflow/example_dags/example_nested_branch_dag.py
[2024-12-13T10:43:09.399+0000] {logging_mixin.py:190} INFO - [2024-12-13T10:43:09.398+0000] {dag.py:3239} INFO - Sync 1 DAGs
[2024-12-13T10:43:09.456+0000] {logging_mixin.py:190} INFO - [2024-12-13T10:43:09.456+0000] {dag.py:4180} INFO - Setting next_dagrun for example_nested_branch_dag to 2024-12-12 00:00:00+00:00, run_after=2024-12-13 00:00:00+00:00
[2024-12-13T10:43:09.494+0000] {processor.py:208} INFO - Processing /opt/bitnami/airflow/venv/lib/python3.12/site-packages/airflow/example_dags/example_nested_branch_dag.py took 0.180 seconds
[2024-12-13T10:43:39.766+0000] {processor.py:186} INFO - Started process (PID=180) to work on /opt/bitnami/airflow/venv/lib/python3.12/site-packages/airflow/example_dags/example_nested_branch_dag.py
[2024-12-13T10:43:39.768+0000] {processor.py:914} INFO - Processing file /opt/bitnami/airflow/venv/lib/python3.12/site-packages/airflow/example_dags/example_nested_branch_dag.py for tasks to queue
[2024-12-13T10:43:39.770+0000] {logging_mixin.py:190} INFO - [2024-12-13T10:43:39.770+0000] {dagbag.py:588} INFO - Filling up the DagBag from /opt/bitnami/airflow/venv/lib/python3.12/site-packages/airflow/example_dags/example_nested_branch_dag.py
[2024-12-13T10:43:39.779+0000] {processor.py:925} INFO - DAG(s) 'example_nested_branch_dag' retrieved from /opt/bitnami/airflow/venv/lib/python3.12/site-packages/airflow/example_dags/example_nested_branch_dag.py
[2024-12-13T10:43:39.921+0000] {logging_mixin.py:190} INFO - [2024-12-13T10:43:39.921+0000] {dag.py:3239} INFO - Sync 1 DAGs
[2024-12-13T10:43:39.977+0000] {logging_mixin.py:190} INFO - [2024-12-13T10:43:39.977+0000] {dag.py:4180} INFO - Setting next_dagrun for example_nested_branch_dag to 2024-12-12 00:00:00+00:00, run_after=2024-12-13 00:00:00+00:00
[2024-12-13T10:43:40.020+0000] {processor.py:208} INFO - Processing /opt/bitnami/airflow/venv/lib/python3.12/site-packages/airflow/example_dags/example_nested_branch_dag.py took 0.259 seconds
[2024-12-13T10:44:10.913+0000] {processor.py:186} INFO - Started process (PID=237) to work on /opt/bitnami/airflow/venv/lib/python3.12/site-packages/airflow/example_dags/example_nested_branch_dag.py
[2024-12-13T10:44:10.915+0000] {processor.py:914} INFO - Processing file /opt/bitnami/airflow/venv/lib/python3.12/site-packages/airflow/example_dags/example_nested_branch_dag.py for tasks to queue
[2024-12-13T10:44:10.918+0000] {logging_mixin.py:190} INFO - [2024-12-13T10:44:10.918+0000] {dagbag.py:588} INFO - Filling up the DagBag from /opt/bitnami/airflow/venv/lib/python3.12/site-packages/airflow/example_dags/example_nested_branch_dag.py
[2024-12-13T10:44:10.927+0000] {processor.py:925} INFO - DAG(s) 'example_nested_branch_dag' retrieved from /opt/bitnami/airflow/venv/lib/python3.12/site-packages/airflow/example_dags/example_nested_branch_dag.py
[2024-12-13T10:44:10.997+0000] {logging_mixin.py:190} INFO - [2024-12-13T10:44:10.997+0000] {dag.py:3239} INFO - Sync 1 DAGs
[2024-12-13T10:44:11.041+0000] {logging_mixin.py:190} INFO - [2024-12-13T10:44:11.040+0000] {dag.py:4180} INFO - Setting next_dagrun for example_nested_branch_dag to 2024-12-12 00:00:00+00:00, run_after=2024-12-13 00:00:00+00:00
[2024-12-13T10:44:11.074+0000] {processor.py:208} INFO - Processing /opt/bitnami/airflow/venv/lib/python3.12/site-packages/airflow/example_dags/example_nested_branch_dag.py took 0.165 seconds
[2024-12-13T10:44:41.749+0000] {processor.py:186} INFO - Started process (PID=294) to work on /opt/bitnami/airflow/venv/lib/python3.12/site-packages/airflow/example_dags/example_nested_branch_dag.py
[2024-12-13T10:44:41.751+0000] {processor.py:914} INFO - Processing file /opt/bitnami/airflow/venv/lib/python3.12/site-packages/airflow/example_dags/example_nested_branch_dag.py for tasks to queue
[2024-12-13T10:44:41.754+0000] {logging_mixin.py:190} INFO - [2024-12-13T10:44:41.753+0000] {dagbag.py:588} INFO - Filling up the DagBag from /opt/bitnami/airflow/venv/lib/python3.12/site-packages/airflow/example_dags/example_nested_branch_dag.py
[2024-12-13T10:44:41.763+0000] {processor.py:925} INFO - DAG(s) 'example_nested_branch_dag' retrieved from /opt/bitnami/airflow/venv/lib/python3.12/site-packages/airflow/example_dags/example_nested_branch_dag.py
[2024-12-13T10:44:41.837+0000] {logging_mixin.py:190} INFO - [2024-12-13T10:44:41.836+0000] {dag.py:3239} INFO - Sync 1 DAGs
[2024-12-13T10:44:41.882+0000] {logging_mixin.py:190} INFO - [2024-12-13T10:44:41.882+0000] {dag.py:4180} INFO - Setting next_dagrun for example_nested_branch_dag to 2024-12-12 00:00:00+00:00, run_after=2024-12-13 00:00:00+00:00
[2024-12-13T10:44:41.921+0000] {processor.py:208} INFO - Processing /opt/bitnami/airflow/venv/lib/python3.12/site-packages/airflow/example_dags/example_nested_branch_dag.py took 0.178 seconds
[2024-12-13T10:52:10.886+0000] {processor.py:186} INFO - Started process (PID=66) to work on /opt/bitnami/airflow/venv/lib/python3.12/site-packages/airflow/example_dags/example_nested_branch_dag.py
[2024-12-13T10:52:10.887+0000] {processor.py:914} INFO - Processing file /opt/bitnami/airflow/venv/lib/python3.12/site-packages/airflow/example_dags/example_nested_branch_dag.py for tasks to queue
[2024-12-13T10:52:10.889+0000] {logging_mixin.py:190} INFO - [2024-12-13T10:52:10.889+0000] {dagbag.py:588} INFO - Filling up the DagBag from /opt/bitnami/airflow/venv/lib/python3.12/site-packages/airflow/example_dags/example_nested_branch_dag.py
[2024-12-13T10:52:10.898+0000] {processor.py:925} INFO - DAG(s) 'example_nested_branch_dag' retrieved from /opt/bitnami/airflow/venv/lib/python3.12/site-packages/airflow/example_dags/example_nested_branch_dag.py
[2024-12-13T10:52:10.987+0000] {logging_mixin.py:190} INFO - [2024-12-13T10:52:10.987+0000] {override.py:1900} INFO - Created Permission View: can read on DAG:example_nested_branch_dag
[2024-12-13T10:52:10.999+0000] {logging_mixin.py:190} INFO - [2024-12-13T10:52:10.999+0000] {override.py:1900} INFO - Created Permission View: can delete on DAG:example_nested_branch_dag
[2024-12-13T10:52:11.008+0000] {logging_mixin.py:190} INFO - [2024-12-13T10:52:11.008+0000] {override.py:1900} INFO - Created Permission View: can edit on DAG:example_nested_branch_dag
[2024-12-13T10:52:11.017+0000] {logging_mixin.py:190} INFO - [2024-12-13T10:52:11.016+0000] {override.py:1900} INFO - Created Permission View: menu access on DAG Run:example_nested_branch_dag
[2024-12-13T10:52:11.024+0000] {logging_mixin.py:190} INFO - [2024-12-13T10:52:11.023+0000] {override.py:1900} INFO - Created Permission View: can read on DAG Run:example_nested_branch_dag
[2024-12-13T10:52:11.032+0000] {logging_mixin.py:190} INFO - [2024-12-13T10:52:11.032+0000] {override.py:1900} INFO - Created Permission View: can delete on DAG Run:example_nested_branch_dag
[2024-12-13T10:52:11.040+0000] {logging_mixin.py:190} INFO - [2024-12-13T10:52:11.039+0000] {override.py:1900} INFO - Created Permission View: can create on DAG Run:example_nested_branch_dag
[2024-12-13T10:52:11.040+0000] {logging_mixin.py:190} INFO - [2024-12-13T10:52:11.040+0000] {dag.py:3239} INFO - Sync 1 DAGs
[2024-12-13T10:52:11.061+0000] {logging_mixin.py:190} INFO - [2024-12-13T10:52:11.061+0000] {dag.py:3262} INFO - Creating ORM DAG for example_nested_branch_dag
[2024-12-13T10:52:11.077+0000] {logging_mixin.py:190} INFO - [2024-12-13T10:52:11.077+0000] {dag.py:4180} INFO - Setting next_dagrun for example_nested_branch_dag to 2024-12-12 00:00:00+00:00, run_after=2024-12-13 00:00:00+00:00
[2024-12-13T10:52:11.100+0000] {processor.py:208} INFO - Processing /opt/bitnami/airflow/venv/lib/python3.12/site-packages/airflow/example_dags/example_nested_branch_dag.py took 0.219 seconds
[2024-12-13T10:52:41.775+0000] {processor.py:186} INFO - Started process (PID=123) to work on /opt/bitnami/airflow/venv/lib/python3.12/site-packages/airflow/example_dags/example_nested_branch_dag.py
[2024-12-13T10:52:41.776+0000] {processor.py:914} INFO - Processing file /opt/bitnami/airflow/venv/lib/python3.12/site-packages/airflow/example_dags/example_nested_branch_dag.py for tasks to queue
[2024-12-13T10:52:41.778+0000] {logging_mixin.py:190} INFO - [2024-12-13T10:52:41.778+0000] {dagbag.py:588} INFO - Filling up the DagBag from /opt/bitnami/airflow/venv/lib/python3.12/site-packages/airflow/example_dags/example_nested_branch_dag.py
[2024-12-13T10:52:41.785+0000] {processor.py:925} INFO - DAG(s) 'example_nested_branch_dag' retrieved from /opt/bitnami/airflow/venv/lib/python3.12/site-packages/airflow/example_dags/example_nested_branch_dag.py
[2024-12-13T10:52:41.825+0000] {logging_mixin.py:190} INFO - [2024-12-13T10:52:41.824+0000] {dag.py:3239} INFO - Sync 1 DAGs
[2024-12-13T10:52:41.864+0000] {logging_mixin.py:190} INFO - [2024-12-13T10:52:41.864+0000] {dag.py:4180} INFO - Setting next_dagrun for example_nested_branch_dag to 2024-12-12 00:00:00+00:00, run_after=2024-12-13 00:00:00+00:00
[2024-12-13T10:52:41.892+0000] {processor.py:208} INFO - Processing /opt/bitnami/airflow/venv/lib/python3.12/site-packages/airflow/example_dags/example_nested_branch_dag.py took 0.121 seconds
[2024-12-13T10:53:14.055+0000] {processor.py:186} INFO - Started process (PID=180) to work on /opt/bitnami/airflow/venv/lib/python3.12/site-packages/airflow/example_dags/example_nested_branch_dag.py
[2024-12-13T10:53:14.056+0000] {processor.py:914} INFO - Processing file /opt/bitnami/airflow/venv/lib/python3.12/site-packages/airflow/example_dags/example_nested_branch_dag.py for tasks to queue
[2024-12-13T10:53:14.058+0000] {logging_mixin.py:190} INFO - [2024-12-13T10:53:14.058+0000] {dagbag.py:588} INFO - Filling up the DagBag from /opt/bitnami/airflow/venv/lib/python3.12/site-packages/airflow/example_dags/example_nested_branch_dag.py
[2024-12-13T10:53:14.067+0000] {processor.py:925} INFO - DAG(s) 'example_nested_branch_dag' retrieved from /opt/bitnami/airflow/venv/lib/python3.12/site-packages/airflow/example_dags/example_nested_branch_dag.py
[2024-12-13T10:53:14.224+0000] {logging_mixin.py:190} INFO - [2024-12-13T10:53:14.223+0000] {dag.py:3239} INFO - Sync 1 DAGs
[2024-12-13T10:53:14.287+0000] {logging_mixin.py:190} INFO - [2024-12-13T10:53:14.287+0000] {dag.py:4180} INFO - Setting next_dagrun for example_nested_branch_dag to 2024-12-12 00:00:00+00:00, run_after=2024-12-13 00:00:00+00:00
[2024-12-13T10:53:14.348+0000] {processor.py:208} INFO - Processing /opt/bitnami/airflow/venv/lib/python3.12/site-packages/airflow/example_dags/example_nested_branch_dag.py took 0.298 seconds
[2024-12-13T10:53:44.599+0000] {processor.py:186} INFO - Started process (PID=237) to work on /opt/bitnami/airflow/venv/lib/python3.12/site-packages/airflow/example_dags/example_nested_branch_dag.py
[2024-12-13T10:53:44.600+0000] {processor.py:914} INFO - Processing file /opt/bitnami/airflow/venv/lib/python3.12/site-packages/airflow/example_dags/example_nested_branch_dag.py for tasks to queue
[2024-12-13T10:53:44.604+0000] {logging_mixin.py:190} INFO - [2024-12-13T10:53:44.603+0000] {dagbag.py:588} INFO - Filling up the DagBag from /opt/bitnami/airflow/venv/lib/python3.12/site-packages/airflow/example_dags/example_nested_branch_dag.py
[2024-12-13T10:53:44.614+0000] {processor.py:925} INFO - DAG(s) 'example_nested_branch_dag' retrieved from /opt/bitnami/airflow/venv/lib/python3.12/site-packages/airflow/example_dags/example_nested_branch_dag.py
[2024-12-13T10:53:44.703+0000] {logging_mixin.py:190} INFO - [2024-12-13T10:53:44.703+0000] {dag.py:3239} INFO - Sync 1 DAGs
[2024-12-13T10:53:44.766+0000] {logging_mixin.py:190} INFO - [2024-12-13T10:53:44.765+0000] {dag.py:4180} INFO - Setting next_dagrun for example_nested_branch_dag to 2024-12-12 00:00:00+00:00, run_after=2024-12-13 00:00:00+00:00
[2024-12-13T10:53:44.822+0000] {processor.py:208} INFO - Processing /opt/bitnami/airflow/venv/lib/python3.12/site-packages/airflow/example_dags/example_nested_branch_dag.py took 0.229 seconds
[2024-12-13T10:54:15.727+0000] {processor.py:186} INFO - Started process (PID=294) to work on /opt/bitnami/airflow/venv/lib/python3.12/site-packages/airflow/example_dags/example_nested_branch_dag.py
[2024-12-13T10:54:15.728+0000] {processor.py:914} INFO - Processing file /opt/bitnami/airflow/venv/lib/python3.12/site-packages/airflow/example_dags/example_nested_branch_dag.py for tasks to queue
[2024-12-13T10:54:15.731+0000] {logging_mixin.py:190} INFO - [2024-12-13T10:54:15.730+0000] {dagbag.py:588} INFO - Filling up the DagBag from /opt/bitnami/airflow/venv/lib/python3.12/site-packages/airflow/example_dags/example_nested_branch_dag.py
[2024-12-13T10:54:15.738+0000] {processor.py:925} INFO - DAG(s) 'example_nested_branch_dag' retrieved from /opt/bitnami/airflow/venv/lib/python3.12/site-packages/airflow/example_dags/example_nested_branch_dag.py
[2024-12-13T10:54:15.783+0000] {logging_mixin.py:190} INFO - [2024-12-13T10:54:15.782+0000] {dag.py:3239} INFO - Sync 1 DAGs
[2024-12-13T10:54:15.808+0000] {logging_mixin.py:190} INFO - [2024-12-13T10:54:15.807+0000] {dag.py:4180} INFO - Setting next_dagrun for example_nested_branch_dag to 2024-12-12 00:00:00+00:00, run_after=2024-12-13 00:00:00+00:00
[2024-12-13T10:54:15.825+0000] {processor.py:208} INFO - Processing /opt/bitnami/airflow/venv/lib/python3.12/site-packages/airflow/example_dags/example_nested_branch_dag.py took 0.102 seconds
[2024-12-13T10:54:46.047+0000] {processor.py:186} INFO - Started process (PID=351) to work on /opt/bitnami/airflow/venv/lib/python3.12/site-packages/airflow/example_dags/example_nested_branch_dag.py
[2024-12-13T10:54:46.049+0000] {processor.py:914} INFO - Processing file /opt/bitnami/airflow/venv/lib/python3.12/site-packages/airflow/example_dags/example_nested_branch_dag.py for tasks to queue
[2024-12-13T10:54:46.052+0000] {logging_mixin.py:190} INFO - [2024-12-13T10:54:46.051+0000] {dagbag.py:588} INFO - Filling up the DagBag from /opt/bitnami/airflow/venv/lib/python3.12/site-packages/airflow/example_dags/example_nested_branch_dag.py
[2024-12-13T10:54:46.062+0000] {processor.py:925} INFO - DAG(s) 'example_nested_branch_dag' retrieved from /opt/bitnami/airflow/venv/lib/python3.12/site-packages/airflow/example_dags/example_nested_branch_dag.py
[2024-12-13T10:54:46.118+0000] {logging_mixin.py:190} INFO - [2024-12-13T10:54:46.117+0000] {dag.py:3239} INFO - Sync 1 DAGs
[2024-12-13T10:54:46.177+0000] {logging_mixin.py:190} INFO - [2024-12-13T10:54:46.177+0000] {dag.py:4180} INFO - Setting next_dagrun for example_nested_branch_dag to 2024-12-12 00:00:00+00:00, run_after=2024-12-13 00:00:00+00:00
[2024-12-13T10:54:46.230+0000] {processor.py:208} INFO - Processing /opt/bitnami/airflow/venv/lib/python3.12/site-packages/airflow/example_dags/example_nested_branch_dag.py took 0.192 seconds
[2024-12-13T10:55:16.852+0000] {processor.py:186} INFO - Started process (PID=408) to work on /opt/bitnami/airflow/venv/lib/python3.12/site-packages/airflow/example_dags/example_nested_branch_dag.py
[2024-12-13T10:55:16.854+0000] {processor.py:914} INFO - Processing file /opt/bitnami/airflow/venv/lib/python3.12/site-packages/airflow/example_dags/example_nested_branch_dag.py for tasks to queue
[2024-12-13T10:55:16.856+0000] {logging_mixin.py:190} INFO - [2024-12-13T10:55:16.856+0000] {dagbag.py:588} INFO - Filling up the DagBag from /opt/bitnami/airflow/venv/lib/python3.12/site-packages/airflow/example_dags/example_nested_branch_dag.py
[2024-12-13T10:55:16.866+0000] {processor.py:925} INFO - DAG(s) 'example_nested_branch_dag' retrieved from /opt/bitnami/airflow/venv/lib/python3.12/site-packages/airflow/example_dags/example_nested_branch_dag.py
[2024-12-13T10:55:16.963+0000] {logging_mixin.py:190} INFO - [2024-12-13T10:55:16.963+0000] {dag.py:3239} INFO - Sync 1 DAGs
[2024-12-13T10:55:17.005+0000] {logging_mixin.py:190} INFO - [2024-12-13T10:55:17.005+0000] {dag.py:4180} INFO - Setting next_dagrun for example_nested_branch_dag to 2024-12-12 00:00:00+00:00, run_after=2024-12-13 00:00:00+00:00
[2024-12-13T10:55:17.045+0000] {processor.py:208} INFO - Processing /opt/bitnami/airflow/venv/lib/python3.12/site-packages/airflow/example_dags/example_nested_branch_dag.py took 0.197 seconds
[2024-12-13T10:55:47.431+0000] {processor.py:186} INFO - Started process (PID=465) to work on /opt/bitnami/airflow/venv/lib/python3.12/site-packages/airflow/example_dags/example_nested_branch_dag.py
[2024-12-13T10:55:47.432+0000] {processor.py:914} INFO - Processing file /opt/bitnami/airflow/venv/lib/python3.12/site-packages/airflow/example_dags/example_nested_branch_dag.py for tasks to queue
[2024-12-13T10:55:47.434+0000] {logging_mixin.py:190} INFO - [2024-12-13T10:55:47.434+0000] {dagbag.py:588} INFO - Filling up the DagBag from /opt/bitnami/airflow/venv/lib/python3.12/site-packages/airflow/example_dags/example_nested_branch_dag.py
[2024-12-13T10:55:47.442+0000] {processor.py:925} INFO - DAG(s) 'example_nested_branch_dag' retrieved from /opt/bitnami/airflow/venv/lib/python3.12/site-packages/airflow/example_dags/example_nested_branch_dag.py
[2024-12-13T10:55:47.519+0000] {logging_mixin.py:190} INFO - [2024-12-13T10:55:47.519+0000] {dag.py:3239} INFO - Sync 1 DAGs
[2024-12-13T10:55:47.572+0000] {logging_mixin.py:190} INFO - [2024-12-13T10:55:47.572+0000] {dag.py:4180} INFO - Setting next_dagrun for example_nested_branch_dag to 2024-12-12 00:00:00+00:00, run_after=2024-12-13 00:00:00+00:00
[2024-12-13T10:55:47.623+0000] {processor.py:208} INFO - Processing /opt/bitnami/airflow/venv/lib/python3.12/site-packages/airflow/example_dags/example_nested_branch_dag.py took 0.197 seconds
[2024-12-13T10:56:17.706+0000] {processor.py:186} INFO - Started process (PID=522) to work on /opt/bitnami/airflow/venv/lib/python3.12/site-packages/airflow/example_dags/example_nested_branch_dag.py
[2024-12-13T10:56:17.708+0000] {processor.py:914} INFO - Processing file /opt/bitnami/airflow/venv/lib/python3.12/site-packages/airflow/example_dags/example_nested_branch_dag.py for tasks to queue
[2024-12-13T10:56:17.710+0000] {logging_mixin.py:190} INFO - [2024-12-13T10:56:17.710+0000] {dagbag.py:588} INFO - Filling up the DagBag from /opt/bitnami/airflow/venv/lib/python3.12/site-packages/airflow/example_dags/example_nested_branch_dag.py
[2024-12-13T10:56:17.717+0000] {processor.py:925} INFO - DAG(s) 'example_nested_branch_dag' retrieved from /opt/bitnami/airflow/venv/lib/python3.12/site-packages/airflow/example_dags/example_nested_branch_dag.py
[2024-12-13T10:56:17.823+0000] {logging_mixin.py:190} INFO - [2024-12-13T10:56:17.822+0000] {dag.py:3239} INFO - Sync 1 DAGs
[2024-12-13T10:56:17.890+0000] {logging_mixin.py:190} INFO - [2024-12-13T10:56:17.890+0000] {dag.py:4180} INFO - Setting next_dagrun for example_nested_branch_dag to 2024-12-12 00:00:00+00:00, run_after=2024-12-13 00:00:00+00:00
[2024-12-13T10:56:17.948+0000] {processor.py:208} INFO - Processing /opt/bitnami/airflow/venv/lib/python3.12/site-packages/airflow/example_dags/example_nested_branch_dag.py took 0.246 seconds
[2024-12-13T10:56:48.725+0000] {processor.py:186} INFO - Started process (PID=579) to work on /opt/bitnami/airflow/venv/lib/python3.12/site-packages/airflow/example_dags/example_nested_branch_dag.py
[2024-12-13T10:56:48.726+0000] {processor.py:914} INFO - Processing file /opt/bitnami/airflow/venv/lib/python3.12/site-packages/airflow/example_dags/example_nested_branch_dag.py for tasks to queue
[2024-12-13T10:56:48.728+0000] {logging_mixin.py:190} INFO - [2024-12-13T10:56:48.728+0000] {dagbag.py:588} INFO - Filling up the DagBag from /opt/bitnami/airflow/venv/lib/python3.12/site-packages/airflow/example_dags/example_nested_branch_dag.py
[2024-12-13T10:56:48.735+0000] {processor.py:925} INFO - DAG(s) 'example_nested_branch_dag' retrieved from /opt/bitnami/airflow/venv/lib/python3.12/site-packages/airflow/example_dags/example_nested_branch_dag.py
[2024-12-13T10:56:48.784+0000] {logging_mixin.py:190} INFO - [2024-12-13T10:56:48.784+0000] {dag.py:3239} INFO - Sync 1 DAGs
[2024-12-13T10:56:48.826+0000] {logging_mixin.py:190} INFO - [2024-12-13T10:56:48.826+0000] {dag.py:4180} INFO - Setting next_dagrun for example_nested_branch_dag to 2024-12-12 00:00:00+00:00, run_after=2024-12-13 00:00:00+00:00
[2024-12-13T10:56:48.859+0000] {processor.py:208} INFO - Processing /opt/bitnami/airflow/venv/lib/python3.12/site-packages/airflow/example_dags/example_nested_branch_dag.py took 0.139 seconds
[2024-12-13T10:57:19.203+0000] {processor.py:186} INFO - Started process (PID=636) to work on /opt/bitnami/airflow/venv/lib/python3.12/site-packages/airflow/example_dags/example_nested_branch_dag.py
[2024-12-13T10:57:19.204+0000] {processor.py:914} INFO - Processing file /opt/bitnami/airflow/venv/lib/python3.12/site-packages/airflow/example_dags/example_nested_branch_dag.py for tasks to queue
[2024-12-13T10:57:19.206+0000] {logging_mixin.py:190} INFO - [2024-12-13T10:57:19.206+0000] {dagbag.py:588} INFO - Filling up the DagBag from /opt/bitnami/airflow/venv/lib/python3.12/site-packages/airflow/example_dags/example_nested_branch_dag.py
[2024-12-13T10:57:19.213+0000] {processor.py:925} INFO - DAG(s) 'example_nested_branch_dag' retrieved from /opt/bitnami/airflow/venv/lib/python3.12/site-packages/airflow/example_dags/example_nested_branch_dag.py
[2024-12-13T10:57:19.269+0000] {logging_mixin.py:190} INFO - [2024-12-13T10:57:19.268+0000] {dag.py:3239} INFO - Sync 1 DAGs
[2024-12-13T10:57:19.307+0000] {logging_mixin.py:190} INFO - [2024-12-13T10:57:19.307+0000] {dag.py:4180} INFO - Setting next_dagrun for example_nested_branch_dag to 2024-12-12 00:00:00+00:00, run_after=2024-12-13 00:00:00+00:00
[2024-12-13T10:57:19.341+0000] {processor.py:208} INFO - Processing /opt/bitnami/airflow/venv/lib/python3.12/site-packages/airflow/example_dags/example_nested_branch_dag.py took 0.143 seconds
[2024-12-13T10:57:50.161+0000] {processor.py:186} INFO - Started process (PID=693) to work on /opt/bitnami/airflow/venv/lib/python3.12/site-packages/airflow/example_dags/example_nested_branch_dag.py
[2024-12-13T10:57:50.162+0000] {processor.py:914} INFO - Processing file /opt/bitnami/airflow/venv/lib/python3.12/site-packages/airflow/example_dags/example_nested_branch_dag.py for tasks to queue
[2024-12-13T10:57:50.164+0000] {logging_mixin.py:190} INFO - [2024-12-13T10:57:50.164+0000] {dagbag.py:588} INFO - Filling up the DagBag from /opt/bitnami/airflow/venv/lib/python3.12/site-packages/airflow/example_dags/example_nested_branch_dag.py
[2024-12-13T10:57:50.171+0000] {processor.py:925} INFO - DAG(s) 'example_nested_branch_dag' retrieved from /opt/bitnami/airflow/venv/lib/python3.12/site-packages/airflow/example_dags/example_nested_branch_dag.py
[2024-12-13T10:57:50.207+0000] {logging_mixin.py:190} INFO - [2024-12-13T10:57:50.207+0000] {dag.py:3239} INFO - Sync 1 DAGs
[2024-12-13T10:57:50.240+0000] {logging_mixin.py:190} INFO - [2024-12-13T10:57:50.240+0000] {dag.py:4180} INFO - Setting next_dagrun for example_nested_branch_dag to 2024-12-12 00:00:00+00:00, run_after=2024-12-13 00:00:00+00:00
[2024-12-13T10:57:50.258+0000] {processor.py:208} INFO - Processing /opt/bitnami/airflow/venv/lib/python3.12/site-packages/airflow/example_dags/example_nested_branch_dag.py took 0.102 seconds
[2024-12-13T10:58:20.701+0000] {processor.py:186} INFO - Started process (PID=750) to work on /opt/bitnami/airflow/venv/lib/python3.12/site-packages/airflow/example_dags/example_nested_branch_dag.py
[2024-12-13T10:58:20.703+0000] {processor.py:914} INFO - Processing file /opt/bitnami/airflow/venv/lib/python3.12/site-packages/airflow/example_dags/example_nested_branch_dag.py for tasks to queue
[2024-12-13T10:58:20.706+0000] {logging_mixin.py:190} INFO - [2024-12-13T10:58:20.705+0000] {dagbag.py:588} INFO - Filling up the DagBag from /opt/bitnami/airflow/venv/lib/python3.12/site-packages/airflow/example_dags/example_nested_branch_dag.py
[2024-12-13T10:58:20.716+0000] {processor.py:925} INFO - DAG(s) 'example_nested_branch_dag' retrieved from /opt/bitnami/airflow/venv/lib/python3.12/site-packages/airflow/example_dags/example_nested_branch_dag.py
[2024-12-13T10:58:20.818+0000] {logging_mixin.py:190} INFO - [2024-12-13T10:58:20.818+0000] {dag.py:3239} INFO - Sync 1 DAGs
[2024-12-13T10:58:20.875+0000] {logging_mixin.py:190} INFO - [2024-12-13T10:58:20.874+0000] {dag.py:4180} INFO - Setting next_dagrun for example_nested_branch_dag to 2024-12-12 00:00:00+00:00, run_after=2024-12-13 00:00:00+00:00
[2024-12-13T10:58:20.924+0000] {processor.py:208} INFO - Processing /opt/bitnami/airflow/venv/lib/python3.12/site-packages/airflow/example_dags/example_nested_branch_dag.py took 0.230 seconds
[2024-12-13T10:58:51.079+0000] {processor.py:186} INFO - Started process (PID=807) to work on /opt/bitnami/airflow/venv/lib/python3.12/site-packages/airflow/example_dags/example_nested_branch_dag.py
[2024-12-13T10:58:51.080+0000] {processor.py:914} INFO - Processing file /opt/bitnami/airflow/venv/lib/python3.12/site-packages/airflow/example_dags/example_nested_branch_dag.py for tasks to queue
[2024-12-13T10:58:51.082+0000] {logging_mixin.py:190} INFO - [2024-12-13T10:58:51.082+0000] {dagbag.py:588} INFO - Filling up the DagBag from /opt/bitnami/airflow/venv/lib/python3.12/site-packages/airflow/example_dags/example_nested_branch_dag.py
[2024-12-13T10:58:51.090+0000] {processor.py:925} INFO - DAG(s) 'example_nested_branch_dag' retrieved from /opt/bitnami/airflow/venv/lib/python3.12/site-packages/airflow/example_dags/example_nested_branch_dag.py
[2024-12-13T10:58:51.157+0000] {logging_mixin.py:190} INFO - [2024-12-13T10:58:51.156+0000] {dag.py:3239} INFO - Sync 1 DAGs
[2024-12-13T10:58:51.201+0000] {logging_mixin.py:190} INFO - [2024-12-13T10:58:51.200+0000] {dag.py:4180} INFO - Setting next_dagrun for example_nested_branch_dag to 2024-12-12 00:00:00+00:00, run_after=2024-12-13 00:00:00+00:00
[2024-12-13T10:58:51.232+0000] {processor.py:208} INFO - Processing /opt/bitnami/airflow/venv/lib/python3.12/site-packages/airflow/example_dags/example_nested_branch_dag.py took 0.157 seconds
[2024-12-13T11:07:31.007+0000] {processor.py:186} INFO - Started process (PID=66) to work on /opt/bitnami/airflow/venv/lib/python3.12/site-packages/airflow/example_dags/example_nested_branch_dag.py
[2024-12-13T11:07:31.008+0000] {processor.py:914} INFO - Processing file /opt/bitnami/airflow/venv/lib/python3.12/site-packages/airflow/example_dags/example_nested_branch_dag.py for tasks to queue
[2024-12-13T11:07:31.012+0000] {logging_mixin.py:190} INFO - [2024-12-13T11:07:31.011+0000] {dagbag.py:588} INFO - Filling up the DagBag from /opt/bitnami/airflow/venv/lib/python3.12/site-packages/airflow/example_dags/example_nested_branch_dag.py
[2024-12-13T11:07:31.024+0000] {processor.py:925} INFO - DAG(s) 'example_nested_branch_dag' retrieved from /opt/bitnami/airflow/venv/lib/python3.12/site-packages/airflow/example_dags/example_nested_branch_dag.py
[2024-12-13T11:07:31.078+0000] {logging_mixin.py:190} INFO - [2024-12-13T11:07:31.078+0000] {dag.py:3239} INFO - Sync 1 DAGs
[2024-12-13T11:07:31.108+0000] {logging_mixin.py:190} INFO - [2024-12-13T11:07:31.108+0000] {dag.py:4180} INFO - Setting next_dagrun for example_nested_branch_dag to 2024-12-12 00:00:00+00:00, run_after=2024-12-13 00:00:00+00:00
[2024-12-13T11:07:31.132+0000] {processor.py:208} INFO - Processing /opt/bitnami/airflow/venv/lib/python3.12/site-packages/airflow/example_dags/example_nested_branch_dag.py took 0.130 seconds
[2024-12-13T11:08:01.475+0000] {processor.py:186} INFO - Started process (PID=123) to work on /opt/bitnami/airflow/venv/lib/python3.12/site-packages/airflow/example_dags/example_nested_branch_dag.py
[2024-12-13T11:08:01.476+0000] {processor.py:914} INFO - Processing file /opt/bitnami/airflow/venv/lib/python3.12/site-packages/airflow/example_dags/example_nested_branch_dag.py for tasks to queue
[2024-12-13T11:08:01.478+0000] {logging_mixin.py:190} INFO - [2024-12-13T11:08:01.478+0000] {dagbag.py:588} INFO - Filling up the DagBag from /opt/bitnami/airflow/venv/lib/python3.12/site-packages/airflow/example_dags/example_nested_branch_dag.py
[2024-12-13T11:08:01.486+0000] {processor.py:925} INFO - DAG(s) 'example_nested_branch_dag' retrieved from /opt/bitnami/airflow/venv/lib/python3.12/site-packages/airflow/example_dags/example_nested_branch_dag.py
[2024-12-13T11:08:01.529+0000] {logging_mixin.py:190} INFO - [2024-12-13T11:08:01.528+0000] {dag.py:3239} INFO - Sync 1 DAGs
[2024-12-13T11:08:01.571+0000] {logging_mixin.py:190} INFO - [2024-12-13T11:08:01.571+0000] {dag.py:4180} INFO - Setting next_dagrun for example_nested_branch_dag to 2024-12-12 00:00:00+00:00, run_after=2024-12-13 00:00:00+00:00
[2024-12-13T11:08:01.603+0000] {processor.py:208} INFO - Processing /opt/bitnami/airflow/venv/lib/python3.12/site-packages/airflow/example_dags/example_nested_branch_dag.py took 0.132 seconds
[2024-12-13T11:08:33.422+0000] {processor.py:186} INFO - Started process (PID=180) to work on /opt/bitnami/airflow/venv/lib/python3.12/site-packages/airflow/example_dags/example_nested_branch_dag.py
[2024-12-13T11:08:33.424+0000] {processor.py:914} INFO - Processing file /opt/bitnami/airflow/venv/lib/python3.12/site-packages/airflow/example_dags/example_nested_branch_dag.py for tasks to queue
[2024-12-13T11:08:33.427+0000] {logging_mixin.py:190} INFO - [2024-12-13T11:08:33.426+0000] {dagbag.py:588} INFO - Filling up the DagBag from /opt/bitnami/airflow/venv/lib/python3.12/site-packages/airflow/example_dags/example_nested_branch_dag.py
[2024-12-13T11:08:33.439+0000] {processor.py:925} INFO - DAG(s) 'example_nested_branch_dag' retrieved from /opt/bitnami/airflow/venv/lib/python3.12/site-packages/airflow/example_dags/example_nested_branch_dag.py
[2024-12-13T11:08:33.599+0000] {logging_mixin.py:190} INFO - [2024-12-13T11:08:33.598+0000] {dag.py:3239} INFO - Sync 1 DAGs
[2024-12-13T11:08:33.648+0000] {logging_mixin.py:190} INFO - [2024-12-13T11:08:33.647+0000] {dag.py:4180} INFO - Setting next_dagrun for example_nested_branch_dag to 2024-12-12 00:00:00+00:00, run_after=2024-12-13 00:00:00+00:00
[2024-12-13T11:08:33.689+0000] {processor.py:208} INFO - Processing /opt/bitnami/airflow/venv/lib/python3.12/site-packages/airflow/example_dags/example_nested_branch_dag.py took 0.273 seconds
[2024-12-13T11:09:04.423+0000] {processor.py:186} INFO - Started process (PID=237) to work on /opt/bitnami/airflow/venv/lib/python3.12/site-packages/airflow/example_dags/example_nested_branch_dag.py
[2024-12-13T11:09:04.424+0000] {processor.py:914} INFO - Processing file /opt/bitnami/airflow/venv/lib/python3.12/site-packages/airflow/example_dags/example_nested_branch_dag.py for tasks to queue
[2024-12-13T11:09:04.428+0000] {logging_mixin.py:190} INFO - [2024-12-13T11:09:04.427+0000] {dagbag.py:588} INFO - Filling up the DagBag from /opt/bitnami/airflow/venv/lib/python3.12/site-packages/airflow/example_dags/example_nested_branch_dag.py
[2024-12-13T11:09:04.438+0000] {processor.py:925} INFO - DAG(s) 'example_nested_branch_dag' retrieved from /opt/bitnami/airflow/venv/lib/python3.12/site-packages/airflow/example_dags/example_nested_branch_dag.py
[2024-12-13T11:09:04.508+0000] {logging_mixin.py:190} INFO - [2024-12-13T11:09:04.507+0000] {dag.py:3239} INFO - Sync 1 DAGs
[2024-12-13T11:09:04.568+0000] {logging_mixin.py:190} INFO - [2024-12-13T11:09:04.568+0000] {dag.py:4180} INFO - Setting next_dagrun for example_nested_branch_dag to 2024-12-12 00:00:00+00:00, run_after=2024-12-13 00:00:00+00:00
[2024-12-13T11:09:04.615+0000] {processor.py:208} INFO - Processing /opt/bitnami/airflow/venv/lib/python3.12/site-packages/airflow/example_dags/example_nested_branch_dag.py took 0.199 seconds
[2024-12-13T11:13:43.544+0000] {processor.py:186} INFO - Started process (PID=66) to work on /opt/bitnami/airflow/venv/lib/python3.12/site-packages/airflow/example_dags/example_nested_branch_dag.py
[2024-12-13T11:13:43.545+0000] {processor.py:914} INFO - Processing file /opt/bitnami/airflow/venv/lib/python3.12/site-packages/airflow/example_dags/example_nested_branch_dag.py for tasks to queue
[2024-12-13T11:13:43.547+0000] {logging_mixin.py:190} INFO - [2024-12-13T11:13:43.547+0000] {dagbag.py:588} INFO - Filling up the DagBag from /opt/bitnami/airflow/venv/lib/python3.12/site-packages/airflow/example_dags/example_nested_branch_dag.py
[2024-12-13T11:13:43.557+0000] {processor.py:925} INFO - DAG(s) 'example_nested_branch_dag' retrieved from /opt/bitnami/airflow/venv/lib/python3.12/site-packages/airflow/example_dags/example_nested_branch_dag.py
[2024-12-13T11:13:43.609+0000] {logging_mixin.py:190} INFO - [2024-12-13T11:13:43.608+0000] {dag.py:3239} INFO - Sync 1 DAGs
[2024-12-13T11:13:43.643+0000] {logging_mixin.py:190} INFO - [2024-12-13T11:13:43.642+0000] {dag.py:4180} INFO - Setting next_dagrun for example_nested_branch_dag to 2024-12-12 00:00:00+00:00, run_after=2024-12-13 00:00:00+00:00
[2024-12-13T11:13:43.670+0000] {processor.py:208} INFO - Processing /opt/bitnami/airflow/venv/lib/python3.12/site-packages/airflow/example_dags/example_nested_branch_dag.py took 0.134 seconds
[2024-12-13T11:14:14.197+0000] {processor.py:186} INFO - Started process (PID=123) to work on /opt/bitnami/airflow/venv/lib/python3.12/site-packages/airflow/example_dags/example_nested_branch_dag.py
[2024-12-13T11:14:14.199+0000] {processor.py:914} INFO - Processing file /opt/bitnami/airflow/venv/lib/python3.12/site-packages/airflow/example_dags/example_nested_branch_dag.py for tasks to queue
[2024-12-13T11:14:14.201+0000] {logging_mixin.py:190} INFO - [2024-12-13T11:14:14.201+0000] {dagbag.py:588} INFO - Filling up the DagBag from /opt/bitnami/airflow/venv/lib/python3.12/site-packages/airflow/example_dags/example_nested_branch_dag.py
[2024-12-13T11:14:14.210+0000] {processor.py:925} INFO - DAG(s) 'example_nested_branch_dag' retrieved from /opt/bitnami/airflow/venv/lib/python3.12/site-packages/airflow/example_dags/example_nested_branch_dag.py
[2024-12-13T11:14:14.268+0000] {logging_mixin.py:190} INFO - [2024-12-13T11:14:14.267+0000] {dag.py:3239} INFO - Sync 1 DAGs
[2024-12-13T11:14:14.300+0000] {logging_mixin.py:190} INFO - [2024-12-13T11:14:14.300+0000] {dag.py:4180} INFO - Setting next_dagrun for example_nested_branch_dag to 2024-12-12 00:00:00+00:00, run_after=2024-12-13 00:00:00+00:00
[2024-12-13T11:14:14.326+0000] {processor.py:208} INFO - Processing /opt/bitnami/airflow/venv/lib/python3.12/site-packages/airflow/example_dags/example_nested_branch_dag.py took 0.134 seconds
[2024-12-13T11:14:46.470+0000] {processor.py:186} INFO - Started process (PID=180) to work on /opt/bitnami/airflow/venv/lib/python3.12/site-packages/airflow/example_dags/example_nested_branch_dag.py
[2024-12-13T11:14:46.471+0000] {processor.py:914} INFO - Processing file /opt/bitnami/airflow/venv/lib/python3.12/site-packages/airflow/example_dags/example_nested_branch_dag.py for tasks to queue
[2024-12-13T11:14:46.476+0000] {logging_mixin.py:190} INFO - [2024-12-13T11:14:46.476+0000] {dagbag.py:588} INFO - Filling up the DagBag from /opt/bitnami/airflow/venv/lib/python3.12/site-packages/airflow/example_dags/example_nested_branch_dag.py
[2024-12-13T11:14:46.490+0000] {processor.py:925} INFO - DAG(s) 'example_nested_branch_dag' retrieved from /opt/bitnami/airflow/venv/lib/python3.12/site-packages/airflow/example_dags/example_nested_branch_dag.py
[2024-12-13T11:14:46.678+0000] {logging_mixin.py:190} INFO - [2024-12-13T11:14:46.678+0000] {dag.py:3239} INFO - Sync 1 DAGs
[2024-12-13T11:14:46.734+0000] {logging_mixin.py:190} INFO - [2024-12-13T11:14:46.734+0000] {dag.py:4180} INFO - Setting next_dagrun for example_nested_branch_dag to 2024-12-12 00:00:00+00:00, run_after=2024-12-13 00:00:00+00:00
[2024-12-13T11:14:46.785+0000] {processor.py:208} INFO - Processing /opt/bitnami/airflow/venv/lib/python3.12/site-packages/airflow/example_dags/example_nested_branch_dag.py took 0.324 seconds
[2024-12-13T11:15:17.303+0000] {processor.py:186} INFO - Started process (PID=237) to work on /opt/bitnami/airflow/venv/lib/python3.12/site-packages/airflow/example_dags/example_nested_branch_dag.py
[2024-12-13T11:15:17.306+0000] {processor.py:914} INFO - Processing file /opt/bitnami/airflow/venv/lib/python3.12/site-packages/airflow/example_dags/example_nested_branch_dag.py for tasks to queue
[2024-12-13T11:15:17.310+0000] {logging_mixin.py:190} INFO - [2024-12-13T11:15:17.309+0000] {dagbag.py:588} INFO - Filling up the DagBag from /opt/bitnami/airflow/venv/lib/python3.12/site-packages/airflow/example_dags/example_nested_branch_dag.py
[2024-12-13T11:15:17.323+0000] {processor.py:925} INFO - DAG(s) 'example_nested_branch_dag' retrieved from /opt/bitnami/airflow/venv/lib/python3.12/site-packages/airflow/example_dags/example_nested_branch_dag.py
[2024-12-13T11:15:17.416+0000] {logging_mixin.py:190} INFO - [2024-12-13T11:15:17.416+0000] {dag.py:3239} INFO - Sync 1 DAGs
[2024-12-13T11:15:17.472+0000] {logging_mixin.py:190} INFO - [2024-12-13T11:15:17.472+0000] {dag.py:4180} INFO - Setting next_dagrun for example_nested_branch_dag to 2024-12-12 00:00:00+00:00, run_after=2024-12-13 00:00:00+00:00
[2024-12-13T11:15:17.516+0000] {processor.py:208} INFO - Processing /opt/bitnami/airflow/venv/lib/python3.12/site-packages/airflow/example_dags/example_nested_branch_dag.py took 0.221 seconds
[2024-12-13T11:57:08.432+0000] {processor.py:186} INFO - Started process (PID=66) to work on /opt/bitnami/airflow/venv/lib/python3.12/site-packages/airflow/example_dags/example_nested_branch_dag.py
[2024-12-13T11:57:08.434+0000] {processor.py:914} INFO - Processing file /opt/bitnami/airflow/venv/lib/python3.12/site-packages/airflow/example_dags/example_nested_branch_dag.py for tasks to queue
[2024-12-13T11:57:08.436+0000] {logging_mixin.py:190} INFO - [2024-12-13T11:57:08.435+0000] {dagbag.py:588} INFO - Filling up the DagBag from /opt/bitnami/airflow/venv/lib/python3.12/site-packages/airflow/example_dags/example_nested_branch_dag.py
[2024-12-13T11:57:08.443+0000] {processor.py:925} INFO - DAG(s) 'example_nested_branch_dag' retrieved from /opt/bitnami/airflow/venv/lib/python3.12/site-packages/airflow/example_dags/example_nested_branch_dag.py
[2024-12-13T11:57:08.473+0000] {logging_mixin.py:190} INFO - [2024-12-13T11:57:08.473+0000] {dag.py:3239} INFO - Sync 1 DAGs
[2024-12-13T11:57:08.498+0000] {logging_mixin.py:190} INFO - [2024-12-13T11:57:08.498+0000] {dag.py:4180} INFO - Setting next_dagrun for example_nested_branch_dag to 2024-12-12 00:00:00+00:00, run_after=2024-12-13 00:00:00+00:00
[2024-12-13T11:57:08.515+0000] {processor.py:208} INFO - Processing /opt/bitnami/airflow/venv/lib/python3.12/site-packages/airflow/example_dags/example_nested_branch_dag.py took 0.087 seconds
[2024-12-13T11:57:39.641+0000] {processor.py:186} INFO - Started process (PID=123) to work on /opt/bitnami/airflow/venv/lib/python3.12/site-packages/airflow/example_dags/example_nested_branch_dag.py
[2024-12-13T11:57:39.644+0000] {processor.py:914} INFO - Processing file /opt/bitnami/airflow/venv/lib/python3.12/site-packages/airflow/example_dags/example_nested_branch_dag.py for tasks to queue
[2024-12-13T11:57:39.646+0000] {logging_mixin.py:190} INFO - [2024-12-13T11:57:39.646+0000] {dagbag.py:588} INFO - Filling up the DagBag from /opt/bitnami/airflow/venv/lib/python3.12/site-packages/airflow/example_dags/example_nested_branch_dag.py
[2024-12-13T11:57:39.660+0000] {processor.py:925} INFO - DAG(s) 'example_nested_branch_dag' retrieved from /opt/bitnami/airflow/venv/lib/python3.12/site-packages/airflow/example_dags/example_nested_branch_dag.py
[2024-12-13T11:57:39.704+0000] {logging_mixin.py:190} INFO - [2024-12-13T11:57:39.704+0000] {dag.py:3239} INFO - Sync 1 DAGs
[2024-12-13T11:57:39.741+0000] {logging_mixin.py:190} INFO - [2024-12-13T11:57:39.741+0000] {dag.py:4180} INFO - Setting next_dagrun for example_nested_branch_dag to 2024-12-12 00:00:00+00:00, run_after=2024-12-13 00:00:00+00:00
[2024-12-13T11:57:39.767+0000] {processor.py:208} INFO - Processing /opt/bitnami/airflow/venv/lib/python3.12/site-packages/airflow/example_dags/example_nested_branch_dag.py took 0.132 seconds
[2024-12-13T11:58:33.928+0000] {processor.py:186} INFO - Started process (PID=66) to work on /opt/bitnami/airflow/venv/lib/python3.12/site-packages/airflow/example_dags/example_nested_branch_dag.py
[2024-12-13T11:58:33.929+0000] {processor.py:914} INFO - Processing file /opt/bitnami/airflow/venv/lib/python3.12/site-packages/airflow/example_dags/example_nested_branch_dag.py for tasks to queue
[2024-12-13T11:58:33.932+0000] {logging_mixin.py:190} INFO - [2024-12-13T11:58:33.931+0000] {dagbag.py:588} INFO - Filling up the DagBag from /opt/bitnami/airflow/venv/lib/python3.12/site-packages/airflow/example_dags/example_nested_branch_dag.py
[2024-12-13T11:58:33.940+0000] {processor.py:925} INFO - DAG(s) 'example_nested_branch_dag' retrieved from /opt/bitnami/airflow/venv/lib/python3.12/site-packages/airflow/example_dags/example_nested_branch_dag.py
[2024-12-13T11:58:33.975+0000] {logging_mixin.py:190} INFO - [2024-12-13T11:58:33.974+0000] {dag.py:3239} INFO - Sync 1 DAGs
[2024-12-13T11:58:34.011+0000] {logging_mixin.py:190} INFO - [2024-12-13T11:58:34.010+0000] {dag.py:4180} INFO - Setting next_dagrun for example_nested_branch_dag to 2024-12-12 00:00:00+00:00, run_after=2024-12-13 00:00:00+00:00
[2024-12-13T11:58:34.042+0000] {processor.py:208} INFO - Processing /opt/bitnami/airflow/venv/lib/python3.12/site-packages/airflow/example_dags/example_nested_branch_dag.py took 0.118 seconds
[2024-12-13T11:59:05.256+0000] {processor.py:186} INFO - Started process (PID=123) to work on /opt/bitnami/airflow/venv/lib/python3.12/site-packages/airflow/example_dags/example_nested_branch_dag.py
[2024-12-13T11:59:05.257+0000] {processor.py:914} INFO - Processing file /opt/bitnami/airflow/venv/lib/python3.12/site-packages/airflow/example_dags/example_nested_branch_dag.py for tasks to queue
[2024-12-13T11:59:05.259+0000] {logging_mixin.py:190} INFO - [2024-12-13T11:59:05.259+0000] {dagbag.py:588} INFO - Filling up the DagBag from /opt/bitnami/airflow/venv/lib/python3.12/site-packages/airflow/example_dags/example_nested_branch_dag.py
[2024-12-13T11:59:05.267+0000] {processor.py:925} INFO - DAG(s) 'example_nested_branch_dag' retrieved from /opt/bitnami/airflow/venv/lib/python3.12/site-packages/airflow/example_dags/example_nested_branch_dag.py
[2024-12-13T11:59:05.301+0000] {logging_mixin.py:190} INFO - [2024-12-13T11:59:05.300+0000] {dag.py:3239} INFO - Sync 1 DAGs
[2024-12-13T11:59:05.333+0000] {logging_mixin.py:190} INFO - [2024-12-13T11:59:05.333+0000] {dag.py:4180} INFO - Setting next_dagrun for example_nested_branch_dag to 2024-12-12 00:00:00+00:00, run_after=2024-12-13 00:00:00+00:00
[2024-12-13T11:59:05.356+0000] {processor.py:208} INFO - Processing /opt/bitnami/airflow/venv/lib/python3.12/site-packages/airflow/example_dags/example_nested_branch_dag.py took 0.106 seconds
[2024-12-13T11:59:35.706+0000] {processor.py:186} INFO - Started process (PID=180) to work on /opt/bitnami/airflow/venv/lib/python3.12/site-packages/airflow/example_dags/example_nested_branch_dag.py
[2024-12-13T11:59:35.707+0000] {processor.py:914} INFO - Processing file /opt/bitnami/airflow/venv/lib/python3.12/site-packages/airflow/example_dags/example_nested_branch_dag.py for tasks to queue
[2024-12-13T11:59:35.709+0000] {logging_mixin.py:190} INFO - [2024-12-13T11:59:35.708+0000] {dagbag.py:588} INFO - Filling up the DagBag from /opt/bitnami/airflow/venv/lib/python3.12/site-packages/airflow/example_dags/example_nested_branch_dag.py
[2024-12-13T11:59:35.716+0000] {processor.py:925} INFO - DAG(s) 'example_nested_branch_dag' retrieved from /opt/bitnami/airflow/venv/lib/python3.12/site-packages/airflow/example_dags/example_nested_branch_dag.py
[2024-12-13T11:59:35.795+0000] {logging_mixin.py:190} INFO - [2024-12-13T11:59:35.794+0000] {dag.py:3239} INFO - Sync 1 DAGs
[2024-12-13T11:59:35.819+0000] {logging_mixin.py:190} INFO - [2024-12-13T11:59:35.819+0000] {dag.py:4180} INFO - Setting next_dagrun for example_nested_branch_dag to 2024-12-12 00:00:00+00:00, run_after=2024-12-13 00:00:00+00:00
[2024-12-13T11:59:35.841+0000] {processor.py:208} INFO - Processing /opt/bitnami/airflow/venv/lib/python3.12/site-packages/airflow/example_dags/example_nested_branch_dag.py took 0.140 seconds
[2024-12-13T12:00:06.260+0000] {processor.py:186} INFO - Started process (PID=237) to work on /opt/bitnami/airflow/venv/lib/python3.12/site-packages/airflow/example_dags/example_nested_branch_dag.py
[2024-12-13T12:00:06.261+0000] {processor.py:914} INFO - Processing file /opt/bitnami/airflow/venv/lib/python3.12/site-packages/airflow/example_dags/example_nested_branch_dag.py for tasks to queue
[2024-12-13T12:00:06.263+0000] {logging_mixin.py:190} INFO - [2024-12-13T12:00:06.262+0000] {dagbag.py:588} INFO - Filling up the DagBag from /opt/bitnami/airflow/venv/lib/python3.12/site-packages/airflow/example_dags/example_nested_branch_dag.py
[2024-12-13T12:00:06.270+0000] {processor.py:925} INFO - DAG(s) 'example_nested_branch_dag' retrieved from /opt/bitnami/airflow/venv/lib/python3.12/site-packages/airflow/example_dags/example_nested_branch_dag.py
[2024-12-13T12:00:06.300+0000] {logging_mixin.py:190} INFO - [2024-12-13T12:00:06.299+0000] {dag.py:3239} INFO - Sync 1 DAGs
[2024-12-13T12:00:06.328+0000] {logging_mixin.py:190} INFO - [2024-12-13T12:00:06.327+0000] {dag.py:4180} INFO - Setting next_dagrun for example_nested_branch_dag to 2024-12-12 00:00:00+00:00, run_after=2024-12-13 00:00:00+00:00
[2024-12-13T12:00:06.348+0000] {processor.py:208} INFO - Processing /opt/bitnami/airflow/venv/lib/python3.12/site-packages/airflow/example_dags/example_nested_branch_dag.py took 0.092 seconds
[2024-12-13T12:00:36.379+0000] {processor.py:186} INFO - Started process (PID=294) to work on /opt/bitnami/airflow/venv/lib/python3.12/site-packages/airflow/example_dags/example_nested_branch_dag.py
[2024-12-13T12:00:36.380+0000] {processor.py:914} INFO - Processing file /opt/bitnami/airflow/venv/lib/python3.12/site-packages/airflow/example_dags/example_nested_branch_dag.py for tasks to queue
[2024-12-13T12:00:36.381+0000] {logging_mixin.py:190} INFO - [2024-12-13T12:00:36.381+0000] {dagbag.py:588} INFO - Filling up the DagBag from /opt/bitnami/airflow/venv/lib/python3.12/site-packages/airflow/example_dags/example_nested_branch_dag.py
[2024-12-13T12:00:36.389+0000] {processor.py:925} INFO - DAG(s) 'example_nested_branch_dag' retrieved from /opt/bitnami/airflow/venv/lib/python3.12/site-packages/airflow/example_dags/example_nested_branch_dag.py
[2024-12-13T12:00:36.418+0000] {logging_mixin.py:190} INFO - [2024-12-13T12:00:36.418+0000] {dag.py:3239} INFO - Sync 1 DAGs
[2024-12-13T12:00:36.445+0000] {logging_mixin.py:190} INFO - [2024-12-13T12:00:36.444+0000] {dag.py:4180} INFO - Setting next_dagrun for example_nested_branch_dag to 2024-12-12 00:00:00+00:00, run_after=2024-12-13 00:00:00+00:00
[2024-12-13T12:00:36.465+0000] {processor.py:208} INFO - Processing /opt/bitnami/airflow/venv/lib/python3.12/site-packages/airflow/example_dags/example_nested_branch_dag.py took 0.091 seconds
[2024-12-13T12:01:07.217+0000] {processor.py:186} INFO - Started process (PID=351) to work on /opt/bitnami/airflow/venv/lib/python3.12/site-packages/airflow/example_dags/example_nested_branch_dag.py
[2024-12-13T12:01:07.218+0000] {processor.py:914} INFO - Processing file /opt/bitnami/airflow/venv/lib/python3.12/site-packages/airflow/example_dags/example_nested_branch_dag.py for tasks to queue
[2024-12-13T12:01:07.220+0000] {logging_mixin.py:190} INFO - [2024-12-13T12:01:07.220+0000] {dagbag.py:588} INFO - Filling up the DagBag from /opt/bitnami/airflow/venv/lib/python3.12/site-packages/airflow/example_dags/example_nested_branch_dag.py
[2024-12-13T12:01:07.228+0000] {processor.py:925} INFO - DAG(s) 'example_nested_branch_dag' retrieved from /opt/bitnami/airflow/venv/lib/python3.12/site-packages/airflow/example_dags/example_nested_branch_dag.py
[2024-12-13T12:01:07.264+0000] {logging_mixin.py:190} INFO - [2024-12-13T12:01:07.263+0000] {dag.py:3239} INFO - Sync 1 DAGs
[2024-12-13T12:01:07.292+0000] {logging_mixin.py:190} INFO - [2024-12-13T12:01:07.291+0000] {dag.py:4180} INFO - Setting next_dagrun for example_nested_branch_dag to 2024-12-12 00:00:00+00:00, run_after=2024-12-13 00:00:00+00:00
[2024-12-13T12:01:07.312+0000] {processor.py:208} INFO - Processing /opt/bitnami/airflow/venv/lib/python3.12/site-packages/airflow/example_dags/example_nested_branch_dag.py took 0.099 seconds
[2024-12-13T12:01:37.954+0000] {processor.py:186} INFO - Started process (PID=408) to work on /opt/bitnami/airflow/venv/lib/python3.12/site-packages/airflow/example_dags/example_nested_branch_dag.py
[2024-12-13T12:01:37.955+0000] {processor.py:914} INFO - Processing file /opt/bitnami/airflow/venv/lib/python3.12/site-packages/airflow/example_dags/example_nested_branch_dag.py for tasks to queue
[2024-12-13T12:01:37.957+0000] {logging_mixin.py:190} INFO - [2024-12-13T12:01:37.957+0000] {dagbag.py:588} INFO - Filling up the DagBag from /opt/bitnami/airflow/venv/lib/python3.12/site-packages/airflow/example_dags/example_nested_branch_dag.py
[2024-12-13T12:01:37.968+0000] {processor.py:925} INFO - DAG(s) 'example_nested_branch_dag' retrieved from /opt/bitnami/airflow/venv/lib/python3.12/site-packages/airflow/example_dags/example_nested_branch_dag.py
[2024-12-13T12:01:38.010+0000] {logging_mixin.py:190} INFO - [2024-12-13T12:01:38.009+0000] {dag.py:3239} INFO - Sync 1 DAGs
[2024-12-13T12:01:38.039+0000] {logging_mixin.py:190} INFO - [2024-12-13T12:01:38.038+0000] {dag.py:4180} INFO - Setting next_dagrun for example_nested_branch_dag to 2024-12-12 00:00:00+00:00, run_after=2024-12-13 00:00:00+00:00
[2024-12-13T12:01:38.061+0000] {processor.py:208} INFO - Processing /opt/bitnami/airflow/venv/lib/python3.12/site-packages/airflow/example_dags/example_nested_branch_dag.py took 0.112 seconds
[2024-12-13T12:02:09.380+0000] {processor.py:186} INFO - Started process (PID=465) to work on /opt/bitnami/airflow/venv/lib/python3.12/site-packages/airflow/example_dags/example_nested_branch_dag.py
[2024-12-13T12:02:09.383+0000] {processor.py:914} INFO - Processing file /opt/bitnami/airflow/venv/lib/python3.12/site-packages/airflow/example_dags/example_nested_branch_dag.py for tasks to queue
[2024-12-13T12:02:09.386+0000] {logging_mixin.py:190} INFO - [2024-12-13T12:02:09.386+0000] {dagbag.py:588} INFO - Filling up the DagBag from /opt/bitnami/airflow/venv/lib/python3.12/site-packages/airflow/example_dags/example_nested_branch_dag.py
[2024-12-13T12:02:09.400+0000] {processor.py:925} INFO - DAG(s) 'example_nested_branch_dag' retrieved from /opt/bitnami/airflow/venv/lib/python3.12/site-packages/airflow/example_dags/example_nested_branch_dag.py
[2024-12-13T12:02:09.458+0000] {logging_mixin.py:190} INFO - [2024-12-13T12:02:09.457+0000] {dag.py:3239} INFO - Sync 1 DAGs
[2024-12-13T12:02:09.507+0000] {logging_mixin.py:190} INFO - [2024-12-13T12:02:09.506+0000] {dag.py:4180} INFO - Setting next_dagrun for example_nested_branch_dag to 2024-12-12 00:00:00+00:00, run_after=2024-12-13 00:00:00+00:00
[2024-12-13T12:02:09.574+0000] {processor.py:208} INFO - Processing /opt/bitnami/airflow/venv/lib/python3.12/site-packages/airflow/example_dags/example_nested_branch_dag.py took 0.201 seconds
