[2024-12-13T08:19:43.088+0000] {processor.py:186} INFO - Started process (PID=48) to work on /opt/bitnami/airflow/venv/lib/python3.12/site-packages/airflow/example_dags/example_workday_timetable.py
[2024-12-13T08:19:43.089+0000] {processor.py:914} INFO - Processing file /opt/bitnami/airflow/venv/lib/python3.12/site-packages/airflow/example_dags/example_workday_timetable.py for tasks to queue
[2024-12-13T08:19:43.093+0000] {logging_mixin.py:190} INFO - [2024-12-13T08:19:43.093+0000] {dagbag.py:588} INFO - Filling up the DagBag from /opt/bitnami/airflow/venv/lib/python3.12/site-packages/airflow/example_dags/example_workday_timetable.py
[2024-12-13T08:19:43.096+0000] {processor.py:925} INFO - DAG(s) 'example_workday_timetable' retrieved from /opt/bitnami/airflow/venv/lib/python3.12/site-packages/airflow/example_dags/example_workday_timetable.py
[2024-12-13T08:19:43.141+0000] {logging_mixin.py:190} INFO - [2024-12-13T08:19:43.140+0000] {dag.py:3239} INFO - Sync 1 DAGs
[2024-12-13T08:19:43.208+0000] {logging_mixin.py:190} INFO - [2024-12-13T08:19:43.208+0000] {dag.py:4180} INFO - Setting next_dagrun for example_workday_timetable to 2021-01-04 00:00:00+00:00, run_after=2021-01-05 00:00:00+00:00
[2024-12-13T08:19:43.229+0000] {processor.py:208} INFO - Processing /opt/bitnami/airflow/venv/lib/python3.12/site-packages/airflow/example_dags/example_workday_timetable.py took 0.146 seconds
[2024-12-13T08:20:13.815+0000] {processor.py:186} INFO - Started process (PID=105) to work on /opt/bitnami/airflow/venv/lib/python3.12/site-packages/airflow/example_dags/example_workday_timetable.py
[2024-12-13T08:20:13.816+0000] {processor.py:914} INFO - Processing file /opt/bitnami/airflow/venv/lib/python3.12/site-packages/airflow/example_dags/example_workday_timetable.py for tasks to queue
[2024-12-13T08:20:13.818+0000] {logging_mixin.py:190} INFO - [2024-12-13T08:20:13.818+0000] {dagbag.py:588} INFO - Filling up the DagBag from /opt/bitnami/airflow/venv/lib/python3.12/site-packages/airflow/example_dags/example_workday_timetable.py
[2024-12-13T08:20:13.821+0000] {processor.py:925} INFO - DAG(s) 'example_workday_timetable' retrieved from /opt/bitnami/airflow/venv/lib/python3.12/site-packages/airflow/example_dags/example_workday_timetable.py
[2024-12-13T08:20:13.849+0000] {logging_mixin.py:190} INFO - [2024-12-13T08:20:13.848+0000] {dag.py:3239} INFO - Sync 1 DAGs
[2024-12-13T08:20:13.902+0000] {logging_mixin.py:190} INFO - [2024-12-13T08:20:13.902+0000] {dag.py:4180} INFO - Setting next_dagrun for example_workday_timetable to 2021-01-04 00:00:00+00:00, run_after=2021-01-05 00:00:00+00:00
[2024-12-13T08:20:13.920+0000] {processor.py:208} INFO - Processing /opt/bitnami/airflow/venv/lib/python3.12/site-packages/airflow/example_dags/example_workday_timetable.py took 0.109 seconds
[2024-12-13T08:20:44.010+0000] {processor.py:186} INFO - Started process (PID=162) to work on /opt/bitnami/airflow/venv/lib/python3.12/site-packages/airflow/example_dags/example_workday_timetable.py
[2024-12-13T08:20:44.012+0000] {processor.py:914} INFO - Processing file /opt/bitnami/airflow/venv/lib/python3.12/site-packages/airflow/example_dags/example_workday_timetable.py for tasks to queue
[2024-12-13T08:20:44.020+0000] {logging_mixin.py:190} INFO - [2024-12-13T08:20:44.019+0000] {dagbag.py:588} INFO - Filling up the DagBag from /opt/bitnami/airflow/venv/lib/python3.12/site-packages/airflow/example_dags/example_workday_timetable.py
[2024-12-13T08:20:44.024+0000] {processor.py:925} INFO - DAG(s) 'example_workday_timetable' retrieved from /opt/bitnami/airflow/venv/lib/python3.12/site-packages/airflow/example_dags/example_workday_timetable.py
[2024-12-13T08:20:44.065+0000] {logging_mixin.py:190} INFO - [2024-12-13T08:20:44.065+0000] {dag.py:3239} INFO - Sync 1 DAGs
[2024-12-13T08:20:44.126+0000] {logging_mixin.py:190} INFO - [2024-12-13T08:20:44.125+0000] {dag.py:4180} INFO - Setting next_dagrun for example_workday_timetable to 2021-01-04 00:00:00+00:00, run_after=2021-01-05 00:00:00+00:00
[2024-12-13T08:20:44.154+0000] {processor.py:208} INFO - Processing /opt/bitnami/airflow/venv/lib/python3.12/site-packages/airflow/example_dags/example_workday_timetable.py took 0.153 seconds
[2024-12-13T08:21:14.494+0000] {processor.py:186} INFO - Started process (PID=219) to work on /opt/bitnami/airflow/venv/lib/python3.12/site-packages/airflow/example_dags/example_workday_timetable.py
[2024-12-13T08:21:14.496+0000] {processor.py:914} INFO - Processing file /opt/bitnami/airflow/venv/lib/python3.12/site-packages/airflow/example_dags/example_workday_timetable.py for tasks to queue
[2024-12-13T08:21:14.498+0000] {logging_mixin.py:190} INFO - [2024-12-13T08:21:14.498+0000] {dagbag.py:588} INFO - Filling up the DagBag from /opt/bitnami/airflow/venv/lib/python3.12/site-packages/airflow/example_dags/example_workday_timetable.py
[2024-12-13T08:21:14.503+0000] {processor.py:925} INFO - DAG(s) 'example_workday_timetable' retrieved from /opt/bitnami/airflow/venv/lib/python3.12/site-packages/airflow/example_dags/example_workday_timetable.py
[2024-12-13T08:21:14.594+0000] {logging_mixin.py:190} INFO - [2024-12-13T08:21:14.592+0000] {dag.py:3239} INFO - Sync 1 DAGs
[2024-12-13T08:21:14.663+0000] {logging_mixin.py:190} INFO - [2024-12-13T08:21:14.662+0000] {dag.py:4180} INFO - Setting next_dagrun for example_workday_timetable to 2021-01-04 00:00:00+00:00, run_after=2021-01-05 00:00:00+00:00
[2024-12-13T08:21:14.696+0000] {processor.py:208} INFO - Processing /opt/bitnami/airflow/venv/lib/python3.12/site-packages/airflow/example_dags/example_workday_timetable.py took 0.207 seconds
[2024-12-13T08:21:45.718+0000] {processor.py:186} INFO - Started process (PID=276) to work on /opt/bitnami/airflow/venv/lib/python3.12/site-packages/airflow/example_dags/example_workday_timetable.py
[2024-12-13T08:21:45.719+0000] {processor.py:914} INFO - Processing file /opt/bitnami/airflow/venv/lib/python3.12/site-packages/airflow/example_dags/example_workday_timetable.py for tasks to queue
[2024-12-13T08:21:45.724+0000] {logging_mixin.py:190} INFO - [2024-12-13T08:21:45.723+0000] {dagbag.py:588} INFO - Filling up the DagBag from /opt/bitnami/airflow/venv/lib/python3.12/site-packages/airflow/example_dags/example_workday_timetable.py
[2024-12-13T08:21:45.727+0000] {processor.py:925} INFO - DAG(s) 'example_workday_timetable' retrieved from /opt/bitnami/airflow/venv/lib/python3.12/site-packages/airflow/example_dags/example_workday_timetable.py
[2024-12-13T08:21:45.769+0000] {logging_mixin.py:190} INFO - [2024-12-13T08:21:45.768+0000] {dag.py:3239} INFO - Sync 1 DAGs
[2024-12-13T08:21:45.851+0000] {logging_mixin.py:190} INFO - [2024-12-13T08:21:45.851+0000] {dag.py:4180} INFO - Setting next_dagrun for example_workday_timetable to 2021-01-04 00:00:00+00:00, run_after=2021-01-05 00:00:00+00:00
[2024-12-13T08:21:45.881+0000] {processor.py:208} INFO - Processing /opt/bitnami/airflow/venv/lib/python3.12/site-packages/airflow/example_dags/example_workday_timetable.py took 0.169 seconds
[2024-12-13T08:22:16.611+0000] {processor.py:186} INFO - Started process (PID=333) to work on /opt/bitnami/airflow/venv/lib/python3.12/site-packages/airflow/example_dags/example_workday_timetable.py
[2024-12-13T08:22:16.612+0000] {processor.py:914} INFO - Processing file /opt/bitnami/airflow/venv/lib/python3.12/site-packages/airflow/example_dags/example_workday_timetable.py for tasks to queue
[2024-12-13T08:22:16.614+0000] {logging_mixin.py:190} INFO - [2024-12-13T08:22:16.614+0000] {dagbag.py:588} INFO - Filling up the DagBag from /opt/bitnami/airflow/venv/lib/python3.12/site-packages/airflow/example_dags/example_workday_timetable.py
[2024-12-13T08:22:16.618+0000] {processor.py:925} INFO - DAG(s) 'example_workday_timetable' retrieved from /opt/bitnami/airflow/venv/lib/python3.12/site-packages/airflow/example_dags/example_workday_timetable.py
[2024-12-13T08:22:16.650+0000] {logging_mixin.py:190} INFO - [2024-12-13T08:22:16.650+0000] {dag.py:3239} INFO - Sync 1 DAGs
[2024-12-13T08:22:16.709+0000] {logging_mixin.py:190} INFO - [2024-12-13T08:22:16.708+0000] {dag.py:4180} INFO - Setting next_dagrun for example_workday_timetable to 2021-01-04 00:00:00+00:00, run_after=2021-01-05 00:00:00+00:00
[2024-12-13T08:22:16.736+0000] {processor.py:208} INFO - Processing /opt/bitnami/airflow/venv/lib/python3.12/site-packages/airflow/example_dags/example_workday_timetable.py took 0.130 seconds
[2024-12-13T08:22:47.577+0000] {processor.py:186} INFO - Started process (PID=390) to work on /opt/bitnami/airflow/venv/lib/python3.12/site-packages/airflow/example_dags/example_workday_timetable.py
[2024-12-13T08:22:47.577+0000] {processor.py:914} INFO - Processing file /opt/bitnami/airflow/venv/lib/python3.12/site-packages/airflow/example_dags/example_workday_timetable.py for tasks to queue
[2024-12-13T08:22:47.579+0000] {logging_mixin.py:190} INFO - [2024-12-13T08:22:47.579+0000] {dagbag.py:588} INFO - Filling up the DagBag from /opt/bitnami/airflow/venv/lib/python3.12/site-packages/airflow/example_dags/example_workday_timetable.py
[2024-12-13T08:22:47.582+0000] {processor.py:925} INFO - DAG(s) 'example_workday_timetable' retrieved from /opt/bitnami/airflow/venv/lib/python3.12/site-packages/airflow/example_dags/example_workday_timetable.py
[2024-12-13T08:22:47.612+0000] {logging_mixin.py:190} INFO - [2024-12-13T08:22:47.611+0000] {dag.py:3239} INFO - Sync 1 DAGs
[2024-12-13T08:22:47.661+0000] {logging_mixin.py:190} INFO - [2024-12-13T08:22:47.661+0000] {dag.py:4180} INFO - Setting next_dagrun for example_workday_timetable to 2021-01-04 00:00:00+00:00, run_after=2021-01-05 00:00:00+00:00
[2024-12-13T08:22:47.679+0000] {processor.py:208} INFO - Processing /opt/bitnami/airflow/venv/lib/python3.12/site-packages/airflow/example_dags/example_workday_timetable.py took 0.107 seconds
[2024-12-13T08:25:44.262+0000] {processor.py:186} INFO - Started process (PID=48) to work on /opt/bitnami/airflow/venv/lib/python3.12/site-packages/airflow/example_dags/example_workday_timetable.py
[2024-12-13T08:25:44.263+0000] {processor.py:914} INFO - Processing file /opt/bitnami/airflow/venv/lib/python3.12/site-packages/airflow/example_dags/example_workday_timetable.py for tasks to queue
[2024-12-13T08:25:44.266+0000] {logging_mixin.py:190} INFO - [2024-12-13T08:25:44.266+0000] {dagbag.py:588} INFO - Filling up the DagBag from /opt/bitnami/airflow/venv/lib/python3.12/site-packages/airflow/example_dags/example_workday_timetable.py
[2024-12-13T08:25:44.269+0000] {processor.py:925} INFO - DAG(s) 'example_workday_timetable' retrieved from /opt/bitnami/airflow/venv/lib/python3.12/site-packages/airflow/example_dags/example_workday_timetable.py
[2024-12-13T08:25:44.310+0000] {logging_mixin.py:190} INFO - [2024-12-13T08:25:44.310+0000] {dag.py:3239} INFO - Sync 1 DAGs
[2024-12-13T08:25:44.372+0000] {logging_mixin.py:190} INFO - [2024-12-13T08:25:44.372+0000] {dag.py:4180} INFO - Setting next_dagrun for example_workday_timetable to 2021-01-04 00:00:00+00:00, run_after=2021-01-05 00:00:00+00:00
[2024-12-13T08:25:44.396+0000] {processor.py:208} INFO - Processing /opt/bitnami/airflow/venv/lib/python3.12/site-packages/airflow/example_dags/example_workday_timetable.py took 0.138 seconds
[2024-12-13T08:26:15.018+0000] {processor.py:186} INFO - Started process (PID=105) to work on /opt/bitnami/airflow/venv/lib/python3.12/site-packages/airflow/example_dags/example_workday_timetable.py
[2024-12-13T08:26:15.018+0000] {processor.py:914} INFO - Processing file /opt/bitnami/airflow/venv/lib/python3.12/site-packages/airflow/example_dags/example_workday_timetable.py for tasks to queue
[2024-12-13T08:26:15.020+0000] {logging_mixin.py:190} INFO - [2024-12-13T08:26:15.020+0000] {dagbag.py:588} INFO - Filling up the DagBag from /opt/bitnami/airflow/venv/lib/python3.12/site-packages/airflow/example_dags/example_workday_timetable.py
[2024-12-13T08:26:15.023+0000] {processor.py:925} INFO - DAG(s) 'example_workday_timetable' retrieved from /opt/bitnami/airflow/venv/lib/python3.12/site-packages/airflow/example_dags/example_workday_timetable.py
[2024-12-13T08:26:15.059+0000] {logging_mixin.py:190} INFO - [2024-12-13T08:26:15.059+0000] {dag.py:3239} INFO - Sync 1 DAGs
[2024-12-13T08:26:15.121+0000] {logging_mixin.py:190} INFO - [2024-12-13T08:26:15.121+0000] {dag.py:4180} INFO - Setting next_dagrun for example_workday_timetable to 2021-01-04 00:00:00+00:00, run_after=2021-01-05 00:00:00+00:00
[2024-12-13T08:26:15.142+0000] {processor.py:208} INFO - Processing /opt/bitnami/airflow/venv/lib/python3.12/site-packages/airflow/example_dags/example_workday_timetable.py took 0.128 seconds
[2024-12-13T08:26:45.941+0000] {processor.py:186} INFO - Started process (PID=162) to work on /opt/bitnami/airflow/venv/lib/python3.12/site-packages/airflow/example_dags/example_workday_timetable.py
[2024-12-13T08:26:45.943+0000] {processor.py:914} INFO - Processing file /opt/bitnami/airflow/venv/lib/python3.12/site-packages/airflow/example_dags/example_workday_timetable.py for tasks to queue
[2024-12-13T08:26:45.945+0000] {logging_mixin.py:190} INFO - [2024-12-13T08:26:45.945+0000] {dagbag.py:588} INFO - Filling up the DagBag from /opt/bitnami/airflow/venv/lib/python3.12/site-packages/airflow/example_dags/example_workday_timetable.py
[2024-12-13T08:26:45.948+0000] {processor.py:925} INFO - DAG(s) 'example_workday_timetable' retrieved from /opt/bitnami/airflow/venv/lib/python3.12/site-packages/airflow/example_dags/example_workday_timetable.py
[2024-12-13T08:26:46.027+0000] {logging_mixin.py:190} INFO - [2024-12-13T08:26:46.026+0000] {dag.py:3239} INFO - Sync 1 DAGs
[2024-12-13T08:26:46.083+0000] {logging_mixin.py:190} INFO - [2024-12-13T08:26:46.083+0000] {dag.py:4180} INFO - Setting next_dagrun for example_workday_timetable to 2021-01-04 00:00:00+00:00, run_after=2021-01-05 00:00:00+00:00
[2024-12-13T08:26:46.110+0000] {processor.py:208} INFO - Processing /opt/bitnami/airflow/venv/lib/python3.12/site-packages/airflow/example_dags/example_workday_timetable.py took 0.173 seconds
[2024-12-13T08:27:16.146+0000] {processor.py:186} INFO - Started process (PID=219) to work on /opt/bitnami/airflow/venv/lib/python3.12/site-packages/airflow/example_dags/example_workday_timetable.py
[2024-12-13T08:27:16.147+0000] {processor.py:914} INFO - Processing file /opt/bitnami/airflow/venv/lib/python3.12/site-packages/airflow/example_dags/example_workday_timetable.py for tasks to queue
[2024-12-13T08:27:16.149+0000] {logging_mixin.py:190} INFO - [2024-12-13T08:27:16.148+0000] {dagbag.py:588} INFO - Filling up the DagBag from /opt/bitnami/airflow/venv/lib/python3.12/site-packages/airflow/example_dags/example_workday_timetable.py
[2024-12-13T08:27:16.152+0000] {processor.py:925} INFO - DAG(s) 'example_workday_timetable' retrieved from /opt/bitnami/airflow/venv/lib/python3.12/site-packages/airflow/example_dags/example_workday_timetable.py
[2024-12-13T08:27:16.176+0000] {logging_mixin.py:190} INFO - [2024-12-13T08:27:16.176+0000] {dag.py:3239} INFO - Sync 1 DAGs
[2024-12-13T08:27:16.221+0000] {logging_mixin.py:190} INFO - [2024-12-13T08:27:16.221+0000] {dag.py:4180} INFO - Setting next_dagrun for example_workday_timetable to 2021-01-04 00:00:00+00:00, run_after=2021-01-05 00:00:00+00:00
[2024-12-13T08:27:16.239+0000] {processor.py:208} INFO - Processing /opt/bitnami/airflow/venv/lib/python3.12/site-packages/airflow/example_dags/example_workday_timetable.py took 0.097 seconds
[2024-12-13T10:42:34.585+0000] {processor.py:186} INFO - Started process (PID=48) to work on /opt/bitnami/airflow/venv/lib/python3.12/site-packages/airflow/example_dags/example_workday_timetable.py
[2024-12-13T10:42:34.586+0000] {processor.py:914} INFO - Processing file /opt/bitnami/airflow/venv/lib/python3.12/site-packages/airflow/example_dags/example_workday_timetable.py for tasks to queue
[2024-12-13T10:42:34.589+0000] {logging_mixin.py:190} INFO - [2024-12-13T10:42:34.588+0000] {dagbag.py:588} INFO - Filling up the DagBag from /opt/bitnami/airflow/venv/lib/python3.12/site-packages/airflow/example_dags/example_workday_timetable.py
[2024-12-13T10:42:34.593+0000] {processor.py:925} INFO - DAG(s) 'example_workday_timetable' retrieved from /opt/bitnami/airflow/venv/lib/python3.12/site-packages/airflow/example_dags/example_workday_timetable.py
[2024-12-13T10:42:34.728+0000] {logging_mixin.py:190} INFO - [2024-12-13T10:42:34.728+0000] {override.py:1900} INFO - Created Permission View: can read on DAG:example_workday_timetable
[2024-12-13T10:42:34.745+0000] {logging_mixin.py:190} INFO - [2024-12-13T10:42:34.745+0000] {override.py:1900} INFO - Created Permission View: can delete on DAG:example_workday_timetable
[2024-12-13T10:42:34.756+0000] {logging_mixin.py:190} INFO - [2024-12-13T10:42:34.756+0000] {override.py:1900} INFO - Created Permission View: can edit on DAG:example_workday_timetable
[2024-12-13T10:42:34.768+0000] {logging_mixin.py:190} INFO - [2024-12-13T10:42:34.767+0000] {override.py:1900} INFO - Created Permission View: can delete on DAG Run:example_workday_timetable
[2024-12-13T10:42:34.775+0000] {logging_mixin.py:190} INFO - [2024-12-13T10:42:34.775+0000] {override.py:1900} INFO - Created Permission View: can read on DAG Run:example_workday_timetable
[2024-12-13T10:42:34.784+0000] {logging_mixin.py:190} INFO - [2024-12-13T10:42:34.784+0000] {override.py:1900} INFO - Created Permission View: can create on DAG Run:example_workday_timetable
[2024-12-13T10:42:34.797+0000] {logging_mixin.py:190} INFO - [2024-12-13T10:42:34.796+0000] {override.py:1900} INFO - Created Permission View: menu access on DAG Run:example_workday_timetable
[2024-12-13T10:42:34.798+0000] {logging_mixin.py:190} INFO - [2024-12-13T10:42:34.798+0000] {dag.py:3239} INFO - Sync 1 DAGs
[2024-12-13T10:42:34.829+0000] {logging_mixin.py:190} INFO - [2024-12-13T10:42:34.829+0000] {dag.py:3262} INFO - Creating ORM DAG for example_workday_timetable
[2024-12-13T10:42:34.901+0000] {logging_mixin.py:190} INFO - [2024-12-13T10:42:34.901+0000] {dag.py:4180} INFO - Setting next_dagrun for example_workday_timetable to 2021-01-04 00:00:00+00:00, run_after=2021-01-05 00:00:00+00:00
[2024-12-13T10:42:34.946+0000] {processor.py:208} INFO - Processing /opt/bitnami/airflow/venv/lib/python3.12/site-packages/airflow/example_dags/example_workday_timetable.py took 0.367 seconds
[2024-12-13T10:43:05.192+0000] {processor.py:186} INFO - Started process (PID=105) to work on /opt/bitnami/airflow/venv/lib/python3.12/site-packages/airflow/example_dags/example_workday_timetable.py
[2024-12-13T10:43:05.194+0000] {processor.py:914} INFO - Processing file /opt/bitnami/airflow/venv/lib/python3.12/site-packages/airflow/example_dags/example_workday_timetable.py for tasks to queue
[2024-12-13T10:43:05.196+0000] {logging_mixin.py:190} INFO - [2024-12-13T10:43:05.196+0000] {dagbag.py:588} INFO - Filling up the DagBag from /opt/bitnami/airflow/venv/lib/python3.12/site-packages/airflow/example_dags/example_workday_timetable.py
[2024-12-13T10:43:05.200+0000] {processor.py:925} INFO - DAG(s) 'example_workday_timetable' retrieved from /opt/bitnami/airflow/venv/lib/python3.12/site-packages/airflow/example_dags/example_workday_timetable.py
[2024-12-13T10:43:05.274+0000] {logging_mixin.py:190} INFO - [2024-12-13T10:43:05.273+0000] {dag.py:3239} INFO - Sync 1 DAGs
[2024-12-13T10:43:05.348+0000] {logging_mixin.py:190} INFO - [2024-12-13T10:43:05.348+0000] {dag.py:4180} INFO - Setting next_dagrun for example_workday_timetable to 2021-01-04 00:00:00+00:00, run_after=2021-01-05 00:00:00+00:00
[2024-12-13T10:43:05.392+0000] {processor.py:208} INFO - Processing /opt/bitnami/airflow/venv/lib/python3.12/site-packages/airflow/example_dags/example_workday_timetable.py took 0.205 seconds
[2024-12-13T10:43:35.732+0000] {processor.py:186} INFO - Started process (PID=162) to work on /opt/bitnami/airflow/venv/lib/python3.12/site-packages/airflow/example_dags/example_workday_timetable.py
[2024-12-13T10:43:35.733+0000] {processor.py:914} INFO - Processing file /opt/bitnami/airflow/venv/lib/python3.12/site-packages/airflow/example_dags/example_workday_timetable.py for tasks to queue
[2024-12-13T10:43:35.737+0000] {logging_mixin.py:190} INFO - [2024-12-13T10:43:35.737+0000] {dagbag.py:588} INFO - Filling up the DagBag from /opt/bitnami/airflow/venv/lib/python3.12/site-packages/airflow/example_dags/example_workday_timetable.py
[2024-12-13T10:43:35.742+0000] {processor.py:925} INFO - DAG(s) 'example_workday_timetable' retrieved from /opt/bitnami/airflow/venv/lib/python3.12/site-packages/airflow/example_dags/example_workday_timetable.py
[2024-12-13T10:43:35.837+0000] {logging_mixin.py:190} INFO - [2024-12-13T10:43:35.835+0000] {dag.py:3239} INFO - Sync 1 DAGs
[2024-12-13T10:43:35.974+0000] {logging_mixin.py:190} INFO - [2024-12-13T10:43:35.974+0000] {dag.py:4180} INFO - Setting next_dagrun for example_workday_timetable to 2021-01-04 00:00:00+00:00, run_after=2021-01-05 00:00:00+00:00
[2024-12-13T10:43:36.018+0000] {processor.py:208} INFO - Processing /opt/bitnami/airflow/venv/lib/python3.12/site-packages/airflow/example_dags/example_workday_timetable.py took 0.295 seconds
[2024-12-13T10:44:06.553+0000] {processor.py:186} INFO - Started process (PID=219) to work on /opt/bitnami/airflow/venv/lib/python3.12/site-packages/airflow/example_dags/example_workday_timetable.py
[2024-12-13T10:44:06.554+0000] {processor.py:914} INFO - Processing file /opt/bitnami/airflow/venv/lib/python3.12/site-packages/airflow/example_dags/example_workday_timetable.py for tasks to queue
[2024-12-13T10:44:06.558+0000] {logging_mixin.py:190} INFO - [2024-12-13T10:44:06.558+0000] {dagbag.py:588} INFO - Filling up the DagBag from /opt/bitnami/airflow/venv/lib/python3.12/site-packages/airflow/example_dags/example_workday_timetable.py
[2024-12-13T10:44:06.563+0000] {processor.py:925} INFO - DAG(s) 'example_workday_timetable' retrieved from /opt/bitnami/airflow/venv/lib/python3.12/site-packages/airflow/example_dags/example_workday_timetable.py
[2024-12-13T10:44:06.734+0000] {logging_mixin.py:190} INFO - [2024-12-13T10:44:06.733+0000] {dag.py:3239} INFO - Sync 1 DAGs
[2024-12-13T10:44:06.868+0000] {logging_mixin.py:190} INFO - [2024-12-13T10:44:06.867+0000] {dag.py:4180} INFO - Setting next_dagrun for example_workday_timetable to 2021-01-04 00:00:00+00:00, run_after=2021-01-05 00:00:00+00:00
[2024-12-13T10:44:06.921+0000] {processor.py:208} INFO - Processing /opt/bitnami/airflow/venv/lib/python3.12/site-packages/airflow/example_dags/example_workday_timetable.py took 0.374 seconds
[2024-12-13T10:44:37.644+0000] {processor.py:186} INFO - Started process (PID=276) to work on /opt/bitnami/airflow/venv/lib/python3.12/site-packages/airflow/example_dags/example_workday_timetable.py
[2024-12-13T10:44:37.646+0000] {processor.py:914} INFO - Processing file /opt/bitnami/airflow/venv/lib/python3.12/site-packages/airflow/example_dags/example_workday_timetable.py for tasks to queue
[2024-12-13T10:44:37.649+0000] {logging_mixin.py:190} INFO - [2024-12-13T10:44:37.649+0000] {dagbag.py:588} INFO - Filling up the DagBag from /opt/bitnami/airflow/venv/lib/python3.12/site-packages/airflow/example_dags/example_workday_timetable.py
[2024-12-13T10:44:37.654+0000] {processor.py:925} INFO - DAG(s) 'example_workday_timetable' retrieved from /opt/bitnami/airflow/venv/lib/python3.12/site-packages/airflow/example_dags/example_workday_timetable.py
[2024-12-13T10:44:37.744+0000] {logging_mixin.py:190} INFO - [2024-12-13T10:44:37.744+0000] {dag.py:3239} INFO - Sync 1 DAGs
[2024-12-13T10:44:37.853+0000] {logging_mixin.py:190} INFO - [2024-12-13T10:44:37.853+0000] {dag.py:4180} INFO - Setting next_dagrun for example_workday_timetable to 2021-01-04 00:00:00+00:00, run_after=2021-01-05 00:00:00+00:00
[2024-12-13T10:44:37.897+0000] {processor.py:208} INFO - Processing /opt/bitnami/airflow/venv/lib/python3.12/site-packages/airflow/example_dags/example_workday_timetable.py took 0.259 seconds
[2024-12-13T10:52:08.193+0000] {processor.py:186} INFO - Started process (PID=48) to work on /opt/bitnami/airflow/venv/lib/python3.12/site-packages/airflow/example_dags/example_workday_timetable.py
[2024-12-13T10:52:08.194+0000] {processor.py:914} INFO - Processing file /opt/bitnami/airflow/venv/lib/python3.12/site-packages/airflow/example_dags/example_workday_timetable.py for tasks to queue
[2024-12-13T10:52:08.197+0000] {logging_mixin.py:190} INFO - [2024-12-13T10:52:08.196+0000] {dagbag.py:588} INFO - Filling up the DagBag from /opt/bitnami/airflow/venv/lib/python3.12/site-packages/airflow/example_dags/example_workday_timetable.py
[2024-12-13T10:52:08.201+0000] {processor.py:925} INFO - DAG(s) 'example_workday_timetable' retrieved from /opt/bitnami/airflow/venv/lib/python3.12/site-packages/airflow/example_dags/example_workday_timetable.py
[2024-12-13T10:52:08.297+0000] {logging_mixin.py:190} INFO - [2024-12-13T10:52:08.296+0000] {override.py:1900} INFO - Created Permission View: can read on DAG:example_workday_timetable
[2024-12-13T10:52:08.308+0000] {logging_mixin.py:190} INFO - [2024-12-13T10:52:08.307+0000] {override.py:1900} INFO - Created Permission View: can delete on DAG:example_workday_timetable
[2024-12-13T10:52:08.314+0000] {logging_mixin.py:190} INFO - [2024-12-13T10:52:08.314+0000] {override.py:1900} INFO - Created Permission View: can edit on DAG:example_workday_timetable
[2024-12-13T10:52:08.322+0000] {logging_mixin.py:190} INFO - [2024-12-13T10:52:08.322+0000] {override.py:1900} INFO - Created Permission View: menu access on DAG Run:example_workday_timetable
[2024-12-13T10:52:08.329+0000] {logging_mixin.py:190} INFO - [2024-12-13T10:52:08.329+0000] {override.py:1900} INFO - Created Permission View: can read on DAG Run:example_workday_timetable
[2024-12-13T10:52:08.335+0000] {logging_mixin.py:190} INFO - [2024-12-13T10:52:08.335+0000] {override.py:1900} INFO - Created Permission View: can delete on DAG Run:example_workday_timetable
[2024-12-13T10:52:08.343+0000] {logging_mixin.py:190} INFO - [2024-12-13T10:52:08.343+0000] {override.py:1900} INFO - Created Permission View: can create on DAG Run:example_workday_timetable
[2024-12-13T10:52:08.345+0000] {logging_mixin.py:190} INFO - [2024-12-13T10:52:08.344+0000] {dag.py:3239} INFO - Sync 1 DAGs
[2024-12-13T10:52:08.384+0000] {logging_mixin.py:190} INFO - [2024-12-13T10:52:08.384+0000] {dag.py:3262} INFO - Creating ORM DAG for example_workday_timetable
[2024-12-13T10:52:08.444+0000] {logging_mixin.py:190} INFO - [2024-12-13T10:52:08.444+0000] {dag.py:4180} INFO - Setting next_dagrun for example_workday_timetable to 2021-01-04 00:00:00+00:00, run_after=2021-01-05 00:00:00+00:00
[2024-12-13T10:52:08.467+0000] {processor.py:208} INFO - Processing /opt/bitnami/airflow/venv/lib/python3.12/site-packages/airflow/example_dags/example_workday_timetable.py took 0.281 seconds
[2024-12-13T10:52:39.055+0000] {processor.py:186} INFO - Started process (PID=105) to work on /opt/bitnami/airflow/venv/lib/python3.12/site-packages/airflow/example_dags/example_workday_timetable.py
[2024-12-13T10:52:39.057+0000] {processor.py:914} INFO - Processing file /opt/bitnami/airflow/venv/lib/python3.12/site-packages/airflow/example_dags/example_workday_timetable.py for tasks to queue
[2024-12-13T10:52:39.060+0000] {logging_mixin.py:190} INFO - [2024-12-13T10:52:39.060+0000] {dagbag.py:588} INFO - Filling up the DagBag from /opt/bitnami/airflow/venv/lib/python3.12/site-packages/airflow/example_dags/example_workday_timetable.py
[2024-12-13T10:52:39.065+0000] {processor.py:925} INFO - DAG(s) 'example_workday_timetable' retrieved from /opt/bitnami/airflow/venv/lib/python3.12/site-packages/airflow/example_dags/example_workday_timetable.py
[2024-12-13T10:52:39.155+0000] {logging_mixin.py:190} INFO - [2024-12-13T10:52:39.154+0000] {dag.py:3239} INFO - Sync 1 DAGs
[2024-12-13T10:52:39.259+0000] {logging_mixin.py:190} INFO - [2024-12-13T10:52:39.259+0000] {dag.py:4180} INFO - Setting next_dagrun for example_workday_timetable to 2021-01-04 00:00:00+00:00, run_after=2021-01-05 00:00:00+00:00
[2024-12-13T10:52:39.312+0000] {processor.py:208} INFO - Processing /opt/bitnami/airflow/venv/lib/python3.12/site-packages/airflow/example_dags/example_workday_timetable.py took 0.263 seconds
[2024-12-13T10:53:10.343+0000] {processor.py:186} INFO - Started process (PID=162) to work on /opt/bitnami/airflow/venv/lib/python3.12/site-packages/airflow/example_dags/example_workday_timetable.py
[2024-12-13T10:53:10.345+0000] {processor.py:914} INFO - Processing file /opt/bitnami/airflow/venv/lib/python3.12/site-packages/airflow/example_dags/example_workday_timetable.py for tasks to queue
[2024-12-13T10:53:10.350+0000] {logging_mixin.py:190} INFO - [2024-12-13T10:53:10.349+0000] {dagbag.py:588} INFO - Filling up the DagBag from /opt/bitnami/airflow/venv/lib/python3.12/site-packages/airflow/example_dags/example_workday_timetable.py
[2024-12-13T10:53:10.357+0000] {processor.py:925} INFO - DAG(s) 'example_workday_timetable' retrieved from /opt/bitnami/airflow/venv/lib/python3.12/site-packages/airflow/example_dags/example_workday_timetable.py
[2024-12-13T10:53:10.521+0000] {logging_mixin.py:190} INFO - [2024-12-13T10:53:10.520+0000] {dag.py:3239} INFO - Sync 1 DAGs
[2024-12-13T10:53:10.619+0000] {logging_mixin.py:190} INFO - [2024-12-13T10:53:10.619+0000] {dag.py:4180} INFO - Setting next_dagrun for example_workday_timetable to 2021-01-04 00:00:00+00:00, run_after=2021-01-05 00:00:00+00:00
[2024-12-13T10:53:10.667+0000] {processor.py:208} INFO - Processing /opt/bitnami/airflow/venv/lib/python3.12/site-packages/airflow/example_dags/example_workday_timetable.py took 0.333 seconds
[2024-12-13T10:53:41.405+0000] {processor.py:186} INFO - Started process (PID=219) to work on /opt/bitnami/airflow/venv/lib/python3.12/site-packages/airflow/example_dags/example_workday_timetable.py
[2024-12-13T10:53:41.407+0000] {processor.py:914} INFO - Processing file /opt/bitnami/airflow/venv/lib/python3.12/site-packages/airflow/example_dags/example_workday_timetable.py for tasks to queue
[2024-12-13T10:53:41.409+0000] {logging_mixin.py:190} INFO - [2024-12-13T10:53:41.409+0000] {dagbag.py:588} INFO - Filling up the DagBag from /opt/bitnami/airflow/venv/lib/python3.12/site-packages/airflow/example_dags/example_workday_timetable.py
[2024-12-13T10:53:41.412+0000] {processor.py:925} INFO - DAG(s) 'example_workday_timetable' retrieved from /opt/bitnami/airflow/venv/lib/python3.12/site-packages/airflow/example_dags/example_workday_timetable.py
[2024-12-13T10:53:41.504+0000] {logging_mixin.py:190} INFO - [2024-12-13T10:53:41.503+0000] {dag.py:3239} INFO - Sync 1 DAGs
[2024-12-13T10:53:41.608+0000] {logging_mixin.py:190} INFO - [2024-12-13T10:53:41.608+0000] {dag.py:4180} INFO - Setting next_dagrun for example_workday_timetable to 2021-01-04 00:00:00+00:00, run_after=2021-01-05 00:00:00+00:00
[2024-12-13T10:53:41.642+0000] {processor.py:208} INFO - Processing /opt/bitnami/airflow/venv/lib/python3.12/site-packages/airflow/example_dags/example_workday_timetable.py took 0.242 seconds
[2024-12-13T10:54:11.832+0000] {processor.py:186} INFO - Started process (PID=276) to work on /opt/bitnami/airflow/venv/lib/python3.12/site-packages/airflow/example_dags/example_workday_timetable.py
[2024-12-13T10:54:11.833+0000] {processor.py:914} INFO - Processing file /opt/bitnami/airflow/venv/lib/python3.12/site-packages/airflow/example_dags/example_workday_timetable.py for tasks to queue
[2024-12-13T10:54:11.836+0000] {logging_mixin.py:190} INFO - [2024-12-13T10:54:11.835+0000] {dagbag.py:588} INFO - Filling up the DagBag from /opt/bitnami/airflow/venv/lib/python3.12/site-packages/airflow/example_dags/example_workday_timetable.py
[2024-12-13T10:54:11.838+0000] {processor.py:925} INFO - DAG(s) 'example_workday_timetable' retrieved from /opt/bitnami/airflow/venv/lib/python3.12/site-packages/airflow/example_dags/example_workday_timetable.py
[2024-12-13T10:54:11.886+0000] {logging_mixin.py:190} INFO - [2024-12-13T10:54:11.886+0000] {dag.py:3239} INFO - Sync 1 DAGs
[2024-12-13T10:54:11.960+0000] {logging_mixin.py:190} INFO - [2024-12-13T10:54:11.960+0000] {dag.py:4180} INFO - Setting next_dagrun for example_workday_timetable to 2021-01-04 00:00:00+00:00, run_after=2021-01-05 00:00:00+00:00
[2024-12-13T10:54:11.999+0000] {processor.py:208} INFO - Processing /opt/bitnami/airflow/venv/lib/python3.12/site-packages/airflow/example_dags/example_workday_timetable.py took 0.171 seconds
[2024-12-13T10:54:42.148+0000] {processor.py:186} INFO - Started process (PID=333) to work on /opt/bitnami/airflow/venv/lib/python3.12/site-packages/airflow/example_dags/example_workday_timetable.py
[2024-12-13T10:54:42.149+0000] {processor.py:914} INFO - Processing file /opt/bitnami/airflow/venv/lib/python3.12/site-packages/airflow/example_dags/example_workday_timetable.py for tasks to queue
[2024-12-13T10:54:42.151+0000] {logging_mixin.py:190} INFO - [2024-12-13T10:54:42.151+0000] {dagbag.py:588} INFO - Filling up the DagBag from /opt/bitnami/airflow/venv/lib/python3.12/site-packages/airflow/example_dags/example_workday_timetable.py
[2024-12-13T10:54:42.157+0000] {processor.py:925} INFO - DAG(s) 'example_workday_timetable' retrieved from /opt/bitnami/airflow/venv/lib/python3.12/site-packages/airflow/example_dags/example_workday_timetable.py
[2024-12-13T10:54:42.241+0000] {logging_mixin.py:190} INFO - [2024-12-13T10:54:42.241+0000] {dag.py:3239} INFO - Sync 1 DAGs
[2024-12-13T10:54:42.331+0000] {logging_mixin.py:190} INFO - [2024-12-13T10:54:42.331+0000] {dag.py:4180} INFO - Setting next_dagrun for example_workday_timetable to 2021-01-04 00:00:00+00:00, run_after=2021-01-05 00:00:00+00:00
[2024-12-13T10:54:42.369+0000] {processor.py:208} INFO - Processing /opt/bitnami/airflow/venv/lib/python3.12/site-packages/airflow/example_dags/example_workday_timetable.py took 0.228 seconds
[2024-12-13T10:55:13.252+0000] {processor.py:186} INFO - Started process (PID=390) to work on /opt/bitnami/airflow/venv/lib/python3.12/site-packages/airflow/example_dags/example_workday_timetable.py
[2024-12-13T10:55:13.254+0000] {processor.py:914} INFO - Processing file /opt/bitnami/airflow/venv/lib/python3.12/site-packages/airflow/example_dags/example_workday_timetable.py for tasks to queue
[2024-12-13T10:55:13.257+0000] {logging_mixin.py:190} INFO - [2024-12-13T10:55:13.257+0000] {dagbag.py:588} INFO - Filling up the DagBag from /opt/bitnami/airflow/venv/lib/python3.12/site-packages/airflow/example_dags/example_workday_timetable.py
[2024-12-13T10:55:13.261+0000] {processor.py:925} INFO - DAG(s) 'example_workday_timetable' retrieved from /opt/bitnami/airflow/venv/lib/python3.12/site-packages/airflow/example_dags/example_workday_timetable.py
[2024-12-13T10:55:13.379+0000] {logging_mixin.py:190} INFO - [2024-12-13T10:55:13.378+0000] {dag.py:3239} INFO - Sync 1 DAGs
[2024-12-13T10:55:13.471+0000] {logging_mixin.py:190} INFO - [2024-12-13T10:55:13.471+0000] {dag.py:4180} INFO - Setting next_dagrun for example_workday_timetable to 2021-01-04 00:00:00+00:00, run_after=2021-01-05 00:00:00+00:00
[2024-12-13T10:55:13.521+0000] {processor.py:208} INFO - Processing /opt/bitnami/airflow/venv/lib/python3.12/site-packages/airflow/example_dags/example_workday_timetable.py took 0.274 seconds
[2024-12-13T10:55:43.889+0000] {processor.py:186} INFO - Started process (PID=447) to work on /opt/bitnami/airflow/venv/lib/python3.12/site-packages/airflow/example_dags/example_workday_timetable.py
[2024-12-13T10:55:43.890+0000] {processor.py:914} INFO - Processing file /opt/bitnami/airflow/venv/lib/python3.12/site-packages/airflow/example_dags/example_workday_timetable.py for tasks to queue
[2024-12-13T10:55:43.893+0000] {logging_mixin.py:190} INFO - [2024-12-13T10:55:43.892+0000] {dagbag.py:588} INFO - Filling up the DagBag from /opt/bitnami/airflow/venv/lib/python3.12/site-packages/airflow/example_dags/example_workday_timetable.py
[2024-12-13T10:55:43.896+0000] {processor.py:925} INFO - DAG(s) 'example_workday_timetable' retrieved from /opt/bitnami/airflow/venv/lib/python3.12/site-packages/airflow/example_dags/example_workday_timetable.py
[2024-12-13T10:55:43.928+0000] {logging_mixin.py:190} INFO - [2024-12-13T10:55:43.927+0000] {dag.py:3239} INFO - Sync 1 DAGs
[2024-12-13T10:55:43.980+0000] {logging_mixin.py:190} INFO - [2024-12-13T10:55:43.980+0000] {dag.py:4180} INFO - Setting next_dagrun for example_workday_timetable to 2021-01-04 00:00:00+00:00, run_after=2021-01-05 00:00:00+00:00
[2024-12-13T10:55:44.007+0000] {processor.py:208} INFO - Processing /opt/bitnami/airflow/venv/lib/python3.12/site-packages/airflow/example_dags/example_workday_timetable.py took 0.123 seconds
[2024-12-13T10:56:14.274+0000] {processor.py:186} INFO - Started process (PID=504) to work on /opt/bitnami/airflow/venv/lib/python3.12/site-packages/airflow/example_dags/example_workday_timetable.py
[2024-12-13T10:56:14.275+0000] {processor.py:914} INFO - Processing file /opt/bitnami/airflow/venv/lib/python3.12/site-packages/airflow/example_dags/example_workday_timetable.py for tasks to queue
[2024-12-13T10:56:14.278+0000] {logging_mixin.py:190} INFO - [2024-12-13T10:56:14.277+0000] {dagbag.py:588} INFO - Filling up the DagBag from /opt/bitnami/airflow/venv/lib/python3.12/site-packages/airflow/example_dags/example_workday_timetable.py
[2024-12-13T10:56:14.281+0000] {processor.py:925} INFO - DAG(s) 'example_workday_timetable' retrieved from /opt/bitnami/airflow/venv/lib/python3.12/site-packages/airflow/example_dags/example_workday_timetable.py
[2024-12-13T10:56:14.366+0000] {logging_mixin.py:190} INFO - [2024-12-13T10:56:14.366+0000] {dag.py:3239} INFO - Sync 1 DAGs
[2024-12-13T10:56:14.445+0000] {logging_mixin.py:190} INFO - [2024-12-13T10:56:14.445+0000] {dag.py:4180} INFO - Setting next_dagrun for example_workday_timetable to 2021-01-04 00:00:00+00:00, run_after=2021-01-05 00:00:00+00:00
[2024-12-13T10:56:14.482+0000] {processor.py:208} INFO - Processing /opt/bitnami/airflow/venv/lib/python3.12/site-packages/airflow/example_dags/example_workday_timetable.py took 0.216 seconds
[2024-12-13T10:56:44.659+0000] {processor.py:186} INFO - Started process (PID=561) to work on /opt/bitnami/airflow/venv/lib/python3.12/site-packages/airflow/example_dags/example_workday_timetable.py
[2024-12-13T10:56:44.660+0000] {processor.py:914} INFO - Processing file /opt/bitnami/airflow/venv/lib/python3.12/site-packages/airflow/example_dags/example_workday_timetable.py for tasks to queue
[2024-12-13T10:56:44.662+0000] {logging_mixin.py:190} INFO - [2024-12-13T10:56:44.662+0000] {dagbag.py:588} INFO - Filling up the DagBag from /opt/bitnami/airflow/venv/lib/python3.12/site-packages/airflow/example_dags/example_workday_timetable.py
[2024-12-13T10:56:44.665+0000] {processor.py:925} INFO - DAG(s) 'example_workday_timetable' retrieved from /opt/bitnami/airflow/venv/lib/python3.12/site-packages/airflow/example_dags/example_workday_timetable.py
[2024-12-13T10:56:44.703+0000] {logging_mixin.py:190} INFO - [2024-12-13T10:56:44.703+0000] {dag.py:3239} INFO - Sync 1 DAGs
[2024-12-13T10:56:44.791+0000] {logging_mixin.py:190} INFO - [2024-12-13T10:56:44.791+0000] {dag.py:4180} INFO - Setting next_dagrun for example_workday_timetable to 2021-01-04 00:00:00+00:00, run_after=2021-01-05 00:00:00+00:00
[2024-12-13T10:56:44.826+0000] {processor.py:208} INFO - Processing /opt/bitnami/airflow/venv/lib/python3.12/site-packages/airflow/example_dags/example_workday_timetable.py took 0.171 seconds
[2024-12-13T10:57:15.385+0000] {processor.py:186} INFO - Started process (PID=618) to work on /opt/bitnami/airflow/venv/lib/python3.12/site-packages/airflow/example_dags/example_workday_timetable.py
[2024-12-13T10:57:15.386+0000] {processor.py:914} INFO - Processing file /opt/bitnami/airflow/venv/lib/python3.12/site-packages/airflow/example_dags/example_workday_timetable.py for tasks to queue
[2024-12-13T10:57:15.387+0000] {logging_mixin.py:190} INFO - [2024-12-13T10:57:15.387+0000] {dagbag.py:588} INFO - Filling up the DagBag from /opt/bitnami/airflow/venv/lib/python3.12/site-packages/airflow/example_dags/example_workday_timetable.py
[2024-12-13T10:57:15.391+0000] {processor.py:925} INFO - DAG(s) 'example_workday_timetable' retrieved from /opt/bitnami/airflow/venv/lib/python3.12/site-packages/airflow/example_dags/example_workday_timetable.py
[2024-12-13T10:57:15.420+0000] {logging_mixin.py:190} INFO - [2024-12-13T10:57:15.420+0000] {dag.py:3239} INFO - Sync 1 DAGs
[2024-12-13T10:57:15.484+0000] {logging_mixin.py:190} INFO - [2024-12-13T10:57:15.484+0000] {dag.py:4180} INFO - Setting next_dagrun for example_workday_timetable to 2021-01-04 00:00:00+00:00, run_after=2021-01-05 00:00:00+00:00
[2024-12-13T10:57:15.513+0000] {processor.py:208} INFO - Processing /opt/bitnami/airflow/venv/lib/python3.12/site-packages/airflow/example_dags/example_workday_timetable.py took 0.133 seconds
[2024-12-13T10:57:45.775+0000] {processor.py:186} INFO - Started process (PID=675) to work on /opt/bitnami/airflow/venv/lib/python3.12/site-packages/airflow/example_dags/example_workday_timetable.py
[2024-12-13T10:57:45.776+0000] {processor.py:914} INFO - Processing file /opt/bitnami/airflow/venv/lib/python3.12/site-packages/airflow/example_dags/example_workday_timetable.py for tasks to queue
[2024-12-13T10:57:45.778+0000] {logging_mixin.py:190} INFO - [2024-12-13T10:57:45.778+0000] {dagbag.py:588} INFO - Filling up the DagBag from /opt/bitnami/airflow/venv/lib/python3.12/site-packages/airflow/example_dags/example_workday_timetable.py
[2024-12-13T10:57:45.781+0000] {processor.py:925} INFO - DAG(s) 'example_workday_timetable' retrieved from /opt/bitnami/airflow/venv/lib/python3.12/site-packages/airflow/example_dags/example_workday_timetable.py
[2024-12-13T10:57:45.822+0000] {logging_mixin.py:190} INFO - [2024-12-13T10:57:45.821+0000] {dag.py:3239} INFO - Sync 1 DAGs
[2024-12-13T10:57:45.873+0000] {logging_mixin.py:190} INFO - [2024-12-13T10:57:45.873+0000] {dag.py:4180} INFO - Setting next_dagrun for example_workday_timetable to 2021-01-04 00:00:00+00:00, run_after=2021-01-05 00:00:00+00:00
[2024-12-13T10:57:45.896+0000] {processor.py:208} INFO - Processing /opt/bitnami/airflow/venv/lib/python3.12/site-packages/airflow/example_dags/example_workday_timetable.py took 0.126 seconds
[2024-12-13T10:58:17.041+0000] {processor.py:186} INFO - Started process (PID=732) to work on /opt/bitnami/airflow/venv/lib/python3.12/site-packages/airflow/example_dags/example_workday_timetable.py
[2024-12-13T10:58:17.042+0000] {processor.py:914} INFO - Processing file /opt/bitnami/airflow/venv/lib/python3.12/site-packages/airflow/example_dags/example_workday_timetable.py for tasks to queue
[2024-12-13T10:58:17.044+0000] {logging_mixin.py:190} INFO - [2024-12-13T10:58:17.044+0000] {dagbag.py:588} INFO - Filling up the DagBag from /opt/bitnami/airflow/venv/lib/python3.12/site-packages/airflow/example_dags/example_workday_timetable.py
[2024-12-13T10:58:17.047+0000] {processor.py:925} INFO - DAG(s) 'example_workday_timetable' retrieved from /opt/bitnami/airflow/venv/lib/python3.12/site-packages/airflow/example_dags/example_workday_timetable.py
[2024-12-13T10:58:17.087+0000] {logging_mixin.py:190} INFO - [2024-12-13T10:58:17.086+0000] {dag.py:3239} INFO - Sync 1 DAGs
[2024-12-13T10:58:17.139+0000] {logging_mixin.py:190} INFO - [2024-12-13T10:58:17.139+0000] {dag.py:4180} INFO - Setting next_dagrun for example_workday_timetable to 2021-01-04 00:00:00+00:00, run_after=2021-01-05 00:00:00+00:00
[2024-12-13T10:58:17.165+0000] {processor.py:208} INFO - Processing /opt/bitnami/airflow/venv/lib/python3.12/site-packages/airflow/example_dags/example_workday_timetable.py took 0.129 seconds
[2024-12-13T10:58:48.320+0000] {processor.py:186} INFO - Started process (PID=789) to work on /opt/bitnami/airflow/venv/lib/python3.12/site-packages/airflow/example_dags/example_workday_timetable.py
[2024-12-13T10:58:48.322+0000] {processor.py:914} INFO - Processing file /opt/bitnami/airflow/venv/lib/python3.12/site-packages/airflow/example_dags/example_workday_timetable.py for tasks to queue
[2024-12-13T10:58:48.325+0000] {logging_mixin.py:190} INFO - [2024-12-13T10:58:48.325+0000] {dagbag.py:588} INFO - Filling up the DagBag from /opt/bitnami/airflow/venv/lib/python3.12/site-packages/airflow/example_dags/example_workday_timetable.py
[2024-12-13T10:58:48.331+0000] {processor.py:925} INFO - DAG(s) 'example_workday_timetable' retrieved from /opt/bitnami/airflow/venv/lib/python3.12/site-packages/airflow/example_dags/example_workday_timetable.py
[2024-12-13T10:58:48.408+0000] {logging_mixin.py:190} INFO - [2024-12-13T10:58:48.407+0000] {dag.py:3239} INFO - Sync 1 DAGs
[2024-12-13T10:58:48.478+0000] {logging_mixin.py:190} INFO - [2024-12-13T10:58:48.478+0000] {dag.py:4180} INFO - Setting next_dagrun for example_workday_timetable to 2021-01-04 00:00:00+00:00, run_after=2021-01-05 00:00:00+00:00
[2024-12-13T10:58:48.509+0000] {processor.py:208} INFO - Processing /opt/bitnami/airflow/venv/lib/python3.12/site-packages/airflow/example_dags/example_workday_timetable.py took 0.195 seconds
[2024-12-13T11:07:28.981+0000] {processor.py:186} INFO - Started process (PID=48) to work on /opt/bitnami/airflow/venv/lib/python3.12/site-packages/airflow/example_dags/example_workday_timetable.py
[2024-12-13T11:07:28.982+0000] {processor.py:914} INFO - Processing file /opt/bitnami/airflow/venv/lib/python3.12/site-packages/airflow/example_dags/example_workday_timetable.py for tasks to queue
[2024-12-13T11:07:28.988+0000] {logging_mixin.py:190} INFO - [2024-12-13T11:07:28.987+0000] {dagbag.py:588} INFO - Filling up the DagBag from /opt/bitnami/airflow/venv/lib/python3.12/site-packages/airflow/example_dags/example_workday_timetable.py
[2024-12-13T11:07:28.992+0000] {processor.py:925} INFO - DAG(s) 'example_workday_timetable' retrieved from /opt/bitnami/airflow/venv/lib/python3.12/site-packages/airflow/example_dags/example_workday_timetable.py
[2024-12-13T11:07:29.038+0000] {logging_mixin.py:190} INFO - [2024-12-13T11:07:29.038+0000] {dag.py:3239} INFO - Sync 1 DAGs
[2024-12-13T11:07:29.115+0000] {logging_mixin.py:190} INFO - [2024-12-13T11:07:29.115+0000] {dag.py:4180} INFO - Setting next_dagrun for example_workday_timetable to 2021-01-04 00:00:00+00:00, run_after=2021-01-05 00:00:00+00:00
[2024-12-13T11:07:29.143+0000] {processor.py:208} INFO - Processing /opt/bitnami/airflow/venv/lib/python3.12/site-packages/airflow/example_dags/example_workday_timetable.py took 0.168 seconds
[2024-12-13T11:07:59.725+0000] {processor.py:186} INFO - Started process (PID=105) to work on /opt/bitnami/airflow/venv/lib/python3.12/site-packages/airflow/example_dags/example_workday_timetable.py
[2024-12-13T11:07:59.725+0000] {processor.py:914} INFO - Processing file /opt/bitnami/airflow/venv/lib/python3.12/site-packages/airflow/example_dags/example_workday_timetable.py for tasks to queue
[2024-12-13T11:07:59.728+0000] {logging_mixin.py:190} INFO - [2024-12-13T11:07:59.728+0000] {dagbag.py:588} INFO - Filling up the DagBag from /opt/bitnami/airflow/venv/lib/python3.12/site-packages/airflow/example_dags/example_workday_timetable.py
[2024-12-13T11:07:59.732+0000] {processor.py:925} INFO - DAG(s) 'example_workday_timetable' retrieved from /opt/bitnami/airflow/venv/lib/python3.12/site-packages/airflow/example_dags/example_workday_timetable.py
[2024-12-13T11:07:59.805+0000] {logging_mixin.py:190} INFO - [2024-12-13T11:07:59.805+0000] {dag.py:3239} INFO - Sync 1 DAGs
[2024-12-13T11:07:59.890+0000] {logging_mixin.py:190} INFO - [2024-12-13T11:07:59.890+0000] {dag.py:4180} INFO - Setting next_dagrun for example_workday_timetable to 2021-01-04 00:00:00+00:00, run_after=2021-01-05 00:00:00+00:00
[2024-12-13T11:07:59.928+0000] {processor.py:208} INFO - Processing /opt/bitnami/airflow/venv/lib/python3.12/site-packages/airflow/example_dags/example_workday_timetable.py took 0.208 seconds
[2024-12-13T11:08:30.079+0000] {processor.py:186} INFO - Started process (PID=162) to work on /opt/bitnami/airflow/venv/lib/python3.12/site-packages/airflow/example_dags/example_workday_timetable.py
[2024-12-13T11:08:30.081+0000] {processor.py:914} INFO - Processing file /opt/bitnami/airflow/venv/lib/python3.12/site-packages/airflow/example_dags/example_workday_timetable.py for tasks to queue
[2024-12-13T11:08:30.084+0000] {logging_mixin.py:190} INFO - [2024-12-13T11:08:30.084+0000] {dagbag.py:588} INFO - Filling up the DagBag from /opt/bitnami/airflow/venv/lib/python3.12/site-packages/airflow/example_dags/example_workday_timetable.py
[2024-12-13T11:08:30.088+0000] {processor.py:925} INFO - DAG(s) 'example_workday_timetable' retrieved from /opt/bitnami/airflow/venv/lib/python3.12/site-packages/airflow/example_dags/example_workday_timetable.py
[2024-12-13T11:08:30.259+0000] {logging_mixin.py:190} INFO - [2024-12-13T11:08:30.258+0000] {dag.py:3239} INFO - Sync 1 DAGs
[2024-12-13T11:08:30.363+0000] {logging_mixin.py:190} INFO - [2024-12-13T11:08:30.363+0000] {dag.py:4180} INFO - Setting next_dagrun for example_workday_timetable to 2021-01-04 00:00:00+00:00, run_after=2021-01-05 00:00:00+00:00
[2024-12-13T11:08:30.407+0000] {processor.py:208} INFO - Processing /opt/bitnami/airflow/venv/lib/python3.12/site-packages/airflow/example_dags/example_workday_timetable.py took 0.332 seconds
[2024-12-13T11:09:00.822+0000] {processor.py:186} INFO - Started process (PID=219) to work on /opt/bitnami/airflow/venv/lib/python3.12/site-packages/airflow/example_dags/example_workday_timetable.py
[2024-12-13T11:09:00.824+0000] {processor.py:914} INFO - Processing file /opt/bitnami/airflow/venv/lib/python3.12/site-packages/airflow/example_dags/example_workday_timetable.py for tasks to queue
[2024-12-13T11:09:00.827+0000] {logging_mixin.py:190} INFO - [2024-12-13T11:09:00.827+0000] {dagbag.py:588} INFO - Filling up the DagBag from /opt/bitnami/airflow/venv/lib/python3.12/site-packages/airflow/example_dags/example_workday_timetable.py
[2024-12-13T11:09:00.830+0000] {processor.py:925} INFO - DAG(s) 'example_workday_timetable' retrieved from /opt/bitnami/airflow/venv/lib/python3.12/site-packages/airflow/example_dags/example_workday_timetable.py
[2024-12-13T11:09:00.893+0000] {logging_mixin.py:190} INFO - [2024-12-13T11:09:00.893+0000] {dag.py:3239} INFO - Sync 1 DAGs
[2024-12-13T11:09:01.004+0000] {logging_mixin.py:190} INFO - [2024-12-13T11:09:01.004+0000] {dag.py:4180} INFO - Setting next_dagrun for example_workday_timetable to 2021-01-04 00:00:00+00:00, run_after=2021-01-05 00:00:00+00:00
[2024-12-13T11:09:01.041+0000] {processor.py:208} INFO - Processing /opt/bitnami/airflow/venv/lib/python3.12/site-packages/airflow/example_dags/example_workday_timetable.py took 0.225 seconds
[2024-12-13T11:09:31.212+0000] {processor.py:186} INFO - Started process (PID=276) to work on /opt/bitnami/airflow/venv/lib/python3.12/site-packages/airflow/example_dags/example_workday_timetable.py
[2024-12-13T11:09:31.213+0000] {processor.py:914} INFO - Processing file /opt/bitnami/airflow/venv/lib/python3.12/site-packages/airflow/example_dags/example_workday_timetable.py for tasks to queue
[2024-12-13T11:09:31.216+0000] {logging_mixin.py:190} INFO - [2024-12-13T11:09:31.215+0000] {dagbag.py:588} INFO - Filling up the DagBag from /opt/bitnami/airflow/venv/lib/python3.12/site-packages/airflow/example_dags/example_workday_timetable.py
[2024-12-13T11:09:31.221+0000] {processor.py:925} INFO - DAG(s) 'example_workday_timetable' retrieved from /opt/bitnami/airflow/venv/lib/python3.12/site-packages/airflow/example_dags/example_workday_timetable.py
[2024-12-13T11:09:31.295+0000] {logging_mixin.py:190} INFO - [2024-12-13T11:09:31.295+0000] {dag.py:3239} INFO - Sync 1 DAGs
[2024-12-13T11:09:31.357+0000] {logging_mixin.py:190} INFO - [2024-12-13T11:09:31.356+0000] {dag.py:4180} INFO - Setting next_dagrun for example_workday_timetable to 2021-01-04 00:00:00+00:00, run_after=2021-01-05 00:00:00+00:00
[2024-12-13T11:09:31.384+0000] {processor.py:208} INFO - Processing /opt/bitnami/airflow/venv/lib/python3.12/site-packages/airflow/example_dags/example_workday_timetable.py took 0.177 seconds
[2024-12-13T11:13:41.446+0000] {processor.py:186} INFO - Started process (PID=48) to work on /opt/bitnami/airflow/venv/lib/python3.12/site-packages/airflow/example_dags/example_workday_timetable.py
[2024-12-13T11:13:41.448+0000] {processor.py:914} INFO - Processing file /opt/bitnami/airflow/venv/lib/python3.12/site-packages/airflow/example_dags/example_workday_timetable.py for tasks to queue
[2024-12-13T11:13:41.453+0000] {logging_mixin.py:190} INFO - [2024-12-13T11:13:41.453+0000] {dagbag.py:588} INFO - Filling up the DagBag from /opt/bitnami/airflow/venv/lib/python3.12/site-packages/airflow/example_dags/example_workday_timetable.py
[2024-12-13T11:13:41.459+0000] {processor.py:925} INFO - DAG(s) 'example_workday_timetable' retrieved from /opt/bitnami/airflow/venv/lib/python3.12/site-packages/airflow/example_dags/example_workday_timetable.py
[2024-12-13T11:13:41.515+0000] {logging_mixin.py:190} INFO - [2024-12-13T11:13:41.514+0000] {dag.py:3239} INFO - Sync 1 DAGs
[2024-12-13T11:13:41.604+0000] {logging_mixin.py:190} INFO - [2024-12-13T11:13:41.604+0000] {dag.py:4180} INFO - Setting next_dagrun for example_workday_timetable to 2021-01-04 00:00:00+00:00, run_after=2021-01-05 00:00:00+00:00
[2024-12-13T11:13:41.630+0000] {processor.py:208} INFO - Processing /opt/bitnami/airflow/venv/lib/python3.12/site-packages/airflow/example_dags/example_workday_timetable.py took 0.192 seconds
[2024-12-13T11:14:11.792+0000] {processor.py:186} INFO - Started process (PID=105) to work on /opt/bitnami/airflow/venv/lib/python3.12/site-packages/airflow/example_dags/example_workday_timetable.py
[2024-12-13T11:14:11.793+0000] {processor.py:914} INFO - Processing file /opt/bitnami/airflow/venv/lib/python3.12/site-packages/airflow/example_dags/example_workday_timetable.py for tasks to queue
[2024-12-13T11:14:11.795+0000] {logging_mixin.py:190} INFO - [2024-12-13T11:14:11.794+0000] {dagbag.py:588} INFO - Filling up the DagBag from /opt/bitnami/airflow/venv/lib/python3.12/site-packages/airflow/example_dags/example_workday_timetable.py
[2024-12-13T11:14:11.798+0000] {processor.py:925} INFO - DAG(s) 'example_workday_timetable' retrieved from /opt/bitnami/airflow/venv/lib/python3.12/site-packages/airflow/example_dags/example_workday_timetable.py
[2024-12-13T11:14:11.832+0000] {logging_mixin.py:190} INFO - [2024-12-13T11:14:11.832+0000] {dag.py:3239} INFO - Sync 1 DAGs
[2024-12-13T11:14:11.888+0000] {logging_mixin.py:190} INFO - [2024-12-13T11:14:11.887+0000] {dag.py:4180} INFO - Setting next_dagrun for example_workday_timetable to 2021-01-04 00:00:00+00:00, run_after=2021-01-05 00:00:00+00:00
[2024-12-13T11:14:11.908+0000] {processor.py:208} INFO - Processing /opt/bitnami/airflow/venv/lib/python3.12/site-packages/airflow/example_dags/example_workday_timetable.py took 0.120 seconds
[2024-12-13T11:14:42.956+0000] {processor.py:186} INFO - Started process (PID=162) to work on /opt/bitnami/airflow/venv/lib/python3.12/site-packages/airflow/example_dags/example_workday_timetable.py
[2024-12-13T11:14:42.958+0000] {processor.py:914} INFO - Processing file /opt/bitnami/airflow/venv/lib/python3.12/site-packages/airflow/example_dags/example_workday_timetable.py for tasks to queue
[2024-12-13T11:14:42.962+0000] {logging_mixin.py:190} INFO - [2024-12-13T11:14:42.961+0000] {dagbag.py:588} INFO - Filling up the DagBag from /opt/bitnami/airflow/venv/lib/python3.12/site-packages/airflow/example_dags/example_workday_timetable.py
[2024-12-13T11:14:42.967+0000] {processor.py:925} INFO - DAG(s) 'example_workday_timetable' retrieved from /opt/bitnami/airflow/venv/lib/python3.12/site-packages/airflow/example_dags/example_workday_timetable.py
[2024-12-13T11:14:43.133+0000] {logging_mixin.py:190} INFO - [2024-12-13T11:14:43.132+0000] {dag.py:3239} INFO - Sync 1 DAGs
[2024-12-13T11:14:43.215+0000] {logging_mixin.py:190} INFO - [2024-12-13T11:14:43.215+0000] {dag.py:4180} INFO - Setting next_dagrun for example_workday_timetable to 2021-01-04 00:00:00+00:00, run_after=2021-01-05 00:00:00+00:00
[2024-12-13T11:14:43.262+0000] {processor.py:208} INFO - Processing /opt/bitnami/airflow/venv/lib/python3.12/site-packages/airflow/example_dags/example_workday_timetable.py took 0.312 seconds
[2024-12-13T11:15:13.538+0000] {processor.py:186} INFO - Started process (PID=219) to work on /opt/bitnami/airflow/venv/lib/python3.12/site-packages/airflow/example_dags/example_workday_timetable.py
[2024-12-13T11:15:13.540+0000] {processor.py:914} INFO - Processing file /opt/bitnami/airflow/venv/lib/python3.12/site-packages/airflow/example_dags/example_workday_timetable.py for tasks to queue
[2024-12-13T11:15:13.544+0000] {logging_mixin.py:190} INFO - [2024-12-13T11:15:13.543+0000] {dagbag.py:588} INFO - Filling up the DagBag from /opt/bitnami/airflow/venv/lib/python3.12/site-packages/airflow/example_dags/example_workday_timetable.py
[2024-12-13T11:15:13.551+0000] {processor.py:925} INFO - DAG(s) 'example_workday_timetable' retrieved from /opt/bitnami/airflow/venv/lib/python3.12/site-packages/airflow/example_dags/example_workday_timetable.py
[2024-12-13T11:15:13.619+0000] {logging_mixin.py:190} INFO - [2024-12-13T11:15:13.619+0000] {dag.py:3239} INFO - Sync 1 DAGs
[2024-12-13T11:15:13.721+0000] {logging_mixin.py:190} INFO - [2024-12-13T11:15:13.721+0000] {dag.py:4180} INFO - Setting next_dagrun for example_workday_timetable to 2021-01-04 00:00:00+00:00, run_after=2021-01-05 00:00:00+00:00
[2024-12-13T11:15:13.760+0000] {processor.py:208} INFO - Processing /opt/bitnami/airflow/venv/lib/python3.12/site-packages/airflow/example_dags/example_workday_timetable.py took 0.230 seconds
[2024-12-13T11:57:06.919+0000] {processor.py:186} INFO - Started process (PID=48) to work on /opt/bitnami/airflow/venv/lib/python3.12/site-packages/airflow/example_dags/example_workday_timetable.py
[2024-12-13T11:57:06.920+0000] {processor.py:914} INFO - Processing file /opt/bitnami/airflow/venv/lib/python3.12/site-packages/airflow/example_dags/example_workday_timetable.py for tasks to queue
[2024-12-13T11:57:06.924+0000] {logging_mixin.py:190} INFO - [2024-12-13T11:57:06.924+0000] {dagbag.py:588} INFO - Filling up the DagBag from /opt/bitnami/airflow/venv/lib/python3.12/site-packages/airflow/example_dags/example_workday_timetable.py
[2024-12-13T11:57:06.927+0000] {processor.py:925} INFO - DAG(s) 'example_workday_timetable' retrieved from /opt/bitnami/airflow/venv/lib/python3.12/site-packages/airflow/example_dags/example_workday_timetable.py
[2024-12-13T11:57:06.963+0000] {logging_mixin.py:190} INFO - [2024-12-13T11:57:06.963+0000] {dag.py:3239} INFO - Sync 1 DAGs
[2024-12-13T11:57:07.025+0000] {logging_mixin.py:190} INFO - [2024-12-13T11:57:07.025+0000] {dag.py:4180} INFO - Setting next_dagrun for example_workday_timetable to 2021-01-04 00:00:00+00:00, run_after=2021-01-05 00:00:00+00:00
[2024-12-13T11:57:07.048+0000] {processor.py:208} INFO - Processing /opt/bitnami/airflow/venv/lib/python3.12/site-packages/airflow/example_dags/example_workday_timetable.py took 0.133 seconds
[2024-12-13T11:57:37.898+0000] {processor.py:186} INFO - Started process (PID=105) to work on /opt/bitnami/airflow/venv/lib/python3.12/site-packages/airflow/example_dags/example_workday_timetable.py
[2024-12-13T11:57:37.900+0000] {processor.py:914} INFO - Processing file /opt/bitnami/airflow/venv/lib/python3.12/site-packages/airflow/example_dags/example_workday_timetable.py for tasks to queue
[2024-12-13T11:57:37.902+0000] {logging_mixin.py:190} INFO - [2024-12-13T11:57:37.902+0000] {dagbag.py:588} INFO - Filling up the DagBag from /opt/bitnami/airflow/venv/lib/python3.12/site-packages/airflow/example_dags/example_workday_timetable.py
[2024-12-13T11:57:37.906+0000] {processor.py:925} INFO - DAG(s) 'example_workday_timetable' retrieved from /opt/bitnami/airflow/venv/lib/python3.12/site-packages/airflow/example_dags/example_workday_timetable.py
[2024-12-13T11:57:37.945+0000] {logging_mixin.py:190} INFO - [2024-12-13T11:57:37.945+0000] {dag.py:3239} INFO - Sync 1 DAGs
[2024-12-13T11:57:38.011+0000] {logging_mixin.py:190} INFO - [2024-12-13T11:57:38.011+0000] {dag.py:4180} INFO - Setting next_dagrun for example_workday_timetable to 2021-01-04 00:00:00+00:00, run_after=2021-01-05 00:00:00+00:00
[2024-12-13T11:57:38.034+0000] {processor.py:208} INFO - Processing /opt/bitnami/airflow/venv/lib/python3.12/site-packages/airflow/example_dags/example_workday_timetable.py took 0.142 seconds
[2024-12-13T11:58:32.400+0000] {processor.py:186} INFO - Started process (PID=48) to work on /opt/bitnami/airflow/venv/lib/python3.12/site-packages/airflow/example_dags/example_workday_timetable.py
[2024-12-13T11:58:32.401+0000] {processor.py:914} INFO - Processing file /opt/bitnami/airflow/venv/lib/python3.12/site-packages/airflow/example_dags/example_workday_timetable.py for tasks to queue
[2024-12-13T11:58:32.406+0000] {logging_mixin.py:190} INFO - [2024-12-13T11:58:32.406+0000] {dagbag.py:588} INFO - Filling up the DagBag from /opt/bitnami/airflow/venv/lib/python3.12/site-packages/airflow/example_dags/example_workday_timetable.py
[2024-12-13T11:58:32.409+0000] {processor.py:925} INFO - DAG(s) 'example_workday_timetable' retrieved from /opt/bitnami/airflow/venv/lib/python3.12/site-packages/airflow/example_dags/example_workday_timetable.py
[2024-12-13T11:58:32.450+0000] {logging_mixin.py:190} INFO - [2024-12-13T11:58:32.450+0000] {dag.py:3239} INFO - Sync 1 DAGs
[2024-12-13T11:58:32.519+0000] {logging_mixin.py:190} INFO - [2024-12-13T11:58:32.519+0000] {dag.py:4180} INFO - Setting next_dagrun for example_workday_timetable to 2021-01-04 00:00:00+00:00, run_after=2021-01-05 00:00:00+00:00
[2024-12-13T11:58:32.540+0000] {processor.py:208} INFO - Processing /opt/bitnami/airflow/venv/lib/python3.12/site-packages/airflow/example_dags/example_workday_timetable.py took 0.146 seconds
[2024-12-13T11:59:03.074+0000] {processor.py:186} INFO - Started process (PID=105) to work on /opt/bitnami/airflow/venv/lib/python3.12/site-packages/airflow/example_dags/example_workday_timetable.py
[2024-12-13T11:59:03.075+0000] {processor.py:914} INFO - Processing file /opt/bitnami/airflow/venv/lib/python3.12/site-packages/airflow/example_dags/example_workday_timetable.py for tasks to queue
[2024-12-13T11:59:03.077+0000] {logging_mixin.py:190} INFO - [2024-12-13T11:59:03.076+0000] {dagbag.py:588} INFO - Filling up the DagBag from /opt/bitnami/airflow/venv/lib/python3.12/site-packages/airflow/example_dags/example_workday_timetable.py
[2024-12-13T11:59:03.081+0000] {processor.py:925} INFO - DAG(s) 'example_workday_timetable' retrieved from /opt/bitnami/airflow/venv/lib/python3.12/site-packages/airflow/example_dags/example_workday_timetable.py
[2024-12-13T11:59:03.120+0000] {logging_mixin.py:190} INFO - [2024-12-13T11:59:03.120+0000] {dag.py:3239} INFO - Sync 1 DAGs
[2024-12-13T11:59:03.189+0000] {logging_mixin.py:190} INFO - [2024-12-13T11:59:03.189+0000] {dag.py:4180} INFO - Setting next_dagrun for example_workday_timetable to 2021-01-04 00:00:00+00:00, run_after=2021-01-05 00:00:00+00:00
[2024-12-13T11:59:03.223+0000] {processor.py:208} INFO - Processing /opt/bitnami/airflow/venv/lib/python3.12/site-packages/airflow/example_dags/example_workday_timetable.py took 0.155 seconds
[2024-12-13T11:59:33.461+0000] {processor.py:186} INFO - Started process (PID=162) to work on /opt/bitnami/airflow/venv/lib/python3.12/site-packages/airflow/example_dags/example_workday_timetable.py
[2024-12-13T11:59:33.462+0000] {processor.py:914} INFO - Processing file /opt/bitnami/airflow/venv/lib/python3.12/site-packages/airflow/example_dags/example_workday_timetable.py for tasks to queue
[2024-12-13T11:59:33.464+0000] {logging_mixin.py:190} INFO - [2024-12-13T11:59:33.463+0000] {dagbag.py:588} INFO - Filling up the DagBag from /opt/bitnami/airflow/venv/lib/python3.12/site-packages/airflow/example_dags/example_workday_timetable.py
[2024-12-13T11:59:33.467+0000] {processor.py:925} INFO - DAG(s) 'example_workday_timetable' retrieved from /opt/bitnami/airflow/venv/lib/python3.12/site-packages/airflow/example_dags/example_workday_timetable.py
[2024-12-13T11:59:33.540+0000] {logging_mixin.py:190} INFO - [2024-12-13T11:59:33.540+0000] {dag.py:3239} INFO - Sync 1 DAGs
[2024-12-13T11:59:33.596+0000] {logging_mixin.py:190} INFO - [2024-12-13T11:59:33.596+0000] {dag.py:4180} INFO - Setting next_dagrun for example_workday_timetable to 2021-01-04 00:00:00+00:00, run_after=2021-01-05 00:00:00+00:00
[2024-12-13T11:59:33.620+0000] {processor.py:208} INFO - Processing /opt/bitnami/airflow/venv/lib/python3.12/site-packages/airflow/example_dags/example_workday_timetable.py took 0.164 seconds
[2024-12-13T12:00:03.939+0000] {processor.py:186} INFO - Started process (PID=219) to work on /opt/bitnami/airflow/venv/lib/python3.12/site-packages/airflow/example_dags/example_workday_timetable.py
[2024-12-13T12:00:03.940+0000] {processor.py:914} INFO - Processing file /opt/bitnami/airflow/venv/lib/python3.12/site-packages/airflow/example_dags/example_workday_timetable.py for tasks to queue
[2024-12-13T12:00:03.942+0000] {logging_mixin.py:190} INFO - [2024-12-13T12:00:03.941+0000] {dagbag.py:588} INFO - Filling up the DagBag from /opt/bitnami/airflow/venv/lib/python3.12/site-packages/airflow/example_dags/example_workday_timetable.py
[2024-12-13T12:00:03.945+0000] {processor.py:925} INFO - DAG(s) 'example_workday_timetable' retrieved from /opt/bitnami/airflow/venv/lib/python3.12/site-packages/airflow/example_dags/example_workday_timetable.py
[2024-12-13T12:00:03.972+0000] {logging_mixin.py:190} INFO - [2024-12-13T12:00:03.972+0000] {dag.py:3239} INFO - Sync 1 DAGs
[2024-12-13T12:00:04.030+0000] {logging_mixin.py:190} INFO - [2024-12-13T12:00:04.030+0000] {dag.py:4180} INFO - Setting next_dagrun for example_workday_timetable to 2021-01-04 00:00:00+00:00, run_after=2021-01-05 00:00:00+00:00
[2024-12-13T12:00:04.051+0000] {processor.py:208} INFO - Processing /opt/bitnami/airflow/venv/lib/python3.12/site-packages/airflow/example_dags/example_workday_timetable.py took 0.117 seconds
[2024-12-13T12:00:34.301+0000] {processor.py:186} INFO - Started process (PID=276) to work on /opt/bitnami/airflow/venv/lib/python3.12/site-packages/airflow/example_dags/example_workday_timetable.py
[2024-12-13T12:00:34.302+0000] {processor.py:914} INFO - Processing file /opt/bitnami/airflow/venv/lib/python3.12/site-packages/airflow/example_dags/example_workday_timetable.py for tasks to queue
[2024-12-13T12:00:34.304+0000] {logging_mixin.py:190} INFO - [2024-12-13T12:00:34.304+0000] {dagbag.py:588} INFO - Filling up the DagBag from /opt/bitnami/airflow/venv/lib/python3.12/site-packages/airflow/example_dags/example_workday_timetable.py
[2024-12-13T12:00:34.307+0000] {processor.py:925} INFO - DAG(s) 'example_workday_timetable' retrieved from /opt/bitnami/airflow/venv/lib/python3.12/site-packages/airflow/example_dags/example_workday_timetable.py
[2024-12-13T12:00:34.346+0000] {logging_mixin.py:190} INFO - [2024-12-13T12:00:34.345+0000] {dag.py:3239} INFO - Sync 1 DAGs
[2024-12-13T12:00:34.398+0000] {logging_mixin.py:190} INFO - [2024-12-13T12:00:34.397+0000] {dag.py:4180} INFO - Setting next_dagrun for example_workday_timetable to 2021-01-04 00:00:00+00:00, run_after=2021-01-05 00:00:00+00:00
[2024-12-13T12:00:34.416+0000] {processor.py:208} INFO - Processing /opt/bitnami/airflow/venv/lib/python3.12/site-packages/airflow/example_dags/example_workday_timetable.py took 0.120 seconds
[2024-12-13T12:01:05.035+0000] {processor.py:186} INFO - Started process (PID=333) to work on /opt/bitnami/airflow/venv/lib/python3.12/site-packages/airflow/example_dags/example_workday_timetable.py
[2024-12-13T12:01:05.036+0000] {processor.py:914} INFO - Processing file /opt/bitnami/airflow/venv/lib/python3.12/site-packages/airflow/example_dags/example_workday_timetable.py for tasks to queue
[2024-12-13T12:01:05.038+0000] {logging_mixin.py:190} INFO - [2024-12-13T12:01:05.037+0000] {dagbag.py:588} INFO - Filling up the DagBag from /opt/bitnami/airflow/venv/lib/python3.12/site-packages/airflow/example_dags/example_workday_timetable.py
[2024-12-13T12:01:05.041+0000] {processor.py:925} INFO - DAG(s) 'example_workday_timetable' retrieved from /opt/bitnami/airflow/venv/lib/python3.12/site-packages/airflow/example_dags/example_workday_timetable.py
[2024-12-13T12:01:05.069+0000] {logging_mixin.py:190} INFO - [2024-12-13T12:01:05.069+0000] {dag.py:3239} INFO - Sync 1 DAGs
[2024-12-13T12:01:05.122+0000] {logging_mixin.py:190} INFO - [2024-12-13T12:01:05.122+0000] {dag.py:4180} INFO - Setting next_dagrun for example_workday_timetable to 2021-01-04 00:00:00+00:00, run_after=2021-01-05 00:00:00+00:00
[2024-12-13T12:01:05.141+0000] {processor.py:208} INFO - Processing /opt/bitnami/airflow/venv/lib/python3.12/site-packages/airflow/example_dags/example_workday_timetable.py took 0.111 seconds
[2024-12-13T12:01:35.700+0000] {processor.py:186} INFO - Started process (PID=390) to work on /opt/bitnami/airflow/venv/lib/python3.12/site-packages/airflow/example_dags/example_workday_timetable.py
[2024-12-13T12:01:35.701+0000] {processor.py:914} INFO - Processing file /opt/bitnami/airflow/venv/lib/python3.12/site-packages/airflow/example_dags/example_workday_timetable.py for tasks to queue
[2024-12-13T12:01:35.704+0000] {logging_mixin.py:190} INFO - [2024-12-13T12:01:35.703+0000] {dagbag.py:588} INFO - Filling up the DagBag from /opt/bitnami/airflow/venv/lib/python3.12/site-packages/airflow/example_dags/example_workday_timetable.py
[2024-12-13T12:01:35.707+0000] {processor.py:925} INFO - DAG(s) 'example_workday_timetable' retrieved from /opt/bitnami/airflow/venv/lib/python3.12/site-packages/airflow/example_dags/example_workday_timetable.py
[2024-12-13T12:01:35.744+0000] {logging_mixin.py:190} INFO - [2024-12-13T12:01:35.743+0000] {dag.py:3239} INFO - Sync 1 DAGs
[2024-12-13T12:01:35.801+0000] {logging_mixin.py:190} INFO - [2024-12-13T12:01:35.800+0000] {dag.py:4180} INFO - Setting next_dagrun for example_workday_timetable to 2021-01-04 00:00:00+00:00, run_after=2021-01-05 00:00:00+00:00
[2024-12-13T12:01:35.824+0000] {processor.py:208} INFO - Processing /opt/bitnami/airflow/venv/lib/python3.12/site-packages/airflow/example_dags/example_workday_timetable.py took 0.129 seconds
[2024-12-13T12:02:06.658+0000] {processor.py:186} INFO - Started process (PID=447) to work on /opt/bitnami/airflow/venv/lib/python3.12/site-packages/airflow/example_dags/example_workday_timetable.py
[2024-12-13T12:02:06.659+0000] {processor.py:914} INFO - Processing file /opt/bitnami/airflow/venv/lib/python3.12/site-packages/airflow/example_dags/example_workday_timetable.py for tasks to queue
[2024-12-13T12:02:06.662+0000] {logging_mixin.py:190} INFO - [2024-12-13T12:02:06.662+0000] {dagbag.py:588} INFO - Filling up the DagBag from /opt/bitnami/airflow/venv/lib/python3.12/site-packages/airflow/example_dags/example_workday_timetable.py
[2024-12-13T12:02:06.665+0000] {processor.py:925} INFO - DAG(s) 'example_workday_timetable' retrieved from /opt/bitnami/airflow/venv/lib/python3.12/site-packages/airflow/example_dags/example_workday_timetable.py
[2024-12-13T12:02:06.700+0000] {logging_mixin.py:190} INFO - [2024-12-13T12:02:06.699+0000] {dag.py:3239} INFO - Sync 1 DAGs
[2024-12-13T12:02:06.766+0000] {logging_mixin.py:190} INFO - [2024-12-13T12:02:06.766+0000] {dag.py:4180} INFO - Setting next_dagrun for example_workday_timetable to 2021-01-04 00:00:00+00:00, run_after=2021-01-05 00:00:00+00:00
[2024-12-13T12:02:06.791+0000] {processor.py:208} INFO - Processing /opt/bitnami/airflow/venv/lib/python3.12/site-packages/airflow/example_dags/example_workday_timetable.py took 0.139 seconds
[2024-12-13T12:02:37.109+0000] {processor.py:186} INFO - Started process (PID=504) to work on /opt/bitnami/airflow/venv/lib/python3.12/site-packages/airflow/example_dags/example_workday_timetable.py
[2024-12-13T12:02:37.110+0000] {processor.py:914} INFO - Processing file /opt/bitnami/airflow/venv/lib/python3.12/site-packages/airflow/example_dags/example_workday_timetable.py for tasks to queue
[2024-12-13T12:02:37.113+0000] {logging_mixin.py:190} INFO - [2024-12-13T12:02:37.112+0000] {dagbag.py:588} INFO - Filling up the DagBag from /opt/bitnami/airflow/venv/lib/python3.12/site-packages/airflow/example_dags/example_workday_timetable.py
[2024-12-13T12:02:37.117+0000] {processor.py:925} INFO - DAG(s) 'example_workday_timetable' retrieved from /opt/bitnami/airflow/venv/lib/python3.12/site-packages/airflow/example_dags/example_workday_timetable.py
[2024-12-13T12:02:37.155+0000] {logging_mixin.py:190} INFO - [2024-12-13T12:02:37.154+0000] {dag.py:3239} INFO - Sync 1 DAGs
[2024-12-13T12:02:37.224+0000] {logging_mixin.py:190} INFO - [2024-12-13T12:02:37.224+0000] {dag.py:4180} INFO - Setting next_dagrun for example_workday_timetable to 2021-01-04 00:00:00+00:00, run_after=2021-01-05 00:00:00+00:00
[2024-12-13T12:02:37.250+0000] {processor.py:208} INFO - Processing /opt/bitnami/airflow/venv/lib/python3.12/site-packages/airflow/example_dags/example_workday_timetable.py took 0.145 seconds
