[2024-12-13T08:19:44.768+0000] {processor.py:186} INFO - Started process (PID=67) to work on /opt/bitnami/airflow/venv/lib/python3.12/site-packages/airflow/example_dags/example_trigger_controller_dag.py
[2024-12-13T08:19:44.769+0000] {processor.py:914} INFO - Processing file /opt/bitnami/airflow/venv/lib/python3.12/site-packages/airflow/example_dags/example_trigger_controller_dag.py for tasks to queue
[2024-12-13T08:19:44.772+0000] {logging_mixin.py:190} INFO - [2024-12-13T08:19:44.772+0000] {dagbag.py:588} INFO - Filling up the DagBag from /opt/bitnami/airflow/venv/lib/python3.12/site-packages/airflow/example_dags/example_trigger_controller_dag.py
[2024-12-13T08:19:44.775+0000] {processor.py:925} INFO - DAG(s) 'example_trigger_controller_dag' retrieved from /opt/bitnami/airflow/venv/lib/python3.12/site-packages/airflow/example_dags/example_trigger_controller_dag.py
[2024-12-13T08:19:44.815+0000] {logging_mixin.py:190} INFO - [2024-12-13T08:19:44.814+0000] {dag.py:3239} INFO - Sync 1 DAGs
[2024-12-13T08:19:44.849+0000] {logging_mixin.py:190} INFO - [2024-12-13T08:19:44.849+0000] {dag.py:4180} INFO - Setting next_dagrun for example_trigger_controller_dag to 2021-01-01 00:00:00+00:00, run_after=2021-01-01 00:00:00+00:00
[2024-12-13T08:19:44.879+0000] {processor.py:208} INFO - Processing /opt/bitnami/airflow/venv/lib/python3.12/site-packages/airflow/example_dags/example_trigger_controller_dag.py took 0.116 seconds
[2024-12-13T08:20:15.099+0000] {processor.py:186} INFO - Started process (PID=124) to work on /opt/bitnami/airflow/venv/lib/python3.12/site-packages/airflow/example_dags/example_trigger_controller_dag.py
[2024-12-13T08:20:15.100+0000] {processor.py:914} INFO - Processing file /opt/bitnami/airflow/venv/lib/python3.12/site-packages/airflow/example_dags/example_trigger_controller_dag.py for tasks to queue
[2024-12-13T08:20:15.103+0000] {logging_mixin.py:190} INFO - [2024-12-13T08:20:15.103+0000] {dagbag.py:588} INFO - Filling up the DagBag from /opt/bitnami/airflow/venv/lib/python3.12/site-packages/airflow/example_dags/example_trigger_controller_dag.py
[2024-12-13T08:20:15.108+0000] {processor.py:925} INFO - DAG(s) 'example_trigger_controller_dag' retrieved from /opt/bitnami/airflow/venv/lib/python3.12/site-packages/airflow/example_dags/example_trigger_controller_dag.py
[2024-12-13T08:20:15.148+0000] {logging_mixin.py:190} INFO - [2024-12-13T08:20:15.148+0000] {dag.py:3239} INFO - Sync 1 DAGs
[2024-12-13T08:20:15.181+0000] {logging_mixin.py:190} INFO - [2024-12-13T08:20:15.181+0000] {dag.py:4180} INFO - Setting next_dagrun for example_trigger_controller_dag to 2021-01-01 00:00:00+00:00, run_after=2021-01-01 00:00:00+00:00
[2024-12-13T08:20:15.203+0000] {processor.py:208} INFO - Processing /opt/bitnami/airflow/venv/lib/python3.12/site-packages/airflow/example_dags/example_trigger_controller_dag.py took 0.110 seconds
[2024-12-13T08:20:45.633+0000] {processor.py:186} INFO - Started process (PID=181) to work on /opt/bitnami/airflow/venv/lib/python3.12/site-packages/airflow/example_dags/example_trigger_controller_dag.py
[2024-12-13T08:20:45.634+0000] {processor.py:914} INFO - Processing file /opt/bitnami/airflow/venv/lib/python3.12/site-packages/airflow/example_dags/example_trigger_controller_dag.py for tasks to queue
[2024-12-13T08:20:45.635+0000] {logging_mixin.py:190} INFO - [2024-12-13T08:20:45.635+0000] {dagbag.py:588} INFO - Filling up the DagBag from /opt/bitnami/airflow/venv/lib/python3.12/site-packages/airflow/example_dags/example_trigger_controller_dag.py
[2024-12-13T08:20:45.640+0000] {processor.py:925} INFO - DAG(s) 'example_trigger_controller_dag' retrieved from /opt/bitnami/airflow/venv/lib/python3.12/site-packages/airflow/example_dags/example_trigger_controller_dag.py
[2024-12-13T08:20:45.672+0000] {logging_mixin.py:190} INFO - [2024-12-13T08:20:45.671+0000] {dag.py:3239} INFO - Sync 1 DAGs
[2024-12-13T08:20:45.702+0000] {logging_mixin.py:190} INFO - [2024-12-13T08:20:45.702+0000] {dag.py:4180} INFO - Setting next_dagrun for example_trigger_controller_dag to 2021-01-01 00:00:00+00:00, run_after=2021-01-01 00:00:00+00:00
[2024-12-13T08:20:45.729+0000] {processor.py:208} INFO - Processing /opt/bitnami/airflow/venv/lib/python3.12/site-packages/airflow/example_dags/example_trigger_controller_dag.py took 0.102 seconds
[2024-12-13T08:21:16.461+0000] {processor.py:186} INFO - Started process (PID=238) to work on /opt/bitnami/airflow/venv/lib/python3.12/site-packages/airflow/example_dags/example_trigger_controller_dag.py
[2024-12-13T08:21:16.462+0000] {processor.py:914} INFO - Processing file /opt/bitnami/airflow/venv/lib/python3.12/site-packages/airflow/example_dags/example_trigger_controller_dag.py for tasks to queue
[2024-12-13T08:21:16.464+0000] {logging_mixin.py:190} INFO - [2024-12-13T08:21:16.464+0000] {dagbag.py:588} INFO - Filling up the DagBag from /opt/bitnami/airflow/venv/lib/python3.12/site-packages/airflow/example_dags/example_trigger_controller_dag.py
[2024-12-13T08:21:16.468+0000] {processor.py:925} INFO - DAG(s) 'example_trigger_controller_dag' retrieved from /opt/bitnami/airflow/venv/lib/python3.12/site-packages/airflow/example_dags/example_trigger_controller_dag.py
[2024-12-13T08:21:16.538+0000] {logging_mixin.py:190} INFO - [2024-12-13T08:21:16.538+0000] {dag.py:3239} INFO - Sync 1 DAGs
[2024-12-13T08:21:16.561+0000] {logging_mixin.py:190} INFO - [2024-12-13T08:21:16.561+0000] {dag.py:4180} INFO - Setting next_dagrun for example_trigger_controller_dag to 2021-01-01 00:00:00+00:00, run_after=2021-01-01 00:00:00+00:00
[2024-12-13T08:21:16.589+0000] {processor.py:208} INFO - Processing /opt/bitnami/airflow/venv/lib/python3.12/site-packages/airflow/example_dags/example_trigger_controller_dag.py took 0.133 seconds
[2024-12-13T08:21:47.534+0000] {processor.py:186} INFO - Started process (PID=295) to work on /opt/bitnami/airflow/venv/lib/python3.12/site-packages/airflow/example_dags/example_trigger_controller_dag.py
[2024-12-13T08:21:47.535+0000] {processor.py:914} INFO - Processing file /opt/bitnami/airflow/venv/lib/python3.12/site-packages/airflow/example_dags/example_trigger_controller_dag.py for tasks to queue
[2024-12-13T08:21:47.537+0000] {logging_mixin.py:190} INFO - [2024-12-13T08:21:47.536+0000] {dagbag.py:588} INFO - Filling up the DagBag from /opt/bitnami/airflow/venv/lib/python3.12/site-packages/airflow/example_dags/example_trigger_controller_dag.py
[2024-12-13T08:21:47.540+0000] {processor.py:925} INFO - DAG(s) 'example_trigger_controller_dag' retrieved from /opt/bitnami/airflow/venv/lib/python3.12/site-packages/airflow/example_dags/example_trigger_controller_dag.py
[2024-12-13T08:21:47.569+0000] {logging_mixin.py:190} INFO - [2024-12-13T08:21:47.568+0000] {dag.py:3239} INFO - Sync 1 DAGs
[2024-12-13T08:21:47.591+0000] {logging_mixin.py:190} INFO - [2024-12-13T08:21:47.591+0000] {dag.py:4180} INFO - Setting next_dagrun for example_trigger_controller_dag to 2021-01-01 00:00:00+00:00, run_after=2021-01-01 00:00:00+00:00
[2024-12-13T08:21:47.608+0000] {processor.py:208} INFO - Processing /opt/bitnami/airflow/venv/lib/python3.12/site-packages/airflow/example_dags/example_trigger_controller_dag.py took 0.079 seconds
[2024-12-13T08:22:17.816+0000] {processor.py:186} INFO - Started process (PID=352) to work on /opt/bitnami/airflow/venv/lib/python3.12/site-packages/airflow/example_dags/example_trigger_controller_dag.py
[2024-12-13T08:22:17.817+0000] {processor.py:914} INFO - Processing file /opt/bitnami/airflow/venv/lib/python3.12/site-packages/airflow/example_dags/example_trigger_controller_dag.py for tasks to queue
[2024-12-13T08:22:17.820+0000] {logging_mixin.py:190} INFO - [2024-12-13T08:22:17.820+0000] {dagbag.py:588} INFO - Filling up the DagBag from /opt/bitnami/airflow/venv/lib/python3.12/site-packages/airflow/example_dags/example_trigger_controller_dag.py
[2024-12-13T08:22:17.825+0000] {processor.py:925} INFO - DAG(s) 'example_trigger_controller_dag' retrieved from /opt/bitnami/airflow/venv/lib/python3.12/site-packages/airflow/example_dags/example_trigger_controller_dag.py
[2024-12-13T08:22:17.862+0000] {logging_mixin.py:190} INFO - [2024-12-13T08:22:17.862+0000] {dag.py:3239} INFO - Sync 1 DAGs
[2024-12-13T08:22:17.893+0000] {logging_mixin.py:190} INFO - [2024-12-13T08:22:17.893+0000] {dag.py:4180} INFO - Setting next_dagrun for example_trigger_controller_dag to 2021-01-01 00:00:00+00:00, run_after=2021-01-01 00:00:00+00:00
[2024-12-13T08:22:17.916+0000] {processor.py:208} INFO - Processing /opt/bitnami/airflow/venv/lib/python3.12/site-packages/airflow/example_dags/example_trigger_controller_dag.py took 0.104 seconds
[2024-12-13T08:22:48.662+0000] {processor.py:186} INFO - Started process (PID=409) to work on /opt/bitnami/airflow/venv/lib/python3.12/site-packages/airflow/example_dags/example_trigger_controller_dag.py
[2024-12-13T08:22:48.663+0000] {processor.py:914} INFO - Processing file /opt/bitnami/airflow/venv/lib/python3.12/site-packages/airflow/example_dags/example_trigger_controller_dag.py for tasks to queue
[2024-12-13T08:22:48.665+0000] {logging_mixin.py:190} INFO - [2024-12-13T08:22:48.665+0000] {dagbag.py:588} INFO - Filling up the DagBag from /opt/bitnami/airflow/venv/lib/python3.12/site-packages/airflow/example_dags/example_trigger_controller_dag.py
[2024-12-13T08:22:48.669+0000] {processor.py:925} INFO - DAG(s) 'example_trigger_controller_dag' retrieved from /opt/bitnami/airflow/venv/lib/python3.12/site-packages/airflow/example_dags/example_trigger_controller_dag.py
[2024-12-13T08:22:48.699+0000] {logging_mixin.py:190} INFO - [2024-12-13T08:22:48.699+0000] {dag.py:3239} INFO - Sync 1 DAGs
[2024-12-13T08:22:48.725+0000] {logging_mixin.py:190} INFO - [2024-12-13T08:22:48.725+0000] {dag.py:4180} INFO - Setting next_dagrun for example_trigger_controller_dag to 2021-01-01 00:00:00+00:00, run_after=2021-01-01 00:00:00+00:00
[2024-12-13T08:22:48.745+0000] {processor.py:208} INFO - Processing /opt/bitnami/airflow/venv/lib/python3.12/site-packages/airflow/example_dags/example_trigger_controller_dag.py took 0.087 seconds
[2024-12-13T08:25:45.830+0000] {processor.py:186} INFO - Started process (PID=67) to work on /opt/bitnami/airflow/venv/lib/python3.12/site-packages/airflow/example_dags/example_trigger_controller_dag.py
[2024-12-13T08:25:45.831+0000] {processor.py:914} INFO - Processing file /opt/bitnami/airflow/venv/lib/python3.12/site-packages/airflow/example_dags/example_trigger_controller_dag.py for tasks to queue
[2024-12-13T08:25:45.833+0000] {logging_mixin.py:190} INFO - [2024-12-13T08:25:45.832+0000] {dagbag.py:588} INFO - Filling up the DagBag from /opt/bitnami/airflow/venv/lib/python3.12/site-packages/airflow/example_dags/example_trigger_controller_dag.py
[2024-12-13T08:25:45.836+0000] {processor.py:925} INFO - DAG(s) 'example_trigger_controller_dag' retrieved from /opt/bitnami/airflow/venv/lib/python3.12/site-packages/airflow/example_dags/example_trigger_controller_dag.py
[2024-12-13T08:25:45.862+0000] {logging_mixin.py:190} INFO - [2024-12-13T08:25:45.862+0000] {dag.py:3239} INFO - Sync 1 DAGs
[2024-12-13T08:25:45.886+0000] {logging_mixin.py:190} INFO - [2024-12-13T08:25:45.886+0000] {dag.py:4180} INFO - Setting next_dagrun for example_trigger_controller_dag to 2021-01-01 00:00:00+00:00, run_after=2021-01-01 00:00:00+00:00
[2024-12-13T08:25:45.903+0000] {processor.py:208} INFO - Processing /opt/bitnami/airflow/venv/lib/python3.12/site-packages/airflow/example_dags/example_trigger_controller_dag.py took 0.078 seconds
[2024-12-13T08:26:16.243+0000] {processor.py:186} INFO - Started process (PID=124) to work on /opt/bitnami/airflow/venv/lib/python3.12/site-packages/airflow/example_dags/example_trigger_controller_dag.py
[2024-12-13T08:26:16.244+0000] {processor.py:914} INFO - Processing file /opt/bitnami/airflow/venv/lib/python3.12/site-packages/airflow/example_dags/example_trigger_controller_dag.py for tasks to queue
[2024-12-13T08:26:16.246+0000] {logging_mixin.py:190} INFO - [2024-12-13T08:26:16.245+0000] {dagbag.py:588} INFO - Filling up the DagBag from /opt/bitnami/airflow/venv/lib/python3.12/site-packages/airflow/example_dags/example_trigger_controller_dag.py
[2024-12-13T08:26:16.250+0000] {processor.py:925} INFO - DAG(s) 'example_trigger_controller_dag' retrieved from /opt/bitnami/airflow/venv/lib/python3.12/site-packages/airflow/example_dags/example_trigger_controller_dag.py
[2024-12-13T08:26:16.288+0000] {logging_mixin.py:190} INFO - [2024-12-13T08:26:16.288+0000] {dag.py:3239} INFO - Sync 1 DAGs
[2024-12-13T08:26:16.324+0000] {logging_mixin.py:190} INFO - [2024-12-13T08:26:16.324+0000] {dag.py:4180} INFO - Setting next_dagrun for example_trigger_controller_dag to 2021-01-01 00:00:00+00:00, run_after=2021-01-01 00:00:00+00:00
[2024-12-13T08:26:16.346+0000] {processor.py:208} INFO - Processing /opt/bitnami/airflow/venv/lib/python3.12/site-packages/airflow/example_dags/example_trigger_controller_dag.py took 0.109 seconds
[2024-12-13T08:26:48.163+0000] {processor.py:186} INFO - Started process (PID=181) to work on /opt/bitnami/airflow/venv/lib/python3.12/site-packages/airflow/example_dags/example_trigger_controller_dag.py
[2024-12-13T08:26:48.164+0000] {processor.py:914} INFO - Processing file /opt/bitnami/airflow/venv/lib/python3.12/site-packages/airflow/example_dags/example_trigger_controller_dag.py for tasks to queue
[2024-12-13T08:26:48.166+0000] {logging_mixin.py:190} INFO - [2024-12-13T08:26:48.166+0000] {dagbag.py:588} INFO - Filling up the DagBag from /opt/bitnami/airflow/venv/lib/python3.12/site-packages/airflow/example_dags/example_trigger_controller_dag.py
[2024-12-13T08:26:48.170+0000] {processor.py:925} INFO - DAG(s) 'example_trigger_controller_dag' retrieved from /opt/bitnami/airflow/venv/lib/python3.12/site-packages/airflow/example_dags/example_trigger_controller_dag.py
[2024-12-13T08:26:48.260+0000] {logging_mixin.py:190} INFO - [2024-12-13T08:26:48.259+0000] {dag.py:3239} INFO - Sync 1 DAGs
[2024-12-13T08:26:48.289+0000] {logging_mixin.py:190} INFO - [2024-12-13T08:26:48.289+0000] {dag.py:4180} INFO - Setting next_dagrun for example_trigger_controller_dag to 2021-01-01 00:00:00+00:00, run_after=2021-01-01 00:00:00+00:00
[2024-12-13T08:26:48.315+0000] {processor.py:208} INFO - Processing /opt/bitnami/airflow/venv/lib/python3.12/site-packages/airflow/example_dags/example_trigger_controller_dag.py took 0.156 seconds
[2024-12-13T08:27:19.302+0000] {processor.py:186} INFO - Started process (PID=238) to work on /opt/bitnami/airflow/venv/lib/python3.12/site-packages/airflow/example_dags/example_trigger_controller_dag.py
[2024-12-13T08:27:19.303+0000] {processor.py:914} INFO - Processing file /opt/bitnami/airflow/venv/lib/python3.12/site-packages/airflow/example_dags/example_trigger_controller_dag.py for tasks to queue
[2024-12-13T08:27:19.305+0000] {logging_mixin.py:190} INFO - [2024-12-13T08:27:19.305+0000] {dagbag.py:588} INFO - Filling up the DagBag from /opt/bitnami/airflow/venv/lib/python3.12/site-packages/airflow/example_dags/example_trigger_controller_dag.py
[2024-12-13T08:27:19.309+0000] {processor.py:925} INFO - DAG(s) 'example_trigger_controller_dag' retrieved from /opt/bitnami/airflow/venv/lib/python3.12/site-packages/airflow/example_dags/example_trigger_controller_dag.py
[2024-12-13T08:27:19.339+0000] {logging_mixin.py:190} INFO - [2024-12-13T08:27:19.339+0000] {dag.py:3239} INFO - Sync 1 DAGs
[2024-12-13T08:27:19.365+0000] {logging_mixin.py:190} INFO - [2024-12-13T08:27:19.365+0000] {dag.py:4180} INFO - Setting next_dagrun for example_trigger_controller_dag to 2021-01-01 00:00:00+00:00, run_after=2021-01-01 00:00:00+00:00
[2024-12-13T08:27:19.384+0000] {processor.py:208} INFO - Processing /opt/bitnami/airflow/venv/lib/python3.12/site-packages/airflow/example_dags/example_trigger_controller_dag.py took 0.087 seconds
[2024-12-13T10:42:38.876+0000] {processor.py:186} INFO - Started process (PID=67) to work on /opt/bitnami/airflow/venv/lib/python3.12/site-packages/airflow/example_dags/example_trigger_controller_dag.py
[2024-12-13T10:42:38.878+0000] {processor.py:914} INFO - Processing file /opt/bitnami/airflow/venv/lib/python3.12/site-packages/airflow/example_dags/example_trigger_controller_dag.py for tasks to queue
[2024-12-13T10:42:38.881+0000] {logging_mixin.py:190} INFO - [2024-12-13T10:42:38.881+0000] {dagbag.py:588} INFO - Filling up the DagBag from /opt/bitnami/airflow/venv/lib/python3.12/site-packages/airflow/example_dags/example_trigger_controller_dag.py
[2024-12-13T10:42:38.885+0000] {processor.py:925} INFO - DAG(s) 'example_trigger_controller_dag' retrieved from /opt/bitnami/airflow/venv/lib/python3.12/site-packages/airflow/example_dags/example_trigger_controller_dag.py
[2024-12-13T10:42:39.032+0000] {logging_mixin.py:190} INFO - [2024-12-13T10:42:39.031+0000] {override.py:1900} INFO - Created Permission View: can read on DAG:example_trigger_controller_dag
[2024-12-13T10:42:39.048+0000] {logging_mixin.py:190} INFO - [2024-12-13T10:42:39.048+0000] {override.py:1900} INFO - Created Permission View: can delete on DAG:example_trigger_controller_dag
[2024-12-13T10:42:39.055+0000] {logging_mixin.py:190} INFO - [2024-12-13T10:42:39.055+0000] {override.py:1900} INFO - Created Permission View: can edit on DAG:example_trigger_controller_dag
[2024-12-13T10:42:39.064+0000] {logging_mixin.py:190} INFO - [2024-12-13T10:42:39.064+0000] {override.py:1900} INFO - Created Permission View: can delete on DAG Run:example_trigger_controller_dag
[2024-12-13T10:42:39.073+0000] {logging_mixin.py:190} INFO - [2024-12-13T10:42:39.073+0000] {override.py:1900} INFO - Created Permission View: can read on DAG Run:example_trigger_controller_dag
[2024-12-13T10:42:39.082+0000] {logging_mixin.py:190} INFO - [2024-12-13T10:42:39.081+0000] {override.py:1900} INFO - Created Permission View: can create on DAG Run:example_trigger_controller_dag
[2024-12-13T10:42:39.090+0000] {logging_mixin.py:190} INFO - [2024-12-13T10:42:39.090+0000] {override.py:1900} INFO - Created Permission View: menu access on DAG Run:example_trigger_controller_dag
[2024-12-13T10:42:39.091+0000] {logging_mixin.py:190} INFO - [2024-12-13T10:42:39.091+0000] {dag.py:3239} INFO - Sync 1 DAGs
[2024-12-13T10:42:39.121+0000] {logging_mixin.py:190} INFO - [2024-12-13T10:42:39.121+0000] {dag.py:3262} INFO - Creating ORM DAG for example_trigger_controller_dag
[2024-12-13T10:42:39.137+0000] {logging_mixin.py:190} INFO - [2024-12-13T10:42:39.136+0000] {dag.py:4180} INFO - Setting next_dagrun for example_trigger_controller_dag to 2021-01-01 00:00:00+00:00, run_after=2021-01-01 00:00:00+00:00
[2024-12-13T10:42:39.172+0000] {processor.py:208} INFO - Processing /opt/bitnami/airflow/venv/lib/python3.12/site-packages/airflow/example_dags/example_trigger_controller_dag.py took 0.302 seconds
[2024-12-13T10:43:09.333+0000] {processor.py:186} INFO - Started process (PID=124) to work on /opt/bitnami/airflow/venv/lib/python3.12/site-packages/airflow/example_dags/example_trigger_controller_dag.py
[2024-12-13T10:43:09.335+0000] {processor.py:914} INFO - Processing file /opt/bitnami/airflow/venv/lib/python3.12/site-packages/airflow/example_dags/example_trigger_controller_dag.py for tasks to queue
[2024-12-13T10:43:09.337+0000] {logging_mixin.py:190} INFO - [2024-12-13T10:43:09.337+0000] {dagbag.py:588} INFO - Filling up the DagBag from /opt/bitnami/airflow/venv/lib/python3.12/site-packages/airflow/example_dags/example_trigger_controller_dag.py
[2024-12-13T10:43:09.342+0000] {processor.py:925} INFO - DAG(s) 'example_trigger_controller_dag' retrieved from /opt/bitnami/airflow/venv/lib/python3.12/site-packages/airflow/example_dags/example_trigger_controller_dag.py
[2024-12-13T10:43:09.400+0000] {logging_mixin.py:190} INFO - [2024-12-13T10:43:09.400+0000] {dag.py:3239} INFO - Sync 1 DAGs
[2024-12-13T10:43:09.459+0000] {logging_mixin.py:190} INFO - [2024-12-13T10:43:09.459+0000] {dag.py:4180} INFO - Setting next_dagrun for example_trigger_controller_dag to 2021-01-01 00:00:00+00:00, run_after=2021-01-01 00:00:00+00:00
[2024-12-13T10:43:09.496+0000] {processor.py:208} INFO - Processing /opt/bitnami/airflow/venv/lib/python3.12/site-packages/airflow/example_dags/example_trigger_controller_dag.py took 0.166 seconds
[2024-12-13T10:43:39.857+0000] {processor.py:186} INFO - Started process (PID=181) to work on /opt/bitnami/airflow/venv/lib/python3.12/site-packages/airflow/example_dags/example_trigger_controller_dag.py
[2024-12-13T10:43:39.858+0000] {processor.py:914} INFO - Processing file /opt/bitnami/airflow/venv/lib/python3.12/site-packages/airflow/example_dags/example_trigger_controller_dag.py for tasks to queue
[2024-12-13T10:43:39.861+0000] {logging_mixin.py:190} INFO - [2024-12-13T10:43:39.860+0000] {dagbag.py:588} INFO - Filling up the DagBag from /opt/bitnami/airflow/venv/lib/python3.12/site-packages/airflow/example_dags/example_trigger_controller_dag.py
[2024-12-13T10:43:39.865+0000] {processor.py:925} INFO - DAG(s) 'example_trigger_controller_dag' retrieved from /opt/bitnami/airflow/venv/lib/python3.12/site-packages/airflow/example_dags/example_trigger_controller_dag.py
[2024-12-13T10:43:40.012+0000] {logging_mixin.py:190} INFO - [2024-12-13T10:43:40.011+0000] {dag.py:3239} INFO - Sync 1 DAGs
[2024-12-13T10:43:40.056+0000] {logging_mixin.py:190} INFO - [2024-12-13T10:43:40.055+0000] {dag.py:4180} INFO - Setting next_dagrun for example_trigger_controller_dag to 2021-01-01 00:00:00+00:00, run_after=2021-01-01 00:00:00+00:00
[2024-12-13T10:43:40.098+0000] {processor.py:208} INFO - Processing /opt/bitnami/airflow/venv/lib/python3.12/site-packages/airflow/example_dags/example_trigger_controller_dag.py took 0.247 seconds
[2024-12-13T10:44:10.921+0000] {processor.py:186} INFO - Started process (PID=238) to work on /opt/bitnami/airflow/venv/lib/python3.12/site-packages/airflow/example_dags/example_trigger_controller_dag.py
[2024-12-13T10:44:10.923+0000] {processor.py:914} INFO - Processing file /opt/bitnami/airflow/venv/lib/python3.12/site-packages/airflow/example_dags/example_trigger_controller_dag.py for tasks to queue
[2024-12-13T10:44:10.925+0000] {logging_mixin.py:190} INFO - [2024-12-13T10:44:10.925+0000] {dagbag.py:588} INFO - Filling up the DagBag from /opt/bitnami/airflow/venv/lib/python3.12/site-packages/airflow/example_dags/example_trigger_controller_dag.py
[2024-12-13T10:44:10.929+0000] {processor.py:925} INFO - DAG(s) 'example_trigger_controller_dag' retrieved from /opt/bitnami/airflow/venv/lib/python3.12/site-packages/airflow/example_dags/example_trigger_controller_dag.py
[2024-12-13T10:44:10.994+0000] {logging_mixin.py:190} INFO - [2024-12-13T10:44:10.994+0000] {dag.py:3239} INFO - Sync 1 DAGs
[2024-12-13T10:44:11.039+0000] {logging_mixin.py:190} INFO - [2024-12-13T10:44:11.039+0000] {dag.py:4180} INFO - Setting next_dagrun for example_trigger_controller_dag to 2021-01-01 00:00:00+00:00, run_after=2021-01-01 00:00:00+00:00
[2024-12-13T10:44:11.077+0000] {processor.py:208} INFO - Processing /opt/bitnami/airflow/venv/lib/python3.12/site-packages/airflow/example_dags/example_trigger_controller_dag.py took 0.160 seconds
[2024-12-13T10:44:41.776+0000] {processor.py:186} INFO - Started process (PID=295) to work on /opt/bitnami/airflow/venv/lib/python3.12/site-packages/airflow/example_dags/example_trigger_controller_dag.py
[2024-12-13T10:44:41.777+0000] {processor.py:914} INFO - Processing file /opt/bitnami/airflow/venv/lib/python3.12/site-packages/airflow/example_dags/example_trigger_controller_dag.py for tasks to queue
[2024-12-13T10:44:41.780+0000] {logging_mixin.py:190} INFO - [2024-12-13T10:44:41.780+0000] {dagbag.py:588} INFO - Filling up the DagBag from /opt/bitnami/airflow/venv/lib/python3.12/site-packages/airflow/example_dags/example_trigger_controller_dag.py
[2024-12-13T10:44:41.785+0000] {processor.py:925} INFO - DAG(s) 'example_trigger_controller_dag' retrieved from /opt/bitnami/airflow/venv/lib/python3.12/site-packages/airflow/example_dags/example_trigger_controller_dag.py
[2024-12-13T10:44:41.837+0000] {logging_mixin.py:190} INFO - [2024-12-13T10:44:41.837+0000] {dag.py:3239} INFO - Sync 1 DAGs
[2024-12-13T10:44:41.881+0000] {logging_mixin.py:190} INFO - [2024-12-13T10:44:41.881+0000] {dag.py:4180} INFO - Setting next_dagrun for example_trigger_controller_dag to 2021-01-01 00:00:00+00:00, run_after=2021-01-01 00:00:00+00:00
[2024-12-13T10:44:41.917+0000] {processor.py:208} INFO - Processing /opt/bitnami/airflow/venv/lib/python3.12/site-packages/airflow/example_dags/example_trigger_controller_dag.py took 0.147 seconds
[2024-12-13T10:52:11.136+0000] {processor.py:186} INFO - Started process (PID=67) to work on /opt/bitnami/airflow/venv/lib/python3.12/site-packages/airflow/example_dags/example_trigger_controller_dag.py
[2024-12-13T10:52:11.137+0000] {processor.py:914} INFO - Processing file /opt/bitnami/airflow/venv/lib/python3.12/site-packages/airflow/example_dags/example_trigger_controller_dag.py for tasks to queue
[2024-12-13T10:52:11.140+0000] {logging_mixin.py:190} INFO - [2024-12-13T10:52:11.139+0000] {dagbag.py:588} INFO - Filling up the DagBag from /opt/bitnami/airflow/venv/lib/python3.12/site-packages/airflow/example_dags/example_trigger_controller_dag.py
[2024-12-13T10:52:11.143+0000] {processor.py:925} INFO - DAG(s) 'example_trigger_controller_dag' retrieved from /opt/bitnami/airflow/venv/lib/python3.12/site-packages/airflow/example_dags/example_trigger_controller_dag.py
[2024-12-13T10:52:11.230+0000] {logging_mixin.py:190} INFO - [2024-12-13T10:52:11.229+0000] {override.py:1900} INFO - Created Permission View: can read on DAG:example_trigger_controller_dag
[2024-12-13T10:52:11.240+0000] {logging_mixin.py:190} INFO - [2024-12-13T10:52:11.240+0000] {override.py:1900} INFO - Created Permission View: can delete on DAG:example_trigger_controller_dag
[2024-12-13T10:52:11.246+0000] {logging_mixin.py:190} INFO - [2024-12-13T10:52:11.246+0000] {override.py:1900} INFO - Created Permission View: can edit on DAG:example_trigger_controller_dag
[2024-12-13T10:52:11.253+0000] {logging_mixin.py:190} INFO - [2024-12-13T10:52:11.253+0000] {override.py:1900} INFO - Created Permission View: menu access on DAG Run:example_trigger_controller_dag
[2024-12-13T10:52:11.259+0000] {logging_mixin.py:190} INFO - [2024-12-13T10:52:11.259+0000] {override.py:1900} INFO - Created Permission View: can read on DAG Run:example_trigger_controller_dag
[2024-12-13T10:52:11.268+0000] {logging_mixin.py:190} INFO - [2024-12-13T10:52:11.268+0000] {override.py:1900} INFO - Created Permission View: can delete on DAG Run:example_trigger_controller_dag
[2024-12-13T10:52:11.275+0000] {logging_mixin.py:190} INFO - [2024-12-13T10:52:11.274+0000] {override.py:1900} INFO - Created Permission View: can create on DAG Run:example_trigger_controller_dag
[2024-12-13T10:52:11.276+0000] {logging_mixin.py:190} INFO - [2024-12-13T10:52:11.275+0000] {dag.py:3239} INFO - Sync 1 DAGs
[2024-12-13T10:52:11.303+0000] {logging_mixin.py:190} INFO - [2024-12-13T10:52:11.303+0000] {dag.py:3262} INFO - Creating ORM DAG for example_trigger_controller_dag
[2024-12-13T10:52:11.318+0000] {logging_mixin.py:190} INFO - [2024-12-13T10:52:11.318+0000] {dag.py:4180} INFO - Setting next_dagrun for example_trigger_controller_dag to 2021-01-01 00:00:00+00:00, run_after=2021-01-01 00:00:00+00:00
[2024-12-13T10:52:11.348+0000] {processor.py:208} INFO - Processing /opt/bitnami/airflow/venv/lib/python3.12/site-packages/airflow/example_dags/example_trigger_controller_dag.py took 0.217 seconds
[2024-12-13T10:52:41.936+0000] {processor.py:186} INFO - Started process (PID=124) to work on /opt/bitnami/airflow/venv/lib/python3.12/site-packages/airflow/example_dags/example_trigger_controller_dag.py
[2024-12-13T10:52:41.938+0000] {processor.py:914} INFO - Processing file /opt/bitnami/airflow/venv/lib/python3.12/site-packages/airflow/example_dags/example_trigger_controller_dag.py for tasks to queue
[2024-12-13T10:52:41.940+0000] {logging_mixin.py:190} INFO - [2024-12-13T10:52:41.940+0000] {dagbag.py:588} INFO - Filling up the DagBag from /opt/bitnami/airflow/venv/lib/python3.12/site-packages/airflow/example_dags/example_trigger_controller_dag.py
[2024-12-13T10:52:41.944+0000] {processor.py:925} INFO - DAG(s) 'example_trigger_controller_dag' retrieved from /opt/bitnami/airflow/venv/lib/python3.12/site-packages/airflow/example_dags/example_trigger_controller_dag.py
[2024-12-13T10:52:42.003+0000] {logging_mixin.py:190} INFO - [2024-12-13T10:52:42.003+0000] {dag.py:3239} INFO - Sync 1 DAGs
[2024-12-13T10:52:42.049+0000] {logging_mixin.py:190} INFO - [2024-12-13T10:52:42.048+0000] {dag.py:4180} INFO - Setting next_dagrun for example_trigger_controller_dag to 2021-01-01 00:00:00+00:00, run_after=2021-01-01 00:00:00+00:00
[2024-12-13T10:52:42.083+0000] {processor.py:208} INFO - Processing /opt/bitnami/airflow/venv/lib/python3.12/site-packages/airflow/example_dags/example_trigger_controller_dag.py took 0.151 seconds
[2024-12-13T10:53:14.124+0000] {processor.py:186} INFO - Started process (PID=181) to work on /opt/bitnami/airflow/venv/lib/python3.12/site-packages/airflow/example_dags/example_trigger_controller_dag.py
[2024-12-13T10:53:14.125+0000] {processor.py:914} INFO - Processing file /opt/bitnami/airflow/venv/lib/python3.12/site-packages/airflow/example_dags/example_trigger_controller_dag.py for tasks to queue
[2024-12-13T10:53:14.128+0000] {logging_mixin.py:190} INFO - [2024-12-13T10:53:14.128+0000] {dagbag.py:588} INFO - Filling up the DagBag from /opt/bitnami/airflow/venv/lib/python3.12/site-packages/airflow/example_dags/example_trigger_controller_dag.py
[2024-12-13T10:53:14.134+0000] {processor.py:925} INFO - DAG(s) 'example_trigger_controller_dag' retrieved from /opt/bitnami/airflow/venv/lib/python3.12/site-packages/airflow/example_dags/example_trigger_controller_dag.py
[2024-12-13T10:53:14.296+0000] {logging_mixin.py:190} INFO - [2024-12-13T10:53:14.296+0000] {dag.py:3239} INFO - Sync 1 DAGs
[2024-12-13T10:53:14.363+0000] {logging_mixin.py:190} INFO - [2024-12-13T10:53:14.362+0000] {dag.py:4180} INFO - Setting next_dagrun for example_trigger_controller_dag to 2021-01-01 00:00:00+00:00, run_after=2021-01-01 00:00:00+00:00
[2024-12-13T10:53:14.418+0000] {processor.py:208} INFO - Processing /opt/bitnami/airflow/venv/lib/python3.12/site-packages/airflow/example_dags/example_trigger_controller_dag.py took 0.302 seconds
[2024-12-13T10:53:44.898+0000] {processor.py:186} INFO - Started process (PID=238) to work on /opt/bitnami/airflow/venv/lib/python3.12/site-packages/airflow/example_dags/example_trigger_controller_dag.py
[2024-12-13T10:53:44.900+0000] {processor.py:914} INFO - Processing file /opt/bitnami/airflow/venv/lib/python3.12/site-packages/airflow/example_dags/example_trigger_controller_dag.py for tasks to queue
[2024-12-13T10:53:44.904+0000] {logging_mixin.py:190} INFO - [2024-12-13T10:53:44.904+0000] {dagbag.py:588} INFO - Filling up the DagBag from /opt/bitnami/airflow/venv/lib/python3.12/site-packages/airflow/example_dags/example_trigger_controller_dag.py
[2024-12-13T10:53:44.911+0000] {processor.py:925} INFO - DAG(s) 'example_trigger_controller_dag' retrieved from /opt/bitnami/airflow/venv/lib/python3.12/site-packages/airflow/example_dags/example_trigger_controller_dag.py
[2024-12-13T10:53:44.976+0000] {logging_mixin.py:190} INFO - [2024-12-13T10:53:44.976+0000] {dag.py:3239} INFO - Sync 1 DAGs
[2024-12-13T10:53:45.026+0000] {logging_mixin.py:190} INFO - [2024-12-13T10:53:45.025+0000] {dag.py:4180} INFO - Setting next_dagrun for example_trigger_controller_dag to 2021-01-01 00:00:00+00:00, run_after=2021-01-01 00:00:00+00:00
[2024-12-13T10:53:45.057+0000] {processor.py:208} INFO - Processing /opt/bitnami/airflow/venv/lib/python3.12/site-packages/airflow/example_dags/example_trigger_controller_dag.py took 0.165 seconds
[2024-12-13T10:54:15.869+0000] {processor.py:186} INFO - Started process (PID=295) to work on /opt/bitnami/airflow/venv/lib/python3.12/site-packages/airflow/example_dags/example_trigger_controller_dag.py
[2024-12-13T10:54:15.871+0000] {processor.py:914} INFO - Processing file /opt/bitnami/airflow/venv/lib/python3.12/site-packages/airflow/example_dags/example_trigger_controller_dag.py for tasks to queue
[2024-12-13T10:54:15.873+0000] {logging_mixin.py:190} INFO - [2024-12-13T10:54:15.872+0000] {dagbag.py:588} INFO - Filling up the DagBag from /opt/bitnami/airflow/venv/lib/python3.12/site-packages/airflow/example_dags/example_trigger_controller_dag.py
[2024-12-13T10:54:15.876+0000] {processor.py:925} INFO - DAG(s) 'example_trigger_controller_dag' retrieved from /opt/bitnami/airflow/venv/lib/python3.12/site-packages/airflow/example_dags/example_trigger_controller_dag.py
[2024-12-13T10:54:15.924+0000] {logging_mixin.py:190} INFO - [2024-12-13T10:54:15.924+0000] {dag.py:3239} INFO - Sync 1 DAGs
[2024-12-13T10:54:15.965+0000] {logging_mixin.py:190} INFO - [2024-12-13T10:54:15.965+0000] {dag.py:4180} INFO - Setting next_dagrun for example_trigger_controller_dag to 2021-01-01 00:00:00+00:00, run_after=2021-01-01 00:00:00+00:00
[2024-12-13T10:54:15.995+0000] {processor.py:208} INFO - Processing /opt/bitnami/airflow/venv/lib/python3.12/site-packages/airflow/example_dags/example_trigger_controller_dag.py took 0.130 seconds
[2024-12-13T10:54:46.292+0000] {processor.py:186} INFO - Started process (PID=352) to work on /opt/bitnami/airflow/venv/lib/python3.12/site-packages/airflow/example_dags/example_trigger_controller_dag.py
[2024-12-13T10:54:46.293+0000] {processor.py:914} INFO - Processing file /opt/bitnami/airflow/venv/lib/python3.12/site-packages/airflow/example_dags/example_trigger_controller_dag.py for tasks to queue
[2024-12-13T10:54:46.295+0000] {logging_mixin.py:190} INFO - [2024-12-13T10:54:46.295+0000] {dagbag.py:588} INFO - Filling up the DagBag from /opt/bitnami/airflow/venv/lib/python3.12/site-packages/airflow/example_dags/example_trigger_controller_dag.py
[2024-12-13T10:54:46.301+0000] {processor.py:925} INFO - DAG(s) 'example_trigger_controller_dag' retrieved from /opt/bitnami/airflow/venv/lib/python3.12/site-packages/airflow/example_dags/example_trigger_controller_dag.py
[2024-12-13T10:54:46.346+0000] {logging_mixin.py:190} INFO - [2024-12-13T10:54:46.346+0000] {dag.py:3239} INFO - Sync 1 DAGs
[2024-12-13T10:54:46.387+0000] {logging_mixin.py:190} INFO - [2024-12-13T10:54:46.387+0000] {dag.py:4180} INFO - Setting next_dagrun for example_trigger_controller_dag to 2021-01-01 00:00:00+00:00, run_after=2021-01-01 00:00:00+00:00
[2024-12-13T10:54:46.430+0000] {processor.py:208} INFO - Processing /opt/bitnami/airflow/venv/lib/python3.12/site-packages/airflow/example_dags/example_trigger_controller_dag.py took 0.144 seconds
[2024-12-13T10:55:17.114+0000] {processor.py:186} INFO - Started process (PID=409) to work on /opt/bitnami/airflow/venv/lib/python3.12/site-packages/airflow/example_dags/example_trigger_controller_dag.py
[2024-12-13T10:55:17.115+0000] {processor.py:914} INFO - Processing file /opt/bitnami/airflow/venv/lib/python3.12/site-packages/airflow/example_dags/example_trigger_controller_dag.py for tasks to queue
[2024-12-13T10:55:17.118+0000] {logging_mixin.py:190} INFO - [2024-12-13T10:55:17.118+0000] {dagbag.py:588} INFO - Filling up the DagBag from /opt/bitnami/airflow/venv/lib/python3.12/site-packages/airflow/example_dags/example_trigger_controller_dag.py
[2024-12-13T10:55:17.122+0000] {processor.py:925} INFO - DAG(s) 'example_trigger_controller_dag' retrieved from /opt/bitnami/airflow/venv/lib/python3.12/site-packages/airflow/example_dags/example_trigger_controller_dag.py
[2024-12-13T10:55:17.225+0000] {logging_mixin.py:190} INFO - [2024-12-13T10:55:17.224+0000] {dag.py:3239} INFO - Sync 1 DAGs
[2024-12-13T10:55:17.284+0000] {logging_mixin.py:190} INFO - [2024-12-13T10:55:17.284+0000] {dag.py:4180} INFO - Setting next_dagrun for example_trigger_controller_dag to 2021-01-01 00:00:00+00:00, run_after=2021-01-01 00:00:00+00:00
[2024-12-13T10:55:17.318+0000] {processor.py:208} INFO - Processing /opt/bitnami/airflow/venv/lib/python3.12/site-packages/airflow/example_dags/example_trigger_controller_dag.py took 0.209 seconds
[2024-12-13T10:55:47.689+0000] {processor.py:186} INFO - Started process (PID=466) to work on /opt/bitnami/airflow/venv/lib/python3.12/site-packages/airflow/example_dags/example_trigger_controller_dag.py
[2024-12-13T10:55:47.690+0000] {processor.py:914} INFO - Processing file /opt/bitnami/airflow/venv/lib/python3.12/site-packages/airflow/example_dags/example_trigger_controller_dag.py for tasks to queue
[2024-12-13T10:55:47.693+0000] {logging_mixin.py:190} INFO - [2024-12-13T10:55:47.692+0000] {dagbag.py:588} INFO - Filling up the DagBag from /opt/bitnami/airflow/venv/lib/python3.12/site-packages/airflow/example_dags/example_trigger_controller_dag.py
[2024-12-13T10:55:47.698+0000] {processor.py:925} INFO - DAG(s) 'example_trigger_controller_dag' retrieved from /opt/bitnami/airflow/venv/lib/python3.12/site-packages/airflow/example_dags/example_trigger_controller_dag.py
[2024-12-13T10:55:47.795+0000] {logging_mixin.py:190} INFO - [2024-12-13T10:55:47.794+0000] {dag.py:3239} INFO - Sync 1 DAGs
[2024-12-13T10:55:47.858+0000] {logging_mixin.py:190} INFO - [2024-12-13T10:55:47.858+0000] {dag.py:4180} INFO - Setting next_dagrun for example_trigger_controller_dag to 2021-01-01 00:00:00+00:00, run_after=2021-01-01 00:00:00+00:00
[2024-12-13T10:55:47.909+0000] {processor.py:208} INFO - Processing /opt/bitnami/airflow/venv/lib/python3.12/site-packages/airflow/example_dags/example_trigger_controller_dag.py took 0.226 seconds
[2024-12-13T10:56:18.022+0000] {processor.py:186} INFO - Started process (PID=523) to work on /opt/bitnami/airflow/venv/lib/python3.12/site-packages/airflow/example_dags/example_trigger_controller_dag.py
[2024-12-13T10:56:18.024+0000] {processor.py:914} INFO - Processing file /opt/bitnami/airflow/venv/lib/python3.12/site-packages/airflow/example_dags/example_trigger_controller_dag.py for tasks to queue
[2024-12-13T10:56:18.026+0000] {logging_mixin.py:190} INFO - [2024-12-13T10:56:18.026+0000] {dagbag.py:588} INFO - Filling up the DagBag from /opt/bitnami/airflow/venv/lib/python3.12/site-packages/airflow/example_dags/example_trigger_controller_dag.py
[2024-12-13T10:56:18.030+0000] {processor.py:925} INFO - DAG(s) 'example_trigger_controller_dag' retrieved from /opt/bitnami/airflow/venv/lib/python3.12/site-packages/airflow/example_dags/example_trigger_controller_dag.py
[2024-12-13T10:56:18.111+0000] {logging_mixin.py:190} INFO - [2024-12-13T10:56:18.111+0000] {dag.py:3239} INFO - Sync 1 DAGs
[2024-12-13T10:56:18.165+0000] {logging_mixin.py:190} INFO - [2024-12-13T10:56:18.165+0000] {dag.py:4180} INFO - Setting next_dagrun for example_trigger_controller_dag to 2021-01-01 00:00:00+00:00, run_after=2021-01-01 00:00:00+00:00
[2024-12-13T10:56:18.199+0000] {processor.py:208} INFO - Processing /opt/bitnami/airflow/venv/lib/python3.12/site-packages/airflow/example_dags/example_trigger_controller_dag.py took 0.183 seconds
[2024-12-13T10:56:48.928+0000] {processor.py:186} INFO - Started process (PID=580) to work on /opt/bitnami/airflow/venv/lib/python3.12/site-packages/airflow/example_dags/example_trigger_controller_dag.py
[2024-12-13T10:56:48.929+0000] {processor.py:914} INFO - Processing file /opt/bitnami/airflow/venv/lib/python3.12/site-packages/airflow/example_dags/example_trigger_controller_dag.py for tasks to queue
[2024-12-13T10:56:48.932+0000] {logging_mixin.py:190} INFO - [2024-12-13T10:56:48.931+0000] {dagbag.py:588} INFO - Filling up the DagBag from /opt/bitnami/airflow/venv/lib/python3.12/site-packages/airflow/example_dags/example_trigger_controller_dag.py
[2024-12-13T10:56:48.939+0000] {processor.py:925} INFO - DAG(s) 'example_trigger_controller_dag' retrieved from /opt/bitnami/airflow/venv/lib/python3.12/site-packages/airflow/example_dags/example_trigger_controller_dag.py
[2024-12-13T10:56:49.025+0000] {logging_mixin.py:190} INFO - [2024-12-13T10:56:49.025+0000] {dag.py:3239} INFO - Sync 1 DAGs
[2024-12-13T10:56:49.060+0000] {logging_mixin.py:190} INFO - [2024-12-13T10:56:49.060+0000] {dag.py:4180} INFO - Setting next_dagrun for example_trigger_controller_dag to 2021-01-01 00:00:00+00:00, run_after=2021-01-01 00:00:00+00:00
[2024-12-13T10:56:49.089+0000] {processor.py:208} INFO - Processing /opt/bitnami/airflow/venv/lib/python3.12/site-packages/airflow/example_dags/example_trigger_controller_dag.py took 0.166 seconds
[2024-12-13T10:57:19.383+0000] {processor.py:186} INFO - Started process (PID=637) to work on /opt/bitnami/airflow/venv/lib/python3.12/site-packages/airflow/example_dags/example_trigger_controller_dag.py
[2024-12-13T10:57:19.385+0000] {processor.py:914} INFO - Processing file /opt/bitnami/airflow/venv/lib/python3.12/site-packages/airflow/example_dags/example_trigger_controller_dag.py for tasks to queue
[2024-12-13T10:57:19.387+0000] {logging_mixin.py:190} INFO - [2024-12-13T10:57:19.386+0000] {dagbag.py:588} INFO - Filling up the DagBag from /opt/bitnami/airflow/venv/lib/python3.12/site-packages/airflow/example_dags/example_trigger_controller_dag.py
[2024-12-13T10:57:19.391+0000] {processor.py:925} INFO - DAG(s) 'example_trigger_controller_dag' retrieved from /opt/bitnami/airflow/venv/lib/python3.12/site-packages/airflow/example_dags/example_trigger_controller_dag.py
[2024-12-13T10:57:19.439+0000] {logging_mixin.py:190} INFO - [2024-12-13T10:57:19.438+0000] {dag.py:3239} INFO - Sync 1 DAGs
[2024-12-13T10:57:19.472+0000] {logging_mixin.py:190} INFO - [2024-12-13T10:57:19.472+0000] {dag.py:4180} INFO - Setting next_dagrun for example_trigger_controller_dag to 2021-01-01 00:00:00+00:00, run_after=2021-01-01 00:00:00+00:00
[2024-12-13T10:57:19.502+0000] {processor.py:208} INFO - Processing /opt/bitnami/airflow/venv/lib/python3.12/site-packages/airflow/example_dags/example_trigger_controller_dag.py took 0.123 seconds
[2024-12-13T10:57:50.287+0000] {processor.py:186} INFO - Started process (PID=694) to work on /opt/bitnami/airflow/venv/lib/python3.12/site-packages/airflow/example_dags/example_trigger_controller_dag.py
[2024-12-13T10:57:50.287+0000] {processor.py:914} INFO - Processing file /opt/bitnami/airflow/venv/lib/python3.12/site-packages/airflow/example_dags/example_trigger_controller_dag.py for tasks to queue
[2024-12-13T10:57:50.289+0000] {logging_mixin.py:190} INFO - [2024-12-13T10:57:50.289+0000] {dagbag.py:588} INFO - Filling up the DagBag from /opt/bitnami/airflow/venv/lib/python3.12/site-packages/airflow/example_dags/example_trigger_controller_dag.py
[2024-12-13T10:57:50.293+0000] {processor.py:925} INFO - DAG(s) 'example_trigger_controller_dag' retrieved from /opt/bitnami/airflow/venv/lib/python3.12/site-packages/airflow/example_dags/example_trigger_controller_dag.py
[2024-12-13T10:57:50.330+0000] {logging_mixin.py:190} INFO - [2024-12-13T10:57:50.330+0000] {dag.py:3239} INFO - Sync 1 DAGs
[2024-12-13T10:57:50.365+0000] {logging_mixin.py:190} INFO - [2024-12-13T10:57:50.365+0000] {dag.py:4180} INFO - Setting next_dagrun for example_trigger_controller_dag to 2021-01-01 00:00:00+00:00, run_after=2021-01-01 00:00:00+00:00
[2024-12-13T10:57:50.390+0000] {processor.py:208} INFO - Processing /opt/bitnami/airflow/venv/lib/python3.12/site-packages/airflow/example_dags/example_trigger_controller_dag.py took 0.108 seconds
[2024-12-13T10:58:20.986+0000] {processor.py:186} INFO - Started process (PID=751) to work on /opt/bitnami/airflow/venv/lib/python3.12/site-packages/airflow/example_dags/example_trigger_controller_dag.py
[2024-12-13T10:58:20.987+0000] {processor.py:914} INFO - Processing file /opt/bitnami/airflow/venv/lib/python3.12/site-packages/airflow/example_dags/example_trigger_controller_dag.py for tasks to queue
[2024-12-13T10:58:20.990+0000] {logging_mixin.py:190} INFO - [2024-12-13T10:58:20.989+0000] {dagbag.py:588} INFO - Filling up the DagBag from /opt/bitnami/airflow/venv/lib/python3.12/site-packages/airflow/example_dags/example_trigger_controller_dag.py
[2024-12-13T10:58:20.993+0000] {processor.py:925} INFO - DAG(s) 'example_trigger_controller_dag' retrieved from /opt/bitnami/airflow/venv/lib/python3.12/site-packages/airflow/example_dags/example_trigger_controller_dag.py
[2024-12-13T10:58:21.079+0000] {logging_mixin.py:190} INFO - [2024-12-13T10:58:21.079+0000] {dag.py:3239} INFO - Sync 1 DAGs
[2024-12-13T10:58:21.117+0000] {logging_mixin.py:190} INFO - [2024-12-13T10:58:21.116+0000] {dag.py:4180} INFO - Setting next_dagrun for example_trigger_controller_dag to 2021-01-01 00:00:00+00:00, run_after=2021-01-01 00:00:00+00:00
[2024-12-13T10:58:21.141+0000] {processor.py:208} INFO - Processing /opt/bitnami/airflow/venv/lib/python3.12/site-packages/airflow/example_dags/example_trigger_controller_dag.py took 0.159 seconds
[2024-12-13T10:58:52.111+0000] {processor.py:186} INFO - Started process (PID=808) to work on /opt/bitnami/airflow/venv/lib/python3.12/site-packages/airflow/example_dags/example_trigger_controller_dag.py
[2024-12-13T10:58:52.112+0000] {processor.py:914} INFO - Processing file /opt/bitnami/airflow/venv/lib/python3.12/site-packages/airflow/example_dags/example_trigger_controller_dag.py for tasks to queue
[2024-12-13T10:58:52.114+0000] {logging_mixin.py:190} INFO - [2024-12-13T10:58:52.114+0000] {dagbag.py:588} INFO - Filling up the DagBag from /opt/bitnami/airflow/venv/lib/python3.12/site-packages/airflow/example_dags/example_trigger_controller_dag.py
[2024-12-13T10:58:52.118+0000] {processor.py:925} INFO - DAG(s) 'example_trigger_controller_dag' retrieved from /opt/bitnami/airflow/venv/lib/python3.12/site-packages/airflow/example_dags/example_trigger_controller_dag.py
[2024-12-13T10:58:52.164+0000] {logging_mixin.py:190} INFO - [2024-12-13T10:58:52.163+0000] {dag.py:3239} INFO - Sync 1 DAGs
[2024-12-13T10:58:52.207+0000] {logging_mixin.py:190} INFO - [2024-12-13T10:58:52.207+0000] {dag.py:4180} INFO - Setting next_dagrun for example_trigger_controller_dag to 2021-01-01 00:00:00+00:00, run_after=2021-01-01 00:00:00+00:00
[2024-12-13T10:58:52.250+0000] {processor.py:208} INFO - Processing /opt/bitnami/airflow/venv/lib/python3.12/site-packages/airflow/example_dags/example_trigger_controller_dag.py took 0.144 seconds
[2024-12-13T11:07:31.012+0000] {processor.py:186} INFO - Started process (PID=67) to work on /opt/bitnami/airflow/venv/lib/python3.12/site-packages/airflow/example_dags/example_trigger_controller_dag.py
[2024-12-13T11:07:31.013+0000] {processor.py:914} INFO - Processing file /opt/bitnami/airflow/venv/lib/python3.12/site-packages/airflow/example_dags/example_trigger_controller_dag.py for tasks to queue
[2024-12-13T11:07:31.016+0000] {logging_mixin.py:190} INFO - [2024-12-13T11:07:31.016+0000] {dagbag.py:588} INFO - Filling up the DagBag from /opt/bitnami/airflow/venv/lib/python3.12/site-packages/airflow/example_dags/example_trigger_controller_dag.py
[2024-12-13T11:07:31.022+0000] {processor.py:925} INFO - DAG(s) 'example_trigger_controller_dag' retrieved from /opt/bitnami/airflow/venv/lib/python3.12/site-packages/airflow/example_dags/example_trigger_controller_dag.py
[2024-12-13T11:07:31.074+0000] {logging_mixin.py:190} INFO - [2024-12-13T11:07:31.073+0000] {dag.py:3239} INFO - Sync 1 DAGs
[2024-12-13T11:07:31.107+0000] {logging_mixin.py:190} INFO - [2024-12-13T11:07:31.106+0000] {dag.py:4180} INFO - Setting next_dagrun for example_trigger_controller_dag to 2021-01-01 00:00:00+00:00, run_after=2021-01-01 00:00:00+00:00
[2024-12-13T11:07:31.130+0000] {processor.py:208} INFO - Processing /opt/bitnami/airflow/venv/lib/python3.12/site-packages/airflow/example_dags/example_trigger_controller_dag.py took 0.126 seconds
[2024-12-13T11:08:01.476+0000] {processor.py:186} INFO - Started process (PID=124) to work on /opt/bitnami/airflow/venv/lib/python3.12/site-packages/airflow/example_dags/example_trigger_controller_dag.py
[2024-12-13T11:08:01.477+0000] {processor.py:914} INFO - Processing file /opt/bitnami/airflow/venv/lib/python3.12/site-packages/airflow/example_dags/example_trigger_controller_dag.py for tasks to queue
[2024-12-13T11:08:01.479+0000] {logging_mixin.py:190} INFO - [2024-12-13T11:08:01.479+0000] {dagbag.py:588} INFO - Filling up the DagBag from /opt/bitnami/airflow/venv/lib/python3.12/site-packages/airflow/example_dags/example_trigger_controller_dag.py
[2024-12-13T11:08:01.483+0000] {processor.py:925} INFO - DAG(s) 'example_trigger_controller_dag' retrieved from /opt/bitnami/airflow/venv/lib/python3.12/site-packages/airflow/example_dags/example_trigger_controller_dag.py
[2024-12-13T11:08:01.526+0000] {logging_mixin.py:190} INFO - [2024-12-13T11:08:01.525+0000] {dag.py:3239} INFO - Sync 1 DAGs
[2024-12-13T11:08:01.570+0000] {logging_mixin.py:190} INFO - [2024-12-13T11:08:01.570+0000] {dag.py:4180} INFO - Setting next_dagrun for example_trigger_controller_dag to 2021-01-01 00:00:00+00:00, run_after=2021-01-01 00:00:00+00:00
[2024-12-13T11:08:01.606+0000] {processor.py:208} INFO - Processing /opt/bitnami/airflow/venv/lib/python3.12/site-packages/airflow/example_dags/example_trigger_controller_dag.py took 0.134 seconds
[2024-12-13T11:08:33.422+0000] {processor.py:186} INFO - Started process (PID=181) to work on /opt/bitnami/airflow/venv/lib/python3.12/site-packages/airflow/example_dags/example_trigger_controller_dag.py
[2024-12-13T11:08:33.424+0000] {processor.py:914} INFO - Processing file /opt/bitnami/airflow/venv/lib/python3.12/site-packages/airflow/example_dags/example_trigger_controller_dag.py for tasks to queue
[2024-12-13T11:08:33.427+0000] {logging_mixin.py:190} INFO - [2024-12-13T11:08:33.426+0000] {dagbag.py:588} INFO - Filling up the DagBag from /opt/bitnami/airflow/venv/lib/python3.12/site-packages/airflow/example_dags/example_trigger_controller_dag.py
[2024-12-13T11:08:33.433+0000] {processor.py:925} INFO - DAG(s) 'example_trigger_controller_dag' retrieved from /opt/bitnami/airflow/venv/lib/python3.12/site-packages/airflow/example_dags/example_trigger_controller_dag.py
[2024-12-13T11:08:33.601+0000] {logging_mixin.py:190} INFO - [2024-12-13T11:08:33.600+0000] {dag.py:3239} INFO - Sync 1 DAGs
[2024-12-13T11:08:33.647+0000] {logging_mixin.py:190} INFO - [2024-12-13T11:08:33.646+0000] {dag.py:4180} INFO - Setting next_dagrun for example_trigger_controller_dag to 2021-01-01 00:00:00+00:00, run_after=2021-01-01 00:00:00+00:00
[2024-12-13T11:08:33.690+0000] {processor.py:208} INFO - Processing /opt/bitnami/airflow/venv/lib/python3.12/site-packages/airflow/example_dags/example_trigger_controller_dag.py took 0.273 seconds
[2024-12-13T11:09:04.654+0000] {processor.py:186} INFO - Started process (PID=238) to work on /opt/bitnami/airflow/venv/lib/python3.12/site-packages/airflow/example_dags/example_trigger_controller_dag.py
[2024-12-13T11:09:04.655+0000] {processor.py:914} INFO - Processing file /opt/bitnami/airflow/venv/lib/python3.12/site-packages/airflow/example_dags/example_trigger_controller_dag.py for tasks to queue
[2024-12-13T11:09:04.659+0000] {logging_mixin.py:190} INFO - [2024-12-13T11:09:04.658+0000] {dagbag.py:588} INFO - Filling up the DagBag from /opt/bitnami/airflow/venv/lib/python3.12/site-packages/airflow/example_dags/example_trigger_controller_dag.py
[2024-12-13T11:09:04.664+0000] {processor.py:925} INFO - DAG(s) 'example_trigger_controller_dag' retrieved from /opt/bitnami/airflow/venv/lib/python3.12/site-packages/airflow/example_dags/example_trigger_controller_dag.py
[2024-12-13T11:09:04.718+0000] {logging_mixin.py:190} INFO - [2024-12-13T11:09:04.717+0000] {dag.py:3239} INFO - Sync 1 DAGs
[2024-12-13T11:09:04.758+0000] {logging_mixin.py:190} INFO - [2024-12-13T11:09:04.758+0000] {dag.py:4180} INFO - Setting next_dagrun for example_trigger_controller_dag to 2021-01-01 00:00:00+00:00, run_after=2021-01-01 00:00:00+00:00
[2024-12-13T11:09:04.791+0000] {processor.py:208} INFO - Processing /opt/bitnami/airflow/venv/lib/python3.12/site-packages/airflow/example_dags/example_trigger_controller_dag.py took 0.143 seconds
[2024-12-13T11:13:43.653+0000] {processor.py:186} INFO - Started process (PID=67) to work on /opt/bitnami/airflow/venv/lib/python3.12/site-packages/airflow/example_dags/example_trigger_controller_dag.py
[2024-12-13T11:13:43.654+0000] {processor.py:914} INFO - Processing file /opt/bitnami/airflow/venv/lib/python3.12/site-packages/airflow/example_dags/example_trigger_controller_dag.py for tasks to queue
[2024-12-13T11:13:43.658+0000] {logging_mixin.py:190} INFO - [2024-12-13T11:13:43.657+0000] {dagbag.py:588} INFO - Filling up the DagBag from /opt/bitnami/airflow/venv/lib/python3.12/site-packages/airflow/example_dags/example_trigger_controller_dag.py
[2024-12-13T11:13:43.662+0000] {processor.py:925} INFO - DAG(s) 'example_trigger_controller_dag' retrieved from /opt/bitnami/airflow/venv/lib/python3.12/site-packages/airflow/example_dags/example_trigger_controller_dag.py
[2024-12-13T11:13:43.706+0000] {logging_mixin.py:190} INFO - [2024-12-13T11:13:43.706+0000] {dag.py:3239} INFO - Sync 1 DAGs
[2024-12-13T11:13:43.748+0000] {logging_mixin.py:190} INFO - [2024-12-13T11:13:43.747+0000] {dag.py:4180} INFO - Setting next_dagrun for example_trigger_controller_dag to 2021-01-01 00:00:00+00:00, run_after=2021-01-01 00:00:00+00:00
[2024-12-13T11:13:43.776+0000] {processor.py:208} INFO - Processing /opt/bitnami/airflow/venv/lib/python3.12/site-packages/airflow/example_dags/example_trigger_controller_dag.py took 0.130 seconds
[2024-12-13T11:14:14.255+0000] {processor.py:186} INFO - Started process (PID=124) to work on /opt/bitnami/airflow/venv/lib/python3.12/site-packages/airflow/example_dags/example_trigger_controller_dag.py
[2024-12-13T11:14:14.256+0000] {processor.py:914} INFO - Processing file /opt/bitnami/airflow/venv/lib/python3.12/site-packages/airflow/example_dags/example_trigger_controller_dag.py for tasks to queue
[2024-12-13T11:14:14.257+0000] {logging_mixin.py:190} INFO - [2024-12-13T11:14:14.257+0000] {dagbag.py:588} INFO - Filling up the DagBag from /opt/bitnami/airflow/venv/lib/python3.12/site-packages/airflow/example_dags/example_trigger_controller_dag.py
[2024-12-13T11:14:14.261+0000] {processor.py:925} INFO - DAG(s) 'example_trigger_controller_dag' retrieved from /opt/bitnami/airflow/venv/lib/python3.12/site-packages/airflow/example_dags/example_trigger_controller_dag.py
[2024-12-13T11:14:14.301+0000] {logging_mixin.py:190} INFO - [2024-12-13T11:14:14.301+0000] {dag.py:3239} INFO - Sync 1 DAGs
[2024-12-13T11:14:14.336+0000] {logging_mixin.py:190} INFO - [2024-12-13T11:14:14.335+0000] {dag.py:4180} INFO - Setting next_dagrun for example_trigger_controller_dag to 2021-01-01 00:00:00+00:00, run_after=2021-01-01 00:00:00+00:00
[2024-12-13T11:14:14.356+0000] {processor.py:208} INFO - Processing /opt/bitnami/airflow/venv/lib/python3.12/site-packages/airflow/example_dags/example_trigger_controller_dag.py took 0.106 seconds
[2024-12-13T11:14:46.523+0000] {processor.py:186} INFO - Started process (PID=181) to work on /opt/bitnami/airflow/venv/lib/python3.12/site-packages/airflow/example_dags/example_trigger_controller_dag.py
[2024-12-13T11:14:46.525+0000] {processor.py:914} INFO - Processing file /opt/bitnami/airflow/venv/lib/python3.12/site-packages/airflow/example_dags/example_trigger_controller_dag.py for tasks to queue
[2024-12-13T11:14:46.529+0000] {logging_mixin.py:190} INFO - [2024-12-13T11:14:46.529+0000] {dagbag.py:588} INFO - Filling up the DagBag from /opt/bitnami/airflow/venv/lib/python3.12/site-packages/airflow/example_dags/example_trigger_controller_dag.py
[2024-12-13T11:14:46.536+0000] {processor.py:925} INFO - DAG(s) 'example_trigger_controller_dag' retrieved from /opt/bitnami/airflow/venv/lib/python3.12/site-packages/airflow/example_dags/example_trigger_controller_dag.py
[2024-12-13T11:14:46.701+0000] {logging_mixin.py:190} INFO - [2024-12-13T11:14:46.701+0000] {dag.py:3239} INFO - Sync 1 DAGs
[2024-12-13T11:14:46.754+0000] {logging_mixin.py:190} INFO - [2024-12-13T11:14:46.753+0000] {dag.py:4180} INFO - Setting next_dagrun for example_trigger_controller_dag to 2021-01-01 00:00:00+00:00, run_after=2021-01-01 00:00:00+00:00
[2024-12-13T11:14:46.796+0000] {processor.py:208} INFO - Processing /opt/bitnami/airflow/venv/lib/python3.12/site-packages/airflow/example_dags/example_trigger_controller_dag.py took 0.287 seconds
[2024-12-13T11:15:17.379+0000] {processor.py:186} INFO - Started process (PID=238) to work on /opt/bitnami/airflow/venv/lib/python3.12/site-packages/airflow/example_dags/example_trigger_controller_dag.py
[2024-12-13T11:15:17.382+0000] {processor.py:914} INFO - Processing file /opt/bitnami/airflow/venv/lib/python3.12/site-packages/airflow/example_dags/example_trigger_controller_dag.py for tasks to queue
[2024-12-13T11:15:17.385+0000] {logging_mixin.py:190} INFO - [2024-12-13T11:15:17.385+0000] {dagbag.py:588} INFO - Filling up the DagBag from /opt/bitnami/airflow/venv/lib/python3.12/site-packages/airflow/example_dags/example_trigger_controller_dag.py
[2024-12-13T11:15:17.391+0000] {processor.py:925} INFO - DAG(s) 'example_trigger_controller_dag' retrieved from /opt/bitnami/airflow/venv/lib/python3.12/site-packages/airflow/example_dags/example_trigger_controller_dag.py
[2024-12-13T11:15:17.479+0000] {logging_mixin.py:190} INFO - [2024-12-13T11:15:17.478+0000] {dag.py:3239} INFO - Sync 1 DAGs
[2024-12-13T11:15:17.538+0000] {logging_mixin.py:190} INFO - [2024-12-13T11:15:17.537+0000] {dag.py:4180} INFO - Setting next_dagrun for example_trigger_controller_dag to 2021-01-01 00:00:00+00:00, run_after=2021-01-01 00:00:00+00:00
[2024-12-13T11:15:17.579+0000] {processor.py:208} INFO - Processing /opt/bitnami/airflow/venv/lib/python3.12/site-packages/airflow/example_dags/example_trigger_controller_dag.py took 0.205 seconds
[2024-12-13T11:57:08.503+0000] {processor.py:186} INFO - Started process (PID=67) to work on /opt/bitnami/airflow/venv/lib/python3.12/site-packages/airflow/example_dags/example_trigger_controller_dag.py
[2024-12-13T11:57:08.504+0000] {processor.py:914} INFO - Processing file /opt/bitnami/airflow/venv/lib/python3.12/site-packages/airflow/example_dags/example_trigger_controller_dag.py for tasks to queue
[2024-12-13T11:57:08.506+0000] {logging_mixin.py:190} INFO - [2024-12-13T11:57:08.506+0000] {dagbag.py:588} INFO - Filling up the DagBag from /opt/bitnami/airflow/venv/lib/python3.12/site-packages/airflow/example_dags/example_trigger_controller_dag.py
[2024-12-13T11:57:08.510+0000] {processor.py:925} INFO - DAG(s) 'example_trigger_controller_dag' retrieved from /opt/bitnami/airflow/venv/lib/python3.12/site-packages/airflow/example_dags/example_trigger_controller_dag.py
[2024-12-13T11:57:08.534+0000] {logging_mixin.py:190} INFO - [2024-12-13T11:57:08.534+0000] {dag.py:3239} INFO - Sync 1 DAGs
[2024-12-13T11:57:08.558+0000] {logging_mixin.py:190} INFO - [2024-12-13T11:57:08.558+0000] {dag.py:4180} INFO - Setting next_dagrun for example_trigger_controller_dag to 2021-01-01 00:00:00+00:00, run_after=2021-01-01 00:00:00+00:00
[2024-12-13T11:57:08.574+0000] {processor.py:208} INFO - Processing /opt/bitnami/airflow/venv/lib/python3.12/site-packages/airflow/example_dags/example_trigger_controller_dag.py took 0.075 seconds
[2024-12-13T11:57:39.720+0000] {processor.py:186} INFO - Started process (PID=124) to work on /opt/bitnami/airflow/venv/lib/python3.12/site-packages/airflow/example_dags/example_trigger_controller_dag.py
[2024-12-13T11:57:39.722+0000] {processor.py:914} INFO - Processing file /opt/bitnami/airflow/venv/lib/python3.12/site-packages/airflow/example_dags/example_trigger_controller_dag.py for tasks to queue
[2024-12-13T11:57:39.726+0000] {logging_mixin.py:190} INFO - [2024-12-13T11:57:39.726+0000] {dagbag.py:588} INFO - Filling up the DagBag from /opt/bitnami/airflow/venv/lib/python3.12/site-packages/airflow/example_dags/example_trigger_controller_dag.py
[2024-12-13T11:57:39.731+0000] {processor.py:925} INFO - DAG(s) 'example_trigger_controller_dag' retrieved from /opt/bitnami/airflow/venv/lib/python3.12/site-packages/airflow/example_dags/example_trigger_controller_dag.py
[2024-12-13T11:57:39.771+0000] {logging_mixin.py:190} INFO - [2024-12-13T11:57:39.770+0000] {dag.py:3239} INFO - Sync 1 DAGs
[2024-12-13T11:57:39.808+0000] {logging_mixin.py:190} INFO - [2024-12-13T11:57:39.808+0000] {dag.py:4180} INFO - Setting next_dagrun for example_trigger_controller_dag to 2021-01-01 00:00:00+00:00, run_after=2021-01-01 00:00:00+00:00
[2024-12-13T11:57:39.841+0000] {processor.py:208} INFO - Processing /opt/bitnami/airflow/venv/lib/python3.12/site-packages/airflow/example_dags/example_trigger_controller_dag.py took 0.127 seconds
[2024-12-13T11:58:34.019+0000] {processor.py:186} INFO - Started process (PID=67) to work on /opt/bitnami/airflow/venv/lib/python3.12/site-packages/airflow/example_dags/example_trigger_controller_dag.py
[2024-12-13T11:58:34.020+0000] {processor.py:914} INFO - Processing file /opt/bitnami/airflow/venv/lib/python3.12/site-packages/airflow/example_dags/example_trigger_controller_dag.py for tasks to queue
[2024-12-13T11:58:34.024+0000] {logging_mixin.py:190} INFO - [2024-12-13T11:58:34.023+0000] {dagbag.py:588} INFO - Filling up the DagBag from /opt/bitnami/airflow/venv/lib/python3.12/site-packages/airflow/example_dags/example_trigger_controller_dag.py
[2024-12-13T11:58:34.029+0000] {processor.py:925} INFO - DAG(s) 'example_trigger_controller_dag' retrieved from /opt/bitnami/airflow/venv/lib/python3.12/site-packages/airflow/example_dags/example_trigger_controller_dag.py
[2024-12-13T11:58:34.069+0000] {logging_mixin.py:190} INFO - [2024-12-13T11:58:34.067+0000] {dag.py:3239} INFO - Sync 1 DAGs
[2024-12-13T11:58:34.114+0000] {logging_mixin.py:190} INFO - [2024-12-13T11:58:34.114+0000] {dag.py:4180} INFO - Setting next_dagrun for example_trigger_controller_dag to 2021-01-01 00:00:00+00:00, run_after=2021-01-01 00:00:00+00:00
[2024-12-13T11:58:34.135+0000] {processor.py:208} INFO - Processing /opt/bitnami/airflow/venv/lib/python3.12/site-packages/airflow/example_dags/example_trigger_controller_dag.py took 0.121 seconds
[2024-12-13T11:59:05.256+0000] {processor.py:186} INFO - Started process (PID=124) to work on /opt/bitnami/airflow/venv/lib/python3.12/site-packages/airflow/example_dags/example_trigger_controller_dag.py
[2024-12-13T11:59:05.257+0000] {processor.py:914} INFO - Processing file /opt/bitnami/airflow/venv/lib/python3.12/site-packages/airflow/example_dags/example_trigger_controller_dag.py for tasks to queue
[2024-12-13T11:59:05.259+0000] {logging_mixin.py:190} INFO - [2024-12-13T11:59:05.259+0000] {dagbag.py:588} INFO - Filling up the DagBag from /opt/bitnami/airflow/venv/lib/python3.12/site-packages/airflow/example_dags/example_trigger_controller_dag.py
[2024-12-13T11:59:05.263+0000] {processor.py:925} INFO - DAG(s) 'example_trigger_controller_dag' retrieved from /opt/bitnami/airflow/venv/lib/python3.12/site-packages/airflow/example_dags/example_trigger_controller_dag.py
[2024-12-13T11:59:05.298+0000] {logging_mixin.py:190} INFO - [2024-12-13T11:59:05.298+0000] {dag.py:3239} INFO - Sync 1 DAGs
[2024-12-13T11:59:05.332+0000] {logging_mixin.py:190} INFO - [2024-12-13T11:59:05.331+0000] {dag.py:4180} INFO - Setting next_dagrun for example_trigger_controller_dag to 2021-01-01 00:00:00+00:00, run_after=2021-01-01 00:00:00+00:00
[2024-12-13T11:59:05.356+0000] {processor.py:208} INFO - Processing /opt/bitnami/airflow/venv/lib/python3.12/site-packages/airflow/example_dags/example_trigger_controller_dag.py took 0.105 seconds
[2024-12-13T11:59:35.869+0000] {processor.py:186} INFO - Started process (PID=181) to work on /opt/bitnami/airflow/venv/lib/python3.12/site-packages/airflow/example_dags/example_trigger_controller_dag.py
[2024-12-13T11:59:35.871+0000] {processor.py:914} INFO - Processing file /opt/bitnami/airflow/venv/lib/python3.12/site-packages/airflow/example_dags/example_trigger_controller_dag.py for tasks to queue
[2024-12-13T11:59:35.873+0000] {logging_mixin.py:190} INFO - [2024-12-13T11:59:35.872+0000] {dagbag.py:588} INFO - Filling up the DagBag from /opt/bitnami/airflow/venv/lib/python3.12/site-packages/airflow/example_dags/example_trigger_controller_dag.py
[2024-12-13T11:59:35.877+0000] {processor.py:925} INFO - DAG(s) 'example_trigger_controller_dag' retrieved from /opt/bitnami/airflow/venv/lib/python3.12/site-packages/airflow/example_dags/example_trigger_controller_dag.py
[2024-12-13T11:59:35.956+0000] {logging_mixin.py:190} INFO - [2024-12-13T11:59:35.956+0000] {dag.py:3239} INFO - Sync 1 DAGs
[2024-12-13T11:59:35.984+0000] {logging_mixin.py:190} INFO - [2024-12-13T11:59:35.984+0000] {dag.py:4180} INFO - Setting next_dagrun for example_trigger_controller_dag to 2021-01-01 00:00:00+00:00, run_after=2021-01-01 00:00:00+00:00
[2024-12-13T11:59:36.007+0000] {processor.py:208} INFO - Processing /opt/bitnami/airflow/venv/lib/python3.12/site-packages/airflow/example_dags/example_trigger_controller_dag.py took 0.143 seconds
[2024-12-13T12:00:06.380+0000] {processor.py:186} INFO - Started process (PID=238) to work on /opt/bitnami/airflow/venv/lib/python3.12/site-packages/airflow/example_dags/example_trigger_controller_dag.py
[2024-12-13T12:00:06.381+0000] {processor.py:914} INFO - Processing file /opt/bitnami/airflow/venv/lib/python3.12/site-packages/airflow/example_dags/example_trigger_controller_dag.py for tasks to queue
[2024-12-13T12:00:06.383+0000] {logging_mixin.py:190} INFO - [2024-12-13T12:00:06.383+0000] {dagbag.py:588} INFO - Filling up the DagBag from /opt/bitnami/airflow/venv/lib/python3.12/site-packages/airflow/example_dags/example_trigger_controller_dag.py
[2024-12-13T12:00:06.387+0000] {processor.py:925} INFO - DAG(s) 'example_trigger_controller_dag' retrieved from /opt/bitnami/airflow/venv/lib/python3.12/site-packages/airflow/example_dags/example_trigger_controller_dag.py
[2024-12-13T12:00:06.424+0000] {logging_mixin.py:190} INFO - [2024-12-13T12:00:06.424+0000] {dag.py:3239} INFO - Sync 1 DAGs
[2024-12-13T12:00:06.455+0000] {logging_mixin.py:190} INFO - [2024-12-13T12:00:06.454+0000] {dag.py:4180} INFO - Setting next_dagrun for example_trigger_controller_dag to 2021-01-01 00:00:00+00:00, run_after=2021-01-01 00:00:00+00:00
[2024-12-13T12:00:06.480+0000] {processor.py:208} INFO - Processing /opt/bitnami/airflow/venv/lib/python3.12/site-packages/airflow/example_dags/example_trigger_controller_dag.py took 0.106 seconds
[2024-12-13T12:00:37.509+0000] {processor.py:186} INFO - Started process (PID=295) to work on /opt/bitnami/airflow/venv/lib/python3.12/site-packages/airflow/example_dags/example_trigger_controller_dag.py
[2024-12-13T12:00:37.510+0000] {processor.py:914} INFO - Processing file /opt/bitnami/airflow/venv/lib/python3.12/site-packages/airflow/example_dags/example_trigger_controller_dag.py for tasks to queue
[2024-12-13T12:00:37.512+0000] {logging_mixin.py:190} INFO - [2024-12-13T12:00:37.512+0000] {dagbag.py:588} INFO - Filling up the DagBag from /opt/bitnami/airflow/venv/lib/python3.12/site-packages/airflow/example_dags/example_trigger_controller_dag.py
[2024-12-13T12:00:37.516+0000] {processor.py:925} INFO - DAG(s) 'example_trigger_controller_dag' retrieved from /opt/bitnami/airflow/venv/lib/python3.12/site-packages/airflow/example_dags/example_trigger_controller_dag.py
[2024-12-13T12:00:37.551+0000] {logging_mixin.py:190} INFO - [2024-12-13T12:00:37.550+0000] {dag.py:3239} INFO - Sync 1 DAGs
[2024-12-13T12:00:37.578+0000] {logging_mixin.py:190} INFO - [2024-12-13T12:00:37.578+0000] {dag.py:4180} INFO - Setting next_dagrun for example_trigger_controller_dag to 2021-01-01 00:00:00+00:00, run_after=2021-01-01 00:00:00+00:00
[2024-12-13T12:00:37.600+0000] {processor.py:208} INFO - Processing /opt/bitnami/airflow/venv/lib/python3.12/site-packages/airflow/example_dags/example_trigger_controller_dag.py took 0.096 seconds
[2024-12-13T12:01:08.230+0000] {processor.py:186} INFO - Started process (PID=352) to work on /opt/bitnami/airflow/venv/lib/python3.12/site-packages/airflow/example_dags/example_trigger_controller_dag.py
[2024-12-13T12:01:08.231+0000] {processor.py:914} INFO - Processing file /opt/bitnami/airflow/venv/lib/python3.12/site-packages/airflow/example_dags/example_trigger_controller_dag.py for tasks to queue
[2024-12-13T12:01:08.233+0000] {logging_mixin.py:190} INFO - [2024-12-13T12:01:08.233+0000] {dagbag.py:588} INFO - Filling up the DagBag from /opt/bitnami/airflow/venv/lib/python3.12/site-packages/airflow/example_dags/example_trigger_controller_dag.py
[2024-12-13T12:01:08.237+0000] {processor.py:925} INFO - DAG(s) 'example_trigger_controller_dag' retrieved from /opt/bitnami/airflow/venv/lib/python3.12/site-packages/airflow/example_dags/example_trigger_controller_dag.py
[2024-12-13T12:01:08.271+0000] {logging_mixin.py:190} INFO - [2024-12-13T12:01:08.270+0000] {dag.py:3239} INFO - Sync 1 DAGs
[2024-12-13T12:01:08.297+0000] {logging_mixin.py:190} INFO - [2024-12-13T12:01:08.297+0000] {dag.py:4180} INFO - Setting next_dagrun for example_trigger_controller_dag to 2021-01-01 00:00:00+00:00, run_after=2021-01-01 00:00:00+00:00
[2024-12-13T12:01:08.319+0000] {processor.py:208} INFO - Processing /opt/bitnami/airflow/venv/lib/python3.12/site-packages/airflow/example_dags/example_trigger_controller_dag.py took 0.093 seconds
[2024-12-13T12:01:39.096+0000] {processor.py:186} INFO - Started process (PID=409) to work on /opt/bitnami/airflow/venv/lib/python3.12/site-packages/airflow/example_dags/example_trigger_controller_dag.py
[2024-12-13T12:01:39.097+0000] {processor.py:914} INFO - Processing file /opt/bitnami/airflow/venv/lib/python3.12/site-packages/airflow/example_dags/example_trigger_controller_dag.py for tasks to queue
[2024-12-13T12:01:39.099+0000] {logging_mixin.py:190} INFO - [2024-12-13T12:01:39.099+0000] {dagbag.py:588} INFO - Filling up the DagBag from /opt/bitnami/airflow/venv/lib/python3.12/site-packages/airflow/example_dags/example_trigger_controller_dag.py
[2024-12-13T12:01:39.103+0000] {processor.py:925} INFO - DAG(s) 'example_trigger_controller_dag' retrieved from /opt/bitnami/airflow/venv/lib/python3.12/site-packages/airflow/example_dags/example_trigger_controller_dag.py
[2024-12-13T12:01:39.135+0000] {logging_mixin.py:190} INFO - [2024-12-13T12:01:39.135+0000] {dag.py:3239} INFO - Sync 1 DAGs
[2024-12-13T12:01:39.164+0000] {logging_mixin.py:190} INFO - [2024-12-13T12:01:39.164+0000] {dag.py:4180} INFO - Setting next_dagrun for example_trigger_controller_dag to 2021-01-01 00:00:00+00:00, run_after=2021-01-01 00:00:00+00:00
[2024-12-13T12:01:39.184+0000] {processor.py:208} INFO - Processing /opt/bitnami/airflow/venv/lib/python3.12/site-packages/airflow/example_dags/example_trigger_controller_dag.py took 0.092 seconds
[2024-12-13T12:02:09.638+0000] {processor.py:186} INFO - Started process (PID=466) to work on /opt/bitnami/airflow/venv/lib/python3.12/site-packages/airflow/example_dags/example_trigger_controller_dag.py
[2024-12-13T12:02:09.639+0000] {processor.py:914} INFO - Processing file /opt/bitnami/airflow/venv/lib/python3.12/site-packages/airflow/example_dags/example_trigger_controller_dag.py for tasks to queue
[2024-12-13T12:02:09.642+0000] {logging_mixin.py:190} INFO - [2024-12-13T12:02:09.641+0000] {dagbag.py:588} INFO - Filling up the DagBag from /opt/bitnami/airflow/venv/lib/python3.12/site-packages/airflow/example_dags/example_trigger_controller_dag.py
[2024-12-13T12:02:09.646+0000] {processor.py:925} INFO - DAG(s) 'example_trigger_controller_dag' retrieved from /opt/bitnami/airflow/venv/lib/python3.12/site-packages/airflow/example_dags/example_trigger_controller_dag.py
[2024-12-13T12:02:09.694+0000] {logging_mixin.py:190} INFO - [2024-12-13T12:02:09.694+0000] {dag.py:3239} INFO - Sync 1 DAGs
[2024-12-13T12:02:09.727+0000] {logging_mixin.py:190} INFO - [2024-12-13T12:02:09.727+0000] {dag.py:4180} INFO - Setting next_dagrun for example_trigger_controller_dag to 2021-01-01 00:00:00+00:00, run_after=2021-01-01 00:00:00+00:00
[2024-12-13T12:02:09.750+0000] {processor.py:208} INFO - Processing /opt/bitnami/airflow/venv/lib/python3.12/site-packages/airflow/example_dags/example_trigger_controller_dag.py took 0.116 seconds
