[2024-12-13T08:19:42.959+0000] {processor.py:186} INFO - Started process (PID=47) to work on /opt/bitnami/airflow/venv/lib/python3.12/site-packages/airflow/example_dags/example_dynamic_task_mapping_with_no_taskflow_operators.py
[2024-12-13T08:19:42.961+0000] {processor.py:914} INFO - Processing file /opt/bitnami/airflow/venv/lib/python3.12/site-packages/airflow/example_dags/example_dynamic_task_mapping_with_no_taskflow_operators.py for tasks to queue
[2024-12-13T08:19:42.963+0000] {logging_mixin.py:190} INFO - [2024-12-13T08:19:42.963+0000] {dagbag.py:588} INFO - Filling up the DagBag from /opt/bitnami/airflow/venv/lib/python3.12/site-packages/airflow/example_dags/example_dynamic_task_mapping_with_no_taskflow_operators.py
[2024-12-13T08:19:42.970+0000] {processor.py:925} INFO - DAG(s) 'example_dynamic_task_mapping_with_no_taskflow_operators' retrieved from /opt/bitnami/airflow/venv/lib/python3.12/site-packages/airflow/example_dags/example_dynamic_task_mapping_with_no_taskflow_operators.py
[2024-12-13T08:19:43.015+0000] {logging_mixin.py:190} INFO - [2024-12-13T08:19:43.015+0000] {dag.py:3239} INFO - Sync 1 DAGs
[2024-12-13T08:19:43.035+0000] {logging_mixin.py:190} INFO - [2024-12-13T08:19:43.035+0000] {dag.py:4180} INFO - Setting next_dagrun for example_dynamic_task_mapping_with_no_taskflow_operators to None, run_after=None
[2024-12-13T08:19:43.058+0000] {processor.py:208} INFO - Processing /opt/bitnami/airflow/venv/lib/python3.12/site-packages/airflow/example_dags/example_dynamic_task_mapping_with_no_taskflow_operators.py took 0.103 seconds
[2024-12-13T08:20:13.712+0000] {processor.py:186} INFO - Started process (PID=104) to work on /opt/bitnami/airflow/venv/lib/python3.12/site-packages/airflow/example_dags/example_dynamic_task_mapping_with_no_taskflow_operators.py
[2024-12-13T08:20:13.713+0000] {processor.py:914} INFO - Processing file /opt/bitnami/airflow/venv/lib/python3.12/site-packages/airflow/example_dags/example_dynamic_task_mapping_with_no_taskflow_operators.py for tasks to queue
[2024-12-13T08:20:13.715+0000] {logging_mixin.py:190} INFO - [2024-12-13T08:20:13.715+0000] {dagbag.py:588} INFO - Filling up the DagBag from /opt/bitnami/airflow/venv/lib/python3.12/site-packages/airflow/example_dags/example_dynamic_task_mapping_with_no_taskflow_operators.py
[2024-12-13T08:20:13.719+0000] {processor.py:925} INFO - DAG(s) 'example_dynamic_task_mapping_with_no_taskflow_operators' retrieved from /opt/bitnami/airflow/venv/lib/python3.12/site-packages/airflow/example_dags/example_dynamic_task_mapping_with_no_taskflow_operators.py
[2024-12-13T08:20:13.752+0000] {logging_mixin.py:190} INFO - [2024-12-13T08:20:13.751+0000] {dag.py:3239} INFO - Sync 1 DAGs
[2024-12-13T08:20:13.772+0000] {logging_mixin.py:190} INFO - [2024-12-13T08:20:13.772+0000] {dag.py:4180} INFO - Setting next_dagrun for example_dynamic_task_mapping_with_no_taskflow_operators to None, run_after=None
[2024-12-13T08:20:13.791+0000] {processor.py:208} INFO - Processing /opt/bitnami/airflow/venv/lib/python3.12/site-packages/airflow/example_dags/example_dynamic_task_mapping_with_no_taskflow_operators.py took 0.083 seconds
[2024-12-13T08:20:43.882+0000] {processor.py:186} INFO - Started process (PID=161) to work on /opt/bitnami/airflow/venv/lib/python3.12/site-packages/airflow/example_dags/example_dynamic_task_mapping_with_no_taskflow_operators.py
[2024-12-13T08:20:43.883+0000] {processor.py:914} INFO - Processing file /opt/bitnami/airflow/venv/lib/python3.12/site-packages/airflow/example_dags/example_dynamic_task_mapping_with_no_taskflow_operators.py for tasks to queue
[2024-12-13T08:20:43.885+0000] {logging_mixin.py:190} INFO - [2024-12-13T08:20:43.884+0000] {dagbag.py:588} INFO - Filling up the DagBag from /opt/bitnami/airflow/venv/lib/python3.12/site-packages/airflow/example_dags/example_dynamic_task_mapping_with_no_taskflow_operators.py
[2024-12-13T08:20:43.890+0000] {processor.py:925} INFO - DAG(s) 'example_dynamic_task_mapping_with_no_taskflow_operators' retrieved from /opt/bitnami/airflow/venv/lib/python3.12/site-packages/airflow/example_dags/example_dynamic_task_mapping_with_no_taskflow_operators.py
[2024-12-13T08:20:43.922+0000] {logging_mixin.py:190} INFO - [2024-12-13T08:20:43.922+0000] {dag.py:3239} INFO - Sync 1 DAGs
[2024-12-13T08:20:43.940+0000] {logging_mixin.py:190} INFO - [2024-12-13T08:20:43.940+0000] {dag.py:4180} INFO - Setting next_dagrun for example_dynamic_task_mapping_with_no_taskflow_operators to None, run_after=None
[2024-12-13T08:20:43.962+0000] {processor.py:208} INFO - Processing /opt/bitnami/airflow/venv/lib/python3.12/site-packages/airflow/example_dags/example_dynamic_task_mapping_with_no_taskflow_operators.py took 0.085 seconds
[2024-12-13T08:21:14.431+0000] {processor.py:186} INFO - Started process (PID=218) to work on /opt/bitnami/airflow/venv/lib/python3.12/site-packages/airflow/example_dags/example_dynamic_task_mapping_with_no_taskflow_operators.py
[2024-12-13T08:21:14.432+0000] {processor.py:914} INFO - Processing file /opt/bitnami/airflow/venv/lib/python3.12/site-packages/airflow/example_dags/example_dynamic_task_mapping_with_no_taskflow_operators.py for tasks to queue
[2024-12-13T08:21:14.434+0000] {logging_mixin.py:190} INFO - [2024-12-13T08:21:14.434+0000] {dagbag.py:588} INFO - Filling up the DagBag from /opt/bitnami/airflow/venv/lib/python3.12/site-packages/airflow/example_dags/example_dynamic_task_mapping_with_no_taskflow_operators.py
[2024-12-13T08:21:14.440+0000] {processor.py:925} INFO - DAG(s) 'example_dynamic_task_mapping_with_no_taskflow_operators' retrieved from /opt/bitnami/airflow/venv/lib/python3.12/site-packages/airflow/example_dags/example_dynamic_task_mapping_with_no_taskflow_operators.py
[2024-12-13T08:21:14.526+0000] {logging_mixin.py:190} INFO - [2024-12-13T08:21:14.526+0000] {dag.py:3239} INFO - Sync 1 DAGs
[2024-12-13T08:21:14.545+0000] {logging_mixin.py:190} INFO - [2024-12-13T08:21:14.545+0000] {dag.py:4180} INFO - Setting next_dagrun for example_dynamic_task_mapping_with_no_taskflow_operators to None, run_after=None
[2024-12-13T08:21:14.573+0000] {processor.py:208} INFO - Processing /opt/bitnami/airflow/venv/lib/python3.12/site-packages/airflow/example_dags/example_dynamic_task_mapping_with_no_taskflow_operators.py took 0.147 seconds
[2024-12-13T08:21:45.628+0000] {processor.py:186} INFO - Started process (PID=275) to work on /opt/bitnami/airflow/venv/lib/python3.12/site-packages/airflow/example_dags/example_dynamic_task_mapping_with_no_taskflow_operators.py
[2024-12-13T08:21:45.629+0000] {processor.py:914} INFO - Processing file /opt/bitnami/airflow/venv/lib/python3.12/site-packages/airflow/example_dags/example_dynamic_task_mapping_with_no_taskflow_operators.py for tasks to queue
[2024-12-13T08:21:45.633+0000] {logging_mixin.py:190} INFO - [2024-12-13T08:21:45.633+0000] {dagbag.py:588} INFO - Filling up the DagBag from /opt/bitnami/airflow/venv/lib/python3.12/site-packages/airflow/example_dags/example_dynamic_task_mapping_with_no_taskflow_operators.py
[2024-12-13T08:21:45.641+0000] {processor.py:925} INFO - DAG(s) 'example_dynamic_task_mapping_with_no_taskflow_operators' retrieved from /opt/bitnami/airflow/venv/lib/python3.12/site-packages/airflow/example_dags/example_dynamic_task_mapping_with_no_taskflow_operators.py
[2024-12-13T08:21:45.690+0000] {logging_mixin.py:190} INFO - [2024-12-13T08:21:45.689+0000] {dag.py:3239} INFO - Sync 1 DAGs
[2024-12-13T08:21:45.714+0000] {logging_mixin.py:190} INFO - [2024-12-13T08:21:45.714+0000] {dag.py:4180} INFO - Setting next_dagrun for example_dynamic_task_mapping_with_no_taskflow_operators to None, run_after=None
[2024-12-13T08:21:45.746+0000] {processor.py:208} INFO - Processing /opt/bitnami/airflow/venv/lib/python3.12/site-packages/airflow/example_dags/example_dynamic_task_mapping_with_no_taskflow_operators.py took 0.126 seconds
[2024-12-13T08:22:16.453+0000] {processor.py:186} INFO - Started process (PID=332) to work on /opt/bitnami/airflow/venv/lib/python3.12/site-packages/airflow/example_dags/example_dynamic_task_mapping_with_no_taskflow_operators.py
[2024-12-13T08:22:16.455+0000] {processor.py:914} INFO - Processing file /opt/bitnami/airflow/venv/lib/python3.12/site-packages/airflow/example_dags/example_dynamic_task_mapping_with_no_taskflow_operators.py for tasks to queue
[2024-12-13T08:22:16.458+0000] {logging_mixin.py:190} INFO - [2024-12-13T08:22:16.458+0000] {dagbag.py:588} INFO - Filling up the DagBag from /opt/bitnami/airflow/venv/lib/python3.12/site-packages/airflow/example_dags/example_dynamic_task_mapping_with_no_taskflow_operators.py
[2024-12-13T08:22:16.464+0000] {processor.py:925} INFO - DAG(s) 'example_dynamic_task_mapping_with_no_taskflow_operators' retrieved from /opt/bitnami/airflow/venv/lib/python3.12/site-packages/airflow/example_dags/example_dynamic_task_mapping_with_no_taskflow_operators.py
[2024-12-13T08:22:16.518+0000] {logging_mixin.py:190} INFO - [2024-12-13T08:22:16.517+0000] {dag.py:3239} INFO - Sync 1 DAGs
[2024-12-13T08:22:16.559+0000] {logging_mixin.py:190} INFO - [2024-12-13T08:22:16.558+0000] {dag.py:4180} INFO - Setting next_dagrun for example_dynamic_task_mapping_with_no_taskflow_operators to None, run_after=None
[2024-12-13T08:22:16.584+0000] {processor.py:208} INFO - Processing /opt/bitnami/airflow/venv/lib/python3.12/site-packages/airflow/example_dags/example_dynamic_task_mapping_with_no_taskflow_operators.py took 0.137 seconds
[2024-12-13T08:22:47.482+0000] {processor.py:186} INFO - Started process (PID=389) to work on /opt/bitnami/airflow/venv/lib/python3.12/site-packages/airflow/example_dags/example_dynamic_task_mapping_with_no_taskflow_operators.py
[2024-12-13T08:22:47.483+0000] {processor.py:914} INFO - Processing file /opt/bitnami/airflow/venv/lib/python3.12/site-packages/airflow/example_dags/example_dynamic_task_mapping_with_no_taskflow_operators.py for tasks to queue
[2024-12-13T08:22:47.484+0000] {logging_mixin.py:190} INFO - [2024-12-13T08:22:47.484+0000] {dagbag.py:588} INFO - Filling up the DagBag from /opt/bitnami/airflow/venv/lib/python3.12/site-packages/airflow/example_dags/example_dynamic_task_mapping_with_no_taskflow_operators.py
[2024-12-13T08:22:47.490+0000] {processor.py:925} INFO - DAG(s) 'example_dynamic_task_mapping_with_no_taskflow_operators' retrieved from /opt/bitnami/airflow/venv/lib/python3.12/site-packages/airflow/example_dags/example_dynamic_task_mapping_with_no_taskflow_operators.py
[2024-12-13T08:22:47.522+0000] {logging_mixin.py:190} INFO - [2024-12-13T08:22:47.522+0000] {dag.py:3239} INFO - Sync 1 DAGs
[2024-12-13T08:22:47.538+0000] {logging_mixin.py:190} INFO - [2024-12-13T08:22:47.538+0000] {dag.py:4180} INFO - Setting next_dagrun for example_dynamic_task_mapping_with_no_taskflow_operators to None, run_after=None
[2024-12-13T08:22:47.555+0000] {processor.py:208} INFO - Processing /opt/bitnami/airflow/venv/lib/python3.12/site-packages/airflow/example_dags/example_dynamic_task_mapping_with_no_taskflow_operators.py took 0.077 seconds
[2024-12-13T08:25:44.133+0000] {processor.py:186} INFO - Started process (PID=47) to work on /opt/bitnami/airflow/venv/lib/python3.12/site-packages/airflow/example_dags/example_dynamic_task_mapping_with_no_taskflow_operators.py
[2024-12-13T08:25:44.134+0000] {processor.py:914} INFO - Processing file /opt/bitnami/airflow/venv/lib/python3.12/site-packages/airflow/example_dags/example_dynamic_task_mapping_with_no_taskflow_operators.py for tasks to queue
[2024-12-13T08:25:44.136+0000] {logging_mixin.py:190} INFO - [2024-12-13T08:25:44.136+0000] {dagbag.py:588} INFO - Filling up the DagBag from /opt/bitnami/airflow/venv/lib/python3.12/site-packages/airflow/example_dags/example_dynamic_task_mapping_with_no_taskflow_operators.py
[2024-12-13T08:25:44.143+0000] {processor.py:925} INFO - DAG(s) 'example_dynamic_task_mapping_with_no_taskflow_operators' retrieved from /opt/bitnami/airflow/venv/lib/python3.12/site-packages/airflow/example_dags/example_dynamic_task_mapping_with_no_taskflow_operators.py
[2024-12-13T08:25:44.187+0000] {logging_mixin.py:190} INFO - [2024-12-13T08:25:44.187+0000] {dag.py:3239} INFO - Sync 1 DAGs
[2024-12-13T08:25:44.211+0000] {logging_mixin.py:190} INFO - [2024-12-13T08:25:44.211+0000] {dag.py:4180} INFO - Setting next_dagrun for example_dynamic_task_mapping_with_no_taskflow_operators to None, run_after=None
[2024-12-13T08:25:44.235+0000] {processor.py:208} INFO - Processing /opt/bitnami/airflow/venv/lib/python3.12/site-packages/airflow/example_dags/example_dynamic_task_mapping_with_no_taskflow_operators.py took 0.107 seconds
[2024-12-13T08:26:14.932+0000] {processor.py:186} INFO - Started process (PID=104) to work on /opt/bitnami/airflow/venv/lib/python3.12/site-packages/airflow/example_dags/example_dynamic_task_mapping_with_no_taskflow_operators.py
[2024-12-13T08:26:14.933+0000] {processor.py:914} INFO - Processing file /opt/bitnami/airflow/venv/lib/python3.12/site-packages/airflow/example_dags/example_dynamic_task_mapping_with_no_taskflow_operators.py for tasks to queue
[2024-12-13T08:26:14.935+0000] {logging_mixin.py:190} INFO - [2024-12-13T08:26:14.935+0000] {dagbag.py:588} INFO - Filling up the DagBag from /opt/bitnami/airflow/venv/lib/python3.12/site-packages/airflow/example_dags/example_dynamic_task_mapping_with_no_taskflow_operators.py
[2024-12-13T08:26:14.939+0000] {processor.py:925} INFO - DAG(s) 'example_dynamic_task_mapping_with_no_taskflow_operators' retrieved from /opt/bitnami/airflow/venv/lib/python3.12/site-packages/airflow/example_dags/example_dynamic_task_mapping_with_no_taskflow_operators.py
[2024-12-13T08:26:14.964+0000] {logging_mixin.py:190} INFO - [2024-12-13T08:26:14.964+0000] {dag.py:3239} INFO - Sync 1 DAGs
[2024-12-13T08:26:14.980+0000] {logging_mixin.py:190} INFO - [2024-12-13T08:26:14.980+0000] {dag.py:4180} INFO - Setting next_dagrun for example_dynamic_task_mapping_with_no_taskflow_operators to None, run_after=None
[2024-12-13T08:26:14.997+0000] {processor.py:208} INFO - Processing /opt/bitnami/airflow/venv/lib/python3.12/site-packages/airflow/example_dags/example_dynamic_task_mapping_with_no_taskflow_operators.py took 0.069 seconds
[2024-12-13T08:26:45.880+0000] {processor.py:186} INFO - Started process (PID=161) to work on /opt/bitnami/airflow/venv/lib/python3.12/site-packages/airflow/example_dags/example_dynamic_task_mapping_with_no_taskflow_operators.py
[2024-12-13T08:26:45.881+0000] {processor.py:914} INFO - Processing file /opt/bitnami/airflow/venv/lib/python3.12/site-packages/airflow/example_dags/example_dynamic_task_mapping_with_no_taskflow_operators.py for tasks to queue
[2024-12-13T08:26:45.883+0000] {logging_mixin.py:190} INFO - [2024-12-13T08:26:45.883+0000] {dagbag.py:588} INFO - Filling up the DagBag from /opt/bitnami/airflow/venv/lib/python3.12/site-packages/airflow/example_dags/example_dynamic_task_mapping_with_no_taskflow_operators.py
[2024-12-13T08:26:45.889+0000] {processor.py:925} INFO - DAG(s) 'example_dynamic_task_mapping_with_no_taskflow_operators' retrieved from /opt/bitnami/airflow/venv/lib/python3.12/site-packages/airflow/example_dags/example_dynamic_task_mapping_with_no_taskflow_operators.py
[2024-12-13T08:26:45.973+0000] {logging_mixin.py:190} INFO - [2024-12-13T08:26:45.972+0000] {dag.py:3239} INFO - Sync 1 DAGs
[2024-12-13T08:26:45.987+0000] {logging_mixin.py:190} INFO - [2024-12-13T08:26:45.987+0000] {dag.py:4180} INFO - Setting next_dagrun for example_dynamic_task_mapping_with_no_taskflow_operators to None, run_after=None
[2024-12-13T08:26:46.010+0000] {processor.py:208} INFO - Processing /opt/bitnami/airflow/venv/lib/python3.12/site-packages/airflow/example_dags/example_dynamic_task_mapping_with_no_taskflow_operators.py took 0.134 seconds
[2024-12-13T08:27:16.059+0000] {processor.py:186} INFO - Started process (PID=218) to work on /opt/bitnami/airflow/venv/lib/python3.12/site-packages/airflow/example_dags/example_dynamic_task_mapping_with_no_taskflow_operators.py
[2024-12-13T08:27:16.060+0000] {processor.py:914} INFO - Processing file /opt/bitnami/airflow/venv/lib/python3.12/site-packages/airflow/example_dags/example_dynamic_task_mapping_with_no_taskflow_operators.py for tasks to queue
[2024-12-13T08:27:16.062+0000] {logging_mixin.py:190} INFO - [2024-12-13T08:27:16.062+0000] {dagbag.py:588} INFO - Filling up the DagBag from /opt/bitnami/airflow/venv/lib/python3.12/site-packages/airflow/example_dags/example_dynamic_task_mapping_with_no_taskflow_operators.py
[2024-12-13T08:27:16.066+0000] {processor.py:925} INFO - DAG(s) 'example_dynamic_task_mapping_with_no_taskflow_operators' retrieved from /opt/bitnami/airflow/venv/lib/python3.12/site-packages/airflow/example_dags/example_dynamic_task_mapping_with_no_taskflow_operators.py
[2024-12-13T08:27:16.090+0000] {logging_mixin.py:190} INFO - [2024-12-13T08:27:16.090+0000] {dag.py:3239} INFO - Sync 1 DAGs
[2024-12-13T08:27:16.105+0000] {logging_mixin.py:190} INFO - [2024-12-13T08:27:16.105+0000] {dag.py:4180} INFO - Setting next_dagrun for example_dynamic_task_mapping_with_no_taskflow_operators to None, run_after=None
[2024-12-13T08:27:16.122+0000] {processor.py:208} INFO - Processing /opt/bitnami/airflow/venv/lib/python3.12/site-packages/airflow/example_dags/example_dynamic_task_mapping_with_no_taskflow_operators.py took 0.068 seconds
[2024-12-13T10:42:34.559+0000] {processor.py:186} INFO - Started process (PID=47) to work on /opt/bitnami/airflow/venv/lib/python3.12/site-packages/airflow/example_dags/example_dynamic_task_mapping_with_no_taskflow_operators.py
[2024-12-13T10:42:34.561+0000] {processor.py:914} INFO - Processing file /opt/bitnami/airflow/venv/lib/python3.12/site-packages/airflow/example_dags/example_dynamic_task_mapping_with_no_taskflow_operators.py for tasks to queue
[2024-12-13T10:42:34.564+0000] {logging_mixin.py:190} INFO - [2024-12-13T10:42:34.564+0000] {dagbag.py:588} INFO - Filling up the DagBag from /opt/bitnami/airflow/venv/lib/python3.12/site-packages/airflow/example_dags/example_dynamic_task_mapping_with_no_taskflow_operators.py
[2024-12-13T10:42:34.571+0000] {processor.py:925} INFO - DAG(s) 'example_dynamic_task_mapping_with_no_taskflow_operators' retrieved from /opt/bitnami/airflow/venv/lib/python3.12/site-packages/airflow/example_dags/example_dynamic_task_mapping_with_no_taskflow_operators.py
[2024-12-13T10:42:34.712+0000] {logging_mixin.py:190} INFO - [2024-12-13T10:42:34.711+0000] {override.py:1900} INFO - Created Permission View: can read on DAG:example_dynamic_task_mapping_with_no_taskflow_operators
[2024-12-13T10:42:34.726+0000] {logging_mixin.py:190} INFO - [2024-12-13T10:42:34.725+0000] {override.py:1900} INFO - Created Permission View: can delete on DAG:example_dynamic_task_mapping_with_no_taskflow_operators
[2024-12-13T10:42:34.735+0000] {logging_mixin.py:190} INFO - [2024-12-13T10:42:34.735+0000] {override.py:1900} INFO - Created Permission View: can edit on DAG:example_dynamic_task_mapping_with_no_taskflow_operators
[2024-12-13T10:42:34.748+0000] {logging_mixin.py:190} INFO - [2024-12-13T10:42:34.748+0000] {override.py:1900} INFO - Created Permission View: can delete on DAG Run:example_dynamic_task_mapping_with_no_taskflow_operators
[2024-12-13T10:42:34.758+0000] {logging_mixin.py:190} INFO - [2024-12-13T10:42:34.758+0000] {override.py:1900} INFO - Created Permission View: can read on DAG Run:example_dynamic_task_mapping_with_no_taskflow_operators
[2024-12-13T10:42:34.765+0000] {logging_mixin.py:190} INFO - [2024-12-13T10:42:34.765+0000] {override.py:1900} INFO - Created Permission View: can create on DAG Run:example_dynamic_task_mapping_with_no_taskflow_operators
[2024-12-13T10:42:34.772+0000] {logging_mixin.py:190} INFO - [2024-12-13T10:42:34.772+0000] {override.py:1900} INFO - Created Permission View: menu access on DAG Run:example_dynamic_task_mapping_with_no_taskflow_operators
[2024-12-13T10:42:34.774+0000] {logging_mixin.py:190} INFO - [2024-12-13T10:42:34.773+0000] {dag.py:3239} INFO - Sync 1 DAGs
[2024-12-13T10:42:34.824+0000] {logging_mixin.py:190} INFO - [2024-12-13T10:42:34.823+0000] {dag.py:3262} INFO - Creating ORM DAG for example_dynamic_task_mapping_with_no_taskflow_operators
[2024-12-13T10:42:34.825+0000] {logging_mixin.py:190} INFO - [2024-12-13T10:42:34.825+0000] {dag.py:4180} INFO - Setting next_dagrun for example_dynamic_task_mapping_with_no_taskflow_operators to None, run_after=None
[2024-12-13T10:42:34.858+0000] {processor.py:208} INFO - Processing /opt/bitnami/airflow/venv/lib/python3.12/site-packages/airflow/example_dags/example_dynamic_task_mapping_with_no_taskflow_operators.py took 0.307 seconds
[2024-12-13T10:43:05.166+0000] {processor.py:186} INFO - Started process (PID=104) to work on /opt/bitnami/airflow/venv/lib/python3.12/site-packages/airflow/example_dags/example_dynamic_task_mapping_with_no_taskflow_operators.py
[2024-12-13T10:43:05.167+0000] {processor.py:914} INFO - Processing file /opt/bitnami/airflow/venv/lib/python3.12/site-packages/airflow/example_dags/example_dynamic_task_mapping_with_no_taskflow_operators.py for tasks to queue
[2024-12-13T10:43:05.170+0000] {logging_mixin.py:190} INFO - [2024-12-13T10:43:05.169+0000] {dagbag.py:588} INFO - Filling up the DagBag from /opt/bitnami/airflow/venv/lib/python3.12/site-packages/airflow/example_dags/example_dynamic_task_mapping_with_no_taskflow_operators.py
[2024-12-13T10:43:05.175+0000] {processor.py:925} INFO - DAG(s) 'example_dynamic_task_mapping_with_no_taskflow_operators' retrieved from /opt/bitnami/airflow/venv/lib/python3.12/site-packages/airflow/example_dags/example_dynamic_task_mapping_with_no_taskflow_operators.py
[2024-12-13T10:43:05.252+0000] {logging_mixin.py:190} INFO - [2024-12-13T10:43:05.252+0000] {dag.py:3239} INFO - Sync 1 DAGs
[2024-12-13T10:43:05.282+0000] {logging_mixin.py:190} INFO - [2024-12-13T10:43:05.282+0000] {dag.py:4180} INFO - Setting next_dagrun for example_dynamic_task_mapping_with_no_taskflow_operators to None, run_after=None
[2024-12-13T10:43:05.309+0000] {processor.py:208} INFO - Processing /opt/bitnami/airflow/venv/lib/python3.12/site-packages/airflow/example_dags/example_dynamic_task_mapping_with_no_taskflow_operators.py took 0.148 seconds
[2024-12-13T10:43:35.701+0000] {processor.py:186} INFO - Started process (PID=161) to work on /opt/bitnami/airflow/venv/lib/python3.12/site-packages/airflow/example_dags/example_dynamic_task_mapping_with_no_taskflow_operators.py
[2024-12-13T10:43:35.703+0000] {processor.py:914} INFO - Processing file /opt/bitnami/airflow/venv/lib/python3.12/site-packages/airflow/example_dags/example_dynamic_task_mapping_with_no_taskflow_operators.py for tasks to queue
[2024-12-13T10:43:35.706+0000] {logging_mixin.py:190} INFO - [2024-12-13T10:43:35.705+0000] {dagbag.py:588} INFO - Filling up the DagBag from /opt/bitnami/airflow/venv/lib/python3.12/site-packages/airflow/example_dags/example_dynamic_task_mapping_with_no_taskflow_operators.py
[2024-12-13T10:43:35.713+0000] {processor.py:925} INFO - DAG(s) 'example_dynamic_task_mapping_with_no_taskflow_operators' retrieved from /opt/bitnami/airflow/venv/lib/python3.12/site-packages/airflow/example_dags/example_dynamic_task_mapping_with_no_taskflow_operators.py
[2024-12-13T10:43:35.803+0000] {logging_mixin.py:190} INFO - [2024-12-13T10:43:35.803+0000] {dag.py:3239} INFO - Sync 1 DAGs
[2024-12-13T10:43:35.850+0000] {logging_mixin.py:190} INFO - [2024-12-13T10:43:35.850+0000] {dag.py:4180} INFO - Setting next_dagrun for example_dynamic_task_mapping_with_no_taskflow_operators to None, run_after=None
[2024-12-13T10:43:35.910+0000] {processor.py:208} INFO - Processing /opt/bitnami/airflow/venv/lib/python3.12/site-packages/airflow/example_dags/example_dynamic_task_mapping_with_no_taskflow_operators.py took 0.217 seconds
[2024-12-13T10:44:06.424+0000] {processor.py:186} INFO - Started process (PID=218) to work on /opt/bitnami/airflow/venv/lib/python3.12/site-packages/airflow/example_dags/example_dynamic_task_mapping_with_no_taskflow_operators.py
[2024-12-13T10:44:06.426+0000] {processor.py:914} INFO - Processing file /opt/bitnami/airflow/venv/lib/python3.12/site-packages/airflow/example_dags/example_dynamic_task_mapping_with_no_taskflow_operators.py for tasks to queue
[2024-12-13T10:44:06.430+0000] {logging_mixin.py:190} INFO - [2024-12-13T10:44:06.429+0000] {dagbag.py:588} INFO - Filling up the DagBag from /opt/bitnami/airflow/venv/lib/python3.12/site-packages/airflow/example_dags/example_dynamic_task_mapping_with_no_taskflow_operators.py
[2024-12-13T10:44:06.439+0000] {processor.py:925} INFO - DAG(s) 'example_dynamic_task_mapping_with_no_taskflow_operators' retrieved from /opt/bitnami/airflow/venv/lib/python3.12/site-packages/airflow/example_dags/example_dynamic_task_mapping_with_no_taskflow_operators.py
[2024-12-13T10:44:06.621+0000] {logging_mixin.py:190} INFO - [2024-12-13T10:44:06.621+0000] {dag.py:3239} INFO - Sync 1 DAGs
[2024-12-13T10:44:06.657+0000] {logging_mixin.py:190} INFO - [2024-12-13T10:44:06.656+0000] {dag.py:4180} INFO - Setting next_dagrun for example_dynamic_task_mapping_with_no_taskflow_operators to None, run_after=None
[2024-12-13T10:44:06.726+0000] {processor.py:208} INFO - Processing /opt/bitnami/airflow/venv/lib/python3.12/site-packages/airflow/example_dags/example_dynamic_task_mapping_with_no_taskflow_operators.py took 0.306 seconds
[2024-12-13T10:44:37.644+0000] {processor.py:186} INFO - Started process (PID=275) to work on /opt/bitnami/airflow/venv/lib/python3.12/site-packages/airflow/example_dags/example_dynamic_task_mapping_with_no_taskflow_operators.py
[2024-12-13T10:44:37.646+0000] {processor.py:914} INFO - Processing file /opt/bitnami/airflow/venv/lib/python3.12/site-packages/airflow/example_dags/example_dynamic_task_mapping_with_no_taskflow_operators.py for tasks to queue
[2024-12-13T10:44:37.650+0000] {logging_mixin.py:190} INFO - [2024-12-13T10:44:37.649+0000] {dagbag.py:588} INFO - Filling up the DagBag from /opt/bitnami/airflow/venv/lib/python3.12/site-packages/airflow/example_dags/example_dynamic_task_mapping_with_no_taskflow_operators.py
[2024-12-13T10:44:37.657+0000] {processor.py:925} INFO - DAG(s) 'example_dynamic_task_mapping_with_no_taskflow_operators' retrieved from /opt/bitnami/airflow/venv/lib/python3.12/site-packages/airflow/example_dags/example_dynamic_task_mapping_with_no_taskflow_operators.py
[2024-12-13T10:44:37.744+0000] {logging_mixin.py:190} INFO - [2024-12-13T10:44:37.744+0000] {dag.py:3239} INFO - Sync 1 DAGs
[2024-12-13T10:44:37.792+0000] {logging_mixin.py:190} INFO - [2024-12-13T10:44:37.792+0000] {dag.py:4180} INFO - Setting next_dagrun for example_dynamic_task_mapping_with_no_taskflow_operators to None, run_after=None
[2024-12-13T10:44:37.839+0000] {processor.py:208} INFO - Processing /opt/bitnami/airflow/venv/lib/python3.12/site-packages/airflow/example_dags/example_dynamic_task_mapping_with_no_taskflow_operators.py took 0.202 seconds
[2024-12-13T10:52:07.950+0000] {processor.py:186} INFO - Started process (PID=47) to work on /opt/bitnami/airflow/venv/lib/python3.12/site-packages/airflow/example_dags/example_dynamic_task_mapping_with_no_taskflow_operators.py
[2024-12-13T10:52:07.951+0000] {processor.py:914} INFO - Processing file /opt/bitnami/airflow/venv/lib/python3.12/site-packages/airflow/example_dags/example_dynamic_task_mapping_with_no_taskflow_operators.py for tasks to queue
[2024-12-13T10:52:07.954+0000] {logging_mixin.py:190} INFO - [2024-12-13T10:52:07.953+0000] {dagbag.py:588} INFO - Filling up the DagBag from /opt/bitnami/airflow/venv/lib/python3.12/site-packages/airflow/example_dags/example_dynamic_task_mapping_with_no_taskflow_operators.py
[2024-12-13T10:52:07.961+0000] {processor.py:925} INFO - DAG(s) 'example_dynamic_task_mapping_with_no_taskflow_operators' retrieved from /opt/bitnami/airflow/venv/lib/python3.12/site-packages/airflow/example_dags/example_dynamic_task_mapping_with_no_taskflow_operators.py
[2024-12-13T10:52:08.064+0000] {logging_mixin.py:190} INFO - [2024-12-13T10:52:08.064+0000] {override.py:1900} INFO - Created Permission View: can read on DAG:example_dynamic_task_mapping_with_no_taskflow_operators
[2024-12-13T10:52:08.077+0000] {logging_mixin.py:190} INFO - [2024-12-13T10:52:08.077+0000] {override.py:1900} INFO - Created Permission View: can delete on DAG:example_dynamic_task_mapping_with_no_taskflow_operators
[2024-12-13T10:52:08.084+0000] {logging_mixin.py:190} INFO - [2024-12-13T10:52:08.083+0000] {override.py:1900} INFO - Created Permission View: can edit on DAG:example_dynamic_task_mapping_with_no_taskflow_operators
[2024-12-13T10:52:08.092+0000] {logging_mixin.py:190} INFO - [2024-12-13T10:52:08.092+0000] {override.py:1900} INFO - Created Permission View: menu access on DAG Run:example_dynamic_task_mapping_with_no_taskflow_operators
[2024-12-13T10:52:08.099+0000] {logging_mixin.py:190} INFO - [2024-12-13T10:52:08.099+0000] {override.py:1900} INFO - Created Permission View: can read on DAG Run:example_dynamic_task_mapping_with_no_taskflow_operators
[2024-12-13T10:52:08.108+0000] {logging_mixin.py:190} INFO - [2024-12-13T10:52:08.107+0000] {override.py:1900} INFO - Created Permission View: can delete on DAG Run:example_dynamic_task_mapping_with_no_taskflow_operators
[2024-12-13T10:52:08.115+0000] {logging_mixin.py:190} INFO - [2024-12-13T10:52:08.114+0000] {override.py:1900} INFO - Created Permission View: can create on DAG Run:example_dynamic_task_mapping_with_no_taskflow_operators
[2024-12-13T10:52:08.116+0000] {logging_mixin.py:190} INFO - [2024-12-13T10:52:08.115+0000] {dag.py:3239} INFO - Sync 1 DAGs
[2024-12-13T10:52:08.142+0000] {logging_mixin.py:190} INFO - [2024-12-13T10:52:08.141+0000] {dag.py:3262} INFO - Creating ORM DAG for example_dynamic_task_mapping_with_no_taskflow_operators
[2024-12-13T10:52:08.143+0000] {logging_mixin.py:190} INFO - [2024-12-13T10:52:08.142+0000] {dag.py:4180} INFO - Setting next_dagrun for example_dynamic_task_mapping_with_no_taskflow_operators to None, run_after=None
[2024-12-13T10:52:08.161+0000] {processor.py:208} INFO - Processing /opt/bitnami/airflow/venv/lib/python3.12/site-packages/airflow/example_dags/example_dynamic_task_mapping_with_no_taskflow_operators.py took 0.217 seconds
[2024-12-13T10:52:39.033+0000] {processor.py:186} INFO - Started process (PID=104) to work on /opt/bitnami/airflow/venv/lib/python3.12/site-packages/airflow/example_dags/example_dynamic_task_mapping_with_no_taskflow_operators.py
[2024-12-13T10:52:39.034+0000] {processor.py:914} INFO - Processing file /opt/bitnami/airflow/venv/lib/python3.12/site-packages/airflow/example_dags/example_dynamic_task_mapping_with_no_taskflow_operators.py for tasks to queue
[2024-12-13T10:52:39.038+0000] {logging_mixin.py:190} INFO - [2024-12-13T10:52:39.038+0000] {dagbag.py:588} INFO - Filling up the DagBag from /opt/bitnami/airflow/venv/lib/python3.12/site-packages/airflow/example_dags/example_dynamic_task_mapping_with_no_taskflow_operators.py
[2024-12-13T10:52:39.045+0000] {processor.py:925} INFO - DAG(s) 'example_dynamic_task_mapping_with_no_taskflow_operators' retrieved from /opt/bitnami/airflow/venv/lib/python3.12/site-packages/airflow/example_dags/example_dynamic_task_mapping_with_no_taskflow_operators.py
[2024-12-13T10:52:39.138+0000] {logging_mixin.py:190} INFO - [2024-12-13T10:52:39.137+0000] {dag.py:3239} INFO - Sync 1 DAGs
[2024-12-13T10:52:39.190+0000] {logging_mixin.py:190} INFO - [2024-12-13T10:52:39.190+0000] {dag.py:4180} INFO - Setting next_dagrun for example_dynamic_task_mapping_with_no_taskflow_operators to None, run_after=None
[2024-12-13T10:52:39.242+0000] {processor.py:208} INFO - Processing /opt/bitnami/airflow/venv/lib/python3.12/site-packages/airflow/example_dags/example_dynamic_task_mapping_with_no_taskflow_operators.py took 0.216 seconds
[2024-12-13T10:53:10.228+0000] {processor.py:186} INFO - Started process (PID=161) to work on /opt/bitnami/airflow/venv/lib/python3.12/site-packages/airflow/example_dags/example_dynamic_task_mapping_with_no_taskflow_operators.py
[2024-12-13T10:53:10.230+0000] {processor.py:914} INFO - Processing file /opt/bitnami/airflow/venv/lib/python3.12/site-packages/airflow/example_dags/example_dynamic_task_mapping_with_no_taskflow_operators.py for tasks to queue
[2024-12-13T10:53:10.233+0000] {logging_mixin.py:190} INFO - [2024-12-13T10:53:10.232+0000] {dagbag.py:588} INFO - Filling up the DagBag from /opt/bitnami/airflow/venv/lib/python3.12/site-packages/airflow/example_dags/example_dynamic_task_mapping_with_no_taskflow_operators.py
[2024-12-13T10:53:10.243+0000] {processor.py:925} INFO - DAG(s) 'example_dynamic_task_mapping_with_no_taskflow_operators' retrieved from /opt/bitnami/airflow/venv/lib/python3.12/site-packages/airflow/example_dags/example_dynamic_task_mapping_with_no_taskflow_operators.py
[2024-12-13T10:53:10.431+0000] {logging_mixin.py:190} INFO - [2024-12-13T10:53:10.430+0000] {dag.py:3239} INFO - Sync 1 DAGs
[2024-12-13T10:53:10.476+0000] {logging_mixin.py:190} INFO - [2024-12-13T10:53:10.476+0000] {dag.py:4180} INFO - Setting next_dagrun for example_dynamic_task_mapping_with_no_taskflow_operators to None, run_after=None
[2024-12-13T10:53:10.524+0000] {processor.py:208} INFO - Processing /opt/bitnami/airflow/venv/lib/python3.12/site-packages/airflow/example_dags/example_dynamic_task_mapping_with_no_taskflow_operators.py took 0.306 seconds
[2024-12-13T10:53:41.405+0000] {processor.py:186} INFO - Started process (PID=218) to work on /opt/bitnami/airflow/venv/lib/python3.12/site-packages/airflow/example_dags/example_dynamic_task_mapping_with_no_taskflow_operators.py
[2024-12-13T10:53:41.407+0000] {processor.py:914} INFO - Processing file /opt/bitnami/airflow/venv/lib/python3.12/site-packages/airflow/example_dags/example_dynamic_task_mapping_with_no_taskflow_operators.py for tasks to queue
[2024-12-13T10:53:41.409+0000] {logging_mixin.py:190} INFO - [2024-12-13T10:53:41.409+0000] {dagbag.py:588} INFO - Filling up the DagBag from /opt/bitnami/airflow/venv/lib/python3.12/site-packages/airflow/example_dags/example_dynamic_task_mapping_with_no_taskflow_operators.py
[2024-12-13T10:53:41.414+0000] {processor.py:925} INFO - DAG(s) 'example_dynamic_task_mapping_with_no_taskflow_operators' retrieved from /opt/bitnami/airflow/venv/lib/python3.12/site-packages/airflow/example_dags/example_dynamic_task_mapping_with_no_taskflow_operators.py
[2024-12-13T10:53:41.504+0000] {logging_mixin.py:190} INFO - [2024-12-13T10:53:41.504+0000] {dag.py:3239} INFO - Sync 1 DAGs
[2024-12-13T10:53:41.546+0000] {logging_mixin.py:190} INFO - [2024-12-13T10:53:41.546+0000] {dag.py:4180} INFO - Setting next_dagrun for example_dynamic_task_mapping_with_no_taskflow_operators to None, run_after=None
[2024-12-13T10:53:41.576+0000] {processor.py:208} INFO - Processing /opt/bitnami/airflow/venv/lib/python3.12/site-packages/airflow/example_dags/example_dynamic_task_mapping_with_no_taskflow_operators.py took 0.176 seconds
[2024-12-13T10:54:11.832+0000] {processor.py:186} INFO - Started process (PID=275) to work on /opt/bitnami/airflow/venv/lib/python3.12/site-packages/airflow/example_dags/example_dynamic_task_mapping_with_no_taskflow_operators.py
[2024-12-13T10:54:11.833+0000] {processor.py:914} INFO - Processing file /opt/bitnami/airflow/venv/lib/python3.12/site-packages/airflow/example_dags/example_dynamic_task_mapping_with_no_taskflow_operators.py for tasks to queue
[2024-12-13T10:54:11.836+0000] {logging_mixin.py:190} INFO - [2024-12-13T10:54:11.835+0000] {dagbag.py:588} INFO - Filling up the DagBag from /opt/bitnami/airflow/venv/lib/python3.12/site-packages/airflow/example_dags/example_dynamic_task_mapping_with_no_taskflow_operators.py
[2024-12-13T10:54:11.840+0000] {processor.py:925} INFO - DAG(s) 'example_dynamic_task_mapping_with_no_taskflow_operators' retrieved from /opt/bitnami/airflow/venv/lib/python3.12/site-packages/airflow/example_dags/example_dynamic_task_mapping_with_no_taskflow_operators.py
[2024-12-13T10:54:11.887+0000] {logging_mixin.py:190} INFO - [2024-12-13T10:54:11.886+0000] {dag.py:3239} INFO - Sync 1 DAGs
[2024-12-13T10:54:11.911+0000] {logging_mixin.py:190} INFO - [2024-12-13T10:54:11.911+0000] {dag.py:4180} INFO - Setting next_dagrun for example_dynamic_task_mapping_with_no_taskflow_operators to None, run_after=None
[2024-12-13T10:54:11.936+0000] {processor.py:208} INFO - Processing /opt/bitnami/airflow/venv/lib/python3.12/site-packages/airflow/example_dags/example_dynamic_task_mapping_with_no_taskflow_operators.py took 0.108 seconds
[2024-12-13T10:54:42.125+0000] {processor.py:186} INFO - Started process (PID=332) to work on /opt/bitnami/airflow/venv/lib/python3.12/site-packages/airflow/example_dags/example_dynamic_task_mapping_with_no_taskflow_operators.py
[2024-12-13T10:54:42.126+0000] {processor.py:914} INFO - Processing file /opt/bitnami/airflow/venv/lib/python3.12/site-packages/airflow/example_dags/example_dynamic_task_mapping_with_no_taskflow_operators.py for tasks to queue
[2024-12-13T10:54:42.129+0000] {logging_mixin.py:190} INFO - [2024-12-13T10:54:42.128+0000] {dagbag.py:588} INFO - Filling up the DagBag from /opt/bitnami/airflow/venv/lib/python3.12/site-packages/airflow/example_dags/example_dynamic_task_mapping_with_no_taskflow_operators.py
[2024-12-13T10:54:42.135+0000] {processor.py:925} INFO - DAG(s) 'example_dynamic_task_mapping_with_no_taskflow_operators' retrieved from /opt/bitnami/airflow/venv/lib/python3.12/site-packages/airflow/example_dags/example_dynamic_task_mapping_with_no_taskflow_operators.py
[2024-12-13T10:54:42.227+0000] {logging_mixin.py:190} INFO - [2024-12-13T10:54:42.226+0000] {dag.py:3239} INFO - Sync 1 DAGs
[2024-12-13T10:54:42.263+0000] {logging_mixin.py:190} INFO - [2024-12-13T10:54:42.263+0000] {dag.py:4180} INFO - Setting next_dagrun for example_dynamic_task_mapping_with_no_taskflow_operators to None, run_after=None
[2024-12-13T10:54:42.300+0000] {processor.py:208} INFO - Processing /opt/bitnami/airflow/venv/lib/python3.12/site-packages/airflow/example_dags/example_dynamic_task_mapping_with_no_taskflow_operators.py took 0.181 seconds
[2024-12-13T10:55:12.968+0000] {processor.py:186} INFO - Started process (PID=389) to work on /opt/bitnami/airflow/venv/lib/python3.12/site-packages/airflow/example_dags/example_dynamic_task_mapping_with_no_taskflow_operators.py
[2024-12-13T10:55:12.970+0000] {processor.py:914} INFO - Processing file /opt/bitnami/airflow/venv/lib/python3.12/site-packages/airflow/example_dags/example_dynamic_task_mapping_with_no_taskflow_operators.py for tasks to queue
[2024-12-13T10:55:12.973+0000] {logging_mixin.py:190} INFO - [2024-12-13T10:55:12.972+0000] {dagbag.py:588} INFO - Filling up the DagBag from /opt/bitnami/airflow/venv/lib/python3.12/site-packages/airflow/example_dags/example_dynamic_task_mapping_with_no_taskflow_operators.py
[2024-12-13T10:55:12.980+0000] {processor.py:925} INFO - DAG(s) 'example_dynamic_task_mapping_with_no_taskflow_operators' retrieved from /opt/bitnami/airflow/venv/lib/python3.12/site-packages/airflow/example_dags/example_dynamic_task_mapping_with_no_taskflow_operators.py
[2024-12-13T10:55:13.085+0000] {logging_mixin.py:190} INFO - [2024-12-13T10:55:13.085+0000] {dag.py:3239} INFO - Sync 1 DAGs
[2024-12-13T10:55:13.125+0000] {logging_mixin.py:190} INFO - [2024-12-13T10:55:13.125+0000] {dag.py:4180} INFO - Setting next_dagrun for example_dynamic_task_mapping_with_no_taskflow_operators to None, run_after=None
[2024-12-13T10:55:13.169+0000] {processor.py:208} INFO - Processing /opt/bitnami/airflow/venv/lib/python3.12/site-packages/airflow/example_dags/example_dynamic_task_mapping_with_no_taskflow_operators.py took 0.205 seconds
[2024-12-13T10:55:43.754+0000] {processor.py:186} INFO - Started process (PID=446) to work on /opt/bitnami/airflow/venv/lib/python3.12/site-packages/airflow/example_dags/example_dynamic_task_mapping_with_no_taskflow_operators.py
[2024-12-13T10:55:43.755+0000] {processor.py:914} INFO - Processing file /opt/bitnami/airflow/venv/lib/python3.12/site-packages/airflow/example_dags/example_dynamic_task_mapping_with_no_taskflow_operators.py for tasks to queue
[2024-12-13T10:55:43.758+0000] {logging_mixin.py:190} INFO - [2024-12-13T10:55:43.757+0000] {dagbag.py:588} INFO - Filling up the DagBag from /opt/bitnami/airflow/venv/lib/python3.12/site-packages/airflow/example_dags/example_dynamic_task_mapping_with_no_taskflow_operators.py
[2024-12-13T10:55:43.763+0000] {processor.py:925} INFO - DAG(s) 'example_dynamic_task_mapping_with_no_taskflow_operators' retrieved from /opt/bitnami/airflow/venv/lib/python3.12/site-packages/airflow/example_dags/example_dynamic_task_mapping_with_no_taskflow_operators.py
[2024-12-13T10:55:43.814+0000] {logging_mixin.py:190} INFO - [2024-12-13T10:55:43.813+0000] {dag.py:3239} INFO - Sync 1 DAGs
[2024-12-13T10:55:43.839+0000] {logging_mixin.py:190} INFO - [2024-12-13T10:55:43.839+0000] {dag.py:4180} INFO - Setting next_dagrun for example_dynamic_task_mapping_with_no_taskflow_operators to None, run_after=None
[2024-12-13T10:55:43.864+0000] {processor.py:208} INFO - Processing /opt/bitnami/airflow/venv/lib/python3.12/site-packages/airflow/example_dags/example_dynamic_task_mapping_with_no_taskflow_operators.py took 0.114 seconds
[2024-12-13T10:56:14.069+0000] {processor.py:186} INFO - Started process (PID=503) to work on /opt/bitnami/airflow/venv/lib/python3.12/site-packages/airflow/example_dags/example_dynamic_task_mapping_with_no_taskflow_operators.py
[2024-12-13T10:56:14.070+0000] {processor.py:914} INFO - Processing file /opt/bitnami/airflow/venv/lib/python3.12/site-packages/airflow/example_dags/example_dynamic_task_mapping_with_no_taskflow_operators.py for tasks to queue
[2024-12-13T10:56:14.072+0000] {logging_mixin.py:190} INFO - [2024-12-13T10:56:14.072+0000] {dagbag.py:588} INFO - Filling up the DagBag from /opt/bitnami/airflow/venv/lib/python3.12/site-packages/airflow/example_dags/example_dynamic_task_mapping_with_no_taskflow_operators.py
[2024-12-13T10:56:14.077+0000] {processor.py:925} INFO - DAG(s) 'example_dynamic_task_mapping_with_no_taskflow_operators' retrieved from /opt/bitnami/airflow/venv/lib/python3.12/site-packages/airflow/example_dags/example_dynamic_task_mapping_with_no_taskflow_operators.py
[2024-12-13T10:56:14.133+0000] {logging_mixin.py:190} INFO - [2024-12-13T10:56:14.132+0000] {dag.py:3239} INFO - Sync 1 DAGs
[2024-12-13T10:56:14.172+0000] {logging_mixin.py:190} INFO - [2024-12-13T10:56:14.172+0000] {dag.py:4180} INFO - Setting next_dagrun for example_dynamic_task_mapping_with_no_taskflow_operators to None, run_after=None
[2024-12-13T10:56:14.221+0000] {processor.py:208} INFO - Processing /opt/bitnami/airflow/venv/lib/python3.12/site-packages/airflow/example_dags/example_dynamic_task_mapping_with_no_taskflow_operators.py took 0.157 seconds
[2024-12-13T10:56:44.514+0000] {processor.py:186} INFO - Started process (PID=560) to work on /opt/bitnami/airflow/venv/lib/python3.12/site-packages/airflow/example_dags/example_dynamic_task_mapping_with_no_taskflow_operators.py
[2024-12-13T10:56:44.515+0000] {processor.py:914} INFO - Processing file /opt/bitnami/airflow/venv/lib/python3.12/site-packages/airflow/example_dags/example_dynamic_task_mapping_with_no_taskflow_operators.py for tasks to queue
[2024-12-13T10:56:44.519+0000] {logging_mixin.py:190} INFO - [2024-12-13T10:56:44.518+0000] {dagbag.py:588} INFO - Filling up the DagBag from /opt/bitnami/airflow/venv/lib/python3.12/site-packages/airflow/example_dags/example_dynamic_task_mapping_with_no_taskflow_operators.py
[2024-12-13T10:56:44.525+0000] {processor.py:925} INFO - DAG(s) 'example_dynamic_task_mapping_with_no_taskflow_operators' retrieved from /opt/bitnami/airflow/venv/lib/python3.12/site-packages/airflow/example_dags/example_dynamic_task_mapping_with_no_taskflow_operators.py
[2024-12-13T10:56:44.558+0000] {logging_mixin.py:190} INFO - [2024-12-13T10:56:44.558+0000] {dag.py:3239} INFO - Sync 1 DAGs
[2024-12-13T10:56:44.585+0000] {logging_mixin.py:190} INFO - [2024-12-13T10:56:44.584+0000] {dag.py:4180} INFO - Setting next_dagrun for example_dynamic_task_mapping_with_no_taskflow_operators to None, run_after=None
[2024-12-13T10:56:44.619+0000] {processor.py:208} INFO - Processing /opt/bitnami/airflow/venv/lib/python3.12/site-packages/airflow/example_dags/example_dynamic_task_mapping_with_no_taskflow_operators.py took 0.111 seconds
[2024-12-13T10:57:15.364+0000] {processor.py:186} INFO - Started process (PID=617) to work on /opt/bitnami/airflow/venv/lib/python3.12/site-packages/airflow/example_dags/example_dynamic_task_mapping_with_no_taskflow_operators.py
[2024-12-13T10:57:15.365+0000] {processor.py:914} INFO - Processing file /opt/bitnami/airflow/venv/lib/python3.12/site-packages/airflow/example_dags/example_dynamic_task_mapping_with_no_taskflow_operators.py for tasks to queue
[2024-12-13T10:57:15.367+0000] {logging_mixin.py:190} INFO - [2024-12-13T10:57:15.367+0000] {dagbag.py:588} INFO - Filling up the DagBag from /opt/bitnami/airflow/venv/lib/python3.12/site-packages/airflow/example_dags/example_dynamic_task_mapping_with_no_taskflow_operators.py
[2024-12-13T10:57:15.374+0000] {processor.py:925} INFO - DAG(s) 'example_dynamic_task_mapping_with_no_taskflow_operators' retrieved from /opt/bitnami/airflow/venv/lib/python3.12/site-packages/airflow/example_dags/example_dynamic_task_mapping_with_no_taskflow_operators.py
[2024-12-13T10:57:15.404+0000] {logging_mixin.py:190} INFO - [2024-12-13T10:57:15.403+0000] {dag.py:3239} INFO - Sync 1 DAGs
[2024-12-13T10:57:15.420+0000] {logging_mixin.py:190} INFO - [2024-12-13T10:57:15.420+0000] {dag.py:4180} INFO - Setting next_dagrun for example_dynamic_task_mapping_with_no_taskflow_operators to None, run_after=None
[2024-12-13T10:57:15.442+0000] {processor.py:208} INFO - Processing /opt/bitnami/airflow/venv/lib/python3.12/site-packages/airflow/example_dags/example_dynamic_task_mapping_with_no_taskflow_operators.py took 0.086 seconds
[2024-12-13T10:57:45.652+0000] {processor.py:186} INFO - Started process (PID=674) to work on /opt/bitnami/airflow/venv/lib/python3.12/site-packages/airflow/example_dags/example_dynamic_task_mapping_with_no_taskflow_operators.py
[2024-12-13T10:57:45.654+0000] {processor.py:914} INFO - Processing file /opt/bitnami/airflow/venv/lib/python3.12/site-packages/airflow/example_dags/example_dynamic_task_mapping_with_no_taskflow_operators.py for tasks to queue
[2024-12-13T10:57:45.656+0000] {logging_mixin.py:190} INFO - [2024-12-13T10:57:45.656+0000] {dagbag.py:588} INFO - Filling up the DagBag from /opt/bitnami/airflow/venv/lib/python3.12/site-packages/airflow/example_dags/example_dynamic_task_mapping_with_no_taskflow_operators.py
[2024-12-13T10:57:45.662+0000] {processor.py:925} INFO - DAG(s) 'example_dynamic_task_mapping_with_no_taskflow_operators' retrieved from /opt/bitnami/airflow/venv/lib/python3.12/site-packages/airflow/example_dags/example_dynamic_task_mapping_with_no_taskflow_operators.py
[2024-12-13T10:57:45.700+0000] {logging_mixin.py:190} INFO - [2024-12-13T10:57:45.700+0000] {dag.py:3239} INFO - Sync 1 DAGs
[2024-12-13T10:57:45.725+0000] {logging_mixin.py:190} INFO - [2024-12-13T10:57:45.724+0000] {dag.py:4180} INFO - Setting next_dagrun for example_dynamic_task_mapping_with_no_taskflow_operators to None, run_after=None
[2024-12-13T10:57:45.749+0000] {processor.py:208} INFO - Processing /opt/bitnami/airflow/venv/lib/python3.12/site-packages/airflow/example_dags/example_dynamic_task_mapping_with_no_taskflow_operators.py took 0.102 seconds
[2024-12-13T10:58:17.006+0000] {processor.py:186} INFO - Started process (PID=731) to work on /opt/bitnami/airflow/venv/lib/python3.12/site-packages/airflow/example_dags/example_dynamic_task_mapping_with_no_taskflow_operators.py
[2024-12-13T10:58:17.008+0000] {processor.py:914} INFO - Processing file /opt/bitnami/airflow/venv/lib/python3.12/site-packages/airflow/example_dags/example_dynamic_task_mapping_with_no_taskflow_operators.py for tasks to queue
[2024-12-13T10:58:17.012+0000] {logging_mixin.py:190} INFO - [2024-12-13T10:58:17.012+0000] {dagbag.py:588} INFO - Filling up the DagBag from /opt/bitnami/airflow/venv/lib/python3.12/site-packages/airflow/example_dags/example_dynamic_task_mapping_with_no_taskflow_operators.py
[2024-12-13T10:58:17.019+0000] {processor.py:925} INFO - DAG(s) 'example_dynamic_task_mapping_with_no_taskflow_operators' retrieved from /opt/bitnami/airflow/venv/lib/python3.12/site-packages/airflow/example_dags/example_dynamic_task_mapping_with_no_taskflow_operators.py
[2024-12-13T10:58:17.081+0000] {logging_mixin.py:190} INFO - [2024-12-13T10:58:17.080+0000] {dag.py:3239} INFO - Sync 1 DAGs
[2024-12-13T10:58:17.102+0000] {logging_mixin.py:190} INFO - [2024-12-13T10:58:17.102+0000] {dag.py:4180} INFO - Setting next_dagrun for example_dynamic_task_mapping_with_no_taskflow_operators to None, run_after=None
[2024-12-13T10:58:17.138+0000] {processor.py:208} INFO - Processing /opt/bitnami/airflow/venv/lib/python3.12/site-packages/airflow/example_dags/example_dynamic_task_mapping_with_no_taskflow_operators.py took 0.141 seconds
[2024-12-13T10:58:48.110+0000] {processor.py:186} INFO - Started process (PID=788) to work on /opt/bitnami/airflow/venv/lib/python3.12/site-packages/airflow/example_dags/example_dynamic_task_mapping_with_no_taskflow_operators.py
[2024-12-13T10:58:48.111+0000] {processor.py:914} INFO - Processing file /opt/bitnami/airflow/venv/lib/python3.12/site-packages/airflow/example_dags/example_dynamic_task_mapping_with_no_taskflow_operators.py for tasks to queue
[2024-12-13T10:58:48.114+0000] {logging_mixin.py:190} INFO - [2024-12-13T10:58:48.114+0000] {dagbag.py:588} INFO - Filling up the DagBag from /opt/bitnami/airflow/venv/lib/python3.12/site-packages/airflow/example_dags/example_dynamic_task_mapping_with_no_taskflow_operators.py
[2024-12-13T10:58:48.126+0000] {processor.py:925} INFO - DAG(s) 'example_dynamic_task_mapping_with_no_taskflow_operators' retrieved from /opt/bitnami/airflow/venv/lib/python3.12/site-packages/airflow/example_dags/example_dynamic_task_mapping_with_no_taskflow_operators.py
[2024-12-13T10:58:48.186+0000] {logging_mixin.py:190} INFO - [2024-12-13T10:58:48.185+0000] {dag.py:3239} INFO - Sync 1 DAGs
[2024-12-13T10:58:48.225+0000] {logging_mixin.py:190} INFO - [2024-12-13T10:58:48.224+0000] {dag.py:4180} INFO - Setting next_dagrun for example_dynamic_task_mapping_with_no_taskflow_operators to None, run_after=None
[2024-12-13T10:58:48.269+0000] {processor.py:208} INFO - Processing /opt/bitnami/airflow/venv/lib/python3.12/site-packages/airflow/example_dags/example_dynamic_task_mapping_with_no_taskflow_operators.py took 0.165 seconds
[2024-12-13T11:07:28.837+0000] {processor.py:186} INFO - Started process (PID=47) to work on /opt/bitnami/airflow/venv/lib/python3.12/site-packages/airflow/example_dags/example_dynamic_task_mapping_with_no_taskflow_operators.py
[2024-12-13T11:07:28.839+0000] {processor.py:914} INFO - Processing file /opt/bitnami/airflow/venv/lib/python3.12/site-packages/airflow/example_dags/example_dynamic_task_mapping_with_no_taskflow_operators.py for tasks to queue
[2024-12-13T11:07:28.841+0000] {logging_mixin.py:190} INFO - [2024-12-13T11:07:28.841+0000] {dagbag.py:588} INFO - Filling up the DagBag from /opt/bitnami/airflow/venv/lib/python3.12/site-packages/airflow/example_dags/example_dynamic_task_mapping_with_no_taskflow_operators.py
[2024-12-13T11:07:28.851+0000] {processor.py:925} INFO - DAG(s) 'example_dynamic_task_mapping_with_no_taskflow_operators' retrieved from /opt/bitnami/airflow/venv/lib/python3.12/site-packages/airflow/example_dags/example_dynamic_task_mapping_with_no_taskflow_operators.py
[2024-12-13T11:07:28.900+0000] {logging_mixin.py:190} INFO - [2024-12-13T11:07:28.900+0000] {dag.py:3239} INFO - Sync 1 DAGs
[2024-12-13T11:07:28.924+0000] {logging_mixin.py:190} INFO - [2024-12-13T11:07:28.924+0000] {dag.py:4180} INFO - Setting next_dagrun for example_dynamic_task_mapping_with_no_taskflow_operators to None, run_after=None
[2024-12-13T11:07:28.951+0000] {processor.py:208} INFO - Processing /opt/bitnami/airflow/venv/lib/python3.12/site-packages/airflow/example_dags/example_dynamic_task_mapping_with_no_taskflow_operators.py took 0.120 seconds
[2024-12-13T11:07:59.578+0000] {processor.py:186} INFO - Started process (PID=104) to work on /opt/bitnami/airflow/venv/lib/python3.12/site-packages/airflow/example_dags/example_dynamic_task_mapping_with_no_taskflow_operators.py
[2024-12-13T11:07:59.580+0000] {processor.py:914} INFO - Processing file /opt/bitnami/airflow/venv/lib/python3.12/site-packages/airflow/example_dags/example_dynamic_task_mapping_with_no_taskflow_operators.py for tasks to queue
[2024-12-13T11:07:59.582+0000] {logging_mixin.py:190} INFO - [2024-12-13T11:07:59.582+0000] {dagbag.py:588} INFO - Filling up the DagBag from /opt/bitnami/airflow/venv/lib/python3.12/site-packages/airflow/example_dags/example_dynamic_task_mapping_with_no_taskflow_operators.py
[2024-12-13T11:07:59.586+0000] {processor.py:925} INFO - DAG(s) 'example_dynamic_task_mapping_with_no_taskflow_operators' retrieved from /opt/bitnami/airflow/venv/lib/python3.12/site-packages/airflow/example_dags/example_dynamic_task_mapping_with_no_taskflow_operators.py
[2024-12-13T11:07:59.636+0000] {logging_mixin.py:190} INFO - [2024-12-13T11:07:59.636+0000] {dag.py:3239} INFO - Sync 1 DAGs
[2024-12-13T11:07:59.667+0000] {logging_mixin.py:190} INFO - [2024-12-13T11:07:59.667+0000] {dag.py:4180} INFO - Setting next_dagrun for example_dynamic_task_mapping_with_no_taskflow_operators to None, run_after=None
[2024-12-13T11:07:59.692+0000] {processor.py:208} INFO - Processing /opt/bitnami/airflow/venv/lib/python3.12/site-packages/airflow/example_dags/example_dynamic_task_mapping_with_no_taskflow_operators.py took 0.118 seconds
[2024-12-13T11:08:29.964+0000] {processor.py:186} INFO - Started process (PID=161) to work on /opt/bitnami/airflow/venv/lib/python3.12/site-packages/airflow/example_dags/example_dynamic_task_mapping_with_no_taskflow_operators.py
[2024-12-13T11:08:29.966+0000] {processor.py:914} INFO - Processing file /opt/bitnami/airflow/venv/lib/python3.12/site-packages/airflow/example_dags/example_dynamic_task_mapping_with_no_taskflow_operators.py for tasks to queue
[2024-12-13T11:08:29.968+0000] {logging_mixin.py:190} INFO - [2024-12-13T11:08:29.968+0000] {dagbag.py:588} INFO - Filling up the DagBag from /opt/bitnami/airflow/venv/lib/python3.12/site-packages/airflow/example_dags/example_dynamic_task_mapping_with_no_taskflow_operators.py
[2024-12-13T11:08:29.977+0000] {processor.py:925} INFO - DAG(s) 'example_dynamic_task_mapping_with_no_taskflow_operators' retrieved from /opt/bitnami/airflow/venv/lib/python3.12/site-packages/airflow/example_dags/example_dynamic_task_mapping_with_no_taskflow_operators.py
[2024-12-13T11:08:30.129+0000] {logging_mixin.py:190} INFO - [2024-12-13T11:08:30.128+0000] {dag.py:3239} INFO - Sync 1 DAGs
[2024-12-13T11:08:30.174+0000] {logging_mixin.py:190} INFO - [2024-12-13T11:08:30.174+0000] {dag.py:4180} INFO - Setting next_dagrun for example_dynamic_task_mapping_with_no_taskflow_operators to None, run_after=None
[2024-12-13T11:08:30.225+0000] {processor.py:208} INFO - Processing /opt/bitnami/airflow/venv/lib/python3.12/site-packages/airflow/example_dags/example_dynamic_task_mapping_with_no_taskflow_operators.py took 0.268 seconds
[2024-12-13T11:09:00.698+0000] {processor.py:186} INFO - Started process (PID=218) to work on /opt/bitnami/airflow/venv/lib/python3.12/site-packages/airflow/example_dags/example_dynamic_task_mapping_with_no_taskflow_operators.py
[2024-12-13T11:09:00.700+0000] {processor.py:914} INFO - Processing file /opt/bitnami/airflow/venv/lib/python3.12/site-packages/airflow/example_dags/example_dynamic_task_mapping_with_no_taskflow_operators.py for tasks to queue
[2024-12-13T11:09:00.704+0000] {logging_mixin.py:190} INFO - [2024-12-13T11:09:00.704+0000] {dagbag.py:588} INFO - Filling up the DagBag from /opt/bitnami/airflow/venv/lib/python3.12/site-packages/airflow/example_dags/example_dynamic_task_mapping_with_no_taskflow_operators.py
[2024-12-13T11:09:00.715+0000] {processor.py:925} INFO - DAG(s) 'example_dynamic_task_mapping_with_no_taskflow_operators' retrieved from /opt/bitnami/airflow/venv/lib/python3.12/site-packages/airflow/example_dags/example_dynamic_task_mapping_with_no_taskflow_operators.py
[2024-12-13T11:09:00.810+0000] {logging_mixin.py:190} INFO - [2024-12-13T11:09:00.809+0000] {dag.py:3239} INFO - Sync 1 DAGs
[2024-12-13T11:09:00.847+0000] {logging_mixin.py:190} INFO - [2024-12-13T11:09:00.846+0000] {dag.py:4180} INFO - Setting next_dagrun for example_dynamic_task_mapping_with_no_taskflow_operators to None, run_after=None
[2024-12-13T11:09:00.894+0000] {processor.py:208} INFO - Processing /opt/bitnami/airflow/venv/lib/python3.12/site-packages/airflow/example_dags/example_dynamic_task_mapping_with_no_taskflow_operators.py took 0.203 seconds
[2024-12-13T11:09:31.097+0000] {processor.py:186} INFO - Started process (PID=275) to work on /opt/bitnami/airflow/venv/lib/python3.12/site-packages/airflow/example_dags/example_dynamic_task_mapping_with_no_taskflow_operators.py
[2024-12-13T11:09:31.098+0000] {processor.py:914} INFO - Processing file /opt/bitnami/airflow/venv/lib/python3.12/site-packages/airflow/example_dags/example_dynamic_task_mapping_with_no_taskflow_operators.py for tasks to queue
[2024-12-13T11:09:31.101+0000] {logging_mixin.py:190} INFO - [2024-12-13T11:09:31.101+0000] {dagbag.py:588} INFO - Filling up the DagBag from /opt/bitnami/airflow/venv/lib/python3.12/site-packages/airflow/example_dags/example_dynamic_task_mapping_with_no_taskflow_operators.py
[2024-12-13T11:09:31.108+0000] {processor.py:925} INFO - DAG(s) 'example_dynamic_task_mapping_with_no_taskflow_operators' retrieved from /opt/bitnami/airflow/venv/lib/python3.12/site-packages/airflow/example_dags/example_dynamic_task_mapping_with_no_taskflow_operators.py
[2024-12-13T11:09:31.138+0000] {logging_mixin.py:190} INFO - [2024-12-13T11:09:31.137+0000] {dag.py:3239} INFO - Sync 1 DAGs
[2024-12-13T11:09:31.155+0000] {logging_mixin.py:190} INFO - [2024-12-13T11:09:31.155+0000] {dag.py:4180} INFO - Setting next_dagrun for example_dynamic_task_mapping_with_no_taskflow_operators to None, run_after=None
[2024-12-13T11:09:31.177+0000] {processor.py:208} INFO - Processing /opt/bitnami/airflow/venv/lib/python3.12/site-packages/airflow/example_dags/example_dynamic_task_mapping_with_no_taskflow_operators.py took 0.085 seconds
[2024-12-13T11:13:41.285+0000] {processor.py:186} INFO - Started process (PID=47) to work on /opt/bitnami/airflow/venv/lib/python3.12/site-packages/airflow/example_dags/example_dynamic_task_mapping_with_no_taskflow_operators.py
[2024-12-13T11:13:41.286+0000] {processor.py:914} INFO - Processing file /opt/bitnami/airflow/venv/lib/python3.12/site-packages/airflow/example_dags/example_dynamic_task_mapping_with_no_taskflow_operators.py for tasks to queue
[2024-12-13T11:13:41.288+0000] {logging_mixin.py:190} INFO - [2024-12-13T11:13:41.288+0000] {dagbag.py:588} INFO - Filling up the DagBag from /opt/bitnami/airflow/venv/lib/python3.12/site-packages/airflow/example_dags/example_dynamic_task_mapping_with_no_taskflow_operators.py
[2024-12-13T11:13:41.297+0000] {processor.py:925} INFO - DAG(s) 'example_dynamic_task_mapping_with_no_taskflow_operators' retrieved from /opt/bitnami/airflow/venv/lib/python3.12/site-packages/airflow/example_dags/example_dynamic_task_mapping_with_no_taskflow_operators.py
[2024-12-13T11:13:41.346+0000] {logging_mixin.py:190} INFO - [2024-12-13T11:13:41.345+0000] {dag.py:3239} INFO - Sync 1 DAGs
[2024-12-13T11:13:41.373+0000] {logging_mixin.py:190} INFO - [2024-12-13T11:13:41.372+0000] {dag.py:4180} INFO - Setting next_dagrun for example_dynamic_task_mapping_with_no_taskflow_operators to None, run_after=None
[2024-12-13T11:13:41.398+0000] {processor.py:208} INFO - Processing /opt/bitnami/airflow/venv/lib/python3.12/site-packages/airflow/example_dags/example_dynamic_task_mapping_with_no_taskflow_operators.py took 0.120 seconds
[2024-12-13T11:14:11.638+0000] {processor.py:186} INFO - Started process (PID=104) to work on /opt/bitnami/airflow/venv/lib/python3.12/site-packages/airflow/example_dags/example_dynamic_task_mapping_with_no_taskflow_operators.py
[2024-12-13T11:14:11.639+0000] {processor.py:914} INFO - Processing file /opt/bitnami/airflow/venv/lib/python3.12/site-packages/airflow/example_dags/example_dynamic_task_mapping_with_no_taskflow_operators.py for tasks to queue
[2024-12-13T11:14:11.642+0000] {logging_mixin.py:190} INFO - [2024-12-13T11:14:11.642+0000] {dagbag.py:588} INFO - Filling up the DagBag from /opt/bitnami/airflow/venv/lib/python3.12/site-packages/airflow/example_dags/example_dynamic_task_mapping_with_no_taskflow_operators.py
[2024-12-13T11:14:11.648+0000] {processor.py:925} INFO - DAG(s) 'example_dynamic_task_mapping_with_no_taskflow_operators' retrieved from /opt/bitnami/airflow/venv/lib/python3.12/site-packages/airflow/example_dags/example_dynamic_task_mapping_with_no_taskflow_operators.py
[2024-12-13T11:14:11.701+0000] {logging_mixin.py:190} INFO - [2024-12-13T11:14:11.701+0000] {dag.py:3239} INFO - Sync 1 DAGs
[2024-12-13T11:14:11.731+0000] {logging_mixin.py:190} INFO - [2024-12-13T11:14:11.730+0000] {dag.py:4180} INFO - Setting next_dagrun for example_dynamic_task_mapping_with_no_taskflow_operators to None, run_after=None
[2024-12-13T11:14:11.759+0000] {processor.py:208} INFO - Processing /opt/bitnami/airflow/venv/lib/python3.12/site-packages/airflow/example_dags/example_dynamic_task_mapping_with_no_taskflow_operators.py took 0.126 seconds
[2024-12-13T11:14:42.869+0000] {processor.py:186} INFO - Started process (PID=161) to work on /opt/bitnami/airflow/venv/lib/python3.12/site-packages/airflow/example_dags/example_dynamic_task_mapping_with_no_taskflow_operators.py
[2024-12-13T11:14:42.871+0000] {processor.py:914} INFO - Processing file /opt/bitnami/airflow/venv/lib/python3.12/site-packages/airflow/example_dags/example_dynamic_task_mapping_with_no_taskflow_operators.py for tasks to queue
[2024-12-13T11:14:42.874+0000] {logging_mixin.py:190} INFO - [2024-12-13T11:14:42.874+0000] {dagbag.py:588} INFO - Filling up the DagBag from /opt/bitnami/airflow/venv/lib/python3.12/site-packages/airflow/example_dags/example_dynamic_task_mapping_with_no_taskflow_operators.py
[2024-12-13T11:14:42.883+0000] {processor.py:925} INFO - DAG(s) 'example_dynamic_task_mapping_with_no_taskflow_operators' retrieved from /opt/bitnami/airflow/venv/lib/python3.12/site-packages/airflow/example_dags/example_dynamic_task_mapping_with_no_taskflow_operators.py
[2024-12-13T11:14:43.057+0000] {logging_mixin.py:190} INFO - [2024-12-13T11:14:43.056+0000] {dag.py:3239} INFO - Sync 1 DAGs
[2024-12-13T11:14:43.099+0000] {logging_mixin.py:190} INFO - [2024-12-13T11:14:43.099+0000] {dag.py:4180} INFO - Setting next_dagrun for example_dynamic_task_mapping_with_no_taskflow_operators to None, run_after=None
[2024-12-13T11:14:43.140+0000] {processor.py:208} INFO - Processing /opt/bitnami/airflow/venv/lib/python3.12/site-packages/airflow/example_dags/example_dynamic_task_mapping_with_no_taskflow_operators.py took 0.277 seconds
[2024-12-13T11:15:13.396+0000] {processor.py:186} INFO - Started process (PID=218) to work on /opt/bitnami/airflow/venv/lib/python3.12/site-packages/airflow/example_dags/example_dynamic_task_mapping_with_no_taskflow_operators.py
[2024-12-13T11:15:13.398+0000] {processor.py:914} INFO - Processing file /opt/bitnami/airflow/venv/lib/python3.12/site-packages/airflow/example_dags/example_dynamic_task_mapping_with_no_taskflow_operators.py for tasks to queue
[2024-12-13T11:15:13.401+0000] {logging_mixin.py:190} INFO - [2024-12-13T11:15:13.401+0000] {dagbag.py:588} INFO - Filling up the DagBag from /opt/bitnami/airflow/venv/lib/python3.12/site-packages/airflow/example_dags/example_dynamic_task_mapping_with_no_taskflow_operators.py
[2024-12-13T11:15:13.409+0000] {processor.py:925} INFO - DAG(s) 'example_dynamic_task_mapping_with_no_taskflow_operators' retrieved from /opt/bitnami/airflow/venv/lib/python3.12/site-packages/airflow/example_dags/example_dynamic_task_mapping_with_no_taskflow_operators.py
[2024-12-13T11:15:13.516+0000] {logging_mixin.py:190} INFO - [2024-12-13T11:15:13.516+0000] {dag.py:3239} INFO - Sync 1 DAGs
[2024-12-13T11:15:13.564+0000] {logging_mixin.py:190} INFO - [2024-12-13T11:15:13.564+0000] {dag.py:4180} INFO - Setting next_dagrun for example_dynamic_task_mapping_with_no_taskflow_operators to None, run_after=None
[2024-12-13T11:15:13.606+0000] {processor.py:208} INFO - Processing /opt/bitnami/airflow/venv/lib/python3.12/site-packages/airflow/example_dags/example_dynamic_task_mapping_with_no_taskflow_operators.py took 0.217 seconds
[2024-12-13T11:57:06.785+0000] {processor.py:186} INFO - Started process (PID=47) to work on /opt/bitnami/airflow/venv/lib/python3.12/site-packages/airflow/example_dags/example_dynamic_task_mapping_with_no_taskflow_operators.py
[2024-12-13T11:57:06.787+0000] {processor.py:914} INFO - Processing file /opt/bitnami/airflow/venv/lib/python3.12/site-packages/airflow/example_dags/example_dynamic_task_mapping_with_no_taskflow_operators.py for tasks to queue
[2024-12-13T11:57:06.789+0000] {logging_mixin.py:190} INFO - [2024-12-13T11:57:06.789+0000] {dagbag.py:588} INFO - Filling up the DagBag from /opt/bitnami/airflow/venv/lib/python3.12/site-packages/airflow/example_dags/example_dynamic_task_mapping_with_no_taskflow_operators.py
[2024-12-13T11:57:06.796+0000] {processor.py:925} INFO - DAG(s) 'example_dynamic_task_mapping_with_no_taskflow_operators' retrieved from /opt/bitnami/airflow/venv/lib/python3.12/site-packages/airflow/example_dags/example_dynamic_task_mapping_with_no_taskflow_operators.py
[2024-12-13T11:57:06.842+0000] {logging_mixin.py:190} INFO - [2024-12-13T11:57:06.841+0000] {dag.py:3239} INFO - Sync 1 DAGs
[2024-12-13T11:57:06.860+0000] {logging_mixin.py:190} INFO - [2024-12-13T11:57:06.860+0000] {dag.py:4180} INFO - Setting next_dagrun for example_dynamic_task_mapping_with_no_taskflow_operators to None, run_after=None
[2024-12-13T11:57:06.885+0000] {processor.py:208} INFO - Processing /opt/bitnami/airflow/venv/lib/python3.12/site-packages/airflow/example_dags/example_dynamic_task_mapping_with_no_taskflow_operators.py took 0.105 seconds
[2024-12-13T11:57:37.862+0000] {processor.py:186} INFO - Started process (PID=104) to work on /opt/bitnami/airflow/venv/lib/python3.12/site-packages/airflow/example_dags/example_dynamic_task_mapping_with_no_taskflow_operators.py
[2024-12-13T11:57:37.863+0000] {processor.py:914} INFO - Processing file /opt/bitnami/airflow/venv/lib/python3.12/site-packages/airflow/example_dags/example_dynamic_task_mapping_with_no_taskflow_operators.py for tasks to queue
[2024-12-13T11:57:37.866+0000] {logging_mixin.py:190} INFO - [2024-12-13T11:57:37.865+0000] {dagbag.py:588} INFO - Filling up the DagBag from /opt/bitnami/airflow/venv/lib/python3.12/site-packages/airflow/example_dags/example_dynamic_task_mapping_with_no_taskflow_operators.py
[2024-12-13T11:57:37.871+0000] {processor.py:925} INFO - DAG(s) 'example_dynamic_task_mapping_with_no_taskflow_operators' retrieved from /opt/bitnami/airflow/venv/lib/python3.12/site-packages/airflow/example_dags/example_dynamic_task_mapping_with_no_taskflow_operators.py
[2024-12-13T11:57:37.912+0000] {logging_mixin.py:190} INFO - [2024-12-13T11:57:37.911+0000] {dag.py:3239} INFO - Sync 1 DAGs
[2024-12-13T11:57:37.935+0000] {logging_mixin.py:190} INFO - [2024-12-13T11:57:37.935+0000] {dag.py:4180} INFO - Setting next_dagrun for example_dynamic_task_mapping_with_no_taskflow_operators to None, run_after=None
[2024-12-13T11:57:37.956+0000] {processor.py:208} INFO - Processing /opt/bitnami/airflow/venv/lib/python3.12/site-packages/airflow/example_dags/example_dynamic_task_mapping_with_no_taskflow_operators.py took 0.099 seconds
[2024-12-13T11:58:32.274+0000] {processor.py:186} INFO - Started process (PID=47) to work on /opt/bitnami/airflow/venv/lib/python3.12/site-packages/airflow/example_dags/example_dynamic_task_mapping_with_no_taskflow_operators.py
[2024-12-13T11:58:32.275+0000] {processor.py:914} INFO - Processing file /opt/bitnami/airflow/venv/lib/python3.12/site-packages/airflow/example_dags/example_dynamic_task_mapping_with_no_taskflow_operators.py for tasks to queue
[2024-12-13T11:58:32.278+0000] {logging_mixin.py:190} INFO - [2024-12-13T11:58:32.277+0000] {dagbag.py:588} INFO - Filling up the DagBag from /opt/bitnami/airflow/venv/lib/python3.12/site-packages/airflow/example_dags/example_dynamic_task_mapping_with_no_taskflow_operators.py
[2024-12-13T11:58:32.284+0000] {processor.py:925} INFO - DAG(s) 'example_dynamic_task_mapping_with_no_taskflow_operators' retrieved from /opt/bitnami/airflow/venv/lib/python3.12/site-packages/airflow/example_dags/example_dynamic_task_mapping_with_no_taskflow_operators.py
[2024-12-13T11:58:32.318+0000] {logging_mixin.py:190} INFO - [2024-12-13T11:58:32.318+0000] {dag.py:3239} INFO - Sync 1 DAGs
[2024-12-13T11:58:32.335+0000] {logging_mixin.py:190} INFO - [2024-12-13T11:58:32.334+0000] {dag.py:4180} INFO - Setting next_dagrun for example_dynamic_task_mapping_with_no_taskflow_operators to None, run_after=None
[2024-12-13T11:58:32.359+0000] {processor.py:208} INFO - Processing /opt/bitnami/airflow/venv/lib/python3.12/site-packages/airflow/example_dags/example_dynamic_task_mapping_with_no_taskflow_operators.py took 0.089 seconds
[2024-12-13T11:59:03.039+0000] {processor.py:186} INFO - Started process (PID=104) to work on /opt/bitnami/airflow/venv/lib/python3.12/site-packages/airflow/example_dags/example_dynamic_task_mapping_with_no_taskflow_operators.py
[2024-12-13T11:59:03.040+0000] {processor.py:914} INFO - Processing file /opt/bitnami/airflow/venv/lib/python3.12/site-packages/airflow/example_dags/example_dynamic_task_mapping_with_no_taskflow_operators.py for tasks to queue
[2024-12-13T11:59:03.042+0000] {logging_mixin.py:190} INFO - [2024-12-13T11:59:03.041+0000] {dagbag.py:588} INFO - Filling up the DagBag from /opt/bitnami/airflow/venv/lib/python3.12/site-packages/airflow/example_dags/example_dynamic_task_mapping_with_no_taskflow_operators.py
[2024-12-13T11:59:03.052+0000] {processor.py:925} INFO - DAG(s) 'example_dynamic_task_mapping_with_no_taskflow_operators' retrieved from /opt/bitnami/airflow/venv/lib/python3.12/site-packages/airflow/example_dags/example_dynamic_task_mapping_with_no_taskflow_operators.py
[2024-12-13T11:59:03.093+0000] {logging_mixin.py:190} INFO - [2024-12-13T11:59:03.092+0000] {dag.py:3239} INFO - Sync 1 DAGs
[2024-12-13T11:59:03.117+0000] {logging_mixin.py:190} INFO - [2024-12-13T11:59:03.117+0000] {dag.py:4180} INFO - Setting next_dagrun for example_dynamic_task_mapping_with_no_taskflow_operators to None, run_after=None
[2024-12-13T11:59:03.141+0000] {processor.py:208} INFO - Processing /opt/bitnami/airflow/venv/lib/python3.12/site-packages/airflow/example_dags/example_dynamic_task_mapping_with_no_taskflow_operators.py took 0.110 seconds
[2024-12-13T11:59:33.395+0000] {processor.py:186} INFO - Started process (PID=161) to work on /opt/bitnami/airflow/venv/lib/python3.12/site-packages/airflow/example_dags/example_dynamic_task_mapping_with_no_taskflow_operators.py
[2024-12-13T11:59:33.396+0000] {processor.py:914} INFO - Processing file /opt/bitnami/airflow/venv/lib/python3.12/site-packages/airflow/example_dags/example_dynamic_task_mapping_with_no_taskflow_operators.py for tasks to queue
[2024-12-13T11:59:33.398+0000] {logging_mixin.py:190} INFO - [2024-12-13T11:59:33.398+0000] {dagbag.py:588} INFO - Filling up the DagBag from /opt/bitnami/airflow/venv/lib/python3.12/site-packages/airflow/example_dags/example_dynamic_task_mapping_with_no_taskflow_operators.py
[2024-12-13T11:59:33.404+0000] {processor.py:925} INFO - DAG(s) 'example_dynamic_task_mapping_with_no_taskflow_operators' retrieved from /opt/bitnami/airflow/venv/lib/python3.12/site-packages/airflow/example_dags/example_dynamic_task_mapping_with_no_taskflow_operators.py
[2024-12-13T11:59:33.485+0000] {logging_mixin.py:190} INFO - [2024-12-13T11:59:33.485+0000] {dag.py:3239} INFO - Sync 1 DAGs
[2024-12-13T11:59:33.502+0000] {logging_mixin.py:190} INFO - [2024-12-13T11:59:33.501+0000] {dag.py:4180} INFO - Setting next_dagrun for example_dynamic_task_mapping_with_no_taskflow_operators to None, run_after=None
[2024-12-13T11:59:33.522+0000] {processor.py:208} INFO - Processing /opt/bitnami/airflow/venv/lib/python3.12/site-packages/airflow/example_dags/example_dynamic_task_mapping_with_no_taskflow_operators.py took 0.132 seconds
[2024-12-13T12:00:03.868+0000] {processor.py:186} INFO - Started process (PID=218) to work on /opt/bitnami/airflow/venv/lib/python3.12/site-packages/airflow/example_dags/example_dynamic_task_mapping_with_no_taskflow_operators.py
[2024-12-13T12:00:03.869+0000] {processor.py:914} INFO - Processing file /opt/bitnami/airflow/venv/lib/python3.12/site-packages/airflow/example_dags/example_dynamic_task_mapping_with_no_taskflow_operators.py for tasks to queue
[2024-12-13T12:00:03.871+0000] {logging_mixin.py:190} INFO - [2024-12-13T12:00:03.871+0000] {dagbag.py:588} INFO - Filling up the DagBag from /opt/bitnami/airflow/venv/lib/python3.12/site-packages/airflow/example_dags/example_dynamic_task_mapping_with_no_taskflow_operators.py
[2024-12-13T12:00:03.876+0000] {processor.py:925} INFO - DAG(s) 'example_dynamic_task_mapping_with_no_taskflow_operators' retrieved from /opt/bitnami/airflow/venv/lib/python3.12/site-packages/airflow/example_dags/example_dynamic_task_mapping_with_no_taskflow_operators.py
[2024-12-13T12:00:03.905+0000] {logging_mixin.py:190} INFO - [2024-12-13T12:00:03.904+0000] {dag.py:3239} INFO - Sync 1 DAGs
[2024-12-13T12:00:03.920+0000] {logging_mixin.py:190} INFO - [2024-12-13T12:00:03.919+0000] {dag.py:4180} INFO - Setting next_dagrun for example_dynamic_task_mapping_with_no_taskflow_operators to None, run_after=None
[2024-12-13T12:00:03.942+0000] {processor.py:208} INFO - Processing /opt/bitnami/airflow/venv/lib/python3.12/site-packages/airflow/example_dags/example_dynamic_task_mapping_with_no_taskflow_operators.py took 0.079 seconds
[2024-12-13T12:00:34.270+0000] {processor.py:186} INFO - Started process (PID=275) to work on /opt/bitnami/airflow/venv/lib/python3.12/site-packages/airflow/example_dags/example_dynamic_task_mapping_with_no_taskflow_operators.py
[2024-12-13T12:00:34.271+0000] {processor.py:914} INFO - Processing file /opt/bitnami/airflow/venv/lib/python3.12/site-packages/airflow/example_dags/example_dynamic_task_mapping_with_no_taskflow_operators.py for tasks to queue
[2024-12-13T12:00:34.273+0000] {logging_mixin.py:190} INFO - [2024-12-13T12:00:34.273+0000] {dagbag.py:588} INFO - Filling up the DagBag from /opt/bitnami/airflow/venv/lib/python3.12/site-packages/airflow/example_dags/example_dynamic_task_mapping_with_no_taskflow_operators.py
[2024-12-13T12:00:34.279+0000] {processor.py:925} INFO - DAG(s) 'example_dynamic_task_mapping_with_no_taskflow_operators' retrieved from /opt/bitnami/airflow/venv/lib/python3.12/site-packages/airflow/example_dags/example_dynamic_task_mapping_with_no_taskflow_operators.py
[2024-12-13T12:00:34.315+0000] {logging_mixin.py:190} INFO - [2024-12-13T12:00:34.315+0000] {dag.py:3239} INFO - Sync 1 DAGs
[2024-12-13T12:00:34.335+0000] {logging_mixin.py:190} INFO - [2024-12-13T12:00:34.335+0000] {dag.py:4180} INFO - Setting next_dagrun for example_dynamic_task_mapping_with_no_taskflow_operators to None, run_after=None
[2024-12-13T12:00:34.358+0000] {processor.py:208} INFO - Processing /opt/bitnami/airflow/venv/lib/python3.12/site-packages/airflow/example_dags/example_dynamic_task_mapping_with_no_taskflow_operators.py took 0.092 seconds
[2024-12-13T12:01:05.007+0000] {processor.py:186} INFO - Started process (PID=332) to work on /opt/bitnami/airflow/venv/lib/python3.12/site-packages/airflow/example_dags/example_dynamic_task_mapping_with_no_taskflow_operators.py
[2024-12-13T12:01:05.008+0000] {processor.py:914} INFO - Processing file /opt/bitnami/airflow/venv/lib/python3.12/site-packages/airflow/example_dags/example_dynamic_task_mapping_with_no_taskflow_operators.py for tasks to queue
[2024-12-13T12:01:05.010+0000] {logging_mixin.py:190} INFO - [2024-12-13T12:01:05.010+0000] {dagbag.py:588} INFO - Filling up the DagBag from /opt/bitnami/airflow/venv/lib/python3.12/site-packages/airflow/example_dags/example_dynamic_task_mapping_with_no_taskflow_operators.py
[2024-12-13T12:01:05.016+0000] {processor.py:925} INFO - DAG(s) 'example_dynamic_task_mapping_with_no_taskflow_operators' retrieved from /opt/bitnami/airflow/venv/lib/python3.12/site-packages/airflow/example_dags/example_dynamic_task_mapping_with_no_taskflow_operators.py
[2024-12-13T12:01:05.044+0000] {logging_mixin.py:190} INFO - [2024-12-13T12:01:05.044+0000] {dag.py:3239} INFO - Sync 1 DAGs
[2024-12-13T12:01:05.061+0000] {logging_mixin.py:190} INFO - [2024-12-13T12:01:05.061+0000] {dag.py:4180} INFO - Setting next_dagrun for example_dynamic_task_mapping_with_no_taskflow_operators to None, run_after=None
[2024-12-13T12:01:05.080+0000] {processor.py:208} INFO - Processing /opt/bitnami/airflow/venv/lib/python3.12/site-packages/airflow/example_dags/example_dynamic_task_mapping_with_no_taskflow_operators.py took 0.078 seconds
[2024-12-13T12:01:35.653+0000] {processor.py:186} INFO - Started process (PID=389) to work on /opt/bitnami/airflow/venv/lib/python3.12/site-packages/airflow/example_dags/example_dynamic_task_mapping_with_no_taskflow_operators.py
[2024-12-13T12:01:35.654+0000] {processor.py:914} INFO - Processing file /opt/bitnami/airflow/venv/lib/python3.12/site-packages/airflow/example_dags/example_dynamic_task_mapping_with_no_taskflow_operators.py for tasks to queue
[2024-12-13T12:01:35.657+0000] {logging_mixin.py:190} INFO - [2024-12-13T12:01:35.656+0000] {dagbag.py:588} INFO - Filling up the DagBag from /opt/bitnami/airflow/venv/lib/python3.12/site-packages/airflow/example_dags/example_dynamic_task_mapping_with_no_taskflow_operators.py
[2024-12-13T12:01:35.663+0000] {processor.py:925} INFO - DAG(s) 'example_dynamic_task_mapping_with_no_taskflow_operators' retrieved from /opt/bitnami/airflow/venv/lib/python3.12/site-packages/airflow/example_dags/example_dynamic_task_mapping_with_no_taskflow_operators.py
[2024-12-13T12:01:35.701+0000] {logging_mixin.py:190} INFO - [2024-12-13T12:01:35.701+0000] {dag.py:3239} INFO - Sync 1 DAGs
[2024-12-13T12:01:35.723+0000] {logging_mixin.py:190} INFO - [2024-12-13T12:01:35.723+0000] {dag.py:4180} INFO - Setting next_dagrun for example_dynamic_task_mapping_with_no_taskflow_operators to None, run_after=None
[2024-12-13T12:01:35.745+0000] {processor.py:208} INFO - Processing /opt/bitnami/airflow/venv/lib/python3.12/site-packages/airflow/example_dags/example_dynamic_task_mapping_with_no_taskflow_operators.py took 0.097 seconds
[2024-12-13T12:02:06.616+0000] {processor.py:186} INFO - Started process (PID=446) to work on /opt/bitnami/airflow/venv/lib/python3.12/site-packages/airflow/example_dags/example_dynamic_task_mapping_with_no_taskflow_operators.py
[2024-12-13T12:02:06.617+0000] {processor.py:914} INFO - Processing file /opt/bitnami/airflow/venv/lib/python3.12/site-packages/airflow/example_dags/example_dynamic_task_mapping_with_no_taskflow_operators.py for tasks to queue
[2024-12-13T12:02:06.620+0000] {logging_mixin.py:190} INFO - [2024-12-13T12:02:06.620+0000] {dagbag.py:588} INFO - Filling up the DagBag from /opt/bitnami/airflow/venv/lib/python3.12/site-packages/airflow/example_dags/example_dynamic_task_mapping_with_no_taskflow_operators.py
[2024-12-13T12:02:06.627+0000] {processor.py:925} INFO - DAG(s) 'example_dynamic_task_mapping_with_no_taskflow_operators' retrieved from /opt/bitnami/airflow/venv/lib/python3.12/site-packages/airflow/example_dags/example_dynamic_task_mapping_with_no_taskflow_operators.py
[2024-12-13T12:02:06.664+0000] {logging_mixin.py:190} INFO - [2024-12-13T12:02:06.663+0000] {dag.py:3239} INFO - Sync 1 DAGs
[2024-12-13T12:02:06.683+0000] {logging_mixin.py:190} INFO - [2024-12-13T12:02:06.683+0000] {dag.py:4180} INFO - Setting next_dagrun for example_dynamic_task_mapping_with_no_taskflow_operators to None, run_after=None
[2024-12-13T12:02:06.706+0000] {processor.py:208} INFO - Processing /opt/bitnami/airflow/venv/lib/python3.12/site-packages/airflow/example_dags/example_dynamic_task_mapping_with_no_taskflow_operators.py took 0.096 seconds
[2024-12-13T12:02:37.078+0000] {processor.py:186} INFO - Started process (PID=503) to work on /opt/bitnami/airflow/venv/lib/python3.12/site-packages/airflow/example_dags/example_dynamic_task_mapping_with_no_taskflow_operators.py
[2024-12-13T12:02:37.079+0000] {processor.py:914} INFO - Processing file /opt/bitnami/airflow/venv/lib/python3.12/site-packages/airflow/example_dags/example_dynamic_task_mapping_with_no_taskflow_operators.py for tasks to queue
[2024-12-13T12:02:37.081+0000] {logging_mixin.py:190} INFO - [2024-12-13T12:02:37.080+0000] {dagbag.py:588} INFO - Filling up the DagBag from /opt/bitnami/airflow/venv/lib/python3.12/site-packages/airflow/example_dags/example_dynamic_task_mapping_with_no_taskflow_operators.py
[2024-12-13T12:02:37.087+0000] {processor.py:925} INFO - DAG(s) 'example_dynamic_task_mapping_with_no_taskflow_operators' retrieved from /opt/bitnami/airflow/venv/lib/python3.12/site-packages/airflow/example_dags/example_dynamic_task_mapping_with_no_taskflow_operators.py
[2024-12-13T12:02:37.120+0000] {logging_mixin.py:190} INFO - [2024-12-13T12:02:37.120+0000] {dag.py:3239} INFO - Sync 1 DAGs
[2024-12-13T12:02:37.139+0000] {logging_mixin.py:190} INFO - [2024-12-13T12:02:37.139+0000] {dag.py:4180} INFO - Setting next_dagrun for example_dynamic_task_mapping_with_no_taskflow_operators to None, run_after=None
[2024-12-13T12:02:37.159+0000] {processor.py:208} INFO - Processing /opt/bitnami/airflow/venv/lib/python3.12/site-packages/airflow/example_dags/example_dynamic_task_mapping_with_no_taskflow_operators.py took 0.086 seconds
