[2024-12-13T08:19:44.358+0000] {processor.py:186} INFO - Started process (PID=62) to work on /opt/bitnami/airflow/venv/lib/python3.12/site-packages/airflow/example_dags/example_trigger_target_dag.py
[2024-12-13T08:19:44.359+0000] {processor.py:914} INFO - Processing file /opt/bitnami/airflow/venv/lib/python3.12/site-packages/airflow/example_dags/example_trigger_target_dag.py for tasks to queue
[2024-12-13T08:19:44.361+0000] {logging_mixin.py:190} INFO - [2024-12-13T08:19:44.361+0000] {dagbag.py:588} INFO - Filling up the DagBag from /opt/bitnami/airflow/venv/lib/python3.12/site-packages/airflow/example_dags/example_trigger_target_dag.py
[2024-12-13T08:19:44.366+0000] {processor.py:925} INFO - DAG(s) 'example_trigger_target_dag' retrieved from /opt/bitnami/airflow/venv/lib/python3.12/site-packages/airflow/example_dags/example_trigger_target_dag.py
[2024-12-13T08:19:44.401+0000] {logging_mixin.py:190} INFO - [2024-12-13T08:19:44.400+0000] {dag.py:3239} INFO - Sync 1 DAGs
[2024-12-13T08:19:44.420+0000] {logging_mixin.py:190} INFO - [2024-12-13T08:19:44.419+0000] {dag.py:4180} INFO - Setting next_dagrun for example_trigger_target_dag to None, run_after=None
[2024-12-13T08:19:44.439+0000] {processor.py:208} INFO - Processing /opt/bitnami/airflow/venv/lib/python3.12/site-packages/airflow/example_dags/example_trigger_target_dag.py took 0.085 seconds
[2024-12-13T08:20:14.543+0000] {processor.py:186} INFO - Started process (PID=118) to work on /opt/bitnami/airflow/venv/lib/python3.12/site-packages/airflow/example_dags/example_trigger_target_dag.py
[2024-12-13T08:20:14.544+0000] {processor.py:914} INFO - Processing file /opt/bitnami/airflow/venv/lib/python3.12/site-packages/airflow/example_dags/example_trigger_target_dag.py for tasks to queue
[2024-12-13T08:20:14.546+0000] {logging_mixin.py:190} INFO - [2024-12-13T08:20:14.546+0000] {dagbag.py:588} INFO - Filling up the DagBag from /opt/bitnami/airflow/venv/lib/python3.12/site-packages/airflow/example_dags/example_trigger_target_dag.py
[2024-12-13T08:20:14.551+0000] {processor.py:925} INFO - DAG(s) 'example_trigger_target_dag' retrieved from /opt/bitnami/airflow/venv/lib/python3.12/site-packages/airflow/example_dags/example_trigger_target_dag.py
[2024-12-13T08:20:14.587+0000] {logging_mixin.py:190} INFO - [2024-12-13T08:20:14.587+0000] {dag.py:3239} INFO - Sync 1 DAGs
[2024-12-13T08:20:14.604+0000] {logging_mixin.py:190} INFO - [2024-12-13T08:20:14.604+0000] {dag.py:4180} INFO - Setting next_dagrun for example_trigger_target_dag to None, run_after=None
[2024-12-13T08:20:14.625+0000] {processor.py:208} INFO - Processing /opt/bitnami/airflow/venv/lib/python3.12/site-packages/airflow/example_dags/example_trigger_target_dag.py took 0.086 seconds
[2024-12-13T08:20:45.312+0000] {processor.py:186} INFO - Started process (PID=176) to work on /opt/bitnami/airflow/venv/lib/python3.12/site-packages/airflow/example_dags/example_trigger_target_dag.py
[2024-12-13T08:20:45.313+0000] {processor.py:914} INFO - Processing file /opt/bitnami/airflow/venv/lib/python3.12/site-packages/airflow/example_dags/example_trigger_target_dag.py for tasks to queue
[2024-12-13T08:20:45.315+0000] {logging_mixin.py:190} INFO - [2024-12-13T08:20:45.315+0000] {dagbag.py:588} INFO - Filling up the DagBag from /opt/bitnami/airflow/venv/lib/python3.12/site-packages/airflow/example_dags/example_trigger_target_dag.py
[2024-12-13T08:20:45.321+0000] {processor.py:925} INFO - DAG(s) 'example_trigger_target_dag' retrieved from /opt/bitnami/airflow/venv/lib/python3.12/site-packages/airflow/example_dags/example_trigger_target_dag.py
[2024-12-13T08:20:45.349+0000] {logging_mixin.py:190} INFO - [2024-12-13T08:20:45.348+0000] {dag.py:3239} INFO - Sync 1 DAGs
[2024-12-13T08:20:45.367+0000] {logging_mixin.py:190} INFO - [2024-12-13T08:20:45.367+0000] {dag.py:4180} INFO - Setting next_dagrun for example_trigger_target_dag to None, run_after=None
[2024-12-13T08:20:45.388+0000] {processor.py:208} INFO - Processing /opt/bitnami/airflow/venv/lib/python3.12/site-packages/airflow/example_dags/example_trigger_target_dag.py took 0.081 seconds
[2024-12-13T08:21:15.986+0000] {processor.py:186} INFO - Started process (PID=233) to work on /opt/bitnami/airflow/venv/lib/python3.12/site-packages/airflow/example_dags/example_trigger_target_dag.py
[2024-12-13T08:21:15.987+0000] {processor.py:914} INFO - Processing file /opt/bitnami/airflow/venv/lib/python3.12/site-packages/airflow/example_dags/example_trigger_target_dag.py for tasks to queue
[2024-12-13T08:21:15.989+0000] {logging_mixin.py:190} INFO - [2024-12-13T08:21:15.989+0000] {dagbag.py:588} INFO - Filling up the DagBag from /opt/bitnami/airflow/venv/lib/python3.12/site-packages/airflow/example_dags/example_trigger_target_dag.py
[2024-12-13T08:21:15.994+0000] {processor.py:925} INFO - DAG(s) 'example_trigger_target_dag' retrieved from /opt/bitnami/airflow/venv/lib/python3.12/site-packages/airflow/example_dags/example_trigger_target_dag.py
[2024-12-13T08:21:16.075+0000] {logging_mixin.py:190} INFO - [2024-12-13T08:21:16.075+0000] {dag.py:3239} INFO - Sync 1 DAGs
[2024-12-13T08:21:16.091+0000] {logging_mixin.py:190} INFO - [2024-12-13T08:21:16.091+0000] {dag.py:4180} INFO - Setting next_dagrun for example_trigger_target_dag to None, run_after=None
[2024-12-13T08:21:16.113+0000] {processor.py:208} INFO - Processing /opt/bitnami/airflow/venv/lib/python3.12/site-packages/airflow/example_dags/example_trigger_target_dag.py took 0.132 seconds
[2024-12-13T08:21:47.227+0000] {processor.py:186} INFO - Started process (PID=290) to work on /opt/bitnami/airflow/venv/lib/python3.12/site-packages/airflow/example_dags/example_trigger_target_dag.py
[2024-12-13T08:21:47.228+0000] {processor.py:914} INFO - Processing file /opt/bitnami/airflow/venv/lib/python3.12/site-packages/airflow/example_dags/example_trigger_target_dag.py for tasks to queue
[2024-12-13T08:21:47.230+0000] {logging_mixin.py:190} INFO - [2024-12-13T08:21:47.230+0000] {dagbag.py:588} INFO - Filling up the DagBag from /opt/bitnami/airflow/venv/lib/python3.12/site-packages/airflow/example_dags/example_trigger_target_dag.py
[2024-12-13T08:21:47.236+0000] {processor.py:925} INFO - DAG(s) 'example_trigger_target_dag' retrieved from /opt/bitnami/airflow/venv/lib/python3.12/site-packages/airflow/example_dags/example_trigger_target_dag.py
[2024-12-13T08:21:47.277+0000] {logging_mixin.py:190} INFO - [2024-12-13T08:21:47.277+0000] {dag.py:3239} INFO - Sync 1 DAGs
[2024-12-13T08:21:47.297+0000] {logging_mixin.py:190} INFO - [2024-12-13T08:21:47.297+0000] {dag.py:4180} INFO - Setting next_dagrun for example_trigger_target_dag to None, run_after=None
[2024-12-13T08:21:47.323+0000] {processor.py:208} INFO - Processing /opt/bitnami/airflow/venv/lib/python3.12/site-packages/airflow/example_dags/example_trigger_target_dag.py took 0.102 seconds
[2024-12-13T08:22:17.515+0000] {processor.py:186} INFO - Started process (PID=347) to work on /opt/bitnami/airflow/venv/lib/python3.12/site-packages/airflow/example_dags/example_trigger_target_dag.py
[2024-12-13T08:22:17.516+0000] {processor.py:914} INFO - Processing file /opt/bitnami/airflow/venv/lib/python3.12/site-packages/airflow/example_dags/example_trigger_target_dag.py for tasks to queue
[2024-12-13T08:22:17.517+0000] {logging_mixin.py:190} INFO - [2024-12-13T08:22:17.517+0000] {dagbag.py:588} INFO - Filling up the DagBag from /opt/bitnami/airflow/venv/lib/python3.12/site-packages/airflow/example_dags/example_trigger_target_dag.py
[2024-12-13T08:22:17.523+0000] {processor.py:925} INFO - DAG(s) 'example_trigger_target_dag' retrieved from /opt/bitnami/airflow/venv/lib/python3.12/site-packages/airflow/example_dags/example_trigger_target_dag.py
[2024-12-13T08:22:17.551+0000] {logging_mixin.py:190} INFO - [2024-12-13T08:22:17.551+0000] {dag.py:3239} INFO - Sync 1 DAGs
[2024-12-13T08:22:17.567+0000] {logging_mixin.py:190} INFO - [2024-12-13T08:22:17.567+0000] {dag.py:4180} INFO - Setting next_dagrun for example_trigger_target_dag to None, run_after=None
[2024-12-13T08:22:17.586+0000] {processor.py:208} INFO - Processing /opt/bitnami/airflow/venv/lib/python3.12/site-packages/airflow/example_dags/example_trigger_target_dag.py took 0.076 seconds
[2024-12-13T08:22:48.381+0000] {processor.py:186} INFO - Started process (PID=404) to work on /opt/bitnami/airflow/venv/lib/python3.12/site-packages/airflow/example_dags/example_trigger_target_dag.py
[2024-12-13T08:22:48.382+0000] {processor.py:914} INFO - Processing file /opt/bitnami/airflow/venv/lib/python3.12/site-packages/airflow/example_dags/example_trigger_target_dag.py for tasks to queue
[2024-12-13T08:22:48.384+0000] {logging_mixin.py:190} INFO - [2024-12-13T08:22:48.384+0000] {dagbag.py:588} INFO - Filling up the DagBag from /opt/bitnami/airflow/venv/lib/python3.12/site-packages/airflow/example_dags/example_trigger_target_dag.py
[2024-12-13T08:22:48.389+0000] {processor.py:925} INFO - DAG(s) 'example_trigger_target_dag' retrieved from /opt/bitnami/airflow/venv/lib/python3.12/site-packages/airflow/example_dags/example_trigger_target_dag.py
[2024-12-13T08:22:48.418+0000] {logging_mixin.py:190} INFO - [2024-12-13T08:22:48.418+0000] {dag.py:3239} INFO - Sync 1 DAGs
[2024-12-13T08:22:48.435+0000] {logging_mixin.py:190} INFO - [2024-12-13T08:22:48.435+0000] {dag.py:4180} INFO - Setting next_dagrun for example_trigger_target_dag to None, run_after=None
[2024-12-13T08:22:48.453+0000] {processor.py:208} INFO - Processing /opt/bitnami/airflow/venv/lib/python3.12/site-packages/airflow/example_dags/example_trigger_target_dag.py took 0.076 seconds
[2024-12-13T08:25:45.454+0000] {processor.py:186} INFO - Started process (PID=62) to work on /opt/bitnami/airflow/venv/lib/python3.12/site-packages/airflow/example_dags/example_trigger_target_dag.py
[2024-12-13T08:25:45.455+0000] {processor.py:914} INFO - Processing file /opt/bitnami/airflow/venv/lib/python3.12/site-packages/airflow/example_dags/example_trigger_target_dag.py for tasks to queue
[2024-12-13T08:25:45.457+0000] {logging_mixin.py:190} INFO - [2024-12-13T08:25:45.457+0000] {dagbag.py:588} INFO - Filling up the DagBag from /opt/bitnami/airflow/venv/lib/python3.12/site-packages/airflow/example_dags/example_trigger_target_dag.py
[2024-12-13T08:25:45.463+0000] {processor.py:925} INFO - DAG(s) 'example_trigger_target_dag' retrieved from /opt/bitnami/airflow/venv/lib/python3.12/site-packages/airflow/example_dags/example_trigger_target_dag.py
[2024-12-13T08:25:45.507+0000] {logging_mixin.py:190} INFO - [2024-12-13T08:25:45.507+0000] {dag.py:3239} INFO - Sync 1 DAGs
[2024-12-13T08:25:45.531+0000] {logging_mixin.py:190} INFO - [2024-12-13T08:25:45.531+0000] {dag.py:4180} INFO - Setting next_dagrun for example_trigger_target_dag to None, run_after=None
[2024-12-13T08:25:45.554+0000] {processor.py:208} INFO - Processing /opt/bitnami/airflow/venv/lib/python3.12/site-packages/airflow/example_dags/example_trigger_target_dag.py took 0.105 seconds
[2024-12-13T08:26:15.895+0000] {processor.py:186} INFO - Started process (PID=119) to work on /opt/bitnami/airflow/venv/lib/python3.12/site-packages/airflow/example_dags/example_trigger_target_dag.py
[2024-12-13T08:26:15.896+0000] {processor.py:914} INFO - Processing file /opt/bitnami/airflow/venv/lib/python3.12/site-packages/airflow/example_dags/example_trigger_target_dag.py for tasks to queue
[2024-12-13T08:26:15.898+0000] {logging_mixin.py:190} INFO - [2024-12-13T08:26:15.897+0000] {dagbag.py:588} INFO - Filling up the DagBag from /opt/bitnami/airflow/venv/lib/python3.12/site-packages/airflow/example_dags/example_trigger_target_dag.py
[2024-12-13T08:26:15.902+0000] {processor.py:925} INFO - DAG(s) 'example_trigger_target_dag' retrieved from /opt/bitnami/airflow/venv/lib/python3.12/site-packages/airflow/example_dags/example_trigger_target_dag.py
[2024-12-13T08:26:15.933+0000] {logging_mixin.py:190} INFO - [2024-12-13T08:26:15.933+0000] {dag.py:3239} INFO - Sync 1 DAGs
[2024-12-13T08:26:15.951+0000] {logging_mixin.py:190} INFO - [2024-12-13T08:26:15.950+0000] {dag.py:4180} INFO - Setting next_dagrun for example_trigger_target_dag to None, run_after=None
[2024-12-13T08:26:15.982+0000] {processor.py:208} INFO - Processing /opt/bitnami/airflow/venv/lib/python3.12/site-packages/airflow/example_dags/example_trigger_target_dag.py took 0.092 seconds
[2024-12-13T08:26:47.673+0000] {processor.py:186} INFO - Started process (PID=176) to work on /opt/bitnami/airflow/venv/lib/python3.12/site-packages/airflow/example_dags/example_trigger_target_dag.py
[2024-12-13T08:26:47.674+0000] {processor.py:914} INFO - Processing file /opt/bitnami/airflow/venv/lib/python3.12/site-packages/airflow/example_dags/example_trigger_target_dag.py for tasks to queue
[2024-12-13T08:26:47.676+0000] {logging_mixin.py:190} INFO - [2024-12-13T08:26:47.676+0000] {dagbag.py:588} INFO - Filling up the DagBag from /opt/bitnami/airflow/venv/lib/python3.12/site-packages/airflow/example_dags/example_trigger_target_dag.py
[2024-12-13T08:26:47.682+0000] {processor.py:925} INFO - DAG(s) 'example_trigger_target_dag' retrieved from /opt/bitnami/airflow/venv/lib/python3.12/site-packages/airflow/example_dags/example_trigger_target_dag.py
[2024-12-13T08:26:47.774+0000] {logging_mixin.py:190} INFO - [2024-12-13T08:26:47.774+0000] {dag.py:3239} INFO - Sync 1 DAGs
[2024-12-13T08:26:47.792+0000] {logging_mixin.py:190} INFO - [2024-12-13T08:26:47.792+0000] {dag.py:4180} INFO - Setting next_dagrun for example_trigger_target_dag to None, run_after=None
[2024-12-13T08:26:47.812+0000] {processor.py:208} INFO - Processing /opt/bitnami/airflow/venv/lib/python3.12/site-packages/airflow/example_dags/example_trigger_target_dag.py took 0.144 seconds
[2024-12-13T08:27:18.040+0000] {processor.py:186} INFO - Started process (PID=233) to work on /opt/bitnami/airflow/venv/lib/python3.12/site-packages/airflow/example_dags/example_trigger_target_dag.py
[2024-12-13T08:27:18.041+0000] {processor.py:914} INFO - Processing file /opt/bitnami/airflow/venv/lib/python3.12/site-packages/airflow/example_dags/example_trigger_target_dag.py for tasks to queue
[2024-12-13T08:27:18.043+0000] {logging_mixin.py:190} INFO - [2024-12-13T08:27:18.042+0000] {dagbag.py:588} INFO - Filling up the DagBag from /opt/bitnami/airflow/venv/lib/python3.12/site-packages/airflow/example_dags/example_trigger_target_dag.py
[2024-12-13T08:27:18.047+0000] {processor.py:925} INFO - DAG(s) 'example_trigger_target_dag' retrieved from /opt/bitnami/airflow/venv/lib/python3.12/site-packages/airflow/example_dags/example_trigger_target_dag.py
[2024-12-13T08:27:18.074+0000] {logging_mixin.py:190} INFO - [2024-12-13T08:27:18.074+0000] {dag.py:3239} INFO - Sync 1 DAGs
[2024-12-13T08:27:18.089+0000] {logging_mixin.py:190} INFO - [2024-12-13T08:27:18.089+0000] {dag.py:4180} INFO - Setting next_dagrun for example_trigger_target_dag to None, run_after=None
[2024-12-13T08:27:18.105+0000] {processor.py:208} INFO - Processing /opt/bitnami/airflow/venv/lib/python3.12/site-packages/airflow/example_dags/example_trigger_target_dag.py took 0.070 seconds
[2024-12-13T10:42:38.062+0000] {processor.py:186} INFO - Started process (PID=62) to work on /opt/bitnami/airflow/venv/lib/python3.12/site-packages/airflow/example_dags/example_trigger_target_dag.py
[2024-12-13T10:42:38.064+0000] {processor.py:914} INFO - Processing file /opt/bitnami/airflow/venv/lib/python3.12/site-packages/airflow/example_dags/example_trigger_target_dag.py for tasks to queue
[2024-12-13T10:42:38.067+0000] {logging_mixin.py:190} INFO - [2024-12-13T10:42:38.066+0000] {dagbag.py:588} INFO - Filling up the DagBag from /opt/bitnami/airflow/venv/lib/python3.12/site-packages/airflow/example_dags/example_trigger_target_dag.py
[2024-12-13T10:42:38.074+0000] {processor.py:925} INFO - DAG(s) 'example_trigger_target_dag' retrieved from /opt/bitnami/airflow/venv/lib/python3.12/site-packages/airflow/example_dags/example_trigger_target_dag.py
[2024-12-13T10:42:38.226+0000] {logging_mixin.py:190} INFO - [2024-12-13T10:42:38.224+0000] {override.py:1900} INFO - Created Permission View: can read on DAG:example_trigger_target_dag
[2024-12-13T10:42:38.257+0000] {logging_mixin.py:190} INFO - [2024-12-13T10:42:38.256+0000] {override.py:1900} INFO - Created Permission View: can delete on DAG:example_trigger_target_dag
[2024-12-13T10:42:38.269+0000] {logging_mixin.py:190} INFO - [2024-12-13T10:42:38.269+0000] {override.py:1900} INFO - Created Permission View: can edit on DAG:example_trigger_target_dag
[2024-12-13T10:42:38.283+0000] {logging_mixin.py:190} INFO - [2024-12-13T10:42:38.282+0000] {override.py:1900} INFO - Created Permission View: can delete on DAG Run:example_trigger_target_dag
[2024-12-13T10:42:38.292+0000] {logging_mixin.py:190} INFO - [2024-12-13T10:42:38.292+0000] {override.py:1900} INFO - Created Permission View: can read on DAG Run:example_trigger_target_dag
[2024-12-13T10:42:38.301+0000] {logging_mixin.py:190} INFO - [2024-12-13T10:42:38.301+0000] {override.py:1900} INFO - Created Permission View: can create on DAG Run:example_trigger_target_dag
[2024-12-13T10:42:38.313+0000] {logging_mixin.py:190} INFO - [2024-12-13T10:42:38.313+0000] {override.py:1900} INFO - Created Permission View: menu access on DAG Run:example_trigger_target_dag
[2024-12-13T10:42:38.314+0000] {logging_mixin.py:190} INFO - [2024-12-13T10:42:38.314+0000] {dag.py:3239} INFO - Sync 1 DAGs
[2024-12-13T10:42:38.363+0000] {logging_mixin.py:190} INFO - [2024-12-13T10:42:38.362+0000] {dag.py:3262} INFO - Creating ORM DAG for example_trigger_target_dag
[2024-12-13T10:42:38.364+0000] {logging_mixin.py:190} INFO - [2024-12-13T10:42:38.364+0000] {dag.py:4180} INFO - Setting next_dagrun for example_trigger_target_dag to None, run_after=None
[2024-12-13T10:42:38.402+0000] {processor.py:208} INFO - Processing /opt/bitnami/airflow/venv/lib/python3.12/site-packages/airflow/example_dags/example_trigger_target_dag.py took 0.346 seconds
[2024-12-13T10:43:08.694+0000] {processor.py:186} INFO - Started process (PID=119) to work on /opt/bitnami/airflow/venv/lib/python3.12/site-packages/airflow/example_dags/example_trigger_target_dag.py
[2024-12-13T10:43:08.696+0000] {processor.py:914} INFO - Processing file /opt/bitnami/airflow/venv/lib/python3.12/site-packages/airflow/example_dags/example_trigger_target_dag.py for tasks to queue
[2024-12-13T10:43:08.698+0000] {logging_mixin.py:190} INFO - [2024-12-13T10:43:08.698+0000] {dagbag.py:588} INFO - Filling up the DagBag from /opt/bitnami/airflow/venv/lib/python3.12/site-packages/airflow/example_dags/example_trigger_target_dag.py
[2024-12-13T10:43:08.704+0000] {processor.py:925} INFO - DAG(s) 'example_trigger_target_dag' retrieved from /opt/bitnami/airflow/venv/lib/python3.12/site-packages/airflow/example_dags/example_trigger_target_dag.py
[2024-12-13T10:43:08.753+0000] {logging_mixin.py:190} INFO - [2024-12-13T10:43:08.753+0000] {dag.py:3239} INFO - Sync 1 DAGs
[2024-12-13T10:43:08.790+0000] {logging_mixin.py:190} INFO - [2024-12-13T10:43:08.790+0000] {dag.py:4180} INFO - Setting next_dagrun for example_trigger_target_dag to None, run_after=None
[2024-12-13T10:43:08.836+0000] {processor.py:208} INFO - Processing /opt/bitnami/airflow/venv/lib/python3.12/site-packages/airflow/example_dags/example_trigger_target_dag.py took 0.146 seconds
[2024-12-13T10:43:39.172+0000] {processor.py:186} INFO - Started process (PID=176) to work on /opt/bitnami/airflow/venv/lib/python3.12/site-packages/airflow/example_dags/example_trigger_target_dag.py
[2024-12-13T10:43:39.174+0000] {processor.py:914} INFO - Processing file /opt/bitnami/airflow/venv/lib/python3.12/site-packages/airflow/example_dags/example_trigger_target_dag.py for tasks to queue
[2024-12-13T10:43:39.177+0000] {logging_mixin.py:190} INFO - [2024-12-13T10:43:39.176+0000] {dagbag.py:588} INFO - Filling up the DagBag from /opt/bitnami/airflow/venv/lib/python3.12/site-packages/airflow/example_dags/example_trigger_target_dag.py
[2024-12-13T10:43:39.187+0000] {processor.py:925} INFO - DAG(s) 'example_trigger_target_dag' retrieved from /opt/bitnami/airflow/venv/lib/python3.12/site-packages/airflow/example_dags/example_trigger_target_dag.py
[2024-12-13T10:43:39.354+0000] {logging_mixin.py:190} INFO - [2024-12-13T10:43:39.354+0000] {dag.py:3239} INFO - Sync 1 DAGs
[2024-12-13T10:43:39.393+0000] {logging_mixin.py:190} INFO - [2024-12-13T10:43:39.392+0000] {dag.py:4180} INFO - Setting next_dagrun for example_trigger_target_dag to None, run_after=None
[2024-12-13T10:43:39.433+0000] {processor.py:208} INFO - Processing /opt/bitnami/airflow/venv/lib/python3.12/site-packages/airflow/example_dags/example_trigger_target_dag.py took 0.269 seconds
[2024-12-13T10:44:09.494+0000] {processor.py:186} INFO - Started process (PID=233) to work on /opt/bitnami/airflow/venv/lib/python3.12/site-packages/airflow/example_dags/example_trigger_target_dag.py
[2024-12-13T10:44:09.495+0000] {processor.py:914} INFO - Processing file /opt/bitnami/airflow/venv/lib/python3.12/site-packages/airflow/example_dags/example_trigger_target_dag.py for tasks to queue
[2024-12-13T10:44:09.498+0000] {logging_mixin.py:190} INFO - [2024-12-13T10:44:09.498+0000] {dagbag.py:588} INFO - Filling up the DagBag from /opt/bitnami/airflow/venv/lib/python3.12/site-packages/airflow/example_dags/example_trigger_target_dag.py
[2024-12-13T10:44:09.504+0000] {processor.py:925} INFO - DAG(s) 'example_trigger_target_dag' retrieved from /opt/bitnami/airflow/venv/lib/python3.12/site-packages/airflow/example_dags/example_trigger_target_dag.py
[2024-12-13T10:44:09.568+0000] {logging_mixin.py:190} INFO - [2024-12-13T10:44:09.568+0000] {dag.py:3239} INFO - Sync 1 DAGs
[2024-12-13T10:44:09.593+0000] {logging_mixin.py:190} INFO - [2024-12-13T10:44:09.593+0000] {dag.py:4180} INFO - Setting next_dagrun for example_trigger_target_dag to None, run_after=None
[2024-12-13T10:44:09.613+0000] {processor.py:208} INFO - Processing /opt/bitnami/airflow/venv/lib/python3.12/site-packages/airflow/example_dags/example_trigger_target_dag.py took 0.124 seconds
[2024-12-13T10:44:40.241+0000] {processor.py:186} INFO - Started process (PID=290) to work on /opt/bitnami/airflow/venv/lib/python3.12/site-packages/airflow/example_dags/example_trigger_target_dag.py
[2024-12-13T10:44:40.243+0000] {processor.py:914} INFO - Processing file /opt/bitnami/airflow/venv/lib/python3.12/site-packages/airflow/example_dags/example_trigger_target_dag.py for tasks to queue
[2024-12-13T10:44:40.245+0000] {logging_mixin.py:190} INFO - [2024-12-13T10:44:40.245+0000] {dagbag.py:588} INFO - Filling up the DagBag from /opt/bitnami/airflow/venv/lib/python3.12/site-packages/airflow/example_dags/example_trigger_target_dag.py
[2024-12-13T10:44:40.250+0000] {processor.py:925} INFO - DAG(s) 'example_trigger_target_dag' retrieved from /opt/bitnami/airflow/venv/lib/python3.12/site-packages/airflow/example_dags/example_trigger_target_dag.py
[2024-12-13T10:44:40.306+0000] {logging_mixin.py:190} INFO - [2024-12-13T10:44:40.306+0000] {dag.py:3239} INFO - Sync 1 DAGs
[2024-12-13T10:44:40.342+0000] {logging_mixin.py:190} INFO - [2024-12-13T10:44:40.342+0000] {dag.py:4180} INFO - Setting next_dagrun for example_trigger_target_dag to None, run_after=None
[2024-12-13T10:44:40.386+0000] {processor.py:208} INFO - Processing /opt/bitnami/airflow/venv/lib/python3.12/site-packages/airflow/example_dags/example_trigger_target_dag.py took 0.150 seconds
[2024-12-13T10:52:10.442+0000] {processor.py:186} INFO - Started process (PID=62) to work on /opt/bitnami/airflow/venv/lib/python3.12/site-packages/airflow/example_dags/example_trigger_target_dag.py
[2024-12-13T10:52:10.443+0000] {processor.py:914} INFO - Processing file /opt/bitnami/airflow/venv/lib/python3.12/site-packages/airflow/example_dags/example_trigger_target_dag.py for tasks to queue
[2024-12-13T10:52:10.445+0000] {logging_mixin.py:190} INFO - [2024-12-13T10:52:10.444+0000] {dagbag.py:588} INFO - Filling up the DagBag from /opt/bitnami/airflow/venv/lib/python3.12/site-packages/airflow/example_dags/example_trigger_target_dag.py
[2024-12-13T10:52:10.450+0000] {processor.py:925} INFO - DAG(s) 'example_trigger_target_dag' retrieved from /opt/bitnami/airflow/venv/lib/python3.12/site-packages/airflow/example_dags/example_trigger_target_dag.py
[2024-12-13T10:52:10.541+0000] {logging_mixin.py:190} INFO - [2024-12-13T10:52:10.539+0000] {override.py:1900} INFO - Created Permission View: can read on DAG:example_trigger_target_dag
[2024-12-13T10:52:10.556+0000] {logging_mixin.py:190} INFO - [2024-12-13T10:52:10.555+0000] {override.py:1900} INFO - Created Permission View: can delete on DAG:example_trigger_target_dag
[2024-12-13T10:52:10.562+0000] {logging_mixin.py:190} INFO - [2024-12-13T10:52:10.562+0000] {override.py:1900} INFO - Created Permission View: can edit on DAG:example_trigger_target_dag
[2024-12-13T10:52:10.569+0000] {logging_mixin.py:190} INFO - [2024-12-13T10:52:10.569+0000] {override.py:1900} INFO - Created Permission View: menu access on DAG Run:example_trigger_target_dag
[2024-12-13T10:52:10.576+0000] {logging_mixin.py:190} INFO - [2024-12-13T10:52:10.576+0000] {override.py:1900} INFO - Created Permission View: can read on DAG Run:example_trigger_target_dag
[2024-12-13T10:52:10.585+0000] {logging_mixin.py:190} INFO - [2024-12-13T10:52:10.585+0000] {override.py:1900} INFO - Created Permission View: can delete on DAG Run:example_trigger_target_dag
[2024-12-13T10:52:10.591+0000] {logging_mixin.py:190} INFO - [2024-12-13T10:52:10.591+0000] {override.py:1900} INFO - Created Permission View: can create on DAG Run:example_trigger_target_dag
[2024-12-13T10:52:10.592+0000] {logging_mixin.py:190} INFO - [2024-12-13T10:52:10.592+0000] {dag.py:3239} INFO - Sync 1 DAGs
[2024-12-13T10:52:10.616+0000] {logging_mixin.py:190} INFO - [2024-12-13T10:52:10.616+0000] {dag.py:3262} INFO - Creating ORM DAG for example_trigger_target_dag
[2024-12-13T10:52:10.617+0000] {logging_mixin.py:190} INFO - [2024-12-13T10:52:10.617+0000] {dag.py:4180} INFO - Setting next_dagrun for example_trigger_target_dag to None, run_after=None
[2024-12-13T10:52:10.639+0000] {processor.py:208} INFO - Processing /opt/bitnami/airflow/venv/lib/python3.12/site-packages/airflow/example_dags/example_trigger_target_dag.py took 0.203 seconds
[2024-12-13T10:52:41.108+0000] {processor.py:186} INFO - Started process (PID=119) to work on /opt/bitnami/airflow/venv/lib/python3.12/site-packages/airflow/example_dags/example_trigger_target_dag.py
[2024-12-13T10:52:41.110+0000] {processor.py:914} INFO - Processing file /opt/bitnami/airflow/venv/lib/python3.12/site-packages/airflow/example_dags/example_trigger_target_dag.py for tasks to queue
[2024-12-13T10:52:41.113+0000] {logging_mixin.py:190} INFO - [2024-12-13T10:52:41.113+0000] {dagbag.py:588} INFO - Filling up the DagBag from /opt/bitnami/airflow/venv/lib/python3.12/site-packages/airflow/example_dags/example_trigger_target_dag.py
[2024-12-13T10:52:41.119+0000] {processor.py:925} INFO - DAG(s) 'example_trigger_target_dag' retrieved from /opt/bitnami/airflow/venv/lib/python3.12/site-packages/airflow/example_dags/example_trigger_target_dag.py
[2024-12-13T10:52:41.213+0000] {logging_mixin.py:190} INFO - [2024-12-13T10:52:41.213+0000] {dag.py:3239} INFO - Sync 1 DAGs
[2024-12-13T10:52:41.267+0000] {logging_mixin.py:190} INFO - [2024-12-13T10:52:41.267+0000] {dag.py:4180} INFO - Setting next_dagrun for example_trigger_target_dag to None, run_after=None
[2024-12-13T10:52:41.310+0000] {processor.py:208} INFO - Processing /opt/bitnami/airflow/venv/lib/python3.12/site-packages/airflow/example_dags/example_trigger_target_dag.py took 0.208 seconds
[2024-12-13T10:53:13.654+0000] {processor.py:186} INFO - Started process (PID=176) to work on /opt/bitnami/airflow/venv/lib/python3.12/site-packages/airflow/example_dags/example_trigger_target_dag.py
[2024-12-13T10:53:13.656+0000] {processor.py:914} INFO - Processing file /opt/bitnami/airflow/venv/lib/python3.12/site-packages/airflow/example_dags/example_trigger_target_dag.py for tasks to queue
[2024-12-13T10:53:13.658+0000] {logging_mixin.py:190} INFO - [2024-12-13T10:53:13.658+0000] {dagbag.py:588} INFO - Filling up the DagBag from /opt/bitnami/airflow/venv/lib/python3.12/site-packages/airflow/example_dags/example_trigger_target_dag.py
[2024-12-13T10:53:13.664+0000] {processor.py:925} INFO - DAG(s) 'example_trigger_target_dag' retrieved from /opt/bitnami/airflow/venv/lib/python3.12/site-packages/airflow/example_dags/example_trigger_target_dag.py
[2024-12-13T10:53:13.759+0000] {logging_mixin.py:190} INFO - [2024-12-13T10:53:13.759+0000] {dag.py:3239} INFO - Sync 1 DAGs
[2024-12-13T10:53:13.788+0000] {logging_mixin.py:190} INFO - [2024-12-13T10:53:13.787+0000] {dag.py:4180} INFO - Setting next_dagrun for example_trigger_target_dag to None, run_after=None
[2024-12-13T10:53:13.827+0000] {processor.py:208} INFO - Processing /opt/bitnami/airflow/venv/lib/python3.12/site-packages/airflow/example_dags/example_trigger_target_dag.py took 0.177 seconds
[2024-12-13T10:53:44.103+0000] {processor.py:186} INFO - Started process (PID=233) to work on /opt/bitnami/airflow/venv/lib/python3.12/site-packages/airflow/example_dags/example_trigger_target_dag.py
[2024-12-13T10:53:44.104+0000] {processor.py:914} INFO - Processing file /opt/bitnami/airflow/venv/lib/python3.12/site-packages/airflow/example_dags/example_trigger_target_dag.py for tasks to queue
[2024-12-13T10:53:44.106+0000] {logging_mixin.py:190} INFO - [2024-12-13T10:53:44.106+0000] {dagbag.py:588} INFO - Filling up the DagBag from /opt/bitnami/airflow/venv/lib/python3.12/site-packages/airflow/example_dags/example_trigger_target_dag.py
[2024-12-13T10:53:44.112+0000] {processor.py:925} INFO - DAG(s) 'example_trigger_target_dag' retrieved from /opt/bitnami/airflow/venv/lib/python3.12/site-packages/airflow/example_dags/example_trigger_target_dag.py
[2024-12-13T10:53:44.173+0000] {logging_mixin.py:190} INFO - [2024-12-13T10:53:44.173+0000] {dag.py:3239} INFO - Sync 1 DAGs
[2024-12-13T10:53:44.218+0000] {logging_mixin.py:190} INFO - [2024-12-13T10:53:44.217+0000] {dag.py:4180} INFO - Setting next_dagrun for example_trigger_target_dag to None, run_after=None
[2024-12-13T10:53:44.274+0000] {processor.py:208} INFO - Processing /opt/bitnami/airflow/venv/lib/python3.12/site-packages/airflow/example_dags/example_trigger_target_dag.py took 0.176 seconds
[2024-12-13T10:54:14.500+0000] {processor.py:186} INFO - Started process (PID=290) to work on /opt/bitnami/airflow/venv/lib/python3.12/site-packages/airflow/example_dags/example_trigger_target_dag.py
[2024-12-13T10:54:14.500+0000] {processor.py:914} INFO - Processing file /opt/bitnami/airflow/venv/lib/python3.12/site-packages/airflow/example_dags/example_trigger_target_dag.py for tasks to queue
[2024-12-13T10:54:14.502+0000] {logging_mixin.py:190} INFO - [2024-12-13T10:54:14.502+0000] {dagbag.py:588} INFO - Filling up the DagBag from /opt/bitnami/airflow/venv/lib/python3.12/site-packages/airflow/example_dags/example_trigger_target_dag.py
[2024-12-13T10:54:14.507+0000] {processor.py:925} INFO - DAG(s) 'example_trigger_target_dag' retrieved from /opt/bitnami/airflow/venv/lib/python3.12/site-packages/airflow/example_dags/example_trigger_target_dag.py
[2024-12-13T10:54:14.536+0000] {logging_mixin.py:190} INFO - [2024-12-13T10:54:14.536+0000] {dag.py:3239} INFO - Sync 1 DAGs
[2024-12-13T10:54:14.551+0000] {logging_mixin.py:190} INFO - [2024-12-13T10:54:14.551+0000] {dag.py:4180} INFO - Setting next_dagrun for example_trigger_target_dag to None, run_after=None
[2024-12-13T10:54:14.571+0000] {processor.py:208} INFO - Processing /opt/bitnami/airflow/venv/lib/python3.12/site-packages/airflow/example_dags/example_trigger_target_dag.py took 0.075 seconds
[2024-12-13T10:54:44.649+0000] {processor.py:186} INFO - Started process (PID=347) to work on /opt/bitnami/airflow/venv/lib/python3.12/site-packages/airflow/example_dags/example_trigger_target_dag.py
[2024-12-13T10:54:44.650+0000] {processor.py:914} INFO - Processing file /opt/bitnami/airflow/venv/lib/python3.12/site-packages/airflow/example_dags/example_trigger_target_dag.py for tasks to queue
[2024-12-13T10:54:44.652+0000] {logging_mixin.py:190} INFO - [2024-12-13T10:54:44.652+0000] {dagbag.py:588} INFO - Filling up the DagBag from /opt/bitnami/airflow/venv/lib/python3.12/site-packages/airflow/example_dags/example_trigger_target_dag.py
[2024-12-13T10:54:44.657+0000] {processor.py:925} INFO - DAG(s) 'example_trigger_target_dag' retrieved from /opt/bitnami/airflow/venv/lib/python3.12/site-packages/airflow/example_dags/example_trigger_target_dag.py
[2024-12-13T10:54:44.711+0000] {logging_mixin.py:190} INFO - [2024-12-13T10:54:44.711+0000] {dag.py:3239} INFO - Sync 1 DAGs
[2024-12-13T10:54:44.742+0000] {logging_mixin.py:190} INFO - [2024-12-13T10:54:44.742+0000] {dag.py:4180} INFO - Setting next_dagrun for example_trigger_target_dag to None, run_after=None
[2024-12-13T10:54:44.781+0000] {processor.py:208} INFO - Processing /opt/bitnami/airflow/venv/lib/python3.12/site-packages/airflow/example_dags/example_trigger_target_dag.py took 0.137 seconds
[2024-12-13T10:55:15.611+0000] {processor.py:186} INFO - Started process (PID=404) to work on /opt/bitnami/airflow/venv/lib/python3.12/site-packages/airflow/example_dags/example_trigger_target_dag.py
[2024-12-13T10:55:15.612+0000] {processor.py:914} INFO - Processing file /opt/bitnami/airflow/venv/lib/python3.12/site-packages/airflow/example_dags/example_trigger_target_dag.py for tasks to queue
[2024-12-13T10:55:15.615+0000] {logging_mixin.py:190} INFO - [2024-12-13T10:55:15.615+0000] {dagbag.py:588} INFO - Filling up the DagBag from /opt/bitnami/airflow/venv/lib/python3.12/site-packages/airflow/example_dags/example_trigger_target_dag.py
[2024-12-13T10:55:15.622+0000] {processor.py:925} INFO - DAG(s) 'example_trigger_target_dag' retrieved from /opt/bitnami/airflow/venv/lib/python3.12/site-packages/airflow/example_dags/example_trigger_target_dag.py
[2024-12-13T10:55:15.692+0000] {logging_mixin.py:190} INFO - [2024-12-13T10:55:15.692+0000] {dag.py:3239} INFO - Sync 1 DAGs
[2024-12-13T10:55:15.731+0000] {logging_mixin.py:190} INFO - [2024-12-13T10:55:15.731+0000] {dag.py:4180} INFO - Setting next_dagrun for example_trigger_target_dag to None, run_after=None
[2024-12-13T10:55:15.780+0000] {processor.py:208} INFO - Processing /opt/bitnami/airflow/venv/lib/python3.12/site-packages/airflow/example_dags/example_trigger_target_dag.py took 0.174 seconds
[2024-12-13T10:55:46.164+0000] {processor.py:186} INFO - Started process (PID=461) to work on /opt/bitnami/airflow/venv/lib/python3.12/site-packages/airflow/example_dags/example_trigger_target_dag.py
[2024-12-13T10:55:46.165+0000] {processor.py:914} INFO - Processing file /opt/bitnami/airflow/venv/lib/python3.12/site-packages/airflow/example_dags/example_trigger_target_dag.py for tasks to queue
[2024-12-13T10:55:46.168+0000] {logging_mixin.py:190} INFO - [2024-12-13T10:55:46.168+0000] {dagbag.py:588} INFO - Filling up the DagBag from /opt/bitnami/airflow/venv/lib/python3.12/site-packages/airflow/example_dags/example_trigger_target_dag.py
[2024-12-13T10:55:46.174+0000] {processor.py:925} INFO - DAG(s) 'example_trigger_target_dag' retrieved from /opt/bitnami/airflow/venv/lib/python3.12/site-packages/airflow/example_dags/example_trigger_target_dag.py
[2024-12-13T10:55:46.268+0000] {logging_mixin.py:190} INFO - [2024-12-13T10:55:46.268+0000] {dag.py:3239} INFO - Sync 1 DAGs
[2024-12-13T10:55:46.308+0000] {logging_mixin.py:190} INFO - [2024-12-13T10:55:46.307+0000] {dag.py:4180} INFO - Setting next_dagrun for example_trigger_target_dag to None, run_after=None
[2024-12-13T10:55:46.365+0000] {processor.py:208} INFO - Processing /opt/bitnami/airflow/venv/lib/python3.12/site-packages/airflow/example_dags/example_trigger_target_dag.py took 0.206 seconds
[2024-12-13T10:56:17.013+0000] {processor.py:186} INFO - Started process (PID=518) to work on /opt/bitnami/airflow/venv/lib/python3.12/site-packages/airflow/example_dags/example_trigger_target_dag.py
[2024-12-13T10:56:17.015+0000] {processor.py:914} INFO - Processing file /opt/bitnami/airflow/venv/lib/python3.12/site-packages/airflow/example_dags/example_trigger_target_dag.py for tasks to queue
[2024-12-13T10:56:17.017+0000] {logging_mixin.py:190} INFO - [2024-12-13T10:56:17.017+0000] {dagbag.py:588} INFO - Filling up the DagBag from /opt/bitnami/airflow/venv/lib/python3.12/site-packages/airflow/example_dags/example_trigger_target_dag.py
[2024-12-13T10:56:17.028+0000] {processor.py:925} INFO - DAG(s) 'example_trigger_target_dag' retrieved from /opt/bitnami/airflow/venv/lib/python3.12/site-packages/airflow/example_dags/example_trigger_target_dag.py
[2024-12-13T10:56:17.107+0000] {logging_mixin.py:190} INFO - [2024-12-13T10:56:17.106+0000] {dag.py:3239} INFO - Sync 1 DAGs
[2024-12-13T10:56:17.142+0000] {logging_mixin.py:190} INFO - [2024-12-13T10:56:17.142+0000] {dag.py:4180} INFO - Setting next_dagrun for example_trigger_target_dag to None, run_after=None
[2024-12-13T10:56:17.184+0000] {processor.py:208} INFO - Processing /opt/bitnami/airflow/venv/lib/python3.12/site-packages/airflow/example_dags/example_trigger_target_dag.py took 0.176 seconds
[2024-12-13T10:56:47.284+0000] {processor.py:186} INFO - Started process (PID=575) to work on /opt/bitnami/airflow/venv/lib/python3.12/site-packages/airflow/example_dags/example_trigger_target_dag.py
[2024-12-13T10:56:47.285+0000] {processor.py:914} INFO - Processing file /opt/bitnami/airflow/venv/lib/python3.12/site-packages/airflow/example_dags/example_trigger_target_dag.py for tasks to queue
[2024-12-13T10:56:47.287+0000] {logging_mixin.py:190} INFO - [2024-12-13T10:56:47.287+0000] {dagbag.py:588} INFO - Filling up the DagBag from /opt/bitnami/airflow/venv/lib/python3.12/site-packages/airflow/example_dags/example_trigger_target_dag.py
[2024-12-13T10:56:47.292+0000] {processor.py:925} INFO - DAG(s) 'example_trigger_target_dag' retrieved from /opt/bitnami/airflow/venv/lib/python3.12/site-packages/airflow/example_dags/example_trigger_target_dag.py
[2024-12-13T10:56:47.363+0000] {logging_mixin.py:190} INFO - [2024-12-13T10:56:47.363+0000] {dag.py:3239} INFO - Sync 1 DAGs
[2024-12-13T10:56:47.392+0000] {logging_mixin.py:190} INFO - [2024-12-13T10:56:47.392+0000] {dag.py:4180} INFO - Setting next_dagrun for example_trigger_target_dag to None, run_after=None
[2024-12-13T10:56:47.426+0000] {processor.py:208} INFO - Processing /opt/bitnami/airflow/venv/lib/python3.12/site-packages/airflow/example_dags/example_trigger_target_dag.py took 0.146 seconds
[2024-12-13T10:57:17.868+0000] {processor.py:186} INFO - Started process (PID=632) to work on /opt/bitnami/airflow/venv/lib/python3.12/site-packages/airflow/example_dags/example_trigger_target_dag.py
[2024-12-13T10:57:17.869+0000] {processor.py:914} INFO - Processing file /opt/bitnami/airflow/venv/lib/python3.12/site-packages/airflow/example_dags/example_trigger_target_dag.py for tasks to queue
[2024-12-13T10:57:17.872+0000] {logging_mixin.py:190} INFO - [2024-12-13T10:57:17.871+0000] {dagbag.py:588} INFO - Filling up the DagBag from /opt/bitnami/airflow/venv/lib/python3.12/site-packages/airflow/example_dags/example_trigger_target_dag.py
[2024-12-13T10:57:17.878+0000] {processor.py:925} INFO - DAG(s) 'example_trigger_target_dag' retrieved from /opt/bitnami/airflow/venv/lib/python3.12/site-packages/airflow/example_dags/example_trigger_target_dag.py
[2024-12-13T10:57:17.927+0000] {logging_mixin.py:190} INFO - [2024-12-13T10:57:17.926+0000] {dag.py:3239} INFO - Sync 1 DAGs
[2024-12-13T10:57:17.956+0000] {logging_mixin.py:190} INFO - [2024-12-13T10:57:17.956+0000] {dag.py:4180} INFO - Setting next_dagrun for example_trigger_target_dag to None, run_after=None
[2024-12-13T10:57:17.985+0000] {processor.py:208} INFO - Processing /opt/bitnami/airflow/venv/lib/python3.12/site-packages/airflow/example_dags/example_trigger_target_dag.py took 0.121 seconds
[2024-12-13T10:57:48.872+0000] {processor.py:186} INFO - Started process (PID=689) to work on /opt/bitnami/airflow/venv/lib/python3.12/site-packages/airflow/example_dags/example_trigger_target_dag.py
[2024-12-13T10:57:48.873+0000] {processor.py:914} INFO - Processing file /opt/bitnami/airflow/venv/lib/python3.12/site-packages/airflow/example_dags/example_trigger_target_dag.py for tasks to queue
[2024-12-13T10:57:48.875+0000] {logging_mixin.py:190} INFO - [2024-12-13T10:57:48.875+0000] {dagbag.py:588} INFO - Filling up the DagBag from /opt/bitnami/airflow/venv/lib/python3.12/site-packages/airflow/example_dags/example_trigger_target_dag.py
[2024-12-13T10:57:48.880+0000] {processor.py:925} INFO - DAG(s) 'example_trigger_target_dag' retrieved from /opt/bitnami/airflow/venv/lib/python3.12/site-packages/airflow/example_dags/example_trigger_target_dag.py
[2024-12-13T10:57:48.921+0000] {logging_mixin.py:190} INFO - [2024-12-13T10:57:48.921+0000] {dag.py:3239} INFO - Sync 1 DAGs
[2024-12-13T10:57:48.940+0000] {logging_mixin.py:190} INFO - [2024-12-13T10:57:48.940+0000] {dag.py:4180} INFO - Setting next_dagrun for example_trigger_target_dag to None, run_after=None
[2024-12-13T10:57:48.970+0000] {processor.py:208} INFO - Processing /opt/bitnami/airflow/venv/lib/python3.12/site-packages/airflow/example_dags/example_trigger_target_dag.py took 0.102 seconds
[2024-12-13T10:58:19.183+0000] {processor.py:186} INFO - Started process (PID=746) to work on /opt/bitnami/airflow/venv/lib/python3.12/site-packages/airflow/example_dags/example_trigger_target_dag.py
[2024-12-13T10:58:19.184+0000] {processor.py:914} INFO - Processing file /opt/bitnami/airflow/venv/lib/python3.12/site-packages/airflow/example_dags/example_trigger_target_dag.py for tasks to queue
[2024-12-13T10:58:19.187+0000] {logging_mixin.py:190} INFO - [2024-12-13T10:58:19.187+0000] {dagbag.py:588} INFO - Filling up the DagBag from /opt/bitnami/airflow/venv/lib/python3.12/site-packages/airflow/example_dags/example_trigger_target_dag.py
[2024-12-13T10:58:19.194+0000] {processor.py:925} INFO - DAG(s) 'example_trigger_target_dag' retrieved from /opt/bitnami/airflow/venv/lib/python3.12/site-packages/airflow/example_dags/example_trigger_target_dag.py
[2024-12-13T10:58:19.260+0000] {logging_mixin.py:190} INFO - [2024-12-13T10:58:19.260+0000] {dag.py:3239} INFO - Sync 1 DAGs
[2024-12-13T10:58:19.297+0000] {logging_mixin.py:190} INFO - [2024-12-13T10:58:19.297+0000] {dag.py:4180} INFO - Setting next_dagrun for example_trigger_target_dag to None, run_after=None
[2024-12-13T10:58:19.339+0000] {processor.py:208} INFO - Processing /opt/bitnami/airflow/venv/lib/python3.12/site-packages/airflow/example_dags/example_trigger_target_dag.py took 0.161 seconds
[2024-12-13T10:58:49.678+0000] {processor.py:186} INFO - Started process (PID=803) to work on /opt/bitnami/airflow/venv/lib/python3.12/site-packages/airflow/example_dags/example_trigger_target_dag.py
[2024-12-13T10:58:49.679+0000] {processor.py:914} INFO - Processing file /opt/bitnami/airflow/venv/lib/python3.12/site-packages/airflow/example_dags/example_trigger_target_dag.py for tasks to queue
[2024-12-13T10:58:49.682+0000] {logging_mixin.py:190} INFO - [2024-12-13T10:58:49.682+0000] {dagbag.py:588} INFO - Filling up the DagBag from /opt/bitnami/airflow/venv/lib/python3.12/site-packages/airflow/example_dags/example_trigger_target_dag.py
[2024-12-13T10:58:49.688+0000] {processor.py:925} INFO - DAG(s) 'example_trigger_target_dag' retrieved from /opt/bitnami/airflow/venv/lib/python3.12/site-packages/airflow/example_dags/example_trigger_target_dag.py
[2024-12-13T10:58:49.743+0000] {logging_mixin.py:190} INFO - [2024-12-13T10:58:49.742+0000] {dag.py:3239} INFO - Sync 1 DAGs
[2024-12-13T10:58:49.769+0000] {logging_mixin.py:190} INFO - [2024-12-13T10:58:49.768+0000] {dag.py:4180} INFO - Setting next_dagrun for example_trigger_target_dag to None, run_after=None
[2024-12-13T10:58:49.803+0000] {processor.py:208} INFO - Processing /opt/bitnami/airflow/venv/lib/python3.12/site-packages/airflow/example_dags/example_trigger_target_dag.py took 0.129 seconds
[2024-12-13T11:07:30.461+0000] {processor.py:186} INFO - Started process (PID=62) to work on /opt/bitnami/airflow/venv/lib/python3.12/site-packages/airflow/example_dags/example_trigger_target_dag.py
[2024-12-13T11:07:30.462+0000] {processor.py:914} INFO - Processing file /opt/bitnami/airflow/venv/lib/python3.12/site-packages/airflow/example_dags/example_trigger_target_dag.py for tasks to queue
[2024-12-13T11:07:30.464+0000] {logging_mixin.py:190} INFO - [2024-12-13T11:07:30.464+0000] {dagbag.py:588} INFO - Filling up the DagBag from /opt/bitnami/airflow/venv/lib/python3.12/site-packages/airflow/example_dags/example_trigger_target_dag.py
[2024-12-13T11:07:30.469+0000] {processor.py:925} INFO - DAG(s) 'example_trigger_target_dag' retrieved from /opt/bitnami/airflow/venv/lib/python3.12/site-packages/airflow/example_dags/example_trigger_target_dag.py
[2024-12-13T11:07:30.504+0000] {logging_mixin.py:190} INFO - [2024-12-13T11:07:30.504+0000] {dag.py:3239} INFO - Sync 1 DAGs
[2024-12-13T11:07:30.526+0000] {logging_mixin.py:190} INFO - [2024-12-13T11:07:30.526+0000] {dag.py:4180} INFO - Setting next_dagrun for example_trigger_target_dag to None, run_after=None
[2024-12-13T11:07:30.547+0000] {processor.py:208} INFO - Processing /opt/bitnami/airflow/venv/lib/python3.12/site-packages/airflow/example_dags/example_trigger_target_dag.py took 0.092 seconds
[2024-12-13T11:08:00.957+0000] {processor.py:186} INFO - Started process (PID=119) to work on /opt/bitnami/airflow/venv/lib/python3.12/site-packages/airflow/example_dags/example_trigger_target_dag.py
[2024-12-13T11:08:00.958+0000] {processor.py:914} INFO - Processing file /opt/bitnami/airflow/venv/lib/python3.12/site-packages/airflow/example_dags/example_trigger_target_dag.py for tasks to queue
[2024-12-13T11:08:00.961+0000] {logging_mixin.py:190} INFO - [2024-12-13T11:08:00.961+0000] {dagbag.py:588} INFO - Filling up the DagBag from /opt/bitnami/airflow/venv/lib/python3.12/site-packages/airflow/example_dags/example_trigger_target_dag.py
[2024-12-13T11:08:00.967+0000] {processor.py:925} INFO - DAG(s) 'example_trigger_target_dag' retrieved from /opt/bitnami/airflow/venv/lib/python3.12/site-packages/airflow/example_dags/example_trigger_target_dag.py
[2024-12-13T11:08:01.012+0000] {logging_mixin.py:190} INFO - [2024-12-13T11:08:01.012+0000] {dag.py:3239} INFO - Sync 1 DAGs
[2024-12-13T11:08:01.032+0000] {logging_mixin.py:190} INFO - [2024-12-13T11:08:01.031+0000] {dag.py:4180} INFO - Setting next_dagrun for example_trigger_target_dag to None, run_after=None
[2024-12-13T11:08:01.053+0000] {processor.py:208} INFO - Processing /opt/bitnami/airflow/venv/lib/python3.12/site-packages/airflow/example_dags/example_trigger_target_dag.py took 0.103 seconds
[2024-12-13T11:08:32.588+0000] {processor.py:186} INFO - Started process (PID=176) to work on /opt/bitnami/airflow/venv/lib/python3.12/site-packages/airflow/example_dags/example_trigger_target_dag.py
[2024-12-13T11:08:32.589+0000] {processor.py:914} INFO - Processing file /opt/bitnami/airflow/venv/lib/python3.12/site-packages/airflow/example_dags/example_trigger_target_dag.py for tasks to queue
[2024-12-13T11:08:32.591+0000] {logging_mixin.py:190} INFO - [2024-12-13T11:08:32.591+0000] {dagbag.py:588} INFO - Filling up the DagBag from /opt/bitnami/airflow/venv/lib/python3.12/site-packages/airflow/example_dags/example_trigger_target_dag.py
[2024-12-13T11:08:32.596+0000] {processor.py:925} INFO - DAG(s) 'example_trigger_target_dag' retrieved from /opt/bitnami/airflow/venv/lib/python3.12/site-packages/airflow/example_dags/example_trigger_target_dag.py
[2024-12-13T11:08:32.687+0000] {logging_mixin.py:190} INFO - [2024-12-13T11:08:32.686+0000] {dag.py:3239} INFO - Sync 1 DAGs
[2024-12-13T11:08:32.719+0000] {logging_mixin.py:190} INFO - [2024-12-13T11:08:32.718+0000] {dag.py:4180} INFO - Setting next_dagrun for example_trigger_target_dag to None, run_after=None
[2024-12-13T11:08:32.755+0000] {processor.py:208} INFO - Processing /opt/bitnami/airflow/venv/lib/python3.12/site-packages/airflow/example_dags/example_trigger_target_dag.py took 0.171 seconds
[2024-12-13T11:09:03.685+0000] {processor.py:186} INFO - Started process (PID=233) to work on /opt/bitnami/airflow/venv/lib/python3.12/site-packages/airflow/example_dags/example_trigger_target_dag.py
[2024-12-13T11:09:03.687+0000] {processor.py:914} INFO - Processing file /opt/bitnami/airflow/venv/lib/python3.12/site-packages/airflow/example_dags/example_trigger_target_dag.py for tasks to queue
[2024-12-13T11:09:03.690+0000] {logging_mixin.py:190} INFO - [2024-12-13T11:09:03.690+0000] {dagbag.py:588} INFO - Filling up the DagBag from /opt/bitnami/airflow/venv/lib/python3.12/site-packages/airflow/example_dags/example_trigger_target_dag.py
[2024-12-13T11:09:03.697+0000] {processor.py:925} INFO - DAG(s) 'example_trigger_target_dag' retrieved from /opt/bitnami/airflow/venv/lib/python3.12/site-packages/airflow/example_dags/example_trigger_target_dag.py
[2024-12-13T11:09:03.771+0000] {logging_mixin.py:190} INFO - [2024-12-13T11:09:03.771+0000] {dag.py:3239} INFO - Sync 1 DAGs
[2024-12-13T11:09:03.814+0000] {logging_mixin.py:190} INFO - [2024-12-13T11:09:03.814+0000] {dag.py:4180} INFO - Setting next_dagrun for example_trigger_target_dag to None, run_after=None
[2024-12-13T11:09:03.861+0000] {processor.py:208} INFO - Processing /opt/bitnami/airflow/venv/lib/python3.12/site-packages/airflow/example_dags/example_trigger_target_dag.py took 0.181 seconds
[2024-12-13T11:13:43.030+0000] {processor.py:186} INFO - Started process (PID=62) to work on /opt/bitnami/airflow/venv/lib/python3.12/site-packages/airflow/example_dags/example_trigger_target_dag.py
[2024-12-13T11:13:43.031+0000] {processor.py:914} INFO - Processing file /opt/bitnami/airflow/venv/lib/python3.12/site-packages/airflow/example_dags/example_trigger_target_dag.py for tasks to queue
[2024-12-13T11:13:43.034+0000] {logging_mixin.py:190} INFO - [2024-12-13T11:13:43.034+0000] {dagbag.py:588} INFO - Filling up the DagBag from /opt/bitnami/airflow/venv/lib/python3.12/site-packages/airflow/example_dags/example_trigger_target_dag.py
[2024-12-13T11:13:43.040+0000] {processor.py:925} INFO - DAG(s) 'example_trigger_target_dag' retrieved from /opt/bitnami/airflow/venv/lib/python3.12/site-packages/airflow/example_dags/example_trigger_target_dag.py
[2024-12-13T11:13:43.081+0000] {logging_mixin.py:190} INFO - [2024-12-13T11:13:43.081+0000] {dag.py:3239} INFO - Sync 1 DAGs
[2024-12-13T11:13:43.108+0000] {logging_mixin.py:190} INFO - [2024-12-13T11:13:43.107+0000] {dag.py:4180} INFO - Setting next_dagrun for example_trigger_target_dag to None, run_after=None
[2024-12-13T11:13:43.140+0000] {processor.py:208} INFO - Processing /opt/bitnami/airflow/venv/lib/python3.12/site-packages/airflow/example_dags/example_trigger_target_dag.py took 0.117 seconds
[2024-12-13T11:14:13.774+0000] {processor.py:186} INFO - Started process (PID=119) to work on /opt/bitnami/airflow/venv/lib/python3.12/site-packages/airflow/example_dags/example_trigger_target_dag.py
[2024-12-13T11:14:13.775+0000] {processor.py:914} INFO - Processing file /opt/bitnami/airflow/venv/lib/python3.12/site-packages/airflow/example_dags/example_trigger_target_dag.py for tasks to queue
[2024-12-13T11:14:13.777+0000] {logging_mixin.py:190} INFO - [2024-12-13T11:14:13.777+0000] {dagbag.py:588} INFO - Filling up the DagBag from /opt/bitnami/airflow/venv/lib/python3.12/site-packages/airflow/example_dags/example_trigger_target_dag.py
[2024-12-13T11:14:13.783+0000] {processor.py:925} INFO - DAG(s) 'example_trigger_target_dag' retrieved from /opt/bitnami/airflow/venv/lib/python3.12/site-packages/airflow/example_dags/example_trigger_target_dag.py
[2024-12-13T11:14:13.816+0000] {logging_mixin.py:190} INFO - [2024-12-13T11:14:13.816+0000] {dag.py:3239} INFO - Sync 1 DAGs
[2024-12-13T11:14:13.841+0000] {logging_mixin.py:190} INFO - [2024-12-13T11:14:13.841+0000] {dag.py:4180} INFO - Setting next_dagrun for example_trigger_target_dag to None, run_after=None
[2024-12-13T11:14:13.859+0000] {processor.py:208} INFO - Processing /opt/bitnami/airflow/venv/lib/python3.12/site-packages/airflow/example_dags/example_trigger_target_dag.py took 0.090 seconds
[2024-12-13T11:14:45.780+0000] {processor.py:186} INFO - Started process (PID=176) to work on /opt/bitnami/airflow/venv/lib/python3.12/site-packages/airflow/example_dags/example_trigger_target_dag.py
[2024-12-13T11:14:45.781+0000] {processor.py:914} INFO - Processing file /opt/bitnami/airflow/venv/lib/python3.12/site-packages/airflow/example_dags/example_trigger_target_dag.py for tasks to queue
[2024-12-13T11:14:45.784+0000] {logging_mixin.py:190} INFO - [2024-12-13T11:14:45.784+0000] {dagbag.py:588} INFO - Filling up the DagBag from /opt/bitnami/airflow/venv/lib/python3.12/site-packages/airflow/example_dags/example_trigger_target_dag.py
[2024-12-13T11:14:45.791+0000] {processor.py:925} INFO - DAG(s) 'example_trigger_target_dag' retrieved from /opt/bitnami/airflow/venv/lib/python3.12/site-packages/airflow/example_dags/example_trigger_target_dag.py
[2024-12-13T11:14:45.976+0000] {logging_mixin.py:190} INFO - [2024-12-13T11:14:45.976+0000] {dag.py:3239} INFO - Sync 1 DAGs
[2024-12-13T11:14:46.025+0000] {logging_mixin.py:190} INFO - [2024-12-13T11:14:46.025+0000] {dag.py:4180} INFO - Setting next_dagrun for example_trigger_target_dag to None, run_after=None
[2024-12-13T11:14:46.077+0000] {processor.py:208} INFO - Processing /opt/bitnami/airflow/venv/lib/python3.12/site-packages/airflow/example_dags/example_trigger_target_dag.py took 0.304 seconds
[2024-12-13T11:15:16.805+0000] {processor.py:186} INFO - Started process (PID=233) to work on /opt/bitnami/airflow/venv/lib/python3.12/site-packages/airflow/example_dags/example_trigger_target_dag.py
[2024-12-13T11:15:16.807+0000] {processor.py:914} INFO - Processing file /opt/bitnami/airflow/venv/lib/python3.12/site-packages/airflow/example_dags/example_trigger_target_dag.py for tasks to queue
[2024-12-13T11:15:16.810+0000] {logging_mixin.py:190} INFO - [2024-12-13T11:15:16.809+0000] {dagbag.py:588} INFO - Filling up the DagBag from /opt/bitnami/airflow/venv/lib/python3.12/site-packages/airflow/example_dags/example_trigger_target_dag.py
[2024-12-13T11:15:16.819+0000] {processor.py:925} INFO - DAG(s) 'example_trigger_target_dag' retrieved from /opt/bitnami/airflow/venv/lib/python3.12/site-packages/airflow/example_dags/example_trigger_target_dag.py
[2024-12-13T11:15:16.911+0000] {logging_mixin.py:190} INFO - [2024-12-13T11:15:16.911+0000] {dag.py:3239} INFO - Sync 1 DAGs
[2024-12-13T11:15:16.949+0000] {logging_mixin.py:190} INFO - [2024-12-13T11:15:16.948+0000] {dag.py:4180} INFO - Setting next_dagrun for example_trigger_target_dag to None, run_after=None
[2024-12-13T11:15:16.988+0000] {processor.py:208} INFO - Processing /opt/bitnami/airflow/venv/lib/python3.12/site-packages/airflow/example_dags/example_trigger_target_dag.py took 0.190 seconds
[2024-12-13T11:57:08.046+0000] {processor.py:186} INFO - Started process (PID=62) to work on /opt/bitnami/airflow/venv/lib/python3.12/site-packages/airflow/example_dags/example_trigger_target_dag.py
[2024-12-13T11:57:08.047+0000] {processor.py:914} INFO - Processing file /opt/bitnami/airflow/venv/lib/python3.12/site-packages/airflow/example_dags/example_trigger_target_dag.py for tasks to queue
[2024-12-13T11:57:08.049+0000] {logging_mixin.py:190} INFO - [2024-12-13T11:57:08.049+0000] {dagbag.py:588} INFO - Filling up the DagBag from /opt/bitnami/airflow/venv/lib/python3.12/site-packages/airflow/example_dags/example_trigger_target_dag.py
[2024-12-13T11:57:08.054+0000] {processor.py:925} INFO - DAG(s) 'example_trigger_target_dag' retrieved from /opt/bitnami/airflow/venv/lib/python3.12/site-packages/airflow/example_dags/example_trigger_target_dag.py
[2024-12-13T11:57:08.093+0000] {logging_mixin.py:190} INFO - [2024-12-13T11:57:08.093+0000] {dag.py:3239} INFO - Sync 1 DAGs
[2024-12-13T11:57:08.116+0000] {logging_mixin.py:190} INFO - [2024-12-13T11:57:08.116+0000] {dag.py:4180} INFO - Setting next_dagrun for example_trigger_target_dag to None, run_after=None
[2024-12-13T11:57:08.140+0000] {processor.py:208} INFO - Processing /opt/bitnami/airflow/venv/lib/python3.12/site-packages/airflow/example_dags/example_trigger_target_dag.py took 0.099 seconds
[2024-12-13T11:57:39.286+0000] {processor.py:186} INFO - Started process (PID=119) to work on /opt/bitnami/airflow/venv/lib/python3.12/site-packages/airflow/example_dags/example_trigger_target_dag.py
[2024-12-13T11:57:39.286+0000] {processor.py:914} INFO - Processing file /opt/bitnami/airflow/venv/lib/python3.12/site-packages/airflow/example_dags/example_trigger_target_dag.py for tasks to queue
[2024-12-13T11:57:39.291+0000] {logging_mixin.py:190} INFO - [2024-12-13T11:57:39.290+0000] {dagbag.py:588} INFO - Filling up the DagBag from /opt/bitnami/airflow/venv/lib/python3.12/site-packages/airflow/example_dags/example_trigger_target_dag.py
[2024-12-13T11:57:39.300+0000] {processor.py:925} INFO - DAG(s) 'example_trigger_target_dag' retrieved from /opt/bitnami/airflow/venv/lib/python3.12/site-packages/airflow/example_dags/example_trigger_target_dag.py
[2024-12-13T11:57:39.363+0000] {logging_mixin.py:190} INFO - [2024-12-13T11:57:39.363+0000] {dag.py:3239} INFO - Sync 1 DAGs
[2024-12-13T11:57:39.396+0000] {logging_mixin.py:190} INFO - [2024-12-13T11:57:39.395+0000] {dag.py:4180} INFO - Setting next_dagrun for example_trigger_target_dag to None, run_after=None
[2024-12-13T11:57:39.433+0000] {processor.py:208} INFO - Processing /opt/bitnami/airflow/venv/lib/python3.12/site-packages/airflow/example_dags/example_trigger_target_dag.py took 0.156 seconds
[2024-12-13T11:58:33.577+0000] {processor.py:186} INFO - Started process (PID=62) to work on /opt/bitnami/airflow/venv/lib/python3.12/site-packages/airflow/example_dags/example_trigger_target_dag.py
[2024-12-13T11:58:33.578+0000] {processor.py:914} INFO - Processing file /opt/bitnami/airflow/venv/lib/python3.12/site-packages/airflow/example_dags/example_trigger_target_dag.py for tasks to queue
[2024-12-13T11:58:33.580+0000] {logging_mixin.py:190} INFO - [2024-12-13T11:58:33.580+0000] {dagbag.py:588} INFO - Filling up the DagBag from /opt/bitnami/airflow/venv/lib/python3.12/site-packages/airflow/example_dags/example_trigger_target_dag.py
[2024-12-13T11:58:33.586+0000] {processor.py:925} INFO - DAG(s) 'example_trigger_target_dag' retrieved from /opt/bitnami/airflow/venv/lib/python3.12/site-packages/airflow/example_dags/example_trigger_target_dag.py
[2024-12-13T11:58:33.620+0000] {logging_mixin.py:190} INFO - [2024-12-13T11:58:33.620+0000] {dag.py:3239} INFO - Sync 1 DAGs
[2024-12-13T11:58:33.639+0000] {logging_mixin.py:190} INFO - [2024-12-13T11:58:33.639+0000] {dag.py:4180} INFO - Setting next_dagrun for example_trigger_target_dag to None, run_after=None
[2024-12-13T11:58:33.656+0000] {processor.py:208} INFO - Processing /opt/bitnami/airflow/venv/lib/python3.12/site-packages/airflow/example_dags/example_trigger_target_dag.py took 0.084 seconds
[2024-12-13T11:59:04.760+0000] {processor.py:186} INFO - Started process (PID=119) to work on /opt/bitnami/airflow/venv/lib/python3.12/site-packages/airflow/example_dags/example_trigger_target_dag.py
[2024-12-13T11:59:04.763+0000] {processor.py:914} INFO - Processing file /opt/bitnami/airflow/venv/lib/python3.12/site-packages/airflow/example_dags/example_trigger_target_dag.py for tasks to queue
[2024-12-13T11:59:04.768+0000] {logging_mixin.py:190} INFO - [2024-12-13T11:59:04.767+0000] {dagbag.py:588} INFO - Filling up the DagBag from /opt/bitnami/airflow/venv/lib/python3.12/site-packages/airflow/example_dags/example_trigger_target_dag.py
[2024-12-13T11:59:04.779+0000] {processor.py:925} INFO - DAG(s) 'example_trigger_target_dag' retrieved from /opt/bitnami/airflow/venv/lib/python3.12/site-packages/airflow/example_dags/example_trigger_target_dag.py
[2024-12-13T11:59:04.820+0000] {logging_mixin.py:190} INFO - [2024-12-13T11:59:04.819+0000] {dag.py:3239} INFO - Sync 1 DAGs
[2024-12-13T11:59:04.842+0000] {logging_mixin.py:190} INFO - [2024-12-13T11:59:04.842+0000] {dag.py:4180} INFO - Setting next_dagrun for example_trigger_target_dag to None, run_after=None
[2024-12-13T11:59:04.882+0000] {processor.py:208} INFO - Processing /opt/bitnami/airflow/venv/lib/python3.12/site-packages/airflow/example_dags/example_trigger_target_dag.py took 0.131 seconds
[2024-12-13T11:59:35.350+0000] {processor.py:186} INFO - Started process (PID=176) to work on /opt/bitnami/airflow/venv/lib/python3.12/site-packages/airflow/example_dags/example_trigger_target_dag.py
[2024-12-13T11:59:35.351+0000] {processor.py:914} INFO - Processing file /opt/bitnami/airflow/venv/lib/python3.12/site-packages/airflow/example_dags/example_trigger_target_dag.py for tasks to queue
[2024-12-13T11:59:35.353+0000] {logging_mixin.py:190} INFO - [2024-12-13T11:59:35.353+0000] {dagbag.py:588} INFO - Filling up the DagBag from /opt/bitnami/airflow/venv/lib/python3.12/site-packages/airflow/example_dags/example_trigger_target_dag.py
[2024-12-13T11:59:35.359+0000] {processor.py:925} INFO - DAG(s) 'example_trigger_target_dag' retrieved from /opt/bitnami/airflow/venv/lib/python3.12/site-packages/airflow/example_dags/example_trigger_target_dag.py
[2024-12-13T11:59:35.442+0000] {logging_mixin.py:190} INFO - [2024-12-13T11:59:35.442+0000] {dag.py:3239} INFO - Sync 1 DAGs
[2024-12-13T11:59:35.462+0000] {logging_mixin.py:190} INFO - [2024-12-13T11:59:35.462+0000] {dag.py:4180} INFO - Setting next_dagrun for example_trigger_target_dag to None, run_after=None
[2024-12-13T11:59:35.488+0000] {processor.py:208} INFO - Processing /opt/bitnami/airflow/venv/lib/python3.12/site-packages/airflow/example_dags/example_trigger_target_dag.py took 0.143 seconds
[2024-12-13T12:00:06.028+0000] {processor.py:186} INFO - Started process (PID=233) to work on /opt/bitnami/airflow/venv/lib/python3.12/site-packages/airflow/example_dags/example_trigger_target_dag.py
[2024-12-13T12:00:06.029+0000] {processor.py:914} INFO - Processing file /opt/bitnami/airflow/venv/lib/python3.12/site-packages/airflow/example_dags/example_trigger_target_dag.py for tasks to queue
[2024-12-13T12:00:06.031+0000] {logging_mixin.py:190} INFO - [2024-12-13T12:00:06.031+0000] {dagbag.py:588} INFO - Filling up the DagBag from /opt/bitnami/airflow/venv/lib/python3.12/site-packages/airflow/example_dags/example_trigger_target_dag.py
[2024-12-13T12:00:06.037+0000] {processor.py:925} INFO - DAG(s) 'example_trigger_target_dag' retrieved from /opt/bitnami/airflow/venv/lib/python3.12/site-packages/airflow/example_dags/example_trigger_target_dag.py
[2024-12-13T12:00:06.071+0000] {logging_mixin.py:190} INFO - [2024-12-13T12:00:06.071+0000] {dag.py:3239} INFO - Sync 1 DAGs
[2024-12-13T12:00:06.090+0000] {logging_mixin.py:190} INFO - [2024-12-13T12:00:06.090+0000] {dag.py:4180} INFO - Setting next_dagrun for example_trigger_target_dag to None, run_after=None
[2024-12-13T12:00:06.110+0000] {processor.py:208} INFO - Processing /opt/bitnami/airflow/venv/lib/python3.12/site-packages/airflow/example_dags/example_trigger_target_dag.py took 0.087 seconds
[2024-12-13T12:00:36.166+0000] {processor.py:186} INFO - Started process (PID=290) to work on /opt/bitnami/airflow/venv/lib/python3.12/site-packages/airflow/example_dags/example_trigger_target_dag.py
[2024-12-13T12:00:36.167+0000] {processor.py:914} INFO - Processing file /opt/bitnami/airflow/venv/lib/python3.12/site-packages/airflow/example_dags/example_trigger_target_dag.py for tasks to queue
[2024-12-13T12:00:36.169+0000] {logging_mixin.py:190} INFO - [2024-12-13T12:00:36.169+0000] {dagbag.py:588} INFO - Filling up the DagBag from /opt/bitnami/airflow/venv/lib/python3.12/site-packages/airflow/example_dags/example_trigger_target_dag.py
[2024-12-13T12:00:36.174+0000] {processor.py:925} INFO - DAG(s) 'example_trigger_target_dag' retrieved from /opt/bitnami/airflow/venv/lib/python3.12/site-packages/airflow/example_dags/example_trigger_target_dag.py
[2024-12-13T12:00:36.201+0000] {logging_mixin.py:190} INFO - [2024-12-13T12:00:36.201+0000] {dag.py:3239} INFO - Sync 1 DAGs
[2024-12-13T12:00:36.215+0000] {logging_mixin.py:190} INFO - [2024-12-13T12:00:36.215+0000] {dag.py:4180} INFO - Setting next_dagrun for example_trigger_target_dag to None, run_after=None
[2024-12-13T12:00:36.234+0000] {processor.py:208} INFO - Processing /opt/bitnami/airflow/venv/lib/python3.12/site-packages/airflow/example_dags/example_trigger_target_dag.py took 0.072 seconds
[2024-12-13T12:01:06.877+0000] {processor.py:186} INFO - Started process (PID=347) to work on /opt/bitnami/airflow/venv/lib/python3.12/site-packages/airflow/example_dags/example_trigger_target_dag.py
[2024-12-13T12:01:06.877+0000] {processor.py:914} INFO - Processing file /opt/bitnami/airflow/venv/lib/python3.12/site-packages/airflow/example_dags/example_trigger_target_dag.py for tasks to queue
[2024-12-13T12:01:06.879+0000] {logging_mixin.py:190} INFO - [2024-12-13T12:01:06.879+0000] {dagbag.py:588} INFO - Filling up the DagBag from /opt/bitnami/airflow/venv/lib/python3.12/site-packages/airflow/example_dags/example_trigger_target_dag.py
[2024-12-13T12:01:06.884+0000] {processor.py:925} INFO - DAG(s) 'example_trigger_target_dag' retrieved from /opt/bitnami/airflow/venv/lib/python3.12/site-packages/airflow/example_dags/example_trigger_target_dag.py
[2024-12-13T12:01:06.913+0000] {logging_mixin.py:190} INFO - [2024-12-13T12:01:06.913+0000] {dag.py:3239} INFO - Sync 1 DAGs
[2024-12-13T12:01:06.932+0000] {logging_mixin.py:190} INFO - [2024-12-13T12:01:06.932+0000] {dag.py:4180} INFO - Setting next_dagrun for example_trigger_target_dag to None, run_after=None
[2024-12-13T12:01:06.955+0000] {processor.py:208} INFO - Processing /opt/bitnami/airflow/venv/lib/python3.12/site-packages/airflow/example_dags/example_trigger_target_dag.py took 0.083 seconds
[2024-12-13T12:01:37.709+0000] {processor.py:186} INFO - Started process (PID=404) to work on /opt/bitnami/airflow/venv/lib/python3.12/site-packages/airflow/example_dags/example_trigger_target_dag.py
[2024-12-13T12:01:37.710+0000] {processor.py:914} INFO - Processing file /opt/bitnami/airflow/venv/lib/python3.12/site-packages/airflow/example_dags/example_trigger_target_dag.py for tasks to queue
[2024-12-13T12:01:37.713+0000] {logging_mixin.py:190} INFO - [2024-12-13T12:01:37.713+0000] {dagbag.py:588} INFO - Filling up the DagBag from /opt/bitnami/airflow/venv/lib/python3.12/site-packages/airflow/example_dags/example_trigger_target_dag.py
[2024-12-13T12:01:37.719+0000] {processor.py:925} INFO - DAG(s) 'example_trigger_target_dag' retrieved from /opt/bitnami/airflow/venv/lib/python3.12/site-packages/airflow/example_dags/example_trigger_target_dag.py
[2024-12-13T12:01:37.757+0000] {logging_mixin.py:190} INFO - [2024-12-13T12:01:37.757+0000] {dag.py:3239} INFO - Sync 1 DAGs
[2024-12-13T12:01:37.779+0000] {logging_mixin.py:190} INFO - [2024-12-13T12:01:37.779+0000] {dag.py:4180} INFO - Setting next_dagrun for example_trigger_target_dag to None, run_after=None
[2024-12-13T12:01:37.804+0000] {processor.py:208} INFO - Processing /opt/bitnami/airflow/venv/lib/python3.12/site-packages/airflow/example_dags/example_trigger_target_dag.py took 0.100 seconds
[2024-12-13T12:02:08.952+0000] {processor.py:186} INFO - Started process (PID=461) to work on /opt/bitnami/airflow/venv/lib/python3.12/site-packages/airflow/example_dags/example_trigger_target_dag.py
[2024-12-13T12:02:08.954+0000] {processor.py:914} INFO - Processing file /opt/bitnami/airflow/venv/lib/python3.12/site-packages/airflow/example_dags/example_trigger_target_dag.py for tasks to queue
[2024-12-13T12:02:08.956+0000] {logging_mixin.py:190} INFO - [2024-12-13T12:02:08.956+0000] {dagbag.py:588} INFO - Filling up the DagBag from /opt/bitnami/airflow/venv/lib/python3.12/site-packages/airflow/example_dags/example_trigger_target_dag.py
[2024-12-13T12:02:08.962+0000] {processor.py:925} INFO - DAG(s) 'example_trigger_target_dag' retrieved from /opt/bitnami/airflow/venv/lib/python3.12/site-packages/airflow/example_dags/example_trigger_target_dag.py
[2024-12-13T12:02:09.011+0000] {logging_mixin.py:190} INFO - [2024-12-13T12:02:09.010+0000] {dag.py:3239} INFO - Sync 1 DAGs
[2024-12-13T12:02:09.040+0000] {logging_mixin.py:190} INFO - [2024-12-13T12:02:09.039+0000] {dag.py:4180} INFO - Setting next_dagrun for example_trigger_target_dag to None, run_after=None
[2024-12-13T12:02:09.080+0000] {processor.py:208} INFO - Processing /opt/bitnami/airflow/venv/lib/python3.12/site-packages/airflow/example_dags/example_trigger_target_dag.py took 0.135 seconds
