[2024-12-13T08:19:45.229+0000] {processor.py:186} INFO - Started process (PID=72) to work on /opt/bitnami/airflow/venv/lib/python3.12/site-packages/airflow/example_dags/example_local_kubernetes_executor.py
[2024-12-13T08:19:45.230+0000] {processor.py:914} INFO - Processing file /opt/bitnami/airflow/venv/lib/python3.12/site-packages/airflow/example_dags/example_local_kubernetes_executor.py for tasks to queue
[2024-12-13T08:19:45.233+0000] {logging_mixin.py:190} INFO - [2024-12-13T08:19:45.233+0000] {dagbag.py:588} INFO - Filling up the DagBag from /opt/bitnami/airflow/venv/lib/python3.12/site-packages/airflow/example_dags/example_local_kubernetes_executor.py
[2024-12-13T08:19:45.240+0000] {processor.py:925} INFO - DAG(s) 'example_local_kubernetes_executor' retrieved from /opt/bitnami/airflow/venv/lib/python3.12/site-packages/airflow/example_dags/example_local_kubernetes_executor.py
[2024-12-13T08:19:45.281+0000] {logging_mixin.py:190} INFO - [2024-12-13T08:19:45.279+0000] {dag.py:3239} INFO - Sync 1 DAGs
[2024-12-13T08:19:45.304+0000] {logging_mixin.py:190} INFO - [2024-12-13T08:19:45.304+0000] {dag.py:4180} INFO - Setting next_dagrun for example_local_kubernetes_executor to None, run_after=None
[2024-12-13T08:19:45.325+0000] {processor.py:208} INFO - Processing /opt/bitnami/airflow/venv/lib/python3.12/site-packages/airflow/example_dags/example_local_kubernetes_executor.py took 0.102 seconds
[2024-12-13T08:20:15.473+0000] {processor.py:186} INFO - Started process (PID=129) to work on /opt/bitnami/airflow/venv/lib/python3.12/site-packages/airflow/example_dags/example_local_kubernetes_executor.py
[2024-12-13T08:20:15.474+0000] {processor.py:914} INFO - Processing file /opt/bitnami/airflow/venv/lib/python3.12/site-packages/airflow/example_dags/example_local_kubernetes_executor.py for tasks to queue
[2024-12-13T08:20:15.476+0000] {logging_mixin.py:190} INFO - [2024-12-13T08:20:15.476+0000] {dagbag.py:588} INFO - Filling up the DagBag from /opt/bitnami/airflow/venv/lib/python3.12/site-packages/airflow/example_dags/example_local_kubernetes_executor.py
[2024-12-13T08:20:15.484+0000] {processor.py:925} INFO - DAG(s) 'example_local_kubernetes_executor' retrieved from /opt/bitnami/airflow/venv/lib/python3.12/site-packages/airflow/example_dags/example_local_kubernetes_executor.py
[2024-12-13T08:20:15.525+0000] {logging_mixin.py:190} INFO - [2024-12-13T08:20:15.524+0000] {dag.py:3239} INFO - Sync 1 DAGs
[2024-12-13T08:20:15.545+0000] {logging_mixin.py:190} INFO - [2024-12-13T08:20:15.545+0000] {dag.py:4180} INFO - Setting next_dagrun for example_local_kubernetes_executor to None, run_after=None
[2024-12-13T08:20:15.563+0000] {processor.py:208} INFO - Processing /opt/bitnami/airflow/venv/lib/python3.12/site-packages/airflow/example_dags/example_local_kubernetes_executor.py took 0.095 seconds
[2024-12-13T08:20:46.047+0000] {processor.py:186} INFO - Started process (PID=186) to work on /opt/bitnami/airflow/venv/lib/python3.12/site-packages/airflow/example_dags/example_local_kubernetes_executor.py
[2024-12-13T08:20:46.048+0000] {processor.py:914} INFO - Processing file /opt/bitnami/airflow/venv/lib/python3.12/site-packages/airflow/example_dags/example_local_kubernetes_executor.py for tasks to queue
[2024-12-13T08:20:46.051+0000] {logging_mixin.py:190} INFO - [2024-12-13T08:20:46.050+0000] {dagbag.py:588} INFO - Filling up the DagBag from /opt/bitnami/airflow/venv/lib/python3.12/site-packages/airflow/example_dags/example_local_kubernetes_executor.py
[2024-12-13T08:20:46.058+0000] {processor.py:925} INFO - DAG(s) 'example_local_kubernetes_executor' retrieved from /opt/bitnami/airflow/venv/lib/python3.12/site-packages/airflow/example_dags/example_local_kubernetes_executor.py
[2024-12-13T08:20:46.105+0000] {logging_mixin.py:190} INFO - [2024-12-13T08:20:46.105+0000] {dag.py:3239} INFO - Sync 1 DAGs
[2024-12-13T08:20:46.125+0000] {logging_mixin.py:190} INFO - [2024-12-13T08:20:46.125+0000] {dag.py:4180} INFO - Setting next_dagrun for example_local_kubernetes_executor to None, run_after=None
[2024-12-13T08:20:46.147+0000] {processor.py:208} INFO - Processing /opt/bitnami/airflow/venv/lib/python3.12/site-packages/airflow/example_dags/example_local_kubernetes_executor.py took 0.107 seconds
[2024-12-13T08:21:16.777+0000] {processor.py:186} INFO - Started process (PID=243) to work on /opt/bitnami/airflow/venv/lib/python3.12/site-packages/airflow/example_dags/example_local_kubernetes_executor.py
[2024-12-13T08:21:16.778+0000] {processor.py:914} INFO - Processing file /opt/bitnami/airflow/venv/lib/python3.12/site-packages/airflow/example_dags/example_local_kubernetes_executor.py for tasks to queue
[2024-12-13T08:21:16.780+0000] {logging_mixin.py:190} INFO - [2024-12-13T08:21:16.780+0000] {dagbag.py:588} INFO - Filling up the DagBag from /opt/bitnami/airflow/venv/lib/python3.12/site-packages/airflow/example_dags/example_local_kubernetes_executor.py
[2024-12-13T08:21:16.786+0000] {processor.py:925} INFO - DAG(s) 'example_local_kubernetes_executor' retrieved from /opt/bitnami/airflow/venv/lib/python3.12/site-packages/airflow/example_dags/example_local_kubernetes_executor.py
[2024-12-13T08:21:16.865+0000] {logging_mixin.py:190} INFO - [2024-12-13T08:21:16.864+0000] {dag.py:3239} INFO - Sync 1 DAGs
[2024-12-13T08:21:16.878+0000] {logging_mixin.py:190} INFO - [2024-12-13T08:21:16.877+0000] {dag.py:4180} INFO - Setting next_dagrun for example_local_kubernetes_executor to None, run_after=None
[2024-12-13T08:21:16.897+0000] {processor.py:208} INFO - Processing /opt/bitnami/airflow/venv/lib/python3.12/site-packages/airflow/example_dags/example_local_kubernetes_executor.py took 0.125 seconds
[2024-12-13T08:21:47.842+0000] {processor.py:186} INFO - Started process (PID=300) to work on /opt/bitnami/airflow/venv/lib/python3.12/site-packages/airflow/example_dags/example_local_kubernetes_executor.py
[2024-12-13T08:21:47.843+0000] {processor.py:914} INFO - Processing file /opt/bitnami/airflow/venv/lib/python3.12/site-packages/airflow/example_dags/example_local_kubernetes_executor.py for tasks to queue
[2024-12-13T08:21:47.845+0000] {logging_mixin.py:190} INFO - [2024-12-13T08:21:47.844+0000] {dagbag.py:588} INFO - Filling up the DagBag from /opt/bitnami/airflow/venv/lib/python3.12/site-packages/airflow/example_dags/example_local_kubernetes_executor.py
[2024-12-13T08:21:47.851+0000] {processor.py:925} INFO - DAG(s) 'example_local_kubernetes_executor' retrieved from /opt/bitnami/airflow/venv/lib/python3.12/site-packages/airflow/example_dags/example_local_kubernetes_executor.py
[2024-12-13T08:21:47.887+0000] {logging_mixin.py:190} INFO - [2024-12-13T08:21:47.887+0000] {dag.py:3239} INFO - Sync 1 DAGs
[2024-12-13T08:21:47.912+0000] {logging_mixin.py:190} INFO - [2024-12-13T08:21:47.912+0000] {dag.py:4180} INFO - Setting next_dagrun for example_local_kubernetes_executor to None, run_after=None
[2024-12-13T08:21:47.938+0000] {processor.py:208} INFO - Processing /opt/bitnami/airflow/venv/lib/python3.12/site-packages/airflow/example_dags/example_local_kubernetes_executor.py took 0.101 seconds
[2024-12-13T08:22:18.143+0000] {processor.py:186} INFO - Started process (PID=357) to work on /opt/bitnami/airflow/venv/lib/python3.12/site-packages/airflow/example_dags/example_local_kubernetes_executor.py
[2024-12-13T08:22:18.144+0000] {processor.py:914} INFO - Processing file /opt/bitnami/airflow/venv/lib/python3.12/site-packages/airflow/example_dags/example_local_kubernetes_executor.py for tasks to queue
[2024-12-13T08:22:18.146+0000] {logging_mixin.py:190} INFO - [2024-12-13T08:22:18.146+0000] {dagbag.py:588} INFO - Filling up the DagBag from /opt/bitnami/airflow/venv/lib/python3.12/site-packages/airflow/example_dags/example_local_kubernetes_executor.py
[2024-12-13T08:22:18.153+0000] {processor.py:925} INFO - DAG(s) 'example_local_kubernetes_executor' retrieved from /opt/bitnami/airflow/venv/lib/python3.12/site-packages/airflow/example_dags/example_local_kubernetes_executor.py
[2024-12-13T08:22:18.196+0000] {logging_mixin.py:190} INFO - [2024-12-13T08:22:18.196+0000] {dag.py:3239} INFO - Sync 1 DAGs
[2024-12-13T08:22:18.219+0000] {logging_mixin.py:190} INFO - [2024-12-13T08:22:18.219+0000] {dag.py:4180} INFO - Setting next_dagrun for example_local_kubernetes_executor to None, run_after=None
[2024-12-13T08:22:18.243+0000] {processor.py:208} INFO - Processing /opt/bitnami/airflow/venv/lib/python3.12/site-packages/airflow/example_dags/example_local_kubernetes_executor.py took 0.105 seconds
[2024-12-13T08:22:49.054+0000] {processor.py:186} INFO - Started process (PID=414) to work on /opt/bitnami/airflow/venv/lib/python3.12/site-packages/airflow/example_dags/example_local_kubernetes_executor.py
[2024-12-13T08:22:49.055+0000] {processor.py:914} INFO - Processing file /opt/bitnami/airflow/venv/lib/python3.12/site-packages/airflow/example_dags/example_local_kubernetes_executor.py for tasks to queue
[2024-12-13T08:22:49.057+0000] {logging_mixin.py:190} INFO - [2024-12-13T08:22:49.057+0000] {dagbag.py:588} INFO - Filling up the DagBag from /opt/bitnami/airflow/venv/lib/python3.12/site-packages/airflow/example_dags/example_local_kubernetes_executor.py
[2024-12-13T08:22:49.065+0000] {processor.py:925} INFO - DAG(s) 'example_local_kubernetes_executor' retrieved from /opt/bitnami/airflow/venv/lib/python3.12/site-packages/airflow/example_dags/example_local_kubernetes_executor.py
[2024-12-13T08:22:49.120+0000] {logging_mixin.py:190} INFO - [2024-12-13T08:22:49.119+0000] {dag.py:3239} INFO - Sync 1 DAGs
[2024-12-13T08:22:49.142+0000] {logging_mixin.py:190} INFO - [2024-12-13T08:22:49.142+0000] {dag.py:4180} INFO - Setting next_dagrun for example_local_kubernetes_executor to None, run_after=None
[2024-12-13T08:22:49.165+0000] {processor.py:208} INFO - Processing /opt/bitnami/airflow/venv/lib/python3.12/site-packages/airflow/example_dags/example_local_kubernetes_executor.py took 0.118 seconds
[2024-12-13T08:25:46.102+0000] {processor.py:186} INFO - Started process (PID=72) to work on /opt/bitnami/airflow/venv/lib/python3.12/site-packages/airflow/example_dags/example_local_kubernetes_executor.py
[2024-12-13T08:25:46.103+0000] {processor.py:914} INFO - Processing file /opt/bitnami/airflow/venv/lib/python3.12/site-packages/airflow/example_dags/example_local_kubernetes_executor.py for tasks to queue
[2024-12-13T08:25:46.105+0000] {logging_mixin.py:190} INFO - [2024-12-13T08:25:46.105+0000] {dagbag.py:588} INFO - Filling up the DagBag from /opt/bitnami/airflow/venv/lib/python3.12/site-packages/airflow/example_dags/example_local_kubernetes_executor.py
[2024-12-13T08:25:46.112+0000] {processor.py:925} INFO - DAG(s) 'example_local_kubernetes_executor' retrieved from /opt/bitnami/airflow/venv/lib/python3.12/site-packages/airflow/example_dags/example_local_kubernetes_executor.py
[2024-12-13T08:25:46.161+0000] {logging_mixin.py:190} INFO - [2024-12-13T08:25:46.160+0000] {dag.py:3239} INFO - Sync 1 DAGs
[2024-12-13T08:25:46.179+0000] {logging_mixin.py:190} INFO - [2024-12-13T08:25:46.178+0000] {dag.py:4180} INFO - Setting next_dagrun for example_local_kubernetes_executor to None, run_after=None
[2024-12-13T08:25:46.202+0000] {processor.py:208} INFO - Processing /opt/bitnami/airflow/venv/lib/python3.12/site-packages/airflow/example_dags/example_local_kubernetes_executor.py took 0.105 seconds
[2024-12-13T08:26:16.585+0000] {processor.py:186} INFO - Started process (PID=129) to work on /opt/bitnami/airflow/venv/lib/python3.12/site-packages/airflow/example_dags/example_local_kubernetes_executor.py
[2024-12-13T08:26:16.585+0000] {processor.py:914} INFO - Processing file /opt/bitnami/airflow/venv/lib/python3.12/site-packages/airflow/example_dags/example_local_kubernetes_executor.py for tasks to queue
[2024-12-13T08:26:16.587+0000] {logging_mixin.py:190} INFO - [2024-12-13T08:26:16.587+0000] {dagbag.py:588} INFO - Filling up the DagBag from /opt/bitnami/airflow/venv/lib/python3.12/site-packages/airflow/example_dags/example_local_kubernetes_executor.py
[2024-12-13T08:26:16.593+0000] {processor.py:925} INFO - DAG(s) 'example_local_kubernetes_executor' retrieved from /opt/bitnami/airflow/venv/lib/python3.12/site-packages/airflow/example_dags/example_local_kubernetes_executor.py
[2024-12-13T08:26:16.627+0000] {logging_mixin.py:190} INFO - [2024-12-13T08:26:16.626+0000] {dag.py:3239} INFO - Sync 1 DAGs
[2024-12-13T08:26:16.642+0000] {logging_mixin.py:190} INFO - [2024-12-13T08:26:16.642+0000] {dag.py:4180} INFO - Setting next_dagrun for example_local_kubernetes_executor to None, run_after=None
[2024-12-13T08:26:16.663+0000] {processor.py:208} INFO - Processing /opt/bitnami/airflow/venv/lib/python3.12/site-packages/airflow/example_dags/example_local_kubernetes_executor.py took 0.084 seconds
[2024-12-13T08:26:48.697+0000] {processor.py:186} INFO - Started process (PID=186) to work on /opt/bitnami/airflow/venv/lib/python3.12/site-packages/airflow/example_dags/example_local_kubernetes_executor.py
[2024-12-13T08:26:48.698+0000] {processor.py:914} INFO - Processing file /opt/bitnami/airflow/venv/lib/python3.12/site-packages/airflow/example_dags/example_local_kubernetes_executor.py for tasks to queue
[2024-12-13T08:26:48.700+0000] {logging_mixin.py:190} INFO - [2024-12-13T08:26:48.700+0000] {dagbag.py:588} INFO - Filling up the DagBag from /opt/bitnami/airflow/venv/lib/python3.12/site-packages/airflow/example_dags/example_local_kubernetes_executor.py
[2024-12-13T08:26:48.705+0000] {processor.py:925} INFO - DAG(s) 'example_local_kubernetes_executor' retrieved from /opt/bitnami/airflow/venv/lib/python3.12/site-packages/airflow/example_dags/example_local_kubernetes_executor.py
[2024-12-13T08:26:48.790+0000] {logging_mixin.py:190} INFO - [2024-12-13T08:26:48.790+0000] {dag.py:3239} INFO - Sync 1 DAGs
[2024-12-13T08:26:48.806+0000] {logging_mixin.py:190} INFO - [2024-12-13T08:26:48.805+0000] {dag.py:4180} INFO - Setting next_dagrun for example_local_kubernetes_executor to None, run_after=None
[2024-12-13T08:26:48.832+0000] {processor.py:208} INFO - Processing /opt/bitnami/airflow/venv/lib/python3.12/site-packages/airflow/example_dags/example_local_kubernetes_executor.py took 0.140 seconds
[2024-12-13T08:27:19.518+0000] {processor.py:186} INFO - Started process (PID=243) to work on /opt/bitnami/airflow/venv/lib/python3.12/site-packages/airflow/example_dags/example_local_kubernetes_executor.py
[2024-12-13T08:27:19.518+0000] {processor.py:914} INFO - Processing file /opt/bitnami/airflow/venv/lib/python3.12/site-packages/airflow/example_dags/example_local_kubernetes_executor.py for tasks to queue
[2024-12-13T08:27:19.520+0000] {logging_mixin.py:190} INFO - [2024-12-13T08:27:19.520+0000] {dagbag.py:588} INFO - Filling up the DagBag from /opt/bitnami/airflow/venv/lib/python3.12/site-packages/airflow/example_dags/example_local_kubernetes_executor.py
[2024-12-13T08:27:19.526+0000] {processor.py:925} INFO - DAG(s) 'example_local_kubernetes_executor' retrieved from /opt/bitnami/airflow/venv/lib/python3.12/site-packages/airflow/example_dags/example_local_kubernetes_executor.py
[2024-12-13T08:27:19.561+0000] {logging_mixin.py:190} INFO - [2024-12-13T08:27:19.560+0000] {dag.py:3239} INFO - Sync 1 DAGs
[2024-12-13T08:27:19.577+0000] {logging_mixin.py:190} INFO - [2024-12-13T08:27:19.577+0000] {dag.py:4180} INFO - Setting next_dagrun for example_local_kubernetes_executor to None, run_after=None
[2024-12-13T08:27:19.596+0000] {processor.py:208} INFO - Processing /opt/bitnami/airflow/venv/lib/python3.12/site-packages/airflow/example_dags/example_local_kubernetes_executor.py took 0.083 seconds
[2024-12-13T10:42:40.045+0000] {processor.py:186} INFO - Started process (PID=72) to work on /opt/bitnami/airflow/venv/lib/python3.12/site-packages/airflow/example_dags/example_local_kubernetes_executor.py
[2024-12-13T10:42:40.047+0000] {processor.py:914} INFO - Processing file /opt/bitnami/airflow/venv/lib/python3.12/site-packages/airflow/example_dags/example_local_kubernetes_executor.py for tasks to queue
[2024-12-13T10:42:40.049+0000] {logging_mixin.py:190} INFO - [2024-12-13T10:42:40.049+0000] {dagbag.py:588} INFO - Filling up the DagBag from /opt/bitnami/airflow/venv/lib/python3.12/site-packages/airflow/example_dags/example_local_kubernetes_executor.py
[2024-12-13T10:42:40.057+0000] {processor.py:925} INFO - DAG(s) 'example_local_kubernetes_executor' retrieved from /opt/bitnami/airflow/venv/lib/python3.12/site-packages/airflow/example_dags/example_local_kubernetes_executor.py
[2024-12-13T10:42:40.236+0000] {logging_mixin.py:190} INFO - [2024-12-13T10:42:40.235+0000] {override.py:1900} INFO - Created Permission View: can read on DAG:example_local_kubernetes_executor
[2024-12-13T10:42:40.254+0000] {logging_mixin.py:190} INFO - [2024-12-13T10:42:40.254+0000] {override.py:1900} INFO - Created Permission View: can delete on DAG:example_local_kubernetes_executor
[2024-12-13T10:42:40.264+0000] {logging_mixin.py:190} INFO - [2024-12-13T10:42:40.264+0000] {override.py:1900} INFO - Created Permission View: can edit on DAG:example_local_kubernetes_executor
[2024-12-13T10:42:40.276+0000] {logging_mixin.py:190} INFO - [2024-12-13T10:42:40.276+0000] {override.py:1900} INFO - Created Permission View: can delete on DAG Run:example_local_kubernetes_executor
[2024-12-13T10:42:40.286+0000] {logging_mixin.py:190} INFO - [2024-12-13T10:42:40.285+0000] {override.py:1900} INFO - Created Permission View: can read on DAG Run:example_local_kubernetes_executor
[2024-12-13T10:42:40.296+0000] {logging_mixin.py:190} INFO - [2024-12-13T10:42:40.295+0000] {override.py:1900} INFO - Created Permission View: can create on DAG Run:example_local_kubernetes_executor
[2024-12-13T10:42:40.306+0000] {logging_mixin.py:190} INFO - [2024-12-13T10:42:40.306+0000] {override.py:1900} INFO - Created Permission View: menu access on DAG Run:example_local_kubernetes_executor
[2024-12-13T10:42:40.308+0000] {logging_mixin.py:190} INFO - [2024-12-13T10:42:40.308+0000] {dag.py:3239} INFO - Sync 1 DAGs
[2024-12-13T10:42:40.348+0000] {logging_mixin.py:190} INFO - [2024-12-13T10:42:40.347+0000] {dag.py:3262} INFO - Creating ORM DAG for example_local_kubernetes_executor
[2024-12-13T10:42:40.349+0000] {logging_mixin.py:190} INFO - [2024-12-13T10:42:40.349+0000] {dag.py:4180} INFO - Setting next_dagrun for example_local_kubernetes_executor to None, run_after=None
[2024-12-13T10:42:40.391+0000] {processor.py:208} INFO - Processing /opt/bitnami/airflow/venv/lib/python3.12/site-packages/airflow/example_dags/example_local_kubernetes_executor.py took 0.351 seconds
[2024-12-13T10:43:10.766+0000] {processor.py:186} INFO - Started process (PID=129) to work on /opt/bitnami/airflow/venv/lib/python3.12/site-packages/airflow/example_dags/example_local_kubernetes_executor.py
[2024-12-13T10:43:10.767+0000] {processor.py:914} INFO - Processing file /opt/bitnami/airflow/venv/lib/python3.12/site-packages/airflow/example_dags/example_local_kubernetes_executor.py for tasks to queue
[2024-12-13T10:43:10.770+0000] {logging_mixin.py:190} INFO - [2024-12-13T10:43:10.770+0000] {dagbag.py:588} INFO - Filling up the DagBag from /opt/bitnami/airflow/venv/lib/python3.12/site-packages/airflow/example_dags/example_local_kubernetes_executor.py
[2024-12-13T10:43:10.777+0000] {processor.py:925} INFO - DAG(s) 'example_local_kubernetes_executor' retrieved from /opt/bitnami/airflow/venv/lib/python3.12/site-packages/airflow/example_dags/example_local_kubernetes_executor.py
[2024-12-13T10:43:10.865+0000] {logging_mixin.py:190} INFO - [2024-12-13T10:43:10.864+0000] {dag.py:3239} INFO - Sync 1 DAGs
[2024-12-13T10:43:10.921+0000] {logging_mixin.py:190} INFO - [2024-12-13T10:43:10.921+0000] {dag.py:4180} INFO - Setting next_dagrun for example_local_kubernetes_executor to None, run_after=None
[2024-12-13T10:43:10.951+0000] {processor.py:208} INFO - Processing /opt/bitnami/airflow/venv/lib/python3.12/site-packages/airflow/example_dags/example_local_kubernetes_executor.py took 0.189 seconds
[2024-12-13T10:43:41.774+0000] {processor.py:186} INFO - Started process (PID=186) to work on /opt/bitnami/airflow/venv/lib/python3.12/site-packages/airflow/example_dags/example_local_kubernetes_executor.py
[2024-12-13T10:43:41.776+0000] {processor.py:914} INFO - Processing file /opt/bitnami/airflow/venv/lib/python3.12/site-packages/airflow/example_dags/example_local_kubernetes_executor.py for tasks to queue
[2024-12-13T10:43:41.778+0000] {logging_mixin.py:190} INFO - [2024-12-13T10:43:41.778+0000] {dagbag.py:588} INFO - Filling up the DagBag from /opt/bitnami/airflow/venv/lib/python3.12/site-packages/airflow/example_dags/example_local_kubernetes_executor.py
[2024-12-13T10:43:41.786+0000] {processor.py:925} INFO - DAG(s) 'example_local_kubernetes_executor' retrieved from /opt/bitnami/airflow/venv/lib/python3.12/site-packages/airflow/example_dags/example_local_kubernetes_executor.py
[2024-12-13T10:43:41.954+0000] {logging_mixin.py:190} INFO - [2024-12-13T10:43:41.954+0000] {dag.py:3239} INFO - Sync 1 DAGs
[2024-12-13T10:43:41.987+0000] {logging_mixin.py:190} INFO - [2024-12-13T10:43:41.987+0000] {dag.py:4180} INFO - Setting next_dagrun for example_local_kubernetes_executor to None, run_after=None
[2024-12-13T10:43:42.030+0000] {processor.py:208} INFO - Processing /opt/bitnami/airflow/venv/lib/python3.12/site-packages/airflow/example_dags/example_local_kubernetes_executor.py took 0.263 seconds
[2024-12-13T10:44:12.391+0000] {processor.py:186} INFO - Started process (PID=243) to work on /opt/bitnami/airflow/venv/lib/python3.12/site-packages/airflow/example_dags/example_local_kubernetes_executor.py
[2024-12-13T10:44:12.392+0000] {processor.py:914} INFO - Processing file /opt/bitnami/airflow/venv/lib/python3.12/site-packages/airflow/example_dags/example_local_kubernetes_executor.py for tasks to queue
[2024-12-13T10:44:12.394+0000] {logging_mixin.py:190} INFO - [2024-12-13T10:44:12.394+0000] {dagbag.py:588} INFO - Filling up the DagBag from /opt/bitnami/airflow/venv/lib/python3.12/site-packages/airflow/example_dags/example_local_kubernetes_executor.py
[2024-12-13T10:44:12.400+0000] {processor.py:925} INFO - DAG(s) 'example_local_kubernetes_executor' retrieved from /opt/bitnami/airflow/venv/lib/python3.12/site-packages/airflow/example_dags/example_local_kubernetes_executor.py
[2024-12-13T10:44:12.493+0000] {logging_mixin.py:190} INFO - [2024-12-13T10:44:12.493+0000] {dag.py:3239} INFO - Sync 1 DAGs
[2024-12-13T10:44:12.528+0000] {logging_mixin.py:190} INFO - [2024-12-13T10:44:12.528+0000] {dag.py:4180} INFO - Setting next_dagrun for example_local_kubernetes_executor to None, run_after=None
[2024-12-13T10:44:12.560+0000] {processor.py:208} INFO - Processing /opt/bitnami/airflow/venv/lib/python3.12/site-packages/airflow/example_dags/example_local_kubernetes_executor.py took 0.175 seconds
[2024-12-13T10:44:43.123+0000] {processor.py:186} INFO - Started process (PID=300) to work on /opt/bitnami/airflow/venv/lib/python3.12/site-packages/airflow/example_dags/example_local_kubernetes_executor.py
[2024-12-13T10:44:43.124+0000] {processor.py:914} INFO - Processing file /opt/bitnami/airflow/venv/lib/python3.12/site-packages/airflow/example_dags/example_local_kubernetes_executor.py for tasks to queue
[2024-12-13T10:44:43.126+0000] {logging_mixin.py:190} INFO - [2024-12-13T10:44:43.126+0000] {dagbag.py:588} INFO - Filling up the DagBag from /opt/bitnami/airflow/venv/lib/python3.12/site-packages/airflow/example_dags/example_local_kubernetes_executor.py
[2024-12-13T10:44:43.134+0000] {processor.py:925} INFO - DAG(s) 'example_local_kubernetes_executor' retrieved from /opt/bitnami/airflow/venv/lib/python3.12/site-packages/airflow/example_dags/example_local_kubernetes_executor.py
[2024-12-13T10:44:43.197+0000] {logging_mixin.py:190} INFO - [2024-12-13T10:44:43.196+0000] {dag.py:3239} INFO - Sync 1 DAGs
[2024-12-13T10:44:43.222+0000] {logging_mixin.py:190} INFO - [2024-12-13T10:44:43.222+0000] {dag.py:4180} INFO - Setting next_dagrun for example_local_kubernetes_executor to None, run_after=None
[2024-12-13T10:44:43.246+0000] {processor.py:208} INFO - Processing /opt/bitnami/airflow/venv/lib/python3.12/site-packages/airflow/example_dags/example_local_kubernetes_executor.py took 0.130 seconds
[2024-12-13T10:52:12.002+0000] {processor.py:186} INFO - Started process (PID=72) to work on /opt/bitnami/airflow/venv/lib/python3.12/site-packages/airflow/example_dags/example_local_kubernetes_executor.py
[2024-12-13T10:52:12.003+0000] {processor.py:914} INFO - Processing file /opt/bitnami/airflow/venv/lib/python3.12/site-packages/airflow/example_dags/example_local_kubernetes_executor.py for tasks to queue
[2024-12-13T10:52:12.005+0000] {logging_mixin.py:190} INFO - [2024-12-13T10:52:12.005+0000] {dagbag.py:588} INFO - Filling up the DagBag from /opt/bitnami/airflow/venv/lib/python3.12/site-packages/airflow/example_dags/example_local_kubernetes_executor.py
[2024-12-13T10:52:12.013+0000] {processor.py:925} INFO - DAG(s) 'example_local_kubernetes_executor' retrieved from /opt/bitnami/airflow/venv/lib/python3.12/site-packages/airflow/example_dags/example_local_kubernetes_executor.py
[2024-12-13T10:52:12.141+0000] {logging_mixin.py:190} INFO - [2024-12-13T10:52:12.141+0000] {override.py:1900} INFO - Created Permission View: can read on DAG:example_local_kubernetes_executor
[2024-12-13T10:52:12.160+0000] {logging_mixin.py:190} INFO - [2024-12-13T10:52:12.160+0000] {override.py:1900} INFO - Created Permission View: can delete on DAG:example_local_kubernetes_executor
[2024-12-13T10:52:12.170+0000] {logging_mixin.py:190} INFO - [2024-12-13T10:52:12.170+0000] {override.py:1900} INFO - Created Permission View: can edit on DAG:example_local_kubernetes_executor
[2024-12-13T10:52:12.188+0000] {logging_mixin.py:190} INFO - [2024-12-13T10:52:12.188+0000] {override.py:1900} INFO - Created Permission View: menu access on DAG Run:example_local_kubernetes_executor
[2024-12-13T10:52:12.198+0000] {logging_mixin.py:190} INFO - [2024-12-13T10:52:12.198+0000] {override.py:1900} INFO - Created Permission View: can read on DAG Run:example_local_kubernetes_executor
[2024-12-13T10:52:12.212+0000] {logging_mixin.py:190} INFO - [2024-12-13T10:52:12.211+0000] {override.py:1900} INFO - Created Permission View: can delete on DAG Run:example_local_kubernetes_executor
[2024-12-13T10:52:12.222+0000] {logging_mixin.py:190} INFO - [2024-12-13T10:52:12.222+0000] {override.py:1900} INFO - Created Permission View: can create on DAG Run:example_local_kubernetes_executor
[2024-12-13T10:52:12.223+0000] {logging_mixin.py:190} INFO - [2024-12-13T10:52:12.223+0000] {dag.py:3239} INFO - Sync 1 DAGs
[2024-12-13T10:52:12.254+0000] {logging_mixin.py:190} INFO - [2024-12-13T10:52:12.254+0000] {dag.py:3262} INFO - Creating ORM DAG for example_local_kubernetes_executor
[2024-12-13T10:52:12.256+0000] {logging_mixin.py:190} INFO - [2024-12-13T10:52:12.255+0000] {dag.py:4180} INFO - Setting next_dagrun for example_local_kubernetes_executor to None, run_after=None
[2024-12-13T10:52:12.289+0000] {processor.py:208} INFO - Processing /opt/bitnami/airflow/venv/lib/python3.12/site-packages/airflow/example_dags/example_local_kubernetes_executor.py took 0.293 seconds
[2024-12-13T10:52:42.666+0000] {processor.py:186} INFO - Started process (PID=129) to work on /opt/bitnami/airflow/venv/lib/python3.12/site-packages/airflow/example_dags/example_local_kubernetes_executor.py
[2024-12-13T10:52:42.667+0000] {processor.py:914} INFO - Processing file /opt/bitnami/airflow/venv/lib/python3.12/site-packages/airflow/example_dags/example_local_kubernetes_executor.py for tasks to queue
[2024-12-13T10:52:42.669+0000] {logging_mixin.py:190} INFO - [2024-12-13T10:52:42.669+0000] {dagbag.py:588} INFO - Filling up the DagBag from /opt/bitnami/airflow/venv/lib/python3.12/site-packages/airflow/example_dags/example_local_kubernetes_executor.py
[2024-12-13T10:52:42.675+0000] {processor.py:925} INFO - DAG(s) 'example_local_kubernetes_executor' retrieved from /opt/bitnami/airflow/venv/lib/python3.12/site-packages/airflow/example_dags/example_local_kubernetes_executor.py
[2024-12-13T10:52:42.752+0000] {logging_mixin.py:190} INFO - [2024-12-13T10:52:42.752+0000] {dag.py:3239} INFO - Sync 1 DAGs
[2024-12-13T10:52:42.780+0000] {logging_mixin.py:190} INFO - [2024-12-13T10:52:42.780+0000] {dag.py:4180} INFO - Setting next_dagrun for example_local_kubernetes_executor to None, run_after=None
[2024-12-13T10:52:42.811+0000] {processor.py:208} INFO - Processing /opt/bitnami/airflow/venv/lib/python3.12/site-packages/airflow/example_dags/example_local_kubernetes_executor.py took 0.150 seconds
[2024-12-13T10:53:15.077+0000] {processor.py:186} INFO - Started process (PID=186) to work on /opt/bitnami/airflow/venv/lib/python3.12/site-packages/airflow/example_dags/example_local_kubernetes_executor.py
[2024-12-13T10:53:15.079+0000] {processor.py:914} INFO - Processing file /opt/bitnami/airflow/venv/lib/python3.12/site-packages/airflow/example_dags/example_local_kubernetes_executor.py for tasks to queue
[2024-12-13T10:53:15.082+0000] {logging_mixin.py:190} INFO - [2024-12-13T10:53:15.082+0000] {dagbag.py:588} INFO - Filling up the DagBag from /opt/bitnami/airflow/venv/lib/python3.12/site-packages/airflow/example_dags/example_local_kubernetes_executor.py
[2024-12-13T10:53:15.091+0000] {processor.py:925} INFO - DAG(s) 'example_local_kubernetes_executor' retrieved from /opt/bitnami/airflow/venv/lib/python3.12/site-packages/airflow/example_dags/example_local_kubernetes_executor.py
[2024-12-13T10:53:15.247+0000] {logging_mixin.py:190} INFO - [2024-12-13T10:53:15.247+0000] {dag.py:3239} INFO - Sync 1 DAGs
[2024-12-13T10:53:15.276+0000] {logging_mixin.py:190} INFO - [2024-12-13T10:53:15.275+0000] {dag.py:4180} INFO - Setting next_dagrun for example_local_kubernetes_executor to None, run_after=None
[2024-12-13T10:53:15.321+0000] {processor.py:208} INFO - Processing /opt/bitnami/airflow/venv/lib/python3.12/site-packages/airflow/example_dags/example_local_kubernetes_executor.py took 0.254 seconds
[2024-12-13T10:53:45.490+0000] {processor.py:186} INFO - Started process (PID=243) to work on /opt/bitnami/airflow/venv/lib/python3.12/site-packages/airflow/example_dags/example_local_kubernetes_executor.py
[2024-12-13T10:53:45.492+0000] {processor.py:914} INFO - Processing file /opt/bitnami/airflow/venv/lib/python3.12/site-packages/airflow/example_dags/example_local_kubernetes_executor.py for tasks to queue
[2024-12-13T10:53:45.496+0000] {logging_mixin.py:190} INFO - [2024-12-13T10:53:45.495+0000] {dagbag.py:588} INFO - Filling up the DagBag from /opt/bitnami/airflow/venv/lib/python3.12/site-packages/airflow/example_dags/example_local_kubernetes_executor.py
[2024-12-13T10:53:45.503+0000] {processor.py:925} INFO - DAG(s) 'example_local_kubernetes_executor' retrieved from /opt/bitnami/airflow/venv/lib/python3.12/site-packages/airflow/example_dags/example_local_kubernetes_executor.py
[2024-12-13T10:53:45.582+0000] {logging_mixin.py:190} INFO - [2024-12-13T10:53:45.581+0000] {dag.py:3239} INFO - Sync 1 DAGs
[2024-12-13T10:53:45.621+0000] {logging_mixin.py:190} INFO - [2024-12-13T10:53:45.621+0000] {dag.py:4180} INFO - Setting next_dagrun for example_local_kubernetes_executor to None, run_after=None
[2024-12-13T10:53:45.663+0000] {processor.py:208} INFO - Processing /opt/bitnami/airflow/venv/lib/python3.12/site-packages/airflow/example_dags/example_local_kubernetes_executor.py took 0.180 seconds
[2024-12-13T10:54:16.380+0000] {processor.py:186} INFO - Started process (PID=300) to work on /opt/bitnami/airflow/venv/lib/python3.12/site-packages/airflow/example_dags/example_local_kubernetes_executor.py
[2024-12-13T10:54:16.381+0000] {processor.py:914} INFO - Processing file /opt/bitnami/airflow/venv/lib/python3.12/site-packages/airflow/example_dags/example_local_kubernetes_executor.py for tasks to queue
[2024-12-13T10:54:16.383+0000] {logging_mixin.py:190} INFO - [2024-12-13T10:54:16.383+0000] {dagbag.py:588} INFO - Filling up the DagBag from /opt/bitnami/airflow/venv/lib/python3.12/site-packages/airflow/example_dags/example_local_kubernetes_executor.py
[2024-12-13T10:54:16.390+0000] {processor.py:925} INFO - DAG(s) 'example_local_kubernetes_executor' retrieved from /opt/bitnami/airflow/venv/lib/python3.12/site-packages/airflow/example_dags/example_local_kubernetes_executor.py
[2024-12-13T10:54:16.454+0000] {logging_mixin.py:190} INFO - [2024-12-13T10:54:16.454+0000] {dag.py:3239} INFO - Sync 1 DAGs
[2024-12-13T10:54:16.482+0000] {logging_mixin.py:190} INFO - [2024-12-13T10:54:16.482+0000] {dag.py:4180} INFO - Setting next_dagrun for example_local_kubernetes_executor to None, run_after=None
[2024-12-13T10:54:16.505+0000] {processor.py:208} INFO - Processing /opt/bitnami/airflow/venv/lib/python3.12/site-packages/airflow/example_dags/example_local_kubernetes_executor.py took 0.131 seconds
[2024-12-13T10:54:47.081+0000] {processor.py:186} INFO - Started process (PID=357) to work on /opt/bitnami/airflow/venv/lib/python3.12/site-packages/airflow/example_dags/example_local_kubernetes_executor.py
[2024-12-13T10:54:47.083+0000] {processor.py:914} INFO - Processing file /opt/bitnami/airflow/venv/lib/python3.12/site-packages/airflow/example_dags/example_local_kubernetes_executor.py for tasks to queue
[2024-12-13T10:54:47.086+0000] {logging_mixin.py:190} INFO - [2024-12-13T10:54:47.085+0000] {dagbag.py:588} INFO - Filling up the DagBag from /opt/bitnami/airflow/venv/lib/python3.12/site-packages/airflow/example_dags/example_local_kubernetes_executor.py
[2024-12-13T10:54:47.093+0000] {processor.py:925} INFO - DAG(s) 'example_local_kubernetes_executor' retrieved from /opt/bitnami/airflow/venv/lib/python3.12/site-packages/airflow/example_dags/example_local_kubernetes_executor.py
[2024-12-13T10:54:47.207+0000] {logging_mixin.py:190} INFO - [2024-12-13T10:54:47.206+0000] {dag.py:3239} INFO - Sync 1 DAGs
[2024-12-13T10:54:47.243+0000] {logging_mixin.py:190} INFO - [2024-12-13T10:54:47.242+0000] {dag.py:4180} INFO - Setting next_dagrun for example_local_kubernetes_executor to None, run_after=None
[2024-12-13T10:54:47.285+0000] {processor.py:208} INFO - Processing /opt/bitnami/airflow/venv/lib/python3.12/site-packages/airflow/example_dags/example_local_kubernetes_executor.py took 0.210 seconds
[2024-12-13T10:55:17.825+0000] {processor.py:186} INFO - Started process (PID=414) to work on /opt/bitnami/airflow/venv/lib/python3.12/site-packages/airflow/example_dags/example_local_kubernetes_executor.py
[2024-12-13T10:55:17.826+0000] {processor.py:914} INFO - Processing file /opt/bitnami/airflow/venv/lib/python3.12/site-packages/airflow/example_dags/example_local_kubernetes_executor.py for tasks to queue
[2024-12-13T10:55:17.828+0000] {logging_mixin.py:190} INFO - [2024-12-13T10:55:17.828+0000] {dagbag.py:588} INFO - Filling up the DagBag from /opt/bitnami/airflow/venv/lib/python3.12/site-packages/airflow/example_dags/example_local_kubernetes_executor.py
[2024-12-13T10:55:17.834+0000] {processor.py:925} INFO - DAG(s) 'example_local_kubernetes_executor' retrieved from /opt/bitnami/airflow/venv/lib/python3.12/site-packages/airflow/example_dags/example_local_kubernetes_executor.py
[2024-12-13T10:55:17.949+0000] {logging_mixin.py:190} INFO - [2024-12-13T10:55:17.948+0000] {dag.py:3239} INFO - Sync 1 DAGs
[2024-12-13T10:55:17.974+0000] {logging_mixin.py:190} INFO - [2024-12-13T10:55:17.974+0000] {dag.py:4180} INFO - Setting next_dagrun for example_local_kubernetes_executor to None, run_after=None
[2024-12-13T10:55:18.009+0000] {processor.py:208} INFO - Processing /opt/bitnami/airflow/venv/lib/python3.12/site-packages/airflow/example_dags/example_local_kubernetes_executor.py took 0.189 seconds
[2024-12-13T10:55:48.646+0000] {processor.py:186} INFO - Started process (PID=471) to work on /opt/bitnami/airflow/venv/lib/python3.12/site-packages/airflow/example_dags/example_local_kubernetes_executor.py
[2024-12-13T10:55:48.648+0000] {processor.py:914} INFO - Processing file /opt/bitnami/airflow/venv/lib/python3.12/site-packages/airflow/example_dags/example_local_kubernetes_executor.py for tasks to queue
[2024-12-13T10:55:48.651+0000] {logging_mixin.py:190} INFO - [2024-12-13T10:55:48.651+0000] {dagbag.py:588} INFO - Filling up the DagBag from /opt/bitnami/airflow/venv/lib/python3.12/site-packages/airflow/example_dags/example_local_kubernetes_executor.py
[2024-12-13T10:55:48.662+0000] {processor.py:925} INFO - DAG(s) 'example_local_kubernetes_executor' retrieved from /opt/bitnami/airflow/venv/lib/python3.12/site-packages/airflow/example_dags/example_local_kubernetes_executor.py
[2024-12-13T10:55:48.782+0000] {logging_mixin.py:190} INFO - [2024-12-13T10:55:48.781+0000] {dag.py:3239} INFO - Sync 1 DAGs
[2024-12-13T10:55:48.824+0000] {logging_mixin.py:190} INFO - [2024-12-13T10:55:48.824+0000] {dag.py:4180} INFO - Setting next_dagrun for example_local_kubernetes_executor to None, run_after=None
[2024-12-13T10:55:48.875+0000] {processor.py:208} INFO - Processing /opt/bitnami/airflow/venv/lib/python3.12/site-packages/airflow/example_dags/example_local_kubernetes_executor.py took 0.235 seconds
[2024-12-13T10:56:19.494+0000] {processor.py:186} INFO - Started process (PID=528) to work on /opt/bitnami/airflow/venv/lib/python3.12/site-packages/airflow/example_dags/example_local_kubernetes_executor.py
[2024-12-13T10:56:19.495+0000] {processor.py:914} INFO - Processing file /opt/bitnami/airflow/venv/lib/python3.12/site-packages/airflow/example_dags/example_local_kubernetes_executor.py for tasks to queue
[2024-12-13T10:56:19.498+0000] {logging_mixin.py:190} INFO - [2024-12-13T10:56:19.497+0000] {dagbag.py:588} INFO - Filling up the DagBag from /opt/bitnami/airflow/venv/lib/python3.12/site-packages/airflow/example_dags/example_local_kubernetes_executor.py
[2024-12-13T10:56:19.505+0000] {processor.py:925} INFO - DAG(s) 'example_local_kubernetes_executor' retrieved from /opt/bitnami/airflow/venv/lib/python3.12/site-packages/airflow/example_dags/example_local_kubernetes_executor.py
[2024-12-13T10:56:19.623+0000] {logging_mixin.py:190} INFO - [2024-12-13T10:56:19.622+0000] {dag.py:3239} INFO - Sync 1 DAGs
[2024-12-13T10:56:19.655+0000] {logging_mixin.py:190} INFO - [2024-12-13T10:56:19.655+0000] {dag.py:4180} INFO - Setting next_dagrun for example_local_kubernetes_executor to None, run_after=None
[2024-12-13T10:56:19.683+0000] {processor.py:208} INFO - Processing /opt/bitnami/airflow/venv/lib/python3.12/site-packages/airflow/example_dags/example_local_kubernetes_executor.py took 0.195 seconds
[2024-12-13T10:56:50.499+0000] {processor.py:186} INFO - Started process (PID=585) to work on /opt/bitnami/airflow/venv/lib/python3.12/site-packages/airflow/example_dags/example_local_kubernetes_executor.py
[2024-12-13T10:56:50.500+0000] {processor.py:914} INFO - Processing file /opt/bitnami/airflow/venv/lib/python3.12/site-packages/airflow/example_dags/example_local_kubernetes_executor.py for tasks to queue
[2024-12-13T10:56:50.501+0000] {logging_mixin.py:190} INFO - [2024-12-13T10:56:50.501+0000] {dagbag.py:588} INFO - Filling up the DagBag from /opt/bitnami/airflow/venv/lib/python3.12/site-packages/airflow/example_dags/example_local_kubernetes_executor.py
[2024-12-13T10:56:50.507+0000] {processor.py:925} INFO - DAG(s) 'example_local_kubernetes_executor' retrieved from /opt/bitnami/airflow/venv/lib/python3.12/site-packages/airflow/example_dags/example_local_kubernetes_executor.py
[2024-12-13T10:56:50.605+0000] {logging_mixin.py:190} INFO - [2024-12-13T10:56:50.604+0000] {dag.py:3239} INFO - Sync 1 DAGs
[2024-12-13T10:56:50.638+0000] {logging_mixin.py:190} INFO - [2024-12-13T10:56:50.638+0000] {dag.py:4180} INFO - Setting next_dagrun for example_local_kubernetes_executor to None, run_after=None
[2024-12-13T10:56:50.669+0000] {processor.py:208} INFO - Processing /opt/bitnami/airflow/venv/lib/python3.12/site-packages/airflow/example_dags/example_local_kubernetes_executor.py took 0.175 seconds
[2024-12-13T10:57:20.977+0000] {processor.py:186} INFO - Started process (PID=642) to work on /opt/bitnami/airflow/venv/lib/python3.12/site-packages/airflow/example_dags/example_local_kubernetes_executor.py
[2024-12-13T10:57:20.978+0000] {processor.py:914} INFO - Processing file /opt/bitnami/airflow/venv/lib/python3.12/site-packages/airflow/example_dags/example_local_kubernetes_executor.py for tasks to queue
[2024-12-13T10:57:20.980+0000] {logging_mixin.py:190} INFO - [2024-12-13T10:57:20.980+0000] {dagbag.py:588} INFO - Filling up the DagBag from /opt/bitnami/airflow/venv/lib/python3.12/site-packages/airflow/example_dags/example_local_kubernetes_executor.py
[2024-12-13T10:57:20.988+0000] {processor.py:925} INFO - DAG(s) 'example_local_kubernetes_executor' retrieved from /opt/bitnami/airflow/venv/lib/python3.12/site-packages/airflow/example_dags/example_local_kubernetes_executor.py
[2024-12-13T10:57:21.051+0000] {logging_mixin.py:190} INFO - [2024-12-13T10:57:21.051+0000] {dag.py:3239} INFO - Sync 1 DAGs
[2024-12-13T10:57:21.086+0000] {logging_mixin.py:190} INFO - [2024-12-13T10:57:21.086+0000] {dag.py:4180} INFO - Setting next_dagrun for example_local_kubernetes_executor to None, run_after=None
[2024-12-13T10:57:21.114+0000] {processor.py:208} INFO - Processing /opt/bitnami/airflow/venv/lib/python3.12/site-packages/airflow/example_dags/example_local_kubernetes_executor.py took 0.142 seconds
[2024-12-13T10:57:51.739+0000] {processor.py:186} INFO - Started process (PID=699) to work on /opt/bitnami/airflow/venv/lib/python3.12/site-packages/airflow/example_dags/example_local_kubernetes_executor.py
[2024-12-13T10:57:51.740+0000] {processor.py:914} INFO - Processing file /opt/bitnami/airflow/venv/lib/python3.12/site-packages/airflow/example_dags/example_local_kubernetes_executor.py for tasks to queue
[2024-12-13T10:57:51.742+0000] {logging_mixin.py:190} INFO - [2024-12-13T10:57:51.742+0000] {dagbag.py:588} INFO - Filling up the DagBag from /opt/bitnami/airflow/venv/lib/python3.12/site-packages/airflow/example_dags/example_local_kubernetes_executor.py
[2024-12-13T10:57:51.747+0000] {processor.py:925} INFO - DAG(s) 'example_local_kubernetes_executor' retrieved from /opt/bitnami/airflow/venv/lib/python3.12/site-packages/airflow/example_dags/example_local_kubernetes_executor.py
[2024-12-13T10:57:51.816+0000] {logging_mixin.py:190} INFO - [2024-12-13T10:57:51.816+0000] {dag.py:3239} INFO - Sync 1 DAGs
[2024-12-13T10:57:51.848+0000] {logging_mixin.py:190} INFO - [2024-12-13T10:57:51.848+0000] {dag.py:4180} INFO - Setting next_dagrun for example_local_kubernetes_executor to None, run_after=None
[2024-12-13T10:57:51.877+0000] {processor.py:208} INFO - Processing /opt/bitnami/airflow/venv/lib/python3.12/site-packages/airflow/example_dags/example_local_kubernetes_executor.py took 0.143 seconds
[2024-12-13T10:58:22.673+0000] {processor.py:186} INFO - Started process (PID=756) to work on /opt/bitnami/airflow/venv/lib/python3.12/site-packages/airflow/example_dags/example_local_kubernetes_executor.py
[2024-12-13T10:58:22.675+0000] {processor.py:914} INFO - Processing file /opt/bitnami/airflow/venv/lib/python3.12/site-packages/airflow/example_dags/example_local_kubernetes_executor.py for tasks to queue
[2024-12-13T10:58:22.677+0000] {logging_mixin.py:190} INFO - [2024-12-13T10:58:22.677+0000] {dagbag.py:588} INFO - Filling up the DagBag from /opt/bitnami/airflow/venv/lib/python3.12/site-packages/airflow/example_dags/example_local_kubernetes_executor.py
[2024-12-13T10:58:22.685+0000] {processor.py:925} INFO - DAG(s) 'example_local_kubernetes_executor' retrieved from /opt/bitnami/airflow/venv/lib/python3.12/site-packages/airflow/example_dags/example_local_kubernetes_executor.py
[2024-12-13T10:58:22.754+0000] {logging_mixin.py:190} INFO - [2024-12-13T10:58:22.754+0000] {dag.py:3239} INFO - Sync 1 DAGs
[2024-12-13T10:58:22.779+0000] {logging_mixin.py:190} INFO - [2024-12-13T10:58:22.779+0000] {dag.py:4180} INFO - Setting next_dagrun for example_local_kubernetes_executor to None, run_after=None
[2024-12-13T10:58:22.805+0000] {processor.py:208} INFO - Processing /opt/bitnami/airflow/venv/lib/python3.12/site-packages/airflow/example_dags/example_local_kubernetes_executor.py took 0.137 seconds
[2024-12-13T10:58:53.683+0000] {processor.py:186} INFO - Started process (PID=813) to work on /opt/bitnami/airflow/venv/lib/python3.12/site-packages/airflow/example_dags/example_local_kubernetes_executor.py
[2024-12-13T10:58:53.685+0000] {processor.py:914} INFO - Processing file /opt/bitnami/airflow/venv/lib/python3.12/site-packages/airflow/example_dags/example_local_kubernetes_executor.py for tasks to queue
[2024-12-13T10:58:53.687+0000] {logging_mixin.py:190} INFO - [2024-12-13T10:58:53.687+0000] {dagbag.py:588} INFO - Filling up the DagBag from /opt/bitnami/airflow/venv/lib/python3.12/site-packages/airflow/example_dags/example_local_kubernetes_executor.py
[2024-12-13T10:58:53.695+0000] {processor.py:925} INFO - DAG(s) 'example_local_kubernetes_executor' retrieved from /opt/bitnami/airflow/venv/lib/python3.12/site-packages/airflow/example_dags/example_local_kubernetes_executor.py
[2024-12-13T10:58:53.736+0000] {logging_mixin.py:190} INFO - [2024-12-13T10:58:53.735+0000] {dag.py:3239} INFO - Sync 1 DAGs
[2024-12-13T10:58:53.759+0000] {logging_mixin.py:190} INFO - [2024-12-13T10:58:53.759+0000] {dag.py:4180} INFO - Setting next_dagrun for example_local_kubernetes_executor to None, run_after=None
[2024-12-13T10:58:53.787+0000] {processor.py:208} INFO - Processing /opt/bitnami/airflow/venv/lib/python3.12/site-packages/airflow/example_dags/example_local_kubernetes_executor.py took 0.111 seconds
[2024-12-13T11:07:31.468+0000] {processor.py:186} INFO - Started process (PID=72) to work on /opt/bitnami/airflow/venv/lib/python3.12/site-packages/airflow/example_dags/example_local_kubernetes_executor.py
[2024-12-13T11:07:31.469+0000] {processor.py:914} INFO - Processing file /opt/bitnami/airflow/venv/lib/python3.12/site-packages/airflow/example_dags/example_local_kubernetes_executor.py for tasks to queue
[2024-12-13T11:07:31.471+0000] {logging_mixin.py:190} INFO - [2024-12-13T11:07:31.471+0000] {dagbag.py:588} INFO - Filling up the DagBag from /opt/bitnami/airflow/venv/lib/python3.12/site-packages/airflow/example_dags/example_local_kubernetes_executor.py
[2024-12-13T11:07:31.479+0000] {processor.py:925} INFO - DAG(s) 'example_local_kubernetes_executor' retrieved from /opt/bitnami/airflow/venv/lib/python3.12/site-packages/airflow/example_dags/example_local_kubernetes_executor.py
[2024-12-13T11:07:31.538+0000] {logging_mixin.py:190} INFO - [2024-12-13T11:07:31.538+0000] {dag.py:3239} INFO - Sync 1 DAGs
[2024-12-13T11:07:31.568+0000] {logging_mixin.py:190} INFO - [2024-12-13T11:07:31.568+0000] {dag.py:4180} INFO - Setting next_dagrun for example_local_kubernetes_executor to None, run_after=None
[2024-12-13T11:07:31.598+0000] {processor.py:208} INFO - Processing /opt/bitnami/airflow/venv/lib/python3.12/site-packages/airflow/example_dags/example_local_kubernetes_executor.py took 0.135 seconds
[2024-12-13T11:08:02.206+0000] {processor.py:186} INFO - Started process (PID=129) to work on /opt/bitnami/airflow/venv/lib/python3.12/site-packages/airflow/example_dags/example_local_kubernetes_executor.py
[2024-12-13T11:08:02.207+0000] {processor.py:914} INFO - Processing file /opt/bitnami/airflow/venv/lib/python3.12/site-packages/airflow/example_dags/example_local_kubernetes_executor.py for tasks to queue
[2024-12-13T11:08:02.209+0000] {logging_mixin.py:190} INFO - [2024-12-13T11:08:02.209+0000] {dagbag.py:588} INFO - Filling up the DagBag from /opt/bitnami/airflow/venv/lib/python3.12/site-packages/airflow/example_dags/example_local_kubernetes_executor.py
[2024-12-13T11:08:02.216+0000] {processor.py:925} INFO - DAG(s) 'example_local_kubernetes_executor' retrieved from /opt/bitnami/airflow/venv/lib/python3.12/site-packages/airflow/example_dags/example_local_kubernetes_executor.py
[2024-12-13T11:08:02.274+0000] {logging_mixin.py:190} INFO - [2024-12-13T11:08:02.273+0000] {dag.py:3239} INFO - Sync 1 DAGs
[2024-12-13T11:08:02.307+0000] {logging_mixin.py:190} INFO - [2024-12-13T11:08:02.307+0000] {dag.py:4180} INFO - Setting next_dagrun for example_local_kubernetes_executor to None, run_after=None
[2024-12-13T11:08:02.339+0000] {processor.py:208} INFO - Processing /opt/bitnami/airflow/venv/lib/python3.12/site-packages/airflow/example_dags/example_local_kubernetes_executor.py took 0.140 seconds
[2024-12-13T11:08:34.634+0000] {processor.py:186} INFO - Started process (PID=186) to work on /opt/bitnami/airflow/venv/lib/python3.12/site-packages/airflow/example_dags/example_local_kubernetes_executor.py
[2024-12-13T11:08:34.635+0000] {processor.py:914} INFO - Processing file /opt/bitnami/airflow/venv/lib/python3.12/site-packages/airflow/example_dags/example_local_kubernetes_executor.py for tasks to queue
[2024-12-13T11:08:34.638+0000] {logging_mixin.py:190} INFO - [2024-12-13T11:08:34.637+0000] {dagbag.py:588} INFO - Filling up the DagBag from /opt/bitnami/airflow/venv/lib/python3.12/site-packages/airflow/example_dags/example_local_kubernetes_executor.py
[2024-12-13T11:08:34.646+0000] {processor.py:925} INFO - DAG(s) 'example_local_kubernetes_executor' retrieved from /opt/bitnami/airflow/venv/lib/python3.12/site-packages/airflow/example_dags/example_local_kubernetes_executor.py
[2024-12-13T11:08:34.824+0000] {logging_mixin.py:190} INFO - [2024-12-13T11:08:34.823+0000] {dag.py:3239} INFO - Sync 1 DAGs
[2024-12-13T11:08:34.861+0000] {logging_mixin.py:190} INFO - [2024-12-13T11:08:34.860+0000] {dag.py:4180} INFO - Setting next_dagrun for example_local_kubernetes_executor to None, run_after=None
[2024-12-13T11:08:34.910+0000] {processor.py:208} INFO - Processing /opt/bitnami/airflow/venv/lib/python3.12/site-packages/airflow/example_dags/example_local_kubernetes_executor.py took 0.282 seconds
[2024-12-13T11:09:05.185+0000] {processor.py:186} INFO - Started process (PID=243) to work on /opt/bitnami/airflow/venv/lib/python3.12/site-packages/airflow/example_dags/example_local_kubernetes_executor.py
[2024-12-13T11:09:05.186+0000] {processor.py:914} INFO - Processing file /opt/bitnami/airflow/venv/lib/python3.12/site-packages/airflow/example_dags/example_local_kubernetes_executor.py for tasks to queue
[2024-12-13T11:09:05.188+0000] {logging_mixin.py:190} INFO - [2024-12-13T11:09:05.187+0000] {dagbag.py:588} INFO - Filling up the DagBag from /opt/bitnami/airflow/venv/lib/python3.12/site-packages/airflow/example_dags/example_local_kubernetes_executor.py
[2024-12-13T11:09:05.195+0000] {processor.py:925} INFO - DAG(s) 'example_local_kubernetes_executor' retrieved from /opt/bitnami/airflow/venv/lib/python3.12/site-packages/airflow/example_dags/example_local_kubernetes_executor.py
[2024-12-13T11:09:05.267+0000] {logging_mixin.py:190} INFO - [2024-12-13T11:09:05.266+0000] {dag.py:3239} INFO - Sync 1 DAGs
[2024-12-13T11:09:05.310+0000] {logging_mixin.py:190} INFO - [2024-12-13T11:09:05.310+0000] {dag.py:4180} INFO - Setting next_dagrun for example_local_kubernetes_executor to None, run_after=None
[2024-12-13T11:09:05.355+0000] {processor.py:208} INFO - Processing /opt/bitnami/airflow/venv/lib/python3.12/site-packages/airflow/example_dags/example_local_kubernetes_executor.py took 0.176 seconds
[2024-12-13T11:13:44.219+0000] {processor.py:186} INFO - Started process (PID=72) to work on /opt/bitnami/airflow/venv/lib/python3.12/site-packages/airflow/example_dags/example_local_kubernetes_executor.py
[2024-12-13T11:13:44.221+0000] {processor.py:914} INFO - Processing file /opt/bitnami/airflow/venv/lib/python3.12/site-packages/airflow/example_dags/example_local_kubernetes_executor.py for tasks to queue
[2024-12-13T11:13:44.223+0000] {logging_mixin.py:190} INFO - [2024-12-13T11:13:44.223+0000] {dagbag.py:588} INFO - Filling up the DagBag from /opt/bitnami/airflow/venv/lib/python3.12/site-packages/airflow/example_dags/example_local_kubernetes_executor.py
[2024-12-13T11:13:44.231+0000] {processor.py:925} INFO - DAG(s) 'example_local_kubernetes_executor' retrieved from /opt/bitnami/airflow/venv/lib/python3.12/site-packages/airflow/example_dags/example_local_kubernetes_executor.py
[2024-12-13T11:13:44.296+0000] {logging_mixin.py:190} INFO - [2024-12-13T11:13:44.295+0000] {dag.py:3239} INFO - Sync 1 DAGs
[2024-12-13T11:13:44.335+0000] {logging_mixin.py:190} INFO - [2024-12-13T11:13:44.335+0000] {dag.py:4180} INFO - Setting next_dagrun for example_local_kubernetes_executor to None, run_after=None
[2024-12-13T11:13:44.379+0000] {processor.py:208} INFO - Processing /opt/bitnami/airflow/venv/lib/python3.12/site-packages/airflow/example_dags/example_local_kubernetes_executor.py took 0.167 seconds
[2024-12-13T11:14:14.632+0000] {processor.py:186} INFO - Started process (PID=129) to work on /opt/bitnami/airflow/venv/lib/python3.12/site-packages/airflow/example_dags/example_local_kubernetes_executor.py
[2024-12-13T11:14:14.633+0000] {processor.py:914} INFO - Processing file /opt/bitnami/airflow/venv/lib/python3.12/site-packages/airflow/example_dags/example_local_kubernetes_executor.py for tasks to queue
[2024-12-13T11:14:14.635+0000] {logging_mixin.py:190} INFO - [2024-12-13T11:14:14.635+0000] {dagbag.py:588} INFO - Filling up the DagBag from /opt/bitnami/airflow/venv/lib/python3.12/site-packages/airflow/example_dags/example_local_kubernetes_executor.py
[2024-12-13T11:14:14.641+0000] {processor.py:925} INFO - DAG(s) 'example_local_kubernetes_executor' retrieved from /opt/bitnami/airflow/venv/lib/python3.12/site-packages/airflow/example_dags/example_local_kubernetes_executor.py
[2024-12-13T11:14:14.682+0000] {logging_mixin.py:190} INFO - [2024-12-13T11:14:14.681+0000] {dag.py:3239} INFO - Sync 1 DAGs
[2024-12-13T11:14:14.709+0000] {logging_mixin.py:190} INFO - [2024-12-13T11:14:14.709+0000] {dag.py:4180} INFO - Setting next_dagrun for example_local_kubernetes_executor to None, run_after=None
[2024-12-13T11:14:14.740+0000] {processor.py:208} INFO - Processing /opt/bitnami/airflow/venv/lib/python3.12/site-packages/airflow/example_dags/example_local_kubernetes_executor.py took 0.113 seconds
[2024-12-13T11:14:47.827+0000] {processor.py:186} INFO - Started process (PID=186) to work on /opt/bitnami/airflow/venv/lib/python3.12/site-packages/airflow/example_dags/example_local_kubernetes_executor.py
[2024-12-13T11:14:47.831+0000] {processor.py:914} INFO - Processing file /opt/bitnami/airflow/venv/lib/python3.12/site-packages/airflow/example_dags/example_local_kubernetes_executor.py for tasks to queue
[2024-12-13T11:14:47.834+0000] {logging_mixin.py:190} INFO - [2024-12-13T11:14:47.834+0000] {dagbag.py:588} INFO - Filling up the DagBag from /opt/bitnami/airflow/venv/lib/python3.12/site-packages/airflow/example_dags/example_local_kubernetes_executor.py
[2024-12-13T11:14:47.849+0000] {processor.py:925} INFO - DAG(s) 'example_local_kubernetes_executor' retrieved from /opt/bitnami/airflow/venv/lib/python3.12/site-packages/airflow/example_dags/example_local_kubernetes_executor.py
[2024-12-13T11:14:48.064+0000] {logging_mixin.py:190} INFO - [2024-12-13T11:14:48.063+0000] {dag.py:3239} INFO - Sync 1 DAGs
[2024-12-13T11:14:48.100+0000] {logging_mixin.py:190} INFO - [2024-12-13T11:14:48.099+0000] {dag.py:4180} INFO - Setting next_dagrun for example_local_kubernetes_executor to None, run_after=None
[2024-12-13T11:14:48.151+0000] {processor.py:208} INFO - Processing /opt/bitnami/airflow/venv/lib/python3.12/site-packages/airflow/example_dags/example_local_kubernetes_executor.py took 0.335 seconds
[2024-12-13T11:15:19.011+0000] {processor.py:186} INFO - Started process (PID=243) to work on /opt/bitnami/airflow/venv/lib/python3.12/site-packages/airflow/example_dags/example_local_kubernetes_executor.py
[2024-12-13T11:15:19.012+0000] {processor.py:914} INFO - Processing file /opt/bitnami/airflow/venv/lib/python3.12/site-packages/airflow/example_dags/example_local_kubernetes_executor.py for tasks to queue
[2024-12-13T11:15:19.014+0000] {logging_mixin.py:190} INFO - [2024-12-13T11:15:19.014+0000] {dagbag.py:588} INFO - Filling up the DagBag from /opt/bitnami/airflow/venv/lib/python3.12/site-packages/airflow/example_dags/example_local_kubernetes_executor.py
[2024-12-13T11:15:19.020+0000] {processor.py:925} INFO - DAG(s) 'example_local_kubernetes_executor' retrieved from /opt/bitnami/airflow/venv/lib/python3.12/site-packages/airflow/example_dags/example_local_kubernetes_executor.py
[2024-12-13T11:15:19.115+0000] {logging_mixin.py:190} INFO - [2024-12-13T11:15:19.114+0000] {dag.py:3239} INFO - Sync 1 DAGs
[2024-12-13T11:15:19.152+0000] {logging_mixin.py:190} INFO - [2024-12-13T11:15:19.152+0000] {dag.py:4180} INFO - Setting next_dagrun for example_local_kubernetes_executor to None, run_after=None
[2024-12-13T11:15:19.198+0000] {processor.py:208} INFO - Processing /opt/bitnami/airflow/venv/lib/python3.12/site-packages/airflow/example_dags/example_local_kubernetes_executor.py took 0.192 seconds
[2024-12-13T11:57:08.858+0000] {processor.py:186} INFO - Started process (PID=72) to work on /opt/bitnami/airflow/venv/lib/python3.12/site-packages/airflow/example_dags/example_local_kubernetes_executor.py
[2024-12-13T11:57:08.865+0000] {processor.py:914} INFO - Processing file /opt/bitnami/airflow/venv/lib/python3.12/site-packages/airflow/example_dags/example_local_kubernetes_executor.py for tasks to queue
[2024-12-13T11:57:08.868+0000] {logging_mixin.py:190} INFO - [2024-12-13T11:57:08.868+0000] {dagbag.py:588} INFO - Filling up the DagBag from /opt/bitnami/airflow/venv/lib/python3.12/site-packages/airflow/example_dags/example_local_kubernetes_executor.py
[2024-12-13T11:57:08.874+0000] {processor.py:925} INFO - DAG(s) 'example_local_kubernetes_executor' retrieved from /opt/bitnami/airflow/venv/lib/python3.12/site-packages/airflow/example_dags/example_local_kubernetes_executor.py
[2024-12-13T11:57:08.920+0000] {logging_mixin.py:190} INFO - [2024-12-13T11:57:08.918+0000] {dag.py:3239} INFO - Sync 1 DAGs
[2024-12-13T11:57:08.938+0000] {logging_mixin.py:190} INFO - [2024-12-13T11:57:08.938+0000] {dag.py:4180} INFO - Setting next_dagrun for example_local_kubernetes_executor to None, run_after=None
[2024-12-13T11:57:08.957+0000] {processor.py:208} INFO - Processing /opt/bitnami/airflow/venv/lib/python3.12/site-packages/airflow/example_dags/example_local_kubernetes_executor.py took 0.103 seconds
[2024-12-13T11:57:40.124+0000] {processor.py:186} INFO - Started process (PID=129) to work on /opt/bitnami/airflow/venv/lib/python3.12/site-packages/airflow/example_dags/example_local_kubernetes_executor.py
[2024-12-13T11:57:40.125+0000] {processor.py:914} INFO - Processing file /opt/bitnami/airflow/venv/lib/python3.12/site-packages/airflow/example_dags/example_local_kubernetes_executor.py for tasks to queue
[2024-12-13T11:57:40.126+0000] {logging_mixin.py:190} INFO - [2024-12-13T11:57:40.126+0000] {dagbag.py:588} INFO - Filling up the DagBag from /opt/bitnami/airflow/venv/lib/python3.12/site-packages/airflow/example_dags/example_local_kubernetes_executor.py
[2024-12-13T11:57:40.132+0000] {processor.py:925} INFO - DAG(s) 'example_local_kubernetes_executor' retrieved from /opt/bitnami/airflow/venv/lib/python3.12/site-packages/airflow/example_dags/example_local_kubernetes_executor.py
[2024-12-13T11:57:40.180+0000] {logging_mixin.py:190} INFO - [2024-12-13T11:57:40.180+0000] {dag.py:3239} INFO - Sync 1 DAGs
[2024-12-13T11:57:40.201+0000] {logging_mixin.py:190} INFO - [2024-12-13T11:57:40.201+0000] {dag.py:4180} INFO - Setting next_dagrun for example_local_kubernetes_executor to None, run_after=None
[2024-12-13T11:57:40.221+0000] {processor.py:208} INFO - Processing /opt/bitnami/airflow/venv/lib/python3.12/site-packages/airflow/example_dags/example_local_kubernetes_executor.py took 0.104 seconds
[2024-12-13T11:58:34.326+0000] {processor.py:186} INFO - Started process (PID=72) to work on /opt/bitnami/airflow/venv/lib/python3.12/site-packages/airflow/example_dags/example_local_kubernetes_executor.py
[2024-12-13T11:58:34.327+0000] {processor.py:914} INFO - Processing file /opt/bitnami/airflow/venv/lib/python3.12/site-packages/airflow/example_dags/example_local_kubernetes_executor.py for tasks to queue
[2024-12-13T11:58:34.329+0000] {logging_mixin.py:190} INFO - [2024-12-13T11:58:34.329+0000] {dagbag.py:588} INFO - Filling up the DagBag from /opt/bitnami/airflow/venv/lib/python3.12/site-packages/airflow/example_dags/example_local_kubernetes_executor.py
[2024-12-13T11:58:34.335+0000] {processor.py:925} INFO - DAG(s) 'example_local_kubernetes_executor' retrieved from /opt/bitnami/airflow/venv/lib/python3.12/site-packages/airflow/example_dags/example_local_kubernetes_executor.py
[2024-12-13T11:58:34.372+0000] {logging_mixin.py:190} INFO - [2024-12-13T11:58:34.372+0000] {dag.py:3239} INFO - Sync 1 DAGs
[2024-12-13T11:58:34.388+0000] {logging_mixin.py:190} INFO - [2024-12-13T11:58:34.388+0000] {dag.py:4180} INFO - Setting next_dagrun for example_local_kubernetes_executor to None, run_after=None
[2024-12-13T11:58:34.405+0000] {processor.py:208} INFO - Processing /opt/bitnami/airflow/venv/lib/python3.12/site-packages/airflow/example_dags/example_local_kubernetes_executor.py took 0.083 seconds
[2024-12-13T11:59:05.740+0000] {processor.py:186} INFO - Started process (PID=129) to work on /opt/bitnami/airflow/venv/lib/python3.12/site-packages/airflow/example_dags/example_local_kubernetes_executor.py
[2024-12-13T11:59:05.741+0000] {processor.py:914} INFO - Processing file /opt/bitnami/airflow/venv/lib/python3.12/site-packages/airflow/example_dags/example_local_kubernetes_executor.py for tasks to queue
[2024-12-13T11:59:05.743+0000] {logging_mixin.py:190} INFO - [2024-12-13T11:59:05.743+0000] {dagbag.py:588} INFO - Filling up the DagBag from /opt/bitnami/airflow/venv/lib/python3.12/site-packages/airflow/example_dags/example_local_kubernetes_executor.py
[2024-12-13T11:59:05.749+0000] {processor.py:925} INFO - DAG(s) 'example_local_kubernetes_executor' retrieved from /opt/bitnami/airflow/venv/lib/python3.12/site-packages/airflow/example_dags/example_local_kubernetes_executor.py
[2024-12-13T11:59:05.794+0000] {logging_mixin.py:190} INFO - [2024-12-13T11:59:05.793+0000] {dag.py:3239} INFO - Sync 1 DAGs
[2024-12-13T11:59:05.817+0000] {logging_mixin.py:190} INFO - [2024-12-13T11:59:05.817+0000] {dag.py:4180} INFO - Setting next_dagrun for example_local_kubernetes_executor to None, run_after=None
[2024-12-13T11:59:05.845+0000] {processor.py:208} INFO - Processing /opt/bitnami/airflow/venv/lib/python3.12/site-packages/airflow/example_dags/example_local_kubernetes_executor.py took 0.110 seconds
[2024-12-13T11:59:36.357+0000] {processor.py:186} INFO - Started process (PID=186) to work on /opt/bitnami/airflow/venv/lib/python3.12/site-packages/airflow/example_dags/example_local_kubernetes_executor.py
[2024-12-13T11:59:36.359+0000] {processor.py:914} INFO - Processing file /opt/bitnami/airflow/venv/lib/python3.12/site-packages/airflow/example_dags/example_local_kubernetes_executor.py for tasks to queue
[2024-12-13T11:59:36.361+0000] {logging_mixin.py:190} INFO - [2024-12-13T11:59:36.360+0000] {dagbag.py:588} INFO - Filling up the DagBag from /opt/bitnami/airflow/venv/lib/python3.12/site-packages/airflow/example_dags/example_local_kubernetes_executor.py
[2024-12-13T11:59:36.367+0000] {processor.py:925} INFO - DAG(s) 'example_local_kubernetes_executor' retrieved from /opt/bitnami/airflow/venv/lib/python3.12/site-packages/airflow/example_dags/example_local_kubernetes_executor.py
[2024-12-13T11:59:36.453+0000] {logging_mixin.py:190} INFO - [2024-12-13T11:59:36.453+0000] {dag.py:3239} INFO - Sync 1 DAGs
[2024-12-13T11:59:36.468+0000] {logging_mixin.py:190} INFO - [2024-12-13T11:59:36.468+0000] {dag.py:4180} INFO - Setting next_dagrun for example_local_kubernetes_executor to None, run_after=None
[2024-12-13T11:59:36.496+0000] {processor.py:208} INFO - Processing /opt/bitnami/airflow/venv/lib/python3.12/site-packages/airflow/example_dags/example_local_kubernetes_executor.py took 0.143 seconds
[2024-12-13T12:00:06.802+0000] {processor.py:186} INFO - Started process (PID=243) to work on /opt/bitnami/airflow/venv/lib/python3.12/site-packages/airflow/example_dags/example_local_kubernetes_executor.py
[2024-12-13T12:00:06.803+0000] {processor.py:914} INFO - Processing file /opt/bitnami/airflow/venv/lib/python3.12/site-packages/airflow/example_dags/example_local_kubernetes_executor.py for tasks to queue
[2024-12-13T12:00:06.805+0000] {logging_mixin.py:190} INFO - [2024-12-13T12:00:06.805+0000] {dagbag.py:588} INFO - Filling up the DagBag from /opt/bitnami/airflow/venv/lib/python3.12/site-packages/airflow/example_dags/example_local_kubernetes_executor.py
[2024-12-13T12:00:06.812+0000] {processor.py:925} INFO - DAG(s) 'example_local_kubernetes_executor' retrieved from /opt/bitnami/airflow/venv/lib/python3.12/site-packages/airflow/example_dags/example_local_kubernetes_executor.py
[2024-12-13T12:00:06.851+0000] {logging_mixin.py:190} INFO - [2024-12-13T12:00:06.851+0000] {dag.py:3239} INFO - Sync 1 DAGs
[2024-12-13T12:00:06.867+0000] {logging_mixin.py:190} INFO - [2024-12-13T12:00:06.866+0000] {dag.py:4180} INFO - Setting next_dagrun for example_local_kubernetes_executor to None, run_after=None
[2024-12-13T12:00:06.890+0000] {processor.py:208} INFO - Processing /opt/bitnami/airflow/venv/lib/python3.12/site-packages/airflow/example_dags/example_local_kubernetes_executor.py took 0.092 seconds
[2024-12-13T12:00:37.911+0000] {processor.py:186} INFO - Started process (PID=300) to work on /opt/bitnami/airflow/venv/lib/python3.12/site-packages/airflow/example_dags/example_local_kubernetes_executor.py
[2024-12-13T12:00:37.911+0000] {processor.py:914} INFO - Processing file /opt/bitnami/airflow/venv/lib/python3.12/site-packages/airflow/example_dags/example_local_kubernetes_executor.py for tasks to queue
[2024-12-13T12:00:37.913+0000] {logging_mixin.py:190} INFO - [2024-12-13T12:00:37.913+0000] {dagbag.py:588} INFO - Filling up the DagBag from /opt/bitnami/airflow/venv/lib/python3.12/site-packages/airflow/example_dags/example_local_kubernetes_executor.py
[2024-12-13T12:00:37.919+0000] {processor.py:925} INFO - DAG(s) 'example_local_kubernetes_executor' retrieved from /opt/bitnami/airflow/venv/lib/python3.12/site-packages/airflow/example_dags/example_local_kubernetes_executor.py
[2024-12-13T12:00:37.957+0000] {logging_mixin.py:190} INFO - [2024-12-13T12:00:37.956+0000] {dag.py:3239} INFO - Sync 1 DAGs
[2024-12-13T12:00:37.974+0000] {logging_mixin.py:190} INFO - [2024-12-13T12:00:37.974+0000] {dag.py:4180} INFO - Setting next_dagrun for example_local_kubernetes_executor to None, run_after=None
[2024-12-13T12:00:37.994+0000] {processor.py:208} INFO - Processing /opt/bitnami/airflow/venv/lib/python3.12/site-packages/airflow/example_dags/example_local_kubernetes_executor.py took 0.088 seconds
[2024-12-13T12:01:09.392+0000] {processor.py:186} INFO - Started process (PID=357) to work on /opt/bitnami/airflow/venv/lib/python3.12/site-packages/airflow/example_dags/example_local_kubernetes_executor.py
[2024-12-13T12:01:09.393+0000] {processor.py:914} INFO - Processing file /opt/bitnami/airflow/venv/lib/python3.12/site-packages/airflow/example_dags/example_local_kubernetes_executor.py for tasks to queue
[2024-12-13T12:01:09.395+0000] {logging_mixin.py:190} INFO - [2024-12-13T12:01:09.395+0000] {dagbag.py:588} INFO - Filling up the DagBag from /opt/bitnami/airflow/venv/lib/python3.12/site-packages/airflow/example_dags/example_local_kubernetes_executor.py
[2024-12-13T12:01:09.401+0000] {processor.py:925} INFO - DAG(s) 'example_local_kubernetes_executor' retrieved from /opt/bitnami/airflow/venv/lib/python3.12/site-packages/airflow/example_dags/example_local_kubernetes_executor.py
[2024-12-13T12:01:09.443+0000] {logging_mixin.py:190} INFO - [2024-12-13T12:01:09.442+0000] {dag.py:3239} INFO - Sync 1 DAGs
[2024-12-13T12:01:09.461+0000] {logging_mixin.py:190} INFO - [2024-12-13T12:01:09.460+0000] {dag.py:4180} INFO - Setting next_dagrun for example_local_kubernetes_executor to None, run_after=None
[2024-12-13T12:01:09.481+0000] {processor.py:208} INFO - Processing /opt/bitnami/airflow/venv/lib/python3.12/site-packages/airflow/example_dags/example_local_kubernetes_executor.py took 0.093 seconds
[2024-12-13T12:01:40.271+0000] {processor.py:186} INFO - Started process (PID=414) to work on /opt/bitnami/airflow/venv/lib/python3.12/site-packages/airflow/example_dags/example_local_kubernetes_executor.py
[2024-12-13T12:01:40.272+0000] {processor.py:914} INFO - Processing file /opt/bitnami/airflow/venv/lib/python3.12/site-packages/airflow/example_dags/example_local_kubernetes_executor.py for tasks to queue
[2024-12-13T12:01:40.274+0000] {logging_mixin.py:190} INFO - [2024-12-13T12:01:40.273+0000] {dagbag.py:588} INFO - Filling up the DagBag from /opt/bitnami/airflow/venv/lib/python3.12/site-packages/airflow/example_dags/example_local_kubernetes_executor.py
[2024-12-13T12:01:40.279+0000] {processor.py:925} INFO - DAG(s) 'example_local_kubernetes_executor' retrieved from /opt/bitnami/airflow/venv/lib/python3.12/site-packages/airflow/example_dags/example_local_kubernetes_executor.py
[2024-12-13T12:01:40.316+0000] {logging_mixin.py:190} INFO - [2024-12-13T12:01:40.315+0000] {dag.py:3239} INFO - Sync 1 DAGs
[2024-12-13T12:01:40.333+0000] {logging_mixin.py:190} INFO - [2024-12-13T12:01:40.333+0000] {dag.py:4180} INFO - Setting next_dagrun for example_local_kubernetes_executor to None, run_after=None
[2024-12-13T12:01:40.353+0000] {processor.py:208} INFO - Processing /opt/bitnami/airflow/venv/lib/python3.12/site-packages/airflow/example_dags/example_local_kubernetes_executor.py took 0.086 seconds
[2024-12-13T12:02:10.816+0000] {processor.py:186} INFO - Started process (PID=471) to work on /opt/bitnami/airflow/venv/lib/python3.12/site-packages/airflow/example_dags/example_local_kubernetes_executor.py
[2024-12-13T12:02:10.817+0000] {processor.py:914} INFO - Processing file /opt/bitnami/airflow/venv/lib/python3.12/site-packages/airflow/example_dags/example_local_kubernetes_executor.py for tasks to queue
[2024-12-13T12:02:10.819+0000] {logging_mixin.py:190} INFO - [2024-12-13T12:02:10.819+0000] {dagbag.py:588} INFO - Filling up the DagBag from /opt/bitnami/airflow/venv/lib/python3.12/site-packages/airflow/example_dags/example_local_kubernetes_executor.py
[2024-12-13T12:02:10.825+0000] {processor.py:925} INFO - DAG(s) 'example_local_kubernetes_executor' retrieved from /opt/bitnami/airflow/venv/lib/python3.12/site-packages/airflow/example_dags/example_local_kubernetes_executor.py
[2024-12-13T12:02:10.870+0000] {logging_mixin.py:190} INFO - [2024-12-13T12:02:10.869+0000] {dag.py:3239} INFO - Sync 1 DAGs
[2024-12-13T12:02:10.888+0000] {logging_mixin.py:190} INFO - [2024-12-13T12:02:10.888+0000] {dag.py:4180} INFO - Setting next_dagrun for example_local_kubernetes_executor to None, run_after=None
[2024-12-13T12:02:10.912+0000] {processor.py:208} INFO - Processing /opt/bitnami/airflow/venv/lib/python3.12/site-packages/airflow/example_dags/example_local_kubernetes_executor.py took 0.101 seconds
