[2024-12-13T08:19:44.189+0000] {processor.py:186} INFO - Started process (PID=60) to work on /opt/bitnami/airflow/venv/lib/python3.12/site-packages/airflow/example_dags/tutorial_taskflow_api_virtualenv.py
[2024-12-13T08:19:44.190+0000] {processor.py:914} INFO - Processing file /opt/bitnami/airflow/venv/lib/python3.12/site-packages/airflow/example_dags/tutorial_taskflow_api_virtualenv.py for tasks to queue
[2024-12-13T08:19:44.192+0000] {logging_mixin.py:190} INFO - [2024-12-13T08:19:44.192+0000] {dagbag.py:588} INFO - Filling up the DagBag from /opt/bitnami/airflow/venv/lib/python3.12/site-packages/airflow/example_dags/tutorial_taskflow_api_virtualenv.py
[2024-12-13T08:19:44.200+0000] {processor.py:925} INFO - DAG(s) 'tutorial_taskflow_api_virtualenv' retrieved from /opt/bitnami/airflow/venv/lib/python3.12/site-packages/airflow/example_dags/tutorial_taskflow_api_virtualenv.py
[2024-12-13T08:19:44.277+0000] {logging_mixin.py:190} INFO - [2024-12-13T08:19:44.276+0000] {dag.py:3239} INFO - Sync 1 DAGs
[2024-12-13T08:19:44.299+0000] {logging_mixin.py:190} INFO - [2024-12-13T08:19:44.299+0000] {dag.py:4180} INFO - Setting next_dagrun for tutorial_taskflow_api_virtualenv to None, run_after=None
[2024-12-13T08:19:44.323+0000] {processor.py:208} INFO - Processing /opt/bitnami/airflow/venv/lib/python3.12/site-packages/airflow/example_dags/tutorial_taskflow_api_virtualenv.py took 0.138 seconds
[2024-12-13T08:20:14.512+0000] {processor.py:186} INFO - Started process (PID=117) to work on /opt/bitnami/airflow/venv/lib/python3.12/site-packages/airflow/example_dags/tutorial_taskflow_api_virtualenv.py
[2024-12-13T08:20:14.512+0000] {processor.py:914} INFO - Processing file /opt/bitnami/airflow/venv/lib/python3.12/site-packages/airflow/example_dags/tutorial_taskflow_api_virtualenv.py for tasks to queue
[2024-12-13T08:20:14.514+0000] {logging_mixin.py:190} INFO - [2024-12-13T08:20:14.514+0000] {dagbag.py:588} INFO - Filling up the DagBag from /opt/bitnami/airflow/venv/lib/python3.12/site-packages/airflow/example_dags/tutorial_taskflow_api_virtualenv.py
[2024-12-13T08:20:14.523+0000] {processor.py:925} INFO - DAG(s) 'tutorial_taskflow_api_virtualenv' retrieved from /opt/bitnami/airflow/venv/lib/python3.12/site-packages/airflow/example_dags/tutorial_taskflow_api_virtualenv.py
[2024-12-13T08:20:14.550+0000] {logging_mixin.py:190} INFO - [2024-12-13T08:20:14.550+0000] {dag.py:3239} INFO - Sync 1 DAGs
[2024-12-13T08:20:14.574+0000] {logging_mixin.py:190} INFO - [2024-12-13T08:20:14.574+0000] {dag.py:4180} INFO - Setting next_dagrun for tutorial_taskflow_api_virtualenv to None, run_after=None
[2024-12-13T08:20:14.599+0000] {processor.py:208} INFO - Processing /opt/bitnami/airflow/venv/lib/python3.12/site-packages/airflow/example_dags/tutorial_taskflow_api_virtualenv.py took 0.092 seconds
[2024-12-13T08:20:45.196+0000] {processor.py:186} INFO - Started process (PID=174) to work on /opt/bitnami/airflow/venv/lib/python3.12/site-packages/airflow/example_dags/tutorial_taskflow_api_virtualenv.py
[2024-12-13T08:20:45.197+0000] {processor.py:914} INFO - Processing file /opt/bitnami/airflow/venv/lib/python3.12/site-packages/airflow/example_dags/tutorial_taskflow_api_virtualenv.py for tasks to queue
[2024-12-13T08:20:45.200+0000] {logging_mixin.py:190} INFO - [2024-12-13T08:20:45.200+0000] {dagbag.py:588} INFO - Filling up the DagBag from /opt/bitnami/airflow/venv/lib/python3.12/site-packages/airflow/example_dags/tutorial_taskflow_api_virtualenv.py
[2024-12-13T08:20:45.209+0000] {processor.py:925} INFO - DAG(s) 'tutorial_taskflow_api_virtualenv' retrieved from /opt/bitnami/airflow/venv/lib/python3.12/site-packages/airflow/example_dags/tutorial_taskflow_api_virtualenv.py
[2024-12-13T08:20:45.249+0000] {logging_mixin.py:190} INFO - [2024-12-13T08:20:45.249+0000] {dag.py:3239} INFO - Sync 1 DAGs
[2024-12-13T08:20:45.266+0000] {logging_mixin.py:190} INFO - [2024-12-13T08:20:45.266+0000] {dag.py:4180} INFO - Setting next_dagrun for tutorial_taskflow_api_virtualenv to None, run_after=None
[2024-12-13T08:20:45.286+0000] {processor.py:208} INFO - Processing /opt/bitnami/airflow/venv/lib/python3.12/site-packages/airflow/example_dags/tutorial_taskflow_api_virtualenv.py took 0.095 seconds
[2024-12-13T08:21:15.804+0000] {processor.py:186} INFO - Started process (PID=231) to work on /opt/bitnami/airflow/venv/lib/python3.12/site-packages/airflow/example_dags/tutorial_taskflow_api_virtualenv.py
[2024-12-13T08:21:15.805+0000] {processor.py:914} INFO - Processing file /opt/bitnami/airflow/venv/lib/python3.12/site-packages/airflow/example_dags/tutorial_taskflow_api_virtualenv.py for tasks to queue
[2024-12-13T08:21:15.808+0000] {logging_mixin.py:190} INFO - [2024-12-13T08:21:15.807+0000] {dagbag.py:588} INFO - Filling up the DagBag from /opt/bitnami/airflow/venv/lib/python3.12/site-packages/airflow/example_dags/tutorial_taskflow_api_virtualenv.py
[2024-12-13T08:21:15.816+0000] {processor.py:925} INFO - DAG(s) 'tutorial_taskflow_api_virtualenv' retrieved from /opt/bitnami/airflow/venv/lib/python3.12/site-packages/airflow/example_dags/tutorial_taskflow_api_virtualenv.py
[2024-12-13T08:21:15.899+0000] {logging_mixin.py:190} INFO - [2024-12-13T08:21:15.899+0000] {dag.py:3239} INFO - Sync 1 DAGs
[2024-12-13T08:21:15.921+0000] {logging_mixin.py:190} INFO - [2024-12-13T08:21:15.921+0000] {dag.py:4180} INFO - Setting next_dagrun for tutorial_taskflow_api_virtualenv to None, run_after=None
[2024-12-13T08:21:15.953+0000] {processor.py:208} INFO - Processing /opt/bitnami/airflow/venv/lib/python3.12/site-packages/airflow/example_dags/tutorial_taskflow_api_virtualenv.py took 0.154 seconds
[2024-12-13T08:21:46.997+0000] {processor.py:186} INFO - Started process (PID=288) to work on /opt/bitnami/airflow/venv/lib/python3.12/site-packages/airflow/example_dags/tutorial_taskflow_api_virtualenv.py
[2024-12-13T08:21:46.997+0000] {processor.py:914} INFO - Processing file /opt/bitnami/airflow/venv/lib/python3.12/site-packages/airflow/example_dags/tutorial_taskflow_api_virtualenv.py for tasks to queue
[2024-12-13T08:21:46.999+0000] {logging_mixin.py:190} INFO - [2024-12-13T08:21:46.999+0000] {dagbag.py:588} INFO - Filling up the DagBag from /opt/bitnami/airflow/venv/lib/python3.12/site-packages/airflow/example_dags/tutorial_taskflow_api_virtualenv.py
[2024-12-13T08:21:47.007+0000] {processor.py:925} INFO - DAG(s) 'tutorial_taskflow_api_virtualenv' retrieved from /opt/bitnami/airflow/venv/lib/python3.12/site-packages/airflow/example_dags/tutorial_taskflow_api_virtualenv.py
[2024-12-13T08:21:47.033+0000] {logging_mixin.py:190} INFO - [2024-12-13T08:21:47.033+0000] {dag.py:3239} INFO - Sync 1 DAGs
[2024-12-13T08:21:47.050+0000] {logging_mixin.py:190} INFO - [2024-12-13T08:21:47.050+0000] {dag.py:4180} INFO - Setting next_dagrun for tutorial_taskflow_api_virtualenv to None, run_after=None
[2024-12-13T08:21:47.068+0000] {processor.py:208} INFO - Processing /opt/bitnami/airflow/venv/lib/python3.12/site-packages/airflow/example_dags/tutorial_taskflow_api_virtualenv.py took 0.076 seconds
[2024-12-13T08:22:17.415+0000] {processor.py:186} INFO - Started process (PID=345) to work on /opt/bitnami/airflow/venv/lib/python3.12/site-packages/airflow/example_dags/tutorial_taskflow_api_virtualenv.py
[2024-12-13T08:22:17.416+0000] {processor.py:914} INFO - Processing file /opt/bitnami/airflow/venv/lib/python3.12/site-packages/airflow/example_dags/tutorial_taskflow_api_virtualenv.py for tasks to queue
[2024-12-13T08:22:17.418+0000] {logging_mixin.py:190} INFO - [2024-12-13T08:22:17.418+0000] {dagbag.py:588} INFO - Filling up the DagBag from /opt/bitnami/airflow/venv/lib/python3.12/site-packages/airflow/example_dags/tutorial_taskflow_api_virtualenv.py
[2024-12-13T08:22:17.427+0000] {processor.py:925} INFO - DAG(s) 'tutorial_taskflow_api_virtualenv' retrieved from /opt/bitnami/airflow/venv/lib/python3.12/site-packages/airflow/example_dags/tutorial_taskflow_api_virtualenv.py
[2024-12-13T08:22:17.455+0000] {logging_mixin.py:190} INFO - [2024-12-13T08:22:17.454+0000] {dag.py:3239} INFO - Sync 1 DAGs
[2024-12-13T08:22:17.473+0000] {logging_mixin.py:190} INFO - [2024-12-13T08:22:17.473+0000] {dag.py:4180} INFO - Setting next_dagrun for tutorial_taskflow_api_virtualenv to None, run_after=None
[2024-12-13T08:22:17.491+0000] {processor.py:208} INFO - Processing /opt/bitnami/airflow/venv/lib/python3.12/site-packages/airflow/example_dags/tutorial_taskflow_api_virtualenv.py took 0.081 seconds
[2024-12-13T08:22:48.282+0000] {processor.py:186} INFO - Started process (PID=402) to work on /opt/bitnami/airflow/venv/lib/python3.12/site-packages/airflow/example_dags/tutorial_taskflow_api_virtualenv.py
[2024-12-13T08:22:48.283+0000] {processor.py:914} INFO - Processing file /opt/bitnami/airflow/venv/lib/python3.12/site-packages/airflow/example_dags/tutorial_taskflow_api_virtualenv.py for tasks to queue
[2024-12-13T08:22:48.285+0000] {logging_mixin.py:190} INFO - [2024-12-13T08:22:48.284+0000] {dagbag.py:588} INFO - Filling up the DagBag from /opt/bitnami/airflow/venv/lib/python3.12/site-packages/airflow/example_dags/tutorial_taskflow_api_virtualenv.py
[2024-12-13T08:22:48.293+0000] {processor.py:925} INFO - DAG(s) 'tutorial_taskflow_api_virtualenv' retrieved from /opt/bitnami/airflow/venv/lib/python3.12/site-packages/airflow/example_dags/tutorial_taskflow_api_virtualenv.py
[2024-12-13T08:22:48.322+0000] {logging_mixin.py:190} INFO - [2024-12-13T08:22:48.322+0000] {dag.py:3239} INFO - Sync 1 DAGs
[2024-12-13T08:22:48.338+0000] {logging_mixin.py:190} INFO - [2024-12-13T08:22:48.338+0000] {dag.py:4180} INFO - Setting next_dagrun for tutorial_taskflow_api_virtualenv to None, run_after=None
[2024-12-13T08:22:48.356+0000] {processor.py:208} INFO - Processing /opt/bitnami/airflow/venv/lib/python3.12/site-packages/airflow/example_dags/tutorial_taskflow_api_virtualenv.py took 0.079 seconds
[2024-12-13T08:25:45.255+0000] {processor.py:186} INFO - Started process (PID=60) to work on /opt/bitnami/airflow/venv/lib/python3.12/site-packages/airflow/example_dags/tutorial_taskflow_api_virtualenv.py
[2024-12-13T08:25:45.256+0000] {processor.py:914} INFO - Processing file /opt/bitnami/airflow/venv/lib/python3.12/site-packages/airflow/example_dags/tutorial_taskflow_api_virtualenv.py for tasks to queue
[2024-12-13T08:25:45.259+0000] {logging_mixin.py:190} INFO - [2024-12-13T08:25:45.259+0000] {dagbag.py:588} INFO - Filling up the DagBag from /opt/bitnami/airflow/venv/lib/python3.12/site-packages/airflow/example_dags/tutorial_taskflow_api_virtualenv.py
[2024-12-13T08:25:45.268+0000] {processor.py:925} INFO - DAG(s) 'tutorial_taskflow_api_virtualenv' retrieved from /opt/bitnami/airflow/venv/lib/python3.12/site-packages/airflow/example_dags/tutorial_taskflow_api_virtualenv.py
[2024-12-13T08:25:45.374+0000] {logging_mixin.py:190} INFO - [2024-12-13T08:25:45.373+0000] {dag.py:3239} INFO - Sync 1 DAGs
[2024-12-13T08:25:45.395+0000] {logging_mixin.py:190} INFO - [2024-12-13T08:25:45.395+0000] {dag.py:4180} INFO - Setting next_dagrun for tutorial_taskflow_api_virtualenv to None, run_after=None
[2024-12-13T08:25:45.424+0000] {processor.py:208} INFO - Processing /opt/bitnami/airflow/venv/lib/python3.12/site-packages/airflow/example_dags/tutorial_taskflow_api_virtualenv.py took 0.176 seconds
[2024-12-13T08:26:15.792+0000] {processor.py:186} INFO - Started process (PID=117) to work on /opt/bitnami/airflow/venv/lib/python3.12/site-packages/airflow/example_dags/tutorial_taskflow_api_virtualenv.py
[2024-12-13T08:26:15.793+0000] {processor.py:914} INFO - Processing file /opt/bitnami/airflow/venv/lib/python3.12/site-packages/airflow/example_dags/tutorial_taskflow_api_virtualenv.py for tasks to queue
[2024-12-13T08:26:15.795+0000] {logging_mixin.py:190} INFO - [2024-12-13T08:26:15.795+0000] {dagbag.py:588} INFO - Filling up the DagBag from /opt/bitnami/airflow/venv/lib/python3.12/site-packages/airflow/example_dags/tutorial_taskflow_api_virtualenv.py
[2024-12-13T08:26:15.803+0000] {processor.py:925} INFO - DAG(s) 'tutorial_taskflow_api_virtualenv' retrieved from /opt/bitnami/airflow/venv/lib/python3.12/site-packages/airflow/example_dags/tutorial_taskflow_api_virtualenv.py
[2024-12-13T08:26:15.830+0000] {logging_mixin.py:190} INFO - [2024-12-13T08:26:15.830+0000] {dag.py:3239} INFO - Sync 1 DAGs
[2024-12-13T08:26:15.849+0000] {logging_mixin.py:190} INFO - [2024-12-13T08:26:15.848+0000] {dag.py:4180} INFO - Setting next_dagrun for tutorial_taskflow_api_virtualenv to None, run_after=None
[2024-12-13T08:26:15.869+0000] {processor.py:208} INFO - Processing /opt/bitnami/airflow/venv/lib/python3.12/site-packages/airflow/example_dags/tutorial_taskflow_api_virtualenv.py took 0.081 seconds
[2024-12-13T08:26:47.293+0000] {processor.py:186} INFO - Started process (PID=174) to work on /opt/bitnami/airflow/venv/lib/python3.12/site-packages/airflow/example_dags/tutorial_taskflow_api_virtualenv.py
[2024-12-13T08:26:47.294+0000] {processor.py:914} INFO - Processing file /opt/bitnami/airflow/venv/lib/python3.12/site-packages/airflow/example_dags/tutorial_taskflow_api_virtualenv.py for tasks to queue
[2024-12-13T08:26:47.297+0000] {logging_mixin.py:190} INFO - [2024-12-13T08:26:47.296+0000] {dagbag.py:588} INFO - Filling up the DagBag from /opt/bitnami/airflow/venv/lib/python3.12/site-packages/airflow/example_dags/tutorial_taskflow_api_virtualenv.py
[2024-12-13T08:26:47.306+0000] {processor.py:925} INFO - DAG(s) 'tutorial_taskflow_api_virtualenv' retrieved from /opt/bitnami/airflow/venv/lib/python3.12/site-packages/airflow/example_dags/tutorial_taskflow_api_virtualenv.py
[2024-12-13T08:26:47.402+0000] {logging_mixin.py:190} INFO - [2024-12-13T08:26:47.401+0000] {dag.py:3239} INFO - Sync 1 DAGs
[2024-12-13T08:26:47.425+0000] {logging_mixin.py:190} INFO - [2024-12-13T08:26:47.425+0000] {dag.py:4180} INFO - Setting next_dagrun for tutorial_taskflow_api_virtualenv to None, run_after=None
[2024-12-13T08:26:47.452+0000] {processor.py:208} INFO - Processing /opt/bitnami/airflow/venv/lib/python3.12/site-packages/airflow/example_dags/tutorial_taskflow_api_virtualenv.py took 0.164 seconds
[2024-12-13T08:27:17.945+0000] {processor.py:186} INFO - Started process (PID=231) to work on /opt/bitnami/airflow/venv/lib/python3.12/site-packages/airflow/example_dags/tutorial_taskflow_api_virtualenv.py
[2024-12-13T08:27:17.945+0000] {processor.py:914} INFO - Processing file /opt/bitnami/airflow/venv/lib/python3.12/site-packages/airflow/example_dags/tutorial_taskflow_api_virtualenv.py for tasks to queue
[2024-12-13T08:27:17.947+0000] {logging_mixin.py:190} INFO - [2024-12-13T08:27:17.947+0000] {dagbag.py:588} INFO - Filling up the DagBag from /opt/bitnami/airflow/venv/lib/python3.12/site-packages/airflow/example_dags/tutorial_taskflow_api_virtualenv.py
[2024-12-13T08:27:17.955+0000] {processor.py:925} INFO - DAG(s) 'tutorial_taskflow_api_virtualenv' retrieved from /opt/bitnami/airflow/venv/lib/python3.12/site-packages/airflow/example_dags/tutorial_taskflow_api_virtualenv.py
[2024-12-13T08:27:17.982+0000] {logging_mixin.py:190} INFO - [2024-12-13T08:27:17.982+0000] {dag.py:3239} INFO - Sync 1 DAGs
[2024-12-13T08:27:17.997+0000] {logging_mixin.py:190} INFO - [2024-12-13T08:27:17.997+0000] {dag.py:4180} INFO - Setting next_dagrun for tutorial_taskflow_api_virtualenv to None, run_after=None
[2024-12-13T08:27:18.017+0000] {processor.py:208} INFO - Processing /opt/bitnami/airflow/venv/lib/python3.12/site-packages/airflow/example_dags/tutorial_taskflow_api_virtualenv.py took 0.077 seconds
[2024-12-13T10:42:37.340+0000] {processor.py:186} INFO - Started process (PID=60) to work on /opt/bitnami/airflow/venv/lib/python3.12/site-packages/airflow/example_dags/tutorial_taskflow_api_virtualenv.py
[2024-12-13T10:42:37.342+0000] {processor.py:914} INFO - Processing file /opt/bitnami/airflow/venv/lib/python3.12/site-packages/airflow/example_dags/tutorial_taskflow_api_virtualenv.py for tasks to queue
[2024-12-13T10:42:37.345+0000] {logging_mixin.py:190} INFO - [2024-12-13T10:42:37.345+0000] {dagbag.py:588} INFO - Filling up the DagBag from /opt/bitnami/airflow/venv/lib/python3.12/site-packages/airflow/example_dags/tutorial_taskflow_api_virtualenv.py
[2024-12-13T10:42:37.354+0000] {processor.py:925} INFO - DAG(s) 'tutorial_taskflow_api_virtualenv' retrieved from /opt/bitnami/airflow/venv/lib/python3.12/site-packages/airflow/example_dags/tutorial_taskflow_api_virtualenv.py
[2024-12-13T10:42:37.444+0000] {logging_mixin.py:190} INFO - [2024-12-13T10:42:37.444+0000] {override.py:1900} INFO - Created Permission View: can read on DAG:tutorial_taskflow_api_virtualenv
[2024-12-13T10:42:37.470+0000] {logging_mixin.py:190} INFO - [2024-12-13T10:42:37.470+0000] {override.py:1900} INFO - Created Permission View: can delete on DAG:tutorial_taskflow_api_virtualenv
[2024-12-13T10:42:37.477+0000] {logging_mixin.py:190} INFO - [2024-12-13T10:42:37.476+0000] {override.py:1900} INFO - Created Permission View: can edit on DAG:tutorial_taskflow_api_virtualenv
[2024-12-13T10:42:37.485+0000] {logging_mixin.py:190} INFO - [2024-12-13T10:42:37.485+0000] {override.py:1900} INFO - Created Permission View: can delete on DAG Run:tutorial_taskflow_api_virtualenv
[2024-12-13T10:42:37.493+0000] {logging_mixin.py:190} INFO - [2024-12-13T10:42:37.493+0000] {override.py:1900} INFO - Created Permission View: can read on DAG Run:tutorial_taskflow_api_virtualenv
[2024-12-13T10:42:37.500+0000] {logging_mixin.py:190} INFO - [2024-12-13T10:42:37.500+0000] {override.py:1900} INFO - Created Permission View: can create on DAG Run:tutorial_taskflow_api_virtualenv
[2024-12-13T10:42:37.508+0000] {logging_mixin.py:190} INFO - [2024-12-13T10:42:37.507+0000] {override.py:1900} INFO - Created Permission View: menu access on DAG Run:tutorial_taskflow_api_virtualenv
[2024-12-13T10:42:37.509+0000] {logging_mixin.py:190} INFO - [2024-12-13T10:42:37.508+0000] {dag.py:3239} INFO - Sync 1 DAGs
[2024-12-13T10:42:37.534+0000] {logging_mixin.py:190} INFO - [2024-12-13T10:42:37.534+0000] {dag.py:3262} INFO - Creating ORM DAG for tutorial_taskflow_api_virtualenv
[2024-12-13T10:42:37.535+0000] {logging_mixin.py:190} INFO - [2024-12-13T10:42:37.535+0000] {dag.py:4180} INFO - Setting next_dagrun for tutorial_taskflow_api_virtualenv to None, run_after=None
[2024-12-13T10:42:37.563+0000] {processor.py:208} INFO - Processing /opt/bitnami/airflow/venv/lib/python3.12/site-packages/airflow/example_dags/tutorial_taskflow_api_virtualenv.py took 0.229 seconds
[2024-12-13T10:43:07.670+0000] {processor.py:186} INFO - Started process (PID=117) to work on /opt/bitnami/airflow/venv/lib/python3.12/site-packages/airflow/example_dags/tutorial_taskflow_api_virtualenv.py
[2024-12-13T10:43:07.671+0000] {processor.py:914} INFO - Processing file /opt/bitnami/airflow/venv/lib/python3.12/site-packages/airflow/example_dags/tutorial_taskflow_api_virtualenv.py for tasks to queue
[2024-12-13T10:43:07.673+0000] {logging_mixin.py:190} INFO - [2024-12-13T10:43:07.673+0000] {dagbag.py:588} INFO - Filling up the DagBag from /opt/bitnami/airflow/venv/lib/python3.12/site-packages/airflow/example_dags/tutorial_taskflow_api_virtualenv.py
[2024-12-13T10:43:07.682+0000] {processor.py:925} INFO - DAG(s) 'tutorial_taskflow_api_virtualenv' retrieved from /opt/bitnami/airflow/venv/lib/python3.12/site-packages/airflow/example_dags/tutorial_taskflow_api_virtualenv.py
[2024-12-13T10:43:07.752+0000] {logging_mixin.py:190} INFO - [2024-12-13T10:43:07.752+0000] {dag.py:3239} INFO - Sync 1 DAGs
[2024-12-13T10:43:07.795+0000] {logging_mixin.py:190} INFO - [2024-12-13T10:43:07.794+0000] {dag.py:4180} INFO - Setting next_dagrun for tutorial_taskflow_api_virtualenv to None, run_after=None
[2024-12-13T10:43:07.834+0000] {processor.py:208} INFO - Processing /opt/bitnami/airflow/venv/lib/python3.12/site-packages/airflow/example_dags/tutorial_taskflow_api_virtualenv.py took 0.169 seconds
[2024-12-13T10:43:38.890+0000] {processor.py:186} INFO - Started process (PID=174) to work on /opt/bitnami/airflow/venv/lib/python3.12/site-packages/airflow/example_dags/tutorial_taskflow_api_virtualenv.py
[2024-12-13T10:43:38.891+0000] {processor.py:914} INFO - Processing file /opt/bitnami/airflow/venv/lib/python3.12/site-packages/airflow/example_dags/tutorial_taskflow_api_virtualenv.py for tasks to queue
[2024-12-13T10:43:38.894+0000] {logging_mixin.py:190} INFO - [2024-12-13T10:43:38.894+0000] {dagbag.py:588} INFO - Filling up the DagBag from /opt/bitnami/airflow/venv/lib/python3.12/site-packages/airflow/example_dags/tutorial_taskflow_api_virtualenv.py
[2024-12-13T10:43:38.907+0000] {processor.py:925} INFO - DAG(s) 'tutorial_taskflow_api_virtualenv' retrieved from /opt/bitnami/airflow/venv/lib/python3.12/site-packages/airflow/example_dags/tutorial_taskflow_api_virtualenv.py
[2024-12-13T10:43:39.063+0000] {logging_mixin.py:190} INFO - [2024-12-13T10:43:39.063+0000] {dag.py:3239} INFO - Sync 1 DAGs
[2024-12-13T10:43:39.086+0000] {logging_mixin.py:190} INFO - [2024-12-13T10:43:39.085+0000] {dag.py:4180} INFO - Setting next_dagrun for tutorial_taskflow_api_virtualenv to None, run_after=None
[2024-12-13T10:43:39.125+0000] {processor.py:208} INFO - Processing /opt/bitnami/airflow/venv/lib/python3.12/site-packages/airflow/example_dags/tutorial_taskflow_api_virtualenv.py took 0.243 seconds
[2024-12-13T10:44:09.337+0000] {processor.py:186} INFO - Started process (PID=231) to work on /opt/bitnami/airflow/venv/lib/python3.12/site-packages/airflow/example_dags/tutorial_taskflow_api_virtualenv.py
[2024-12-13T10:44:09.339+0000] {processor.py:914} INFO - Processing file /opt/bitnami/airflow/venv/lib/python3.12/site-packages/airflow/example_dags/tutorial_taskflow_api_virtualenv.py for tasks to queue
[2024-12-13T10:44:09.341+0000] {logging_mixin.py:190} INFO - [2024-12-13T10:44:09.341+0000] {dagbag.py:588} INFO - Filling up the DagBag from /opt/bitnami/airflow/venv/lib/python3.12/site-packages/airflow/example_dags/tutorial_taskflow_api_virtualenv.py
[2024-12-13T10:44:09.351+0000] {processor.py:925} INFO - DAG(s) 'tutorial_taskflow_api_virtualenv' retrieved from /opt/bitnami/airflow/venv/lib/python3.12/site-packages/airflow/example_dags/tutorial_taskflow_api_virtualenv.py
[2024-12-13T10:44:09.398+0000] {logging_mixin.py:190} INFO - [2024-12-13T10:44:09.398+0000] {dag.py:3239} INFO - Sync 1 DAGs
[2024-12-13T10:44:09.422+0000] {logging_mixin.py:190} INFO - [2024-12-13T10:44:09.422+0000] {dag.py:4180} INFO - Setting next_dagrun for tutorial_taskflow_api_virtualenv to None, run_after=None
[2024-12-13T10:44:09.448+0000] {processor.py:208} INFO - Processing /opt/bitnami/airflow/venv/lib/python3.12/site-packages/airflow/example_dags/tutorial_taskflow_api_virtualenv.py took 0.115 seconds
[2024-12-13T10:44:40.048+0000] {processor.py:186} INFO - Started process (PID=288) to work on /opt/bitnami/airflow/venv/lib/python3.12/site-packages/airflow/example_dags/tutorial_taskflow_api_virtualenv.py
[2024-12-13T10:44:40.049+0000] {processor.py:914} INFO - Processing file /opt/bitnami/airflow/venv/lib/python3.12/site-packages/airflow/example_dags/tutorial_taskflow_api_virtualenv.py for tasks to queue
[2024-12-13T10:44:40.052+0000] {logging_mixin.py:190} INFO - [2024-12-13T10:44:40.051+0000] {dagbag.py:588} INFO - Filling up the DagBag from /opt/bitnami/airflow/venv/lib/python3.12/site-packages/airflow/example_dags/tutorial_taskflow_api_virtualenv.py
[2024-12-13T10:44:40.062+0000] {processor.py:925} INFO - DAG(s) 'tutorial_taskflow_api_virtualenv' retrieved from /opt/bitnami/airflow/venv/lib/python3.12/site-packages/airflow/example_dags/tutorial_taskflow_api_virtualenv.py
[2024-12-13T10:44:40.127+0000] {logging_mixin.py:190} INFO - [2024-12-13T10:44:40.126+0000] {dag.py:3239} INFO - Sync 1 DAGs
[2024-12-13T10:44:40.155+0000] {logging_mixin.py:190} INFO - [2024-12-13T10:44:40.154+0000] {dag.py:4180} INFO - Setting next_dagrun for tutorial_taskflow_api_virtualenv to None, run_after=None
[2024-12-13T10:44:40.185+0000] {processor.py:208} INFO - Processing /opt/bitnami/airflow/venv/lib/python3.12/site-packages/airflow/example_dags/tutorial_taskflow_api_virtualenv.py took 0.144 seconds
[2024-12-13T10:52:10.199+0000] {processor.py:186} INFO - Started process (PID=60) to work on /opt/bitnami/airflow/venv/lib/python3.12/site-packages/airflow/example_dags/tutorial_taskflow_api_virtualenv.py
[2024-12-13T10:52:10.200+0000] {processor.py:914} INFO - Processing file /opt/bitnami/airflow/venv/lib/python3.12/site-packages/airflow/example_dags/tutorial_taskflow_api_virtualenv.py for tasks to queue
[2024-12-13T10:52:10.203+0000] {logging_mixin.py:190} INFO - [2024-12-13T10:52:10.202+0000] {dagbag.py:588} INFO - Filling up the DagBag from /opt/bitnami/airflow/venv/lib/python3.12/site-packages/airflow/example_dags/tutorial_taskflow_api_virtualenv.py
[2024-12-13T10:52:10.212+0000] {processor.py:925} INFO - DAG(s) 'tutorial_taskflow_api_virtualenv' retrieved from /opt/bitnami/airflow/venv/lib/python3.12/site-packages/airflow/example_dags/tutorial_taskflow_api_virtualenv.py
[2024-12-13T10:52:10.311+0000] {logging_mixin.py:190} INFO - [2024-12-13T10:52:10.310+0000] {override.py:1900} INFO - Created Permission View: can read on DAG:tutorial_taskflow_api_virtualenv
[2024-12-13T10:52:10.324+0000] {logging_mixin.py:190} INFO - [2024-12-13T10:52:10.323+0000] {override.py:1900} INFO - Created Permission View: can delete on DAG:tutorial_taskflow_api_virtualenv
[2024-12-13T10:52:10.331+0000] {logging_mixin.py:190} INFO - [2024-12-13T10:52:10.331+0000] {override.py:1900} INFO - Created Permission View: can edit on DAG:tutorial_taskflow_api_virtualenv
[2024-12-13T10:52:10.340+0000] {logging_mixin.py:190} INFO - [2024-12-13T10:52:10.339+0000] {override.py:1900} INFO - Created Permission View: menu access on DAG Run:tutorial_taskflow_api_virtualenv
[2024-12-13T10:52:10.347+0000] {logging_mixin.py:190} INFO - [2024-12-13T10:52:10.346+0000] {override.py:1900} INFO - Created Permission View: can read on DAG Run:tutorial_taskflow_api_virtualenv
[2024-12-13T10:52:10.353+0000] {logging_mixin.py:190} INFO - [2024-12-13T10:52:10.352+0000] {override.py:1900} INFO - Created Permission View: can delete on DAG Run:tutorial_taskflow_api_virtualenv
[2024-12-13T10:52:10.362+0000] {logging_mixin.py:190} INFO - [2024-12-13T10:52:10.362+0000] {override.py:1900} INFO - Created Permission View: can create on DAG Run:tutorial_taskflow_api_virtualenv
[2024-12-13T10:52:10.363+0000] {logging_mixin.py:190} INFO - [2024-12-13T10:52:10.362+0000] {dag.py:3239} INFO - Sync 1 DAGs
[2024-12-13T10:52:10.389+0000] {logging_mixin.py:190} INFO - [2024-12-13T10:52:10.389+0000] {dag.py:3262} INFO - Creating ORM DAG for tutorial_taskflow_api_virtualenv
[2024-12-13T10:52:10.390+0000] {logging_mixin.py:190} INFO - [2024-12-13T10:52:10.390+0000] {dag.py:4180} INFO - Setting next_dagrun for tutorial_taskflow_api_virtualenv to None, run_after=None
[2024-12-13T10:52:10.412+0000] {processor.py:208} INFO - Processing /opt/bitnami/airflow/venv/lib/python3.12/site-packages/airflow/example_dags/tutorial_taskflow_api_virtualenv.py took 0.220 seconds
[2024-12-13T10:52:40.489+0000] {processor.py:186} INFO - Started process (PID=117) to work on /opt/bitnami/airflow/venv/lib/python3.12/site-packages/airflow/example_dags/tutorial_taskflow_api_virtualenv.py
[2024-12-13T10:52:40.491+0000] {processor.py:914} INFO - Processing file /opt/bitnami/airflow/venv/lib/python3.12/site-packages/airflow/example_dags/tutorial_taskflow_api_virtualenv.py for tasks to queue
[2024-12-13T10:52:40.499+0000] {logging_mixin.py:190} INFO - [2024-12-13T10:52:40.499+0000] {dagbag.py:588} INFO - Filling up the DagBag from /opt/bitnami/airflow/venv/lib/python3.12/site-packages/airflow/example_dags/tutorial_taskflow_api_virtualenv.py
[2024-12-13T10:52:40.515+0000] {processor.py:925} INFO - DAG(s) 'tutorial_taskflow_api_virtualenv' retrieved from /opt/bitnami/airflow/venv/lib/python3.12/site-packages/airflow/example_dags/tutorial_taskflow_api_virtualenv.py
[2024-12-13T10:52:40.596+0000] {logging_mixin.py:190} INFO - [2024-12-13T10:52:40.595+0000] {dag.py:3239} INFO - Sync 1 DAGs
[2024-12-13T10:52:40.657+0000] {logging_mixin.py:190} INFO - [2024-12-13T10:52:40.657+0000] {dag.py:4180} INFO - Setting next_dagrun for tutorial_taskflow_api_virtualenv to None, run_after=None
[2024-12-13T10:52:40.721+0000] {processor.py:208} INFO - Processing /opt/bitnami/airflow/venv/lib/python3.12/site-packages/airflow/example_dags/tutorial_taskflow_api_virtualenv.py took 0.238 seconds
[2024-12-13T10:53:13.179+0000] {processor.py:186} INFO - Started process (PID=174) to work on /opt/bitnami/airflow/venv/lib/python3.12/site-packages/airflow/example_dags/tutorial_taskflow_api_virtualenv.py
[2024-12-13T10:53:13.180+0000] {processor.py:914} INFO - Processing file /opt/bitnami/airflow/venv/lib/python3.12/site-packages/airflow/example_dags/tutorial_taskflow_api_virtualenv.py for tasks to queue
[2024-12-13T10:53:13.183+0000] {logging_mixin.py:190} INFO - [2024-12-13T10:53:13.183+0000] {dagbag.py:588} INFO - Filling up the DagBag from /opt/bitnami/airflow/venv/lib/python3.12/site-packages/airflow/example_dags/tutorial_taskflow_api_virtualenv.py
[2024-12-13T10:53:13.194+0000] {processor.py:925} INFO - DAG(s) 'tutorial_taskflow_api_virtualenv' retrieved from /opt/bitnami/airflow/venv/lib/python3.12/site-packages/airflow/example_dags/tutorial_taskflow_api_virtualenv.py
[2024-12-13T10:53:13.319+0000] {logging_mixin.py:190} INFO - [2024-12-13T10:53:13.319+0000] {dag.py:3239} INFO - Sync 1 DAGs
[2024-12-13T10:53:13.338+0000] {logging_mixin.py:190} INFO - [2024-12-13T10:53:13.337+0000] {dag.py:4180} INFO - Setting next_dagrun for tutorial_taskflow_api_virtualenv to None, run_after=None
[2024-12-13T10:53:13.366+0000] {processor.py:208} INFO - Processing /opt/bitnami/airflow/venv/lib/python3.12/site-packages/airflow/example_dags/tutorial_taskflow_api_virtualenv.py took 0.195 seconds
[2024-12-13T10:53:43.931+0000] {processor.py:186} INFO - Started process (PID=231) to work on /opt/bitnami/airflow/venv/lib/python3.12/site-packages/airflow/example_dags/tutorial_taskflow_api_virtualenv.py
[2024-12-13T10:53:43.933+0000] {processor.py:914} INFO - Processing file /opt/bitnami/airflow/venv/lib/python3.12/site-packages/airflow/example_dags/tutorial_taskflow_api_virtualenv.py for tasks to queue
[2024-12-13T10:53:43.935+0000] {logging_mixin.py:190} INFO - [2024-12-13T10:53:43.935+0000] {dagbag.py:588} INFO - Filling up the DagBag from /opt/bitnami/airflow/venv/lib/python3.12/site-packages/airflow/example_dags/tutorial_taskflow_api_virtualenv.py
[2024-12-13T10:53:43.950+0000] {processor.py:925} INFO - DAG(s) 'tutorial_taskflow_api_virtualenv' retrieved from /opt/bitnami/airflow/venv/lib/python3.12/site-packages/airflow/example_dags/tutorial_taskflow_api_virtualenv.py
[2024-12-13T10:53:44.009+0000] {logging_mixin.py:190} INFO - [2024-12-13T10:53:44.008+0000] {dag.py:3239} INFO - Sync 1 DAGs
[2024-12-13T10:53:44.035+0000] {logging_mixin.py:190} INFO - [2024-12-13T10:53:44.034+0000] {dag.py:4180} INFO - Setting next_dagrun for tutorial_taskflow_api_virtualenv to None, run_after=None
[2024-12-13T10:53:44.065+0000] {processor.py:208} INFO - Processing /opt/bitnami/airflow/venv/lib/python3.12/site-packages/airflow/example_dags/tutorial_taskflow_api_virtualenv.py took 0.139 seconds
[2024-12-13T10:54:14.179+0000] {processor.py:186} INFO - Started process (PID=288) to work on /opt/bitnami/airflow/venv/lib/python3.12/site-packages/airflow/example_dags/tutorial_taskflow_api_virtualenv.py
[2024-12-13T10:54:14.180+0000] {processor.py:914} INFO - Processing file /opt/bitnami/airflow/venv/lib/python3.12/site-packages/airflow/example_dags/tutorial_taskflow_api_virtualenv.py for tasks to queue
[2024-12-13T10:54:14.183+0000] {logging_mixin.py:190} INFO - [2024-12-13T10:54:14.182+0000] {dagbag.py:588} INFO - Filling up the DagBag from /opt/bitnami/airflow/venv/lib/python3.12/site-packages/airflow/example_dags/tutorial_taskflow_api_virtualenv.py
[2024-12-13T10:54:14.193+0000] {processor.py:925} INFO - DAG(s) 'tutorial_taskflow_api_virtualenv' retrieved from /opt/bitnami/airflow/venv/lib/python3.12/site-packages/airflow/example_dags/tutorial_taskflow_api_virtualenv.py
[2024-12-13T10:54:14.244+0000] {logging_mixin.py:190} INFO - [2024-12-13T10:54:14.243+0000] {dag.py:3239} INFO - Sync 1 DAGs
[2024-12-13T10:54:14.266+0000] {logging_mixin.py:190} INFO - [2024-12-13T10:54:14.266+0000] {dag.py:4180} INFO - Setting next_dagrun for tutorial_taskflow_api_virtualenv to None, run_after=None
[2024-12-13T10:54:14.299+0000] {processor.py:208} INFO - Processing /opt/bitnami/airflow/venv/lib/python3.12/site-packages/airflow/example_dags/tutorial_taskflow_api_virtualenv.py took 0.126 seconds
[2024-12-13T10:54:44.506+0000] {processor.py:186} INFO - Started process (PID=345) to work on /opt/bitnami/airflow/venv/lib/python3.12/site-packages/airflow/example_dags/tutorial_taskflow_api_virtualenv.py
[2024-12-13T10:54:44.507+0000] {processor.py:914} INFO - Processing file /opt/bitnami/airflow/venv/lib/python3.12/site-packages/airflow/example_dags/tutorial_taskflow_api_virtualenv.py for tasks to queue
[2024-12-13T10:54:44.509+0000] {logging_mixin.py:190} INFO - [2024-12-13T10:54:44.509+0000] {dagbag.py:588} INFO - Filling up the DagBag from /opt/bitnami/airflow/venv/lib/python3.12/site-packages/airflow/example_dags/tutorial_taskflow_api_virtualenv.py
[2024-12-13T10:54:44.517+0000] {processor.py:925} INFO - DAG(s) 'tutorial_taskflow_api_virtualenv' retrieved from /opt/bitnami/airflow/venv/lib/python3.12/site-packages/airflow/example_dags/tutorial_taskflow_api_virtualenv.py
[2024-12-13T10:54:44.560+0000] {logging_mixin.py:190} INFO - [2024-12-13T10:54:44.560+0000] {dag.py:3239} INFO - Sync 1 DAGs
[2024-12-13T10:54:44.583+0000] {logging_mixin.py:190} INFO - [2024-12-13T10:54:44.583+0000] {dag.py:4180} INFO - Setting next_dagrun for tutorial_taskflow_api_virtualenv to None, run_after=None
[2024-12-13T10:54:44.609+0000] {processor.py:208} INFO - Processing /opt/bitnami/airflow/venv/lib/python3.12/site-packages/airflow/example_dags/tutorial_taskflow_api_virtualenv.py took 0.107 seconds
[2024-12-13T10:55:15.216+0000] {processor.py:186} INFO - Started process (PID=402) to work on /opt/bitnami/airflow/venv/lib/python3.12/site-packages/airflow/example_dags/tutorial_taskflow_api_virtualenv.py
[2024-12-13T10:55:15.217+0000] {processor.py:914} INFO - Processing file /opt/bitnami/airflow/venv/lib/python3.12/site-packages/airflow/example_dags/tutorial_taskflow_api_virtualenv.py for tasks to queue
[2024-12-13T10:55:15.219+0000] {logging_mixin.py:190} INFO - [2024-12-13T10:55:15.219+0000] {dagbag.py:588} INFO - Filling up the DagBag from /opt/bitnami/airflow/venv/lib/python3.12/site-packages/airflow/example_dags/tutorial_taskflow_api_virtualenv.py
[2024-12-13T10:55:15.230+0000] {processor.py:925} INFO - DAG(s) 'tutorial_taskflow_api_virtualenv' retrieved from /opt/bitnami/airflow/venv/lib/python3.12/site-packages/airflow/example_dags/tutorial_taskflow_api_virtualenv.py
[2024-12-13T10:55:15.313+0000] {logging_mixin.py:190} INFO - [2024-12-13T10:55:15.312+0000] {dag.py:3239} INFO - Sync 1 DAGs
[2024-12-13T10:55:15.350+0000] {logging_mixin.py:190} INFO - [2024-12-13T10:55:15.349+0000] {dag.py:4180} INFO - Setting next_dagrun for tutorial_taskflow_api_virtualenv to None, run_after=None
[2024-12-13T10:55:15.396+0000] {processor.py:208} INFO - Processing /opt/bitnami/airflow/venv/lib/python3.12/site-packages/airflow/example_dags/tutorial_taskflow_api_virtualenv.py took 0.184 seconds
[2024-12-13T10:55:45.646+0000] {processor.py:186} INFO - Started process (PID=459) to work on /opt/bitnami/airflow/venv/lib/python3.12/site-packages/airflow/example_dags/tutorial_taskflow_api_virtualenv.py
[2024-12-13T10:55:45.647+0000] {processor.py:914} INFO - Processing file /opt/bitnami/airflow/venv/lib/python3.12/site-packages/airflow/example_dags/tutorial_taskflow_api_virtualenv.py for tasks to queue
[2024-12-13T10:55:45.649+0000] {logging_mixin.py:190} INFO - [2024-12-13T10:55:45.649+0000] {dagbag.py:588} INFO - Filling up the DagBag from /opt/bitnami/airflow/venv/lib/python3.12/site-packages/airflow/example_dags/tutorial_taskflow_api_virtualenv.py
[2024-12-13T10:55:45.658+0000] {processor.py:925} INFO - DAG(s) 'tutorial_taskflow_api_virtualenv' retrieved from /opt/bitnami/airflow/venv/lib/python3.12/site-packages/airflow/example_dags/tutorial_taskflow_api_virtualenv.py
[2024-12-13T10:55:45.723+0000] {logging_mixin.py:190} INFO - [2024-12-13T10:55:45.722+0000] {dag.py:3239} INFO - Sync 1 DAGs
[2024-12-13T10:55:45.766+0000] {logging_mixin.py:190} INFO - [2024-12-13T10:55:45.766+0000] {dag.py:4180} INFO - Setting next_dagrun for tutorial_taskflow_api_virtualenv to None, run_after=None
[2024-12-13T10:55:45.817+0000] {processor.py:208} INFO - Processing /opt/bitnami/airflow/venv/lib/python3.12/site-packages/airflow/example_dags/tutorial_taskflow_api_virtualenv.py took 0.176 seconds
[2024-12-13T10:56:16.747+0000] {processor.py:186} INFO - Started process (PID=516) to work on /opt/bitnami/airflow/venv/lib/python3.12/site-packages/airflow/example_dags/tutorial_taskflow_api_virtualenv.py
[2024-12-13T10:56:16.749+0000] {processor.py:914} INFO - Processing file /opt/bitnami/airflow/venv/lib/python3.12/site-packages/airflow/example_dags/tutorial_taskflow_api_virtualenv.py for tasks to queue
[2024-12-13T10:56:16.751+0000] {logging_mixin.py:190} INFO - [2024-12-13T10:56:16.751+0000] {dagbag.py:588} INFO - Filling up the DagBag from /opt/bitnami/airflow/venv/lib/python3.12/site-packages/airflow/example_dags/tutorial_taskflow_api_virtualenv.py
[2024-12-13T10:56:16.762+0000] {processor.py:925} INFO - DAG(s) 'tutorial_taskflow_api_virtualenv' retrieved from /opt/bitnami/airflow/venv/lib/python3.12/site-packages/airflow/example_dags/tutorial_taskflow_api_virtualenv.py
[2024-12-13T10:56:16.839+0000] {logging_mixin.py:190} INFO - [2024-12-13T10:56:16.839+0000] {dag.py:3239} INFO - Sync 1 DAGs
[2024-12-13T10:56:16.891+0000] {logging_mixin.py:190} INFO - [2024-12-13T10:56:16.891+0000] {dag.py:4180} INFO - Setting next_dagrun for tutorial_taskflow_api_virtualenv to None, run_after=None
[2024-12-13T10:56:16.950+0000] {processor.py:208} INFO - Processing /opt/bitnami/airflow/venv/lib/python3.12/site-packages/airflow/example_dags/tutorial_taskflow_api_virtualenv.py took 0.211 seconds
[2024-12-13T10:56:47.080+0000] {processor.py:186} INFO - Started process (PID=573) to work on /opt/bitnami/airflow/venv/lib/python3.12/site-packages/airflow/example_dags/tutorial_taskflow_api_virtualenv.py
[2024-12-13T10:56:47.081+0000] {processor.py:914} INFO - Processing file /opt/bitnami/airflow/venv/lib/python3.12/site-packages/airflow/example_dags/tutorial_taskflow_api_virtualenv.py for tasks to queue
[2024-12-13T10:56:47.083+0000] {logging_mixin.py:190} INFO - [2024-12-13T10:56:47.083+0000] {dagbag.py:588} INFO - Filling up the DagBag from /opt/bitnami/airflow/venv/lib/python3.12/site-packages/airflow/example_dags/tutorial_taskflow_api_virtualenv.py
[2024-12-13T10:56:47.092+0000] {processor.py:925} INFO - DAG(s) 'tutorial_taskflow_api_virtualenv' retrieved from /opt/bitnami/airflow/venv/lib/python3.12/site-packages/airflow/example_dags/tutorial_taskflow_api_virtualenv.py
[2024-12-13T10:56:47.158+0000] {logging_mixin.py:190} INFO - [2024-12-13T10:56:47.157+0000] {dag.py:3239} INFO - Sync 1 DAGs
[2024-12-13T10:56:47.196+0000] {logging_mixin.py:190} INFO - [2024-12-13T10:56:47.195+0000] {dag.py:4180} INFO - Setting next_dagrun for tutorial_taskflow_api_virtualenv to None, run_after=None
[2024-12-13T10:56:47.228+0000] {processor.py:208} INFO - Processing /opt/bitnami/airflow/venv/lib/python3.12/site-packages/airflow/example_dags/tutorial_taskflow_api_virtualenv.py took 0.155 seconds
[2024-12-13T10:57:17.676+0000] {processor.py:186} INFO - Started process (PID=630) to work on /opt/bitnami/airflow/venv/lib/python3.12/site-packages/airflow/example_dags/tutorial_taskflow_api_virtualenv.py
[2024-12-13T10:57:17.677+0000] {processor.py:914} INFO - Processing file /opt/bitnami/airflow/venv/lib/python3.12/site-packages/airflow/example_dags/tutorial_taskflow_api_virtualenv.py for tasks to queue
[2024-12-13T10:57:17.680+0000] {logging_mixin.py:190} INFO - [2024-12-13T10:57:17.680+0000] {dagbag.py:588} INFO - Filling up the DagBag from /opt/bitnami/airflow/venv/lib/python3.12/site-packages/airflow/example_dags/tutorial_taskflow_api_virtualenv.py
[2024-12-13T10:57:17.691+0000] {processor.py:925} INFO - DAG(s) 'tutorial_taskflow_api_virtualenv' retrieved from /opt/bitnami/airflow/venv/lib/python3.12/site-packages/airflow/example_dags/tutorial_taskflow_api_virtualenv.py
[2024-12-13T10:57:17.753+0000] {logging_mixin.py:190} INFO - [2024-12-13T10:57:17.753+0000] {dag.py:3239} INFO - Sync 1 DAGs
[2024-12-13T10:57:17.785+0000] {logging_mixin.py:190} INFO - [2024-12-13T10:57:17.785+0000] {dag.py:4180} INFO - Setting next_dagrun for tutorial_taskflow_api_virtualenv to None, run_after=None
[2024-12-13T10:57:17.819+0000] {processor.py:208} INFO - Processing /opt/bitnami/airflow/venv/lib/python3.12/site-packages/airflow/example_dags/tutorial_taskflow_api_virtualenv.py took 0.149 seconds
[2024-12-13T10:57:47.852+0000] {processor.py:186} INFO - Started process (PID=687) to work on /opt/bitnami/airflow/venv/lib/python3.12/site-packages/airflow/example_dags/tutorial_taskflow_api_virtualenv.py
[2024-12-13T10:57:47.853+0000] {processor.py:914} INFO - Processing file /opt/bitnami/airflow/venv/lib/python3.12/site-packages/airflow/example_dags/tutorial_taskflow_api_virtualenv.py for tasks to queue
[2024-12-13T10:57:47.855+0000] {logging_mixin.py:190} INFO - [2024-12-13T10:57:47.855+0000] {dagbag.py:588} INFO - Filling up the DagBag from /opt/bitnami/airflow/venv/lib/python3.12/site-packages/airflow/example_dags/tutorial_taskflow_api_virtualenv.py
[2024-12-13T10:57:47.863+0000] {processor.py:925} INFO - DAG(s) 'tutorial_taskflow_api_virtualenv' retrieved from /opt/bitnami/airflow/venv/lib/python3.12/site-packages/airflow/example_dags/tutorial_taskflow_api_virtualenv.py
[2024-12-13T10:57:47.921+0000] {logging_mixin.py:190} INFO - [2024-12-13T10:57:47.920+0000] {dag.py:3239} INFO - Sync 1 DAGs
[2024-12-13T10:57:47.945+0000] {logging_mixin.py:190} INFO - [2024-12-13T10:57:47.945+0000] {dag.py:4180} INFO - Setting next_dagrun for tutorial_taskflow_api_virtualenv to None, run_after=None
[2024-12-13T10:57:47.978+0000] {processor.py:208} INFO - Processing /opt/bitnami/airflow/venv/lib/python3.12/site-packages/airflow/example_dags/tutorial_taskflow_api_virtualenv.py took 0.131 seconds
[2024-12-13T10:58:18.145+0000] {processor.py:186} INFO - Started process (PID=744) to work on /opt/bitnami/airflow/venv/lib/python3.12/site-packages/airflow/example_dags/tutorial_taskflow_api_virtualenv.py
[2024-12-13T10:58:18.146+0000] {processor.py:914} INFO - Processing file /opt/bitnami/airflow/venv/lib/python3.12/site-packages/airflow/example_dags/tutorial_taskflow_api_virtualenv.py for tasks to queue
[2024-12-13T10:58:18.148+0000] {logging_mixin.py:190} INFO - [2024-12-13T10:58:18.147+0000] {dagbag.py:588} INFO - Filling up the DagBag from /opt/bitnami/airflow/venv/lib/python3.12/site-packages/airflow/example_dags/tutorial_taskflow_api_virtualenv.py
[2024-12-13T10:58:18.156+0000] {processor.py:925} INFO - DAG(s) 'tutorial_taskflow_api_virtualenv' retrieved from /opt/bitnami/airflow/venv/lib/python3.12/site-packages/airflow/example_dags/tutorial_taskflow_api_virtualenv.py
[2024-12-13T10:58:18.180+0000] {logging_mixin.py:190} INFO - [2024-12-13T10:58:18.180+0000] {dag.py:3239} INFO - Sync 1 DAGs
[2024-12-13T10:58:18.198+0000] {logging_mixin.py:190} INFO - [2024-12-13T10:58:18.198+0000] {dag.py:4180} INFO - Setting next_dagrun for tutorial_taskflow_api_virtualenv to None, run_after=None
[2024-12-13T10:58:18.222+0000] {processor.py:208} INFO - Processing /opt/bitnami/airflow/venv/lib/python3.12/site-packages/airflow/example_dags/tutorial_taskflow_api_virtualenv.py took 0.081 seconds
[2024-12-13T10:58:49.520+0000] {processor.py:186} INFO - Started process (PID=801) to work on /opt/bitnami/airflow/venv/lib/python3.12/site-packages/airflow/example_dags/tutorial_taskflow_api_virtualenv.py
[2024-12-13T10:58:49.521+0000] {processor.py:914} INFO - Processing file /opt/bitnami/airflow/venv/lib/python3.12/site-packages/airflow/example_dags/tutorial_taskflow_api_virtualenv.py for tasks to queue
[2024-12-13T10:58:49.523+0000] {logging_mixin.py:190} INFO - [2024-12-13T10:58:49.523+0000] {dagbag.py:588} INFO - Filling up the DagBag from /opt/bitnami/airflow/venv/lib/python3.12/site-packages/airflow/example_dags/tutorial_taskflow_api_virtualenv.py
[2024-12-13T10:58:49.531+0000] {processor.py:925} INFO - DAG(s) 'tutorial_taskflow_api_virtualenv' retrieved from /opt/bitnami/airflow/venv/lib/python3.12/site-packages/airflow/example_dags/tutorial_taskflow_api_virtualenv.py
[2024-12-13T10:58:49.580+0000] {logging_mixin.py:190} INFO - [2024-12-13T10:58:49.580+0000] {dag.py:3239} INFO - Sync 1 DAGs
[2024-12-13T10:58:49.604+0000] {logging_mixin.py:190} INFO - [2024-12-13T10:58:49.604+0000] {dag.py:4180} INFO - Setting next_dagrun for tutorial_taskflow_api_virtualenv to None, run_after=None
[2024-12-13T10:58:49.635+0000] {processor.py:208} INFO - Processing /opt/bitnami/airflow/venv/lib/python3.12/site-packages/airflow/example_dags/tutorial_taskflow_api_virtualenv.py took 0.119 seconds
[2024-12-13T11:07:30.262+0000] {processor.py:186} INFO - Started process (PID=60) to work on /opt/bitnami/airflow/venv/lib/python3.12/site-packages/airflow/example_dags/tutorial_taskflow_api_virtualenv.py
[2024-12-13T11:07:30.263+0000] {processor.py:914} INFO - Processing file /opt/bitnami/airflow/venv/lib/python3.12/site-packages/airflow/example_dags/tutorial_taskflow_api_virtualenv.py for tasks to queue
[2024-12-13T11:07:30.267+0000] {logging_mixin.py:190} INFO - [2024-12-13T11:07:30.266+0000] {dagbag.py:588} INFO - Filling up the DagBag from /opt/bitnami/airflow/venv/lib/python3.12/site-packages/airflow/example_dags/tutorial_taskflow_api_virtualenv.py
[2024-12-13T11:07:30.283+0000] {processor.py:925} INFO - DAG(s) 'tutorial_taskflow_api_virtualenv' retrieved from /opt/bitnami/airflow/venv/lib/python3.12/site-packages/airflow/example_dags/tutorial_taskflow_api_virtualenv.py
[2024-12-13T11:07:30.382+0000] {logging_mixin.py:190} INFO - [2024-12-13T11:07:30.382+0000] {dag.py:3239} INFO - Sync 1 DAGs
[2024-12-13T11:07:30.403+0000] {logging_mixin.py:190} INFO - [2024-12-13T11:07:30.403+0000] {dag.py:4180} INFO - Setting next_dagrun for tutorial_taskflow_api_virtualenv to None, run_after=None
[2024-12-13T11:07:30.426+0000] {processor.py:208} INFO - Processing /opt/bitnami/airflow/venv/lib/python3.12/site-packages/airflow/example_dags/tutorial_taskflow_api_virtualenv.py took 0.169 seconds
[2024-12-13T11:08:00.810+0000] {processor.py:186} INFO - Started process (PID=117) to work on /opt/bitnami/airflow/venv/lib/python3.12/site-packages/airflow/example_dags/tutorial_taskflow_api_virtualenv.py
[2024-12-13T11:08:00.811+0000] {processor.py:914} INFO - Processing file /opt/bitnami/airflow/venv/lib/python3.12/site-packages/airflow/example_dags/tutorial_taskflow_api_virtualenv.py for tasks to queue
[2024-12-13T11:08:00.813+0000] {logging_mixin.py:190} INFO - [2024-12-13T11:08:00.813+0000] {dagbag.py:588} INFO - Filling up the DagBag from /opt/bitnami/airflow/venv/lib/python3.12/site-packages/airflow/example_dags/tutorial_taskflow_api_virtualenv.py
[2024-12-13T11:08:00.821+0000] {processor.py:925} INFO - DAG(s) 'tutorial_taskflow_api_virtualenv' retrieved from /opt/bitnami/airflow/venv/lib/python3.12/site-packages/airflow/example_dags/tutorial_taskflow_api_virtualenv.py
[2024-12-13T11:08:00.870+0000] {logging_mixin.py:190} INFO - [2024-12-13T11:08:00.870+0000] {dag.py:3239} INFO - Sync 1 DAGs
[2024-12-13T11:08:00.892+0000] {logging_mixin.py:190} INFO - [2024-12-13T11:08:00.891+0000] {dag.py:4180} INFO - Setting next_dagrun for tutorial_taskflow_api_virtualenv to None, run_after=None
[2024-12-13T11:08:00.917+0000] {processor.py:208} INFO - Processing /opt/bitnami/airflow/venv/lib/python3.12/site-packages/airflow/example_dags/tutorial_taskflow_api_virtualenv.py took 0.112 seconds
[2024-12-13T11:08:32.386+0000] {processor.py:186} INFO - Started process (PID=174) to work on /opt/bitnami/airflow/venv/lib/python3.12/site-packages/airflow/example_dags/tutorial_taskflow_api_virtualenv.py
[2024-12-13T11:08:32.387+0000] {processor.py:914} INFO - Processing file /opt/bitnami/airflow/venv/lib/python3.12/site-packages/airflow/example_dags/tutorial_taskflow_api_virtualenv.py for tasks to queue
[2024-12-13T11:08:32.389+0000] {logging_mixin.py:190} INFO - [2024-12-13T11:08:32.389+0000] {dagbag.py:588} INFO - Filling up the DagBag from /opt/bitnami/airflow/venv/lib/python3.12/site-packages/airflow/example_dags/tutorial_taskflow_api_virtualenv.py
[2024-12-13T11:08:32.398+0000] {processor.py:925} INFO - DAG(s) 'tutorial_taskflow_api_virtualenv' retrieved from /opt/bitnami/airflow/venv/lib/python3.12/site-packages/airflow/example_dags/tutorial_taskflow_api_virtualenv.py
[2024-12-13T11:08:32.498+0000] {logging_mixin.py:190} INFO - [2024-12-13T11:08:32.497+0000] {dag.py:3239} INFO - Sync 1 DAGs
[2024-12-13T11:08:32.518+0000] {logging_mixin.py:190} INFO - [2024-12-13T11:08:32.518+0000] {dag.py:4180} INFO - Setting next_dagrun for tutorial_taskflow_api_virtualenv to None, run_after=None
[2024-12-13T11:08:32.543+0000] {processor.py:208} INFO - Processing /opt/bitnami/airflow/venv/lib/python3.12/site-packages/airflow/example_dags/tutorial_taskflow_api_virtualenv.py took 0.161 seconds
[2024-12-13T11:09:03.423+0000] {processor.py:186} INFO - Started process (PID=231) to work on /opt/bitnami/airflow/venv/lib/python3.12/site-packages/airflow/example_dags/tutorial_taskflow_api_virtualenv.py
[2024-12-13T11:09:03.425+0000] {processor.py:914} INFO - Processing file /opt/bitnami/airflow/venv/lib/python3.12/site-packages/airflow/example_dags/tutorial_taskflow_api_virtualenv.py for tasks to queue
[2024-12-13T11:09:03.427+0000] {logging_mixin.py:190} INFO - [2024-12-13T11:09:03.427+0000] {dagbag.py:588} INFO - Filling up the DagBag from /opt/bitnami/airflow/venv/lib/python3.12/site-packages/airflow/example_dags/tutorial_taskflow_api_virtualenv.py
[2024-12-13T11:09:03.436+0000] {processor.py:925} INFO - DAG(s) 'tutorial_taskflow_api_virtualenv' retrieved from /opt/bitnami/airflow/venv/lib/python3.12/site-packages/airflow/example_dags/tutorial_taskflow_api_virtualenv.py
[2024-12-13T11:09:03.536+0000] {logging_mixin.py:190} INFO - [2024-12-13T11:09:03.535+0000] {dag.py:3239} INFO - Sync 1 DAGs
[2024-12-13T11:09:03.588+0000] {logging_mixin.py:190} INFO - [2024-12-13T11:09:03.588+0000] {dag.py:4180} INFO - Setting next_dagrun for tutorial_taskflow_api_virtualenv to None, run_after=None
[2024-12-13T11:09:03.632+0000] {processor.py:208} INFO - Processing /opt/bitnami/airflow/venv/lib/python3.12/site-packages/airflow/example_dags/tutorial_taskflow_api_virtualenv.py took 0.214 seconds
[2024-12-13T11:09:33.695+0000] {processor.py:186} INFO - Started process (PID=288) to work on /opt/bitnami/airflow/venv/lib/python3.12/site-packages/airflow/example_dags/tutorial_taskflow_api_virtualenv.py
[2024-12-13T11:09:33.696+0000] {processor.py:914} INFO - Processing file /opt/bitnami/airflow/venv/lib/python3.12/site-packages/airflow/example_dags/tutorial_taskflow_api_virtualenv.py for tasks to queue
[2024-12-13T11:09:33.698+0000] {logging_mixin.py:190} INFO - [2024-12-13T11:09:33.698+0000] {dagbag.py:588} INFO - Filling up the DagBag from /opt/bitnami/airflow/venv/lib/python3.12/site-packages/airflow/example_dags/tutorial_taskflow_api_virtualenv.py
[2024-12-13T11:09:33.708+0000] {processor.py:925} INFO - DAG(s) 'tutorial_taskflow_api_virtualenv' retrieved from /opt/bitnami/airflow/venv/lib/python3.12/site-packages/airflow/example_dags/tutorial_taskflow_api_virtualenv.py
[2024-12-13T11:09:33.768+0000] {logging_mixin.py:190} INFO - [2024-12-13T11:09:33.768+0000] {dag.py:3239} INFO - Sync 1 DAGs
[2024-12-13T11:09:33.793+0000] {logging_mixin.py:190} INFO - [2024-12-13T11:09:33.793+0000] {dag.py:4180} INFO - Setting next_dagrun for tutorial_taskflow_api_virtualenv to None, run_after=None
[2024-12-13T11:09:33.815+0000] {processor.py:208} INFO - Processing /opt/bitnami/airflow/venv/lib/python3.12/site-packages/airflow/example_dags/tutorial_taskflow_api_virtualenv.py took 0.126 seconds
[2024-12-13T11:13:42.817+0000] {processor.py:186} INFO - Started process (PID=60) to work on /opt/bitnami/airflow/venv/lib/python3.12/site-packages/airflow/example_dags/tutorial_taskflow_api_virtualenv.py
[2024-12-13T11:13:42.818+0000] {processor.py:914} INFO - Processing file /opt/bitnami/airflow/venv/lib/python3.12/site-packages/airflow/example_dags/tutorial_taskflow_api_virtualenv.py for tasks to queue
[2024-12-13T11:13:42.821+0000] {logging_mixin.py:190} INFO - [2024-12-13T11:13:42.821+0000] {dagbag.py:588} INFO - Filling up the DagBag from /opt/bitnami/airflow/venv/lib/python3.12/site-packages/airflow/example_dags/tutorial_taskflow_api_virtualenv.py
[2024-12-13T11:13:42.832+0000] {processor.py:925} INFO - DAG(s) 'tutorial_taskflow_api_virtualenv' retrieved from /opt/bitnami/airflow/venv/lib/python3.12/site-packages/airflow/example_dags/tutorial_taskflow_api_virtualenv.py
[2024-12-13T11:13:42.939+0000] {logging_mixin.py:190} INFO - [2024-12-13T11:13:42.938+0000] {dag.py:3239} INFO - Sync 1 DAGs
[2024-12-13T11:13:42.965+0000] {logging_mixin.py:190} INFO - [2024-12-13T11:13:42.965+0000] {dag.py:4180} INFO - Setting next_dagrun for tutorial_taskflow_api_virtualenv to None, run_after=None
[2024-12-13T11:13:42.997+0000] {processor.py:208} INFO - Processing /opt/bitnami/airflow/venv/lib/python3.12/site-packages/airflow/example_dags/tutorial_taskflow_api_virtualenv.py took 0.191 seconds
[2024-12-13T11:14:13.594+0000] {processor.py:186} INFO - Started process (PID=117) to work on /opt/bitnami/airflow/venv/lib/python3.12/site-packages/airflow/example_dags/tutorial_taskflow_api_virtualenv.py
[2024-12-13T11:14:13.595+0000] {processor.py:914} INFO - Processing file /opt/bitnami/airflow/venv/lib/python3.12/site-packages/airflow/example_dags/tutorial_taskflow_api_virtualenv.py for tasks to queue
[2024-12-13T11:14:13.597+0000] {logging_mixin.py:190} INFO - [2024-12-13T11:14:13.597+0000] {dagbag.py:588} INFO - Filling up the DagBag from /opt/bitnami/airflow/venv/lib/python3.12/site-packages/airflow/example_dags/tutorial_taskflow_api_virtualenv.py
[2024-12-13T11:14:13.605+0000] {processor.py:925} INFO - DAG(s) 'tutorial_taskflow_api_virtualenv' retrieved from /opt/bitnami/airflow/venv/lib/python3.12/site-packages/airflow/example_dags/tutorial_taskflow_api_virtualenv.py
[2024-12-13T11:14:13.647+0000] {logging_mixin.py:190} INFO - [2024-12-13T11:14:13.647+0000] {dag.py:3239} INFO - Sync 1 DAGs
[2024-12-13T11:14:13.673+0000] {logging_mixin.py:190} INFO - [2024-12-13T11:14:13.673+0000] {dag.py:4180} INFO - Setting next_dagrun for tutorial_taskflow_api_virtualenv to None, run_after=None
[2024-12-13T11:14:13.709+0000] {processor.py:208} INFO - Processing /opt/bitnami/airflow/venv/lib/python3.12/site-packages/airflow/example_dags/tutorial_taskflow_api_virtualenv.py took 0.120 seconds
[2024-12-13T11:14:45.066+0000] {processor.py:186} INFO - Started process (PID=174) to work on /opt/bitnami/airflow/venv/lib/python3.12/site-packages/airflow/example_dags/tutorial_taskflow_api_virtualenv.py
[2024-12-13T11:14:45.067+0000] {processor.py:914} INFO - Processing file /opt/bitnami/airflow/venv/lib/python3.12/site-packages/airflow/example_dags/tutorial_taskflow_api_virtualenv.py for tasks to queue
[2024-12-13T11:14:45.070+0000] {logging_mixin.py:190} INFO - [2024-12-13T11:14:45.070+0000] {dagbag.py:588} INFO - Filling up the DagBag from /opt/bitnami/airflow/venv/lib/python3.12/site-packages/airflow/example_dags/tutorial_taskflow_api_virtualenv.py
[2024-12-13T11:14:45.085+0000] {processor.py:925} INFO - DAG(s) 'tutorial_taskflow_api_virtualenv' retrieved from /opt/bitnami/airflow/venv/lib/python3.12/site-packages/airflow/example_dags/tutorial_taskflow_api_virtualenv.py
[2024-12-13T11:14:45.251+0000] {logging_mixin.py:190} INFO - [2024-12-13T11:14:45.250+0000] {dag.py:3239} INFO - Sync 1 DAGs
[2024-12-13T11:14:45.290+0000] {logging_mixin.py:190} INFO - [2024-12-13T11:14:45.290+0000] {dag.py:4180} INFO - Setting next_dagrun for tutorial_taskflow_api_virtualenv to None, run_after=None
[2024-12-13T11:14:45.342+0000] {processor.py:208} INFO - Processing /opt/bitnami/airflow/venv/lib/python3.12/site-packages/airflow/example_dags/tutorial_taskflow_api_virtualenv.py took 0.281 seconds
[2024-12-13T11:15:16.267+0000] {processor.py:186} INFO - Started process (PID=231) to work on /opt/bitnami/airflow/venv/lib/python3.12/site-packages/airflow/example_dags/tutorial_taskflow_api_virtualenv.py
[2024-12-13T11:15:16.268+0000] {processor.py:914} INFO - Processing file /opt/bitnami/airflow/venv/lib/python3.12/site-packages/airflow/example_dags/tutorial_taskflow_api_virtualenv.py for tasks to queue
[2024-12-13T11:15:16.270+0000] {logging_mixin.py:190} INFO - [2024-12-13T11:15:16.270+0000] {dagbag.py:588} INFO - Filling up the DagBag from /opt/bitnami/airflow/venv/lib/python3.12/site-packages/airflow/example_dags/tutorial_taskflow_api_virtualenv.py
[2024-12-13T11:15:16.281+0000] {processor.py:925} INFO - DAG(s) 'tutorial_taskflow_api_virtualenv' retrieved from /opt/bitnami/airflow/venv/lib/python3.12/site-packages/airflow/example_dags/tutorial_taskflow_api_virtualenv.py
[2024-12-13T11:15:16.351+0000] {logging_mixin.py:190} INFO - [2024-12-13T11:15:16.351+0000] {dag.py:3239} INFO - Sync 1 DAGs
[2024-12-13T11:15:16.393+0000] {logging_mixin.py:190} INFO - [2024-12-13T11:15:16.392+0000] {dag.py:4180} INFO - Setting next_dagrun for tutorial_taskflow_api_virtualenv to None, run_after=None
[2024-12-13T11:15:16.436+0000] {processor.py:208} INFO - Processing /opt/bitnami/airflow/venv/lib/python3.12/site-packages/airflow/example_dags/tutorial_taskflow_api_virtualenv.py took 0.173 seconds
[2024-12-13T11:57:07.862+0000] {processor.py:186} INFO - Started process (PID=60) to work on /opt/bitnami/airflow/venv/lib/python3.12/site-packages/airflow/example_dags/tutorial_taskflow_api_virtualenv.py
[2024-12-13T11:57:07.864+0000] {processor.py:914} INFO - Processing file /opt/bitnami/airflow/venv/lib/python3.12/site-packages/airflow/example_dags/tutorial_taskflow_api_virtualenv.py for tasks to queue
[2024-12-13T11:57:07.866+0000] {logging_mixin.py:190} INFO - [2024-12-13T11:57:07.866+0000] {dagbag.py:588} INFO - Filling up the DagBag from /opt/bitnami/airflow/venv/lib/python3.12/site-packages/airflow/example_dags/tutorial_taskflow_api_virtualenv.py
[2024-12-13T11:57:07.875+0000] {processor.py:925} INFO - DAG(s) 'tutorial_taskflow_api_virtualenv' retrieved from /opt/bitnami/airflow/venv/lib/python3.12/site-packages/airflow/example_dags/tutorial_taskflow_api_virtualenv.py
[2024-12-13T11:57:07.967+0000] {logging_mixin.py:190} INFO - [2024-12-13T11:57:07.966+0000] {dag.py:3239} INFO - Sync 1 DAGs
[2024-12-13T11:57:07.989+0000] {logging_mixin.py:190} INFO - [2024-12-13T11:57:07.989+0000] {dag.py:4180} INFO - Setting next_dagrun for tutorial_taskflow_api_virtualenv to None, run_after=None
[2024-12-13T11:57:08.015+0000] {processor.py:208} INFO - Processing /opt/bitnami/airflow/venv/lib/python3.12/site-packages/airflow/example_dags/tutorial_taskflow_api_virtualenv.py took 0.158 seconds
[2024-12-13T11:57:39.036+0000] {processor.py:186} INFO - Started process (PID=117) to work on /opt/bitnami/airflow/venv/lib/python3.12/site-packages/airflow/example_dags/tutorial_taskflow_api_virtualenv.py
[2024-12-13T11:57:39.038+0000] {processor.py:914} INFO - Processing file /opt/bitnami/airflow/venv/lib/python3.12/site-packages/airflow/example_dags/tutorial_taskflow_api_virtualenv.py for tasks to queue
[2024-12-13T11:57:39.044+0000] {logging_mixin.py:190} INFO - [2024-12-13T11:57:39.043+0000] {dagbag.py:588} INFO - Filling up the DagBag from /opt/bitnami/airflow/venv/lib/python3.12/site-packages/airflow/example_dags/tutorial_taskflow_api_virtualenv.py
[2024-12-13T11:57:39.063+0000] {processor.py:925} INFO - DAG(s) 'tutorial_taskflow_api_virtualenv' retrieved from /opt/bitnami/airflow/venv/lib/python3.12/site-packages/airflow/example_dags/tutorial_taskflow_api_virtualenv.py
[2024-12-13T11:57:39.133+0000] {logging_mixin.py:190} INFO - [2024-12-13T11:57:39.133+0000] {dag.py:3239} INFO - Sync 1 DAGs
[2024-12-13T11:57:39.176+0000] {logging_mixin.py:190} INFO - [2024-12-13T11:57:39.175+0000] {dag.py:4180} INFO - Setting next_dagrun for tutorial_taskflow_api_virtualenv to None, run_after=None
[2024-12-13T11:57:39.227+0000] {processor.py:208} INFO - Processing /opt/bitnami/airflow/venv/lib/python3.12/site-packages/airflow/example_dags/tutorial_taskflow_api_virtualenv.py took 0.201 seconds
[2024-12-13T11:58:33.434+0000] {processor.py:186} INFO - Started process (PID=60) to work on /opt/bitnami/airflow/venv/lib/python3.12/site-packages/airflow/example_dags/tutorial_taskflow_api_virtualenv.py
[2024-12-13T11:58:33.435+0000] {processor.py:914} INFO - Processing file /opt/bitnami/airflow/venv/lib/python3.12/site-packages/airflow/example_dags/tutorial_taskflow_api_virtualenv.py for tasks to queue
[2024-12-13T11:58:33.437+0000] {logging_mixin.py:190} INFO - [2024-12-13T11:58:33.437+0000] {dagbag.py:588} INFO - Filling up the DagBag from /opt/bitnami/airflow/venv/lib/python3.12/site-packages/airflow/example_dags/tutorial_taskflow_api_virtualenv.py
[2024-12-13T11:58:33.445+0000] {processor.py:925} INFO - DAG(s) 'tutorial_taskflow_api_virtualenv' retrieved from /opt/bitnami/airflow/venv/lib/python3.12/site-packages/airflow/example_dags/tutorial_taskflow_api_virtualenv.py
[2024-12-13T11:58:33.517+0000] {logging_mixin.py:190} INFO - [2024-12-13T11:58:33.517+0000] {dag.py:3239} INFO - Sync 1 DAGs
[2024-12-13T11:58:33.534+0000] {logging_mixin.py:190} INFO - [2024-12-13T11:58:33.534+0000] {dag.py:4180} INFO - Setting next_dagrun for tutorial_taskflow_api_virtualenv to None, run_after=None
[2024-12-13T11:58:33.553+0000] {processor.py:208} INFO - Processing /opt/bitnami/airflow/venv/lib/python3.12/site-packages/airflow/example_dags/tutorial_taskflow_api_virtualenv.py took 0.124 seconds
[2024-12-13T11:59:04.587+0000] {processor.py:186} INFO - Started process (PID=117) to work on /opt/bitnami/airflow/venv/lib/python3.12/site-packages/airflow/example_dags/tutorial_taskflow_api_virtualenv.py
[2024-12-13T11:59:04.588+0000] {processor.py:914} INFO - Processing file /opt/bitnami/airflow/venv/lib/python3.12/site-packages/airflow/example_dags/tutorial_taskflow_api_virtualenv.py for tasks to queue
[2024-12-13T11:59:04.592+0000] {logging_mixin.py:190} INFO - [2024-12-13T11:59:04.592+0000] {dagbag.py:588} INFO - Filling up the DagBag from /opt/bitnami/airflow/venv/lib/python3.12/site-packages/airflow/example_dags/tutorial_taskflow_api_virtualenv.py
[2024-12-13T11:59:04.602+0000] {processor.py:925} INFO - DAG(s) 'tutorial_taskflow_api_virtualenv' retrieved from /opt/bitnami/airflow/venv/lib/python3.12/site-packages/airflow/example_dags/tutorial_taskflow_api_virtualenv.py
[2024-12-13T11:59:04.642+0000] {logging_mixin.py:190} INFO - [2024-12-13T11:59:04.642+0000] {dag.py:3239} INFO - Sync 1 DAGs
[2024-12-13T11:59:04.671+0000] {logging_mixin.py:190} INFO - [2024-12-13T11:59:04.671+0000] {dag.py:4180} INFO - Setting next_dagrun for tutorial_taskflow_api_virtualenv to None, run_after=None
[2024-12-13T11:59:04.702+0000] {processor.py:208} INFO - Processing /opt/bitnami/airflow/venv/lib/python3.12/site-packages/airflow/example_dags/tutorial_taskflow_api_virtualenv.py took 0.122 seconds
[2024-12-13T11:59:35.193+0000] {processor.py:186} INFO - Started process (PID=174) to work on /opt/bitnami/airflow/venv/lib/python3.12/site-packages/airflow/example_dags/tutorial_taskflow_api_virtualenv.py
[2024-12-13T11:59:35.194+0000] {processor.py:914} INFO - Processing file /opt/bitnami/airflow/venv/lib/python3.12/site-packages/airflow/example_dags/tutorial_taskflow_api_virtualenv.py for tasks to queue
[2024-12-13T11:59:35.196+0000] {logging_mixin.py:190} INFO - [2024-12-13T11:59:35.196+0000] {dagbag.py:588} INFO - Filling up the DagBag from /opt/bitnami/airflow/venv/lib/python3.12/site-packages/airflow/example_dags/tutorial_taskflow_api_virtualenv.py
[2024-12-13T11:59:35.205+0000] {processor.py:925} INFO - DAG(s) 'tutorial_taskflow_api_virtualenv' retrieved from /opt/bitnami/airflow/venv/lib/python3.12/site-packages/airflow/example_dags/tutorial_taskflow_api_virtualenv.py
[2024-12-13T11:59:35.284+0000] {logging_mixin.py:190} INFO - [2024-12-13T11:59:35.284+0000] {dag.py:3239} INFO - Sync 1 DAGs
[2024-12-13T11:59:35.301+0000] {logging_mixin.py:190} INFO - [2024-12-13T11:59:35.300+0000] {dag.py:4180} INFO - Setting next_dagrun for tutorial_taskflow_api_virtualenv to None, run_after=None
[2024-12-13T11:59:35.322+0000] {processor.py:208} INFO - Processing /opt/bitnami/airflow/venv/lib/python3.12/site-packages/airflow/example_dags/tutorial_taskflow_api_virtualenv.py took 0.134 seconds
[2024-12-13T12:00:05.913+0000] {processor.py:186} INFO - Started process (PID=231) to work on /opt/bitnami/airflow/venv/lib/python3.12/site-packages/airflow/example_dags/tutorial_taskflow_api_virtualenv.py
[2024-12-13T12:00:05.914+0000] {processor.py:914} INFO - Processing file /opt/bitnami/airflow/venv/lib/python3.12/site-packages/airflow/example_dags/tutorial_taskflow_api_virtualenv.py for tasks to queue
[2024-12-13T12:00:05.916+0000] {logging_mixin.py:190} INFO - [2024-12-13T12:00:05.915+0000] {dagbag.py:588} INFO - Filling up the DagBag from /opt/bitnami/airflow/venv/lib/python3.12/site-packages/airflow/example_dags/tutorial_taskflow_api_virtualenv.py
[2024-12-13T12:00:05.924+0000] {processor.py:925} INFO - DAG(s) 'tutorial_taskflow_api_virtualenv' retrieved from /opt/bitnami/airflow/venv/lib/python3.12/site-packages/airflow/example_dags/tutorial_taskflow_api_virtualenv.py
[2024-12-13T12:00:05.956+0000] {logging_mixin.py:190} INFO - [2024-12-13T12:00:05.955+0000] {dag.py:3239} INFO - Sync 1 DAGs
[2024-12-13T12:00:05.975+0000] {logging_mixin.py:190} INFO - [2024-12-13T12:00:05.975+0000] {dag.py:4180} INFO - Setting next_dagrun for tutorial_taskflow_api_virtualenv to None, run_after=None
[2024-12-13T12:00:05.994+0000] {processor.py:208} INFO - Processing /opt/bitnami/airflow/venv/lib/python3.12/site-packages/airflow/example_dags/tutorial_taskflow_api_virtualenv.py took 0.087 seconds
[2024-12-13T12:00:36.061+0000] {processor.py:186} INFO - Started process (PID=288) to work on /opt/bitnami/airflow/venv/lib/python3.12/site-packages/airflow/example_dags/tutorial_taskflow_api_virtualenv.py
[2024-12-13T12:00:36.061+0000] {processor.py:914} INFO - Processing file /opt/bitnami/airflow/venv/lib/python3.12/site-packages/airflow/example_dags/tutorial_taskflow_api_virtualenv.py for tasks to queue
[2024-12-13T12:00:36.063+0000] {logging_mixin.py:190} INFO - [2024-12-13T12:00:36.063+0000] {dagbag.py:588} INFO - Filling up the DagBag from /opt/bitnami/airflow/venv/lib/python3.12/site-packages/airflow/example_dags/tutorial_taskflow_api_virtualenv.py
[2024-12-13T12:00:36.072+0000] {processor.py:925} INFO - DAG(s) 'tutorial_taskflow_api_virtualenv' retrieved from /opt/bitnami/airflow/venv/lib/python3.12/site-packages/airflow/example_dags/tutorial_taskflow_api_virtualenv.py
[2024-12-13T12:00:36.103+0000] {logging_mixin.py:190} INFO - [2024-12-13T12:00:36.103+0000] {dag.py:3239} INFO - Sync 1 DAGs
[2024-12-13T12:00:36.119+0000] {logging_mixin.py:190} INFO - [2024-12-13T12:00:36.119+0000] {dag.py:4180} INFO - Setting next_dagrun for tutorial_taskflow_api_virtualenv to None, run_after=None
[2024-12-13T12:00:36.138+0000] {processor.py:208} INFO - Processing /opt/bitnami/airflow/venv/lib/python3.12/site-packages/airflow/example_dags/tutorial_taskflow_api_virtualenv.py took 0.083 seconds
[2024-12-13T12:01:06.776+0000] {processor.py:186} INFO - Started process (PID=345) to work on /opt/bitnami/airflow/venv/lib/python3.12/site-packages/airflow/example_dags/tutorial_taskflow_api_virtualenv.py
[2024-12-13T12:01:06.777+0000] {processor.py:914} INFO - Processing file /opt/bitnami/airflow/venv/lib/python3.12/site-packages/airflow/example_dags/tutorial_taskflow_api_virtualenv.py for tasks to queue
[2024-12-13T12:01:06.779+0000] {logging_mixin.py:190} INFO - [2024-12-13T12:01:06.779+0000] {dagbag.py:588} INFO - Filling up the DagBag from /opt/bitnami/airflow/venv/lib/python3.12/site-packages/airflow/example_dags/tutorial_taskflow_api_virtualenv.py
[2024-12-13T12:01:06.789+0000] {processor.py:925} INFO - DAG(s) 'tutorial_taskflow_api_virtualenv' retrieved from /opt/bitnami/airflow/venv/lib/python3.12/site-packages/airflow/example_dags/tutorial_taskflow_api_virtualenv.py
[2024-12-13T12:01:06.819+0000] {logging_mixin.py:190} INFO - [2024-12-13T12:01:06.818+0000] {dag.py:3239} INFO - Sync 1 DAGs
[2024-12-13T12:01:06.836+0000] {logging_mixin.py:190} INFO - [2024-12-13T12:01:06.836+0000] {dag.py:4180} INFO - Setting next_dagrun for tutorial_taskflow_api_virtualenv to None, run_after=None
[2024-12-13T12:01:06.853+0000] {processor.py:208} INFO - Processing /opt/bitnami/airflow/venv/lib/python3.12/site-packages/airflow/example_dags/tutorial_taskflow_api_virtualenv.py took 0.082 seconds
[2024-12-13T12:01:37.577+0000] {processor.py:186} INFO - Started process (PID=402) to work on /opt/bitnami/airflow/venv/lib/python3.12/site-packages/airflow/example_dags/tutorial_taskflow_api_virtualenv.py
[2024-12-13T12:01:37.578+0000] {processor.py:914} INFO - Processing file /opt/bitnami/airflow/venv/lib/python3.12/site-packages/airflow/example_dags/tutorial_taskflow_api_virtualenv.py for tasks to queue
[2024-12-13T12:01:37.580+0000] {logging_mixin.py:190} INFO - [2024-12-13T12:01:37.579+0000] {dagbag.py:588} INFO - Filling up the DagBag from /opt/bitnami/airflow/venv/lib/python3.12/site-packages/airflow/example_dags/tutorial_taskflow_api_virtualenv.py
[2024-12-13T12:01:37.589+0000] {processor.py:925} INFO - DAG(s) 'tutorial_taskflow_api_virtualenv' retrieved from /opt/bitnami/airflow/venv/lib/python3.12/site-packages/airflow/example_dags/tutorial_taskflow_api_virtualenv.py
[2024-12-13T12:01:37.625+0000] {logging_mixin.py:190} INFO - [2024-12-13T12:01:37.625+0000] {dag.py:3239} INFO - Sync 1 DAGs
[2024-12-13T12:01:37.649+0000] {logging_mixin.py:190} INFO - [2024-12-13T12:01:37.649+0000] {dag.py:4180} INFO - Setting next_dagrun for tutorial_taskflow_api_virtualenv to None, run_after=None
[2024-12-13T12:01:37.677+0000] {processor.py:208} INFO - Processing /opt/bitnami/airflow/venv/lib/python3.12/site-packages/airflow/example_dags/tutorial_taskflow_api_virtualenv.py took 0.106 seconds
[2024-12-13T12:02:08.780+0000] {processor.py:186} INFO - Started process (PID=459) to work on /opt/bitnami/airflow/venv/lib/python3.12/site-packages/airflow/example_dags/tutorial_taskflow_api_virtualenv.py
[2024-12-13T12:02:08.782+0000] {processor.py:914} INFO - Processing file /opt/bitnami/airflow/venv/lib/python3.12/site-packages/airflow/example_dags/tutorial_taskflow_api_virtualenv.py for tasks to queue
[2024-12-13T12:02:08.784+0000] {logging_mixin.py:190} INFO - [2024-12-13T12:02:08.783+0000] {dagbag.py:588} INFO - Filling up the DagBag from /opt/bitnami/airflow/venv/lib/python3.12/site-packages/airflow/example_dags/tutorial_taskflow_api_virtualenv.py
[2024-12-13T12:02:08.798+0000] {processor.py:925} INFO - DAG(s) 'tutorial_taskflow_api_virtualenv' retrieved from /opt/bitnami/airflow/venv/lib/python3.12/site-packages/airflow/example_dags/tutorial_taskflow_api_virtualenv.py
[2024-12-13T12:02:08.842+0000] {logging_mixin.py:190} INFO - [2024-12-13T12:02:08.841+0000] {dag.py:3239} INFO - Sync 1 DAGs
[2024-12-13T12:02:08.865+0000] {logging_mixin.py:190} INFO - [2024-12-13T12:02:08.864+0000] {dag.py:4180} INFO - Setting next_dagrun for tutorial_taskflow_api_virtualenv to None, run_after=None
[2024-12-13T12:02:08.903+0000] {processor.py:208} INFO - Processing /opt/bitnami/airflow/venv/lib/python3.12/site-packages/airflow/example_dags/tutorial_taskflow_api_virtualenv.py took 0.128 seconds
