[2024-12-13T08:19:42.828+0000] {processor.py:186} INFO - Started process (PID=45) to work on /opt/bitnami/airflow/venv/lib/python3.12/site-packages/airflow/example_dags/tutorial_objectstorage.py
[2024-12-13T08:19:42.829+0000] {processor.py:914} INFO - Processing file /opt/bitnami/airflow/venv/lib/python3.12/site-packages/airflow/example_dags/tutorial_objectstorage.py for tasks to queue
[2024-12-13T08:19:42.831+0000] {logging_mixin.py:190} INFO - [2024-12-13T08:19:42.831+0000] {dagbag.py:588} INFO - Filling up the DagBag from /opt/bitnami/airflow/venv/lib/python3.12/site-packages/airflow/example_dags/tutorial_objectstorage.py
[2024-12-13T08:19:42.839+0000] {processor.py:925} INFO - DAG(s) 'tutorial_objectstorage' retrieved from /opt/bitnami/airflow/venv/lib/python3.12/site-packages/airflow/example_dags/tutorial_objectstorage.py
[2024-12-13T08:19:42.886+0000] {logging_mixin.py:190} INFO - [2024-12-13T08:19:42.886+0000] {dag.py:3239} INFO - Sync 1 DAGs
[2024-12-13T08:19:42.909+0000] {logging_mixin.py:190} INFO - [2024-12-13T08:19:42.909+0000] {dag.py:4180} INFO - Setting next_dagrun for tutorial_objectstorage to None, run_after=None
[2024-12-13T08:19:42.930+0000] {processor.py:208} INFO - Processing /opt/bitnami/airflow/venv/lib/python3.12/site-packages/airflow/example_dags/tutorial_objectstorage.py took 0.107 seconds
[2024-12-13T08:20:13.591+0000] {processor.py:186} INFO - Started process (PID=102) to work on /opt/bitnami/airflow/venv/lib/python3.12/site-packages/airflow/example_dags/tutorial_objectstorage.py
[2024-12-13T08:20:13.592+0000] {processor.py:914} INFO - Processing file /opt/bitnami/airflow/venv/lib/python3.12/site-packages/airflow/example_dags/tutorial_objectstorage.py for tasks to queue
[2024-12-13T08:20:13.594+0000] {logging_mixin.py:190} INFO - [2024-12-13T08:20:13.594+0000] {dagbag.py:588} INFO - Filling up the DagBag from /opt/bitnami/airflow/venv/lib/python3.12/site-packages/airflow/example_dags/tutorial_objectstorage.py
[2024-12-13T08:20:13.602+0000] {processor.py:925} INFO - DAG(s) 'tutorial_objectstorage' retrieved from /opt/bitnami/airflow/venv/lib/python3.12/site-packages/airflow/example_dags/tutorial_objectstorage.py
[2024-12-13T08:20:13.639+0000] {logging_mixin.py:190} INFO - [2024-12-13T08:20:13.639+0000] {dag.py:3239} INFO - Sync 1 DAGs
[2024-12-13T08:20:13.660+0000] {logging_mixin.py:190} INFO - [2024-12-13T08:20:13.660+0000] {dag.py:4180} INFO - Setting next_dagrun for tutorial_objectstorage to None, run_after=None
[2024-12-13T08:20:13.683+0000] {processor.py:208} INFO - Processing /opt/bitnami/airflow/venv/lib/python3.12/site-packages/airflow/example_dags/tutorial_objectstorage.py took 0.097 seconds
[2024-12-13T08:20:43.763+0000] {processor.py:186} INFO - Started process (PID=159) to work on /opt/bitnami/airflow/venv/lib/python3.12/site-packages/airflow/example_dags/tutorial_objectstorage.py
[2024-12-13T08:20:43.764+0000] {processor.py:914} INFO - Processing file /opt/bitnami/airflow/venv/lib/python3.12/site-packages/airflow/example_dags/tutorial_objectstorage.py for tasks to queue
[2024-12-13T08:20:43.767+0000] {logging_mixin.py:190} INFO - [2024-12-13T08:20:43.766+0000] {dagbag.py:588} INFO - Filling up the DagBag from /opt/bitnami/airflow/venv/lib/python3.12/site-packages/airflow/example_dags/tutorial_objectstorage.py
[2024-12-13T08:20:43.773+0000] {processor.py:925} INFO - DAG(s) 'tutorial_objectstorage' retrieved from /opt/bitnami/airflow/venv/lib/python3.12/site-packages/airflow/example_dags/tutorial_objectstorage.py
[2024-12-13T08:20:43.811+0000] {logging_mixin.py:190} INFO - [2024-12-13T08:20:43.810+0000] {dag.py:3239} INFO - Sync 1 DAGs
[2024-12-13T08:20:43.831+0000] {logging_mixin.py:190} INFO - [2024-12-13T08:20:43.831+0000] {dag.py:4180} INFO - Setting next_dagrun for tutorial_objectstorage to None, run_after=None
[2024-12-13T08:20:43.851+0000] {processor.py:208} INFO - Processing /opt/bitnami/airflow/venv/lib/python3.12/site-packages/airflow/example_dags/tutorial_objectstorage.py took 0.092 seconds
[2024-12-13T08:21:14.257+0000] {processor.py:186} INFO - Started process (PID=216) to work on /opt/bitnami/airflow/venv/lib/python3.12/site-packages/airflow/example_dags/tutorial_objectstorage.py
[2024-12-13T08:21:14.259+0000] {processor.py:914} INFO - Processing file /opt/bitnami/airflow/venv/lib/python3.12/site-packages/airflow/example_dags/tutorial_objectstorage.py for tasks to queue
[2024-12-13T08:21:14.262+0000] {logging_mixin.py:190} INFO - [2024-12-13T08:21:14.261+0000] {dagbag.py:588} INFO - Filling up the DagBag from /opt/bitnami/airflow/venv/lib/python3.12/site-packages/airflow/example_dags/tutorial_objectstorage.py
[2024-12-13T08:21:14.268+0000] {processor.py:925} INFO - DAG(s) 'tutorial_objectstorage' retrieved from /opt/bitnami/airflow/venv/lib/python3.12/site-packages/airflow/example_dags/tutorial_objectstorage.py
[2024-12-13T08:21:14.357+0000] {logging_mixin.py:190} INFO - [2024-12-13T08:21:14.356+0000] {dag.py:3239} INFO - Sync 1 DAGs
[2024-12-13T08:21:14.380+0000] {logging_mixin.py:190} INFO - [2024-12-13T08:21:14.380+0000] {dag.py:4180} INFO - Setting next_dagrun for tutorial_objectstorage to None, run_after=None
[2024-12-13T08:21:14.405+0000] {processor.py:208} INFO - Processing /opt/bitnami/airflow/venv/lib/python3.12/site-packages/airflow/example_dags/tutorial_objectstorage.py took 0.152 seconds
[2024-12-13T08:21:45.458+0000] {processor.py:186} INFO - Started process (PID=273) to work on /opt/bitnami/airflow/venv/lib/python3.12/site-packages/airflow/example_dags/tutorial_objectstorage.py
[2024-12-13T08:21:45.459+0000] {processor.py:914} INFO - Processing file /opt/bitnami/airflow/venv/lib/python3.12/site-packages/airflow/example_dags/tutorial_objectstorage.py for tasks to queue
[2024-12-13T08:21:45.462+0000] {logging_mixin.py:190} INFO - [2024-12-13T08:21:45.461+0000] {dagbag.py:588} INFO - Filling up the DagBag from /opt/bitnami/airflow/venv/lib/python3.12/site-packages/airflow/example_dags/tutorial_objectstorage.py
[2024-12-13T08:21:45.472+0000] {processor.py:925} INFO - DAG(s) 'tutorial_objectstorage' retrieved from /opt/bitnami/airflow/venv/lib/python3.12/site-packages/airflow/example_dags/tutorial_objectstorage.py
[2024-12-13T08:21:45.522+0000] {logging_mixin.py:190} INFO - [2024-12-13T08:21:45.522+0000] {dag.py:3239} INFO - Sync 1 DAGs
[2024-12-13T08:21:45.545+0000] {logging_mixin.py:190} INFO - [2024-12-13T08:21:45.545+0000] {dag.py:4180} INFO - Setting next_dagrun for tutorial_objectstorage to None, run_after=None
[2024-12-13T08:21:45.580+0000] {processor.py:208} INFO - Processing /opt/bitnami/airflow/venv/lib/python3.12/site-packages/airflow/example_dags/tutorial_objectstorage.py took 0.129 seconds
[2024-12-13T08:22:16.303+0000] {processor.py:186} INFO - Started process (PID=330) to work on /opt/bitnami/airflow/venv/lib/python3.12/site-packages/airflow/example_dags/tutorial_objectstorage.py
[2024-12-13T08:22:16.305+0000] {processor.py:914} INFO - Processing file /opt/bitnami/airflow/venv/lib/python3.12/site-packages/airflow/example_dags/tutorial_objectstorage.py for tasks to queue
[2024-12-13T08:22:16.307+0000] {logging_mixin.py:190} INFO - [2024-12-13T08:22:16.307+0000] {dagbag.py:588} INFO - Filling up the DagBag from /opt/bitnami/airflow/venv/lib/python3.12/site-packages/airflow/example_dags/tutorial_objectstorage.py
[2024-12-13T08:22:16.315+0000] {processor.py:925} INFO - DAG(s) 'tutorial_objectstorage' retrieved from /opt/bitnami/airflow/venv/lib/python3.12/site-packages/airflow/example_dags/tutorial_objectstorage.py
[2024-12-13T08:22:16.356+0000] {logging_mixin.py:190} INFO - [2024-12-13T08:22:16.356+0000] {dag.py:3239} INFO - Sync 1 DAGs
[2024-12-13T08:22:16.377+0000] {logging_mixin.py:190} INFO - [2024-12-13T08:22:16.377+0000] {dag.py:4180} INFO - Setting next_dagrun for tutorial_objectstorage to None, run_after=None
[2024-12-13T08:22:16.405+0000] {processor.py:208} INFO - Processing /opt/bitnami/airflow/venv/lib/python3.12/site-packages/airflow/example_dags/tutorial_objectstorage.py took 0.108 seconds
[2024-12-13T08:22:47.381+0000] {processor.py:186} INFO - Started process (PID=387) to work on /opt/bitnami/airflow/venv/lib/python3.12/site-packages/airflow/example_dags/tutorial_objectstorage.py
[2024-12-13T08:22:47.382+0000] {processor.py:914} INFO - Processing file /opt/bitnami/airflow/venv/lib/python3.12/site-packages/airflow/example_dags/tutorial_objectstorage.py for tasks to queue
[2024-12-13T08:22:47.384+0000] {logging_mixin.py:190} INFO - [2024-12-13T08:22:47.384+0000] {dagbag.py:588} INFO - Filling up the DagBag from /opt/bitnami/airflow/venv/lib/python3.12/site-packages/airflow/example_dags/tutorial_objectstorage.py
[2024-12-13T08:22:47.390+0000] {processor.py:925} INFO - DAG(s) 'tutorial_objectstorage' retrieved from /opt/bitnami/airflow/venv/lib/python3.12/site-packages/airflow/example_dags/tutorial_objectstorage.py
[2024-12-13T08:22:47.419+0000] {logging_mixin.py:190} INFO - [2024-12-13T08:22:47.419+0000] {dag.py:3239} INFO - Sync 1 DAGs
[2024-12-13T08:22:47.435+0000] {logging_mixin.py:190} INFO - [2024-12-13T08:22:47.435+0000] {dag.py:4180} INFO - Setting next_dagrun for tutorial_objectstorage to None, run_after=None
[2024-12-13T08:22:47.453+0000] {processor.py:208} INFO - Processing /opt/bitnami/airflow/venv/lib/python3.12/site-packages/airflow/example_dags/tutorial_objectstorage.py took 0.077 seconds
[2024-12-13T08:25:43.969+0000] {processor.py:186} INFO - Started process (PID=45) to work on /opt/bitnami/airflow/venv/lib/python3.12/site-packages/airflow/example_dags/tutorial_objectstorage.py
[2024-12-13T08:25:43.970+0000] {processor.py:914} INFO - Processing file /opt/bitnami/airflow/venv/lib/python3.12/site-packages/airflow/example_dags/tutorial_objectstorage.py for tasks to queue
[2024-12-13T08:25:43.972+0000] {logging_mixin.py:190} INFO - [2024-12-13T08:25:43.972+0000] {dagbag.py:588} INFO - Filling up the DagBag from /opt/bitnami/airflow/venv/lib/python3.12/site-packages/airflow/example_dags/tutorial_objectstorage.py
[2024-12-13T08:25:43.983+0000] {processor.py:925} INFO - DAG(s) 'tutorial_objectstorage' retrieved from /opt/bitnami/airflow/venv/lib/python3.12/site-packages/airflow/example_dags/tutorial_objectstorage.py
[2024-12-13T08:25:44.044+0000] {logging_mixin.py:190} INFO - [2024-12-13T08:25:44.044+0000] {dag.py:3239} INFO - Sync 1 DAGs
[2024-12-13T08:25:44.074+0000] {logging_mixin.py:190} INFO - [2024-12-13T08:25:44.073+0000] {dag.py:4180} INFO - Setting next_dagrun for tutorial_objectstorage to None, run_after=None
[2024-12-13T08:25:44.099+0000] {processor.py:208} INFO - Processing /opt/bitnami/airflow/venv/lib/python3.12/site-packages/airflow/example_dags/tutorial_objectstorage.py took 0.135 seconds
[2024-12-13T08:26:14.835+0000] {processor.py:186} INFO - Started process (PID=102) to work on /opt/bitnami/airflow/venv/lib/python3.12/site-packages/airflow/example_dags/tutorial_objectstorage.py
[2024-12-13T08:26:14.836+0000] {processor.py:914} INFO - Processing file /opt/bitnami/airflow/venv/lib/python3.12/site-packages/airflow/example_dags/tutorial_objectstorage.py for tasks to queue
[2024-12-13T08:26:14.838+0000] {logging_mixin.py:190} INFO - [2024-12-13T08:26:14.838+0000] {dagbag.py:588} INFO - Filling up the DagBag from /opt/bitnami/airflow/venv/lib/python3.12/site-packages/airflow/example_dags/tutorial_objectstorage.py
[2024-12-13T08:26:14.843+0000] {processor.py:925} INFO - DAG(s) 'tutorial_objectstorage' retrieved from /opt/bitnami/airflow/venv/lib/python3.12/site-packages/airflow/example_dags/tutorial_objectstorage.py
[2024-12-13T08:26:14.870+0000] {logging_mixin.py:190} INFO - [2024-12-13T08:26:14.870+0000] {dag.py:3239} INFO - Sync 1 DAGs
[2024-12-13T08:26:14.888+0000] {logging_mixin.py:190} INFO - [2024-12-13T08:26:14.888+0000] {dag.py:4180} INFO - Setting next_dagrun for tutorial_objectstorage to None, run_after=None
[2024-12-13T08:26:14.907+0000] {processor.py:208} INFO - Processing /opt/bitnami/airflow/venv/lib/python3.12/site-packages/airflow/example_dags/tutorial_objectstorage.py took 0.076 seconds
[2024-12-13T08:26:45.697+0000] {processor.py:186} INFO - Started process (PID=159) to work on /opt/bitnami/airflow/venv/lib/python3.12/site-packages/airflow/example_dags/tutorial_objectstorage.py
[2024-12-13T08:26:45.698+0000] {processor.py:914} INFO - Processing file /opt/bitnami/airflow/venv/lib/python3.12/site-packages/airflow/example_dags/tutorial_objectstorage.py for tasks to queue
[2024-12-13T08:26:45.700+0000] {logging_mixin.py:190} INFO - [2024-12-13T08:26:45.700+0000] {dagbag.py:588} INFO - Filling up the DagBag from /opt/bitnami/airflow/venv/lib/python3.12/site-packages/airflow/example_dags/tutorial_objectstorage.py
[2024-12-13T08:26:45.707+0000] {processor.py:925} INFO - DAG(s) 'tutorial_objectstorage' retrieved from /opt/bitnami/airflow/venv/lib/python3.12/site-packages/airflow/example_dags/tutorial_objectstorage.py
[2024-12-13T08:26:45.808+0000] {logging_mixin.py:190} INFO - [2024-12-13T08:26:45.808+0000] {dag.py:3239} INFO - Sync 1 DAGs
[2024-12-13T08:26:45.830+0000] {logging_mixin.py:190} INFO - [2024-12-13T08:26:45.830+0000] {dag.py:4180} INFO - Setting next_dagrun for tutorial_objectstorage to None, run_after=None
[2024-12-13T08:26:45.854+0000] {processor.py:208} INFO - Processing /opt/bitnami/airflow/venv/lib/python3.12/site-packages/airflow/example_dags/tutorial_objectstorage.py took 0.162 seconds
[2024-12-13T08:27:15.901+0000] {processor.py:186} INFO - Started process (PID=216) to work on /opt/bitnami/airflow/venv/lib/python3.12/site-packages/airflow/example_dags/tutorial_objectstorage.py
[2024-12-13T08:27:15.902+0000] {processor.py:914} INFO - Processing file /opt/bitnami/airflow/venv/lib/python3.12/site-packages/airflow/example_dags/tutorial_objectstorage.py for tasks to queue
[2024-12-13T08:27:15.903+0000] {logging_mixin.py:190} INFO - [2024-12-13T08:27:15.903+0000] {dagbag.py:588} INFO - Filling up the DagBag from /opt/bitnami/airflow/venv/lib/python3.12/site-packages/airflow/example_dags/tutorial_objectstorage.py
[2024-12-13T08:27:15.909+0000] {processor.py:925} INFO - DAG(s) 'tutorial_objectstorage' retrieved from /opt/bitnami/airflow/venv/lib/python3.12/site-packages/airflow/example_dags/tutorial_objectstorage.py
[2024-12-13T08:27:15.937+0000] {logging_mixin.py:190} INFO - [2024-12-13T08:27:15.936+0000] {dag.py:3239} INFO - Sync 1 DAGs
[2024-12-13T08:27:15.953+0000] {logging_mixin.py:190} INFO - [2024-12-13T08:27:15.953+0000] {dag.py:4180} INFO - Setting next_dagrun for tutorial_objectstorage to None, run_after=None
[2024-12-13T08:27:15.971+0000] {processor.py:208} INFO - Processing /opt/bitnami/airflow/venv/lib/python3.12/site-packages/airflow/example_dags/tutorial_objectstorage.py took 0.075 seconds
[2024-12-13T10:42:34.181+0000] {processor.py:186} INFO - Started process (PID=45) to work on /opt/bitnami/airflow/venv/lib/python3.12/site-packages/airflow/example_dags/tutorial_objectstorage.py
[2024-12-13T10:42:34.183+0000] {processor.py:914} INFO - Processing file /opt/bitnami/airflow/venv/lib/python3.12/site-packages/airflow/example_dags/tutorial_objectstorage.py for tasks to queue
[2024-12-13T10:42:34.185+0000] {logging_mixin.py:190} INFO - [2024-12-13T10:42:34.185+0000] {dagbag.py:588} INFO - Filling up the DagBag from /opt/bitnami/airflow/venv/lib/python3.12/site-packages/airflow/example_dags/tutorial_objectstorage.py
[2024-12-13T10:42:34.193+0000] {processor.py:925} INFO - DAG(s) 'tutorial_objectstorage' retrieved from /opt/bitnami/airflow/venv/lib/python3.12/site-packages/airflow/example_dags/tutorial_objectstorage.py
[2024-12-13T10:42:34.357+0000] {logging_mixin.py:190} INFO - [2024-12-13T10:42:34.355+0000] {override.py:1900} INFO - Created Permission View: can read on DAG:tutorial_objectstorage
[2024-12-13T10:42:34.378+0000] {logging_mixin.py:190} INFO - [2024-12-13T10:42:34.378+0000] {override.py:1900} INFO - Created Permission View: can delete on DAG:tutorial_objectstorage
[2024-12-13T10:42:34.385+0000] {logging_mixin.py:190} INFO - [2024-12-13T10:42:34.385+0000] {override.py:1900} INFO - Created Permission View: can edit on DAG:tutorial_objectstorage
[2024-12-13T10:42:34.394+0000] {logging_mixin.py:190} INFO - [2024-12-13T10:42:34.394+0000] {override.py:1900} INFO - Created Permission View: can delete on DAG Run:tutorial_objectstorage
[2024-12-13T10:42:34.402+0000] {logging_mixin.py:190} INFO - [2024-12-13T10:42:34.401+0000] {override.py:1900} INFO - Created Permission View: can read on DAG Run:tutorial_objectstorage
[2024-12-13T10:42:34.413+0000] {logging_mixin.py:190} INFO - [2024-12-13T10:42:34.412+0000] {override.py:1900} INFO - Created Permission View: can create on DAG Run:tutorial_objectstorage
[2024-12-13T10:42:34.424+0000] {logging_mixin.py:190} INFO - [2024-12-13T10:42:34.423+0000] {override.py:1900} INFO - Created Permission View: menu access on DAG Run:tutorial_objectstorage
[2024-12-13T10:42:34.425+0000] {logging_mixin.py:190} INFO - [2024-12-13T10:42:34.424+0000] {dag.py:3239} INFO - Sync 1 DAGs
[2024-12-13T10:42:34.470+0000] {logging_mixin.py:190} INFO - [2024-12-13T10:42:34.470+0000] {dag.py:3262} INFO - Creating ORM DAG for tutorial_objectstorage
[2024-12-13T10:42:34.472+0000] {logging_mixin.py:190} INFO - [2024-12-13T10:42:34.472+0000] {dag.py:4180} INFO - Setting next_dagrun for tutorial_objectstorage to None, run_after=None
[2024-12-13T10:42:34.510+0000] {processor.py:208} INFO - Processing /opt/bitnami/airflow/venv/lib/python3.12/site-packages/airflow/example_dags/tutorial_objectstorage.py took 0.334 seconds
[2024-12-13T10:43:05.013+0000] {processor.py:186} INFO - Started process (PID=102) to work on /opt/bitnami/airflow/venv/lib/python3.12/site-packages/airflow/example_dags/tutorial_objectstorage.py
[2024-12-13T10:43:05.014+0000] {processor.py:914} INFO - Processing file /opt/bitnami/airflow/venv/lib/python3.12/site-packages/airflow/example_dags/tutorial_objectstorage.py for tasks to queue
[2024-12-13T10:43:05.017+0000] {logging_mixin.py:190} INFO - [2024-12-13T10:43:05.016+0000] {dagbag.py:588} INFO - Filling up the DagBag from /opt/bitnami/airflow/venv/lib/python3.12/site-packages/airflow/example_dags/tutorial_objectstorage.py
[2024-12-13T10:43:05.023+0000] {processor.py:925} INFO - DAG(s) 'tutorial_objectstorage' retrieved from /opt/bitnami/airflow/venv/lib/python3.12/site-packages/airflow/example_dags/tutorial_objectstorage.py
[2024-12-13T10:43:05.080+0000] {logging_mixin.py:190} INFO - [2024-12-13T10:43:05.079+0000] {dag.py:3239} INFO - Sync 1 DAGs
[2024-12-13T10:43:05.112+0000] {logging_mixin.py:190} INFO - [2024-12-13T10:43:05.111+0000] {dag.py:4180} INFO - Setting next_dagrun for tutorial_objectstorage to None, run_after=None
[2024-12-13T10:43:05.134+0000] {processor.py:208} INFO - Processing /opt/bitnami/airflow/venv/lib/python3.12/site-packages/airflow/example_dags/tutorial_objectstorage.py took 0.127 seconds
[2024-12-13T10:43:35.417+0000] {processor.py:186} INFO - Started process (PID=159) to work on /opt/bitnami/airflow/venv/lib/python3.12/site-packages/airflow/example_dags/tutorial_objectstorage.py
[2024-12-13T10:43:35.418+0000] {processor.py:914} INFO - Processing file /opt/bitnami/airflow/venv/lib/python3.12/site-packages/airflow/example_dags/tutorial_objectstorage.py for tasks to queue
[2024-12-13T10:43:35.421+0000] {logging_mixin.py:190} INFO - [2024-12-13T10:43:35.420+0000] {dagbag.py:588} INFO - Filling up the DagBag from /opt/bitnami/airflow/venv/lib/python3.12/site-packages/airflow/example_dags/tutorial_objectstorage.py
[2024-12-13T10:43:35.431+0000] {processor.py:925} INFO - DAG(s) 'tutorial_objectstorage' retrieved from /opt/bitnami/airflow/venv/lib/python3.12/site-packages/airflow/example_dags/tutorial_objectstorage.py
[2024-12-13T10:43:35.531+0000] {logging_mixin.py:190} INFO - [2024-12-13T10:43:35.530+0000] {dag.py:3239} INFO - Sync 1 DAGs
[2024-12-13T10:43:35.586+0000] {logging_mixin.py:190} INFO - [2024-12-13T10:43:35.585+0000] {dag.py:4180} INFO - Setting next_dagrun for tutorial_objectstorage to None, run_after=None
[2024-12-13T10:43:35.643+0000] {processor.py:208} INFO - Processing /opt/bitnami/airflow/venv/lib/python3.12/site-packages/airflow/example_dags/tutorial_objectstorage.py took 0.231 seconds
[2024-12-13T10:44:06.099+0000] {processor.py:186} INFO - Started process (PID=216) to work on /opt/bitnami/airflow/venv/lib/python3.12/site-packages/airflow/example_dags/tutorial_objectstorage.py
[2024-12-13T10:44:06.100+0000] {processor.py:914} INFO - Processing file /opt/bitnami/airflow/venv/lib/python3.12/site-packages/airflow/example_dags/tutorial_objectstorage.py for tasks to queue
[2024-12-13T10:44:06.104+0000] {logging_mixin.py:190} INFO - [2024-12-13T10:44:06.103+0000] {dagbag.py:588} INFO - Filling up the DagBag from /opt/bitnami/airflow/venv/lib/python3.12/site-packages/airflow/example_dags/tutorial_objectstorage.py
[2024-12-13T10:44:06.114+0000] {processor.py:925} INFO - DAG(s) 'tutorial_objectstorage' retrieved from /opt/bitnami/airflow/venv/lib/python3.12/site-packages/airflow/example_dags/tutorial_objectstorage.py
[2024-12-13T10:44:06.258+0000] {logging_mixin.py:190} INFO - [2024-12-13T10:44:06.257+0000] {dag.py:3239} INFO - Sync 1 DAGs
[2024-12-13T10:44:06.300+0000] {logging_mixin.py:190} INFO - [2024-12-13T10:44:06.300+0000] {dag.py:4180} INFO - Setting next_dagrun for tutorial_objectstorage to None, run_after=None
[2024-12-13T10:44:06.364+0000] {processor.py:208} INFO - Processing /opt/bitnami/airflow/venv/lib/python3.12/site-packages/airflow/example_dags/tutorial_objectstorage.py took 0.272 seconds
[2024-12-13T10:44:36.509+0000] {processor.py:186} INFO - Started process (PID=273) to work on /opt/bitnami/airflow/venv/lib/python3.12/site-packages/airflow/example_dags/tutorial_objectstorage.py
[2024-12-13T10:44:36.510+0000] {processor.py:914} INFO - Processing file /opt/bitnami/airflow/venv/lib/python3.12/site-packages/airflow/example_dags/tutorial_objectstorage.py for tasks to queue
[2024-12-13T10:44:36.512+0000] {logging_mixin.py:190} INFO - [2024-12-13T10:44:36.512+0000] {dagbag.py:588} INFO - Filling up the DagBag from /opt/bitnami/airflow/venv/lib/python3.12/site-packages/airflow/example_dags/tutorial_objectstorage.py
[2024-12-13T10:44:36.518+0000] {processor.py:925} INFO - DAG(s) 'tutorial_objectstorage' retrieved from /opt/bitnami/airflow/venv/lib/python3.12/site-packages/airflow/example_dags/tutorial_objectstorage.py
[2024-12-13T10:44:36.549+0000] {logging_mixin.py:190} INFO - [2024-12-13T10:44:36.548+0000] {dag.py:3239} INFO - Sync 1 DAGs
[2024-12-13T10:44:36.565+0000] {logging_mixin.py:190} INFO - [2024-12-13T10:44:36.565+0000] {dag.py:4180} INFO - Setting next_dagrun for tutorial_objectstorage to None, run_after=None
[2024-12-13T10:44:36.584+0000] {processor.py:208} INFO - Processing /opt/bitnami/airflow/venv/lib/python3.12/site-packages/airflow/example_dags/tutorial_objectstorage.py took 0.080 seconds
[2024-12-13T10:52:07.689+0000] {processor.py:186} INFO - Started process (PID=45) to work on /opt/bitnami/airflow/venv/lib/python3.12/site-packages/airflow/example_dags/tutorial_objectstorage.py
[2024-12-13T10:52:07.690+0000] {processor.py:914} INFO - Processing file /opt/bitnami/airflow/venv/lib/python3.12/site-packages/airflow/example_dags/tutorial_objectstorage.py for tasks to queue
[2024-12-13T10:52:07.693+0000] {logging_mixin.py:190} INFO - [2024-12-13T10:52:07.692+0000] {dagbag.py:588} INFO - Filling up the DagBag from /opt/bitnami/airflow/venv/lib/python3.12/site-packages/airflow/example_dags/tutorial_objectstorage.py
[2024-12-13T10:52:07.701+0000] {processor.py:925} INFO - DAG(s) 'tutorial_objectstorage' retrieved from /opt/bitnami/airflow/venv/lib/python3.12/site-packages/airflow/example_dags/tutorial_objectstorage.py
[2024-12-13T10:52:07.807+0000] {logging_mixin.py:190} INFO - [2024-12-13T10:52:07.806+0000] {override.py:1900} INFO - Created Permission View: can read on DAG:tutorial_objectstorage
[2024-12-13T10:52:07.818+0000] {logging_mixin.py:190} INFO - [2024-12-13T10:52:07.818+0000] {override.py:1900} INFO - Created Permission View: can delete on DAG:tutorial_objectstorage
[2024-12-13T10:52:07.825+0000] {logging_mixin.py:190} INFO - [2024-12-13T10:52:07.825+0000] {override.py:1900} INFO - Created Permission View: can edit on DAG:tutorial_objectstorage
[2024-12-13T10:52:07.833+0000] {logging_mixin.py:190} INFO - [2024-12-13T10:52:07.833+0000] {override.py:1900} INFO - Created Permission View: menu access on DAG Run:tutorial_objectstorage
[2024-12-13T10:52:07.839+0000] {logging_mixin.py:190} INFO - [2024-12-13T10:52:07.839+0000] {override.py:1900} INFO - Created Permission View: can read on DAG Run:tutorial_objectstorage
[2024-12-13T10:52:07.846+0000] {logging_mixin.py:190} INFO - [2024-12-13T10:52:07.845+0000] {override.py:1900} INFO - Created Permission View: can delete on DAG Run:tutorial_objectstorage
[2024-12-13T10:52:07.852+0000] {logging_mixin.py:190} INFO - [2024-12-13T10:52:07.852+0000] {override.py:1900} INFO - Created Permission View: can create on DAG Run:tutorial_objectstorage
[2024-12-13T10:52:07.853+0000] {logging_mixin.py:190} INFO - [2024-12-13T10:52:07.853+0000] {dag.py:3239} INFO - Sync 1 DAGs
[2024-12-13T10:52:07.877+0000] {logging_mixin.py:190} INFO - [2024-12-13T10:52:07.877+0000] {dag.py:3262} INFO - Creating ORM DAG for tutorial_objectstorage
[2024-12-13T10:52:07.878+0000] {logging_mixin.py:190} INFO - [2024-12-13T10:52:07.878+0000] {dag.py:4180} INFO - Setting next_dagrun for tutorial_objectstorage to None, run_after=None
[2024-12-13T10:52:07.902+0000] {processor.py:208} INFO - Processing /opt/bitnami/airflow/venv/lib/python3.12/site-packages/airflow/example_dags/tutorial_objectstorage.py took 0.220 seconds
[2024-12-13T10:52:38.861+0000] {processor.py:186} INFO - Started process (PID=102) to work on /opt/bitnami/airflow/venv/lib/python3.12/site-packages/airflow/example_dags/tutorial_objectstorage.py
[2024-12-13T10:52:38.862+0000] {processor.py:914} INFO - Processing file /opt/bitnami/airflow/venv/lib/python3.12/site-packages/airflow/example_dags/tutorial_objectstorage.py for tasks to queue
[2024-12-13T10:52:38.864+0000] {logging_mixin.py:190} INFO - [2024-12-13T10:52:38.863+0000] {dagbag.py:588} INFO - Filling up the DagBag from /opt/bitnami/airflow/venv/lib/python3.12/site-packages/airflow/example_dags/tutorial_objectstorage.py
[2024-12-13T10:52:38.870+0000] {processor.py:925} INFO - DAG(s) 'tutorial_objectstorage' retrieved from /opt/bitnami/airflow/venv/lib/python3.12/site-packages/airflow/example_dags/tutorial_objectstorage.py
[2024-12-13T10:52:38.914+0000] {logging_mixin.py:190} INFO - [2024-12-13T10:52:38.914+0000] {dag.py:3239} INFO - Sync 1 DAGs
[2024-12-13T10:52:38.945+0000] {logging_mixin.py:190} INFO - [2024-12-13T10:52:38.945+0000] {dag.py:4180} INFO - Setting next_dagrun for tutorial_objectstorage to None, run_after=None
[2024-12-13T10:52:38.986+0000] {processor.py:208} INFO - Processing /opt/bitnami/airflow/venv/lib/python3.12/site-packages/airflow/example_dags/tutorial_objectstorage.py took 0.130 seconds
[2024-12-13T10:53:09.904+0000] {processor.py:186} INFO - Started process (PID=159) to work on /opt/bitnami/airflow/venv/lib/python3.12/site-packages/airflow/example_dags/tutorial_objectstorage.py
[2024-12-13T10:53:09.907+0000] {processor.py:914} INFO - Processing file /opt/bitnami/airflow/venv/lib/python3.12/site-packages/airflow/example_dags/tutorial_objectstorage.py for tasks to queue
[2024-12-13T10:53:09.912+0000] {logging_mixin.py:190} INFO - [2024-12-13T10:53:09.912+0000] {dagbag.py:588} INFO - Filling up the DagBag from /opt/bitnami/airflow/venv/lib/python3.12/site-packages/airflow/example_dags/tutorial_objectstorage.py
[2024-12-13T10:53:09.925+0000] {processor.py:925} INFO - DAG(s) 'tutorial_objectstorage' retrieved from /opt/bitnami/airflow/venv/lib/python3.12/site-packages/airflow/example_dags/tutorial_objectstorage.py
[2024-12-13T10:53:10.096+0000] {logging_mixin.py:190} INFO - [2024-12-13T10:53:10.095+0000] {dag.py:3239} INFO - Sync 1 DAGs
[2024-12-13T10:53:10.133+0000] {logging_mixin.py:190} INFO - [2024-12-13T10:53:10.133+0000] {dag.py:4180} INFO - Setting next_dagrun for tutorial_objectstorage to None, run_after=None
[2024-12-13T10:53:10.177+0000] {processor.py:208} INFO - Processing /opt/bitnami/airflow/venv/lib/python3.12/site-packages/airflow/example_dags/tutorial_objectstorage.py took 0.283 seconds
[2024-12-13T10:53:40.236+0000] {processor.py:186} INFO - Started process (PID=216) to work on /opt/bitnami/airflow/venv/lib/python3.12/site-packages/airflow/example_dags/tutorial_objectstorage.py
[2024-12-13T10:53:40.238+0000] {processor.py:914} INFO - Processing file /opt/bitnami/airflow/venv/lib/python3.12/site-packages/airflow/example_dags/tutorial_objectstorage.py for tasks to queue
[2024-12-13T10:53:40.241+0000] {logging_mixin.py:190} INFO - [2024-12-13T10:53:40.240+0000] {dagbag.py:588} INFO - Filling up the DagBag from /opt/bitnami/airflow/venv/lib/python3.12/site-packages/airflow/example_dags/tutorial_objectstorage.py
[2024-12-13T10:53:40.248+0000] {processor.py:925} INFO - DAG(s) 'tutorial_objectstorage' retrieved from /opt/bitnami/airflow/venv/lib/python3.12/site-packages/airflow/example_dags/tutorial_objectstorage.py
[2024-12-13T10:53:40.289+0000] {logging_mixin.py:190} INFO - [2024-12-13T10:53:40.288+0000] {dag.py:3239} INFO - Sync 1 DAGs
[2024-12-13T10:53:40.312+0000] {logging_mixin.py:190} INFO - [2024-12-13T10:53:40.312+0000] {dag.py:4180} INFO - Setting next_dagrun for tutorial_objectstorage to None, run_after=None
[2024-12-13T10:53:40.344+0000] {processor.py:208} INFO - Processing /opt/bitnami/airflow/venv/lib/python3.12/site-packages/airflow/example_dags/tutorial_objectstorage.py took 0.116 seconds
[2024-12-13T10:54:11.355+0000] {processor.py:186} INFO - Started process (PID=273) to work on /opt/bitnami/airflow/venv/lib/python3.12/site-packages/airflow/example_dags/tutorial_objectstorage.py
[2024-12-13T10:54:11.356+0000] {processor.py:914} INFO - Processing file /opt/bitnami/airflow/venv/lib/python3.12/site-packages/airflow/example_dags/tutorial_objectstorage.py for tasks to queue
[2024-12-13T10:54:11.358+0000] {logging_mixin.py:190} INFO - [2024-12-13T10:54:11.358+0000] {dagbag.py:588} INFO - Filling up the DagBag from /opt/bitnami/airflow/venv/lib/python3.12/site-packages/airflow/example_dags/tutorial_objectstorage.py
[2024-12-13T10:54:11.364+0000] {processor.py:925} INFO - DAG(s) 'tutorial_objectstorage' retrieved from /opt/bitnami/airflow/venv/lib/python3.12/site-packages/airflow/example_dags/tutorial_objectstorage.py
[2024-12-13T10:54:11.455+0000] {logging_mixin.py:190} INFO - [2024-12-13T10:54:11.454+0000] {dag.py:3239} INFO - Sync 1 DAGs
[2024-12-13T10:54:11.490+0000] {logging_mixin.py:190} INFO - [2024-12-13T10:54:11.490+0000] {dag.py:4180} INFO - Setting next_dagrun for tutorial_objectstorage to None, run_after=None
[2024-12-13T10:54:11.540+0000] {processor.py:208} INFO - Processing /opt/bitnami/airflow/venv/lib/python3.12/site-packages/airflow/example_dags/tutorial_objectstorage.py took 0.189 seconds
[2024-12-13T10:54:41.944+0000] {processor.py:186} INFO - Started process (PID=330) to work on /opt/bitnami/airflow/venv/lib/python3.12/site-packages/airflow/example_dags/tutorial_objectstorage.py
[2024-12-13T10:54:41.945+0000] {processor.py:914} INFO - Processing file /opt/bitnami/airflow/venv/lib/python3.12/site-packages/airflow/example_dags/tutorial_objectstorage.py for tasks to queue
[2024-12-13T10:54:41.948+0000] {logging_mixin.py:190} INFO - [2024-12-13T10:54:41.947+0000] {dagbag.py:588} INFO - Filling up the DagBag from /opt/bitnami/airflow/venv/lib/python3.12/site-packages/airflow/example_dags/tutorial_objectstorage.py
[2024-12-13T10:54:41.954+0000] {processor.py:925} INFO - DAG(s) 'tutorial_objectstorage' retrieved from /opt/bitnami/airflow/venv/lib/python3.12/site-packages/airflow/example_dags/tutorial_objectstorage.py
[2024-12-13T10:54:42.017+0000] {logging_mixin.py:190} INFO - [2024-12-13T10:54:42.017+0000] {dag.py:3239} INFO - Sync 1 DAGs
[2024-12-13T10:54:42.052+0000] {logging_mixin.py:190} INFO - [2024-12-13T10:54:42.051+0000] {dag.py:4180} INFO - Setting next_dagrun for tutorial_objectstorage to None, run_after=None
[2024-12-13T10:54:42.086+0000] {processor.py:208} INFO - Processing /opt/bitnami/airflow/venv/lib/python3.12/site-packages/airflow/example_dags/tutorial_objectstorage.py took 0.148 seconds
[2024-12-13T10:55:12.718+0000] {processor.py:186} INFO - Started process (PID=387) to work on /opt/bitnami/airflow/venv/lib/python3.12/site-packages/airflow/example_dags/tutorial_objectstorage.py
[2024-12-13T10:55:12.719+0000] {processor.py:914} INFO - Processing file /opt/bitnami/airflow/venv/lib/python3.12/site-packages/airflow/example_dags/tutorial_objectstorage.py for tasks to queue
[2024-12-13T10:55:12.722+0000] {logging_mixin.py:190} INFO - [2024-12-13T10:55:12.721+0000] {dagbag.py:588} INFO - Filling up the DagBag from /opt/bitnami/airflow/venv/lib/python3.12/site-packages/airflow/example_dags/tutorial_objectstorage.py
[2024-12-13T10:55:12.728+0000] {processor.py:925} INFO - DAG(s) 'tutorial_objectstorage' retrieved from /opt/bitnami/airflow/venv/lib/python3.12/site-packages/airflow/example_dags/tutorial_objectstorage.py
[2024-12-13T10:55:12.800+0000] {logging_mixin.py:190} INFO - [2024-12-13T10:55:12.799+0000] {dag.py:3239} INFO - Sync 1 DAGs
[2024-12-13T10:55:12.836+0000] {logging_mixin.py:190} INFO - [2024-12-13T10:55:12.835+0000] {dag.py:4180} INFO - Setting next_dagrun for tutorial_objectstorage to None, run_after=None
[2024-12-13T10:55:12.882+0000] {processor.py:208} INFO - Processing /opt/bitnami/airflow/venv/lib/python3.12/site-packages/airflow/example_dags/tutorial_objectstorage.py took 0.170 seconds
[2024-12-13T10:55:43.595+0000] {processor.py:186} INFO - Started process (PID=444) to work on /opt/bitnami/airflow/venv/lib/python3.12/site-packages/airflow/example_dags/tutorial_objectstorage.py
[2024-12-13T10:55:43.596+0000] {processor.py:914} INFO - Processing file /opt/bitnami/airflow/venv/lib/python3.12/site-packages/airflow/example_dags/tutorial_objectstorage.py for tasks to queue
[2024-12-13T10:55:43.598+0000] {logging_mixin.py:190} INFO - [2024-12-13T10:55:43.598+0000] {dagbag.py:588} INFO - Filling up the DagBag from /opt/bitnami/airflow/venv/lib/python3.12/site-packages/airflow/example_dags/tutorial_objectstorage.py
[2024-12-13T10:55:43.604+0000] {processor.py:925} INFO - DAG(s) 'tutorial_objectstorage' retrieved from /opt/bitnami/airflow/venv/lib/python3.12/site-packages/airflow/example_dags/tutorial_objectstorage.py
[2024-12-13T10:55:43.668+0000] {logging_mixin.py:190} INFO - [2024-12-13T10:55:43.667+0000] {dag.py:3239} INFO - Sync 1 DAGs
[2024-12-13T10:55:43.686+0000] {logging_mixin.py:190} INFO - [2024-12-13T10:55:43.685+0000] {dag.py:4180} INFO - Setting next_dagrun for tutorial_objectstorage to None, run_after=None
[2024-12-13T10:55:43.714+0000] {processor.py:208} INFO - Processing /opt/bitnami/airflow/venv/lib/python3.12/site-packages/airflow/example_dags/tutorial_objectstorage.py took 0.124 seconds
[2024-12-13T10:56:13.874+0000] {processor.py:186} INFO - Started process (PID=501) to work on /opt/bitnami/airflow/venv/lib/python3.12/site-packages/airflow/example_dags/tutorial_objectstorage.py
[2024-12-13T10:56:13.875+0000] {processor.py:914} INFO - Processing file /opt/bitnami/airflow/venv/lib/python3.12/site-packages/airflow/example_dags/tutorial_objectstorage.py for tasks to queue
[2024-12-13T10:56:13.880+0000] {logging_mixin.py:190} INFO - [2024-12-13T10:56:13.879+0000] {dagbag.py:588} INFO - Filling up the DagBag from /opt/bitnami/airflow/venv/lib/python3.12/site-packages/airflow/example_dags/tutorial_objectstorage.py
[2024-12-13T10:56:13.889+0000] {processor.py:925} INFO - DAG(s) 'tutorial_objectstorage' retrieved from /opt/bitnami/airflow/venv/lib/python3.12/site-packages/airflow/example_dags/tutorial_objectstorage.py
[2024-12-13T10:56:13.945+0000] {logging_mixin.py:190} INFO - [2024-12-13T10:56:13.945+0000] {dag.py:3239} INFO - Sync 1 DAGs
[2024-12-13T10:56:13.977+0000] {logging_mixin.py:190} INFO - [2024-12-13T10:56:13.977+0000] {dag.py:4180} INFO - Setting next_dagrun for tutorial_objectstorage to None, run_after=None
[2024-12-13T10:56:14.012+0000] {processor.py:208} INFO - Processing /opt/bitnami/airflow/venv/lib/python3.12/site-packages/airflow/example_dags/tutorial_objectstorage.py took 0.146 seconds
[2024-12-13T10:56:44.324+0000] {processor.py:186} INFO - Started process (PID=558) to work on /opt/bitnami/airflow/venv/lib/python3.12/site-packages/airflow/example_dags/tutorial_objectstorage.py
[2024-12-13T10:56:44.325+0000] {processor.py:914} INFO - Processing file /opt/bitnami/airflow/venv/lib/python3.12/site-packages/airflow/example_dags/tutorial_objectstorage.py for tasks to queue
[2024-12-13T10:56:44.328+0000] {logging_mixin.py:190} INFO - [2024-12-13T10:56:44.328+0000] {dagbag.py:588} INFO - Filling up the DagBag from /opt/bitnami/airflow/venv/lib/python3.12/site-packages/airflow/example_dags/tutorial_objectstorage.py
[2024-12-13T10:56:44.337+0000] {processor.py:925} INFO - DAG(s) 'tutorial_objectstorage' retrieved from /opt/bitnami/airflow/venv/lib/python3.12/site-packages/airflow/example_dags/tutorial_objectstorage.py
[2024-12-13T10:56:44.384+0000] {logging_mixin.py:190} INFO - [2024-12-13T10:56:44.383+0000] {dag.py:3239} INFO - Sync 1 DAGs
[2024-12-13T10:56:44.413+0000] {logging_mixin.py:190} INFO - [2024-12-13T10:56:44.413+0000] {dag.py:4180} INFO - Setting next_dagrun for tutorial_objectstorage to None, run_after=None
[2024-12-13T10:56:44.464+0000] {processor.py:208} INFO - Processing /opt/bitnami/airflow/venv/lib/python3.12/site-packages/airflow/example_dags/tutorial_objectstorage.py took 0.144 seconds
[2024-12-13T10:57:15.232+0000] {processor.py:186} INFO - Started process (PID=615) to work on /opt/bitnami/airflow/venv/lib/python3.12/site-packages/airflow/example_dags/tutorial_objectstorage.py
[2024-12-13T10:57:15.233+0000] {processor.py:914} INFO - Processing file /opt/bitnami/airflow/venv/lib/python3.12/site-packages/airflow/example_dags/tutorial_objectstorage.py for tasks to queue
[2024-12-13T10:57:15.235+0000] {logging_mixin.py:190} INFO - [2024-12-13T10:57:15.235+0000] {dagbag.py:588} INFO - Filling up the DagBag from /opt/bitnami/airflow/venv/lib/python3.12/site-packages/airflow/example_dags/tutorial_objectstorage.py
[2024-12-13T10:57:15.242+0000] {processor.py:925} INFO - DAG(s) 'tutorial_objectstorage' retrieved from /opt/bitnami/airflow/venv/lib/python3.12/site-packages/airflow/example_dags/tutorial_objectstorage.py
[2024-12-13T10:57:15.279+0000] {logging_mixin.py:190} INFO - [2024-12-13T10:57:15.279+0000] {dag.py:3239} INFO - Sync 1 DAGs
[2024-12-13T10:57:15.300+0000] {logging_mixin.py:190} INFO - [2024-12-13T10:57:15.300+0000] {dag.py:4180} INFO - Setting next_dagrun for tutorial_objectstorage to None, run_after=None
[2024-12-13T10:57:15.322+0000] {processor.py:208} INFO - Processing /opt/bitnami/airflow/venv/lib/python3.12/site-packages/airflow/example_dags/tutorial_objectstorage.py took 0.096 seconds
[2024-12-13T10:57:45.531+0000] {processor.py:186} INFO - Started process (PID=672) to work on /opt/bitnami/airflow/venv/lib/python3.12/site-packages/airflow/example_dags/tutorial_objectstorage.py
[2024-12-13T10:57:45.532+0000] {processor.py:914} INFO - Processing file /opt/bitnami/airflow/venv/lib/python3.12/site-packages/airflow/example_dags/tutorial_objectstorage.py for tasks to queue
[2024-12-13T10:57:45.534+0000] {logging_mixin.py:190} INFO - [2024-12-13T10:57:45.534+0000] {dagbag.py:588} INFO - Filling up the DagBag from /opt/bitnami/airflow/venv/lib/python3.12/site-packages/airflow/example_dags/tutorial_objectstorage.py
[2024-12-13T10:57:45.539+0000] {processor.py:925} INFO - DAG(s) 'tutorial_objectstorage' retrieved from /opt/bitnami/airflow/venv/lib/python3.12/site-packages/airflow/example_dags/tutorial_objectstorage.py
[2024-12-13T10:57:45.569+0000] {logging_mixin.py:190} INFO - [2024-12-13T10:57:45.569+0000] {dag.py:3239} INFO - Sync 1 DAGs
[2024-12-13T10:57:45.592+0000] {logging_mixin.py:190} INFO - [2024-12-13T10:57:45.592+0000] {dag.py:4180} INFO - Setting next_dagrun for tutorial_objectstorage to None, run_after=None
[2024-12-13T10:57:45.614+0000] {processor.py:208} INFO - Processing /opt/bitnami/airflow/venv/lib/python3.12/site-packages/airflow/example_dags/tutorial_objectstorage.py took 0.087 seconds
[2024-12-13T10:58:16.797+0000] {processor.py:186} INFO - Started process (PID=729) to work on /opt/bitnami/airflow/venv/lib/python3.12/site-packages/airflow/example_dags/tutorial_objectstorage.py
[2024-12-13T10:58:16.798+0000] {processor.py:914} INFO - Processing file /opt/bitnami/airflow/venv/lib/python3.12/site-packages/airflow/example_dags/tutorial_objectstorage.py for tasks to queue
[2024-12-13T10:58:16.802+0000] {logging_mixin.py:190} INFO - [2024-12-13T10:58:16.802+0000] {dagbag.py:588} INFO - Filling up the DagBag from /opt/bitnami/airflow/venv/lib/python3.12/site-packages/airflow/example_dags/tutorial_objectstorage.py
[2024-12-13T10:58:16.810+0000] {processor.py:925} INFO - DAG(s) 'tutorial_objectstorage' retrieved from /opt/bitnami/airflow/venv/lib/python3.12/site-packages/airflow/example_dags/tutorial_objectstorage.py
[2024-12-13T10:58:16.885+0000] {logging_mixin.py:190} INFO - [2024-12-13T10:58:16.884+0000] {dag.py:3239} INFO - Sync 1 DAGs
[2024-12-13T10:58:16.918+0000] {logging_mixin.py:190} INFO - [2024-12-13T10:58:16.917+0000] {dag.py:4180} INFO - Setting next_dagrun for tutorial_objectstorage to None, run_after=None
[2024-12-13T10:58:16.957+0000] {processor.py:208} INFO - Processing /opt/bitnami/airflow/venv/lib/python3.12/site-packages/airflow/example_dags/tutorial_objectstorage.py took 0.168 seconds
[2024-12-13T10:58:47.899+0000] {processor.py:186} INFO - Started process (PID=786) to work on /opt/bitnami/airflow/venv/lib/python3.12/site-packages/airflow/example_dags/tutorial_objectstorage.py
[2024-12-13T10:58:47.900+0000] {processor.py:914} INFO - Processing file /opt/bitnami/airflow/venv/lib/python3.12/site-packages/airflow/example_dags/tutorial_objectstorage.py for tasks to queue
[2024-12-13T10:58:47.902+0000] {logging_mixin.py:190} INFO - [2024-12-13T10:58:47.902+0000] {dagbag.py:588} INFO - Filling up the DagBag from /opt/bitnami/airflow/venv/lib/python3.12/site-packages/airflow/example_dags/tutorial_objectstorage.py
[2024-12-13T10:58:47.910+0000] {processor.py:925} INFO - DAG(s) 'tutorial_objectstorage' retrieved from /opt/bitnami/airflow/venv/lib/python3.12/site-packages/airflow/example_dags/tutorial_objectstorage.py
[2024-12-13T10:58:47.981+0000] {logging_mixin.py:190} INFO - [2024-12-13T10:58:47.981+0000] {dag.py:3239} INFO - Sync 1 DAGs
[2024-12-13T10:58:48.023+0000] {logging_mixin.py:190} INFO - [2024-12-13T10:58:48.023+0000] {dag.py:4180} INFO - Setting next_dagrun for tutorial_objectstorage to None, run_after=None
[2024-12-13T10:58:48.059+0000] {processor.py:208} INFO - Processing /opt/bitnami/airflow/venv/lib/python3.12/site-packages/airflow/example_dags/tutorial_objectstorage.py took 0.166 seconds
[2024-12-13T11:07:28.685+0000] {processor.py:186} INFO - Started process (PID=45) to work on /opt/bitnami/airflow/venv/lib/python3.12/site-packages/airflow/example_dags/tutorial_objectstorage.py
[2024-12-13T11:07:28.686+0000] {processor.py:914} INFO - Processing file /opt/bitnami/airflow/venv/lib/python3.12/site-packages/airflow/example_dags/tutorial_objectstorage.py for tasks to queue
[2024-12-13T11:07:28.689+0000] {logging_mixin.py:190} INFO - [2024-12-13T11:07:28.688+0000] {dagbag.py:588} INFO - Filling up the DagBag from /opt/bitnami/airflow/venv/lib/python3.12/site-packages/airflow/example_dags/tutorial_objectstorage.py
[2024-12-13T11:07:28.699+0000] {processor.py:925} INFO - DAG(s) 'tutorial_objectstorage' retrieved from /opt/bitnami/airflow/venv/lib/python3.12/site-packages/airflow/example_dags/tutorial_objectstorage.py
[2024-12-13T11:07:28.752+0000] {logging_mixin.py:190} INFO - [2024-12-13T11:07:28.751+0000] {dag.py:3239} INFO - Sync 1 DAGs
[2024-12-13T11:07:28.778+0000] {logging_mixin.py:190} INFO - [2024-12-13T11:07:28.778+0000] {dag.py:4180} INFO - Setting next_dagrun for tutorial_objectstorage to None, run_after=None
[2024-12-13T11:07:28.809+0000] {processor.py:208} INFO - Processing /opt/bitnami/airflow/venv/lib/python3.12/site-packages/airflow/example_dags/tutorial_objectstorage.py took 0.129 seconds
[2024-12-13T11:07:59.313+0000] {processor.py:186} INFO - Started process (PID=102) to work on /opt/bitnami/airflow/venv/lib/python3.12/site-packages/airflow/example_dags/tutorial_objectstorage.py
[2024-12-13T11:07:59.314+0000] {processor.py:914} INFO - Processing file /opt/bitnami/airflow/venv/lib/python3.12/site-packages/airflow/example_dags/tutorial_objectstorage.py for tasks to queue
[2024-12-13T11:07:59.317+0000] {logging_mixin.py:190} INFO - [2024-12-13T11:07:59.317+0000] {dagbag.py:588} INFO - Filling up the DagBag from /opt/bitnami/airflow/venv/lib/python3.12/site-packages/airflow/example_dags/tutorial_objectstorage.py
[2024-12-13T11:07:59.325+0000] {processor.py:925} INFO - DAG(s) 'tutorial_objectstorage' retrieved from /opt/bitnami/airflow/venv/lib/python3.12/site-packages/airflow/example_dags/tutorial_objectstorage.py
[2024-12-13T11:07:59.437+0000] {logging_mixin.py:190} INFO - [2024-12-13T11:07:59.437+0000] {dag.py:3239} INFO - Sync 1 DAGs
[2024-12-13T11:07:59.497+0000] {logging_mixin.py:190} INFO - [2024-12-13T11:07:59.496+0000] {dag.py:4180} INFO - Setting next_dagrun for tutorial_objectstorage to None, run_after=None
[2024-12-13T11:07:59.539+0000] {processor.py:208} INFO - Processing /opt/bitnami/airflow/venv/lib/python3.12/site-packages/airflow/example_dags/tutorial_objectstorage.py took 0.230 seconds
[2024-12-13T11:08:29.760+0000] {processor.py:186} INFO - Started process (PID=159) to work on /opt/bitnami/airflow/venv/lib/python3.12/site-packages/airflow/example_dags/tutorial_objectstorage.py
[2024-12-13T11:08:29.762+0000] {processor.py:914} INFO - Processing file /opt/bitnami/airflow/venv/lib/python3.12/site-packages/airflow/example_dags/tutorial_objectstorage.py for tasks to queue
[2024-12-13T11:08:29.764+0000] {logging_mixin.py:190} INFO - [2024-12-13T11:08:29.764+0000] {dagbag.py:588} INFO - Filling up the DagBag from /opt/bitnami/airflow/venv/lib/python3.12/site-packages/airflow/example_dags/tutorial_objectstorage.py
[2024-12-13T11:08:29.771+0000] {processor.py:925} INFO - DAG(s) 'tutorial_objectstorage' retrieved from /opt/bitnami/airflow/venv/lib/python3.12/site-packages/airflow/example_dags/tutorial_objectstorage.py
[2024-12-13T11:08:29.876+0000] {logging_mixin.py:190} INFO - [2024-12-13T11:08:29.876+0000] {dag.py:3239} INFO - Sync 1 DAGs
[2024-12-13T11:08:29.896+0000] {logging_mixin.py:190} INFO - [2024-12-13T11:08:29.896+0000] {dag.py:4180} INFO - Setting next_dagrun for tutorial_objectstorage to None, run_after=None
[2024-12-13T11:08:29.928+0000] {processor.py:208} INFO - Processing /opt/bitnami/airflow/venv/lib/python3.12/site-packages/airflow/example_dags/tutorial_objectstorage.py took 0.173 seconds
[2024-12-13T11:09:00.487+0000] {processor.py:186} INFO - Started process (PID=216) to work on /opt/bitnami/airflow/venv/lib/python3.12/site-packages/airflow/example_dags/tutorial_objectstorage.py
[2024-12-13T11:09:00.490+0000] {processor.py:914} INFO - Processing file /opt/bitnami/airflow/venv/lib/python3.12/site-packages/airflow/example_dags/tutorial_objectstorage.py for tasks to queue
[2024-12-13T11:09:00.494+0000] {logging_mixin.py:190} INFO - [2024-12-13T11:09:00.494+0000] {dagbag.py:588} INFO - Filling up the DagBag from /opt/bitnami/airflow/venv/lib/python3.12/site-packages/airflow/example_dags/tutorial_objectstorage.py
[2024-12-13T11:09:00.505+0000] {processor.py:925} INFO - DAG(s) 'tutorial_objectstorage' retrieved from /opt/bitnami/airflow/venv/lib/python3.12/site-packages/airflow/example_dags/tutorial_objectstorage.py
[2024-12-13T11:09:00.578+0000] {logging_mixin.py:190} INFO - [2024-12-13T11:09:00.577+0000] {dag.py:3239} INFO - Sync 1 DAGs
[2024-12-13T11:09:00.614+0000] {logging_mixin.py:190} INFO - [2024-12-13T11:09:00.613+0000] {dag.py:4180} INFO - Setting next_dagrun for tutorial_objectstorage to None, run_after=None
[2024-12-13T11:09:00.647+0000] {processor.py:208} INFO - Processing /opt/bitnami/airflow/venv/lib/python3.12/site-packages/airflow/example_dags/tutorial_objectstorage.py took 0.166 seconds
[2024-12-13T11:09:30.761+0000] {processor.py:186} INFO - Started process (PID=273) to work on /opt/bitnami/airflow/venv/lib/python3.12/site-packages/airflow/example_dags/tutorial_objectstorage.py
[2024-12-13T11:09:30.762+0000] {processor.py:914} INFO - Processing file /opt/bitnami/airflow/venv/lib/python3.12/site-packages/airflow/example_dags/tutorial_objectstorage.py for tasks to queue
[2024-12-13T11:09:30.764+0000] {logging_mixin.py:190} INFO - [2024-12-13T11:09:30.764+0000] {dagbag.py:588} INFO - Filling up the DagBag from /opt/bitnami/airflow/venv/lib/python3.12/site-packages/airflow/example_dags/tutorial_objectstorage.py
[2024-12-13T11:09:30.770+0000] {processor.py:925} INFO - DAG(s) 'tutorial_objectstorage' retrieved from /opt/bitnami/airflow/venv/lib/python3.12/site-packages/airflow/example_dags/tutorial_objectstorage.py
[2024-12-13T11:09:30.846+0000] {logging_mixin.py:190} INFO - [2024-12-13T11:09:30.845+0000] {dag.py:3239} INFO - Sync 1 DAGs
[2024-12-13T11:09:30.861+0000] {logging_mixin.py:190} INFO - [2024-12-13T11:09:30.861+0000] {dag.py:4180} INFO - Setting next_dagrun for tutorial_objectstorage to None, run_after=None
[2024-12-13T11:09:30.883+0000] {processor.py:208} INFO - Processing /opt/bitnami/airflow/venv/lib/python3.12/site-packages/airflow/example_dags/tutorial_objectstorage.py took 0.127 seconds
[2024-12-13T11:13:41.105+0000] {processor.py:186} INFO - Started process (PID=45) to work on /opt/bitnami/airflow/venv/lib/python3.12/site-packages/airflow/example_dags/tutorial_objectstorage.py
[2024-12-13T11:13:41.106+0000] {processor.py:914} INFO - Processing file /opt/bitnami/airflow/venv/lib/python3.12/site-packages/airflow/example_dags/tutorial_objectstorage.py for tasks to queue
[2024-12-13T11:13:41.109+0000] {logging_mixin.py:190} INFO - [2024-12-13T11:13:41.109+0000] {dagbag.py:588} INFO - Filling up the DagBag from /opt/bitnami/airflow/venv/lib/python3.12/site-packages/airflow/example_dags/tutorial_objectstorage.py
[2024-12-13T11:13:41.124+0000] {processor.py:925} INFO - DAG(s) 'tutorial_objectstorage' retrieved from /opt/bitnami/airflow/venv/lib/python3.12/site-packages/airflow/example_dags/tutorial_objectstorage.py
[2024-12-13T11:13:41.189+0000] {logging_mixin.py:190} INFO - [2024-12-13T11:13:41.187+0000] {dag.py:3239} INFO - Sync 1 DAGs
[2024-12-13T11:13:41.223+0000] {logging_mixin.py:190} INFO - [2024-12-13T11:13:41.223+0000] {dag.py:4180} INFO - Setting next_dagrun for tutorial_objectstorage to None, run_after=None
[2024-12-13T11:13:41.253+0000] {processor.py:208} INFO - Processing /opt/bitnami/airflow/venv/lib/python3.12/site-packages/airflow/example_dags/tutorial_objectstorage.py took 0.155 seconds
[2024-12-13T11:14:11.481+0000] {processor.py:186} INFO - Started process (PID=102) to work on /opt/bitnami/airflow/venv/lib/python3.12/site-packages/airflow/example_dags/tutorial_objectstorage.py
[2024-12-13T11:14:11.482+0000] {processor.py:914} INFO - Processing file /opt/bitnami/airflow/venv/lib/python3.12/site-packages/airflow/example_dags/tutorial_objectstorage.py for tasks to queue
[2024-12-13T11:14:11.484+0000] {logging_mixin.py:190} INFO - [2024-12-13T11:14:11.484+0000] {dagbag.py:588} INFO - Filling up the DagBag from /opt/bitnami/airflow/venv/lib/python3.12/site-packages/airflow/example_dags/tutorial_objectstorage.py
[2024-12-13T11:14:11.490+0000] {processor.py:925} INFO - DAG(s) 'tutorial_objectstorage' retrieved from /opt/bitnami/airflow/venv/lib/python3.12/site-packages/airflow/example_dags/tutorial_objectstorage.py
[2024-12-13T11:14:11.549+0000] {logging_mixin.py:190} INFO - [2024-12-13T11:14:11.548+0000] {dag.py:3239} INFO - Sync 1 DAGs
[2024-12-13T11:14:11.581+0000] {logging_mixin.py:190} INFO - [2024-12-13T11:14:11.581+0000] {dag.py:4180} INFO - Setting next_dagrun for tutorial_objectstorage to None, run_after=None
[2024-12-13T11:14:11.608+0000] {processor.py:208} INFO - Processing /opt/bitnami/airflow/venv/lib/python3.12/site-packages/airflow/example_dags/tutorial_objectstorage.py took 0.132 seconds
[2024-12-13T11:14:42.563+0000] {processor.py:186} INFO - Started process (PID=159) to work on /opt/bitnami/airflow/venv/lib/python3.12/site-packages/airflow/example_dags/tutorial_objectstorage.py
[2024-12-13T11:14:42.565+0000] {processor.py:914} INFO - Processing file /opt/bitnami/airflow/venv/lib/python3.12/site-packages/airflow/example_dags/tutorial_objectstorage.py for tasks to queue
[2024-12-13T11:14:42.569+0000] {logging_mixin.py:190} INFO - [2024-12-13T11:14:42.568+0000] {dagbag.py:588} INFO - Filling up the DagBag from /opt/bitnami/airflow/venv/lib/python3.12/site-packages/airflow/example_dags/tutorial_objectstorage.py
[2024-12-13T11:14:42.581+0000] {processor.py:925} INFO - DAG(s) 'tutorial_objectstorage' retrieved from /opt/bitnami/airflow/venv/lib/python3.12/site-packages/airflow/example_dags/tutorial_objectstorage.py
[2024-12-13T11:14:42.737+0000] {logging_mixin.py:190} INFO - [2024-12-13T11:14:42.736+0000] {dag.py:3239} INFO - Sync 1 DAGs
[2024-12-13T11:14:42.773+0000] {logging_mixin.py:190} INFO - [2024-12-13T11:14:42.772+0000] {dag.py:4180} INFO - Setting next_dagrun for tutorial_objectstorage to None, run_after=None
[2024-12-13T11:14:42.821+0000] {processor.py:208} INFO - Processing /opt/bitnami/airflow/venv/lib/python3.12/site-packages/airflow/example_dags/tutorial_objectstorage.py took 0.268 seconds
[2024-12-13T11:15:13.141+0000] {processor.py:186} INFO - Started process (PID=216) to work on /opt/bitnami/airflow/venv/lib/python3.12/site-packages/airflow/example_dags/tutorial_objectstorage.py
[2024-12-13T11:15:13.144+0000] {processor.py:914} INFO - Processing file /opt/bitnami/airflow/venv/lib/python3.12/site-packages/airflow/example_dags/tutorial_objectstorage.py for tasks to queue
[2024-12-13T11:15:13.149+0000] {logging_mixin.py:190} INFO - [2024-12-13T11:15:13.147+0000] {dagbag.py:588} INFO - Filling up the DagBag from /opt/bitnami/airflow/venv/lib/python3.12/site-packages/airflow/example_dags/tutorial_objectstorage.py
[2024-12-13T11:15:13.157+0000] {processor.py:925} INFO - DAG(s) 'tutorial_objectstorage' retrieved from /opt/bitnami/airflow/venv/lib/python3.12/site-packages/airflow/example_dags/tutorial_objectstorage.py
[2024-12-13T11:15:13.261+0000] {logging_mixin.py:190} INFO - [2024-12-13T11:15:13.259+0000] {dag.py:3239} INFO - Sync 1 DAGs
[2024-12-13T11:15:13.298+0000] {logging_mixin.py:190} INFO - [2024-12-13T11:15:13.298+0000] {dag.py:4180} INFO - Setting next_dagrun for tutorial_objectstorage to None, run_after=None
[2024-12-13T11:15:13.343+0000] {processor.py:208} INFO - Processing /opt/bitnami/airflow/venv/lib/python3.12/site-packages/airflow/example_dags/tutorial_objectstorage.py took 0.207 seconds
[2024-12-13T11:57:06.644+0000] {processor.py:186} INFO - Started process (PID=45) to work on /opt/bitnami/airflow/venv/lib/python3.12/site-packages/airflow/example_dags/tutorial_objectstorage.py
[2024-12-13T11:57:06.646+0000] {processor.py:914} INFO - Processing file /opt/bitnami/airflow/venv/lib/python3.12/site-packages/airflow/example_dags/tutorial_objectstorage.py for tasks to queue
[2024-12-13T11:57:06.649+0000] {logging_mixin.py:190} INFO - [2024-12-13T11:57:06.648+0000] {dagbag.py:588} INFO - Filling up the DagBag from /opt/bitnami/airflow/venv/lib/python3.12/site-packages/airflow/example_dags/tutorial_objectstorage.py
[2024-12-13T11:57:06.660+0000] {processor.py:925} INFO - DAG(s) 'tutorial_objectstorage' retrieved from /opt/bitnami/airflow/venv/lib/python3.12/site-packages/airflow/example_dags/tutorial_objectstorage.py
[2024-12-13T11:57:06.708+0000] {logging_mixin.py:190} INFO - [2024-12-13T11:57:06.707+0000] {dag.py:3239} INFO - Sync 1 DAGs
[2024-12-13T11:57:06.735+0000] {logging_mixin.py:190} INFO - [2024-12-13T11:57:06.735+0000] {dag.py:4180} INFO - Setting next_dagrun for tutorial_objectstorage to None, run_after=None
[2024-12-13T11:57:06.757+0000] {processor.py:208} INFO - Processing /opt/bitnami/airflow/venv/lib/python3.12/site-packages/airflow/example_dags/tutorial_objectstorage.py took 0.118 seconds
[2024-12-13T11:57:37.728+0000] {processor.py:186} INFO - Started process (PID=102) to work on /opt/bitnami/airflow/venv/lib/python3.12/site-packages/airflow/example_dags/tutorial_objectstorage.py
[2024-12-13T11:57:37.729+0000] {processor.py:914} INFO - Processing file /opt/bitnami/airflow/venv/lib/python3.12/site-packages/airflow/example_dags/tutorial_objectstorage.py for tasks to queue
[2024-12-13T11:57:37.732+0000] {logging_mixin.py:190} INFO - [2024-12-13T11:57:37.731+0000] {dagbag.py:588} INFO - Filling up the DagBag from /opt/bitnami/airflow/venv/lib/python3.12/site-packages/airflow/example_dags/tutorial_objectstorage.py
[2024-12-13T11:57:37.739+0000] {processor.py:925} INFO - DAG(s) 'tutorial_objectstorage' retrieved from /opt/bitnami/airflow/venv/lib/python3.12/site-packages/airflow/example_dags/tutorial_objectstorage.py
[2024-12-13T11:57:37.781+0000] {logging_mixin.py:190} INFO - [2024-12-13T11:57:37.781+0000] {dag.py:3239} INFO - Sync 1 DAGs
[2024-12-13T11:57:37.801+0000] {logging_mixin.py:190} INFO - [2024-12-13T11:57:37.800+0000] {dag.py:4180} INFO - Setting next_dagrun for tutorial_objectstorage to None, run_after=None
[2024-12-13T11:57:37.831+0000] {processor.py:208} INFO - Processing /opt/bitnami/airflow/venv/lib/python3.12/site-packages/airflow/example_dags/tutorial_objectstorage.py took 0.108 seconds
[2024-12-13T11:58:32.161+0000] {processor.py:186} INFO - Started process (PID=45) to work on /opt/bitnami/airflow/venv/lib/python3.12/site-packages/airflow/example_dags/tutorial_objectstorage.py
[2024-12-13T11:58:32.162+0000] {processor.py:914} INFO - Processing file /opt/bitnami/airflow/venv/lib/python3.12/site-packages/airflow/example_dags/tutorial_objectstorage.py for tasks to queue
[2024-12-13T11:58:32.164+0000] {logging_mixin.py:190} INFO - [2024-12-13T11:58:32.164+0000] {dagbag.py:588} INFO - Filling up the DagBag from /opt/bitnami/airflow/venv/lib/python3.12/site-packages/airflow/example_dags/tutorial_objectstorage.py
[2024-12-13T11:58:32.171+0000] {processor.py:925} INFO - DAG(s) 'tutorial_objectstorage' retrieved from /opt/bitnami/airflow/venv/lib/python3.12/site-packages/airflow/example_dags/tutorial_objectstorage.py
[2024-12-13T11:58:32.206+0000] {logging_mixin.py:190} INFO - [2024-12-13T11:58:32.206+0000] {dag.py:3239} INFO - Sync 1 DAGs
[2024-12-13T11:58:32.231+0000] {logging_mixin.py:190} INFO - [2024-12-13T11:58:32.231+0000] {dag.py:4180} INFO - Setting next_dagrun for tutorial_objectstorage to None, run_after=None
[2024-12-13T11:58:32.251+0000] {processor.py:208} INFO - Processing /opt/bitnami/airflow/venv/lib/python3.12/site-packages/airflow/example_dags/tutorial_objectstorage.py took 0.094 seconds
[2024-12-13T11:59:02.904+0000] {processor.py:186} INFO - Started process (PID=102) to work on /opt/bitnami/airflow/venv/lib/python3.12/site-packages/airflow/example_dags/tutorial_objectstorage.py
[2024-12-13T11:59:02.905+0000] {processor.py:914} INFO - Processing file /opt/bitnami/airflow/venv/lib/python3.12/site-packages/airflow/example_dags/tutorial_objectstorage.py for tasks to queue
[2024-12-13T11:59:02.908+0000] {logging_mixin.py:190} INFO - [2024-12-13T11:59:02.908+0000] {dagbag.py:588} INFO - Filling up the DagBag from /opt/bitnami/airflow/venv/lib/python3.12/site-packages/airflow/example_dags/tutorial_objectstorage.py
[2024-12-13T11:59:02.915+0000] {processor.py:925} INFO - DAG(s) 'tutorial_objectstorage' retrieved from /opt/bitnami/airflow/venv/lib/python3.12/site-packages/airflow/example_dags/tutorial_objectstorage.py
[2024-12-13T11:59:02.958+0000] {logging_mixin.py:190} INFO - [2024-12-13T11:59:02.958+0000] {dag.py:3239} INFO - Sync 1 DAGs
[2024-12-13T11:59:02.983+0000] {logging_mixin.py:190} INFO - [2024-12-13T11:59:02.983+0000] {dag.py:4180} INFO - Setting next_dagrun for tutorial_objectstorage to None, run_after=None
[2024-12-13T11:59:03.007+0000] {processor.py:208} INFO - Processing /opt/bitnami/airflow/venv/lib/python3.12/site-packages/airflow/example_dags/tutorial_objectstorage.py took 0.107 seconds
[2024-12-13T11:59:33.236+0000] {processor.py:186} INFO - Started process (PID=159) to work on /opt/bitnami/airflow/venv/lib/python3.12/site-packages/airflow/example_dags/tutorial_objectstorage.py
[2024-12-13T11:59:33.237+0000] {processor.py:914} INFO - Processing file /opt/bitnami/airflow/venv/lib/python3.12/site-packages/airflow/example_dags/tutorial_objectstorage.py for tasks to queue
[2024-12-13T11:59:33.239+0000] {logging_mixin.py:190} INFO - [2024-12-13T11:59:33.239+0000] {dagbag.py:588} INFO - Filling up the DagBag from /opt/bitnami/airflow/venv/lib/python3.12/site-packages/airflow/example_dags/tutorial_objectstorage.py
[2024-12-13T11:59:33.245+0000] {processor.py:925} INFO - DAG(s) 'tutorial_objectstorage' retrieved from /opt/bitnami/airflow/venv/lib/python3.12/site-packages/airflow/example_dags/tutorial_objectstorage.py
[2024-12-13T11:59:33.327+0000] {logging_mixin.py:190} INFO - [2024-12-13T11:59:33.326+0000] {dag.py:3239} INFO - Sync 1 DAGs
[2024-12-13T11:59:33.344+0000] {logging_mixin.py:190} INFO - [2024-12-13T11:59:33.344+0000] {dag.py:4180} INFO - Setting next_dagrun for tutorial_objectstorage to None, run_after=None
[2024-12-13T11:59:33.366+0000] {processor.py:208} INFO - Processing /opt/bitnami/airflow/venv/lib/python3.12/site-packages/airflow/example_dags/tutorial_objectstorage.py took 0.134 seconds
[2024-12-13T12:00:03.762+0000] {processor.py:186} INFO - Started process (PID=216) to work on /opt/bitnami/airflow/venv/lib/python3.12/site-packages/airflow/example_dags/tutorial_objectstorage.py
[2024-12-13T12:00:03.763+0000] {processor.py:914} INFO - Processing file /opt/bitnami/airflow/venv/lib/python3.12/site-packages/airflow/example_dags/tutorial_objectstorage.py for tasks to queue
[2024-12-13T12:00:03.765+0000] {logging_mixin.py:190} INFO - [2024-12-13T12:00:03.764+0000] {dagbag.py:588} INFO - Filling up the DagBag from /opt/bitnami/airflow/venv/lib/python3.12/site-packages/airflow/example_dags/tutorial_objectstorage.py
[2024-12-13T12:00:03.771+0000] {processor.py:925} INFO - DAG(s) 'tutorial_objectstorage' retrieved from /opt/bitnami/airflow/venv/lib/python3.12/site-packages/airflow/example_dags/tutorial_objectstorage.py
[2024-12-13T12:00:03.802+0000] {logging_mixin.py:190} INFO - [2024-12-13T12:00:03.801+0000] {dag.py:3239} INFO - Sync 1 DAGs
[2024-12-13T12:00:03.822+0000] {logging_mixin.py:190} INFO - [2024-12-13T12:00:03.821+0000] {dag.py:4180} INFO - Setting next_dagrun for tutorial_objectstorage to None, run_after=None
[2024-12-13T12:00:03.844+0000] {processor.py:208} INFO - Processing /opt/bitnami/airflow/venv/lib/python3.12/site-packages/airflow/example_dags/tutorial_objectstorage.py took 0.087 seconds
[2024-12-13T12:00:34.161+0000] {processor.py:186} INFO - Started process (PID=273) to work on /opt/bitnami/airflow/venv/lib/python3.12/site-packages/airflow/example_dags/tutorial_objectstorage.py
[2024-12-13T12:00:34.161+0000] {processor.py:914} INFO - Processing file /opt/bitnami/airflow/venv/lib/python3.12/site-packages/airflow/example_dags/tutorial_objectstorage.py for tasks to queue
[2024-12-13T12:00:34.163+0000] {logging_mixin.py:190} INFO - [2024-12-13T12:00:34.163+0000] {dagbag.py:588} INFO - Filling up the DagBag from /opt/bitnami/airflow/venv/lib/python3.12/site-packages/airflow/example_dags/tutorial_objectstorage.py
[2024-12-13T12:00:34.169+0000] {processor.py:925} INFO - DAG(s) 'tutorial_objectstorage' retrieved from /opt/bitnami/airflow/venv/lib/python3.12/site-packages/airflow/example_dags/tutorial_objectstorage.py
[2024-12-13T12:00:34.202+0000] {logging_mixin.py:190} INFO - [2024-12-13T12:00:34.201+0000] {dag.py:3239} INFO - Sync 1 DAGs
[2024-12-13T12:00:34.222+0000] {logging_mixin.py:190} INFO - [2024-12-13T12:00:34.221+0000] {dag.py:4180} INFO - Setting next_dagrun for tutorial_objectstorage to None, run_after=None
[2024-12-13T12:00:34.244+0000] {processor.py:208} INFO - Processing /opt/bitnami/airflow/venv/lib/python3.12/site-packages/airflow/example_dags/tutorial_objectstorage.py took 0.088 seconds
[2024-12-13T12:01:04.897+0000] {processor.py:186} INFO - Started process (PID=330) to work on /opt/bitnami/airflow/venv/lib/python3.12/site-packages/airflow/example_dags/tutorial_objectstorage.py
[2024-12-13T12:01:04.898+0000] {processor.py:914} INFO - Processing file /opt/bitnami/airflow/venv/lib/python3.12/site-packages/airflow/example_dags/tutorial_objectstorage.py for tasks to queue
[2024-12-13T12:01:04.900+0000] {logging_mixin.py:190} INFO - [2024-12-13T12:01:04.899+0000] {dagbag.py:588} INFO - Filling up the DagBag from /opt/bitnami/airflow/venv/lib/python3.12/site-packages/airflow/example_dags/tutorial_objectstorage.py
[2024-12-13T12:01:04.906+0000] {processor.py:925} INFO - DAG(s) 'tutorial_objectstorage' retrieved from /opt/bitnami/airflow/venv/lib/python3.12/site-packages/airflow/example_dags/tutorial_objectstorage.py
[2024-12-13T12:01:04.938+0000] {logging_mixin.py:190} INFO - [2024-12-13T12:01:04.938+0000] {dag.py:3239} INFO - Sync 1 DAGs
[2024-12-13T12:01:04.959+0000] {logging_mixin.py:190} INFO - [2024-12-13T12:01:04.959+0000] {dag.py:4180} INFO - Setting next_dagrun for tutorial_objectstorage to None, run_after=None
[2024-12-13T12:01:04.981+0000] {processor.py:208} INFO - Processing /opt/bitnami/airflow/venv/lib/python3.12/site-packages/airflow/example_dags/tutorial_objectstorage.py took 0.088 seconds
[2024-12-13T12:01:35.544+0000] {processor.py:186} INFO - Started process (PID=387) to work on /opt/bitnami/airflow/venv/lib/python3.12/site-packages/airflow/example_dags/tutorial_objectstorage.py
[2024-12-13T12:01:35.545+0000] {processor.py:914} INFO - Processing file /opt/bitnami/airflow/venv/lib/python3.12/site-packages/airflow/example_dags/tutorial_objectstorage.py for tasks to queue
[2024-12-13T12:01:35.547+0000] {logging_mixin.py:190} INFO - [2024-12-13T12:01:35.547+0000] {dagbag.py:588} INFO - Filling up the DagBag from /opt/bitnami/airflow/venv/lib/python3.12/site-packages/airflow/example_dags/tutorial_objectstorage.py
[2024-12-13T12:01:35.553+0000] {processor.py:925} INFO - DAG(s) 'tutorial_objectstorage' retrieved from /opt/bitnami/airflow/venv/lib/python3.12/site-packages/airflow/example_dags/tutorial_objectstorage.py
[2024-12-13T12:01:35.587+0000] {logging_mixin.py:190} INFO - [2024-12-13T12:01:35.587+0000] {dag.py:3239} INFO - Sync 1 DAGs
[2024-12-13T12:01:35.606+0000] {logging_mixin.py:190} INFO - [2024-12-13T12:01:35.605+0000] {dag.py:4180} INFO - Setting next_dagrun for tutorial_objectstorage to None, run_after=None
[2024-12-13T12:01:35.626+0000] {processor.py:208} INFO - Processing /opt/bitnami/airflow/venv/lib/python3.12/site-packages/airflow/example_dags/tutorial_objectstorage.py took 0.086 seconds
[2024-12-13T12:02:06.489+0000] {processor.py:186} INFO - Started process (PID=444) to work on /opt/bitnami/airflow/venv/lib/python3.12/site-packages/airflow/example_dags/tutorial_objectstorage.py
[2024-12-13T12:02:06.490+0000] {processor.py:914} INFO - Processing file /opt/bitnami/airflow/venv/lib/python3.12/site-packages/airflow/example_dags/tutorial_objectstorage.py for tasks to queue
[2024-12-13T12:02:06.492+0000] {logging_mixin.py:190} INFO - [2024-12-13T12:02:06.492+0000] {dagbag.py:588} INFO - Filling up the DagBag from /opt/bitnami/airflow/venv/lib/python3.12/site-packages/airflow/example_dags/tutorial_objectstorage.py
[2024-12-13T12:02:06.505+0000] {processor.py:925} INFO - DAG(s) 'tutorial_objectstorage' retrieved from /opt/bitnami/airflow/venv/lib/python3.12/site-packages/airflow/example_dags/tutorial_objectstorage.py
[2024-12-13T12:02:06.548+0000] {logging_mixin.py:190} INFO - [2024-12-13T12:02:06.547+0000] {dag.py:3239} INFO - Sync 1 DAGs
[2024-12-13T12:02:06.566+0000] {logging_mixin.py:190} INFO - [2024-12-13T12:02:06.565+0000] {dag.py:4180} INFO - Setting next_dagrun for tutorial_objectstorage to None, run_after=None
[2024-12-13T12:02:06.588+0000] {processor.py:208} INFO - Processing /opt/bitnami/airflow/venv/lib/python3.12/site-packages/airflow/example_dags/tutorial_objectstorage.py took 0.103 seconds
[2024-12-13T12:02:36.973+0000] {processor.py:186} INFO - Started process (PID=501) to work on /opt/bitnami/airflow/venv/lib/python3.12/site-packages/airflow/example_dags/tutorial_objectstorage.py
[2024-12-13T12:02:36.974+0000] {processor.py:914} INFO - Processing file /opt/bitnami/airflow/venv/lib/python3.12/site-packages/airflow/example_dags/tutorial_objectstorage.py for tasks to queue
[2024-12-13T12:02:36.976+0000] {logging_mixin.py:190} INFO - [2024-12-13T12:02:36.976+0000] {dagbag.py:588} INFO - Filling up the DagBag from /opt/bitnami/airflow/venv/lib/python3.12/site-packages/airflow/example_dags/tutorial_objectstorage.py
[2024-12-13T12:02:36.983+0000] {processor.py:925} INFO - DAG(s) 'tutorial_objectstorage' retrieved from /opt/bitnami/airflow/venv/lib/python3.12/site-packages/airflow/example_dags/tutorial_objectstorage.py
[2024-12-13T12:02:37.014+0000] {logging_mixin.py:190} INFO - [2024-12-13T12:02:37.013+0000] {dag.py:3239} INFO - Sync 1 DAGs
[2024-12-13T12:02:37.033+0000] {logging_mixin.py:190} INFO - [2024-12-13T12:02:37.032+0000] {dag.py:4180} INFO - Setting next_dagrun for tutorial_objectstorage to None, run_after=None
[2024-12-13T12:02:37.053+0000] {processor.py:208} INFO - Processing /opt/bitnami/airflow/venv/lib/python3.12/site-packages/airflow/example_dags/tutorial_objectstorage.py took 0.085 seconds
