[2024-12-13T08:19:43.379+0000] {processor.py:186} INFO - Started process (PID=52) to work on /opt/bitnami/airflow/venv/lib/python3.12/site-packages/airflow/example_dags/tutorial_dag.py
[2024-12-13T08:19:43.380+0000] {processor.py:914} INFO - Processing file /opt/bitnami/airflow/venv/lib/python3.12/site-packages/airflow/example_dags/tutorial_dag.py for tasks to queue
[2024-12-13T08:19:43.382+0000] {logging_mixin.py:190} INFO - [2024-12-13T08:19:43.381+0000] {dagbag.py:588} INFO - Filling up the DagBag from /opt/bitnami/airflow/venv/lib/python3.12/site-packages/airflow/example_dags/tutorial_dag.py
[2024-12-13T08:19:43.386+0000] {processor.py:925} INFO - DAG(s) 'tutorial_dag' retrieved from /opt/bitnami/airflow/venv/lib/python3.12/site-packages/airflow/example_dags/tutorial_dag.py
[2024-12-13T08:19:43.431+0000] {logging_mixin.py:190} INFO - [2024-12-13T08:19:43.430+0000] {dag.py:3239} INFO - Sync 1 DAGs
[2024-12-13T08:19:43.460+0000] {logging_mixin.py:190} INFO - [2024-12-13T08:19:43.459+0000] {dag.py:4180} INFO - Setting next_dagrun for tutorial_dag to None, run_after=None
[2024-12-13T08:19:43.483+0000] {processor.py:208} INFO - Processing /opt/bitnami/airflow/venv/lib/python3.12/site-packages/airflow/example_dags/tutorial_dag.py took 0.108 seconds
[2024-12-13T08:20:14.040+0000] {processor.py:186} INFO - Started process (PID=109) to work on /opt/bitnami/airflow/venv/lib/python3.12/site-packages/airflow/example_dags/tutorial_dag.py
[2024-12-13T08:20:14.041+0000] {processor.py:914} INFO - Processing file /opt/bitnami/airflow/venv/lib/python3.12/site-packages/airflow/example_dags/tutorial_dag.py for tasks to queue
[2024-12-13T08:20:14.043+0000] {logging_mixin.py:190} INFO - [2024-12-13T08:20:14.043+0000] {dagbag.py:588} INFO - Filling up the DagBag from /opt/bitnami/airflow/venv/lib/python3.12/site-packages/airflow/example_dags/tutorial_dag.py
[2024-12-13T08:20:14.048+0000] {processor.py:925} INFO - DAG(s) 'tutorial_dag' retrieved from /opt/bitnami/airflow/venv/lib/python3.12/site-packages/airflow/example_dags/tutorial_dag.py
[2024-12-13T08:20:14.076+0000] {logging_mixin.py:190} INFO - [2024-12-13T08:20:14.075+0000] {dag.py:3239} INFO - Sync 1 DAGs
[2024-12-13T08:20:14.095+0000] {logging_mixin.py:190} INFO - [2024-12-13T08:20:14.095+0000] {dag.py:4180} INFO - Setting next_dagrun for tutorial_dag to None, run_after=None
[2024-12-13T08:20:14.114+0000] {processor.py:208} INFO - Processing /opt/bitnami/airflow/venv/lib/python3.12/site-packages/airflow/example_dags/tutorial_dag.py took 0.079 seconds
[2024-12-13T08:20:44.369+0000] {processor.py:186} INFO - Started process (PID=165) to work on /opt/bitnami/airflow/venv/lib/python3.12/site-packages/airflow/example_dags/tutorial_dag.py
[2024-12-13T08:20:44.370+0000] {processor.py:914} INFO - Processing file /opt/bitnami/airflow/venv/lib/python3.12/site-packages/airflow/example_dags/tutorial_dag.py for tasks to queue
[2024-12-13T08:20:44.374+0000] {logging_mixin.py:190} INFO - [2024-12-13T08:20:44.373+0000] {dagbag.py:588} INFO - Filling up the DagBag from /opt/bitnami/airflow/venv/lib/python3.12/site-packages/airflow/example_dags/tutorial_dag.py
[2024-12-13T08:20:44.379+0000] {processor.py:925} INFO - DAG(s) 'tutorial_dag' retrieved from /opt/bitnami/airflow/venv/lib/python3.12/site-packages/airflow/example_dags/tutorial_dag.py
[2024-12-13T08:20:44.425+0000] {logging_mixin.py:190} INFO - [2024-12-13T08:20:44.424+0000] {dag.py:3239} INFO - Sync 1 DAGs
[2024-12-13T08:20:44.442+0000] {logging_mixin.py:190} INFO - [2024-12-13T08:20:44.442+0000] {dag.py:4180} INFO - Setting next_dagrun for tutorial_dag to None, run_after=None
[2024-12-13T08:20:44.466+0000] {processor.py:208} INFO - Processing /opt/bitnami/airflow/venv/lib/python3.12/site-packages/airflow/example_dags/tutorial_dag.py took 0.103 seconds
[2024-12-13T08:21:14.803+0000] {processor.py:186} INFO - Started process (PID=222) to work on /opt/bitnami/airflow/venv/lib/python3.12/site-packages/airflow/example_dags/tutorial_dag.py
[2024-12-13T08:21:14.804+0000] {processor.py:914} INFO - Processing file /opt/bitnami/airflow/venv/lib/python3.12/site-packages/airflow/example_dags/tutorial_dag.py for tasks to queue
[2024-12-13T08:21:14.806+0000] {logging_mixin.py:190} INFO - [2024-12-13T08:21:14.805+0000] {dagbag.py:588} INFO - Filling up the DagBag from /opt/bitnami/airflow/venv/lib/python3.12/site-packages/airflow/example_dags/tutorial_dag.py
[2024-12-13T08:21:14.811+0000] {processor.py:925} INFO - DAG(s) 'tutorial_dag' retrieved from /opt/bitnami/airflow/venv/lib/python3.12/site-packages/airflow/example_dags/tutorial_dag.py
[2024-12-13T08:21:14.888+0000] {logging_mixin.py:190} INFO - [2024-12-13T08:21:14.887+0000] {dag.py:3239} INFO - Sync 1 DAGs
[2024-12-13T08:21:14.905+0000] {logging_mixin.py:190} INFO - [2024-12-13T08:21:14.905+0000] {dag.py:4180} INFO - Setting next_dagrun for tutorial_dag to None, run_after=None
[2024-12-13T08:21:14.929+0000] {processor.py:208} INFO - Processing /opt/bitnami/airflow/venv/lib/python3.12/site-packages/airflow/example_dags/tutorial_dag.py took 0.131 seconds
[2024-12-13T08:21:45.944+0000] {processor.py:186} INFO - Started process (PID=279) to work on /opt/bitnami/airflow/venv/lib/python3.12/site-packages/airflow/example_dags/tutorial_dag.py
[2024-12-13T08:21:45.945+0000] {processor.py:914} INFO - Processing file /opt/bitnami/airflow/venv/lib/python3.12/site-packages/airflow/example_dags/tutorial_dag.py for tasks to queue
[2024-12-13T08:21:45.948+0000] {logging_mixin.py:190} INFO - [2024-12-13T08:21:45.948+0000] {dagbag.py:588} INFO - Filling up the DagBag from /opt/bitnami/airflow/venv/lib/python3.12/site-packages/airflow/example_dags/tutorial_dag.py
[2024-12-13T08:21:45.955+0000] {processor.py:925} INFO - DAG(s) 'tutorial_dag' retrieved from /opt/bitnami/airflow/venv/lib/python3.12/site-packages/airflow/example_dags/tutorial_dag.py
[2024-12-13T08:21:45.998+0000] {logging_mixin.py:190} INFO - [2024-12-13T08:21:45.996+0000] {dag.py:3239} INFO - Sync 1 DAGs
[2024-12-13T08:21:46.036+0000] {logging_mixin.py:190} INFO - [2024-12-13T08:21:46.036+0000] {dag.py:4180} INFO - Setting next_dagrun for tutorial_dag to None, run_after=None
[2024-12-13T08:21:46.075+0000] {processor.py:208} INFO - Processing /opt/bitnami/airflow/venv/lib/python3.12/site-packages/airflow/example_dags/tutorial_dag.py took 0.138 seconds
[2024-12-13T08:22:16.854+0000] {processor.py:186} INFO - Started process (PID=337) to work on /opt/bitnami/airflow/venv/lib/python3.12/site-packages/airflow/example_dags/tutorial_dag.py
[2024-12-13T08:22:16.855+0000] {processor.py:914} INFO - Processing file /opt/bitnami/airflow/venv/lib/python3.12/site-packages/airflow/example_dags/tutorial_dag.py for tasks to queue
[2024-12-13T08:22:16.858+0000] {logging_mixin.py:190} INFO - [2024-12-13T08:22:16.857+0000] {dagbag.py:588} INFO - Filling up the DagBag from /opt/bitnami/airflow/venv/lib/python3.12/site-packages/airflow/example_dags/tutorial_dag.py
[2024-12-13T08:22:16.862+0000] {processor.py:925} INFO - DAG(s) 'tutorial_dag' retrieved from /opt/bitnami/airflow/venv/lib/python3.12/site-packages/airflow/example_dags/tutorial_dag.py
[2024-12-13T08:22:16.894+0000] {logging_mixin.py:190} INFO - [2024-12-13T08:22:16.893+0000] {dag.py:3239} INFO - Sync 1 DAGs
[2024-12-13T08:22:16.926+0000] {logging_mixin.py:190} INFO - [2024-12-13T08:22:16.926+0000] {dag.py:4180} INFO - Setting next_dagrun for tutorial_dag to None, run_after=None
[2024-12-13T08:22:16.972+0000] {processor.py:208} INFO - Processing /opt/bitnami/airflow/venv/lib/python3.12/site-packages/airflow/example_dags/tutorial_dag.py took 0.124 seconds
[2024-12-13T08:22:47.796+0000] {processor.py:186} INFO - Started process (PID=394) to work on /opt/bitnami/airflow/venv/lib/python3.12/site-packages/airflow/example_dags/tutorial_dag.py
[2024-12-13T08:22:47.797+0000] {processor.py:914} INFO - Processing file /opt/bitnami/airflow/venv/lib/python3.12/site-packages/airflow/example_dags/tutorial_dag.py for tasks to queue
[2024-12-13T08:22:47.799+0000] {logging_mixin.py:190} INFO - [2024-12-13T08:22:47.799+0000] {dagbag.py:588} INFO - Filling up the DagBag from /opt/bitnami/airflow/venv/lib/python3.12/site-packages/airflow/example_dags/tutorial_dag.py
[2024-12-13T08:22:47.805+0000] {processor.py:925} INFO - DAG(s) 'tutorial_dag' retrieved from /opt/bitnami/airflow/venv/lib/python3.12/site-packages/airflow/example_dags/tutorial_dag.py
[2024-12-13T08:22:47.831+0000] {logging_mixin.py:190} INFO - [2024-12-13T08:22:47.831+0000] {dag.py:3239} INFO - Sync 1 DAGs
[2024-12-13T08:22:47.848+0000] {logging_mixin.py:190} INFO - [2024-12-13T08:22:47.848+0000] {dag.py:4180} INFO - Setting next_dagrun for tutorial_dag to None, run_after=None
[2024-12-13T08:22:47.867+0000] {processor.py:208} INFO - Processing /opt/bitnami/airflow/venv/lib/python3.12/site-packages/airflow/example_dags/tutorial_dag.py took 0.075 seconds
[2024-12-13T08:25:44.543+0000] {processor.py:186} INFO - Started process (PID=52) to work on /opt/bitnami/airflow/venv/lib/python3.12/site-packages/airflow/example_dags/tutorial_dag.py
[2024-12-13T08:25:44.544+0000] {processor.py:914} INFO - Processing file /opt/bitnami/airflow/venv/lib/python3.12/site-packages/airflow/example_dags/tutorial_dag.py for tasks to queue
[2024-12-13T08:25:44.546+0000] {logging_mixin.py:190} INFO - [2024-12-13T08:25:44.546+0000] {dagbag.py:588} INFO - Filling up the DagBag from /opt/bitnami/airflow/venv/lib/python3.12/site-packages/airflow/example_dags/tutorial_dag.py
[2024-12-13T08:25:44.551+0000] {processor.py:925} INFO - DAG(s) 'tutorial_dag' retrieved from /opt/bitnami/airflow/venv/lib/python3.12/site-packages/airflow/example_dags/tutorial_dag.py
[2024-12-13T08:25:44.593+0000] {logging_mixin.py:190} INFO - [2024-12-13T08:25:44.592+0000] {dag.py:3239} INFO - Sync 1 DAGs
[2024-12-13T08:25:44.620+0000] {logging_mixin.py:190} INFO - [2024-12-13T08:25:44.619+0000] {dag.py:4180} INFO - Setting next_dagrun for tutorial_dag to None, run_after=None
[2024-12-13T08:25:44.647+0000] {processor.py:208} INFO - Processing /opt/bitnami/airflow/venv/lib/python3.12/site-packages/airflow/example_dags/tutorial_dag.py took 0.109 seconds
[2024-12-13T08:26:15.278+0000] {processor.py:186} INFO - Started process (PID=109) to work on /opt/bitnami/airflow/venv/lib/python3.12/site-packages/airflow/example_dags/tutorial_dag.py
[2024-12-13T08:26:15.279+0000] {processor.py:914} INFO - Processing file /opt/bitnami/airflow/venv/lib/python3.12/site-packages/airflow/example_dags/tutorial_dag.py for tasks to queue
[2024-12-13T08:26:15.281+0000] {logging_mixin.py:190} INFO - [2024-12-13T08:26:15.281+0000] {dagbag.py:588} INFO - Filling up the DagBag from /opt/bitnami/airflow/venv/lib/python3.12/site-packages/airflow/example_dags/tutorial_dag.py
[2024-12-13T08:26:15.286+0000] {processor.py:925} INFO - DAG(s) 'tutorial_dag' retrieved from /opt/bitnami/airflow/venv/lib/python3.12/site-packages/airflow/example_dags/tutorial_dag.py
[2024-12-13T08:26:15.323+0000] {logging_mixin.py:190} INFO - [2024-12-13T08:26:15.322+0000] {dag.py:3239} INFO - Sync 1 DAGs
[2024-12-13T08:26:15.343+0000] {logging_mixin.py:190} INFO - [2024-12-13T08:26:15.343+0000] {dag.py:4180} INFO - Setting next_dagrun for tutorial_dag to None, run_after=None
[2024-12-13T08:26:15.371+0000] {processor.py:208} INFO - Processing /opt/bitnami/airflow/venv/lib/python3.12/site-packages/airflow/example_dags/tutorial_dag.py took 0.097 seconds
[2024-12-13T08:26:46.354+0000] {processor.py:186} INFO - Started process (PID=166) to work on /opt/bitnami/airflow/venv/lib/python3.12/site-packages/airflow/example_dags/tutorial_dag.py
[2024-12-13T08:26:46.356+0000] {processor.py:914} INFO - Processing file /opt/bitnami/airflow/venv/lib/python3.12/site-packages/airflow/example_dags/tutorial_dag.py for tasks to queue
[2024-12-13T08:26:46.359+0000] {logging_mixin.py:190} INFO - [2024-12-13T08:26:46.358+0000] {dagbag.py:588} INFO - Filling up the DagBag from /opt/bitnami/airflow/venv/lib/python3.12/site-packages/airflow/example_dags/tutorial_dag.py
[2024-12-13T08:26:46.365+0000] {processor.py:925} INFO - DAG(s) 'tutorial_dag' retrieved from /opt/bitnami/airflow/venv/lib/python3.12/site-packages/airflow/example_dags/tutorial_dag.py
[2024-12-13T08:26:46.478+0000] {logging_mixin.py:190} INFO - [2024-12-13T08:26:46.477+0000] {dag.py:3239} INFO - Sync 1 DAGs
[2024-12-13T08:26:46.503+0000] {logging_mixin.py:190} INFO - [2024-12-13T08:26:46.503+0000] {dag.py:4180} INFO - Setting next_dagrun for tutorial_dag to None, run_after=None
[2024-12-13T08:26:46.535+0000] {processor.py:208} INFO - Processing /opt/bitnami/airflow/venv/lib/python3.12/site-packages/airflow/example_dags/tutorial_dag.py took 0.188 seconds
[2024-12-13T08:27:17.378+0000] {processor.py:186} INFO - Started process (PID=223) to work on /opt/bitnami/airflow/venv/lib/python3.12/site-packages/airflow/example_dags/tutorial_dag.py
[2024-12-13T08:27:17.379+0000] {processor.py:914} INFO - Processing file /opt/bitnami/airflow/venv/lib/python3.12/site-packages/airflow/example_dags/tutorial_dag.py for tasks to queue
[2024-12-13T08:27:17.382+0000] {logging_mixin.py:190} INFO - [2024-12-13T08:27:17.381+0000] {dagbag.py:588} INFO - Filling up the DagBag from /opt/bitnami/airflow/venv/lib/python3.12/site-packages/airflow/example_dags/tutorial_dag.py
[2024-12-13T08:27:17.385+0000] {processor.py:925} INFO - DAG(s) 'tutorial_dag' retrieved from /opt/bitnami/airflow/venv/lib/python3.12/site-packages/airflow/example_dags/tutorial_dag.py
[2024-12-13T08:27:17.417+0000] {logging_mixin.py:190} INFO - [2024-12-13T08:27:17.417+0000] {dag.py:3239} INFO - Sync 1 DAGs
[2024-12-13T08:27:17.435+0000] {logging_mixin.py:190} INFO - [2024-12-13T08:27:17.435+0000] {dag.py:4180} INFO - Setting next_dagrun for tutorial_dag to None, run_after=None
[2024-12-13T08:27:17.455+0000] {processor.py:208} INFO - Processing /opt/bitnami/airflow/venv/lib/python3.12/site-packages/airflow/example_dags/tutorial_dag.py took 0.081 seconds
[2024-12-13T10:42:35.445+0000] {processor.py:186} INFO - Started process (PID=52) to work on /opt/bitnami/airflow/venv/lib/python3.12/site-packages/airflow/example_dags/tutorial_dag.py
[2024-12-13T10:42:35.447+0000] {processor.py:914} INFO - Processing file /opt/bitnami/airflow/venv/lib/python3.12/site-packages/airflow/example_dags/tutorial_dag.py for tasks to queue
[2024-12-13T10:42:35.450+0000] {logging_mixin.py:190} INFO - [2024-12-13T10:42:35.450+0000] {dagbag.py:588} INFO - Filling up the DagBag from /opt/bitnami/airflow/venv/lib/python3.12/site-packages/airflow/example_dags/tutorial_dag.py
[2024-12-13T10:42:35.458+0000] {processor.py:925} INFO - DAG(s) 'tutorial_dag' retrieved from /opt/bitnami/airflow/venv/lib/python3.12/site-packages/airflow/example_dags/tutorial_dag.py
[2024-12-13T10:42:35.591+0000] {logging_mixin.py:190} INFO - [2024-12-13T10:42:35.591+0000] {override.py:1900} INFO - Created Permission View: can read on DAG:tutorial_dag
[2024-12-13T10:42:35.610+0000] {logging_mixin.py:190} INFO - [2024-12-13T10:42:35.610+0000] {override.py:1900} INFO - Created Permission View: can delete on DAG:tutorial_dag
[2024-12-13T10:42:35.620+0000] {logging_mixin.py:190} INFO - [2024-12-13T10:42:35.620+0000] {override.py:1900} INFO - Created Permission View: can edit on DAG:tutorial_dag
[2024-12-13T10:42:35.632+0000] {logging_mixin.py:190} INFO - [2024-12-13T10:42:35.631+0000] {override.py:1900} INFO - Created Permission View: can delete on DAG Run:tutorial_dag
[2024-12-13T10:42:35.641+0000] {logging_mixin.py:190} INFO - [2024-12-13T10:42:35.641+0000] {override.py:1900} INFO - Created Permission View: can read on DAG Run:tutorial_dag
[2024-12-13T10:42:35.652+0000] {logging_mixin.py:190} INFO - [2024-12-13T10:42:35.652+0000] {override.py:1900} INFO - Created Permission View: can create on DAG Run:tutorial_dag
[2024-12-13T10:42:35.667+0000] {logging_mixin.py:190} INFO - [2024-12-13T10:42:35.667+0000] {override.py:1900} INFO - Created Permission View: menu access on DAG Run:tutorial_dag
[2024-12-13T10:42:35.668+0000] {logging_mixin.py:190} INFO - [2024-12-13T10:42:35.668+0000] {dag.py:3239} INFO - Sync 1 DAGs
[2024-12-13T10:42:35.720+0000] {logging_mixin.py:190} INFO - [2024-12-13T10:42:35.720+0000] {dag.py:3262} INFO - Creating ORM DAG for tutorial_dag
[2024-12-13T10:42:35.722+0000] {logging_mixin.py:190} INFO - [2024-12-13T10:42:35.722+0000] {dag.py:4180} INFO - Setting next_dagrun for tutorial_dag to None, run_after=None
[2024-12-13T10:42:35.782+0000] {processor.py:208} INFO - Processing /opt/bitnami/airflow/venv/lib/python3.12/site-packages/airflow/example_dags/tutorial_dag.py took 0.343 seconds
[2024-12-13T10:43:06.574+0000] {processor.py:186} INFO - Started process (PID=108) to work on /opt/bitnami/airflow/venv/lib/python3.12/site-packages/airflow/example_dags/tutorial_dag.py
[2024-12-13T10:43:06.575+0000] {processor.py:914} INFO - Processing file /opt/bitnami/airflow/venv/lib/python3.12/site-packages/airflow/example_dags/tutorial_dag.py for tasks to queue
[2024-12-13T10:43:06.577+0000] {logging_mixin.py:190} INFO - [2024-12-13T10:43:06.577+0000] {dagbag.py:588} INFO - Filling up the DagBag from /opt/bitnami/airflow/venv/lib/python3.12/site-packages/airflow/example_dags/tutorial_dag.py
[2024-12-13T10:43:06.581+0000] {processor.py:925} INFO - DAG(s) 'tutorial_dag' retrieved from /opt/bitnami/airflow/venv/lib/python3.12/site-packages/airflow/example_dags/tutorial_dag.py
[2024-12-13T10:43:06.648+0000] {logging_mixin.py:190} INFO - [2024-12-13T10:43:06.648+0000] {dag.py:3239} INFO - Sync 1 DAGs
[2024-12-13T10:43:06.694+0000] {logging_mixin.py:190} INFO - [2024-12-13T10:43:06.694+0000] {dag.py:4180} INFO - Setting next_dagrun for tutorial_dag to None, run_after=None
[2024-12-13T10:43:06.739+0000] {processor.py:208} INFO - Processing /opt/bitnami/airflow/venv/lib/python3.12/site-packages/airflow/example_dags/tutorial_dag.py took 0.168 seconds
[2024-12-13T10:43:37.220+0000] {processor.py:186} INFO - Started process (PID=165) to work on /opt/bitnami/airflow/venv/lib/python3.12/site-packages/airflow/example_dags/tutorial_dag.py
[2024-12-13T10:43:37.222+0000] {processor.py:914} INFO - Processing file /opt/bitnami/airflow/venv/lib/python3.12/site-packages/airflow/example_dags/tutorial_dag.py for tasks to queue
[2024-12-13T10:43:37.227+0000] {logging_mixin.py:190} INFO - [2024-12-13T10:43:37.226+0000] {dagbag.py:588} INFO - Filling up the DagBag from /opt/bitnami/airflow/venv/lib/python3.12/site-packages/airflow/example_dags/tutorial_dag.py
[2024-12-13T10:43:37.237+0000] {processor.py:925} INFO - DAG(s) 'tutorial_dag' retrieved from /opt/bitnami/airflow/venv/lib/python3.12/site-packages/airflow/example_dags/tutorial_dag.py
[2024-12-13T10:43:37.420+0000] {logging_mixin.py:190} INFO - [2024-12-13T10:43:37.419+0000] {dag.py:3239} INFO - Sync 1 DAGs
[2024-12-13T10:43:37.461+0000] {logging_mixin.py:190} INFO - [2024-12-13T10:43:37.461+0000] {dag.py:4180} INFO - Setting next_dagrun for tutorial_dag to None, run_after=None
[2024-12-13T10:43:37.504+0000] {processor.py:208} INFO - Processing /opt/bitnami/airflow/venv/lib/python3.12/site-packages/airflow/example_dags/tutorial_dag.py took 0.291 seconds
[2024-12-13T10:44:08.183+0000] {processor.py:186} INFO - Started process (PID=222) to work on /opt/bitnami/airflow/venv/lib/python3.12/site-packages/airflow/example_dags/tutorial_dag.py
[2024-12-13T10:44:08.185+0000] {processor.py:914} INFO - Processing file /opt/bitnami/airflow/venv/lib/python3.12/site-packages/airflow/example_dags/tutorial_dag.py for tasks to queue
[2024-12-13T10:44:08.187+0000] {logging_mixin.py:190} INFO - [2024-12-13T10:44:08.187+0000] {dagbag.py:588} INFO - Filling up the DagBag from /opt/bitnami/airflow/venv/lib/python3.12/site-packages/airflow/example_dags/tutorial_dag.py
[2024-12-13T10:44:08.192+0000] {processor.py:925} INFO - DAG(s) 'tutorial_dag' retrieved from /opt/bitnami/airflow/venv/lib/python3.12/site-packages/airflow/example_dags/tutorial_dag.py
[2024-12-13T10:44:08.285+0000] {logging_mixin.py:190} INFO - [2024-12-13T10:44:08.285+0000] {dag.py:3239} INFO - Sync 1 DAGs
[2024-12-13T10:44:08.322+0000] {logging_mixin.py:190} INFO - [2024-12-13T10:44:08.322+0000] {dag.py:4180} INFO - Setting next_dagrun for tutorial_dag to None, run_after=None
[2024-12-13T10:44:08.371+0000] {processor.py:208} INFO - Processing /opt/bitnami/airflow/venv/lib/python3.12/site-packages/airflow/example_dags/tutorial_dag.py took 0.193 seconds
[2024-12-13T10:44:39.154+0000] {processor.py:186} INFO - Started process (PID=280) to work on /opt/bitnami/airflow/venv/lib/python3.12/site-packages/airflow/example_dags/tutorial_dag.py
[2024-12-13T10:44:39.156+0000] {processor.py:914} INFO - Processing file /opt/bitnami/airflow/venv/lib/python3.12/site-packages/airflow/example_dags/tutorial_dag.py for tasks to queue
[2024-12-13T10:44:39.159+0000] {logging_mixin.py:190} INFO - [2024-12-13T10:44:39.158+0000] {dagbag.py:588} INFO - Filling up the DagBag from /opt/bitnami/airflow/venv/lib/python3.12/site-packages/airflow/example_dags/tutorial_dag.py
[2024-12-13T10:44:39.166+0000] {processor.py:925} INFO - DAG(s) 'tutorial_dag' retrieved from /opt/bitnami/airflow/venv/lib/python3.12/site-packages/airflow/example_dags/tutorial_dag.py
[2024-12-13T10:44:39.272+0000] {logging_mixin.py:190} INFO - [2024-12-13T10:44:39.272+0000] {dag.py:3239} INFO - Sync 1 DAGs
[2024-12-13T10:44:39.306+0000] {logging_mixin.py:190} INFO - [2024-12-13T10:44:39.305+0000] {dag.py:4180} INFO - Setting next_dagrun for tutorial_dag to None, run_after=None
[2024-12-13T10:44:39.331+0000] {processor.py:208} INFO - Processing /opt/bitnami/airflow/venv/lib/python3.12/site-packages/airflow/example_dags/tutorial_dag.py took 0.185 seconds
[2024-12-13T10:52:08.788+0000] {processor.py:186} INFO - Started process (PID=52) to work on /opt/bitnami/airflow/venv/lib/python3.12/site-packages/airflow/example_dags/tutorial_dag.py
[2024-12-13T10:52:08.789+0000] {processor.py:914} INFO - Processing file /opt/bitnami/airflow/venv/lib/python3.12/site-packages/airflow/example_dags/tutorial_dag.py for tasks to queue
[2024-12-13T10:52:08.791+0000] {logging_mixin.py:190} INFO - [2024-12-13T10:52:08.791+0000] {dagbag.py:588} INFO - Filling up the DagBag from /opt/bitnami/airflow/venv/lib/python3.12/site-packages/airflow/example_dags/tutorial_dag.py
[2024-12-13T10:52:08.798+0000] {processor.py:925} INFO - DAG(s) 'tutorial_dag' retrieved from /opt/bitnami/airflow/venv/lib/python3.12/site-packages/airflow/example_dags/tutorial_dag.py
[2024-12-13T10:52:08.886+0000] {logging_mixin.py:190} INFO - [2024-12-13T10:52:08.885+0000] {override.py:1900} INFO - Created Permission View: can read on DAG:tutorial_dag
[2024-12-13T10:52:08.899+0000] {logging_mixin.py:190} INFO - [2024-12-13T10:52:08.899+0000] {override.py:1900} INFO - Created Permission View: can delete on DAG:tutorial_dag
[2024-12-13T10:52:08.907+0000] {logging_mixin.py:190} INFO - [2024-12-13T10:52:08.906+0000] {override.py:1900} INFO - Created Permission View: can edit on DAG:tutorial_dag
[2024-12-13T10:52:08.915+0000] {logging_mixin.py:190} INFO - [2024-12-13T10:52:08.915+0000] {override.py:1900} INFO - Created Permission View: menu access on DAG Run:tutorial_dag
[2024-12-13T10:52:08.923+0000] {logging_mixin.py:190} INFO - [2024-12-13T10:52:08.922+0000] {override.py:1900} INFO - Created Permission View: can read on DAG Run:tutorial_dag
[2024-12-13T10:52:08.930+0000] {logging_mixin.py:190} INFO - [2024-12-13T10:52:08.929+0000] {override.py:1900} INFO - Created Permission View: can delete on DAG Run:tutorial_dag
[2024-12-13T10:52:08.936+0000] {logging_mixin.py:190} INFO - [2024-12-13T10:52:08.936+0000] {override.py:1900} INFO - Created Permission View: can create on DAG Run:tutorial_dag
[2024-12-13T10:52:08.937+0000] {logging_mixin.py:190} INFO - [2024-12-13T10:52:08.936+0000] {dag.py:3239} INFO - Sync 1 DAGs
[2024-12-13T10:52:08.969+0000] {logging_mixin.py:190} INFO - [2024-12-13T10:52:08.969+0000] {dag.py:3262} INFO - Creating ORM DAG for tutorial_dag
[2024-12-13T10:52:08.971+0000] {logging_mixin.py:190} INFO - [2024-12-13T10:52:08.971+0000] {dag.py:4180} INFO - Setting next_dagrun for tutorial_dag to None, run_after=None
[2024-12-13T10:52:09.009+0000] {processor.py:208} INFO - Processing /opt/bitnami/airflow/venv/lib/python3.12/site-packages/airflow/example_dags/tutorial_dag.py took 0.227 seconds
[2024-12-13T10:52:39.543+0000] {processor.py:186} INFO - Started process (PID=108) to work on /opt/bitnami/airflow/venv/lib/python3.12/site-packages/airflow/example_dags/tutorial_dag.py
[2024-12-13T10:52:39.544+0000] {processor.py:914} INFO - Processing file /opt/bitnami/airflow/venv/lib/python3.12/site-packages/airflow/example_dags/tutorial_dag.py for tasks to queue
[2024-12-13T10:52:39.547+0000] {logging_mixin.py:190} INFO - [2024-12-13T10:52:39.546+0000] {dagbag.py:588} INFO - Filling up the DagBag from /opt/bitnami/airflow/venv/lib/python3.12/site-packages/airflow/example_dags/tutorial_dag.py
[2024-12-13T10:52:39.553+0000] {processor.py:925} INFO - DAG(s) 'tutorial_dag' retrieved from /opt/bitnami/airflow/venv/lib/python3.12/site-packages/airflow/example_dags/tutorial_dag.py
[2024-12-13T10:52:39.610+0000] {logging_mixin.py:190} INFO - [2024-12-13T10:52:39.609+0000] {dag.py:3239} INFO - Sync 1 DAGs
[2024-12-13T10:52:39.646+0000] {logging_mixin.py:190} INFO - [2024-12-13T10:52:39.646+0000] {dag.py:4180} INFO - Setting next_dagrun for tutorial_dag to None, run_after=None
[2024-12-13T10:52:39.679+0000] {processor.py:208} INFO - Processing /opt/bitnami/airflow/venv/lib/python3.12/site-packages/airflow/example_dags/tutorial_dag.py took 0.141 seconds
[2024-12-13T10:53:11.061+0000] {processor.py:186} INFO - Started process (PID=166) to work on /opt/bitnami/airflow/venv/lib/python3.12/site-packages/airflow/example_dags/tutorial_dag.py
[2024-12-13T10:53:11.063+0000] {processor.py:914} INFO - Processing file /opt/bitnami/airflow/venv/lib/python3.12/site-packages/airflow/example_dags/tutorial_dag.py for tasks to queue
[2024-12-13T10:53:11.068+0000] {logging_mixin.py:190} INFO - [2024-12-13T10:53:11.067+0000] {dagbag.py:588} INFO - Filling up the DagBag from /opt/bitnami/airflow/venv/lib/python3.12/site-packages/airflow/example_dags/tutorial_dag.py
[2024-12-13T10:53:11.076+0000] {processor.py:925} INFO - DAG(s) 'tutorial_dag' retrieved from /opt/bitnami/airflow/venv/lib/python3.12/site-packages/airflow/example_dags/tutorial_dag.py
[2024-12-13T10:53:11.261+0000] {logging_mixin.py:190} INFO - [2024-12-13T10:53:11.260+0000] {dag.py:3239} INFO - Sync 1 DAGs
[2024-12-13T10:53:11.307+0000] {logging_mixin.py:190} INFO - [2024-12-13T10:53:11.306+0000] {dag.py:4180} INFO - Setting next_dagrun for tutorial_dag to None, run_after=None
[2024-12-13T10:53:11.369+0000] {processor.py:208} INFO - Processing /opt/bitnami/airflow/venv/lib/python3.12/site-packages/airflow/example_dags/tutorial_dag.py took 0.314 seconds
[2024-12-13T10:53:41.885+0000] {processor.py:186} INFO - Started process (PID=223) to work on /opt/bitnami/airflow/venv/lib/python3.12/site-packages/airflow/example_dags/tutorial_dag.py
[2024-12-13T10:53:41.886+0000] {processor.py:914} INFO - Processing file /opt/bitnami/airflow/venv/lib/python3.12/site-packages/airflow/example_dags/tutorial_dag.py for tasks to queue
[2024-12-13T10:53:41.892+0000] {logging_mixin.py:190} INFO - [2024-12-13T10:53:41.891+0000] {dagbag.py:588} INFO - Filling up the DagBag from /opt/bitnami/airflow/venv/lib/python3.12/site-packages/airflow/example_dags/tutorial_dag.py
[2024-12-13T10:53:41.899+0000] {processor.py:925} INFO - DAG(s) 'tutorial_dag' retrieved from /opt/bitnami/airflow/venv/lib/python3.12/site-packages/airflow/example_dags/tutorial_dag.py
[2024-12-13T10:53:41.963+0000] {logging_mixin.py:190} INFO - [2024-12-13T10:53:41.963+0000] {dag.py:3239} INFO - Sync 1 DAGs
[2024-12-13T10:53:41.989+0000] {logging_mixin.py:190} INFO - [2024-12-13T10:53:41.989+0000] {dag.py:4180} INFO - Setting next_dagrun for tutorial_dag to None, run_after=None
[2024-12-13T10:53:42.015+0000] {processor.py:208} INFO - Processing /opt/bitnami/airflow/venv/lib/python3.12/site-packages/airflow/example_dags/tutorial_dag.py took 0.136 seconds
[2024-12-13T10:54:12.198+0000] {processor.py:186} INFO - Started process (PID=280) to work on /opt/bitnami/airflow/venv/lib/python3.12/site-packages/airflow/example_dags/tutorial_dag.py
[2024-12-13T10:54:12.199+0000] {processor.py:914} INFO - Processing file /opt/bitnami/airflow/venv/lib/python3.12/site-packages/airflow/example_dags/tutorial_dag.py for tasks to queue
[2024-12-13T10:54:12.201+0000] {logging_mixin.py:190} INFO - [2024-12-13T10:54:12.201+0000] {dagbag.py:588} INFO - Filling up the DagBag from /opt/bitnami/airflow/venv/lib/python3.12/site-packages/airflow/example_dags/tutorial_dag.py
[2024-12-13T10:54:12.207+0000] {processor.py:925} INFO - DAG(s) 'tutorial_dag' retrieved from /opt/bitnami/airflow/venv/lib/python3.12/site-packages/airflow/example_dags/tutorial_dag.py
[2024-12-13T10:54:12.261+0000] {logging_mixin.py:190} INFO - [2024-12-13T10:54:12.260+0000] {dag.py:3239} INFO - Sync 1 DAGs
[2024-12-13T10:54:12.284+0000] {logging_mixin.py:190} INFO - [2024-12-13T10:54:12.284+0000] {dag.py:4180} INFO - Setting next_dagrun for tutorial_dag to None, run_after=None
[2024-12-13T10:54:12.306+0000] {processor.py:208} INFO - Processing /opt/bitnami/airflow/venv/lib/python3.12/site-packages/airflow/example_dags/tutorial_dag.py took 0.112 seconds
[2024-12-13T10:54:42.650+0000] {processor.py:186} INFO - Started process (PID=337) to work on /opt/bitnami/airflow/venv/lib/python3.12/site-packages/airflow/example_dags/tutorial_dag.py
[2024-12-13T10:54:42.652+0000] {processor.py:914} INFO - Processing file /opt/bitnami/airflow/venv/lib/python3.12/site-packages/airflow/example_dags/tutorial_dag.py for tasks to queue
[2024-12-13T10:54:42.654+0000] {logging_mixin.py:190} INFO - [2024-12-13T10:54:42.654+0000] {dagbag.py:588} INFO - Filling up the DagBag from /opt/bitnami/airflow/venv/lib/python3.12/site-packages/airflow/example_dags/tutorial_dag.py
[2024-12-13T10:54:42.659+0000] {processor.py:925} INFO - DAG(s) 'tutorial_dag' retrieved from /opt/bitnami/airflow/venv/lib/python3.12/site-packages/airflow/example_dags/tutorial_dag.py
[2024-12-13T10:54:42.716+0000] {logging_mixin.py:190} INFO - [2024-12-13T10:54:42.716+0000] {dag.py:3239} INFO - Sync 1 DAGs
[2024-12-13T10:54:42.732+0000] {logging_mixin.py:190} INFO - [2024-12-13T10:54:42.731+0000] {dag.py:4180} INFO - Setting next_dagrun for tutorial_dag to None, run_after=None
[2024-12-13T10:54:42.752+0000] {processor.py:208} INFO - Processing /opt/bitnami/airflow/venv/lib/python3.12/site-packages/airflow/example_dags/tutorial_dag.py took 0.107 seconds
[2024-12-13T10:55:14.007+0000] {processor.py:186} INFO - Started process (PID=394) to work on /opt/bitnami/airflow/venv/lib/python3.12/site-packages/airflow/example_dags/tutorial_dag.py
[2024-12-13T10:55:14.008+0000] {processor.py:914} INFO - Processing file /opt/bitnami/airflow/venv/lib/python3.12/site-packages/airflow/example_dags/tutorial_dag.py for tasks to queue
[2024-12-13T10:55:14.010+0000] {logging_mixin.py:190} INFO - [2024-12-13T10:55:14.010+0000] {dagbag.py:588} INFO - Filling up the DagBag from /opt/bitnami/airflow/venv/lib/python3.12/site-packages/airflow/example_dags/tutorial_dag.py
[2024-12-13T10:55:14.016+0000] {processor.py:925} INFO - DAG(s) 'tutorial_dag' retrieved from /opt/bitnami/airflow/venv/lib/python3.12/site-packages/airflow/example_dags/tutorial_dag.py
[2024-12-13T10:55:14.086+0000] {logging_mixin.py:190} INFO - [2024-12-13T10:55:14.086+0000] {dag.py:3239} INFO - Sync 1 DAGs
[2024-12-13T10:55:14.117+0000] {logging_mixin.py:190} INFO - [2024-12-13T10:55:14.116+0000] {dag.py:4180} INFO - Setting next_dagrun for tutorial_dag to None, run_after=None
[2024-12-13T10:55:14.151+0000] {processor.py:208} INFO - Processing /opt/bitnami/airflow/venv/lib/python3.12/site-packages/airflow/example_dags/tutorial_dag.py took 0.148 seconds
[2024-12-13T10:55:44.227+0000] {processor.py:186} INFO - Started process (PID=451) to work on /opt/bitnami/airflow/venv/lib/python3.12/site-packages/airflow/example_dags/tutorial_dag.py
[2024-12-13T10:55:44.228+0000] {processor.py:914} INFO - Processing file /opt/bitnami/airflow/venv/lib/python3.12/site-packages/airflow/example_dags/tutorial_dag.py for tasks to queue
[2024-12-13T10:55:44.231+0000] {logging_mixin.py:190} INFO - [2024-12-13T10:55:44.230+0000] {dagbag.py:588} INFO - Filling up the DagBag from /opt/bitnami/airflow/venv/lib/python3.12/site-packages/airflow/example_dags/tutorial_dag.py
[2024-12-13T10:55:44.237+0000] {processor.py:925} INFO - DAG(s) 'tutorial_dag' retrieved from /opt/bitnami/airflow/venv/lib/python3.12/site-packages/airflow/example_dags/tutorial_dag.py
[2024-12-13T10:55:44.299+0000] {logging_mixin.py:190} INFO - [2024-12-13T10:55:44.299+0000] {dag.py:3239} INFO - Sync 1 DAGs
[2024-12-13T10:55:44.328+0000] {logging_mixin.py:190} INFO - [2024-12-13T10:55:44.328+0000] {dag.py:4180} INFO - Setting next_dagrun for tutorial_dag to None, run_after=None
[2024-12-13T10:55:44.370+0000] {processor.py:208} INFO - Processing /opt/bitnami/airflow/venv/lib/python3.12/site-packages/airflow/example_dags/tutorial_dag.py took 0.148 seconds
[2024-12-13T10:56:14.715+0000] {processor.py:186} INFO - Started process (PID=508) to work on /opt/bitnami/airflow/venv/lib/python3.12/site-packages/airflow/example_dags/tutorial_dag.py
[2024-12-13T10:56:14.716+0000] {processor.py:914} INFO - Processing file /opt/bitnami/airflow/venv/lib/python3.12/site-packages/airflow/example_dags/tutorial_dag.py for tasks to queue
[2024-12-13T10:56:14.719+0000] {logging_mixin.py:190} INFO - [2024-12-13T10:56:14.719+0000] {dagbag.py:588} INFO - Filling up the DagBag from /opt/bitnami/airflow/venv/lib/python3.12/site-packages/airflow/example_dags/tutorial_dag.py
[2024-12-13T10:56:14.724+0000] {processor.py:925} INFO - DAG(s) 'tutorial_dag' retrieved from /opt/bitnami/airflow/venv/lib/python3.12/site-packages/airflow/example_dags/tutorial_dag.py
[2024-12-13T10:56:14.820+0000] {logging_mixin.py:190} INFO - [2024-12-13T10:56:14.819+0000] {dag.py:3239} INFO - Sync 1 DAGs
[2024-12-13T10:56:14.867+0000] {logging_mixin.py:190} INFO - [2024-12-13T10:56:14.866+0000] {dag.py:4180} INFO - Setting next_dagrun for tutorial_dag to None, run_after=None
[2024-12-13T10:56:14.919+0000] {processor.py:208} INFO - Processing /opt/bitnami/airflow/venv/lib/python3.12/site-packages/airflow/example_dags/tutorial_dag.py took 0.208 seconds
[2024-12-13T10:56:45.023+0000] {processor.py:186} INFO - Started process (PID=564) to work on /opt/bitnami/airflow/venv/lib/python3.12/site-packages/airflow/example_dags/tutorial_dag.py
[2024-12-13T10:56:45.025+0000] {processor.py:914} INFO - Processing file /opt/bitnami/airflow/venv/lib/python3.12/site-packages/airflow/example_dags/tutorial_dag.py for tasks to queue
[2024-12-13T10:56:45.028+0000] {logging_mixin.py:190} INFO - [2024-12-13T10:56:45.028+0000] {dagbag.py:588} INFO - Filling up the DagBag from /opt/bitnami/airflow/venv/lib/python3.12/site-packages/airflow/example_dags/tutorial_dag.py
[2024-12-13T10:56:45.033+0000] {processor.py:925} INFO - DAG(s) 'tutorial_dag' retrieved from /opt/bitnami/airflow/venv/lib/python3.12/site-packages/airflow/example_dags/tutorial_dag.py
[2024-12-13T10:56:45.133+0000] {logging_mixin.py:190} INFO - [2024-12-13T10:56:45.133+0000] {dag.py:3239} INFO - Sync 1 DAGs
[2024-12-13T10:56:45.168+0000] {logging_mixin.py:190} INFO - [2024-12-13T10:56:45.168+0000] {dag.py:4180} INFO - Setting next_dagrun for tutorial_dag to None, run_after=None
[2024-12-13T10:56:45.226+0000] {processor.py:208} INFO - Processing /opt/bitnami/airflow/venv/lib/python3.12/site-packages/airflow/example_dags/tutorial_dag.py took 0.207 seconds
[2024-12-13T10:57:15.656+0000] {processor.py:186} INFO - Started process (PID=622) to work on /opt/bitnami/airflow/venv/lib/python3.12/site-packages/airflow/example_dags/tutorial_dag.py
[2024-12-13T10:57:15.657+0000] {processor.py:914} INFO - Processing file /opt/bitnami/airflow/venv/lib/python3.12/site-packages/airflow/example_dags/tutorial_dag.py for tasks to queue
[2024-12-13T10:57:15.660+0000] {logging_mixin.py:190} INFO - [2024-12-13T10:57:15.660+0000] {dagbag.py:588} INFO - Filling up the DagBag from /opt/bitnami/airflow/venv/lib/python3.12/site-packages/airflow/example_dags/tutorial_dag.py
[2024-12-13T10:57:15.664+0000] {processor.py:925} INFO - DAG(s) 'tutorial_dag' retrieved from /opt/bitnami/airflow/venv/lib/python3.12/site-packages/airflow/example_dags/tutorial_dag.py
[2024-12-13T10:57:15.724+0000] {logging_mixin.py:190} INFO - [2024-12-13T10:57:15.723+0000] {dag.py:3239} INFO - Sync 1 DAGs
[2024-12-13T10:57:15.744+0000] {logging_mixin.py:190} INFO - [2024-12-13T10:57:15.744+0000] {dag.py:4180} INFO - Setting next_dagrun for tutorial_dag to None, run_after=None
[2024-12-13T10:57:15.762+0000] {processor.py:208} INFO - Processing /opt/bitnami/airflow/venv/lib/python3.12/site-packages/airflow/example_dags/tutorial_dag.py took 0.110 seconds
[2024-12-13T10:57:45.923+0000] {processor.py:186} INFO - Started process (PID=678) to work on /opt/bitnami/airflow/venv/lib/python3.12/site-packages/airflow/example_dags/tutorial_dag.py
[2024-12-13T10:57:45.924+0000] {processor.py:914} INFO - Processing file /opt/bitnami/airflow/venv/lib/python3.12/site-packages/airflow/example_dags/tutorial_dag.py for tasks to queue
[2024-12-13T10:57:45.926+0000] {logging_mixin.py:190} INFO - [2024-12-13T10:57:45.926+0000] {dagbag.py:588} INFO - Filling up the DagBag from /opt/bitnami/airflow/venv/lib/python3.12/site-packages/airflow/example_dags/tutorial_dag.py
[2024-12-13T10:57:45.931+0000] {processor.py:925} INFO - DAG(s) 'tutorial_dag' retrieved from /opt/bitnami/airflow/venv/lib/python3.12/site-packages/airflow/example_dags/tutorial_dag.py
[2024-12-13T10:57:45.956+0000] {logging_mixin.py:190} INFO - [2024-12-13T10:57:45.956+0000] {dag.py:3239} INFO - Sync 1 DAGs
[2024-12-13T10:57:45.970+0000] {logging_mixin.py:190} INFO - [2024-12-13T10:57:45.970+0000] {dag.py:4180} INFO - Setting next_dagrun for tutorial_dag to None, run_after=None
[2024-12-13T10:57:46.002+0000] {processor.py:208} INFO - Processing /opt/bitnami/airflow/venv/lib/python3.12/site-packages/airflow/example_dags/tutorial_dag.py took 0.084 seconds
[2024-12-13T10:58:17.305+0000] {processor.py:186} INFO - Started process (PID=736) to work on /opt/bitnami/airflow/venv/lib/python3.12/site-packages/airflow/example_dags/tutorial_dag.py
[2024-12-13T10:58:17.306+0000] {processor.py:914} INFO - Processing file /opt/bitnami/airflow/venv/lib/python3.12/site-packages/airflow/example_dags/tutorial_dag.py for tasks to queue
[2024-12-13T10:58:17.309+0000] {logging_mixin.py:190} INFO - [2024-12-13T10:58:17.309+0000] {dagbag.py:588} INFO - Filling up the DagBag from /opt/bitnami/airflow/venv/lib/python3.12/site-packages/airflow/example_dags/tutorial_dag.py
[2024-12-13T10:58:17.313+0000] {processor.py:925} INFO - DAG(s) 'tutorial_dag' retrieved from /opt/bitnami/airflow/venv/lib/python3.12/site-packages/airflow/example_dags/tutorial_dag.py
[2024-12-13T10:58:17.373+0000] {logging_mixin.py:190} INFO - [2024-12-13T10:58:17.373+0000] {dag.py:3239} INFO - Sync 1 DAGs
[2024-12-13T10:58:17.388+0000] {logging_mixin.py:190} INFO - [2024-12-13T10:58:17.388+0000] {dag.py:4180} INFO - Setting next_dagrun for tutorial_dag to None, run_after=None
[2024-12-13T10:58:17.406+0000] {processor.py:208} INFO - Processing /opt/bitnami/airflow/venv/lib/python3.12/site-packages/airflow/example_dags/tutorial_dag.py took 0.105 seconds
[2024-12-13T10:58:48.692+0000] {processor.py:186} INFO - Started process (PID=793) to work on /opt/bitnami/airflow/venv/lib/python3.12/site-packages/airflow/example_dags/tutorial_dag.py
[2024-12-13T10:58:48.693+0000] {processor.py:914} INFO - Processing file /opt/bitnami/airflow/venv/lib/python3.12/site-packages/airflow/example_dags/tutorial_dag.py for tasks to queue
[2024-12-13T10:58:48.696+0000] {logging_mixin.py:190} INFO - [2024-12-13T10:58:48.695+0000] {dagbag.py:588} INFO - Filling up the DagBag from /opt/bitnami/airflow/venv/lib/python3.12/site-packages/airflow/example_dags/tutorial_dag.py
[2024-12-13T10:58:48.700+0000] {processor.py:925} INFO - DAG(s) 'tutorial_dag' retrieved from /opt/bitnami/airflow/venv/lib/python3.12/site-packages/airflow/example_dags/tutorial_dag.py
[2024-12-13T10:58:48.756+0000] {logging_mixin.py:190} INFO - [2024-12-13T10:58:48.755+0000] {dag.py:3239} INFO - Sync 1 DAGs
[2024-12-13T10:58:48.780+0000] {logging_mixin.py:190} INFO - [2024-12-13T10:58:48.780+0000] {dag.py:4180} INFO - Setting next_dagrun for tutorial_dag to None, run_after=None
[2024-12-13T10:58:48.807+0000] {processor.py:208} INFO - Processing /opt/bitnami/airflow/venv/lib/python3.12/site-packages/airflow/example_dags/tutorial_dag.py took 0.119 seconds
[2024-12-13T11:07:29.291+0000] {processor.py:186} INFO - Started process (PID=52) to work on /opt/bitnami/airflow/venv/lib/python3.12/site-packages/airflow/example_dags/tutorial_dag.py
[2024-12-13T11:07:29.292+0000] {processor.py:914} INFO - Processing file /opt/bitnami/airflow/venv/lib/python3.12/site-packages/airflow/example_dags/tutorial_dag.py for tasks to queue
[2024-12-13T11:07:29.294+0000] {logging_mixin.py:190} INFO - [2024-12-13T11:07:29.294+0000] {dagbag.py:588} INFO - Filling up the DagBag from /opt/bitnami/airflow/venv/lib/python3.12/site-packages/airflow/example_dags/tutorial_dag.py
[2024-12-13T11:07:29.299+0000] {processor.py:925} INFO - DAG(s) 'tutorial_dag' retrieved from /opt/bitnami/airflow/venv/lib/python3.12/site-packages/airflow/example_dags/tutorial_dag.py
[2024-12-13T11:07:29.342+0000] {logging_mixin.py:190} INFO - [2024-12-13T11:07:29.341+0000] {dag.py:3239} INFO - Sync 1 DAGs
[2024-12-13T11:07:29.366+0000] {logging_mixin.py:190} INFO - [2024-12-13T11:07:29.366+0000] {dag.py:4180} INFO - Setting next_dagrun for tutorial_dag to None, run_after=None
[2024-12-13T11:07:29.392+0000] {processor.py:208} INFO - Processing /opt/bitnami/airflow/venv/lib/python3.12/site-packages/airflow/example_dags/tutorial_dag.py took 0.107 seconds
[2024-12-13T11:08:00.125+0000] {processor.py:186} INFO - Started process (PID=109) to work on /opt/bitnami/airflow/venv/lib/python3.12/site-packages/airflow/example_dags/tutorial_dag.py
[2024-12-13T11:08:00.126+0000] {processor.py:914} INFO - Processing file /opt/bitnami/airflow/venv/lib/python3.12/site-packages/airflow/example_dags/tutorial_dag.py for tasks to queue
[2024-12-13T11:08:00.130+0000] {logging_mixin.py:190} INFO - [2024-12-13T11:08:00.129+0000] {dagbag.py:588} INFO - Filling up the DagBag from /opt/bitnami/airflow/venv/lib/python3.12/site-packages/airflow/example_dags/tutorial_dag.py
[2024-12-13T11:08:00.137+0000] {processor.py:925} INFO - DAG(s) 'tutorial_dag' retrieved from /opt/bitnami/airflow/venv/lib/python3.12/site-packages/airflow/example_dags/tutorial_dag.py
[2024-12-13T11:08:00.167+0000] {logging_mixin.py:190} INFO - [2024-12-13T11:08:00.167+0000] {dag.py:3239} INFO - Sync 1 DAGs
[2024-12-13T11:08:00.205+0000] {logging_mixin.py:190} INFO - [2024-12-13T11:08:00.205+0000] {dag.py:4180} INFO - Setting next_dagrun for tutorial_dag to None, run_after=None
[2024-12-13T11:08:00.234+0000] {processor.py:208} INFO - Processing /opt/bitnami/airflow/venv/lib/python3.12/site-packages/airflow/example_dags/tutorial_dag.py took 0.116 seconds
[2024-12-13T11:08:30.745+0000] {processor.py:186} INFO - Started process (PID=166) to work on /opt/bitnami/airflow/venv/lib/python3.12/site-packages/airflow/example_dags/tutorial_dag.py
[2024-12-13T11:08:30.747+0000] {processor.py:914} INFO - Processing file /opt/bitnami/airflow/venv/lib/python3.12/site-packages/airflow/example_dags/tutorial_dag.py for tasks to queue
[2024-12-13T11:08:30.750+0000] {logging_mixin.py:190} INFO - [2024-12-13T11:08:30.749+0000] {dagbag.py:588} INFO - Filling up the DagBag from /opt/bitnami/airflow/venv/lib/python3.12/site-packages/airflow/example_dags/tutorial_dag.py
[2024-12-13T11:08:30.757+0000] {processor.py:925} INFO - DAG(s) 'tutorial_dag' retrieved from /opt/bitnami/airflow/venv/lib/python3.12/site-packages/airflow/example_dags/tutorial_dag.py
[2024-12-13T11:08:30.893+0000] {logging_mixin.py:190} INFO - [2024-12-13T11:08:30.892+0000] {dag.py:3239} INFO - Sync 1 DAGs
[2024-12-13T11:08:30.924+0000] {logging_mixin.py:190} INFO - [2024-12-13T11:08:30.924+0000] {dag.py:4180} INFO - Setting next_dagrun for tutorial_dag to None, run_after=None
[2024-12-13T11:08:30.965+0000] {processor.py:208} INFO - Processing /opt/bitnami/airflow/venv/lib/python3.12/site-packages/airflow/example_dags/tutorial_dag.py took 0.230 seconds
[2024-12-13T11:09:01.138+0000] {processor.py:186} INFO - Started process (PID=222) to work on /opt/bitnami/airflow/venv/lib/python3.12/site-packages/airflow/example_dags/tutorial_dag.py
[2024-12-13T11:09:01.139+0000] {processor.py:914} INFO - Processing file /opt/bitnami/airflow/venv/lib/python3.12/site-packages/airflow/example_dags/tutorial_dag.py for tasks to queue
[2024-12-13T11:09:01.142+0000] {logging_mixin.py:190} INFO - [2024-12-13T11:09:01.141+0000] {dagbag.py:588} INFO - Filling up the DagBag from /opt/bitnami/airflow/venv/lib/python3.12/site-packages/airflow/example_dags/tutorial_dag.py
[2024-12-13T11:09:01.148+0000] {processor.py:925} INFO - DAG(s) 'tutorial_dag' retrieved from /opt/bitnami/airflow/venv/lib/python3.12/site-packages/airflow/example_dags/tutorial_dag.py
[2024-12-13T11:09:01.197+0000] {logging_mixin.py:190} INFO - [2024-12-13T11:09:01.196+0000] {dag.py:3239} INFO - Sync 1 DAGs
[2024-12-13T11:09:01.224+0000] {logging_mixin.py:190} INFO - [2024-12-13T11:09:01.224+0000] {dag.py:4180} INFO - Setting next_dagrun for tutorial_dag to None, run_after=None
[2024-12-13T11:09:01.274+0000] {processor.py:208} INFO - Processing /opt/bitnami/airflow/venv/lib/python3.12/site-packages/airflow/example_dags/tutorial_dag.py took 0.143 seconds
[2024-12-13T11:09:31.423+0000] {processor.py:186} INFO - Started process (PID=279) to work on /opt/bitnami/airflow/venv/lib/python3.12/site-packages/airflow/example_dags/tutorial_dag.py
[2024-12-13T11:09:31.425+0000] {processor.py:914} INFO - Processing file /opt/bitnami/airflow/venv/lib/python3.12/site-packages/airflow/example_dags/tutorial_dag.py for tasks to queue
[2024-12-13T11:09:31.427+0000] {logging_mixin.py:190} INFO - [2024-12-13T11:09:31.427+0000] {dagbag.py:588} INFO - Filling up the DagBag from /opt/bitnami/airflow/venv/lib/python3.12/site-packages/airflow/example_dags/tutorial_dag.py
[2024-12-13T11:09:31.433+0000] {processor.py:925} INFO - DAG(s) 'tutorial_dag' retrieved from /opt/bitnami/airflow/venv/lib/python3.12/site-packages/airflow/example_dags/tutorial_dag.py
[2024-12-13T11:09:31.513+0000] {logging_mixin.py:190} INFO - [2024-12-13T11:09:31.511+0000] {dag.py:3239} INFO - Sync 1 DAGs
[2024-12-13T11:09:31.548+0000] {logging_mixin.py:190} INFO - [2024-12-13T11:09:31.548+0000] {dag.py:4180} INFO - Setting next_dagrun for tutorial_dag to None, run_after=None
[2024-12-13T11:09:31.587+0000] {processor.py:208} INFO - Processing /opt/bitnami/airflow/venv/lib/python3.12/site-packages/airflow/example_dags/tutorial_dag.py took 0.169 seconds
[2024-12-13T11:13:41.843+0000] {processor.py:186} INFO - Started process (PID=52) to work on /opt/bitnami/airflow/venv/lib/python3.12/site-packages/airflow/example_dags/tutorial_dag.py
[2024-12-13T11:13:41.845+0000] {processor.py:914} INFO - Processing file /opt/bitnami/airflow/venv/lib/python3.12/site-packages/airflow/example_dags/tutorial_dag.py for tasks to queue
[2024-12-13T11:13:41.848+0000] {logging_mixin.py:190} INFO - [2024-12-13T11:13:41.847+0000] {dagbag.py:588} INFO - Filling up the DagBag from /opt/bitnami/airflow/venv/lib/python3.12/site-packages/airflow/example_dags/tutorial_dag.py
[2024-12-13T11:13:41.853+0000] {processor.py:925} INFO - DAG(s) 'tutorial_dag' retrieved from /opt/bitnami/airflow/venv/lib/python3.12/site-packages/airflow/example_dags/tutorial_dag.py
[2024-12-13T11:13:41.900+0000] {logging_mixin.py:190} INFO - [2024-12-13T11:13:41.899+0000] {dag.py:3239} INFO - Sync 1 DAGs
[2024-12-13T11:13:41.926+0000] {logging_mixin.py:190} INFO - [2024-12-13T11:13:41.926+0000] {dag.py:4180} INFO - Setting next_dagrun for tutorial_dag to None, run_after=None
[2024-12-13T11:13:41.957+0000] {processor.py:208} INFO - Processing /opt/bitnami/airflow/venv/lib/python3.12/site-packages/airflow/example_dags/tutorial_dag.py took 0.120 seconds
[2024-12-13T11:14:12.065+0000] {processor.py:186} INFO - Started process (PID=108) to work on /opt/bitnami/airflow/venv/lib/python3.12/site-packages/airflow/example_dags/tutorial_dag.py
[2024-12-13T11:14:12.066+0000] {processor.py:914} INFO - Processing file /opt/bitnami/airflow/venv/lib/python3.12/site-packages/airflow/example_dags/tutorial_dag.py for tasks to queue
[2024-12-13T11:14:12.068+0000] {logging_mixin.py:190} INFO - [2024-12-13T11:14:12.068+0000] {dagbag.py:588} INFO - Filling up the DagBag from /opt/bitnami/airflow/venv/lib/python3.12/site-packages/airflow/example_dags/tutorial_dag.py
[2024-12-13T11:14:12.073+0000] {processor.py:925} INFO - DAG(s) 'tutorial_dag' retrieved from /opt/bitnami/airflow/venv/lib/python3.12/site-packages/airflow/example_dags/tutorial_dag.py
[2024-12-13T11:14:12.134+0000] {logging_mixin.py:190} INFO - [2024-12-13T11:14:12.134+0000] {dag.py:3239} INFO - Sync 1 DAGs
[2024-12-13T11:14:12.180+0000] {logging_mixin.py:190} INFO - [2024-12-13T11:14:12.180+0000] {dag.py:4180} INFO - Setting next_dagrun for tutorial_dag to None, run_after=None
[2024-12-13T11:14:12.223+0000] {processor.py:208} INFO - Processing /opt/bitnami/airflow/venv/lib/python3.12/site-packages/airflow/example_dags/tutorial_dag.py took 0.166 seconds
[2024-12-13T11:14:43.640+0000] {processor.py:186} INFO - Started process (PID=166) to work on /opt/bitnami/airflow/venv/lib/python3.12/site-packages/airflow/example_dags/tutorial_dag.py
[2024-12-13T11:14:43.642+0000] {processor.py:914} INFO - Processing file /opt/bitnami/airflow/venv/lib/python3.12/site-packages/airflow/example_dags/tutorial_dag.py for tasks to queue
[2024-12-13T11:14:43.644+0000] {logging_mixin.py:190} INFO - [2024-12-13T11:14:43.644+0000] {dagbag.py:588} INFO - Filling up the DagBag from /opt/bitnami/airflow/venv/lib/python3.12/site-packages/airflow/example_dags/tutorial_dag.py
[2024-12-13T11:14:43.649+0000] {processor.py:925} INFO - DAG(s) 'tutorial_dag' retrieved from /opt/bitnami/airflow/venv/lib/python3.12/site-packages/airflow/example_dags/tutorial_dag.py
[2024-12-13T11:14:43.743+0000] {logging_mixin.py:190} INFO - [2024-12-13T11:14:43.742+0000] {dag.py:3239} INFO - Sync 1 DAGs
[2024-12-13T11:14:43.774+0000] {logging_mixin.py:190} INFO - [2024-12-13T11:14:43.774+0000] {dag.py:4180} INFO - Setting next_dagrun for tutorial_dag to None, run_after=None
[2024-12-13T11:14:43.822+0000] {processor.py:208} INFO - Processing /opt/bitnami/airflow/venv/lib/python3.12/site-packages/airflow/example_dags/tutorial_dag.py took 0.188 seconds
[2024-12-13T11:15:14.076+0000] {processor.py:186} INFO - Started process (PID=222) to work on /opt/bitnami/airflow/venv/lib/python3.12/site-packages/airflow/example_dags/tutorial_dag.py
[2024-12-13T11:15:14.077+0000] {processor.py:914} INFO - Processing file /opt/bitnami/airflow/venv/lib/python3.12/site-packages/airflow/example_dags/tutorial_dag.py for tasks to queue
[2024-12-13T11:15:14.080+0000] {logging_mixin.py:190} INFO - [2024-12-13T11:15:14.080+0000] {dagbag.py:588} INFO - Filling up the DagBag from /opt/bitnami/airflow/venv/lib/python3.12/site-packages/airflow/example_dags/tutorial_dag.py
[2024-12-13T11:15:14.084+0000] {processor.py:925} INFO - DAG(s) 'tutorial_dag' retrieved from /opt/bitnami/airflow/venv/lib/python3.12/site-packages/airflow/example_dags/tutorial_dag.py
[2024-12-13T11:15:14.204+0000] {logging_mixin.py:190} INFO - [2024-12-13T11:15:14.203+0000] {dag.py:3239} INFO - Sync 1 DAGs
[2024-12-13T11:15:14.249+0000] {logging_mixin.py:190} INFO - [2024-12-13T11:15:14.249+0000] {dag.py:4180} INFO - Setting next_dagrun for tutorial_dag to None, run_after=None
[2024-12-13T11:15:14.291+0000] {processor.py:208} INFO - Processing /opt/bitnami/airflow/venv/lib/python3.12/site-packages/airflow/example_dags/tutorial_dag.py took 0.220 seconds
[2024-12-13T11:57:07.171+0000] {processor.py:186} INFO - Started process (PID=52) to work on /opt/bitnami/airflow/venv/lib/python3.12/site-packages/airflow/example_dags/tutorial_dag.py
[2024-12-13T11:57:07.172+0000] {processor.py:914} INFO - Processing file /opt/bitnami/airflow/venv/lib/python3.12/site-packages/airflow/example_dags/tutorial_dag.py for tasks to queue
[2024-12-13T11:57:07.175+0000] {logging_mixin.py:190} INFO - [2024-12-13T11:57:07.174+0000] {dagbag.py:588} INFO - Filling up the DagBag from /opt/bitnami/airflow/venv/lib/python3.12/site-packages/airflow/example_dags/tutorial_dag.py
[2024-12-13T11:57:07.179+0000] {processor.py:925} INFO - DAG(s) 'tutorial_dag' retrieved from /opt/bitnami/airflow/venv/lib/python3.12/site-packages/airflow/example_dags/tutorial_dag.py
[2024-12-13T11:57:07.214+0000] {logging_mixin.py:190} INFO - [2024-12-13T11:57:07.214+0000] {dag.py:3239} INFO - Sync 1 DAGs
[2024-12-13T11:57:07.233+0000] {logging_mixin.py:190} INFO - [2024-12-13T11:57:07.233+0000] {dag.py:4180} INFO - Setting next_dagrun for tutorial_dag to None, run_after=None
[2024-12-13T11:57:07.259+0000] {processor.py:208} INFO - Processing /opt/bitnami/airflow/venv/lib/python3.12/site-packages/airflow/example_dags/tutorial_dag.py took 0.093 seconds
[2024-12-13T11:57:38.183+0000] {processor.py:186} INFO - Started process (PID=109) to work on /opt/bitnami/airflow/venv/lib/python3.12/site-packages/airflow/example_dags/tutorial_dag.py
[2024-12-13T11:57:38.184+0000] {processor.py:914} INFO - Processing file /opt/bitnami/airflow/venv/lib/python3.12/site-packages/airflow/example_dags/tutorial_dag.py for tasks to queue
[2024-12-13T11:57:38.186+0000] {logging_mixin.py:190} INFO - [2024-12-13T11:57:38.186+0000] {dagbag.py:588} INFO - Filling up the DagBag from /opt/bitnami/airflow/venv/lib/python3.12/site-packages/airflow/example_dags/tutorial_dag.py
[2024-12-13T11:57:38.190+0000] {processor.py:925} INFO - DAG(s) 'tutorial_dag' retrieved from /opt/bitnami/airflow/venv/lib/python3.12/site-packages/airflow/example_dags/tutorial_dag.py
[2024-12-13T11:57:38.222+0000] {logging_mixin.py:190} INFO - [2024-12-13T11:57:38.222+0000] {dag.py:3239} INFO - Sync 1 DAGs
[2024-12-13T11:57:38.242+0000] {logging_mixin.py:190} INFO - [2024-12-13T11:57:38.242+0000] {dag.py:4180} INFO - Setting next_dagrun for tutorial_dag to None, run_after=None
[2024-12-13T11:57:38.262+0000] {processor.py:208} INFO - Processing /opt/bitnami/airflow/venv/lib/python3.12/site-packages/airflow/example_dags/tutorial_dag.py took 0.084 seconds
[2024-12-13T11:58:32.709+0000] {processor.py:186} INFO - Started process (PID=52) to work on /opt/bitnami/airflow/venv/lib/python3.12/site-packages/airflow/example_dags/tutorial_dag.py
[2024-12-13T11:58:32.710+0000] {processor.py:914} INFO - Processing file /opt/bitnami/airflow/venv/lib/python3.12/site-packages/airflow/example_dags/tutorial_dag.py for tasks to queue
[2024-12-13T11:58:32.712+0000] {logging_mixin.py:190} INFO - [2024-12-13T11:58:32.712+0000] {dagbag.py:588} INFO - Filling up the DagBag from /opt/bitnami/airflow/venv/lib/python3.12/site-packages/airflow/example_dags/tutorial_dag.py
[2024-12-13T11:58:32.716+0000] {processor.py:925} INFO - DAG(s) 'tutorial_dag' retrieved from /opt/bitnami/airflow/venv/lib/python3.12/site-packages/airflow/example_dags/tutorial_dag.py
[2024-12-13T11:58:32.751+0000] {logging_mixin.py:190} INFO - [2024-12-13T11:58:32.751+0000] {dag.py:3239} INFO - Sync 1 DAGs
[2024-12-13T11:58:32.779+0000] {logging_mixin.py:190} INFO - [2024-12-13T11:58:32.779+0000] {dag.py:4180} INFO - Setting next_dagrun for tutorial_dag to None, run_after=None
[2024-12-13T11:58:32.801+0000] {processor.py:208} INFO - Processing /opt/bitnami/airflow/venv/lib/python3.12/site-packages/airflow/example_dags/tutorial_dag.py took 0.098 seconds
[2024-12-13T11:59:03.477+0000] {processor.py:186} INFO - Started process (PID=109) to work on /opt/bitnami/airflow/venv/lib/python3.12/site-packages/airflow/example_dags/tutorial_dag.py
[2024-12-13T11:59:03.479+0000] {processor.py:914} INFO - Processing file /opt/bitnami/airflow/venv/lib/python3.12/site-packages/airflow/example_dags/tutorial_dag.py for tasks to queue
[2024-12-13T11:59:03.483+0000] {logging_mixin.py:190} INFO - [2024-12-13T11:59:03.482+0000] {dagbag.py:588} INFO - Filling up the DagBag from /opt/bitnami/airflow/venv/lib/python3.12/site-packages/airflow/example_dags/tutorial_dag.py
[2024-12-13T11:59:03.492+0000] {processor.py:925} INFO - DAG(s) 'tutorial_dag' retrieved from /opt/bitnami/airflow/venv/lib/python3.12/site-packages/airflow/example_dags/tutorial_dag.py
[2024-12-13T11:59:03.552+0000] {logging_mixin.py:190} INFO - [2024-12-13T11:59:03.552+0000] {dag.py:3239} INFO - Sync 1 DAGs
[2024-12-13T11:59:03.602+0000] {logging_mixin.py:190} INFO - [2024-12-13T11:59:03.602+0000] {dag.py:4180} INFO - Setting next_dagrun for tutorial_dag to None, run_after=None
[2024-12-13T11:59:03.643+0000] {processor.py:208} INFO - Processing /opt/bitnami/airflow/venv/lib/python3.12/site-packages/airflow/example_dags/tutorial_dag.py took 0.178 seconds
[2024-12-13T11:59:33.713+0000] {processor.py:186} INFO - Started process (PID=165) to work on /opt/bitnami/airflow/venv/lib/python3.12/site-packages/airflow/example_dags/tutorial_dag.py
[2024-12-13T11:59:33.714+0000] {processor.py:914} INFO - Processing file /opt/bitnami/airflow/venv/lib/python3.12/site-packages/airflow/example_dags/tutorial_dag.py for tasks to queue
[2024-12-13T11:59:33.716+0000] {logging_mixin.py:190} INFO - [2024-12-13T11:59:33.716+0000] {dagbag.py:588} INFO - Filling up the DagBag from /opt/bitnami/airflow/venv/lib/python3.12/site-packages/airflow/example_dags/tutorial_dag.py
[2024-12-13T11:59:33.721+0000] {processor.py:925} INFO - DAG(s) 'tutorial_dag' retrieved from /opt/bitnami/airflow/venv/lib/python3.12/site-packages/airflow/example_dags/tutorial_dag.py
[2024-12-13T11:59:33.798+0000] {logging_mixin.py:190} INFO - [2024-12-13T11:59:33.797+0000] {dag.py:3239} INFO - Sync 1 DAGs
[2024-12-13T11:59:33.813+0000] {logging_mixin.py:190} INFO - [2024-12-13T11:59:33.812+0000] {dag.py:4180} INFO - Setting next_dagrun for tutorial_dag to None, run_after=None
[2024-12-13T11:59:33.831+0000] {processor.py:208} INFO - Processing /opt/bitnami/airflow/venv/lib/python3.12/site-packages/airflow/example_dags/tutorial_dag.py took 0.124 seconds
[2024-12-13T12:00:04.189+0000] {processor.py:186} INFO - Started process (PID=222) to work on /opt/bitnami/airflow/venv/lib/python3.12/site-packages/airflow/example_dags/tutorial_dag.py
[2024-12-13T12:00:04.190+0000] {processor.py:914} INFO - Processing file /opt/bitnami/airflow/venv/lib/python3.12/site-packages/airflow/example_dags/tutorial_dag.py for tasks to queue
[2024-12-13T12:00:04.192+0000] {logging_mixin.py:190} INFO - [2024-12-13T12:00:04.191+0000] {dagbag.py:588} INFO - Filling up the DagBag from /opt/bitnami/airflow/venv/lib/python3.12/site-packages/airflow/example_dags/tutorial_dag.py
[2024-12-13T12:00:04.196+0000] {processor.py:925} INFO - DAG(s) 'tutorial_dag' retrieved from /opt/bitnami/airflow/venv/lib/python3.12/site-packages/airflow/example_dags/tutorial_dag.py
[2024-12-13T12:00:04.226+0000] {logging_mixin.py:190} INFO - [2024-12-13T12:00:04.225+0000] {dag.py:3239} INFO - Sync 1 DAGs
[2024-12-13T12:00:04.243+0000] {logging_mixin.py:190} INFO - [2024-12-13T12:00:04.243+0000] {dag.py:4180} INFO - Setting next_dagrun for tutorial_dag to None, run_after=None
[2024-12-13T12:00:04.265+0000] {processor.py:208} INFO - Processing /opt/bitnami/airflow/venv/lib/python3.12/site-packages/airflow/example_dags/tutorial_dag.py took 0.081 seconds
[2024-12-13T12:00:34.494+0000] {processor.py:186} INFO - Started process (PID=279) to work on /opt/bitnami/airflow/venv/lib/python3.12/site-packages/airflow/example_dags/tutorial_dag.py
[2024-12-13T12:00:34.494+0000] {processor.py:914} INFO - Processing file /opt/bitnami/airflow/venv/lib/python3.12/site-packages/airflow/example_dags/tutorial_dag.py for tasks to queue
[2024-12-13T12:00:34.497+0000] {logging_mixin.py:190} INFO - [2024-12-13T12:00:34.496+0000] {dagbag.py:588} INFO - Filling up the DagBag from /opt/bitnami/airflow/venv/lib/python3.12/site-packages/airflow/example_dags/tutorial_dag.py
[2024-12-13T12:00:34.501+0000] {processor.py:925} INFO - DAG(s) 'tutorial_dag' retrieved from /opt/bitnami/airflow/venv/lib/python3.12/site-packages/airflow/example_dags/tutorial_dag.py
[2024-12-13T12:00:34.533+0000] {logging_mixin.py:190} INFO - [2024-12-13T12:00:34.533+0000] {dag.py:3239} INFO - Sync 1 DAGs
[2024-12-13T12:00:34.555+0000] {logging_mixin.py:190} INFO - [2024-12-13T12:00:34.555+0000] {dag.py:4180} INFO - Setting next_dagrun for tutorial_dag to None, run_after=None
[2024-12-13T12:00:34.579+0000] {processor.py:208} INFO - Processing /opt/bitnami/airflow/venv/lib/python3.12/site-packages/airflow/example_dags/tutorial_dag.py took 0.090 seconds
[2024-12-13T12:01:05.217+0000] {processor.py:186} INFO - Started process (PID=336) to work on /opt/bitnami/airflow/venv/lib/python3.12/site-packages/airflow/example_dags/tutorial_dag.py
[2024-12-13T12:01:05.218+0000] {processor.py:914} INFO - Processing file /opt/bitnami/airflow/venv/lib/python3.12/site-packages/airflow/example_dags/tutorial_dag.py for tasks to queue
[2024-12-13T12:01:05.221+0000] {logging_mixin.py:190} INFO - [2024-12-13T12:01:05.220+0000] {dagbag.py:588} INFO - Filling up the DagBag from /opt/bitnami/airflow/venv/lib/python3.12/site-packages/airflow/example_dags/tutorial_dag.py
[2024-12-13T12:01:05.225+0000] {processor.py:925} INFO - DAG(s) 'tutorial_dag' retrieved from /opt/bitnami/airflow/venv/lib/python3.12/site-packages/airflow/example_dags/tutorial_dag.py
[2024-12-13T12:01:05.269+0000] {logging_mixin.py:190} INFO - [2024-12-13T12:01:05.268+0000] {dag.py:3239} INFO - Sync 1 DAGs
[2024-12-13T12:01:05.292+0000] {logging_mixin.py:190} INFO - [2024-12-13T12:01:05.291+0000] {dag.py:4180} INFO - Setting next_dagrun for tutorial_dag to None, run_after=None
[2024-12-13T12:01:05.313+0000] {processor.py:208} INFO - Processing /opt/bitnami/airflow/venv/lib/python3.12/site-packages/airflow/example_dags/tutorial_dag.py took 0.102 seconds
[2024-12-13T12:01:35.882+0000] {processor.py:186} INFO - Started process (PID=393) to work on /opt/bitnami/airflow/venv/lib/python3.12/site-packages/airflow/example_dags/tutorial_dag.py
[2024-12-13T12:01:35.883+0000] {processor.py:914} INFO - Processing file /opt/bitnami/airflow/venv/lib/python3.12/site-packages/airflow/example_dags/tutorial_dag.py for tasks to queue
[2024-12-13T12:01:35.885+0000] {logging_mixin.py:190} INFO - [2024-12-13T12:01:35.885+0000] {dagbag.py:588} INFO - Filling up the DagBag from /opt/bitnami/airflow/venv/lib/python3.12/site-packages/airflow/example_dags/tutorial_dag.py
[2024-12-13T12:01:35.890+0000] {processor.py:925} INFO - DAG(s) 'tutorial_dag' retrieved from /opt/bitnami/airflow/venv/lib/python3.12/site-packages/airflow/example_dags/tutorial_dag.py
[2024-12-13T12:01:35.923+0000] {logging_mixin.py:190} INFO - [2024-12-13T12:01:35.922+0000] {dag.py:3239} INFO - Sync 1 DAGs
[2024-12-13T12:01:35.941+0000] {logging_mixin.py:190} INFO - [2024-12-13T12:01:35.941+0000] {dag.py:4180} INFO - Setting next_dagrun for tutorial_dag to None, run_after=None
[2024-12-13T12:01:35.963+0000] {processor.py:208} INFO - Processing /opt/bitnami/airflow/venv/lib/python3.12/site-packages/airflow/example_dags/tutorial_dag.py took 0.087 seconds
[2024-12-13T12:02:06.867+0000] {processor.py:186} INFO - Started process (PID=450) to work on /opt/bitnami/airflow/venv/lib/python3.12/site-packages/airflow/example_dags/tutorial_dag.py
[2024-12-13T12:02:06.868+0000] {processor.py:914} INFO - Processing file /opt/bitnami/airflow/venv/lib/python3.12/site-packages/airflow/example_dags/tutorial_dag.py for tasks to queue
[2024-12-13T12:02:06.871+0000] {logging_mixin.py:190} INFO - [2024-12-13T12:02:06.871+0000] {dagbag.py:588} INFO - Filling up the DagBag from /opt/bitnami/airflow/venv/lib/python3.12/site-packages/airflow/example_dags/tutorial_dag.py
[2024-12-13T12:02:06.876+0000] {processor.py:925} INFO - DAG(s) 'tutorial_dag' retrieved from /opt/bitnami/airflow/venv/lib/python3.12/site-packages/airflow/example_dags/tutorial_dag.py
[2024-12-13T12:02:06.914+0000] {logging_mixin.py:190} INFO - [2024-12-13T12:02:06.913+0000] {dag.py:3239} INFO - Sync 1 DAGs
[2024-12-13T12:02:06.934+0000] {logging_mixin.py:190} INFO - [2024-12-13T12:02:06.934+0000] {dag.py:4180} INFO - Setting next_dagrun for tutorial_dag to None, run_after=None
[2024-12-13T12:02:06.959+0000] {processor.py:208} INFO - Processing /opt/bitnami/airflow/venv/lib/python3.12/site-packages/airflow/example_dags/tutorial_dag.py took 0.098 seconds
[2024-12-13T12:02:37.304+0000] {processor.py:186} INFO - Started process (PID=507) to work on /opt/bitnami/airflow/venv/lib/python3.12/site-packages/airflow/example_dags/tutorial_dag.py
[2024-12-13T12:02:37.306+0000] {processor.py:914} INFO - Processing file /opt/bitnami/airflow/venv/lib/python3.12/site-packages/airflow/example_dags/tutorial_dag.py for tasks to queue
[2024-12-13T12:02:37.309+0000] {logging_mixin.py:190} INFO - [2024-12-13T12:02:37.308+0000] {dagbag.py:588} INFO - Filling up the DagBag from /opt/bitnami/airflow/venv/lib/python3.12/site-packages/airflow/example_dags/tutorial_dag.py
[2024-12-13T12:02:37.314+0000] {processor.py:925} INFO - DAG(s) 'tutorial_dag' retrieved from /opt/bitnami/airflow/venv/lib/python3.12/site-packages/airflow/example_dags/tutorial_dag.py
[2024-12-13T12:02:37.354+0000] {logging_mixin.py:190} INFO - [2024-12-13T12:02:37.353+0000] {dag.py:3239} INFO - Sync 1 DAGs
[2024-12-13T12:02:37.372+0000] {logging_mixin.py:190} INFO - [2024-12-13T12:02:37.372+0000] {dag.py:4180} INFO - Setting next_dagrun for tutorial_dag to None, run_after=None
[2024-12-13T12:02:37.394+0000] {processor.py:208} INFO - Processing /opt/bitnami/airflow/venv/lib/python3.12/site-packages/airflow/example_dags/tutorial_dag.py took 0.094 seconds
