[2024-12-13T08:19:46.693+0000] {processor.py:186} INFO - Started process (PID=90) to work on /opt/bitnami/airflow/venv/lib/python3.12/site-packages/airflow/example_dags/tutorial_taskflow_api.py
[2024-12-13T08:19:46.694+0000] {processor.py:914} INFO - Processing file /opt/bitnami/airflow/venv/lib/python3.12/site-packages/airflow/example_dags/tutorial_taskflow_api.py for tasks to queue
[2024-12-13T08:19:46.696+0000] {logging_mixin.py:190} INFO - [2024-12-13T08:19:46.695+0000] {dagbag.py:588} INFO - Filling up the DagBag from /opt/bitnami/airflow/venv/lib/python3.12/site-packages/airflow/example_dags/tutorial_taskflow_api.py
[2024-12-13T08:19:46.701+0000] {processor.py:925} INFO - DAG(s) 'tutorial_taskflow_api' retrieved from /opt/bitnami/airflow/venv/lib/python3.12/site-packages/airflow/example_dags/tutorial_taskflow_api.py
[2024-12-13T08:19:46.740+0000] {logging_mixin.py:190} INFO - [2024-12-13T08:19:46.739+0000] {dag.py:3239} INFO - Sync 1 DAGs
[2024-12-13T08:19:46.760+0000] {logging_mixin.py:190} INFO - [2024-12-13T08:19:46.760+0000] {dag.py:4180} INFO - Setting next_dagrun for tutorial_taskflow_api to None, run_after=None
[2024-12-13T08:19:46.779+0000] {processor.py:208} INFO - Processing /opt/bitnami/airflow/venv/lib/python3.12/site-packages/airflow/example_dags/tutorial_taskflow_api.py took 0.091 seconds
[2024-12-13T08:20:16.836+0000] {processor.py:186} INFO - Started process (PID=147) to work on /opt/bitnami/airflow/venv/lib/python3.12/site-packages/airflow/example_dags/tutorial_taskflow_api.py
[2024-12-13T08:20:16.837+0000] {processor.py:914} INFO - Processing file /opt/bitnami/airflow/venv/lib/python3.12/site-packages/airflow/example_dags/tutorial_taskflow_api.py for tasks to queue
[2024-12-13T08:20:16.839+0000] {logging_mixin.py:190} INFO - [2024-12-13T08:20:16.839+0000] {dagbag.py:588} INFO - Filling up the DagBag from /opt/bitnami/airflow/venv/lib/python3.12/site-packages/airflow/example_dags/tutorial_taskflow_api.py
[2024-12-13T08:20:16.846+0000] {processor.py:925} INFO - DAG(s) 'tutorial_taskflow_api' retrieved from /opt/bitnami/airflow/venv/lib/python3.12/site-packages/airflow/example_dags/tutorial_taskflow_api.py
[2024-12-13T08:20:16.878+0000] {logging_mixin.py:190} INFO - [2024-12-13T08:20:16.877+0000] {dag.py:3239} INFO - Sync 1 DAGs
[2024-12-13T08:20:16.898+0000] {logging_mixin.py:190} INFO - [2024-12-13T08:20:16.897+0000] {dag.py:4180} INFO - Setting next_dagrun for tutorial_taskflow_api to None, run_after=None
[2024-12-13T08:20:16.920+0000] {processor.py:208} INFO - Processing /opt/bitnami/airflow/venv/lib/python3.12/site-packages/airflow/example_dags/tutorial_taskflow_api.py took 0.088 seconds
[2024-12-13T08:20:48.059+0000] {processor.py:186} INFO - Started process (PID=204) to work on /opt/bitnami/airflow/venv/lib/python3.12/site-packages/airflow/example_dags/tutorial_taskflow_api.py
[2024-12-13T08:20:48.063+0000] {processor.py:914} INFO - Processing file /opt/bitnami/airflow/venv/lib/python3.12/site-packages/airflow/example_dags/tutorial_taskflow_api.py for tasks to queue
[2024-12-13T08:20:48.065+0000] {logging_mixin.py:190} INFO - [2024-12-13T08:20:48.065+0000] {dagbag.py:588} INFO - Filling up the DagBag from /opt/bitnami/airflow/venv/lib/python3.12/site-packages/airflow/example_dags/tutorial_taskflow_api.py
[2024-12-13T08:20:48.072+0000] {processor.py:925} INFO - DAG(s) 'tutorial_taskflow_api' retrieved from /opt/bitnami/airflow/venv/lib/python3.12/site-packages/airflow/example_dags/tutorial_taskflow_api.py
[2024-12-13T08:20:48.175+0000] {logging_mixin.py:190} INFO - [2024-12-13T08:20:48.174+0000] {dag.py:3239} INFO - Sync 1 DAGs
[2024-12-13T08:20:48.195+0000] {logging_mixin.py:190} INFO - [2024-12-13T08:20:48.195+0000] {dag.py:4180} INFO - Setting next_dagrun for tutorial_taskflow_api to None, run_after=None
[2024-12-13T08:20:48.226+0000] {processor.py:208} INFO - Processing /opt/bitnami/airflow/venv/lib/python3.12/site-packages/airflow/example_dags/tutorial_taskflow_api.py took 0.173 seconds
[2024-12-13T08:21:18.494+0000] {processor.py:186} INFO - Started process (PID=261) to work on /opt/bitnami/airflow/venv/lib/python3.12/site-packages/airflow/example_dags/tutorial_taskflow_api.py
[2024-12-13T08:21:18.495+0000] {processor.py:914} INFO - Processing file /opt/bitnami/airflow/venv/lib/python3.12/site-packages/airflow/example_dags/tutorial_taskflow_api.py for tasks to queue
[2024-12-13T08:21:18.497+0000] {logging_mixin.py:190} INFO - [2024-12-13T08:21:18.497+0000] {dagbag.py:588} INFO - Filling up the DagBag from /opt/bitnami/airflow/venv/lib/python3.12/site-packages/airflow/example_dags/tutorial_taskflow_api.py
[2024-12-13T08:21:18.502+0000] {processor.py:925} INFO - DAG(s) 'tutorial_taskflow_api' retrieved from /opt/bitnami/airflow/venv/lib/python3.12/site-packages/airflow/example_dags/tutorial_taskflow_api.py
[2024-12-13T08:21:18.534+0000] {logging_mixin.py:190} INFO - [2024-12-13T08:21:18.534+0000] {dag.py:3239} INFO - Sync 1 DAGs
[2024-12-13T08:21:18.555+0000] {logging_mixin.py:190} INFO - [2024-12-13T08:21:18.555+0000] {dag.py:4180} INFO - Setting next_dagrun for tutorial_taskflow_api to None, run_after=None
[2024-12-13T08:21:18.573+0000] {processor.py:208} INFO - Processing /opt/bitnami/airflow/venv/lib/python3.12/site-packages/airflow/example_dags/tutorial_taskflow_api.py took 0.083 seconds
[2024-12-13T08:21:49.236+0000] {processor.py:186} INFO - Started process (PID=318) to work on /opt/bitnami/airflow/venv/lib/python3.12/site-packages/airflow/example_dags/tutorial_taskflow_api.py
[2024-12-13T08:21:49.237+0000] {processor.py:914} INFO - Processing file /opt/bitnami/airflow/venv/lib/python3.12/site-packages/airflow/example_dags/tutorial_taskflow_api.py for tasks to queue
[2024-12-13T08:21:49.239+0000] {logging_mixin.py:190} INFO - [2024-12-13T08:21:49.239+0000] {dagbag.py:588} INFO - Filling up the DagBag from /opt/bitnami/airflow/venv/lib/python3.12/site-packages/airflow/example_dags/tutorial_taskflow_api.py
[2024-12-13T08:21:49.243+0000] {processor.py:925} INFO - DAG(s) 'tutorial_taskflow_api' retrieved from /opt/bitnami/airflow/venv/lib/python3.12/site-packages/airflow/example_dags/tutorial_taskflow_api.py
[2024-12-13T08:21:49.269+0000] {logging_mixin.py:190} INFO - [2024-12-13T08:21:49.268+0000] {dag.py:3239} INFO - Sync 1 DAGs
[2024-12-13T08:21:49.285+0000] {logging_mixin.py:190} INFO - [2024-12-13T08:21:49.285+0000] {dag.py:4180} INFO - Setting next_dagrun for tutorial_taskflow_api to None, run_after=None
[2024-12-13T08:21:49.306+0000] {processor.py:208} INFO - Processing /opt/bitnami/airflow/venv/lib/python3.12/site-packages/airflow/example_dags/tutorial_taskflow_api.py took 0.075 seconds
[2024-12-13T08:22:19.604+0000] {processor.py:186} INFO - Started process (PID=375) to work on /opt/bitnami/airflow/venv/lib/python3.12/site-packages/airflow/example_dags/tutorial_taskflow_api.py
[2024-12-13T08:22:19.605+0000] {processor.py:914} INFO - Processing file /opt/bitnami/airflow/venv/lib/python3.12/site-packages/airflow/example_dags/tutorial_taskflow_api.py for tasks to queue
[2024-12-13T08:22:19.607+0000] {logging_mixin.py:190} INFO - [2024-12-13T08:22:19.607+0000] {dagbag.py:588} INFO - Filling up the DagBag from /opt/bitnami/airflow/venv/lib/python3.12/site-packages/airflow/example_dags/tutorial_taskflow_api.py
[2024-12-13T08:22:19.612+0000] {processor.py:925} INFO - DAG(s) 'tutorial_taskflow_api' retrieved from /opt/bitnami/airflow/venv/lib/python3.12/site-packages/airflow/example_dags/tutorial_taskflow_api.py
[2024-12-13T08:22:19.650+0000] {logging_mixin.py:190} INFO - [2024-12-13T08:22:19.650+0000] {dag.py:3239} INFO - Sync 1 DAGs
[2024-12-13T08:22:19.669+0000] {logging_mixin.py:190} INFO - [2024-12-13T08:22:19.668+0000] {dag.py:4180} INFO - Setting next_dagrun for tutorial_taskflow_api to None, run_after=None
[2024-12-13T08:22:19.690+0000] {processor.py:208} INFO - Processing /opt/bitnami/airflow/venv/lib/python3.12/site-packages/airflow/example_dags/tutorial_taskflow_api.py took 0.090 seconds
[2024-12-13T08:22:50.428+0000] {processor.py:186} INFO - Started process (PID=432) to work on /opt/bitnami/airflow/venv/lib/python3.12/site-packages/airflow/example_dags/tutorial_taskflow_api.py
[2024-12-13T08:22:50.429+0000] {processor.py:914} INFO - Processing file /opt/bitnami/airflow/venv/lib/python3.12/site-packages/airflow/example_dags/tutorial_taskflow_api.py for tasks to queue
[2024-12-13T08:22:50.431+0000] {logging_mixin.py:190} INFO - [2024-12-13T08:22:50.431+0000] {dagbag.py:588} INFO - Filling up the DagBag from /opt/bitnami/airflow/venv/lib/python3.12/site-packages/airflow/example_dags/tutorial_taskflow_api.py
[2024-12-13T08:22:50.436+0000] {processor.py:925} INFO - DAG(s) 'tutorial_taskflow_api' retrieved from /opt/bitnami/airflow/venv/lib/python3.12/site-packages/airflow/example_dags/tutorial_taskflow_api.py
[2024-12-13T08:22:50.465+0000] {logging_mixin.py:190} INFO - [2024-12-13T08:22:50.465+0000] {dag.py:3239} INFO - Sync 1 DAGs
[2024-12-13T08:22:50.481+0000] {logging_mixin.py:190} INFO - [2024-12-13T08:22:50.480+0000] {dag.py:4180} INFO - Setting next_dagrun for tutorial_taskflow_api to None, run_after=None
[2024-12-13T08:22:50.501+0000] {processor.py:208} INFO - Processing /opt/bitnami/airflow/venv/lib/python3.12/site-packages/airflow/example_dags/tutorial_taskflow_api.py took 0.078 seconds
[2024-12-13T08:25:47.985+0000] {processor.py:186} INFO - Started process (PID=90) to work on /opt/bitnami/airflow/venv/lib/python3.12/site-packages/airflow/example_dags/tutorial_taskflow_api.py
[2024-12-13T08:25:47.986+0000] {processor.py:914} INFO - Processing file /opt/bitnami/airflow/venv/lib/python3.12/site-packages/airflow/example_dags/tutorial_taskflow_api.py for tasks to queue
[2024-12-13T08:25:47.989+0000] {logging_mixin.py:190} INFO - [2024-12-13T08:25:47.988+0000] {dagbag.py:588} INFO - Filling up the DagBag from /opt/bitnami/airflow/venv/lib/python3.12/site-packages/airflow/example_dags/tutorial_taskflow_api.py
[2024-12-13T08:25:47.996+0000] {processor.py:925} INFO - DAG(s) 'tutorial_taskflow_api' retrieved from /opt/bitnami/airflow/venv/lib/python3.12/site-packages/airflow/example_dags/tutorial_taskflow_api.py
[2024-12-13T08:25:48.035+0000] {logging_mixin.py:190} INFO - [2024-12-13T08:25:48.035+0000] {dag.py:3239} INFO - Sync 1 DAGs
[2024-12-13T08:25:48.062+0000] {logging_mixin.py:190} INFO - [2024-12-13T08:25:48.061+0000] {dag.py:4180} INFO - Setting next_dagrun for tutorial_taskflow_api to None, run_after=None
[2024-12-13T08:25:48.086+0000] {processor.py:208} INFO - Processing /opt/bitnami/airflow/venv/lib/python3.12/site-packages/airflow/example_dags/tutorial_taskflow_api.py took 0.106 seconds
[2024-12-13T08:26:18.861+0000] {processor.py:186} INFO - Started process (PID=147) to work on /opt/bitnami/airflow/venv/lib/python3.12/site-packages/airflow/example_dags/tutorial_taskflow_api.py
[2024-12-13T08:26:18.862+0000] {processor.py:914} INFO - Processing file /opt/bitnami/airflow/venv/lib/python3.12/site-packages/airflow/example_dags/tutorial_taskflow_api.py for tasks to queue
[2024-12-13T08:26:18.864+0000] {logging_mixin.py:190} INFO - [2024-12-13T08:26:18.864+0000] {dagbag.py:588} INFO - Filling up the DagBag from /opt/bitnami/airflow/venv/lib/python3.12/site-packages/airflow/example_dags/tutorial_taskflow_api.py
[2024-12-13T08:26:18.869+0000] {processor.py:925} INFO - DAG(s) 'tutorial_taskflow_api' retrieved from /opt/bitnami/airflow/venv/lib/python3.12/site-packages/airflow/example_dags/tutorial_taskflow_api.py
[2024-12-13T08:26:18.897+0000] {logging_mixin.py:190} INFO - [2024-12-13T08:26:18.896+0000] {dag.py:3239} INFO - Sync 1 DAGs
[2024-12-13T08:26:18.913+0000] {logging_mixin.py:190} INFO - [2024-12-13T08:26:18.913+0000] {dag.py:4180} INFO - Setting next_dagrun for tutorial_taskflow_api to None, run_after=None
[2024-12-13T08:26:18.932+0000] {processor.py:208} INFO - Processing /opt/bitnami/airflow/venv/lib/python3.12/site-packages/airflow/example_dags/tutorial_taskflow_api.py took 0.075 seconds
[2024-12-13T08:26:50.899+0000] {processor.py:186} INFO - Started process (PID=204) to work on /opt/bitnami/airflow/venv/lib/python3.12/site-packages/airflow/example_dags/tutorial_taskflow_api.py
[2024-12-13T08:26:50.900+0000] {processor.py:914} INFO - Processing file /opt/bitnami/airflow/venv/lib/python3.12/site-packages/airflow/example_dags/tutorial_taskflow_api.py for tasks to queue
[2024-12-13T08:26:50.902+0000] {logging_mixin.py:190} INFO - [2024-12-13T08:26:50.902+0000] {dagbag.py:588} INFO - Filling up the DagBag from /opt/bitnami/airflow/venv/lib/python3.12/site-packages/airflow/example_dags/tutorial_taskflow_api.py
[2024-12-13T08:26:50.908+0000] {processor.py:925} INFO - DAG(s) 'tutorial_taskflow_api' retrieved from /opt/bitnami/airflow/venv/lib/python3.12/site-packages/airflow/example_dags/tutorial_taskflow_api.py
[2024-12-13T08:26:50.996+0000] {logging_mixin.py:190} INFO - [2024-12-13T08:26:50.996+0000] {dag.py:3239} INFO - Sync 1 DAGs
[2024-12-13T08:26:51.013+0000] {logging_mixin.py:190} INFO - [2024-12-13T08:26:51.013+0000] {dag.py:4180} INFO - Setting next_dagrun for tutorial_taskflow_api to None, run_after=None
[2024-12-13T08:26:51.036+0000] {processor.py:208} INFO - Processing /opt/bitnami/airflow/venv/lib/python3.12/site-packages/airflow/example_dags/tutorial_taskflow_api.py took 0.141 seconds
[2024-12-13T08:27:21.235+0000] {processor.py:186} INFO - Started process (PID=261) to work on /opt/bitnami/airflow/venv/lib/python3.12/site-packages/airflow/example_dags/tutorial_taskflow_api.py
[2024-12-13T08:27:21.236+0000] {processor.py:914} INFO - Processing file /opt/bitnami/airflow/venv/lib/python3.12/site-packages/airflow/example_dags/tutorial_taskflow_api.py for tasks to queue
[2024-12-13T08:27:21.238+0000] {logging_mixin.py:190} INFO - [2024-12-13T08:27:21.238+0000] {dagbag.py:588} INFO - Filling up the DagBag from /opt/bitnami/airflow/venv/lib/python3.12/site-packages/airflow/example_dags/tutorial_taskflow_api.py
[2024-12-13T08:27:21.243+0000] {processor.py:925} INFO - DAG(s) 'tutorial_taskflow_api' retrieved from /opt/bitnami/airflow/venv/lib/python3.12/site-packages/airflow/example_dags/tutorial_taskflow_api.py
[2024-12-13T08:27:21.286+0000] {logging_mixin.py:190} INFO - [2024-12-13T08:27:21.285+0000] {dag.py:3239} INFO - Sync 1 DAGs
[2024-12-13T08:27:21.305+0000] {logging_mixin.py:190} INFO - [2024-12-13T08:27:21.305+0000] {dag.py:4180} INFO - Setting next_dagrun for tutorial_taskflow_api to None, run_after=None
[2024-12-13T08:27:21.327+0000] {processor.py:208} INFO - Processing /opt/bitnami/airflow/venv/lib/python3.12/site-packages/airflow/example_dags/tutorial_taskflow_api.py took 0.098 seconds
[2024-12-13T10:42:44.931+0000] {processor.py:186} INFO - Started process (PID=90) to work on /opt/bitnami/airflow/venv/lib/python3.12/site-packages/airflow/example_dags/tutorial_taskflow_api.py
[2024-12-13T10:42:44.933+0000] {processor.py:914} INFO - Processing file /opt/bitnami/airflow/venv/lib/python3.12/site-packages/airflow/example_dags/tutorial_taskflow_api.py for tasks to queue
[2024-12-13T10:42:44.937+0000] {logging_mixin.py:190} INFO - [2024-12-13T10:42:44.936+0000] {dagbag.py:588} INFO - Filling up the DagBag from /opt/bitnami/airflow/venv/lib/python3.12/site-packages/airflow/example_dags/tutorial_taskflow_api.py
[2024-12-13T10:42:44.947+0000] {processor.py:925} INFO - DAG(s) 'tutorial_taskflow_api' retrieved from /opt/bitnami/airflow/venv/lib/python3.12/site-packages/airflow/example_dags/tutorial_taskflow_api.py
[2024-12-13T10:42:45.091+0000] {logging_mixin.py:190} INFO - [2024-12-13T10:42:45.091+0000] {override.py:1900} INFO - Created Permission View: can read on DAG:tutorial_taskflow_api
[2024-12-13T10:42:45.109+0000] {logging_mixin.py:190} INFO - [2024-12-13T10:42:45.109+0000] {override.py:1900} INFO - Created Permission View: can delete on DAG:tutorial_taskflow_api
[2024-12-13T10:42:45.120+0000] {logging_mixin.py:190} INFO - [2024-12-13T10:42:45.120+0000] {override.py:1900} INFO - Created Permission View: can edit on DAG:tutorial_taskflow_api
[2024-12-13T10:42:45.132+0000] {logging_mixin.py:190} INFO - [2024-12-13T10:42:45.132+0000] {override.py:1900} INFO - Created Permission View: can delete on DAG Run:tutorial_taskflow_api
[2024-12-13T10:42:45.142+0000] {logging_mixin.py:190} INFO - [2024-12-13T10:42:45.142+0000] {override.py:1900} INFO - Created Permission View: can read on DAG Run:tutorial_taskflow_api
[2024-12-13T10:42:45.153+0000] {logging_mixin.py:190} INFO - [2024-12-13T10:42:45.152+0000] {override.py:1900} INFO - Created Permission View: can create on DAG Run:tutorial_taskflow_api
[2024-12-13T10:42:45.162+0000] {logging_mixin.py:190} INFO - [2024-12-13T10:42:45.161+0000] {override.py:1900} INFO - Created Permission View: menu access on DAG Run:tutorial_taskflow_api
[2024-12-13T10:42:45.163+0000] {logging_mixin.py:190} INFO - [2024-12-13T10:42:45.162+0000] {dag.py:3239} INFO - Sync 1 DAGs
[2024-12-13T10:42:45.208+0000] {logging_mixin.py:190} INFO - [2024-12-13T10:42:45.208+0000] {dag.py:3262} INFO - Creating ORM DAG for tutorial_taskflow_api
[2024-12-13T10:42:45.210+0000] {logging_mixin.py:190} INFO - [2024-12-13T10:42:45.210+0000] {dag.py:4180} INFO - Setting next_dagrun for tutorial_taskflow_api to None, run_after=None
[2024-12-13T10:42:45.247+0000] {processor.py:208} INFO - Processing /opt/bitnami/airflow/venv/lib/python3.12/site-packages/airflow/example_dags/tutorial_taskflow_api.py took 0.323 seconds
[2024-12-13T10:43:15.820+0000] {processor.py:186} INFO - Started process (PID=147) to work on /opt/bitnami/airflow/venv/lib/python3.12/site-packages/airflow/example_dags/tutorial_taskflow_api.py
[2024-12-13T10:43:15.822+0000] {processor.py:914} INFO - Processing file /opt/bitnami/airflow/venv/lib/python3.12/site-packages/airflow/example_dags/tutorial_taskflow_api.py for tasks to queue
[2024-12-13T10:43:15.824+0000] {logging_mixin.py:190} INFO - [2024-12-13T10:43:15.824+0000] {dagbag.py:588} INFO - Filling up the DagBag from /opt/bitnami/airflow/venv/lib/python3.12/site-packages/airflow/example_dags/tutorial_taskflow_api.py
[2024-12-13T10:43:15.830+0000] {processor.py:925} INFO - DAG(s) 'tutorial_taskflow_api' retrieved from /opt/bitnami/airflow/venv/lib/python3.12/site-packages/airflow/example_dags/tutorial_taskflow_api.py
[2024-12-13T10:43:15.918+0000] {logging_mixin.py:190} INFO - [2024-12-13T10:43:15.917+0000] {dag.py:3239} INFO - Sync 1 DAGs
[2024-12-13T10:43:15.959+0000] {logging_mixin.py:190} INFO - [2024-12-13T10:43:15.959+0000] {dag.py:4180} INFO - Setting next_dagrun for tutorial_taskflow_api to None, run_after=None
[2024-12-13T10:43:16.006+0000] {processor.py:208} INFO - Processing /opt/bitnami/airflow/venv/lib/python3.12/site-packages/airflow/example_dags/tutorial_taskflow_api.py took 0.191 seconds
[2024-12-13T10:43:46.301+0000] {processor.py:186} INFO - Started process (PID=204) to work on /opt/bitnami/airflow/venv/lib/python3.12/site-packages/airflow/example_dags/tutorial_taskflow_api.py
[2024-12-13T10:43:46.302+0000] {processor.py:914} INFO - Processing file /opt/bitnami/airflow/venv/lib/python3.12/site-packages/airflow/example_dags/tutorial_taskflow_api.py for tasks to queue
[2024-12-13T10:43:46.305+0000] {logging_mixin.py:190} INFO - [2024-12-13T10:43:46.305+0000] {dagbag.py:588} INFO - Filling up the DagBag from /opt/bitnami/airflow/venv/lib/python3.12/site-packages/airflow/example_dags/tutorial_taskflow_api.py
[2024-12-13T10:43:46.313+0000] {processor.py:925} INFO - DAG(s) 'tutorial_taskflow_api' retrieved from /opt/bitnami/airflow/venv/lib/python3.12/site-packages/airflow/example_dags/tutorial_taskflow_api.py
[2024-12-13T10:43:46.455+0000] {logging_mixin.py:190} INFO - [2024-12-13T10:43:46.454+0000] {dag.py:3239} INFO - Sync 1 DAGs
[2024-12-13T10:43:46.488+0000] {logging_mixin.py:190} INFO - [2024-12-13T10:43:46.488+0000] {dag.py:4180} INFO - Setting next_dagrun for tutorial_taskflow_api to None, run_after=None
[2024-12-13T10:43:46.523+0000] {processor.py:208} INFO - Processing /opt/bitnami/airflow/venv/lib/python3.12/site-packages/airflow/example_dags/tutorial_taskflow_api.py took 0.229 seconds
[2024-12-13T10:44:16.910+0000] {processor.py:186} INFO - Started process (PID=261) to work on /opt/bitnami/airflow/venv/lib/python3.12/site-packages/airflow/example_dags/tutorial_taskflow_api.py
[2024-12-13T10:44:16.911+0000] {processor.py:914} INFO - Processing file /opt/bitnami/airflow/venv/lib/python3.12/site-packages/airflow/example_dags/tutorial_taskflow_api.py for tasks to queue
[2024-12-13T10:44:16.914+0000] {logging_mixin.py:190} INFO - [2024-12-13T10:44:16.914+0000] {dagbag.py:588} INFO - Filling up the DagBag from /opt/bitnami/airflow/venv/lib/python3.12/site-packages/airflow/example_dags/tutorial_taskflow_api.py
[2024-12-13T10:44:16.920+0000] {processor.py:925} INFO - DAG(s) 'tutorial_taskflow_api' retrieved from /opt/bitnami/airflow/venv/lib/python3.12/site-packages/airflow/example_dags/tutorial_taskflow_api.py
[2024-12-13T10:44:17.013+0000] {logging_mixin.py:190} INFO - [2024-12-13T10:44:17.012+0000] {dag.py:3239} INFO - Sync 1 DAGs
[2024-12-13T10:44:17.052+0000] {logging_mixin.py:190} INFO - [2024-12-13T10:44:17.052+0000] {dag.py:4180} INFO - Setting next_dagrun for tutorial_taskflow_api to None, run_after=None
[2024-12-13T10:44:17.081+0000] {processor.py:208} INFO - Processing /opt/bitnami/airflow/venv/lib/python3.12/site-packages/airflow/example_dags/tutorial_taskflow_api.py took 0.175 seconds
[2024-12-13T10:44:47.533+0000] {processor.py:186} INFO - Started process (PID=318) to work on /opt/bitnami/airflow/venv/lib/python3.12/site-packages/airflow/example_dags/tutorial_taskflow_api.py
[2024-12-13T10:44:47.534+0000] {processor.py:914} INFO - Processing file /opt/bitnami/airflow/venv/lib/python3.12/site-packages/airflow/example_dags/tutorial_taskflow_api.py for tasks to queue
[2024-12-13T10:44:47.536+0000] {logging_mixin.py:190} INFO - [2024-12-13T10:44:47.536+0000] {dagbag.py:588} INFO - Filling up the DagBag from /opt/bitnami/airflow/venv/lib/python3.12/site-packages/airflow/example_dags/tutorial_taskflow_api.py
[2024-12-13T10:44:47.542+0000] {processor.py:925} INFO - DAG(s) 'tutorial_taskflow_api' retrieved from /opt/bitnami/airflow/venv/lib/python3.12/site-packages/airflow/example_dags/tutorial_taskflow_api.py
[2024-12-13T10:44:47.596+0000] {logging_mixin.py:190} INFO - [2024-12-13T10:44:47.595+0000] {dag.py:3239} INFO - Sync 1 DAGs
[2024-12-13T10:44:47.638+0000] {logging_mixin.py:190} INFO - [2024-12-13T10:44:47.637+0000] {dag.py:4180} INFO - Setting next_dagrun for tutorial_taskflow_api to None, run_after=None
[2024-12-13T10:44:47.688+0000] {processor.py:208} INFO - Processing /opt/bitnami/airflow/venv/lib/python3.12/site-packages/airflow/example_dags/tutorial_taskflow_api.py took 0.160 seconds
[2024-12-13T10:52:16.332+0000] {processor.py:186} INFO - Started process (PID=90) to work on /opt/bitnami/airflow/venv/lib/python3.12/site-packages/airflow/example_dags/tutorial_taskflow_api.py
[2024-12-13T10:52:16.334+0000] {processor.py:914} INFO - Processing file /opt/bitnami/airflow/venv/lib/python3.12/site-packages/airflow/example_dags/tutorial_taskflow_api.py for tasks to queue
[2024-12-13T10:52:16.338+0000] {logging_mixin.py:190} INFO - [2024-12-13T10:52:16.337+0000] {dagbag.py:588} INFO - Filling up the DagBag from /opt/bitnami/airflow/venv/lib/python3.12/site-packages/airflow/example_dags/tutorial_taskflow_api.py
[2024-12-13T10:52:16.343+0000] {processor.py:925} INFO - DAG(s) 'tutorial_taskflow_api' retrieved from /opt/bitnami/airflow/venv/lib/python3.12/site-packages/airflow/example_dags/tutorial_taskflow_api.py
[2024-12-13T10:52:16.445+0000] {logging_mixin.py:190} INFO - [2024-12-13T10:52:16.445+0000] {override.py:1900} INFO - Created Permission View: can read on DAG:tutorial_taskflow_api
[2024-12-13T10:52:16.461+0000] {logging_mixin.py:190} INFO - [2024-12-13T10:52:16.460+0000] {override.py:1900} INFO - Created Permission View: can delete on DAG:tutorial_taskflow_api
[2024-12-13T10:52:16.469+0000] {logging_mixin.py:190} INFO - [2024-12-13T10:52:16.469+0000] {override.py:1900} INFO - Created Permission View: can edit on DAG:tutorial_taskflow_api
[2024-12-13T10:52:16.482+0000] {logging_mixin.py:190} INFO - [2024-12-13T10:52:16.482+0000] {override.py:1900} INFO - Created Permission View: menu access on DAG Run:tutorial_taskflow_api
[2024-12-13T10:52:16.492+0000] {logging_mixin.py:190} INFO - [2024-12-13T10:52:16.491+0000] {override.py:1900} INFO - Created Permission View: can read on DAG Run:tutorial_taskflow_api
[2024-12-13T10:52:16.500+0000] {logging_mixin.py:190} INFO - [2024-12-13T10:52:16.500+0000] {override.py:1900} INFO - Created Permission View: can delete on DAG Run:tutorial_taskflow_api
[2024-12-13T10:52:16.507+0000] {logging_mixin.py:190} INFO - [2024-12-13T10:52:16.507+0000] {override.py:1900} INFO - Created Permission View: can create on DAG Run:tutorial_taskflow_api
[2024-12-13T10:52:16.508+0000] {logging_mixin.py:190} INFO - [2024-12-13T10:52:16.508+0000] {dag.py:3239} INFO - Sync 1 DAGs
[2024-12-13T10:52:16.536+0000] {logging_mixin.py:190} INFO - [2024-12-13T10:52:16.536+0000] {dag.py:3262} INFO - Creating ORM DAG for tutorial_taskflow_api
[2024-12-13T10:52:16.537+0000] {logging_mixin.py:190} INFO - [2024-12-13T10:52:16.537+0000] {dag.py:4180} INFO - Setting next_dagrun for tutorial_taskflow_api to None, run_after=None
[2024-12-13T10:52:16.562+0000] {processor.py:208} INFO - Processing /opt/bitnami/airflow/venv/lib/python3.12/site-packages/airflow/example_dags/tutorial_taskflow_api.py took 0.236 seconds
[2024-12-13T10:52:47.287+0000] {processor.py:186} INFO - Started process (PID=147) to work on /opt/bitnami/airflow/venv/lib/python3.12/site-packages/airflow/example_dags/tutorial_taskflow_api.py
[2024-12-13T10:52:47.289+0000] {processor.py:914} INFO - Processing file /opt/bitnami/airflow/venv/lib/python3.12/site-packages/airflow/example_dags/tutorial_taskflow_api.py for tasks to queue
[2024-12-13T10:52:47.292+0000] {logging_mixin.py:190} INFO - [2024-12-13T10:52:47.292+0000] {dagbag.py:588} INFO - Filling up the DagBag from /opt/bitnami/airflow/venv/lib/python3.12/site-packages/airflow/example_dags/tutorial_taskflow_api.py
[2024-12-13T10:52:47.303+0000] {processor.py:925} INFO - DAG(s) 'tutorial_taskflow_api' retrieved from /opt/bitnami/airflow/venv/lib/python3.12/site-packages/airflow/example_dags/tutorial_taskflow_api.py
[2024-12-13T10:52:47.409+0000] {logging_mixin.py:190} INFO - [2024-12-13T10:52:47.408+0000] {dag.py:3239} INFO - Sync 1 DAGs
[2024-12-13T10:52:47.449+0000] {logging_mixin.py:190} INFO - [2024-12-13T10:52:47.449+0000] {dag.py:4180} INFO - Setting next_dagrun for tutorial_taskflow_api to None, run_after=None
[2024-12-13T10:52:47.494+0000] {processor.py:208} INFO - Processing /opt/bitnami/airflow/venv/lib/python3.12/site-packages/airflow/example_dags/tutorial_taskflow_api.py took 0.213 seconds
[2024-12-13T10:53:18.271+0000] {processor.py:186} INFO - Started process (PID=204) to work on /opt/bitnami/airflow/venv/lib/python3.12/site-packages/airflow/example_dags/tutorial_taskflow_api.py
[2024-12-13T10:53:18.272+0000] {processor.py:914} INFO - Processing file /opt/bitnami/airflow/venv/lib/python3.12/site-packages/airflow/example_dags/tutorial_taskflow_api.py for tasks to queue
[2024-12-13T10:53:18.275+0000] {logging_mixin.py:190} INFO - [2024-12-13T10:53:18.274+0000] {dagbag.py:588} INFO - Filling up the DagBag from /opt/bitnami/airflow/venv/lib/python3.12/site-packages/airflow/example_dags/tutorial_taskflow_api.py
[2024-12-13T10:53:18.281+0000] {processor.py:925} INFO - DAG(s) 'tutorial_taskflow_api' retrieved from /opt/bitnami/airflow/venv/lib/python3.12/site-packages/airflow/example_dags/tutorial_taskflow_api.py
[2024-12-13T10:53:18.412+0000] {logging_mixin.py:190} INFO - [2024-12-13T10:53:18.411+0000] {dag.py:3239} INFO - Sync 1 DAGs
[2024-12-13T10:53:18.430+0000] {logging_mixin.py:190} INFO - [2024-12-13T10:53:18.430+0000] {dag.py:4180} INFO - Setting next_dagrun for tutorial_taskflow_api to None, run_after=None
[2024-12-13T10:53:18.459+0000] {processor.py:208} INFO - Processing /opt/bitnami/airflow/venv/lib/python3.12/site-packages/airflow/example_dags/tutorial_taskflow_api.py took 0.195 seconds
[2024-12-13T10:53:48.524+0000] {processor.py:186} INFO - Started process (PID=260) to work on /opt/bitnami/airflow/venv/lib/python3.12/site-packages/airflow/example_dags/tutorial_taskflow_api.py
[2024-12-13T10:53:48.525+0000] {processor.py:914} INFO - Processing file /opt/bitnami/airflow/venv/lib/python3.12/site-packages/airflow/example_dags/tutorial_taskflow_api.py for tasks to queue
[2024-12-13T10:53:48.528+0000] {logging_mixin.py:190} INFO - [2024-12-13T10:53:48.527+0000] {dagbag.py:588} INFO - Filling up the DagBag from /opt/bitnami/airflow/venv/lib/python3.12/site-packages/airflow/example_dags/tutorial_taskflow_api.py
[2024-12-13T10:53:48.534+0000] {processor.py:925} INFO - DAG(s) 'tutorial_taskflow_api' retrieved from /opt/bitnami/airflow/venv/lib/python3.12/site-packages/airflow/example_dags/tutorial_taskflow_api.py
[2024-12-13T10:53:48.641+0000] {logging_mixin.py:190} INFO - [2024-12-13T10:53:48.641+0000] {dag.py:3239} INFO - Sync 1 DAGs
[2024-12-13T10:53:48.689+0000] {logging_mixin.py:190} INFO - [2024-12-13T10:53:48.689+0000] {dag.py:4180} INFO - Setting next_dagrun for tutorial_taskflow_api to None, run_after=None
[2024-12-13T10:53:48.733+0000] {processor.py:208} INFO - Processing /opt/bitnami/airflow/venv/lib/python3.12/site-packages/airflow/example_dags/tutorial_taskflow_api.py took 0.215 seconds
[2024-12-13T10:54:19.574+0000] {processor.py:186} INFO - Started process (PID=317) to work on /opt/bitnami/airflow/venv/lib/python3.12/site-packages/airflow/example_dags/tutorial_taskflow_api.py
[2024-12-13T10:54:19.576+0000] {processor.py:914} INFO - Processing file /opt/bitnami/airflow/venv/lib/python3.12/site-packages/airflow/example_dags/tutorial_taskflow_api.py for tasks to queue
[2024-12-13T10:54:19.578+0000] {logging_mixin.py:190} INFO - [2024-12-13T10:54:19.578+0000] {dagbag.py:588} INFO - Filling up the DagBag from /opt/bitnami/airflow/venv/lib/python3.12/site-packages/airflow/example_dags/tutorial_taskflow_api.py
[2024-12-13T10:54:19.583+0000] {processor.py:925} INFO - DAG(s) 'tutorial_taskflow_api' retrieved from /opt/bitnami/airflow/venv/lib/python3.12/site-packages/airflow/example_dags/tutorial_taskflow_api.py
[2024-12-13T10:54:19.623+0000] {logging_mixin.py:190} INFO - [2024-12-13T10:54:19.623+0000] {dag.py:3239} INFO - Sync 1 DAGs
[2024-12-13T10:54:19.646+0000] {logging_mixin.py:190} INFO - [2024-12-13T10:54:19.645+0000] {dag.py:4180} INFO - Setting next_dagrun for tutorial_taskflow_api to None, run_after=None
[2024-12-13T10:54:19.667+0000] {processor.py:208} INFO - Processing /opt/bitnami/airflow/venv/lib/python3.12/site-packages/airflow/example_dags/tutorial_taskflow_api.py took 0.097 seconds
[2024-12-13T10:54:49.974+0000] {processor.py:186} INFO - Started process (PID=374) to work on /opt/bitnami/airflow/venv/lib/python3.12/site-packages/airflow/example_dags/tutorial_taskflow_api.py
[2024-12-13T10:54:49.975+0000] {processor.py:914} INFO - Processing file /opt/bitnami/airflow/venv/lib/python3.12/site-packages/airflow/example_dags/tutorial_taskflow_api.py for tasks to queue
[2024-12-13T10:54:49.978+0000] {logging_mixin.py:190} INFO - [2024-12-13T10:54:49.977+0000] {dagbag.py:588} INFO - Filling up the DagBag from /opt/bitnami/airflow/venv/lib/python3.12/site-packages/airflow/example_dags/tutorial_taskflow_api.py
[2024-12-13T10:54:49.985+0000] {processor.py:925} INFO - DAG(s) 'tutorial_taskflow_api' retrieved from /opt/bitnami/airflow/venv/lib/python3.12/site-packages/airflow/example_dags/tutorial_taskflow_api.py
[2024-12-13T10:54:50.034+0000] {logging_mixin.py:190} INFO - [2024-12-13T10:54:50.033+0000] {dag.py:3239} INFO - Sync 1 DAGs
[2024-12-13T10:54:50.062+0000] {logging_mixin.py:190} INFO - [2024-12-13T10:54:50.061+0000] {dag.py:4180} INFO - Setting next_dagrun for tutorial_taskflow_api to None, run_after=None
[2024-12-13T10:54:50.098+0000] {processor.py:208} INFO - Processing /opt/bitnami/airflow/venv/lib/python3.12/site-packages/airflow/example_dags/tutorial_taskflow_api.py took 0.132 seconds
[2024-12-13T10:55:21.210+0000] {processor.py:186} INFO - Started process (PID=432) to work on /opt/bitnami/airflow/venv/lib/python3.12/site-packages/airflow/example_dags/tutorial_taskflow_api.py
[2024-12-13T10:55:21.211+0000] {processor.py:914} INFO - Processing file /opt/bitnami/airflow/venv/lib/python3.12/site-packages/airflow/example_dags/tutorial_taskflow_api.py for tasks to queue
[2024-12-13T10:55:21.214+0000] {logging_mixin.py:190} INFO - [2024-12-13T10:55:21.214+0000] {dagbag.py:588} INFO - Filling up the DagBag from /opt/bitnami/airflow/venv/lib/python3.12/site-packages/airflow/example_dags/tutorial_taskflow_api.py
[2024-12-13T10:55:21.226+0000] {processor.py:925} INFO - DAG(s) 'tutorial_taskflow_api' retrieved from /opt/bitnami/airflow/venv/lib/python3.12/site-packages/airflow/example_dags/tutorial_taskflow_api.py
[2024-12-13T10:55:21.293+0000] {logging_mixin.py:190} INFO - [2024-12-13T10:55:21.292+0000] {dag.py:3239} INFO - Sync 1 DAGs
[2024-12-13T10:55:21.336+0000] {logging_mixin.py:190} INFO - [2024-12-13T10:55:21.336+0000] {dag.py:4180} INFO - Setting next_dagrun for tutorial_taskflow_api to None, run_after=None
[2024-12-13T10:55:21.380+0000] {processor.py:208} INFO - Processing /opt/bitnami/airflow/venv/lib/python3.12/site-packages/airflow/example_dags/tutorial_taskflow_api.py took 0.179 seconds
[2024-12-13T10:55:52.319+0000] {processor.py:186} INFO - Started process (PID=489) to work on /opt/bitnami/airflow/venv/lib/python3.12/site-packages/airflow/example_dags/tutorial_taskflow_api.py
[2024-12-13T10:55:52.321+0000] {processor.py:914} INFO - Processing file /opt/bitnami/airflow/venv/lib/python3.12/site-packages/airflow/example_dags/tutorial_taskflow_api.py for tasks to queue
[2024-12-13T10:55:52.323+0000] {logging_mixin.py:190} INFO - [2024-12-13T10:55:52.323+0000] {dagbag.py:588} INFO - Filling up the DagBag from /opt/bitnami/airflow/venv/lib/python3.12/site-packages/airflow/example_dags/tutorial_taskflow_api.py
[2024-12-13T10:55:52.330+0000] {processor.py:925} INFO - DAG(s) 'tutorial_taskflow_api' retrieved from /opt/bitnami/airflow/venv/lib/python3.12/site-packages/airflow/example_dags/tutorial_taskflow_api.py
[2024-12-13T10:55:52.412+0000] {logging_mixin.py:190} INFO - [2024-12-13T10:55:52.412+0000] {dag.py:3239} INFO - Sync 1 DAGs
[2024-12-13T10:55:52.449+0000] {logging_mixin.py:190} INFO - [2024-12-13T10:55:52.449+0000] {dag.py:4180} INFO - Setting next_dagrun for tutorial_taskflow_api to None, run_after=None
[2024-12-13T10:55:52.503+0000] {processor.py:208} INFO - Processing /opt/bitnami/airflow/venv/lib/python3.12/site-packages/airflow/example_dags/tutorial_taskflow_api.py took 0.188 seconds
[2024-12-13T10:56:22.835+0000] {processor.py:186} INFO - Started process (PID=546) to work on /opt/bitnami/airflow/venv/lib/python3.12/site-packages/airflow/example_dags/tutorial_taskflow_api.py
[2024-12-13T10:56:22.836+0000] {processor.py:914} INFO - Processing file /opt/bitnami/airflow/venv/lib/python3.12/site-packages/airflow/example_dags/tutorial_taskflow_api.py for tasks to queue
[2024-12-13T10:56:22.838+0000] {logging_mixin.py:190} INFO - [2024-12-13T10:56:22.837+0000] {dagbag.py:588} INFO - Filling up the DagBag from /opt/bitnami/airflow/venv/lib/python3.12/site-packages/airflow/example_dags/tutorial_taskflow_api.py
[2024-12-13T10:56:22.844+0000] {processor.py:925} INFO - DAG(s) 'tutorial_taskflow_api' retrieved from /opt/bitnami/airflow/venv/lib/python3.12/site-packages/airflow/example_dags/tutorial_taskflow_api.py
[2024-12-13T10:56:22.887+0000] {logging_mixin.py:190} INFO - [2024-12-13T10:56:22.886+0000] {dag.py:3239} INFO - Sync 1 DAGs
[2024-12-13T10:56:22.909+0000] {logging_mixin.py:190} INFO - [2024-12-13T10:56:22.909+0000] {dag.py:4180} INFO - Setting next_dagrun for tutorial_taskflow_api to None, run_after=None
[2024-12-13T10:56:22.934+0000] {processor.py:208} INFO - Processing /opt/bitnami/airflow/venv/lib/python3.12/site-packages/airflow/example_dags/tutorial_taskflow_api.py took 0.104 seconds
[2024-12-13T10:56:53.273+0000] {processor.py:186} INFO - Started process (PID=603) to work on /opt/bitnami/airflow/venv/lib/python3.12/site-packages/airflow/example_dags/tutorial_taskflow_api.py
[2024-12-13T10:56:53.273+0000] {processor.py:914} INFO - Processing file /opt/bitnami/airflow/venv/lib/python3.12/site-packages/airflow/example_dags/tutorial_taskflow_api.py for tasks to queue
[2024-12-13T10:56:53.276+0000] {logging_mixin.py:190} INFO - [2024-12-13T10:56:53.275+0000] {dagbag.py:588} INFO - Filling up the DagBag from /opt/bitnami/airflow/venv/lib/python3.12/site-packages/airflow/example_dags/tutorial_taskflow_api.py
[2024-12-13T10:56:53.283+0000] {processor.py:925} INFO - DAG(s) 'tutorial_taskflow_api' retrieved from /opt/bitnami/airflow/venv/lib/python3.12/site-packages/airflow/example_dags/tutorial_taskflow_api.py
[2024-12-13T10:56:53.343+0000] {logging_mixin.py:190} INFO - [2024-12-13T10:56:53.343+0000] {dag.py:3239} INFO - Sync 1 DAGs
[2024-12-13T10:56:53.371+0000] {logging_mixin.py:190} INFO - [2024-12-13T10:56:53.371+0000] {dag.py:4180} INFO - Setting next_dagrun for tutorial_taskflow_api to None, run_after=None
[2024-12-13T10:56:53.402+0000] {processor.py:208} INFO - Processing /opt/bitnami/airflow/venv/lib/python3.12/site-packages/airflow/example_dags/tutorial_taskflow_api.py took 0.135 seconds
[2024-12-13T10:57:23.664+0000] {processor.py:186} INFO - Started process (PID=660) to work on /opt/bitnami/airflow/venv/lib/python3.12/site-packages/airflow/example_dags/tutorial_taskflow_api.py
[2024-12-13T10:57:23.665+0000] {processor.py:914} INFO - Processing file /opt/bitnami/airflow/venv/lib/python3.12/site-packages/airflow/example_dags/tutorial_taskflow_api.py for tasks to queue
[2024-12-13T10:57:23.668+0000] {logging_mixin.py:190} INFO - [2024-12-13T10:57:23.667+0000] {dagbag.py:588} INFO - Filling up the DagBag from /opt/bitnami/airflow/venv/lib/python3.12/site-packages/airflow/example_dags/tutorial_taskflow_api.py
[2024-12-13T10:57:23.675+0000] {processor.py:925} INFO - DAG(s) 'tutorial_taskflow_api' retrieved from /opt/bitnami/airflow/venv/lib/python3.12/site-packages/airflow/example_dags/tutorial_taskflow_api.py
[2024-12-13T10:57:23.712+0000] {logging_mixin.py:190} INFO - [2024-12-13T10:57:23.712+0000] {dag.py:3239} INFO - Sync 1 DAGs
[2024-12-13T10:57:23.731+0000] {logging_mixin.py:190} INFO - [2024-12-13T10:57:23.731+0000] {dag.py:4180} INFO - Setting next_dagrun for tutorial_taskflow_api to None, run_after=None
[2024-12-13T10:57:23.750+0000] {processor.py:208} INFO - Processing /opt/bitnami/airflow/venv/lib/python3.12/site-packages/airflow/example_dags/tutorial_taskflow_api.py took 0.090 seconds
[2024-12-13T10:57:54.694+0000] {processor.py:186} INFO - Started process (PID=717) to work on /opt/bitnami/airflow/venv/lib/python3.12/site-packages/airflow/example_dags/tutorial_taskflow_api.py
[2024-12-13T10:57:54.695+0000] {processor.py:914} INFO - Processing file /opt/bitnami/airflow/venv/lib/python3.12/site-packages/airflow/example_dags/tutorial_taskflow_api.py for tasks to queue
[2024-12-13T10:57:54.697+0000] {logging_mixin.py:190} INFO - [2024-12-13T10:57:54.696+0000] {dagbag.py:588} INFO - Filling up the DagBag from /opt/bitnami/airflow/venv/lib/python3.12/site-packages/airflow/example_dags/tutorial_taskflow_api.py
[2024-12-13T10:57:54.702+0000] {processor.py:925} INFO - DAG(s) 'tutorial_taskflow_api' retrieved from /opt/bitnami/airflow/venv/lib/python3.12/site-packages/airflow/example_dags/tutorial_taskflow_api.py
[2024-12-13T10:57:54.737+0000] {logging_mixin.py:190} INFO - [2024-12-13T10:57:54.737+0000] {dag.py:3239} INFO - Sync 1 DAGs
[2024-12-13T10:57:54.752+0000] {logging_mixin.py:190} INFO - [2024-12-13T10:57:54.752+0000] {dag.py:4180} INFO - Setting next_dagrun for tutorial_taskflow_api to None, run_after=None
[2024-12-13T10:57:54.772+0000] {processor.py:208} INFO - Processing /opt/bitnami/airflow/venv/lib/python3.12/site-packages/airflow/example_dags/tutorial_taskflow_api.py took 0.083 seconds
[2024-12-13T10:58:25.589+0000] {processor.py:186} INFO - Started process (PID=774) to work on /opt/bitnami/airflow/venv/lib/python3.12/site-packages/airflow/example_dags/tutorial_taskflow_api.py
[2024-12-13T10:58:25.590+0000] {processor.py:914} INFO - Processing file /opt/bitnami/airflow/venv/lib/python3.12/site-packages/airflow/example_dags/tutorial_taskflow_api.py for tasks to queue
[2024-12-13T10:58:25.593+0000] {logging_mixin.py:190} INFO - [2024-12-13T10:58:25.593+0000] {dagbag.py:588} INFO - Filling up the DagBag from /opt/bitnami/airflow/venv/lib/python3.12/site-packages/airflow/example_dags/tutorial_taskflow_api.py
[2024-12-13T10:58:25.599+0000] {processor.py:925} INFO - DAG(s) 'tutorial_taskflow_api' retrieved from /opt/bitnami/airflow/venv/lib/python3.12/site-packages/airflow/example_dags/tutorial_taskflow_api.py
[2024-12-13T10:58:25.681+0000] {logging_mixin.py:190} INFO - [2024-12-13T10:58:25.680+0000] {dag.py:3239} INFO - Sync 1 DAGs
[2024-12-13T10:58:25.714+0000] {logging_mixin.py:190} INFO - [2024-12-13T10:58:25.714+0000] {dag.py:4180} INFO - Setting next_dagrun for tutorial_taskflow_api to None, run_after=None
[2024-12-13T10:58:25.747+0000] {processor.py:208} INFO - Processing /opt/bitnami/airflow/venv/lib/python3.12/site-packages/airflow/example_dags/tutorial_taskflow_api.py took 0.164 seconds
[2024-12-13T10:58:56.681+0000] {processor.py:186} INFO - Started process (PID=831) to work on /opt/bitnami/airflow/venv/lib/python3.12/site-packages/airflow/example_dags/tutorial_taskflow_api.py
[2024-12-13T10:58:56.682+0000] {processor.py:914} INFO - Processing file /opt/bitnami/airflow/venv/lib/python3.12/site-packages/airflow/example_dags/tutorial_taskflow_api.py for tasks to queue
[2024-12-13T10:58:56.685+0000] {logging_mixin.py:190} INFO - [2024-12-13T10:58:56.684+0000] {dagbag.py:588} INFO - Filling up the DagBag from /opt/bitnami/airflow/venv/lib/python3.12/site-packages/airflow/example_dags/tutorial_taskflow_api.py
[2024-12-13T10:58:56.691+0000] {processor.py:925} INFO - DAG(s) 'tutorial_taskflow_api' retrieved from /opt/bitnami/airflow/venv/lib/python3.12/site-packages/airflow/example_dags/tutorial_taskflow_api.py
[2024-12-13T10:58:56.786+0000] {logging_mixin.py:190} INFO - [2024-12-13T10:58:56.786+0000] {dag.py:3239} INFO - Sync 1 DAGs
[2024-12-13T10:58:56.823+0000] {logging_mixin.py:190} INFO - [2024-12-13T10:58:56.822+0000] {dag.py:4180} INFO - Setting next_dagrun for tutorial_taskflow_api to None, run_after=None
[2024-12-13T10:58:56.867+0000] {processor.py:208} INFO - Processing /opt/bitnami/airflow/venv/lib/python3.12/site-packages/airflow/example_dags/tutorial_taskflow_api.py took 0.190 seconds
[2024-12-13T11:07:34.548+0000] {processor.py:186} INFO - Started process (PID=90) to work on /opt/bitnami/airflow/venv/lib/python3.12/site-packages/airflow/example_dags/tutorial_taskflow_api.py
[2024-12-13T11:07:34.549+0000] {processor.py:914} INFO - Processing file /opt/bitnami/airflow/venv/lib/python3.12/site-packages/airflow/example_dags/tutorial_taskflow_api.py for tasks to queue
[2024-12-13T11:07:34.553+0000] {logging_mixin.py:190} INFO - [2024-12-13T11:07:34.553+0000] {dagbag.py:588} INFO - Filling up the DagBag from /opt/bitnami/airflow/venv/lib/python3.12/site-packages/airflow/example_dags/tutorial_taskflow_api.py
[2024-12-13T11:07:34.564+0000] {processor.py:925} INFO - DAG(s) 'tutorial_taskflow_api' retrieved from /opt/bitnami/airflow/venv/lib/python3.12/site-packages/airflow/example_dags/tutorial_taskflow_api.py
[2024-12-13T11:07:34.657+0000] {logging_mixin.py:190} INFO - [2024-12-13T11:07:34.657+0000] {dag.py:3239} INFO - Sync 1 DAGs
[2024-12-13T11:07:34.718+0000] {logging_mixin.py:190} INFO - [2024-12-13T11:07:34.718+0000] {dag.py:4180} INFO - Setting next_dagrun for tutorial_taskflow_api to None, run_after=None
[2024-12-13T11:07:34.768+0000] {processor.py:208} INFO - Processing /opt/bitnami/airflow/venv/lib/python3.12/site-packages/airflow/example_dags/tutorial_taskflow_api.py took 0.227 seconds
[2024-12-13T11:08:04.995+0000] {processor.py:186} INFO - Started process (PID=147) to work on /opt/bitnami/airflow/venv/lib/python3.12/site-packages/airflow/example_dags/tutorial_taskflow_api.py
[2024-12-13T11:08:04.996+0000] {processor.py:914} INFO - Processing file /opt/bitnami/airflow/venv/lib/python3.12/site-packages/airflow/example_dags/tutorial_taskflow_api.py for tasks to queue
[2024-12-13T11:08:04.999+0000] {logging_mixin.py:190} INFO - [2024-12-13T11:08:04.999+0000] {dagbag.py:588} INFO - Filling up the DagBag from /opt/bitnami/airflow/venv/lib/python3.12/site-packages/airflow/example_dags/tutorial_taskflow_api.py
[2024-12-13T11:08:05.007+0000] {processor.py:925} INFO - DAG(s) 'tutorial_taskflow_api' retrieved from /opt/bitnami/airflow/venv/lib/python3.12/site-packages/airflow/example_dags/tutorial_taskflow_api.py
[2024-12-13T11:08:05.086+0000] {logging_mixin.py:190} INFO - [2024-12-13T11:08:05.086+0000] {dag.py:3239} INFO - Sync 1 DAGs
[2024-12-13T11:08:05.126+0000] {logging_mixin.py:190} INFO - [2024-12-13T11:08:05.126+0000] {dag.py:4180} INFO - Setting next_dagrun for tutorial_taskflow_api to None, run_after=None
[2024-12-13T11:08:05.160+0000] {processor.py:208} INFO - Processing /opt/bitnami/airflow/venv/lib/python3.12/site-packages/airflow/example_dags/tutorial_taskflow_api.py took 0.172 seconds
[2024-12-13T11:08:37.776+0000] {processor.py:186} INFO - Started process (PID=204) to work on /opt/bitnami/airflow/venv/lib/python3.12/site-packages/airflow/example_dags/tutorial_taskflow_api.py
[2024-12-13T11:08:37.777+0000] {processor.py:914} INFO - Processing file /opt/bitnami/airflow/venv/lib/python3.12/site-packages/airflow/example_dags/tutorial_taskflow_api.py for tasks to queue
[2024-12-13T11:08:37.780+0000] {logging_mixin.py:190} INFO - [2024-12-13T11:08:37.780+0000] {dagbag.py:588} INFO - Filling up the DagBag from /opt/bitnami/airflow/venv/lib/python3.12/site-packages/airflow/example_dags/tutorial_taskflow_api.py
[2024-12-13T11:08:37.786+0000] {processor.py:925} INFO - DAG(s) 'tutorial_taskflow_api' retrieved from /opt/bitnami/airflow/venv/lib/python3.12/site-packages/airflow/example_dags/tutorial_taskflow_api.py
[2024-12-13T11:08:37.871+0000] {logging_mixin.py:190} INFO - [2024-12-13T11:08:37.870+0000] {dag.py:3239} INFO - Sync 1 DAGs
[2024-12-13T11:08:37.886+0000] {logging_mixin.py:190} INFO - [2024-12-13T11:08:37.885+0000] {dag.py:4180} INFO - Setting next_dagrun for tutorial_taskflow_api to None, run_after=None
[2024-12-13T11:08:37.911+0000] {processor.py:208} INFO - Processing /opt/bitnami/airflow/venv/lib/python3.12/site-packages/airflow/example_dags/tutorial_taskflow_api.py took 0.142 seconds
[2024-12-13T11:09:08.322+0000] {processor.py:186} INFO - Started process (PID=261) to work on /opt/bitnami/airflow/venv/lib/python3.12/site-packages/airflow/example_dags/tutorial_taskflow_api.py
[2024-12-13T11:09:08.324+0000] {processor.py:914} INFO - Processing file /opt/bitnami/airflow/venv/lib/python3.12/site-packages/airflow/example_dags/tutorial_taskflow_api.py for tasks to queue
[2024-12-13T11:09:08.327+0000] {logging_mixin.py:190} INFO - [2024-12-13T11:09:08.327+0000] {dagbag.py:588} INFO - Filling up the DagBag from /opt/bitnami/airflow/venv/lib/python3.12/site-packages/airflow/example_dags/tutorial_taskflow_api.py
[2024-12-13T11:09:08.335+0000] {processor.py:925} INFO - DAG(s) 'tutorial_taskflow_api' retrieved from /opt/bitnami/airflow/venv/lib/python3.12/site-packages/airflow/example_dags/tutorial_taskflow_api.py
[2024-12-13T11:09:08.412+0000] {logging_mixin.py:190} INFO - [2024-12-13T11:09:08.411+0000] {dag.py:3239} INFO - Sync 1 DAGs
[2024-12-13T11:09:08.450+0000] {logging_mixin.py:190} INFO - [2024-12-13T11:09:08.450+0000] {dag.py:4180} INFO - Setting next_dagrun for tutorial_taskflow_api to None, run_after=None
[2024-12-13T11:09:08.501+0000] {processor.py:208} INFO - Processing /opt/bitnami/airflow/venv/lib/python3.12/site-packages/airflow/example_dags/tutorial_taskflow_api.py took 0.185 seconds
[2024-12-13T11:13:45.890+0000] {processor.py:186} INFO - Started process (PID=90) to work on /opt/bitnami/airflow/venv/lib/python3.12/site-packages/airflow/example_dags/tutorial_taskflow_api.py
[2024-12-13T11:13:45.892+0000] {processor.py:914} INFO - Processing file /opt/bitnami/airflow/venv/lib/python3.12/site-packages/airflow/example_dags/tutorial_taskflow_api.py for tasks to queue
[2024-12-13T11:13:45.895+0000] {logging_mixin.py:190} INFO - [2024-12-13T11:13:45.895+0000] {dagbag.py:588} INFO - Filling up the DagBag from /opt/bitnami/airflow/venv/lib/python3.12/site-packages/airflow/example_dags/tutorial_taskflow_api.py
[2024-12-13T11:13:45.900+0000] {processor.py:925} INFO - DAG(s) 'tutorial_taskflow_api' retrieved from /opt/bitnami/airflow/venv/lib/python3.12/site-packages/airflow/example_dags/tutorial_taskflow_api.py
[2024-12-13T11:13:45.990+0000] {logging_mixin.py:190} INFO - [2024-12-13T11:13:45.990+0000] {dag.py:3239} INFO - Sync 1 DAGs
[2024-12-13T11:13:46.039+0000] {logging_mixin.py:190} INFO - [2024-12-13T11:13:46.038+0000] {dag.py:4180} INFO - Setting next_dagrun for tutorial_taskflow_api to None, run_after=None
[2024-12-13T11:13:46.074+0000] {processor.py:208} INFO - Processing /opt/bitnami/airflow/venv/lib/python3.12/site-packages/airflow/example_dags/tutorial_taskflow_api.py took 0.188 seconds
[2024-12-13T11:14:16.267+0000] {processor.py:186} INFO - Started process (PID=147) to work on /opt/bitnami/airflow/venv/lib/python3.12/site-packages/airflow/example_dags/tutorial_taskflow_api.py
[2024-12-13T11:14:16.269+0000] {processor.py:914} INFO - Processing file /opt/bitnami/airflow/venv/lib/python3.12/site-packages/airflow/example_dags/tutorial_taskflow_api.py for tasks to queue
[2024-12-13T11:14:16.271+0000] {logging_mixin.py:190} INFO - [2024-12-13T11:14:16.271+0000] {dagbag.py:588} INFO - Filling up the DagBag from /opt/bitnami/airflow/venv/lib/python3.12/site-packages/airflow/example_dags/tutorial_taskflow_api.py
[2024-12-13T11:14:16.276+0000] {processor.py:925} INFO - DAG(s) 'tutorial_taskflow_api' retrieved from /opt/bitnami/airflow/venv/lib/python3.12/site-packages/airflow/example_dags/tutorial_taskflow_api.py
[2024-12-13T11:14:16.317+0000] {logging_mixin.py:190} INFO - [2024-12-13T11:14:16.317+0000] {dag.py:3239} INFO - Sync 1 DAGs
[2024-12-13T11:14:16.347+0000] {logging_mixin.py:190} INFO - [2024-12-13T11:14:16.347+0000] {dag.py:4180} INFO - Setting next_dagrun for tutorial_taskflow_api to None, run_after=None
[2024-12-13T11:14:16.375+0000] {processor.py:208} INFO - Processing /opt/bitnami/airflow/venv/lib/python3.12/site-packages/airflow/example_dags/tutorial_taskflow_api.py took 0.112 seconds
[2024-12-13T11:14:51.258+0000] {processor.py:186} INFO - Started process (PID=204) to work on /opt/bitnami/airflow/venv/lib/python3.12/site-packages/airflow/example_dags/tutorial_taskflow_api.py
[2024-12-13T11:14:51.259+0000] {processor.py:914} INFO - Processing file /opt/bitnami/airflow/venv/lib/python3.12/site-packages/airflow/example_dags/tutorial_taskflow_api.py for tasks to queue
[2024-12-13T11:14:51.262+0000] {logging_mixin.py:190} INFO - [2024-12-13T11:14:51.262+0000] {dagbag.py:588} INFO - Filling up the DagBag from /opt/bitnami/airflow/venv/lib/python3.12/site-packages/airflow/example_dags/tutorial_taskflow_api.py
[2024-12-13T11:14:51.274+0000] {processor.py:925} INFO - DAG(s) 'tutorial_taskflow_api' retrieved from /opt/bitnami/airflow/venv/lib/python3.12/site-packages/airflow/example_dags/tutorial_taskflow_api.py
[2024-12-13T11:14:51.440+0000] {logging_mixin.py:190} INFO - [2024-12-13T11:14:51.439+0000] {dag.py:3239} INFO - Sync 1 DAGs
[2024-12-13T11:14:51.480+0000] {logging_mixin.py:190} INFO - [2024-12-13T11:14:51.479+0000] {dag.py:4180} INFO - Setting next_dagrun for tutorial_taskflow_api to None, run_after=None
[2024-12-13T11:14:51.532+0000] {processor.py:208} INFO - Processing /opt/bitnami/airflow/venv/lib/python3.12/site-packages/airflow/example_dags/tutorial_taskflow_api.py took 0.283 seconds
[2024-12-13T11:15:22.040+0000] {processor.py:186} INFO - Started process (PID=261) to work on /opt/bitnami/airflow/venv/lib/python3.12/site-packages/airflow/example_dags/tutorial_taskflow_api.py
[2024-12-13T11:15:22.042+0000] {processor.py:914} INFO - Processing file /opt/bitnami/airflow/venv/lib/python3.12/site-packages/airflow/example_dags/tutorial_taskflow_api.py for tasks to queue
[2024-12-13T11:15:22.044+0000] {logging_mixin.py:190} INFO - [2024-12-13T11:15:22.044+0000] {dagbag.py:588} INFO - Filling up the DagBag from /opt/bitnami/airflow/venv/lib/python3.12/site-packages/airflow/example_dags/tutorial_taskflow_api.py
[2024-12-13T11:15:22.049+0000] {processor.py:925} INFO - DAG(s) 'tutorial_taskflow_api' retrieved from /opt/bitnami/airflow/venv/lib/python3.12/site-packages/airflow/example_dags/tutorial_taskflow_api.py
[2024-12-13T11:15:22.108+0000] {logging_mixin.py:190} INFO - [2024-12-13T11:15:22.107+0000] {dag.py:3239} INFO - Sync 1 DAGs
[2024-12-13T11:15:22.135+0000] {logging_mixin.py:190} INFO - [2024-12-13T11:15:22.135+0000] {dag.py:4180} INFO - Setting next_dagrun for tutorial_taskflow_api to None, run_after=None
[2024-12-13T11:15:22.174+0000] {processor.py:208} INFO - Processing /opt/bitnami/airflow/venv/lib/python3.12/site-packages/airflow/example_dags/tutorial_taskflow_api.py took 0.139 seconds
[2024-12-13T11:57:09.959+0000] {processor.py:186} INFO - Started process (PID=90) to work on /opt/bitnami/airflow/venv/lib/python3.12/site-packages/airflow/example_dags/tutorial_taskflow_api.py
[2024-12-13T11:57:09.960+0000] {processor.py:914} INFO - Processing file /opt/bitnami/airflow/venv/lib/python3.12/site-packages/airflow/example_dags/tutorial_taskflow_api.py for tasks to queue
[2024-12-13T11:57:09.962+0000] {logging_mixin.py:190} INFO - [2024-12-13T11:57:09.961+0000] {dagbag.py:588} INFO - Filling up the DagBag from /opt/bitnami/airflow/venv/lib/python3.12/site-packages/airflow/example_dags/tutorial_taskflow_api.py
[2024-12-13T11:57:09.966+0000] {processor.py:925} INFO - DAG(s) 'tutorial_taskflow_api' retrieved from /opt/bitnami/airflow/venv/lib/python3.12/site-packages/airflow/example_dags/tutorial_taskflow_api.py
[2024-12-13T11:57:09.991+0000] {logging_mixin.py:190} INFO - [2024-12-13T11:57:09.990+0000] {dag.py:3239} INFO - Sync 1 DAGs
[2024-12-13T11:57:10.009+0000] {logging_mixin.py:190} INFO - [2024-12-13T11:57:10.009+0000] {dag.py:4180} INFO - Setting next_dagrun for tutorial_taskflow_api to None, run_after=None
[2024-12-13T11:57:10.026+0000] {processor.py:208} INFO - Processing /opt/bitnami/airflow/venv/lib/python3.12/site-packages/airflow/example_dags/tutorial_taskflow_api.py took 0.071 seconds
[2024-12-13T11:57:41.624+0000] {processor.py:186} INFO - Started process (PID=147) to work on /opt/bitnami/airflow/venv/lib/python3.12/site-packages/airflow/example_dags/tutorial_taskflow_api.py
[2024-12-13T11:57:41.626+0000] {processor.py:914} INFO - Processing file /opt/bitnami/airflow/venv/lib/python3.12/site-packages/airflow/example_dags/tutorial_taskflow_api.py for tasks to queue
[2024-12-13T11:57:41.628+0000] {logging_mixin.py:190} INFO - [2024-12-13T11:57:41.627+0000] {dagbag.py:588} INFO - Filling up the DagBag from /opt/bitnami/airflow/venv/lib/python3.12/site-packages/airflow/example_dags/tutorial_taskflow_api.py
[2024-12-13T11:57:41.633+0000] {processor.py:925} INFO - DAG(s) 'tutorial_taskflow_api' retrieved from /opt/bitnami/airflow/venv/lib/python3.12/site-packages/airflow/example_dags/tutorial_taskflow_api.py
[2024-12-13T11:57:41.669+0000] {logging_mixin.py:190} INFO - [2024-12-13T11:57:41.669+0000] {dag.py:3239} INFO - Sync 1 DAGs
[2024-12-13T11:57:41.692+0000] {logging_mixin.py:190} INFO - [2024-12-13T11:57:41.691+0000] {dag.py:4180} INFO - Setting next_dagrun for tutorial_taskflow_api to None, run_after=None
[2024-12-13T11:57:41.715+0000] {processor.py:208} INFO - Processing /opt/bitnami/airflow/venv/lib/python3.12/site-packages/airflow/example_dags/tutorial_taskflow_api.py took 0.095 seconds
[2024-12-13T11:58:36.012+0000] {processor.py:186} INFO - Started process (PID=90) to work on /opt/bitnami/airflow/venv/lib/python3.12/site-packages/airflow/example_dags/tutorial_taskflow_api.py
[2024-12-13T11:58:36.013+0000] {processor.py:914} INFO - Processing file /opt/bitnami/airflow/venv/lib/python3.12/site-packages/airflow/example_dags/tutorial_taskflow_api.py for tasks to queue
[2024-12-13T11:58:36.015+0000] {logging_mixin.py:190} INFO - [2024-12-13T11:58:36.015+0000] {dagbag.py:588} INFO - Filling up the DagBag from /opt/bitnami/airflow/venv/lib/python3.12/site-packages/airflow/example_dags/tutorial_taskflow_api.py
[2024-12-13T11:58:36.022+0000] {processor.py:925} INFO - DAG(s) 'tutorial_taskflow_api' retrieved from /opt/bitnami/airflow/venv/lib/python3.12/site-packages/airflow/example_dags/tutorial_taskflow_api.py
[2024-12-13T11:58:36.054+0000] {logging_mixin.py:190} INFO - [2024-12-13T11:58:36.054+0000] {dag.py:3239} INFO - Sync 1 DAGs
[2024-12-13T11:58:36.075+0000] {logging_mixin.py:190} INFO - [2024-12-13T11:58:36.074+0000] {dag.py:4180} INFO - Setting next_dagrun for tutorial_taskflow_api to None, run_after=None
[2024-12-13T11:58:36.100+0000] {processor.py:208} INFO - Processing /opt/bitnami/airflow/venv/lib/python3.12/site-packages/airflow/example_dags/tutorial_taskflow_api.py took 0.093 seconds
[2024-12-13T11:59:07.320+0000] {processor.py:186} INFO - Started process (PID=147) to work on /opt/bitnami/airflow/venv/lib/python3.12/site-packages/airflow/example_dags/tutorial_taskflow_api.py
[2024-12-13T11:59:07.321+0000] {processor.py:914} INFO - Processing file /opt/bitnami/airflow/venv/lib/python3.12/site-packages/airflow/example_dags/tutorial_taskflow_api.py for tasks to queue
[2024-12-13T11:59:07.323+0000] {logging_mixin.py:190} INFO - [2024-12-13T11:59:07.323+0000] {dagbag.py:588} INFO - Filling up the DagBag from /opt/bitnami/airflow/venv/lib/python3.12/site-packages/airflow/example_dags/tutorial_taskflow_api.py
[2024-12-13T11:59:07.329+0000] {processor.py:925} INFO - DAG(s) 'tutorial_taskflow_api' retrieved from /opt/bitnami/airflow/venv/lib/python3.12/site-packages/airflow/example_dags/tutorial_taskflow_api.py
[2024-12-13T11:59:07.368+0000] {logging_mixin.py:190} INFO - [2024-12-13T11:59:07.367+0000] {dag.py:3239} INFO - Sync 1 DAGs
[2024-12-13T11:59:07.388+0000] {logging_mixin.py:190} INFO - [2024-12-13T11:59:07.387+0000] {dag.py:4180} INFO - Setting next_dagrun for tutorial_taskflow_api to None, run_after=None
[2024-12-13T11:59:07.414+0000] {processor.py:208} INFO - Processing /opt/bitnami/airflow/venv/lib/python3.12/site-packages/airflow/example_dags/tutorial_taskflow_api.py took 0.099 seconds
[2024-12-13T11:59:38.773+0000] {processor.py:186} INFO - Started process (PID=204) to work on /opt/bitnami/airflow/venv/lib/python3.12/site-packages/airflow/example_dags/tutorial_taskflow_api.py
[2024-12-13T11:59:38.774+0000] {processor.py:914} INFO - Processing file /opt/bitnami/airflow/venv/lib/python3.12/site-packages/airflow/example_dags/tutorial_taskflow_api.py for tasks to queue
[2024-12-13T11:59:38.776+0000] {logging_mixin.py:190} INFO - [2024-12-13T11:59:38.776+0000] {dagbag.py:588} INFO - Filling up the DagBag from /opt/bitnami/airflow/venv/lib/python3.12/site-packages/airflow/example_dags/tutorial_taskflow_api.py
[2024-12-13T11:59:38.781+0000] {processor.py:925} INFO - DAG(s) 'tutorial_taskflow_api' retrieved from /opt/bitnami/airflow/venv/lib/python3.12/site-packages/airflow/example_dags/tutorial_taskflow_api.py
[2024-12-13T11:59:38.861+0000] {logging_mixin.py:190} INFO - [2024-12-13T11:59:38.861+0000] {dag.py:3239} INFO - Sync 1 DAGs
[2024-12-13T11:59:38.879+0000] {logging_mixin.py:190} INFO - [2024-12-13T11:59:38.879+0000] {dag.py:4180} INFO - Setting next_dagrun for tutorial_taskflow_api to None, run_after=None
[2024-12-13T11:59:38.904+0000] {processor.py:208} INFO - Processing /opt/bitnami/airflow/venv/lib/python3.12/site-packages/airflow/example_dags/tutorial_taskflow_api.py took 0.135 seconds
[2024-12-13T12:00:09.382+0000] {processor.py:186} INFO - Started process (PID=261) to work on /opt/bitnami/airflow/venv/lib/python3.12/site-packages/airflow/example_dags/tutorial_taskflow_api.py
[2024-12-13T12:00:09.383+0000] {processor.py:914} INFO - Processing file /opt/bitnami/airflow/venv/lib/python3.12/site-packages/airflow/example_dags/tutorial_taskflow_api.py for tasks to queue
[2024-12-13T12:00:09.385+0000] {logging_mixin.py:190} INFO - [2024-12-13T12:00:09.385+0000] {dagbag.py:588} INFO - Filling up the DagBag from /opt/bitnami/airflow/venv/lib/python3.12/site-packages/airflow/example_dags/tutorial_taskflow_api.py
[2024-12-13T12:00:09.390+0000] {processor.py:925} INFO - DAG(s) 'tutorial_taskflow_api' retrieved from /opt/bitnami/airflow/venv/lib/python3.12/site-packages/airflow/example_dags/tutorial_taskflow_api.py
[2024-12-13T12:00:09.437+0000] {logging_mixin.py:190} INFO - [2024-12-13T12:00:09.436+0000] {dag.py:3239} INFO - Sync 1 DAGs
[2024-12-13T12:00:09.462+0000] {logging_mixin.py:190} INFO - [2024-12-13T12:00:09.462+0000] {dag.py:4180} INFO - Setting next_dagrun for tutorial_taskflow_api to None, run_after=None
[2024-12-13T12:00:09.486+0000] {processor.py:208} INFO - Processing /opt/bitnami/airflow/venv/lib/python3.12/site-packages/airflow/example_dags/tutorial_taskflow_api.py took 0.109 seconds
[2024-12-13T12:00:40.224+0000] {processor.py:186} INFO - Started process (PID=318) to work on /opt/bitnami/airflow/venv/lib/python3.12/site-packages/airflow/example_dags/tutorial_taskflow_api.py
[2024-12-13T12:00:40.225+0000] {processor.py:914} INFO - Processing file /opt/bitnami/airflow/venv/lib/python3.12/site-packages/airflow/example_dags/tutorial_taskflow_api.py for tasks to queue
[2024-12-13T12:00:40.227+0000] {logging_mixin.py:190} INFO - [2024-12-13T12:00:40.227+0000] {dagbag.py:588} INFO - Filling up the DagBag from /opt/bitnami/airflow/venv/lib/python3.12/site-packages/airflow/example_dags/tutorial_taskflow_api.py
[2024-12-13T12:00:40.232+0000] {processor.py:925} INFO - DAG(s) 'tutorial_taskflow_api' retrieved from /opt/bitnami/airflow/venv/lib/python3.12/site-packages/airflow/example_dags/tutorial_taskflow_api.py
[2024-12-13T12:00:40.260+0000] {logging_mixin.py:190} INFO - [2024-12-13T12:00:40.259+0000] {dag.py:3239} INFO - Sync 1 DAGs
[2024-12-13T12:00:40.276+0000] {logging_mixin.py:190} INFO - [2024-12-13T12:00:40.276+0000] {dag.py:4180} INFO - Setting next_dagrun for tutorial_taskflow_api to None, run_after=None
[2024-12-13T12:00:40.294+0000] {processor.py:208} INFO - Processing /opt/bitnami/airflow/venv/lib/python3.12/site-packages/airflow/example_dags/tutorial_taskflow_api.py took 0.074 seconds
[2024-12-13T12:01:10.818+0000] {processor.py:186} INFO - Started process (PID=375) to work on /opt/bitnami/airflow/venv/lib/python3.12/site-packages/airflow/example_dags/tutorial_taskflow_api.py
[2024-12-13T12:01:10.819+0000] {processor.py:914} INFO - Processing file /opt/bitnami/airflow/venv/lib/python3.12/site-packages/airflow/example_dags/tutorial_taskflow_api.py for tasks to queue
[2024-12-13T12:01:10.821+0000] {logging_mixin.py:190} INFO - [2024-12-13T12:01:10.821+0000] {dagbag.py:588} INFO - Filling up the DagBag from /opt/bitnami/airflow/venv/lib/python3.12/site-packages/airflow/example_dags/tutorial_taskflow_api.py
[2024-12-13T12:01:10.826+0000] {processor.py:925} INFO - DAG(s) 'tutorial_taskflow_api' retrieved from /opt/bitnami/airflow/venv/lib/python3.12/site-packages/airflow/example_dags/tutorial_taskflow_api.py
[2024-12-13T12:01:10.858+0000] {logging_mixin.py:190} INFO - [2024-12-13T12:01:10.857+0000] {dag.py:3239} INFO - Sync 1 DAGs
[2024-12-13T12:01:10.877+0000] {logging_mixin.py:190} INFO - [2024-12-13T12:01:10.877+0000] {dag.py:4180} INFO - Setting next_dagrun for tutorial_taskflow_api to None, run_after=None
[2024-12-13T12:01:10.898+0000] {processor.py:208} INFO - Processing /opt/bitnami/airflow/venv/lib/python3.12/site-packages/airflow/example_dags/tutorial_taskflow_api.py took 0.085 seconds
[2024-12-13T12:01:41.651+0000] {processor.py:186} INFO - Started process (PID=432) to work on /opt/bitnami/airflow/venv/lib/python3.12/site-packages/airflow/example_dags/tutorial_taskflow_api.py
[2024-12-13T12:01:41.652+0000] {processor.py:914} INFO - Processing file /opt/bitnami/airflow/venv/lib/python3.12/site-packages/airflow/example_dags/tutorial_taskflow_api.py for tasks to queue
[2024-12-13T12:01:41.653+0000] {logging_mixin.py:190} INFO - [2024-12-13T12:01:41.653+0000] {dagbag.py:588} INFO - Filling up the DagBag from /opt/bitnami/airflow/venv/lib/python3.12/site-packages/airflow/example_dags/tutorial_taskflow_api.py
[2024-12-13T12:01:41.659+0000] {processor.py:925} INFO - DAG(s) 'tutorial_taskflow_api' retrieved from /opt/bitnami/airflow/venv/lib/python3.12/site-packages/airflow/example_dags/tutorial_taskflow_api.py
[2024-12-13T12:01:41.686+0000] {logging_mixin.py:190} INFO - [2024-12-13T12:01:41.686+0000] {dag.py:3239} INFO - Sync 1 DAGs
[2024-12-13T12:01:41.705+0000] {logging_mixin.py:190} INFO - [2024-12-13T12:01:41.705+0000] {dag.py:4180} INFO - Setting next_dagrun for tutorial_taskflow_api to None, run_after=None
[2024-12-13T12:01:41.727+0000] {processor.py:208} INFO - Processing /opt/bitnami/airflow/venv/lib/python3.12/site-packages/airflow/example_dags/tutorial_taskflow_api.py took 0.081 seconds
[2024-12-13T12:02:12.197+0000] {processor.py:186} INFO - Started process (PID=489) to work on /opt/bitnami/airflow/venv/lib/python3.12/site-packages/airflow/example_dags/tutorial_taskflow_api.py
[2024-12-13T12:02:12.198+0000] {processor.py:914} INFO - Processing file /opt/bitnami/airflow/venv/lib/python3.12/site-packages/airflow/example_dags/tutorial_taskflow_api.py for tasks to queue
[2024-12-13T12:02:12.200+0000] {logging_mixin.py:190} INFO - [2024-12-13T12:02:12.200+0000] {dagbag.py:588} INFO - Filling up the DagBag from /opt/bitnami/airflow/venv/lib/python3.12/site-packages/airflow/example_dags/tutorial_taskflow_api.py
[2024-12-13T12:02:12.206+0000] {processor.py:925} INFO - DAG(s) 'tutorial_taskflow_api' retrieved from /opt/bitnami/airflow/venv/lib/python3.12/site-packages/airflow/example_dags/tutorial_taskflow_api.py
[2024-12-13T12:02:12.233+0000] {logging_mixin.py:190} INFO - [2024-12-13T12:02:12.233+0000] {dag.py:3239} INFO - Sync 1 DAGs
[2024-12-13T12:02:12.249+0000] {logging_mixin.py:190} INFO - [2024-12-13T12:02:12.249+0000] {dag.py:4180} INFO - Setting next_dagrun for tutorial_taskflow_api to None, run_after=None
[2024-12-13T12:02:12.274+0000] {processor.py:208} INFO - Processing /opt/bitnami/airflow/venv/lib/python3.12/site-packages/airflow/example_dags/tutorial_taskflow_api.py took 0.081 seconds
