[2024-12-13T08:19:46.217+0000] {processor.py:186} INFO - Started process (PID=82) to work on /opt/bitnami/airflow/venv/lib/python3.12/site-packages/airflow/example_dags/tutorial.py
[2024-12-13T08:19:46.218+0000] {processor.py:914} INFO - Processing file /opt/bitnami/airflow/venv/lib/python3.12/site-packages/airflow/example_dags/tutorial.py for tasks to queue
[2024-12-13T08:19:46.219+0000] {logging_mixin.py:190} INFO - [2024-12-13T08:19:46.219+0000] {dagbag.py:588} INFO - Filling up the DagBag from /opt/bitnami/airflow/venv/lib/python3.12/site-packages/airflow/example_dags/tutorial.py
[2024-12-13T08:19:46.224+0000] {processor.py:925} INFO - DAG(s) 'tutorial' retrieved from /opt/bitnami/airflow/venv/lib/python3.12/site-packages/airflow/example_dags/tutorial.py
[2024-12-13T08:19:46.256+0000] {logging_mixin.py:190} INFO - [2024-12-13T08:19:46.256+0000] {dag.py:3239} INFO - Sync 1 DAGs
[2024-12-13T08:19:46.283+0000] {logging_mixin.py:190} INFO - [2024-12-13T08:19:46.283+0000] {dag.py:4180} INFO - Setting next_dagrun for tutorial to 2024-12-12 00:00:00+00:00, run_after=2024-12-13 00:00:00+00:00
[2024-12-13T08:19:46.302+0000] {processor.py:208} INFO - Processing /opt/bitnami/airflow/venv/lib/python3.12/site-packages/airflow/example_dags/tutorial.py took 0.089 seconds
[2024-12-13T08:20:16.347+0000] {processor.py:186} INFO - Started process (PID=139) to work on /opt/bitnami/airflow/venv/lib/python3.12/site-packages/airflow/example_dags/tutorial.py
[2024-12-13T08:20:16.348+0000] {processor.py:914} INFO - Processing file /opt/bitnami/airflow/venv/lib/python3.12/site-packages/airflow/example_dags/tutorial.py for tasks to queue
[2024-12-13T08:20:16.350+0000] {logging_mixin.py:190} INFO - [2024-12-13T08:20:16.350+0000] {dagbag.py:588} INFO - Filling up the DagBag from /opt/bitnami/airflow/venv/lib/python3.12/site-packages/airflow/example_dags/tutorial.py
[2024-12-13T08:20:16.355+0000] {processor.py:925} INFO - DAG(s) 'tutorial' retrieved from /opt/bitnami/airflow/venv/lib/python3.12/site-packages/airflow/example_dags/tutorial.py
[2024-12-13T08:20:16.385+0000] {logging_mixin.py:190} INFO - [2024-12-13T08:20:16.384+0000] {dag.py:3239} INFO - Sync 1 DAGs
[2024-12-13T08:20:16.414+0000] {logging_mixin.py:190} INFO - [2024-12-13T08:20:16.414+0000] {dag.py:4180} INFO - Setting next_dagrun for tutorial to 2024-12-12 00:00:00+00:00, run_after=2024-12-13 00:00:00+00:00
[2024-12-13T08:20:16.434+0000] {processor.py:208} INFO - Processing /opt/bitnami/airflow/venv/lib/python3.12/site-packages/airflow/example_dags/tutorial.py took 0.091 seconds
[2024-12-13T08:20:47.128+0000] {processor.py:186} INFO - Started process (PID=196) to work on /opt/bitnami/airflow/venv/lib/python3.12/site-packages/airflow/example_dags/tutorial.py
[2024-12-13T08:20:47.129+0000] {processor.py:914} INFO - Processing file /opt/bitnami/airflow/venv/lib/python3.12/site-packages/airflow/example_dags/tutorial.py for tasks to queue
[2024-12-13T08:20:47.133+0000] {logging_mixin.py:190} INFO - [2024-12-13T08:20:47.132+0000] {dagbag.py:588} INFO - Filling up the DagBag from /opt/bitnami/airflow/venv/lib/python3.12/site-packages/airflow/example_dags/tutorial.py
[2024-12-13T08:20:47.141+0000] {processor.py:925} INFO - DAG(s) 'tutorial' retrieved from /opt/bitnami/airflow/venv/lib/python3.12/site-packages/airflow/example_dags/tutorial.py
[2024-12-13T08:20:47.246+0000] {logging_mixin.py:190} INFO - [2024-12-13T08:20:47.246+0000] {dag.py:3239} INFO - Sync 1 DAGs
[2024-12-13T08:20:47.276+0000] {logging_mixin.py:190} INFO - [2024-12-13T08:20:47.276+0000] {dag.py:4180} INFO - Setting next_dagrun for tutorial to 2024-12-12 00:00:00+00:00, run_after=2024-12-13 00:00:00+00:00
[2024-12-13T08:20:47.301+0000] {processor.py:208} INFO - Processing /opt/bitnami/airflow/venv/lib/python3.12/site-packages/airflow/example_dags/tutorial.py took 0.179 seconds
[2024-12-13T08:21:17.866+0000] {processor.py:186} INFO - Started process (PID=253) to work on /opt/bitnami/airflow/venv/lib/python3.12/site-packages/airflow/example_dags/tutorial.py
[2024-12-13T08:21:17.867+0000] {processor.py:914} INFO - Processing file /opt/bitnami/airflow/venv/lib/python3.12/site-packages/airflow/example_dags/tutorial.py for tasks to queue
[2024-12-13T08:21:17.870+0000] {logging_mixin.py:190} INFO - [2024-12-13T08:21:17.870+0000] {dagbag.py:588} INFO - Filling up the DagBag from /opt/bitnami/airflow/venv/lib/python3.12/site-packages/airflow/example_dags/tutorial.py
[2024-12-13T08:21:17.875+0000] {processor.py:925} INFO - DAG(s) 'tutorial' retrieved from /opt/bitnami/airflow/venv/lib/python3.12/site-packages/airflow/example_dags/tutorial.py
[2024-12-13T08:21:17.911+0000] {logging_mixin.py:190} INFO - [2024-12-13T08:21:17.911+0000] {dag.py:3239} INFO - Sync 1 DAGs
[2024-12-13T08:21:17.938+0000] {logging_mixin.py:190} INFO - [2024-12-13T08:21:17.938+0000] {dag.py:4180} INFO - Setting next_dagrun for tutorial to 2024-12-12 00:00:00+00:00, run_after=2024-12-13 00:00:00+00:00
[2024-12-13T08:21:17.960+0000] {processor.py:208} INFO - Processing /opt/bitnami/airflow/venv/lib/python3.12/site-packages/airflow/example_dags/tutorial.py took 0.099 seconds
[2024-12-13T08:21:48.701+0000] {processor.py:186} INFO - Started process (PID=310) to work on /opt/bitnami/airflow/venv/lib/python3.12/site-packages/airflow/example_dags/tutorial.py
[2024-12-13T08:21:48.702+0000] {processor.py:914} INFO - Processing file /opt/bitnami/airflow/venv/lib/python3.12/site-packages/airflow/example_dags/tutorial.py for tasks to queue
[2024-12-13T08:21:48.704+0000] {logging_mixin.py:190} INFO - [2024-12-13T08:21:48.704+0000] {dagbag.py:588} INFO - Filling up the DagBag from /opt/bitnami/airflow/venv/lib/python3.12/site-packages/airflow/example_dags/tutorial.py
[2024-12-13T08:21:48.711+0000] {processor.py:925} INFO - DAG(s) 'tutorial' retrieved from /opt/bitnami/airflow/venv/lib/python3.12/site-packages/airflow/example_dags/tutorial.py
[2024-12-13T08:21:48.752+0000] {logging_mixin.py:190} INFO - [2024-12-13T08:21:48.752+0000] {dag.py:3239} INFO - Sync 1 DAGs
[2024-12-13T08:21:48.787+0000] {logging_mixin.py:190} INFO - [2024-12-13T08:21:48.787+0000] {dag.py:4180} INFO - Setting next_dagrun for tutorial to 2024-12-12 00:00:00+00:00, run_after=2024-12-13 00:00:00+00:00
[2024-12-13T08:21:48.815+0000] {processor.py:208} INFO - Processing /opt/bitnami/airflow/venv/lib/python3.12/site-packages/airflow/example_dags/tutorial.py took 0.120 seconds
[2024-12-13T08:22:19.020+0000] {processor.py:186} INFO - Started process (PID=367) to work on /opt/bitnami/airflow/venv/lib/python3.12/site-packages/airflow/example_dags/tutorial.py
[2024-12-13T08:22:19.021+0000] {processor.py:914} INFO - Processing file /opt/bitnami/airflow/venv/lib/python3.12/site-packages/airflow/example_dags/tutorial.py for tasks to queue
[2024-12-13T08:22:19.023+0000] {logging_mixin.py:190} INFO - [2024-12-13T08:22:19.023+0000] {dagbag.py:588} INFO - Filling up the DagBag from /opt/bitnami/airflow/venv/lib/python3.12/site-packages/airflow/example_dags/tutorial.py
[2024-12-13T08:22:19.029+0000] {processor.py:925} INFO - DAG(s) 'tutorial' retrieved from /opt/bitnami/airflow/venv/lib/python3.12/site-packages/airflow/example_dags/tutorial.py
[2024-12-13T08:22:19.057+0000] {logging_mixin.py:190} INFO - [2024-12-13T08:22:19.057+0000] {dag.py:3239} INFO - Sync 1 DAGs
[2024-12-13T08:22:19.082+0000] {logging_mixin.py:190} INFO - [2024-12-13T08:22:19.082+0000] {dag.py:4180} INFO - Setting next_dagrun for tutorial to 2024-12-12 00:00:00+00:00, run_after=2024-12-13 00:00:00+00:00
[2024-12-13T08:22:19.101+0000] {processor.py:208} INFO - Processing /opt/bitnami/airflow/venv/lib/python3.12/site-packages/airflow/example_dags/tutorial.py took 0.087 seconds
[2024-12-13T08:22:49.987+0000] {processor.py:186} INFO - Started process (PID=424) to work on /opt/bitnami/airflow/venv/lib/python3.12/site-packages/airflow/example_dags/tutorial.py
[2024-12-13T08:22:49.988+0000] {processor.py:914} INFO - Processing file /opt/bitnami/airflow/venv/lib/python3.12/site-packages/airflow/example_dags/tutorial.py for tasks to queue
[2024-12-13T08:22:49.990+0000] {logging_mixin.py:190} INFO - [2024-12-13T08:22:49.989+0000] {dagbag.py:588} INFO - Filling up the DagBag from /opt/bitnami/airflow/venv/lib/python3.12/site-packages/airflow/example_dags/tutorial.py
[2024-12-13T08:22:49.995+0000] {processor.py:925} INFO - DAG(s) 'tutorial' retrieved from /opt/bitnami/airflow/venv/lib/python3.12/site-packages/airflow/example_dags/tutorial.py
[2024-12-13T08:22:50.026+0000] {logging_mixin.py:190} INFO - [2024-12-13T08:22:50.026+0000] {dag.py:3239} INFO - Sync 1 DAGs
[2024-12-13T08:22:50.051+0000] {logging_mixin.py:190} INFO - [2024-12-13T08:22:50.051+0000] {dag.py:4180} INFO - Setting next_dagrun for tutorial to 2024-12-12 00:00:00+00:00, run_after=2024-12-13 00:00:00+00:00
[2024-12-13T08:22:50.071+0000] {processor.py:208} INFO - Processing /opt/bitnami/airflow/venv/lib/python3.12/site-packages/airflow/example_dags/tutorial.py took 0.088 seconds
[2024-12-13T08:25:47.286+0000] {processor.py:186} INFO - Started process (PID=82) to work on /opt/bitnami/airflow/venv/lib/python3.12/site-packages/airflow/example_dags/tutorial.py
[2024-12-13T08:25:47.287+0000] {processor.py:914} INFO - Processing file /opt/bitnami/airflow/venv/lib/python3.12/site-packages/airflow/example_dags/tutorial.py for tasks to queue
[2024-12-13T08:25:47.290+0000] {logging_mixin.py:190} INFO - [2024-12-13T08:25:47.289+0000] {dagbag.py:588} INFO - Filling up the DagBag from /opt/bitnami/airflow/venv/lib/python3.12/site-packages/airflow/example_dags/tutorial.py
[2024-12-13T08:25:47.295+0000] {processor.py:925} INFO - DAG(s) 'tutorial' retrieved from /opt/bitnami/airflow/venv/lib/python3.12/site-packages/airflow/example_dags/tutorial.py
[2024-12-13T08:25:47.327+0000] {logging_mixin.py:190} INFO - [2024-12-13T08:25:47.327+0000] {dag.py:3239} INFO - Sync 1 DAGs
[2024-12-13T08:25:47.357+0000] {logging_mixin.py:190} INFO - [2024-12-13T08:25:47.357+0000] {dag.py:4180} INFO - Setting next_dagrun for tutorial to 2024-12-12 00:00:00+00:00, run_after=2024-12-13 00:00:00+00:00
[2024-12-13T08:25:47.381+0000] {processor.py:208} INFO - Processing /opt/bitnami/airflow/venv/lib/python3.12/site-packages/airflow/example_dags/tutorial.py took 0.100 seconds
[2024-12-13T08:26:18.175+0000] {processor.py:186} INFO - Started process (PID=139) to work on /opt/bitnami/airflow/venv/lib/python3.12/site-packages/airflow/example_dags/tutorial.py
[2024-12-13T08:26:18.176+0000] {processor.py:914} INFO - Processing file /opt/bitnami/airflow/venv/lib/python3.12/site-packages/airflow/example_dags/tutorial.py for tasks to queue
[2024-12-13T08:26:18.178+0000] {logging_mixin.py:190} INFO - [2024-12-13T08:26:18.177+0000] {dagbag.py:588} INFO - Filling up the DagBag from /opt/bitnami/airflow/venv/lib/python3.12/site-packages/airflow/example_dags/tutorial.py
[2024-12-13T08:26:18.182+0000] {processor.py:925} INFO - DAG(s) 'tutorial' retrieved from /opt/bitnami/airflow/venv/lib/python3.12/site-packages/airflow/example_dags/tutorial.py
[2024-12-13T08:26:18.210+0000] {logging_mixin.py:190} INFO - [2024-12-13T08:26:18.210+0000] {dag.py:3239} INFO - Sync 1 DAGs
[2024-12-13T08:26:18.239+0000] {logging_mixin.py:190} INFO - [2024-12-13T08:26:18.238+0000] {dag.py:4180} INFO - Setting next_dagrun for tutorial to 2024-12-12 00:00:00+00:00, run_after=2024-12-13 00:00:00+00:00
[2024-12-13T08:26:18.261+0000] {processor.py:208} INFO - Processing /opt/bitnami/airflow/venv/lib/python3.12/site-packages/airflow/example_dags/tutorial.py took 0.091 seconds
[2024-12-13T08:26:50.158+0000] {processor.py:186} INFO - Started process (PID=196) to work on /opt/bitnami/airflow/venv/lib/python3.12/site-packages/airflow/example_dags/tutorial.py
[2024-12-13T08:26:50.159+0000] {processor.py:914} INFO - Processing file /opt/bitnami/airflow/venv/lib/python3.12/site-packages/airflow/example_dags/tutorial.py for tasks to queue
[2024-12-13T08:26:50.160+0000] {logging_mixin.py:190} INFO - [2024-12-13T08:26:50.160+0000] {dagbag.py:588} INFO - Filling up the DagBag from /opt/bitnami/airflow/venv/lib/python3.12/site-packages/airflow/example_dags/tutorial.py
[2024-12-13T08:26:50.165+0000] {processor.py:925} INFO - DAG(s) 'tutorial' retrieved from /opt/bitnami/airflow/venv/lib/python3.12/site-packages/airflow/example_dags/tutorial.py
[2024-12-13T08:26:50.237+0000] {logging_mixin.py:190} INFO - [2024-12-13T08:26:50.236+0000] {dag.py:3239} INFO - Sync 1 DAGs
[2024-12-13T08:26:50.263+0000] {logging_mixin.py:190} INFO - [2024-12-13T08:26:50.263+0000] {dag.py:4180} INFO - Setting next_dagrun for tutorial to 2024-12-12 00:00:00+00:00, run_after=2024-12-13 00:00:00+00:00
[2024-12-13T08:26:50.289+0000] {processor.py:208} INFO - Processing /opt/bitnami/airflow/venv/lib/python3.12/site-packages/airflow/example_dags/tutorial.py took 0.136 seconds
[2024-12-13T08:27:20.602+0000] {processor.py:186} INFO - Started process (PID=253) to work on /opt/bitnami/airflow/venv/lib/python3.12/site-packages/airflow/example_dags/tutorial.py
[2024-12-13T08:27:20.603+0000] {processor.py:914} INFO - Processing file /opt/bitnami/airflow/venv/lib/python3.12/site-packages/airflow/example_dags/tutorial.py for tasks to queue
[2024-12-13T08:27:20.604+0000] {logging_mixin.py:190} INFO - [2024-12-13T08:27:20.604+0000] {dagbag.py:588} INFO - Filling up the DagBag from /opt/bitnami/airflow/venv/lib/python3.12/site-packages/airflow/example_dags/tutorial.py
[2024-12-13T08:27:20.611+0000] {processor.py:925} INFO - DAG(s) 'tutorial' retrieved from /opt/bitnami/airflow/venv/lib/python3.12/site-packages/airflow/example_dags/tutorial.py
[2024-12-13T08:27:20.650+0000] {logging_mixin.py:190} INFO - [2024-12-13T08:27:20.650+0000] {dag.py:3239} INFO - Sync 1 DAGs
[2024-12-13T08:27:20.684+0000] {logging_mixin.py:190} INFO - [2024-12-13T08:27:20.684+0000] {dag.py:4180} INFO - Setting next_dagrun for tutorial to 2024-12-12 00:00:00+00:00, run_after=2024-12-13 00:00:00+00:00
[2024-12-13T08:27:20.712+0000] {processor.py:208} INFO - Processing /opt/bitnami/airflow/venv/lib/python3.12/site-packages/airflow/example_dags/tutorial.py took 0.116 seconds
[2024-12-13T10:42:43.257+0000] {processor.py:186} INFO - Started process (PID=82) to work on /opt/bitnami/airflow/venv/lib/python3.12/site-packages/airflow/example_dags/tutorial.py
[2024-12-13T10:42:43.259+0000] {processor.py:914} INFO - Processing file /opt/bitnami/airflow/venv/lib/python3.12/site-packages/airflow/example_dags/tutorial.py for tasks to queue
[2024-12-13T10:42:43.262+0000] {logging_mixin.py:190} INFO - [2024-12-13T10:42:43.262+0000] {dagbag.py:588} INFO - Filling up the DagBag from /opt/bitnami/airflow/venv/lib/python3.12/site-packages/airflow/example_dags/tutorial.py
[2024-12-13T10:42:43.268+0000] {processor.py:925} INFO - DAG(s) 'tutorial' retrieved from /opt/bitnami/airflow/venv/lib/python3.12/site-packages/airflow/example_dags/tutorial.py
[2024-12-13T10:42:43.451+0000] {logging_mixin.py:190} INFO - [2024-12-13T10:42:43.450+0000] {override.py:1900} INFO - Created Permission View: can read on DAG:tutorial
[2024-12-13T10:42:43.474+0000] {logging_mixin.py:190} INFO - [2024-12-13T10:42:43.473+0000] {override.py:1900} INFO - Created Permission View: can delete on DAG:tutorial
[2024-12-13T10:42:43.484+0000] {logging_mixin.py:190} INFO - [2024-12-13T10:42:43.484+0000] {override.py:1900} INFO - Created Permission View: can edit on DAG:tutorial
[2024-12-13T10:42:43.497+0000] {logging_mixin.py:190} INFO - [2024-12-13T10:42:43.497+0000] {override.py:1900} INFO - Created Permission View: can delete on DAG Run:tutorial
[2024-12-13T10:42:43.506+0000] {logging_mixin.py:190} INFO - [2024-12-13T10:42:43.506+0000] {override.py:1900} INFO - Created Permission View: can read on DAG Run:tutorial
[2024-12-13T10:42:43.518+0000] {logging_mixin.py:190} INFO - [2024-12-13T10:42:43.517+0000] {override.py:1900} INFO - Created Permission View: can create on DAG Run:tutorial
[2024-12-13T10:42:43.528+0000] {logging_mixin.py:190} INFO - [2024-12-13T10:42:43.528+0000] {override.py:1900} INFO - Created Permission View: menu access on DAG Run:tutorial
[2024-12-13T10:42:43.529+0000] {logging_mixin.py:190} INFO - [2024-12-13T10:42:43.529+0000] {dag.py:3239} INFO - Sync 1 DAGs
[2024-12-13T10:42:43.570+0000] {logging_mixin.py:190} INFO - [2024-12-13T10:42:43.570+0000] {dag.py:3262} INFO - Creating ORM DAG for tutorial
[2024-12-13T10:42:43.588+0000] {logging_mixin.py:190} INFO - [2024-12-13T10:42:43.588+0000] {dag.py:4180} INFO - Setting next_dagrun for tutorial to 2024-12-12 00:00:00+00:00, run_after=2024-12-13 00:00:00+00:00
[2024-12-13T10:42:43.624+0000] {processor.py:208} INFO - Processing /opt/bitnami/airflow/venv/lib/python3.12/site-packages/airflow/example_dags/tutorial.py took 0.372 seconds
[2024-12-13T10:43:13.937+0000] {processor.py:186} INFO - Started process (PID=139) to work on /opt/bitnami/airflow/venv/lib/python3.12/site-packages/airflow/example_dags/tutorial.py
[2024-12-13T10:43:13.939+0000] {processor.py:914} INFO - Processing file /opt/bitnami/airflow/venv/lib/python3.12/site-packages/airflow/example_dags/tutorial.py for tasks to queue
[2024-12-13T10:43:13.941+0000] {logging_mixin.py:190} INFO - [2024-12-13T10:43:13.941+0000] {dagbag.py:588} INFO - Filling up the DagBag from /opt/bitnami/airflow/venv/lib/python3.12/site-packages/airflow/example_dags/tutorial.py
[2024-12-13T10:43:13.945+0000] {processor.py:925} INFO - DAG(s) 'tutorial' retrieved from /opt/bitnami/airflow/venv/lib/python3.12/site-packages/airflow/example_dags/tutorial.py
[2024-12-13T10:43:13.992+0000] {logging_mixin.py:190} INFO - [2024-12-13T10:43:13.992+0000] {dag.py:3239} INFO - Sync 1 DAGs
[2024-12-13T10:43:14.042+0000] {logging_mixin.py:190} INFO - [2024-12-13T10:43:14.042+0000] {dag.py:4180} INFO - Setting next_dagrun for tutorial to 2024-12-12 00:00:00+00:00, run_after=2024-12-13 00:00:00+00:00
[2024-12-13T10:43:14.078+0000] {processor.py:208} INFO - Processing /opt/bitnami/airflow/venv/lib/python3.12/site-packages/airflow/example_dags/tutorial.py took 0.145 seconds
[2024-12-13T10:43:44.771+0000] {processor.py:186} INFO - Started process (PID=196) to work on /opt/bitnami/airflow/venv/lib/python3.12/site-packages/airflow/example_dags/tutorial.py
[2024-12-13T10:43:44.773+0000] {processor.py:914} INFO - Processing file /opt/bitnami/airflow/venv/lib/python3.12/site-packages/airflow/example_dags/tutorial.py for tasks to queue
[2024-12-13T10:43:44.776+0000] {logging_mixin.py:190} INFO - [2024-12-13T10:43:44.776+0000] {dagbag.py:588} INFO - Filling up the DagBag from /opt/bitnami/airflow/venv/lib/python3.12/site-packages/airflow/example_dags/tutorial.py
[2024-12-13T10:43:44.784+0000] {processor.py:925} INFO - DAG(s) 'tutorial' retrieved from /opt/bitnami/airflow/venv/lib/python3.12/site-packages/airflow/example_dags/tutorial.py
[2024-12-13T10:43:44.961+0000] {logging_mixin.py:190} INFO - [2024-12-13T10:43:44.960+0000] {dag.py:3239} INFO - Sync 1 DAGs
[2024-12-13T10:43:45.008+0000] {logging_mixin.py:190} INFO - [2024-12-13T10:43:45.007+0000] {dag.py:4180} INFO - Setting next_dagrun for tutorial to 2024-12-12 00:00:00+00:00, run_after=2024-12-13 00:00:00+00:00
[2024-12-13T10:43:45.048+0000] {processor.py:208} INFO - Processing /opt/bitnami/airflow/venv/lib/python3.12/site-packages/airflow/example_dags/tutorial.py took 0.283 seconds
[2024-12-13T10:44:15.733+0000] {processor.py:186} INFO - Started process (PID=253) to work on /opt/bitnami/airflow/venv/lib/python3.12/site-packages/airflow/example_dags/tutorial.py
[2024-12-13T10:44:15.734+0000] {processor.py:914} INFO - Processing file /opt/bitnami/airflow/venv/lib/python3.12/site-packages/airflow/example_dags/tutorial.py for tasks to queue
[2024-12-13T10:44:15.736+0000] {logging_mixin.py:190} INFO - [2024-12-13T10:44:15.736+0000] {dagbag.py:588} INFO - Filling up the DagBag from /opt/bitnami/airflow/venv/lib/python3.12/site-packages/airflow/example_dags/tutorial.py
[2024-12-13T10:44:15.741+0000] {processor.py:925} INFO - DAG(s) 'tutorial' retrieved from /opt/bitnami/airflow/venv/lib/python3.12/site-packages/airflow/example_dags/tutorial.py
[2024-12-13T10:44:15.792+0000] {logging_mixin.py:190} INFO - [2024-12-13T10:44:15.792+0000] {dag.py:3239} INFO - Sync 1 DAGs
[2024-12-13T10:44:15.838+0000] {logging_mixin.py:190} INFO - [2024-12-13T10:44:15.838+0000] {dag.py:4180} INFO - Setting next_dagrun for tutorial to 2024-12-12 00:00:00+00:00, run_after=2024-12-13 00:00:00+00:00
[2024-12-13T10:44:15.872+0000] {processor.py:208} INFO - Processing /opt/bitnami/airflow/venv/lib/python3.12/site-packages/airflow/example_dags/tutorial.py took 0.143 seconds
[2024-12-13T10:44:46.154+0000] {processor.py:186} INFO - Started process (PID=310) to work on /opt/bitnami/airflow/venv/lib/python3.12/site-packages/airflow/example_dags/tutorial.py
[2024-12-13T10:44:46.156+0000] {processor.py:914} INFO - Processing file /opt/bitnami/airflow/venv/lib/python3.12/site-packages/airflow/example_dags/tutorial.py for tasks to queue
[2024-12-13T10:44:46.158+0000] {logging_mixin.py:190} INFO - [2024-12-13T10:44:46.158+0000] {dagbag.py:588} INFO - Filling up the DagBag from /opt/bitnami/airflow/venv/lib/python3.12/site-packages/airflow/example_dags/tutorial.py
[2024-12-13T10:44:46.164+0000] {processor.py:925} INFO - DAG(s) 'tutorial' retrieved from /opt/bitnami/airflow/venv/lib/python3.12/site-packages/airflow/example_dags/tutorial.py
[2024-12-13T10:44:46.219+0000] {logging_mixin.py:190} INFO - [2024-12-13T10:44:46.219+0000] {dag.py:3239} INFO - Sync 1 DAGs
[2024-12-13T10:44:46.246+0000] {logging_mixin.py:190} INFO - [2024-12-13T10:44:46.246+0000] {dag.py:4180} INFO - Setting next_dagrun for tutorial to 2024-12-12 00:00:00+00:00, run_after=2024-12-13 00:00:00+00:00
[2024-12-13T10:44:46.266+0000] {processor.py:208} INFO - Processing /opt/bitnami/airflow/venv/lib/python3.12/site-packages/airflow/example_dags/tutorial.py took 0.116 seconds
[2024-12-13T10:52:14.543+0000] {processor.py:186} INFO - Started process (PID=82) to work on /opt/bitnami/airflow/venv/lib/python3.12/site-packages/airflow/example_dags/tutorial.py
[2024-12-13T10:52:14.545+0000] {processor.py:914} INFO - Processing file /opt/bitnami/airflow/venv/lib/python3.12/site-packages/airflow/example_dags/tutorial.py for tasks to queue
[2024-12-13T10:52:14.548+0000] {logging_mixin.py:190} INFO - [2024-12-13T10:52:14.547+0000] {dagbag.py:588} INFO - Filling up the DagBag from /opt/bitnami/airflow/venv/lib/python3.12/site-packages/airflow/example_dags/tutorial.py
[2024-12-13T10:52:14.554+0000] {processor.py:925} INFO - DAG(s) 'tutorial' retrieved from /opt/bitnami/airflow/venv/lib/python3.12/site-packages/airflow/example_dags/tutorial.py
[2024-12-13T10:52:14.699+0000] {logging_mixin.py:190} INFO - [2024-12-13T10:52:14.698+0000] {override.py:1900} INFO - Created Permission View: can read on DAG:tutorial
[2024-12-13T10:52:14.715+0000] {logging_mixin.py:190} INFO - [2024-12-13T10:52:14.715+0000] {override.py:1900} INFO - Created Permission View: can delete on DAG:tutorial
[2024-12-13T10:52:14.723+0000] {logging_mixin.py:190} INFO - [2024-12-13T10:52:14.723+0000] {override.py:1900} INFO - Created Permission View: can edit on DAG:tutorial
[2024-12-13T10:52:14.733+0000] {logging_mixin.py:190} INFO - [2024-12-13T10:52:14.733+0000] {override.py:1900} INFO - Created Permission View: menu access on DAG Run:tutorial
[2024-12-13T10:52:14.744+0000] {logging_mixin.py:190} INFO - [2024-12-13T10:52:14.743+0000] {override.py:1900} INFO - Created Permission View: can read on DAG Run:tutorial
[2024-12-13T10:52:14.749+0000] {logging_mixin.py:190} INFO - [2024-12-13T10:52:14.748+0000] {override.py:1900} INFO - Created Permission View: can delete on DAG Run:tutorial
[2024-12-13T10:52:14.755+0000] {logging_mixin.py:190} INFO - [2024-12-13T10:52:14.754+0000] {override.py:1900} INFO - Created Permission View: can create on DAG Run:tutorial
[2024-12-13T10:52:14.755+0000] {logging_mixin.py:190} INFO - [2024-12-13T10:52:14.755+0000] {dag.py:3239} INFO - Sync 1 DAGs
[2024-12-13T10:52:14.807+0000] {logging_mixin.py:190} INFO - [2024-12-13T10:52:14.807+0000] {dag.py:3262} INFO - Creating ORM DAG for tutorial
[2024-12-13T10:52:14.826+0000] {logging_mixin.py:190} INFO - [2024-12-13T10:52:14.826+0000] {dag.py:4180} INFO - Setting next_dagrun for tutorial to 2024-12-12 00:00:00+00:00, run_after=2024-12-13 00:00:00+00:00
[2024-12-13T10:52:14.868+0000] {processor.py:208} INFO - Processing /opt/bitnami/airflow/venv/lib/python3.12/site-packages/airflow/example_dags/tutorial.py took 0.331 seconds
[2024-12-13T10:52:45.028+0000] {processor.py:186} INFO - Started process (PID=139) to work on /opt/bitnami/airflow/venv/lib/python3.12/site-packages/airflow/example_dags/tutorial.py
[2024-12-13T10:52:45.030+0000] {processor.py:914} INFO - Processing file /opt/bitnami/airflow/venv/lib/python3.12/site-packages/airflow/example_dags/tutorial.py for tasks to queue
[2024-12-13T10:52:45.032+0000] {logging_mixin.py:190} INFO - [2024-12-13T10:52:45.032+0000] {dagbag.py:588} INFO - Filling up the DagBag from /opt/bitnami/airflow/venv/lib/python3.12/site-packages/airflow/example_dags/tutorial.py
[2024-12-13T10:52:45.037+0000] {processor.py:925} INFO - DAG(s) 'tutorial' retrieved from /opt/bitnami/airflow/venv/lib/python3.12/site-packages/airflow/example_dags/tutorial.py
[2024-12-13T10:52:45.125+0000] {logging_mixin.py:190} INFO - [2024-12-13T10:52:45.124+0000] {dag.py:3239} INFO - Sync 1 DAGs
[2024-12-13T10:52:45.168+0000] {logging_mixin.py:190} INFO - [2024-12-13T10:52:45.168+0000] {dag.py:4180} INFO - Setting next_dagrun for tutorial to 2024-12-12 00:00:00+00:00, run_after=2024-12-13 00:00:00+00:00
[2024-12-13T10:52:45.197+0000] {processor.py:208} INFO - Processing /opt/bitnami/airflow/venv/lib/python3.12/site-packages/airflow/example_dags/tutorial.py took 0.174 seconds
[2024-12-13T10:53:16.849+0000] {processor.py:186} INFO - Started process (PID=196) to work on /opt/bitnami/airflow/venv/lib/python3.12/site-packages/airflow/example_dags/tutorial.py
[2024-12-13T10:53:16.850+0000] {processor.py:914} INFO - Processing file /opt/bitnami/airflow/venv/lib/python3.12/site-packages/airflow/example_dags/tutorial.py for tasks to queue
[2024-12-13T10:53:16.853+0000] {logging_mixin.py:190} INFO - [2024-12-13T10:53:16.853+0000] {dagbag.py:588} INFO - Filling up the DagBag from /opt/bitnami/airflow/venv/lib/python3.12/site-packages/airflow/example_dags/tutorial.py
[2024-12-13T10:53:16.860+0000] {processor.py:925} INFO - DAG(s) 'tutorial' retrieved from /opt/bitnami/airflow/venv/lib/python3.12/site-packages/airflow/example_dags/tutorial.py
[2024-12-13T10:53:16.992+0000] {logging_mixin.py:190} INFO - [2024-12-13T10:53:16.992+0000] {dag.py:3239} INFO - Sync 1 DAGs
[2024-12-13T10:53:17.046+0000] {logging_mixin.py:190} INFO - [2024-12-13T10:53:17.045+0000] {dag.py:4180} INFO - Setting next_dagrun for tutorial to 2024-12-12 00:00:00+00:00, run_after=2024-12-13 00:00:00+00:00
[2024-12-13T10:53:17.121+0000] {processor.py:208} INFO - Processing /opt/bitnami/airflow/venv/lib/python3.12/site-packages/airflow/example_dags/tutorial.py took 0.278 seconds
[2024-12-13T10:53:47.454+0000] {processor.py:186} INFO - Started process (PID=253) to work on /opt/bitnami/airflow/venv/lib/python3.12/site-packages/airflow/example_dags/tutorial.py
[2024-12-13T10:53:47.456+0000] {processor.py:914} INFO - Processing file /opt/bitnami/airflow/venv/lib/python3.12/site-packages/airflow/example_dags/tutorial.py for tasks to queue
[2024-12-13T10:53:47.459+0000] {logging_mixin.py:190} INFO - [2024-12-13T10:53:47.458+0000] {dagbag.py:588} INFO - Filling up the DagBag from /opt/bitnami/airflow/venv/lib/python3.12/site-packages/airflow/example_dags/tutorial.py
[2024-12-13T10:53:47.466+0000] {processor.py:925} INFO - DAG(s) 'tutorial' retrieved from /opt/bitnami/airflow/venv/lib/python3.12/site-packages/airflow/example_dags/tutorial.py
[2024-12-13T10:53:47.532+0000] {logging_mixin.py:190} INFO - [2024-12-13T10:53:47.532+0000] {dag.py:3239} INFO - Sync 1 DAGs
[2024-12-13T10:53:47.583+0000] {logging_mixin.py:190} INFO - [2024-12-13T10:53:47.583+0000] {dag.py:4180} INFO - Setting next_dagrun for tutorial to 2024-12-12 00:00:00+00:00, run_after=2024-12-13 00:00:00+00:00
[2024-12-13T10:53:47.632+0000] {processor.py:208} INFO - Processing /opt/bitnami/airflow/venv/lib/python3.12/site-packages/airflow/example_dags/tutorial.py took 0.182 seconds
[2024-12-13T10:54:18.594+0000] {processor.py:186} INFO - Started process (PID=310) to work on /opt/bitnami/airflow/venv/lib/python3.12/site-packages/airflow/example_dags/tutorial.py
[2024-12-13T10:54:18.596+0000] {processor.py:914} INFO - Processing file /opt/bitnami/airflow/venv/lib/python3.12/site-packages/airflow/example_dags/tutorial.py for tasks to queue
[2024-12-13T10:54:18.599+0000] {logging_mixin.py:190} INFO - [2024-12-13T10:54:18.598+0000] {dagbag.py:588} INFO - Filling up the DagBag from /opt/bitnami/airflow/venv/lib/python3.12/site-packages/airflow/example_dags/tutorial.py
[2024-12-13T10:54:18.605+0000] {processor.py:925} INFO - DAG(s) 'tutorial' retrieved from /opt/bitnami/airflow/venv/lib/python3.12/site-packages/airflow/example_dags/tutorial.py
[2024-12-13T10:54:18.690+0000] {logging_mixin.py:190} INFO - [2024-12-13T10:54:18.690+0000] {dag.py:3239} INFO - Sync 1 DAGs
[2024-12-13T10:54:18.752+0000] {logging_mixin.py:190} INFO - [2024-12-13T10:54:18.751+0000] {dag.py:4180} INFO - Setting next_dagrun for tutorial to 2024-12-12 00:00:00+00:00, run_after=2024-12-13 00:00:00+00:00
[2024-12-13T10:54:18.803+0000] {processor.py:208} INFO - Processing /opt/bitnami/airflow/venv/lib/python3.12/site-packages/airflow/example_dags/tutorial.py took 0.213 seconds
[2024-12-13T10:54:49.410+0000] {processor.py:186} INFO - Started process (PID=367) to work on /opt/bitnami/airflow/venv/lib/python3.12/site-packages/airflow/example_dags/tutorial.py
[2024-12-13T10:54:49.411+0000] {processor.py:914} INFO - Processing file /opt/bitnami/airflow/venv/lib/python3.12/site-packages/airflow/example_dags/tutorial.py for tasks to queue
[2024-12-13T10:54:49.414+0000] {logging_mixin.py:190} INFO - [2024-12-13T10:54:49.413+0000] {dagbag.py:588} INFO - Filling up the DagBag from /opt/bitnami/airflow/venv/lib/python3.12/site-packages/airflow/example_dags/tutorial.py
[2024-12-13T10:54:49.421+0000] {processor.py:925} INFO - DAG(s) 'tutorial' retrieved from /opt/bitnami/airflow/venv/lib/python3.12/site-packages/airflow/example_dags/tutorial.py
[2024-12-13T10:54:49.486+0000] {logging_mixin.py:190} INFO - [2024-12-13T10:54:49.486+0000] {dag.py:3239} INFO - Sync 1 DAGs
[2024-12-13T10:54:49.531+0000] {logging_mixin.py:190} INFO - [2024-12-13T10:54:49.531+0000] {dag.py:4180} INFO - Setting next_dagrun for tutorial to 2024-12-12 00:00:00+00:00, run_after=2024-12-13 00:00:00+00:00
[2024-12-13T10:54:49.572+0000] {processor.py:208} INFO - Processing /opt/bitnami/airflow/venv/lib/python3.12/site-packages/airflow/example_dags/tutorial.py took 0.170 seconds
[2024-12-13T10:55:19.933+0000] {processor.py:186} INFO - Started process (PID=424) to work on /opt/bitnami/airflow/venv/lib/python3.12/site-packages/airflow/example_dags/tutorial.py
[2024-12-13T10:55:19.934+0000] {processor.py:914} INFO - Processing file /opt/bitnami/airflow/venv/lib/python3.12/site-packages/airflow/example_dags/tutorial.py for tasks to queue
[2024-12-13T10:55:19.938+0000] {logging_mixin.py:190} INFO - [2024-12-13T10:55:19.937+0000] {dagbag.py:588} INFO - Filling up the DagBag from /opt/bitnami/airflow/venv/lib/python3.12/site-packages/airflow/example_dags/tutorial.py
[2024-12-13T10:55:19.946+0000] {processor.py:925} INFO - DAG(s) 'tutorial' retrieved from /opt/bitnami/airflow/venv/lib/python3.12/site-packages/airflow/example_dags/tutorial.py
[2024-12-13T10:55:19.987+0000] {logging_mixin.py:190} INFO - [2024-12-13T10:55:19.987+0000] {dag.py:3239} INFO - Sync 1 DAGs
[2024-12-13T10:55:20.023+0000] {logging_mixin.py:190} INFO - [2024-12-13T10:55:20.022+0000] {dag.py:4180} INFO - Setting next_dagrun for tutorial to 2024-12-12 00:00:00+00:00, run_after=2024-12-13 00:00:00+00:00
[2024-12-13T10:55:20.060+0000] {processor.py:208} INFO - Processing /opt/bitnami/airflow/venv/lib/python3.12/site-packages/airflow/example_dags/tutorial.py took 0.134 seconds
[2024-12-13T10:55:50.964+0000] {processor.py:186} INFO - Started process (PID=481) to work on /opt/bitnami/airflow/venv/lib/python3.12/site-packages/airflow/example_dags/tutorial.py
[2024-12-13T10:55:50.966+0000] {processor.py:914} INFO - Processing file /opt/bitnami/airflow/venv/lib/python3.12/site-packages/airflow/example_dags/tutorial.py for tasks to queue
[2024-12-13T10:55:50.968+0000] {logging_mixin.py:190} INFO - [2024-12-13T10:55:50.968+0000] {dagbag.py:588} INFO - Filling up the DagBag from /opt/bitnami/airflow/venv/lib/python3.12/site-packages/airflow/example_dags/tutorial.py
[2024-12-13T10:55:50.978+0000] {processor.py:925} INFO - DAG(s) 'tutorial' retrieved from /opt/bitnami/airflow/venv/lib/python3.12/site-packages/airflow/example_dags/tutorial.py
[2024-12-13T10:55:51.049+0000] {logging_mixin.py:190} INFO - [2024-12-13T10:55:51.049+0000] {dag.py:3239} INFO - Sync 1 DAGs
[2024-12-13T10:55:51.093+0000] {logging_mixin.py:190} INFO - [2024-12-13T10:55:51.093+0000] {dag.py:4180} INFO - Setting next_dagrun for tutorial to 2024-12-12 00:00:00+00:00, run_after=2024-12-13 00:00:00+00:00
[2024-12-13T10:55:51.129+0000] {processor.py:208} INFO - Processing /opt/bitnami/airflow/venv/lib/python3.12/site-packages/airflow/example_dags/tutorial.py took 0.170 seconds
[2024-12-13T10:56:22.027+0000] {processor.py:186} INFO - Started process (PID=538) to work on /opt/bitnami/airflow/venv/lib/python3.12/site-packages/airflow/example_dags/tutorial.py
[2024-12-13T10:56:22.029+0000] {processor.py:914} INFO - Processing file /opt/bitnami/airflow/venv/lib/python3.12/site-packages/airflow/example_dags/tutorial.py for tasks to queue
[2024-12-13T10:56:22.030+0000] {logging_mixin.py:190} INFO - [2024-12-13T10:56:22.030+0000] {dagbag.py:588} INFO - Filling up the DagBag from /opt/bitnami/airflow/venv/lib/python3.12/site-packages/airflow/example_dags/tutorial.py
[2024-12-13T10:56:22.036+0000] {processor.py:925} INFO - DAG(s) 'tutorial' retrieved from /opt/bitnami/airflow/venv/lib/python3.12/site-packages/airflow/example_dags/tutorial.py
[2024-12-13T10:56:22.124+0000] {logging_mixin.py:190} INFO - [2024-12-13T10:56:22.124+0000] {dag.py:3239} INFO - Sync 1 DAGs
[2024-12-13T10:56:22.165+0000] {logging_mixin.py:190} INFO - [2024-12-13T10:56:22.165+0000] {dag.py:4180} INFO - Setting next_dagrun for tutorial to 2024-12-12 00:00:00+00:00, run_after=2024-12-13 00:00:00+00:00
[2024-12-13T10:56:22.198+0000] {processor.py:208} INFO - Processing /opt/bitnami/airflow/venv/lib/python3.12/site-packages/airflow/example_dags/tutorial.py took 0.176 seconds
[2024-12-13T10:56:52.701+0000] {processor.py:186} INFO - Started process (PID=595) to work on /opt/bitnami/airflow/venv/lib/python3.12/site-packages/airflow/example_dags/tutorial.py
[2024-12-13T10:56:52.702+0000] {processor.py:914} INFO - Processing file /opt/bitnami/airflow/venv/lib/python3.12/site-packages/airflow/example_dags/tutorial.py for tasks to queue
[2024-12-13T10:56:52.704+0000] {logging_mixin.py:190} INFO - [2024-12-13T10:56:52.704+0000] {dagbag.py:588} INFO - Filling up the DagBag from /opt/bitnami/airflow/venv/lib/python3.12/site-packages/airflow/example_dags/tutorial.py
[2024-12-13T10:56:52.708+0000] {processor.py:925} INFO - DAG(s) 'tutorial' retrieved from /opt/bitnami/airflow/venv/lib/python3.12/site-packages/airflow/example_dags/tutorial.py
[2024-12-13T10:56:52.748+0000] {logging_mixin.py:190} INFO - [2024-12-13T10:56:52.748+0000] {dag.py:3239} INFO - Sync 1 DAGs
[2024-12-13T10:56:52.779+0000] {logging_mixin.py:190} INFO - [2024-12-13T10:56:52.778+0000] {dag.py:4180} INFO - Setting next_dagrun for tutorial to 2024-12-12 00:00:00+00:00, run_after=2024-12-13 00:00:00+00:00
[2024-12-13T10:56:52.798+0000] {processor.py:208} INFO - Processing /opt/bitnami/airflow/venv/lib/python3.12/site-packages/airflow/example_dags/tutorial.py took 0.102 seconds
[2024-12-13T10:57:23.121+0000] {processor.py:186} INFO - Started process (PID=652) to work on /opt/bitnami/airflow/venv/lib/python3.12/site-packages/airflow/example_dags/tutorial.py
[2024-12-13T10:57:23.122+0000] {processor.py:914} INFO - Processing file /opt/bitnami/airflow/venv/lib/python3.12/site-packages/airflow/example_dags/tutorial.py for tasks to queue
[2024-12-13T10:57:23.124+0000] {logging_mixin.py:190} INFO - [2024-12-13T10:57:23.124+0000] {dagbag.py:588} INFO - Filling up the DagBag from /opt/bitnami/airflow/venv/lib/python3.12/site-packages/airflow/example_dags/tutorial.py
[2024-12-13T10:57:23.129+0000] {processor.py:925} INFO - DAG(s) 'tutorial' retrieved from /opt/bitnami/airflow/venv/lib/python3.12/site-packages/airflow/example_dags/tutorial.py
[2024-12-13T10:57:23.158+0000] {logging_mixin.py:190} INFO - [2024-12-13T10:57:23.158+0000] {dag.py:3239} INFO - Sync 1 DAGs
[2024-12-13T10:57:23.189+0000] {logging_mixin.py:190} INFO - [2024-12-13T10:57:23.188+0000] {dag.py:4180} INFO - Setting next_dagrun for tutorial to 2024-12-12 00:00:00+00:00, run_after=2024-12-13 00:00:00+00:00
[2024-12-13T10:57:23.211+0000] {processor.py:208} INFO - Processing /opt/bitnami/airflow/venv/lib/python3.12/site-packages/airflow/example_dags/tutorial.py took 0.097 seconds
[2024-12-13T10:57:53.992+0000] {processor.py:186} INFO - Started process (PID=709) to work on /opt/bitnami/airflow/venv/lib/python3.12/site-packages/airflow/example_dags/tutorial.py
[2024-12-13T10:57:53.993+0000] {processor.py:914} INFO - Processing file /opt/bitnami/airflow/venv/lib/python3.12/site-packages/airflow/example_dags/tutorial.py for tasks to queue
[2024-12-13T10:57:53.996+0000] {logging_mixin.py:190} INFO - [2024-12-13T10:57:53.995+0000] {dagbag.py:588} INFO - Filling up the DagBag from /opt/bitnami/airflow/venv/lib/python3.12/site-packages/airflow/example_dags/tutorial.py
[2024-12-13T10:57:54.002+0000] {processor.py:925} INFO - DAG(s) 'tutorial' retrieved from /opt/bitnami/airflow/venv/lib/python3.12/site-packages/airflow/example_dags/tutorial.py
[2024-12-13T10:57:54.082+0000] {logging_mixin.py:190} INFO - [2024-12-13T10:57:54.082+0000] {dag.py:3239} INFO - Sync 1 DAGs
[2024-12-13T10:57:54.135+0000] {logging_mixin.py:190} INFO - [2024-12-13T10:57:54.135+0000] {dag.py:4180} INFO - Setting next_dagrun for tutorial to 2024-12-12 00:00:00+00:00, run_after=2024-12-13 00:00:00+00:00
[2024-12-13T10:57:54.163+0000] {processor.py:208} INFO - Processing /opt/bitnami/airflow/venv/lib/python3.12/site-packages/airflow/example_dags/tutorial.py took 0.175 seconds
[2024-12-13T10:58:24.914+0000] {processor.py:186} INFO - Started process (PID=766) to work on /opt/bitnami/airflow/venv/lib/python3.12/site-packages/airflow/example_dags/tutorial.py
[2024-12-13T10:58:24.916+0000] {processor.py:914} INFO - Processing file /opt/bitnami/airflow/venv/lib/python3.12/site-packages/airflow/example_dags/tutorial.py for tasks to queue
[2024-12-13T10:58:24.920+0000] {logging_mixin.py:190} INFO - [2024-12-13T10:58:24.919+0000] {dagbag.py:588} INFO - Filling up the DagBag from /opt/bitnami/airflow/venv/lib/python3.12/site-packages/airflow/example_dags/tutorial.py
[2024-12-13T10:58:24.926+0000] {processor.py:925} INFO - DAG(s) 'tutorial' retrieved from /opt/bitnami/airflow/venv/lib/python3.12/site-packages/airflow/example_dags/tutorial.py
[2024-12-13T10:58:24.970+0000] {logging_mixin.py:190} INFO - [2024-12-13T10:58:24.970+0000] {dag.py:3239} INFO - Sync 1 DAGs
[2024-12-13T10:58:25.004+0000] {logging_mixin.py:190} INFO - [2024-12-13T10:58:25.004+0000] {dag.py:4180} INFO - Setting next_dagrun for tutorial to 2024-12-12 00:00:00+00:00, run_after=2024-12-13 00:00:00+00:00
[2024-12-13T10:58:25.027+0000] {processor.py:208} INFO - Processing /opt/bitnami/airflow/venv/lib/python3.12/site-packages/airflow/example_dags/tutorial.py took 0.120 seconds
[2024-12-13T10:58:55.654+0000] {processor.py:186} INFO - Started process (PID=823) to work on /opt/bitnami/airflow/venv/lib/python3.12/site-packages/airflow/example_dags/tutorial.py
[2024-12-13T10:58:55.655+0000] {processor.py:914} INFO - Processing file /opt/bitnami/airflow/venv/lib/python3.12/site-packages/airflow/example_dags/tutorial.py for tasks to queue
[2024-12-13T10:58:55.657+0000] {logging_mixin.py:190} INFO - [2024-12-13T10:58:55.657+0000] {dagbag.py:588} INFO - Filling up the DagBag from /opt/bitnami/airflow/venv/lib/python3.12/site-packages/airflow/example_dags/tutorial.py
[2024-12-13T10:58:55.664+0000] {processor.py:925} INFO - DAG(s) 'tutorial' retrieved from /opt/bitnami/airflow/venv/lib/python3.12/site-packages/airflow/example_dags/tutorial.py
[2024-12-13T10:58:55.738+0000] {logging_mixin.py:190} INFO - [2024-12-13T10:58:55.738+0000] {dag.py:3239} INFO - Sync 1 DAGs
[2024-12-13T10:58:55.783+0000] {logging_mixin.py:190} INFO - [2024-12-13T10:58:55.782+0000] {dag.py:4180} INFO - Setting next_dagrun for tutorial to 2024-12-12 00:00:00+00:00, run_after=2024-12-13 00:00:00+00:00
[2024-12-13T10:58:55.818+0000] {processor.py:208} INFO - Processing /opt/bitnami/airflow/venv/lib/python3.12/site-packages/airflow/example_dags/tutorial.py took 0.170 seconds
[2024-12-13T11:07:32.960+0000] {processor.py:186} INFO - Started process (PID=82) to work on /opt/bitnami/airflow/venv/lib/python3.12/site-packages/airflow/example_dags/tutorial.py
[2024-12-13T11:07:32.962+0000] {processor.py:914} INFO - Processing file /opt/bitnami/airflow/venv/lib/python3.12/site-packages/airflow/example_dags/tutorial.py for tasks to queue
[2024-12-13T11:07:32.964+0000] {logging_mixin.py:190} INFO - [2024-12-13T11:07:32.964+0000] {dagbag.py:588} INFO - Filling up the DagBag from /opt/bitnami/airflow/venv/lib/python3.12/site-packages/airflow/example_dags/tutorial.py
[2024-12-13T11:07:32.971+0000] {processor.py:925} INFO - DAG(s) 'tutorial' retrieved from /opt/bitnami/airflow/venv/lib/python3.12/site-packages/airflow/example_dags/tutorial.py
[2024-12-13T11:07:33.071+0000] {logging_mixin.py:190} INFO - [2024-12-13T11:07:33.070+0000] {dag.py:3239} INFO - Sync 1 DAGs
[2024-12-13T11:07:33.122+0000] {logging_mixin.py:190} INFO - [2024-12-13T11:07:33.122+0000] {dag.py:4180} INFO - Setting next_dagrun for tutorial to 2024-12-12 00:00:00+00:00, run_after=2024-12-13 00:00:00+00:00
[2024-12-13T11:07:33.155+0000] {processor.py:208} INFO - Processing /opt/bitnami/airflow/venv/lib/python3.12/site-packages/airflow/example_dags/tutorial.py took 0.204 seconds
[2024-12-13T11:08:03.755+0000] {processor.py:186} INFO - Started process (PID=139) to work on /opt/bitnami/airflow/venv/lib/python3.12/site-packages/airflow/example_dags/tutorial.py
[2024-12-13T11:08:03.756+0000] {processor.py:914} INFO - Processing file /opt/bitnami/airflow/venv/lib/python3.12/site-packages/airflow/example_dags/tutorial.py for tasks to queue
[2024-12-13T11:08:03.759+0000] {logging_mixin.py:190} INFO - [2024-12-13T11:08:03.758+0000] {dagbag.py:588} INFO - Filling up the DagBag from /opt/bitnami/airflow/venv/lib/python3.12/site-packages/airflow/example_dags/tutorial.py
[2024-12-13T11:08:03.763+0000] {processor.py:925} INFO - DAG(s) 'tutorial' retrieved from /opt/bitnami/airflow/venv/lib/python3.12/site-packages/airflow/example_dags/tutorial.py
[2024-12-13T11:08:03.844+0000] {logging_mixin.py:190} INFO - [2024-12-13T11:08:03.843+0000] {dag.py:3239} INFO - Sync 1 DAGs
[2024-12-13T11:08:03.923+0000] {logging_mixin.py:190} INFO - [2024-12-13T11:08:03.923+0000] {dag.py:4180} INFO - Setting next_dagrun for tutorial to 2024-12-12 00:00:00+00:00, run_after=2024-12-13 00:00:00+00:00
[2024-12-13T11:08:03.971+0000] {processor.py:208} INFO - Processing /opt/bitnami/airflow/venv/lib/python3.12/site-packages/airflow/example_dags/tutorial.py took 0.222 seconds
[2024-12-13T11:08:36.218+0000] {processor.py:186} INFO - Started process (PID=196) to work on /opt/bitnami/airflow/venv/lib/python3.12/site-packages/airflow/example_dags/tutorial.py
[2024-12-13T11:08:36.219+0000] {processor.py:914} INFO - Processing file /opt/bitnami/airflow/venv/lib/python3.12/site-packages/airflow/example_dags/tutorial.py for tasks to queue
[2024-12-13T11:08:36.222+0000] {logging_mixin.py:190} INFO - [2024-12-13T11:08:36.222+0000] {dagbag.py:588} INFO - Filling up the DagBag from /opt/bitnami/airflow/venv/lib/python3.12/site-packages/airflow/example_dags/tutorial.py
[2024-12-13T11:08:36.230+0000] {processor.py:925} INFO - DAG(s) 'tutorial' retrieved from /opt/bitnami/airflow/venv/lib/python3.12/site-packages/airflow/example_dags/tutorial.py
[2024-12-13T11:08:36.353+0000] {logging_mixin.py:190} INFO - [2024-12-13T11:08:36.352+0000] {dag.py:3239} INFO - Sync 1 DAGs
[2024-12-13T11:08:36.404+0000] {logging_mixin.py:190} INFO - [2024-12-13T11:08:36.403+0000] {dag.py:4180} INFO - Setting next_dagrun for tutorial to 2024-12-12 00:00:00+00:00, run_after=2024-12-13 00:00:00+00:00
[2024-12-13T11:08:36.445+0000] {processor.py:208} INFO - Processing /opt/bitnami/airflow/venv/lib/python3.12/site-packages/airflow/example_dags/tutorial.py took 0.235 seconds
[2024-12-13T11:09:06.970+0000] {processor.py:186} INFO - Started process (PID=253) to work on /opt/bitnami/airflow/venv/lib/python3.12/site-packages/airflow/example_dags/tutorial.py
[2024-12-13T11:09:06.972+0000] {processor.py:914} INFO - Processing file /opt/bitnami/airflow/venv/lib/python3.12/site-packages/airflow/example_dags/tutorial.py for tasks to queue
[2024-12-13T11:09:06.975+0000] {logging_mixin.py:190} INFO - [2024-12-13T11:09:06.974+0000] {dagbag.py:588} INFO - Filling up the DagBag from /opt/bitnami/airflow/venv/lib/python3.12/site-packages/airflow/example_dags/tutorial.py
[2024-12-13T11:09:06.982+0000] {processor.py:925} INFO - DAG(s) 'tutorial' retrieved from /opt/bitnami/airflow/venv/lib/python3.12/site-packages/airflow/example_dags/tutorial.py
[2024-12-13T11:09:07.062+0000] {logging_mixin.py:190} INFO - [2024-12-13T11:09:07.062+0000] {dag.py:3239} INFO - Sync 1 DAGs
[2024-12-13T11:09:07.125+0000] {logging_mixin.py:190} INFO - [2024-12-13T11:09:07.124+0000] {dag.py:4180} INFO - Setting next_dagrun for tutorial to 2024-12-12 00:00:00+00:00, run_after=2024-12-13 00:00:00+00:00
[2024-12-13T11:09:07.158+0000] {processor.py:208} INFO - Processing /opt/bitnami/airflow/venv/lib/python3.12/site-packages/airflow/example_dags/tutorial.py took 0.194 seconds
[2024-12-13T11:13:45.237+0000] {processor.py:186} INFO - Started process (PID=82) to work on /opt/bitnami/airflow/venv/lib/python3.12/site-packages/airflow/example_dags/tutorial.py
[2024-12-13T11:13:45.238+0000] {processor.py:914} INFO - Processing file /opt/bitnami/airflow/venv/lib/python3.12/site-packages/airflow/example_dags/tutorial.py for tasks to queue
[2024-12-13T11:13:45.241+0000] {logging_mixin.py:190} INFO - [2024-12-13T11:13:45.240+0000] {dagbag.py:588} INFO - Filling up the DagBag from /opt/bitnami/airflow/venv/lib/python3.12/site-packages/airflow/example_dags/tutorial.py
[2024-12-13T11:13:45.250+0000] {processor.py:925} INFO - DAG(s) 'tutorial' retrieved from /opt/bitnami/airflow/venv/lib/python3.12/site-packages/airflow/example_dags/tutorial.py
[2024-12-13T11:13:45.288+0000] {logging_mixin.py:190} INFO - [2024-12-13T11:13:45.288+0000] {dag.py:3239} INFO - Sync 1 DAGs
[2024-12-13T11:13:45.323+0000] {logging_mixin.py:190} INFO - [2024-12-13T11:13:45.323+0000] {dag.py:4180} INFO - Setting next_dagrun for tutorial to 2024-12-12 00:00:00+00:00, run_after=2024-12-13 00:00:00+00:00
[2024-12-13T11:13:45.346+0000] {processor.py:208} INFO - Processing /opt/bitnami/airflow/venv/lib/python3.12/site-packages/airflow/example_dags/tutorial.py took 0.114 seconds
[2024-12-13T11:14:15.567+0000] {processor.py:186} INFO - Started process (PID=139) to work on /opt/bitnami/airflow/venv/lib/python3.12/site-packages/airflow/example_dags/tutorial.py
[2024-12-13T11:14:15.567+0000] {processor.py:914} INFO - Processing file /opt/bitnami/airflow/venv/lib/python3.12/site-packages/airflow/example_dags/tutorial.py for tasks to queue
[2024-12-13T11:14:15.569+0000] {logging_mixin.py:190} INFO - [2024-12-13T11:14:15.569+0000] {dagbag.py:588} INFO - Filling up the DagBag from /opt/bitnami/airflow/venv/lib/python3.12/site-packages/airflow/example_dags/tutorial.py
[2024-12-13T11:14:15.574+0000] {processor.py:925} INFO - DAG(s) 'tutorial' retrieved from /opt/bitnami/airflow/venv/lib/python3.12/site-packages/airflow/example_dags/tutorial.py
[2024-12-13T11:14:15.604+0000] {logging_mixin.py:190} INFO - [2024-12-13T11:14:15.604+0000] {dag.py:3239} INFO - Sync 1 DAGs
[2024-12-13T11:14:15.651+0000] {logging_mixin.py:190} INFO - [2024-12-13T11:14:15.651+0000] {dag.py:4180} INFO - Setting next_dagrun for tutorial to 2024-12-12 00:00:00+00:00, run_after=2024-12-13 00:00:00+00:00
[2024-12-13T11:14:15.688+0000] {processor.py:208} INFO - Processing /opt/bitnami/airflow/venv/lib/python3.12/site-packages/airflow/example_dags/tutorial.py took 0.126 seconds
[2024-12-13T11:14:49.716+0000] {processor.py:186} INFO - Started process (PID=196) to work on /opt/bitnami/airflow/venv/lib/python3.12/site-packages/airflow/example_dags/tutorial.py
[2024-12-13T11:14:49.717+0000] {processor.py:914} INFO - Processing file /opt/bitnami/airflow/venv/lib/python3.12/site-packages/airflow/example_dags/tutorial.py for tasks to queue
[2024-12-13T11:14:49.720+0000] {logging_mixin.py:190} INFO - [2024-12-13T11:14:49.719+0000] {dagbag.py:588} INFO - Filling up the DagBag from /opt/bitnami/airflow/venv/lib/python3.12/site-packages/airflow/example_dags/tutorial.py
[2024-12-13T11:14:49.727+0000] {processor.py:925} INFO - DAG(s) 'tutorial' retrieved from /opt/bitnami/airflow/venv/lib/python3.12/site-packages/airflow/example_dags/tutorial.py
[2024-12-13T11:14:49.862+0000] {logging_mixin.py:190} INFO - [2024-12-13T11:14:49.861+0000] {dag.py:3239} INFO - Sync 1 DAGs
[2024-12-13T11:14:49.918+0000] {logging_mixin.py:190} INFO - [2024-12-13T11:14:49.917+0000] {dag.py:4180} INFO - Setting next_dagrun for tutorial to 2024-12-12 00:00:00+00:00, run_after=2024-12-13 00:00:00+00:00
[2024-12-13T11:14:49.974+0000] {processor.py:208} INFO - Processing /opt/bitnami/airflow/venv/lib/python3.12/site-packages/airflow/example_dags/tutorial.py took 0.265 seconds
[2024-12-13T11:15:20.423+0000] {processor.py:186} INFO - Started process (PID=253) to work on /opt/bitnami/airflow/venv/lib/python3.12/site-packages/airflow/example_dags/tutorial.py
[2024-12-13T11:15:20.424+0000] {processor.py:914} INFO - Processing file /opt/bitnami/airflow/venv/lib/python3.12/site-packages/airflow/example_dags/tutorial.py for tasks to queue
[2024-12-13T11:15:20.426+0000] {logging_mixin.py:190} INFO - [2024-12-13T11:15:20.426+0000] {dagbag.py:588} INFO - Filling up the DagBag from /opt/bitnami/airflow/venv/lib/python3.12/site-packages/airflow/example_dags/tutorial.py
[2024-12-13T11:15:20.431+0000] {processor.py:925} INFO - DAG(s) 'tutorial' retrieved from /opt/bitnami/airflow/venv/lib/python3.12/site-packages/airflow/example_dags/tutorial.py
[2024-12-13T11:15:20.473+0000] {logging_mixin.py:190} INFO - [2024-12-13T11:15:20.472+0000] {dag.py:3239} INFO - Sync 1 DAGs
[2024-12-13T11:15:20.509+0000] {logging_mixin.py:190} INFO - [2024-12-13T11:15:20.509+0000] {dag.py:4180} INFO - Setting next_dagrun for tutorial to 2024-12-12 00:00:00+00:00, run_after=2024-12-13 00:00:00+00:00
[2024-12-13T11:15:20.544+0000] {processor.py:208} INFO - Processing /opt/bitnami/airflow/venv/lib/python3.12/site-packages/airflow/example_dags/tutorial.py took 0.126 seconds
[2024-12-13T11:57:09.554+0000] {processor.py:186} INFO - Started process (PID=82) to work on /opt/bitnami/airflow/venv/lib/python3.12/site-packages/airflow/example_dags/tutorial.py
[2024-12-13T11:57:09.555+0000] {processor.py:914} INFO - Processing file /opt/bitnami/airflow/venv/lib/python3.12/site-packages/airflow/example_dags/tutorial.py for tasks to queue
[2024-12-13T11:57:09.557+0000] {logging_mixin.py:190} INFO - [2024-12-13T11:57:09.556+0000] {dagbag.py:588} INFO - Filling up the DagBag from /opt/bitnami/airflow/venv/lib/python3.12/site-packages/airflow/example_dags/tutorial.py
[2024-12-13T11:57:09.562+0000] {processor.py:925} INFO - DAG(s) 'tutorial' retrieved from /opt/bitnami/airflow/venv/lib/python3.12/site-packages/airflow/example_dags/tutorial.py
[2024-12-13T11:57:09.587+0000] {logging_mixin.py:190} INFO - [2024-12-13T11:57:09.587+0000] {dag.py:3239} INFO - Sync 1 DAGs
[2024-12-13T11:57:09.612+0000] {logging_mixin.py:190} INFO - [2024-12-13T11:57:09.612+0000] {dag.py:4180} INFO - Setting next_dagrun for tutorial to 2024-12-12 00:00:00+00:00, run_after=2024-12-13 00:00:00+00:00
[2024-12-13T11:57:09.628+0000] {processor.py:208} INFO - Processing /opt/bitnami/airflow/venv/lib/python3.12/site-packages/airflow/example_dags/tutorial.py took 0.078 seconds
[2024-12-13T11:57:40.945+0000] {processor.py:186} INFO - Started process (PID=139) to work on /opt/bitnami/airflow/venv/lib/python3.12/site-packages/airflow/example_dags/tutorial.py
[2024-12-13T11:57:40.946+0000] {processor.py:914} INFO - Processing file /opt/bitnami/airflow/venv/lib/python3.12/site-packages/airflow/example_dags/tutorial.py for tasks to queue
[2024-12-13T11:57:40.948+0000] {logging_mixin.py:190} INFO - [2024-12-13T11:57:40.947+0000] {dagbag.py:588} INFO - Filling up the DagBag from /opt/bitnami/airflow/venv/lib/python3.12/site-packages/airflow/example_dags/tutorial.py
[2024-12-13T11:57:40.953+0000] {processor.py:925} INFO - DAG(s) 'tutorial' retrieved from /opt/bitnami/airflow/venv/lib/python3.12/site-packages/airflow/example_dags/tutorial.py
[2024-12-13T11:57:40.985+0000] {logging_mixin.py:190} INFO - [2024-12-13T11:57:40.985+0000] {dag.py:3239} INFO - Sync 1 DAGs
[2024-12-13T11:57:41.016+0000] {logging_mixin.py:190} INFO - [2024-12-13T11:57:41.016+0000] {dag.py:4180} INFO - Setting next_dagrun for tutorial to 2024-12-12 00:00:00+00:00, run_after=2024-12-13 00:00:00+00:00
[2024-12-13T11:57:41.038+0000] {processor.py:208} INFO - Processing /opt/bitnami/airflow/venv/lib/python3.12/site-packages/airflow/example_dags/tutorial.py took 0.098 seconds
[2024-12-13T11:58:35.288+0000] {processor.py:186} INFO - Started process (PID=82) to work on /opt/bitnami/airflow/venv/lib/python3.12/site-packages/airflow/example_dags/tutorial.py
[2024-12-13T11:58:35.288+0000] {processor.py:914} INFO - Processing file /opt/bitnami/airflow/venv/lib/python3.12/site-packages/airflow/example_dags/tutorial.py for tasks to queue
[2024-12-13T11:58:35.290+0000] {logging_mixin.py:190} INFO - [2024-12-13T11:58:35.290+0000] {dagbag.py:588} INFO - Filling up the DagBag from /opt/bitnami/airflow/venv/lib/python3.12/site-packages/airflow/example_dags/tutorial.py
[2024-12-13T11:58:35.295+0000] {processor.py:925} INFO - DAG(s) 'tutorial' retrieved from /opt/bitnami/airflow/venv/lib/python3.12/site-packages/airflow/example_dags/tutorial.py
[2024-12-13T11:58:35.320+0000] {logging_mixin.py:190} INFO - [2024-12-13T11:58:35.320+0000] {dag.py:3239} INFO - Sync 1 DAGs
[2024-12-13T11:58:35.344+0000] {logging_mixin.py:190} INFO - [2024-12-13T11:58:35.344+0000] {dag.py:4180} INFO - Setting next_dagrun for tutorial to 2024-12-12 00:00:00+00:00, run_after=2024-12-13 00:00:00+00:00
[2024-12-13T11:58:35.364+0000] {processor.py:208} INFO - Processing /opt/bitnami/airflow/venv/lib/python3.12/site-packages/airflow/example_dags/tutorial.py took 0.080 seconds
[2024-12-13T11:59:06.711+0000] {processor.py:186} INFO - Started process (PID=139) to work on /opt/bitnami/airflow/venv/lib/python3.12/site-packages/airflow/example_dags/tutorial.py
[2024-12-13T11:59:06.713+0000] {processor.py:914} INFO - Processing file /opt/bitnami/airflow/venv/lib/python3.12/site-packages/airflow/example_dags/tutorial.py for tasks to queue
[2024-12-13T11:59:06.715+0000] {logging_mixin.py:190} INFO - [2024-12-13T11:59:06.715+0000] {dagbag.py:588} INFO - Filling up the DagBag from /opt/bitnami/airflow/venv/lib/python3.12/site-packages/airflow/example_dags/tutorial.py
[2024-12-13T11:59:06.721+0000] {processor.py:925} INFO - DAG(s) 'tutorial' retrieved from /opt/bitnami/airflow/venv/lib/python3.12/site-packages/airflow/example_dags/tutorial.py
[2024-12-13T11:59:06.759+0000] {logging_mixin.py:190} INFO - [2024-12-13T11:59:06.758+0000] {dag.py:3239} INFO - Sync 1 DAGs
[2024-12-13T11:59:06.793+0000] {logging_mixin.py:190} INFO - [2024-12-13T11:59:06.793+0000] {dag.py:4180} INFO - Setting next_dagrun for tutorial to 2024-12-12 00:00:00+00:00, run_after=2024-12-13 00:00:00+00:00
[2024-12-13T11:59:06.818+0000] {processor.py:208} INFO - Processing /opt/bitnami/airflow/venv/lib/python3.12/site-packages/airflow/example_dags/tutorial.py took 0.114 seconds
[2024-12-13T11:59:37.799+0000] {processor.py:186} INFO - Started process (PID=196) to work on /opt/bitnami/airflow/venv/lib/python3.12/site-packages/airflow/example_dags/tutorial.py
[2024-12-13T11:59:37.800+0000] {processor.py:914} INFO - Processing file /opt/bitnami/airflow/venv/lib/python3.12/site-packages/airflow/example_dags/tutorial.py for tasks to queue
[2024-12-13T11:59:37.802+0000] {logging_mixin.py:190} INFO - [2024-12-13T11:59:37.802+0000] {dagbag.py:588} INFO - Filling up the DagBag from /opt/bitnami/airflow/venv/lib/python3.12/site-packages/airflow/example_dags/tutorial.py
[2024-12-13T11:59:37.807+0000] {processor.py:925} INFO - DAG(s) 'tutorial' retrieved from /opt/bitnami/airflow/venv/lib/python3.12/site-packages/airflow/example_dags/tutorial.py
[2024-12-13T11:59:37.892+0000] {logging_mixin.py:190} INFO - [2024-12-13T11:59:37.891+0000] {dag.py:3239} INFO - Sync 1 DAGs
[2024-12-13T11:59:37.917+0000] {logging_mixin.py:190} INFO - [2024-12-13T11:59:37.917+0000] {dag.py:4180} INFO - Setting next_dagrun for tutorial to 2024-12-12 00:00:00+00:00, run_after=2024-12-13 00:00:00+00:00
[2024-12-13T11:59:37.940+0000] {processor.py:208} INFO - Processing /opt/bitnami/airflow/venv/lib/python3.12/site-packages/airflow/example_dags/tutorial.py took 0.145 seconds
[2024-12-13T12:00:08.909+0000] {processor.py:186} INFO - Started process (PID=253) to work on /opt/bitnami/airflow/venv/lib/python3.12/site-packages/airflow/example_dags/tutorial.py
[2024-12-13T12:00:08.910+0000] {processor.py:914} INFO - Processing file /opt/bitnami/airflow/venv/lib/python3.12/site-packages/airflow/example_dags/tutorial.py for tasks to queue
[2024-12-13T12:00:08.912+0000] {logging_mixin.py:190} INFO - [2024-12-13T12:00:08.912+0000] {dagbag.py:588} INFO - Filling up the DagBag from /opt/bitnami/airflow/venv/lib/python3.12/site-packages/airflow/example_dags/tutorial.py
[2024-12-13T12:00:08.917+0000] {processor.py:925} INFO - DAG(s) 'tutorial' retrieved from /opt/bitnami/airflow/venv/lib/python3.12/site-packages/airflow/example_dags/tutorial.py
[2024-12-13T12:00:08.949+0000] {logging_mixin.py:190} INFO - [2024-12-13T12:00:08.949+0000] {dag.py:3239} INFO - Sync 1 DAGs
[2024-12-13T12:00:08.975+0000] {logging_mixin.py:190} INFO - [2024-12-13T12:00:08.974+0000] {dag.py:4180} INFO - Setting next_dagrun for tutorial to 2024-12-12 00:00:00+00:00, run_after=2024-12-13 00:00:00+00:00
[2024-12-13T12:00:08.993+0000] {processor.py:208} INFO - Processing /opt/bitnami/airflow/venv/lib/python3.12/site-packages/airflow/example_dags/tutorial.py took 0.089 seconds
[2024-12-13T12:00:39.765+0000] {processor.py:186} INFO - Started process (PID=310) to work on /opt/bitnami/airflow/venv/lib/python3.12/site-packages/airflow/example_dags/tutorial.py
[2024-12-13T12:00:39.766+0000] {processor.py:914} INFO - Processing file /opt/bitnami/airflow/venv/lib/python3.12/site-packages/airflow/example_dags/tutorial.py for tasks to queue
[2024-12-13T12:00:39.768+0000] {logging_mixin.py:190} INFO - [2024-12-13T12:00:39.768+0000] {dagbag.py:588} INFO - Filling up the DagBag from /opt/bitnami/airflow/venv/lib/python3.12/site-packages/airflow/example_dags/tutorial.py
[2024-12-13T12:00:39.773+0000] {processor.py:925} INFO - DAG(s) 'tutorial' retrieved from /opt/bitnami/airflow/venv/lib/python3.12/site-packages/airflow/example_dags/tutorial.py
[2024-12-13T12:00:39.801+0000] {logging_mixin.py:190} INFO - [2024-12-13T12:00:39.801+0000] {dag.py:3239} INFO - Sync 1 DAGs
[2024-12-13T12:00:39.826+0000] {logging_mixin.py:190} INFO - [2024-12-13T12:00:39.826+0000] {dag.py:4180} INFO - Setting next_dagrun for tutorial to 2024-12-12 00:00:00+00:00, run_after=2024-12-13 00:00:00+00:00
[2024-12-13T12:00:39.850+0000] {processor.py:208} INFO - Processing /opt/bitnami/airflow/venv/lib/python3.12/site-packages/airflow/example_dags/tutorial.py took 0.090 seconds
[2024-12-13T12:01:10.119+0000] {processor.py:186} INFO - Started process (PID=367) to work on /opt/bitnami/airflow/venv/lib/python3.12/site-packages/airflow/example_dags/tutorial.py
[2024-12-13T12:01:10.120+0000] {processor.py:914} INFO - Processing file /opt/bitnami/airflow/venv/lib/python3.12/site-packages/airflow/example_dags/tutorial.py for tasks to queue
[2024-12-13T12:01:10.122+0000] {logging_mixin.py:190} INFO - [2024-12-13T12:01:10.122+0000] {dagbag.py:588} INFO - Filling up the DagBag from /opt/bitnami/airflow/venv/lib/python3.12/site-packages/airflow/example_dags/tutorial.py
[2024-12-13T12:01:10.128+0000] {processor.py:925} INFO - DAG(s) 'tutorial' retrieved from /opt/bitnami/airflow/venv/lib/python3.12/site-packages/airflow/example_dags/tutorial.py
[2024-12-13T12:01:10.155+0000] {logging_mixin.py:190} INFO - [2024-12-13T12:01:10.154+0000] {dag.py:3239} INFO - Sync 1 DAGs
[2024-12-13T12:01:10.178+0000] {logging_mixin.py:190} INFO - [2024-12-13T12:01:10.178+0000] {dag.py:4180} INFO - Setting next_dagrun for tutorial to 2024-12-12 00:00:00+00:00, run_after=2024-12-13 00:00:00+00:00
[2024-12-13T12:01:10.196+0000] {processor.py:208} INFO - Processing /opt/bitnami/airflow/venv/lib/python3.12/site-packages/airflow/example_dags/tutorial.py took 0.081 seconds
[2024-12-13T12:01:41.071+0000] {processor.py:186} INFO - Started process (PID=424) to work on /opt/bitnami/airflow/venv/lib/python3.12/site-packages/airflow/example_dags/tutorial.py
[2024-12-13T12:01:41.072+0000] {processor.py:914} INFO - Processing file /opt/bitnami/airflow/venv/lib/python3.12/site-packages/airflow/example_dags/tutorial.py for tasks to queue
[2024-12-13T12:01:41.074+0000] {logging_mixin.py:190} INFO - [2024-12-13T12:01:41.074+0000] {dagbag.py:588} INFO - Filling up the DagBag from /opt/bitnami/airflow/venv/lib/python3.12/site-packages/airflow/example_dags/tutorial.py
[2024-12-13T12:01:41.079+0000] {processor.py:925} INFO - DAG(s) 'tutorial' retrieved from /opt/bitnami/airflow/venv/lib/python3.12/site-packages/airflow/example_dags/tutorial.py
[2024-12-13T12:01:41.109+0000] {logging_mixin.py:190} INFO - [2024-12-13T12:01:41.108+0000] {dag.py:3239} INFO - Sync 1 DAGs
[2024-12-13T12:01:41.134+0000] {logging_mixin.py:190} INFO - [2024-12-13T12:01:41.134+0000] {dag.py:4180} INFO - Setting next_dagrun for tutorial to 2024-12-12 00:00:00+00:00, run_after=2024-12-13 00:00:00+00:00
[2024-12-13T12:01:41.151+0000] {processor.py:208} INFO - Processing /opt/bitnami/airflow/venv/lib/python3.12/site-packages/airflow/example_dags/tutorial.py took 0.085 seconds
[2024-12-13T12:02:11.740+0000] {processor.py:186} INFO - Started process (PID=481) to work on /opt/bitnami/airflow/venv/lib/python3.12/site-packages/airflow/example_dags/tutorial.py
[2024-12-13T12:02:11.741+0000] {processor.py:914} INFO - Processing file /opt/bitnami/airflow/venv/lib/python3.12/site-packages/airflow/example_dags/tutorial.py for tasks to queue
[2024-12-13T12:02:11.743+0000] {logging_mixin.py:190} INFO - [2024-12-13T12:02:11.743+0000] {dagbag.py:588} INFO - Filling up the DagBag from /opt/bitnami/airflow/venv/lib/python3.12/site-packages/airflow/example_dags/tutorial.py
[2024-12-13T12:02:11.748+0000] {processor.py:925} INFO - DAG(s) 'tutorial' retrieved from /opt/bitnami/airflow/venv/lib/python3.12/site-packages/airflow/example_dags/tutorial.py
[2024-12-13T12:02:11.779+0000] {logging_mixin.py:190} INFO - [2024-12-13T12:02:11.779+0000] {dag.py:3239} INFO - Sync 1 DAGs
[2024-12-13T12:02:11.807+0000] {logging_mixin.py:190} INFO - [2024-12-13T12:02:11.806+0000] {dag.py:4180} INFO - Setting next_dagrun for tutorial to 2024-12-12 00:00:00+00:00, run_after=2024-12-13 00:00:00+00:00
[2024-12-13T12:02:11.830+0000] {processor.py:208} INFO - Processing /opt/bitnami/airflow/venv/lib/python3.12/site-packages/airflow/example_dags/tutorial.py took 0.094 seconds
