[2024-12-13T08:19:42.611+0000] {processor.py:186} INFO - Started process (PID=43) to work on /opt/bitnami/airflow/dags/etl_dags.py
[2024-12-13T08:19:42.613+0000] {processor.py:914} INFO - Processing file /opt/bitnami/airflow/dags/etl_dags.py for tasks to queue
[2024-12-13T08:19:42.617+0000] {logging_mixin.py:190} INFO - [2024-12-13T08:19:42.616+0000] {dagbag.py:588} INFO - Filling up the DagBag from /opt/bitnami/airflow/dags/etl_dags.py
[2024-12-13T08:19:42.646+0000] {processor.py:925} INFO - DAG(s) 'first_etl_dag' retrieved from /opt/bitnami/airflow/dags/etl_dags.py
[2024-12-13T08:19:42.715+0000] {logging_mixin.py:190} INFO - [2024-12-13T08:19:42.715+0000] {dag.py:3239} INFO - Sync 1 DAGs
[2024-12-13T08:19:42.772+0000] {logging_mixin.py:190} INFO - [2024-12-13T08:19:42.772+0000] {dag.py:4180} INFO - Setting next_dagrun for first_etl_dag to 2024-12-12 00:00:00+00:00, run_after=2024-12-13 00:00:00+00:00
[2024-12-13T08:19:42.797+0000] {processor.py:208} INFO - Processing /opt/bitnami/airflow/dags/etl_dags.py took 0.195 seconds
[2024-12-13T08:20:13.428+0000] {processor.py:186} INFO - Started process (PID=100) to work on /opt/bitnami/airflow/dags/etl_dags.py
[2024-12-13T08:20:13.429+0000] {processor.py:914} INFO - Processing file /opt/bitnami/airflow/dags/etl_dags.py for tasks to queue
[2024-12-13T08:20:13.432+0000] {logging_mixin.py:190} INFO - [2024-12-13T08:20:13.431+0000] {dagbag.py:588} INFO - Filling up the DagBag from /opt/bitnami/airflow/dags/etl_dags.py
[2024-12-13T08:20:13.449+0000] {processor.py:925} INFO - DAG(s) 'first_etl_dag' retrieved from /opt/bitnami/airflow/dags/etl_dags.py
[2024-12-13T08:20:13.498+0000] {logging_mixin.py:190} INFO - [2024-12-13T08:20:13.498+0000] {dag.py:3239} INFO - Sync 1 DAGs
[2024-12-13T08:20:13.537+0000] {logging_mixin.py:190} INFO - [2024-12-13T08:20:13.537+0000] {dag.py:4180} INFO - Setting next_dagrun for first_etl_dag to 2024-12-12 00:00:00+00:00, run_after=2024-12-13 00:00:00+00:00
[2024-12-13T08:20:13.561+0000] {processor.py:208} INFO - Processing /opt/bitnami/airflow/dags/etl_dags.py took 0.139 seconds
[2024-12-13T08:20:43.609+0000] {processor.py:186} INFO - Started process (PID=157) to work on /opt/bitnami/airflow/dags/etl_dags.py
[2024-12-13T08:20:43.610+0000] {processor.py:914} INFO - Processing file /opt/bitnami/airflow/dags/etl_dags.py for tasks to queue
[2024-12-13T08:20:43.614+0000] {logging_mixin.py:190} INFO - [2024-12-13T08:20:43.614+0000] {dagbag.py:588} INFO - Filling up the DagBag from /opt/bitnami/airflow/dags/etl_dags.py
[2024-12-13T08:20:43.638+0000] {processor.py:925} INFO - DAG(s) 'first_etl_dag' retrieved from /opt/bitnami/airflow/dags/etl_dags.py
[2024-12-13T08:20:43.678+0000] {logging_mixin.py:190} INFO - [2024-12-13T08:20:43.678+0000] {dag.py:3239} INFO - Sync 1 DAGs
[2024-12-13T08:20:43.714+0000] {logging_mixin.py:190} INFO - [2024-12-13T08:20:43.714+0000] {dag.py:4180} INFO - Setting next_dagrun for first_etl_dag to 2024-12-12 00:00:00+00:00, run_after=2024-12-13 00:00:00+00:00
[2024-12-13T08:20:43.736+0000] {processor.py:208} INFO - Processing /opt/bitnami/airflow/dags/etl_dags.py took 0.133 seconds
[2024-12-13T08:21:14.100+0000] {processor.py:186} INFO - Started process (PID=214) to work on /opt/bitnami/airflow/dags/etl_dags.py
[2024-12-13T08:21:14.101+0000] {processor.py:914} INFO - Processing file /opt/bitnami/airflow/dags/etl_dags.py for tasks to queue
[2024-12-13T08:21:14.103+0000] {logging_mixin.py:190} INFO - [2024-12-13T08:21:14.102+0000] {dagbag.py:588} INFO - Filling up the DagBag from /opt/bitnami/airflow/dags/etl_dags.py
[2024-12-13T08:21:14.118+0000] {processor.py:925} INFO - DAG(s) 'first_etl_dag' retrieved from /opt/bitnami/airflow/dags/etl_dags.py
[2024-12-13T08:21:14.176+0000] {logging_mixin.py:190} INFO - [2024-12-13T08:21:14.176+0000] {dag.py:3239} INFO - Sync 1 DAGs
[2024-12-13T08:21:14.208+0000] {logging_mixin.py:190} INFO - [2024-12-13T08:21:14.207+0000] {dag.py:4180} INFO - Setting next_dagrun for first_etl_dag to 2024-12-12 00:00:00+00:00, run_after=2024-12-13 00:00:00+00:00
[2024-12-13T08:21:14.232+0000] {processor.py:208} INFO - Processing /opt/bitnami/airflow/dags/etl_dags.py took 0.138 seconds
[2024-12-13T08:21:45.232+0000] {processor.py:186} INFO - Started process (PID=271) to work on /opt/bitnami/airflow/dags/etl_dags.py
[2024-12-13T08:21:45.233+0000] {processor.py:914} INFO - Processing file /opt/bitnami/airflow/dags/etl_dags.py for tasks to queue
[2024-12-13T08:21:45.237+0000] {logging_mixin.py:190} INFO - [2024-12-13T08:21:45.237+0000] {dagbag.py:588} INFO - Filling up the DagBag from /opt/bitnami/airflow/dags/etl_dags.py
[2024-12-13T08:21:45.263+0000] {processor.py:925} INFO - DAG(s) 'first_etl_dag' retrieved from /opt/bitnami/airflow/dags/etl_dags.py
[2024-12-13T08:21:45.398+0000] {logging_mixin.py:190} INFO - [2024-12-13T08:21:45.398+0000] {dag.py:3239} INFO - Sync 1 DAGs
[2024-12-13T08:21:45.445+0000] {logging_mixin.py:190} INFO - [2024-12-13T08:21:45.445+0000] {dag.py:4180} INFO - Setting next_dagrun for first_etl_dag to 2024-12-12 00:00:00+00:00, run_after=2024-12-13 00:00:00+00:00
[2024-12-13T08:21:45.487+0000] {processor.py:208} INFO - Processing /opt/bitnami/airflow/dags/etl_dags.py took 0.264 seconds
[2024-12-13T08:22:16.047+0000] {processor.py:186} INFO - Started process (PID=328) to work on /opt/bitnami/airflow/dags/etl_dags.py
[2024-12-13T08:22:16.051+0000] {processor.py:914} INFO - Processing file /opt/bitnami/airflow/dags/etl_dags.py for tasks to queue
[2024-12-13T08:22:16.059+0000] {logging_mixin.py:190} INFO - [2024-12-13T08:22:16.058+0000] {dagbag.py:588} INFO - Filling up the DagBag from /opt/bitnami/airflow/dags/etl_dags.py
[2024-12-13T08:22:16.098+0000] {processor.py:925} INFO - DAG(s) 'first_etl_dag' retrieved from /opt/bitnami/airflow/dags/etl_dags.py
[2024-12-13T08:22:16.181+0000] {logging_mixin.py:190} INFO - [2024-12-13T08:22:16.180+0000] {dag.py:3239} INFO - Sync 1 DAGs
[2024-12-13T08:22:16.241+0000] {logging_mixin.py:190} INFO - [2024-12-13T08:22:16.241+0000] {dag.py:4180} INFO - Setting next_dagrun for first_etl_dag to 2024-12-12 00:00:00+00:00, run_after=2024-12-13 00:00:00+00:00
[2024-12-13T08:22:16.275+0000] {processor.py:208} INFO - Processing /opt/bitnami/airflow/dags/etl_dags.py took 0.248 seconds
[2024-12-13T08:22:47.271+0000] {processor.py:186} INFO - Started process (PID=385) to work on /opt/bitnami/airflow/dags/etl_dags.py
[2024-12-13T08:22:47.272+0000] {processor.py:914} INFO - Processing file /opt/bitnami/airflow/dags/etl_dags.py for tasks to queue
[2024-12-13T08:22:47.274+0000] {logging_mixin.py:190} INFO - [2024-12-13T08:22:47.274+0000] {dagbag.py:588} INFO - Filling up the DagBag from /opt/bitnami/airflow/dags/etl_dags.py
[2024-12-13T08:22:47.286+0000] {processor.py:925} INFO - DAG(s) 'first_etl_dag' retrieved from /opt/bitnami/airflow/dags/etl_dags.py
[2024-12-13T08:22:47.317+0000] {logging_mixin.py:190} INFO - [2024-12-13T08:22:47.316+0000] {dag.py:3239} INFO - Sync 1 DAGs
[2024-12-13T08:22:47.343+0000] {logging_mixin.py:190} INFO - [2024-12-13T08:22:47.343+0000] {dag.py:4180} INFO - Setting next_dagrun for first_etl_dag to 2024-12-12 00:00:00+00:00, run_after=2024-12-13 00:00:00+00:00
[2024-12-13T08:22:47.362+0000] {processor.py:208} INFO - Processing /opt/bitnami/airflow/dags/etl_dags.py took 0.095 seconds
[2024-12-13T08:25:43.808+0000] {processor.py:186} INFO - Started process (PID=43) to work on /opt/bitnami/airflow/dags/etl_dags.py
[2024-12-13T08:25:43.808+0000] {processor.py:914} INFO - Processing file /opt/bitnami/airflow/dags/etl_dags.py for tasks to queue
[2024-12-13T08:25:43.810+0000] {logging_mixin.py:190} INFO - [2024-12-13T08:25:43.810+0000] {dagbag.py:588} INFO - Filling up the DagBag from /opt/bitnami/airflow/dags/etl_dags.py
[2024-12-13T08:25:43.830+0000] {processor.py:925} INFO - DAG(s) 'first_etl_dag' retrieved from /opt/bitnami/airflow/dags/etl_dags.py
[2024-12-13T08:25:43.875+0000] {logging_mixin.py:190} INFO - [2024-12-13T08:25:43.874+0000] {dag.py:3239} INFO - Sync 1 DAGs
[2024-12-13T08:25:43.913+0000] {logging_mixin.py:190} INFO - [2024-12-13T08:25:43.913+0000] {dag.py:4180} INFO - Setting next_dagrun for first_etl_dag to 2024-12-12 00:00:00+00:00, run_after=2024-12-13 00:00:00+00:00
[2024-12-13T08:25:43.941+0000] {processor.py:208} INFO - Processing /opt/bitnami/airflow/dags/etl_dags.py took 0.138 seconds
[2024-12-13T08:26:14.734+0000] {processor.py:186} INFO - Started process (PID=100) to work on /opt/bitnami/airflow/dags/etl_dags.py
[2024-12-13T08:26:14.735+0000] {processor.py:914} INFO - Processing file /opt/bitnami/airflow/dags/etl_dags.py for tasks to queue
[2024-12-13T08:26:14.737+0000] {logging_mixin.py:190} INFO - [2024-12-13T08:26:14.737+0000] {dagbag.py:588} INFO - Filling up the DagBag from /opt/bitnami/airflow/dags/etl_dags.py
[2024-12-13T08:26:14.749+0000] {processor.py:925} INFO - DAG(s) 'first_etl_dag' retrieved from /opt/bitnami/airflow/dags/etl_dags.py
[2024-12-13T08:26:14.777+0000] {logging_mixin.py:190} INFO - [2024-12-13T08:26:14.777+0000] {dag.py:3239} INFO - Sync 1 DAGs
[2024-12-13T08:26:14.802+0000] {logging_mixin.py:190} INFO - [2024-12-13T08:26:14.801+0000] {dag.py:4180} INFO - Setting next_dagrun for first_etl_dag to 2024-12-12 00:00:00+00:00, run_after=2024-12-13 00:00:00+00:00
[2024-12-13T08:26:14.818+0000] {processor.py:208} INFO - Processing /opt/bitnami/airflow/dags/etl_dags.py took 0.088 seconds
[2024-12-13T08:26:45.545+0000] {processor.py:186} INFO - Started process (PID=157) to work on /opt/bitnami/airflow/dags/etl_dags.py
[2024-12-13T08:26:45.546+0000] {processor.py:914} INFO - Processing file /opt/bitnami/airflow/dags/etl_dags.py for tasks to queue
[2024-12-13T08:26:45.550+0000] {logging_mixin.py:190} INFO - [2024-12-13T08:26:45.549+0000] {dagbag.py:588} INFO - Filling up the DagBag from /opt/bitnami/airflow/dags/etl_dags.py
[2024-12-13T08:26:45.572+0000] {processor.py:925} INFO - DAG(s) 'first_etl_dag' retrieved from /opt/bitnami/airflow/dags/etl_dags.py
[2024-12-13T08:26:45.602+0000] {logging_mixin.py:190} INFO - [2024-12-13T08:26:45.602+0000] {dag.py:3239} INFO - Sync 1 DAGs
[2024-12-13T08:26:45.643+0000] {logging_mixin.py:190} INFO - [2024-12-13T08:26:45.643+0000] {dag.py:4180} INFO - Setting next_dagrun for first_etl_dag to 2024-12-12 00:00:00+00:00, run_after=2024-12-13 00:00:00+00:00
[2024-12-13T08:26:45.669+0000] {processor.py:208} INFO - Processing /opt/bitnami/airflow/dags/etl_dags.py took 0.132 seconds
[2024-12-13T08:27:15.794+0000] {processor.py:186} INFO - Started process (PID=214) to work on /opt/bitnami/airflow/dags/etl_dags.py
[2024-12-13T08:27:15.795+0000] {processor.py:914} INFO - Processing file /opt/bitnami/airflow/dags/etl_dags.py for tasks to queue
[2024-12-13T08:27:15.797+0000] {logging_mixin.py:190} INFO - [2024-12-13T08:27:15.797+0000] {dagbag.py:588} INFO - Filling up the DagBag from /opt/bitnami/airflow/dags/etl_dags.py
[2024-12-13T08:27:15.809+0000] {processor.py:925} INFO - DAG(s) 'first_etl_dag' retrieved from /opt/bitnami/airflow/dags/etl_dags.py
[2024-12-13T08:27:15.877+0000] {logging_mixin.py:190} INFO - [2024-12-13T08:27:15.876+0000] {dag.py:3239} INFO - Sync 1 DAGs
[2024-12-13T08:27:15.903+0000] {logging_mixin.py:190} INFO - [2024-12-13T08:27:15.903+0000] {dag.py:4180} INFO - Setting next_dagrun for first_etl_dag to 2024-12-12 00:00:00+00:00, run_after=2024-12-13 00:00:00+00:00
[2024-12-13T08:27:15.923+0000] {processor.py:208} INFO - Processing /opt/bitnami/airflow/dags/etl_dags.py took 0.134 seconds
[2024-12-13T10:42:33.642+0000] {processor.py:186} INFO - Started process (PID=43) to work on /opt/bitnami/airflow/dags/etl_dags.py
[2024-12-13T10:42:33.643+0000] {processor.py:914} INFO - Processing file /opt/bitnami/airflow/dags/etl_dags.py for tasks to queue
[2024-12-13T10:42:33.645+0000] {logging_mixin.py:190} INFO - [2024-12-13T10:42:33.645+0000] {dagbag.py:588} INFO - Filling up the DagBag from /opt/bitnami/airflow/dags/etl_dags.py
[2024-12-13T10:42:33.693+0000] {processor.py:925} INFO - DAG(s) 'first_etl_dag' retrieved from /opt/bitnami/airflow/dags/etl_dags.py
[2024-12-13T10:42:33.949+0000] {logging_mixin.py:190} INFO - [2024-12-13T10:42:33.948+0000] {override.py:1900} INFO - Created Permission View: can read on DAG:first_etl_dag
[2024-12-13T10:42:33.962+0000] {logging_mixin.py:190} INFO - [2024-12-13T10:42:33.961+0000] {override.py:1900} INFO - Created Permission View: can delete on DAG:first_etl_dag
[2024-12-13T10:42:33.972+0000] {logging_mixin.py:190} INFO - [2024-12-13T10:42:33.972+0000] {override.py:1900} INFO - Created Permission View: can edit on DAG:first_etl_dag
[2024-12-13T10:42:33.984+0000] {logging_mixin.py:190} INFO - [2024-12-13T10:42:33.983+0000] {override.py:1900} INFO - Created Permission View: can delete on DAG Run:first_etl_dag
[2024-12-13T10:42:33.998+0000] {logging_mixin.py:190} INFO - [2024-12-13T10:42:33.998+0000] {override.py:1900} INFO - Created Permission View: can read on DAG Run:first_etl_dag
[2024-12-13T10:42:34.010+0000] {logging_mixin.py:190} INFO - [2024-12-13T10:42:34.010+0000] {override.py:1900} INFO - Created Permission View: can create on DAG Run:first_etl_dag
[2024-12-13T10:42:34.022+0000] {logging_mixin.py:190} INFO - [2024-12-13T10:42:34.022+0000] {override.py:1900} INFO - Created Permission View: menu access on DAG Run:first_etl_dag
[2024-12-13T10:42:34.024+0000] {logging_mixin.py:190} INFO - [2024-12-13T10:42:34.023+0000] {dag.py:3239} INFO - Sync 1 DAGs
[2024-12-13T10:42:34.062+0000] {logging_mixin.py:190} INFO - [2024-12-13T10:42:34.062+0000] {dag.py:3262} INFO - Creating ORM DAG for first_etl_dag
[2024-12-13T10:42:34.087+0000] {logging_mixin.py:190} INFO - [2024-12-13T10:42:34.086+0000] {dag.py:4180} INFO - Setting next_dagrun for first_etl_dag to 2024-12-12 00:00:00+00:00, run_after=2024-12-13 00:00:00+00:00
[2024-12-13T10:42:34.130+0000] {processor.py:208} INFO - Processing /opt/bitnami/airflow/dags/etl_dags.py took 0.492 seconds
[2024-12-13T10:43:04.753+0000] {processor.py:186} INFO - Started process (PID=100) to work on /opt/bitnami/airflow/dags/etl_dags.py
[2024-12-13T10:43:04.754+0000] {processor.py:914} INFO - Processing file /opt/bitnami/airflow/dags/etl_dags.py for tasks to queue
[2024-12-13T10:43:04.757+0000] {logging_mixin.py:190} INFO - [2024-12-13T10:43:04.757+0000] {dagbag.py:588} INFO - Filling up the DagBag from /opt/bitnami/airflow/dags/etl_dags.py
[2024-12-13T10:43:04.789+0000] {processor.py:925} INFO - DAG(s) 'first_etl_dag' retrieved from /opt/bitnami/airflow/dags/etl_dags.py
[2024-12-13T10:43:04.859+0000] {logging_mixin.py:190} INFO - [2024-12-13T10:43:04.858+0000] {dag.py:3239} INFO - Sync 1 DAGs
[2024-12-13T10:43:04.922+0000] {logging_mixin.py:190} INFO - [2024-12-13T10:43:04.922+0000] {dag.py:4180} INFO - Setting next_dagrun for first_etl_dag to 2024-12-12 00:00:00+00:00, run_after=2024-12-13 00:00:00+00:00
[2024-12-13T10:43:04.965+0000] {processor.py:208} INFO - Processing /opt/bitnami/airflow/dags/etl_dags.py took 0.217 seconds
[2024-12-13T10:43:35.110+0000] {processor.py:186} INFO - Started process (PID=157) to work on /opt/bitnami/airflow/dags/etl_dags.py
[2024-12-13T10:43:35.112+0000] {processor.py:914} INFO - Processing file /opt/bitnami/airflow/dags/etl_dags.py for tasks to queue
[2024-12-13T10:43:35.115+0000] {logging_mixin.py:190} INFO - [2024-12-13T10:43:35.114+0000] {dagbag.py:588} INFO - Filling up the DagBag from /opt/bitnami/airflow/dags/etl_dags.py
[2024-12-13T10:43:35.159+0000] {processor.py:925} INFO - DAG(s) 'first_etl_dag' retrieved from /opt/bitnami/airflow/dags/etl_dags.py
[2024-12-13T10:43:35.244+0000] {logging_mixin.py:190} INFO - [2024-12-13T10:43:35.243+0000] {dag.py:3239} INFO - Sync 1 DAGs
[2024-12-13T10:43:35.299+0000] {logging_mixin.py:190} INFO - [2024-12-13T10:43:35.298+0000] {dag.py:4180} INFO - Setting next_dagrun for first_etl_dag to 2024-12-12 00:00:00+00:00, run_after=2024-12-13 00:00:00+00:00
[2024-12-13T10:43:35.354+0000] {processor.py:208} INFO - Processing /opt/bitnami/airflow/dags/etl_dags.py took 0.252 seconds
[2024-12-13T10:44:05.792+0000] {processor.py:186} INFO - Started process (PID=214) to work on /opt/bitnami/airflow/dags/etl_dags.py
[2024-12-13T10:44:05.793+0000] {processor.py:914} INFO - Processing file /opt/bitnami/airflow/dags/etl_dags.py for tasks to queue
[2024-12-13T10:44:05.798+0000] {logging_mixin.py:190} INFO - [2024-12-13T10:44:05.798+0000] {dagbag.py:588} INFO - Filling up the DagBag from /opt/bitnami/airflow/dags/etl_dags.py
[2024-12-13T10:44:05.851+0000] {processor.py:925} INFO - DAG(s) 'first_etl_dag' retrieved from /opt/bitnami/airflow/dags/etl_dags.py
[2024-12-13T10:44:05.934+0000] {logging_mixin.py:190} INFO - [2024-12-13T10:44:05.933+0000] {dag.py:3239} INFO - Sync 1 DAGs
[2024-12-13T10:44:05.993+0000] {logging_mixin.py:190} INFO - [2024-12-13T10:44:05.993+0000] {dag.py:4180} INFO - Setting next_dagrun for first_etl_dag to 2024-12-12 00:00:00+00:00, run_after=2024-12-13 00:00:00+00:00
[2024-12-13T10:44:06.047+0000] {processor.py:208} INFO - Processing /opt/bitnami/airflow/dags/etl_dags.py took 0.263 seconds
[2024-12-13T10:44:36.288+0000] {processor.py:186} INFO - Started process (PID=271) to work on /opt/bitnami/airflow/dags/etl_dags.py
[2024-12-13T10:44:36.290+0000] {processor.py:914} INFO - Processing file /opt/bitnami/airflow/dags/etl_dags.py for tasks to queue
[2024-12-13T10:44:36.293+0000] {logging_mixin.py:190} INFO - [2024-12-13T10:44:36.292+0000] {dagbag.py:588} INFO - Filling up the DagBag from /opt/bitnami/airflow/dags/etl_dags.py
[2024-12-13T10:44:36.340+0000] {processor.py:925} INFO - DAG(s) 'first_etl_dag' retrieved from /opt/bitnami/airflow/dags/etl_dags.py
[2024-12-13T10:44:36.470+0000] {logging_mixin.py:190} INFO - [2024-12-13T10:44:36.470+0000] {dag.py:3239} INFO - Sync 1 DAGs
[2024-12-13T10:44:36.510+0000] {logging_mixin.py:190} INFO - [2024-12-13T10:44:36.510+0000] {dag.py:4180} INFO - Setting next_dagrun for first_etl_dag to 2024-12-12 00:00:00+00:00, run_after=2024-12-13 00:00:00+00:00
[2024-12-13T10:44:36.531+0000] {processor.py:208} INFO - Processing /opt/bitnami/airflow/dags/etl_dags.py took 0.249 seconds
[2024-12-13T10:52:07.329+0000] {processor.py:186} INFO - Started process (PID=43) to work on /opt/bitnami/airflow/dags/etl_dags.py
[2024-12-13T10:52:07.331+0000] {processor.py:914} INFO - Processing file /opt/bitnami/airflow/dags/etl_dags.py for tasks to queue
[2024-12-13T10:52:07.335+0000] {logging_mixin.py:190} INFO - [2024-12-13T10:52:07.334+0000] {dagbag.py:588} INFO - Filling up the DagBag from /opt/bitnami/airflow/dags/etl_dags.py
[2024-12-13T10:52:07.354+0000] {processor.py:925} INFO - DAG(s) 'first_etl_dag' retrieved from /opt/bitnami/airflow/dags/etl_dags.py
[2024-12-13T10:52:07.463+0000] {logging_mixin.py:190} INFO - [2024-12-13T10:52:07.463+0000] {override.py:1900} INFO - Created Permission View: can read on DAG:first_etl_dag
[2024-12-13T10:52:07.473+0000] {logging_mixin.py:190} INFO - [2024-12-13T10:52:07.473+0000] {override.py:1900} INFO - Created Permission View: can delete on DAG:first_etl_dag
[2024-12-13T10:52:07.490+0000] {logging_mixin.py:190} INFO - [2024-12-13T10:52:07.489+0000] {override.py:1900} INFO - Created Permission View: can edit on DAG:first_etl_dag
[2024-12-13T10:52:07.505+0000] {logging_mixin.py:190} INFO - [2024-12-13T10:52:07.505+0000] {override.py:1900} INFO - Created Permission View: menu access on DAG Run:first_etl_dag
[2024-12-13T10:52:07.522+0000] {logging_mixin.py:190} INFO - [2024-12-13T10:52:07.522+0000] {override.py:1900} INFO - Created Permission View: can read on DAG Run:first_etl_dag
[2024-12-13T10:52:07.530+0000] {logging_mixin.py:190} INFO - [2024-12-13T10:52:07.530+0000] {override.py:1900} INFO - Created Permission View: can delete on DAG Run:first_etl_dag
[2024-12-13T10:52:07.542+0000] {logging_mixin.py:190} INFO - [2024-12-13T10:52:07.542+0000] {override.py:1900} INFO - Created Permission View: can create on DAG Run:first_etl_dag
[2024-12-13T10:52:07.543+0000] {logging_mixin.py:190} INFO - [2024-12-13T10:52:07.543+0000] {dag.py:3239} INFO - Sync 1 DAGs
[2024-12-13T10:52:07.593+0000] {logging_mixin.py:190} INFO - [2024-12-13T10:52:07.593+0000] {dag.py:3262} INFO - Creating ORM DAG for first_etl_dag
[2024-12-13T10:52:07.615+0000] {logging_mixin.py:190} INFO - [2024-12-13T10:52:07.613+0000] {dag.py:4180} INFO - Setting next_dagrun for first_etl_dag to 2024-12-12 00:00:00+00:00, run_after=2024-12-13 00:00:00+00:00
[2024-12-13T10:52:07.644+0000] {processor.py:208} INFO - Processing /opt/bitnami/airflow/dags/etl_dags.py took 0.319 seconds
[2024-12-13T10:52:38.641+0000] {processor.py:186} INFO - Started process (PID=100) to work on /opt/bitnami/airflow/dags/etl_dags.py
[2024-12-13T10:52:38.643+0000] {processor.py:914} INFO - Processing file /opt/bitnami/airflow/dags/etl_dags.py for tasks to queue
[2024-12-13T10:52:38.647+0000] {logging_mixin.py:190} INFO - [2024-12-13T10:52:38.646+0000] {dagbag.py:588} INFO - Filling up the DagBag from /opt/bitnami/airflow/dags/etl_dags.py
[2024-12-13T10:52:38.688+0000] {processor.py:925} INFO - DAG(s) 'first_etl_dag' retrieved from /opt/bitnami/airflow/dags/etl_dags.py
[2024-12-13T10:52:38.771+0000] {logging_mixin.py:190} INFO - [2024-12-13T10:52:38.770+0000] {dag.py:3239} INFO - Sync 1 DAGs
[2024-12-13T10:52:38.804+0000] {logging_mixin.py:190} INFO - [2024-12-13T10:52:38.803+0000] {dag.py:4180} INFO - Setting next_dagrun for first_etl_dag to 2024-12-12 00:00:00+00:00, run_after=2024-12-13 00:00:00+00:00
[2024-12-13T10:52:38.830+0000] {processor.py:208} INFO - Processing /opt/bitnami/airflow/dags/etl_dags.py took 0.195 seconds
[2024-12-13T10:53:09.589+0000] {processor.py:186} INFO - Started process (PID=157) to work on /opt/bitnami/airflow/dags/etl_dags.py
[2024-12-13T10:53:09.590+0000] {processor.py:914} INFO - Processing file /opt/bitnami/airflow/dags/etl_dags.py for tasks to queue
[2024-12-13T10:53:09.593+0000] {logging_mixin.py:190} INFO - [2024-12-13T10:53:09.592+0000] {dagbag.py:588} INFO - Filling up the DagBag from /opt/bitnami/airflow/dags/etl_dags.py
[2024-12-13T10:53:09.626+0000] {processor.py:925} INFO - DAG(s) 'first_etl_dag' retrieved from /opt/bitnami/airflow/dags/etl_dags.py
[2024-12-13T10:53:09.714+0000] {logging_mixin.py:190} INFO - [2024-12-13T10:53:09.713+0000] {dag.py:3239} INFO - Sync 1 DAGs
[2024-12-13T10:53:09.796+0000] {logging_mixin.py:190} INFO - [2024-12-13T10:53:09.795+0000] {dag.py:4180} INFO - Setting next_dagrun for first_etl_dag to 2024-12-12 00:00:00+00:00, run_after=2024-12-13 00:00:00+00:00
[2024-12-13T10:53:09.854+0000] {processor.py:208} INFO - Processing /opt/bitnami/airflow/dags/etl_dags.py took 0.271 seconds
[2024-12-13T10:53:40.003+0000] {processor.py:186} INFO - Started process (PID=214) to work on /opt/bitnami/airflow/dags/etl_dags.py
[2024-12-13T10:53:40.005+0000] {processor.py:914} INFO - Processing file /opt/bitnami/airflow/dags/etl_dags.py for tasks to queue
[2024-12-13T10:53:40.009+0000] {logging_mixin.py:190} INFO - [2024-12-13T10:53:40.008+0000] {dagbag.py:588} INFO - Filling up the DagBag from /opt/bitnami/airflow/dags/etl_dags.py
[2024-12-13T10:53:40.053+0000] {processor.py:925} INFO - DAG(s) 'first_etl_dag' retrieved from /opt/bitnami/airflow/dags/etl_dags.py
[2024-12-13T10:53:40.211+0000] {logging_mixin.py:190} INFO - [2024-12-13T10:53:40.210+0000] {dag.py:3239} INFO - Sync 1 DAGs
[2024-12-13T10:53:40.251+0000] {logging_mixin.py:190} INFO - [2024-12-13T10:53:40.250+0000] {dag.py:4180} INFO - Setting next_dagrun for first_etl_dag to 2024-12-12 00:00:00+00:00, run_after=2024-12-13 00:00:00+00:00
[2024-12-13T10:53:40.280+0000] {processor.py:208} INFO - Processing /opt/bitnami/airflow/dags/etl_dags.py took 0.281 seconds
[2024-12-13T10:54:11.142+0000] {processor.py:186} INFO - Started process (PID=271) to work on /opt/bitnami/airflow/dags/etl_dags.py
[2024-12-13T10:54:11.143+0000] {processor.py:914} INFO - Processing file /opt/bitnami/airflow/dags/etl_dags.py for tasks to queue
[2024-12-13T10:54:11.146+0000] {logging_mixin.py:190} INFO - [2024-12-13T10:54:11.145+0000] {dagbag.py:588} INFO - Filling up the DagBag from /opt/bitnami/airflow/dags/etl_dags.py
[2024-12-13T10:54:11.157+0000] {processor.py:925} INFO - DAG(s) 'first_etl_dag' retrieved from /opt/bitnami/airflow/dags/etl_dags.py
[2024-12-13T10:54:11.229+0000] {logging_mixin.py:190} INFO - [2024-12-13T10:54:11.229+0000] {dag.py:3239} INFO - Sync 1 DAGs
[2024-12-13T10:54:11.279+0000] {logging_mixin.py:190} INFO - [2024-12-13T10:54:11.278+0000] {dag.py:4180} INFO - Setting next_dagrun for first_etl_dag to 2024-12-12 00:00:00+00:00, run_after=2024-12-13 00:00:00+00:00
[2024-12-13T10:54:11.301+0000] {processor.py:208} INFO - Processing /opt/bitnami/airflow/dags/etl_dags.py took 0.163 seconds
[2024-12-13T10:54:41.765+0000] {processor.py:186} INFO - Started process (PID=328) to work on /opt/bitnami/airflow/dags/etl_dags.py
[2024-12-13T10:54:41.766+0000] {processor.py:914} INFO - Processing file /opt/bitnami/airflow/dags/etl_dags.py for tasks to queue
[2024-12-13T10:54:41.769+0000] {logging_mixin.py:190} INFO - [2024-12-13T10:54:41.768+0000] {dagbag.py:588} INFO - Filling up the DagBag from /opt/bitnami/airflow/dags/etl_dags.py
[2024-12-13T10:54:41.796+0000] {processor.py:925} INFO - DAG(s) 'first_etl_dag' retrieved from /opt/bitnami/airflow/dags/etl_dags.py
[2024-12-13T10:54:41.841+0000] {logging_mixin.py:190} INFO - [2024-12-13T10:54:41.841+0000] {dag.py:3239} INFO - Sync 1 DAGs
[2024-12-13T10:54:41.880+0000] {logging_mixin.py:190} INFO - [2024-12-13T10:54:41.879+0000] {dag.py:4180} INFO - Setting next_dagrun for first_etl_dag to 2024-12-12 00:00:00+00:00, run_after=2024-12-13 00:00:00+00:00
[2024-12-13T10:54:41.906+0000] {processor.py:208} INFO - Processing /opt/bitnami/airflow/dags/etl_dags.py took 0.147 seconds
[2024-12-13T10:55:12.451+0000] {processor.py:186} INFO - Started process (PID=385) to work on /opt/bitnami/airflow/dags/etl_dags.py
[2024-12-13T10:55:12.453+0000] {processor.py:914} INFO - Processing file /opt/bitnami/airflow/dags/etl_dags.py for tasks to queue
[2024-12-13T10:55:12.457+0000] {logging_mixin.py:190} INFO - [2024-12-13T10:55:12.457+0000] {dagbag.py:588} INFO - Filling up the DagBag from /opt/bitnami/airflow/dags/etl_dags.py
[2024-12-13T10:55:12.500+0000] {processor.py:925} INFO - DAG(s) 'first_etl_dag' retrieved from /opt/bitnami/airflow/dags/etl_dags.py
[2024-12-13T10:55:12.556+0000] {logging_mixin.py:190} INFO - [2024-12-13T10:55:12.555+0000] {dag.py:3239} INFO - Sync 1 DAGs
[2024-12-13T10:55:12.617+0000] {logging_mixin.py:190} INFO - [2024-12-13T10:55:12.617+0000] {dag.py:4180} INFO - Setting next_dagrun for first_etl_dag to 2024-12-12 00:00:00+00:00, run_after=2024-12-13 00:00:00+00:00
[2024-12-13T10:55:12.672+0000] {processor.py:208} INFO - Processing /opt/bitnami/airflow/dags/etl_dags.py took 0.227 seconds
[2024-12-13T10:55:43.364+0000] {processor.py:186} INFO - Started process (PID=442) to work on /opt/bitnami/airflow/dags/etl_dags.py
[2024-12-13T10:55:43.366+0000] {processor.py:914} INFO - Processing file /opt/bitnami/airflow/dags/etl_dags.py for tasks to queue
[2024-12-13T10:55:43.371+0000] {logging_mixin.py:190} INFO - [2024-12-13T10:55:43.371+0000] {dagbag.py:588} INFO - Filling up the DagBag from /opt/bitnami/airflow/dags/etl_dags.py
[2024-12-13T10:55:43.410+0000] {processor.py:925} INFO - DAG(s) 'first_etl_dag' retrieved from /opt/bitnami/airflow/dags/etl_dags.py
[2024-12-13T10:55:43.458+0000] {logging_mixin.py:190} INFO - [2024-12-13T10:55:43.458+0000] {dag.py:3239} INFO - Sync 1 DAGs
[2024-12-13T10:55:43.513+0000] {logging_mixin.py:190} INFO - [2024-12-13T10:55:43.513+0000] {dag.py:4180} INFO - Setting next_dagrun for first_etl_dag to 2024-12-12 00:00:00+00:00, run_after=2024-12-13 00:00:00+00:00
[2024-12-13T10:55:43.547+0000] {processor.py:208} INFO - Processing /opt/bitnami/airflow/dags/etl_dags.py took 0.187 seconds
[2024-12-13T10:56:13.863+0000] {processor.py:186} INFO - Started process (PID=500) to work on /opt/bitnami/airflow/dags/etl_dags.py
[2024-12-13T10:56:13.864+0000] {processor.py:914} INFO - Processing file /opt/bitnami/airflow/dags/etl_dags.py for tasks to queue
[2024-12-13T10:56:13.867+0000] {logging_mixin.py:190} INFO - [2024-12-13T10:56:13.866+0000] {dagbag.py:588} INFO - Filling up the DagBag from /opt/bitnami/airflow/dags/etl_dags.py
[2024-12-13T10:56:13.901+0000] {processor.py:925} INFO - DAG(s) 'first_etl_dag' retrieved from /opt/bitnami/airflow/dags/etl_dags.py
[2024-12-13T10:56:13.948+0000] {logging_mixin.py:190} INFO - [2024-12-13T10:56:13.947+0000] {dag.py:3239} INFO - Sync 1 DAGs
[2024-12-13T10:56:13.992+0000] {logging_mixin.py:190} INFO - [2024-12-13T10:56:13.992+0000] {dag.py:4180} INFO - Setting next_dagrun for first_etl_dag to 2024-12-12 00:00:00+00:00, run_after=2024-12-13 00:00:00+00:00
[2024-12-13T10:56:14.032+0000] {processor.py:208} INFO - Processing /opt/bitnami/airflow/dags/etl_dags.py took 0.177 seconds
[2024-12-13T10:56:44.183+0000] {processor.py:186} INFO - Started process (PID=557) to work on /opt/bitnami/airflow/dags/etl_dags.py
[2024-12-13T10:56:44.185+0000] {processor.py:914} INFO - Processing file /opt/bitnami/airflow/dags/etl_dags.py for tasks to queue
[2024-12-13T10:56:44.187+0000] {logging_mixin.py:190} INFO - [2024-12-13T10:56:44.187+0000] {dagbag.py:588} INFO - Filling up the DagBag from /opt/bitnami/airflow/dags/etl_dags.py
[2024-12-13T10:56:44.229+0000] {processor.py:925} INFO - DAG(s) 'first_etl_dag' retrieved from /opt/bitnami/airflow/dags/etl_dags.py
[2024-12-13T10:56:44.319+0000] {logging_mixin.py:190} INFO - [2024-12-13T10:56:44.318+0000] {dag.py:3239} INFO - Sync 1 DAGs
[2024-12-13T10:56:44.369+0000] {logging_mixin.py:190} INFO - [2024-12-13T10:56:44.369+0000] {dag.py:4180} INFO - Setting next_dagrun for first_etl_dag to 2024-12-12 00:00:00+00:00, run_after=2024-12-13 00:00:00+00:00
[2024-12-13T10:56:44.389+0000] {processor.py:208} INFO - Processing /opt/bitnami/airflow/dags/etl_dags.py took 0.211 seconds
[2024-12-13T10:57:15.040+0000] {processor.py:186} INFO - Started process (PID=613) to work on /opt/bitnami/airflow/dags/etl_dags.py
[2024-12-13T10:57:15.041+0000] {processor.py:914} INFO - Processing file /opt/bitnami/airflow/dags/etl_dags.py for tasks to queue
[2024-12-13T10:57:15.044+0000] {logging_mixin.py:190} INFO - [2024-12-13T10:57:15.043+0000] {dagbag.py:588} INFO - Filling up the DagBag from /opt/bitnami/airflow/dags/etl_dags.py
[2024-12-13T10:57:15.083+0000] {processor.py:925} INFO - DAG(s) 'first_etl_dag' retrieved from /opt/bitnami/airflow/dags/etl_dags.py
[2024-12-13T10:57:15.124+0000] {logging_mixin.py:190} INFO - [2024-12-13T10:57:15.123+0000] {dag.py:3239} INFO - Sync 1 DAGs
[2024-12-13T10:57:15.165+0000] {logging_mixin.py:190} INFO - [2024-12-13T10:57:15.165+0000] {dag.py:4180} INFO - Setting next_dagrun for first_etl_dag to 2024-12-12 00:00:00+00:00, run_after=2024-12-13 00:00:00+00:00
[2024-12-13T10:57:15.200+0000] {processor.py:208} INFO - Processing /opt/bitnami/airflow/dags/etl_dags.py took 0.165 seconds
[2024-12-13T10:57:45.338+0000] {processor.py:186} INFO - Started process (PID=670) to work on /opt/bitnami/airflow/dags/etl_dags.py
[2024-12-13T10:57:45.339+0000] {processor.py:914} INFO - Processing file /opt/bitnami/airflow/dags/etl_dags.py for tasks to queue
[2024-12-13T10:57:45.342+0000] {logging_mixin.py:190} INFO - [2024-12-13T10:57:45.342+0000] {dagbag.py:588} INFO - Filling up the DagBag from /opt/bitnami/airflow/dags/etl_dags.py
[2024-12-13T10:57:45.381+0000] {processor.py:925} INFO - DAG(s) 'first_etl_dag' retrieved from /opt/bitnami/airflow/dags/etl_dags.py
[2024-12-13T10:57:45.446+0000] {logging_mixin.py:190} INFO - [2024-12-13T10:57:45.446+0000] {dag.py:3239} INFO - Sync 1 DAGs
[2024-12-13T10:57:45.481+0000] {logging_mixin.py:190} INFO - [2024-12-13T10:57:45.481+0000] {dag.py:4180} INFO - Setting next_dagrun for first_etl_dag to 2024-12-12 00:00:00+00:00, run_after=2024-12-13 00:00:00+00:00
[2024-12-13T10:57:45.501+0000] {processor.py:208} INFO - Processing /opt/bitnami/airflow/dags/etl_dags.py took 0.169 seconds
[2024-12-13T10:58:16.536+0000] {processor.py:186} INFO - Started process (PID=727) to work on /opt/bitnami/airflow/dags/etl_dags.py
[2024-12-13T10:58:16.538+0000] {processor.py:914} INFO - Processing file /opt/bitnami/airflow/dags/etl_dags.py for tasks to queue
[2024-12-13T10:58:16.543+0000] {logging_mixin.py:190} INFO - [2024-12-13T10:58:16.542+0000] {dagbag.py:588} INFO - Filling up the DagBag from /opt/bitnami/airflow/dags/etl_dags.py
[2024-12-13T10:58:16.565+0000] {processor.py:925} INFO - DAG(s) 'first_etl_dag' retrieved from /opt/bitnami/airflow/dags/etl_dags.py
[2024-12-13T10:58:16.637+0000] {logging_mixin.py:190} INFO - [2024-12-13T10:58:16.635+0000] {dag.py:3239} INFO - Sync 1 DAGs
[2024-12-13T10:58:16.706+0000] {logging_mixin.py:190} INFO - [2024-12-13T10:58:16.705+0000] {dag.py:4180} INFO - Setting next_dagrun for first_etl_dag to 2024-12-12 00:00:00+00:00, run_after=2024-12-13 00:00:00+00:00
[2024-12-13T10:58:16.755+0000] {processor.py:208} INFO - Processing /opt/bitnami/airflow/dags/etl_dags.py took 0.225 seconds
[2024-12-13T10:58:47.654+0000] {processor.py:186} INFO - Started process (PID=784) to work on /opt/bitnami/airflow/dags/etl_dags.py
[2024-12-13T10:58:47.656+0000] {processor.py:914} INFO - Processing file /opt/bitnami/airflow/dags/etl_dags.py for tasks to queue
[2024-12-13T10:58:47.659+0000] {logging_mixin.py:190} INFO - [2024-12-13T10:58:47.658+0000] {dagbag.py:588} INFO - Filling up the DagBag from /opt/bitnami/airflow/dags/etl_dags.py
[2024-12-13T10:58:47.686+0000] {processor.py:925} INFO - DAG(s) 'first_etl_dag' retrieved from /opt/bitnami/airflow/dags/etl_dags.py
[2024-12-13T10:58:47.746+0000] {logging_mixin.py:190} INFO - [2024-12-13T10:58:47.745+0000] {dag.py:3239} INFO - Sync 1 DAGs
[2024-12-13T10:58:47.789+0000] {logging_mixin.py:190} INFO - [2024-12-13T10:58:47.789+0000] {dag.py:4180} INFO - Setting next_dagrun for first_etl_dag to 2024-12-12 00:00:00+00:00, run_after=2024-12-13 00:00:00+00:00
[2024-12-13T10:58:47.834+0000] {processor.py:208} INFO - Processing /opt/bitnami/airflow/dags/etl_dags.py took 0.186 seconds
[2024-12-13T11:07:28.505+0000] {processor.py:186} INFO - Started process (PID=43) to work on /opt/bitnami/airflow/dags/etl_dags.py
[2024-12-13T11:07:28.506+0000] {processor.py:914} INFO - Processing file /opt/bitnami/airflow/dags/etl_dags.py for tasks to queue
[2024-12-13T11:07:28.509+0000] {logging_mixin.py:190} INFO - [2024-12-13T11:07:28.508+0000] {dagbag.py:588} INFO - Filling up the DagBag from /opt/bitnami/airflow/dags/etl_dags.py
[2024-12-13T11:07:28.525+0000] {processor.py:925} INFO - DAG(s) 'first_etl_dag' retrieved from /opt/bitnami/airflow/dags/etl_dags.py
[2024-12-13T11:07:28.575+0000] {logging_mixin.py:190} INFO - [2024-12-13T11:07:28.574+0000] {dag.py:3239} INFO - Sync 1 DAGs
[2024-12-13T11:07:28.630+0000] {logging_mixin.py:190} INFO - [2024-12-13T11:07:28.630+0000] {dag.py:4180} INFO - Setting next_dagrun for first_etl_dag to 2024-12-12 00:00:00+00:00, run_after=2024-12-13 00:00:00+00:00
[2024-12-13T11:07:28.658+0000] {processor.py:208} INFO - Processing /opt/bitnami/airflow/dags/etl_dags.py took 0.158 seconds
[2024-12-13T11:07:58.964+0000] {processor.py:186} INFO - Started process (PID=100) to work on /opt/bitnami/airflow/dags/etl_dags.py
[2024-12-13T11:07:58.965+0000] {processor.py:914} INFO - Processing file /opt/bitnami/airflow/dags/etl_dags.py for tasks to queue
[2024-12-13T11:07:58.968+0000] {logging_mixin.py:190} INFO - [2024-12-13T11:07:58.968+0000] {dagbag.py:588} INFO - Filling up the DagBag from /opt/bitnami/airflow/dags/etl_dags.py
[2024-12-13T11:07:59.020+0000] {processor.py:925} INFO - DAG(s) 'first_etl_dag' retrieved from /opt/bitnami/airflow/dags/etl_dags.py
[2024-12-13T11:07:59.124+0000] {logging_mixin.py:190} INFO - [2024-12-13T11:07:59.123+0000] {dag.py:3239} INFO - Sync 1 DAGs
[2024-12-13T11:07:59.206+0000] {logging_mixin.py:190} INFO - [2024-12-13T11:07:59.205+0000] {dag.py:4180} INFO - Setting next_dagrun for first_etl_dag to 2024-12-12 00:00:00+00:00, run_after=2024-12-13 00:00:00+00:00
[2024-12-13T11:07:59.250+0000] {processor.py:208} INFO - Processing /opt/bitnami/airflow/dags/etl_dags.py took 0.294 seconds
[2024-12-13T11:08:29.526+0000] {processor.py:186} INFO - Started process (PID=157) to work on /opt/bitnami/airflow/dags/etl_dags.py
[2024-12-13T11:08:29.527+0000] {processor.py:914} INFO - Processing file /opt/bitnami/airflow/dags/etl_dags.py for tasks to queue
[2024-12-13T11:08:29.530+0000] {logging_mixin.py:190} INFO - [2024-12-13T11:08:29.530+0000] {dagbag.py:588} INFO - Filling up the DagBag from /opt/bitnami/airflow/dags/etl_dags.py
[2024-12-13T11:08:29.566+0000] {processor.py:925} INFO - DAG(s) 'first_etl_dag' retrieved from /opt/bitnami/airflow/dags/etl_dags.py
[2024-12-13T11:08:29.633+0000] {logging_mixin.py:190} INFO - [2024-12-13T11:08:29.632+0000] {dag.py:3239} INFO - Sync 1 DAGs
[2024-12-13T11:08:29.688+0000] {logging_mixin.py:190} INFO - [2024-12-13T11:08:29.687+0000] {dag.py:4180} INFO - Setting next_dagrun for first_etl_dag to 2024-12-12 00:00:00+00:00, run_after=2024-12-13 00:00:00+00:00
[2024-12-13T11:08:29.721+0000] {processor.py:208} INFO - Processing /opt/bitnami/airflow/dags/etl_dags.py took 0.203 seconds
[2024-12-13T11:09:00.221+0000] {processor.py:186} INFO - Started process (PID=214) to work on /opt/bitnami/airflow/dags/etl_dags.py
[2024-12-13T11:09:00.223+0000] {processor.py:914} INFO - Processing file /opt/bitnami/airflow/dags/etl_dags.py for tasks to queue
[2024-12-13T11:09:00.227+0000] {logging_mixin.py:190} INFO - [2024-12-13T11:09:00.226+0000] {dagbag.py:588} INFO - Filling up the DagBag from /opt/bitnami/airflow/dags/etl_dags.py
[2024-12-13T11:09:00.256+0000] {processor.py:925} INFO - DAG(s) 'first_etl_dag' retrieved from /opt/bitnami/airflow/dags/etl_dags.py
[2024-12-13T11:09:00.395+0000] {logging_mixin.py:190} INFO - [2024-12-13T11:09:00.394+0000] {dag.py:3239} INFO - Sync 1 DAGs
[2024-12-13T11:09:00.450+0000] {logging_mixin.py:190} INFO - [2024-12-13T11:09:00.450+0000] {dag.py:4180} INFO - Setting next_dagrun for first_etl_dag to 2024-12-12 00:00:00+00:00, run_after=2024-12-13 00:00:00+00:00
[2024-12-13T11:09:00.498+0000] {processor.py:208} INFO - Processing /opt/bitnami/airflow/dags/etl_dags.py took 0.283 seconds
[2024-12-13T11:09:30.596+0000] {processor.py:186} INFO - Started process (PID=271) to work on /opt/bitnami/airflow/dags/etl_dags.py
[2024-12-13T11:09:30.597+0000] {processor.py:914} INFO - Processing file /opt/bitnami/airflow/dags/etl_dags.py for tasks to queue
[2024-12-13T11:09:30.600+0000] {logging_mixin.py:190} INFO - [2024-12-13T11:09:30.600+0000] {dagbag.py:588} INFO - Filling up the DagBag from /opt/bitnami/airflow/dags/etl_dags.py
[2024-12-13T11:09:30.631+0000] {processor.py:925} INFO - DAG(s) 'first_etl_dag' retrieved from /opt/bitnami/airflow/dags/etl_dags.py
[2024-12-13T11:09:30.665+0000] {logging_mixin.py:190} INFO - [2024-12-13T11:09:30.665+0000] {dag.py:3239} INFO - Sync 1 DAGs
[2024-12-13T11:09:30.696+0000] {logging_mixin.py:190} INFO - [2024-12-13T11:09:30.696+0000] {dag.py:4180} INFO - Setting next_dagrun for first_etl_dag to 2024-12-12 00:00:00+00:00, run_after=2024-12-13 00:00:00+00:00
[2024-12-13T11:09:30.721+0000] {processor.py:208} INFO - Processing /opt/bitnami/airflow/dags/etl_dags.py took 0.130 seconds
[2024-12-13T11:13:40.909+0000] {processor.py:186} INFO - Started process (PID=43) to work on /opt/bitnami/airflow/dags/etl_dags.py
[2024-12-13T11:13:40.910+0000] {processor.py:914} INFO - Processing file /opt/bitnami/airflow/dags/etl_dags.py for tasks to queue
[2024-12-13T11:13:40.912+0000] {logging_mixin.py:190} INFO - [2024-12-13T11:13:40.912+0000] {dagbag.py:588} INFO - Filling up the DagBag from /opt/bitnami/airflow/dags/etl_dags.py
[2024-12-13T11:13:40.931+0000] {processor.py:925} INFO - DAG(s) 'first_etl_dag' retrieved from /opt/bitnami/airflow/dags/etl_dags.py
[2024-12-13T11:13:41.007+0000] {logging_mixin.py:190} INFO - [2024-12-13T11:13:41.007+0000] {dag.py:3239} INFO - Sync 1 DAGs
[2024-12-13T11:13:41.051+0000] {logging_mixin.py:190} INFO - [2024-12-13T11:13:41.050+0000] {dag.py:4180} INFO - Setting next_dagrun for first_etl_dag to 2024-12-12 00:00:00+00:00, run_after=2024-12-13 00:00:00+00:00
[2024-12-13T11:13:41.074+0000] {processor.py:208} INFO - Processing /opt/bitnami/airflow/dags/etl_dags.py took 0.170 seconds
[2024-12-13T11:14:11.251+0000] {processor.py:186} INFO - Started process (PID=100) to work on /opt/bitnami/airflow/dags/etl_dags.py
[2024-12-13T11:14:11.252+0000] {processor.py:914} INFO - Processing file /opt/bitnami/airflow/dags/etl_dags.py for tasks to queue
[2024-12-13T11:14:11.254+0000] {logging_mixin.py:190} INFO - [2024-12-13T11:14:11.254+0000] {dagbag.py:588} INFO - Filling up the DagBag from /opt/bitnami/airflow/dags/etl_dags.py
[2024-12-13T11:14:11.303+0000] {processor.py:925} INFO - DAG(s) 'first_etl_dag' retrieved from /opt/bitnami/airflow/dags/etl_dags.py
[2024-12-13T11:14:11.372+0000] {logging_mixin.py:190} INFO - [2024-12-13T11:14:11.372+0000] {dag.py:3239} INFO - Sync 1 DAGs
[2024-12-13T11:14:11.413+0000] {logging_mixin.py:190} INFO - [2024-12-13T11:14:11.412+0000] {dag.py:4180} INFO - Setting next_dagrun for first_etl_dag to 2024-12-12 00:00:00+00:00, run_after=2024-12-13 00:00:00+00:00
[2024-12-13T11:14:11.449+0000] {processor.py:208} INFO - Processing /opt/bitnami/airflow/dags/etl_dags.py took 0.202 seconds
[2024-12-13T11:14:42.248+0000] {processor.py:186} INFO - Started process (PID=157) to work on /opt/bitnami/airflow/dags/etl_dags.py
[2024-12-13T11:14:42.250+0000] {processor.py:914} INFO - Processing file /opt/bitnami/airflow/dags/etl_dags.py for tasks to queue
[2024-12-13T11:14:42.253+0000] {logging_mixin.py:190} INFO - [2024-12-13T11:14:42.253+0000] {dagbag.py:588} INFO - Filling up the DagBag from /opt/bitnami/airflow/dags/etl_dags.py
[2024-12-13T11:14:42.298+0000] {processor.py:925} INFO - DAG(s) 'first_etl_dag' retrieved from /opt/bitnami/airflow/dags/etl_dags.py
[2024-12-13T11:14:42.369+0000] {logging_mixin.py:190} INFO - [2024-12-13T11:14:42.369+0000] {dag.py:3239} INFO - Sync 1 DAGs
[2024-12-13T11:14:42.439+0000] {logging_mixin.py:190} INFO - [2024-12-13T11:14:42.439+0000] {dag.py:4180} INFO - Setting next_dagrun for first_etl_dag to 2024-12-12 00:00:00+00:00, run_after=2024-12-13 00:00:00+00:00
[2024-12-13T11:14:42.505+0000] {processor.py:208} INFO - Processing /opt/bitnami/airflow/dags/etl_dags.py took 0.265 seconds
[2024-12-13T11:15:12.835+0000] {processor.py:186} INFO - Started process (PID=214) to work on /opt/bitnami/airflow/dags/etl_dags.py
[2024-12-13T11:15:12.837+0000] {processor.py:914} INFO - Processing file /opt/bitnami/airflow/dags/etl_dags.py for tasks to queue
[2024-12-13T11:15:12.841+0000] {logging_mixin.py:190} INFO - [2024-12-13T11:15:12.841+0000] {dagbag.py:588} INFO - Filling up the DagBag from /opt/bitnami/airflow/dags/etl_dags.py
[2024-12-13T11:15:12.885+0000] {processor.py:925} INFO - DAG(s) 'first_etl_dag' retrieved from /opt/bitnami/airflow/dags/etl_dags.py
[2024-12-13T11:15:13.057+0000] {logging_mixin.py:190} INFO - [2024-12-13T11:15:13.056+0000] {dag.py:3239} INFO - Sync 1 DAGs
[2024-12-13T11:15:13.115+0000] {logging_mixin.py:190} INFO - [2024-12-13T11:15:13.115+0000] {dag.py:4180} INFO - Setting next_dagrun for first_etl_dag to 2024-12-12 00:00:00+00:00, run_after=2024-12-13 00:00:00+00:00
[2024-12-13T11:15:13.167+0000] {processor.py:208} INFO - Processing /opt/bitnami/airflow/dags/etl_dags.py took 0.345 seconds
[2024-12-13T11:57:06.444+0000] {processor.py:186} INFO - Started process (PID=43) to work on /opt/bitnami/airflow/dags/etl_dags.py
[2024-12-13T11:57:06.446+0000] {processor.py:914} INFO - Processing file /opt/bitnami/airflow/dags/etl_dags.py for tasks to queue
[2024-12-13T11:57:06.450+0000] {logging_mixin.py:190} INFO - [2024-12-13T11:57:06.449+0000] {dagbag.py:588} INFO - Filling up the DagBag from /opt/bitnami/airflow/dags/etl_dags.py
[2024-12-13T11:57:06.471+0000] {processor.py:925} INFO - DAG(s) 'first_etl_dag' retrieved from /opt/bitnami/airflow/dags/etl_dags.py
[2024-12-13T11:57:06.528+0000] {logging_mixin.py:190} INFO - [2024-12-13T11:57:06.528+0000] {dag.py:3239} INFO - Sync 1 DAGs
[2024-12-13T11:57:06.583+0000] {logging_mixin.py:190} INFO - [2024-12-13T11:57:06.582+0000] {dag.py:4180} INFO - Setting next_dagrun for first_etl_dag to 2024-12-12 00:00:00+00:00, run_after=2024-12-13 00:00:00+00:00
[2024-12-13T11:57:06.612+0000] {processor.py:208} INFO - Processing /opt/bitnami/airflow/dags/etl_dags.py took 0.175 seconds
[2024-12-13T11:57:37.581+0000] {processor.py:186} INFO - Started process (PID=100) to work on /opt/bitnami/airflow/dags/etl_dags.py
[2024-12-13T11:57:37.582+0000] {processor.py:914} INFO - Processing file /opt/bitnami/airflow/dags/etl_dags.py for tasks to queue
[2024-12-13T11:57:37.585+0000] {logging_mixin.py:190} INFO - [2024-12-13T11:57:37.584+0000] {dagbag.py:588} INFO - Filling up the DagBag from /opt/bitnami/airflow/dags/etl_dags.py
[2024-12-13T11:57:37.603+0000] {processor.py:925} INFO - DAG(s) 'first_etl_dag' retrieved from /opt/bitnami/airflow/dags/etl_dags.py
[2024-12-13T11:57:37.641+0000] {logging_mixin.py:190} INFO - [2024-12-13T11:57:37.641+0000] {dag.py:3239} INFO - Sync 1 DAGs
[2024-12-13T11:57:37.678+0000] {logging_mixin.py:190} INFO - [2024-12-13T11:57:37.677+0000] {dag.py:4180} INFO - Setting next_dagrun for first_etl_dag to 2024-12-12 00:00:00+00:00, run_after=2024-12-13 00:00:00+00:00
[2024-12-13T11:57:37.700+0000] {processor.py:208} INFO - Processing /opt/bitnami/airflow/dags/etl_dags.py took 0.127 seconds
[2024-12-13T11:58:32.012+0000] {processor.py:186} INFO - Started process (PID=43) to work on /opt/bitnami/airflow/dags/etl_dags.py
[2024-12-13T11:58:32.013+0000] {processor.py:914} INFO - Processing file /opt/bitnami/airflow/dags/etl_dags.py for tasks to queue
[2024-12-13T11:58:32.016+0000] {logging_mixin.py:190} INFO - [2024-12-13T11:58:32.015+0000] {dagbag.py:588} INFO - Filling up the DagBag from /opt/bitnami/airflow/dags/etl_dags.py
[2024-12-13T11:58:32.034+0000] {processor.py:925} INFO - DAG(s) 'first_etl_dag' retrieved from /opt/bitnami/airflow/dags/etl_dags.py
[2024-12-13T11:58:32.086+0000] {logging_mixin.py:190} INFO - [2024-12-13T11:58:32.085+0000] {dag.py:3239} INFO - Sync 1 DAGs
[2024-12-13T11:58:32.121+0000] {logging_mixin.py:190} INFO - [2024-12-13T11:58:32.121+0000] {dag.py:4180} INFO - Setting next_dagrun for first_etl_dag to 2024-12-12 00:00:00+00:00, run_after=2024-12-13 00:00:00+00:00
[2024-12-13T11:58:32.139+0000] {processor.py:208} INFO - Processing /opt/bitnami/airflow/dags/etl_dags.py took 0.134 seconds
[2024-12-13T11:59:02.726+0000] {processor.py:186} INFO - Started process (PID=100) to work on /opt/bitnami/airflow/dags/etl_dags.py
[2024-12-13T11:59:02.727+0000] {processor.py:914} INFO - Processing file /opt/bitnami/airflow/dags/etl_dags.py for tasks to queue
[2024-12-13T11:59:02.730+0000] {logging_mixin.py:190} INFO - [2024-12-13T11:59:02.729+0000] {dagbag.py:588} INFO - Filling up the DagBag from /opt/bitnami/airflow/dags/etl_dags.py
[2024-12-13T11:59:02.744+0000] {processor.py:925} INFO - DAG(s) 'first_etl_dag' retrieved from /opt/bitnami/airflow/dags/etl_dags.py
[2024-12-13T11:59:02.798+0000] {logging_mixin.py:190} INFO - [2024-12-13T11:59:02.798+0000] {dag.py:3239} INFO - Sync 1 DAGs
[2024-12-13T11:59:02.846+0000] {logging_mixin.py:190} INFO - [2024-12-13T11:59:02.846+0000] {dag.py:4180} INFO - Setting next_dagrun for first_etl_dag to 2024-12-12 00:00:00+00:00, run_after=2024-12-13 00:00:00+00:00
[2024-12-13T11:59:02.876+0000] {processor.py:208} INFO - Processing /opt/bitnami/airflow/dags/etl_dags.py took 0.157 seconds
[2024-12-13T11:59:33.125+0000] {processor.py:186} INFO - Started process (PID=157) to work on /opt/bitnami/airflow/dags/etl_dags.py
[2024-12-13T11:59:33.126+0000] {processor.py:914} INFO - Processing file /opt/bitnami/airflow/dags/etl_dags.py for tasks to queue
[2024-12-13T11:59:33.128+0000] {logging_mixin.py:190} INFO - [2024-12-13T11:59:33.128+0000] {dagbag.py:588} INFO - Filling up the DagBag from /opt/bitnami/airflow/dags/etl_dags.py
[2024-12-13T11:59:33.141+0000] {processor.py:925} INFO - DAG(s) 'first_etl_dag' retrieved from /opt/bitnami/airflow/dags/etl_dags.py
[2024-12-13T11:59:33.165+0000] {logging_mixin.py:190} INFO - [2024-12-13T11:59:33.164+0000] {dag.py:3239} INFO - Sync 1 DAGs
[2024-12-13T11:59:33.193+0000] {logging_mixin.py:190} INFO - [2024-12-13T11:59:33.193+0000] {dag.py:4180} INFO - Setting next_dagrun for first_etl_dag to 2024-12-12 00:00:00+00:00, run_after=2024-12-13 00:00:00+00:00
[2024-12-13T11:59:33.213+0000] {processor.py:208} INFO - Processing /opt/bitnami/airflow/dags/etl_dags.py took 0.093 seconds
[2024-12-13T12:00:03.630+0000] {processor.py:186} INFO - Started process (PID=214) to work on /opt/bitnami/airflow/dags/etl_dags.py
[2024-12-13T12:00:03.631+0000] {processor.py:914} INFO - Processing file /opt/bitnami/airflow/dags/etl_dags.py for tasks to queue
[2024-12-13T12:00:03.633+0000] {logging_mixin.py:190} INFO - [2024-12-13T12:00:03.633+0000] {dagbag.py:588} INFO - Filling up the DagBag from /opt/bitnami/airflow/dags/etl_dags.py
[2024-12-13T12:00:03.647+0000] {processor.py:925} INFO - DAG(s) 'first_etl_dag' retrieved from /opt/bitnami/airflow/dags/etl_dags.py
[2024-12-13T12:00:03.737+0000] {logging_mixin.py:190} INFO - [2024-12-13T12:00:03.736+0000] {dag.py:3239} INFO - Sync 1 DAGs
[2024-12-13T12:00:03.761+0000] {logging_mixin.py:190} INFO - [2024-12-13T12:00:03.760+0000] {dag.py:4180} INFO - Setting next_dagrun for first_etl_dag to 2024-12-12 00:00:00+00:00, run_after=2024-12-13 00:00:00+00:00
[2024-12-13T12:00:03.780+0000] {processor.py:208} INFO - Processing /opt/bitnami/airflow/dags/etl_dags.py took 0.155 seconds
[2024-12-13T12:00:34.036+0000] {processor.py:186} INFO - Started process (PID=271) to work on /opt/bitnami/airflow/dags/etl_dags.py
[2024-12-13T12:00:34.037+0000] {processor.py:914} INFO - Processing file /opt/bitnami/airflow/dags/etl_dags.py for tasks to queue
[2024-12-13T12:00:34.039+0000] {logging_mixin.py:190} INFO - [2024-12-13T12:00:34.038+0000] {dagbag.py:588} INFO - Filling up the DagBag from /opt/bitnami/airflow/dags/etl_dags.py
[2024-12-13T12:00:34.052+0000] {processor.py:925} INFO - DAG(s) 'first_etl_dag' retrieved from /opt/bitnami/airflow/dags/etl_dags.py
[2024-12-13T12:00:34.086+0000] {logging_mixin.py:190} INFO - [2024-12-13T12:00:34.086+0000] {dag.py:3239} INFO - Sync 1 DAGs
[2024-12-13T12:00:34.119+0000] {logging_mixin.py:190} INFO - [2024-12-13T12:00:34.118+0000] {dag.py:4180} INFO - Setting next_dagrun for first_etl_dag to 2024-12-12 00:00:00+00:00, run_after=2024-12-13 00:00:00+00:00
[2024-12-13T12:00:34.140+0000] {processor.py:208} INFO - Processing /opt/bitnami/airflow/dags/etl_dags.py took 0.109 seconds
[2024-12-13T12:01:04.781+0000] {processor.py:186} INFO - Started process (PID=328) to work on /opt/bitnami/airflow/dags/etl_dags.py
[2024-12-13T12:01:04.782+0000] {processor.py:914} INFO - Processing file /opt/bitnami/airflow/dags/etl_dags.py for tasks to queue
[2024-12-13T12:01:04.785+0000] {logging_mixin.py:190} INFO - [2024-12-13T12:01:04.784+0000] {dagbag.py:588} INFO - Filling up the DagBag from /opt/bitnami/airflow/dags/etl_dags.py
[2024-12-13T12:01:04.796+0000] {processor.py:925} INFO - DAG(s) 'first_etl_dag' retrieved from /opt/bitnami/airflow/dags/etl_dags.py
[2024-12-13T12:01:04.826+0000] {logging_mixin.py:190} INFO - [2024-12-13T12:01:04.826+0000] {dag.py:3239} INFO - Sync 1 DAGs
[2024-12-13T12:01:04.855+0000] {logging_mixin.py:190} INFO - [2024-12-13T12:01:04.854+0000] {dag.py:4180} INFO - Setting next_dagrun for first_etl_dag to 2024-12-12 00:00:00+00:00, run_after=2024-12-13 00:00:00+00:00
[2024-12-13T12:01:04.876+0000] {processor.py:208} INFO - Processing /opt/bitnami/airflow/dags/etl_dags.py took 0.099 seconds
[2024-12-13T12:01:35.414+0000] {processor.py:186} INFO - Started process (PID=385) to work on /opt/bitnami/airflow/dags/etl_dags.py
[2024-12-13T12:01:35.415+0000] {processor.py:914} INFO - Processing file /opt/bitnami/airflow/dags/etl_dags.py for tasks to queue
[2024-12-13T12:01:35.416+0000] {logging_mixin.py:190} INFO - [2024-12-13T12:01:35.416+0000] {dagbag.py:588} INFO - Filling up the DagBag from /opt/bitnami/airflow/dags/etl_dags.py
[2024-12-13T12:01:35.432+0000] {processor.py:925} INFO - DAG(s) 'first_etl_dag' retrieved from /opt/bitnami/airflow/dags/etl_dags.py
[2024-12-13T12:01:35.478+0000] {logging_mixin.py:190} INFO - [2024-12-13T12:01:35.478+0000] {dag.py:3239} INFO - Sync 1 DAGs
[2024-12-13T12:01:35.509+0000] {logging_mixin.py:190} INFO - [2024-12-13T12:01:35.509+0000] {dag.py:4180} INFO - Setting next_dagrun for first_etl_dag to 2024-12-12 00:00:00+00:00, run_after=2024-12-13 00:00:00+00:00
[2024-12-13T12:01:35.529+0000] {processor.py:208} INFO - Processing /opt/bitnami/airflow/dags/etl_dags.py took 0.122 seconds
[2024-12-13T12:02:06.382+0000] {processor.py:186} INFO - Started process (PID=442) to work on /opt/bitnami/airflow/dags/etl_dags.py
[2024-12-13T12:02:06.383+0000] {processor.py:914} INFO - Processing file /opt/bitnami/airflow/dags/etl_dags.py for tasks to queue
[2024-12-13T12:02:06.385+0000] {logging_mixin.py:190} INFO - [2024-12-13T12:02:06.385+0000] {dagbag.py:588} INFO - Filling up the DagBag from /opt/bitnami/airflow/dags/etl_dags.py
[2024-12-13T12:02:06.400+0000] {processor.py:925} INFO - DAG(s) 'first_etl_dag' retrieved from /opt/bitnami/airflow/dags/etl_dags.py
[2024-12-13T12:02:06.429+0000] {logging_mixin.py:190} INFO - [2024-12-13T12:02:06.428+0000] {dag.py:3239} INFO - Sync 1 DAGs
[2024-12-13T12:02:06.455+0000] {logging_mixin.py:190} INFO - [2024-12-13T12:02:06.454+0000] {dag.py:4180} INFO - Setting next_dagrun for first_etl_dag to 2024-12-12 00:00:00+00:00, run_after=2024-12-13 00:00:00+00:00
[2024-12-13T12:02:06.472+0000] {processor.py:208} INFO - Processing /opt/bitnami/airflow/dags/etl_dags.py took 0.096 seconds
[2024-12-13T12:02:36.829+0000] {processor.py:186} INFO - Started process (PID=499) to work on /opt/bitnami/airflow/dags/etl_dags.py
[2024-12-13T12:02:36.830+0000] {processor.py:914} INFO - Processing file /opt/bitnami/airflow/dags/etl_dags.py for tasks to queue
[2024-12-13T12:02:36.832+0000] {logging_mixin.py:190} INFO - [2024-12-13T12:02:36.832+0000] {dagbag.py:588} INFO - Filling up the DagBag from /opt/bitnami/airflow/dags/etl_dags.py
[2024-12-13T12:02:36.850+0000] {processor.py:925} INFO - DAG(s) 'first_etl_dag' retrieved from /opt/bitnami/airflow/dags/etl_dags.py
[2024-12-13T12:02:36.889+0000] {logging_mixin.py:190} INFO - [2024-12-13T12:02:36.889+0000] {dag.py:3239} INFO - Sync 1 DAGs
[2024-12-13T12:02:36.922+0000] {logging_mixin.py:190} INFO - [2024-12-13T12:02:36.922+0000] {dag.py:4180} INFO - Setting next_dagrun for first_etl_dag to 2024-12-12 00:00:00+00:00, run_after=2024-12-13 00:00:00+00:00
[2024-12-13T12:02:36.949+0000] {processor.py:208} INFO - Processing /opt/bitnami/airflow/dags/etl_dags.py took 0.127 seconds
