[2024-12-13T08:19:47.235+0000] {processor.py:186} INFO - Started process (PID=98) to work on /opt/bitnami/airflow/venv/lib/python3.12/site-packages/airflow/example_dags/plugins/event_listener.py
[2024-12-13T08:19:47.236+0000] {processor.py:914} INFO - Processing file /opt/bitnami/airflow/venv/lib/python3.12/site-packages/airflow/example_dags/plugins/event_listener.py for tasks to queue
[2024-12-13T08:19:47.238+0000] {logging_mixin.py:190} INFO - [2024-12-13T08:19:47.238+0000] {dagbag.py:588} INFO - Filling up the DagBag from /opt/bitnami/airflow/venv/lib/python3.12/site-packages/airflow/example_dags/plugins/event_listener.py
[2024-12-13T08:19:47.240+0000] {processor.py:927} WARNING - No viable dags retrieved from /opt/bitnami/airflow/venv/lib/python3.12/site-packages/airflow/example_dags/plugins/event_listener.py
[2024-12-13T08:19:47.264+0000] {processor.py:208} INFO - Processing /opt/bitnami/airflow/venv/lib/python3.12/site-packages/airflow/example_dags/plugins/event_listener.py took 0.033 seconds
[2024-12-13T08:20:17.398+0000] {processor.py:186} INFO - Started process (PID=155) to work on /opt/bitnami/airflow/venv/lib/python3.12/site-packages/airflow/example_dags/plugins/event_listener.py
[2024-12-13T08:20:17.399+0000] {processor.py:914} INFO - Processing file /opt/bitnami/airflow/venv/lib/python3.12/site-packages/airflow/example_dags/plugins/event_listener.py for tasks to queue
[2024-12-13T08:20:17.401+0000] {logging_mixin.py:190} INFO - [2024-12-13T08:20:17.401+0000] {dagbag.py:588} INFO - Filling up the DagBag from /opt/bitnami/airflow/venv/lib/python3.12/site-packages/airflow/example_dags/plugins/event_listener.py
[2024-12-13T08:20:17.403+0000] {processor.py:927} WARNING - No viable dags retrieved from /opt/bitnami/airflow/venv/lib/python3.12/site-packages/airflow/example_dags/plugins/event_listener.py
[2024-12-13T08:20:17.427+0000] {processor.py:208} INFO - Processing /opt/bitnami/airflow/venv/lib/python3.12/site-packages/airflow/example_dags/plugins/event_listener.py took 0.034 seconds
[2024-12-13T08:20:48.824+0000] {processor.py:186} INFO - Started process (PID=212) to work on /opt/bitnami/airflow/venv/lib/python3.12/site-packages/airflow/example_dags/plugins/event_listener.py
[2024-12-13T08:20:48.825+0000] {processor.py:914} INFO - Processing file /opt/bitnami/airflow/venv/lib/python3.12/site-packages/airflow/example_dags/plugins/event_listener.py for tasks to queue
[2024-12-13T08:20:48.827+0000] {logging_mixin.py:190} INFO - [2024-12-13T08:20:48.827+0000] {dagbag.py:588} INFO - Filling up the DagBag from /opt/bitnami/airflow/venv/lib/python3.12/site-packages/airflow/example_dags/plugins/event_listener.py
[2024-12-13T08:20:48.830+0000] {processor.py:927} WARNING - No viable dags retrieved from /opt/bitnami/airflow/venv/lib/python3.12/site-packages/airflow/example_dags/plugins/event_listener.py
[2024-12-13T08:20:48.868+0000] {processor.py:208} INFO - Processing /opt/bitnami/airflow/venv/lib/python3.12/site-packages/airflow/example_dags/plugins/event_listener.py took 0.049 seconds
[2024-12-13T08:21:18.946+0000] {processor.py:186} INFO - Started process (PID=269) to work on /opt/bitnami/airflow/venv/lib/python3.12/site-packages/airflow/example_dags/plugins/event_listener.py
[2024-12-13T08:21:18.948+0000] {processor.py:914} INFO - Processing file /opt/bitnami/airflow/venv/lib/python3.12/site-packages/airflow/example_dags/plugins/event_listener.py for tasks to queue
[2024-12-13T08:21:18.950+0000] {logging_mixin.py:190} INFO - [2024-12-13T08:21:18.949+0000] {dagbag.py:588} INFO - Filling up the DagBag from /opt/bitnami/airflow/venv/lib/python3.12/site-packages/airflow/example_dags/plugins/event_listener.py
[2024-12-13T08:21:18.952+0000] {processor.py:927} WARNING - No viable dags retrieved from /opt/bitnami/airflow/venv/lib/python3.12/site-packages/airflow/example_dags/plugins/event_listener.py
[2024-12-13T08:21:18.976+0000] {processor.py:208} INFO - Processing /opt/bitnami/airflow/venv/lib/python3.12/site-packages/airflow/example_dags/plugins/event_listener.py took 0.035 seconds
[2024-12-13T08:21:49.799+0000] {processor.py:186} INFO - Started process (PID=326) to work on /opt/bitnami/airflow/venv/lib/python3.12/site-packages/airflow/example_dags/plugins/event_listener.py
[2024-12-13T08:21:49.800+0000] {processor.py:914} INFO - Processing file /opt/bitnami/airflow/venv/lib/python3.12/site-packages/airflow/example_dags/plugins/event_listener.py for tasks to queue
[2024-12-13T08:21:49.802+0000] {logging_mixin.py:190} INFO - [2024-12-13T08:21:49.802+0000] {dagbag.py:588} INFO - Filling up the DagBag from /opt/bitnami/airflow/venv/lib/python3.12/site-packages/airflow/example_dags/plugins/event_listener.py
[2024-12-13T08:21:49.803+0000] {processor.py:927} WARNING - No viable dags retrieved from /opt/bitnami/airflow/venv/lib/python3.12/site-packages/airflow/example_dags/plugins/event_listener.py
[2024-12-13T08:21:49.828+0000] {processor.py:208} INFO - Processing /opt/bitnami/airflow/venv/lib/python3.12/site-packages/airflow/example_dags/plugins/event_listener.py took 0.033 seconds
[2024-12-13T08:22:19.992+0000] {processor.py:186} INFO - Started process (PID=383) to work on /opt/bitnami/airflow/venv/lib/python3.12/site-packages/airflow/example_dags/plugins/event_listener.py
[2024-12-13T08:22:19.993+0000] {processor.py:914} INFO - Processing file /opt/bitnami/airflow/venv/lib/python3.12/site-packages/airflow/example_dags/plugins/event_listener.py for tasks to queue
[2024-12-13T08:22:19.995+0000] {logging_mixin.py:190} INFO - [2024-12-13T08:22:19.994+0000] {dagbag.py:588} INFO - Filling up the DagBag from /opt/bitnami/airflow/venv/lib/python3.12/site-packages/airflow/example_dags/plugins/event_listener.py
[2024-12-13T08:22:19.997+0000] {processor.py:927} WARNING - No viable dags retrieved from /opt/bitnami/airflow/venv/lib/python3.12/site-packages/airflow/example_dags/plugins/event_listener.py
[2024-12-13T08:22:20.021+0000] {processor.py:208} INFO - Processing /opt/bitnami/airflow/venv/lib/python3.12/site-packages/airflow/example_dags/plugins/event_listener.py took 0.034 seconds
[2024-12-13T08:22:50.814+0000] {processor.py:186} INFO - Started process (PID=440) to work on /opt/bitnami/airflow/venv/lib/python3.12/site-packages/airflow/example_dags/plugins/event_listener.py
[2024-12-13T08:22:50.814+0000] {processor.py:914} INFO - Processing file /opt/bitnami/airflow/venv/lib/python3.12/site-packages/airflow/example_dags/plugins/event_listener.py for tasks to queue
[2024-12-13T08:22:50.816+0000] {logging_mixin.py:190} INFO - [2024-12-13T08:22:50.816+0000] {dagbag.py:588} INFO - Filling up the DagBag from /opt/bitnami/airflow/venv/lib/python3.12/site-packages/airflow/example_dags/plugins/event_listener.py
[2024-12-13T08:22:50.818+0000] {processor.py:927} WARNING - No viable dags retrieved from /opt/bitnami/airflow/venv/lib/python3.12/site-packages/airflow/example_dags/plugins/event_listener.py
[2024-12-13T08:22:50.841+0000] {processor.py:208} INFO - Processing /opt/bitnami/airflow/venv/lib/python3.12/site-packages/airflow/example_dags/plugins/event_listener.py took 0.032 seconds
[2024-12-13T08:25:48.464+0000] {processor.py:186} INFO - Started process (PID=98) to work on /opt/bitnami/airflow/venv/lib/python3.12/site-packages/airflow/example_dags/plugins/event_listener.py
[2024-12-13T08:25:48.466+0000] {processor.py:914} INFO - Processing file /opt/bitnami/airflow/venv/lib/python3.12/site-packages/airflow/example_dags/plugins/event_listener.py for tasks to queue
[2024-12-13T08:25:48.468+0000] {logging_mixin.py:190} INFO - [2024-12-13T08:25:48.468+0000] {dagbag.py:588} INFO - Filling up the DagBag from /opt/bitnami/airflow/venv/lib/python3.12/site-packages/airflow/example_dags/plugins/event_listener.py
[2024-12-13T08:25:48.470+0000] {processor.py:927} WARNING - No viable dags retrieved from /opt/bitnami/airflow/venv/lib/python3.12/site-packages/airflow/example_dags/plugins/event_listener.py
[2024-12-13T08:25:48.502+0000] {processor.py:208} INFO - Processing /opt/bitnami/airflow/venv/lib/python3.12/site-packages/airflow/example_dags/plugins/event_listener.py took 0.043 seconds
[2024-12-13T08:26:19.260+0000] {processor.py:186} INFO - Started process (PID=155) to work on /opt/bitnami/airflow/venv/lib/python3.12/site-packages/airflow/example_dags/plugins/event_listener.py
[2024-12-13T08:26:19.261+0000] {processor.py:914} INFO - Processing file /opt/bitnami/airflow/venv/lib/python3.12/site-packages/airflow/example_dags/plugins/event_listener.py for tasks to queue
[2024-12-13T08:26:19.262+0000] {logging_mixin.py:190} INFO - [2024-12-13T08:26:19.262+0000] {dagbag.py:588} INFO - Filling up the DagBag from /opt/bitnami/airflow/venv/lib/python3.12/site-packages/airflow/example_dags/plugins/event_listener.py
[2024-12-13T08:26:19.264+0000] {processor.py:927} WARNING - No viable dags retrieved from /opt/bitnami/airflow/venv/lib/python3.12/site-packages/airflow/example_dags/plugins/event_listener.py
[2024-12-13T08:26:19.283+0000] {processor.py:208} INFO - Processing /opt/bitnami/airflow/venv/lib/python3.12/site-packages/airflow/example_dags/plugins/event_listener.py took 0.028 seconds
[2024-12-13T08:26:51.517+0000] {processor.py:186} INFO - Started process (PID=212) to work on /opt/bitnami/airflow/venv/lib/python3.12/site-packages/airflow/example_dags/plugins/event_listener.py
[2024-12-13T08:26:51.519+0000] {processor.py:914} INFO - Processing file /opt/bitnami/airflow/venv/lib/python3.12/site-packages/airflow/example_dags/plugins/event_listener.py for tasks to queue
[2024-12-13T08:26:51.521+0000] {logging_mixin.py:190} INFO - [2024-12-13T08:26:51.521+0000] {dagbag.py:588} INFO - Filling up the DagBag from /opt/bitnami/airflow/venv/lib/python3.12/site-packages/airflow/example_dags/plugins/event_listener.py
[2024-12-13T08:26:51.524+0000] {processor.py:927} WARNING - No viable dags retrieved from /opt/bitnami/airflow/venv/lib/python3.12/site-packages/airflow/example_dags/plugins/event_listener.py
[2024-12-13T08:26:51.564+0000] {processor.py:208} INFO - Processing /opt/bitnami/airflow/venv/lib/python3.12/site-packages/airflow/example_dags/plugins/event_listener.py took 0.052 seconds
[2024-12-13T08:27:21.743+0000] {processor.py:186} INFO - Started process (PID=269) to work on /opt/bitnami/airflow/venv/lib/python3.12/site-packages/airflow/example_dags/plugins/event_listener.py
[2024-12-13T08:27:21.744+0000] {processor.py:914} INFO - Processing file /opt/bitnami/airflow/venv/lib/python3.12/site-packages/airflow/example_dags/plugins/event_listener.py for tasks to queue
[2024-12-13T08:27:21.747+0000] {logging_mixin.py:190} INFO - [2024-12-13T08:27:21.747+0000] {dagbag.py:588} INFO - Filling up the DagBag from /opt/bitnami/airflow/venv/lib/python3.12/site-packages/airflow/example_dags/plugins/event_listener.py
[2024-12-13T08:27:21.749+0000] {processor.py:927} WARNING - No viable dags retrieved from /opt/bitnami/airflow/venv/lib/python3.12/site-packages/airflow/example_dags/plugins/event_listener.py
[2024-12-13T08:27:21.782+0000] {processor.py:208} INFO - Processing /opt/bitnami/airflow/venv/lib/python3.12/site-packages/airflow/example_dags/plugins/event_listener.py took 0.045 seconds
[2024-12-13T10:42:46.580+0000] {processor.py:186} INFO - Started process (PID=98) to work on /opt/bitnami/airflow/venv/lib/python3.12/site-packages/airflow/example_dags/plugins/event_listener.py
[2024-12-13T10:42:46.581+0000] {processor.py:914} INFO - Processing file /opt/bitnami/airflow/venv/lib/python3.12/site-packages/airflow/example_dags/plugins/event_listener.py for tasks to queue
[2024-12-13T10:42:46.584+0000] {logging_mixin.py:190} INFO - [2024-12-13T10:42:46.584+0000] {dagbag.py:588} INFO - Filling up the DagBag from /opt/bitnami/airflow/venv/lib/python3.12/site-packages/airflow/example_dags/plugins/event_listener.py
[2024-12-13T10:42:46.587+0000] {processor.py:927} WARNING - No viable dags retrieved from /opt/bitnami/airflow/venv/lib/python3.12/site-packages/airflow/example_dags/plugins/event_listener.py
[2024-12-13T10:42:46.674+0000] {processor.py:208} INFO - Processing /opt/bitnami/airflow/venv/lib/python3.12/site-packages/airflow/example_dags/plugins/event_listener.py took 0.099 seconds
[2024-12-13T10:43:16.777+0000] {processor.py:186} INFO - Started process (PID=155) to work on /opt/bitnami/airflow/venv/lib/python3.12/site-packages/airflow/example_dags/plugins/event_listener.py
[2024-12-13T10:43:16.778+0000] {processor.py:914} INFO - Processing file /opt/bitnami/airflow/venv/lib/python3.12/site-packages/airflow/example_dags/plugins/event_listener.py for tasks to queue
[2024-12-13T10:43:16.781+0000] {logging_mixin.py:190} INFO - [2024-12-13T10:43:16.781+0000] {dagbag.py:588} INFO - Filling up the DagBag from /opt/bitnami/airflow/venv/lib/python3.12/site-packages/airflow/example_dags/plugins/event_listener.py
[2024-12-13T10:43:16.783+0000] {processor.py:927} WARNING - No viable dags retrieved from /opt/bitnami/airflow/venv/lib/python3.12/site-packages/airflow/example_dags/plugins/event_listener.py
[2024-12-13T10:43:16.851+0000] {processor.py:208} INFO - Processing /opt/bitnami/airflow/venv/lib/python3.12/site-packages/airflow/example_dags/plugins/event_listener.py took 0.080 seconds
[2024-12-13T10:43:47.560+0000] {processor.py:186} INFO - Started process (PID=212) to work on /opt/bitnami/airflow/venv/lib/python3.12/site-packages/airflow/example_dags/plugins/event_listener.py
[2024-12-13T10:43:47.561+0000] {processor.py:914} INFO - Processing file /opt/bitnami/airflow/venv/lib/python3.12/site-packages/airflow/example_dags/plugins/event_listener.py for tasks to queue
[2024-12-13T10:43:47.564+0000] {logging_mixin.py:190} INFO - [2024-12-13T10:43:47.563+0000] {dagbag.py:588} INFO - Filling up the DagBag from /opt/bitnami/airflow/venv/lib/python3.12/site-packages/airflow/example_dags/plugins/event_listener.py
[2024-12-13T10:43:47.567+0000] {processor.py:927} WARNING - No viable dags retrieved from /opt/bitnami/airflow/venv/lib/python3.12/site-packages/airflow/example_dags/plugins/event_listener.py
[2024-12-13T10:43:47.624+0000] {processor.py:208} INFO - Processing /opt/bitnami/airflow/venv/lib/python3.12/site-packages/airflow/example_dags/plugins/event_listener.py took 0.069 seconds
[2024-12-13T10:44:17.948+0000] {processor.py:186} INFO - Started process (PID=269) to work on /opt/bitnami/airflow/venv/lib/python3.12/site-packages/airflow/example_dags/plugins/event_listener.py
[2024-12-13T10:44:17.950+0000] {processor.py:914} INFO - Processing file /opt/bitnami/airflow/venv/lib/python3.12/site-packages/airflow/example_dags/plugins/event_listener.py for tasks to queue
[2024-12-13T10:44:17.952+0000] {logging_mixin.py:190} INFO - [2024-12-13T10:44:17.952+0000] {dagbag.py:588} INFO - Filling up the DagBag from /opt/bitnami/airflow/venv/lib/python3.12/site-packages/airflow/example_dags/plugins/event_listener.py
[2024-12-13T10:44:17.954+0000] {processor.py:927} WARNING - No viable dags retrieved from /opt/bitnami/airflow/venv/lib/python3.12/site-packages/airflow/example_dags/plugins/event_listener.py
[2024-12-13T10:44:18.033+0000] {processor.py:208} INFO - Processing /opt/bitnami/airflow/venv/lib/python3.12/site-packages/airflow/example_dags/plugins/event_listener.py took 0.092 seconds
[2024-12-13T10:44:48.333+0000] {processor.py:186} INFO - Started process (PID=326) to work on /opt/bitnami/airflow/venv/lib/python3.12/site-packages/airflow/example_dags/plugins/event_listener.py
[2024-12-13T10:44:48.334+0000] {processor.py:914} INFO - Processing file /opt/bitnami/airflow/venv/lib/python3.12/site-packages/airflow/example_dags/plugins/event_listener.py for tasks to queue
[2024-12-13T10:44:48.336+0000] {logging_mixin.py:190} INFO - [2024-12-13T10:44:48.336+0000] {dagbag.py:588} INFO - Filling up the DagBag from /opt/bitnami/airflow/venv/lib/python3.12/site-packages/airflow/example_dags/plugins/event_listener.py
[2024-12-13T10:44:48.338+0000] {processor.py:927} WARNING - No viable dags retrieved from /opt/bitnami/airflow/venv/lib/python3.12/site-packages/airflow/example_dags/plugins/event_listener.py
[2024-12-13T10:44:48.381+0000] {processor.py:208} INFO - Processing /opt/bitnami/airflow/venv/lib/python3.12/site-packages/airflow/example_dags/plugins/event_listener.py took 0.053 seconds
[2024-12-13T10:52:17.360+0000] {processor.py:186} INFO - Started process (PID=98) to work on /opt/bitnami/airflow/venv/lib/python3.12/site-packages/airflow/example_dags/plugins/event_listener.py
[2024-12-13T10:52:17.362+0000] {processor.py:914} INFO - Processing file /opt/bitnami/airflow/venv/lib/python3.12/site-packages/airflow/example_dags/plugins/event_listener.py for tasks to queue
[2024-12-13T10:52:17.364+0000] {logging_mixin.py:190} INFO - [2024-12-13T10:52:17.364+0000] {dagbag.py:588} INFO - Filling up the DagBag from /opt/bitnami/airflow/venv/lib/python3.12/site-packages/airflow/example_dags/plugins/event_listener.py
[2024-12-13T10:52:17.366+0000] {processor.py:927} WARNING - No viable dags retrieved from /opt/bitnami/airflow/venv/lib/python3.12/site-packages/airflow/example_dags/plugins/event_listener.py
[2024-12-13T10:52:17.431+0000] {processor.py:208} INFO - Processing /opt/bitnami/airflow/venv/lib/python3.12/site-packages/airflow/example_dags/plugins/event_listener.py took 0.075 seconds
[2024-12-13T10:52:48.271+0000] {processor.py:186} INFO - Started process (PID=155) to work on /opt/bitnami/airflow/venv/lib/python3.12/site-packages/airflow/example_dags/plugins/event_listener.py
[2024-12-13T10:52:48.272+0000] {processor.py:914} INFO - Processing file /opt/bitnami/airflow/venv/lib/python3.12/site-packages/airflow/example_dags/plugins/event_listener.py for tasks to queue
[2024-12-13T10:52:48.274+0000] {logging_mixin.py:190} INFO - [2024-12-13T10:52:48.274+0000] {dagbag.py:588} INFO - Filling up the DagBag from /opt/bitnami/airflow/venv/lib/python3.12/site-packages/airflow/example_dags/plugins/event_listener.py
[2024-12-13T10:52:48.276+0000] {processor.py:927} WARNING - No viable dags retrieved from /opt/bitnami/airflow/venv/lib/python3.12/site-packages/airflow/example_dags/plugins/event_listener.py
[2024-12-13T10:52:48.326+0000] {processor.py:208} INFO - Processing /opt/bitnami/airflow/venv/lib/python3.12/site-packages/airflow/example_dags/plugins/event_listener.py took 0.059 seconds
[2024-12-13T10:53:19.560+0000] {processor.py:186} INFO - Started process (PID=212) to work on /opt/bitnami/airflow/venv/lib/python3.12/site-packages/airflow/example_dags/plugins/event_listener.py
[2024-12-13T10:53:19.561+0000] {processor.py:914} INFO - Processing file /opt/bitnami/airflow/venv/lib/python3.12/site-packages/airflow/example_dags/plugins/event_listener.py for tasks to queue
[2024-12-13T10:53:19.563+0000] {logging_mixin.py:190} INFO - [2024-12-13T10:53:19.563+0000] {dagbag.py:588} INFO - Filling up the DagBag from /opt/bitnami/airflow/venv/lib/python3.12/site-packages/airflow/example_dags/plugins/event_listener.py
[2024-12-13T10:53:19.567+0000] {processor.py:927} WARNING - No viable dags retrieved from /opt/bitnami/airflow/venv/lib/python3.12/site-packages/airflow/example_dags/plugins/event_listener.py
[2024-12-13T10:53:19.640+0000] {processor.py:208} INFO - Processing /opt/bitnami/airflow/venv/lib/python3.12/site-packages/airflow/example_dags/plugins/event_listener.py took 0.085 seconds
[2024-12-13T10:53:49.845+0000] {processor.py:186} INFO - Started process (PID=269) to work on /opt/bitnami/airflow/venv/lib/python3.12/site-packages/airflow/example_dags/plugins/event_listener.py
[2024-12-13T10:53:49.846+0000] {processor.py:914} INFO - Processing file /opt/bitnami/airflow/venv/lib/python3.12/site-packages/airflow/example_dags/plugins/event_listener.py for tasks to queue
[2024-12-13T10:53:49.848+0000] {logging_mixin.py:190} INFO - [2024-12-13T10:53:49.848+0000] {dagbag.py:588} INFO - Filling up the DagBag from /opt/bitnami/airflow/venv/lib/python3.12/site-packages/airflow/example_dags/plugins/event_listener.py
[2024-12-13T10:53:49.850+0000] {processor.py:927} WARNING - No viable dags retrieved from /opt/bitnami/airflow/venv/lib/python3.12/site-packages/airflow/example_dags/plugins/event_listener.py
[2024-12-13T10:53:49.895+0000] {processor.py:208} INFO - Processing /opt/bitnami/airflow/venv/lib/python3.12/site-packages/airflow/example_dags/plugins/event_listener.py took 0.055 seconds
[2024-12-13T10:54:20.423+0000] {processor.py:186} INFO - Started process (PID=326) to work on /opt/bitnami/airflow/venv/lib/python3.12/site-packages/airflow/example_dags/plugins/event_listener.py
[2024-12-13T10:54:20.424+0000] {processor.py:914} INFO - Processing file /opt/bitnami/airflow/venv/lib/python3.12/site-packages/airflow/example_dags/plugins/event_listener.py for tasks to queue
[2024-12-13T10:54:20.426+0000] {logging_mixin.py:190} INFO - [2024-12-13T10:54:20.426+0000] {dagbag.py:588} INFO - Filling up the DagBag from /opt/bitnami/airflow/venv/lib/python3.12/site-packages/airflow/example_dags/plugins/event_listener.py
[2024-12-13T10:54:20.428+0000] {processor.py:927} WARNING - No viable dags retrieved from /opt/bitnami/airflow/venv/lib/python3.12/site-packages/airflow/example_dags/plugins/event_listener.py
[2024-12-13T10:54:20.461+0000] {processor.py:208} INFO - Processing /opt/bitnami/airflow/venv/lib/python3.12/site-packages/airflow/example_dags/plugins/event_listener.py took 0.043 seconds
[2024-12-13T10:54:51.052+0000] {processor.py:186} INFO - Started process (PID=383) to work on /opt/bitnami/airflow/venv/lib/python3.12/site-packages/airflow/example_dags/plugins/event_listener.py
[2024-12-13T10:54:51.054+0000] {processor.py:914} INFO - Processing file /opt/bitnami/airflow/venv/lib/python3.12/site-packages/airflow/example_dags/plugins/event_listener.py for tasks to queue
[2024-12-13T10:54:51.058+0000] {logging_mixin.py:190} INFO - [2024-12-13T10:54:51.058+0000] {dagbag.py:588} INFO - Filling up the DagBag from /opt/bitnami/airflow/venv/lib/python3.12/site-packages/airflow/example_dags/plugins/event_listener.py
[2024-12-13T10:54:51.061+0000] {processor.py:927} WARNING - No viable dags retrieved from /opt/bitnami/airflow/venv/lib/python3.12/site-packages/airflow/example_dags/plugins/event_listener.py
[2024-12-13T10:54:51.136+0000] {processor.py:208} INFO - Processing /opt/bitnami/airflow/venv/lib/python3.12/site-packages/airflow/example_dags/plugins/event_listener.py took 0.088 seconds
[2024-12-13T10:55:21.988+0000] {processor.py:186} INFO - Started process (PID=440) to work on /opt/bitnami/airflow/venv/lib/python3.12/site-packages/airflow/example_dags/plugins/event_listener.py
[2024-12-13T10:55:21.989+0000] {processor.py:914} INFO - Processing file /opt/bitnami/airflow/venv/lib/python3.12/site-packages/airflow/example_dags/plugins/event_listener.py for tasks to queue
[2024-12-13T10:55:21.991+0000] {logging_mixin.py:190} INFO - [2024-12-13T10:55:21.991+0000] {dagbag.py:588} INFO - Filling up the DagBag from /opt/bitnami/airflow/venv/lib/python3.12/site-packages/airflow/example_dags/plugins/event_listener.py
[2024-12-13T10:55:21.994+0000] {processor.py:927} WARNING - No viable dags retrieved from /opt/bitnami/airflow/venv/lib/python3.12/site-packages/airflow/example_dags/plugins/event_listener.py
[2024-12-13T10:55:22.065+0000] {processor.py:208} INFO - Processing /opt/bitnami/airflow/venv/lib/python3.12/site-packages/airflow/example_dags/plugins/event_listener.py took 0.084 seconds
[2024-12-13T10:55:53.142+0000] {processor.py:186} INFO - Started process (PID=497) to work on /opt/bitnami/airflow/venv/lib/python3.12/site-packages/airflow/example_dags/plugins/event_listener.py
[2024-12-13T10:55:53.143+0000] {processor.py:914} INFO - Processing file /opt/bitnami/airflow/venv/lib/python3.12/site-packages/airflow/example_dags/plugins/event_listener.py for tasks to queue
[2024-12-13T10:55:53.145+0000] {logging_mixin.py:190} INFO - [2024-12-13T10:55:53.145+0000] {dagbag.py:588} INFO - Filling up the DagBag from /opt/bitnami/airflow/venv/lib/python3.12/site-packages/airflow/example_dags/plugins/event_listener.py
[2024-12-13T10:55:53.149+0000] {processor.py:927} WARNING - No viable dags retrieved from /opt/bitnami/airflow/venv/lib/python3.12/site-packages/airflow/example_dags/plugins/event_listener.py
[2024-12-13T10:55:53.214+0000] {processor.py:208} INFO - Processing /opt/bitnami/airflow/venv/lib/python3.12/site-packages/airflow/example_dags/plugins/event_listener.py took 0.078 seconds
[2024-12-13T10:56:23.743+0000] {processor.py:186} INFO - Started process (PID=554) to work on /opt/bitnami/airflow/venv/lib/python3.12/site-packages/airflow/example_dags/plugins/event_listener.py
[2024-12-13T10:56:23.744+0000] {processor.py:914} INFO - Processing file /opt/bitnami/airflow/venv/lib/python3.12/site-packages/airflow/example_dags/plugins/event_listener.py for tasks to queue
[2024-12-13T10:56:23.746+0000] {logging_mixin.py:190} INFO - [2024-12-13T10:56:23.746+0000] {dagbag.py:588} INFO - Filling up the DagBag from /opt/bitnami/airflow/venv/lib/python3.12/site-packages/airflow/example_dags/plugins/event_listener.py
[2024-12-13T10:56:23.748+0000] {processor.py:927} WARNING - No viable dags retrieved from /opt/bitnami/airflow/venv/lib/python3.12/site-packages/airflow/example_dags/plugins/event_listener.py
[2024-12-13T10:56:23.788+0000] {processor.py:208} INFO - Processing /opt/bitnami/airflow/venv/lib/python3.12/site-packages/airflow/example_dags/plugins/event_listener.py took 0.050 seconds
[2024-12-13T10:56:54.747+0000] {processor.py:186} INFO - Started process (PID=611) to work on /opt/bitnami/airflow/venv/lib/python3.12/site-packages/airflow/example_dags/plugins/event_listener.py
[2024-12-13T10:56:54.748+0000] {processor.py:914} INFO - Processing file /opt/bitnami/airflow/venv/lib/python3.12/site-packages/airflow/example_dags/plugins/event_listener.py for tasks to queue
[2024-12-13T10:56:54.751+0000] {logging_mixin.py:190} INFO - [2024-12-13T10:56:54.750+0000] {dagbag.py:588} INFO - Filling up the DagBag from /opt/bitnami/airflow/venv/lib/python3.12/site-packages/airflow/example_dags/plugins/event_listener.py
[2024-12-13T10:56:54.753+0000] {processor.py:927} WARNING - No viable dags retrieved from /opt/bitnami/airflow/venv/lib/python3.12/site-packages/airflow/example_dags/plugins/event_listener.py
[2024-12-13T10:56:54.812+0000] {processor.py:208} INFO - Processing /opt/bitnami/airflow/venv/lib/python3.12/site-packages/airflow/example_dags/plugins/event_listener.py took 0.069 seconds
[2024-12-13T10:57:25.100+0000] {processor.py:186} INFO - Started process (PID=668) to work on /opt/bitnami/airflow/venv/lib/python3.12/site-packages/airflow/example_dags/plugins/event_listener.py
[2024-12-13T10:57:25.102+0000] {processor.py:914} INFO - Processing file /opt/bitnami/airflow/venv/lib/python3.12/site-packages/airflow/example_dags/plugins/event_listener.py for tasks to queue
[2024-12-13T10:57:25.104+0000] {logging_mixin.py:190} INFO - [2024-12-13T10:57:25.104+0000] {dagbag.py:588} INFO - Filling up the DagBag from /opt/bitnami/airflow/venv/lib/python3.12/site-packages/airflow/example_dags/plugins/event_listener.py
[2024-12-13T10:57:25.106+0000] {processor.py:927} WARNING - No viable dags retrieved from /opt/bitnami/airflow/venv/lib/python3.12/site-packages/airflow/example_dags/plugins/event_listener.py
[2024-12-13T10:57:25.135+0000] {processor.py:208} INFO - Processing /opt/bitnami/airflow/venv/lib/python3.12/site-packages/airflow/example_dags/plugins/event_listener.py took 0.040 seconds
[2024-12-13T10:57:55.296+0000] {processor.py:186} INFO - Started process (PID=725) to work on /opt/bitnami/airflow/venv/lib/python3.12/site-packages/airflow/example_dags/plugins/event_listener.py
[2024-12-13T10:57:55.297+0000] {processor.py:914} INFO - Processing file /opt/bitnami/airflow/venv/lib/python3.12/site-packages/airflow/example_dags/plugins/event_listener.py for tasks to queue
[2024-12-13T10:57:55.300+0000] {logging_mixin.py:190} INFO - [2024-12-13T10:57:55.299+0000] {dagbag.py:588} INFO - Filling up the DagBag from /opt/bitnami/airflow/venv/lib/python3.12/site-packages/airflow/example_dags/plugins/event_listener.py
[2024-12-13T10:57:55.302+0000] {processor.py:927} WARNING - No viable dags retrieved from /opt/bitnami/airflow/venv/lib/python3.12/site-packages/airflow/example_dags/plugins/event_listener.py
[2024-12-13T10:57:55.324+0000] {processor.py:208} INFO - Processing /opt/bitnami/airflow/venv/lib/python3.12/site-packages/airflow/example_dags/plugins/event_listener.py took 0.032 seconds
[2024-12-13T10:58:26.289+0000] {processor.py:186} INFO - Started process (PID=782) to work on /opt/bitnami/airflow/venv/lib/python3.12/site-packages/airflow/example_dags/plugins/event_listener.py
[2024-12-13T10:58:26.290+0000] {processor.py:914} INFO - Processing file /opt/bitnami/airflow/venv/lib/python3.12/site-packages/airflow/example_dags/plugins/event_listener.py for tasks to queue
[2024-12-13T10:58:26.293+0000] {logging_mixin.py:190} INFO - [2024-12-13T10:58:26.293+0000] {dagbag.py:588} INFO - Filling up the DagBag from /opt/bitnami/airflow/venv/lib/python3.12/site-packages/airflow/example_dags/plugins/event_listener.py
[2024-12-13T10:58:26.296+0000] {processor.py:927} WARNING - No viable dags retrieved from /opt/bitnami/airflow/venv/lib/python3.12/site-packages/airflow/example_dags/plugins/event_listener.py
[2024-12-13T10:58:26.369+0000] {processor.py:208} INFO - Processing /opt/bitnami/airflow/venv/lib/python3.12/site-packages/airflow/example_dags/plugins/event_listener.py took 0.086 seconds
[2024-12-13T10:58:57.646+0000] {processor.py:186} INFO - Started process (PID=839) to work on /opt/bitnami/airflow/venv/lib/python3.12/site-packages/airflow/example_dags/plugins/event_listener.py
[2024-12-13T10:58:57.648+0000] {processor.py:914} INFO - Processing file /opt/bitnami/airflow/venv/lib/python3.12/site-packages/airflow/example_dags/plugins/event_listener.py for tasks to queue
[2024-12-13T10:58:57.651+0000] {logging_mixin.py:190} INFO - [2024-12-13T10:58:57.651+0000] {dagbag.py:588} INFO - Filling up the DagBag from /opt/bitnami/airflow/venv/lib/python3.12/site-packages/airflow/example_dags/plugins/event_listener.py
[2024-12-13T10:58:57.654+0000] {processor.py:927} WARNING - No viable dags retrieved from /opt/bitnami/airflow/venv/lib/python3.12/site-packages/airflow/example_dags/plugins/event_listener.py
[2024-12-13T10:58:57.727+0000] {processor.py:208} INFO - Processing /opt/bitnami/airflow/venv/lib/python3.12/site-packages/airflow/example_dags/plugins/event_listener.py took 0.086 seconds
[2024-12-13T11:07:35.576+0000] {processor.py:186} INFO - Started process (PID=98) to work on /opt/bitnami/airflow/venv/lib/python3.12/site-packages/airflow/example_dags/plugins/event_listener.py
[2024-12-13T11:07:35.577+0000] {processor.py:914} INFO - Processing file /opt/bitnami/airflow/venv/lib/python3.12/site-packages/airflow/example_dags/plugins/event_listener.py for tasks to queue
[2024-12-13T11:07:35.580+0000] {logging_mixin.py:190} INFO - [2024-12-13T11:07:35.580+0000] {dagbag.py:588} INFO - Filling up the DagBag from /opt/bitnami/airflow/venv/lib/python3.12/site-packages/airflow/example_dags/plugins/event_listener.py
[2024-12-13T11:07:35.582+0000] {processor.py:927} WARNING - No viable dags retrieved from /opt/bitnami/airflow/venv/lib/python3.12/site-packages/airflow/example_dags/plugins/event_listener.py
[2024-12-13T11:07:35.664+0000] {processor.py:208} INFO - Processing /opt/bitnami/airflow/venv/lib/python3.12/site-packages/airflow/example_dags/plugins/event_listener.py took 0.092 seconds
[2024-12-13T11:08:06.141+0000] {processor.py:186} INFO - Started process (PID=155) to work on /opt/bitnami/airflow/venv/lib/python3.12/site-packages/airflow/example_dags/plugins/event_listener.py
[2024-12-13T11:08:06.142+0000] {processor.py:914} INFO - Processing file /opt/bitnami/airflow/venv/lib/python3.12/site-packages/airflow/example_dags/plugins/event_listener.py for tasks to queue
[2024-12-13T11:08:06.145+0000] {logging_mixin.py:190} INFO - [2024-12-13T11:08:06.145+0000] {dagbag.py:588} INFO - Filling up the DagBag from /opt/bitnami/airflow/venv/lib/python3.12/site-packages/airflow/example_dags/plugins/event_listener.py
[2024-12-13T11:08:06.148+0000] {processor.py:927} WARNING - No viable dags retrieved from /opt/bitnami/airflow/venv/lib/python3.12/site-packages/airflow/example_dags/plugins/event_listener.py
[2024-12-13T11:08:06.236+0000] {processor.py:208} INFO - Processing /opt/bitnami/airflow/venv/lib/python3.12/site-packages/airflow/example_dags/plugins/event_listener.py took 0.100 seconds
[2024-12-13T11:08:38.913+0000] {processor.py:186} INFO - Started process (PID=212) to work on /opt/bitnami/airflow/venv/lib/python3.12/site-packages/airflow/example_dags/plugins/event_listener.py
[2024-12-13T11:08:38.914+0000] {processor.py:914} INFO - Processing file /opt/bitnami/airflow/venv/lib/python3.12/site-packages/airflow/example_dags/plugins/event_listener.py for tasks to queue
[2024-12-13T11:08:38.917+0000] {logging_mixin.py:190} INFO - [2024-12-13T11:08:38.916+0000] {dagbag.py:588} INFO - Filling up the DagBag from /opt/bitnami/airflow/venv/lib/python3.12/site-packages/airflow/example_dags/plugins/event_listener.py
[2024-12-13T11:08:38.918+0000] {processor.py:927} WARNING - No viable dags retrieved from /opt/bitnami/airflow/venv/lib/python3.12/site-packages/airflow/example_dags/plugins/event_listener.py
[2024-12-13T11:08:38.960+0000] {processor.py:208} INFO - Processing /opt/bitnami/airflow/venv/lib/python3.12/site-packages/airflow/example_dags/plugins/event_listener.py took 0.052 seconds
[2024-12-13T11:09:09.234+0000] {processor.py:186} INFO - Started process (PID=269) to work on /opt/bitnami/airflow/venv/lib/python3.12/site-packages/airflow/example_dags/plugins/event_listener.py
[2024-12-13T11:09:09.235+0000] {processor.py:914} INFO - Processing file /opt/bitnami/airflow/venv/lib/python3.12/site-packages/airflow/example_dags/plugins/event_listener.py for tasks to queue
[2024-12-13T11:09:09.238+0000] {logging_mixin.py:190} INFO - [2024-12-13T11:09:09.238+0000] {dagbag.py:588} INFO - Filling up the DagBag from /opt/bitnami/airflow/venv/lib/python3.12/site-packages/airflow/example_dags/plugins/event_listener.py
[2024-12-13T11:09:09.242+0000] {processor.py:927} WARNING - No viable dags retrieved from /opt/bitnami/airflow/venv/lib/python3.12/site-packages/airflow/example_dags/plugins/event_listener.py
[2024-12-13T11:09:09.314+0000] {processor.py:208} INFO - Processing /opt/bitnami/airflow/venv/lib/python3.12/site-packages/airflow/example_dags/plugins/event_listener.py took 0.085 seconds
[2024-12-13T11:13:46.838+0000] {processor.py:186} INFO - Started process (PID=98) to work on /opt/bitnami/airflow/venv/lib/python3.12/site-packages/airflow/example_dags/plugins/event_listener.py
[2024-12-13T11:13:46.839+0000] {processor.py:914} INFO - Processing file /opt/bitnami/airflow/venv/lib/python3.12/site-packages/airflow/example_dags/plugins/event_listener.py for tasks to queue
[2024-12-13T11:13:46.845+0000] {logging_mixin.py:190} INFO - [2024-12-13T11:13:46.844+0000] {dagbag.py:588} INFO - Filling up the DagBag from /opt/bitnami/airflow/venv/lib/python3.12/site-packages/airflow/example_dags/plugins/event_listener.py
[2024-12-13T11:13:46.848+0000] {processor.py:927} WARNING - No viable dags retrieved from /opt/bitnami/airflow/venv/lib/python3.12/site-packages/airflow/example_dags/plugins/event_listener.py
[2024-12-13T11:13:46.930+0000] {processor.py:208} INFO - Processing /opt/bitnami/airflow/venv/lib/python3.12/site-packages/airflow/example_dags/plugins/event_listener.py took 0.098 seconds
[2024-12-13T11:14:17.858+0000] {processor.py:186} INFO - Started process (PID=155) to work on /opt/bitnami/airflow/venv/lib/python3.12/site-packages/airflow/example_dags/plugins/event_listener.py
[2024-12-13T11:14:17.860+0000] {processor.py:914} INFO - Processing file /opt/bitnami/airflow/venv/lib/python3.12/site-packages/airflow/example_dags/plugins/event_listener.py for tasks to queue
[2024-12-13T11:14:17.862+0000] {logging_mixin.py:190} INFO - [2024-12-13T11:14:17.862+0000] {dagbag.py:588} INFO - Filling up the DagBag from /opt/bitnami/airflow/venv/lib/python3.12/site-packages/airflow/example_dags/plugins/event_listener.py
[2024-12-13T11:14:17.865+0000] {processor.py:927} WARNING - No viable dags retrieved from /opt/bitnami/airflow/venv/lib/python3.12/site-packages/airflow/example_dags/plugins/event_listener.py
[2024-12-13T11:14:17.934+0000] {processor.py:208} INFO - Processing /opt/bitnami/airflow/venv/lib/python3.12/site-packages/airflow/example_dags/plugins/event_listener.py took 0.082 seconds
[2024-12-13T11:14:52.436+0000] {processor.py:186} INFO - Started process (PID=212) to work on /opt/bitnami/airflow/venv/lib/python3.12/site-packages/airflow/example_dags/plugins/event_listener.py
[2024-12-13T11:14:52.438+0000] {processor.py:914} INFO - Processing file /opt/bitnami/airflow/venv/lib/python3.12/site-packages/airflow/example_dags/plugins/event_listener.py for tasks to queue
[2024-12-13T11:14:52.441+0000] {logging_mixin.py:190} INFO - [2024-12-13T11:14:52.441+0000] {dagbag.py:588} INFO - Filling up the DagBag from /opt/bitnami/airflow/venv/lib/python3.12/site-packages/airflow/example_dags/plugins/event_listener.py
[2024-12-13T11:14:52.444+0000] {processor.py:927} WARNING - No viable dags retrieved from /opt/bitnami/airflow/venv/lib/python3.12/site-packages/airflow/example_dags/plugins/event_listener.py
[2024-12-13T11:14:52.523+0000] {processor.py:208} INFO - Processing /opt/bitnami/airflow/venv/lib/python3.12/site-packages/airflow/example_dags/plugins/event_listener.py took 0.093 seconds
[2024-12-13T11:15:22.992+0000] {processor.py:186} INFO - Started process (PID=269) to work on /opt/bitnami/airflow/venv/lib/python3.12/site-packages/airflow/example_dags/plugins/event_listener.py
[2024-12-13T11:15:22.993+0000] {processor.py:914} INFO - Processing file /opt/bitnami/airflow/venv/lib/python3.12/site-packages/airflow/example_dags/plugins/event_listener.py for tasks to queue
[2024-12-13T11:15:22.995+0000] {logging_mixin.py:190} INFO - [2024-12-13T11:15:22.995+0000] {dagbag.py:588} INFO - Filling up the DagBag from /opt/bitnami/airflow/venv/lib/python3.12/site-packages/airflow/example_dags/plugins/event_listener.py
[2024-12-13T11:15:22.997+0000] {processor.py:927} WARNING - No viable dags retrieved from /opt/bitnami/airflow/venv/lib/python3.12/site-packages/airflow/example_dags/plugins/event_listener.py
[2024-12-13T11:15:23.038+0000] {processor.py:208} INFO - Processing /opt/bitnami/airflow/venv/lib/python3.12/site-packages/airflow/example_dags/plugins/event_listener.py took 0.050 seconds
[2024-12-13T11:57:10.315+0000] {processor.py:186} INFO - Started process (PID=98) to work on /opt/bitnami/airflow/venv/lib/python3.12/site-packages/airflow/example_dags/plugins/event_listener.py
[2024-12-13T11:57:10.317+0000] {processor.py:914} INFO - Processing file /opt/bitnami/airflow/venv/lib/python3.12/site-packages/airflow/example_dags/plugins/event_listener.py for tasks to queue
[2024-12-13T11:57:10.320+0000] {logging_mixin.py:190} INFO - [2024-12-13T11:57:10.319+0000] {dagbag.py:588} INFO - Filling up the DagBag from /opt/bitnami/airflow/venv/lib/python3.12/site-packages/airflow/example_dags/plugins/event_listener.py
[2024-12-13T11:57:10.322+0000] {processor.py:927} WARNING - No viable dags retrieved from /opt/bitnami/airflow/venv/lib/python3.12/site-packages/airflow/example_dags/plugins/event_listener.py
[2024-12-13T11:57:10.355+0000] {processor.py:208} INFO - Processing /opt/bitnami/airflow/venv/lib/python3.12/site-packages/airflow/example_dags/plugins/event_listener.py took 0.047 seconds
[2024-12-13T11:57:42.079+0000] {processor.py:186} INFO - Started process (PID=155) to work on /opt/bitnami/airflow/venv/lib/python3.12/site-packages/airflow/example_dags/plugins/event_listener.py
[2024-12-13T11:57:42.080+0000] {processor.py:914} INFO - Processing file /opt/bitnami/airflow/venv/lib/python3.12/site-packages/airflow/example_dags/plugins/event_listener.py for tasks to queue
[2024-12-13T11:57:42.081+0000] {logging_mixin.py:190} INFO - [2024-12-13T11:57:42.081+0000] {dagbag.py:588} INFO - Filling up the DagBag from /opt/bitnami/airflow/venv/lib/python3.12/site-packages/airflow/example_dags/plugins/event_listener.py
[2024-12-13T11:57:42.083+0000] {processor.py:927} WARNING - No viable dags retrieved from /opt/bitnami/airflow/venv/lib/python3.12/site-packages/airflow/example_dags/plugins/event_listener.py
[2024-12-13T11:57:42.110+0000] {processor.py:208} INFO - Processing /opt/bitnami/airflow/venv/lib/python3.12/site-packages/airflow/example_dags/plugins/event_listener.py took 0.036 seconds
[2024-12-13T11:58:36.525+0000] {processor.py:186} INFO - Started process (PID=98) to work on /opt/bitnami/airflow/venv/lib/python3.12/site-packages/airflow/example_dags/plugins/event_listener.py
[2024-12-13T11:58:36.525+0000] {processor.py:914} INFO - Processing file /opt/bitnami/airflow/venv/lib/python3.12/site-packages/airflow/example_dags/plugins/event_listener.py for tasks to queue
[2024-12-13T11:58:36.527+0000] {logging_mixin.py:190} INFO - [2024-12-13T11:58:36.527+0000] {dagbag.py:588} INFO - Filling up the DagBag from /opt/bitnami/airflow/venv/lib/python3.12/site-packages/airflow/example_dags/plugins/event_listener.py
[2024-12-13T11:58:36.530+0000] {processor.py:927} WARNING - No viable dags retrieved from /opt/bitnami/airflow/venv/lib/python3.12/site-packages/airflow/example_dags/plugins/event_listener.py
[2024-12-13T11:58:36.557+0000] {processor.py:208} INFO - Processing /opt/bitnami/airflow/venv/lib/python3.12/site-packages/airflow/example_dags/plugins/event_listener.py took 0.037 seconds
[2024-12-13T11:59:07.963+0000] {processor.py:186} INFO - Started process (PID=155) to work on /opt/bitnami/airflow/venv/lib/python3.12/site-packages/airflow/example_dags/plugins/event_listener.py
[2024-12-13T11:59:07.965+0000] {processor.py:914} INFO - Processing file /opt/bitnami/airflow/venv/lib/python3.12/site-packages/airflow/example_dags/plugins/event_listener.py for tasks to queue
[2024-12-13T11:59:07.969+0000] {logging_mixin.py:190} INFO - [2024-12-13T11:59:07.969+0000] {dagbag.py:588} INFO - Filling up the DagBag from /opt/bitnami/airflow/venv/lib/python3.12/site-packages/airflow/example_dags/plugins/event_listener.py
[2024-12-13T11:59:07.971+0000] {processor.py:927} WARNING - No viable dags retrieved from /opt/bitnami/airflow/venv/lib/python3.12/site-packages/airflow/example_dags/plugins/event_listener.py
[2024-12-13T11:59:08.015+0000] {processor.py:208} INFO - Processing /opt/bitnami/airflow/venv/lib/python3.12/site-packages/airflow/example_dags/plugins/event_listener.py took 0.058 seconds
[2024-12-13T11:59:39.387+0000] {processor.py:186} INFO - Started process (PID=212) to work on /opt/bitnami/airflow/venv/lib/python3.12/site-packages/airflow/example_dags/plugins/event_listener.py
[2024-12-13T11:59:39.388+0000] {processor.py:914} INFO - Processing file /opt/bitnami/airflow/venv/lib/python3.12/site-packages/airflow/example_dags/plugins/event_listener.py for tasks to queue
[2024-12-13T11:59:39.390+0000] {logging_mixin.py:190} INFO - [2024-12-13T11:59:39.390+0000] {dagbag.py:588} INFO - Filling up the DagBag from /opt/bitnami/airflow/venv/lib/python3.12/site-packages/airflow/example_dags/plugins/event_listener.py
[2024-12-13T11:59:39.392+0000] {processor.py:927} WARNING - No viable dags retrieved from /opt/bitnami/airflow/venv/lib/python3.12/site-packages/airflow/example_dags/plugins/event_listener.py
[2024-12-13T11:59:39.419+0000] {processor.py:208} INFO - Processing /opt/bitnami/airflow/venv/lib/python3.12/site-packages/airflow/example_dags/plugins/event_listener.py took 0.037 seconds
[2024-12-13T12:00:09.794+0000] {processor.py:186} INFO - Started process (PID=269) to work on /opt/bitnami/airflow/venv/lib/python3.12/site-packages/airflow/example_dags/plugins/event_listener.py
[2024-12-13T12:00:09.795+0000] {processor.py:914} INFO - Processing file /opt/bitnami/airflow/venv/lib/python3.12/site-packages/airflow/example_dags/plugins/event_listener.py for tasks to queue
[2024-12-13T12:00:09.797+0000] {logging_mixin.py:190} INFO - [2024-12-13T12:00:09.797+0000] {dagbag.py:588} INFO - Filling up the DagBag from /opt/bitnami/airflow/venv/lib/python3.12/site-packages/airflow/example_dags/plugins/event_listener.py
[2024-12-13T12:00:09.799+0000] {processor.py:927} WARNING - No viable dags retrieved from /opt/bitnami/airflow/venv/lib/python3.12/site-packages/airflow/example_dags/plugins/event_listener.py
[2024-12-13T12:00:09.821+0000] {processor.py:208} INFO - Processing /opt/bitnami/airflow/venv/lib/python3.12/site-packages/airflow/example_dags/plugins/event_listener.py took 0.032 seconds
[2024-12-13T12:00:40.604+0000] {processor.py:186} INFO - Started process (PID=326) to work on /opt/bitnami/airflow/venv/lib/python3.12/site-packages/airflow/example_dags/plugins/event_listener.py
[2024-12-13T12:00:40.605+0000] {processor.py:914} INFO - Processing file /opt/bitnami/airflow/venv/lib/python3.12/site-packages/airflow/example_dags/plugins/event_listener.py for tasks to queue
[2024-12-13T12:00:40.607+0000] {logging_mixin.py:190} INFO - [2024-12-13T12:00:40.607+0000] {dagbag.py:588} INFO - Filling up the DagBag from /opt/bitnami/airflow/venv/lib/python3.12/site-packages/airflow/example_dags/plugins/event_listener.py
[2024-12-13T12:00:40.609+0000] {processor.py:927} WARNING - No viable dags retrieved from /opt/bitnami/airflow/venv/lib/python3.12/site-packages/airflow/example_dags/plugins/event_listener.py
[2024-12-13T12:00:40.631+0000] {processor.py:208} INFO - Processing /opt/bitnami/airflow/venv/lib/python3.12/site-packages/airflow/example_dags/plugins/event_listener.py took 0.031 seconds
[2024-12-13T12:01:11.256+0000] {processor.py:186} INFO - Started process (PID=383) to work on /opt/bitnami/airflow/venv/lib/python3.12/site-packages/airflow/example_dags/plugins/event_listener.py
[2024-12-13T12:01:11.258+0000] {processor.py:914} INFO - Processing file /opt/bitnami/airflow/venv/lib/python3.12/site-packages/airflow/example_dags/plugins/event_listener.py for tasks to queue
[2024-12-13T12:01:11.260+0000] {logging_mixin.py:190} INFO - [2024-12-13T12:01:11.260+0000] {dagbag.py:588} INFO - Filling up the DagBag from /opt/bitnami/airflow/venv/lib/python3.12/site-packages/airflow/example_dags/plugins/event_listener.py
[2024-12-13T12:01:11.262+0000] {processor.py:927} WARNING - No viable dags retrieved from /opt/bitnami/airflow/venv/lib/python3.12/site-packages/airflow/example_dags/plugins/event_listener.py
[2024-12-13T12:01:11.301+0000] {processor.py:208} INFO - Processing /opt/bitnami/airflow/venv/lib/python3.12/site-packages/airflow/example_dags/plugins/event_listener.py took 0.049 seconds
[2024-12-13T12:01:42.133+0000] {processor.py:186} INFO - Started process (PID=440) to work on /opt/bitnami/airflow/venv/lib/python3.12/site-packages/airflow/example_dags/plugins/event_listener.py
[2024-12-13T12:01:42.134+0000] {processor.py:914} INFO - Processing file /opt/bitnami/airflow/venv/lib/python3.12/site-packages/airflow/example_dags/plugins/event_listener.py for tasks to queue
[2024-12-13T12:01:42.136+0000] {logging_mixin.py:190} INFO - [2024-12-13T12:01:42.136+0000] {dagbag.py:588} INFO - Filling up the DagBag from /opt/bitnami/airflow/venv/lib/python3.12/site-packages/airflow/example_dags/plugins/event_listener.py
[2024-12-13T12:01:42.138+0000] {processor.py:927} WARNING - No viable dags retrieved from /opt/bitnami/airflow/venv/lib/python3.12/site-packages/airflow/example_dags/plugins/event_listener.py
[2024-12-13T12:01:42.163+0000] {processor.py:208} INFO - Processing /opt/bitnami/airflow/venv/lib/python3.12/site-packages/airflow/example_dags/plugins/event_listener.py took 0.035 seconds
[2024-12-13T12:02:12.566+0000] {processor.py:186} INFO - Started process (PID=497) to work on /opt/bitnami/airflow/venv/lib/python3.12/site-packages/airflow/example_dags/plugins/event_listener.py
[2024-12-13T12:02:12.567+0000] {processor.py:914} INFO - Processing file /opt/bitnami/airflow/venv/lib/python3.12/site-packages/airflow/example_dags/plugins/event_listener.py for tasks to queue
[2024-12-13T12:02:12.569+0000] {logging_mixin.py:190} INFO - [2024-12-13T12:02:12.569+0000] {dagbag.py:588} INFO - Filling up the DagBag from /opt/bitnami/airflow/venv/lib/python3.12/site-packages/airflow/example_dags/plugins/event_listener.py
[2024-12-13T12:02:12.571+0000] {processor.py:927} WARNING - No viable dags retrieved from /opt/bitnami/airflow/venv/lib/python3.12/site-packages/airflow/example_dags/plugins/event_listener.py
[2024-12-13T12:02:12.602+0000] {processor.py:208} INFO - Processing /opt/bitnami/airflow/venv/lib/python3.12/site-packages/airflow/example_dags/plugins/event_listener.py took 0.042 seconds
