[2024-12-13T08:19:47.236+0000] {processor.py:186} INFO - Started process (PID=99) to work on /opt/bitnami/airflow/venv/lib/python3.12/site-packages/airflow/example_dags/plugins/listener_plugin.py
[2024-12-13T08:19:47.236+0000] {processor.py:914} INFO - Processing file /opt/bitnami/airflow/venv/lib/python3.12/site-packages/airflow/example_dags/plugins/listener_plugin.py for tasks to queue
[2024-12-13T08:19:47.238+0000] {logging_mixin.py:190} INFO - [2024-12-13T08:19:47.238+0000] {dagbag.py:588} INFO - Filling up the DagBag from /opt/bitnami/airflow/venv/lib/python3.12/site-packages/airflow/example_dags/plugins/listener_plugin.py
[2024-12-13T08:19:47.240+0000] {processor.py:927} WARNING - No viable dags retrieved from /opt/bitnami/airflow/venv/lib/python3.12/site-packages/airflow/example_dags/plugins/listener_plugin.py
[2024-12-13T08:19:47.264+0000] {processor.py:208} INFO - Processing /opt/bitnami/airflow/venv/lib/python3.12/site-packages/airflow/example_dags/plugins/listener_plugin.py took 0.032 seconds
[2024-12-13T08:20:17.398+0000] {processor.py:186} INFO - Started process (PID=156) to work on /opt/bitnami/airflow/venv/lib/python3.12/site-packages/airflow/example_dags/plugins/listener_plugin.py
[2024-12-13T08:20:17.399+0000] {processor.py:914} INFO - Processing file /opt/bitnami/airflow/venv/lib/python3.12/site-packages/airflow/example_dags/plugins/listener_plugin.py for tasks to queue
[2024-12-13T08:20:17.401+0000] {logging_mixin.py:190} INFO - [2024-12-13T08:20:17.401+0000] {dagbag.py:588} INFO - Filling up the DagBag from /opt/bitnami/airflow/venv/lib/python3.12/site-packages/airflow/example_dags/plugins/listener_plugin.py
[2024-12-13T08:20:17.403+0000] {processor.py:927} WARNING - No viable dags retrieved from /opt/bitnami/airflow/venv/lib/python3.12/site-packages/airflow/example_dags/plugins/listener_plugin.py
[2024-12-13T08:20:17.427+0000] {processor.py:208} INFO - Processing /opt/bitnami/airflow/venv/lib/python3.12/site-packages/airflow/example_dags/plugins/listener_plugin.py took 0.034 seconds
[2024-12-13T08:20:48.928+0000] {processor.py:186} INFO - Started process (PID=213) to work on /opt/bitnami/airflow/venv/lib/python3.12/site-packages/airflow/example_dags/plugins/listener_plugin.py
[2024-12-13T08:20:48.930+0000] {processor.py:914} INFO - Processing file /opt/bitnami/airflow/venv/lib/python3.12/site-packages/airflow/example_dags/plugins/listener_plugin.py for tasks to queue
[2024-12-13T08:20:48.933+0000] {logging_mixin.py:190} INFO - [2024-12-13T08:20:48.933+0000] {dagbag.py:588} INFO - Filling up the DagBag from /opt/bitnami/airflow/venv/lib/python3.12/site-packages/airflow/example_dags/plugins/listener_plugin.py
[2024-12-13T08:20:48.937+0000] {processor.py:927} WARNING - No viable dags retrieved from /opt/bitnami/airflow/venv/lib/python3.12/site-packages/airflow/example_dags/plugins/listener_plugin.py
[2024-12-13T08:20:48.973+0000] {processor.py:208} INFO - Processing /opt/bitnami/airflow/venv/lib/python3.12/site-packages/airflow/example_dags/plugins/listener_plugin.py took 0.052 seconds
[2024-12-13T08:21:19.001+0000] {processor.py:186} INFO - Started process (PID=270) to work on /opt/bitnami/airflow/venv/lib/python3.12/site-packages/airflow/example_dags/plugins/listener_plugin.py
[2024-12-13T08:21:19.002+0000] {processor.py:914} INFO - Processing file /opt/bitnami/airflow/venv/lib/python3.12/site-packages/airflow/example_dags/plugins/listener_plugin.py for tasks to queue
[2024-12-13T08:21:19.004+0000] {logging_mixin.py:190} INFO - [2024-12-13T08:21:19.004+0000] {dagbag.py:588} INFO - Filling up the DagBag from /opt/bitnami/airflow/venv/lib/python3.12/site-packages/airflow/example_dags/plugins/listener_plugin.py
[2024-12-13T08:21:19.006+0000] {processor.py:927} WARNING - No viable dags retrieved from /opt/bitnami/airflow/venv/lib/python3.12/site-packages/airflow/example_dags/plugins/listener_plugin.py
[2024-12-13T08:21:19.030+0000] {processor.py:208} INFO - Processing /opt/bitnami/airflow/venv/lib/python3.12/site-packages/airflow/example_dags/plugins/listener_plugin.py took 0.034 seconds
[2024-12-13T08:21:49.799+0000] {processor.py:186} INFO - Started process (PID=327) to work on /opt/bitnami/airflow/venv/lib/python3.12/site-packages/airflow/example_dags/plugins/listener_plugin.py
[2024-12-13T08:21:49.800+0000] {processor.py:914} INFO - Processing file /opt/bitnami/airflow/venv/lib/python3.12/site-packages/airflow/example_dags/plugins/listener_plugin.py for tasks to queue
[2024-12-13T08:21:49.802+0000] {logging_mixin.py:190} INFO - [2024-12-13T08:21:49.802+0000] {dagbag.py:588} INFO - Filling up the DagBag from /opt/bitnami/airflow/venv/lib/python3.12/site-packages/airflow/example_dags/plugins/listener_plugin.py
[2024-12-13T08:21:49.803+0000] {processor.py:927} WARNING - No viable dags retrieved from /opt/bitnami/airflow/venv/lib/python3.12/site-packages/airflow/example_dags/plugins/listener_plugin.py
[2024-12-13T08:21:49.828+0000] {processor.py:208} INFO - Processing /opt/bitnami/airflow/venv/lib/python3.12/site-packages/airflow/example_dags/plugins/listener_plugin.py took 0.033 seconds
[2024-12-13T08:22:20.024+0000] {processor.py:186} INFO - Started process (PID=384) to work on /opt/bitnami/airflow/venv/lib/python3.12/site-packages/airflow/example_dags/plugins/listener_plugin.py
[2024-12-13T08:22:20.025+0000] {processor.py:914} INFO - Processing file /opt/bitnami/airflow/venv/lib/python3.12/site-packages/airflow/example_dags/plugins/listener_plugin.py for tasks to queue
[2024-12-13T08:22:20.027+0000] {logging_mixin.py:190} INFO - [2024-12-13T08:22:20.027+0000] {dagbag.py:588} INFO - Filling up the DagBag from /opt/bitnami/airflow/venv/lib/python3.12/site-packages/airflow/example_dags/plugins/listener_plugin.py
[2024-12-13T08:22:20.029+0000] {processor.py:927} WARNING - No viable dags retrieved from /opt/bitnami/airflow/venv/lib/python3.12/site-packages/airflow/example_dags/plugins/listener_plugin.py
[2024-12-13T08:22:20.056+0000] {processor.py:208} INFO - Processing /opt/bitnami/airflow/venv/lib/python3.12/site-packages/airflow/example_dags/plugins/listener_plugin.py took 0.036 seconds
[2024-12-13T08:22:50.841+0000] {processor.py:186} INFO - Started process (PID=441) to work on /opt/bitnami/airflow/venv/lib/python3.12/site-packages/airflow/example_dags/plugins/listener_plugin.py
[2024-12-13T08:22:50.842+0000] {processor.py:914} INFO - Processing file /opt/bitnami/airflow/venv/lib/python3.12/site-packages/airflow/example_dags/plugins/listener_plugin.py for tasks to queue
[2024-12-13T08:22:50.844+0000] {logging_mixin.py:190} INFO - [2024-12-13T08:22:50.844+0000] {dagbag.py:588} INFO - Filling up the DagBag from /opt/bitnami/airflow/venv/lib/python3.12/site-packages/airflow/example_dags/plugins/listener_plugin.py
[2024-12-13T08:22:50.846+0000] {processor.py:927} WARNING - No viable dags retrieved from /opt/bitnami/airflow/venv/lib/python3.12/site-packages/airflow/example_dags/plugins/listener_plugin.py
[2024-12-13T08:22:50.869+0000] {processor.py:208} INFO - Processing /opt/bitnami/airflow/venv/lib/python3.12/site-packages/airflow/example_dags/plugins/listener_plugin.py took 0.032 seconds
[2024-12-13T08:25:48.540+0000] {processor.py:186} INFO - Started process (PID=99) to work on /opt/bitnami/airflow/venv/lib/python3.12/site-packages/airflow/example_dags/plugins/listener_plugin.py
[2024-12-13T08:25:48.541+0000] {processor.py:914} INFO - Processing file /opt/bitnami/airflow/venv/lib/python3.12/site-packages/airflow/example_dags/plugins/listener_plugin.py for tasks to queue
[2024-12-13T08:25:48.543+0000] {logging_mixin.py:190} INFO - [2024-12-13T08:25:48.543+0000] {dagbag.py:588} INFO - Filling up the DagBag from /opt/bitnami/airflow/venv/lib/python3.12/site-packages/airflow/example_dags/plugins/listener_plugin.py
[2024-12-13T08:25:48.545+0000] {processor.py:927} WARNING - No viable dags retrieved from /opt/bitnami/airflow/venv/lib/python3.12/site-packages/airflow/example_dags/plugins/listener_plugin.py
[2024-12-13T08:25:48.579+0000] {processor.py:208} INFO - Processing /opt/bitnami/airflow/venv/lib/python3.12/site-packages/airflow/example_dags/plugins/listener_plugin.py took 0.043 seconds
[2024-12-13T08:26:19.307+0000] {processor.py:186} INFO - Started process (PID=156) to work on /opt/bitnami/airflow/venv/lib/python3.12/site-packages/airflow/example_dags/plugins/listener_plugin.py
[2024-12-13T08:26:19.308+0000] {processor.py:914} INFO - Processing file /opt/bitnami/airflow/venv/lib/python3.12/site-packages/airflow/example_dags/plugins/listener_plugin.py for tasks to queue
[2024-12-13T08:26:19.310+0000] {logging_mixin.py:190} INFO - [2024-12-13T08:26:19.310+0000] {dagbag.py:588} INFO - Filling up the DagBag from /opt/bitnami/airflow/venv/lib/python3.12/site-packages/airflow/example_dags/plugins/listener_plugin.py
[2024-12-13T08:26:19.312+0000] {processor.py:927} WARNING - No viable dags retrieved from /opt/bitnami/airflow/venv/lib/python3.12/site-packages/airflow/example_dags/plugins/listener_plugin.py
[2024-12-13T08:26:19.330+0000] {processor.py:208} INFO - Processing /opt/bitnami/airflow/venv/lib/python3.12/site-packages/airflow/example_dags/plugins/listener_plugin.py took 0.027 seconds
[2024-12-13T08:26:51.558+0000] {processor.py:186} INFO - Started process (PID=213) to work on /opt/bitnami/airflow/venv/lib/python3.12/site-packages/airflow/example_dags/plugins/listener_plugin.py
[2024-12-13T08:26:51.559+0000] {processor.py:914} INFO - Processing file /opt/bitnami/airflow/venv/lib/python3.12/site-packages/airflow/example_dags/plugins/listener_plugin.py for tasks to queue
[2024-12-13T08:26:51.562+0000] {logging_mixin.py:190} INFO - [2024-12-13T08:26:51.562+0000] {dagbag.py:588} INFO - Filling up the DagBag from /opt/bitnami/airflow/venv/lib/python3.12/site-packages/airflow/example_dags/plugins/listener_plugin.py
[2024-12-13T08:26:51.564+0000] {processor.py:927} WARNING - No viable dags retrieved from /opt/bitnami/airflow/venv/lib/python3.12/site-packages/airflow/example_dags/plugins/listener_plugin.py
[2024-12-13T08:26:51.603+0000] {processor.py:208} INFO - Processing /opt/bitnami/airflow/venv/lib/python3.12/site-packages/airflow/example_dags/plugins/listener_plugin.py took 0.051 seconds
[2024-12-13T08:27:21.743+0000] {processor.py:186} INFO - Started process (PID=270) to work on /opt/bitnami/airflow/venv/lib/python3.12/site-packages/airflow/example_dags/plugins/listener_plugin.py
[2024-12-13T08:27:21.744+0000] {processor.py:914} INFO - Processing file /opt/bitnami/airflow/venv/lib/python3.12/site-packages/airflow/example_dags/plugins/listener_plugin.py for tasks to queue
[2024-12-13T08:27:21.747+0000] {logging_mixin.py:190} INFO - [2024-12-13T08:27:21.747+0000] {dagbag.py:588} INFO - Filling up the DagBag from /opt/bitnami/airflow/venv/lib/python3.12/site-packages/airflow/example_dags/plugins/listener_plugin.py
[2024-12-13T08:27:21.749+0000] {processor.py:927} WARNING - No viable dags retrieved from /opt/bitnami/airflow/venv/lib/python3.12/site-packages/airflow/example_dags/plugins/listener_plugin.py
[2024-12-13T08:27:21.782+0000] {processor.py:208} INFO - Processing /opt/bitnami/airflow/venv/lib/python3.12/site-packages/airflow/example_dags/plugins/listener_plugin.py took 0.045 seconds
[2024-12-13T10:42:46.580+0000] {processor.py:186} INFO - Started process (PID=99) to work on /opt/bitnami/airflow/venv/lib/python3.12/site-packages/airflow/example_dags/plugins/listener_plugin.py
[2024-12-13T10:42:46.582+0000] {processor.py:914} INFO - Processing file /opt/bitnami/airflow/venv/lib/python3.12/site-packages/airflow/example_dags/plugins/listener_plugin.py for tasks to queue
[2024-12-13T10:42:46.585+0000] {logging_mixin.py:190} INFO - [2024-12-13T10:42:46.585+0000] {dagbag.py:588} INFO - Filling up the DagBag from /opt/bitnami/airflow/venv/lib/python3.12/site-packages/airflow/example_dags/plugins/listener_plugin.py
[2024-12-13T10:42:46.587+0000] {processor.py:927} WARNING - No viable dags retrieved from /opt/bitnami/airflow/venv/lib/python3.12/site-packages/airflow/example_dags/plugins/listener_plugin.py
[2024-12-13T10:42:46.674+0000] {processor.py:208} INFO - Processing /opt/bitnami/airflow/venv/lib/python3.12/site-packages/airflow/example_dags/plugins/listener_plugin.py took 0.098 seconds
[2024-12-13T10:43:16.859+0000] {processor.py:186} INFO - Started process (PID=156) to work on /opt/bitnami/airflow/venv/lib/python3.12/site-packages/airflow/example_dags/plugins/listener_plugin.py
[2024-12-13T10:43:16.860+0000] {processor.py:914} INFO - Processing file /opt/bitnami/airflow/venv/lib/python3.12/site-packages/airflow/example_dags/plugins/listener_plugin.py for tasks to queue
[2024-12-13T10:43:16.862+0000] {logging_mixin.py:190} INFO - [2024-12-13T10:43:16.862+0000] {dagbag.py:588} INFO - Filling up the DagBag from /opt/bitnami/airflow/venv/lib/python3.12/site-packages/airflow/example_dags/plugins/listener_plugin.py
[2024-12-13T10:43:16.864+0000] {processor.py:927} WARNING - No viable dags retrieved from /opt/bitnami/airflow/venv/lib/python3.12/site-packages/airflow/example_dags/plugins/listener_plugin.py
[2024-12-13T10:43:16.980+0000] {processor.py:208} INFO - Processing /opt/bitnami/airflow/venv/lib/python3.12/site-packages/airflow/example_dags/plugins/listener_plugin.py took 0.128 seconds
[2024-12-13T10:43:47.560+0000] {processor.py:186} INFO - Started process (PID=213) to work on /opt/bitnami/airflow/venv/lib/python3.12/site-packages/airflow/example_dags/plugins/listener_plugin.py
[2024-12-13T10:43:47.561+0000] {processor.py:914} INFO - Processing file /opt/bitnami/airflow/venv/lib/python3.12/site-packages/airflow/example_dags/plugins/listener_plugin.py for tasks to queue
[2024-12-13T10:43:47.564+0000] {logging_mixin.py:190} INFO - [2024-12-13T10:43:47.564+0000] {dagbag.py:588} INFO - Filling up the DagBag from /opt/bitnami/airflow/venv/lib/python3.12/site-packages/airflow/example_dags/plugins/listener_plugin.py
[2024-12-13T10:43:47.567+0000] {processor.py:927} WARNING - No viable dags retrieved from /opt/bitnami/airflow/venv/lib/python3.12/site-packages/airflow/example_dags/plugins/listener_plugin.py
[2024-12-13T10:43:47.623+0000] {processor.py:208} INFO - Processing /opt/bitnami/airflow/venv/lib/python3.12/site-packages/airflow/example_dags/plugins/listener_plugin.py took 0.069 seconds
[2024-12-13T10:44:18.114+0000] {processor.py:186} INFO - Started process (PID=270) to work on /opt/bitnami/airflow/venv/lib/python3.12/site-packages/airflow/example_dags/plugins/listener_plugin.py
[2024-12-13T10:44:18.115+0000] {processor.py:914} INFO - Processing file /opt/bitnami/airflow/venv/lib/python3.12/site-packages/airflow/example_dags/plugins/listener_plugin.py for tasks to queue
[2024-12-13T10:44:18.118+0000] {logging_mixin.py:190} INFO - [2024-12-13T10:44:18.118+0000] {dagbag.py:588} INFO - Filling up the DagBag from /opt/bitnami/airflow/venv/lib/python3.12/site-packages/airflow/example_dags/plugins/listener_plugin.py
[2024-12-13T10:44:18.120+0000] {processor.py:927} WARNING - No viable dags retrieved from /opt/bitnami/airflow/venv/lib/python3.12/site-packages/airflow/example_dags/plugins/listener_plugin.py
[2024-12-13T10:44:18.176+0000] {processor.py:208} INFO - Processing /opt/bitnami/airflow/venv/lib/python3.12/site-packages/airflow/example_dags/plugins/listener_plugin.py took 0.067 seconds
[2024-12-13T10:44:48.445+0000] {processor.py:186} INFO - Started process (PID=327) to work on /opt/bitnami/airflow/venv/lib/python3.12/site-packages/airflow/example_dags/plugins/listener_plugin.py
[2024-12-13T10:44:48.446+0000] {processor.py:914} INFO - Processing file /opt/bitnami/airflow/venv/lib/python3.12/site-packages/airflow/example_dags/plugins/listener_plugin.py for tasks to queue
[2024-12-13T10:44:48.448+0000] {logging_mixin.py:190} INFO - [2024-12-13T10:44:48.448+0000] {dagbag.py:588} INFO - Filling up the DagBag from /opt/bitnami/airflow/venv/lib/python3.12/site-packages/airflow/example_dags/plugins/listener_plugin.py
[2024-12-13T10:44:48.450+0000] {processor.py:927} WARNING - No viable dags retrieved from /opt/bitnami/airflow/venv/lib/python3.12/site-packages/airflow/example_dags/plugins/listener_plugin.py
[2024-12-13T10:44:48.533+0000] {processor.py:208} INFO - Processing /opt/bitnami/airflow/venv/lib/python3.12/site-packages/airflow/example_dags/plugins/listener_plugin.py took 0.092 seconds
[2024-12-13T10:52:17.360+0000] {processor.py:186} INFO - Started process (PID=99) to work on /opt/bitnami/airflow/venv/lib/python3.12/site-packages/airflow/example_dags/plugins/listener_plugin.py
[2024-12-13T10:52:17.361+0000] {processor.py:914} INFO - Processing file /opt/bitnami/airflow/venv/lib/python3.12/site-packages/airflow/example_dags/plugins/listener_plugin.py for tasks to queue
[2024-12-13T10:52:17.363+0000] {logging_mixin.py:190} INFO - [2024-12-13T10:52:17.363+0000] {dagbag.py:588} INFO - Filling up the DagBag from /opt/bitnami/airflow/venv/lib/python3.12/site-packages/airflow/example_dags/plugins/listener_plugin.py
[2024-12-13T10:52:17.366+0000] {processor.py:927} WARNING - No viable dags retrieved from /opt/bitnami/airflow/venv/lib/python3.12/site-packages/airflow/example_dags/plugins/listener_plugin.py
[2024-12-13T10:52:17.431+0000] {processor.py:208} INFO - Processing /opt/bitnami/airflow/venv/lib/python3.12/site-packages/airflow/example_dags/plugins/listener_plugin.py took 0.076 seconds
[2024-12-13T10:52:48.383+0000] {processor.py:186} INFO - Started process (PID=156) to work on /opt/bitnami/airflow/venv/lib/python3.12/site-packages/airflow/example_dags/plugins/listener_plugin.py
[2024-12-13T10:52:48.384+0000] {processor.py:914} INFO - Processing file /opt/bitnami/airflow/venv/lib/python3.12/site-packages/airflow/example_dags/plugins/listener_plugin.py for tasks to queue
[2024-12-13T10:52:48.387+0000] {logging_mixin.py:190} INFO - [2024-12-13T10:52:48.386+0000] {dagbag.py:588} INFO - Filling up the DagBag from /opt/bitnami/airflow/venv/lib/python3.12/site-packages/airflow/example_dags/plugins/listener_plugin.py
[2024-12-13T10:52:48.389+0000] {processor.py:927} WARNING - No viable dags retrieved from /opt/bitnami/airflow/venv/lib/python3.12/site-packages/airflow/example_dags/plugins/listener_plugin.py
[2024-12-13T10:52:48.452+0000] {processor.py:208} INFO - Processing /opt/bitnami/airflow/venv/lib/python3.12/site-packages/airflow/example_dags/plugins/listener_plugin.py took 0.072 seconds
[2024-12-13T10:53:19.700+0000] {processor.py:186} INFO - Started process (PID=213) to work on /opt/bitnami/airflow/venv/lib/python3.12/site-packages/airflow/example_dags/plugins/listener_plugin.py
[2024-12-13T10:53:19.701+0000] {processor.py:914} INFO - Processing file /opt/bitnami/airflow/venv/lib/python3.12/site-packages/airflow/example_dags/plugins/listener_plugin.py for tasks to queue
[2024-12-13T10:53:19.704+0000] {logging_mixin.py:190} INFO - [2024-12-13T10:53:19.703+0000] {dagbag.py:588} INFO - Filling up the DagBag from /opt/bitnami/airflow/venv/lib/python3.12/site-packages/airflow/example_dags/plugins/listener_plugin.py
[2024-12-13T10:53:19.706+0000] {processor.py:927} WARNING - No viable dags retrieved from /opt/bitnami/airflow/venv/lib/python3.12/site-packages/airflow/example_dags/plugins/listener_plugin.py
[2024-12-13T10:53:19.768+0000] {processor.py:208} INFO - Processing /opt/bitnami/airflow/venv/lib/python3.12/site-packages/airflow/example_dags/plugins/listener_plugin.py took 0.072 seconds
[2024-12-13T10:53:49.939+0000] {processor.py:186} INFO - Started process (PID=270) to work on /opt/bitnami/airflow/venv/lib/python3.12/site-packages/airflow/example_dags/plugins/listener_plugin.py
[2024-12-13T10:53:49.940+0000] {processor.py:914} INFO - Processing file /opt/bitnami/airflow/venv/lib/python3.12/site-packages/airflow/example_dags/plugins/listener_plugin.py for tasks to queue
[2024-12-13T10:53:49.943+0000] {logging_mixin.py:190} INFO - [2024-12-13T10:53:49.943+0000] {dagbag.py:588} INFO - Filling up the DagBag from /opt/bitnami/airflow/venv/lib/python3.12/site-packages/airflow/example_dags/plugins/listener_plugin.py
[2024-12-13T10:53:49.946+0000] {processor.py:927} WARNING - No viable dags retrieved from /opt/bitnami/airflow/venv/lib/python3.12/site-packages/airflow/example_dags/plugins/listener_plugin.py
[2024-12-13T10:53:49.983+0000] {processor.py:208} INFO - Processing /opt/bitnami/airflow/venv/lib/python3.12/site-packages/airflow/example_dags/plugins/listener_plugin.py took 0.050 seconds
[2024-12-13T10:54:20.492+0000] {processor.py:186} INFO - Started process (PID=327) to work on /opt/bitnami/airflow/venv/lib/python3.12/site-packages/airflow/example_dags/plugins/listener_plugin.py
[2024-12-13T10:54:20.493+0000] {processor.py:914} INFO - Processing file /opt/bitnami/airflow/venv/lib/python3.12/site-packages/airflow/example_dags/plugins/listener_plugin.py for tasks to queue
[2024-12-13T10:54:20.495+0000] {logging_mixin.py:190} INFO - [2024-12-13T10:54:20.494+0000] {dagbag.py:588} INFO - Filling up the DagBag from /opt/bitnami/airflow/venv/lib/python3.12/site-packages/airflow/example_dags/plugins/listener_plugin.py
[2024-12-13T10:54:20.497+0000] {processor.py:927} WARNING - No viable dags retrieved from /opt/bitnami/airflow/venv/lib/python3.12/site-packages/airflow/example_dags/plugins/listener_plugin.py
[2024-12-13T10:54:20.558+0000] {processor.py:208} INFO - Processing /opt/bitnami/airflow/venv/lib/python3.12/site-packages/airflow/example_dags/plugins/listener_plugin.py took 0.071 seconds
[2024-12-13T10:54:51.155+0000] {processor.py:186} INFO - Started process (PID=384) to work on /opt/bitnami/airflow/venv/lib/python3.12/site-packages/airflow/example_dags/plugins/listener_plugin.py
[2024-12-13T10:54:51.156+0000] {processor.py:914} INFO - Processing file /opt/bitnami/airflow/venv/lib/python3.12/site-packages/airflow/example_dags/plugins/listener_plugin.py for tasks to queue
[2024-12-13T10:54:51.159+0000] {logging_mixin.py:190} INFO - [2024-12-13T10:54:51.158+0000] {dagbag.py:588} INFO - Filling up the DagBag from /opt/bitnami/airflow/venv/lib/python3.12/site-packages/airflow/example_dags/plugins/listener_plugin.py
[2024-12-13T10:54:51.161+0000] {processor.py:927} WARNING - No viable dags retrieved from /opt/bitnami/airflow/venv/lib/python3.12/site-packages/airflow/example_dags/plugins/listener_plugin.py
[2024-12-13T10:54:51.255+0000] {processor.py:208} INFO - Processing /opt/bitnami/airflow/venv/lib/python3.12/site-packages/airflow/example_dags/plugins/listener_plugin.py took 0.107 seconds
[2024-12-13T10:55:22.091+0000] {processor.py:186} INFO - Started process (PID=441) to work on /opt/bitnami/airflow/venv/lib/python3.12/site-packages/airflow/example_dags/plugins/listener_plugin.py
[2024-12-13T10:55:22.093+0000] {processor.py:914} INFO - Processing file /opt/bitnami/airflow/venv/lib/python3.12/site-packages/airflow/example_dags/plugins/listener_plugin.py for tasks to queue
[2024-12-13T10:55:22.096+0000] {logging_mixin.py:190} INFO - [2024-12-13T10:55:22.096+0000] {dagbag.py:588} INFO - Filling up the DagBag from /opt/bitnami/airflow/venv/lib/python3.12/site-packages/airflow/example_dags/plugins/listener_plugin.py
[2024-12-13T10:55:22.099+0000] {processor.py:927} WARNING - No viable dags retrieved from /opt/bitnami/airflow/venv/lib/python3.12/site-packages/airflow/example_dags/plugins/listener_plugin.py
[2024-12-13T10:55:22.199+0000] {processor.py:208} INFO - Processing /opt/bitnami/airflow/venv/lib/python3.12/site-packages/airflow/example_dags/plugins/listener_plugin.py took 0.113 seconds
[2024-12-13T10:55:53.296+0000] {processor.py:186} INFO - Started process (PID=498) to work on /opt/bitnami/airflow/venv/lib/python3.12/site-packages/airflow/example_dags/plugins/listener_plugin.py
[2024-12-13T10:55:53.298+0000] {processor.py:914} INFO - Processing file /opt/bitnami/airflow/venv/lib/python3.12/site-packages/airflow/example_dags/plugins/listener_plugin.py for tasks to queue
[2024-12-13T10:55:53.301+0000] {logging_mixin.py:190} INFO - [2024-12-13T10:55:53.300+0000] {dagbag.py:588} INFO - Filling up the DagBag from /opt/bitnami/airflow/venv/lib/python3.12/site-packages/airflow/example_dags/plugins/listener_plugin.py
[2024-12-13T10:55:53.306+0000] {processor.py:927} WARNING - No viable dags retrieved from /opt/bitnami/airflow/venv/lib/python3.12/site-packages/airflow/example_dags/plugins/listener_plugin.py
[2024-12-13T10:55:53.357+0000] {processor.py:208} INFO - Processing /opt/bitnami/airflow/venv/lib/python3.12/site-packages/airflow/example_dags/plugins/listener_plugin.py took 0.066 seconds
[2024-12-13T10:56:23.861+0000] {processor.py:186} INFO - Started process (PID=555) to work on /opt/bitnami/airflow/venv/lib/python3.12/site-packages/airflow/example_dags/plugins/listener_plugin.py
[2024-12-13T10:56:23.863+0000] {processor.py:914} INFO - Processing file /opt/bitnami/airflow/venv/lib/python3.12/site-packages/airflow/example_dags/plugins/listener_plugin.py for tasks to queue
[2024-12-13T10:56:23.865+0000] {logging_mixin.py:190} INFO - [2024-12-13T10:56:23.865+0000] {dagbag.py:588} INFO - Filling up the DagBag from /opt/bitnami/airflow/venv/lib/python3.12/site-packages/airflow/example_dags/plugins/listener_plugin.py
[2024-12-13T10:56:23.867+0000] {processor.py:927} WARNING - No viable dags retrieved from /opt/bitnami/airflow/venv/lib/python3.12/site-packages/airflow/example_dags/plugins/listener_plugin.py
[2024-12-13T10:56:23.948+0000] {processor.py:208} INFO - Processing /opt/bitnami/airflow/venv/lib/python3.12/site-packages/airflow/example_dags/plugins/listener_plugin.py took 0.091 seconds
[2024-12-13T10:56:54.747+0000] {processor.py:186} INFO - Started process (PID=612) to work on /opt/bitnami/airflow/venv/lib/python3.12/site-packages/airflow/example_dags/plugins/listener_plugin.py
[2024-12-13T10:56:54.748+0000] {processor.py:914} INFO - Processing file /opt/bitnami/airflow/venv/lib/python3.12/site-packages/airflow/example_dags/plugins/listener_plugin.py for tasks to queue
[2024-12-13T10:56:54.750+0000] {logging_mixin.py:190} INFO - [2024-12-13T10:56:54.750+0000] {dagbag.py:588} INFO - Filling up the DagBag from /opt/bitnami/airflow/venv/lib/python3.12/site-packages/airflow/example_dags/plugins/listener_plugin.py
[2024-12-13T10:56:54.752+0000] {processor.py:927} WARNING - No viable dags retrieved from /opt/bitnami/airflow/venv/lib/python3.12/site-packages/airflow/example_dags/plugins/listener_plugin.py
[2024-12-13T10:56:54.812+0000] {processor.py:208} INFO - Processing /opt/bitnami/airflow/venv/lib/python3.12/site-packages/airflow/example_dags/plugins/listener_plugin.py took 0.069 seconds
[2024-12-13T10:57:25.097+0000] {processor.py:186} INFO - Started process (PID=669) to work on /opt/bitnami/airflow/venv/lib/python3.12/site-packages/airflow/example_dags/plugins/listener_plugin.py
[2024-12-13T10:57:25.099+0000] {processor.py:914} INFO - Processing file /opt/bitnami/airflow/venv/lib/python3.12/site-packages/airflow/example_dags/plugins/listener_plugin.py for tasks to queue
[2024-12-13T10:57:25.102+0000] {logging_mixin.py:190} INFO - [2024-12-13T10:57:25.101+0000] {dagbag.py:588} INFO - Filling up the DagBag from /opt/bitnami/airflow/venv/lib/python3.12/site-packages/airflow/example_dags/plugins/listener_plugin.py
[2024-12-13T10:57:25.104+0000] {processor.py:927} WARNING - No viable dags retrieved from /opt/bitnami/airflow/venv/lib/python3.12/site-packages/airflow/example_dags/plugins/listener_plugin.py
[2024-12-13T10:57:25.135+0000] {processor.py:208} INFO - Processing /opt/bitnami/airflow/venv/lib/python3.12/site-packages/airflow/example_dags/plugins/listener_plugin.py took 0.043 seconds
[2024-12-13T10:57:55.296+0000] {processor.py:186} INFO - Started process (PID=726) to work on /opt/bitnami/airflow/venv/lib/python3.12/site-packages/airflow/example_dags/plugins/listener_plugin.py
[2024-12-13T10:57:55.298+0000] {processor.py:914} INFO - Processing file /opt/bitnami/airflow/venv/lib/python3.12/site-packages/airflow/example_dags/plugins/listener_plugin.py for tasks to queue
[2024-12-13T10:57:55.300+0000] {logging_mixin.py:190} INFO - [2024-12-13T10:57:55.299+0000] {dagbag.py:588} INFO - Filling up the DagBag from /opt/bitnami/airflow/venv/lib/python3.12/site-packages/airflow/example_dags/plugins/listener_plugin.py
[2024-12-13T10:57:55.302+0000] {processor.py:927} WARNING - No viable dags retrieved from /opt/bitnami/airflow/venv/lib/python3.12/site-packages/airflow/example_dags/plugins/listener_plugin.py
[2024-12-13T10:57:55.324+0000] {processor.py:208} INFO - Processing /opt/bitnami/airflow/venv/lib/python3.12/site-packages/airflow/example_dags/plugins/listener_plugin.py took 0.032 seconds
[2024-12-13T10:58:26.354+0000] {processor.py:186} INFO - Started process (PID=783) to work on /opt/bitnami/airflow/venv/lib/python3.12/site-packages/airflow/example_dags/plugins/listener_plugin.py
[2024-12-13T10:58:26.355+0000] {processor.py:914} INFO - Processing file /opt/bitnami/airflow/venv/lib/python3.12/site-packages/airflow/example_dags/plugins/listener_plugin.py for tasks to queue
[2024-12-13T10:58:26.358+0000] {logging_mixin.py:190} INFO - [2024-12-13T10:58:26.357+0000] {dagbag.py:588} INFO - Filling up the DagBag from /opt/bitnami/airflow/venv/lib/python3.12/site-packages/airflow/example_dags/plugins/listener_plugin.py
[2024-12-13T10:58:26.360+0000] {processor.py:927} WARNING - No viable dags retrieved from /opt/bitnami/airflow/venv/lib/python3.12/site-packages/airflow/example_dags/plugins/listener_plugin.py
[2024-12-13T10:58:26.400+0000] {processor.py:208} INFO - Processing /opt/bitnami/airflow/venv/lib/python3.12/site-packages/airflow/example_dags/plugins/listener_plugin.py took 0.052 seconds
[2024-12-13T10:58:57.725+0000] {processor.py:186} INFO - Started process (PID=840) to work on /opt/bitnami/airflow/venv/lib/python3.12/site-packages/airflow/example_dags/plugins/listener_plugin.py
[2024-12-13T10:58:57.727+0000] {processor.py:914} INFO - Processing file /opt/bitnami/airflow/venv/lib/python3.12/site-packages/airflow/example_dags/plugins/listener_plugin.py for tasks to queue
[2024-12-13T10:58:57.729+0000] {logging_mixin.py:190} INFO - [2024-12-13T10:58:57.729+0000] {dagbag.py:588} INFO - Filling up the DagBag from /opt/bitnami/airflow/venv/lib/python3.12/site-packages/airflow/example_dags/plugins/listener_plugin.py
[2024-12-13T10:58:57.733+0000] {processor.py:927} WARNING - No viable dags retrieved from /opt/bitnami/airflow/venv/lib/python3.12/site-packages/airflow/example_dags/plugins/listener_plugin.py
[2024-12-13T10:58:57.807+0000] {processor.py:208} INFO - Processing /opt/bitnami/airflow/venv/lib/python3.12/site-packages/airflow/example_dags/plugins/listener_plugin.py took 0.087 seconds
[2024-12-13T11:07:35.731+0000] {processor.py:186} INFO - Started process (PID=99) to work on /opt/bitnami/airflow/venv/lib/python3.12/site-packages/airflow/example_dags/plugins/listener_plugin.py
[2024-12-13T11:07:35.732+0000] {processor.py:914} INFO - Processing file /opt/bitnami/airflow/venv/lib/python3.12/site-packages/airflow/example_dags/plugins/listener_plugin.py for tasks to queue
[2024-12-13T11:07:35.734+0000] {logging_mixin.py:190} INFO - [2024-12-13T11:07:35.734+0000] {dagbag.py:588} INFO - Filling up the DagBag from /opt/bitnami/airflow/venv/lib/python3.12/site-packages/airflow/example_dags/plugins/listener_plugin.py
[2024-12-13T11:07:35.738+0000] {processor.py:927} WARNING - No viable dags retrieved from /opt/bitnami/airflow/venv/lib/python3.12/site-packages/airflow/example_dags/plugins/listener_plugin.py
[2024-12-13T11:07:35.827+0000] {processor.py:208} INFO - Processing /opt/bitnami/airflow/venv/lib/python3.12/site-packages/airflow/example_dags/plugins/listener_plugin.py took 0.101 seconds
[2024-12-13T11:08:06.310+0000] {processor.py:186} INFO - Started process (PID=156) to work on /opt/bitnami/airflow/venv/lib/python3.12/site-packages/airflow/example_dags/plugins/listener_plugin.py
[2024-12-13T11:08:06.312+0000] {processor.py:914} INFO - Processing file /opt/bitnami/airflow/venv/lib/python3.12/site-packages/airflow/example_dags/plugins/listener_plugin.py for tasks to queue
[2024-12-13T11:08:06.314+0000] {logging_mixin.py:190} INFO - [2024-12-13T11:08:06.313+0000] {dagbag.py:588} INFO - Filling up the DagBag from /opt/bitnami/airflow/venv/lib/python3.12/site-packages/airflow/example_dags/plugins/listener_plugin.py
[2024-12-13T11:08:06.316+0000] {processor.py:927} WARNING - No viable dags retrieved from /opt/bitnami/airflow/venv/lib/python3.12/site-packages/airflow/example_dags/plugins/listener_plugin.py
[2024-12-13T11:08:06.368+0000] {processor.py:208} INFO - Processing /opt/bitnami/airflow/venv/lib/python3.12/site-packages/airflow/example_dags/plugins/listener_plugin.py took 0.062 seconds
[2024-12-13T11:08:39.018+0000] {processor.py:186} INFO - Started process (PID=213) to work on /opt/bitnami/airflow/venv/lib/python3.12/site-packages/airflow/example_dags/plugins/listener_plugin.py
[2024-12-13T11:08:39.019+0000] {processor.py:914} INFO - Processing file /opt/bitnami/airflow/venv/lib/python3.12/site-packages/airflow/example_dags/plugins/listener_plugin.py for tasks to queue
[2024-12-13T11:08:39.022+0000] {logging_mixin.py:190} INFO - [2024-12-13T11:08:39.022+0000] {dagbag.py:588} INFO - Filling up the DagBag from /opt/bitnami/airflow/venv/lib/python3.12/site-packages/airflow/example_dags/plugins/listener_plugin.py
[2024-12-13T11:08:39.024+0000] {processor.py:927} WARNING - No viable dags retrieved from /opt/bitnami/airflow/venv/lib/python3.12/site-packages/airflow/example_dags/plugins/listener_plugin.py
[2024-12-13T11:08:39.073+0000] {processor.py:208} INFO - Processing /opt/bitnami/airflow/venv/lib/python3.12/site-packages/airflow/example_dags/plugins/listener_plugin.py took 0.060 seconds
[2024-12-13T11:09:09.327+0000] {processor.py:186} INFO - Started process (PID=270) to work on /opt/bitnami/airflow/venv/lib/python3.12/site-packages/airflow/example_dags/plugins/listener_plugin.py
[2024-12-13T11:09:09.328+0000] {processor.py:914} INFO - Processing file /opt/bitnami/airflow/venv/lib/python3.12/site-packages/airflow/example_dags/plugins/listener_plugin.py for tasks to queue
[2024-12-13T11:09:09.332+0000] {logging_mixin.py:190} INFO - [2024-12-13T11:09:09.331+0000] {dagbag.py:588} INFO - Filling up the DagBag from /opt/bitnami/airflow/venv/lib/python3.12/site-packages/airflow/example_dags/plugins/listener_plugin.py
[2024-12-13T11:09:09.334+0000] {processor.py:927} WARNING - No viable dags retrieved from /opt/bitnami/airflow/venv/lib/python3.12/site-packages/airflow/example_dags/plugins/listener_plugin.py
[2024-12-13T11:09:09.372+0000] {processor.py:208} INFO - Processing /opt/bitnami/airflow/venv/lib/python3.12/site-packages/airflow/example_dags/plugins/listener_plugin.py took 0.052 seconds
[2024-12-13T11:13:46.995+0000] {processor.py:186} INFO - Started process (PID=99) to work on /opt/bitnami/airflow/venv/lib/python3.12/site-packages/airflow/example_dags/plugins/listener_plugin.py
[2024-12-13T11:13:46.997+0000] {processor.py:914} INFO - Processing file /opt/bitnami/airflow/venv/lib/python3.12/site-packages/airflow/example_dags/plugins/listener_plugin.py for tasks to queue
[2024-12-13T11:13:47.000+0000] {logging_mixin.py:190} INFO - [2024-12-13T11:13:46.999+0000] {dagbag.py:588} INFO - Filling up the DagBag from /opt/bitnami/airflow/venv/lib/python3.12/site-packages/airflow/example_dags/plugins/listener_plugin.py
[2024-12-13T11:13:47.003+0000] {processor.py:927} WARNING - No viable dags retrieved from /opt/bitnami/airflow/venv/lib/python3.12/site-packages/airflow/example_dags/plugins/listener_plugin.py
[2024-12-13T11:13:47.080+0000] {processor.py:208} INFO - Processing /opt/bitnami/airflow/venv/lib/python3.12/site-packages/airflow/example_dags/plugins/listener_plugin.py took 0.092 seconds
[2024-12-13T11:14:18.024+0000] {processor.py:186} INFO - Started process (PID=156) to work on /opt/bitnami/airflow/venv/lib/python3.12/site-packages/airflow/example_dags/plugins/listener_plugin.py
[2024-12-13T11:14:18.026+0000] {processor.py:914} INFO - Processing file /opt/bitnami/airflow/venv/lib/python3.12/site-packages/airflow/example_dags/plugins/listener_plugin.py for tasks to queue
[2024-12-13T11:14:18.028+0000] {logging_mixin.py:190} INFO - [2024-12-13T11:14:18.028+0000] {dagbag.py:588} INFO - Filling up the DagBag from /opt/bitnami/airflow/venv/lib/python3.12/site-packages/airflow/example_dags/plugins/listener_plugin.py
[2024-12-13T11:14:18.031+0000] {processor.py:927} WARNING - No viable dags retrieved from /opt/bitnami/airflow/venv/lib/python3.12/site-packages/airflow/example_dags/plugins/listener_plugin.py
[2024-12-13T11:14:18.146+0000] {processor.py:208} INFO - Processing /opt/bitnami/airflow/venv/lib/python3.12/site-packages/airflow/example_dags/plugins/listener_plugin.py took 0.128 seconds
[2024-12-13T11:14:52.531+0000] {processor.py:186} INFO - Started process (PID=213) to work on /opt/bitnami/airflow/venv/lib/python3.12/site-packages/airflow/example_dags/plugins/listener_plugin.py
[2024-12-13T11:14:52.533+0000] {processor.py:914} INFO - Processing file /opt/bitnami/airflow/venv/lib/python3.12/site-packages/airflow/example_dags/plugins/listener_plugin.py for tasks to queue
[2024-12-13T11:14:52.536+0000] {logging_mixin.py:190} INFO - [2024-12-13T11:14:52.536+0000] {dagbag.py:588} INFO - Filling up the DagBag from /opt/bitnami/airflow/venv/lib/python3.12/site-packages/airflow/example_dags/plugins/listener_plugin.py
[2024-12-13T11:14:52.540+0000] {processor.py:927} WARNING - No viable dags retrieved from /opt/bitnami/airflow/venv/lib/python3.12/site-packages/airflow/example_dags/plugins/listener_plugin.py
[2024-12-13T11:14:52.636+0000] {processor.py:208} INFO - Processing /opt/bitnami/airflow/venv/lib/python3.12/site-packages/airflow/example_dags/plugins/listener_plugin.py took 0.112 seconds
[2024-12-13T11:15:23.079+0000] {processor.py:186} INFO - Started process (PID=270) to work on /opt/bitnami/airflow/venv/lib/python3.12/site-packages/airflow/example_dags/plugins/listener_plugin.py
[2024-12-13T11:15:23.080+0000] {processor.py:914} INFO - Processing file /opt/bitnami/airflow/venv/lib/python3.12/site-packages/airflow/example_dags/plugins/listener_plugin.py for tasks to queue
[2024-12-13T11:15:23.083+0000] {logging_mixin.py:190} INFO - [2024-12-13T11:15:23.082+0000] {dagbag.py:588} INFO - Filling up the DagBag from /opt/bitnami/airflow/venv/lib/python3.12/site-packages/airflow/example_dags/plugins/listener_plugin.py
[2024-12-13T11:15:23.085+0000] {processor.py:927} WARNING - No viable dags retrieved from /opt/bitnami/airflow/venv/lib/python3.12/site-packages/airflow/example_dags/plugins/listener_plugin.py
[2024-12-13T11:15:23.151+0000] {processor.py:208} INFO - Processing /opt/bitnami/airflow/venv/lib/python3.12/site-packages/airflow/example_dags/plugins/listener_plugin.py took 0.077 seconds
[2024-12-13T11:57:10.337+0000] {processor.py:186} INFO - Started process (PID=99) to work on /opt/bitnami/airflow/venv/lib/python3.12/site-packages/airflow/example_dags/plugins/listener_plugin.py
[2024-12-13T11:57:10.338+0000] {processor.py:914} INFO - Processing file /opt/bitnami/airflow/venv/lib/python3.12/site-packages/airflow/example_dags/plugins/listener_plugin.py for tasks to queue
[2024-12-13T11:57:10.340+0000] {logging_mixin.py:190} INFO - [2024-12-13T11:57:10.340+0000] {dagbag.py:588} INFO - Filling up the DagBag from /opt/bitnami/airflow/venv/lib/python3.12/site-packages/airflow/example_dags/plugins/listener_plugin.py
[2024-12-13T11:57:10.342+0000] {processor.py:927} WARNING - No viable dags retrieved from /opt/bitnami/airflow/venv/lib/python3.12/site-packages/airflow/example_dags/plugins/listener_plugin.py
[2024-12-13T11:57:10.372+0000] {processor.py:208} INFO - Processing /opt/bitnami/airflow/venv/lib/python3.12/site-packages/airflow/example_dags/plugins/listener_plugin.py took 0.040 seconds
[2024-12-13T11:57:42.135+0000] {processor.py:186} INFO - Started process (PID=156) to work on /opt/bitnami/airflow/venv/lib/python3.12/site-packages/airflow/example_dags/plugins/listener_plugin.py
[2024-12-13T11:57:42.136+0000] {processor.py:914} INFO - Processing file /opt/bitnami/airflow/venv/lib/python3.12/site-packages/airflow/example_dags/plugins/listener_plugin.py for tasks to queue
[2024-12-13T11:57:42.138+0000] {logging_mixin.py:190} INFO - [2024-12-13T11:57:42.138+0000] {dagbag.py:588} INFO - Filling up the DagBag from /opt/bitnami/airflow/venv/lib/python3.12/site-packages/airflow/example_dags/plugins/listener_plugin.py
[2024-12-13T11:57:42.139+0000] {processor.py:927} WARNING - No viable dags retrieved from /opt/bitnami/airflow/venv/lib/python3.12/site-packages/airflow/example_dags/plugins/listener_plugin.py
[2024-12-13T11:57:42.161+0000] {processor.py:208} INFO - Processing /opt/bitnami/airflow/venv/lib/python3.12/site-packages/airflow/example_dags/plugins/listener_plugin.py took 0.030 seconds
[2024-12-13T11:58:36.525+0000] {processor.py:186} INFO - Started process (PID=99) to work on /opt/bitnami/airflow/venv/lib/python3.12/site-packages/airflow/example_dags/plugins/listener_plugin.py
[2024-12-13T11:58:36.526+0000] {processor.py:914} INFO - Processing file /opt/bitnami/airflow/venv/lib/python3.12/site-packages/airflow/example_dags/plugins/listener_plugin.py for tasks to queue
[2024-12-13T11:58:36.528+0000] {logging_mixin.py:190} INFO - [2024-12-13T11:58:36.528+0000] {dagbag.py:588} INFO - Filling up the DagBag from /opt/bitnami/airflow/venv/lib/python3.12/site-packages/airflow/example_dags/plugins/listener_plugin.py
[2024-12-13T11:58:36.530+0000] {processor.py:927} WARNING - No viable dags retrieved from /opt/bitnami/airflow/venv/lib/python3.12/site-packages/airflow/example_dags/plugins/listener_plugin.py
[2024-12-13T11:58:36.557+0000] {processor.py:208} INFO - Processing /opt/bitnami/airflow/venv/lib/python3.12/site-packages/airflow/example_dags/plugins/listener_plugin.py took 0.037 seconds
[2024-12-13T11:59:07.963+0000] {processor.py:186} INFO - Started process (PID=156) to work on /opt/bitnami/airflow/venv/lib/python3.12/site-packages/airflow/example_dags/plugins/listener_plugin.py
[2024-12-13T11:59:07.965+0000] {processor.py:914} INFO - Processing file /opt/bitnami/airflow/venv/lib/python3.12/site-packages/airflow/example_dags/plugins/listener_plugin.py for tasks to queue
[2024-12-13T11:59:07.969+0000] {logging_mixin.py:190} INFO - [2024-12-13T11:59:07.969+0000] {dagbag.py:588} INFO - Filling up the DagBag from /opt/bitnami/airflow/venv/lib/python3.12/site-packages/airflow/example_dags/plugins/listener_plugin.py
[2024-12-13T11:59:07.971+0000] {processor.py:927} WARNING - No viable dags retrieved from /opt/bitnami/airflow/venv/lib/python3.12/site-packages/airflow/example_dags/plugins/listener_plugin.py
[2024-12-13T11:59:08.016+0000] {processor.py:208} INFO - Processing /opt/bitnami/airflow/venv/lib/python3.12/site-packages/airflow/example_dags/plugins/listener_plugin.py took 0.058 seconds
[2024-12-13T11:59:39.406+0000] {processor.py:186} INFO - Started process (PID=213) to work on /opt/bitnami/airflow/venv/lib/python3.12/site-packages/airflow/example_dags/plugins/listener_plugin.py
[2024-12-13T11:59:39.407+0000] {processor.py:914} INFO - Processing file /opt/bitnami/airflow/venv/lib/python3.12/site-packages/airflow/example_dags/plugins/listener_plugin.py for tasks to queue
[2024-12-13T11:59:39.409+0000] {logging_mixin.py:190} INFO - [2024-12-13T11:59:39.409+0000] {dagbag.py:588} INFO - Filling up the DagBag from /opt/bitnami/airflow/venv/lib/python3.12/site-packages/airflow/example_dags/plugins/listener_plugin.py
[2024-12-13T11:59:39.411+0000] {processor.py:927} WARNING - No viable dags retrieved from /opt/bitnami/airflow/venv/lib/python3.12/site-packages/airflow/example_dags/plugins/listener_plugin.py
[2024-12-13T11:59:39.438+0000] {processor.py:208} INFO - Processing /opt/bitnami/airflow/venv/lib/python3.12/site-packages/airflow/example_dags/plugins/listener_plugin.py took 0.036 seconds
[2024-12-13T12:00:09.857+0000] {processor.py:186} INFO - Started process (PID=270) to work on /opt/bitnami/airflow/venv/lib/python3.12/site-packages/airflow/example_dags/plugins/listener_plugin.py
[2024-12-13T12:00:09.858+0000] {processor.py:914} INFO - Processing file /opt/bitnami/airflow/venv/lib/python3.12/site-packages/airflow/example_dags/plugins/listener_plugin.py for tasks to queue
[2024-12-13T12:00:09.860+0000] {logging_mixin.py:190} INFO - [2024-12-13T12:00:09.860+0000] {dagbag.py:588} INFO - Filling up the DagBag from /opt/bitnami/airflow/venv/lib/python3.12/site-packages/airflow/example_dags/plugins/listener_plugin.py
[2024-12-13T12:00:09.862+0000] {processor.py:927} WARNING - No viable dags retrieved from /opt/bitnami/airflow/venv/lib/python3.12/site-packages/airflow/example_dags/plugins/listener_plugin.py
[2024-12-13T12:00:09.893+0000] {processor.py:208} INFO - Processing /opt/bitnami/airflow/venv/lib/python3.12/site-packages/airflow/example_dags/plugins/listener_plugin.py took 0.041 seconds
[2024-12-13T12:00:40.604+0000] {processor.py:186} INFO - Started process (PID=327) to work on /opt/bitnami/airflow/venv/lib/python3.12/site-packages/airflow/example_dags/plugins/listener_plugin.py
[2024-12-13T12:00:40.605+0000] {processor.py:914} INFO - Processing file /opt/bitnami/airflow/venv/lib/python3.12/site-packages/airflow/example_dags/plugins/listener_plugin.py for tasks to queue
[2024-12-13T12:00:40.607+0000] {logging_mixin.py:190} INFO - [2024-12-13T12:00:40.607+0000] {dagbag.py:588} INFO - Filling up the DagBag from /opt/bitnami/airflow/venv/lib/python3.12/site-packages/airflow/example_dags/plugins/listener_plugin.py
[2024-12-13T12:00:40.609+0000] {processor.py:927} WARNING - No viable dags retrieved from /opt/bitnami/airflow/venv/lib/python3.12/site-packages/airflow/example_dags/plugins/listener_plugin.py
[2024-12-13T12:00:40.631+0000] {processor.py:208} INFO - Processing /opt/bitnami/airflow/venv/lib/python3.12/site-packages/airflow/example_dags/plugins/listener_plugin.py took 0.032 seconds
[2024-12-13T12:01:11.256+0000] {processor.py:186} INFO - Started process (PID=384) to work on /opt/bitnami/airflow/venv/lib/python3.12/site-packages/airflow/example_dags/plugins/listener_plugin.py
[2024-12-13T12:01:11.258+0000] {processor.py:914} INFO - Processing file /opt/bitnami/airflow/venv/lib/python3.12/site-packages/airflow/example_dags/plugins/listener_plugin.py for tasks to queue
[2024-12-13T12:01:11.260+0000] {logging_mixin.py:190} INFO - [2024-12-13T12:01:11.260+0000] {dagbag.py:588} INFO - Filling up the DagBag from /opt/bitnami/airflow/venv/lib/python3.12/site-packages/airflow/example_dags/plugins/listener_plugin.py
[2024-12-13T12:01:11.262+0000] {processor.py:927} WARNING - No viable dags retrieved from /opt/bitnami/airflow/venv/lib/python3.12/site-packages/airflow/example_dags/plugins/listener_plugin.py
[2024-12-13T12:01:11.301+0000] {processor.py:208} INFO - Processing /opt/bitnami/airflow/venv/lib/python3.12/site-packages/airflow/example_dags/plugins/listener_plugin.py took 0.050 seconds
[2024-12-13T12:01:42.196+0000] {processor.py:186} INFO - Started process (PID=441) to work on /opt/bitnami/airflow/venv/lib/python3.12/site-packages/airflow/example_dags/plugins/listener_plugin.py
[2024-12-13T12:01:42.197+0000] {processor.py:914} INFO - Processing file /opt/bitnami/airflow/venv/lib/python3.12/site-packages/airflow/example_dags/plugins/listener_plugin.py for tasks to queue
[2024-12-13T12:01:42.199+0000] {logging_mixin.py:190} INFO - [2024-12-13T12:01:42.198+0000] {dagbag.py:588} INFO - Filling up the DagBag from /opt/bitnami/airflow/venv/lib/python3.12/site-packages/airflow/example_dags/plugins/listener_plugin.py
[2024-12-13T12:01:42.201+0000] {processor.py:927} WARNING - No viable dags retrieved from /opt/bitnami/airflow/venv/lib/python3.12/site-packages/airflow/example_dags/plugins/listener_plugin.py
[2024-12-13T12:01:42.230+0000] {processor.py:208} INFO - Processing /opt/bitnami/airflow/venv/lib/python3.12/site-packages/airflow/example_dags/plugins/listener_plugin.py took 0.040 seconds
[2024-12-13T12:02:12.603+0000] {processor.py:186} INFO - Started process (PID=498) to work on /opt/bitnami/airflow/venv/lib/python3.12/site-packages/airflow/example_dags/plugins/listener_plugin.py
[2024-12-13T12:02:12.604+0000] {processor.py:914} INFO - Processing file /opt/bitnami/airflow/venv/lib/python3.12/site-packages/airflow/example_dags/plugins/listener_plugin.py for tasks to queue
[2024-12-13T12:02:12.607+0000] {logging_mixin.py:190} INFO - [2024-12-13T12:02:12.607+0000] {dagbag.py:588} INFO - Filling up the DagBag from /opt/bitnami/airflow/venv/lib/python3.12/site-packages/airflow/example_dags/plugins/listener_plugin.py
[2024-12-13T12:02:12.609+0000] {processor.py:927} WARNING - No viable dags retrieved from /opt/bitnami/airflow/venv/lib/python3.12/site-packages/airflow/example_dags/plugins/listener_plugin.py
[2024-12-13T12:02:12.638+0000] {processor.py:208} INFO - Processing /opt/bitnami/airflow/venv/lib/python3.12/site-packages/airflow/example_dags/plugins/listener_plugin.py took 0.039 seconds
