[2024-12-13T08:19:47.176+0000] {processor.py:186} INFO - Started process (PID=96) to work on /opt/bitnami/airflow/venv/lib/python3.12/site-packages/airflow/example_dags/plugins/workday.py
[2024-12-13T08:19:47.177+0000] {processor.py:914} INFO - Processing file /opt/bitnami/airflow/venv/lib/python3.12/site-packages/airflow/example_dags/plugins/workday.py for tasks to queue
[2024-12-13T08:19:47.179+0000] {logging_mixin.py:190} INFO - [2024-12-13T08:19:47.178+0000] {dagbag.py:588} INFO - Filling up the DagBag from /opt/bitnami/airflow/venv/lib/python3.12/site-packages/airflow/example_dags/plugins/workday.py
[2024-12-13T08:19:47.181+0000] {processor.py:927} WARNING - No viable dags retrieved from /opt/bitnami/airflow/venv/lib/python3.12/site-packages/airflow/example_dags/plugins/workday.py
[2024-12-13T08:19:47.207+0000] {processor.py:208} INFO - Processing /opt/bitnami/airflow/venv/lib/python3.12/site-packages/airflow/example_dags/plugins/workday.py took 0.035 seconds
[2024-12-13T08:20:17.345+0000] {processor.py:186} INFO - Started process (PID=153) to work on /opt/bitnami/airflow/venv/lib/python3.12/site-packages/airflow/example_dags/plugins/workday.py
[2024-12-13T08:20:17.345+0000] {processor.py:914} INFO - Processing file /opt/bitnami/airflow/venv/lib/python3.12/site-packages/airflow/example_dags/plugins/workday.py for tasks to queue
[2024-12-13T08:20:17.348+0000] {logging_mixin.py:190} INFO - [2024-12-13T08:20:17.347+0000] {dagbag.py:588} INFO - Filling up the DagBag from /opt/bitnami/airflow/venv/lib/python3.12/site-packages/airflow/example_dags/plugins/workday.py
[2024-12-13T08:20:17.349+0000] {processor.py:927} WARNING - No viable dags retrieved from /opt/bitnami/airflow/venv/lib/python3.12/site-packages/airflow/example_dags/plugins/workday.py
[2024-12-13T08:20:17.369+0000] {processor.py:208} INFO - Processing /opt/bitnami/airflow/venv/lib/python3.12/site-packages/airflow/example_dags/plugins/workday.py took 0.029 seconds
[2024-12-13T08:20:48.752+0000] {processor.py:186} INFO - Started process (PID=210) to work on /opt/bitnami/airflow/venv/lib/python3.12/site-packages/airflow/example_dags/plugins/workday.py
[2024-12-13T08:20:48.753+0000] {processor.py:914} INFO - Processing file /opt/bitnami/airflow/venv/lib/python3.12/site-packages/airflow/example_dags/plugins/workday.py for tasks to queue
[2024-12-13T08:20:48.756+0000] {logging_mixin.py:190} INFO - [2024-12-13T08:20:48.755+0000] {dagbag.py:588} INFO - Filling up the DagBag from /opt/bitnami/airflow/venv/lib/python3.12/site-packages/airflow/example_dags/plugins/workday.py
[2024-12-13T08:20:48.758+0000] {processor.py:927} WARNING - No viable dags retrieved from /opt/bitnami/airflow/venv/lib/python3.12/site-packages/airflow/example_dags/plugins/workday.py
[2024-12-13T08:20:48.793+0000] {processor.py:208} INFO - Processing /opt/bitnami/airflow/venv/lib/python3.12/site-packages/airflow/example_dags/plugins/workday.py took 0.045 seconds
[2024-12-13T08:21:18.890+0000] {processor.py:186} INFO - Started process (PID=267) to work on /opt/bitnami/airflow/venv/lib/python3.12/site-packages/airflow/example_dags/plugins/workday.py
[2024-12-13T08:21:18.891+0000] {processor.py:914} INFO - Processing file /opt/bitnami/airflow/venv/lib/python3.12/site-packages/airflow/example_dags/plugins/workday.py for tasks to queue
[2024-12-13T08:21:18.893+0000] {logging_mixin.py:190} INFO - [2024-12-13T08:21:18.892+0000] {dagbag.py:588} INFO - Filling up the DagBag from /opt/bitnami/airflow/venv/lib/python3.12/site-packages/airflow/example_dags/plugins/workday.py
[2024-12-13T08:21:18.895+0000] {processor.py:927} WARNING - No viable dags retrieved from /opt/bitnami/airflow/venv/lib/python3.12/site-packages/airflow/example_dags/plugins/workday.py
[2024-12-13T08:21:18.919+0000] {processor.py:208} INFO - Processing /opt/bitnami/airflow/venv/lib/python3.12/site-packages/airflow/example_dags/plugins/workday.py took 0.035 seconds
[2024-12-13T08:21:49.699+0000] {processor.py:186} INFO - Started process (PID=324) to work on /opt/bitnami/airflow/venv/lib/python3.12/site-packages/airflow/example_dags/plugins/workday.py
[2024-12-13T08:21:49.701+0000] {processor.py:914} INFO - Processing file /opt/bitnami/airflow/venv/lib/python3.12/site-packages/airflow/example_dags/plugins/workday.py for tasks to queue
[2024-12-13T08:21:49.705+0000] {logging_mixin.py:190} INFO - [2024-12-13T08:21:49.704+0000] {dagbag.py:588} INFO - Filling up the DagBag from /opt/bitnami/airflow/venv/lib/python3.12/site-packages/airflow/example_dags/plugins/workday.py
[2024-12-13T08:21:49.710+0000] {processor.py:927} WARNING - No viable dags retrieved from /opt/bitnami/airflow/venv/lib/python3.12/site-packages/airflow/example_dags/plugins/workday.py
[2024-12-13T08:21:49.760+0000] {processor.py:208} INFO - Processing /opt/bitnami/airflow/venv/lib/python3.12/site-packages/airflow/example_dags/plugins/workday.py took 0.069 seconds
[2024-12-13T08:22:19.938+0000] {processor.py:186} INFO - Started process (PID=381) to work on /opt/bitnami/airflow/venv/lib/python3.12/site-packages/airflow/example_dags/plugins/workday.py
[2024-12-13T08:22:19.939+0000] {processor.py:914} INFO - Processing file /opt/bitnami/airflow/venv/lib/python3.12/site-packages/airflow/example_dags/plugins/workday.py for tasks to queue
[2024-12-13T08:22:19.941+0000] {logging_mixin.py:190} INFO - [2024-12-13T08:22:19.940+0000] {dagbag.py:588} INFO - Filling up the DagBag from /opt/bitnami/airflow/venv/lib/python3.12/site-packages/airflow/example_dags/plugins/workday.py
[2024-12-13T08:22:19.943+0000] {processor.py:927} WARNING - No viable dags retrieved from /opt/bitnami/airflow/venv/lib/python3.12/site-packages/airflow/example_dags/plugins/workday.py
[2024-12-13T08:22:19.965+0000] {processor.py:208} INFO - Processing /opt/bitnami/airflow/venv/lib/python3.12/site-packages/airflow/example_dags/plugins/workday.py took 0.032 seconds
[2024-12-13T08:22:50.754+0000] {processor.py:186} INFO - Started process (PID=438) to work on /opt/bitnami/airflow/venv/lib/python3.12/site-packages/airflow/example_dags/plugins/workday.py
[2024-12-13T08:22:50.755+0000] {processor.py:914} INFO - Processing file /opt/bitnami/airflow/venv/lib/python3.12/site-packages/airflow/example_dags/plugins/workday.py for tasks to queue
[2024-12-13T08:22:50.758+0000] {logging_mixin.py:190} INFO - [2024-12-13T08:22:50.757+0000] {dagbag.py:588} INFO - Filling up the DagBag from /opt/bitnami/airflow/venv/lib/python3.12/site-packages/airflow/example_dags/plugins/workday.py
[2024-12-13T08:22:50.760+0000] {processor.py:927} WARNING - No viable dags retrieved from /opt/bitnami/airflow/venv/lib/python3.12/site-packages/airflow/example_dags/plugins/workday.py
[2024-12-13T08:22:50.789+0000] {processor.py:208} INFO - Processing /opt/bitnami/airflow/venv/lib/python3.12/site-packages/airflow/example_dags/plugins/workday.py took 0.040 seconds
[2024-12-13T08:25:48.395+0000] {processor.py:186} INFO - Started process (PID=96) to work on /opt/bitnami/airflow/venv/lib/python3.12/site-packages/airflow/example_dags/plugins/workday.py
[2024-12-13T08:25:48.396+0000] {processor.py:914} INFO - Processing file /opt/bitnami/airflow/venv/lib/python3.12/site-packages/airflow/example_dags/plugins/workday.py for tasks to queue
[2024-12-13T08:25:48.398+0000] {logging_mixin.py:190} INFO - [2024-12-13T08:25:48.397+0000] {dagbag.py:588} INFO - Filling up the DagBag from /opt/bitnami/airflow/venv/lib/python3.12/site-packages/airflow/example_dags/plugins/workday.py
[2024-12-13T08:25:48.400+0000] {processor.py:927} WARNING - No viable dags retrieved from /opt/bitnami/airflow/venv/lib/python3.12/site-packages/airflow/example_dags/plugins/workday.py
[2024-12-13T08:25:48.426+0000] {processor.py:208} INFO - Processing /opt/bitnami/airflow/venv/lib/python3.12/site-packages/airflow/example_dags/plugins/workday.py took 0.037 seconds
[2024-12-13T08:26:19.207+0000] {processor.py:186} INFO - Started process (PID=153) to work on /opt/bitnami/airflow/venv/lib/python3.12/site-packages/airflow/example_dags/plugins/workday.py
[2024-12-13T08:26:19.208+0000] {processor.py:914} INFO - Processing file /opt/bitnami/airflow/venv/lib/python3.12/site-packages/airflow/example_dags/plugins/workday.py for tasks to queue
[2024-12-13T08:26:19.210+0000] {logging_mixin.py:190} INFO - [2024-12-13T08:26:19.210+0000] {dagbag.py:588} INFO - Filling up the DagBag from /opt/bitnami/airflow/venv/lib/python3.12/site-packages/airflow/example_dags/plugins/workday.py
[2024-12-13T08:26:19.212+0000] {processor.py:927} WARNING - No viable dags retrieved from /opt/bitnami/airflow/venv/lib/python3.12/site-packages/airflow/example_dags/plugins/workday.py
[2024-12-13T08:26:19.235+0000] {processor.py:208} INFO - Processing /opt/bitnami/airflow/venv/lib/python3.12/site-packages/airflow/example_dags/plugins/workday.py took 0.032 seconds
[2024-12-13T08:26:51.434+0000] {processor.py:186} INFO - Started process (PID=210) to work on /opt/bitnami/airflow/venv/lib/python3.12/site-packages/airflow/example_dags/plugins/workday.py
[2024-12-13T08:26:51.435+0000] {processor.py:914} INFO - Processing file /opt/bitnami/airflow/venv/lib/python3.12/site-packages/airflow/example_dags/plugins/workday.py for tasks to queue
[2024-12-13T08:26:51.438+0000] {logging_mixin.py:190} INFO - [2024-12-13T08:26:51.438+0000] {dagbag.py:588} INFO - Filling up the DagBag from /opt/bitnami/airflow/venv/lib/python3.12/site-packages/airflow/example_dags/plugins/workday.py
[2024-12-13T08:26:51.440+0000] {processor.py:927} WARNING - No viable dags retrieved from /opt/bitnami/airflow/venv/lib/python3.12/site-packages/airflow/example_dags/plugins/workday.py
[2024-12-13T08:26:51.477+0000] {processor.py:208} INFO - Processing /opt/bitnami/airflow/venv/lib/python3.12/site-packages/airflow/example_dags/plugins/workday.py took 0.049 seconds
[2024-12-13T08:27:21.678+0000] {processor.py:186} INFO - Started process (PID=267) to work on /opt/bitnami/airflow/venv/lib/python3.12/site-packages/airflow/example_dags/plugins/workday.py
[2024-12-13T08:27:21.679+0000] {processor.py:914} INFO - Processing file /opt/bitnami/airflow/venv/lib/python3.12/site-packages/airflow/example_dags/plugins/workday.py for tasks to queue
[2024-12-13T08:27:21.681+0000] {logging_mixin.py:190} INFO - [2024-12-13T08:27:21.680+0000] {dagbag.py:588} INFO - Filling up the DagBag from /opt/bitnami/airflow/venv/lib/python3.12/site-packages/airflow/example_dags/plugins/workday.py
[2024-12-13T08:27:21.683+0000] {processor.py:927} WARNING - No viable dags retrieved from /opt/bitnami/airflow/venv/lib/python3.12/site-packages/airflow/example_dags/plugins/workday.py
[2024-12-13T08:27:21.714+0000] {processor.py:208} INFO - Processing /opt/bitnami/airflow/venv/lib/python3.12/site-packages/airflow/example_dags/plugins/workday.py took 0.041 seconds
[2024-12-13T10:42:46.163+0000] {processor.py:186} INFO - Started process (PID=96) to work on /opt/bitnami/airflow/venv/lib/python3.12/site-packages/airflow/example_dags/plugins/workday.py
[2024-12-13T10:42:46.165+0000] {processor.py:914} INFO - Processing file /opt/bitnami/airflow/venv/lib/python3.12/site-packages/airflow/example_dags/plugins/workday.py for tasks to queue
[2024-12-13T10:42:46.168+0000] {logging_mixin.py:190} INFO - [2024-12-13T10:42:46.168+0000] {dagbag.py:588} INFO - Filling up the DagBag from /opt/bitnami/airflow/venv/lib/python3.12/site-packages/airflow/example_dags/plugins/workday.py
[2024-12-13T10:42:46.171+0000] {processor.py:927} WARNING - No viable dags retrieved from /opt/bitnami/airflow/venv/lib/python3.12/site-packages/airflow/example_dags/plugins/workday.py
[2024-12-13T10:42:46.285+0000] {processor.py:208} INFO - Processing /opt/bitnami/airflow/venv/lib/python3.12/site-packages/airflow/example_dags/plugins/workday.py took 0.128 seconds
[2024-12-13T10:43:16.649+0000] {processor.py:186} INFO - Started process (PID=153) to work on /opt/bitnami/airflow/venv/lib/python3.12/site-packages/airflow/example_dags/plugins/workday.py
[2024-12-13T10:43:16.651+0000] {processor.py:914} INFO - Processing file /opt/bitnami/airflow/venv/lib/python3.12/site-packages/airflow/example_dags/plugins/workday.py for tasks to queue
[2024-12-13T10:43:16.653+0000] {logging_mixin.py:190} INFO - [2024-12-13T10:43:16.653+0000] {dagbag.py:588} INFO - Filling up the DagBag from /opt/bitnami/airflow/venv/lib/python3.12/site-packages/airflow/example_dags/plugins/workday.py
[2024-12-13T10:43:16.656+0000] {processor.py:927} WARNING - No viable dags retrieved from /opt/bitnami/airflow/venv/lib/python3.12/site-packages/airflow/example_dags/plugins/workday.py
[2024-12-13T10:43:16.734+0000] {processor.py:208} INFO - Processing /opt/bitnami/airflow/venv/lib/python3.12/site-packages/airflow/example_dags/plugins/workday.py took 0.090 seconds
[2024-12-13T10:43:47.226+0000] {processor.py:186} INFO - Started process (PID=210) to work on /opt/bitnami/airflow/venv/lib/python3.12/site-packages/airflow/example_dags/plugins/workday.py
[2024-12-13T10:43:47.228+0000] {processor.py:914} INFO - Processing file /opt/bitnami/airflow/venv/lib/python3.12/site-packages/airflow/example_dags/plugins/workday.py for tasks to queue
[2024-12-13T10:43:47.233+0000] {logging_mixin.py:190} INFO - [2024-12-13T10:43:47.233+0000] {dagbag.py:588} INFO - Filling up the DagBag from /opt/bitnami/airflow/venv/lib/python3.12/site-packages/airflow/example_dags/plugins/workday.py
[2024-12-13T10:43:47.237+0000] {processor.py:927} WARNING - No viable dags retrieved from /opt/bitnami/airflow/venv/lib/python3.12/site-packages/airflow/example_dags/plugins/workday.py
[2024-12-13T10:43:47.323+0000] {processor.py:208} INFO - Processing /opt/bitnami/airflow/venv/lib/python3.12/site-packages/airflow/example_dags/plugins/workday.py took 0.102 seconds
[2024-12-13T10:44:17.830+0000] {processor.py:186} INFO - Started process (PID=267) to work on /opt/bitnami/airflow/venv/lib/python3.12/site-packages/airflow/example_dags/plugins/workday.py
[2024-12-13T10:44:17.831+0000] {processor.py:914} INFO - Processing file /opt/bitnami/airflow/venv/lib/python3.12/site-packages/airflow/example_dags/plugins/workday.py for tasks to queue
[2024-12-13T10:44:17.833+0000] {logging_mixin.py:190} INFO - [2024-12-13T10:44:17.833+0000] {dagbag.py:588} INFO - Filling up the DagBag from /opt/bitnami/airflow/venv/lib/python3.12/site-packages/airflow/example_dags/plugins/workday.py
[2024-12-13T10:44:17.836+0000] {processor.py:927} WARNING - No viable dags retrieved from /opt/bitnami/airflow/venv/lib/python3.12/site-packages/airflow/example_dags/plugins/workday.py
[2024-12-13T10:44:17.898+0000] {processor.py:208} INFO - Processing /opt/bitnami/airflow/venv/lib/python3.12/site-packages/airflow/example_dags/plugins/workday.py took 0.073 seconds
[2024-12-13T10:44:48.260+0000] {processor.py:186} INFO - Started process (PID=324) to work on /opt/bitnami/airflow/venv/lib/python3.12/site-packages/airflow/example_dags/plugins/workday.py
[2024-12-13T10:44:48.261+0000] {processor.py:914} INFO - Processing file /opt/bitnami/airflow/venv/lib/python3.12/site-packages/airflow/example_dags/plugins/workday.py for tasks to queue
[2024-12-13T10:44:48.264+0000] {logging_mixin.py:190} INFO - [2024-12-13T10:44:48.263+0000] {dagbag.py:588} INFO - Filling up the DagBag from /opt/bitnami/airflow/venv/lib/python3.12/site-packages/airflow/example_dags/plugins/workday.py
[2024-12-13T10:44:48.266+0000] {processor.py:927} WARNING - No viable dags retrieved from /opt/bitnami/airflow/venv/lib/python3.12/site-packages/airflow/example_dags/plugins/workday.py
[2024-12-13T10:44:48.301+0000] {processor.py:208} INFO - Processing /opt/bitnami/airflow/venv/lib/python3.12/site-packages/airflow/example_dags/plugins/workday.py took 0.046 seconds
[2024-12-13T10:52:17.112+0000] {processor.py:186} INFO - Started process (PID=96) to work on /opt/bitnami/airflow/venv/lib/python3.12/site-packages/airflow/example_dags/plugins/workday.py
[2024-12-13T10:52:17.113+0000] {processor.py:914} INFO - Processing file /opt/bitnami/airflow/venv/lib/python3.12/site-packages/airflow/example_dags/plugins/workday.py for tasks to queue
[2024-12-13T10:52:17.115+0000] {logging_mixin.py:190} INFO - [2024-12-13T10:52:17.115+0000] {dagbag.py:588} INFO - Filling up the DagBag from /opt/bitnami/airflow/venv/lib/python3.12/site-packages/airflow/example_dags/plugins/workday.py
[2024-12-13T10:52:17.117+0000] {processor.py:927} WARNING - No viable dags retrieved from /opt/bitnami/airflow/venv/lib/python3.12/site-packages/airflow/example_dags/plugins/workday.py
[2024-12-13T10:52:17.171+0000] {processor.py:208} INFO - Processing /opt/bitnami/airflow/venv/lib/python3.12/site-packages/airflow/example_dags/plugins/workday.py took 0.064 seconds
[2024-12-13T10:52:48.128+0000] {processor.py:186} INFO - Started process (PID=153) to work on /opt/bitnami/airflow/venv/lib/python3.12/site-packages/airflow/example_dags/plugins/workday.py
[2024-12-13T10:52:48.129+0000] {processor.py:914} INFO - Processing file /opt/bitnami/airflow/venv/lib/python3.12/site-packages/airflow/example_dags/plugins/workday.py for tasks to queue
[2024-12-13T10:52:48.131+0000] {logging_mixin.py:190} INFO - [2024-12-13T10:52:48.131+0000] {dagbag.py:588} INFO - Filling up the DagBag from /opt/bitnami/airflow/venv/lib/python3.12/site-packages/airflow/example_dags/plugins/workday.py
[2024-12-13T10:52:48.134+0000] {processor.py:927} WARNING - No viable dags retrieved from /opt/bitnami/airflow/venv/lib/python3.12/site-packages/airflow/example_dags/plugins/workday.py
[2024-12-13T10:52:48.222+0000] {processor.py:208} INFO - Processing /opt/bitnami/airflow/venv/lib/python3.12/site-packages/airflow/example_dags/plugins/workday.py took 0.102 seconds
[2024-12-13T10:53:19.412+0000] {processor.py:186} INFO - Started process (PID=210) to work on /opt/bitnami/airflow/venv/lib/python3.12/site-packages/airflow/example_dags/plugins/workday.py
[2024-12-13T10:53:19.414+0000] {processor.py:914} INFO - Processing file /opt/bitnami/airflow/venv/lib/python3.12/site-packages/airflow/example_dags/plugins/workday.py for tasks to queue
[2024-12-13T10:53:19.417+0000] {logging_mixin.py:190} INFO - [2024-12-13T10:53:19.417+0000] {dagbag.py:588} INFO - Filling up the DagBag from /opt/bitnami/airflow/venv/lib/python3.12/site-packages/airflow/example_dags/plugins/workday.py
[2024-12-13T10:53:19.420+0000] {processor.py:927} WARNING - No viable dags retrieved from /opt/bitnami/airflow/venv/lib/python3.12/site-packages/airflow/example_dags/plugins/workday.py
[2024-12-13T10:53:19.480+0000] {processor.py:208} INFO - Processing /opt/bitnami/airflow/venv/lib/python3.12/site-packages/airflow/example_dags/plugins/workday.py took 0.075 seconds
[2024-12-13T10:53:49.748+0000] {processor.py:186} INFO - Started process (PID=267) to work on /opt/bitnami/airflow/venv/lib/python3.12/site-packages/airflow/example_dags/plugins/workday.py
[2024-12-13T10:53:49.750+0000] {processor.py:914} INFO - Processing file /opt/bitnami/airflow/venv/lib/python3.12/site-packages/airflow/example_dags/plugins/workday.py for tasks to queue
[2024-12-13T10:53:49.752+0000] {logging_mixin.py:190} INFO - [2024-12-13T10:53:49.752+0000] {dagbag.py:588} INFO - Filling up the DagBag from /opt/bitnami/airflow/venv/lib/python3.12/site-packages/airflow/example_dags/plugins/workday.py
[2024-12-13T10:53:49.754+0000] {processor.py:927} WARNING - No viable dags retrieved from /opt/bitnami/airflow/venv/lib/python3.12/site-packages/airflow/example_dags/plugins/workday.py
[2024-12-13T10:53:49.800+0000] {processor.py:208} INFO - Processing /opt/bitnami/airflow/venv/lib/python3.12/site-packages/airflow/example_dags/plugins/workday.py took 0.058 seconds
[2024-12-13T10:54:20.361+0000] {processor.py:186} INFO - Started process (PID=324) to work on /opt/bitnami/airflow/venv/lib/python3.12/site-packages/airflow/example_dags/plugins/workday.py
[2024-12-13T10:54:20.362+0000] {processor.py:914} INFO - Processing file /opt/bitnami/airflow/venv/lib/python3.12/site-packages/airflow/example_dags/plugins/workday.py for tasks to queue
[2024-12-13T10:54:20.364+0000] {logging_mixin.py:190} INFO - [2024-12-13T10:54:20.364+0000] {dagbag.py:588} INFO - Filling up the DagBag from /opt/bitnami/airflow/venv/lib/python3.12/site-packages/airflow/example_dags/plugins/workday.py
[2024-12-13T10:54:20.366+0000] {processor.py:927} WARNING - No viable dags retrieved from /opt/bitnami/airflow/venv/lib/python3.12/site-packages/airflow/example_dags/plugins/workday.py
[2024-12-13T10:54:20.396+0000] {processor.py:208} INFO - Processing /opt/bitnami/airflow/venv/lib/python3.12/site-packages/airflow/example_dags/plugins/workday.py took 0.041 seconds
[2024-12-13T10:54:50.906+0000] {processor.py:186} INFO - Started process (PID=381) to work on /opt/bitnami/airflow/venv/lib/python3.12/site-packages/airflow/example_dags/plugins/workday.py
[2024-12-13T10:54:50.908+0000] {processor.py:914} INFO - Processing file /opt/bitnami/airflow/venv/lib/python3.12/site-packages/airflow/example_dags/plugins/workday.py for tasks to queue
[2024-12-13T10:54:50.911+0000] {logging_mixin.py:190} INFO - [2024-12-13T10:54:50.910+0000] {dagbag.py:588} INFO - Filling up the DagBag from /opt/bitnami/airflow/venv/lib/python3.12/site-packages/airflow/example_dags/plugins/workday.py
[2024-12-13T10:54:50.914+0000] {processor.py:927} WARNING - No viable dags retrieved from /opt/bitnami/airflow/venv/lib/python3.12/site-packages/airflow/example_dags/plugins/workday.py
[2024-12-13T10:54:51.002+0000] {processor.py:208} INFO - Processing /opt/bitnami/airflow/venv/lib/python3.12/site-packages/airflow/example_dags/plugins/workday.py took 0.102 seconds
[2024-12-13T10:55:21.848+0000] {processor.py:186} INFO - Started process (PID=438) to work on /opt/bitnami/airflow/venv/lib/python3.12/site-packages/airflow/example_dags/plugins/workday.py
[2024-12-13T10:55:21.849+0000] {processor.py:914} INFO - Processing file /opt/bitnami/airflow/venv/lib/python3.12/site-packages/airflow/example_dags/plugins/workday.py for tasks to queue
[2024-12-13T10:55:21.852+0000] {logging_mixin.py:190} INFO - [2024-12-13T10:55:21.851+0000] {dagbag.py:588} INFO - Filling up the DagBag from /opt/bitnami/airflow/venv/lib/python3.12/site-packages/airflow/example_dags/plugins/workday.py
[2024-12-13T10:55:21.854+0000] {processor.py:927} WARNING - No viable dags retrieved from /opt/bitnami/airflow/venv/lib/python3.12/site-packages/airflow/example_dags/plugins/workday.py
[2024-12-13T10:55:21.914+0000] {processor.py:208} INFO - Processing /opt/bitnami/airflow/venv/lib/python3.12/site-packages/airflow/example_dags/plugins/workday.py took 0.071 seconds
[2024-12-13T10:55:53.004+0000] {processor.py:186} INFO - Started process (PID=495) to work on /opt/bitnami/airflow/venv/lib/python3.12/site-packages/airflow/example_dags/plugins/workday.py
[2024-12-13T10:55:53.005+0000] {processor.py:914} INFO - Processing file /opt/bitnami/airflow/venv/lib/python3.12/site-packages/airflow/example_dags/plugins/workday.py for tasks to queue
[2024-12-13T10:55:53.008+0000] {logging_mixin.py:190} INFO - [2024-12-13T10:55:53.008+0000] {dagbag.py:588} INFO - Filling up the DagBag from /opt/bitnami/airflow/venv/lib/python3.12/site-packages/airflow/example_dags/plugins/workday.py
[2024-12-13T10:55:53.011+0000] {processor.py:927} WARNING - No viable dags retrieved from /opt/bitnami/airflow/venv/lib/python3.12/site-packages/airflow/example_dags/plugins/workday.py
[2024-12-13T10:55:53.082+0000] {processor.py:208} INFO - Processing /opt/bitnami/airflow/venv/lib/python3.12/site-packages/airflow/example_dags/plugins/workday.py took 0.083 seconds
[2024-12-13T10:56:23.643+0000] {processor.py:186} INFO - Started process (PID=552) to work on /opt/bitnami/airflow/venv/lib/python3.12/site-packages/airflow/example_dags/plugins/workday.py
[2024-12-13T10:56:23.643+0000] {processor.py:914} INFO - Processing file /opt/bitnami/airflow/venv/lib/python3.12/site-packages/airflow/example_dags/plugins/workday.py for tasks to queue
[2024-12-13T10:56:23.646+0000] {logging_mixin.py:190} INFO - [2024-12-13T10:56:23.645+0000] {dagbag.py:588} INFO - Filling up the DagBag from /opt/bitnami/airflow/venv/lib/python3.12/site-packages/airflow/example_dags/plugins/workday.py
[2024-12-13T10:56:23.648+0000] {processor.py:927} WARNING - No viable dags retrieved from /opt/bitnami/airflow/venv/lib/python3.12/site-packages/airflow/example_dags/plugins/workday.py
[2024-12-13T10:56:23.704+0000] {processor.py:208} INFO - Processing /opt/bitnami/airflow/venv/lib/python3.12/site-packages/airflow/example_dags/plugins/workday.py took 0.066 seconds
[2024-12-13T10:56:54.637+0000] {processor.py:186} INFO - Started process (PID=609) to work on /opt/bitnami/airflow/venv/lib/python3.12/site-packages/airflow/example_dags/plugins/workday.py
[2024-12-13T10:56:54.638+0000] {processor.py:914} INFO - Processing file /opt/bitnami/airflow/venv/lib/python3.12/site-packages/airflow/example_dags/plugins/workday.py for tasks to queue
[2024-12-13T10:56:54.640+0000] {logging_mixin.py:190} INFO - [2024-12-13T10:56:54.640+0000] {dagbag.py:588} INFO - Filling up the DagBag from /opt/bitnami/airflow/venv/lib/python3.12/site-packages/airflow/example_dags/plugins/workday.py
[2024-12-13T10:56:54.642+0000] {processor.py:927} WARNING - No viable dags retrieved from /opt/bitnami/airflow/venv/lib/python3.12/site-packages/airflow/example_dags/plugins/workday.py
[2024-12-13T10:56:54.700+0000] {processor.py:208} INFO - Processing /opt/bitnami/airflow/venv/lib/python3.12/site-packages/airflow/example_dags/plugins/workday.py took 0.068 seconds
[2024-12-13T10:57:24.991+0000] {processor.py:186} INFO - Started process (PID=666) to work on /opt/bitnami/airflow/venv/lib/python3.12/site-packages/airflow/example_dags/plugins/workday.py
[2024-12-13T10:57:24.992+0000] {processor.py:914} INFO - Processing file /opt/bitnami/airflow/venv/lib/python3.12/site-packages/airflow/example_dags/plugins/workday.py for tasks to queue
[2024-12-13T10:57:24.994+0000] {logging_mixin.py:190} INFO - [2024-12-13T10:57:24.994+0000] {dagbag.py:588} INFO - Filling up the DagBag from /opt/bitnami/airflow/venv/lib/python3.12/site-packages/airflow/example_dags/plugins/workday.py
[2024-12-13T10:57:24.997+0000] {processor.py:927} WARNING - No viable dags retrieved from /opt/bitnami/airflow/venv/lib/python3.12/site-packages/airflow/example_dags/plugins/workday.py
[2024-12-13T10:57:25.056+0000] {processor.py:208} INFO - Processing /opt/bitnami/airflow/venv/lib/python3.12/site-packages/airflow/example_dags/plugins/workday.py took 0.073 seconds
[2024-12-13T10:57:55.220+0000] {processor.py:186} INFO - Started process (PID=723) to work on /opt/bitnami/airflow/venv/lib/python3.12/site-packages/airflow/example_dags/plugins/workday.py
[2024-12-13T10:57:55.221+0000] {processor.py:914} INFO - Processing file /opt/bitnami/airflow/venv/lib/python3.12/site-packages/airflow/example_dags/plugins/workday.py for tasks to queue
[2024-12-13T10:57:55.223+0000] {logging_mixin.py:190} INFO - [2024-12-13T10:57:55.223+0000] {dagbag.py:588} INFO - Filling up the DagBag from /opt/bitnami/airflow/venv/lib/python3.12/site-packages/airflow/example_dags/plugins/workday.py
[2024-12-13T10:57:55.225+0000] {processor.py:927} WARNING - No viable dags retrieved from /opt/bitnami/airflow/venv/lib/python3.12/site-packages/airflow/example_dags/plugins/workday.py
[2024-12-13T10:57:55.260+0000] {processor.py:208} INFO - Processing /opt/bitnami/airflow/venv/lib/python3.12/site-packages/airflow/example_dags/plugins/workday.py took 0.045 seconds
[2024-12-13T10:58:26.169+0000] {processor.py:186} INFO - Started process (PID=780) to work on /opt/bitnami/airflow/venv/lib/python3.12/site-packages/airflow/example_dags/plugins/workday.py
[2024-12-13T10:58:26.171+0000] {processor.py:914} INFO - Processing file /opt/bitnami/airflow/venv/lib/python3.12/site-packages/airflow/example_dags/plugins/workday.py for tasks to queue
[2024-12-13T10:58:26.173+0000] {logging_mixin.py:190} INFO - [2024-12-13T10:58:26.173+0000] {dagbag.py:588} INFO - Filling up the DagBag from /opt/bitnami/airflow/venv/lib/python3.12/site-packages/airflow/example_dags/plugins/workday.py
[2024-12-13T10:58:26.176+0000] {processor.py:927} WARNING - No viable dags retrieved from /opt/bitnami/airflow/venv/lib/python3.12/site-packages/airflow/example_dags/plugins/workday.py
[2024-12-13T10:58:26.247+0000] {processor.py:208} INFO - Processing /opt/bitnami/airflow/venv/lib/python3.12/site-packages/airflow/example_dags/plugins/workday.py took 0.083 seconds
[2024-12-13T10:58:57.486+0000] {processor.py:186} INFO - Started process (PID=837) to work on /opt/bitnami/airflow/venv/lib/python3.12/site-packages/airflow/example_dags/plugins/workday.py
[2024-12-13T10:58:57.488+0000] {processor.py:914} INFO - Processing file /opt/bitnami/airflow/venv/lib/python3.12/site-packages/airflow/example_dags/plugins/workday.py for tasks to queue
[2024-12-13T10:58:57.491+0000] {logging_mixin.py:190} INFO - [2024-12-13T10:58:57.491+0000] {dagbag.py:588} INFO - Filling up the DagBag from /opt/bitnami/airflow/venv/lib/python3.12/site-packages/airflow/example_dags/plugins/workday.py
[2024-12-13T10:58:57.494+0000] {processor.py:927} WARNING - No viable dags retrieved from /opt/bitnami/airflow/venv/lib/python3.12/site-packages/airflow/example_dags/plugins/workday.py
[2024-12-13T10:58:57.606+0000] {processor.py:208} INFO - Processing /opt/bitnami/airflow/venv/lib/python3.12/site-packages/airflow/example_dags/plugins/workday.py took 0.124 seconds
[2024-12-13T11:07:35.435+0000] {processor.py:186} INFO - Started process (PID=96) to work on /opt/bitnami/airflow/venv/lib/python3.12/site-packages/airflow/example_dags/plugins/workday.py
[2024-12-13T11:07:35.437+0000] {processor.py:914} INFO - Processing file /opt/bitnami/airflow/venv/lib/python3.12/site-packages/airflow/example_dags/plugins/workday.py for tasks to queue
[2024-12-13T11:07:35.440+0000] {logging_mixin.py:190} INFO - [2024-12-13T11:07:35.440+0000] {dagbag.py:588} INFO - Filling up the DagBag from /opt/bitnami/airflow/venv/lib/python3.12/site-packages/airflow/example_dags/plugins/workday.py
[2024-12-13T11:07:35.443+0000] {processor.py:927} WARNING - No viable dags retrieved from /opt/bitnami/airflow/venv/lib/python3.12/site-packages/airflow/example_dags/plugins/workday.py
[2024-12-13T11:07:35.519+0000] {processor.py:208} INFO - Processing /opt/bitnami/airflow/venv/lib/python3.12/site-packages/airflow/example_dags/plugins/workday.py took 0.089 seconds
[2024-12-13T11:08:05.964+0000] {processor.py:186} INFO - Started process (PID=153) to work on /opt/bitnami/airflow/venv/lib/python3.12/site-packages/airflow/example_dags/plugins/workday.py
[2024-12-13T11:08:05.966+0000] {processor.py:914} INFO - Processing file /opt/bitnami/airflow/venv/lib/python3.12/site-packages/airflow/example_dags/plugins/workday.py for tasks to queue
[2024-12-13T11:08:05.968+0000] {logging_mixin.py:190} INFO - [2024-12-13T11:08:05.968+0000] {dagbag.py:588} INFO - Filling up the DagBag from /opt/bitnami/airflow/venv/lib/python3.12/site-packages/airflow/example_dags/plugins/workday.py
[2024-12-13T11:08:05.971+0000] {processor.py:927} WARNING - No viable dags retrieved from /opt/bitnami/airflow/venv/lib/python3.12/site-packages/airflow/example_dags/plugins/workday.py
[2024-12-13T11:08:06.063+0000] {processor.py:208} INFO - Processing /opt/bitnami/airflow/venv/lib/python3.12/site-packages/airflow/example_dags/plugins/workday.py took 0.105 seconds
[2024-12-13T11:08:38.783+0000] {processor.py:186} INFO - Started process (PID=210) to work on /opt/bitnami/airflow/venv/lib/python3.12/site-packages/airflow/example_dags/plugins/workday.py
[2024-12-13T11:08:38.785+0000] {processor.py:914} INFO - Processing file /opt/bitnami/airflow/venv/lib/python3.12/site-packages/airflow/example_dags/plugins/workday.py for tasks to queue
[2024-12-13T11:08:38.787+0000] {logging_mixin.py:190} INFO - [2024-12-13T11:08:38.787+0000] {dagbag.py:588} INFO - Filling up the DagBag from /opt/bitnami/airflow/venv/lib/python3.12/site-packages/airflow/example_dags/plugins/workday.py
[2024-12-13T11:08:38.790+0000] {processor.py:927} WARNING - No viable dags retrieved from /opt/bitnami/airflow/venv/lib/python3.12/site-packages/airflow/example_dags/plugins/workday.py
[2024-12-13T11:08:38.861+0000] {processor.py:208} INFO - Processing /opt/bitnami/airflow/venv/lib/python3.12/site-packages/airflow/example_dags/plugins/workday.py took 0.084 seconds
[2024-12-13T11:09:09.117+0000] {processor.py:186} INFO - Started process (PID=267) to work on /opt/bitnami/airflow/venv/lib/python3.12/site-packages/airflow/example_dags/plugins/workday.py
[2024-12-13T11:09:09.118+0000] {processor.py:914} INFO - Processing file /opt/bitnami/airflow/venv/lib/python3.12/site-packages/airflow/example_dags/plugins/workday.py for tasks to queue
[2024-12-13T11:09:09.121+0000] {logging_mixin.py:190} INFO - [2024-12-13T11:09:09.121+0000] {dagbag.py:588} INFO - Filling up the DagBag from /opt/bitnami/airflow/venv/lib/python3.12/site-packages/airflow/example_dags/plugins/workday.py
[2024-12-13T11:09:09.125+0000] {processor.py:927} WARNING - No viable dags retrieved from /opt/bitnami/airflow/venv/lib/python3.12/site-packages/airflow/example_dags/plugins/workday.py
[2024-12-13T11:09:09.190+0000] {processor.py:208} INFO - Processing /opt/bitnami/airflow/venv/lib/python3.12/site-packages/airflow/example_dags/plugins/workday.py took 0.079 seconds
[2024-12-13T11:13:46.666+0000] {processor.py:186} INFO - Started process (PID=96) to work on /opt/bitnami/airflow/venv/lib/python3.12/site-packages/airflow/example_dags/plugins/workday.py
[2024-12-13T11:13:46.667+0000] {processor.py:914} INFO - Processing file /opt/bitnami/airflow/venv/lib/python3.12/site-packages/airflow/example_dags/plugins/workday.py for tasks to queue
[2024-12-13T11:13:46.671+0000] {logging_mixin.py:190} INFO - [2024-12-13T11:13:46.670+0000] {dagbag.py:588} INFO - Filling up the DagBag from /opt/bitnami/airflow/venv/lib/python3.12/site-packages/airflow/example_dags/plugins/workday.py
[2024-12-13T11:13:46.675+0000] {processor.py:927} WARNING - No viable dags retrieved from /opt/bitnami/airflow/venv/lib/python3.12/site-packages/airflow/example_dags/plugins/workday.py
[2024-12-13T11:13:46.772+0000] {processor.py:208} INFO - Processing /opt/bitnami/airflow/venv/lib/python3.12/site-packages/airflow/example_dags/plugins/workday.py took 0.116 seconds
[2024-12-13T11:14:16.843+0000] {processor.py:186} INFO - Started process (PID=153) to work on /opt/bitnami/airflow/venv/lib/python3.12/site-packages/airflow/example_dags/plugins/workday.py
[2024-12-13T11:14:16.844+0000] {processor.py:914} INFO - Processing file /opt/bitnami/airflow/venv/lib/python3.12/site-packages/airflow/example_dags/plugins/workday.py for tasks to queue
[2024-12-13T11:14:16.847+0000] {logging_mixin.py:190} INFO - [2024-12-13T11:14:16.846+0000] {dagbag.py:588} INFO - Filling up the DagBag from /opt/bitnami/airflow/venv/lib/python3.12/site-packages/airflow/example_dags/plugins/workday.py
[2024-12-13T11:14:16.849+0000] {processor.py:927} WARNING - No viable dags retrieved from /opt/bitnami/airflow/venv/lib/python3.12/site-packages/airflow/example_dags/plugins/workday.py
[2024-12-13T11:14:16.903+0000] {processor.py:208} INFO - Processing /opt/bitnami/airflow/venv/lib/python3.12/site-packages/airflow/example_dags/plugins/workday.py took 0.066 seconds
[2024-12-13T11:14:52.301+0000] {processor.py:186} INFO - Started process (PID=210) to work on /opt/bitnami/airflow/venv/lib/python3.12/site-packages/airflow/example_dags/plugins/workday.py
[2024-12-13T11:14:52.302+0000] {processor.py:914} INFO - Processing file /opt/bitnami/airflow/venv/lib/python3.12/site-packages/airflow/example_dags/plugins/workday.py for tasks to queue
[2024-12-13T11:14:52.305+0000] {logging_mixin.py:190} INFO - [2024-12-13T11:14:52.305+0000] {dagbag.py:588} INFO - Filling up the DagBag from /opt/bitnami/airflow/venv/lib/python3.12/site-packages/airflow/example_dags/plugins/workday.py
[2024-12-13T11:14:52.309+0000] {processor.py:927} WARNING - No viable dags retrieved from /opt/bitnami/airflow/venv/lib/python3.12/site-packages/airflow/example_dags/plugins/workday.py
[2024-12-13T11:14:52.391+0000] {processor.py:208} INFO - Processing /opt/bitnami/airflow/venv/lib/python3.12/site-packages/airflow/example_dags/plugins/workday.py took 0.096 seconds
[2024-12-13T11:15:22.877+0000] {processor.py:186} INFO - Started process (PID=267) to work on /opt/bitnami/airflow/venv/lib/python3.12/site-packages/airflow/example_dags/plugins/workday.py
[2024-12-13T11:15:22.879+0000] {processor.py:914} INFO - Processing file /opt/bitnami/airflow/venv/lib/python3.12/site-packages/airflow/example_dags/plugins/workday.py for tasks to queue
[2024-12-13T11:15:22.881+0000] {logging_mixin.py:190} INFO - [2024-12-13T11:15:22.881+0000] {dagbag.py:588} INFO - Filling up the DagBag from /opt/bitnami/airflow/venv/lib/python3.12/site-packages/airflow/example_dags/plugins/workday.py
[2024-12-13T11:15:22.884+0000] {processor.py:927} WARNING - No viable dags retrieved from /opt/bitnami/airflow/venv/lib/python3.12/site-packages/airflow/example_dags/plugins/workday.py
[2024-12-13T11:15:22.944+0000] {processor.py:208} INFO - Processing /opt/bitnami/airflow/venv/lib/python3.12/site-packages/airflow/example_dags/plugins/workday.py took 0.073 seconds
[2024-12-13T11:57:10.250+0000] {processor.py:186} INFO - Started process (PID=96) to work on /opt/bitnami/airflow/venv/lib/python3.12/site-packages/airflow/example_dags/plugins/workday.py
[2024-12-13T11:57:10.251+0000] {processor.py:914} INFO - Processing file /opt/bitnami/airflow/venv/lib/python3.12/site-packages/airflow/example_dags/plugins/workday.py for tasks to queue
[2024-12-13T11:57:10.254+0000] {logging_mixin.py:190} INFO - [2024-12-13T11:57:10.254+0000] {dagbag.py:588} INFO - Filling up the DagBag from /opt/bitnami/airflow/venv/lib/python3.12/site-packages/airflow/example_dags/plugins/workday.py
[2024-12-13T11:57:10.256+0000] {processor.py:927} WARNING - No viable dags retrieved from /opt/bitnami/airflow/venv/lib/python3.12/site-packages/airflow/example_dags/plugins/workday.py
[2024-12-13T11:57:10.285+0000] {processor.py:208} INFO - Processing /opt/bitnami/airflow/venv/lib/python3.12/site-packages/airflow/example_dags/plugins/workday.py took 0.041 seconds
[2024-12-13T11:57:42.017+0000] {processor.py:186} INFO - Started process (PID=153) to work on /opt/bitnami/airflow/venv/lib/python3.12/site-packages/airflow/example_dags/plugins/workday.py
[2024-12-13T11:57:42.018+0000] {processor.py:914} INFO - Processing file /opt/bitnami/airflow/venv/lib/python3.12/site-packages/airflow/example_dags/plugins/workday.py for tasks to queue
[2024-12-13T11:57:42.019+0000] {logging_mixin.py:190} INFO - [2024-12-13T11:57:42.019+0000] {dagbag.py:588} INFO - Filling up the DagBag from /opt/bitnami/airflow/venv/lib/python3.12/site-packages/airflow/example_dags/plugins/workday.py
[2024-12-13T11:57:42.021+0000] {processor.py:927} WARNING - No viable dags retrieved from /opt/bitnami/airflow/venv/lib/python3.12/site-packages/airflow/example_dags/plugins/workday.py
[2024-12-13T11:57:42.052+0000] {processor.py:208} INFO - Processing /opt/bitnami/airflow/venv/lib/python3.12/site-packages/airflow/example_dags/plugins/workday.py took 0.040 seconds
[2024-12-13T11:58:36.398+0000] {processor.py:186} INFO - Started process (PID=96) to work on /opt/bitnami/airflow/venv/lib/python3.12/site-packages/airflow/example_dags/plugins/workday.py
[2024-12-13T11:58:36.399+0000] {processor.py:914} INFO - Processing file /opt/bitnami/airflow/venv/lib/python3.12/site-packages/airflow/example_dags/plugins/workday.py for tasks to queue
[2024-12-13T11:58:36.401+0000] {logging_mixin.py:190} INFO - [2024-12-13T11:58:36.401+0000] {dagbag.py:588} INFO - Filling up the DagBag from /opt/bitnami/airflow/venv/lib/python3.12/site-packages/airflow/example_dags/plugins/workday.py
[2024-12-13T11:58:36.403+0000] {processor.py:927} WARNING - No viable dags retrieved from /opt/bitnami/airflow/venv/lib/python3.12/site-packages/airflow/example_dags/plugins/workday.py
[2024-12-13T11:58:36.432+0000] {processor.py:208} INFO - Processing /opt/bitnami/airflow/venv/lib/python3.12/site-packages/airflow/example_dags/plugins/workday.py took 0.039 seconds
[2024-12-13T11:59:07.811+0000] {processor.py:186} INFO - Started process (PID=153) to work on /opt/bitnami/airflow/venv/lib/python3.12/site-packages/airflow/example_dags/plugins/workday.py
[2024-12-13T11:59:07.813+0000] {processor.py:914} INFO - Processing file /opt/bitnami/airflow/venv/lib/python3.12/site-packages/airflow/example_dags/plugins/workday.py for tasks to queue
[2024-12-13T11:59:07.815+0000] {logging_mixin.py:190} INFO - [2024-12-13T11:59:07.815+0000] {dagbag.py:588} INFO - Filling up the DagBag from /opt/bitnami/airflow/venv/lib/python3.12/site-packages/airflow/example_dags/plugins/workday.py
[2024-12-13T11:59:07.818+0000] {processor.py:927} WARNING - No viable dags retrieved from /opt/bitnami/airflow/venv/lib/python3.12/site-packages/airflow/example_dags/plugins/workday.py
[2024-12-13T11:59:07.851+0000] {processor.py:208} INFO - Processing /opt/bitnami/airflow/venv/lib/python3.12/site-packages/airflow/example_dags/plugins/workday.py took 0.044 seconds
[2024-12-13T11:59:39.318+0000] {processor.py:186} INFO - Started process (PID=210) to work on /opt/bitnami/airflow/venv/lib/python3.12/site-packages/airflow/example_dags/plugins/workday.py
[2024-12-13T11:59:39.319+0000] {processor.py:914} INFO - Processing file /opt/bitnami/airflow/venv/lib/python3.12/site-packages/airflow/example_dags/plugins/workday.py for tasks to queue
[2024-12-13T11:59:39.321+0000] {logging_mixin.py:190} INFO - [2024-12-13T11:59:39.321+0000] {dagbag.py:588} INFO - Filling up the DagBag from /opt/bitnami/airflow/venv/lib/python3.12/site-packages/airflow/example_dags/plugins/workday.py
[2024-12-13T11:59:39.324+0000] {processor.py:927} WARNING - No viable dags retrieved from /opt/bitnami/airflow/venv/lib/python3.12/site-packages/airflow/example_dags/plugins/workday.py
[2024-12-13T11:59:39.357+0000] {processor.py:208} INFO - Processing /opt/bitnami/airflow/venv/lib/python3.12/site-packages/airflow/example_dags/plugins/workday.py took 0.045 seconds
[2024-12-13T12:00:09.739+0000] {processor.py:186} INFO - Started process (PID=267) to work on /opt/bitnami/airflow/venv/lib/python3.12/site-packages/airflow/example_dags/plugins/workday.py
[2024-12-13T12:00:09.740+0000] {processor.py:914} INFO - Processing file /opt/bitnami/airflow/venv/lib/python3.12/site-packages/airflow/example_dags/plugins/workday.py for tasks to queue
[2024-12-13T12:00:09.742+0000] {logging_mixin.py:190} INFO - [2024-12-13T12:00:09.742+0000] {dagbag.py:588} INFO - Filling up the DagBag from /opt/bitnami/airflow/venv/lib/python3.12/site-packages/airflow/example_dags/plugins/workday.py
[2024-12-13T12:00:09.744+0000] {processor.py:927} WARNING - No viable dags retrieved from /opt/bitnami/airflow/venv/lib/python3.12/site-packages/airflow/example_dags/plugins/workday.py
[2024-12-13T12:00:09.766+0000] {processor.py:208} INFO - Processing /opt/bitnami/airflow/venv/lib/python3.12/site-packages/airflow/example_dags/plugins/workday.py took 0.031 seconds
[2024-12-13T12:00:40.492+0000] {processor.py:186} INFO - Started process (PID=324) to work on /opt/bitnami/airflow/venv/lib/python3.12/site-packages/airflow/example_dags/plugins/workday.py
[2024-12-13T12:00:40.493+0000] {processor.py:914} INFO - Processing file /opt/bitnami/airflow/venv/lib/python3.12/site-packages/airflow/example_dags/plugins/workday.py for tasks to queue
[2024-12-13T12:00:40.495+0000] {logging_mixin.py:190} INFO - [2024-12-13T12:00:40.495+0000] {dagbag.py:588} INFO - Filling up the DagBag from /opt/bitnami/airflow/venv/lib/python3.12/site-packages/airflow/example_dags/plugins/workday.py
[2024-12-13T12:00:40.497+0000] {processor.py:927} WARNING - No viable dags retrieved from /opt/bitnami/airflow/venv/lib/python3.12/site-packages/airflow/example_dags/plugins/workday.py
[2024-12-13T12:00:40.526+0000] {processor.py:208} INFO - Processing /opt/bitnami/airflow/venv/lib/python3.12/site-packages/airflow/example_dags/plugins/workday.py took 0.039 seconds
[2024-12-13T12:01:11.115+0000] {processor.py:186} INFO - Started process (PID=381) to work on /opt/bitnami/airflow/venv/lib/python3.12/site-packages/airflow/example_dags/plugins/workday.py
[2024-12-13T12:01:11.116+0000] {processor.py:914} INFO - Processing file /opt/bitnami/airflow/venv/lib/python3.12/site-packages/airflow/example_dags/plugins/workday.py for tasks to queue
[2024-12-13T12:01:11.118+0000] {logging_mixin.py:190} INFO - [2024-12-13T12:01:11.118+0000] {dagbag.py:588} INFO - Filling up the DagBag from /opt/bitnami/airflow/venv/lib/python3.12/site-packages/airflow/example_dags/plugins/workday.py
[2024-12-13T12:01:11.120+0000] {processor.py:927} WARNING - No viable dags retrieved from /opt/bitnami/airflow/venv/lib/python3.12/site-packages/airflow/example_dags/plugins/workday.py
[2024-12-13T12:01:11.146+0000] {processor.py:208} INFO - Processing /opt/bitnami/airflow/venv/lib/python3.12/site-packages/airflow/example_dags/plugins/workday.py took 0.036 seconds
[2024-12-13T12:01:42.074+0000] {processor.py:186} INFO - Started process (PID=438) to work on /opt/bitnami/airflow/venv/lib/python3.12/site-packages/airflow/example_dags/plugins/workday.py
[2024-12-13T12:01:42.075+0000] {processor.py:914} INFO - Processing file /opt/bitnami/airflow/venv/lib/python3.12/site-packages/airflow/example_dags/plugins/workday.py for tasks to queue
[2024-12-13T12:01:42.077+0000] {logging_mixin.py:190} INFO - [2024-12-13T12:01:42.077+0000] {dagbag.py:588} INFO - Filling up the DagBag from /opt/bitnami/airflow/venv/lib/python3.12/site-packages/airflow/example_dags/plugins/workday.py
[2024-12-13T12:01:42.079+0000] {processor.py:927} WARNING - No viable dags retrieved from /opt/bitnami/airflow/venv/lib/python3.12/site-packages/airflow/example_dags/plugins/workday.py
[2024-12-13T12:01:42.102+0000] {processor.py:208} INFO - Processing /opt/bitnami/airflow/venv/lib/python3.12/site-packages/airflow/example_dags/plugins/workday.py took 0.034 seconds
[2024-12-13T12:02:12.491+0000] {processor.py:186} INFO - Started process (PID=495) to work on /opt/bitnami/airflow/venv/lib/python3.12/site-packages/airflow/example_dags/plugins/workday.py
[2024-12-13T12:02:12.492+0000] {processor.py:914} INFO - Processing file /opt/bitnami/airflow/venv/lib/python3.12/site-packages/airflow/example_dags/plugins/workday.py for tasks to queue
[2024-12-13T12:02:12.493+0000] {logging_mixin.py:190} INFO - [2024-12-13T12:02:12.493+0000] {dagbag.py:588} INFO - Filling up the DagBag from /opt/bitnami/airflow/venv/lib/python3.12/site-packages/airflow/example_dags/plugins/workday.py
[2024-12-13T12:02:12.496+0000] {processor.py:927} WARNING - No viable dags retrieved from /opt/bitnami/airflow/venv/lib/python3.12/site-packages/airflow/example_dags/plugins/workday.py
[2024-12-13T12:02:12.531+0000] {processor.py:208} INFO - Processing /opt/bitnami/airflow/venv/lib/python3.12/site-packages/airflow/example_dags/plugins/workday.py took 0.045 seconds
