[2024-12-13T08:19:47.108+0000] {processor.py:186} INFO - Started process (PID=95) to work on /opt/bitnami/airflow/venv/lib/python3.12/site-packages/airflow/example_dags/subdags/subdag.py
[2024-12-13T08:19:47.109+0000] {processor.py:914} INFO - Processing file /opt/bitnami/airflow/venv/lib/python3.12/site-packages/airflow/example_dags/subdags/subdag.py for tasks to queue
[2024-12-13T08:19:47.111+0000] {logging_mixin.py:190} INFO - [2024-12-13T08:19:47.111+0000] {dagbag.py:588} INFO - Filling up the DagBag from /opt/bitnami/airflow/venv/lib/python3.12/site-packages/airflow/example_dags/subdags/subdag.py
[2024-12-13T08:19:47.114+0000] {processor.py:927} WARNING - No viable dags retrieved from /opt/bitnami/airflow/venv/lib/python3.12/site-packages/airflow/example_dags/subdags/subdag.py
[2024-12-13T08:19:47.148+0000] {processor.py:208} INFO - Processing /opt/bitnami/airflow/venv/lib/python3.12/site-packages/airflow/example_dags/subdags/subdag.py took 0.045 seconds
[2024-12-13T08:20:17.291+0000] {processor.py:186} INFO - Started process (PID=152) to work on /opt/bitnami/airflow/venv/lib/python3.12/site-packages/airflow/example_dags/subdags/subdag.py
[2024-12-13T08:20:17.292+0000] {processor.py:914} INFO - Processing file /opt/bitnami/airflow/venv/lib/python3.12/site-packages/airflow/example_dags/subdags/subdag.py for tasks to queue
[2024-12-13T08:20:17.294+0000] {logging_mixin.py:190} INFO - [2024-12-13T08:20:17.294+0000] {dagbag.py:588} INFO - Filling up the DagBag from /opt/bitnami/airflow/venv/lib/python3.12/site-packages/airflow/example_dags/subdags/subdag.py
[2024-12-13T08:20:17.296+0000] {processor.py:927} WARNING - No viable dags retrieved from /opt/bitnami/airflow/venv/lib/python3.12/site-packages/airflow/example_dags/subdags/subdag.py
[2024-12-13T08:20:17.320+0000] {processor.py:208} INFO - Processing /opt/bitnami/airflow/venv/lib/python3.12/site-packages/airflow/example_dags/subdags/subdag.py took 0.033 seconds
[2024-12-13T08:20:48.680+0000] {processor.py:186} INFO - Started process (PID=209) to work on /opt/bitnami/airflow/venv/lib/python3.12/site-packages/airflow/example_dags/subdags/subdag.py
[2024-12-13T08:20:48.682+0000] {processor.py:914} INFO - Processing file /opt/bitnami/airflow/venv/lib/python3.12/site-packages/airflow/example_dags/subdags/subdag.py for tasks to queue
[2024-12-13T08:20:48.686+0000] {logging_mixin.py:190} INFO - [2024-12-13T08:20:48.686+0000] {dagbag.py:588} INFO - Filling up the DagBag from /opt/bitnami/airflow/venv/lib/python3.12/site-packages/airflow/example_dags/subdags/subdag.py
[2024-12-13T08:20:48.689+0000] {processor.py:927} WARNING - No viable dags retrieved from /opt/bitnami/airflow/venv/lib/python3.12/site-packages/airflow/example_dags/subdags/subdag.py
[2024-12-13T08:20:48.725+0000] {processor.py:208} INFO - Processing /opt/bitnami/airflow/venv/lib/python3.12/site-packages/airflow/example_dags/subdags/subdag.py took 0.050 seconds
[2024-12-13T08:21:18.834+0000] {processor.py:186} INFO - Started process (PID=266) to work on /opt/bitnami/airflow/venv/lib/python3.12/site-packages/airflow/example_dags/subdags/subdag.py
[2024-12-13T08:21:18.835+0000] {processor.py:914} INFO - Processing file /opt/bitnami/airflow/venv/lib/python3.12/site-packages/airflow/example_dags/subdags/subdag.py for tasks to queue
[2024-12-13T08:21:18.837+0000] {logging_mixin.py:190} INFO - [2024-12-13T08:21:18.837+0000] {dagbag.py:588} INFO - Filling up the DagBag from /opt/bitnami/airflow/venv/lib/python3.12/site-packages/airflow/example_dags/subdags/subdag.py
[2024-12-13T08:21:18.839+0000] {processor.py:927} WARNING - No viable dags retrieved from /opt/bitnami/airflow/venv/lib/python3.12/site-packages/airflow/example_dags/subdags/subdag.py
[2024-12-13T08:21:18.863+0000] {processor.py:208} INFO - Processing /opt/bitnami/airflow/venv/lib/python3.12/site-packages/airflow/example_dags/subdags/subdag.py took 0.033 seconds
[2024-12-13T08:21:49.460+0000] {processor.py:186} INFO - Started process (PID=322) to work on /opt/bitnami/airflow/venv/lib/python3.12/site-packages/airflow/example_dags/subdags/subdag.py
[2024-12-13T08:21:49.460+0000] {processor.py:914} INFO - Processing file /opt/bitnami/airflow/venv/lib/python3.12/site-packages/airflow/example_dags/subdags/subdag.py for tasks to queue
[2024-12-13T08:21:49.462+0000] {logging_mixin.py:190} INFO - [2024-12-13T08:21:49.462+0000] {dagbag.py:588} INFO - Filling up the DagBag from /opt/bitnami/airflow/venv/lib/python3.12/site-packages/airflow/example_dags/subdags/subdag.py
[2024-12-13T08:21:49.464+0000] {processor.py:927} WARNING - No viable dags retrieved from /opt/bitnami/airflow/venv/lib/python3.12/site-packages/airflow/example_dags/subdags/subdag.py
[2024-12-13T08:21:49.499+0000] {processor.py:208} INFO - Processing /opt/bitnami/airflow/venv/lib/python3.12/site-packages/airflow/example_dags/subdags/subdag.py took 0.044 seconds
[2024-12-13T08:22:19.914+0000] {processor.py:186} INFO - Started process (PID=380) to work on /opt/bitnami/airflow/venv/lib/python3.12/site-packages/airflow/example_dags/subdags/subdag.py
[2024-12-13T08:22:19.915+0000] {processor.py:914} INFO - Processing file /opt/bitnami/airflow/venv/lib/python3.12/site-packages/airflow/example_dags/subdags/subdag.py for tasks to queue
[2024-12-13T08:22:19.918+0000] {logging_mixin.py:190} INFO - [2024-12-13T08:22:19.918+0000] {dagbag.py:588} INFO - Filling up the DagBag from /opt/bitnami/airflow/venv/lib/python3.12/site-packages/airflow/example_dags/subdags/subdag.py
[2024-12-13T08:22:19.920+0000] {processor.py:927} WARNING - No viable dags retrieved from /opt/bitnami/airflow/venv/lib/python3.12/site-packages/airflow/example_dags/subdags/subdag.py
[2024-12-13T08:22:19.944+0000] {processor.py:208} INFO - Processing /opt/bitnami/airflow/venv/lib/python3.12/site-packages/airflow/example_dags/subdags/subdag.py took 0.036 seconds
[2024-12-13T08:22:50.677+0000] {processor.py:186} INFO - Started process (PID=437) to work on /opt/bitnami/airflow/venv/lib/python3.12/site-packages/airflow/example_dags/subdags/subdag.py
[2024-12-13T08:22:50.677+0000] {processor.py:914} INFO - Processing file /opt/bitnami/airflow/venv/lib/python3.12/site-packages/airflow/example_dags/subdags/subdag.py for tasks to queue
[2024-12-13T08:22:50.680+0000] {logging_mixin.py:190} INFO - [2024-12-13T08:22:50.680+0000] {dagbag.py:588} INFO - Filling up the DagBag from /opt/bitnami/airflow/venv/lib/python3.12/site-packages/airflow/example_dags/subdags/subdag.py
[2024-12-13T08:22:50.683+0000] {processor.py:927} WARNING - No viable dags retrieved from /opt/bitnami/airflow/venv/lib/python3.12/site-packages/airflow/example_dags/subdags/subdag.py
[2024-12-13T08:22:50.721+0000] {processor.py:208} INFO - Processing /opt/bitnami/airflow/venv/lib/python3.12/site-packages/airflow/example_dags/subdags/subdag.py took 0.051 seconds
[2024-12-13T08:25:48.393+0000] {processor.py:186} INFO - Started process (PID=95) to work on /opt/bitnami/airflow/venv/lib/python3.12/site-packages/airflow/example_dags/subdags/subdag.py
[2024-12-13T08:25:48.394+0000] {processor.py:914} INFO - Processing file /opt/bitnami/airflow/venv/lib/python3.12/site-packages/airflow/example_dags/subdags/subdag.py for tasks to queue
[2024-12-13T08:25:48.396+0000] {logging_mixin.py:190} INFO - [2024-12-13T08:25:48.396+0000] {dagbag.py:588} INFO - Filling up the DagBag from /opt/bitnami/airflow/venv/lib/python3.12/site-packages/airflow/example_dags/subdags/subdag.py
[2024-12-13T08:25:48.398+0000] {processor.py:927} WARNING - No viable dags retrieved from /opt/bitnami/airflow/venv/lib/python3.12/site-packages/airflow/example_dags/subdags/subdag.py
[2024-12-13T08:25:48.426+0000] {processor.py:208} INFO - Processing /opt/bitnami/airflow/venv/lib/python3.12/site-packages/airflow/example_dags/subdags/subdag.py took 0.038 seconds
[2024-12-13T08:26:19.156+0000] {processor.py:186} INFO - Started process (PID=152) to work on /opt/bitnami/airflow/venv/lib/python3.12/site-packages/airflow/example_dags/subdags/subdag.py
[2024-12-13T08:26:19.157+0000] {processor.py:914} INFO - Processing file /opt/bitnami/airflow/venv/lib/python3.12/site-packages/airflow/example_dags/subdags/subdag.py for tasks to queue
[2024-12-13T08:26:19.159+0000] {logging_mixin.py:190} INFO - [2024-12-13T08:26:19.159+0000] {dagbag.py:588} INFO - Filling up the DagBag from /opt/bitnami/airflow/venv/lib/python3.12/site-packages/airflow/example_dags/subdags/subdag.py
[2024-12-13T08:26:19.161+0000] {processor.py:927} WARNING - No viable dags retrieved from /opt/bitnami/airflow/venv/lib/python3.12/site-packages/airflow/example_dags/subdags/subdag.py
[2024-12-13T08:26:19.183+0000] {processor.py:208} INFO - Processing /opt/bitnami/airflow/venv/lib/python3.12/site-packages/airflow/example_dags/subdags/subdag.py took 0.031 seconds
[2024-12-13T08:26:51.409+0000] {processor.py:186} INFO - Started process (PID=209) to work on /opt/bitnami/airflow/venv/lib/python3.12/site-packages/airflow/example_dags/subdags/subdag.py
[2024-12-13T08:26:51.410+0000] {processor.py:914} INFO - Processing file /opt/bitnami/airflow/venv/lib/python3.12/site-packages/airflow/example_dags/subdags/subdag.py for tasks to queue
[2024-12-13T08:26:51.412+0000] {logging_mixin.py:190} INFO - [2024-12-13T08:26:51.412+0000] {dagbag.py:588} INFO - Filling up the DagBag from /opt/bitnami/airflow/venv/lib/python3.12/site-packages/airflow/example_dags/subdags/subdag.py
[2024-12-13T08:26:51.414+0000] {processor.py:927} WARNING - No viable dags retrieved from /opt/bitnami/airflow/venv/lib/python3.12/site-packages/airflow/example_dags/subdags/subdag.py
[2024-12-13T08:26:51.441+0000] {processor.py:208} INFO - Processing /opt/bitnami/airflow/venv/lib/python3.12/site-packages/airflow/example_dags/subdags/subdag.py took 0.037 seconds
[2024-12-13T08:27:21.606+0000] {processor.py:186} INFO - Started process (PID=266) to work on /opt/bitnami/airflow/venv/lib/python3.12/site-packages/airflow/example_dags/subdags/subdag.py
[2024-12-13T08:27:21.608+0000] {processor.py:914} INFO - Processing file /opt/bitnami/airflow/venv/lib/python3.12/site-packages/airflow/example_dags/subdags/subdag.py for tasks to queue
[2024-12-13T08:27:21.611+0000] {logging_mixin.py:190} INFO - [2024-12-13T08:27:21.610+0000] {dagbag.py:588} INFO - Filling up the DagBag from /opt/bitnami/airflow/venv/lib/python3.12/site-packages/airflow/example_dags/subdags/subdag.py
[2024-12-13T08:27:21.613+0000] {processor.py:927} WARNING - No viable dags retrieved from /opt/bitnami/airflow/venv/lib/python3.12/site-packages/airflow/example_dags/subdags/subdag.py
[2024-12-13T08:27:21.641+0000] {processor.py:208} INFO - Processing /opt/bitnami/airflow/venv/lib/python3.12/site-packages/airflow/example_dags/subdags/subdag.py took 0.041 seconds
[2024-12-13T10:42:46.163+0000] {processor.py:186} INFO - Started process (PID=95) to work on /opt/bitnami/airflow/venv/lib/python3.12/site-packages/airflow/example_dags/subdags/subdag.py
[2024-12-13T10:42:46.165+0000] {processor.py:914} INFO - Processing file /opt/bitnami/airflow/venv/lib/python3.12/site-packages/airflow/example_dags/subdags/subdag.py for tasks to queue
[2024-12-13T10:42:46.168+0000] {logging_mixin.py:190} INFO - [2024-12-13T10:42:46.168+0000] {dagbag.py:588} INFO - Filling up the DagBag from /opt/bitnami/airflow/venv/lib/python3.12/site-packages/airflow/example_dags/subdags/subdag.py
[2024-12-13T10:42:46.171+0000] {processor.py:927} WARNING - No viable dags retrieved from /opt/bitnami/airflow/venv/lib/python3.12/site-packages/airflow/example_dags/subdags/subdag.py
[2024-12-13T10:42:46.285+0000] {processor.py:208} INFO - Processing /opt/bitnami/airflow/venv/lib/python3.12/site-packages/airflow/example_dags/subdags/subdag.py took 0.129 seconds
[2024-12-13T10:43:16.514+0000] {processor.py:186} INFO - Started process (PID=152) to work on /opt/bitnami/airflow/venv/lib/python3.12/site-packages/airflow/example_dags/subdags/subdag.py
[2024-12-13T10:43:16.516+0000] {processor.py:914} INFO - Processing file /opt/bitnami/airflow/venv/lib/python3.12/site-packages/airflow/example_dags/subdags/subdag.py for tasks to queue
[2024-12-13T10:43:16.521+0000] {logging_mixin.py:190} INFO - [2024-12-13T10:43:16.520+0000] {dagbag.py:588} INFO - Filling up the DagBag from /opt/bitnami/airflow/venv/lib/python3.12/site-packages/airflow/example_dags/subdags/subdag.py
[2024-12-13T10:43:16.524+0000] {processor.py:927} WARNING - No viable dags retrieved from /opt/bitnami/airflow/venv/lib/python3.12/site-packages/airflow/example_dags/subdags/subdag.py
[2024-12-13T10:43:16.595+0000] {processor.py:208} INFO - Processing /opt/bitnami/airflow/venv/lib/python3.12/site-packages/airflow/example_dags/subdags/subdag.py took 0.086 seconds
[2024-12-13T10:43:47.225+0000] {processor.py:186} INFO - Started process (PID=209) to work on /opt/bitnami/airflow/venv/lib/python3.12/site-packages/airflow/example_dags/subdags/subdag.py
[2024-12-13T10:43:47.226+0000] {processor.py:914} INFO - Processing file /opt/bitnami/airflow/venv/lib/python3.12/site-packages/airflow/example_dags/subdags/subdag.py for tasks to queue
[2024-12-13T10:43:47.231+0000] {logging_mixin.py:190} INFO - [2024-12-13T10:43:47.230+0000] {dagbag.py:588} INFO - Filling up the DagBag from /opt/bitnami/airflow/venv/lib/python3.12/site-packages/airflow/example_dags/subdags/subdag.py
[2024-12-13T10:43:47.235+0000] {processor.py:927} WARNING - No viable dags retrieved from /opt/bitnami/airflow/venv/lib/python3.12/site-packages/airflow/example_dags/subdags/subdag.py
[2024-12-13T10:43:47.323+0000] {processor.py:208} INFO - Processing /opt/bitnami/airflow/venv/lib/python3.12/site-packages/airflow/example_dags/subdags/subdag.py took 0.104 seconds
[2024-12-13T10:44:17.828+0000] {processor.py:186} INFO - Started process (PID=266) to work on /opt/bitnami/airflow/venv/lib/python3.12/site-packages/airflow/example_dags/subdags/subdag.py
[2024-12-13T10:44:17.829+0000] {processor.py:914} INFO - Processing file /opt/bitnami/airflow/venv/lib/python3.12/site-packages/airflow/example_dags/subdags/subdag.py for tasks to queue
[2024-12-13T10:44:17.832+0000] {logging_mixin.py:190} INFO - [2024-12-13T10:44:17.832+0000] {dagbag.py:588} INFO - Filling up the DagBag from /opt/bitnami/airflow/venv/lib/python3.12/site-packages/airflow/example_dags/subdags/subdag.py
[2024-12-13T10:44:17.834+0000] {processor.py:927} WARNING - No viable dags retrieved from /opt/bitnami/airflow/venv/lib/python3.12/site-packages/airflow/example_dags/subdags/subdag.py
[2024-12-13T10:44:17.898+0000] {processor.py:208} INFO - Processing /opt/bitnami/airflow/venv/lib/python3.12/site-packages/airflow/example_dags/subdags/subdag.py took 0.075 seconds
[2024-12-13T10:44:48.190+0000] {processor.py:186} INFO - Started process (PID=323) to work on /opt/bitnami/airflow/venv/lib/python3.12/site-packages/airflow/example_dags/subdags/subdag.py
[2024-12-13T10:44:48.191+0000] {processor.py:914} INFO - Processing file /opt/bitnami/airflow/venv/lib/python3.12/site-packages/airflow/example_dags/subdags/subdag.py for tasks to queue
[2024-12-13T10:44:48.193+0000] {logging_mixin.py:190} INFO - [2024-12-13T10:44:48.193+0000] {dagbag.py:588} INFO - Filling up the DagBag from /opt/bitnami/airflow/venv/lib/python3.12/site-packages/airflow/example_dags/subdags/subdag.py
[2024-12-13T10:44:48.195+0000] {processor.py:927} WARNING - No viable dags retrieved from /opt/bitnami/airflow/venv/lib/python3.12/site-packages/airflow/example_dags/subdags/subdag.py
[2024-12-13T10:44:48.229+0000] {processor.py:208} INFO - Processing /opt/bitnami/airflow/venv/lib/python3.12/site-packages/airflow/example_dags/subdags/subdag.py took 0.044 seconds
[2024-12-13T10:52:16.987+0000] {processor.py:186} INFO - Started process (PID=95) to work on /opt/bitnami/airflow/venv/lib/python3.12/site-packages/airflow/example_dags/subdags/subdag.py
[2024-12-13T10:52:16.988+0000] {processor.py:914} INFO - Processing file /opt/bitnami/airflow/venv/lib/python3.12/site-packages/airflow/example_dags/subdags/subdag.py for tasks to queue
[2024-12-13T10:52:16.991+0000] {logging_mixin.py:190} INFO - [2024-12-13T10:52:16.991+0000] {dagbag.py:588} INFO - Filling up the DagBag from /opt/bitnami/airflow/venv/lib/python3.12/site-packages/airflow/example_dags/subdags/subdag.py
[2024-12-13T10:52:16.993+0000] {processor.py:927} WARNING - No viable dags retrieved from /opt/bitnami/airflow/venv/lib/python3.12/site-packages/airflow/example_dags/subdags/subdag.py
[2024-12-13T10:52:17.072+0000] {processor.py:208} INFO - Processing /opt/bitnami/airflow/venv/lib/python3.12/site-packages/airflow/example_dags/subdags/subdag.py took 0.090 seconds
[2024-12-13T10:52:47.988+0000] {processor.py:186} INFO - Started process (PID=152) to work on /opt/bitnami/airflow/venv/lib/python3.12/site-packages/airflow/example_dags/subdags/subdag.py
[2024-12-13T10:52:47.989+0000] {processor.py:914} INFO - Processing file /opt/bitnami/airflow/venv/lib/python3.12/site-packages/airflow/example_dags/subdags/subdag.py for tasks to queue
[2024-12-13T10:52:47.992+0000] {logging_mixin.py:190} INFO - [2024-12-13T10:52:47.991+0000] {dagbag.py:588} INFO - Filling up the DagBag from /opt/bitnami/airflow/venv/lib/python3.12/site-packages/airflow/example_dags/subdags/subdag.py
[2024-12-13T10:52:47.994+0000] {processor.py:927} WARNING - No viable dags retrieved from /opt/bitnami/airflow/venv/lib/python3.12/site-packages/airflow/example_dags/subdags/subdag.py
[2024-12-13T10:52:48.059+0000] {processor.py:208} INFO - Processing /opt/bitnami/airflow/venv/lib/python3.12/site-packages/airflow/example_dags/subdags/subdag.py took 0.076 seconds
[2024-12-13T10:53:19.314+0000] {processor.py:186} INFO - Started process (PID=209) to work on /opt/bitnami/airflow/venv/lib/python3.12/site-packages/airflow/example_dags/subdags/subdag.py
[2024-12-13T10:53:19.316+0000] {processor.py:914} INFO - Processing file /opt/bitnami/airflow/venv/lib/python3.12/site-packages/airflow/example_dags/subdags/subdag.py for tasks to queue
[2024-12-13T10:53:19.318+0000] {logging_mixin.py:190} INFO - [2024-12-13T10:53:19.318+0000] {dagbag.py:588} INFO - Filling up the DagBag from /opt/bitnami/airflow/venv/lib/python3.12/site-packages/airflow/example_dags/subdags/subdag.py
[2024-12-13T10:53:19.320+0000] {processor.py:927} WARNING - No viable dags retrieved from /opt/bitnami/airflow/venv/lib/python3.12/site-packages/airflow/example_dags/subdags/subdag.py
[2024-12-13T10:53:19.367+0000] {processor.py:208} INFO - Processing /opt/bitnami/airflow/venv/lib/python3.12/site-packages/airflow/example_dags/subdags/subdag.py took 0.057 seconds
[2024-12-13T10:53:49.638+0000] {processor.py:186} INFO - Started process (PID=266) to work on /opt/bitnami/airflow/venv/lib/python3.12/site-packages/airflow/example_dags/subdags/subdag.py
[2024-12-13T10:53:49.639+0000] {processor.py:914} INFO - Processing file /opt/bitnami/airflow/venv/lib/python3.12/site-packages/airflow/example_dags/subdags/subdag.py for tasks to queue
[2024-12-13T10:53:49.641+0000] {logging_mixin.py:190} INFO - [2024-12-13T10:53:49.641+0000] {dagbag.py:588} INFO - Filling up the DagBag from /opt/bitnami/airflow/venv/lib/python3.12/site-packages/airflow/example_dags/subdags/subdag.py
[2024-12-13T10:53:49.644+0000] {processor.py:927} WARNING - No viable dags retrieved from /opt/bitnami/airflow/venv/lib/python3.12/site-packages/airflow/example_dags/subdags/subdag.py
[2024-12-13T10:53:49.702+0000] {processor.py:208} INFO - Processing /opt/bitnami/airflow/venv/lib/python3.12/site-packages/airflow/example_dags/subdags/subdag.py took 0.070 seconds
[2024-12-13T10:54:20.264+0000] {processor.py:186} INFO - Started process (PID=323) to work on /opt/bitnami/airflow/venv/lib/python3.12/site-packages/airflow/example_dags/subdags/subdag.py
[2024-12-13T10:54:20.265+0000] {processor.py:914} INFO - Processing file /opt/bitnami/airflow/venv/lib/python3.12/site-packages/airflow/example_dags/subdags/subdag.py for tasks to queue
[2024-12-13T10:54:20.267+0000] {logging_mixin.py:190} INFO - [2024-12-13T10:54:20.267+0000] {dagbag.py:588} INFO - Filling up the DagBag from /opt/bitnami/airflow/venv/lib/python3.12/site-packages/airflow/example_dags/subdags/subdag.py
[2024-12-13T10:54:20.270+0000] {processor.py:927} WARNING - No viable dags retrieved from /opt/bitnami/airflow/venv/lib/python3.12/site-packages/airflow/example_dags/subdags/subdag.py
[2024-12-13T10:54:20.324+0000] {processor.py:208} INFO - Processing /opt/bitnami/airflow/venv/lib/python3.12/site-packages/airflow/example_dags/subdags/subdag.py took 0.065 seconds
[2024-12-13T10:54:50.761+0000] {processor.py:186} INFO - Started process (PID=380) to work on /opt/bitnami/airflow/venv/lib/python3.12/site-packages/airflow/example_dags/subdags/subdag.py
[2024-12-13T10:54:50.763+0000] {processor.py:914} INFO - Processing file /opt/bitnami/airflow/venv/lib/python3.12/site-packages/airflow/example_dags/subdags/subdag.py for tasks to queue
[2024-12-13T10:54:50.768+0000] {logging_mixin.py:190} INFO - [2024-12-13T10:54:50.767+0000] {dagbag.py:588} INFO - Filling up the DagBag from /opt/bitnami/airflow/venv/lib/python3.12/site-packages/airflow/example_dags/subdags/subdag.py
[2024-12-13T10:54:50.771+0000] {processor.py:927} WARNING - No viable dags retrieved from /opt/bitnami/airflow/venv/lib/python3.12/site-packages/airflow/example_dags/subdags/subdag.py
[2024-12-13T10:54:50.845+0000] {processor.py:208} INFO - Processing /opt/bitnami/airflow/venv/lib/python3.12/site-packages/airflow/example_dags/subdags/subdag.py took 0.094 seconds
[2024-12-13T10:55:21.673+0000] {processor.py:186} INFO - Started process (PID=436) to work on /opt/bitnami/airflow/venv/lib/python3.12/site-packages/airflow/example_dags/subdags/subdag.py
[2024-12-13T10:55:21.674+0000] {processor.py:914} INFO - Processing file /opt/bitnami/airflow/venv/lib/python3.12/site-packages/airflow/example_dags/subdags/subdag.py for tasks to queue
[2024-12-13T10:55:21.677+0000] {logging_mixin.py:190} INFO - [2024-12-13T10:55:21.677+0000] {dagbag.py:588} INFO - Filling up the DagBag from /opt/bitnami/airflow/venv/lib/python3.12/site-packages/airflow/example_dags/subdags/subdag.py
[2024-12-13T10:55:21.679+0000] {processor.py:927} WARNING - No viable dags retrieved from /opt/bitnami/airflow/venv/lib/python3.12/site-packages/airflow/example_dags/subdags/subdag.py
[2024-12-13T10:55:21.743+0000] {processor.py:208} INFO - Processing /opt/bitnami/airflow/venv/lib/python3.12/site-packages/airflow/example_dags/subdags/subdag.py took 0.077 seconds
[2024-12-13T10:55:52.782+0000] {processor.py:186} INFO - Started process (PID=493) to work on /opt/bitnami/airflow/venv/lib/python3.12/site-packages/airflow/example_dags/subdags/subdag.py
[2024-12-13T10:55:52.784+0000] {processor.py:914} INFO - Processing file /opt/bitnami/airflow/venv/lib/python3.12/site-packages/airflow/example_dags/subdags/subdag.py for tasks to queue
[2024-12-13T10:55:52.786+0000] {logging_mixin.py:190} INFO - [2024-12-13T10:55:52.786+0000] {dagbag.py:588} INFO - Filling up the DagBag from /opt/bitnami/airflow/venv/lib/python3.12/site-packages/airflow/example_dags/subdags/subdag.py
[2024-12-13T10:55:52.789+0000] {processor.py:927} WARNING - No viable dags retrieved from /opt/bitnami/airflow/venv/lib/python3.12/site-packages/airflow/example_dags/subdags/subdag.py
[2024-12-13T10:55:52.855+0000] {processor.py:208} INFO - Processing /opt/bitnami/airflow/venv/lib/python3.12/site-packages/airflow/example_dags/subdags/subdag.py took 0.077 seconds
[2024-12-13T10:56:23.249+0000] {processor.py:186} INFO - Started process (PID=549) to work on /opt/bitnami/airflow/venv/lib/python3.12/site-packages/airflow/example_dags/subdags/subdag.py
[2024-12-13T10:56:23.251+0000] {processor.py:914} INFO - Processing file /opt/bitnami/airflow/venv/lib/python3.12/site-packages/airflow/example_dags/subdags/subdag.py for tasks to queue
[2024-12-13T10:56:23.253+0000] {logging_mixin.py:190} INFO - [2024-12-13T10:56:23.253+0000] {dagbag.py:588} INFO - Filling up the DagBag from /opt/bitnami/airflow/venv/lib/python3.12/site-packages/airflow/example_dags/subdags/subdag.py
[2024-12-13T10:56:23.255+0000] {processor.py:927} WARNING - No viable dags retrieved from /opt/bitnami/airflow/venv/lib/python3.12/site-packages/airflow/example_dags/subdags/subdag.py
[2024-12-13T10:56:23.342+0000] {processor.py:208} INFO - Processing /opt/bitnami/airflow/venv/lib/python3.12/site-packages/airflow/example_dags/subdags/subdag.py took 0.096 seconds
[2024-12-13T10:56:53.526+0000] {processor.py:186} INFO - Started process (PID=606) to work on /opt/bitnami/airflow/venv/lib/python3.12/site-packages/airflow/example_dags/subdags/subdag.py
[2024-12-13T10:56:53.527+0000] {processor.py:914} INFO - Processing file /opt/bitnami/airflow/venv/lib/python3.12/site-packages/airflow/example_dags/subdags/subdag.py for tasks to queue
[2024-12-13T10:56:53.529+0000] {logging_mixin.py:190} INFO - [2024-12-13T10:56:53.529+0000] {dagbag.py:588} INFO - Filling up the DagBag from /opt/bitnami/airflow/venv/lib/python3.12/site-packages/airflow/example_dags/subdags/subdag.py
[2024-12-13T10:56:53.531+0000] {processor.py:927} WARNING - No viable dags retrieved from /opt/bitnami/airflow/venv/lib/python3.12/site-packages/airflow/example_dags/subdags/subdag.py
[2024-12-13T10:56:53.576+0000] {processor.py:208} INFO - Processing /opt/bitnami/airflow/venv/lib/python3.12/site-packages/airflow/example_dags/subdags/subdag.py took 0.055 seconds
[2024-12-13T10:57:23.957+0000] {processor.py:186} INFO - Started process (PID=665) to work on /opt/bitnami/airflow/venv/lib/python3.12/site-packages/airflow/example_dags/subdags/subdag.py
[2024-12-13T10:57:23.959+0000] {processor.py:914} INFO - Processing file /opt/bitnami/airflow/venv/lib/python3.12/site-packages/airflow/example_dags/subdags/subdag.py for tasks to queue
[2024-12-13T10:57:23.963+0000] {logging_mixin.py:190} INFO - [2024-12-13T10:57:23.962+0000] {dagbag.py:588} INFO - Filling up the DagBag from /opt/bitnami/airflow/venv/lib/python3.12/site-packages/airflow/example_dags/subdags/subdag.py
[2024-12-13T10:57:23.965+0000] {processor.py:927} WARNING - No viable dags retrieved from /opt/bitnami/airflow/venv/lib/python3.12/site-packages/airflow/example_dags/subdags/subdag.py
[2024-12-13T10:57:24.023+0000] {processor.py:208} INFO - Processing /opt/bitnami/airflow/venv/lib/python3.12/site-packages/airflow/example_dags/subdags/subdag.py took 0.071 seconds
[2024-12-13T10:57:55.142+0000] {processor.py:186} INFO - Started process (PID=722) to work on /opt/bitnami/airflow/venv/lib/python3.12/site-packages/airflow/example_dags/subdags/subdag.py
[2024-12-13T10:57:55.143+0000] {processor.py:914} INFO - Processing file /opt/bitnami/airflow/venv/lib/python3.12/site-packages/airflow/example_dags/subdags/subdag.py for tasks to queue
[2024-12-13T10:57:55.146+0000] {logging_mixin.py:190} INFO - [2024-12-13T10:57:55.145+0000] {dagbag.py:588} INFO - Filling up the DagBag from /opt/bitnami/airflow/venv/lib/python3.12/site-packages/airflow/example_dags/subdags/subdag.py
[2024-12-13T10:57:55.147+0000] {processor.py:927} WARNING - No viable dags retrieved from /opt/bitnami/airflow/venv/lib/python3.12/site-packages/airflow/example_dags/subdags/subdag.py
[2024-12-13T10:57:55.181+0000] {processor.py:208} INFO - Processing /opt/bitnami/airflow/venv/lib/python3.12/site-packages/airflow/example_dags/subdags/subdag.py took 0.043 seconds
[2024-12-13T10:58:26.022+0000] {processor.py:186} INFO - Started process (PID=779) to work on /opt/bitnami/airflow/venv/lib/python3.12/site-packages/airflow/example_dags/subdags/subdag.py
[2024-12-13T10:58:26.023+0000] {processor.py:914} INFO - Processing file /opt/bitnami/airflow/venv/lib/python3.12/site-packages/airflow/example_dags/subdags/subdag.py for tasks to queue
[2024-12-13T10:58:26.027+0000] {logging_mixin.py:190} INFO - [2024-12-13T10:58:26.026+0000] {dagbag.py:588} INFO - Filling up the DagBag from /opt/bitnami/airflow/venv/lib/python3.12/site-packages/airflow/example_dags/subdags/subdag.py
[2024-12-13T10:58:26.030+0000] {processor.py:927} WARNING - No viable dags retrieved from /opt/bitnami/airflow/venv/lib/python3.12/site-packages/airflow/example_dags/subdags/subdag.py
[2024-12-13T10:58:26.115+0000] {processor.py:208} INFO - Processing /opt/bitnami/airflow/venv/lib/python3.12/site-packages/airflow/example_dags/subdags/subdag.py took 0.101 seconds
[2024-12-13T10:58:57.388+0000] {processor.py:186} INFO - Started process (PID=836) to work on /opt/bitnami/airflow/venv/lib/python3.12/site-packages/airflow/example_dags/subdags/subdag.py
[2024-12-13T10:58:57.390+0000] {processor.py:914} INFO - Processing file /opt/bitnami/airflow/venv/lib/python3.12/site-packages/airflow/example_dags/subdags/subdag.py for tasks to queue
[2024-12-13T10:58:57.393+0000] {logging_mixin.py:190} INFO - [2024-12-13T10:58:57.392+0000] {dagbag.py:588} INFO - Filling up the DagBag from /opt/bitnami/airflow/venv/lib/python3.12/site-packages/airflow/example_dags/subdags/subdag.py
[2024-12-13T10:58:57.396+0000] {processor.py:927} WARNING - No viable dags retrieved from /opt/bitnami/airflow/venv/lib/python3.12/site-packages/airflow/example_dags/subdags/subdag.py
[2024-12-13T10:58:57.443+0000] {processor.py:208} INFO - Processing /opt/bitnami/airflow/venv/lib/python3.12/site-packages/airflow/example_dags/subdags/subdag.py took 0.059 seconds
[2024-12-13T11:07:35.434+0000] {processor.py:186} INFO - Started process (PID=95) to work on /opt/bitnami/airflow/venv/lib/python3.12/site-packages/airflow/example_dags/subdags/subdag.py
[2024-12-13T11:07:35.436+0000] {processor.py:914} INFO - Processing file /opt/bitnami/airflow/venv/lib/python3.12/site-packages/airflow/example_dags/subdags/subdag.py for tasks to queue
[2024-12-13T11:07:35.440+0000] {logging_mixin.py:190} INFO - [2024-12-13T11:07:35.439+0000] {dagbag.py:588} INFO - Filling up the DagBag from /opt/bitnami/airflow/venv/lib/python3.12/site-packages/airflow/example_dags/subdags/subdag.py
[2024-12-13T11:07:35.442+0000] {processor.py:927} WARNING - No viable dags retrieved from /opt/bitnami/airflow/venv/lib/python3.12/site-packages/airflow/example_dags/subdags/subdag.py
[2024-12-13T11:07:35.519+0000] {processor.py:208} INFO - Processing /opt/bitnami/airflow/venv/lib/python3.12/site-packages/airflow/example_dags/subdags/subdag.py took 0.090 seconds
[2024-12-13T11:08:05.820+0000] {processor.py:186} INFO - Started process (PID=152) to work on /opt/bitnami/airflow/venv/lib/python3.12/site-packages/airflow/example_dags/subdags/subdag.py
[2024-12-13T11:08:05.822+0000] {processor.py:914} INFO - Processing file /opt/bitnami/airflow/venv/lib/python3.12/site-packages/airflow/example_dags/subdags/subdag.py for tasks to queue
[2024-12-13T11:08:05.824+0000] {logging_mixin.py:190} INFO - [2024-12-13T11:08:05.824+0000] {dagbag.py:588} INFO - Filling up the DagBag from /opt/bitnami/airflow/venv/lib/python3.12/site-packages/airflow/example_dags/subdags/subdag.py
[2024-12-13T11:08:05.827+0000] {processor.py:927} WARNING - No viable dags retrieved from /opt/bitnami/airflow/venv/lib/python3.12/site-packages/airflow/example_dags/subdags/subdag.py
[2024-12-13T11:08:05.908+0000] {processor.py:208} INFO - Processing /opt/bitnami/airflow/venv/lib/python3.12/site-packages/airflow/example_dags/subdags/subdag.py took 0.094 seconds
[2024-12-13T11:08:38.780+0000] {processor.py:186} INFO - Started process (PID=209) to work on /opt/bitnami/airflow/venv/lib/python3.12/site-packages/airflow/example_dags/subdags/subdag.py
[2024-12-13T11:08:38.781+0000] {processor.py:914} INFO - Processing file /opt/bitnami/airflow/venv/lib/python3.12/site-packages/airflow/example_dags/subdags/subdag.py for tasks to queue
[2024-12-13T11:08:38.784+0000] {logging_mixin.py:190} INFO - [2024-12-13T11:08:38.783+0000] {dagbag.py:588} INFO - Filling up the DagBag from /opt/bitnami/airflow/venv/lib/python3.12/site-packages/airflow/example_dags/subdags/subdag.py
[2024-12-13T11:08:38.786+0000] {processor.py:927} WARNING - No viable dags retrieved from /opt/bitnami/airflow/venv/lib/python3.12/site-packages/airflow/example_dags/subdags/subdag.py
[2024-12-13T11:08:38.861+0000] {processor.py:208} INFO - Processing /opt/bitnami/airflow/venv/lib/python3.12/site-packages/airflow/example_dags/subdags/subdag.py took 0.087 seconds
[2024-12-13T11:09:09.081+0000] {processor.py:186} INFO - Started process (PID=266) to work on /opt/bitnami/airflow/venv/lib/python3.12/site-packages/airflow/example_dags/subdags/subdag.py
[2024-12-13T11:09:09.084+0000] {processor.py:914} INFO - Processing file /opt/bitnami/airflow/venv/lib/python3.12/site-packages/airflow/example_dags/subdags/subdag.py for tasks to queue
[2024-12-13T11:09:09.088+0000] {logging_mixin.py:190} INFO - [2024-12-13T11:09:09.087+0000] {dagbag.py:588} INFO - Filling up the DagBag from /opt/bitnami/airflow/venv/lib/python3.12/site-packages/airflow/example_dags/subdags/subdag.py
[2024-12-13T11:09:09.092+0000] {processor.py:927} WARNING - No viable dags retrieved from /opt/bitnami/airflow/venv/lib/python3.12/site-packages/airflow/example_dags/subdags/subdag.py
[2024-12-13T11:09:09.157+0000] {processor.py:208} INFO - Processing /opt/bitnami/airflow/venv/lib/python3.12/site-packages/airflow/example_dags/subdags/subdag.py took 0.085 seconds
[2024-12-13T11:13:46.487+0000] {processor.py:186} INFO - Started process (PID=95) to work on /opt/bitnami/airflow/venv/lib/python3.12/site-packages/airflow/example_dags/subdags/subdag.py
[2024-12-13T11:13:46.489+0000] {processor.py:914} INFO - Processing file /opt/bitnami/airflow/venv/lib/python3.12/site-packages/airflow/example_dags/subdags/subdag.py for tasks to queue
[2024-12-13T11:13:46.492+0000] {logging_mixin.py:190} INFO - [2024-12-13T11:13:46.492+0000] {dagbag.py:588} INFO - Filling up the DagBag from /opt/bitnami/airflow/venv/lib/python3.12/site-packages/airflow/example_dags/subdags/subdag.py
[2024-12-13T11:13:46.495+0000] {processor.py:927} WARNING - No viable dags retrieved from /opt/bitnami/airflow/venv/lib/python3.12/site-packages/airflow/example_dags/subdags/subdag.py
[2024-12-13T11:13:46.585+0000] {processor.py:208} INFO - Processing /opt/bitnami/airflow/venv/lib/python3.12/site-packages/airflow/example_dags/subdags/subdag.py took 0.104 seconds
[2024-12-13T11:14:16.660+0000] {processor.py:186} INFO - Started process (PID=152) to work on /opt/bitnami/airflow/venv/lib/python3.12/site-packages/airflow/example_dags/subdags/subdag.py
[2024-12-13T11:14:16.661+0000] {processor.py:914} INFO - Processing file /opt/bitnami/airflow/venv/lib/python3.12/site-packages/airflow/example_dags/subdags/subdag.py for tasks to queue
[2024-12-13T11:14:16.664+0000] {logging_mixin.py:190} INFO - [2024-12-13T11:14:16.664+0000] {dagbag.py:588} INFO - Filling up the DagBag from /opt/bitnami/airflow/venv/lib/python3.12/site-packages/airflow/example_dags/subdags/subdag.py
[2024-12-13T11:14:16.666+0000] {processor.py:927} WARNING - No viable dags retrieved from /opt/bitnami/airflow/venv/lib/python3.12/site-packages/airflow/example_dags/subdags/subdag.py
[2024-12-13T11:14:16.704+0000] {processor.py:208} INFO - Processing /opt/bitnami/airflow/venv/lib/python3.12/site-packages/airflow/example_dags/subdags/subdag.py took 0.049 seconds
[2024-12-13T11:14:52.274+0000] {processor.py:186} INFO - Started process (PID=209) to work on /opt/bitnami/airflow/venv/lib/python3.12/site-packages/airflow/example_dags/subdags/subdag.py
[2024-12-13T11:14:52.275+0000] {processor.py:914} INFO - Processing file /opt/bitnami/airflow/venv/lib/python3.12/site-packages/airflow/example_dags/subdags/subdag.py for tasks to queue
[2024-12-13T11:14:52.278+0000] {logging_mixin.py:190} INFO - [2024-12-13T11:14:52.278+0000] {dagbag.py:588} INFO - Filling up the DagBag from /opt/bitnami/airflow/venv/lib/python3.12/site-packages/airflow/example_dags/subdags/subdag.py
[2024-12-13T11:14:52.281+0000] {processor.py:927} WARNING - No viable dags retrieved from /opt/bitnami/airflow/venv/lib/python3.12/site-packages/airflow/example_dags/subdags/subdag.py
[2024-12-13T11:14:52.366+0000] {processor.py:208} INFO - Processing /opt/bitnami/airflow/venv/lib/python3.12/site-packages/airflow/example_dags/subdags/subdag.py took 0.098 seconds
[2024-12-13T11:15:22.738+0000] {processor.py:186} INFO - Started process (PID=266) to work on /opt/bitnami/airflow/venv/lib/python3.12/site-packages/airflow/example_dags/subdags/subdag.py
[2024-12-13T11:15:22.740+0000] {processor.py:914} INFO - Processing file /opt/bitnami/airflow/venv/lib/python3.12/site-packages/airflow/example_dags/subdags/subdag.py for tasks to queue
[2024-12-13T11:15:22.744+0000] {logging_mixin.py:190} INFO - [2024-12-13T11:15:22.744+0000] {dagbag.py:588} INFO - Filling up the DagBag from /opt/bitnami/airflow/venv/lib/python3.12/site-packages/airflow/example_dags/subdags/subdag.py
[2024-12-13T11:15:22.748+0000] {processor.py:927} WARNING - No viable dags retrieved from /opt/bitnami/airflow/venv/lib/python3.12/site-packages/airflow/example_dags/subdags/subdag.py
[2024-12-13T11:15:22.795+0000] {processor.py:208} INFO - Processing /opt/bitnami/airflow/venv/lib/python3.12/site-packages/airflow/example_dags/subdags/subdag.py took 0.064 seconds
[2024-12-13T11:57:10.193+0000] {processor.py:186} INFO - Started process (PID=95) to work on /opt/bitnami/airflow/venv/lib/python3.12/site-packages/airflow/example_dags/subdags/subdag.py
[2024-12-13T11:57:10.194+0000] {processor.py:914} INFO - Processing file /opt/bitnami/airflow/venv/lib/python3.12/site-packages/airflow/example_dags/subdags/subdag.py for tasks to queue
[2024-12-13T11:57:10.196+0000] {logging_mixin.py:190} INFO - [2024-12-13T11:57:10.196+0000] {dagbag.py:588} INFO - Filling up the DagBag from /opt/bitnami/airflow/venv/lib/python3.12/site-packages/airflow/example_dags/subdags/subdag.py
[2024-12-13T11:57:10.198+0000] {processor.py:927} WARNING - No viable dags retrieved from /opt/bitnami/airflow/venv/lib/python3.12/site-packages/airflow/example_dags/subdags/subdag.py
[2024-12-13T11:57:10.223+0000] {processor.py:208} INFO - Processing /opt/bitnami/airflow/venv/lib/python3.12/site-packages/airflow/example_dags/subdags/subdag.py took 0.035 seconds
[2024-12-13T11:57:41.956+0000] {processor.py:186} INFO - Started process (PID=152) to work on /opt/bitnami/airflow/venv/lib/python3.12/site-packages/airflow/example_dags/subdags/subdag.py
[2024-12-13T11:57:41.957+0000] {processor.py:914} INFO - Processing file /opt/bitnami/airflow/venv/lib/python3.12/site-packages/airflow/example_dags/subdags/subdag.py for tasks to queue
[2024-12-13T11:57:41.959+0000] {logging_mixin.py:190} INFO - [2024-12-13T11:57:41.959+0000] {dagbag.py:588} INFO - Filling up the DagBag from /opt/bitnami/airflow/venv/lib/python3.12/site-packages/airflow/example_dags/subdags/subdag.py
[2024-12-13T11:57:41.961+0000] {processor.py:927} WARNING - No viable dags retrieved from /opt/bitnami/airflow/venv/lib/python3.12/site-packages/airflow/example_dags/subdags/subdag.py
[2024-12-13T11:57:41.989+0000] {processor.py:208} INFO - Processing /opt/bitnami/airflow/venv/lib/python3.12/site-packages/airflow/example_dags/subdags/subdag.py took 0.037 seconds
[2024-12-13T11:58:36.397+0000] {processor.py:186} INFO - Started process (PID=95) to work on /opt/bitnami/airflow/venv/lib/python3.12/site-packages/airflow/example_dags/subdags/subdag.py
[2024-12-13T11:58:36.398+0000] {processor.py:914} INFO - Processing file /opt/bitnami/airflow/venv/lib/python3.12/site-packages/airflow/example_dags/subdags/subdag.py for tasks to queue
[2024-12-13T11:58:36.400+0000] {logging_mixin.py:190} INFO - [2024-12-13T11:58:36.400+0000] {dagbag.py:588} INFO - Filling up the DagBag from /opt/bitnami/airflow/venv/lib/python3.12/site-packages/airflow/example_dags/subdags/subdag.py
[2024-12-13T11:58:36.402+0000] {processor.py:927} WARNING - No viable dags retrieved from /opt/bitnami/airflow/venv/lib/python3.12/site-packages/airflow/example_dags/subdags/subdag.py
[2024-12-13T11:58:36.431+0000] {processor.py:208} INFO - Processing /opt/bitnami/airflow/venv/lib/python3.12/site-packages/airflow/example_dags/subdags/subdag.py took 0.039 seconds
[2024-12-13T11:59:07.747+0000] {processor.py:186} INFO - Started process (PID=152) to work on /opt/bitnami/airflow/venv/lib/python3.12/site-packages/airflow/example_dags/subdags/subdag.py
[2024-12-13T11:59:07.748+0000] {processor.py:914} INFO - Processing file /opt/bitnami/airflow/venv/lib/python3.12/site-packages/airflow/example_dags/subdags/subdag.py for tasks to queue
[2024-12-13T11:59:07.751+0000] {logging_mixin.py:190} INFO - [2024-12-13T11:59:07.751+0000] {dagbag.py:588} INFO - Filling up the DagBag from /opt/bitnami/airflow/venv/lib/python3.12/site-packages/airflow/example_dags/subdags/subdag.py
[2024-12-13T11:59:07.753+0000] {processor.py:927} WARNING - No viable dags retrieved from /opt/bitnami/airflow/venv/lib/python3.12/site-packages/airflow/example_dags/subdags/subdag.py
[2024-12-13T11:59:07.781+0000] {processor.py:208} INFO - Processing /opt/bitnami/airflow/venv/lib/python3.12/site-packages/airflow/example_dags/subdags/subdag.py took 0.039 seconds
[2024-12-13T11:59:39.273+0000] {processor.py:186} INFO - Started process (PID=209) to work on /opt/bitnami/airflow/venv/lib/python3.12/site-packages/airflow/example_dags/subdags/subdag.py
[2024-12-13T11:59:39.274+0000] {processor.py:914} INFO - Processing file /opt/bitnami/airflow/venv/lib/python3.12/site-packages/airflow/example_dags/subdags/subdag.py for tasks to queue
[2024-12-13T11:59:39.276+0000] {logging_mixin.py:190} INFO - [2024-12-13T11:59:39.276+0000] {dagbag.py:588} INFO - Filling up the DagBag from /opt/bitnami/airflow/venv/lib/python3.12/site-packages/airflow/example_dags/subdags/subdag.py
[2024-12-13T11:59:39.278+0000] {processor.py:927} WARNING - No viable dags retrieved from /opt/bitnami/airflow/venv/lib/python3.12/site-packages/airflow/example_dags/subdags/subdag.py
[2024-12-13T11:59:39.311+0000] {processor.py:208} INFO - Processing /opt/bitnami/airflow/venv/lib/python3.12/site-packages/airflow/example_dags/subdags/subdag.py took 0.045 seconds
[2024-12-13T12:00:09.737+0000] {processor.py:186} INFO - Started process (PID=266) to work on /opt/bitnami/airflow/venv/lib/python3.12/site-packages/airflow/example_dags/subdags/subdag.py
[2024-12-13T12:00:09.738+0000] {processor.py:914} INFO - Processing file /opt/bitnami/airflow/venv/lib/python3.12/site-packages/airflow/example_dags/subdags/subdag.py for tasks to queue
[2024-12-13T12:00:09.740+0000] {logging_mixin.py:190} INFO - [2024-12-13T12:00:09.739+0000] {dagbag.py:588} INFO - Filling up the DagBag from /opt/bitnami/airflow/venv/lib/python3.12/site-packages/airflow/example_dags/subdags/subdag.py
[2024-12-13T12:00:09.741+0000] {processor.py:927} WARNING - No viable dags retrieved from /opt/bitnami/airflow/venv/lib/python3.12/site-packages/airflow/example_dags/subdags/subdag.py
[2024-12-13T12:00:09.766+0000] {processor.py:208} INFO - Processing /opt/bitnami/airflow/venv/lib/python3.12/site-packages/airflow/example_dags/subdags/subdag.py took 0.034 seconds
[2024-12-13T12:00:40.430+0000] {processor.py:186} INFO - Started process (PID=323) to work on /opt/bitnami/airflow/venv/lib/python3.12/site-packages/airflow/example_dags/subdags/subdag.py
[2024-12-13T12:00:40.431+0000] {processor.py:914} INFO - Processing file /opt/bitnami/airflow/venv/lib/python3.12/site-packages/airflow/example_dags/subdags/subdag.py for tasks to queue
[2024-12-13T12:00:40.433+0000] {logging_mixin.py:190} INFO - [2024-12-13T12:00:40.433+0000] {dagbag.py:588} INFO - Filling up the DagBag from /opt/bitnami/airflow/venv/lib/python3.12/site-packages/airflow/example_dags/subdags/subdag.py
[2024-12-13T12:00:40.435+0000] {processor.py:927} WARNING - No viable dags retrieved from /opt/bitnami/airflow/venv/lib/python3.12/site-packages/airflow/example_dags/subdags/subdag.py
[2024-12-13T12:00:40.462+0000] {processor.py:208} INFO - Processing /opt/bitnami/airflow/venv/lib/python3.12/site-packages/airflow/example_dags/subdags/subdag.py took 0.037 seconds
[2024-12-13T12:01:11.054+0000] {processor.py:186} INFO - Started process (PID=380) to work on /opt/bitnami/airflow/venv/lib/python3.12/site-packages/airflow/example_dags/subdags/subdag.py
[2024-12-13T12:01:11.055+0000] {processor.py:914} INFO - Processing file /opt/bitnami/airflow/venv/lib/python3.12/site-packages/airflow/example_dags/subdags/subdag.py for tasks to queue
[2024-12-13T12:01:11.058+0000] {logging_mixin.py:190} INFO - [2024-12-13T12:01:11.058+0000] {dagbag.py:588} INFO - Filling up the DagBag from /opt/bitnami/airflow/venv/lib/python3.12/site-packages/airflow/example_dags/subdags/subdag.py
[2024-12-13T12:01:11.060+0000] {processor.py:927} WARNING - No viable dags retrieved from /opt/bitnami/airflow/venv/lib/python3.12/site-packages/airflow/example_dags/subdags/subdag.py
[2024-12-13T12:01:11.083+0000] {processor.py:208} INFO - Processing /opt/bitnami/airflow/venv/lib/python3.12/site-packages/airflow/example_dags/subdags/subdag.py took 0.036 seconds
[2024-12-13T12:01:42.073+0000] {processor.py:186} INFO - Started process (PID=437) to work on /opt/bitnami/airflow/venv/lib/python3.12/site-packages/airflow/example_dags/subdags/subdag.py
[2024-12-13T12:01:42.074+0000] {processor.py:914} INFO - Processing file /opt/bitnami/airflow/venv/lib/python3.12/site-packages/airflow/example_dags/subdags/subdag.py for tasks to queue
[2024-12-13T12:01:42.076+0000] {logging_mixin.py:190} INFO - [2024-12-13T12:01:42.076+0000] {dagbag.py:588} INFO - Filling up the DagBag from /opt/bitnami/airflow/venv/lib/python3.12/site-packages/airflow/example_dags/subdags/subdag.py
[2024-12-13T12:01:42.077+0000] {processor.py:927} WARNING - No viable dags retrieved from /opt/bitnami/airflow/venv/lib/python3.12/site-packages/airflow/example_dags/subdags/subdag.py
[2024-12-13T12:01:42.102+0000] {processor.py:208} INFO - Processing /opt/bitnami/airflow/venv/lib/python3.12/site-packages/airflow/example_dags/subdags/subdag.py took 0.035 seconds
[2024-12-13T12:02:12.432+0000] {processor.py:186} INFO - Started process (PID=494) to work on /opt/bitnami/airflow/venv/lib/python3.12/site-packages/airflow/example_dags/subdags/subdag.py
[2024-12-13T12:02:12.433+0000] {processor.py:914} INFO - Processing file /opt/bitnami/airflow/venv/lib/python3.12/site-packages/airflow/example_dags/subdags/subdag.py for tasks to queue
[2024-12-13T12:02:12.436+0000] {logging_mixin.py:190} INFO - [2024-12-13T12:02:12.435+0000] {dagbag.py:588} INFO - Filling up the DagBag from /opt/bitnami/airflow/venv/lib/python3.12/site-packages/airflow/example_dags/subdags/subdag.py
[2024-12-13T12:02:12.437+0000] {processor.py:927} WARNING - No viable dags retrieved from /opt/bitnami/airflow/venv/lib/python3.12/site-packages/airflow/example_dags/subdags/subdag.py
[2024-12-13T12:02:12.464+0000] {processor.py:208} INFO - Processing /opt/bitnami/airflow/venv/lib/python3.12/site-packages/airflow/example_dags/subdags/subdag.py took 0.037 seconds
