[2024-12-12T19:26:01.740+0000] {processor.py:186} INFO - Started process (PID=98) to work on /opt/bitnami/airflow/venv/lib/python3.12/site-packages/airflow/example_dags/plugins/event_listener.py
[2024-12-12T19:26:01.742+0000] {processor.py:914} INFO - Processing file /opt/bitnami/airflow/venv/lib/python3.12/site-packages/airflow/example_dags/plugins/event_listener.py for tasks to queue
[2024-12-12T19:26:01.746+0000] {logging_mixin.py:190} INFO - [2024-12-12T19:26:01.746+0000] {dagbag.py:588} INFO - Filling up the DagBag from /opt/bitnami/airflow/venv/lib/python3.12/site-packages/airflow/example_dags/plugins/event_listener.py
[2024-12-12T19:26:01.750+0000] {processor.py:927} WARNING - No viable dags retrieved from /opt/bitnami/airflow/venv/lib/python3.12/site-packages/airflow/example_dags/plugins/event_listener.py
[2024-12-12T19:26:01.769+0000] {processor.py:208} INFO - Processing /opt/bitnami/airflow/venv/lib/python3.12/site-packages/airflow/example_dags/plugins/event_listener.py took 0.036 seconds
[2024-12-12T19:26:32.467+0000] {processor.py:186} INFO - Started process (PID=155) to work on /opt/bitnami/airflow/venv/lib/python3.12/site-packages/airflow/example_dags/plugins/event_listener.py
[2024-12-12T19:26:32.468+0000] {processor.py:914} INFO - Processing file /opt/bitnami/airflow/venv/lib/python3.12/site-packages/airflow/example_dags/plugins/event_listener.py for tasks to queue
[2024-12-12T19:26:32.471+0000] {logging_mixin.py:190} INFO - [2024-12-12T19:26:32.471+0000] {dagbag.py:588} INFO - Filling up the DagBag from /opt/bitnami/airflow/venv/lib/python3.12/site-packages/airflow/example_dags/plugins/event_listener.py
[2024-12-12T19:26:32.473+0000] {processor.py:927} WARNING - No viable dags retrieved from /opt/bitnami/airflow/venv/lib/python3.12/site-packages/airflow/example_dags/plugins/event_listener.py
[2024-12-12T19:26:32.492+0000] {processor.py:208} INFO - Processing /opt/bitnami/airflow/venv/lib/python3.12/site-packages/airflow/example_dags/plugins/event_listener.py took 0.030 seconds
[2024-12-12T19:27:02.652+0000] {processor.py:186} INFO - Started process (PID=212) to work on /opt/bitnami/airflow/venv/lib/python3.12/site-packages/airflow/example_dags/plugins/event_listener.py
[2024-12-12T19:27:02.654+0000] {processor.py:914} INFO - Processing file /opt/bitnami/airflow/venv/lib/python3.12/site-packages/airflow/example_dags/plugins/event_listener.py for tasks to queue
[2024-12-12T19:27:02.657+0000] {logging_mixin.py:190} INFO - [2024-12-12T19:27:02.656+0000] {dagbag.py:588} INFO - Filling up the DagBag from /opt/bitnami/airflow/venv/lib/python3.12/site-packages/airflow/example_dags/plugins/event_listener.py
[2024-12-12T19:27:02.660+0000] {processor.py:927} WARNING - No viable dags retrieved from /opt/bitnami/airflow/venv/lib/python3.12/site-packages/airflow/example_dags/plugins/event_listener.py
[2024-12-12T19:27:02.677+0000] {processor.py:208} INFO - Processing /opt/bitnami/airflow/venv/lib/python3.12/site-packages/airflow/example_dags/plugins/event_listener.py took 0.029 seconds
[2024-12-12T19:27:33.597+0000] {processor.py:186} INFO - Started process (PID=269) to work on /opt/bitnami/airflow/venv/lib/python3.12/site-packages/airflow/example_dags/plugins/event_listener.py
[2024-12-12T19:27:33.599+0000] {processor.py:914} INFO - Processing file /opt/bitnami/airflow/venv/lib/python3.12/site-packages/airflow/example_dags/plugins/event_listener.py for tasks to queue
[2024-12-12T19:27:33.602+0000] {logging_mixin.py:190} INFO - [2024-12-12T19:27:33.602+0000] {dagbag.py:588} INFO - Filling up the DagBag from /opt/bitnami/airflow/venv/lib/python3.12/site-packages/airflow/example_dags/plugins/event_listener.py
[2024-12-12T19:27:33.605+0000] {processor.py:927} WARNING - No viable dags retrieved from /opt/bitnami/airflow/venv/lib/python3.12/site-packages/airflow/example_dags/plugins/event_listener.py
[2024-12-12T19:27:33.622+0000] {processor.py:208} INFO - Processing /opt/bitnami/airflow/venv/lib/python3.12/site-packages/airflow/example_dags/plugins/event_listener.py took 0.032 seconds
[2024-12-12T19:28:03.823+0000] {processor.py:186} INFO - Started process (PID=326) to work on /opt/bitnami/airflow/venv/lib/python3.12/site-packages/airflow/example_dags/plugins/event_listener.py
[2024-12-12T19:28:03.824+0000] {processor.py:914} INFO - Processing file /opt/bitnami/airflow/venv/lib/python3.12/site-packages/airflow/example_dags/plugins/event_listener.py for tasks to queue
[2024-12-12T19:28:03.826+0000] {logging_mixin.py:190} INFO - [2024-12-12T19:28:03.826+0000] {dagbag.py:588} INFO - Filling up the DagBag from /opt/bitnami/airflow/venv/lib/python3.12/site-packages/airflow/example_dags/plugins/event_listener.py
[2024-12-12T19:28:03.828+0000] {processor.py:927} WARNING - No viable dags retrieved from /opt/bitnami/airflow/venv/lib/python3.12/site-packages/airflow/example_dags/plugins/event_listener.py
[2024-12-12T19:28:03.841+0000] {processor.py:208} INFO - Processing /opt/bitnami/airflow/venv/lib/python3.12/site-packages/airflow/example_dags/plugins/event_listener.py took 0.025 seconds
[2024-12-12T19:28:34.624+0000] {processor.py:186} INFO - Started process (PID=383) to work on /opt/bitnami/airflow/venv/lib/python3.12/site-packages/airflow/example_dags/plugins/event_listener.py
[2024-12-12T19:28:34.625+0000] {processor.py:914} INFO - Processing file /opt/bitnami/airflow/venv/lib/python3.12/site-packages/airflow/example_dags/plugins/event_listener.py for tasks to queue
[2024-12-12T19:28:34.629+0000] {logging_mixin.py:190} INFO - [2024-12-12T19:28:34.628+0000] {dagbag.py:588} INFO - Filling up the DagBag from /opt/bitnami/airflow/venv/lib/python3.12/site-packages/airflow/example_dags/plugins/event_listener.py
[2024-12-12T19:28:34.633+0000] {processor.py:927} WARNING - No viable dags retrieved from /opt/bitnami/airflow/venv/lib/python3.12/site-packages/airflow/example_dags/plugins/event_listener.py
[2024-12-12T19:28:34.652+0000] {processor.py:208} INFO - Processing /opt/bitnami/airflow/venv/lib/python3.12/site-packages/airflow/example_dags/plugins/event_listener.py took 0.035 seconds
[2024-12-12T19:29:04.818+0000] {processor.py:186} INFO - Started process (PID=440) to work on /opt/bitnami/airflow/venv/lib/python3.12/site-packages/airflow/example_dags/plugins/event_listener.py
[2024-12-12T19:29:04.820+0000] {processor.py:914} INFO - Processing file /opt/bitnami/airflow/venv/lib/python3.12/site-packages/airflow/example_dags/plugins/event_listener.py for tasks to queue
[2024-12-12T19:29:04.823+0000] {logging_mixin.py:190} INFO - [2024-12-12T19:29:04.823+0000] {dagbag.py:588} INFO - Filling up the DagBag from /opt/bitnami/airflow/venv/lib/python3.12/site-packages/airflow/example_dags/plugins/event_listener.py
[2024-12-12T19:29:04.825+0000] {processor.py:927} WARNING - No viable dags retrieved from /opt/bitnami/airflow/venv/lib/python3.12/site-packages/airflow/example_dags/plugins/event_listener.py
[2024-12-12T19:29:04.844+0000] {processor.py:208} INFO - Processing /opt/bitnami/airflow/venv/lib/python3.12/site-packages/airflow/example_dags/plugins/event_listener.py took 0.033 seconds
[2024-12-12T19:29:35.806+0000] {processor.py:186} INFO - Started process (PID=497) to work on /opt/bitnami/airflow/venv/lib/python3.12/site-packages/airflow/example_dags/plugins/event_listener.py
[2024-12-12T19:29:35.808+0000] {processor.py:914} INFO - Processing file /opt/bitnami/airflow/venv/lib/python3.12/site-packages/airflow/example_dags/plugins/event_listener.py for tasks to queue
[2024-12-12T19:29:35.812+0000] {logging_mixin.py:190} INFO - [2024-12-12T19:29:35.812+0000] {dagbag.py:588} INFO - Filling up the DagBag from /opt/bitnami/airflow/venv/lib/python3.12/site-packages/airflow/example_dags/plugins/event_listener.py
[2024-12-12T19:29:35.815+0000] {processor.py:927} WARNING - No viable dags retrieved from /opt/bitnami/airflow/venv/lib/python3.12/site-packages/airflow/example_dags/plugins/event_listener.py
[2024-12-12T19:29:35.836+0000] {processor.py:208} INFO - Processing /opt/bitnami/airflow/venv/lib/python3.12/site-packages/airflow/example_dags/plugins/event_listener.py took 0.036 seconds
[2024-12-12T19:30:06.337+0000] {processor.py:186} INFO - Started process (PID=554) to work on /opt/bitnami/airflow/venv/lib/python3.12/site-packages/airflow/example_dags/plugins/event_listener.py
[2024-12-12T19:30:06.338+0000] {processor.py:914} INFO - Processing file /opt/bitnami/airflow/venv/lib/python3.12/site-packages/airflow/example_dags/plugins/event_listener.py for tasks to queue
[2024-12-12T19:30:06.341+0000] {logging_mixin.py:190} INFO - [2024-12-12T19:30:06.340+0000] {dagbag.py:588} INFO - Filling up the DagBag from /opt/bitnami/airflow/venv/lib/python3.12/site-packages/airflow/example_dags/plugins/event_listener.py
[2024-12-12T19:30:06.343+0000] {processor.py:927} WARNING - No viable dags retrieved from /opt/bitnami/airflow/venv/lib/python3.12/site-packages/airflow/example_dags/plugins/event_listener.py
[2024-12-12T19:30:06.358+0000] {processor.py:208} INFO - Processing /opt/bitnami/airflow/venv/lib/python3.12/site-packages/airflow/example_dags/plugins/event_listener.py took 0.025 seconds
[2024-12-12T19:30:36.844+0000] {processor.py:186} INFO - Started process (PID=611) to work on /opt/bitnami/airflow/venv/lib/python3.12/site-packages/airflow/example_dags/plugins/event_listener.py
[2024-12-12T19:30:36.846+0000] {processor.py:914} INFO - Processing file /opt/bitnami/airflow/venv/lib/python3.12/site-packages/airflow/example_dags/plugins/event_listener.py for tasks to queue
[2024-12-12T19:30:36.849+0000] {logging_mixin.py:190} INFO - [2024-12-12T19:30:36.848+0000] {dagbag.py:588} INFO - Filling up the DagBag from /opt/bitnami/airflow/venv/lib/python3.12/site-packages/airflow/example_dags/plugins/event_listener.py
[2024-12-12T19:30:36.852+0000] {processor.py:927} WARNING - No viable dags retrieved from /opt/bitnami/airflow/venv/lib/python3.12/site-packages/airflow/example_dags/plugins/event_listener.py
[2024-12-12T19:30:36.868+0000] {processor.py:208} INFO - Processing /opt/bitnami/airflow/venv/lib/python3.12/site-packages/airflow/example_dags/plugins/event_listener.py took 0.032 seconds
[2024-12-12T19:31:07.346+0000] {processor.py:186} INFO - Started process (PID=668) to work on /opt/bitnami/airflow/venv/lib/python3.12/site-packages/airflow/example_dags/plugins/event_listener.py
[2024-12-12T19:31:07.348+0000] {processor.py:914} INFO - Processing file /opt/bitnami/airflow/venv/lib/python3.12/site-packages/airflow/example_dags/plugins/event_listener.py for tasks to queue
[2024-12-12T19:31:07.350+0000] {logging_mixin.py:190} INFO - [2024-12-12T19:31:07.350+0000] {dagbag.py:588} INFO - Filling up the DagBag from /opt/bitnami/airflow/venv/lib/python3.12/site-packages/airflow/example_dags/plugins/event_listener.py
[2024-12-12T19:31:07.352+0000] {processor.py:927} WARNING - No viable dags retrieved from /opt/bitnami/airflow/venv/lib/python3.12/site-packages/airflow/example_dags/plugins/event_listener.py
[2024-12-12T19:31:07.366+0000] {processor.py:208} INFO - Processing /opt/bitnami/airflow/venv/lib/python3.12/site-packages/airflow/example_dags/plugins/event_listener.py took 0.024 seconds
[2024-12-12T19:31:37.890+0000] {processor.py:186} INFO - Started process (PID=725) to work on /opt/bitnami/airflow/venv/lib/python3.12/site-packages/airflow/example_dags/plugins/event_listener.py
[2024-12-12T19:31:37.891+0000] {processor.py:914} INFO - Processing file /opt/bitnami/airflow/venv/lib/python3.12/site-packages/airflow/example_dags/plugins/event_listener.py for tasks to queue
[2024-12-12T19:31:37.894+0000] {logging_mixin.py:190} INFO - [2024-12-12T19:31:37.894+0000] {dagbag.py:588} INFO - Filling up the DagBag from /opt/bitnami/airflow/venv/lib/python3.12/site-packages/airflow/example_dags/plugins/event_listener.py
[2024-12-12T19:31:37.896+0000] {processor.py:927} WARNING - No viable dags retrieved from /opt/bitnami/airflow/venv/lib/python3.12/site-packages/airflow/example_dags/plugins/event_listener.py
[2024-12-12T19:31:37.910+0000] {processor.py:208} INFO - Processing /opt/bitnami/airflow/venv/lib/python3.12/site-packages/airflow/example_dags/plugins/event_listener.py took 0.024 seconds
[2024-12-12T19:32:08.813+0000] {processor.py:186} INFO - Started process (PID=782) to work on /opt/bitnami/airflow/venv/lib/python3.12/site-packages/airflow/example_dags/plugins/event_listener.py
[2024-12-12T19:32:08.815+0000] {processor.py:914} INFO - Processing file /opt/bitnami/airflow/venv/lib/python3.12/site-packages/airflow/example_dags/plugins/event_listener.py for tasks to queue
[2024-12-12T19:32:08.818+0000] {logging_mixin.py:190} INFO - [2024-12-12T19:32:08.817+0000] {dagbag.py:588} INFO - Filling up the DagBag from /opt/bitnami/airflow/venv/lib/python3.12/site-packages/airflow/example_dags/plugins/event_listener.py
[2024-12-12T19:32:08.820+0000] {processor.py:927} WARNING - No viable dags retrieved from /opt/bitnami/airflow/venv/lib/python3.12/site-packages/airflow/example_dags/plugins/event_listener.py
[2024-12-12T19:32:08.836+0000] {processor.py:208} INFO - Processing /opt/bitnami/airflow/venv/lib/python3.12/site-packages/airflow/example_dags/plugins/event_listener.py took 0.029 seconds
[2024-12-12T19:32:39.874+0000] {processor.py:186} INFO - Started process (PID=839) to work on /opt/bitnami/airflow/venv/lib/python3.12/site-packages/airflow/example_dags/plugins/event_listener.py
[2024-12-12T19:32:39.875+0000] {processor.py:914} INFO - Processing file /opt/bitnami/airflow/venv/lib/python3.12/site-packages/airflow/example_dags/plugins/event_listener.py for tasks to queue
[2024-12-12T19:32:39.879+0000] {logging_mixin.py:190} INFO - [2024-12-12T19:32:39.879+0000] {dagbag.py:588} INFO - Filling up the DagBag from /opt/bitnami/airflow/venv/lib/python3.12/site-packages/airflow/example_dags/plugins/event_listener.py
[2024-12-12T19:32:39.882+0000] {processor.py:927} WARNING - No viable dags retrieved from /opt/bitnami/airflow/venv/lib/python3.12/site-packages/airflow/example_dags/plugins/event_listener.py
[2024-12-12T19:32:39.899+0000] {processor.py:208} INFO - Processing /opt/bitnami/airflow/venv/lib/python3.12/site-packages/airflow/example_dags/plugins/event_listener.py took 0.031 seconds
[2024-12-12T19:33:10.878+0000] {processor.py:186} INFO - Started process (PID=896) to work on /opt/bitnami/airflow/venv/lib/python3.12/site-packages/airflow/example_dags/plugins/event_listener.py
[2024-12-12T19:33:10.879+0000] {processor.py:914} INFO - Processing file /opt/bitnami/airflow/venv/lib/python3.12/site-packages/airflow/example_dags/plugins/event_listener.py for tasks to queue
[2024-12-12T19:33:10.881+0000] {logging_mixin.py:190} INFO - [2024-12-12T19:33:10.881+0000] {dagbag.py:588} INFO - Filling up the DagBag from /opt/bitnami/airflow/venv/lib/python3.12/site-packages/airflow/example_dags/plugins/event_listener.py
[2024-12-12T19:33:10.884+0000] {processor.py:927} WARNING - No viable dags retrieved from /opt/bitnami/airflow/venv/lib/python3.12/site-packages/airflow/example_dags/plugins/event_listener.py
[2024-12-12T19:33:10.897+0000] {processor.py:208} INFO - Processing /opt/bitnami/airflow/venv/lib/python3.12/site-packages/airflow/example_dags/plugins/event_listener.py took 0.024 seconds
[2024-12-12T19:33:41.631+0000] {processor.py:186} INFO - Started process (PID=953) to work on /opt/bitnami/airflow/venv/lib/python3.12/site-packages/airflow/example_dags/plugins/event_listener.py
[2024-12-12T19:33:41.632+0000] {processor.py:914} INFO - Processing file /opt/bitnami/airflow/venv/lib/python3.12/site-packages/airflow/example_dags/plugins/event_listener.py for tasks to queue
[2024-12-12T19:33:41.635+0000] {logging_mixin.py:190} INFO - [2024-12-12T19:33:41.635+0000] {dagbag.py:588} INFO - Filling up the DagBag from /opt/bitnami/airflow/venv/lib/python3.12/site-packages/airflow/example_dags/plugins/event_listener.py
[2024-12-12T19:33:41.637+0000] {processor.py:927} WARNING - No viable dags retrieved from /opt/bitnami/airflow/venv/lib/python3.12/site-packages/airflow/example_dags/plugins/event_listener.py
[2024-12-12T19:33:41.651+0000] {processor.py:208} INFO - Processing /opt/bitnami/airflow/venv/lib/python3.12/site-packages/airflow/example_dags/plugins/event_listener.py took 0.025 seconds
[2024-12-12T19:34:11.811+0000] {processor.py:186} INFO - Started process (PID=1010) to work on /opt/bitnami/airflow/venv/lib/python3.12/site-packages/airflow/example_dags/plugins/event_listener.py
[2024-12-12T19:34:11.812+0000] {processor.py:914} INFO - Processing file /opt/bitnami/airflow/venv/lib/python3.12/site-packages/airflow/example_dags/plugins/event_listener.py for tasks to queue
[2024-12-12T19:34:11.815+0000] {logging_mixin.py:190} INFO - [2024-12-12T19:34:11.815+0000] {dagbag.py:588} INFO - Filling up the DagBag from /opt/bitnami/airflow/venv/lib/python3.12/site-packages/airflow/example_dags/plugins/event_listener.py
[2024-12-12T19:34:11.818+0000] {processor.py:927} WARNING - No viable dags retrieved from /opt/bitnami/airflow/venv/lib/python3.12/site-packages/airflow/example_dags/plugins/event_listener.py
[2024-12-12T19:34:11.837+0000] {processor.py:208} INFO - Processing /opt/bitnami/airflow/venv/lib/python3.12/site-packages/airflow/example_dags/plugins/event_listener.py took 0.032 seconds
[2024-12-12T19:34:42.664+0000] {processor.py:186} INFO - Started process (PID=1067) to work on /opt/bitnami/airflow/venv/lib/python3.12/site-packages/airflow/example_dags/plugins/event_listener.py
[2024-12-12T19:34:42.667+0000] {processor.py:914} INFO - Processing file /opt/bitnami/airflow/venv/lib/python3.12/site-packages/airflow/example_dags/plugins/event_listener.py for tasks to queue
[2024-12-12T19:34:42.671+0000] {logging_mixin.py:190} INFO - [2024-12-12T19:34:42.670+0000] {dagbag.py:588} INFO - Filling up the DagBag from /opt/bitnami/airflow/venv/lib/python3.12/site-packages/airflow/example_dags/plugins/event_listener.py
[2024-12-12T19:34:42.675+0000] {processor.py:927} WARNING - No viable dags retrieved from /opt/bitnami/airflow/venv/lib/python3.12/site-packages/airflow/example_dags/plugins/event_listener.py
[2024-12-12T19:34:42.702+0000] {processor.py:208} INFO - Processing /opt/bitnami/airflow/venv/lib/python3.12/site-packages/airflow/example_dags/plugins/event_listener.py took 0.048 seconds
[2024-12-12T19:35:12.974+0000] {processor.py:186} INFO - Started process (PID=1124) to work on /opt/bitnami/airflow/venv/lib/python3.12/site-packages/airflow/example_dags/plugins/event_listener.py
[2024-12-12T19:35:12.975+0000] {processor.py:914} INFO - Processing file /opt/bitnami/airflow/venv/lib/python3.12/site-packages/airflow/example_dags/plugins/event_listener.py for tasks to queue
[2024-12-12T19:35:12.977+0000] {logging_mixin.py:190} INFO - [2024-12-12T19:35:12.977+0000] {dagbag.py:588} INFO - Filling up the DagBag from /opt/bitnami/airflow/venv/lib/python3.12/site-packages/airflow/example_dags/plugins/event_listener.py
[2024-12-12T19:35:12.979+0000] {processor.py:927} WARNING - No viable dags retrieved from /opt/bitnami/airflow/venv/lib/python3.12/site-packages/airflow/example_dags/plugins/event_listener.py
[2024-12-12T19:35:12.993+0000] {processor.py:208} INFO - Processing /opt/bitnami/airflow/venv/lib/python3.12/site-packages/airflow/example_dags/plugins/event_listener.py took 0.023 seconds
[2024-12-12T19:35:43.892+0000] {processor.py:186} INFO - Started process (PID=1181) to work on /opt/bitnami/airflow/venv/lib/python3.12/site-packages/airflow/example_dags/plugins/event_listener.py
[2024-12-12T19:35:43.893+0000] {processor.py:914} INFO - Processing file /opt/bitnami/airflow/venv/lib/python3.12/site-packages/airflow/example_dags/plugins/event_listener.py for tasks to queue
[2024-12-12T19:35:43.895+0000] {logging_mixin.py:190} INFO - [2024-12-12T19:35:43.894+0000] {dagbag.py:588} INFO - Filling up the DagBag from /opt/bitnami/airflow/venv/lib/python3.12/site-packages/airflow/example_dags/plugins/event_listener.py
[2024-12-12T19:35:43.897+0000] {processor.py:927} WARNING - No viable dags retrieved from /opt/bitnami/airflow/venv/lib/python3.12/site-packages/airflow/example_dags/plugins/event_listener.py
[2024-12-12T19:35:43.909+0000] {processor.py:208} INFO - Processing /opt/bitnami/airflow/venv/lib/python3.12/site-packages/airflow/example_dags/plugins/event_listener.py took 0.023 seconds
[2024-12-12T19:36:14.523+0000] {processor.py:186} INFO - Started process (PID=1238) to work on /opt/bitnami/airflow/venv/lib/python3.12/site-packages/airflow/example_dags/plugins/event_listener.py
[2024-12-12T19:36:14.524+0000] {processor.py:914} INFO - Processing file /opt/bitnami/airflow/venv/lib/python3.12/site-packages/airflow/example_dags/plugins/event_listener.py for tasks to queue
[2024-12-12T19:36:14.526+0000] {logging_mixin.py:190} INFO - [2024-12-12T19:36:14.526+0000] {dagbag.py:588} INFO - Filling up the DagBag from /opt/bitnami/airflow/venv/lib/python3.12/site-packages/airflow/example_dags/plugins/event_listener.py
[2024-12-12T19:36:14.528+0000] {processor.py:927} WARNING - No viable dags retrieved from /opt/bitnami/airflow/venv/lib/python3.12/site-packages/airflow/example_dags/plugins/event_listener.py
[2024-12-12T19:36:14.538+0000] {processor.py:208} INFO - Processing /opt/bitnami/airflow/venv/lib/python3.12/site-packages/airflow/example_dags/plugins/event_listener.py took 0.019 seconds
[2024-12-12T19:36:45.389+0000] {processor.py:186} INFO - Started process (PID=1295) to work on /opt/bitnami/airflow/venv/lib/python3.12/site-packages/airflow/example_dags/plugins/event_listener.py
[2024-12-12T19:36:45.390+0000] {processor.py:914} INFO - Processing file /opt/bitnami/airflow/venv/lib/python3.12/site-packages/airflow/example_dags/plugins/event_listener.py for tasks to queue
[2024-12-12T19:36:45.392+0000] {logging_mixin.py:190} INFO - [2024-12-12T19:36:45.391+0000] {dagbag.py:588} INFO - Filling up the DagBag from /opt/bitnami/airflow/venv/lib/python3.12/site-packages/airflow/example_dags/plugins/event_listener.py
[2024-12-12T19:36:45.393+0000] {processor.py:927} WARNING - No viable dags retrieved from /opt/bitnami/airflow/venv/lib/python3.12/site-packages/airflow/example_dags/plugins/event_listener.py
[2024-12-12T19:36:45.406+0000] {processor.py:208} INFO - Processing /opt/bitnami/airflow/venv/lib/python3.12/site-packages/airflow/example_dags/plugins/event_listener.py took 0.022 seconds
[2024-12-12T19:37:15.930+0000] {processor.py:186} INFO - Started process (PID=1352) to work on /opt/bitnami/airflow/venv/lib/python3.12/site-packages/airflow/example_dags/plugins/event_listener.py
[2024-12-12T19:37:15.932+0000] {processor.py:914} INFO - Processing file /opt/bitnami/airflow/venv/lib/python3.12/site-packages/airflow/example_dags/plugins/event_listener.py for tasks to queue
[2024-12-12T19:37:15.934+0000] {logging_mixin.py:190} INFO - [2024-12-12T19:37:15.934+0000] {dagbag.py:588} INFO - Filling up the DagBag from /opt/bitnami/airflow/venv/lib/python3.12/site-packages/airflow/example_dags/plugins/event_listener.py
[2024-12-12T19:37:15.936+0000] {processor.py:927} WARNING - No viable dags retrieved from /opt/bitnami/airflow/venv/lib/python3.12/site-packages/airflow/example_dags/plugins/event_listener.py
[2024-12-12T19:37:15.949+0000] {processor.py:208} INFO - Processing /opt/bitnami/airflow/venv/lib/python3.12/site-packages/airflow/example_dags/plugins/event_listener.py took 0.024 seconds
[2024-12-12T19:37:46.284+0000] {processor.py:186} INFO - Started process (PID=1409) to work on /opt/bitnami/airflow/venv/lib/python3.12/site-packages/airflow/example_dags/plugins/event_listener.py
[2024-12-12T19:37:46.285+0000] {processor.py:914} INFO - Processing file /opt/bitnami/airflow/venv/lib/python3.12/site-packages/airflow/example_dags/plugins/event_listener.py for tasks to queue
[2024-12-12T19:37:46.287+0000] {logging_mixin.py:190} INFO - [2024-12-12T19:37:46.287+0000] {dagbag.py:588} INFO - Filling up the DagBag from /opt/bitnami/airflow/venv/lib/python3.12/site-packages/airflow/example_dags/plugins/event_listener.py
[2024-12-12T19:37:46.289+0000] {processor.py:927} WARNING - No viable dags retrieved from /opt/bitnami/airflow/venv/lib/python3.12/site-packages/airflow/example_dags/plugins/event_listener.py
[2024-12-12T19:37:46.301+0000] {processor.py:208} INFO - Processing /opt/bitnami/airflow/venv/lib/python3.12/site-packages/airflow/example_dags/plugins/event_listener.py took 0.022 seconds
[2024-12-12T19:38:17.139+0000] {processor.py:186} INFO - Started process (PID=1466) to work on /opt/bitnami/airflow/venv/lib/python3.12/site-packages/airflow/example_dags/plugins/event_listener.py
[2024-12-12T19:38:17.140+0000] {processor.py:914} INFO - Processing file /opt/bitnami/airflow/venv/lib/python3.12/site-packages/airflow/example_dags/plugins/event_listener.py for tasks to queue
[2024-12-12T19:38:17.143+0000] {logging_mixin.py:190} INFO - [2024-12-12T19:38:17.142+0000] {dagbag.py:588} INFO - Filling up the DagBag from /opt/bitnami/airflow/venv/lib/python3.12/site-packages/airflow/example_dags/plugins/event_listener.py
[2024-12-12T19:38:17.145+0000] {processor.py:927} WARNING - No viable dags retrieved from /opt/bitnami/airflow/venv/lib/python3.12/site-packages/airflow/example_dags/plugins/event_listener.py
[2024-12-12T19:38:17.164+0000] {processor.py:208} INFO - Processing /opt/bitnami/airflow/venv/lib/python3.12/site-packages/airflow/example_dags/plugins/event_listener.py took 0.029 seconds
[2024-12-12T19:38:48.029+0000] {processor.py:186} INFO - Started process (PID=1523) to work on /opt/bitnami/airflow/venv/lib/python3.12/site-packages/airflow/example_dags/plugins/event_listener.py
[2024-12-12T19:38:48.031+0000] {processor.py:914} INFO - Processing file /opt/bitnami/airflow/venv/lib/python3.12/site-packages/airflow/example_dags/plugins/event_listener.py for tasks to queue
[2024-12-12T19:38:48.033+0000] {logging_mixin.py:190} INFO - [2024-12-12T19:38:48.032+0000] {dagbag.py:588} INFO - Filling up the DagBag from /opt/bitnami/airflow/venv/lib/python3.12/site-packages/airflow/example_dags/plugins/event_listener.py
[2024-12-12T19:38:48.034+0000] {processor.py:927} WARNING - No viable dags retrieved from /opt/bitnami/airflow/venv/lib/python3.12/site-packages/airflow/example_dags/plugins/event_listener.py
[2024-12-12T19:38:48.047+0000] {processor.py:208} INFO - Processing /opt/bitnami/airflow/venv/lib/python3.12/site-packages/airflow/example_dags/plugins/event_listener.py took 0.023 seconds
[2024-12-12T19:39:18.955+0000] {processor.py:186} INFO - Started process (PID=1580) to work on /opt/bitnami/airflow/venv/lib/python3.12/site-packages/airflow/example_dags/plugins/event_listener.py
[2024-12-12T19:39:18.956+0000] {processor.py:914} INFO - Processing file /opt/bitnami/airflow/venv/lib/python3.12/site-packages/airflow/example_dags/plugins/event_listener.py for tasks to queue
[2024-12-12T19:39:18.958+0000] {logging_mixin.py:190} INFO - [2024-12-12T19:39:18.957+0000] {dagbag.py:588} INFO - Filling up the DagBag from /opt/bitnami/airflow/venv/lib/python3.12/site-packages/airflow/example_dags/plugins/event_listener.py
[2024-12-12T19:39:18.961+0000] {processor.py:927} WARNING - No viable dags retrieved from /opt/bitnami/airflow/venv/lib/python3.12/site-packages/airflow/example_dags/plugins/event_listener.py
[2024-12-12T19:39:18.976+0000] {processor.py:208} INFO - Processing /opt/bitnami/airflow/venv/lib/python3.12/site-packages/airflow/example_dags/plugins/event_listener.py took 0.026 seconds
[2024-12-12T19:39:50.290+0000] {processor.py:186} INFO - Started process (PID=1637) to work on /opt/bitnami/airflow/venv/lib/python3.12/site-packages/airflow/example_dags/plugins/event_listener.py
[2024-12-12T19:39:50.291+0000] {processor.py:914} INFO - Processing file /opt/bitnami/airflow/venv/lib/python3.12/site-packages/airflow/example_dags/plugins/event_listener.py for tasks to queue
[2024-12-12T19:39:50.293+0000] {logging_mixin.py:190} INFO - [2024-12-12T19:39:50.293+0000] {dagbag.py:588} INFO - Filling up the DagBag from /opt/bitnami/airflow/venv/lib/python3.12/site-packages/airflow/example_dags/plugins/event_listener.py
[2024-12-12T19:39:50.296+0000] {processor.py:927} WARNING - No viable dags retrieved from /opt/bitnami/airflow/venv/lib/python3.12/site-packages/airflow/example_dags/plugins/event_listener.py
[2024-12-12T19:39:50.311+0000] {processor.py:208} INFO - Processing /opt/bitnami/airflow/venv/lib/python3.12/site-packages/airflow/example_dags/plugins/event_listener.py took 0.027 seconds
[2024-12-12T19:40:21.251+0000] {processor.py:186} INFO - Started process (PID=1694) to work on /opt/bitnami/airflow/venv/lib/python3.12/site-packages/airflow/example_dags/plugins/event_listener.py
[2024-12-12T19:40:21.252+0000] {processor.py:914} INFO - Processing file /opt/bitnami/airflow/venv/lib/python3.12/site-packages/airflow/example_dags/plugins/event_listener.py for tasks to queue
[2024-12-12T19:40:21.254+0000] {logging_mixin.py:190} INFO - [2024-12-12T19:40:21.254+0000] {dagbag.py:588} INFO - Filling up the DagBag from /opt/bitnami/airflow/venv/lib/python3.12/site-packages/airflow/example_dags/plugins/event_listener.py
[2024-12-12T19:40:21.256+0000] {processor.py:927} WARNING - No viable dags retrieved from /opt/bitnami/airflow/venv/lib/python3.12/site-packages/airflow/example_dags/plugins/event_listener.py
[2024-12-12T19:40:21.266+0000] {processor.py:208} INFO - Processing /opt/bitnami/airflow/venv/lib/python3.12/site-packages/airflow/example_dags/plugins/event_listener.py took 0.020 seconds
[2024-12-12T19:40:52.620+0000] {processor.py:186} INFO - Started process (PID=1751) to work on /opt/bitnami/airflow/venv/lib/python3.12/site-packages/airflow/example_dags/plugins/event_listener.py
[2024-12-12T19:40:52.622+0000] {processor.py:914} INFO - Processing file /opt/bitnami/airflow/venv/lib/python3.12/site-packages/airflow/example_dags/plugins/event_listener.py for tasks to queue
[2024-12-12T19:40:52.624+0000] {logging_mixin.py:190} INFO - [2024-12-12T19:40:52.623+0000] {dagbag.py:588} INFO - Filling up the DagBag from /opt/bitnami/airflow/venv/lib/python3.12/site-packages/airflow/example_dags/plugins/event_listener.py
[2024-12-12T19:40:52.626+0000] {processor.py:927} WARNING - No viable dags retrieved from /opt/bitnami/airflow/venv/lib/python3.12/site-packages/airflow/example_dags/plugins/event_listener.py
[2024-12-12T19:40:52.639+0000] {processor.py:208} INFO - Processing /opt/bitnami/airflow/venv/lib/python3.12/site-packages/airflow/example_dags/plugins/event_listener.py took 0.023 seconds
[2024-12-12T19:41:24.140+0000] {processor.py:186} INFO - Started process (PID=1808) to work on /opt/bitnami/airflow/venv/lib/python3.12/site-packages/airflow/example_dags/plugins/event_listener.py
[2024-12-12T19:41:24.142+0000] {processor.py:914} INFO - Processing file /opt/bitnami/airflow/venv/lib/python3.12/site-packages/airflow/example_dags/plugins/event_listener.py for tasks to queue
[2024-12-12T19:41:24.147+0000] {logging_mixin.py:190} INFO - [2024-12-12T19:41:24.147+0000] {dagbag.py:588} INFO - Filling up the DagBag from /opt/bitnami/airflow/venv/lib/python3.12/site-packages/airflow/example_dags/plugins/event_listener.py
[2024-12-12T19:41:24.151+0000] {processor.py:927} WARNING - No viable dags retrieved from /opt/bitnami/airflow/venv/lib/python3.12/site-packages/airflow/example_dags/plugins/event_listener.py
[2024-12-12T19:41:24.175+0000] {processor.py:208} INFO - Processing /opt/bitnami/airflow/venv/lib/python3.12/site-packages/airflow/example_dags/plugins/event_listener.py took 0.045 seconds
[2024-12-12T19:41:54.950+0000] {processor.py:186} INFO - Started process (PID=1865) to work on /opt/bitnami/airflow/venv/lib/python3.12/site-packages/airflow/example_dags/plugins/event_listener.py
[2024-12-12T19:41:54.952+0000] {processor.py:914} INFO - Processing file /opt/bitnami/airflow/venv/lib/python3.12/site-packages/airflow/example_dags/plugins/event_listener.py for tasks to queue
[2024-12-12T19:41:54.954+0000] {logging_mixin.py:190} INFO - [2024-12-12T19:41:54.954+0000] {dagbag.py:588} INFO - Filling up the DagBag from /opt/bitnami/airflow/venv/lib/python3.12/site-packages/airflow/example_dags/plugins/event_listener.py
[2024-12-12T19:41:54.956+0000] {processor.py:927} WARNING - No viable dags retrieved from /opt/bitnami/airflow/venv/lib/python3.12/site-packages/airflow/example_dags/plugins/event_listener.py
[2024-12-12T19:41:54.968+0000] {processor.py:208} INFO - Processing /opt/bitnami/airflow/venv/lib/python3.12/site-packages/airflow/example_dags/plugins/event_listener.py took 0.022 seconds
[2024-12-12T19:42:25.481+0000] {processor.py:186} INFO - Started process (PID=1922) to work on /opt/bitnami/airflow/venv/lib/python3.12/site-packages/airflow/example_dags/plugins/event_listener.py
[2024-12-12T19:42:25.482+0000] {processor.py:914} INFO - Processing file /opt/bitnami/airflow/venv/lib/python3.12/site-packages/airflow/example_dags/plugins/event_listener.py for tasks to queue
[2024-12-12T19:42:25.486+0000] {logging_mixin.py:190} INFO - [2024-12-12T19:42:25.486+0000] {dagbag.py:588} INFO - Filling up the DagBag from /opt/bitnami/airflow/venv/lib/python3.12/site-packages/airflow/example_dags/plugins/event_listener.py
[2024-12-12T19:42:25.488+0000] {processor.py:927} WARNING - No viable dags retrieved from /opt/bitnami/airflow/venv/lib/python3.12/site-packages/airflow/example_dags/plugins/event_listener.py
[2024-12-12T19:42:25.506+0000] {processor.py:208} INFO - Processing /opt/bitnami/airflow/venv/lib/python3.12/site-packages/airflow/example_dags/plugins/event_listener.py took 0.031 seconds
[2024-12-12T19:42:56.140+0000] {processor.py:186} INFO - Started process (PID=1979) to work on /opt/bitnami/airflow/venv/lib/python3.12/site-packages/airflow/example_dags/plugins/event_listener.py
[2024-12-12T19:42:56.140+0000] {processor.py:914} INFO - Processing file /opt/bitnami/airflow/venv/lib/python3.12/site-packages/airflow/example_dags/plugins/event_listener.py for tasks to queue
[2024-12-12T19:42:56.142+0000] {logging_mixin.py:190} INFO - [2024-12-12T19:42:56.142+0000] {dagbag.py:588} INFO - Filling up the DagBag from /opt/bitnami/airflow/venv/lib/python3.12/site-packages/airflow/example_dags/plugins/event_listener.py
[2024-12-12T19:42:56.144+0000] {processor.py:927} WARNING - No viable dags retrieved from /opt/bitnami/airflow/venv/lib/python3.12/site-packages/airflow/example_dags/plugins/event_listener.py
[2024-12-12T19:42:56.156+0000] {processor.py:208} INFO - Processing /opt/bitnami/airflow/venv/lib/python3.12/site-packages/airflow/example_dags/plugins/event_listener.py took 0.020 seconds
[2024-12-12T19:43:27.679+0000] {processor.py:186} INFO - Started process (PID=2036) to work on /opt/bitnami/airflow/venv/lib/python3.12/site-packages/airflow/example_dags/plugins/event_listener.py
[2024-12-12T19:43:27.680+0000] {processor.py:914} INFO - Processing file /opt/bitnami/airflow/venv/lib/python3.12/site-packages/airflow/example_dags/plugins/event_listener.py for tasks to queue
[2024-12-12T19:43:27.682+0000] {logging_mixin.py:190} INFO - [2024-12-12T19:43:27.682+0000] {dagbag.py:588} INFO - Filling up the DagBag from /opt/bitnami/airflow/venv/lib/python3.12/site-packages/airflow/example_dags/plugins/event_listener.py
[2024-12-12T19:43:27.685+0000] {processor.py:927} WARNING - No viable dags retrieved from /opt/bitnami/airflow/venv/lib/python3.12/site-packages/airflow/example_dags/plugins/event_listener.py
[2024-12-12T19:43:27.699+0000] {processor.py:208} INFO - Processing /opt/bitnami/airflow/venv/lib/python3.12/site-packages/airflow/example_dags/plugins/event_listener.py took 0.024 seconds
[2024-12-12T19:43:58.340+0000] {processor.py:186} INFO - Started process (PID=2093) to work on /opt/bitnami/airflow/venv/lib/python3.12/site-packages/airflow/example_dags/plugins/event_listener.py
[2024-12-12T19:43:58.342+0000] {processor.py:914} INFO - Processing file /opt/bitnami/airflow/venv/lib/python3.12/site-packages/airflow/example_dags/plugins/event_listener.py for tasks to queue
[2024-12-12T19:43:58.345+0000] {logging_mixin.py:190} INFO - [2024-12-12T19:43:58.345+0000] {dagbag.py:588} INFO - Filling up the DagBag from /opt/bitnami/airflow/venv/lib/python3.12/site-packages/airflow/example_dags/plugins/event_listener.py
[2024-12-12T19:43:58.349+0000] {processor.py:927} WARNING - No viable dags retrieved from /opt/bitnami/airflow/venv/lib/python3.12/site-packages/airflow/example_dags/plugins/event_listener.py
[2024-12-12T19:43:58.372+0000] {processor.py:208} INFO - Processing /opt/bitnami/airflow/venv/lib/python3.12/site-packages/airflow/example_dags/plugins/event_listener.py took 0.039 seconds
[2024-12-12T19:44:29.037+0000] {processor.py:186} INFO - Started process (PID=2150) to work on /opt/bitnami/airflow/venv/lib/python3.12/site-packages/airflow/example_dags/plugins/event_listener.py
[2024-12-12T19:44:29.039+0000] {processor.py:914} INFO - Processing file /opt/bitnami/airflow/venv/lib/python3.12/site-packages/airflow/example_dags/plugins/event_listener.py for tasks to queue
[2024-12-12T19:44:29.043+0000] {logging_mixin.py:190} INFO - [2024-12-12T19:44:29.042+0000] {dagbag.py:588} INFO - Filling up the DagBag from /opt/bitnami/airflow/venv/lib/python3.12/site-packages/airflow/example_dags/plugins/event_listener.py
[2024-12-12T19:44:29.045+0000] {processor.py:927} WARNING - No viable dags retrieved from /opt/bitnami/airflow/venv/lib/python3.12/site-packages/airflow/example_dags/plugins/event_listener.py
[2024-12-12T19:44:29.065+0000] {processor.py:208} INFO - Processing /opt/bitnami/airflow/venv/lib/python3.12/site-packages/airflow/example_dags/plugins/event_listener.py took 0.032 seconds
[2024-12-12T19:45:01.867+0000] {processor.py:186} INFO - Started process (PID=2207) to work on /opt/bitnami/airflow/venv/lib/python3.12/site-packages/airflow/example_dags/plugins/event_listener.py
[2024-12-12T19:45:01.868+0000] {processor.py:914} INFO - Processing file /opt/bitnami/airflow/venv/lib/python3.12/site-packages/airflow/example_dags/plugins/event_listener.py for tasks to queue
[2024-12-12T19:45:01.873+0000] {logging_mixin.py:190} INFO - [2024-12-12T19:45:01.872+0000] {dagbag.py:588} INFO - Filling up the DagBag from /opt/bitnami/airflow/venv/lib/python3.12/site-packages/airflow/example_dags/plugins/event_listener.py
[2024-12-12T19:45:01.876+0000] {processor.py:927} WARNING - No viable dags retrieved from /opt/bitnami/airflow/venv/lib/python3.12/site-packages/airflow/example_dags/plugins/event_listener.py
[2024-12-12T19:45:01.895+0000] {processor.py:208} INFO - Processing /opt/bitnami/airflow/venv/lib/python3.12/site-packages/airflow/example_dags/plugins/event_listener.py took 0.040 seconds
[2024-12-12T19:45:33.215+0000] {processor.py:186} INFO - Started process (PID=2264) to work on /opt/bitnami/airflow/venv/lib/python3.12/site-packages/airflow/example_dags/plugins/event_listener.py
[2024-12-12T19:45:33.216+0000] {processor.py:914} INFO - Processing file /opt/bitnami/airflow/venv/lib/python3.12/site-packages/airflow/example_dags/plugins/event_listener.py for tasks to queue
[2024-12-12T19:45:33.219+0000] {logging_mixin.py:190} INFO - [2024-12-12T19:45:33.219+0000] {dagbag.py:588} INFO - Filling up the DagBag from /opt/bitnami/airflow/venv/lib/python3.12/site-packages/airflow/example_dags/plugins/event_listener.py
[2024-12-12T19:45:33.221+0000] {processor.py:927} WARNING - No viable dags retrieved from /opt/bitnami/airflow/venv/lib/python3.12/site-packages/airflow/example_dags/plugins/event_listener.py
[2024-12-12T19:45:33.237+0000] {processor.py:208} INFO - Processing /opt/bitnami/airflow/venv/lib/python3.12/site-packages/airflow/example_dags/plugins/event_listener.py took 0.027 seconds
[2024-12-12T19:46:04.320+0000] {processor.py:186} INFO - Started process (PID=2321) to work on /opt/bitnami/airflow/venv/lib/python3.12/site-packages/airflow/example_dags/plugins/event_listener.py
[2024-12-12T19:46:04.321+0000] {processor.py:914} INFO - Processing file /opt/bitnami/airflow/venv/lib/python3.12/site-packages/airflow/example_dags/plugins/event_listener.py for tasks to queue
[2024-12-12T19:46:04.323+0000] {logging_mixin.py:190} INFO - [2024-12-12T19:46:04.323+0000] {dagbag.py:588} INFO - Filling up the DagBag from /opt/bitnami/airflow/venv/lib/python3.12/site-packages/airflow/example_dags/plugins/event_listener.py
[2024-12-12T19:46:04.326+0000] {processor.py:927} WARNING - No viable dags retrieved from /opt/bitnami/airflow/venv/lib/python3.12/site-packages/airflow/example_dags/plugins/event_listener.py
[2024-12-12T19:46:04.340+0000] {processor.py:208} INFO - Processing /opt/bitnami/airflow/venv/lib/python3.12/site-packages/airflow/example_dags/plugins/event_listener.py took 0.025 seconds
[2024-12-12T19:46:34.626+0000] {processor.py:186} INFO - Started process (PID=2378) to work on /opt/bitnami/airflow/venv/lib/python3.12/site-packages/airflow/example_dags/plugins/event_listener.py
[2024-12-12T19:46:34.627+0000] {processor.py:914} INFO - Processing file /opt/bitnami/airflow/venv/lib/python3.12/site-packages/airflow/example_dags/plugins/event_listener.py for tasks to queue
[2024-12-12T19:46:34.629+0000] {logging_mixin.py:190} INFO - [2024-12-12T19:46:34.629+0000] {dagbag.py:588} INFO - Filling up the DagBag from /opt/bitnami/airflow/venv/lib/python3.12/site-packages/airflow/example_dags/plugins/event_listener.py
[2024-12-12T19:46:34.631+0000] {processor.py:927} WARNING - No viable dags retrieved from /opt/bitnami/airflow/venv/lib/python3.12/site-packages/airflow/example_dags/plugins/event_listener.py
[2024-12-12T19:46:34.645+0000] {processor.py:208} INFO - Processing /opt/bitnami/airflow/venv/lib/python3.12/site-packages/airflow/example_dags/plugins/event_listener.py took 0.024 seconds
[2024-12-12T19:47:05.730+0000] {processor.py:186} INFO - Started process (PID=2435) to work on /opt/bitnami/airflow/venv/lib/python3.12/site-packages/airflow/example_dags/plugins/event_listener.py
[2024-12-12T19:47:05.732+0000] {processor.py:914} INFO - Processing file /opt/bitnami/airflow/venv/lib/python3.12/site-packages/airflow/example_dags/plugins/event_listener.py for tasks to queue
[2024-12-12T19:47:05.734+0000] {logging_mixin.py:190} INFO - [2024-12-12T19:47:05.734+0000] {dagbag.py:588} INFO - Filling up the DagBag from /opt/bitnami/airflow/venv/lib/python3.12/site-packages/airflow/example_dags/plugins/event_listener.py
[2024-12-12T19:47:05.737+0000] {processor.py:927} WARNING - No viable dags retrieved from /opt/bitnami/airflow/venv/lib/python3.12/site-packages/airflow/example_dags/plugins/event_listener.py
[2024-12-12T19:47:05.758+0000] {processor.py:208} INFO - Processing /opt/bitnami/airflow/venv/lib/python3.12/site-packages/airflow/example_dags/plugins/event_listener.py took 0.033 seconds
[2024-12-12T19:47:36.133+0000] {processor.py:186} INFO - Started process (PID=2492) to work on /opt/bitnami/airflow/venv/lib/python3.12/site-packages/airflow/example_dags/plugins/event_listener.py
[2024-12-12T19:47:36.134+0000] {processor.py:914} INFO - Processing file /opt/bitnami/airflow/venv/lib/python3.12/site-packages/airflow/example_dags/plugins/event_listener.py for tasks to queue
[2024-12-12T19:47:36.137+0000] {logging_mixin.py:190} INFO - [2024-12-12T19:47:36.136+0000] {dagbag.py:588} INFO - Filling up the DagBag from /opt/bitnami/airflow/venv/lib/python3.12/site-packages/airflow/example_dags/plugins/event_listener.py
[2024-12-12T19:47:36.139+0000] {processor.py:927} WARNING - No viable dags retrieved from /opt/bitnami/airflow/venv/lib/python3.12/site-packages/airflow/example_dags/plugins/event_listener.py
[2024-12-12T19:47:36.150+0000] {processor.py:208} INFO - Processing /opt/bitnami/airflow/venv/lib/python3.12/site-packages/airflow/example_dags/plugins/event_listener.py took 0.022 seconds
[2024-12-12T19:48:06.761+0000] {processor.py:186} INFO - Started process (PID=2549) to work on /opt/bitnami/airflow/venv/lib/python3.12/site-packages/airflow/example_dags/plugins/event_listener.py
[2024-12-12T19:48:06.762+0000] {processor.py:914} INFO - Processing file /opt/bitnami/airflow/venv/lib/python3.12/site-packages/airflow/example_dags/plugins/event_listener.py for tasks to queue
[2024-12-12T19:48:06.767+0000] {logging_mixin.py:190} INFO - [2024-12-12T19:48:06.766+0000] {dagbag.py:588} INFO - Filling up the DagBag from /opt/bitnami/airflow/venv/lib/python3.12/site-packages/airflow/example_dags/plugins/event_listener.py
[2024-12-12T19:48:06.769+0000] {processor.py:927} WARNING - No viable dags retrieved from /opt/bitnami/airflow/venv/lib/python3.12/site-packages/airflow/example_dags/plugins/event_listener.py
[2024-12-12T19:48:06.785+0000] {processor.py:208} INFO - Processing /opt/bitnami/airflow/venv/lib/python3.12/site-packages/airflow/example_dags/plugins/event_listener.py took 0.031 seconds
[2024-12-12T19:48:37.212+0000] {processor.py:186} INFO - Started process (PID=2606) to work on /opt/bitnami/airflow/venv/lib/python3.12/site-packages/airflow/example_dags/plugins/event_listener.py
[2024-12-12T19:48:37.213+0000] {processor.py:914} INFO - Processing file /opt/bitnami/airflow/venv/lib/python3.12/site-packages/airflow/example_dags/plugins/event_listener.py for tasks to queue
[2024-12-12T19:48:37.216+0000] {logging_mixin.py:190} INFO - [2024-12-12T19:48:37.216+0000] {dagbag.py:588} INFO - Filling up the DagBag from /opt/bitnami/airflow/venv/lib/python3.12/site-packages/airflow/example_dags/plugins/event_listener.py
[2024-12-12T19:48:37.218+0000] {processor.py:927} WARNING - No viable dags retrieved from /opt/bitnami/airflow/venv/lib/python3.12/site-packages/airflow/example_dags/plugins/event_listener.py
[2024-12-12T19:48:37.233+0000] {processor.py:208} INFO - Processing /opt/bitnami/airflow/venv/lib/python3.12/site-packages/airflow/example_dags/plugins/event_listener.py took 0.026 seconds
[2024-12-12T19:49:08.157+0000] {processor.py:186} INFO - Started process (PID=2663) to work on /opt/bitnami/airflow/venv/lib/python3.12/site-packages/airflow/example_dags/plugins/event_listener.py
[2024-12-12T19:49:08.159+0000] {processor.py:914} INFO - Processing file /opt/bitnami/airflow/venv/lib/python3.12/site-packages/airflow/example_dags/plugins/event_listener.py for tasks to queue
[2024-12-12T19:49:08.161+0000] {logging_mixin.py:190} INFO - [2024-12-12T19:49:08.161+0000] {dagbag.py:588} INFO - Filling up the DagBag from /opt/bitnami/airflow/venv/lib/python3.12/site-packages/airflow/example_dags/plugins/event_listener.py
[2024-12-12T19:49:08.163+0000] {processor.py:927} WARNING - No viable dags retrieved from /opt/bitnami/airflow/venv/lib/python3.12/site-packages/airflow/example_dags/plugins/event_listener.py
[2024-12-12T19:49:08.177+0000] {processor.py:208} INFO - Processing /opt/bitnami/airflow/venv/lib/python3.12/site-packages/airflow/example_dags/plugins/event_listener.py took 0.024 seconds
[2024-12-12T19:49:38.688+0000] {processor.py:186} INFO - Started process (PID=2720) to work on /opt/bitnami/airflow/venv/lib/python3.12/site-packages/airflow/example_dags/plugins/event_listener.py
[2024-12-12T19:49:38.690+0000] {processor.py:914} INFO - Processing file /opt/bitnami/airflow/venv/lib/python3.12/site-packages/airflow/example_dags/plugins/event_listener.py for tasks to queue
[2024-12-12T19:49:38.693+0000] {logging_mixin.py:190} INFO - [2024-12-12T19:49:38.693+0000] {dagbag.py:588} INFO - Filling up the DagBag from /opt/bitnami/airflow/venv/lib/python3.12/site-packages/airflow/example_dags/plugins/event_listener.py
[2024-12-12T19:49:38.696+0000] {processor.py:927} WARNING - No viable dags retrieved from /opt/bitnami/airflow/venv/lib/python3.12/site-packages/airflow/example_dags/plugins/event_listener.py
[2024-12-12T19:49:38.715+0000] {processor.py:208} INFO - Processing /opt/bitnami/airflow/venv/lib/python3.12/site-packages/airflow/example_dags/plugins/event_listener.py took 0.036 seconds
[2024-12-12T19:50:09.575+0000] {processor.py:186} INFO - Started process (PID=2777) to work on /opt/bitnami/airflow/venv/lib/python3.12/site-packages/airflow/example_dags/plugins/event_listener.py
[2024-12-12T19:50:09.576+0000] {processor.py:914} INFO - Processing file /opt/bitnami/airflow/venv/lib/python3.12/site-packages/airflow/example_dags/plugins/event_listener.py for tasks to queue
[2024-12-12T19:50:09.578+0000] {logging_mixin.py:190} INFO - [2024-12-12T19:50:09.578+0000] {dagbag.py:588} INFO - Filling up the DagBag from /opt/bitnami/airflow/venv/lib/python3.12/site-packages/airflow/example_dags/plugins/event_listener.py
[2024-12-12T19:50:09.580+0000] {processor.py:927} WARNING - No viable dags retrieved from /opt/bitnami/airflow/venv/lib/python3.12/site-packages/airflow/example_dags/plugins/event_listener.py
[2024-12-12T19:50:09.595+0000] {processor.py:208} INFO - Processing /opt/bitnami/airflow/venv/lib/python3.12/site-packages/airflow/example_dags/plugins/event_listener.py took 0.024 seconds
[2024-12-12T19:50:40.091+0000] {processor.py:186} INFO - Started process (PID=2834) to work on /opt/bitnami/airflow/venv/lib/python3.12/site-packages/airflow/example_dags/plugins/event_listener.py
[2024-12-12T19:50:40.093+0000] {processor.py:914} INFO - Processing file /opt/bitnami/airflow/venv/lib/python3.12/site-packages/airflow/example_dags/plugins/event_listener.py for tasks to queue
[2024-12-12T19:50:40.095+0000] {logging_mixin.py:190} INFO - [2024-12-12T19:50:40.095+0000] {dagbag.py:588} INFO - Filling up the DagBag from /opt/bitnami/airflow/venv/lib/python3.12/site-packages/airflow/example_dags/plugins/event_listener.py
[2024-12-12T19:50:40.097+0000] {processor.py:927} WARNING - No viable dags retrieved from /opt/bitnami/airflow/venv/lib/python3.12/site-packages/airflow/example_dags/plugins/event_listener.py
[2024-12-12T19:50:40.113+0000] {processor.py:208} INFO - Processing /opt/bitnami/airflow/venv/lib/python3.12/site-packages/airflow/example_dags/plugins/event_listener.py took 0.030 seconds
[2024-12-12T19:51:10.358+0000] {processor.py:186} INFO - Started process (PID=2891) to work on /opt/bitnami/airflow/venv/lib/python3.12/site-packages/airflow/example_dags/plugins/event_listener.py
[2024-12-12T19:51:10.360+0000] {processor.py:914} INFO - Processing file /opt/bitnami/airflow/venv/lib/python3.12/site-packages/airflow/example_dags/plugins/event_listener.py for tasks to queue
[2024-12-12T19:51:10.362+0000] {logging_mixin.py:190} INFO - [2024-12-12T19:51:10.362+0000] {dagbag.py:588} INFO - Filling up the DagBag from /opt/bitnami/airflow/venv/lib/python3.12/site-packages/airflow/example_dags/plugins/event_listener.py
[2024-12-12T19:51:10.364+0000] {processor.py:927} WARNING - No viable dags retrieved from /opt/bitnami/airflow/venv/lib/python3.12/site-packages/airflow/example_dags/plugins/event_listener.py
[2024-12-12T19:51:10.378+0000] {processor.py:208} INFO - Processing /opt/bitnami/airflow/venv/lib/python3.12/site-packages/airflow/example_dags/plugins/event_listener.py took 0.024 seconds
[2024-12-12T19:51:41.248+0000] {processor.py:186} INFO - Started process (PID=2948) to work on /opt/bitnami/airflow/venv/lib/python3.12/site-packages/airflow/example_dags/plugins/event_listener.py
[2024-12-12T19:51:41.250+0000] {processor.py:914} INFO - Processing file /opt/bitnami/airflow/venv/lib/python3.12/site-packages/airflow/example_dags/plugins/event_listener.py for tasks to queue
[2024-12-12T19:51:41.253+0000] {logging_mixin.py:190} INFO - [2024-12-12T19:51:41.252+0000] {dagbag.py:588} INFO - Filling up the DagBag from /opt/bitnami/airflow/venv/lib/python3.12/site-packages/airflow/example_dags/plugins/event_listener.py
[2024-12-12T19:51:41.256+0000] {processor.py:927} WARNING - No viable dags retrieved from /opt/bitnami/airflow/venv/lib/python3.12/site-packages/airflow/example_dags/plugins/event_listener.py
[2024-12-12T19:51:41.275+0000] {processor.py:208} INFO - Processing /opt/bitnami/airflow/venv/lib/python3.12/site-packages/airflow/example_dags/plugins/event_listener.py took 0.031 seconds
[2024-12-12T19:52:11.442+0000] {processor.py:186} INFO - Started process (PID=3005) to work on /opt/bitnami/airflow/venv/lib/python3.12/site-packages/airflow/example_dags/plugins/event_listener.py
[2024-12-12T19:52:11.443+0000] {processor.py:914} INFO - Processing file /opt/bitnami/airflow/venv/lib/python3.12/site-packages/airflow/example_dags/plugins/event_listener.py for tasks to queue
[2024-12-12T19:52:11.446+0000] {logging_mixin.py:190} INFO - [2024-12-12T19:52:11.446+0000] {dagbag.py:588} INFO - Filling up the DagBag from /opt/bitnami/airflow/venv/lib/python3.12/site-packages/airflow/example_dags/plugins/event_listener.py
[2024-12-12T19:52:11.448+0000] {processor.py:927} WARNING - No viable dags retrieved from /opt/bitnami/airflow/venv/lib/python3.12/site-packages/airflow/example_dags/plugins/event_listener.py
[2024-12-12T19:52:11.465+0000] {processor.py:208} INFO - Processing /opt/bitnami/airflow/venv/lib/python3.12/site-packages/airflow/example_dags/plugins/event_listener.py took 0.028 seconds
[2024-12-12T19:52:41.564+0000] {processor.py:186} INFO - Started process (PID=3062) to work on /opt/bitnami/airflow/venv/lib/python3.12/site-packages/airflow/example_dags/plugins/event_listener.py
[2024-12-12T19:52:41.565+0000] {processor.py:914} INFO - Processing file /opt/bitnami/airflow/venv/lib/python3.12/site-packages/airflow/example_dags/plugins/event_listener.py for tasks to queue
[2024-12-12T19:52:41.567+0000] {logging_mixin.py:190} INFO - [2024-12-12T19:52:41.567+0000] {dagbag.py:588} INFO - Filling up the DagBag from /opt/bitnami/airflow/venv/lib/python3.12/site-packages/airflow/example_dags/plugins/event_listener.py
[2024-12-12T19:52:41.569+0000] {processor.py:927} WARNING - No viable dags retrieved from /opt/bitnami/airflow/venv/lib/python3.12/site-packages/airflow/example_dags/plugins/event_listener.py
[2024-12-12T19:52:41.579+0000] {processor.py:208} INFO - Processing /opt/bitnami/airflow/venv/lib/python3.12/site-packages/airflow/example_dags/plugins/event_listener.py took 0.022 seconds
[2024-12-12T19:53:11.802+0000] {processor.py:186} INFO - Started process (PID=3119) to work on /opt/bitnami/airflow/venv/lib/python3.12/site-packages/airflow/example_dags/plugins/event_listener.py
[2024-12-12T19:53:11.803+0000] {processor.py:914} INFO - Processing file /opt/bitnami/airflow/venv/lib/python3.12/site-packages/airflow/example_dags/plugins/event_listener.py for tasks to queue
[2024-12-12T19:53:11.806+0000] {logging_mixin.py:190} INFO - [2024-12-12T19:53:11.805+0000] {dagbag.py:588} INFO - Filling up the DagBag from /opt/bitnami/airflow/venv/lib/python3.12/site-packages/airflow/example_dags/plugins/event_listener.py
[2024-12-12T19:53:11.809+0000] {processor.py:927} WARNING - No viable dags retrieved from /opt/bitnami/airflow/venv/lib/python3.12/site-packages/airflow/example_dags/plugins/event_listener.py
[2024-12-12T19:53:11.826+0000] {processor.py:208} INFO - Processing /opt/bitnami/airflow/venv/lib/python3.12/site-packages/airflow/example_dags/plugins/event_listener.py took 0.029 seconds
[2024-12-12T19:56:24.423+0000] {processor.py:186} INFO - Started process (PID=105) to work on /opt/bitnami/airflow/venv/lib/python3.12/site-packages/airflow/example_dags/plugins/event_listener.py
[2024-12-12T19:56:24.424+0000] {processor.py:914} INFO - Processing file /opt/bitnami/airflow/venv/lib/python3.12/site-packages/airflow/example_dags/plugins/event_listener.py for tasks to queue
[2024-12-12T19:56:24.426+0000] {logging_mixin.py:190} INFO - [2024-12-12T19:56:24.425+0000] {dagbag.py:588} INFO - Filling up the DagBag from /opt/bitnami/airflow/venv/lib/python3.12/site-packages/airflow/example_dags/plugins/event_listener.py
[2024-12-12T19:56:24.428+0000] {processor.py:927} WARNING - No viable dags retrieved from /opt/bitnami/airflow/venv/lib/python3.12/site-packages/airflow/example_dags/plugins/event_listener.py
[2024-12-12T19:56:24.442+0000] {processor.py:208} INFO - Processing /opt/bitnami/airflow/venv/lib/python3.12/site-packages/airflow/example_dags/plugins/event_listener.py took 0.026 seconds
[2024-12-12T19:56:54.674+0000] {processor.py:186} INFO - Started process (PID=164) to work on /opt/bitnami/airflow/venv/lib/python3.12/site-packages/airflow/example_dags/plugins/event_listener.py
[2024-12-12T19:56:54.676+0000] {processor.py:914} INFO - Processing file /opt/bitnami/airflow/venv/lib/python3.12/site-packages/airflow/example_dags/plugins/event_listener.py for tasks to queue
[2024-12-12T19:56:54.679+0000] {logging_mixin.py:190} INFO - [2024-12-12T19:56:54.679+0000] {dagbag.py:588} INFO - Filling up the DagBag from /opt/bitnami/airflow/venv/lib/python3.12/site-packages/airflow/example_dags/plugins/event_listener.py
[2024-12-12T19:56:54.683+0000] {processor.py:927} WARNING - No viable dags retrieved from /opt/bitnami/airflow/venv/lib/python3.12/site-packages/airflow/example_dags/plugins/event_listener.py
[2024-12-12T19:56:54.703+0000] {processor.py:208} INFO - Processing /opt/bitnami/airflow/venv/lib/python3.12/site-packages/airflow/example_dags/plugins/event_listener.py took 0.038 seconds
[2024-12-12T19:57:24.892+0000] {processor.py:186} INFO - Started process (PID=220) to work on /opt/bitnami/airflow/venv/lib/python3.12/site-packages/airflow/example_dags/plugins/event_listener.py
[2024-12-12T19:57:24.893+0000] {processor.py:914} INFO - Processing file /opt/bitnami/airflow/venv/lib/python3.12/site-packages/airflow/example_dags/plugins/event_listener.py for tasks to queue
[2024-12-12T19:57:24.896+0000] {logging_mixin.py:190} INFO - [2024-12-12T19:57:24.896+0000] {dagbag.py:588} INFO - Filling up the DagBag from /opt/bitnami/airflow/venv/lib/python3.12/site-packages/airflow/example_dags/plugins/event_listener.py
[2024-12-12T19:57:24.898+0000] {processor.py:927} WARNING - No viable dags retrieved from /opt/bitnami/airflow/venv/lib/python3.12/site-packages/airflow/example_dags/plugins/event_listener.py
[2024-12-12T19:57:24.915+0000] {processor.py:208} INFO - Processing /opt/bitnami/airflow/venv/lib/python3.12/site-packages/airflow/example_dags/plugins/event_listener.py took 0.029 seconds
[2024-12-12T19:57:54.987+0000] {processor.py:186} INFO - Started process (PID=277) to work on /opt/bitnami/airflow/venv/lib/python3.12/site-packages/airflow/example_dags/plugins/event_listener.py
[2024-12-12T19:57:54.988+0000] {processor.py:914} INFO - Processing file /opt/bitnami/airflow/venv/lib/python3.12/site-packages/airflow/example_dags/plugins/event_listener.py for tasks to queue
[2024-12-12T19:57:54.990+0000] {logging_mixin.py:190} INFO - [2024-12-12T19:57:54.990+0000] {dagbag.py:588} INFO - Filling up the DagBag from /opt/bitnami/airflow/venv/lib/python3.12/site-packages/airflow/example_dags/plugins/event_listener.py
[2024-12-12T19:57:54.992+0000] {processor.py:927} WARNING - No viable dags retrieved from /opt/bitnami/airflow/venv/lib/python3.12/site-packages/airflow/example_dags/plugins/event_listener.py
[2024-12-12T19:57:55.003+0000] {processor.py:208} INFO - Processing /opt/bitnami/airflow/venv/lib/python3.12/site-packages/airflow/example_dags/plugins/event_listener.py took 0.021 seconds
[2024-12-12T19:58:26.764+0000] {processor.py:186} INFO - Started process (PID=335) to work on /opt/bitnami/airflow/venv/lib/python3.12/site-packages/airflow/example_dags/plugins/event_listener.py
[2024-12-12T19:58:26.766+0000] {processor.py:914} INFO - Processing file /opt/bitnami/airflow/venv/lib/python3.12/site-packages/airflow/example_dags/plugins/event_listener.py for tasks to queue
[2024-12-12T19:58:26.772+0000] {logging_mixin.py:190} INFO - [2024-12-12T19:58:26.771+0000] {dagbag.py:588} INFO - Filling up the DagBag from /opt/bitnami/airflow/venv/lib/python3.12/site-packages/airflow/example_dags/plugins/event_listener.py
[2024-12-12T19:58:26.775+0000] {processor.py:927} WARNING - No viable dags retrieved from /opt/bitnami/airflow/venv/lib/python3.12/site-packages/airflow/example_dags/plugins/event_listener.py
[2024-12-12T19:58:26.803+0000] {processor.py:208} INFO - Processing /opt/bitnami/airflow/venv/lib/python3.12/site-packages/airflow/example_dags/plugins/event_listener.py took 0.049 seconds
[2024-12-12T19:58:57.065+0000] {processor.py:186} INFO - Started process (PID=392) to work on /opt/bitnami/airflow/venv/lib/python3.12/site-packages/airflow/example_dags/plugins/event_listener.py
[2024-12-12T19:58:57.067+0000] {processor.py:914} INFO - Processing file /opt/bitnami/airflow/venv/lib/python3.12/site-packages/airflow/example_dags/plugins/event_listener.py for tasks to queue
[2024-12-12T19:58:57.070+0000] {logging_mixin.py:190} INFO - [2024-12-12T19:58:57.070+0000] {dagbag.py:588} INFO - Filling up the DagBag from /opt/bitnami/airflow/venv/lib/python3.12/site-packages/airflow/example_dags/plugins/event_listener.py
[2024-12-12T19:58:57.074+0000] {processor.py:927} WARNING - No viable dags retrieved from /opt/bitnami/airflow/venv/lib/python3.12/site-packages/airflow/example_dags/plugins/event_listener.py
[2024-12-12T19:58:57.094+0000] {processor.py:208} INFO - Processing /opt/bitnami/airflow/venv/lib/python3.12/site-packages/airflow/example_dags/plugins/event_listener.py took 0.035 seconds
[2024-12-12T19:59:27.288+0000] {processor.py:186} INFO - Started process (PID=449) to work on /opt/bitnami/airflow/venv/lib/python3.12/site-packages/airflow/example_dags/plugins/event_listener.py
[2024-12-12T19:59:27.289+0000] {processor.py:914} INFO - Processing file /opt/bitnami/airflow/venv/lib/python3.12/site-packages/airflow/example_dags/plugins/event_listener.py for tasks to queue
[2024-12-12T19:59:27.292+0000] {logging_mixin.py:190} INFO - [2024-12-12T19:59:27.292+0000] {dagbag.py:588} INFO - Filling up the DagBag from /opt/bitnami/airflow/venv/lib/python3.12/site-packages/airflow/example_dags/plugins/event_listener.py
[2024-12-12T19:59:27.295+0000] {processor.py:927} WARNING - No viable dags retrieved from /opt/bitnami/airflow/venv/lib/python3.12/site-packages/airflow/example_dags/plugins/event_listener.py
[2024-12-12T19:59:27.307+0000] {processor.py:208} INFO - Processing /opt/bitnami/airflow/venv/lib/python3.12/site-packages/airflow/example_dags/plugins/event_listener.py took 0.027 seconds
[2024-12-12T19:59:57.899+0000] {processor.py:186} INFO - Started process (PID=506) to work on /opt/bitnami/airflow/venv/lib/python3.12/site-packages/airflow/example_dags/plugins/event_listener.py
[2024-12-12T19:59:57.900+0000] {processor.py:914} INFO - Processing file /opt/bitnami/airflow/venv/lib/python3.12/site-packages/airflow/example_dags/plugins/event_listener.py for tasks to queue
[2024-12-12T19:59:57.902+0000] {logging_mixin.py:190} INFO - [2024-12-12T19:59:57.902+0000] {dagbag.py:588} INFO - Filling up the DagBag from /opt/bitnami/airflow/venv/lib/python3.12/site-packages/airflow/example_dags/plugins/event_listener.py
[2024-12-12T19:59:57.904+0000] {processor.py:927} WARNING - No viable dags retrieved from /opt/bitnami/airflow/venv/lib/python3.12/site-packages/airflow/example_dags/plugins/event_listener.py
[2024-12-12T19:59:57.917+0000] {processor.py:208} INFO - Processing /opt/bitnami/airflow/venv/lib/python3.12/site-packages/airflow/example_dags/plugins/event_listener.py took 0.022 seconds
[2024-12-12T20:00:28.234+0000] {processor.py:186} INFO - Started process (PID=563) to work on /opt/bitnami/airflow/venv/lib/python3.12/site-packages/airflow/example_dags/plugins/event_listener.py
[2024-12-12T20:00:28.236+0000] {processor.py:914} INFO - Processing file /opt/bitnami/airflow/venv/lib/python3.12/site-packages/airflow/example_dags/plugins/event_listener.py for tasks to queue
[2024-12-12T20:00:28.240+0000] {logging_mixin.py:190} INFO - [2024-12-12T20:00:28.239+0000] {dagbag.py:588} INFO - Filling up the DagBag from /opt/bitnami/airflow/venv/lib/python3.12/site-packages/airflow/example_dags/plugins/event_listener.py
[2024-12-12T20:00:28.245+0000] {processor.py:927} WARNING - No viable dags retrieved from /opt/bitnami/airflow/venv/lib/python3.12/site-packages/airflow/example_dags/plugins/event_listener.py
[2024-12-12T20:00:28.267+0000] {processor.py:208} INFO - Processing /opt/bitnami/airflow/venv/lib/python3.12/site-packages/airflow/example_dags/plugins/event_listener.py took 0.040 seconds
[2024-12-12T20:00:58.385+0000] {processor.py:186} INFO - Started process (PID=620) to work on /opt/bitnami/airflow/venv/lib/python3.12/site-packages/airflow/example_dags/plugins/event_listener.py
[2024-12-12T20:00:58.386+0000] {processor.py:914} INFO - Processing file /opt/bitnami/airflow/venv/lib/python3.12/site-packages/airflow/example_dags/plugins/event_listener.py for tasks to queue
[2024-12-12T20:00:58.388+0000] {logging_mixin.py:190} INFO - [2024-12-12T20:00:58.388+0000] {dagbag.py:588} INFO - Filling up the DagBag from /opt/bitnami/airflow/venv/lib/python3.12/site-packages/airflow/example_dags/plugins/event_listener.py
[2024-12-12T20:00:58.390+0000] {processor.py:927} WARNING - No viable dags retrieved from /opt/bitnami/airflow/venv/lib/python3.12/site-packages/airflow/example_dags/plugins/event_listener.py
[2024-12-12T20:00:58.406+0000] {processor.py:208} INFO - Processing /opt/bitnami/airflow/venv/lib/python3.12/site-packages/airflow/example_dags/plugins/event_listener.py took 0.027 seconds
[2024-12-12T20:01:29.276+0000] {processor.py:186} INFO - Started process (PID=677) to work on /opt/bitnami/airflow/venv/lib/python3.12/site-packages/airflow/example_dags/plugins/event_listener.py
[2024-12-12T20:01:29.278+0000] {processor.py:914} INFO - Processing file /opt/bitnami/airflow/venv/lib/python3.12/site-packages/airflow/example_dags/plugins/event_listener.py for tasks to queue
[2024-12-12T20:01:29.280+0000] {logging_mixin.py:190} INFO - [2024-12-12T20:01:29.280+0000] {dagbag.py:588} INFO - Filling up the DagBag from /opt/bitnami/airflow/venv/lib/python3.12/site-packages/airflow/example_dags/plugins/event_listener.py
[2024-12-12T20:01:29.283+0000] {processor.py:927} WARNING - No viable dags retrieved from /opt/bitnami/airflow/venv/lib/python3.12/site-packages/airflow/example_dags/plugins/event_listener.py
[2024-12-12T20:01:29.298+0000] {processor.py:208} INFO - Processing /opt/bitnami/airflow/venv/lib/python3.12/site-packages/airflow/example_dags/plugins/event_listener.py took 0.028 seconds
[2024-12-12T20:02:00.232+0000] {processor.py:186} INFO - Started process (PID=735) to work on /opt/bitnami/airflow/venv/lib/python3.12/site-packages/airflow/example_dags/plugins/event_listener.py
[2024-12-12T20:02:00.234+0000] {processor.py:914} INFO - Processing file /opt/bitnami/airflow/venv/lib/python3.12/site-packages/airflow/example_dags/plugins/event_listener.py for tasks to queue
[2024-12-12T20:02:00.236+0000] {logging_mixin.py:190} INFO - [2024-12-12T20:02:00.235+0000] {dagbag.py:588} INFO - Filling up the DagBag from /opt/bitnami/airflow/venv/lib/python3.12/site-packages/airflow/example_dags/plugins/event_listener.py
[2024-12-12T20:02:00.238+0000] {processor.py:927} WARNING - No viable dags retrieved from /opt/bitnami/airflow/venv/lib/python3.12/site-packages/airflow/example_dags/plugins/event_listener.py
[2024-12-12T20:02:00.253+0000] {processor.py:208} INFO - Processing /opt/bitnami/airflow/venv/lib/python3.12/site-packages/airflow/example_dags/plugins/event_listener.py took 0.026 seconds
[2024-12-12T20:02:31.270+0000] {processor.py:186} INFO - Started process (PID=795) to work on /opt/bitnami/airflow/venv/lib/python3.12/site-packages/airflow/example_dags/plugins/event_listener.py
[2024-12-12T20:02:31.271+0000] {processor.py:914} INFO - Processing file /opt/bitnami/airflow/venv/lib/python3.12/site-packages/airflow/example_dags/plugins/event_listener.py for tasks to queue
[2024-12-12T20:02:31.275+0000] {logging_mixin.py:190} INFO - [2024-12-12T20:02:31.274+0000] {dagbag.py:588} INFO - Filling up the DagBag from /opt/bitnami/airflow/venv/lib/python3.12/site-packages/airflow/example_dags/plugins/event_listener.py
[2024-12-12T20:02:31.278+0000] {processor.py:927} WARNING - No viable dags retrieved from /opt/bitnami/airflow/venv/lib/python3.12/site-packages/airflow/example_dags/plugins/event_listener.py
[2024-12-12T20:02:31.294+0000] {processor.py:208} INFO - Processing /opt/bitnami/airflow/venv/lib/python3.12/site-packages/airflow/example_dags/plugins/event_listener.py took 0.029 seconds
[2024-12-12T20:03:01.610+0000] {processor.py:186} INFO - Started process (PID=852) to work on /opt/bitnami/airflow/venv/lib/python3.12/site-packages/airflow/example_dags/plugins/event_listener.py
[2024-12-12T20:03:01.612+0000] {processor.py:914} INFO - Processing file /opt/bitnami/airflow/venv/lib/python3.12/site-packages/airflow/example_dags/plugins/event_listener.py for tasks to queue
[2024-12-12T20:03:01.616+0000] {logging_mixin.py:190} INFO - [2024-12-12T20:03:01.615+0000] {dagbag.py:588} INFO - Filling up the DagBag from /opt/bitnami/airflow/venv/lib/python3.12/site-packages/airflow/example_dags/plugins/event_listener.py
[2024-12-12T20:03:01.618+0000] {processor.py:927} WARNING - No viable dags retrieved from /opt/bitnami/airflow/venv/lib/python3.12/site-packages/airflow/example_dags/plugins/event_listener.py
[2024-12-12T20:03:01.635+0000] {processor.py:208} INFO - Processing /opt/bitnami/airflow/venv/lib/python3.12/site-packages/airflow/example_dags/plugins/event_listener.py took 0.029 seconds
[2024-12-12T20:03:32.524+0000] {processor.py:186} INFO - Started process (PID=909) to work on /opt/bitnami/airflow/venv/lib/python3.12/site-packages/airflow/example_dags/plugins/event_listener.py
[2024-12-12T20:03:32.525+0000] {processor.py:914} INFO - Processing file /opt/bitnami/airflow/venv/lib/python3.12/site-packages/airflow/example_dags/plugins/event_listener.py for tasks to queue
[2024-12-12T20:03:32.528+0000] {logging_mixin.py:190} INFO - [2024-12-12T20:03:32.528+0000] {dagbag.py:588} INFO - Filling up the DagBag from /opt/bitnami/airflow/venv/lib/python3.12/site-packages/airflow/example_dags/plugins/event_listener.py
[2024-12-12T20:03:32.531+0000] {processor.py:927} WARNING - No viable dags retrieved from /opt/bitnami/airflow/venv/lib/python3.12/site-packages/airflow/example_dags/plugins/event_listener.py
[2024-12-12T20:03:32.543+0000] {processor.py:208} INFO - Processing /opt/bitnami/airflow/venv/lib/python3.12/site-packages/airflow/example_dags/plugins/event_listener.py took 0.025 seconds
[2024-12-12T20:09:12.004+0000] {processor.py:186} INFO - Started process (PID=98) to work on /opt/bitnami/airflow/venv/lib/python3.12/site-packages/airflow/example_dags/plugins/event_listener.py
[2024-12-12T20:09:12.005+0000] {processor.py:914} INFO - Processing file /opt/bitnami/airflow/venv/lib/python3.12/site-packages/airflow/example_dags/plugins/event_listener.py for tasks to queue
[2024-12-12T20:09:12.009+0000] {logging_mixin.py:190} INFO - [2024-12-12T20:09:12.009+0000] {dagbag.py:588} INFO - Filling up the DagBag from /opt/bitnami/airflow/venv/lib/python3.12/site-packages/airflow/example_dags/plugins/event_listener.py
[2024-12-12T20:09:12.013+0000] {processor.py:927} WARNING - No viable dags retrieved from /opt/bitnami/airflow/venv/lib/python3.12/site-packages/airflow/example_dags/plugins/event_listener.py
[2024-12-12T20:09:12.041+0000] {processor.py:208} INFO - Processing /opt/bitnami/airflow/venv/lib/python3.12/site-packages/airflow/example_dags/plugins/event_listener.py took 0.045 seconds
[2024-12-12T20:09:42.805+0000] {processor.py:186} INFO - Started process (PID=155) to work on /opt/bitnami/airflow/venv/lib/python3.12/site-packages/airflow/example_dags/plugins/event_listener.py
[2024-12-12T20:09:42.806+0000] {processor.py:914} INFO - Processing file /opt/bitnami/airflow/venv/lib/python3.12/site-packages/airflow/example_dags/plugins/event_listener.py for tasks to queue
[2024-12-12T20:09:42.809+0000] {logging_mixin.py:190} INFO - [2024-12-12T20:09:42.808+0000] {dagbag.py:588} INFO - Filling up the DagBag from /opt/bitnami/airflow/venv/lib/python3.12/site-packages/airflow/example_dags/plugins/event_listener.py
[2024-12-12T20:09:42.811+0000] {processor.py:927} WARNING - No viable dags retrieved from /opt/bitnami/airflow/venv/lib/python3.12/site-packages/airflow/example_dags/plugins/event_listener.py
[2024-12-12T20:09:42.827+0000] {processor.py:208} INFO - Processing /opt/bitnami/airflow/venv/lib/python3.12/site-packages/airflow/example_dags/plugins/event_listener.py took 0.028 seconds
[2024-12-12T20:10:13.698+0000] {processor.py:186} INFO - Started process (PID=212) to work on /opt/bitnami/airflow/venv/lib/python3.12/site-packages/airflow/example_dags/plugins/event_listener.py
[2024-12-12T20:10:13.700+0000] {processor.py:914} INFO - Processing file /opt/bitnami/airflow/venv/lib/python3.12/site-packages/airflow/example_dags/plugins/event_listener.py for tasks to queue
[2024-12-12T20:10:13.702+0000] {logging_mixin.py:190} INFO - [2024-12-12T20:10:13.702+0000] {dagbag.py:588} INFO - Filling up the DagBag from /opt/bitnami/airflow/venv/lib/python3.12/site-packages/airflow/example_dags/plugins/event_listener.py
[2024-12-12T20:10:13.705+0000] {processor.py:927} WARNING - No viable dags retrieved from /opt/bitnami/airflow/venv/lib/python3.12/site-packages/airflow/example_dags/plugins/event_listener.py
[2024-12-12T20:10:13.720+0000] {processor.py:208} INFO - Processing /opt/bitnami/airflow/venv/lib/python3.12/site-packages/airflow/example_dags/plugins/event_listener.py took 0.027 seconds
[2024-12-12T20:10:43.897+0000] {processor.py:186} INFO - Started process (PID=269) to work on /opt/bitnami/airflow/venv/lib/python3.12/site-packages/airflow/example_dags/plugins/event_listener.py
[2024-12-12T20:10:43.898+0000] {processor.py:914} INFO - Processing file /opt/bitnami/airflow/venv/lib/python3.12/site-packages/airflow/example_dags/plugins/event_listener.py for tasks to queue
[2024-12-12T20:10:43.900+0000] {logging_mixin.py:190} INFO - [2024-12-12T20:10:43.900+0000] {dagbag.py:588} INFO - Filling up the DagBag from /opt/bitnami/airflow/venv/lib/python3.12/site-packages/airflow/example_dags/plugins/event_listener.py
[2024-12-12T20:10:43.902+0000] {processor.py:927} WARNING - No viable dags retrieved from /opt/bitnami/airflow/venv/lib/python3.12/site-packages/airflow/example_dags/plugins/event_listener.py
[2024-12-12T20:10:43.916+0000] {processor.py:208} INFO - Processing /opt/bitnami/airflow/venv/lib/python3.12/site-packages/airflow/example_dags/plugins/event_listener.py took 0.024 seconds
[2024-12-12T20:13:58.858+0000] {processor.py:186} INFO - Started process (PID=98) to work on /opt/bitnami/airflow/venv/lib/python3.12/site-packages/airflow/example_dags/plugins/event_listener.py
[2024-12-12T20:13:58.859+0000] {processor.py:914} INFO - Processing file /opt/bitnami/airflow/venv/lib/python3.12/site-packages/airflow/example_dags/plugins/event_listener.py for tasks to queue
[2024-12-12T20:13:58.862+0000] {logging_mixin.py:190} INFO - [2024-12-12T20:13:58.862+0000] {dagbag.py:588} INFO - Filling up the DagBag from /opt/bitnami/airflow/venv/lib/python3.12/site-packages/airflow/example_dags/plugins/event_listener.py
[2024-12-12T20:13:58.864+0000] {processor.py:927} WARNING - No viable dags retrieved from /opt/bitnami/airflow/venv/lib/python3.12/site-packages/airflow/example_dags/plugins/event_listener.py
[2024-12-12T20:13:58.938+0000] {processor.py:208} INFO - Processing /opt/bitnami/airflow/venv/lib/python3.12/site-packages/airflow/example_dags/plugins/event_listener.py took 0.086 seconds
[2024-12-12T20:14:29.456+0000] {processor.py:186} INFO - Started process (PID=155) to work on /opt/bitnami/airflow/venv/lib/python3.12/site-packages/airflow/example_dags/plugins/event_listener.py
[2024-12-12T20:14:29.458+0000] {processor.py:914} INFO - Processing file /opt/bitnami/airflow/venv/lib/python3.12/site-packages/airflow/example_dags/plugins/event_listener.py for tasks to queue
[2024-12-12T20:14:29.461+0000] {logging_mixin.py:190} INFO - [2024-12-12T20:14:29.461+0000] {dagbag.py:588} INFO - Filling up the DagBag from /opt/bitnami/airflow/venv/lib/python3.12/site-packages/airflow/example_dags/plugins/event_listener.py
[2024-12-12T20:14:29.465+0000] {processor.py:927} WARNING - No viable dags retrieved from /opt/bitnami/airflow/venv/lib/python3.12/site-packages/airflow/example_dags/plugins/event_listener.py
[2024-12-12T20:14:29.520+0000] {processor.py:208} INFO - Processing /opt/bitnami/airflow/venv/lib/python3.12/site-packages/airflow/example_dags/plugins/event_listener.py took 0.070 seconds
[2024-12-12T20:15:00.623+0000] {processor.py:186} INFO - Started process (PID=212) to work on /opt/bitnami/airflow/venv/lib/python3.12/site-packages/airflow/example_dags/plugins/event_listener.py
[2024-12-12T20:15:00.624+0000] {processor.py:914} INFO - Processing file /opt/bitnami/airflow/venv/lib/python3.12/site-packages/airflow/example_dags/plugins/event_listener.py for tasks to queue
[2024-12-12T20:15:00.627+0000] {logging_mixin.py:190} INFO - [2024-12-12T20:15:00.626+0000] {dagbag.py:588} INFO - Filling up the DagBag from /opt/bitnami/airflow/venv/lib/python3.12/site-packages/airflow/example_dags/plugins/event_listener.py
[2024-12-12T20:15:00.629+0000] {processor.py:927} WARNING - No viable dags retrieved from /opt/bitnami/airflow/venv/lib/python3.12/site-packages/airflow/example_dags/plugins/event_listener.py
[2024-12-12T20:15:00.656+0000] {processor.py:208} INFO - Processing /opt/bitnami/airflow/venv/lib/python3.12/site-packages/airflow/example_dags/plugins/event_listener.py took 0.039 seconds
[2024-12-12T20:15:31.167+0000] {processor.py:186} INFO - Started process (PID=269) to work on /opt/bitnami/airflow/venv/lib/python3.12/site-packages/airflow/example_dags/plugins/event_listener.py
[2024-12-12T20:15:31.168+0000] {processor.py:914} INFO - Processing file /opt/bitnami/airflow/venv/lib/python3.12/site-packages/airflow/example_dags/plugins/event_listener.py for tasks to queue
[2024-12-12T20:15:31.171+0000] {logging_mixin.py:190} INFO - [2024-12-12T20:15:31.170+0000] {dagbag.py:588} INFO - Filling up the DagBag from /opt/bitnami/airflow/venv/lib/python3.12/site-packages/airflow/example_dags/plugins/event_listener.py
[2024-12-12T20:15:31.172+0000] {processor.py:927} WARNING - No viable dags retrieved from /opt/bitnami/airflow/venv/lib/python3.12/site-packages/airflow/example_dags/plugins/event_listener.py
[2024-12-12T20:15:31.277+0000] {processor.py:208} INFO - Processing /opt/bitnami/airflow/venv/lib/python3.12/site-packages/airflow/example_dags/plugins/event_listener.py took 0.114 seconds
