[2024-12-12T19:26:01.554+0000] {processor.py:186} INFO - Started process (PID=96) to work on /opt/bitnami/airflow/venv/lib/python3.12/site-packages/airflow/example_dags/plugins/workday.py
[2024-12-12T19:26:01.557+0000] {processor.py:914} INFO - Processing file /opt/bitnami/airflow/venv/lib/python3.12/site-packages/airflow/example_dags/plugins/workday.py for tasks to queue
[2024-12-12T19:26:01.560+0000] {logging_mixin.py:190} INFO - [2024-12-12T19:26:01.559+0000] {dagbag.py:588} INFO - Filling up the DagBag from /opt/bitnami/airflow/venv/lib/python3.12/site-packages/airflow/example_dags/plugins/workday.py
[2024-12-12T19:26:01.563+0000] {processor.py:927} WARNING - No viable dags retrieved from /opt/bitnami/airflow/venv/lib/python3.12/site-packages/airflow/example_dags/plugins/workday.py
[2024-12-12T19:26:01.579+0000] {processor.py:208} INFO - Processing /opt/bitnami/airflow/venv/lib/python3.12/site-packages/airflow/example_dags/plugins/workday.py took 0.033 seconds
[2024-12-12T19:26:32.320+0000] {processor.py:186} INFO - Started process (PID=153) to work on /opt/bitnami/airflow/venv/lib/python3.12/site-packages/airflow/example_dags/plugins/workday.py
[2024-12-12T19:26:32.322+0000] {processor.py:914} INFO - Processing file /opt/bitnami/airflow/venv/lib/python3.12/site-packages/airflow/example_dags/plugins/workday.py for tasks to queue
[2024-12-12T19:26:32.325+0000] {logging_mixin.py:190} INFO - [2024-12-12T19:26:32.324+0000] {dagbag.py:588} INFO - Filling up the DagBag from /opt/bitnami/airflow/venv/lib/python3.12/site-packages/airflow/example_dags/plugins/workday.py
[2024-12-12T19:26:32.330+0000] {processor.py:927} WARNING - No viable dags retrieved from /opt/bitnami/airflow/venv/lib/python3.12/site-packages/airflow/example_dags/plugins/workday.py
[2024-12-12T19:26:32.349+0000] {processor.py:208} INFO - Processing /opt/bitnami/airflow/venv/lib/python3.12/site-packages/airflow/example_dags/plugins/workday.py took 0.035 seconds
[2024-12-12T19:27:02.492+0000] {processor.py:186} INFO - Started process (PID=210) to work on /opt/bitnami/airflow/venv/lib/python3.12/site-packages/airflow/example_dags/plugins/workday.py
[2024-12-12T19:27:02.493+0000] {processor.py:914} INFO - Processing file /opt/bitnami/airflow/venv/lib/python3.12/site-packages/airflow/example_dags/plugins/workday.py for tasks to queue
[2024-12-12T19:27:02.496+0000] {logging_mixin.py:190} INFO - [2024-12-12T19:27:02.496+0000] {dagbag.py:588} INFO - Filling up the DagBag from /opt/bitnami/airflow/venv/lib/python3.12/site-packages/airflow/example_dags/plugins/workday.py
[2024-12-12T19:27:02.499+0000] {processor.py:927} WARNING - No viable dags retrieved from /opt/bitnami/airflow/venv/lib/python3.12/site-packages/airflow/example_dags/plugins/workday.py
[2024-12-12T19:27:02.513+0000] {processor.py:208} INFO - Processing /opt/bitnami/airflow/venv/lib/python3.12/site-packages/airflow/example_dags/plugins/workday.py took 0.027 seconds
[2024-12-12T19:27:33.519+0000] {processor.py:186} INFO - Started process (PID=267) to work on /opt/bitnami/airflow/venv/lib/python3.12/site-packages/airflow/example_dags/plugins/workday.py
[2024-12-12T19:27:33.520+0000] {processor.py:914} INFO - Processing file /opt/bitnami/airflow/venv/lib/python3.12/site-packages/airflow/example_dags/plugins/workday.py for tasks to queue
[2024-12-12T19:27:33.523+0000] {logging_mixin.py:190} INFO - [2024-12-12T19:27:33.523+0000] {dagbag.py:588} INFO - Filling up the DagBag from /opt/bitnami/airflow/venv/lib/python3.12/site-packages/airflow/example_dags/plugins/workday.py
[2024-12-12T19:27:33.525+0000] {processor.py:927} WARNING - No viable dags retrieved from /opt/bitnami/airflow/venv/lib/python3.12/site-packages/airflow/example_dags/plugins/workday.py
[2024-12-12T19:27:33.543+0000] {processor.py:208} INFO - Processing /opt/bitnami/airflow/venv/lib/python3.12/site-packages/airflow/example_dags/plugins/workday.py took 0.030 seconds
[2024-12-12T19:28:03.771+0000] {processor.py:186} INFO - Started process (PID=324) to work on /opt/bitnami/airflow/venv/lib/python3.12/site-packages/airflow/example_dags/plugins/workday.py
[2024-12-12T19:28:03.772+0000] {processor.py:914} INFO - Processing file /opt/bitnami/airflow/venv/lib/python3.12/site-packages/airflow/example_dags/plugins/workday.py for tasks to queue
[2024-12-12T19:28:03.775+0000] {logging_mixin.py:190} INFO - [2024-12-12T19:28:03.774+0000] {dagbag.py:588} INFO - Filling up the DagBag from /opt/bitnami/airflow/venv/lib/python3.12/site-packages/airflow/example_dags/plugins/workday.py
[2024-12-12T19:28:03.777+0000] {processor.py:927} WARNING - No viable dags retrieved from /opt/bitnami/airflow/venv/lib/python3.12/site-packages/airflow/example_dags/plugins/workday.py
[2024-12-12T19:28:03.791+0000] {processor.py:208} INFO - Processing /opt/bitnami/airflow/venv/lib/python3.12/site-packages/airflow/example_dags/plugins/workday.py took 0.026 seconds
[2024-12-12T19:28:34.468+0000] {processor.py:186} INFO - Started process (PID=381) to work on /opt/bitnami/airflow/venv/lib/python3.12/site-packages/airflow/example_dags/plugins/workday.py
[2024-12-12T19:28:34.469+0000] {processor.py:914} INFO - Processing file /opt/bitnami/airflow/venv/lib/python3.12/site-packages/airflow/example_dags/plugins/workday.py for tasks to queue
[2024-12-12T19:28:34.472+0000] {logging_mixin.py:190} INFO - [2024-12-12T19:28:34.472+0000] {dagbag.py:588} INFO - Filling up the DagBag from /opt/bitnami/airflow/venv/lib/python3.12/site-packages/airflow/example_dags/plugins/workday.py
[2024-12-12T19:28:34.476+0000] {processor.py:927} WARNING - No viable dags retrieved from /opt/bitnami/airflow/venv/lib/python3.12/site-packages/airflow/example_dags/plugins/workday.py
[2024-12-12T19:28:34.495+0000] {processor.py:208} INFO - Processing /opt/bitnami/airflow/venv/lib/python3.12/site-packages/airflow/example_dags/plugins/workday.py took 0.037 seconds
[2024-12-12T19:29:04.663+0000] {processor.py:186} INFO - Started process (PID=438) to work on /opt/bitnami/airflow/venv/lib/python3.12/site-packages/airflow/example_dags/plugins/workday.py
[2024-12-12T19:29:04.665+0000] {processor.py:914} INFO - Processing file /opt/bitnami/airflow/venv/lib/python3.12/site-packages/airflow/example_dags/plugins/workday.py for tasks to queue
[2024-12-12T19:29:04.668+0000] {logging_mixin.py:190} INFO - [2024-12-12T19:29:04.668+0000] {dagbag.py:588} INFO - Filling up the DagBag from /opt/bitnami/airflow/venv/lib/python3.12/site-packages/airflow/example_dags/plugins/workday.py
[2024-12-12T19:29:04.671+0000] {processor.py:927} WARNING - No viable dags retrieved from /opt/bitnami/airflow/venv/lib/python3.12/site-packages/airflow/example_dags/plugins/workday.py
[2024-12-12T19:29:04.689+0000] {processor.py:208} INFO - Processing /opt/bitnami/airflow/venv/lib/python3.12/site-packages/airflow/example_dags/plugins/workday.py took 0.031 seconds
[2024-12-12T19:29:35.706+0000] {processor.py:186} INFO - Started process (PID=495) to work on /opt/bitnami/airflow/venv/lib/python3.12/site-packages/airflow/example_dags/plugins/workday.py
[2024-12-12T19:29:35.707+0000] {processor.py:914} INFO - Processing file /opt/bitnami/airflow/venv/lib/python3.12/site-packages/airflow/example_dags/plugins/workday.py for tasks to queue
[2024-12-12T19:29:35.710+0000] {logging_mixin.py:190} INFO - [2024-12-12T19:29:35.710+0000] {dagbag.py:588} INFO - Filling up the DagBag from /opt/bitnami/airflow/venv/lib/python3.12/site-packages/airflow/example_dags/plugins/workday.py
[2024-12-12T19:29:35.714+0000] {processor.py:927} WARNING - No viable dags retrieved from /opt/bitnami/airflow/venv/lib/python3.12/site-packages/airflow/example_dags/plugins/workday.py
[2024-12-12T19:29:35.734+0000] {processor.py:208} INFO - Processing /opt/bitnami/airflow/venv/lib/python3.12/site-packages/airflow/example_dags/plugins/workday.py took 0.034 seconds
[2024-12-12T19:30:06.268+0000] {processor.py:186} INFO - Started process (PID=552) to work on /opt/bitnami/airflow/venv/lib/python3.12/site-packages/airflow/example_dags/plugins/workday.py
[2024-12-12T19:30:06.269+0000] {processor.py:914} INFO - Processing file /opt/bitnami/airflow/venv/lib/python3.12/site-packages/airflow/example_dags/plugins/workday.py for tasks to queue
[2024-12-12T19:30:06.271+0000] {logging_mixin.py:190} INFO - [2024-12-12T19:30:06.271+0000] {dagbag.py:588} INFO - Filling up the DagBag from /opt/bitnami/airflow/venv/lib/python3.12/site-packages/airflow/example_dags/plugins/workday.py
[2024-12-12T19:30:06.274+0000] {processor.py:927} WARNING - No viable dags retrieved from /opt/bitnami/airflow/venv/lib/python3.12/site-packages/airflow/example_dags/plugins/workday.py
[2024-12-12T19:30:06.287+0000] {processor.py:208} INFO - Processing /opt/bitnami/airflow/venv/lib/python3.12/site-packages/airflow/example_dags/plugins/workday.py took 0.024 seconds
[2024-12-12T19:30:36.707+0000] {processor.py:186} INFO - Started process (PID=609) to work on /opt/bitnami/airflow/venv/lib/python3.12/site-packages/airflow/example_dags/plugins/workday.py
[2024-12-12T19:30:36.709+0000] {processor.py:914} INFO - Processing file /opt/bitnami/airflow/venv/lib/python3.12/site-packages/airflow/example_dags/plugins/workday.py for tasks to queue
[2024-12-12T19:30:36.714+0000] {logging_mixin.py:190} INFO - [2024-12-12T19:30:36.713+0000] {dagbag.py:588} INFO - Filling up the DagBag from /opt/bitnami/airflow/venv/lib/python3.12/site-packages/airflow/example_dags/plugins/workday.py
[2024-12-12T19:30:36.718+0000] {processor.py:927} WARNING - No viable dags retrieved from /opt/bitnami/airflow/venv/lib/python3.12/site-packages/airflow/example_dags/plugins/workday.py
[2024-12-12T19:30:36.744+0000] {processor.py:208} INFO - Processing /opt/bitnami/airflow/venv/lib/python3.12/site-packages/airflow/example_dags/plugins/workday.py took 0.045 seconds
[2024-12-12T19:31:07.220+0000] {processor.py:186} INFO - Started process (PID=666) to work on /opt/bitnami/airflow/venv/lib/python3.12/site-packages/airflow/example_dags/plugins/workday.py
[2024-12-12T19:31:07.222+0000] {processor.py:914} INFO - Processing file /opt/bitnami/airflow/venv/lib/python3.12/site-packages/airflow/example_dags/plugins/workday.py for tasks to queue
[2024-12-12T19:31:07.226+0000] {logging_mixin.py:190} INFO - [2024-12-12T19:31:07.225+0000] {dagbag.py:588} INFO - Filling up the DagBag from /opt/bitnami/airflow/venv/lib/python3.12/site-packages/airflow/example_dags/plugins/workday.py
[2024-12-12T19:31:07.228+0000] {processor.py:927} WARNING - No viable dags retrieved from /opt/bitnami/airflow/venv/lib/python3.12/site-packages/airflow/example_dags/plugins/workday.py
[2024-12-12T19:31:07.244+0000] {processor.py:208} INFO - Processing /opt/bitnami/airflow/venv/lib/python3.12/site-packages/airflow/example_dags/plugins/workday.py took 0.029 seconds
[2024-12-12T19:31:37.828+0000] {processor.py:186} INFO - Started process (PID=723) to work on /opt/bitnami/airflow/venv/lib/python3.12/site-packages/airflow/example_dags/plugins/workday.py
[2024-12-12T19:31:37.830+0000] {processor.py:914} INFO - Processing file /opt/bitnami/airflow/venv/lib/python3.12/site-packages/airflow/example_dags/plugins/workday.py for tasks to queue
[2024-12-12T19:31:37.832+0000] {logging_mixin.py:190} INFO - [2024-12-12T19:31:37.832+0000] {dagbag.py:588} INFO - Filling up the DagBag from /opt/bitnami/airflow/venv/lib/python3.12/site-packages/airflow/example_dags/plugins/workday.py
[2024-12-12T19:31:37.835+0000] {processor.py:927} WARNING - No viable dags retrieved from /opt/bitnami/airflow/venv/lib/python3.12/site-packages/airflow/example_dags/plugins/workday.py
[2024-12-12T19:31:37.849+0000] {processor.py:208} INFO - Processing /opt/bitnami/airflow/venv/lib/python3.12/site-packages/airflow/example_dags/plugins/workday.py took 0.026 seconds
[2024-12-12T19:32:08.722+0000] {processor.py:186} INFO - Started process (PID=780) to work on /opt/bitnami/airflow/venv/lib/python3.12/site-packages/airflow/example_dags/plugins/workday.py
[2024-12-12T19:32:08.724+0000] {processor.py:914} INFO - Processing file /opt/bitnami/airflow/venv/lib/python3.12/site-packages/airflow/example_dags/plugins/workday.py for tasks to queue
[2024-12-12T19:32:08.727+0000] {logging_mixin.py:190} INFO - [2024-12-12T19:32:08.727+0000] {dagbag.py:588} INFO - Filling up the DagBag from /opt/bitnami/airflow/venv/lib/python3.12/site-packages/airflow/example_dags/plugins/workday.py
[2024-12-12T19:32:08.730+0000] {processor.py:927} WARNING - No viable dags retrieved from /opt/bitnami/airflow/venv/lib/python3.12/site-packages/airflow/example_dags/plugins/workday.py
[2024-12-12T19:32:08.750+0000] {processor.py:208} INFO - Processing /opt/bitnami/airflow/venv/lib/python3.12/site-packages/airflow/example_dags/plugins/workday.py took 0.039 seconds
[2024-12-12T19:32:39.685+0000] {processor.py:186} INFO - Started process (PID=837) to work on /opt/bitnami/airflow/venv/lib/python3.12/site-packages/airflow/example_dags/plugins/workday.py
[2024-12-12T19:32:39.687+0000] {processor.py:914} INFO - Processing file /opt/bitnami/airflow/venv/lib/python3.12/site-packages/airflow/example_dags/plugins/workday.py for tasks to queue
[2024-12-12T19:32:39.691+0000] {logging_mixin.py:190} INFO - [2024-12-12T19:32:39.690+0000] {dagbag.py:588} INFO - Filling up the DagBag from /opt/bitnami/airflow/venv/lib/python3.12/site-packages/airflow/example_dags/plugins/workday.py
[2024-12-12T19:32:39.694+0000] {processor.py:927} WARNING - No viable dags retrieved from /opt/bitnami/airflow/venv/lib/python3.12/site-packages/airflow/example_dags/plugins/workday.py
[2024-12-12T19:32:39.714+0000] {processor.py:208} INFO - Processing /opt/bitnami/airflow/venv/lib/python3.12/site-packages/airflow/example_dags/plugins/workday.py took 0.033 seconds
[2024-12-12T19:33:09.794+0000] {processor.py:186} INFO - Started process (PID=894) to work on /opt/bitnami/airflow/venv/lib/python3.12/site-packages/airflow/example_dags/plugins/workday.py
[2024-12-12T19:33:09.795+0000] {processor.py:914} INFO - Processing file /opt/bitnami/airflow/venv/lib/python3.12/site-packages/airflow/example_dags/plugins/workday.py for tasks to queue
[2024-12-12T19:33:09.798+0000] {logging_mixin.py:190} INFO - [2024-12-12T19:33:09.797+0000] {dagbag.py:588} INFO - Filling up the DagBag from /opt/bitnami/airflow/venv/lib/python3.12/site-packages/airflow/example_dags/plugins/workday.py
[2024-12-12T19:33:09.804+0000] {processor.py:927} WARNING - No viable dags retrieved from /opt/bitnami/airflow/venv/lib/python3.12/site-packages/airflow/example_dags/plugins/workday.py
[2024-12-12T19:33:09.821+0000] {processor.py:208} INFO - Processing /opt/bitnami/airflow/venv/lib/python3.12/site-packages/airflow/example_dags/plugins/workday.py took 0.032 seconds
[2024-12-12T19:33:40.548+0000] {processor.py:186} INFO - Started process (PID=951) to work on /opt/bitnami/airflow/venv/lib/python3.12/site-packages/airflow/example_dags/plugins/workday.py
[2024-12-12T19:33:40.549+0000] {processor.py:914} INFO - Processing file /opt/bitnami/airflow/venv/lib/python3.12/site-packages/airflow/example_dags/plugins/workday.py for tasks to queue
[2024-12-12T19:33:40.551+0000] {logging_mixin.py:190} INFO - [2024-12-12T19:33:40.551+0000] {dagbag.py:588} INFO - Filling up the DagBag from /opt/bitnami/airflow/venv/lib/python3.12/site-packages/airflow/example_dags/plugins/workday.py
[2024-12-12T19:33:40.553+0000] {processor.py:927} WARNING - No viable dags retrieved from /opt/bitnami/airflow/venv/lib/python3.12/site-packages/airflow/example_dags/plugins/workday.py
[2024-12-12T19:33:40.568+0000] {processor.py:208} INFO - Processing /opt/bitnami/airflow/venv/lib/python3.12/site-packages/airflow/example_dags/plugins/workday.py took 0.025 seconds
[2024-12-12T19:34:11.645+0000] {processor.py:186} INFO - Started process (PID=1008) to work on /opt/bitnami/airflow/venv/lib/python3.12/site-packages/airflow/example_dags/plugins/workday.py
[2024-12-12T19:34:11.647+0000] {processor.py:914} INFO - Processing file /opt/bitnami/airflow/venv/lib/python3.12/site-packages/airflow/example_dags/plugins/workday.py for tasks to queue
[2024-12-12T19:34:11.650+0000] {logging_mixin.py:190} INFO - [2024-12-12T19:34:11.649+0000] {dagbag.py:588} INFO - Filling up the DagBag from /opt/bitnami/airflow/venv/lib/python3.12/site-packages/airflow/example_dags/plugins/workday.py
[2024-12-12T19:34:11.652+0000] {processor.py:927} WARNING - No viable dags retrieved from /opt/bitnami/airflow/venv/lib/python3.12/site-packages/airflow/example_dags/plugins/workday.py
[2024-12-12T19:34:11.668+0000] {processor.py:208} INFO - Processing /opt/bitnami/airflow/venv/lib/python3.12/site-packages/airflow/example_dags/plugins/workday.py took 0.028 seconds
[2024-12-12T19:34:42.469+0000] {processor.py:186} INFO - Started process (PID=1065) to work on /opt/bitnami/airflow/venv/lib/python3.12/site-packages/airflow/example_dags/plugins/workday.py
[2024-12-12T19:34:42.470+0000] {processor.py:914} INFO - Processing file /opt/bitnami/airflow/venv/lib/python3.12/site-packages/airflow/example_dags/plugins/workday.py for tasks to queue
[2024-12-12T19:34:42.474+0000] {logging_mixin.py:190} INFO - [2024-12-12T19:34:42.473+0000] {dagbag.py:588} INFO - Filling up the DagBag from /opt/bitnami/airflow/venv/lib/python3.12/site-packages/airflow/example_dags/plugins/workday.py
[2024-12-12T19:34:42.477+0000] {processor.py:927} WARNING - No viable dags retrieved from /opt/bitnami/airflow/venv/lib/python3.12/site-packages/airflow/example_dags/plugins/workday.py
[2024-12-12T19:34:42.494+0000] {processor.py:208} INFO - Processing /opt/bitnami/airflow/venv/lib/python3.12/site-packages/airflow/example_dags/plugins/workday.py took 0.034 seconds
[2024-12-12T19:35:12.849+0000] {processor.py:186} INFO - Started process (PID=1122) to work on /opt/bitnami/airflow/venv/lib/python3.12/site-packages/airflow/example_dags/plugins/workday.py
[2024-12-12T19:35:12.849+0000] {processor.py:914} INFO - Processing file /opt/bitnami/airflow/venv/lib/python3.12/site-packages/airflow/example_dags/plugins/workday.py for tasks to queue
[2024-12-12T19:35:12.852+0000] {logging_mixin.py:190} INFO - [2024-12-12T19:35:12.852+0000] {dagbag.py:588} INFO - Filling up the DagBag from /opt/bitnami/airflow/venv/lib/python3.12/site-packages/airflow/example_dags/plugins/workday.py
[2024-12-12T19:35:12.855+0000] {processor.py:927} WARNING - No viable dags retrieved from /opt/bitnami/airflow/venv/lib/python3.12/site-packages/airflow/example_dags/plugins/workday.py
[2024-12-12T19:35:12.869+0000] {processor.py:208} INFO - Processing /opt/bitnami/airflow/venv/lib/python3.12/site-packages/airflow/example_dags/plugins/workday.py took 0.025 seconds
[2024-12-12T19:35:43.839+0000] {processor.py:186} INFO - Started process (PID=1179) to work on /opt/bitnami/airflow/venv/lib/python3.12/site-packages/airflow/example_dags/plugins/workday.py
[2024-12-12T19:35:43.840+0000] {processor.py:914} INFO - Processing file /opt/bitnami/airflow/venv/lib/python3.12/site-packages/airflow/example_dags/plugins/workday.py for tasks to queue
[2024-12-12T19:35:43.843+0000] {logging_mixin.py:190} INFO - [2024-12-12T19:35:43.843+0000] {dagbag.py:588} INFO - Filling up the DagBag from /opt/bitnami/airflow/venv/lib/python3.12/site-packages/airflow/example_dags/plugins/workday.py
[2024-12-12T19:35:43.846+0000] {processor.py:927} WARNING - No viable dags retrieved from /opt/bitnami/airflow/venv/lib/python3.12/site-packages/airflow/example_dags/plugins/workday.py
[2024-12-12T19:35:43.859+0000] {processor.py:208} INFO - Processing /opt/bitnami/airflow/venv/lib/python3.12/site-packages/airflow/example_dags/plugins/workday.py took 0.024 seconds
[2024-12-12T19:36:14.425+0000] {processor.py:186} INFO - Started process (PID=1236) to work on /opt/bitnami/airflow/venv/lib/python3.12/site-packages/airflow/example_dags/plugins/workday.py
[2024-12-12T19:36:14.426+0000] {processor.py:914} INFO - Processing file /opt/bitnami/airflow/venv/lib/python3.12/site-packages/airflow/example_dags/plugins/workday.py for tasks to queue
[2024-12-12T19:36:14.429+0000] {logging_mixin.py:190} INFO - [2024-12-12T19:36:14.428+0000] {dagbag.py:588} INFO - Filling up the DagBag from /opt/bitnami/airflow/venv/lib/python3.12/site-packages/airflow/example_dags/plugins/workday.py
[2024-12-12T19:36:14.431+0000] {processor.py:927} WARNING - No viable dags retrieved from /opt/bitnami/airflow/venv/lib/python3.12/site-packages/airflow/example_dags/plugins/workday.py
[2024-12-12T19:36:14.444+0000] {processor.py:208} INFO - Processing /opt/bitnami/airflow/venv/lib/python3.12/site-packages/airflow/example_dags/plugins/workday.py took 0.023 seconds
[2024-12-12T19:36:45.289+0000] {processor.py:186} INFO - Started process (PID=1293) to work on /opt/bitnami/airflow/venv/lib/python3.12/site-packages/airflow/example_dags/plugins/workday.py
[2024-12-12T19:36:45.291+0000] {processor.py:914} INFO - Processing file /opt/bitnami/airflow/venv/lib/python3.12/site-packages/airflow/example_dags/plugins/workday.py for tasks to queue
[2024-12-12T19:36:45.293+0000] {logging_mixin.py:190} INFO - [2024-12-12T19:36:45.292+0000] {dagbag.py:588} INFO - Filling up the DagBag from /opt/bitnami/airflow/venv/lib/python3.12/site-packages/airflow/example_dags/plugins/workday.py
[2024-12-12T19:36:45.295+0000] {processor.py:927} WARNING - No viable dags retrieved from /opt/bitnami/airflow/venv/lib/python3.12/site-packages/airflow/example_dags/plugins/workday.py
[2024-12-12T19:36:45.308+0000] {processor.py:208} INFO - Processing /opt/bitnami/airflow/venv/lib/python3.12/site-packages/airflow/example_dags/plugins/workday.py took 0.023 seconds
[2024-12-12T19:37:15.785+0000] {processor.py:186} INFO - Started process (PID=1350) to work on /opt/bitnami/airflow/venv/lib/python3.12/site-packages/airflow/example_dags/plugins/workday.py
[2024-12-12T19:37:15.787+0000] {processor.py:914} INFO - Processing file /opt/bitnami/airflow/venv/lib/python3.12/site-packages/airflow/example_dags/plugins/workday.py for tasks to queue
[2024-12-12T19:37:15.790+0000] {logging_mixin.py:190} INFO - [2024-12-12T19:37:15.789+0000] {dagbag.py:588} INFO - Filling up the DagBag from /opt/bitnami/airflow/venv/lib/python3.12/site-packages/airflow/example_dags/plugins/workday.py
[2024-12-12T19:37:15.793+0000] {processor.py:927} WARNING - No viable dags retrieved from /opt/bitnami/airflow/venv/lib/python3.12/site-packages/airflow/example_dags/plugins/workday.py
[2024-12-12T19:37:15.811+0000] {processor.py:208} INFO - Processing /opt/bitnami/airflow/venv/lib/python3.12/site-packages/airflow/example_dags/plugins/workday.py took 0.032 seconds
[2024-12-12T19:37:46.224+0000] {processor.py:186} INFO - Started process (PID=1407) to work on /opt/bitnami/airflow/venv/lib/python3.12/site-packages/airflow/example_dags/plugins/workday.py
[2024-12-12T19:37:46.225+0000] {processor.py:914} INFO - Processing file /opt/bitnami/airflow/venv/lib/python3.12/site-packages/airflow/example_dags/plugins/workday.py for tasks to queue
[2024-12-12T19:37:46.227+0000] {logging_mixin.py:190} INFO - [2024-12-12T19:37:46.227+0000] {dagbag.py:588} INFO - Filling up the DagBag from /opt/bitnami/airflow/venv/lib/python3.12/site-packages/airflow/example_dags/plugins/workday.py
[2024-12-12T19:37:46.230+0000] {processor.py:927} WARNING - No viable dags retrieved from /opt/bitnami/airflow/venv/lib/python3.12/site-packages/airflow/example_dags/plugins/workday.py
[2024-12-12T19:37:46.243+0000] {processor.py:208} INFO - Processing /opt/bitnami/airflow/venv/lib/python3.12/site-packages/airflow/example_dags/plugins/workday.py took 0.024 seconds
[2024-12-12T19:38:17.074+0000] {processor.py:186} INFO - Started process (PID=1464) to work on /opt/bitnami/airflow/venv/lib/python3.12/site-packages/airflow/example_dags/plugins/workday.py
[2024-12-12T19:38:17.076+0000] {processor.py:914} INFO - Processing file /opt/bitnami/airflow/venv/lib/python3.12/site-packages/airflow/example_dags/plugins/workday.py for tasks to queue
[2024-12-12T19:38:17.078+0000] {logging_mixin.py:190} INFO - [2024-12-12T19:38:17.078+0000] {dagbag.py:588} INFO - Filling up the DagBag from /opt/bitnami/airflow/venv/lib/python3.12/site-packages/airflow/example_dags/plugins/workday.py
[2024-12-12T19:38:17.081+0000] {processor.py:927} WARNING - No viable dags retrieved from /opt/bitnami/airflow/venv/lib/python3.12/site-packages/airflow/example_dags/plugins/workday.py
[2024-12-12T19:38:17.093+0000] {processor.py:208} INFO - Processing /opt/bitnami/airflow/venv/lib/python3.12/site-packages/airflow/example_dags/plugins/workday.py took 0.023 seconds
[2024-12-12T19:38:47.957+0000] {processor.py:186} INFO - Started process (PID=1521) to work on /opt/bitnami/airflow/venv/lib/python3.12/site-packages/airflow/example_dags/plugins/workday.py
[2024-12-12T19:38:47.959+0000] {processor.py:914} INFO - Processing file /opt/bitnami/airflow/venv/lib/python3.12/site-packages/airflow/example_dags/plugins/workday.py for tasks to queue
[2024-12-12T19:38:47.961+0000] {logging_mixin.py:190} INFO - [2024-12-12T19:38:47.961+0000] {dagbag.py:588} INFO - Filling up the DagBag from /opt/bitnami/airflow/venv/lib/python3.12/site-packages/airflow/example_dags/plugins/workday.py
[2024-12-12T19:38:47.963+0000] {processor.py:927} WARNING - No viable dags retrieved from /opt/bitnami/airflow/venv/lib/python3.12/site-packages/airflow/example_dags/plugins/workday.py
[2024-12-12T19:38:47.976+0000] {processor.py:208} INFO - Processing /opt/bitnami/airflow/venv/lib/python3.12/site-packages/airflow/example_dags/plugins/workday.py took 0.025 seconds
[2024-12-12T19:39:18.883+0000] {processor.py:186} INFO - Started process (PID=1578) to work on /opt/bitnami/airflow/venv/lib/python3.12/site-packages/airflow/example_dags/plugins/workday.py
[2024-12-12T19:39:18.885+0000] {processor.py:914} INFO - Processing file /opt/bitnami/airflow/venv/lib/python3.12/site-packages/airflow/example_dags/plugins/workday.py for tasks to queue
[2024-12-12T19:39:18.889+0000] {logging_mixin.py:190} INFO - [2024-12-12T19:39:18.889+0000] {dagbag.py:588} INFO - Filling up the DagBag from /opt/bitnami/airflow/venv/lib/python3.12/site-packages/airflow/example_dags/plugins/workday.py
[2024-12-12T19:39:18.893+0000] {processor.py:927} WARNING - No viable dags retrieved from /opt/bitnami/airflow/venv/lib/python3.12/site-packages/airflow/example_dags/plugins/workday.py
[2024-12-12T19:39:18.910+0000] {processor.py:208} INFO - Processing /opt/bitnami/airflow/venv/lib/python3.12/site-packages/airflow/example_dags/plugins/workday.py took 0.034 seconds
[2024-12-12T19:39:50.223+0000] {processor.py:186} INFO - Started process (PID=1635) to work on /opt/bitnami/airflow/venv/lib/python3.12/site-packages/airflow/example_dags/plugins/workday.py
[2024-12-12T19:39:50.224+0000] {processor.py:914} INFO - Processing file /opt/bitnami/airflow/venv/lib/python3.12/site-packages/airflow/example_dags/plugins/workday.py for tasks to queue
[2024-12-12T19:39:50.226+0000] {logging_mixin.py:190} INFO - [2024-12-12T19:39:50.226+0000] {dagbag.py:588} INFO - Filling up the DagBag from /opt/bitnami/airflow/venv/lib/python3.12/site-packages/airflow/example_dags/plugins/workday.py
[2024-12-12T19:39:50.228+0000] {processor.py:927} WARNING - No viable dags retrieved from /opt/bitnami/airflow/venv/lib/python3.12/site-packages/airflow/example_dags/plugins/workday.py
[2024-12-12T19:39:50.240+0000] {processor.py:208} INFO - Processing /opt/bitnami/airflow/venv/lib/python3.12/site-packages/airflow/example_dags/plugins/workday.py took 0.023 seconds
[2024-12-12T19:40:21.208+0000] {processor.py:186} INFO - Started process (PID=1692) to work on /opt/bitnami/airflow/venv/lib/python3.12/site-packages/airflow/example_dags/plugins/workday.py
[2024-12-12T19:40:21.209+0000] {processor.py:914} INFO - Processing file /opt/bitnami/airflow/venv/lib/python3.12/site-packages/airflow/example_dags/plugins/workday.py for tasks to queue
[2024-12-12T19:40:21.211+0000] {logging_mixin.py:190} INFO - [2024-12-12T19:40:21.210+0000] {dagbag.py:588} INFO - Filling up the DagBag from /opt/bitnami/airflow/venv/lib/python3.12/site-packages/airflow/example_dags/plugins/workday.py
[2024-12-12T19:40:21.213+0000] {processor.py:927} WARNING - No viable dags retrieved from /opt/bitnami/airflow/venv/lib/python3.12/site-packages/airflow/example_dags/plugins/workday.py
[2024-12-12T19:40:21.223+0000] {processor.py:208} INFO - Processing /opt/bitnami/airflow/venv/lib/python3.12/site-packages/airflow/example_dags/plugins/workday.py took 0.020 seconds
[2024-12-12T19:40:52.564+0000] {processor.py:186} INFO - Started process (PID=1749) to work on /opt/bitnami/airflow/venv/lib/python3.12/site-packages/airflow/example_dags/plugins/workday.py
[2024-12-12T19:40:52.565+0000] {processor.py:914} INFO - Processing file /opt/bitnami/airflow/venv/lib/python3.12/site-packages/airflow/example_dags/plugins/workday.py for tasks to queue
[2024-12-12T19:40:52.567+0000] {logging_mixin.py:190} INFO - [2024-12-12T19:40:52.567+0000] {dagbag.py:588} INFO - Filling up the DagBag from /opt/bitnami/airflow/venv/lib/python3.12/site-packages/airflow/example_dags/plugins/workday.py
[2024-12-12T19:40:52.569+0000] {processor.py:927} WARNING - No viable dags retrieved from /opt/bitnami/airflow/venv/lib/python3.12/site-packages/airflow/example_dags/plugins/workday.py
[2024-12-12T19:40:52.581+0000] {processor.py:208} INFO - Processing /opt/bitnami/airflow/venv/lib/python3.12/site-packages/airflow/example_dags/plugins/workday.py took 0.022 seconds
[2024-12-12T19:41:23.964+0000] {processor.py:186} INFO - Started process (PID=1806) to work on /opt/bitnami/airflow/venv/lib/python3.12/site-packages/airflow/example_dags/plugins/workday.py
[2024-12-12T19:41:23.965+0000] {processor.py:914} INFO - Processing file /opt/bitnami/airflow/venv/lib/python3.12/site-packages/airflow/example_dags/plugins/workday.py for tasks to queue
[2024-12-12T19:41:23.969+0000] {logging_mixin.py:190} INFO - [2024-12-12T19:41:23.968+0000] {dagbag.py:588} INFO - Filling up the DagBag from /opt/bitnami/airflow/venv/lib/python3.12/site-packages/airflow/example_dags/plugins/workday.py
[2024-12-12T19:41:23.973+0000] {processor.py:927} WARNING - No viable dags retrieved from /opt/bitnami/airflow/venv/lib/python3.12/site-packages/airflow/example_dags/plugins/workday.py
[2024-12-12T19:41:24.001+0000] {processor.py:208} INFO - Processing /opt/bitnami/airflow/venv/lib/python3.12/site-packages/airflow/example_dags/plugins/workday.py took 0.045 seconds
[2024-12-12T19:41:54.896+0000] {processor.py:186} INFO - Started process (PID=1863) to work on /opt/bitnami/airflow/venv/lib/python3.12/site-packages/airflow/example_dags/plugins/workday.py
[2024-12-12T19:41:54.898+0000] {processor.py:914} INFO - Processing file /opt/bitnami/airflow/venv/lib/python3.12/site-packages/airflow/example_dags/plugins/workday.py for tasks to queue
[2024-12-12T19:41:54.900+0000] {logging_mixin.py:190} INFO - [2024-12-12T19:41:54.900+0000] {dagbag.py:588} INFO - Filling up the DagBag from /opt/bitnami/airflow/venv/lib/python3.12/site-packages/airflow/example_dags/plugins/workday.py
[2024-12-12T19:41:54.902+0000] {processor.py:927} WARNING - No viable dags retrieved from /opt/bitnami/airflow/venv/lib/python3.12/site-packages/airflow/example_dags/plugins/workday.py
[2024-12-12T19:41:54.916+0000] {processor.py:208} INFO - Processing /opt/bitnami/airflow/venv/lib/python3.12/site-packages/airflow/example_dags/plugins/workday.py took 0.025 seconds
[2024-12-12T19:42:25.405+0000] {processor.py:186} INFO - Started process (PID=1920) to work on /opt/bitnami/airflow/venv/lib/python3.12/site-packages/airflow/example_dags/plugins/workday.py
[2024-12-12T19:42:25.407+0000] {processor.py:914} INFO - Processing file /opt/bitnami/airflow/venv/lib/python3.12/site-packages/airflow/example_dags/plugins/workday.py for tasks to queue
[2024-12-12T19:42:25.410+0000] {logging_mixin.py:190} INFO - [2024-12-12T19:42:25.410+0000] {dagbag.py:588} INFO - Filling up the DagBag from /opt/bitnami/airflow/venv/lib/python3.12/site-packages/airflow/example_dags/plugins/workday.py
[2024-12-12T19:42:25.412+0000] {processor.py:927} WARNING - No viable dags retrieved from /opt/bitnami/airflow/venv/lib/python3.12/site-packages/airflow/example_dags/plugins/workday.py
[2024-12-12T19:42:25.428+0000] {processor.py:208} INFO - Processing /opt/bitnami/airflow/venv/lib/python3.12/site-packages/airflow/example_dags/plugins/workday.py took 0.031 seconds
[2024-12-12T19:42:56.087+0000] {processor.py:186} INFO - Started process (PID=1977) to work on /opt/bitnami/airflow/venv/lib/python3.12/site-packages/airflow/example_dags/plugins/workday.py
[2024-12-12T19:42:56.088+0000] {processor.py:914} INFO - Processing file /opt/bitnami/airflow/venv/lib/python3.12/site-packages/airflow/example_dags/plugins/workday.py for tasks to queue
[2024-12-12T19:42:56.090+0000] {logging_mixin.py:190} INFO - [2024-12-12T19:42:56.090+0000] {dagbag.py:588} INFO - Filling up the DagBag from /opt/bitnami/airflow/venv/lib/python3.12/site-packages/airflow/example_dags/plugins/workday.py
[2024-12-12T19:42:56.092+0000] {processor.py:927} WARNING - No viable dags retrieved from /opt/bitnami/airflow/venv/lib/python3.12/site-packages/airflow/example_dags/plugins/workday.py
[2024-12-12T19:42:56.103+0000] {processor.py:208} INFO - Processing /opt/bitnami/airflow/venv/lib/python3.12/site-packages/airflow/example_dags/plugins/workday.py took 0.020 seconds
[2024-12-12T19:43:27.502+0000] {processor.py:186} INFO - Started process (PID=2034) to work on /opt/bitnami/airflow/venv/lib/python3.12/site-packages/airflow/example_dags/plugins/workday.py
[2024-12-12T19:43:27.504+0000] {processor.py:914} INFO - Processing file /opt/bitnami/airflow/venv/lib/python3.12/site-packages/airflow/example_dags/plugins/workday.py for tasks to queue
[2024-12-12T19:43:27.507+0000] {logging_mixin.py:190} INFO - [2024-12-12T19:43:27.507+0000] {dagbag.py:588} INFO - Filling up the DagBag from /opt/bitnami/airflow/venv/lib/python3.12/site-packages/airflow/example_dags/plugins/workday.py
[2024-12-12T19:43:27.510+0000] {processor.py:927} WARNING - No viable dags retrieved from /opt/bitnami/airflow/venv/lib/python3.12/site-packages/airflow/example_dags/plugins/workday.py
[2024-12-12T19:43:27.529+0000] {processor.py:208} INFO - Processing /opt/bitnami/airflow/venv/lib/python3.12/site-packages/airflow/example_dags/plugins/workday.py took 0.033 seconds
[2024-12-12T19:43:58.274+0000] {processor.py:186} INFO - Started process (PID=2091) to work on /opt/bitnami/airflow/venv/lib/python3.12/site-packages/airflow/example_dags/plugins/workday.py
[2024-12-12T19:43:58.276+0000] {processor.py:914} INFO - Processing file /opt/bitnami/airflow/venv/lib/python3.12/site-packages/airflow/example_dags/plugins/workday.py for tasks to queue
[2024-12-12T19:43:58.279+0000] {logging_mixin.py:190} INFO - [2024-12-12T19:43:58.278+0000] {dagbag.py:588} INFO - Filling up the DagBag from /opt/bitnami/airflow/venv/lib/python3.12/site-packages/airflow/example_dags/plugins/workday.py
[2024-12-12T19:43:58.281+0000] {processor.py:927} WARNING - No viable dags retrieved from /opt/bitnami/airflow/venv/lib/python3.12/site-packages/airflow/example_dags/plugins/workday.py
[2024-12-12T19:43:58.300+0000] {processor.py:208} INFO - Processing /opt/bitnami/airflow/venv/lib/python3.12/site-packages/airflow/example_dags/plugins/workday.py took 0.030 seconds
[2024-12-12T19:44:28.922+0000] {processor.py:186} INFO - Started process (PID=2148) to work on /opt/bitnami/airflow/venv/lib/python3.12/site-packages/airflow/example_dags/plugins/workday.py
[2024-12-12T19:44:28.923+0000] {processor.py:914} INFO - Processing file /opt/bitnami/airflow/venv/lib/python3.12/site-packages/airflow/example_dags/plugins/workday.py for tasks to queue
[2024-12-12T19:44:28.926+0000] {logging_mixin.py:190} INFO - [2024-12-12T19:44:28.925+0000] {dagbag.py:588} INFO - Filling up the DagBag from /opt/bitnami/airflow/venv/lib/python3.12/site-packages/airflow/example_dags/plugins/workday.py
[2024-12-12T19:44:28.928+0000] {processor.py:927} WARNING - No viable dags retrieved from /opt/bitnami/airflow/venv/lib/python3.12/site-packages/airflow/example_dags/plugins/workday.py
[2024-12-12T19:44:28.940+0000] {processor.py:208} INFO - Processing /opt/bitnami/airflow/venv/lib/python3.12/site-packages/airflow/example_dags/plugins/workday.py took 0.022 seconds
[2024-12-12T19:45:01.669+0000] {processor.py:186} INFO - Started process (PID=2205) to work on /opt/bitnami/airflow/venv/lib/python3.12/site-packages/airflow/example_dags/plugins/workday.py
[2024-12-12T19:45:01.670+0000] {processor.py:914} INFO - Processing file /opt/bitnami/airflow/venv/lib/python3.12/site-packages/airflow/example_dags/plugins/workday.py for tasks to queue
[2024-12-12T19:45:01.676+0000] {logging_mixin.py:190} INFO - [2024-12-12T19:45:01.675+0000] {dagbag.py:588} INFO - Filling up the DagBag from /opt/bitnami/airflow/venv/lib/python3.12/site-packages/airflow/example_dags/plugins/workday.py
[2024-12-12T19:45:01.681+0000] {processor.py:927} WARNING - No viable dags retrieved from /opt/bitnami/airflow/venv/lib/python3.12/site-packages/airflow/example_dags/plugins/workday.py
[2024-12-12T19:45:01.701+0000] {processor.py:208} INFO - Processing /opt/bitnami/airflow/venv/lib/python3.12/site-packages/airflow/example_dags/plugins/workday.py took 0.039 seconds
[2024-12-12T19:45:33.055+0000] {processor.py:186} INFO - Started process (PID=2261) to work on /opt/bitnami/airflow/venv/lib/python3.12/site-packages/airflow/example_dags/plugins/workday.py
[2024-12-12T19:45:33.055+0000] {processor.py:914} INFO - Processing file /opt/bitnami/airflow/venv/lib/python3.12/site-packages/airflow/example_dags/plugins/workday.py for tasks to queue
[2024-12-12T19:45:33.057+0000] {logging_mixin.py:190} INFO - [2024-12-12T19:45:33.057+0000] {dagbag.py:588} INFO - Filling up the DagBag from /opt/bitnami/airflow/venv/lib/python3.12/site-packages/airflow/example_dags/plugins/workday.py
[2024-12-12T19:45:33.059+0000] {processor.py:927} WARNING - No viable dags retrieved from /opt/bitnami/airflow/venv/lib/python3.12/site-packages/airflow/example_dags/plugins/workday.py
[2024-12-12T19:45:33.072+0000] {processor.py:208} INFO - Processing /opt/bitnami/airflow/venv/lib/python3.12/site-packages/airflow/example_dags/plugins/workday.py took 0.022 seconds
[2024-12-12T19:46:04.251+0000] {processor.py:186} INFO - Started process (PID=2319) to work on /opt/bitnami/airflow/venv/lib/python3.12/site-packages/airflow/example_dags/plugins/workday.py
[2024-12-12T19:46:04.253+0000] {processor.py:914} INFO - Processing file /opt/bitnami/airflow/venv/lib/python3.12/site-packages/airflow/example_dags/plugins/workday.py for tasks to queue
[2024-12-12T19:46:04.255+0000] {logging_mixin.py:190} INFO - [2024-12-12T19:46:04.255+0000] {dagbag.py:588} INFO - Filling up the DagBag from /opt/bitnami/airflow/venv/lib/python3.12/site-packages/airflow/example_dags/plugins/workday.py
[2024-12-12T19:46:04.257+0000] {processor.py:927} WARNING - No viable dags retrieved from /opt/bitnami/airflow/venv/lib/python3.12/site-packages/airflow/example_dags/plugins/workday.py
[2024-12-12T19:46:04.273+0000] {processor.py:208} INFO - Processing /opt/bitnami/airflow/venv/lib/python3.12/site-packages/airflow/example_dags/plugins/workday.py took 0.030 seconds
[2024-12-12T19:46:34.562+0000] {processor.py:186} INFO - Started process (PID=2376) to work on /opt/bitnami/airflow/venv/lib/python3.12/site-packages/airflow/example_dags/plugins/workday.py
[2024-12-12T19:46:34.563+0000] {processor.py:914} INFO - Processing file /opt/bitnami/airflow/venv/lib/python3.12/site-packages/airflow/example_dags/plugins/workday.py for tasks to queue
[2024-12-12T19:46:34.565+0000] {logging_mixin.py:190} INFO - [2024-12-12T19:46:34.565+0000] {dagbag.py:588} INFO - Filling up the DagBag from /opt/bitnami/airflow/venv/lib/python3.12/site-packages/airflow/example_dags/plugins/workday.py
[2024-12-12T19:46:34.568+0000] {processor.py:927} WARNING - No viable dags retrieved from /opt/bitnami/airflow/venv/lib/python3.12/site-packages/airflow/example_dags/plugins/workday.py
[2024-12-12T19:46:34.582+0000] {processor.py:208} INFO - Processing /opt/bitnami/airflow/venv/lib/python3.12/site-packages/airflow/example_dags/plugins/workday.py took 0.026 seconds
[2024-12-12T19:47:05.642+0000] {processor.py:186} INFO - Started process (PID=2433) to work on /opt/bitnami/airflow/venv/lib/python3.12/site-packages/airflow/example_dags/plugins/workday.py
[2024-12-12T19:47:05.644+0000] {processor.py:914} INFO - Processing file /opt/bitnami/airflow/venv/lib/python3.12/site-packages/airflow/example_dags/plugins/workday.py for tasks to queue
[2024-12-12T19:47:05.646+0000] {logging_mixin.py:190} INFO - [2024-12-12T19:47:05.646+0000] {dagbag.py:588} INFO - Filling up the DagBag from /opt/bitnami/airflow/venv/lib/python3.12/site-packages/airflow/example_dags/plugins/workday.py
[2024-12-12T19:47:05.649+0000] {processor.py:927} WARNING - No viable dags retrieved from /opt/bitnami/airflow/venv/lib/python3.12/site-packages/airflow/example_dags/plugins/workday.py
[2024-12-12T19:47:05.663+0000] {processor.py:208} INFO - Processing /opt/bitnami/airflow/venv/lib/python3.12/site-packages/airflow/example_dags/plugins/workday.py took 0.027 seconds
[2024-12-12T19:47:36.055+0000] {processor.py:186} INFO - Started process (PID=2490) to work on /opt/bitnami/airflow/venv/lib/python3.12/site-packages/airflow/example_dags/plugins/workday.py
[2024-12-12T19:47:36.056+0000] {processor.py:914} INFO - Processing file /opt/bitnami/airflow/venv/lib/python3.12/site-packages/airflow/example_dags/plugins/workday.py for tasks to queue
[2024-12-12T19:47:36.058+0000] {logging_mixin.py:190} INFO - [2024-12-12T19:47:36.058+0000] {dagbag.py:588} INFO - Filling up the DagBag from /opt/bitnami/airflow/venv/lib/python3.12/site-packages/airflow/example_dags/plugins/workday.py
[2024-12-12T19:47:36.060+0000] {processor.py:927} WARNING - No viable dags retrieved from /opt/bitnami/airflow/venv/lib/python3.12/site-packages/airflow/example_dags/plugins/workday.py
[2024-12-12T19:47:36.080+0000] {processor.py:208} INFO - Processing /opt/bitnami/airflow/venv/lib/python3.12/site-packages/airflow/example_dags/plugins/workday.py took 0.032 seconds
[2024-12-12T19:48:06.670+0000] {processor.py:186} INFO - Started process (PID=2547) to work on /opt/bitnami/airflow/venv/lib/python3.12/site-packages/airflow/example_dags/plugins/workday.py
[2024-12-12T19:48:06.672+0000] {processor.py:914} INFO - Processing file /opt/bitnami/airflow/venv/lib/python3.12/site-packages/airflow/example_dags/plugins/workday.py for tasks to queue
[2024-12-12T19:48:06.676+0000] {logging_mixin.py:190} INFO - [2024-12-12T19:48:06.675+0000] {dagbag.py:588} INFO - Filling up the DagBag from /opt/bitnami/airflow/venv/lib/python3.12/site-packages/airflow/example_dags/plugins/workday.py
[2024-12-12T19:48:06.679+0000] {processor.py:927} WARNING - No viable dags retrieved from /opt/bitnami/airflow/venv/lib/python3.12/site-packages/airflow/example_dags/plugins/workday.py
[2024-12-12T19:48:06.700+0000] {processor.py:208} INFO - Processing /opt/bitnami/airflow/venv/lib/python3.12/site-packages/airflow/example_dags/plugins/workday.py took 0.039 seconds
[2024-12-12T19:48:37.140+0000] {processor.py:186} INFO - Started process (PID=2604) to work on /opt/bitnami/airflow/venv/lib/python3.12/site-packages/airflow/example_dags/plugins/workday.py
[2024-12-12T19:48:37.141+0000] {processor.py:914} INFO - Processing file /opt/bitnami/airflow/venv/lib/python3.12/site-packages/airflow/example_dags/plugins/workday.py for tasks to queue
[2024-12-12T19:48:37.145+0000] {logging_mixin.py:190} INFO - [2024-12-12T19:48:37.144+0000] {dagbag.py:588} INFO - Filling up the DagBag from /opt/bitnami/airflow/venv/lib/python3.12/site-packages/airflow/example_dags/plugins/workday.py
[2024-12-12T19:48:37.147+0000] {processor.py:927} WARNING - No viable dags retrieved from /opt/bitnami/airflow/venv/lib/python3.12/site-packages/airflow/example_dags/plugins/workday.py
[2024-12-12T19:48:37.162+0000] {processor.py:208} INFO - Processing /opt/bitnami/airflow/venv/lib/python3.12/site-packages/airflow/example_dags/plugins/workday.py took 0.027 seconds
[2024-12-12T19:49:08.007+0000] {processor.py:186} INFO - Started process (PID=2661) to work on /opt/bitnami/airflow/venv/lib/python3.12/site-packages/airflow/example_dags/plugins/workday.py
[2024-12-12T19:49:08.008+0000] {processor.py:914} INFO - Processing file /opt/bitnami/airflow/venv/lib/python3.12/site-packages/airflow/example_dags/plugins/workday.py for tasks to queue
[2024-12-12T19:49:08.011+0000] {logging_mixin.py:190} INFO - [2024-12-12T19:49:08.011+0000] {dagbag.py:588} INFO - Filling up the DagBag from /opt/bitnami/airflow/venv/lib/python3.12/site-packages/airflow/example_dags/plugins/workday.py
[2024-12-12T19:49:08.015+0000] {processor.py:927} WARNING - No viable dags retrieved from /opt/bitnami/airflow/venv/lib/python3.12/site-packages/airflow/example_dags/plugins/workday.py
[2024-12-12T19:49:08.031+0000] {processor.py:208} INFO - Processing /opt/bitnami/airflow/venv/lib/python3.12/site-packages/airflow/example_dags/plugins/workday.py took 0.030 seconds
[2024-12-12T19:49:38.605+0000] {processor.py:186} INFO - Started process (PID=2718) to work on /opt/bitnami/airflow/venv/lib/python3.12/site-packages/airflow/example_dags/plugins/workday.py
[2024-12-12T19:49:38.606+0000] {processor.py:914} INFO - Processing file /opt/bitnami/airflow/venv/lib/python3.12/site-packages/airflow/example_dags/plugins/workday.py for tasks to queue
[2024-12-12T19:49:38.609+0000] {logging_mixin.py:190} INFO - [2024-12-12T19:49:38.609+0000] {dagbag.py:588} INFO - Filling up the DagBag from /opt/bitnami/airflow/venv/lib/python3.12/site-packages/airflow/example_dags/plugins/workday.py
[2024-12-12T19:49:38.612+0000] {processor.py:927} WARNING - No viable dags retrieved from /opt/bitnami/airflow/venv/lib/python3.12/site-packages/airflow/example_dags/plugins/workday.py
[2024-12-12T19:49:38.629+0000] {processor.py:208} INFO - Processing /opt/bitnami/airflow/venv/lib/python3.12/site-packages/airflow/example_dags/plugins/workday.py took 0.034 seconds
[2024-12-12T19:50:09.509+0000] {processor.py:186} INFO - Started process (PID=2775) to work on /opt/bitnami/airflow/venv/lib/python3.12/site-packages/airflow/example_dags/plugins/workday.py
[2024-12-12T19:50:09.510+0000] {processor.py:914} INFO - Processing file /opt/bitnami/airflow/venv/lib/python3.12/site-packages/airflow/example_dags/plugins/workday.py for tasks to queue
[2024-12-12T19:50:09.512+0000] {logging_mixin.py:190} INFO - [2024-12-12T19:50:09.512+0000] {dagbag.py:588} INFO - Filling up the DagBag from /opt/bitnami/airflow/venv/lib/python3.12/site-packages/airflow/example_dags/plugins/workday.py
[2024-12-12T19:50:09.515+0000] {processor.py:927} WARNING - No viable dags retrieved from /opt/bitnami/airflow/venv/lib/python3.12/site-packages/airflow/example_dags/plugins/workday.py
[2024-12-12T19:50:09.527+0000] {processor.py:208} INFO - Processing /opt/bitnami/airflow/venv/lib/python3.12/site-packages/airflow/example_dags/plugins/workday.py took 0.024 seconds
[2024-12-12T19:50:40.014+0000] {processor.py:186} INFO - Started process (PID=2832) to work on /opt/bitnami/airflow/venv/lib/python3.12/site-packages/airflow/example_dags/plugins/workday.py
[2024-12-12T19:50:40.015+0000] {processor.py:914} INFO - Processing file /opt/bitnami/airflow/venv/lib/python3.12/site-packages/airflow/example_dags/plugins/workday.py for tasks to queue
[2024-12-12T19:50:40.018+0000] {logging_mixin.py:190} INFO - [2024-12-12T19:50:40.018+0000] {dagbag.py:588} INFO - Filling up the DagBag from /opt/bitnami/airflow/venv/lib/python3.12/site-packages/airflow/example_dags/plugins/workday.py
[2024-12-12T19:50:40.021+0000] {processor.py:927} WARNING - No viable dags retrieved from /opt/bitnami/airflow/venv/lib/python3.12/site-packages/airflow/example_dags/plugins/workday.py
[2024-12-12T19:50:40.035+0000] {processor.py:208} INFO - Processing /opt/bitnami/airflow/venv/lib/python3.12/site-packages/airflow/example_dags/plugins/workday.py took 0.026 seconds
[2024-12-12T19:51:10.277+0000] {processor.py:186} INFO - Started process (PID=2889) to work on /opt/bitnami/airflow/venv/lib/python3.12/site-packages/airflow/example_dags/plugins/workday.py
[2024-12-12T19:51:10.279+0000] {processor.py:914} INFO - Processing file /opt/bitnami/airflow/venv/lib/python3.12/site-packages/airflow/example_dags/plugins/workday.py for tasks to queue
[2024-12-12T19:51:10.283+0000] {logging_mixin.py:190} INFO - [2024-12-12T19:51:10.282+0000] {dagbag.py:588} INFO - Filling up the DagBag from /opt/bitnami/airflow/venv/lib/python3.12/site-packages/airflow/example_dags/plugins/workday.py
[2024-12-12T19:51:10.286+0000] {processor.py:927} WARNING - No viable dags retrieved from /opt/bitnami/airflow/venv/lib/python3.12/site-packages/airflow/example_dags/plugins/workday.py
[2024-12-12T19:51:10.305+0000] {processor.py:208} INFO - Processing /opt/bitnami/airflow/venv/lib/python3.12/site-packages/airflow/example_dags/plugins/workday.py took 0.036 seconds
[2024-12-12T19:51:41.130+0000] {processor.py:186} INFO - Started process (PID=2946) to work on /opt/bitnami/airflow/venv/lib/python3.12/site-packages/airflow/example_dags/plugins/workday.py
[2024-12-12T19:51:41.132+0000] {processor.py:914} INFO - Processing file /opt/bitnami/airflow/venv/lib/python3.12/site-packages/airflow/example_dags/plugins/workday.py for tasks to queue
[2024-12-12T19:51:41.134+0000] {logging_mixin.py:190} INFO - [2024-12-12T19:51:41.134+0000] {dagbag.py:588} INFO - Filling up the DagBag from /opt/bitnami/airflow/venv/lib/python3.12/site-packages/airflow/example_dags/plugins/workday.py
[2024-12-12T19:51:41.136+0000] {processor.py:927} WARNING - No viable dags retrieved from /opt/bitnami/airflow/venv/lib/python3.12/site-packages/airflow/example_dags/plugins/workday.py
[2024-12-12T19:51:41.150+0000] {processor.py:208} INFO - Processing /opt/bitnami/airflow/venv/lib/python3.12/site-packages/airflow/example_dags/plugins/workday.py took 0.025 seconds
[2024-12-12T19:52:11.356+0000] {processor.py:186} INFO - Started process (PID=3003) to work on /opt/bitnami/airflow/venv/lib/python3.12/site-packages/airflow/example_dags/plugins/workday.py
[2024-12-12T19:52:11.357+0000] {processor.py:914} INFO - Processing file /opt/bitnami/airflow/venv/lib/python3.12/site-packages/airflow/example_dags/plugins/workday.py for tasks to queue
[2024-12-12T19:52:11.359+0000] {logging_mixin.py:190} INFO - [2024-12-12T19:52:11.359+0000] {dagbag.py:588} INFO - Filling up the DagBag from /opt/bitnami/airflow/venv/lib/python3.12/site-packages/airflow/example_dags/plugins/workday.py
[2024-12-12T19:52:11.362+0000] {processor.py:927} WARNING - No viable dags retrieved from /opt/bitnami/airflow/venv/lib/python3.12/site-packages/airflow/example_dags/plugins/workday.py
[2024-12-12T19:52:11.375+0000] {processor.py:208} INFO - Processing /opt/bitnami/airflow/venv/lib/python3.12/site-packages/airflow/example_dags/plugins/workday.py took 0.024 seconds
[2024-12-12T19:52:41.496+0000] {processor.py:186} INFO - Started process (PID=3060) to work on /opt/bitnami/airflow/venv/lib/python3.12/site-packages/airflow/example_dags/plugins/workday.py
[2024-12-12T19:52:41.498+0000] {processor.py:914} INFO - Processing file /opt/bitnami/airflow/venv/lib/python3.12/site-packages/airflow/example_dags/plugins/workday.py for tasks to queue
[2024-12-12T19:52:41.502+0000] {logging_mixin.py:190} INFO - [2024-12-12T19:52:41.501+0000] {dagbag.py:588} INFO - Filling up the DagBag from /opt/bitnami/airflow/venv/lib/python3.12/site-packages/airflow/example_dags/plugins/workday.py
[2024-12-12T19:52:41.504+0000] {processor.py:927} WARNING - No viable dags retrieved from /opt/bitnami/airflow/venv/lib/python3.12/site-packages/airflow/example_dags/plugins/workday.py
[2024-12-12T19:52:41.518+0000] {processor.py:208} INFO - Processing /opt/bitnami/airflow/venv/lib/python3.12/site-packages/airflow/example_dags/plugins/workday.py took 0.026 seconds
[2024-12-12T19:53:11.734+0000] {processor.py:186} INFO - Started process (PID=3117) to work on /opt/bitnami/airflow/venv/lib/python3.12/site-packages/airflow/example_dags/plugins/workday.py
[2024-12-12T19:53:11.735+0000] {processor.py:914} INFO - Processing file /opt/bitnami/airflow/venv/lib/python3.12/site-packages/airflow/example_dags/plugins/workday.py for tasks to queue
[2024-12-12T19:53:11.737+0000] {logging_mixin.py:190} INFO - [2024-12-12T19:53:11.737+0000] {dagbag.py:588} INFO - Filling up the DagBag from /opt/bitnami/airflow/venv/lib/python3.12/site-packages/airflow/example_dags/plugins/workday.py
[2024-12-12T19:53:11.739+0000] {processor.py:927} WARNING - No viable dags retrieved from /opt/bitnami/airflow/venv/lib/python3.12/site-packages/airflow/example_dags/plugins/workday.py
[2024-12-12T19:53:11.754+0000] {processor.py:208} INFO - Processing /opt/bitnami/airflow/venv/lib/python3.12/site-packages/airflow/example_dags/plugins/workday.py took 0.024 seconds
[2024-12-12T19:56:24.317+0000] {processor.py:186} INFO - Started process (PID=103) to work on /opt/bitnami/airflow/venv/lib/python3.12/site-packages/airflow/example_dags/plugins/workday.py
[2024-12-12T19:56:24.318+0000] {processor.py:914} INFO - Processing file /opt/bitnami/airflow/venv/lib/python3.12/site-packages/airflow/example_dags/plugins/workday.py for tasks to queue
[2024-12-12T19:56:24.320+0000] {logging_mixin.py:190} INFO - [2024-12-12T19:56:24.320+0000] {dagbag.py:588} INFO - Filling up the DagBag from /opt/bitnami/airflow/venv/lib/python3.12/site-packages/airflow/example_dags/plugins/workday.py
[2024-12-12T19:56:24.322+0000] {processor.py:927} WARNING - No viable dags retrieved from /opt/bitnami/airflow/venv/lib/python3.12/site-packages/airflow/example_dags/plugins/workday.py
[2024-12-12T19:56:24.336+0000] {processor.py:208} INFO - Processing /opt/bitnami/airflow/venv/lib/python3.12/site-packages/airflow/example_dags/plugins/workday.py took 0.025 seconds
[2024-12-12T19:56:54.476+0000] {processor.py:186} INFO - Started process (PID=161) to work on /opt/bitnami/airflow/venv/lib/python3.12/site-packages/airflow/example_dags/plugins/workday.py
[2024-12-12T19:56:54.477+0000] {processor.py:914} INFO - Processing file /opt/bitnami/airflow/venv/lib/python3.12/site-packages/airflow/example_dags/plugins/workday.py for tasks to queue
[2024-12-12T19:56:54.481+0000] {logging_mixin.py:190} INFO - [2024-12-12T19:56:54.480+0000] {dagbag.py:588} INFO - Filling up the DagBag from /opt/bitnami/airflow/venv/lib/python3.12/site-packages/airflow/example_dags/plugins/workday.py
[2024-12-12T19:56:54.484+0000] {processor.py:927} WARNING - No viable dags retrieved from /opt/bitnami/airflow/venv/lib/python3.12/site-packages/airflow/example_dags/plugins/workday.py
[2024-12-12T19:56:54.503+0000] {processor.py:208} INFO - Processing /opt/bitnami/airflow/venv/lib/python3.12/site-packages/airflow/example_dags/plugins/workday.py took 0.034 seconds
[2024-12-12T19:57:24.810+0000] {processor.py:186} INFO - Started process (PID=218) to work on /opt/bitnami/airflow/venv/lib/python3.12/site-packages/airflow/example_dags/plugins/workday.py
[2024-12-12T19:57:24.811+0000] {processor.py:914} INFO - Processing file /opt/bitnami/airflow/venv/lib/python3.12/site-packages/airflow/example_dags/plugins/workday.py for tasks to queue
[2024-12-12T19:57:24.814+0000] {logging_mixin.py:190} INFO - [2024-12-12T19:57:24.814+0000] {dagbag.py:588} INFO - Filling up the DagBag from /opt/bitnami/airflow/venv/lib/python3.12/site-packages/airflow/example_dags/plugins/workday.py
[2024-12-12T19:57:24.816+0000] {processor.py:927} WARNING - No viable dags retrieved from /opt/bitnami/airflow/venv/lib/python3.12/site-packages/airflow/example_dags/plugins/workday.py
[2024-12-12T19:57:24.831+0000] {processor.py:208} INFO - Processing /opt/bitnami/airflow/venv/lib/python3.12/site-packages/airflow/example_dags/plugins/workday.py took 0.025 seconds
[2024-12-12T19:57:54.866+0000] {processor.py:186} INFO - Started process (PID=274) to work on /opt/bitnami/airflow/venv/lib/python3.12/site-packages/airflow/example_dags/plugins/workday.py
[2024-12-12T19:57:54.867+0000] {processor.py:914} INFO - Processing file /opt/bitnami/airflow/venv/lib/python3.12/site-packages/airflow/example_dags/plugins/workday.py for tasks to queue
[2024-12-12T19:57:54.869+0000] {logging_mixin.py:190} INFO - [2024-12-12T19:57:54.869+0000] {dagbag.py:588} INFO - Filling up the DagBag from /opt/bitnami/airflow/venv/lib/python3.12/site-packages/airflow/example_dags/plugins/workday.py
[2024-12-12T19:57:54.871+0000] {processor.py:927} WARNING - No viable dags retrieved from /opt/bitnami/airflow/venv/lib/python3.12/site-packages/airflow/example_dags/plugins/workday.py
[2024-12-12T19:57:54.883+0000] {processor.py:208} INFO - Processing /opt/bitnami/airflow/venv/lib/python3.12/site-packages/airflow/example_dags/plugins/workday.py took 0.021 seconds
[2024-12-12T19:58:26.536+0000] {processor.py:186} INFO - Started process (PID=333) to work on /opt/bitnami/airflow/venv/lib/python3.12/site-packages/airflow/example_dags/plugins/workday.py
[2024-12-12T19:58:26.538+0000] {processor.py:914} INFO - Processing file /opt/bitnami/airflow/venv/lib/python3.12/site-packages/airflow/example_dags/plugins/workday.py for tasks to queue
[2024-12-12T19:58:26.542+0000] {logging_mixin.py:190} INFO - [2024-12-12T19:58:26.542+0000] {dagbag.py:588} INFO - Filling up the DagBag from /opt/bitnami/airflow/venv/lib/python3.12/site-packages/airflow/example_dags/plugins/workday.py
[2024-12-12T19:58:26.547+0000] {processor.py:927} WARNING - No viable dags retrieved from /opt/bitnami/airflow/venv/lib/python3.12/site-packages/airflow/example_dags/plugins/workday.py
[2024-12-12T19:58:26.569+0000] {processor.py:208} INFO - Processing /opt/bitnami/airflow/venv/lib/python3.12/site-packages/airflow/example_dags/plugins/workday.py took 0.044 seconds
[2024-12-12T19:58:56.974+0000] {processor.py:186} INFO - Started process (PID=390) to work on /opt/bitnami/airflow/venv/lib/python3.12/site-packages/airflow/example_dags/plugins/workday.py
[2024-12-12T19:58:56.975+0000] {processor.py:914} INFO - Processing file /opt/bitnami/airflow/venv/lib/python3.12/site-packages/airflow/example_dags/plugins/workday.py for tasks to queue
[2024-12-12T19:58:56.978+0000] {logging_mixin.py:190} INFO - [2024-12-12T19:58:56.978+0000] {dagbag.py:588} INFO - Filling up the DagBag from /opt/bitnami/airflow/venv/lib/python3.12/site-packages/airflow/example_dags/plugins/workday.py
[2024-12-12T19:58:56.980+0000] {processor.py:927} WARNING - No viable dags retrieved from /opt/bitnami/airflow/venv/lib/python3.12/site-packages/airflow/example_dags/plugins/workday.py
[2024-12-12T19:58:56.994+0000] {processor.py:208} INFO - Processing /opt/bitnami/airflow/venv/lib/python3.12/site-packages/airflow/example_dags/plugins/workday.py took 0.025 seconds
[2024-12-12T19:59:27.220+0000] {processor.py:186} INFO - Started process (PID=447) to work on /opt/bitnami/airflow/venv/lib/python3.12/site-packages/airflow/example_dags/plugins/workday.py
[2024-12-12T19:59:27.222+0000] {processor.py:914} INFO - Processing file /opt/bitnami/airflow/venv/lib/python3.12/site-packages/airflow/example_dags/plugins/workday.py for tasks to queue
[2024-12-12T19:59:27.225+0000] {logging_mixin.py:190} INFO - [2024-12-12T19:59:27.225+0000] {dagbag.py:588} INFO - Filling up the DagBag from /opt/bitnami/airflow/venv/lib/python3.12/site-packages/airflow/example_dags/plugins/workday.py
[2024-12-12T19:59:27.227+0000] {processor.py:927} WARNING - No viable dags retrieved from /opt/bitnami/airflow/venv/lib/python3.12/site-packages/airflow/example_dags/plugins/workday.py
[2024-12-12T19:59:27.241+0000] {processor.py:208} INFO - Processing /opt/bitnami/airflow/venv/lib/python3.12/site-packages/airflow/example_dags/plugins/workday.py took 0.027 seconds
[2024-12-12T19:59:57.836+0000] {processor.py:186} INFO - Started process (PID=504) to work on /opt/bitnami/airflow/venv/lib/python3.12/site-packages/airflow/example_dags/plugins/workday.py
[2024-12-12T19:59:57.837+0000] {processor.py:914} INFO - Processing file /opt/bitnami/airflow/venv/lib/python3.12/site-packages/airflow/example_dags/plugins/workday.py for tasks to queue
[2024-12-12T19:59:57.838+0000] {logging_mixin.py:190} INFO - [2024-12-12T19:59:57.838+0000] {dagbag.py:588} INFO - Filling up the DagBag from /opt/bitnami/airflow/venv/lib/python3.12/site-packages/airflow/example_dags/plugins/workday.py
[2024-12-12T19:59:57.840+0000] {processor.py:927} WARNING - No viable dags retrieved from /opt/bitnami/airflow/venv/lib/python3.12/site-packages/airflow/example_dags/plugins/workday.py
[2024-12-12T19:59:57.852+0000] {processor.py:208} INFO - Processing /opt/bitnami/airflow/venv/lib/python3.12/site-packages/airflow/example_dags/plugins/workday.py took 0.021 seconds
[2024-12-12T20:00:28.149+0000] {processor.py:186} INFO - Started process (PID=561) to work on /opt/bitnami/airflow/venv/lib/python3.12/site-packages/airflow/example_dags/plugins/workday.py
[2024-12-12T20:00:28.151+0000] {processor.py:914} INFO - Processing file /opt/bitnami/airflow/venv/lib/python3.12/site-packages/airflow/example_dags/plugins/workday.py for tasks to queue
[2024-12-12T20:00:28.153+0000] {logging_mixin.py:190} INFO - [2024-12-12T20:00:28.153+0000] {dagbag.py:588} INFO - Filling up the DagBag from /opt/bitnami/airflow/venv/lib/python3.12/site-packages/airflow/example_dags/plugins/workday.py
[2024-12-12T20:00:28.155+0000] {processor.py:927} WARNING - No viable dags retrieved from /opt/bitnami/airflow/venv/lib/python3.12/site-packages/airflow/example_dags/plugins/workday.py
[2024-12-12T20:00:28.171+0000] {processor.py:208} INFO - Processing /opt/bitnami/airflow/venv/lib/python3.12/site-packages/airflow/example_dags/plugins/workday.py took 0.027 seconds
[2024-12-12T20:00:58.330+0000] {processor.py:186} INFO - Started process (PID=618) to work on /opt/bitnami/airflow/venv/lib/python3.12/site-packages/airflow/example_dags/plugins/workday.py
[2024-12-12T20:00:58.331+0000] {processor.py:914} INFO - Processing file /opt/bitnami/airflow/venv/lib/python3.12/site-packages/airflow/example_dags/plugins/workday.py for tasks to queue
[2024-12-12T20:00:58.333+0000] {logging_mixin.py:190} INFO - [2024-12-12T20:00:58.333+0000] {dagbag.py:588} INFO - Filling up the DagBag from /opt/bitnami/airflow/venv/lib/python3.12/site-packages/airflow/example_dags/plugins/workday.py
[2024-12-12T20:00:58.336+0000] {processor.py:927} WARNING - No viable dags retrieved from /opt/bitnami/airflow/venv/lib/python3.12/site-packages/airflow/example_dags/plugins/workday.py
[2024-12-12T20:00:58.349+0000] {processor.py:208} INFO - Processing /opt/bitnami/airflow/venv/lib/python3.12/site-packages/airflow/example_dags/plugins/workday.py took 0.024 seconds
[2024-12-12T20:01:29.213+0000] {processor.py:186} INFO - Started process (PID=675) to work on /opt/bitnami/airflow/venv/lib/python3.12/site-packages/airflow/example_dags/plugins/workday.py
[2024-12-12T20:01:29.215+0000] {processor.py:914} INFO - Processing file /opt/bitnami/airflow/venv/lib/python3.12/site-packages/airflow/example_dags/plugins/workday.py for tasks to queue
[2024-12-12T20:01:29.217+0000] {logging_mixin.py:190} INFO - [2024-12-12T20:01:29.216+0000] {dagbag.py:588} INFO - Filling up the DagBag from /opt/bitnami/airflow/venv/lib/python3.12/site-packages/airflow/example_dags/plugins/workday.py
[2024-12-12T20:01:29.220+0000] {processor.py:927} WARNING - No viable dags retrieved from /opt/bitnami/airflow/venv/lib/python3.12/site-packages/airflow/example_dags/plugins/workday.py
[2024-12-12T20:01:29.236+0000] {processor.py:208} INFO - Processing /opt/bitnami/airflow/venv/lib/python3.12/site-packages/airflow/example_dags/plugins/workday.py took 0.028 seconds
[2024-12-12T20:02:00.179+0000] {processor.py:186} INFO - Started process (PID=733) to work on /opt/bitnami/airflow/venv/lib/python3.12/site-packages/airflow/example_dags/plugins/workday.py
[2024-12-12T20:02:00.181+0000] {processor.py:914} INFO - Processing file /opt/bitnami/airflow/venv/lib/python3.12/site-packages/airflow/example_dags/plugins/workday.py for tasks to queue
[2024-12-12T20:02:00.183+0000] {logging_mixin.py:190} INFO - [2024-12-12T20:02:00.183+0000] {dagbag.py:588} INFO - Filling up the DagBag from /opt/bitnami/airflow/venv/lib/python3.12/site-packages/airflow/example_dags/plugins/workday.py
[2024-12-12T20:02:00.186+0000] {processor.py:927} WARNING - No viable dags retrieved from /opt/bitnami/airflow/venv/lib/python3.12/site-packages/airflow/example_dags/plugins/workday.py
[2024-12-12T20:02:00.201+0000] {processor.py:208} INFO - Processing /opt/bitnami/airflow/venv/lib/python3.12/site-packages/airflow/example_dags/plugins/workday.py took 0.027 seconds
[2024-12-12T20:02:31.187+0000] {processor.py:186} INFO - Started process (PID=793) to work on /opt/bitnami/airflow/venv/lib/python3.12/site-packages/airflow/example_dags/plugins/workday.py
[2024-12-12T20:02:31.189+0000] {processor.py:914} INFO - Processing file /opt/bitnami/airflow/venv/lib/python3.12/site-packages/airflow/example_dags/plugins/workday.py for tasks to queue
[2024-12-12T20:02:31.191+0000] {logging_mixin.py:190} INFO - [2024-12-12T20:02:31.191+0000] {dagbag.py:588} INFO - Filling up the DagBag from /opt/bitnami/airflow/venv/lib/python3.12/site-packages/airflow/example_dags/plugins/workday.py
[2024-12-12T20:02:31.194+0000] {processor.py:927} WARNING - No viable dags retrieved from /opt/bitnami/airflow/venv/lib/python3.12/site-packages/airflow/example_dags/plugins/workday.py
[2024-12-12T20:02:31.213+0000] {processor.py:208} INFO - Processing /opt/bitnami/airflow/venv/lib/python3.12/site-packages/airflow/example_dags/plugins/workday.py took 0.031 seconds
[2024-12-12T20:03:01.479+0000] {processor.py:186} INFO - Started process (PID=850) to work on /opt/bitnami/airflow/venv/lib/python3.12/site-packages/airflow/example_dags/plugins/workday.py
[2024-12-12T20:03:01.480+0000] {processor.py:914} INFO - Processing file /opt/bitnami/airflow/venv/lib/python3.12/site-packages/airflow/example_dags/plugins/workday.py for tasks to queue
[2024-12-12T20:03:01.483+0000] {logging_mixin.py:190} INFO - [2024-12-12T20:03:01.483+0000] {dagbag.py:588} INFO - Filling up the DagBag from /opt/bitnami/airflow/venv/lib/python3.12/site-packages/airflow/example_dags/plugins/workday.py
[2024-12-12T20:03:01.485+0000] {processor.py:927} WARNING - No viable dags retrieved from /opt/bitnami/airflow/venv/lib/python3.12/site-packages/airflow/example_dags/plugins/workday.py
[2024-12-12T20:03:01.495+0000] {processor.py:208} INFO - Processing /opt/bitnami/airflow/venv/lib/python3.12/site-packages/airflow/example_dags/plugins/workday.py took 0.020 seconds
[2024-12-12T20:03:32.465+0000] {processor.py:186} INFO - Started process (PID=907) to work on /opt/bitnami/airflow/venv/lib/python3.12/site-packages/airflow/example_dags/plugins/workday.py
[2024-12-12T20:03:32.466+0000] {processor.py:914} INFO - Processing file /opt/bitnami/airflow/venv/lib/python3.12/site-packages/airflow/example_dags/plugins/workday.py for tasks to queue
[2024-12-12T20:03:32.468+0000] {logging_mixin.py:190} INFO - [2024-12-12T20:03:32.468+0000] {dagbag.py:588} INFO - Filling up the DagBag from /opt/bitnami/airflow/venv/lib/python3.12/site-packages/airflow/example_dags/plugins/workday.py
[2024-12-12T20:03:32.471+0000] {processor.py:927} WARNING - No viable dags retrieved from /opt/bitnami/airflow/venv/lib/python3.12/site-packages/airflow/example_dags/plugins/workday.py
[2024-12-12T20:03:32.486+0000] {processor.py:208} INFO - Processing /opt/bitnami/airflow/venv/lib/python3.12/site-packages/airflow/example_dags/plugins/workday.py took 0.028 seconds
[2024-12-12T20:09:11.870+0000] {processor.py:186} INFO - Started process (PID=96) to work on /opt/bitnami/airflow/venv/lib/python3.12/site-packages/airflow/example_dags/plugins/workday.py
[2024-12-12T20:09:11.871+0000] {processor.py:914} INFO - Processing file /opt/bitnami/airflow/venv/lib/python3.12/site-packages/airflow/example_dags/plugins/workday.py for tasks to queue
[2024-12-12T20:09:11.874+0000] {logging_mixin.py:190} INFO - [2024-12-12T20:09:11.874+0000] {dagbag.py:588} INFO - Filling up the DagBag from /opt/bitnami/airflow/venv/lib/python3.12/site-packages/airflow/example_dags/plugins/workday.py
[2024-12-12T20:09:11.877+0000] {processor.py:927} WARNING - No viable dags retrieved from /opt/bitnami/airflow/venv/lib/python3.12/site-packages/airflow/example_dags/plugins/workday.py
[2024-12-12T20:09:11.893+0000] {processor.py:208} INFO - Processing /opt/bitnami/airflow/venv/lib/python3.12/site-packages/airflow/example_dags/plugins/workday.py took 0.031 seconds
[2024-12-12T20:09:42.739+0000] {processor.py:186} INFO - Started process (PID=153) to work on /opt/bitnami/airflow/venv/lib/python3.12/site-packages/airflow/example_dags/plugins/workday.py
[2024-12-12T20:09:42.740+0000] {processor.py:914} INFO - Processing file /opt/bitnami/airflow/venv/lib/python3.12/site-packages/airflow/example_dags/plugins/workday.py for tasks to queue
[2024-12-12T20:09:42.742+0000] {logging_mixin.py:190} INFO - [2024-12-12T20:09:42.742+0000] {dagbag.py:588} INFO - Filling up the DagBag from /opt/bitnami/airflow/venv/lib/python3.12/site-packages/airflow/example_dags/plugins/workday.py
[2024-12-12T20:09:42.744+0000] {processor.py:927} WARNING - No viable dags retrieved from /opt/bitnami/airflow/venv/lib/python3.12/site-packages/airflow/example_dags/plugins/workday.py
[2024-12-12T20:09:42.756+0000] {processor.py:208} INFO - Processing /opt/bitnami/airflow/venv/lib/python3.12/site-packages/airflow/example_dags/plugins/workday.py took 0.022 seconds
[2024-12-12T20:10:13.561+0000] {processor.py:186} INFO - Started process (PID=210) to work on /opt/bitnami/airflow/venv/lib/python3.12/site-packages/airflow/example_dags/plugins/workday.py
[2024-12-12T20:10:13.562+0000] {processor.py:914} INFO - Processing file /opt/bitnami/airflow/venv/lib/python3.12/site-packages/airflow/example_dags/plugins/workday.py for tasks to queue
[2024-12-12T20:10:13.564+0000] {logging_mixin.py:190} INFO - [2024-12-12T20:10:13.564+0000] {dagbag.py:588} INFO - Filling up the DagBag from /opt/bitnami/airflow/venv/lib/python3.12/site-packages/airflow/example_dags/plugins/workday.py
[2024-12-12T20:10:13.567+0000] {processor.py:927} WARNING - No viable dags retrieved from /opt/bitnami/airflow/venv/lib/python3.12/site-packages/airflow/example_dags/plugins/workday.py
[2024-12-12T20:10:13.582+0000] {processor.py:208} INFO - Processing /opt/bitnami/airflow/venv/lib/python3.12/site-packages/airflow/example_dags/plugins/workday.py took 0.027 seconds
[2024-12-12T20:10:43.810+0000] {processor.py:186} INFO - Started process (PID=267) to work on /opt/bitnami/airflow/venv/lib/python3.12/site-packages/airflow/example_dags/plugins/workday.py
[2024-12-12T20:10:43.812+0000] {processor.py:914} INFO - Processing file /opt/bitnami/airflow/venv/lib/python3.12/site-packages/airflow/example_dags/plugins/workday.py for tasks to queue
[2024-12-12T20:10:43.814+0000] {logging_mixin.py:190} INFO - [2024-12-12T20:10:43.814+0000] {dagbag.py:588} INFO - Filling up the DagBag from /opt/bitnami/airflow/venv/lib/python3.12/site-packages/airflow/example_dags/plugins/workday.py
[2024-12-12T20:10:43.817+0000] {processor.py:927} WARNING - No viable dags retrieved from /opt/bitnami/airflow/venv/lib/python3.12/site-packages/airflow/example_dags/plugins/workday.py
[2024-12-12T20:10:43.833+0000] {processor.py:208} INFO - Processing /opt/bitnami/airflow/venv/lib/python3.12/site-packages/airflow/example_dags/plugins/workday.py took 0.028 seconds
[2024-12-12T20:13:58.710+0000] {processor.py:186} INFO - Started process (PID=96) to work on /opt/bitnami/airflow/venv/lib/python3.12/site-packages/airflow/example_dags/plugins/workday.py
[2024-12-12T20:13:58.711+0000] {processor.py:914} INFO - Processing file /opt/bitnami/airflow/venv/lib/python3.12/site-packages/airflow/example_dags/plugins/workday.py for tasks to queue
[2024-12-12T20:13:58.714+0000] {logging_mixin.py:190} INFO - [2024-12-12T20:13:58.714+0000] {dagbag.py:588} INFO - Filling up the DagBag from /opt/bitnami/airflow/venv/lib/python3.12/site-packages/airflow/example_dags/plugins/workday.py
[2024-12-12T20:13:58.719+0000] {processor.py:927} WARNING - No viable dags retrieved from /opt/bitnami/airflow/venv/lib/python3.12/site-packages/airflow/example_dags/plugins/workday.py
[2024-12-12T20:13:58.808+0000] {processor.py:208} INFO - Processing /opt/bitnami/airflow/venv/lib/python3.12/site-packages/airflow/example_dags/plugins/workday.py took 0.104 seconds
[2024-12-12T20:14:29.338+0000] {processor.py:186} INFO - Started process (PID=153) to work on /opt/bitnami/airflow/venv/lib/python3.12/site-packages/airflow/example_dags/plugins/workday.py
[2024-12-12T20:14:29.340+0000] {processor.py:914} INFO - Processing file /opt/bitnami/airflow/venv/lib/python3.12/site-packages/airflow/example_dags/plugins/workday.py for tasks to queue
[2024-12-12T20:14:29.345+0000] {logging_mixin.py:190} INFO - [2024-12-12T20:14:29.344+0000] {dagbag.py:588} INFO - Filling up the DagBag from /opt/bitnami/airflow/venv/lib/python3.12/site-packages/airflow/example_dags/plugins/workday.py
[2024-12-12T20:14:29.351+0000] {processor.py:927} WARNING - No viable dags retrieved from /opt/bitnami/airflow/venv/lib/python3.12/site-packages/airflow/example_dags/plugins/workday.py
[2024-12-12T20:14:29.405+0000] {processor.py:208} INFO - Processing /opt/bitnami/airflow/venv/lib/python3.12/site-packages/airflow/example_dags/plugins/workday.py took 0.080 seconds
[2024-12-12T20:15:00.553+0000] {processor.py:186} INFO - Started process (PID=210) to work on /opt/bitnami/airflow/venv/lib/python3.12/site-packages/airflow/example_dags/plugins/workday.py
[2024-12-12T20:15:00.555+0000] {processor.py:914} INFO - Processing file /opt/bitnami/airflow/venv/lib/python3.12/site-packages/airflow/example_dags/plugins/workday.py for tasks to queue
[2024-12-12T20:15:00.558+0000] {logging_mixin.py:190} INFO - [2024-12-12T20:15:00.558+0000] {dagbag.py:588} INFO - Filling up the DagBag from /opt/bitnami/airflow/venv/lib/python3.12/site-packages/airflow/example_dags/plugins/workday.py
[2024-12-12T20:15:00.561+0000] {processor.py:927} WARNING - No viable dags retrieved from /opt/bitnami/airflow/venv/lib/python3.12/site-packages/airflow/example_dags/plugins/workday.py
[2024-12-12T20:15:00.594+0000] {processor.py:208} INFO - Processing /opt/bitnami/airflow/venv/lib/python3.12/site-packages/airflow/example_dags/plugins/workday.py took 0.047 seconds
[2024-12-12T20:15:30.990+0000] {processor.py:186} INFO - Started process (PID=267) to work on /opt/bitnami/airflow/venv/lib/python3.12/site-packages/airflow/example_dags/plugins/workday.py
[2024-12-12T20:15:30.991+0000] {processor.py:914} INFO - Processing file /opt/bitnami/airflow/venv/lib/python3.12/site-packages/airflow/example_dags/plugins/workday.py for tasks to queue
[2024-12-12T20:15:30.993+0000] {logging_mixin.py:190} INFO - [2024-12-12T20:15:30.993+0000] {dagbag.py:588} INFO - Filling up the DagBag from /opt/bitnami/airflow/venv/lib/python3.12/site-packages/airflow/example_dags/plugins/workday.py
[2024-12-12T20:15:30.996+0000] {processor.py:927} WARNING - No viable dags retrieved from /opt/bitnami/airflow/venv/lib/python3.12/site-packages/airflow/example_dags/plugins/workday.py
[2024-12-12T20:15:31.086+0000] {processor.py:208} INFO - Processing /opt/bitnami/airflow/venv/lib/python3.12/site-packages/airflow/example_dags/plugins/workday.py took 0.101 seconds
